0	00:00:03.043	EA31337 EURUSD,M1: == New hour: 0
0	00:00:03.059	EA31337 EURUSD,M1: == New day (day of month: 21; day of year: 355) ==
0	00:00:03.059	EA31337 EURUSD,M1: Daily max: Tick: 7.8; Spread: 121; Max orders: 30; Loss: 0; Profit: 0; Equity: 2350.36; Balance: 2128.48; 
0	00:00:03.059	EA31337 EURUSD,M1: Daily SAR stats: Period: 0, Buy: 4 / Sell: 17; Period: 1, Buy: 8 / Sell: 10; Period: 2, Buy: 1 / Sell: 28; Period: 3, Buy: 8 / Sell: 0; Period: 4, Buy: 0 / Sell: 0; Period: 5, Buy: 0 / Sell: 0; Period: 6, Buy: 0 / Sell: 0; Period: 7, Buy: 0 / Sell: 0; Period: 8, Buy: 0 / Sell: 0; 
0	00:00:03.059	EA31337 EURUSD,M1: Daily strategy stats: 
0	01:00:18.139	EA31337 EURUSD,M1: == New hour: 1
2	01:21:21.765	EA31337 EURUSD,M1: modify #44506819 buy 0.01 EURUSD at 1.08361 sl: 1.07941 tp: 1.09199 ok
2	01:21:22.140	EA31337 EURUSD,M1: modify #44570497 buy 0.01 EURUSD at 1.08631 sl: 1.08217 tp: 1.09199 ok
2	01:25:04.765	EA31337 EURUSD,M1: modify #44506819 buy 0.01 EURUSD at 1.08361 sl: 1.07941 tp: 1.09202 ok
2	01:25:05.108	EA31337 EURUSD,M1: modify #44506882 buy 0.01 EURUSD at 1.08389 sl: 1.07964 tp: 1.09206 ok
2	01:25:05.484	EA31337 EURUSD,M1: modify #44570497 buy 0.01 EURUSD at 1.08631 sl: 1.08217 tp: 1.09206 ok
2	01:26:23.530	EA31337 EURUSD,M1: modify #44506819 buy 0.01 EURUSD at 1.08361 sl: 1.07941 tp: 1.09258 ok
2	01:26:24.046	EA31337 EURUSD,M1: modify #44506882 buy 0.01 EURUSD at 1.08389 sl: 1.07964 tp: 1.09258 ok
2	01:26:24.468	EA31337 EURUSD,M1: modify #44570497 buy 0.01 EURUSD at 1.08631 sl: 1.08217 tp: 1.09258 ok
2	01:28:29.390	EA31337 EURUSD,M1: modify #44506819 buy 0.01 EURUSD at 1.08361 sl: 1.07941 tp: 1.09277 ok
2	01:28:29.749	EA31337 EURUSD,M1: modify #44506882 buy 0.01 EURUSD at 1.08389 sl: 1.07964 tp: 1.09277 ok
2	01:28:30.077	EA31337 EURUSD,M1: modify #44570497 buy 0.01 EURUSD at 1.08631 sl: 1.08217 tp: 1.09277 ok
2	01:29:59.859	EA31337 EURUSD,M1: modify #44570223 buy 0.01 EURUSD at 1.08596 sl: 1.08175 tp: 1.08875 ok
2	01:34:12.187	EA31337 EURUSD,M1: modify #44570223 buy 0.01 EURUSD at 1.08596 sl: 1.08175 tp: 1.08893 ok
0	02:00:06.297	EA31337 EURUSD,M1: == New hour: 2
0	03:37:48.706	EA31337 EURUSD,M1: == New hour: 3
0	04:01:36.770	EA31337 EURUSD,M1: == New hour: 4
0	05:06:38.459	EA31337 EURUSD,M1: == New hour: 5
0	06:00:03.945	EA31337 EURUSD,M1: == New hour: 6
0	07:00:03.619	EA31337 EURUSD,M1: == New hour: 7
2	07:37:43.901	EA31337 EURUSD,M1: modify #44506819 buy 0.01 EURUSD at 1.08361 sl: 1.07941 tp: 1.09278 ok
2	07:37:44.104	EA31337 EURUSD,M1: modify #44506882 buy 0.01 EURUSD at 1.08389 sl: 1.07964 tp: 1.09279 ok
2	07:37:44.514	EA31337 EURUSD,M1: modify #44570497 buy 0.01 EURUSD at 1.08631 sl: 1.08217 tp: 1.09279 ok
0	07:41:17.543	EA31337 EURUSD,M1: OpenOrderIsAllowed(): Maximum open and pending orders reached the limit (MaxOrders).
2	07:52:18.396	EA31337 EURUSD,M1: modify #44570223 buy 0.01 EURUSD at 1.08596 sl: 1.08175 tp: 1.08895 ok
2	07:52:52.308	EA31337 EURUSD,M1: modify #44570223 buy 0.01 EURUSD at 1.08596 sl: 1.08175 tp: 1.08906 ok
0	08:00:55.010	EA31337 EURUSD,M1: == New hour: 8
2	08:30:14.116	EA31337 EURUSD,M1: modify #44570223 buy 0.01 EURUSD at 1.08596 sl: 1.08175 tp: 1.08909 ok
2	08:36:21.722	EA31337 EURUSD,M1: modify #44570223 buy 0.01 EURUSD at 1.08596 sl: 1.08175 tp: 1.08920 ok
0	09:04:26.446	EA31337 EURUSD,M1: == New hour: 9
0	10:01:11.273	EA31337 EURUSD,M1: == New hour: 10
0	11:00:34.786	EA31337 EURUSD,M1: == New hour: 11
0	12:05:47.529	EA31337 EURUSD,M1: == New hour: 12
0	13:02:48.362	EA31337 EURUSD,M1: == New hour: 13
0	13:45:03.133	EA31337 EURUSD,M1: ExecuteOrder(): MarketInfo: Symbol: EURUSD; Ask: 1.08877; Bid: 1.08855; Spread: 22 points = 2.2 pips; 
2	13:45:23.078	EA31337 EURUSD,M1: open #44596880 buy 0.01 EURUSD at 1.08887 sl: 1.08455 ok
0	13:45:23.078	EA31337 EURUSD,M1: #44596880 2015.12.21 13:45:19 buy 0.01 EURUSD 1.08887 1.08455 0.00000 1.08864 0.00 0.00 -0.23 | spread: 2.5 31349
0	13:45:23.118	EA31337 EURUSD,M1: ExecuteOrder(): Order Details: Ticket: 44596880; Time: 2015.12.21 13:44:18; Comment: | spread: 2.5; Commision: 0; Symbol: EURUSD; Type: Buy; Expiration: 0; Open Price: 1.08887; Close Price: 1.08864; Take Profit: -0.23; Stop Loss: 1.0845; Swap: 0; Lot size: 0.01; Account Details: Time: 2015.12.21 13:44:18; Account Balance: $2131.69; Account Equity: $2274.33; Used Margin: $300.00; Free Margin: $1974.33; No of Orders: 30 (BUY/SELL: 4/26); Risk Ratio: 0.9
0	13:45:42.978	EA31337 EURUSD,M1: OpenOrderIsAllowed(): Maximum open and pending orders reached the limit (MaxOrders).
0	13:45:47.817	EA31337 EURUSD,M1: OpenOrderIsAllowed(): Maximum open and pending orders reached the limit (MaxOrders).
0	13:47:31.673	EA31337 EURUSD,M1: OpenOrderIsAllowed(): Maximum open and pending orders reached the limit (MaxOrders).
0	13:47:31.673	EA31337 EURUSD,M1: OpenOrderIsAllowed(): Maximum open and pending orders reached the limit (MaxOrders).
0	13:47:31.673	EA31337 EURUSD,M1: OpenOrderIsAllowed(): Maximum open and pending orders reached the limit (MaxOrders).
0	13:48:09.473	EA31337 EURUSD,M1: OpenOrderIsAllowed(): Maximum open and pending orders reached the limit (MaxOrders).
0	13:48:09.473	EA31337 EURUSD,M1: OpenOrderIsAllowed(): Maximum open and pending orders reached the limit (MaxOrders).
0	13:48:09.475	EA31337 EURUSD,M1: OpenOrderIsAllowed(): Maximum open and pending orders reached the limit (MaxOrders).
2	13:48:16.922	EA31337 EURUSD,M1: modify #44506819 buy 0.01 EURUSD at 1.08361 sl: 1.07941 tp: 1.09383 ok
2	13:48:17.328	EA31337 EURUSD,M1: modify #44506882 buy 0.01 EURUSD at 1.08389 sl: 1.07964 tp: 1.09385 ok
2	13:48:17.698	EA31337 EURUSD,M1: modify #44570497 buy 0.01 EURUSD at 1.08631 sl: 1.08217 tp: 1.09385 ok
2	13:48:18.383	EA31337 EURUSD,M1: modify #44596880 buy 0.01 EURUSD at 1.08887 sl: 1.08455 tp: 1.09324 ok
0	13:48:18.383	EA31337 EURUSD,M1: UpdateStats(): Market sudden drop of 10.5 pips detected!
0	13:49:34.751	EA31337 EURUSD,M1: OpenOrderIsAllowed(): Maximum open and pending orders reached the limit (MaxOrders).
0	13:49:34.751	EA31337 EURUSD,M1: OpenOrderIsAllowed(): Maximum open and pending orders reached the limit (MaxOrders).
0	13:51:05.944	EA31337 EURUSD,M1: OpenOrderIsAllowed(): Maximum open and pending orders reached the limit (MaxOrders).
0	13:51:05.944	EA31337 EURUSD,M1: OpenOrderIsAllowed(): Maximum open and pending orders reached the limit (MaxOrders).
0	13:51:11.499	EA31337 EURUSD,M1: OpenOrderIsAllowed(): Maximum open and pending orders reached the limit (MaxOrders).
0	13:51:46.972	EA31337 EURUSD,M1: OpenOrderIsAllowed(): Maximum open and pending orders reached the limit (MaxOrders).
0	13:51:46.972	EA31337 EURUSD,M1: OpenOrderIsAllowed(): Maximum open and pending orders reached the limit (MaxOrders).
0	13:51:46.972	EA31337 EURUSD,M1: OpenOrderIsAllowed(): Maximum open and pending orders reached the limit (MaxOrders).
0	13:51:46.972	EA31337 EURUSD,M1: OpenOrderIsAllowed(): Maximum open and pending orders reached the limit (MaxOrders).
2	13:51:47.869	EA31337 EURUSD,M1: modify #44506819 buy 0.01 EURUSD at 1.08361 sl: 1.07941 tp: 1.09387 ok
0	13:52:50.861	EA31337 EURUSD,M1: OpenOrderIsAllowed(): Maximum open and pending orders reached the limit (MaxOrders).
2	13:54:28.716	EA31337 EURUSD,M1: close #44498747 sell 0.01 EURUSD at 1.09099 sl: 1.09522 tp: 1.05892 at price 1.08923
0	13:54:28.716	EA31337 EURUSD,M1: CloseOrder(): Closed order 44498747 with profit 1.71 pips, reason: None (inactive); Order Details: Ticket: 44498747; Time: 2015.12.21 13:52:22; Comment: | spread: 2.1; Commision: 0; Symbol: EURUSD; Type: Sell; Expiration: 0; Open Price: 1.09099; Close Price: 1.08923; Take Profit: 1.76; Stop Loss: 1.0952; Swap: 0.05; Lot size: 0.01; 
0	13:54:28.744	EA31337 EURUSD,M1: ExecuteOrder(): MarketInfo: Symbol: EURUSD; Ask: 1.08923; Bid: 1.08903; Spread: 20 points = 2 pips; 
2	13:54:29.296	EA31337 EURUSD,M1: open #44597170 buy 0.01 EURUSD at 1.08923 sl: 1.08503 tp: 1.09363 ok
0	13:54:29.296	EA31337 EURUSD,M1: #44597170 2015.12.21 13:54:25 buy 0.01 EURUSD 1.08923 1.08503 1.09363 1.08903 0.00 0.00 -0.20 | spread: 2.3 31411
0	13:54:29.328	EA31337 EURUSD,M1: ExecuteOrder(): Order Details: Ticket: 44597170; Time: 2015.12.21 13:52:22; Comment: | spread: 2.3; Commision: 0; Symbol: EURUSD; Type: Buy; Expiration: 0; Open Price: 1.08923; Close Price: 1.08903; Take Profit: -0.2; Stop Loss: 1.085; Swap: 0; Lot size: 0.01; Account Details: Time: 2015.12.21 13:52:22; Account Balance: $2133.50; Account Equity: $2266.34; Used Margin: $300.00; Free Margin: $1966.34; No of Orders: 30 (BUY/SELL: 5/25); Risk Ratio: 0.9
0	13:54:29.328	EA31337 EURUSD,M1: CloseOrdersByType():Closed 1 orders (1, 71) on market change with total profit of : -0.2 pips (0 failed)
0	13:54:29.328	EA31337 EURUSD,M1: OpenOrderIsAllowed(): Maximum open and pending orders reached the limit (MaxOrders).
0	13:54:30.335	EA31337 EURUSD,M1: OpenOrderIsAllowed(): Maximum open and pending orders reached the limit (MaxOrders).
0	13:54:30.335	EA31337 EURUSD,M1: OpenOrderIsAllowed(): Maximum open and pending orders reached the limit (MaxOrders).
0	13:54:30.335	EA31337 EURUSD,M1: OpenOrderIsAllowed(): Maximum open and pending orders reached the limit (MaxOrders).
0	13:55:22.511	EA31337 EURUSD,M1: OpenOrderIsAllowed(): Maximum open and pending orders reached the limit (MaxOrders).
0	13:55:22.511	EA31337 EURUSD,M1: OpenOrderIsAllowed(): Maximum open and pending orders reached the limit (MaxOrders).
0	13:55:22.511	EA31337 EURUSD,M1: OpenOrderIsAllowed(): Maximum open and pending orders reached the limit (MaxOrders).
0	13:55:22.511	EA31337 EURUSD,M1: OpenOrderIsAllowed(): Maximum open and pending orders reached the limit (MaxOrders).
2	13:55:37.569	EA31337 EURUSD,M1: modify #44597170 buy 0.01 EURUSD at 1.08923 sl: 1.08503 tp: 1.09376 ok
0	13:56:11.600	EA31337 EURUSD,M1: OpenOrderIsAllowed(): Maximum open and pending orders reached the limit (MaxOrders).
0	13:56:17.825	EA31337 EURUSD,M1: OpenOrderIsAllowed(): Maximum open and pending orders reached the limit (MaxOrders).
0	13:56:17.857	EA31337 EURUSD,M1: OpenOrderIsAllowed(): Maximum open and pending orders reached the limit (MaxOrders).
0	13:57:50.361	EA31337 EURUSD,M1: OpenOrderIsAllowed(): Maximum open and pending orders reached the limit (MaxOrders).
0	13:57:50.393	EA31337 EURUSD,M1: OpenOrderIsAllowed(): Maximum open and pending orders reached the limit (MaxOrders).
0	13:57:50.393	EA31337 EURUSD,M1: OpenOrderIsAllowed(): Maximum open and pending orders reached the limit (MaxOrders).
0	13:57:50.393	EA31337 EURUSD,M1: OpenOrderIsAllowed(): Maximum open and pending orders reached the limit (MaxOrders).
0	13:58:45.526	EA31337 EURUSD,M1: OpenOrderIsAllowed(): Maximum open and pending orders reached the limit (MaxOrders).
0	13:58:45.526	EA31337 EURUSD,M1: OpenOrderIsAllowed(): Maximum open and pending orders reached the limit (MaxOrders).
0	13:58:45.526	EA31337 EURUSD,M1: OpenOrderIsAllowed(): Maximum open and pending orders reached the limit (MaxOrders).
0	13:58:45.526	EA31337 EURUSD,M1: OpenOrderIsAllowed(): Maximum open and pending orders reached the limit (MaxOrders).
2	13:59:29.502	EA31337 EURUSD,M1: modify #44506819 buy 0.01 EURUSD at 1.08361 sl: 1.07941 tp: 1.09393 ok
2	13:59:30.597	EA31337 EURUSD,M1: modify #44506882 buy 0.01 EURUSD at 1.08389 sl: 1.07964 tp: 1.09393 ok
2	13:59:31.210	EA31337 EURUSD,M1: modify #44570497 buy 0.01 EURUSD at 1.08631 sl: 1.08217 tp: 1.09393 ok
2	13:59:31.697	EA31337 EURUSD,M1: modify #44597170 buy 0.01 EURUSD at 1.08923 sl: 1.08503 tp: 1.09393 ok
0	14:00:08.710	EA31337 EURUSD,M1: OpenOrderIsAllowed(): Maximum open and pending orders reached the limit (MaxOrders).
2	14:01:39.039	EA31337 EURUSD,M1: modify #44506819 buy 0.01 EURUSD at 1.08361 sl: 1.07941 tp: 1.09507 ok
2	14:01:39.526	EA31337 EURUSD,M1: modify #44506882 buy 0.01 EURUSD at 1.08389 sl: 1.07964 tp: 1.09506 ok
2	14:01:39.932	EA31337 EURUSD,M1: modify #44570497 buy 0.01 EURUSD at 1.08631 sl: 1.08217 tp: 1.09508 ok
2	14:01:40.541	EA31337 EURUSD,M1: modify #44597170 buy 0.01 EURUSD at 1.08923 sl: 1.08503 tp: 1.09507 ok
0	14:01:46.043	EA31337 EURUSD,M1: == New hour: 14
0	14:04:00.042	EA31337 EURUSD,M1: OpenOrderIsAllowed(): MACD M1: Maximum open and pending orders per type reached the limit (MaxOrdersPerType).
0	14:04:57.712	EA31337 EURUSD,M1: ExecuteOrder(): MarketInfo: Symbol: EURUSD; Ask: 1.09003; Bid: 1.08985; Spread: 18 points = 1.8 pips; 
2	14:04:58.199	EA31337 EURUSD,M1: open #44597807 sell 0.01 EURUSD at 1.08984 sl: 1.09403 tp: 1.08545 ok
0	14:04:58.199	EA31337 EURUSD,M1: #44597807 2015.12.21 14:04:54 sell 0.01 EURUSD 1.08984 1.09403 1.08545 1.09003 0.00 0.00 -0.19 | spread: 2.2 31429
0	14:04:58.199	EA31337 EURUSD,M1: ExecuteOrder(): Order Details: Ticket: 44597807; Time: 2015.12.21 14:01:42; Comment: | spread: 2.2; Commision: 0; Symbol: EURUSD; Type: Sell; Expiration: 0; Open Price: 1.08984; Close Price: 1.09003; Take Profit: -0.19; Stop Loss: 1.094; Swap: 0; Lot size: 0.01; Account Details: Time: 2015.12.21 14:01:42; Account Balance: $2129.29; Account Equity: $2250.50; Used Margin: $300.00; Free Margin: $1950.50; No of Orders: 30 (BUY/SELL: 5/25); Risk Ratio: 0.9
0	14:04:58.199	EA31337 EURUSD,M1: OpenOrderIsAllowed(): Maximum open and pending orders reached the limit (MaxOrders).
0	14:04:58.199	EA31337 EURUSD,M1: OpenOrderIsAllowed(): Maximum open and pending orders reached the limit (MaxOrders).
0	14:04:58.930	EA31337 EURUSD,M1: OpenOrderIsAllowed(): Maximum open and pending orders reached the limit (MaxOrders).
0	14:04:58.930	EA31337 EURUSD,M1: OpenOrderIsAllowed(): Maximum open and pending orders reached the limit (MaxOrders).
0	14:04:58.971	EA31337 EURUSD,M1: OpenOrderIsAllowed(): Maximum open and pending orders reached the limit (MaxOrders).
2	14:04:59.421	EA31337 EURUSD,M1: modify #44597807 sell 0.01 EURUSD at 1.08984 sl: 1.09403 tp: 1.08544 ok
0	14:05:51.328	EA31337 EURUSD,M1: OpenOrderIsAllowed(): Maximum open and pending orders reached the limit (MaxOrders).
0	14:05:51.328	EA31337 EURUSD,M1: OpenOrderIsAllowed(): Maximum open and pending orders reached the limit (MaxOrders).
0	14:05:51.368	EA31337 EURUSD,M1: OpenOrderIsAllowed(): Maximum open and pending orders reached the limit (MaxOrders).
0	14:05:51.368	EA31337 EURUSD,M1: OpenOrderIsAllowed(): Maximum open and pending orders reached the limit (MaxOrders).
0	14:05:51.368	EA31337 EURUSD,M1: OpenOrderIsAllowed(): Maximum open and pending orders reached the limit (MaxOrders).
0	14:07:16.507	EA31337 EURUSD,M1: OpenOrderIsAllowed(): Maximum open and pending orders reached the limit (MaxOrders).
0	14:08:44.870	EA31337 EURUSD,M1: OpenOrderIsAllowed(): Maximum open and pending orders reached the limit (MaxOrders).
0	14:08:44.870	EA31337 EURUSD,M1: OpenOrderIsAllowed(): Maximum open and pending orders reached the limit (MaxOrders).
0	14:08:45.482	EA31337 EURUSD,M1: OpenOrderIsAllowed(): Maximum open and pending orders reached the limit (MaxOrders).
0	14:08:45.482	EA31337 EURUSD,M1: OpenOrderIsAllowed(): Maximum open and pending orders reached the limit (MaxOrders).
0	14:08:45.523	EA31337 EURUSD,M1: OpenOrderIsAllowed(): Maximum open and pending orders reached the limit (MaxOrders).
0	14:09:39.970	EA31337 EURUSD,M1: OpenOrderIsAllowed(): Maximum open and pending orders reached the limit (MaxOrders).
2	14:11:17.538	EA31337 EURUSD,M1: modify #44597807 sell 0.01 EURUSD at 1.08984 sl: 1.09403 tp: 1.08505 ok
2	14:20:26.804	EA31337 EURUSD,M1: modify #44597807 sell 0.01 EURUSD at 1.08984 sl: 1.09403 tp: 1.08504 ok
2	14:22:34.780	EA31337 EURUSD,M1: modify #44597807 sell 0.01 EURUSD at 1.08984 sl: 1.09403 tp: 1.08475 ok
2	14:27:37.438	EA31337 EURUSD,M1: modify #44597807 sell 0.01 EURUSD at 1.08984 sl: 1.09403 tp: 1.08433 ok
2	14:32:34.789	EA31337 EURUSD,M1: modify #44597807 sell 0.01 EURUSD at 1.08984 sl: 1.09403 tp: 1.08430 ok
2	14:35:53.770	EA31337 EURUSD,M1: modify #44597807 sell 0.01 EURUSD at 1.08984 sl: 1.09403 tp: 1.08414 ok
2	14:48:33.299	EA31337 EURUSD,M1: modify #44597807 sell 0.01 EURUSD at 1.08984 sl: 1.09403 tp: 1.08410 ok
0	15:00:50.316	EA31337 EURUSD,M1: == New hour: 15
2	15:22:50.323	EA31337 EURUSD,M1: modify #44506882 buy 0.01 EURUSD at 1.08389 sl: 1.07964 tp: 1.09507 ok
2	15:28:04.541	EA31337 EURUSD,M1: modify #44506819 buy 0.01 EURUSD at 1.08361 sl: 1.07941 tp: 1.09565 ok
2	15:28:04.947	EA31337 EURUSD,M1: modify #44506882 buy 0.01 EURUSD at 1.08389 sl: 1.07964 tp: 1.09566 ok
2	15:28:08.814	EA31337 EURUSD,M1: modify #44570497 buy 0.01 EURUSD at 1.08631 sl: 1.08217 tp: 1.09567 ok
2	15:28:09.306	EA31337 EURUSD,M1: modify #44597170 buy 0.01 EURUSD at 1.08923 sl: 1.08503 tp: 1.09567 ok
0	15:30:45.629	EA31337 EURUSD,M1: ExecuteOrder(): MarketInfo: Symbol: EURUSD; Ask: 1.09116; Bid: 1.09096; Spread: 20 points = 2 pips; 
2	15:30:46.152	EA31337 EURUSD,M1: open #44600586 sell 0.01 EURUSD at 1.09099 sl: 1.09516 tp: 1.08656 ok
0	15:30:46.152	EA31337 EURUSD,M1: #44600586 2015.12.21 15:30:42 sell 0.01 EURUSD 1.09099 1.09516 1.08656 1.09119 0.00 0.00 -0.20 | spread: 2.2 31409
0	15:30:46.152	EA31337 EURUSD,M1: ExecuteOrder(): Order Details: Ticket: 44600586; Time: 2015.12.21 15:28:09; Comment: | spread: 2.2; Commision: 0; Symbol: EURUSD; Type: Sell; Expiration: 0; Open Price: 1.09099; Close Price: 1.09119; Take Profit: -0.2; Stop Loss: 1.0952; Swap: 0; Lot size: 0.01; Account Details: Time: 2015.12.21 15:28:09; Account Balance: $2112.40; Account Equity: $2227.04; Used Margin: $270.00; Free Margin: $1957.04; No of Orders: 27 (BUY/SELL: 5/22); Risk Ratio: 0.9
2	15:32:56.400	EA31337 EURUSD,M1: modify #44600586 sell 0.01 EURUSD at 1.09099 sl: 1.09516 tp: 1.08655 ok
0	15:34:16.700	EA31337 EURUSD,M1: OpenOrderIsAllowed(): Fractals M1: Maximum open and pending orders per type reached the limit (MaxOrdersPerType).
0	15:35:06.051	EA31337 EURUSD,M1: OpenOrderIsAllowed(): MACD M1: Maximum open and pending orders per type reached the limit (MaxOrdersPerType).
2	15:36:42.610	EA31337 EURUSD,M1: modify #44600586 sell 0.01 EURUSD at 1.09099 sl: 1.09516 tp: 1.08603 ok
0	15:38:03.580	EA31337 EURUSD,M1: OpenOrderIsAllowed(): DeMarker M5: Maximum open and pending orders per type reached the limit (MaxOrdersPerType).
0	15:38:09.627	EA31337 EURUSD,M1: ExecuteOrder(): MarketInfo: Symbol: EURUSD; Ask: 1.09147; Bid: 1.09125; Spread: 22 points = 2.2 pips; 
2	15:38:10.443	EA31337 EURUSD,M1: open #44600854 sell 0.01 EURUSD at 1.09125 sl: 1.09547 tp: 1.08685 ok
0	15:38:10.443	EA31337 EURUSD,M1: #44600854 2015.12.21 15:38:06 sell 0.01 EURUSD 1.09125 1.09547 1.08685 1.09147 0.00 0.00 -0.22 | spread: 2.2 31386
0	15:38:10.443	EA31337 EURUSD,M1: ExecuteOrder(): Order Details: Ticket: 44600854; Time: 2015.12.21 15:37:01; Comment: | spread: 2.2; Commision: 0; Symbol: EURUSD; Type: Sell; Expiration: 0; Open Price: 1.09125; Close Price: 1.09147; Take Profit: -0.22; Stop Loss: 1.0955; Swap: 0; Lot size: 0.01; Account Details: Time: 2015.12.21 15:37:01; Account Balance: $2112.40; Account Equity: $2221.96; Used Margin: $280.00; Free Margin: $1941.96; No of Orders: 28 (BUY/SELL: 5/23); Risk Ratio: 0.9
0	15:39:40.908	EA31337 EURUSD,M1: OpenOrderIsAllowed(): MACD M1: Maximum open and pending orders per type reached the limit (MaxOrdersPerType).
2	15:40:31.205	EA31337 EURUSD,M1: modify #44506819 buy 0.01 EURUSD at 1.08361 sl: 1.07941 tp: 1.09578 ok
2	15:40:31.692	EA31337 EURUSD,M1: modify #44506882 buy 0.01 EURUSD at 1.08389 sl: 1.07964 tp: 1.09578 ok
2	15:40:32.088	EA31337 EURUSD,M1: modify #44570497 buy 0.01 EURUSD at 1.08631 sl: 1.08217 tp: 1.09578 ok
2	15:40:32.475	EA31337 EURUSD,M1: modify #44597170 buy 0.01 EURUSD at 1.08923 sl: 1.08503 tp: 1.09578 ok
2	15:40:33.026	EA31337 EURUSD,M1: modify #44600854 sell 0.01 EURUSD at 1.09125 sl: 1.09547 tp: 1.08677 ok
0	15:43:48.952	EA31337 EURUSD,M1: OpenOrderIsAllowed(): Envelopes M5: Maximum open and pending orders per type reached the limit (MaxOrdersPerType).
0	15:43:48.952	EA31337 EURUSD,M1: ExecuteOrder(): MarketInfo: Symbol: EURUSD; Ask: 1.09138; Bid: 1.09118; Spread: 20 points = 2 pips; 
2	15:43:49.374	EA31337 EURUSD,M1: open #44600990 sell 0.01 EURUSD at 1.09118 sl: 1.09538 tp: 1.08678 ok
0	15:43:49.374	EA31337 EURUSD,M1: #44600990 2015.12.21 15:43:45 sell 0.01 EURUSD 1.09118 1.09538 1.08678 1.09138 0.00 0.00 -0.20 | spread: 2.0 31387
0	15:43:49.374	EA31337 EURUSD,M1: ExecuteOrder(): Order Details: Ticket: 44600990; Time: 2015.12.21 15:43:21; Comment: | spread: 2.0; Commision: 0; Symbol: EURUSD; Type: Sell; Expiration: 0; Open Price: 1.09118; Close Price: 1.09138; Take Profit: -0.2; Stop Loss: 1.0954; Swap: 0; Lot size: 0.01; Account Details: Time: 2015.12.21 15:43:21; Account Balance: $2112.40; Account Equity: $2223.48; Used Margin: $290.00; Free Margin: $1933.48; No of Orders: 29 (BUY/SELL: 5/24); Risk Ratio: 0.9
0	15:44:40.705	EA31337 EURUSD,M1: OpenOrderIsAllowed(): MACD M1: Maximum open and pending orders per type reached the limit (MaxOrdersPerType).
2	15:45:09.105	EA31337 EURUSD,M1: modify #44506819 buy 0.01 EURUSD at 1.08361 sl: 1.07941 tp: 1.09592 ok
2	15:45:09.551	EA31337 EURUSD,M1: modify #44506882 buy 0.01 EURUSD at 1.08389 sl: 1.07964 tp: 1.09592 ok
2	15:45:10.002	EA31337 EURUSD,M1: modify #44570497 buy 0.01 EURUSD at 1.08631 sl: 1.08217 tp: 1.09593 ok
2	15:45:10.407	EA31337 EURUSD,M1: modify #44597170 buy 0.01 EURUSD at 1.08923 sl: 1.08503 tp: 1.09593 ok
0	15:46:46.755	EA31337 EURUSD,M1: OpenOrderIsAllowed(): Envelopes M5: Maximum open and pending orders per type reached the limit (MaxOrdersPerType).
0	15:46:46.755	EA31337 EURUSD,M1: OpenOrderIsAllowed(): Envelopes M15: Maximum open and pending orders per type reached the limit (MaxOrdersPerType).
0	15:47:01.972	EA31337 EURUSD,M1: OpenOrderIsAllowed(): MACD M1: Maximum open and pending orders per type reached the limit (MaxOrdersPerType).
2	15:47:22.640	EA31337 EURUSD,M1: modify #44506819 buy 0.01 EURUSD at 1.08361 sl: 1.07941 tp: 1.09593 ok
2	15:47:23.208	EA31337 EURUSD,M1: modify #44506882 buy 0.01 EURUSD at 1.08389 sl: 1.07964 tp: 1.09595 ok
2	15:47:23.654	EA31337 EURUSD,M1: modify #44570497 buy 0.01 EURUSD at 1.08631 sl: 1.08217 tp: 1.09595 ok
2	15:47:24.178	EA31337 EURUSD,M1: modify #44597170 buy 0.01 EURUSD at 1.08923 sl: 1.08503 tp: 1.09594 ok
0	15:49:27.425	EA31337 EURUSD,M1: OpenOrderIsAllowed(): Envelopes M5: Maximum open and pending orders per type reached the limit (MaxOrdersPerType).
0	15:49:27.466	EA31337 EURUSD,M1: OpenOrderIsAllowed(): Envelopes M15: Maximum open and pending orders per type reached the limit (MaxOrdersPerType).
0	15:50:02.537	EA31337 EURUSD,M1: OpenOrderIsAllowed(): MACD M1: Maximum open and pending orders per type reached the limit (MaxOrdersPerType).
2	15:51:02.380	EA31337 EURUSD,M1: modify #44506819 buy 0.01 EURUSD at 1.08361 sl: 1.07941 tp: 1.09617 ok
2	15:51:02.830	EA31337 EURUSD,M1: modify #44506882 buy 0.01 EURUSD at 1.08389 sl: 1.07964 tp: 1.09617 ok
2	15:51:03.402	EA31337 EURUSD,M1: modify #44570497 buy 0.01 EURUSD at 1.08631 sl: 1.08217 tp: 1.09617 ok
2	15:51:03.844	EA31337 EURUSD,M1: modify #44597170 buy 0.01 EURUSD at 1.08923 sl: 1.08503 tp: 1.09616 ok
0	15:53:08.269	EA31337 EURUSD,M1: OpenOrderIsAllowed(): DeMarker M5: Maximum open and pending orders per type reached the limit (MaxOrdersPerType).
0	15:53:08.269	EA31337 EURUSD,M1: ExecuteOrder(): MarketInfo: Symbol: EURUSD; Ask: 1.09195; Bid: 1.09173; Spread: 22 points = 2.2 pips; 
2	15:53:08.800	EA31337 EURUSD,M1: open #44601376 sell 0.01 EURUSD at 1.09175 sl: 1.09595 tp: 1.08733 ok
0	15:53:08.800	EA31337 EURUSD,M1: #44601376 2015.12.21 15:53:04 sell 0.01 EURUSD 1.09175 1.09595 1.08733 1.09198 0.00 0.00 -0.23 | spread: 2.1 31383
0	15:53:08.800	EA31337 EURUSD,M1: ExecuteOrder(): Order Details: Ticket: 44601376; Time: 2015.12.21 15:51:18; Comment: | spread: 2.1; Commision: 0; Symbol: EURUSD; Type: Sell; Expiration: 0; Open Price: 1.09175; Close Price: 1.09198; Take Profit: -0.23; Stop Loss: 1.096; Swap: 0; Lot size: 0.01; Account Details: Time: 2015.12.21 15:51:18; Account Balance: $2103.90; Account Equity: $2212.06; Used Margin: $280.00; Free Margin: $1932.06; No of Orders: 28 (BUY/SELL: 5/23); Risk Ratio: 0.9
0	15:53:14.300	EA31337 EURUSD,M1: OpenOrderIsAllowed(): Envelopes M5: Maximum open and pending orders per type reached the limit (MaxOrdersPerType).
0	15:53:14.300	EA31337 EURUSD,M1: OpenOrderIsAllowed(): Envelopes M15: Maximum open and pending orders per type reached the limit (MaxOrdersPerType).
0	15:54:08.740	EA31337 EURUSD,M1: OpenOrderIsAllowed(): MACD M1: Maximum open and pending orders per type reached the limit (MaxOrdersPerType).
2	15:56:35.410	EA31337 EURUSD,M1: modify #44601376 sell 0.01 EURUSD at 1.09175 sl: 1.09595 tp: 1.08715 ok
0	15:57:10.835	EA31337 EURUSD,M1: OpenOrderIsAllowed(): Envelopes M5: Maximum open and pending orders per type reached the limit (MaxOrdersPerType).
0	15:57:10.835	EA31337 EURUSD,M1: OpenOrderIsAllowed(): Envelopes M15: Maximum open and pending orders per type reached the limit (MaxOrdersPerType).
0	15:57:12.747	EA31337 EURUSD,M1: OpenOrderIsAllowed(): MACD M1: Maximum open and pending orders per type reached the limit (MaxOrdersPerType).
2	15:58:57.894	EA31337 EURUSD,M1: modify #44597170 buy 0.01 EURUSD at 1.08923 sl: 1.08503 tp: 1.09617 ok
0	16:00:11.381	EA31337 EURUSD,M1: ExecuteOrder(): MarketInfo: Symbol: EURUSD; Ask: 1.09218; Bid: 1.09197; Spread: 21 points = 2.1 pips; 
2	16:00:11.872	EA31337 EURUSD,M1: open #44601920 sell 0.01 EURUSD at 1.09194 sl: 1.09618 tp: 1.08757 ok
0	16:00:11.872	EA31337 EURUSD,M1: #44601920 2015.12.21 16:00:07 sell 0.01 EURUSD 1.09194 1.09618 1.08757 1.09215 0.00 0.00 -0.21 | spread: 2.1 31381
0	16:00:11.872	EA31337 EURUSD,M1: ExecuteOrder(): Order Details: Ticket: 44601920; Time: 2015.12.21 15:59:12; Comment: | spread: 2.1; Commision: 0; Symbol: EURUSD; Type: Sell; Expiration: 0; Open Price: 1.09194; Close Price: 1.09215; Take Profit: -0.21; Stop Loss: 1.0962; Swap: 0; Lot size: 0.01; Account Details: Time: 2015.12.21 15:59:12; Account Balance: $2103.90; Account Equity: $2208.89; Used Margin: $290.00; Free Margin: $1918.89; No of Orders: 29 (BUY/SELL: 5/24); Risk Ratio: 0.9
0	16:00:11.872	EA31337 EURUSD,M1: OpenOrderIsAllowed(): DeMarker M15: Maximum open and pending orders per type reached the limit (MaxOrdersPerType).
0	16:00:11.913	EA31337 EURUSD,M1: OpenOrderIsAllowed(): Envelopes M5: Maximum open and pending orders per type reached the limit (MaxOrdersPerType).
0	16:00:11.913	EA31337 EURUSD,M1: OpenOrderIsAllowed(): Envelopes M15: Maximum open and pending orders per type reached the limit (MaxOrdersPerType).
0	16:01:14.990	EA31337 EURUSD,M1: OpenOrderIsAllowed(): MACD M1: Maximum open and pending orders per type reached the limit (MaxOrdersPerType).
2	16:02:50.155	EA31337 EURUSD,M1: modify #44601376 sell 0.01 EURUSD at 1.09175 sl: 1.09595 tp: 1.08713 ok
2	16:02:50.642	EA31337 EURUSD,M1: modify #44601920 sell 0.01 EURUSD at 1.09194 sl: 1.09618 tp: 1.08712 ok
0	16:02:56.949	EA31337 EURUSD,M1: == New hour: 16
0	16:04:00.405	EA31337 EURUSD,M1: OpenOrderIsAllowed(): MACD M1: Maximum open and pending orders per type reached the limit (MaxOrdersPerType).
2	16:05:34.631	EA31337 EURUSD,M1: modify #44506819 buy 0.01 EURUSD at 1.08361 sl: 1.07941 tp: 1.09623 ok
2	16:05:35.252	EA31337 EURUSD,M1: modify #44506882 buy 0.01 EURUSD at 1.08389 sl: 1.07964 tp: 1.09623 ok
2	16:05:35.711	EA31337 EURUSD,M1: modify #44570497 buy 0.01 EURUSD at 1.08631 sl: 1.08217 tp: 1.09623 ok
2	16:05:36.230	EA31337 EURUSD,M1: modify #44597170 buy 0.01 EURUSD at 1.08923 sl: 1.08503 tp: 1.09623 ok
0	16:07:01.857	EA31337 EURUSD,M1: OpenOrderIsAllowed(): DeMarker M15: Maximum open and pending orders per type reached the limit (MaxOrdersPerType).
0	16:08:36.881	EA31337 EURUSD,M1: OpenOrderIsAllowed(): MACD M1: Maximum open and pending orders per type reached the limit (MaxOrdersPerType).
0	16:08:36.881	EA31337 EURUSD,M1: ExecuteOrder(): MarketInfo: Symbol: EURUSD; Ask: 1.09174; Bid: 1.09154; Spread: 20 points = 2 pips; 
2	16:08:37.745	EA31337 EURUSD,M1: open #44602386 sell 0.01 EURUSD at 1.09154 sl: 1.09574 tp: 1.08714 ok
0	16:08:37.745	EA31337 EURUSD,M1: #44602386 2015.12.21 16:08:33 sell 0.01 EURUSD 1.09154 1.09574 1.08714 1.09175 0.00 0.00 -0.21 | spread: 1.9 31410
0	16:08:37.745	EA31337 EURUSD,M1: ExecuteOrder(): Order Details: Ticket: 44602386; Time: 2015.12.21 16:05:39; Comment: | spread: 1.9; Commision: 0; Symbol: EURUSD; Type: Sell; Expiration: 0; Open Price: 1.09154; Close Price: 1.09175; Take Profit: -0.21; Stop Loss: 1.0957; Swap: 0; Lot size: 0.01; Account Details: Time: 2015.12.21 16:05:39; Account Balance: $2103.90; Account Equity: $2216.28; Used Margin: $300.00; Free Margin: $1916.28; No of Orders: 30 (BUY/SELL: 5/25); Risk Ratio: 0.9
0	16:10:57.965	EA31337 EURUSD,M1: OpenOrderIsAllowed(): Maximum open and pending orders reached the limit (MaxOrders).
0	16:10:57.965	EA31337 EURUSD,M1: OpenOrderIsAllowed(): Maximum open and pending orders reached the limit (MaxOrders).
0	16:12:08.060	EA31337 EURUSD,M1: OpenOrderIsAllowed(): Maximum open and pending orders reached the limit (MaxOrders).
0	16:12:08.100	EA31337 EURUSD,M1: OpenOrderIsAllowed(): Maximum open and pending orders reached the limit (MaxOrders).
0	16:12:08.100	EA31337 EURUSD,M1: OpenOrderIsAllowed(): Maximum open and pending orders reached the limit (MaxOrders).
2	16:12:08.511	EA31337 EURUSD,M1: modify #44506819 buy 0.01 EURUSD at 1.08361 sl: 1.07941 tp: 1.09664 ok
2	16:12:08.876	EA31337 EURUSD,M1: modify #44506882 buy 0.01 EURUSD at 1.08389 sl: 1.07964 tp: 1.09664 ok
2	16:12:09.485	EA31337 EURUSD,M1: modify #44570497 buy 0.01 EURUSD at 1.08631 sl: 1.08217 tp: 1.09664 ok
2	16:12:09.728	EA31337 EURUSD,M1: modify #44597170 buy 0.01 EURUSD at 1.08923 sl: 1.08503 tp: 1.09664 ok
0	16:13:55.254	EA31337 EURUSD,M1: OpenOrderIsAllowed(): DeMarker M15: Maximum open and pending orders per type reached the limit (MaxOrdersPerType).
0	16:13:55.335	EA31337 EURUSD,M1: OpenOrderIsAllowed(): Envelopes M5: Maximum open and pending orders per type reached the limit (MaxOrdersPerType).
0	16:13:55.335	EA31337 EURUSD,M1: OpenOrderIsAllowed(): Envelopes M15: Maximum open and pending orders per type reached the limit (MaxOrdersPerType).
0	16:13:55.335	EA31337 EURUSD,M1: ExecuteOrder(): MarketInfo: Symbol: EURUSD; Ask: 1.09246; Bid: 1.09224; Spread: 22 points = 2.2 pips; 
2	16:13:55.903	EA31337 EURUSD,M1: open #44602583 sell 0.01 EURUSD at 1.09230 sl: 1.09646 tp: 1.08784 ok
0	16:13:55.903	EA31337 EURUSD,M1: #44602583 2015.12.21 16:13:51 sell 0.01 EURUSD 1.09230 1.09646 1.08784 1.09251 0.00 0.00 -0.21 | spread: 1.9 31388
0	16:13:55.944	EA31337 EURUSD,M1: ExecuteOrder(): Order Details: Ticket: 44602583; Time: 2015.12.21 16:12:43; Comment: | spread: 1.9; Commision: 0; Symbol: EURUSD; Type: Sell; Expiration: 0; Open Price: 1.09230; Close Price: 1.09251; Take Profit: -0.21; Stop Loss: 1.0965; Swap: 0; Lot size: 0.01; Account Details: Time: 2015.12.21 16:12:43; Account Balance: $2099.66; Account Equity: $2200.98; Used Margin: $300.00; Free Margin: $1900.98; No of Orders: 30 (BUY/SELL: 5/25); Risk Ratio: 0.9
0	16:14:27.270	EA31337 EURUSD,M1: OpenOrderIsAllowed(): Maximum open and pending orders reached the limit (MaxOrders).
0	16:14:27.270	EA31337 EURUSD,M1: OpenOrderIsAllowed(): Maximum open and pending orders reached the limit (MaxOrders).
0	16:15:13.625	EA31337 EURUSD,M1: OpenOrderIsAllowed(): Maximum open and pending orders reached the limit (MaxOrders).
0	16:15:13.625	EA31337 EURUSD,M1: OpenOrderIsAllowed(): Maximum open and pending orders reached the limit (MaxOrders).
0	16:15:19.484	EA31337 EURUSD,M1: OpenOrderIsAllowed(): Maximum open and pending orders reached the limit (MaxOrders).
0	16:15:19.565	EA31337 EURUSD,M1: OpenOrderIsAllowed(): Maximum open and pending orders reached the limit (MaxOrders).
0	16:15:19.646	EA31337 EURUSD,M1: OpenOrderIsAllowed(): Maximum open and pending orders reached the limit (MaxOrders).
0	16:15:19.646	EA31337 EURUSD,M1: OpenOrderIsAllowed(): Maximum open and pending orders reached the limit (MaxOrders).
2	16:15:20.300	EA31337 EURUSD,M1: modify #44506819 buy 0.01 EURUSD at 1.08361 sl: 1.07941 tp: 1.09695 ok
2	16:15:20.746	EA31337 EURUSD,M1: modify #44506882 buy 0.01 EURUSD at 1.08389 sl: 1.07964 tp: 1.09694 ok
2	16:15:21.237	EA31337 EURUSD,M1: modify #44570497 buy 0.01 EURUSD at 1.08631 sl: 1.08217 tp: 1.09694 ok
2	16:15:21.639	EA31337 EURUSD,M1: modify #44597170 buy 0.01 EURUSD at 1.08923 sl: 1.08503 tp: 1.09693 ok
0	16:16:09.711	EA31337 EURUSD,M1: OpenOrderIsAllowed(): Maximum open and pending orders reached the limit (MaxOrders).
0	16:16:10.323	EA31337 EURUSD,M1: OpenOrderIsAllowed(): Maximum open and pending orders reached the limit (MaxOrders).
0	16:16:10.486	EA31337 EURUSD,M1: OpenOrderIsAllowed(): Maximum open and pending orders reached the limit (MaxOrders).
0	16:16:10.486	EA31337 EURUSD,M1: OpenOrderIsAllowed(): Maximum open and pending orders reached the limit (MaxOrders).
0	16:16:10.486	EA31337 EURUSD,M1: OpenOrderIsAllowed(): Maximum open and pending orders reached the limit (MaxOrders).
0	16:17:21.128	EA31337 EURUSD,M1: OpenOrderIsAllowed(): Maximum open and pending orders reached the limit (MaxOrders).
0	16:17:21.128	EA31337 EURUSD,M1: OpenOrderIsAllowed(): Maximum open and pending orders reached the limit (MaxOrders).
0	16:18:10.402	EA31337 EURUSD,M1: OpenOrderIsAllowed(): Maximum open and pending orders reached the limit (MaxOrders).
0	16:18:15.245	EA31337 EURUSD,M1: OpenOrderIsAllowed(): Maximum open and pending orders reached the limit (MaxOrders).
0	16:18:20.628	EA31337 EURUSD,M1: OpenOrderIsAllowed(): Maximum open and pending orders reached the limit (MaxOrders).
0	16:18:26.084	EA31337 EURUSD,M1: OpenOrderIsAllowed(): Maximum open and pending orders reached the limit (MaxOrders).
0	16:18:26.084	EA31337 EURUSD,M1: OpenOrderIsAllowed(): Maximum open and pending orders reached the limit (MaxOrders).
0	16:18:26.084	EA31337 EURUSD,M1: OpenOrderIsAllowed(): Maximum open and pending orders reached the limit (MaxOrders).
2	16:18:26.698	EA31337 EURUSD,M1: modify #44506819 buy 0.01 EURUSD at 1.08361 sl: 1.07941 tp: 1.09703 ok
2	16:18:27.105	EA31337 EURUSD,M1: modify #44506882 buy 0.01 EURUSD at 1.08389 sl: 1.07964 tp: 1.09703 ok
2	16:18:27.549	EA31337 EURUSD,M1: modify #44570497 buy 0.01 EURUSD at 1.08631 sl: 1.08217 tp: 1.09703 ok
2	16:18:27.914	EA31337 EURUSD,M1: modify #44597170 buy 0.01 EURUSD at 1.08923 sl: 1.08503 tp: 1.09704 ok
0	16:19:26.308	EA31337 EURUSD,M1: OpenOrderIsAllowed(): Maximum open and pending orders reached the limit (MaxOrders).
2	16:24:13.553	EA31337 EURUSD,M1: modify #44596880 buy 0.01 EURUSD at 1.08887 sl: 1.08455 tp: 1.09332 ok
2	16:24:14.040	EA31337 EURUSD,M1: modify #44602583 sell 0.01 EURUSD at 1.09230 sl: 1.09646 tp: 1.08781 ok
2	16:25:33.709	EA31337 EURUSD,M1: modify #44506819 buy 0.01 EURUSD at 1.08361 sl: 1.07941 tp: 1.09725 ok
2	16:25:34.115	EA31337 EURUSD,M1: modify #44506882 buy 0.01 EURUSD at 1.08389 sl: 1.07964 tp: 1.09724 ok
2	16:25:34.606	EA31337 EURUSD,M1: modify #44570497 buy 0.01 EURUSD at 1.08631 sl: 1.08217 tp: 1.09724 ok
2	16:25:35.053	EA31337 EURUSD,M1: modify #44597170 buy 0.01 EURUSD at 1.08923 sl: 1.08503 tp: 1.09724 ok
2	16:32:36.111	EA31337 EURUSD,M1: modify #44506819 buy 0.01 EURUSD at 1.08361 sl: 1.07941 tp: 1.09743 ok
2	16:32:36.923	EA31337 EURUSD,M1: modify #44506882 buy 0.01 EURUSD at 1.08389 sl: 1.07964 tp: 1.09743 ok
2	16:32:37.317	EA31337 EURUSD,M1: modify #44570497 buy 0.01 EURUSD at 1.08631 sl: 1.08217 tp: 1.09744 ok
2	16:32:37.805	EA31337 EURUSD,M1: modify #44597170 buy 0.01 EURUSD at 1.08923 sl: 1.08503 tp: 1.09744 ok
2	16:34:44.675	EA31337 EURUSD,M1: modify #44506819 buy 0.01 EURUSD at 1.08361 sl: 1.07941 tp: 1.09756 ok
2	16:34:45.199	EA31337 EURUSD,M1: modify #44506882 buy 0.01 EURUSD at 1.08389 sl: 1.07964 tp: 1.09756 ok
2	16:34:45.652	EA31337 EURUSD,M1: modify #44570497 buy 0.01 EURUSD at 1.08631 sl: 1.08217 tp: 1.09756 ok
2	16:34:46.097	EA31337 EURUSD,M1: modify #44597170 buy 0.01 EURUSD at 1.08923 sl: 1.08503 tp: 1.09756 ok
0	16:35:08.747	EA31337 EURUSD,M1: ExecuteOrder(): MarketInfo: Symbol: EURUSD; Ask: 1.09333; Bid: 1.09312; Spread: 21 points = 2.1 pips; 
2	16:35:09.401	EA31337 EURUSD,M1: open #44603638 buy 0.01 EURUSD at 1.09333 sl: 1.08912 tp: 1.09380 ok
0	16:35:09.401	EA31337 EURUSD,M1: #44603638 2015.12.21 16:35:05 buy 0.01 EURUSD 1.09333 1.08912 1.09380 1.09312 0.00 0.00 -0.21 | spread: 2.3 31349
0	16:35:09.401	EA31337 EURUSD,M1: ExecuteOrder(): Order Details: Ticket: 44603638; Time: 2015.12.21 16:34:46; Comment: | spread: 2.3; Commision: 0; Symbol: EURUSD; Type: Buy; Expiration: 0; Open Price: 1.09333; Close Price: 1.09312; Take Profit: -0.21; Stop Loss: 1.0891; Swap: 0; Lot size: 0.01; Account Details: Time: 2015.12.21 16:34:46; Account Balance: $2104.11; Account Equity: $2184.57; Used Margin: $300.00; Free Margin: $1884.57; No of Orders: 30 (BUY/SELL: 5/25); Risk Ratio: 0.9
0	16:35:09.402	EA31337 EURUSD,M1: OpenOrderIsAllowed(): Maximum open and pending orders reached the limit (MaxOrders).
0	16:35:09.608	EA31337 EURUSD,M1: OpenOrderIsAllowed(): Maximum open and pending orders reached the limit (MaxOrders).
0	16:35:09.648	EA31337 EURUSD,M1: OpenOrderIsAllowed(): Maximum open and pending orders reached the limit (MaxOrders).
0	16:35:56.892	EA31337 EURUSD,M1: OpenOrderIsAllowed(): Maximum open and pending orders reached the limit (MaxOrders).
0	16:35:56.892	EA31337 EURUSD,M1: OpenOrderIsAllowed(): Maximum open and pending orders reached the limit (MaxOrders).
0	16:35:56.892	EA31337 EURUSD,M1: OpenOrderIsAllowed(): Maximum open and pending orders reached the limit (MaxOrders).
0	16:37:14.869	EA31337 EURUSD,M1: OpenOrderIsAllowed(): Maximum open and pending orders reached the limit (MaxOrders).
0	16:37:14.871	EA31337 EURUSD,M1: OpenOrderIsAllowed(): Maximum open and pending orders reached the limit (MaxOrders).
0	16:37:14.871	EA31337 EURUSD,M1: OpenOrderIsAllowed(): Maximum open and pending orders reached the limit (MaxOrders).
2	16:37:47.205	EA31337 EURUSD,M1: modify #44506819 buy 0.01 EURUSD at 1.08361 sl: 1.07941 tp: 1.09764 ok
2	16:37:47.615	EA31337 EURUSD,M1: modify #44506882 buy 0.01 EURUSD at 1.08389 sl: 1.07964 tp: 1.09762 ok
2	16:37:48.351	EA31337 EURUSD,M1: modify #44570497 buy 0.01 EURUSD at 1.08631 sl: 1.08217 tp: 1.09761 ok
2	16:37:48.801	EA31337 EURUSD,M1: modify #44597170 buy 0.01 EURUSD at 1.08923 sl: 1.08503 tp: 1.09764 ok
0	16:38:25.520	EA31337 EURUSD,M1: OpenOrderIsAllowed(): Maximum open and pending orders reached the limit (MaxOrders).
0	16:38:25.926	EA31337 EURUSD,M1: OpenOrderIsAllowed(): Maximum open and pending orders reached the limit (MaxOrders).
0	16:38:25.966	EA31337 EURUSD,M1: OpenOrderIsAllowed(): Maximum open and pending orders reached the limit (MaxOrders).
0	16:38:25.966	EA31337 EURUSD,M1: OpenOrderIsAllowed(): Maximum open and pending orders reached the limit (MaxOrders).
0	16:38:26.007	EA31337 EURUSD,M1: OpenOrderIsAllowed(): Maximum open and pending orders reached the limit (MaxOrders).
0	16:39:11.858	EA31337 EURUSD,M1: OpenOrderIsAllowed(): Maximum open and pending orders reached the limit (MaxOrders).
0	16:39:11.858	EA31337 EURUSD,M1: OpenOrderIsAllowed(): Maximum open and pending orders reached the limit (MaxOrders).
0	16:39:11.939	EA31337 EURUSD,M1: OpenOrderIsAllowed(): Maximum open and pending orders reached the limit (MaxOrders).
0	16:40:28.605	EA31337 EURUSD,M1: OpenOrderIsAllowed(): Maximum open and pending orders reached the limit (MaxOrders).
0	16:40:28.605	EA31337 EURUSD,M1: OpenOrderIsAllowed(): Maximum open and pending orders reached the limit (MaxOrders).
0	16:40:28.605	EA31337 EURUSD,M1: OpenOrderIsAllowed(): Maximum open and pending orders reached the limit (MaxOrders).
0	16:40:28.605	EA31337 EURUSD,M1: OpenOrderIsAllowed(): Maximum open and pending orders reached the limit (MaxOrders).
2	16:40:58.311	EA31337 EURUSD,M1: modify #44506819 buy 0.01 EURUSD at 1.08361 sl: 1.07941 tp: 1.09831 ok
2	16:40:58.843	EA31337 EURUSD,M1: modify #44506882 buy 0.01 EURUSD at 1.08389 sl: 1.07964 tp: 1.09830 ok
2	16:40:59.452	EA31337 EURUSD,M1: modify #44570497 buy 0.01 EURUSD at 1.08631 sl: 1.08217 tp: 1.09833 ok
2	16:40:59.944	EA31337 EURUSD,M1: modify #44597170 buy 0.01 EURUSD at 1.08923 sl: 1.08503 tp: 1.09831 ok
0	16:41:18.169	EA31337 EURUSD,M1: ExecuteOrder(): MarketInfo: Symbol: EURUSD; Ask: 1.09383; Bid: 1.09361; Spread: 22 points = 2.2 pips; 
2	16:41:18.899	EA31337 EURUSD,M1: open #44603944 buy 0.01 EURUSD at 1.09381 sl: 1.08961 tp: 1.09439 ok
0	16:41:18.899	EA31337 EURUSD,M1: #44603944 2015.12.21 16:41:14 buy 0.01 EURUSD 1.09381 1.08961 1.09439 1.09360 0.00 0.00 -0.21 | spread: 2.3 31349
0	16:41:18.899	EA31337 EURUSD,M1: ExecuteOrder(): Order Details: Ticket: 44603944; Time: 2015.12.21 16:41:08; Comment: | spread: 2.3; Commision: 0; Symbol: EURUSD; Type: Buy; Expiration: 0; Open Price: 1.09381; Close Price: 1.09360; Take Profit: -0.21; Stop Loss: 1.0896; Swap: 0; Lot size: 0.01; Account Details: Time: 2015.12.21 16:41:08; Account Balance: $2100.39; Account Equity: $2174.74; Used Margin: $290.00; Free Margin: $1884.74; No of Orders: 29 (BUY/SELL: 5/24); Risk Ratio: 0.9
0	16:42:55.760	EA31337 EURUSD,M1: OpenOrderIsAllowed(): MACD M1: Maximum open and pending orders per type reached the limit (MaxOrdersPerType).
0	16:42:55.762	EA31337 EURUSD,M1: OpenOrderIsAllowed(): MACD M5: Maximum open and pending orders per type reached the limit (MaxOrdersPerType).
0	16:45:00.082	EA31337 EURUSD,M1: OpenOrderIsAllowed(): MACD M5: Maximum open and pending orders per type reached the limit (MaxOrdersPerType).
0	16:46:32.989	EA31337 EURUSD,M1: ExecuteOrder(): MarketInfo: Symbol: EURUSD; Ask: 1.09319; Bid: 1.09299; Spread: 20 points = 2 pips; 
2	16:46:38.203	EA31337 EURUSD,M1: open #44604078 buy 0.01 EURUSD at 1.09320 sl: 1.08899 tp: 1.09465 ok
0	16:46:38.203	EA31337 EURUSD,M1: #44604078 2015.12.21 16:46:34 buy 0.01 EURUSD 1.09320 1.08899 1.09465 1.09299 0.00 0.00 -0.21 | spread: 2.1 31350
0	16:46:38.203	EA31337 EURUSD,M1: ExecuteOrder(): Order Details: Ticket: 44604078; Time: 2015.12.21 16:45:58; Comment: | spread: 2.1; Commision: 0; Symbol: EURUSD; Type: Buy; Expiration: 0; Open Price: 1.09320; Close Price: 1.09299; Take Profit: -0.21; Stop Loss: 1.089; Swap: 0; Lot size: 0.01; Account Details: Time: 2015.12.21 16:45:58; Account Balance: $2100.39; Account Equity: $2186.12; Used Margin: $300.00; Free Margin: $1886.12; No of Orders: 30 (BUY/SELL: 6/24); Risk Ratio: 0.9
0	16:46:44.016	EA31337 EURUSD,M1: OpenOrderIsAllowed(): Maximum open and pending orders reached the limit (MaxOrders).
0	16:46:44.016	EA31337 EURUSD,M1: OpenOrderIsAllowed(): Maximum open and pending orders reached the limit (MaxOrders).
0	16:47:59.391	EA31337 EURUSD,M1: OpenOrderIsAllowed(): Maximum open and pending orders reached the limit (MaxOrders).
0	16:47:59.431	EA31337 EURUSD,M1: OpenOrderIsAllowed(): Maximum open and pending orders reached the limit (MaxOrders).
0	16:47:59.431	EA31337 EURUSD,M1: OpenOrderIsAllowed(): Maximum open and pending orders reached the limit (MaxOrders).
0	16:48:58.124	EA31337 EURUSD,M1: OpenOrderIsAllowed(): Maximum open and pending orders reached the limit (MaxOrders).
0	16:48:58.124	EA31337 EURUSD,M1: OpenOrderIsAllowed(): Maximum open and pending orders reached the limit (MaxOrders).
2	16:48:58.976	EA31337 EURUSD,M1: modify #44603944 buy 0.01 EURUSD at 1.09381 sl: 1.08961 tp: 1.09442 ok
2	16:48:59.509	EA31337 EURUSD,M1: modify #44604078 buy 0.01 EURUSD at 1.09320 sl: 1.08899 tp: 1.09467 ok
0	16:49:23.471	EA31337 EURUSD,M1: OpenOrderIsAllowed(): Maximum open and pending orders reached the limit (MaxOrders).
0	16:49:23.471	EA31337 EURUSD,M1: OpenOrderIsAllowed(): Maximum open and pending orders reached the limit (MaxOrders).
0	16:49:23.755	EA31337 EURUSD,M1: OpenOrderIsAllowed(): Maximum open and pending orders reached the limit (MaxOrders).
0	16:50:03.918	EA31337 EURUSD,M1: OpenOrderIsAllowed(): Maximum open and pending orders reached the limit (MaxOrders).
0	16:50:03.918	EA31337 EURUSD,M1: OpenOrderIsAllowed(): Maximum open and pending orders reached the limit (MaxOrders).
0	16:50:59.000	EA31337 EURUSD,M1: OpenOrderIsAllowed(): Maximum open and pending orders reached the limit (MaxOrders).
0	16:50:59.000	EA31337 EURUSD,M1: OpenOrderIsAllowed(): Maximum open and pending orders reached the limit (MaxOrders).
0	16:50:59.158	EA31337 EURUSD,M1: OpenOrderIsAllowed(): Maximum open and pending orders reached the limit (MaxOrders).
0	16:51:09.570	EA31337 EURUSD,M1: OpenOrderIsAllowed(): Maximum open and pending orders reached the limit (MaxOrders).
0	16:51:14.377	EA31337 EURUSD,M1: OpenOrderIsAllowed(): Maximum open and pending orders reached the limit (MaxOrders).
0	16:51:14.377	EA31337 EURUSD,M1: OpenOrderIsAllowed(): Maximum open and pending orders reached the limit (MaxOrders).
0	16:52:39.449	EA31337 EURUSD,M1: OpenOrderIsAllowed(): Maximum open and pending orders reached the limit (MaxOrders).
2	16:54:49.941	EA31337 EURUSD,M1: modify #44604078 buy 0.01 EURUSD at 1.09320 sl: 1.08899 tp: 1.09477 ok
2	17:00:07.812	EA31337 EURUSD,M1: modify #44602583 sell 0.01 EURUSD at 1.09230 sl: 1.09646 tp: 1.08749 ok
0	17:00:14.021	EA31337 EURUSD,M1: == New hour: 17
2	17:02:49.821	EA31337 EURUSD,M1: modify #44602583 sell 0.01 EURUSD at 1.09230 sl: 1.09646 tp: 1.08735 ok
2	17:02:50.353	EA31337 EURUSD,M1: modify #44603944 buy 0.01 EURUSD at 1.09381 sl: 1.08961 tp: 1.09455 ok
2	17:07:52.456	EA31337 EURUSD,M1: modify #44603944 buy 0.01 EURUSD at 1.09381 sl: 1.08961 tp: 1.09467 ok
2	17:07:53.390	EA31337 EURUSD,M1: modify #44604078 buy 0.01 EURUSD at 1.09320 sl: 1.08899 tp: 1.09478 ok
2	17:11:05.942	EA31337 EURUSD,M1: modify #44602583 sell 0.01 EURUSD at 1.09230 sl: 1.09646 tp: 1.08733 ok
2	17:15:43.247	EA31337 EURUSD,M1: modify #44601376 sell 0.01 EURUSD at 1.09175 sl: 1.09595 tp: 1.08708 ok
2	17:15:43.849	EA31337 EURUSD,M1: modify #44601920 sell 0.01 EURUSD at 1.09194 sl: 1.09618 tp: 1.08708 ok
2	17:15:44.300	EA31337 EURUSD,M1: modify #44602386 sell 0.01 EURUSD at 1.09154 sl: 1.09574 tp: 1.08708 ok
2	17:15:44.747	EA31337 EURUSD,M1: modify #44602583 sell 0.01 EURUSD at 1.09230 sl: 1.09646 tp: 1.08708 ok
2	17:43:18.248	EA31337 EURUSD,M1: modify #44601376 sell 0.01 EURUSD at 1.09175 sl: 1.09595 tp: 1.08699 ok
2	17:43:18.814	EA31337 EURUSD,M1: modify #44601920 sell 0.01 EURUSD at 1.09194 sl: 1.09618 tp: 1.08699 ok
2	17:43:19.098	EA31337 EURUSD,M1: modify #44602386 sell 0.01 EURUSD at 1.09154 sl: 1.09574 tp: 1.08699 ok
2	17:43:19.711	EA31337 EURUSD,M1: modify #44602583 sell 0.01 EURUSD at 1.09230 sl: 1.09646 tp: 1.08699 ok
2	17:51:59.634	EA31337 EURUSD,M1: modify #44600854 sell 0.01 EURUSD at 1.09125 sl: 1.09547 tp: 1.08672 ok
2	17:52:00.040	EA31337 EURUSD,M1: modify #44600990 sell 0.01 EURUSD at 1.09118 sl: 1.09538 tp: 1.08672 ok
2	17:52:00.531	EA31337 EURUSD,M1: modify #44601376 sell 0.01 EURUSD at 1.09175 sl: 1.09595 tp: 1.08672 ok
2	17:52:00.978	EA31337 EURUSD,M1: modify #44601920 sell 0.01 EURUSD at 1.09194 sl: 1.09618 tp: 1.08673 ok
2	17:52:01.307	EA31337 EURUSD,M1: modify #44602386 sell 0.01 EURUSD at 1.09154 sl: 1.09574 tp: 1.08673 ok
2	17:52:01.835	EA31337 EURUSD,M1: modify #44602583 sell 0.01 EURUSD at 1.09230 sl: 1.09646 tp: 1.08673 ok
2	18:00:25.862	EA31337 EURUSD,M1: modify #44600854 sell 0.01 EURUSD at 1.09125 sl: 1.09547 tp: 1.08649 ok
2	18:00:26.475	EA31337 EURUSD,M1: modify #44600990 sell 0.01 EURUSD at 1.09118 sl: 1.09538 tp: 1.08648 ok
2	18:00:27.166	EA31337 EURUSD,M1: modify #44601376 sell 0.01 EURUSD at 1.09175 sl: 1.09595 tp: 1.08648 ok
2	18:00:34.957	EA31337 EURUSD,M1: modify #44601920 sell 0.01 EURUSD at 1.09194 sl: 1.09618 tp: 1.08650 ok
2	18:00:35.408	EA31337 EURUSD,M1: modify #44602386 sell 0.01 EURUSD at 1.09154 sl: 1.09574 tp: 1.08648 ok
2	18:00:36.626	EA31337 EURUSD,M1: modify #44602583 sell 0.01 EURUSD at 1.09230 sl: 1.09646 tp: 1.08648 ok
0	18:00:52.421	EA31337 EURUSD,M1: == New hour: 18
0	19:04:42.516	EA31337 EURUSD,M1: == New hour: 19
0	20:01:05.657	EA31337 EURUSD,M1: == New hour: 20
0	21:03:09.521	EA31337 EURUSD,M1: == New hour: 21
0	22:00:45.947	EA31337 EURUSD,M1: == New hour: 22
0	22:13:15.209	EA31337 EURUSD,M1: OpenOrderIsAllowed(): Maximum open and pending orders reached the limit (MaxOrders).
2	23:00:11.406	EA31337 EURUSD,M1: modify #44600854 sell 0.01 EURUSD at 1.09125 sl: 1.09547 tp: 1.08644 ok
2	23:00:11.816	EA31337 EURUSD,M1: modify #44600990 sell 0.01 EURUSD at 1.09118 sl: 1.09538 tp: 1.08643 ok
2	23:00:12.258	EA31337 EURUSD,M1: modify #44601376 sell 0.01 EURUSD at 1.09175 sl: 1.09595 tp: 1.08644 ok
2	23:00:12.748	EA31337 EURUSD,M1: modify #44601920 sell 0.01 EURUSD at 1.09194 sl: 1.09618 tp: 1.08644 ok
2	23:00:13.113	EA31337 EURUSD,M1: modify #44602386 sell 0.01 EURUSD at 1.09154 sl: 1.09574 tp: 1.08645 ok
2	23:00:13.564	EA31337 EURUSD,M1: modify #44602583 sell 0.01 EURUSD at 1.09230 sl: 1.09646 tp: 1.08645 ok
0	23:00:28.039	EA31337 EURUSD,M1: == New hour: 23
2	23:49:41.800	EA31337 EURUSD,M1: modify #44600854 sell 0.01 EURUSD at 1.09125 sl: 1.09547 tp: 1.08643 ok
2	23:49:42.291	EA31337 EURUSD,M1: modify #44601376 sell 0.01 EURUSD at 1.09175 sl: 1.09595 tp: 1.08643 ok
2	23:49:42.681	EA31337 EURUSD,M1: modify #44601920 sell 0.01 EURUSD at 1.09194 sl: 1.09618 tp: 1.08643 ok
2	23:49:43.228	EA31337 EURUSD,M1: modify #44602386 sell 0.01 EURUSD at 1.09154 sl: 1.09574 tp: 1.08643 ok
2	23:49:43.552	EA31337 EURUSD,M1: modify #44602583 sell 0.01 EURUSD at 1.09230 sl: 1.09646 tp: 1.08643 ok
