0	00:01:48.743	EA31337 EURUSD,M1: == New hour: 0
0	00:01:48.807	EA31337 EURUSD,M1: == New day (day of month: 17; day of year: 260) ==
0	00:01:48.807	EA31337 EURUSD,M1: Daily max: Tick: 4.8; Spread: 59; Max orders: 30; Loss: 0; Profit: 0; Equity: 3487.69; Balance: 3285.61; 
0	00:01:48.840	EA31337 EURUSD,M1: Daily SAR stats: Period: 0, Buy: 257 / Sell: 120; Period: 1, Buy: 164 / Sell: 81; Period: 2, Buy: 249 / Sell: 132; Period: 3, Buy: 239 / Sell: 112; Period: 4, Buy: 0 / Sell: 0; Period: 5, Buy: 0 / Sell: 0; Period: 6, Buy: 0 / Sell: 0; Period: 7, Buy: 0 / Sell: 0; Period: 8, Buy: 0 / Sell: 0; 
0	00:01:48.840	EA31337 EURUSD,M1: Daily strategy stats: 
0	00:23:54.733	EA31337 EURUSD,M1: OpenOrderIsAllowed(): Maximum open and pending orders reached the limit (MaxOrders).
0	01:01:41.976	EA31337 EURUSD,M1: == New hour: 1
0	01:18:26.042	EA31337 EURUSD,M1: OpenOrderIsAllowed(): Maximum open and pending orders reached the limit (MaxOrders).
0	02:01:16.629	EA31337 EURUSD,M1: == New hour: 2
2	02:43:00.174	EA31337 EURUSD,M1: modify #41236444 buy 0.01 EURUSD at 1.12335 sl: 1.11915 tp: 1.13254 ok
2	02:48:57.856	EA31337 EURUSD,M1: modify #41236444 buy 0.01 EURUSD at 1.12335 sl: 1.11915 tp: 1.13255 ok
2	02:54:46.417	EA31337 EURUSD,M1: modify #41236444 buy 0.01 EURUSD at 1.12335 sl: 1.11915 tp: 1.13256 ok
0	03:00:40.891	EA31337 EURUSD,M1: == New hour: 3
0	04:00:51.734	EA31337 EURUSD,M1: == New hour: 4
0	05:02:37.539	EA31337 EURUSD,M1: == New hour: 5
0	06:00:25.968	EA31337 EURUSD,M1: == New hour: 6
0	07:00:29.463	EA31337 EURUSD,M1: == New hour: 7
2	07:51:11.665	EA31337 EURUSD,M1: modify #41235316 buy 0.01 EURUSD at 1.12402 sl: 1.11982 tp: 1.13647 ok
2	07:51:12.252	EA31337 EURUSD,M1: modify #41235655 buy 0.01 EURUSD at 1.12387 sl: 1.11966 tp: 1.13646 ok
2	07:51:12.671	EA31337 EURUSD,M1: modify #41235909 buy 0.01 EURUSD at 1.12378 sl: 1.11958 tp: 1.13646 ok
2	07:51:13.061	EA31337 EURUSD,M1: modify #41236783 buy 0.01 EURUSD at 1.12314 sl: 1.11892 tp: 1.13646 ok
2	07:51:13.487	EA31337 EURUSD,M1: modify #41247405 buy 0.01 EURUSD at 1.12380 sl: 1.11957 tp: 1.13647 ok
2	07:53:19.716	EA31337 EURUSD,M1: modify #41235316 buy 0.01 EURUSD at 1.12402 sl: 1.11982 tp: 1.13682 ok
2	07:53:20.138	EA31337 EURUSD,M1: modify #41235655 buy 0.01 EURUSD at 1.12387 sl: 1.11966 tp: 1.13682 ok
2	07:53:20.662	EA31337 EURUSD,M1: modify #41235909 buy 0.01 EURUSD at 1.12378 sl: 1.11958 tp: 1.13682 ok
2	07:53:21.217	EA31337 EURUSD,M1: modify #41236783 buy 0.01 EURUSD at 1.12314 sl: 1.11892 tp: 1.13683 ok
2	07:53:21.542	EA31337 EURUSD,M1: modify #41247405 buy 0.01 EURUSD at 1.12380 sl: 1.11957 tp: 1.13682 ok
0	08:00:21.409	EA31337 EURUSD,M1: == New hour: 8
2	08:00:47.123	EA31337 EURUSD,M1: modify #41235316 buy 0.01 EURUSD at 1.12402 sl: 1.11982 tp: 1.13723 ok
2	08:00:47.549	EA31337 EURUSD,M1: modify #41235655 buy 0.01 EURUSD at 1.12387 sl: 1.11966 tp: 1.13724 ok
2	08:00:47.938	EA31337 EURUSD,M1: modify #41235909 buy 0.01 EURUSD at 1.12378 sl: 1.11958 tp: 1.13723 ok
2	08:00:48.625	EA31337 EURUSD,M1: modify #41236783 buy 0.01 EURUSD at 1.12314 sl: 1.11892 tp: 1.13723 ok
2	08:00:49.042	EA31337 EURUSD,M1: modify #41247405 buy 0.01 EURUSD at 1.12380 sl: 1.11957 tp: 1.13723 ok
0	08:02:17.936	EA31337 EURUSD,M1: OpenOrderIsAllowed(): DeMarker M1: Maximum open and pending orders per type reached the limit (MaxOrdersPerType).
0	08:02:17.968	EA31337 EURUSD,M1: OpenOrderIsAllowed(): DeMarker M5: Maximum open and pending orders per type reached the limit (MaxOrdersPerType).
0	08:02:17.968	EA31337 EURUSD,M1: OpenOrderIsAllowed(): DeMarker M30: Maximum open and pending orders per type reached the limit (MaxOrdersPerType).
0	08:02:17.971	EA31337 EURUSD,M1: ExecuteOrder(): MarketInfo: Symbol: EURUSD; Ask: 1.13307; Bid: 1.13288; Spread: 19 points = 1.9 pips; 
2	08:02:18.459	EA31337 EURUSD,M1: open #41301291 sell 0.01 EURUSD at 1.13287 sl: 1.13707 tp: 1.12848 ok
0	08:02:18.459	EA31337 EURUSD,M1: #41301291 2015.09.17 08:02:08 sell 0.01 EURUSD 1.13287 1.13707 1.12848 1.13307 0.00 0.00 -0.20 | spread: 2.0 31385
0	08:02:18.459	EA31337 EURUSD,M1: ExecuteOrder(): Order Details: Ticket: 41301291; Time: 2015.09.17 08:01:38; Comment: | spread: 2.0; Commision: 0; Symbol: EURUSD; Type: Sell; Expiration: 0; Open Price: 1.13287; Close Price: 1.13307; Take Profit: -0.2; Stop Loss: 1.1371; Swap: 0; Lot size: 0.01; Account Details: Time: 2015.09.17 08:01:38; Account Balance: $3263.15; Account Equity: $3418.74; Used Margin: $300.00; Free Margin: $3118.74; No of Orders: 30 (BUY/SELL: 11/19); Risk Ratio: 1.0
0	08:02:18.459	EA31337 EURUSD,M1: OpenOrderIsAllowed(): Maximum open and pending orders reached the limit (MaxOrders).
0	08:02:18.459	EA31337 EURUSD,M1: OpenOrderIsAllowed(): Maximum open and pending orders reached the limit (MaxOrders).
0	08:02:48.300	EA31337 EURUSD,M1: OpenOrderIsAllowed(): Maximum open and pending orders reached the limit (MaxOrders).
0	08:03:04.169	EA31337 EURUSD,M1: OpenOrderIsAllowed(): Maximum open and pending orders reached the limit (MaxOrders).
0	08:03:04.169	EA31337 EURUSD,M1: OpenOrderIsAllowed(): Maximum open and pending orders reached the limit (MaxOrders).
0	08:03:25.255	EA31337 EURUSD,M1: OpenOrderIsAllowed(): Maximum open and pending orders reached the limit (MaxOrders).
0	08:03:25.255	EA31337 EURUSD,M1: OpenOrderIsAllowed(): Maximum open and pending orders reached the limit (MaxOrders).
0	08:03:25.255	EA31337 EURUSD,M1: OpenOrderIsAllowed(): Maximum open and pending orders reached the limit (MaxOrders).
0	08:03:25.255	EA31337 EURUSD,M1: OpenOrderIsAllowed(): Maximum open and pending orders reached the limit (MaxOrders).
2	08:03:25.778	EA31337 EURUSD,M1: modify #41235316 buy 0.01 EURUSD at 1.12402 sl: 1.11982 tp: 1.13769 ok
2	08:03:26.237	EA31337 EURUSD,M1: modify #41235655 buy 0.01 EURUSD at 1.12387 sl: 1.11966 tp: 1.13769 ok
2	08:03:26.692	EA31337 EURUSD,M1: modify #41235909 buy 0.01 EURUSD at 1.12378 sl: 1.11958 tp: 1.13768 ok
2	08:03:27.082	EA31337 EURUSD,M1: modify #41236783 buy 0.01 EURUSD at 1.12314 sl: 1.11892 tp: 1.13768 ok
2	08:03:27.702	EA31337 EURUSD,M1: modify #41247405 buy 0.01 EURUSD at 1.12380 sl: 1.11957 tp: 1.13768 ok
0	08:03:37.835	EA31337 EURUSD,M1: OpenOrderIsAllowed(): Maximum open and pending orders reached the limit (MaxOrders).
0	08:03:47.710	EA31337 EURUSD,M1: OpenOrderIsAllowed(): Maximum open and pending orders reached the limit (MaxOrders).
0	08:04:35.260	EA31337 EURUSD,M1: OpenOrderIsAllowed(): Maximum open and pending orders reached the limit (MaxOrders).
0	08:04:36.405	EA31337 EURUSD,M1: OpenOrderIsAllowed(): Maximum open and pending orders reached the limit (MaxOrders).
0	08:04:45.496	EA31337 EURUSD,M1: OpenOrderIsAllowed(): Maximum open and pending orders reached the limit (MaxOrders).
0	08:04:45.496	EA31337 EURUSD,M1: OpenOrderIsAllowed(): Maximum open and pending orders reached the limit (MaxOrders).
0	08:04:45.496	EA31337 EURUSD,M1: OpenOrderIsAllowed(): Maximum open and pending orders reached the limit (MaxOrders).
0	08:04:45.561	EA31337 EURUSD,M1: OpenOrderIsAllowed(): Maximum open and pending orders reached the limit (MaxOrders).
2	08:04:46.868	EA31337 EURUSD,M1: modify #41235316 buy 0.01 EURUSD at 1.12402 sl: 1.11982 tp: 1.13779 ok
2	08:04:47.355	EA31337 EURUSD,M1: modify #41235655 buy 0.01 EURUSD at 1.12387 sl: 1.11966 tp: 1.13779 ok
2	08:04:47.879	EA31337 EURUSD,M1: modify #41235909 buy 0.01 EURUSD at 1.12378 sl: 1.11958 tp: 1.13779 ok
2	08:04:48.435	EA31337 EURUSD,M1: modify #41236783 buy 0.01 EURUSD at 1.12314 sl: 1.11892 tp: 1.13779 ok
2	08:04:48.727	EA31337 EURUSD,M1: modify #41247405 buy 0.01 EURUSD at 1.12380 sl: 1.11957 tp: 1.13779 ok
0	08:05:18.734	EA31337 EURUSD,M1: OpenOrderIsAllowed(): Maximum open and pending orders reached the limit (MaxOrders).
0	08:05:18.734	EA31337 EURUSD,M1: OpenOrderIsAllowed(): Maximum open and pending orders reached the limit (MaxOrders).
0	08:05:18.734	EA31337 EURUSD,M1: OpenOrderIsAllowed(): Maximum open and pending orders reached the limit (MaxOrders).
0	08:05:23.563	EA31337 EURUSD,M1: OpenOrderIsAllowed(): Maximum open and pending orders reached the limit (MaxOrders).
0	08:05:23.563	EA31337 EURUSD,M1: OpenOrderIsAllowed(): Maximum open and pending orders reached the limit (MaxOrders).
0	08:05:23.563	EA31337 EURUSD,M1: OpenOrderIsAllowed(): Maximum open and pending orders reached the limit (MaxOrders).
0	08:05:28.316	EA31337 EURUSD,M1: OpenOrderIsAllowed(): Maximum open and pending orders reached the limit (MaxOrders).
0	08:05:35.225	EA31337 EURUSD,M1: OpenOrderIsAllowed(): Maximum open and pending orders reached the limit (MaxOrders).
0	08:05:43.669	EA31337 EURUSD,M1: OpenOrderIsAllowed(): Maximum open and pending orders reached the limit (MaxOrders).
0	08:05:43.669	EA31337 EURUSD,M1: OpenOrderIsAllowed(): Maximum open and pending orders reached the limit (MaxOrders).
0	08:05:45.528	EA31337 EURUSD,M1: OpenOrderIsAllowed(): Maximum open and pending orders reached the limit (MaxOrders).
0	08:05:45.528	EA31337 EURUSD,M1: OpenOrderIsAllowed(): Maximum open and pending orders reached the limit (MaxOrders).
0	08:05:45.528	EA31337 EURUSD,M1: OpenOrderIsAllowed(): Maximum open and pending orders reached the limit (MaxOrders).
0	08:07:16.372	EA31337 EURUSD,M1: OpenOrderIsAllowed(): Maximum open and pending orders reached the limit (MaxOrders).
2	08:07:33.065	EA31337 EURUSD,M1: modify #41301291 sell 0.01 EURUSD at 1.13287 sl: 1.13707 tp: 1.12831 ok
2	08:08:26.551	EA31337 EURUSD,M1: modify #41301291 sell 0.01 EURUSD at 1.13287 sl: 1.13707 tp: 1.12828 ok
2	08:14:34.297	EA31337 EURUSD,M1: modify #41235316 buy 0.01 EURUSD at 1.12402 sl: 1.11982 tp: 1.13792 ok
2	08:14:34.787	EA31337 EURUSD,M1: modify #41235655 buy 0.01 EURUSD at 1.12387 sl: 1.11966 tp: 1.13792 ok
2	08:14:35.080	EA31337 EURUSD,M1: modify #41235909 buy 0.01 EURUSD at 1.12378 sl: 1.11958 tp: 1.13792 ok
2	08:14:35.501	EA31337 EURUSD,M1: modify #41236783 buy 0.01 EURUSD at 1.12314 sl: 1.11892 tp: 1.13792 ok
2	08:14:35.862	EA31337 EURUSD,M1: modify #41247405 buy 0.01 EURUSD at 1.12380 sl: 1.11957 tp: 1.13792 ok
2	08:19:45.292	EA31337 EURUSD,M1: modify #41235316 buy 0.01 EURUSD at 1.12402 sl: 1.11982 tp: 1.13803 ok
2	08:19:45.682	EA31337 EURUSD,M1: modify #41235655 buy 0.01 EURUSD at 1.12387 sl: 1.11966 tp: 1.13803 ok
2	08:19:45.979	EA31337 EURUSD,M1: modify #41235909 buy 0.01 EURUSD at 1.12378 sl: 1.11958 tp: 1.13803 ok
2	08:19:46.364	EA31337 EURUSD,M1: modify #41236783 buy 0.01 EURUSD at 1.12314 sl: 1.11892 tp: 1.13803 ok
2	08:19:46.721	EA31337 EURUSD,M1: modify #41247405 buy 0.01 EURUSD at 1.12380 sl: 1.11957 tp: 1.13803 ok
2	08:26:55.445	EA31337 EURUSD,M1: modify #41235316 buy 0.01 EURUSD at 1.12402 sl: 1.11982 tp: 1.13807 ok
2	08:26:55.964	EA31337 EURUSD,M1: modify #41235655 buy 0.01 EURUSD at 1.12387 sl: 1.11966 tp: 1.13806 ok
2	08:26:56.321	EA31337 EURUSD,M1: modify #41235909 buy 0.01 EURUSD at 1.12378 sl: 1.11958 tp: 1.13806 ok
2	08:26:56.748	EA31337 EURUSD,M1: modify #41236783 buy 0.01 EURUSD at 1.12314 sl: 1.11892 tp: 1.13806 ok
2	08:26:57.299	EA31337 EURUSD,M1: modify #41247405 buy 0.01 EURUSD at 1.12380 sl: 1.11957 tp: 1.13806 ok
2	08:35:29.435	EA31337 EURUSD,M1: modify #41301291 sell 0.01 EURUSD at 1.13287 sl: 1.13707 tp: 1.12824 ok
2	08:38:37.118	EA31337 EURUSD,M1: modify #41301291 sell 0.01 EURUSD at 1.13287 sl: 1.13707 tp: 1.12806 ok
2	08:40:55.256	EA31337 EURUSD,M1: modify #41301291 sell 0.01 EURUSD at 1.13287 sl: 1.13707 tp: 1.12790 ok
0	09:00:37.008	EA31337 EURUSD,M1: == New hour: 9
2	09:31:06.710	EA31337 EURUSD,M1: modify #41301291 sell 0.01 EURUSD at 1.13287 sl: 1.13707 tp: 1.12773 ok
2	09:31:13.259	EA31337 EURUSD,M1: modify #41301291 sell 0.01 EURUSD at 1.13287 sl: 1.13707 tp: 1.12768 ok
2	09:43:45.443	EA31337 EURUSD,M1: modify #41301291 sell 0.01 EURUSD at 1.13287 sl: 1.13707 tp: 1.12758 ok
2	09:44:27.600	EA31337 EURUSD,M1: modify #41301291 sell 0.01 EURUSD at 1.13287 sl: 1.13707 tp: 1.12744 ok
2	09:46:32.758	EA31337 EURUSD,M1: modify #41301291 sell 0.01 EURUSD at 1.13287 sl: 1.13707 tp: 1.12719 ok
2	09:46:56.200	EA31337 EURUSD,M1: modify #41301291 sell 0.01 EURUSD at 1.13287 sl: 1.13707 tp: 1.12717 ok
2	09:47:21.698	EA31337 EURUSD,M1: modify #41301291 sell 0.01 EURUSD at 1.13287 sl: 1.13707 tp: 1.12706 ok
2	09:53:56.583	EA31337 EURUSD,M1: modify #41301291 sell 0.01 EURUSD at 1.13287 sl: 1.13707 tp: 1.12697 ok
2	09:54:16.674	EA31337 EURUSD,M1: modify #41301291 sell 0.01 EURUSD at 1.13287 sl: 1.13707 tp: 1.12688 ok
2	09:54:48.566	EA31337 EURUSD,M1: modify #41301291 sell 0.01 EURUSD at 1.13287 sl: 1.13707 tp: 1.12683 ok
2	09:57:34.823	EA31337 EURUSD,M1: modify #41301291 sell 0.01 EURUSD at 1.13287 sl: 1.13707 tp: 1.12681 ok
0	10:00:22.211	EA31337 EURUSD,M1: == New hour: 10
2	10:01:15.991	EA31337 EURUSD,M1: modify #41301291 sell 0.01 EURUSD at 1.13287 sl: 1.13707 tp: 1.12668 ok
0	10:30:39.685	EA31337 EURUSD,M1: OpenOrderIsAllowed(): Maximum open and pending orders reached the limit (MaxOrders).
0	11:00:14.871	EA31337 EURUSD,M1: == New hour: 11
0	12:00:13.725	EA31337 EURUSD,M1: == New hour: 12
0	13:00:41.044	EA31337 EURUSD,M1: == New hour: 13
0	14:00:20.589	EA31337 EURUSD,M1: == New hour: 14
2	14:47:22.224	EA31337 EURUSD,M1: modify #41301291 sell 0.01 EURUSD at 1.13287 sl: 1.13707 tp: 1.12653 ok
0	15:02:10.881	EA31337 EURUSD,M1: == New hour: 15
2	15:08:27.873	EA31337 EURUSD,M1: modify #41301291 sell 0.01 EURUSD at 1.13287 sl: 1.13707 tp: 1.12636 ok
2	15:16:00.392	EA31337 EURUSD,M1: modify #41301291 sell 0.01 EURUSD at 1.13287 sl: 1.13707 tp: 1.12625 ok
2	15:18:17.814	EA31337 EURUSD,M1: modify #41301291 sell 0.01 EURUSD at 1.13287 sl: 1.13707 tp: 1.12619 ok
2	15:37:10.504	EA31337 EURUSD,M1: modify #41301291 sell 0.01 EURUSD at 1.13287 sl: 1.13707 tp: 1.12616 ok
2	15:48:06.509	EA31337 EURUSD,M1: modify #41301291 sell 0.01 EURUSD at 1.13287 sl: 1.13707 tp: 1.12596 ok
2	15:53:59.568	EA31337 EURUSD,M1: modify #41301291 sell 0.01 EURUSD at 1.13287 sl: 1.13707 tp: 1.12593 ok
0	16:00:54.381	EA31337 EURUSD,M1: == New hour: 16
2	16:13:23.193	EA31337 EURUSD,M1: modify #41301291 sell 0.01 EURUSD at 1.13287 sl: 1.13707 tp: 1.12572 ok
2	16:14:45.881	EA31337 EURUSD,M1: modify #41301291 sell 0.01 EURUSD at 1.13287 sl: 1.13707 tp: 1.12545 ok
2	16:16:10.994	EA31337 EURUSD,M1: modify #41301291 sell 0.01 EURUSD at 1.13287 sl: 1.13707 tp: 1.12503 ok
0	17:00:17.163	EA31337 EURUSD,M1: == New hour: 17
2	17:55:00.404	EA31337 EURUSD,M1: modify #41235316 buy 0.01 EURUSD at 1.12402 sl: 1.11982 tp: 1.13840 ok
2	17:55:00.798	EA31337 EURUSD,M1: modify #41235655 buy 0.01 EURUSD at 1.12387 sl: 1.11966 tp: 1.13842 ok
2	17:55:01.318	EA31337 EURUSD,M1: modify #41235909 buy 0.01 EURUSD at 1.12378 sl: 1.11958 tp: 1.13841 ok
2	17:55:01.901	EA31337 EURUSD,M1: modify #41236783 buy 0.01 EURUSD at 1.12314 sl: 1.11892 tp: 1.13841 ok
2	17:55:02.225	EA31337 EURUSD,M1: modify #41247405 buy 0.01 EURUSD at 1.12380 sl: 1.11957 tp: 1.13843 ok
0	17:55:21.391	EA31337 EURUSD,M1: ExecuteOrder(): MarketInfo: Symbol: EURUSD; Ask: 1.13413; Bid: 1.13385; Spread: 28 points = 2.8 pips; 
2	17:55:26.726	EA31337 EURUSD,M1: open #41332911 buy 0.01 EURUSD at 1.13413 sl: 1.12985 ok
0	17:55:26.726	EA31337 EURUSD,M1: #41332911 2015.09.17 17:55:15 buy 0.01 EURUSD 1.13413 1.12985 0.00000 1.13384 0.00 0.00 -0.29 | spread: 2.4 31349
0	17:55:26.726	EA31337 EURUSD,M1: ExecuteOrder(): Order Details: Ticket: 41332911; Time: 2015.09.17 17:54:59; Comment: | spread: 2.4; Commision: 0; Symbol: EURUSD; Type: Buy; Expiration: 0; Open Price: 1.13413; Close Price: 1.13384; Take Profit: -0.29; Stop Loss: 1.1299; Swap: 0; Lot size: 0.01; Account Details: Time: 2015.09.17 17:54:59; Account Balance: $3258.94; Account Equity: $3409.22; Used Margin: $300.00; Free Margin: $3109.22; No of Orders: 30 (BUY/SELL: 12/18); Risk Ratio: 1.0
0	17:55:36.982	EA31337 EURUSD,M1: OpenOrderIsAllowed(): Maximum open and pending orders reached the limit (MaxOrders).
0	17:55:36.982	EA31337 EURUSD,M1: OpenOrderIsAllowed(): Maximum open and pending orders reached the limit (MaxOrders).
0	17:56:40.836	EA31337 EURUSD,M1: OpenOrderIsAllowed(): Maximum open and pending orders reached the limit (MaxOrders).
0	17:56:40.836	EA31337 EURUSD,M1: OpenOrderIsAllowed(): Maximum open and pending orders reached the limit (MaxOrders).
0	17:56:40.836	EA31337 EURUSD,M1: OpenOrderIsAllowed(): Maximum open and pending orders reached the limit (MaxOrders).
0	17:56:40.836	EA31337 EURUSD,M1: OpenOrderIsAllowed(): Maximum open and pending orders reached the limit (MaxOrders).
0	17:56:40.836	EA31337 EURUSD,M1: OpenOrderIsAllowed(): Maximum open and pending orders reached the limit (MaxOrders).
0	17:57:25.200	EA31337 EURUSD,M1: OpenOrderIsAllowed(): Maximum open and pending orders reached the limit (MaxOrders).
0	17:57:25.200	EA31337 EURUSD,M1: OpenOrderIsAllowed(): Maximum open and pending orders reached the limit (MaxOrders).
0	17:57:25.200	EA31337 EURUSD,M1: OpenOrderIsAllowed(): Maximum open and pending orders reached the limit (MaxOrders).
2	17:57:25.979	EA31337 EURUSD,M1: modify #41332911 buy 0.01 EURUSD at 1.13413 sl: 1.12985 tp: 1.13441 ok
0	17:58:03.455	EA31337 EURUSD,M1: OpenOrderIsAllowed(): Maximum open and pending orders reached the limit (MaxOrders).
0	17:58:03.455	EA31337 EURUSD,M1: OpenOrderIsAllowed(): Maximum open and pending orders reached the limit (MaxOrders).
0	17:58:16.513	EA31337 EURUSD,M1: OpenOrderIsAllowed(): Maximum open and pending orders reached the limit (MaxOrders).
0	17:58:16.546	EA31337 EURUSD,M1: OpenOrderIsAllowed(): Maximum open and pending orders reached the limit (MaxOrders).
0	17:58:16.546	EA31337 EURUSD,M1: OpenOrderIsAllowed(): Maximum open and pending orders reached the limit (MaxOrders).
0	17:58:16.546	EA31337 EURUSD,M1: OpenOrderIsAllowed(): Maximum open and pending orders reached the limit (MaxOrders).
0	17:58:39.326	EA31337 EURUSD,M1: OpenOrderIsAllowed(): Maximum open and pending orders reached the limit (MaxOrders).
0	17:58:39.326	EA31337 EURUSD,M1: OpenOrderIsAllowed(): Maximum open and pending orders reached the limit (MaxOrders).
2	17:58:58.938	EA31337 EURUSD,M1: modify #41332911 buy 0.01 EURUSD at 1.13413 sl: 1.12985 tp: 1.13451 ok
0	17:59:36.966	EA31337 EURUSD,M1: OpenOrderIsAllowed(): Maximum open and pending orders reached the limit (MaxOrders).
0	17:59:36.966	EA31337 EURUSD,M1: OpenOrderIsAllowed(): Maximum open and pending orders reached the limit (MaxOrders).
0	17:59:44.820	EA31337 EURUSD,M1: OpenOrderIsAllowed(): Maximum open and pending orders reached the limit (MaxOrders).
0	17:59:44.820	EA31337 EURUSD,M1: OpenOrderIsAllowed(): Maximum open and pending orders reached the limit (MaxOrders).
0	17:59:44.885	EA31337 EURUSD,M1: OpenOrderIsAllowed(): Maximum open and pending orders reached the limit (MaxOrders).
0	17:59:44.885	EA31337 EURUSD,M1: OpenOrderIsAllowed(): Maximum open and pending orders reached the limit (MaxOrders).
0	17:59:44.885	EA31337 EURUSD,M1: OpenOrderIsAllowed(): Maximum open and pending orders reached the limit (MaxOrders).
0	18:00:31.106	EA31337 EURUSD,M1: OpenOrderIsAllowed(): Maximum open and pending orders reached the limit (MaxOrders).
0	18:00:35.930	EA31337 EURUSD,M1: OpenOrderIsAllowed(): Maximum open and pending orders reached the limit (MaxOrders).
2	18:01:10.081	EA31337 EURUSD,M1: modify #40799831 buy 0.01 EURUSD at 1.11556 sl: 1.11134 tp: 1.14081 ok
0	18:01:14.450	EA31337 EURUSD,M1: == New hour: 18
0	18:01:19.558	EA31337 EURUSD,M1: ExecuteOrder(): MarketInfo: Symbol: EURUSD; Ask: 1.13415; Bid: 1.13383; Spread: 32 points = 3.2 pips; 
2	18:01:20.212	EA31337 EURUSD,M1: open #41334910 sell 0.01 EURUSD at 1.13384 sl: 1.13815 tp: 1.12943 ok
0	18:01:20.212	EA31337 EURUSD,M1: #41334910 2015.09.17 18:01:08 sell 0.01 EURUSD 1.13384 1.13815 1.12943 1.13428 0.00 0.00 -0.44 | spread: 3.8 31381
0	18:01:20.212	EA31337 EURUSD,M1: ExecuteOrder(): Order Details: Ticket: 41334910; Time: 2015.09.17 18:01:03; Comment: | spread: 3.8; Commision: 0; Symbol: EURUSD; Type: Sell; Expiration: 0; Open Price: 1.13384; Close Price: 1.13428; Take Profit: -0.44; Stop Loss: 1.1382; Swap: 0; Lot size: 0.01; Account Details: Time: 2015.09.17 18:01:03; Account Balance: $3277.39; Account Equity: $3379.49; Used Margin: $120.00; Free Margin: $3259.49; No of Orders: 12 (BUY/SELL: 6/6); Risk Ratio: 0.9
2	18:03:16.215	EA31337 EURUSD,M1: modify #40798279 buy 0.01 EURUSD at 1.11575 sl: 1.11154 tp: 1.14310 ok
2	18:03:16.701	EA31337 EURUSD,M1: modify #40799831 buy 0.01 EURUSD at 1.11556 sl: 1.11134 tp: 1.14759 ok
2	18:03:17.127	EA31337 EURUSD,M1: modify #40815726 buy 0.01 EURUSD at 1.11699 sl: 1.11275 tp: 1.14909 ok
2	18:03:17.553	EA31337 EURUSD,M1: modify #40918976 buy 0.01 EURUSD at 1.11935 sl: 1.11503 tp: 1.14306 ok
2	18:03:17.975	EA31337 EURUSD,M1: modify #40921178 buy 0.01 EURUSD at 1.11892 sl: 1.11469 tp: 1.14309 ok
2	18:03:18.433	EA31337 EURUSD,M1: modify #40938428 buy 0.01 EURUSD at 1.12132 sl: 1.11712 tp: 1.14909 ok
2	18:05:08.939	EA31337 EURUSD,M1: modify #40798279 buy 0.01 EURUSD at 1.11575 sl: 1.11154 tp: 1.14406 ok
2	18:05:09.459	EA31337 EURUSD,M1: modify #40918976 buy 0.01 EURUSD at 1.11935 sl: 1.11503 tp: 1.14407 ok
2	18:05:09.917	EA31337 EURUSD,M1: modify #40921178 buy 0.01 EURUSD at 1.11892 sl: 1.11469 tp: 1.14408 ok
0	18:08:17.263	EA31337 EURUSD,M1: ExecuteOrder(): MarketInfo: Symbol: EURUSD; Ask: 1.13727; Bid: 1.13703; Spread: 24 points = 2.4 pips; 
2	18:08:17.887	EA31337 EURUSD,M1: open #41337370 sell 0.01 EURUSD at 1.13702 sl: 1.14127 tp: 1.13263 ok
0	18:08:17.887	EA31337 EURUSD,M1: #41337370 2015.09.17 18:08:06 sell 0.01 EURUSD 1.13702 1.14127 1.13263 1.13726 0.00 0.00 -0.24 | spread: 2.3 31381
0	18:08:17.887	EA31337 EURUSD,M1: ExecuteOrder(): Order Details: Ticket: 41337370; Time: 2015.09.17 18:07:19; Comment: | spread: 2.3; Commision: 0; Symbol: EURUSD; Type: Sell; Expiration: 0; Open Price: 1.13702; Close Price: 1.13726; Take Profit: -0.24; Stop Loss: 1.1413; Swap: 0; Lot size: 0.01; Account Details: Time: 2015.09.17 18:07:19; Account Balance: $3260.47; Account Equity: $3371.63; Used Margin: $90.00; Free Margin: $3281.63; No of Orders: 9 (BUY/SELL: 6/3); Risk Ratio: 0.9
2	18:12:51.109	EA31337 EURUSD,M1: modify #40798279 buy 0.01 EURUSD at 1.11575 sl: 1.11154 tp: 1.14415 ok
2	18:12:51.535	EA31337 EURUSD,M1: modify #40799831 buy 0.01 EURUSD at 1.11556 sl: 1.11134 tp: 1.14762 ok
2	18:12:51.924	EA31337 EURUSD,M1: modify #40815726 buy 0.01 EURUSD at 1.11699 sl: 1.11275 tp: 1.14962 ok
2	18:12:52.337	EA31337 EURUSD,M1: modify #40918976 buy 0.01 EURUSD at 1.11935 sl: 1.11503 tp: 1.14418 ok
2	18:12:52.763	EA31337 EURUSD,M1: modify #40921178 buy 0.01 EURUSD at 1.11892 sl: 1.11469 tp: 1.14415 ok
2	18:12:53.120	EA31337 EURUSD,M1: modify #40938428 buy 0.01 EURUSD at 1.12132 sl: 1.11712 tp: 1.14968 ok
0	18:12:58.986	EA31337 EURUSD,M1: ExecuteOrder(): MarketInfo: Symbol: EURUSD; Ask: 1.14029; Bid: 1.14002; Spread: 27 points = 2.7 pips; 
2	18:12:59.441	EA31337 EURUSD,M1: open #41338342 sell 0.01 EURUSD at 1.13998 sl: 1.14429 tp: 1.13562 ok
0	18:12:59.441	EA31337 EURUSD,M1: #41338342 2015.09.17 18:12:48 sell 0.01 EURUSD 1.13998 1.14429 1.13562 1.14021 0.00 0.00 -0.23 | spread: 2.7 31381
0	18:12:59.441	EA31337 EURUSD,M1: ExecuteOrder(): Order Details: Ticket: 41338342; Time: 2015.09.17 18:12:47; Comment: | spread: 2.7; Commision: 0; Symbol: EURUSD; Type: Sell; Expiration: 0; Open Price: 1.13998; Close Price: 1.14021; Take Profit: -0.23; Stop Loss: 1.1443; Swap: 0; Lot size: 0.01; Account Details: Time: 2015.09.17 18:12:47; Account Balance: $3260.47; Account Equity: $3380.31; Used Margin: $100.00; Free Margin: $3280.31; No of Orders: 10 (BUY/SELL: 6/4); Risk Ratio: 0.9
2	18:14:41.665	EA31337 EURUSD,M1: modify #40798279 buy 0.01 EURUSD at 1.11575 sl: 1.11154 tp: 1.14617 ok
2	18:14:41.929	EA31337 EURUSD,M1: modify #40799831 buy 0.01 EURUSD at 1.11556 sl: 1.11134 tp: 1.15246 ok
2	18:14:42.221	EA31337 EURUSD,M1: modify #40815726 buy 0.01 EURUSD at 1.11699 sl: 1.11275 tp: 1.15468 ok
2	18:14:42.545	EA31337 EURUSD,M1: modify #40918976 buy 0.01 EURUSD at 1.11935 sl: 1.11503 tp: 1.14617 ok
2	18:14:42.906	EA31337 EURUSD,M1: modify #40921178 buy 0.01 EURUSD at 1.11892 sl: 1.11469 tp: 1.14620 ok
2	18:14:43.393	EA31337 EURUSD,M1: modify #40938428 buy 0.01 EURUSD at 1.12132 sl: 1.11712 tp: 1.15471 ok
2	18:18:11.600	EA31337 EURUSD,M1: modify #41338342 sell 0.01 EURUSD at 1.13998 sl: 1.14429 tp: 1.13535 ok
0	18:19:01.752	EA31337 EURUSD,M1: ExecuteOrder(): MarketInfo: Symbol: EURUSD; Ask: 1.13944; Bid: 1.13922; Spread: 22 points = 2.2 pips; 
2	18:19:02.115	EA31337 EURUSD,M1: open #41339725 sell 0.01 EURUSD at 1.13928 sl: 1.14344 tp: 1.13482 ok
0	18:19:02.115	EA31337 EURUSD,M1: #41339725 2015.09.17 18:18:50 sell 0.01 EURUSD 1.13928 1.14344 1.13482 1.13949 0.00 0.00 -0.21 | spread: 2.4 31382
0	18:19:02.115	EA31337 EURUSD,M1: ExecuteOrder(): Order Details: Ticket: 41339725; Time: 2015.09.17 18:18:01; Comment: | spread: 2.4; Commision: 0; Symbol: EURUSD; Type: Sell; Expiration: 0; Open Price: 1.13928; Close Price: 1.13949; Take Profit: -0.21; Stop Loss: 1.1434; Swap: 0; Lot size: 0.01; Account Details: Time: 2015.09.17 18:18:01; Account Balance: $3248.02; Account Equity: $3374.88; Used Margin: $80.00; Free Margin: $3294.88; No of Orders: 8 (BUY/SELL: 6/2); Risk Ratio: 0.9
2	18:19:59.146	EA31337 EURUSD,M1: modify #41338342 sell 0.01 EURUSD at 1.13998 sl: 1.14429 tp: 1.13398 ok
2	18:19:59.535	EA31337 EURUSD,M1: modify #41339725 sell 0.01 EURUSD at 1.13928 sl: 1.14344 tp: 1.13396 ok
0	18:24:07.444	EA31337 EURUSD,M1: ExecuteOrder(): MarketInfo: Symbol: EURUSD; Ask: 1.13907; Bid: 1.13880; Spread: 27 points = 2.7 pips; 
2	18:24:08.323	EA31337 EURUSD,M1: open #41340410 sell 0.01 EURUSD at 1.13886 sl: 1.14307 tp: 1.13440 ok
0	18:24:08.323	EA31337 EURUSD,M1: #41340410 2015.09.17 18:23:56 sell 0.01 EURUSD 1.13886 1.14307 1.13440 1.13910 0.00 0.00 -0.24 | spread: 2.7 31383
0	18:24:08.323	EA31337 EURUSD,M1: ExecuteOrder(): Order Details: Ticket: 41340410; Time: 2015.09.17 18:23:55; Comment: | spread: 2.7; Commision: 0; Symbol: EURUSD; Type: Sell; Expiration: 0; Open Price: 1.13886; Close Price: 1.13910; Take Profit: -0.24; Stop Loss: 1.1431; Swap: 0; Lot size: 0.01; Account Details: Time: 2015.09.17 18:23:55; Account Balance: $3248.02; Account Equity: $3373.20; Used Margin: $90.00; Free Margin: $3283.20; No of Orders: 9 (BUY/SELL: 6/3); Risk Ratio: 0.9
2	18:27:08.697	EA31337 EURUSD,M1: modify #41340410 sell 0.01 EURUSD at 1.13886 sl: 1.14307 tp: 1.13398 ok
2	18:29:39.602	EA31337 EURUSD,M1: modify #41338342 sell 0.01 EURUSD at 1.13998 sl: 1.14429 tp: 1.13332 ok
2	18:29:40.056	EA31337 EURUSD,M1: modify #41339725 sell 0.01 EURUSD at 1.13928 sl: 1.14344 tp: 1.13331 ok
2	18:29:40.449	EA31337 EURUSD,M1: modify #41340410 sell 0.01 EURUSD at 1.13886 sl: 1.14307 tp: 1.13335 ok
0	18:30:27.513	EA31337 EURUSD,M1: ExecuteOrder(): MarketInfo: Symbol: EURUSD; Ask: 1.13774; Bid: 1.13746; Spread: 28 points = 2.8 pips; 
2	18:30:28.000	EA31337 EURUSD,M1: open #41341230 buy 0.01 EURUSD at 1.13774 sl: 1.13346 tp: 1.14823 ok
0	18:30:28.000	EA31337 EURUSD,M1: #41341230 2015.09.17 18:30:16 buy 0.01 EURUSD 1.13774 1.13346 1.14823 1.13745 0.00 0.00 -0.29 | spread: 2.6 31408
0	18:30:28.000	EA31337 EURUSD,M1: ExecuteOrder(): Order Details: Ticket: 41341230; Time: 2015.09.17 18:29:33; Comment: | spread: 2.6; Commision: 0; Symbol: EURUSD; Type: Buy; Expiration: 0; Open Price: 1.13774; Close Price: 1.13745; Take Profit: -0.29; Stop Loss: 1.1335; Swap: 0; Lot size: 0.01; Account Details: Time: 2015.09.17 18:29:33; Account Balance: $3248.02; Account Equity: $3368.23; Used Margin: $100.00; Free Margin: $3268.23; No of Orders: 10 (BUY/SELL: 7/3); Risk Ratio: 0.9
2	18:31:03.690	EA31337 EURUSD,M1: modify #41338342 sell 0.01 EURUSD at 1.13998 sl: 1.14429 tp: 1.13320 ok
2	18:31:04.116	EA31337 EURUSD,M1: modify #41339725 sell 0.01 EURUSD at 1.13928 sl: 1.14344 tp: 1.13326 ok
2	18:31:04.602	EA31337 EURUSD,M1: modify #41340410 sell 0.01 EURUSD at 1.13886 sl: 1.14307 tp: 1.13327 ok
2	18:32:37.831	EA31337 EURUSD,M1: modify #41341230 buy 0.01 EURUSD at 1.13774 sl: 1.13346 tp: 1.14934 ok
2	18:33:57.898	EA31337 EURUSD,M1: modify #41341230 buy 0.01 EURUSD at 1.13774 sl: 1.13346 tp: 1.15023 ok
2	18:35:28.167	EA31337 EURUSD,M1: modify #41341230 buy 0.01 EURUSD at 1.13774 sl: 1.13346 tp: 1.15285 ok
0	18:35:45.623	EA31337 EURUSD,M1: ExecuteOrder(): MarketInfo: Symbol: EURUSD; Ask: 1.13983; Bid: 1.13957; Spread: 26 points = 2.6 pips; 
2	18:35:55.610	EA31337 EURUSD,M1: open #41342080 sell 0.01 EURUSD at 1.13957 sl: 1.14383 tp: 1.13596 ok
0	18:35:55.610	EA31337 EURUSD,M1: #41342080 2015.09.17 18:35:44 sell 0.01 EURUSD 1.13957 1.14383 1.13596 1.13981 0.00 0.00 -0.24 | spread: 2.2 31349
0	18:35:55.610	EA31337 EURUSD,M1: ExecuteOrder(): Order Details: Ticket: 41342080; Time: 2015.09.17 18:35:19; Comment: | spread: 2.2; Commision: 0; Symbol: EURUSD; Type: Sell; Expiration: 0; Open Price: 1.13957; Close Price: 1.13981; Take Profit: -0.24; Stop Loss: 1.1438; Swap: 0; Lot size: 0.01; Account Details: Time: 2015.09.17 18:35:19; Account Balance: $3248.02; Account Equity: $3376.62; Used Margin: $110.00; Free Margin: $3266.62; No of Orders: 11 (BUY/SELL: 7/4); Risk Ratio: 0.9
2	18:37:14.915	EA31337 EURUSD,M1: close #41342080 sell 0.01 EURUSD at 1.13957 sl: 1.14383 tp: 1.13596 at price 1.13895
0	18:37:14.952	EA31337 EURUSD,M1: CloseOrder(): Closed order 41342080 with profit 0.6 pips, reason: None (inactive); Order Details: Ticket: 41342080; Time: 2015.09.17 18:36:53; Comment: | spread: 2.2; Commision: 0; Symbol: EURUSD; Type: Sell; Expiration: 0; Open Price: 1.13957; Close Price: 1.13897; Take Profit: 0.6; Stop Loss: 1.1438; Swap: 0; Lot size: 0.01; 
0	18:37:14.952	EA31337 EURUSD,M1: CloseOrdersByType():Closed 1 orders (1, 12) on market change with total profit of : 1 pips (0 failed)
2	18:39:37.819	EA31337 EURUSD,M1: modify #41341230 buy 0.01 EURUSD at 1.13774 sl: 1.13346 tp: 1.15296 ok
0	18:43:22.184	EA31337 EURUSD,M1: ExecuteOrder(): MarketInfo: Symbol: EURUSD; Ask: 1.13953; Bid: 1.13926; Spread: 27 points = 2.7 pips; 
2	18:43:22.739	EA31337 EURUSD,M1: open #41343175 sell 0.01 EURUSD at 1.13926 sl: 1.14353 tp: 1.13486 ok
0	18:43:22.739	EA31337 EURUSD,M1: #41343175 2015.09.17 18:43:11 sell 0.01 EURUSD 1.13926 1.14353 1.13486 1.13951 0.00 0.00 -0.25 | spread: 2.6 31395
0	18:43:22.739	EA31337 EURUSD,M1: ExecuteOrder(): Order Details: Ticket: 41343175; Time: 2015.09.17 18:42:09; Comment: | spread: 2.6; Commision: 0; Symbol: EURUSD; Type: Sell; Expiration: 0; Open Price: 1.13926; Close Price: 1.13951; Take Profit: -0.25; Stop Loss: 1.1435; Swap: 0; Lot size: 0.01; Account Details: Time: 2015.09.17 18:42:09; Account Balance: $3248.64; Account Equity: $3375.96; Used Margin: $110.00; Free Margin: $3265.96; No of Orders: 11 (BUY/SELL: 7/4); Risk Ratio: 0.9
2	18:44:47.887	EA31337 EURUSD,M1: modify #41343175 sell 0.01 EURUSD at 1.13926 sl: 1.14353 tp: 1.13479 ok
0	18:47:39.402	EA31337 EURUSD,M1: ExecuteOrder(): MarketInfo: Symbol: EURUSD; Ask: 1.14003; Bid: 1.13982; Spread: 21 points = 2.1 pips; 
2	18:47:44.512	EA31337 EURUSD,M1: open #41343940 buy 0.01 EURUSD at 1.13967 sl: 1.13582 tp: 1.14255 ok
0	18:47:44.512	EA31337 EURUSD,M1: #41343940 2015.09.17 18:47:33 buy 0.01 EURUSD 1.13967 1.13582 1.14255 1.13943 0.00 0.00 -0.24 | spread: 2.2 31350
0	18:47:44.512	EA31337 EURUSD,M1: ExecuteOrder(): Order Details: Ticket: 41343940; Time: 2015.09.17 18:47:19; Comment: | spread: 2.2; Commision: 0; Symbol: EURUSD; Type: Buy; Expiration: 0; Open Price: 1.13967; Close Price: 1.13943; Take Profit: -0.24; Stop Loss: 1.1358; Swap: 0; Lot size: 0.01; Account Details: Time: 2015.09.17 18:47:19; Account Balance: $3248.64; Account Equity: $3376.27; Used Margin: $120.00; Free Margin: $3256.27; No of Orders: 12 (BUY/SELL: 8/4); Risk Ratio: 0.9
2	18:48:09.128	EA31337 EURUSD,M1: modify #41341230 buy 0.01 EURUSD at 1.13774 sl: 1.13346 tp: 1.15453 ok
2	18:48:09.585	EA31337 EURUSD,M1: modify #41343175 sell 0.01 EURUSD at 1.13926 sl: 1.14353 tp: 1.13463 ok
2	18:48:10.009	EA31337 EURUSD,M1: modify #41343940 buy 0.01 EURUSD at 1.13967 sl: 1.13582 tp: 1.14258 ok
2	18:49:22.891	EA31337 EURUSD,M1: modify #41343175 sell 0.01 EURUSD at 1.13926 sl: 1.14353 tp: 1.13392 ok
2	18:51:16.086	EA31337 EURUSD,M1: modify #41343940 buy 0.01 EURUSD at 1.13967 sl: 1.13582 tp: 1.14285 ok
0	18:52:28.867	EA31337 EURUSD,M1: ExecuteOrder(): MarketInfo: Symbol: EURUSD; Ask: 1.13889; Bid: 1.13869; Spread: 20 points = 2 pips; 
2	18:52:37.781	EA31337 EURUSD,M1: open #41344622 buy 0.01 EURUSD at 1.13891 sl: 1.13469 tp: 1.14096 ok
0	18:52:37.781	EA31337 EURUSD,M1: #41344622 2015.09.17 18:52:26 buy 0.01 EURUSD 1.13891 1.13469 1.14096 1.13864 0.00 0.00 -0.27 | spread: 2.7 31349
0	18:52:37.781	EA31337 EURUSD,M1: ExecuteOrder(): Order Details: Ticket: 41344622; Time: 2015.09.17 18:52:02; Comment: | spread: 2.7; Commision: 0; Symbol: EURUSD; Type: Buy; Expiration: 0; Open Price: 1.13891; Close Price: 1.13864; Take Profit: -0.27; Stop Loss: 1.1347; Swap: 0; Lot size: 0.01; Account Details: Time: 2015.09.17 18:52:02; Account Balance: $3248.64; Account Equity: $3372.72; Used Margin: $130.00; Free Margin: $3242.72; No of Orders: 13 (BUY/SELL: 9/4); Risk Ratio: 0.9
2	18:53:59.902	EA31337 EURUSD,M1: modify #41344622 buy 0.01 EURUSD at 1.13891 sl: 1.13469 tp: 1.14100 ok
2	18:54:32.210	EA31337 EURUSD,M1: modify #41343940 buy 0.01 EURUSD at 1.13967 sl: 1.13582 tp: 1.14287 ok
2	18:54:32.633	EA31337 EURUSD,M1: modify #41344622 buy 0.01 EURUSD at 1.13891 sl: 1.13469 tp: 1.14113 ok
2	18:56:18.136	EA31337 EURUSD,M1: modify #41343940 buy 0.01 EURUSD at 1.13967 sl: 1.13582 tp: 1.14289 ok
2	18:58:20.097	EA31337 EURUSD,M1: modify #41343940 buy 0.01 EURUSD at 1.13967 sl: 1.13582 tp: 1.14330 ok
2	18:58:20.491	EA31337 EURUSD,M1: modify #41344622 buy 0.01 EURUSD at 1.13891 sl: 1.13469 tp: 1.14115 ok
0	19:00:30.593	EA31337 EURUSD,M1: ExecuteOrder(): MarketInfo: Symbol: EURUSD; Ask: 1.13932; Bid: 1.13908; Spread: 24 points = 2.4 pips; 
2	19:00:31.704	EA31337 EURUSD,M1: open #41345528 sell 0.01 EURUSD at 1.13904 sl: 1.14332 tp: 1.13468 ok
0	19:00:31.704	EA31337 EURUSD,M1: #41345528 2015.09.17 19:00:19 sell 0.01 EURUSD 1.13904 1.14332 1.13468 1.13929 0.00 0.00 -0.25 | spread: 2.6 31409
0	19:00:31.704	EA31337 EURUSD,M1: ExecuteOrder(): Order Details: Ticket: 41345528; Time: 2015.09.17 18:58:25; Comment: | spread: 2.6; Commision: 0; Symbol: EURUSD; Type: Sell; Expiration: 0; Open Price: 1.13904; Close Price: 1.13929; Take Profit: -0.25; Stop Loss: 1.1433; Swap: 0; Lot size: 0.01; Account Details: Time: 2015.09.17 18:58:25; Account Balance: $3248.64; Account Equity: $3374.55; Used Margin: $140.00; Free Margin: $3234.55; No of Orders: 14 (BUY/SELL: 9/5); Risk Ratio: 0.9
0	19:00:55.672	EA31337 EURUSD,M1: == New hour: 19
2	19:03:51.093	EA31337 EURUSD,M1: modify #41343940 buy 0.01 EURUSD at 1.13967 sl: 1.13582 tp: 1.14354 ok
2	19:04:34.721	EA31337 EURUSD,M1: modify #41343940 buy 0.01 EURUSD at 1.13967 sl: 1.13582 tp: 1.14355 ok
2	19:04:35.111	EA31337 EURUSD,M1: modify #41345528 sell 0.01 EURUSD at 1.13904 sl: 1.14332 tp: 1.13457 ok
0	19:05:10.420	EA31337 EURUSD,M1: ExecuteOrder(): MarketInfo: Symbol: EURUSD; Ask: 1.13842; Bid: 1.13815; Spread: 27 points = 2.7 pips; 
2	19:05:11.020	EA31337 EURUSD,M1: open #41346005 sell 0.01 EURUSD at 1.13804 sl: 1.14242 tp: 1.13591 ok
0	19:05:11.020	EA31337 EURUSD,M1: #41346005 2015.09.17 19:04:59 sell 0.01 EURUSD 1.13804 1.14242 1.13591 1.13829 0.00 0.00 -0.25 | spread: 2.4 31405
0	19:05:11.020	EA31337 EURUSD,M1: ExecuteOrder(): Order Details: Ticket: 41346005; Time: 2015.09.17 19:04:32; Comment: | spread: 2.4; Commision: 0; Symbol: EURUSD; Type: Sell; Expiration: 0; Open Price: 1.13804; Close Price: 1.13829; Take Profit: -0.25; Stop Loss: 1.1424; Swap: 0; Lot size: 0.01; Account Details: Time: 2015.09.17 19:04:32; Account Balance: $3248.64; Account Equity: $3370.30; Used Margin: $150.00; Free Margin: $3220.30; No of Orders: 15 (BUY/SELL: 9/6); Risk Ratio: 0.9
2	19:05:41.410	EA31337 EURUSD,M1: modify #41343940 buy 0.01 EURUSD at 1.13967 sl: 1.13582 tp: 1.14357 ok
2	19:05:41.893	EA31337 EURUSD,M1: modify #41345528 sell 0.01 EURUSD at 1.13904 sl: 1.14332 tp: 1.13418 ok
2	19:05:42.514	EA31337 EURUSD,M1: modify #41346005 sell 0.01 EURUSD at 1.13804 sl: 1.14242 tp: 1.13463 ok
0	19:05:55.541	EA31337 EURUSD,M1: OpenOrderIsAllowed(): MA M1: Maximum open and pending orders per type reached the limit (MaxOrdersPerType).
2	19:05:57.034	EA31337 EURUSD,M1: modify #41343940 buy 0.01 EURUSD at 1.13967 sl: 1.13582 tp: 1.14358 ok
2	19:09:29.060	EA31337 EURUSD,M1: modify #41343940 buy 0.01 EURUSD at 1.13967 sl: 1.13582 tp: 1.14362 ok
2	19:09:29.519	EA31337 EURUSD,M1: modify #41345528 sell 0.01 EURUSD at 1.13904 sl: 1.14332 tp: 1.13410 ok
0	19:10:49.043	EA31337 EURUSD,M1: OpenOrderIsAllowed(): MA M1: Maximum open and pending orders per type reached the limit (MaxOrdersPerType).
0	19:10:49.043	EA31337 EURUSD,M1: ExecuteOrder(): MarketInfo: Symbol: EURUSD; Ask: 1.13943; Bid: 1.13919; Spread: 24 points = 2.4 pips; 
2	19:10:49.628	EA31337 EURUSD,M1: open #41346643 sell 0.01 EURUSD at 1.13913 sl: 1.14343 tp: 1.13479 ok
0	19:10:49.628	EA31337 EURUSD,M1: #41346643 2015.09.17 19:10:38 sell 0.01 EURUSD 1.13913 1.14343 1.13479 1.13938 0.00 0.00 -0.25 | spread: 2.5 31410
0	19:10:49.695	EA31337 EURUSD,M1: ExecuteOrder(): Order Details: Ticket: 41346643; Time: 2015.09.17 19:09:23; Comment: | spread: 2.5; Commision: 0; Symbol: EURUSD; Type: Sell; Expiration: 0; Open Price: 1.13913; Close Price: 1.13938; Take Profit: -0.25; Stop Loss: 1.1434; Swap: 0; Lot size: 0.01; Account Details: Time: 2015.09.17 19:09:23; Account Balance: $3248.64; Account Equity: $3373.32; Used Margin: $160.00; Free Margin: $3213.32; No of Orders: 16 (BUY/SELL: 9/7); Risk Ratio: 0.9
2	19:11:57.226	EA31337 EURUSD,M1: modify #41343940 buy 0.01 EURUSD at 1.13967 sl: 1.13582 tp: 1.14366 ok
2	19:12:18.310	EA31337 EURUSD,M1: modify #41343940 buy 0.01 EURUSD at 1.13967 sl: 1.13582 tp: 1.14369 ok
2	19:12:18.699	EA31337 EURUSD,M1: modify #41346643 sell 0.01 EURUSD at 1.13913 sl: 1.14343 tp: 1.13459 ok
0	19:15:12.898	EA31337 EURUSD,M1: ExecuteOrder(): MarketInfo: Symbol: EURUSD; Ask: 1.13965; Bid: 1.13938; Spread: 27 points = 2.7 pips; 
2	19:15:13.578	EA31337 EURUSD,M1: open #41347052 sell 0.01 EURUSD at 1.13937 sl: 1.14365 tp: 1.13498 ok
0	19:15:13.578	EA31337 EURUSD,M1: #41347052 2015.09.17 19:15:02 sell 0.01 EURUSD 1.13937 1.14365 1.13498 1.13963 0.00 0.00 -0.26 | spread: 2.7 31384
0	19:15:13.611	EA31337 EURUSD,M1: ExecuteOrder(): Order Details: Ticket: 41347052; Time: 2015.09.17 19:15:01; Comment: | spread: 2.7; Commision: 0; Symbol: EURUSD; Type: Sell; Expiration: 0; Open Price: 1.13937; Close Price: 1.13963; Take Profit: -0.26; Stop Loss: 1.1437; Swap: 0; Lot size: 0.01; Account Details: Time: 2015.09.17 19:15:01; Account Balance: $3248.64; Account Equity: $3373.56; Used Margin: $170.00; Free Margin: $3203.56; No of Orders: 17 (BUY/SELL: 9/8); Risk Ratio: 0.9
0	19:15:13.611	EA31337 EURUSD,M1: OpenOrderIsAllowed(): Maximum open and pending orders reached the limit (MaxOrders).
0	19:15:13.611	EA31337 EURUSD,M1: OpenOrderIsAllowed(): Maximum open and pending orders reached the limit (MaxOrders).
0	19:15:13.611	EA31337 EURUSD,M1: OpenOrderIsAllowed(): Maximum open and pending orders reached the limit (MaxOrders).
0	19:15:13.676	EA31337 EURUSD,M1: OpenOrderIsAllowed(): Maximum open and pending orders reached the limit (MaxOrders).
0	19:15:57.953	EA31337 EURUSD,M1: OpenOrderIsAllowed(): Maximum open and pending orders reached the limit (MaxOrders).
0	19:15:57.953	EA31337 EURUSD,M1: OpenOrderIsAllowed(): Maximum open and pending orders reached the limit (MaxOrders).
0	19:16:52.644	EA31337 EURUSD,M1: OpenOrderIsAllowed(): Maximum open and pending orders reached the limit (MaxOrders).
0	19:16:58.068	EA31337 EURUSD,M1: OpenOrderIsAllowed(): Maximum open and pending orders reached the limit (MaxOrders).
0	19:17:07.629	EA31337 EURUSD,M1: OpenOrderIsAllowed(): Maximum open and pending orders reached the limit (MaxOrders).
0	19:17:26.869	EA31337 EURUSD,M1: OpenOrderIsAllowed(): Maximum open and pending orders reached the limit (MaxOrders).
0	19:17:26.869	EA31337 EURUSD,M1: OpenOrderIsAllowed(): Maximum open and pending orders reached the limit (MaxOrders).
0	19:17:26.869	EA31337 EURUSD,M1: OpenOrderIsAllowed(): Maximum open and pending orders reached the limit (MaxOrders).
0	19:17:31.198	EA31337 EURUSD,M1: OpenOrderIsAllowed(): Maximum open and pending orders reached the limit (MaxOrders).
2	19:17:31.818	EA31337 EURUSD,M1: modify #41343940 buy 0.01 EURUSD at 1.13967 sl: 1.13582 tp: 1.14376 ok
2	19:17:32.925	EA31337 EURUSD,M1: close #40799831 buy 0.01 EURUSD at 1.11556 sl: 1.11134 tp: 1.15246 at price 1.14036
0	19:17:32.957	EA31337 EURUSD,M1: CloseOrder(): Closed order 40799831 with profit 25.04 pips, reason: Maximum orders opened; Order Details: Ticket: 40799831; Time: 2015.09.17 19:15:01; Comment: | spread: 1.7; Commision: 0; Symbol: EURUSD; Type: Buy; Expiration: 0; Open Price: 1.11556; Close Price: 1.14034; Take Profit: 24.78; Stop Loss: 1.1113; Swap: -0.26; Lot size: 0.01; 
0	19:17:33.087	EA31337 EURUSD,M1: TaskProcessList(): Processed 1 jobs (1 run, 0 failed (0 removed)).
0	19:17:33.087	EA31337 EURUSD,M1: ActionExecute(): Account Details: Time: 2015.09.17 19:15:01; Account Balance: $3273.18; Account Equity: $3374.62; Used Margin: $160.00; Free Margin: $3214.62; No of Orders: 16 (BUY/SELL: 8/8); Risk Ratio: 0.9Stats: Alligator M1: 6%, Alligator M5: 6%, Alligator M15: 6%, Bands M1: 6%, Bands M5: 6%, DeMarker M1: 6%, DeMarker M5: 6%, DeMarker M15: 6%, MA M1: 12%, MA M5: 12%, MA M30: 6%, MACD M1: 6%, MACD M5: 6%, SAR M1: 6%, SAR M5: 6%, 
Open Orders: 16 +8/-8 [0.16 lots] (other: 0)
0	19:17:33.087	EA31337 EURUSD,M1: ActionExecute(): Executed action: Close most profitable order (above MinProfitCloseOrder) (id: 2), because of market condition: Weekly peak price (id: 11) and account condition: Maximum orders opened (id: 37) [E:$3374.62/B:$3273.18/P:25.0p].
2	19:19:53.042	EA31337 EURUSD,M1: modify #41343940 buy 0.01 EURUSD at 1.13967 sl: 1.13582 tp: 1.14378 ok
0	19:19:58.484	EA31337 EURUSD,M1: ExecuteOrder(): MarketInfo: Symbol: EURUSD; Ask: 1.14060; Bid: 1.14037; Spread: 23 points = 2.3 pips; 
2	19:19:59.008	EA31337 EURUSD,M1: open #41347557 sell 0.01 EURUSD at 1.14028 sl: 1.14460 tp: 1.13597 ok
0	19:19:59.008	EA31337 EURUSD,M1: #41347557 2015.09.17 19:19:47 sell 0.01 EURUSD 1.14028 1.14460 1.13597 1.14051 0.00 0.00 -0.23 | spread: 2.3 31382
0	19:19:59.008	EA31337 EURUSD,M1: ExecuteOrder(): Order Details: Ticket: 41347557; Time: 2015.09.17 19:19:46; Comment: | spread: 2.3; Commision: 0; Symbol: EURUSD; Type: Sell; Expiration: 0; Open Price: 1.14028; Close Price: 1.14051; Take Profit: -0.23; Stop Loss: 1.1446; Swap: 0; Lot size: 0.01; Account Details: Time: 2015.09.17 19:19:46; Account Balance: $3273.18; Account Equity: $3374.47; Used Margin: $170.00; Free Margin: $3204.47; No of Orders: 17 (BUY/SELL: 8/9); Risk Ratio: 0.9
0	19:19:59.008	EA31337 EURUSD,M1: OpenOrderIsAllowed(): Maximum open and pending orders reached the limit (MaxOrders).
0	19:19:59.040	EA31337 EURUSD,M1: OpenOrderIsAllowed(): Maximum open and pending orders reached the limit (MaxOrders).
0	19:19:59.040	EA31337 EURUSD,M1: OpenOrderIsAllowed(): Maximum open and pending orders reached the limit (MaxOrders).
0	19:19:59.040	EA31337 EURUSD,M1: OpenOrderIsAllowed(): Maximum open and pending orders reached the limit (MaxOrders).
0	19:19:59.040	EA31337 EURUSD,M1: OpenOrderIsAllowed(): Maximum open and pending orders reached the limit (MaxOrders).
0	19:19:59.040	EA31337 EURUSD,M1: OpenOrderIsAllowed(): Maximum open and pending orders reached the limit (MaxOrders).
0	19:19:59.105	EA31337 EURUSD,M1: OpenOrderIsAllowed(): Maximum open and pending orders reached the limit (MaxOrders).
0	19:20:14.039	EA31337 EURUSD,M1: OpenOrderIsAllowed(): Maximum open and pending orders reached the limit (MaxOrders).
0	19:20:14.562	EA31337 EURUSD,M1: OpenOrderIsAllowed(): Maximum open and pending orders reached the limit (MaxOrders).
0	19:20:14.562	EA31337 EURUSD,M1: OpenOrderIsAllowed(): Maximum open and pending orders reached the limit (MaxOrders).
0	19:20:14.919	EA31337 EURUSD,M1: OpenOrderIsAllowed(): Maximum open and pending orders reached the limit (MaxOrders).
0	19:20:14.919	EA31337 EURUSD,M1: OpenOrderIsAllowed(): Maximum open and pending orders reached the limit (MaxOrders).
0	19:20:15.114	EA31337 EURUSD,M1: OpenOrderIsAllowed(): Maximum open and pending orders reached the limit (MaxOrders).
0	19:20:15.114	EA31337 EURUSD,M1: OpenOrderIsAllowed(): Maximum open and pending orders reached the limit (MaxOrders).
0	19:20:58.316	EA31337 EURUSD,M1: OpenOrderIsAllowed(): Maximum open and pending orders reached the limit (MaxOrders).
0	19:20:58.316	EA31337 EURUSD,M1: OpenOrderIsAllowed(): Maximum open and pending orders reached the limit (MaxOrders).
0	19:20:58.316	EA31337 EURUSD,M1: OpenOrderIsAllowed(): Maximum open and pending orders reached the limit (MaxOrders).
0	19:20:58.316	EA31337 EURUSD,M1: OpenOrderIsAllowed(): Maximum open and pending orders reached the limit (MaxOrders).
0	19:20:58.316	EA31337 EURUSD,M1: OpenOrderIsAllowed(): Maximum open and pending orders reached the limit (MaxOrders).
0	19:20:58.316	EA31337 EURUSD,M1: OpenOrderIsAllowed(): Maximum open and pending orders reached the limit (MaxOrders).
0	19:20:58.316	EA31337 EURUSD,M1: OpenOrderIsAllowed(): Maximum open and pending orders reached the limit (MaxOrders).
0	19:21:12.690	EA31337 EURUSD,M1: OpenOrderIsAllowed(): Maximum open and pending orders reached the limit (MaxOrders).
0	19:21:46.385	EA31337 EURUSD,M1: OpenOrderIsAllowed(): Maximum open and pending orders reached the limit (MaxOrders).
0	19:21:46.843	EA31337 EURUSD,M1: OpenOrderIsAllowed(): Maximum open and pending orders reached the limit (MaxOrders).
0	19:21:46.843	EA31337 EURUSD,M1: OpenOrderIsAllowed(): Maximum open and pending orders reached the limit (MaxOrders).
2	19:21:47.691	EA31337 EURUSD,M1: modify #41341230 buy 0.01 EURUSD at 1.13774 sl: 1.13346 tp: 1.15515 ok
2	19:21:48.081	EA31337 EURUSD,M1: modify #41343940 buy 0.01 EURUSD at 1.13967 sl: 1.13582 tp: 1.14395 ok
0	19:21:53.483	EA31337 EURUSD,M1: OpenOrderIsAllowed(): Maximum open and pending orders reached the limit (MaxOrders).
0	19:21:53.680	EA31337 EURUSD,M1: OpenOrderIsAllowed(): Maximum open and pending orders reached the limit (MaxOrders).
0	19:21:53.680	EA31337 EURUSD,M1: OpenOrderIsAllowed(): Maximum open and pending orders reached the limit (MaxOrders).
0	19:21:53.680	EA31337 EURUSD,M1: OpenOrderIsAllowed(): Maximum open and pending orders reached the limit (MaxOrders).
0	19:21:53.710	EA31337 EURUSD,M1: OpenOrderIsAllowed(): Maximum open and pending orders reached the limit (MaxOrders).
0	19:21:53.711	EA31337 EURUSD,M1: OpenOrderIsAllowed(): Maximum open and pending orders reached the limit (MaxOrders).
0	19:21:53.711	EA31337 EURUSD,M1: OpenOrderIsAllowed(): Maximum open and pending orders reached the limit (MaxOrders).
0	19:21:53.711	EA31337 EURUSD,M1: OpenOrderIsAllowed(): Maximum open and pending orders reached the limit (MaxOrders).
0	19:21:53.812	EA31337 EURUSD,M1: OpenOrderIsAllowed(): Maximum open and pending orders reached the limit (MaxOrders).
0	19:21:59.461	EA31337 EURUSD,M1: OpenOrderIsAllowed(): Maximum open and pending orders reached the limit (MaxOrders).
0	19:21:59.461	EA31337 EURUSD,M1: OpenOrderIsAllowed(): Maximum open and pending orders reached the limit (MaxOrders).
0	19:21:59.461	EA31337 EURUSD,M1: OpenOrderIsAllowed(): Maximum open and pending orders reached the limit (MaxOrders).
0	19:21:59.461	EA31337 EURUSD,M1: OpenOrderIsAllowed(): Maximum open and pending orders reached the limit (MaxOrders).
0	19:21:59.461	EA31337 EURUSD,M1: OpenOrderIsAllowed(): Maximum open and pending orders reached the limit (MaxOrders).
0	19:21:59.461	EA31337 EURUSD,M1: OpenOrderIsAllowed(): Maximum open and pending orders reached the limit (MaxOrders).
0	19:21:59.461	EA31337 EURUSD,M1: OpenOrderIsAllowed(): Maximum open and pending orders reached the limit (MaxOrders).
2	19:22:04.612	EA31337 EURUSD,M1: modify #41341230 buy 0.01 EURUSD at 1.13774 sl: 1.13346 tp: 1.15518 ok
2	19:22:05.039	EA31337 EURUSD,M1: modify #41343940 buy 0.01 EURUSD at 1.13967 sl: 1.13582 tp: 1.14397 ok
0	19:22:17.643	EA31337 EURUSD,M1: OpenOrderIsAllowed(): DeMarker M5: Maximum open and pending orders per type reached the limit (MaxOrdersPerType).
0	19:23:21.231	EA31337 EURUSD,M1: OpenOrderIsAllowed(): DeMarker M5: Maximum open and pending orders per type reached the limit (MaxOrdersPerType).
2	19:23:29.024	EA31337 EURUSD,M1: modify #40798279 buy 0.01 EURUSD at 1.11575 sl: 1.11154 tp: 1.14645 ok
2	19:23:29.547	EA31337 EURUSD,M1: modify #40918976 buy 0.01 EURUSD at 1.11935 sl: 1.11503 tp: 1.14645 ok
2	19:23:29.937	EA31337 EURUSD,M1: modify #40921178 buy 0.01 EURUSD at 1.11892 sl: 1.11469 tp: 1.14646 ok
2	19:23:30.293	EA31337 EURUSD,M1: modify #41341230 buy 0.01 EURUSD at 1.13774 sl: 1.13346 tp: 1.15624 ok
2	19:23:30.682	EA31337 EURUSD,M1: modify #41343940 buy 0.01 EURUSD at 1.13967 sl: 1.13582 tp: 1.14403 ok
0	19:27:34.628	EA31337 EURUSD,M1: ExecuteOrder(): MarketInfo: Symbol: EURUSD; Ask: 1.14030; Bid: 1.14006; Spread: 24 points = 2.4 pips; 
2	19:27:34.855	EA31337 EURUSD,M1: open #41348643 sell 0.01 EURUSD at 1.13999 sl: 1.14430 tp: 1.13566 ok
0	19:27:34.855	EA31337 EURUSD,M1: #41348643 2015.09.17 19:27:23 sell 0.01 EURUSD 1.13999 1.14430 1.13566 1.14025 0.00 0.00 -0.26 | spread: 2.4 31431
0	19:27:34.855	EA31337 EURUSD,M1: ExecuteOrder(): Order Details: Ticket: 41348643; Time: 2015.09.17 19:25:00; Comment: | spread: 2.4; Commision: 0; Symbol: EURUSD; Type: Sell; Expiration: 0; Open Price: 1.13999; Close Price: 1.14025; Take Profit: -0.26; Stop Loss: 1.1443; Swap: 0; Lot size: 0.01; Account Details: Time: 2015.09.17 19:25:00; Account Balance: $3275.42; Account Equity: $3375.39; Used Margin: $170.00; Free Margin: $3205.39; No of Orders: 17 (BUY/SELL: 7/10); Risk Ratio: 0.9
0	19:27:34.855	EA31337 EURUSD,M1: OpenOrderIsAllowed(): Maximum open and pending orders reached the limit (MaxOrders).
0	19:27:40.634	EA31337 EURUSD,M1: OpenOrderIsAllowed(): Maximum open and pending orders reached the limit (MaxOrders).
0	19:27:40.958	EA31337 EURUSD,M1: OpenOrderIsAllowed(): Maximum open and pending orders reached the limit (MaxOrders).
0	19:27:40.958	EA31337 EURUSD,M1: OpenOrderIsAllowed(): Maximum open and pending orders reached the limit (MaxOrders).
2	19:27:41.712	EA31337 EURUSD,M1: modify #41343940 buy 0.01 EURUSD at 1.13967 sl: 1.13582 tp: 1.14413 ok
2	19:27:42.198	EA31337 EURUSD,M1: modify #41347557 sell 0.01 EURUSD at 1.14028 sl: 1.14460 tp: 1.13558 ok
2	19:27:42.624	EA31337 EURUSD,M1: modify #41348643 sell 0.01 EURUSD at 1.13999 sl: 1.14430 tp: 1.13560 ok
0	19:28:16.883	EA31337 EURUSD,M1: OpenOrderIsAllowed(): Maximum open and pending orders reached the limit (MaxOrders).
0	19:28:16.913	EA31337 EURUSD,M1: OpenOrderIsAllowed(): Maximum open and pending orders reached the limit (MaxOrders).
0	19:28:16.913	EA31337 EURUSD,M1: OpenOrderIsAllowed(): Maximum open and pending orders reached the limit (MaxOrders).
0	19:28:16.946	EA31337 EURUSD,M1: OpenOrderIsAllowed(): Maximum open and pending orders reached the limit (MaxOrders).
0	19:28:16.946	EA31337 EURUSD,M1: OpenOrderIsAllowed(): Maximum open and pending orders reached the limit (MaxOrders).
0	19:28:16.946	EA31337 EURUSD,M1: OpenOrderIsAllowed(): Maximum open and pending orders reached the limit (MaxOrders).
0	19:28:17.242	EA31337 EURUSD,M1: OpenOrderIsAllowed(): Maximum open and pending orders reached the limit (MaxOrders).
0	19:29:03.708	EA31337 EURUSD,M1: OpenOrderIsAllowed(): Maximum open and pending orders reached the limit (MaxOrders).
0	19:29:03.711	EA31337 EURUSD,M1: OpenOrderIsAllowed(): Maximum open and pending orders reached the limit (MaxOrders).
0	19:29:19.577	EA31337 EURUSD,M1: OpenOrderIsAllowed(): Maximum open and pending orders reached the limit (MaxOrders).
0	19:29:19.642	EA31337 EURUSD,M1: OpenOrderIsAllowed(): Maximum open and pending orders reached the limit (MaxOrders).
0	19:29:19.772	EA31337 EURUSD,M1: OpenOrderIsAllowed(): Maximum open and pending orders reached the limit (MaxOrders).
0	19:29:19.774	EA31337 EURUSD,M1: OpenOrderIsAllowed(): Maximum open and pending orders reached the limit (MaxOrders).
0	19:29:19.774	EA31337 EURUSD,M1: OpenOrderIsAllowed(): Maximum open and pending orders reached the limit (MaxOrders).
0	19:29:55.372	EA31337 EURUSD,M1: OpenOrderIsAllowed(): Maximum open and pending orders reached the limit (MaxOrders).
0	19:29:55.372	EA31337 EURUSD,M1: OpenOrderIsAllowed(): Maximum open and pending orders reached the limit (MaxOrders).
0	19:29:55.372	EA31337 EURUSD,M1: OpenOrderIsAllowed(): Maximum open and pending orders reached the limit (MaxOrders).
0	19:29:55.372	EA31337 EURUSD,M1: OpenOrderIsAllowed(): Maximum open and pending orders reached the limit (MaxOrders).
0	19:29:55.404	EA31337 EURUSD,M1: OpenOrderIsAllowed(): Maximum open and pending orders reached the limit (MaxOrders).
0	19:29:55.404	EA31337 EURUSD,M1: OpenOrderIsAllowed(): Maximum open and pending orders reached the limit (MaxOrders).
0	19:29:55.404	EA31337 EURUSD,M1: OpenOrderIsAllowed(): Maximum open and pending orders reached the limit (MaxOrders).
0	19:29:55.502	EA31337 EURUSD,M1: OpenOrderIsAllowed(): Maximum open and pending orders reached the limit (MaxOrders).
0	19:30:22.830	EA31337 EURUSD,M1: OpenOrderIsAllowed(): Maximum open and pending orders reached the limit (MaxOrders).
0	19:30:22.830	EA31337 EURUSD,M1: OpenOrderIsAllowed(): Maximum open and pending orders reached the limit (MaxOrders).
0	19:30:22.830	EA31337 EURUSD,M1: OpenOrderIsAllowed(): Maximum open and pending orders reached the limit (MaxOrders).
0	19:30:28.249	EA31337 EURUSD,M1: OpenOrderIsAllowed(): Maximum open and pending orders reached the limit (MaxOrders).
0	19:30:28.249	EA31337 EURUSD,M1: OpenOrderIsAllowed(): Maximum open and pending orders reached the limit (MaxOrders).
0	19:30:28.249	EA31337 EURUSD,M1: OpenOrderIsAllowed(): Maximum open and pending orders reached the limit (MaxOrders).
0	19:30:38.467	EA31337 EURUSD,M1: OpenOrderIsAllowed(): Maximum open and pending orders reached the limit (MaxOrders).
0	19:30:38.467	EA31337 EURUSD,M1: OpenOrderIsAllowed(): Maximum open and pending orders reached the limit (MaxOrders).
0	19:30:38.597	EA31337 EURUSD,M1: OpenOrderIsAllowed(): Maximum open and pending orders reached the limit (MaxOrders).
0	19:30:38.597	EA31337 EURUSD,M1: OpenOrderIsAllowed(): Maximum open and pending orders reached the limit (MaxOrders).
0	19:31:03.626	EA31337 EURUSD,M1: OpenOrderIsAllowed(): Maximum open and pending orders reached the limit (MaxOrders).
0	19:31:03.626	EA31337 EURUSD,M1: OpenOrderIsAllowed(): Maximum open and pending orders reached the limit (MaxOrders).
0	19:31:03.626	EA31337 EURUSD,M1: OpenOrderIsAllowed(): Maximum open and pending orders reached the limit (MaxOrders).
0	19:31:48.850	EA31337 EURUSD,M1: OpenOrderIsAllowed(): Maximum open and pending orders reached the limit (MaxOrders).
0	19:31:48.850	EA31337 EURUSD,M1: OpenOrderIsAllowed(): Maximum open and pending orders reached the limit (MaxOrders).
0	19:31:48.852	EA31337 EURUSD,M1: OpenOrderIsAllowed(): Maximum open and pending orders reached the limit (MaxOrders).
0	19:32:14.251	EA31337 EURUSD,M1: OpenOrderIsAllowed(): Maximum open and pending orders reached the limit (MaxOrders).
2	19:35:00.758	EA31337 EURUSD,M1: modify #40798279 buy 0.01 EURUSD at 1.11575 sl: 1.11154 tp: 1.14660 ok
2	19:35:01.082	EA31337 EURUSD,M1: modify #40815726 buy 0.01 EURUSD at 1.11699 sl: 1.11275 tp: 1.15553 ok
2	19:35:01.704	EA31337 EURUSD,M1: modify #40918976 buy 0.01 EURUSD at 1.11935 sl: 1.11503 tp: 1.14661 ok
2	19:35:02.093	EA31337 EURUSD,M1: modify #40921178 buy 0.01 EURUSD at 1.11892 sl: 1.11469 tp: 1.14661 ok
2	19:35:02.552	EA31337 EURUSD,M1: modify #40938428 buy 0.01 EURUSD at 1.12132 sl: 1.11712 tp: 1.15552 ok
2	19:35:02.941	EA31337 EURUSD,M1: modify #41341230 buy 0.01 EURUSD at 1.13774 sl: 1.13346 tp: 1.15748 ok
0	19:35:21.743	EA31337 EURUSD,M1: OpenOrderIsAllowed(): DeMarker M5: Maximum open and pending orders per type reached the limit (MaxOrdersPerType).
0	19:35:21.743	EA31337 EURUSD,M1: OpenOrderIsAllowed(): Maximum open and pending orders reached the daily limit (MaxOrdersPerDay).
2	19:36:24.721	EA31337 EURUSD,M1: modify #41343940 buy 0.01 EURUSD at 1.13967 sl: 1.13582 tp: 1.14432 ok
0	19:37:09.306	EA31337 EURUSD,M1: OpenOrderIsAllowed(): DeMarker M5: Maximum open and pending orders per type reached the limit (MaxOrdersPerType).
2	19:37:30.433	EA31337 EURUSD,M1: modify #40815726 buy 0.01 EURUSD at 1.11699 sl: 1.11275 tp: 1.15563 ok
2	19:37:30.887	EA31337 EURUSD,M1: modify #40938428 buy 0.01 EURUSD at 1.12132 sl: 1.11712 tp: 1.15561 ok
2	19:37:31.346	EA31337 EURUSD,M1: modify #41341230 buy 0.01 EURUSD at 1.13774 sl: 1.13346 tp: 1.15759 ok
2	19:37:31.731	EA31337 EURUSD,M1: modify #41343940 buy 0.01 EURUSD at 1.13967 sl: 1.13582 tp: 1.14436 ok
0	19:37:51.311	EA31337 EURUSD,M1: OpenOrderIsAllowed(): DeMarker M5: Maximum open and pending orders per type reached the limit (MaxOrdersPerType).
2	19:39:38.933	EA31337 EURUSD,M1: modify #40798279 buy 0.01 EURUSD at 1.11575 sl: 1.11154 tp: 1.14665 ok
2	19:39:39.547	EA31337 EURUSD,M1: modify #40918976 buy 0.01 EURUSD at 1.11935 sl: 1.11503 tp: 1.14667 ok
2	19:39:39.932	EA31337 EURUSD,M1: modify #40921178 buy 0.01 EURUSD at 1.11892 sl: 1.11469 tp: 1.14666 ok
2	19:39:40.321	EA31337 EURUSD,M1: modify #41343940 buy 0.01 EURUSD at 1.13967 sl: 1.13582 tp: 1.14437 ok
2	19:41:51.706	EA31337 EURUSD,M1: modify #40798279 buy 0.01 EURUSD at 1.11575 sl: 1.11154 tp: 1.14752 ok
2	19:41:52.258	EA31337 EURUSD,M1: modify #40815726 buy 0.01 EURUSD at 1.11699 sl: 1.11275 tp: 1.15674 ok
2	19:41:52.973	EA31337 EURUSD,M1: modify #40918976 buy 0.01 EURUSD at 1.11935 sl: 1.11503 tp: 1.14752 ok
2	19:41:53.688	EA31337 EURUSD,M1: modify #40921178 buy 0.01 EURUSD at 1.11892 sl: 1.11469 tp: 1.14752 ok
2	19:41:54.244	EA31337 EURUSD,M1: modify #40938428 buy 0.01 EURUSD at 1.12132 sl: 1.11712 tp: 1.15677 ok
2	19:41:54.703	EA31337 EURUSD,M1: modify #41341230 buy 0.01 EURUSD at 1.13774 sl: 1.13346 tp: 1.15872 ok
2	19:41:55.153	EA31337 EURUSD,M1: modify #41343940 buy 0.01 EURUSD at 1.13967 sl: 1.13582 tp: 1.14470 ok
2	19:43:03.814	EA31337 EURUSD,M1: modify #40815726 buy 0.01 EURUSD at 1.11699 sl: 1.11275 tp: 1.15741 ok
2	19:43:04.203	EA31337 EURUSD,M1: modify #40938428 buy 0.01 EURUSD at 1.12132 sl: 1.11712 tp: 1.15740 ok
2	19:43:04.625	EA31337 EURUSD,M1: modify #41341230 buy 0.01 EURUSD at 1.13774 sl: 1.13346 tp: 1.15936 ok
2	19:43:38.697	EA31337 EURUSD,M1: modify #40798279 buy 0.01 EURUSD at 1.11575 sl: 1.11154 tp: 1.14755 ok
2	19:43:39.091	EA31337 EURUSD,M1: modify #40918976 buy 0.01 EURUSD at 1.11935 sl: 1.11503 tp: 1.14756 ok
2	19:43:39.581	EA31337 EURUSD,M1: modify #40921178 buy 0.01 EURUSD at 1.11892 sl: 1.11469 tp: 1.14757 ok
2	19:45:51.293	EA31337 EURUSD,M1: modify #40798279 buy 0.01 EURUSD at 1.11575 sl: 1.11154 tp: 1.14774 ok
2	19:45:51.686	EA31337 EURUSD,M1: modify #40815726 buy 0.01 EURUSD at 1.11699 sl: 1.11275 tp: 1.15791 ok
2	19:45:52.108	EA31337 EURUSD,M1: modify #40918976 buy 0.01 EURUSD at 1.11935 sl: 1.11503 tp: 1.14771 ok
2	19:45:52.725	EA31337 EURUSD,M1: modify #40921178 buy 0.01 EURUSD at 1.11892 sl: 1.11469 tp: 1.14773 ok
2	19:45:53.180	EA31337 EURUSD,M1: modify #40938428 buy 0.01 EURUSD at 1.12132 sl: 1.11712 tp: 1.15794 ok
2	19:45:53.602	EA31337 EURUSD,M1: modify #41341230 buy 0.01 EURUSD at 1.13774 sl: 1.13346 tp: 1.15989 ok
2	19:45:53.996	EA31337 EURUSD,M1: modify #41343940 buy 0.01 EURUSD at 1.13967 sl: 1.13582 tp: 1.14471 ok
2	19:46:10.786	EA31337 EURUSD,M1: modify #40815726 buy 0.01 EURUSD at 1.11699 sl: 1.11275 tp: 1.15796 ok
2	19:46:11.337	EA31337 EURUSD,M1: modify #40938428 buy 0.01 EURUSD at 1.12132 sl: 1.11712 tp: 1.15797 ok
2	19:46:11.827	EA31337 EURUSD,M1: modify #41341230 buy 0.01 EURUSD at 1.13774 sl: 1.13346 tp: 1.15991 ok
2	19:46:12.278	EA31337 EURUSD,M1: modify #41343940 buy 0.01 EURUSD at 1.13967 sl: 1.13582 tp: 1.14493 ok
2	19:48:11.547	EA31337 EURUSD,M1: modify #40798279 buy 0.01 EURUSD at 1.11575 sl: 1.11154 tp: 1.14777 ok
2	19:48:12.134	EA31337 EURUSD,M1: modify #40918976 buy 0.01 EURUSD at 1.11935 sl: 1.11503 tp: 1.14777 ok
2	19:48:12.587	EA31337 EURUSD,M1: modify #40921178 buy 0.01 EURUSD at 1.11892 sl: 1.11469 tp: 1.14776 ok
2	19:48:34.335	EA31337 EURUSD,M1: modify #40798279 buy 0.01 EURUSD at 1.11575 sl: 1.11154 tp: 1.14783 ok
2	19:48:34.696	EA31337 EURUSD,M1: modify #40918976 buy 0.01 EURUSD at 1.11935 sl: 1.11503 tp: 1.14783 ok
2	19:48:35.317	EA31337 EURUSD,M1: modify #40921178 buy 0.01 EURUSD at 1.11892 sl: 1.11469 tp: 1.14785 ok
2	19:51:50.983	EA31337 EURUSD,M1: modify #40798279 buy 0.01 EURUSD at 1.11575 sl: 1.11154 tp: 1.14798 ok
2	19:51:51.433	EA31337 EURUSD,M1: modify #40918976 buy 0.01 EURUSD at 1.11935 sl: 1.11503 tp: 1.14798 ok
2	19:51:51.790	EA31337 EURUSD,M1: modify #40921178 buy 0.01 EURUSD at 1.11892 sl: 1.11469 tp: 1.14798 ok
2	19:51:52.280	EA31337 EURUSD,M1: modify #41343940 buy 0.01 EURUSD at 1.13967 sl: 1.13582 tp: 1.14506 ok
2	19:53:37.610	EA31337 EURUSD,M1: modify #40798279 buy 0.01 EURUSD at 1.11575 sl: 1.11154 tp: 1.14824 ok
2	19:53:38.069	EA31337 EURUSD,M1: modify #40815726 buy 0.01 EURUSD at 1.11699 sl: 1.11275 tp: 1.15827 ok
2	19:53:38.587	EA31337 EURUSD,M1: modify #40918976 buy 0.01 EURUSD at 1.11935 sl: 1.11503 tp: 1.14825 ok
2	19:53:39.011	EA31337 EURUSD,M1: modify #40921178 buy 0.01 EURUSD at 1.11892 sl: 1.11469 tp: 1.14824 ok
2	19:53:39.369	EA31337 EURUSD,M1: modify #40938428 buy 0.01 EURUSD at 1.12132 sl: 1.11712 tp: 1.15826 ok
2	19:53:39.759	EA31337 EURUSD,M1: modify #41341230 buy 0.01 EURUSD at 1.13774 sl: 1.13346 tp: 1.16021 ok
2	19:53:40.149	EA31337 EURUSD,M1: modify #41343940 buy 0.01 EURUSD at 1.13967 sl: 1.13582 tp: 1.14509 ok
2	19:54:47.143	EA31337 EURUSD,M1: modify #40815726 buy 0.01 EURUSD at 1.11699 sl: 1.11275 tp: 1.15882 ok
2	19:54:47.634	EA31337 EURUSD,M1: modify #40938428 buy 0.01 EURUSD at 1.12132 sl: 1.11712 tp: 1.15882 ok
2	19:54:48.024	EA31337 EURUSD,M1: modify #41341230 buy 0.01 EURUSD at 1.13774 sl: 1.13346 tp: 1.16077 ok
2	19:58:23.815	EA31337 EURUSD,M1: modify #40798279 buy 0.01 EURUSD at 1.11575 sl: 1.11154 tp: 1.14833 ok
2	19:58:24.395	EA31337 EURUSD,M1: modify #40815726 buy 0.01 EURUSD at 1.11699 sl: 1.11275 tp: 1.15886 ok
2	19:58:24.918	EA31337 EURUSD,M1: modify #40918976 buy 0.01 EURUSD at 1.11935 sl: 1.11503 tp: 1.14833 ok
2	19:58:25.280	EA31337 EURUSD,M1: modify #40921178 buy 0.01 EURUSD at 1.11892 sl: 1.11469 tp: 1.14833 ok
2	19:58:25.804	EA31337 EURUSD,M1: modify #40938428 buy 0.01 EURUSD at 1.12132 sl: 1.11712 tp: 1.15885 ok
2	19:58:26.194	EA31337 EURUSD,M1: modify #41341230 buy 0.01 EURUSD at 1.13774 sl: 1.13346 tp: 1.16079 ok
2	19:58:26.652	EA31337 EURUSD,M1: modify #41343940 buy 0.01 EURUSD at 1.13967 sl: 1.13582 tp: 1.14515 ok
2	19:59:23.624	EA31337 EURUSD,M1: modify #40798279 buy 0.01 EURUSD at 1.11575 sl: 1.11154 tp: 1.14853 ok
2	19:59:23.852	EA31337 EURUSD,M1: modify #40815726 buy 0.01 EURUSD at 1.11699 sl: 1.11275 tp: 1.15901 ok
2	19:59:24.404	EA31337 EURUSD,M1: modify #40918976 buy 0.01 EURUSD at 1.11935 sl: 1.11503 tp: 1.14851 ok
2	19:59:24.830	EA31337 EURUSD,M1: modify #40921178 buy 0.01 EURUSD at 1.11892 sl: 1.11469 tp: 1.14852 ok
2	19:59:25.252	EA31337 EURUSD,M1: modify #40938428 buy 0.01 EURUSD at 1.12132 sl: 1.11712 tp: 1.15901 ok
2	19:59:25.614	EA31337 EURUSD,M1: modify #41341230 buy 0.01 EURUSD at 1.13774 sl: 1.13346 tp: 1.16096 ok
2	19:59:26.068	EA31337 EURUSD,M1: modify #41343940 buy 0.01 EURUSD at 1.13967 sl: 1.13582 tp: 1.14516 ok
0	20:01:12.944	EA31337 EURUSD,M1: == New hour: 20
2	20:05:38.259	EA31337 EURUSD,M1: modify #41343940 buy 0.01 EURUSD at 1.13967 sl: 1.13582 tp: 1.14517 ok
2	20:27:32.385	EA31337 EURUSD,M1: modify #41343940 buy 0.01 EURUSD at 1.13967 sl: 1.13582 tp: 1.14531 ok
2	20:27:46.087	EA31337 EURUSD,M1: modify #41343940 buy 0.01 EURUSD at 1.13967 sl: 1.13582 tp: 1.14535 ok
2	20:28:54.177	EA31337 EURUSD,M1: modify #41343940 buy 0.01 EURUSD at 1.13967 sl: 1.13582 tp: 1.14536 ok
2	20:31:00.778	EA31337 EURUSD,M1: modify #41343940 buy 0.01 EURUSD at 1.13967 sl: 1.13582 tp: 1.14541 ok
2	20:34:29.198	EA31337 EURUSD,M1: modify #41343940 buy 0.01 EURUSD at 1.13967 sl: 1.13582 tp: 1.14543 ok
2	20:39:24.693	EA31337 EURUSD,M1: modify #41343940 buy 0.01 EURUSD at 1.13967 sl: 1.13582 tp: 1.14547 ok
2	20:41:19.267	EA31337 EURUSD,M1: modify #41343940 buy 0.01 EURUSD at 1.13967 sl: 1.13582 tp: 1.14559 ok
2	20:45:26.637	EA31337 EURUSD,M1: modify #41343940 buy 0.01 EURUSD at 1.13967 sl: 1.13582 tp: 1.14574 ok
2	20:57:28.591	EA31337 EURUSD,M1: modify #41343940 buy 0.01 EURUSD at 1.13967 sl: 1.13582 tp: 1.14586 ok
2	20:58:18.651	EA31337 EURUSD,M1: modify #41343940 buy 0.01 EURUSD at 1.13967 sl: 1.13582 tp: 1.14587 ok
2	20:59:44.787	EA31337 EURUSD,M1: modify #41343940 buy 0.01 EURUSD at 1.13967 sl: 1.13582 tp: 1.14605 ok
0	21:00:13.026	EA31337 EURUSD,M1: == New hour: 21
0	21:02:07.398	EA31337 EURUSD,M1: OpenOrderIsAllowed(): Maximum open and pending orders reached the daily limit (MaxOrdersPerDay).
0	21:33:18.172	EA31337 EURUSD,M1: OpenOrderIsAllowed(): Maximum open and pending orders reached the daily limit (MaxOrdersPerDay).
0	21:37:17.522	EA31337 EURUSD,M1: OpenOrderIsAllowed(): Maximum open and pending orders reached the daily limit (MaxOrdersPerDay).
0	21:41:11.407	EA31337 EURUSD,M1: OpenOrderIsAllowed(): Maximum open and pending orders reached the daily limit (MaxOrdersPerDay).
0	22:00:39.083	EA31337 EURUSD,M1: == New hour: 22
0	23:03:13.258	EA31337 EURUSD,M1: == New hour: 23
0	23:03:25.103	EA31337 EURUSD,M1: ExecuteOrder(): MarketInfo: Symbol: EURUSD; Ask: 1.14164; Bid: 1.14138; Spread: 26 points = 2.6 pips; 
2	23:03:25.790	EA31337 EURUSD,M1: open #41360326 buy 0.01 EURUSD at 1.14164 sl: 1.13738 tp: 1.14918 ok
0	23:03:25.790	EA31337 EURUSD,M1: #41360326 2015.09.17 23:03:13 buy 0.01 EURUSD 1.14164 1.13738 1.14918 1.14138 0.00 0.00 -0.26 | spread: 2.4 31351
0	23:03:25.790	EA31337 EURUSD,M1: ExecuteOrder(): Order Details: Ticket: 41360326; Time: 2015.09.17 23:03:01; Comment: | spread: 2.4; Commision: 0; Symbol: EURUSD; Type: Buy; Expiration: 0; Open Price: 1.14164; Close Price: 1.14138; Take Profit: -0.26; Stop Loss: 1.1374; Swap: 0; Lot size: 0.01; Account Details: Time: 2015.09.17 23:03:01; Account Balance: $3245.54; Account Equity: $3359.40; Used Margin: $110.00; Free Margin: $3249.40; No of Orders: 11 (BUY/SELL: 8/3); Risk Ratio: 1.0
0	23:07:43.973	EA31337 EURUSD,M1: ExecuteOrder(): MarketInfo: Symbol: EURUSD; Ask: 1.14128; Bid: 1.14103; Spread: 25 points = 2.5 pips; 
2	23:07:44.817	EA31337 EURUSD,M1: open #41360552 buy 0.01 EURUSD at 1.14128 sl: 1.13703 tp: 1.14400 ok
0	23:07:44.817	EA31337 EURUSD,M1: #41360552 2015.09.17 23:07:32 buy 0.01 EURUSD 1.14128 1.13703 1.14400 1.14104 0.00 0.00 -0.24 | spread: 2.5 31350
0	23:07:44.817	EA31337 EURUSD,M1: ExecuteOrder(): Order Details: Ticket: 41360552; Time: 2015.09.17 23:07:31; Comment: | spread: 2.5; Commision: 0; Symbol: EURUSD; Type: Buy; Expiration: 0; Open Price: 1.14128; Close Price: 1.14104; Take Profit: -0.24; Stop Loss: 1.137; Swap: 0; Lot size: 0.01; Account Details: Time: 2015.09.17 23:07:31; Account Balance: $3245.54; Account Equity: $3357.52; Used Margin: $120.00; Free Margin: $3237.52; No of Orders: 12 (BUY/SELL: 9/3); Risk Ratio: 1.0
0	23:09:24.489	EA31337 EURUSD,M1: OpenOrderIsAllowed(): Alligator M5: Maximum open and pending orders per type reached the limit (MaxOrdersPerType).
0	23:11:40.960	EA31337 EURUSD,M1: OpenOrderIsAllowed(): Alligator M5: Maximum open and pending orders per type reached the limit (MaxOrdersPerType).
0	23:12:37.310	EA31337 EURUSD,M1: OpenOrderIsAllowed(): Alligator M5: Maximum open and pending orders per type reached the limit (MaxOrdersPerType).
0	23:12:37.310	EA31337 EURUSD,M1: ExecuteOrder(): MarketInfo: Symbol: EURUSD; Ask: 1.14139; Bid: 1.14115; Spread: 24 points = 2.4 pips; 
2	23:12:37.833	EA31337 EURUSD,M1: open #41360754 buy 0.01 EURUSD at 1.14140 sl: 1.13715 tp: 1.14579 ok
0	23:12:37.833	EA31337 EURUSD,M1: #41360754 2015.09.17 23:12:25 buy 0.01 EURUSD 1.14140 1.13715 1.14579 1.14119 0.00 0.00 -0.21 | spread: 2.4 31409
0	23:12:37.833	EA31337 EURUSD,M1: ExecuteOrder(): Order Details: Ticket: 41360754; Time: 2015.09.17 23:12:25; Comment: | spread: 2.4; Commision: 0; Symbol: EURUSD; Type: Buy; Expiration: 0; Open Price: 1.14140; Close Price: 1.14119; Take Profit: -0.21; Stop Loss: 1.1372; Swap: 0; Lot size: 0.01; Account Details: Time: 2015.09.17 23:12:25; Account Balance: $3245.54; Account Equity: $3358.24; Used Margin: $130.00; Free Margin: $3228.24; No of Orders: 13 (BUY/SELL: 10/3); Risk Ratio: 1.0
2	23:12:38.353	EA31337 EURUSD,M1: modify #41360754 buy 0.01 EURUSD at 1.14140 sl: 1.13715 tp: 1.14582 ok
0	23:13:13.951	EA31337 EURUSD,M1: OpenOrderIsAllowed(): Alligator M5: Maximum open and pending orders per type reached the limit (MaxOrdersPerType).
0	23:14:56.164	EA31337 EURUSD,M1: OpenOrderIsAllowed(): Alligator M5: Maximum open and pending orders per type reached the limit (MaxOrdersPerType).
0	23:16:54.921	EA31337 EURUSD,M1: ExecuteOrder(): MarketInfo: Symbol: EURUSD; Ask: 1.14084; Bid: 1.14060; Spread: 24 points = 2.4 pips; 
2	23:16:55.731	EA31337 EURUSD,M1: open #41360963 buy 0.01 EURUSD at 1.14084 sl: 1.13660 tp: 1.14524 ok
0	23:16:55.731	EA31337 EURUSD,M1: #41360963 2015.09.17 23:16:43 buy 0.01 EURUSD 1.14084 1.13660 1.14524 1.14060 0.00 0.00 -0.24 | spread: 2.5 31386
0	23:16:55.731	EA31337 EURUSD,M1: ExecuteOrder(): Order Details: Ticket: 41360963; Time: 2015.09.17 23:16:33; Comment: | spread: 2.5; Commision: 0; Symbol: EURUSD; Type: Buy; Expiration: 0; Open Price: 1.14084; Close Price: 1.14060; Take Profit: -0.24; Stop Loss: 1.1366; Swap: 0; Lot size: 0.01; Account Details: Time: 2015.09.17 23:16:33; Account Balance: $3245.54; Account Equity: $3353.84; Used Margin: $140.00; Free Margin: $3213.84; No of Orders: 14 (BUY/SELL: 11/3); Risk Ratio: 1.0
2	23:19:16.760	EA31337 EURUSD,M1: modify #41347557 sell 0.01 EURUSD at 1.14028 sl: 1.14460 tp: 1.13539 ok
2	23:19:17.156	EA31337 EURUSD,M1: modify #41348643 sell 0.01 EURUSD at 1.13999 sl: 1.14430 tp: 1.13539 ok
0	23:21:25.663	EA31337 EURUSD,M1: OpenOrderIsAllowed(): Maximum open and pending orders reached the daily limit (MaxOrdersPerDay).
2	23:21:49.211	EA31337 EURUSD,M1: modify #41347557 sell 0.01 EURUSD at 1.14028 sl: 1.14460 tp: 1.13498 ok
2	23:21:49.564	EA31337 EURUSD,M1: modify #41348643 sell 0.01 EURUSD at 1.13999 sl: 1.14430 tp: 1.13499 ok
2	23:23:39.341	EA31337 EURUSD,M1: modify #41347557 sell 0.01 EURUSD at 1.14028 sl: 1.14460 tp: 1.13472 ok
2	23:23:39.565	EA31337 EURUSD,M1: modify #41348643 sell 0.01 EURUSD at 1.13999 sl: 1.14430 tp: 1.13472 ok
2	23:24:32.619	EA31337 EURUSD,M1: modify #41347557 sell 0.01 EURUSD at 1.14028 sl: 1.14460 tp: 1.13469 ok
2	23:24:33.073	EA31337 EURUSD,M1: modify #41348643 sell 0.01 EURUSD at 1.13999 sl: 1.14430 tp: 1.13469 ok
2	23:25:03.107	EA31337 EURUSD,M1: modify #41347557 sell 0.01 EURUSD at 1.14028 sl: 1.14460 tp: 1.13465 ok
2	23:25:03.663	EA31337 EURUSD,M1: modify #41348643 sell 0.01 EURUSD at 1.13999 sl: 1.14430 tp: 1.13465 ok
0	23:56:01.204	EA31337 EURUSD,M1: OpenOrderIsAllowed(): Alligator M5: Maximum open and pending orders per type reached the limit (MaxOrdersPerType).
0	23:57:05.462	EA31337 EURUSD,M1: OpenOrderIsAllowed(): Alligator M5: Maximum open and pending orders per type reached the limit (MaxOrdersPerType).
0	23:59:33.144	EA31337 EURUSD,M1: OpenOrderIsAllowed(): Alligator M5: Maximum open and pending orders per type reached the limit (MaxOrdersPerType).
