0	20:46:46.396	EA31337 EURUSD,M1: TradeAllowed(): Trade is not allowed. Market is closed.
0	20:50:26.568	EA31337 EURUSD,M1: TradeAllowed(): Trade is not allowed. Market is closed.
0	20:53:29.271	EA31337 EURUSD,M1: TradeAllowed(): Trade is not allowed. Market is closed.
0	21:00:14.709	EA31337 EURUSD,M1: == New hour: 21
0	21:00:14.709	EA31337 EURUSD,M1: == New day (day of month: 12; day of year: 193) ==
0	21:00:14.709	EA31337 EURUSD,M1: Daily max: Tick: 18; Spread: 123; Equity: 1928.47; Balance: 1924.62; Best: SAR M15 (10.82p); Worse: WPR M30 (-12.56p); 
0	21:00:14.709	EA31337 EURUSD,M1: == New week ==
0	21:00:14.709	EA31337 EURUSD,M1: Weekly max: Tick: 18; Spread: 123; Equity: 1928.47; Balance: 1924.62; Best: SAR M15 (10.82p); Worse: WPR M30 (-12.56p); 
0	21:00:14.709	EA31337 EURUSD,M1: ApplyStrategyMultiplierFactor(): Setting multiplier factor to 1.5 for strategy: 18 (period: montly)
0	21:00:14.709	EA31337 EURUSD,M1: ApplyStrategyMultiplierFactor(): Setting multiplier factor to 0.83333 for strategy: 35 (period: montly)
0	21:00:14.709	EA31337 EURUSD,M1: Weekly SAR stats: Period: 0, Buy: 104 / Sell: 250; Period: 1, Buy: 128 / Sell: 195; Period: 2, Buy: 169 / Sell: 353; Period: 3, Buy: 915 / Sell: 512; Period: 4, Buy: 0 / Sell: 0; Period: 5, Buy: 0 / Sell: 0; Period: 6, Buy: 0 / Sell: 0; Period: 7, Buy: 0 / Sell: 0; Period: 8, Buy: 0 / Sell: 0; 
0	21:00:14.709	EA31337 EURUSD,M1: Weekly strategy stats: MACD M5: -1.33pips; MACD M15: -4.23pips; Alligator M5: -3.98pips; SAR M1: 6.7pips; SAR M5: 9.97pips; SAR M15: 10.82pips; SAR M30: 8.32pips; Bands M1: -9.8pips; Bands M5: -0.76pips; Envelopes M1: -3.97pips; Envelopes M15: -5.52pips; Envelopes M30: -5pips; DeMarker M1: 1.07pips; DeMarker M30: -9.5pips; WPR M1: 2.28pips; WPR M15: -11.46pips; WPR M30: -12.56pips; Fractals M1: 2.71pips; Fractals M5: -4.32pips; Fractals M15: 7.85pips; Fractals M30: 7.68pips; 
0	21:00:14.709	EA31337 EURUSD,M1: Daily SAR stats: Period: 0, Buy: 104 / Sell: 223; Period: 1, Buy: 128 / Sell: 175; Period: 2, Buy: 169 / Sell: 353; Period: 3, Buy: 848 / Sell: 512; Period: 4, Buy: 0 / Sell: 0; Period: 5, Buy: 0 / Sell: 0; Period: 6, Buy: 0 / Sell: 0; Period: 7, Buy: 0 / Sell: 0; Period: 8, Buy: 0 / Sell: 0; 
0	21:00:14.709	EA31337 EURUSD,M1: Daily strategy stats: MACD M5: -1.33pips; MACD M15: -4.23pips; Alligator M5: -3.98pips; SAR M1: 6.7pips; SAR M5: 9.97pips; SAR M15: 10.82pips; SAR M30: 8.32pips; Bands M1: -9.8pips; Bands M5: -0.76pips; Envelopes M1: -3.97pips; Envelopes M15: -5.52pips; Envelopes M30: -5pips; DeMarker M1: 1.07pips; DeMarker M30: -9.5pips; WPR M1: 2.28pips; WPR M15: -11.46pips; WPR M30: -12.56pips; Fractals M1: 2.71pips; Fractals M5: -4.32pips; Fractals M15: 7.85pips; Fractals M30: 7.68pips; 
0	21:00:14.709	EA31337 EURUSD,M1: ApplyStrategyMultiplierFactor(): Setting multiplier factor to default for strategy: 35 to default.
0	21:00:14.709	EA31337 EURUSD,M1: ApplyStrategyMultiplierFactor(): Setting multiplier factor to 0.83333 for strategy: 38 (period: daily)
0	21:00:15.068	EA31337 EURUSD,M1: ExecuteOrder():Maximum open and pending orders per type reached the limit (MaxOrdersPerType).
2	21:00:15.443	EA31337 EURUSD,M1: modify #38655633 sell 0.01 EURUSD at 1.11409 sl: 1.11689 tp: 0.00000 ok
2	21:00:15.787	EA31337 EURUSD,M1: modify #38656954 sell 0.01 EURUSD at 1.11303 sl: 1.11407 tp: 0.00000 ok
2	21:00:16.115	EA31337 EURUSD,M1: modify #38657193 sell 0.01 EURUSD at 1.11299 sl: 1.11591 tp: 0.00000 ok
2	21:00:16.459	EA31337 EURUSD,M1: modify #38658422 sell 0.01 EURUSD at 1.11337 sl: 1.11689 tp: 0.00000 ok
2	21:01:42.881	EA31337 EURUSD,M1: modify #38657193 sell 0.01 EURUSD at 1.11299 sl: 1.11586 tp: 0.00000 ok
2	21:02:07.928	EA31337 EURUSD,M1: modify #38655633 sell 0.01 EURUSD at 1.11409 sl: 1.11661 tp: 0.00000 ok
2	21:02:08.240	EA31337 EURUSD,M1: modify #38657193 sell 0.01 EURUSD at 1.11299 sl: 1.11531 tp: 0.00000 ok
2	21:02:08.568	EA31337 EURUSD,M1: modify #38658422 sell 0.01 EURUSD at 1.11337 sl: 1.11661 tp: 0.00000 ok
0	21:03:07.709	EA31337 EURUSD,M1: uninit reason 1
0	21:03:07.709	EA31337 EURUSD,M1: Calling OnDeinit()
0	21:03:07.709	EA31337 EURUSD,M1: OnDeinit():EA deinitializing, reason: Program EA31337.mq4 was removed from the chart. (code: 1)
0	21:03:07.709	EA31337 EURUSD,M1: Account Details: Time: 2015.07.12 21:03:05; Account Balance: 1928.27 USD; Account Equity: 1928.27 USD; Used Margin: 0.00 USD; Free Margin: 1928.27 USD; No of Orders: 9 (BUY/SELL: 0/0); Risk Ratio: 1.0
0	21:03:07.725	EA31337 EURUSD,M1: 
0	21:03:07.725	EA31337 EURUSD,M1: 
0	21:03:07.725	EA31337 EURUSD,M1: 2015.07.10 16:32:22: UpdateStats(): Market sudden drop of 18.0 pips detected!
0	21:03:07.725	EA31337 EURUSD,M1: Report log:
0	21:03:07.725	EA31337 EURUSD,M1: Profit factor: 1.00, Total net profit: 6.09pips (+7.68/-1.59), Total orders: 2 (Won: 50.0% [1] / Loss: 50.0% [1]) - Fractals M30
0	21:03:07.725	EA31337 EURUSD,M1: Profit factor: 1.00, Total net profit: 3.62pips (+9.40/-5.78), Total orders: 4 (Won: 50.0% [2] / Loss: 50.0% [2]) - Fractals M15
0	21:03:07.725	EA31337 EURUSD,M1: Profit factor: 1.00, Total net profit: -4.32pips (+0.00/-4.32), Total orders: 1 (Won: 0.0% [0] / Loss: 100.0% [1]) - Fractals M5
0	21:03:07.725	EA31337 EURUSD,M1: Profit factor: 1.00, Total net profit: 2.71pips (+10.53/-7.82), Total orders: 5 (Won: 40.0% [2] / Loss: 60.0% [3]) - Fractals M1
0	21:03:07.725	EA31337 EURUSD,M1: Profit factor: 1.00, Total net profit: -12.56pips (+3.97/-16.53), Total orders: 9 (Won: 11.1% [1] / Loss: 88.9% [8]) - WPR M30
0	21:03:07.725	EA31337 EURUSD,M1: Profit factor: 1.00, Total net profit: -11.46pips (+3.67/-15.13), Total orders: 6 (Won: 16.7% [1] / Loss: 83.3% [5]) - WPR M15
0	21:03:07.725	EA31337 EURUSD,M1: Profit factor: 1.00, Total net profit: 2.28pips (+6.04/-3.76), Total orders: 4 (Won: 75.0% [3] / Loss: 25.0% [1]) - WPR M1
0	21:03:07.725	EA31337 EURUSD,M1: Profit factor: 1.00, Total net profit: -9.50pips (+2.72/-12.22), Total orders: 9 (Won: 11.1% [1] / Loss: 88.9% [8]) - DeMarker M30
0	21:03:07.725	EA31337 EURUSD,M1: Profit factor: 1.00, Total net profit: -1.86pips (+11.32/-13.18), Total orders: 7 (Won: 42.9% [3] / Loss: 57.1% [4]) - DeMarker M1
0	21:03:07.725	EA31337 EURUSD,M1: Profit factor: 0.54, Total net profit: -5.00pips (+5.85/-10.85), Total orders: 12 (Won: 16.7% [2] / Loss: 83.3% [10]) - Envelopes M30
0	21:03:07.725	EA31337 EURUSD,M1: Profit factor: 1.00, Total net profit: -5.52pips (+2.35/-7.87), Total orders: 5 (Won: 20.0% [1] / Loss: 80.0% [4]) - Envelopes M15
0	21:03:07.725	EA31337 EURUSD,M1: Profit factor: 1.00, Total net profit: -6.36pips (+5.01/-11.37), Total orders: 6 (Won: 16.7% [1] / Loss: 83.3% [5]) - Envelopes M1
0	21:03:07.725	EA31337 EURUSD,M1: Profit factor: 1.00, Total net profit: -0.76pips (+3.06/-3.82), Total orders: 3 (Won: 66.7% [2] / Loss: 33.3% [1]) - Bands M5
0	21:03:07.725	EA31337 EURUSD,M1: Profit factor: 1.00, Total net profit: -9.80pips (+4.24/-14.04), Total orders: 6 (Won: 16.7% [1] / Loss: 83.3% [5]) - Bands M1
0	21:03:07.725	EA31337 EURUSD,M1: Profit factor: 1.00, Total net profit: 8.32pips (+13.55/-5.23), Total orders: 4 (Won: 25.0% [1] / Loss: 75.0% [3]) - SAR M30
0	21:03:07.725	EA31337 EURUSD,M1: Profit factor: 1.00, Total net profit: 10.82pips (+12.96/-2.14), Total orders: 4 (Won: 50.0% [2] / Loss: 50.0% [2]) - SAR M15
0	21:03:07.725	EA31337 EURUSD,M1: Profit factor: 1.00, Total net profit: 9.97pips (+13.51/-3.54), Total orders: 3 (Won: 66.7% [2] / Loss: 33.3% [1]) - SAR M5
0	21:03:07.725	EA31337 EURUSD,M1: Profit factor: 1.00, Total net profit: 6.70pips (+14.68/-7.98), Total orders: 5 (Won: 60.0% [3] / Loss: 40.0% [2]) - SAR M1
0	21:03:07.725	EA31337 EURUSD,M1: Profit factor: 1.00, Total net profit: -3.98pips (+0.29/-4.27), Total orders: 5 (Won: 20.0% [1] / Loss: 80.0% [4]) - Alligator M5
0	21:03:07.725	EA31337 EURUSD,M1: Profit factor: 1.00, Total net profit: -4.23pips (+0.00/-4.23), Total orders: 1 (Won: 0.0% [0] / Loss: 100.0% [1]) - MACD M15
0	21:03:07.725	EA31337 EURUSD,M1: Profit factor: 1.00, Total net profit: -1.33pips (+3.67/-5.00), Total orders: 5 (Won: 60.0% [3] / Loss: 40.0% [2]) - MACD M5
0	21:03:07.725	EA31337 EURUSD,M1: Strategy stats: 
0	21:03:07.725	EA31337 EURUSD,M1: Maximal consecutive loss (count of losses): -62.22 (25)
0	21:03:07.725	EA31337 EURUSD,M1: Maximal consecutive profit (count of wins): 37.04 (9)
0	21:03:07.725	EA31337 EURUSD,M1: Maximum consecutive losses (loss in money): 25 (-62.22)
0	21:03:07.725	EA31337 EURUSD,M1: Maximum consecutive wins (profit in money): 9 (37.04)
0	21:03:07.725	EA31337 EURUSD,M1: Average consecutive losses:                 5
0	21:03:07.725	EA31337 EURUSD,M1: Average consecutive wins:                   3
0	21:03:07.725	EA31337 EURUSD,M1: Average loss trade:                         -2.07
0	21:03:07.725	EA31337 EURUSD,M1: Average profit trade:                       3.08086538
0	21:03:07.725	EA31337 EURUSD,M1: Largest loss trade:                         -4.32
0	21:03:07.725	EA31337 EURUSD,M1: Largest profit trade:                       13.55
0	21:03:07.725	EA31337 EURUSD,M1: Loss trades (% of total):                   189 (64.5051%)
0	21:03:07.725	EA31337 EURUSD,M1: Profit trades (% of total):                 104 (35.4949%)
0	21:03:07.725	EA31337 EURUSD,M1: Long positions(won %):                      83 (57.8313%)
0	21:03:07.725	EA31337 EURUSD,M1: Short positions (won  ):                    210 (26.7%)
0	21:03:07.725	EA31337 EURUSD,M1: Trades total                                293
0	21:03:07.725	EA31337 EURUSD,M1: Relative drawdown:                          (7.0%) 141.7
0	21:03:07.725	EA31337 EURUSD,M1: Maximal drawdown:                           141.7 (7.0%)
0	21:03:07.725	EA31337 EURUSD,M1: Absolute drawdown:                          117.28
0	21:03:07.725	EA31337 EURUSD,M1: Expected payoff:                            -0.24
0	21:03:07.725	EA31337 EURUSD,M1: Profit factor:                              0.82
0	21:03:07.725	EA31337 EURUSD,M1: Gross loss:                                 USD392.14
0	21:03:07.725	EA31337 EURUSD,M1: Gross profit:                               USD320.41
0	21:03:07.725	EA31337 EURUSD,M1: Total net profit:                           USD-71.73
0	21:03:07.725	EA31337 EURUSD,M1: OnDeinit(): Saved report as: 2015.07.12 21:03_31337_Report.txt
0	21:03:07.787	Expert EA31337 EURUSD,M1: removed
