0	21:51:11.446	EA31337 EURUSD,M1: TradeAllowed(): Trade is not allowed. Market is closed.
0	21:54:05.649	EA31337 EURUSD,M1: TradeAllowed(): Trade is not allowed. Market is closed.
0	21:56:52.024	EA31337 EURUSD,M1: TradeAllowed(): Trade is not allowed. Market is closed.
0	21:58:22.586	EA31337 EURUSD,M1: TradeAllowed(): Trade is not allowed. Market is closed.
0	22:00:32.634	EA31337 EURUSD,M1: == New hour: 22
0	22:00:32.634	EA31337 EURUSD,M1: == New day (day of month: 20; day of year: 354) ==
0	22:00:32.634	EA31337 EURUSD,M1: Daily max: Tick: 3.7; Spread: 47; Max orders: 30; Loss: 0; Profit: 0; Equity: 2465.64; Balance: 2148.86; 
0	22:00:32.634	EA31337 EURUSD,M1: == New week ==
0	22:00:32.634	EA31337 EURUSD,M1: Weekly max: Tick: 7.8; Spread: 111; Max orders: 30; Loss: 0; Profit: 0; Equity: 2490.17; Balance: 2164.52; 
0	22:00:32.634	EA31337 EURUSD,M1: Weekly SAR stats: Period: 0, Buy: 642 / Sell: 1271; Period: 1, Buy: 274 / Sell: 990; Period: 2, Buy: 551 / Sell: 1336; Period: 3, Buy: 640 / Sell: 950; Period: 4, Buy: 0 / Sell: 0; Period: 5, Buy: 0 / Sell: 0; Period: 6, Buy: 0 / Sell: 0; Period: 7, Buy: 0 / Sell: 0; Period: 8, Buy: 0 / Sell: 0; 
0	22:00:32.634	EA31337 EURUSD,M1: Weekly strategy stats: 
0	22:00:32.634	EA31337 EURUSD,M1: Daily SAR stats: Period: 0, Buy: 187 / Sell: 144; Period: 1, Buy: 88 / Sell: 73; Period: 2, Buy: 210 / Sell: 90; Period: 3, Buy: 211 / Sell: 95; Period: 4, Buy: 0 / Sell: 0; Period: 5, Buy: 0 / Sell: 0; Period: 6, Buy: 0 / Sell: 0; Period: 7, Buy: 0 / Sell: 0; Period: 8, Buy: 0 / Sell: 0; 
0	22:00:32.634	EA31337 EURUSD,M1: Daily strategy stats: 
0	22:01:42.743	EA31337 EURUSD,M1: OpenOrderIsAllowed(): Maximum open and pending orders reached the limit (MaxOrders).
0	22:01:43.758	EA31337 EURUSD,M1: OpenOrderIsAllowed(): Maximum open and pending orders reached the limit (MaxOrders).
0	22:01:45.758	EA31337 EURUSD,M1: OpenOrderIsAllowed(): Maximum open and pending orders reached the limit (MaxOrders).
0	22:01:46.837	EA31337 EURUSD,M1: OpenOrderIsAllowed(): Maximum open and pending orders reached the limit (MaxOrders).
0	22:01:46.961	EA31337 EURUSD,M1: OpenOrderIsAllowed(): Maximum open and pending orders reached the limit (MaxOrders).
0	22:01:47.008	EA31337 EURUSD,M1: OpenOrderIsAllowed(): Maximum open and pending orders reached the limit (MaxOrders).
0	22:01:47.024	EA31337 EURUSD,M1: OpenOrderIsAllowed(): Maximum open and pending orders reached the limit (MaxOrders).
0	22:01:48.993	EA31337 EURUSD,M1: OpenOrderIsAllowed(): Maximum open and pending orders reached the limit (MaxOrders).
0	22:01:49.008	EA31337 EURUSD,M1: OpenOrderIsAllowed(): Maximum open and pending orders reached the limit (MaxOrders).
2	22:01:49.915	EA31337 EURUSD,M1: modify #44570223 buy 0.01 EURUSD at 1.08596 sl: 1.08175 tp: 1.08863 ok
0	22:01:49.930	EA31337 EURUSD,M1: ActionExecute(): Account Details: Time: 2015.12.20 22:01:39; Account Balance: $2128.48; Account Equity: $2333.70; Used Margin: $300.00; Free Margin: $2033.70; No of Orders: 30 (BUY/SELL: 4/26); Risk Ratio: 0.9Stats: Alligator M1: 3%, Alligator M15: 3%, Alligator M30: 3%, Bands M1: 6%, Bands M5: 3%, Bands M15: 3%, Bands M30: 3%, DeMarker M5: 6%, DeMarker M15: 3%, DeMarker M30: 6%, Envelopes M1: 3%, Envelopes M5: 3%, Envelopes M15: 3%, Fractals M1: 6%, Fractals M5: 3%, MA M1: 3%, MA M30: 3%, MACD M1: 6%, MACD M5: 6%, MACD M15: 3%, MACD M30: 3%, SAR M1: 6%, SAR M15: 3%, WPR M1: 3%, 
Open Orders: 30 +4/-26 [0.30 lots] (other: 0)
0	22:04:04.915	EA31337 EURUSD,M1: OpenOrderIsAllowed(): Maximum open and pending orders reached the limit (MaxOrders).
0	22:04:04.946	EA31337 EURUSD,M1: OpenOrderIsAllowed(): Maximum open and pending orders reached the limit (MaxOrders).
0	22:04:05.040	EA31337 EURUSD,M1: OpenOrderIsAllowed(): Maximum open and pending orders reached the limit (MaxOrders).
0	22:04:05.196	EA31337 EURUSD,M1: OpenOrderIsAllowed(): Maximum open and pending orders reached the limit (MaxOrders).
0	22:04:05.196	EA31337 EURUSD,M1: OpenOrderIsAllowed(): Maximum open and pending orders reached the limit (MaxOrders).
0	22:04:05.212	EA31337 EURUSD,M1: OpenOrderIsAllowed(): Maximum open and pending orders reached the limit (MaxOrders).
0	22:04:05.212	EA31337 EURUSD,M1: OpenOrderIsAllowed(): Maximum open and pending orders reached the limit (MaxOrders).
0	22:04:05.384	EA31337 EURUSD,M1: OpenOrderIsAllowed(): Maximum open and pending orders reached the limit (MaxOrders).
0	22:04:05.384	EA31337 EURUSD,M1: OpenOrderIsAllowed(): Maximum open and pending orders reached the limit (MaxOrders).
2	22:04:05.759	EA31337 EURUSD,M1: modify #44570223 buy 0.01 EURUSD at 1.08596 sl: 1.08175 tp: 1.08869 ok
0	22:06:25.071	EA31337 EURUSD,M1: OpenOrderIsAllowed(): Maximum open and pending orders reached the limit (MaxOrders).
0	22:10:04.946	EA31337 EURUSD,M1: OpenOrderIsAllowed(): Maximum open and pending orders reached the limit (MaxOrders).
0	22:10:04.946	EA31337 EURUSD,M1: OpenOrderIsAllowed(): Maximum open and pending orders reached the limit (MaxOrders).
0	22:10:04.946	EA31337 EURUSD,M1: OpenOrderIsAllowed(): Maximum open and pending orders reached the limit (MaxOrders).
0	22:10:04.946	EA31337 EURUSD,M1: OpenOrderIsAllowed(): Maximum open and pending orders reached the limit (MaxOrders).
0	22:10:04.946	EA31337 EURUSD,M1: OpenOrderIsAllowed(): Maximum open and pending orders reached the limit (MaxOrders).
0	22:10:04.946	EA31337 EURUSD,M1: OpenOrderIsAllowed(): Maximum open and pending orders reached the limit (MaxOrders).
0	22:10:04.946	EA31337 EURUSD,M1: OpenOrderIsAllowed(): Maximum open and pending orders reached the limit (MaxOrders).
0	22:10:04.946	EA31337 EURUSD,M1: OpenOrderIsAllowed(): Maximum open and pending orders reached the limit (MaxOrders).
0	22:10:04.946	EA31337 EURUSD,M1: ActionExecute(): Account Details: Time: 2015.12.20 22:10:02; Account Balance: $2128.48; Account Equity: $2326.88; Used Margin: $300.00; Free Margin: $2026.88; No of Orders: 30 (BUY/SELL: 4/26); Risk Ratio: 0.9Stats: Alligator M1: 3%, Alligator M15: 3%, Alligator M30: 3%, Bands M1: 6%, Bands M5: 3%, Bands M15: 3%, Bands M30: 3%, DeMarker M5: 6%, DeMarker M15: 3%, DeMarker M30: 6%, Envelopes M1: 3%, Envelopes M5: 3%, Envelopes M15: 3%, Fractals M1: 6%, Fractals M5: 3%, MA M1: 3%, MA M30: 3%, MACD M1: 6%, MACD M5: 6%, MACD M15: 3%, MACD M30: 3%, SAR M1: 6%, SAR M15: 3%, WPR M1: 3%, 
Open Orders: 30 +4/-26 [0.30 lots] (other: 0)
0	22:11:18.665	EA31337 EURUSD,M1: OpenOrderIsAllowed(): Maximum open and pending orders reached the limit (MaxOrders).
0	22:11:18.665	EA31337 EURUSD,M1: ActionExecute(): Account Details: Time: 2015.12.20 22:11:16; Account Balance: $2128.48; Account Equity: $2332.68; Used Margin: $300.00; Free Margin: $2032.68; No of Orders: 30 (BUY/SELL: 4/26); Risk Ratio: 0.9Stats: Alligator M1: 3%, Alligator M15: 3%, Alligator M30: 3%, Bands M1: 6%, Bands M5: 3%, Bands M15: 3%, Bands M30: 3%, DeMarker M5: 6%, DeMarker M15: 3%, DeMarker M30: 6%, Envelopes M1: 3%, Envelopes M5: 3%, Envelopes M15: 3%, Fractals M1: 6%, Fractals M5: 3%, MA M1: 3%, MA M30: 3%, MACD M1: 6%, MACD M5: 6%, MACD M15: 3%, MACD M30: 3%, SAR M1: 6%, SAR M15: 3%, WPR M1: 3%, 
Open Orders: 30 +4/-26 [0.30 lots] (other: 0)
0	22:14:08.556	EA31337 EURUSD,M1: ActionExecute(): Account Details: Time: 2015.12.20 22:14:05; Account Balance: $2128.48; Account Equity: $2328.48; Used Margin: $300.00; Free Margin: $2028.48; No of Orders: 30 (BUY/SELL: 4/26); Risk Ratio: 0.9Stats: Alligator M1: 3%, Alligator M15: 3%, Alligator M30: 3%, Bands M1: 6%, Bands M5: 3%, Bands M15: 3%, Bands M30: 3%, DeMarker M5: 6%, DeMarker M15: 3%, DeMarker M30: 6%, Envelopes M1: 3%, Envelopes M5: 3%, Envelopes M15: 3%, Fractals M1: 6%, Fractals M5: 3%, MA M1: 3%, MA M30: 3%, MACD M1: 6%, MACD M5: 6%, MACD M15: 3%, MACD M30: 3%, SAR M1: 6%, SAR M15: 3%, WPR M1: 3%, 
Open Orders: 30 +4/-26 [0.30 lots] (other: 0)
0	22:18:54.243	EA31337 EURUSD,M1: ActionExecute(): Account Details: Time: 2015.12.20 22:18:51; Account Balance: $2128.48; Account Equity: $2332.24; Used Margin: $300.00; Free Margin: $2032.24; No of Orders: 30 (BUY/SELL: 4/26); Risk Ratio: 0.9Stats: Alligator M1: 3%, Alligator M15: 3%, Alligator M30: 3%, Bands M1: 6%, Bands M5: 3%, Bands M15: 3%, Bands M30: 3%, DeMarker M5: 6%, DeMarker M15: 3%, DeMarker M30: 6%, Envelopes M1: 3%, Envelopes M5: 3%, Envelopes M15: 3%, Fractals M1: 6%, Fractals M5: 3%, MA M1: 3%, MA M30: 3%, MACD M1: 6%, MACD M5: 6%, MACD M15: 3%, MACD M30: 3%, SAR M1: 6%, SAR M15: 3%, WPR M1: 3%, 
Open Orders: 30 +4/-26 [0.30 lots] (other: 0)
0	22:21:30.822	EA31337 EURUSD,M1: ActionExecute(): Account Details: Time: 2015.12.20 22:21:28; Account Balance: $2128.48; Account Equity: $2333.16; Used Margin: $300.00; Free Margin: $2033.16; No of Orders: 30 (BUY/SELL: 4/26); Risk Ratio: 0.9Stats: Alligator M1: 3%, Alligator M15: 3%, Alligator M30: 3%, Bands M1: 6%, Bands M5: 3%, Bands M15: 3%, Bands M30: 3%, DeMarker M5: 6%, DeMarker M15: 3%, DeMarker M30: 6%, Envelopes M1: 3%, Envelopes M5: 3%, Envelopes M15: 3%, Fractals M1: 6%, Fractals M5: 3%, MA M1: 3%, MA M30: 3%, MACD M1: 6%, MACD M5: 6%, MACD M15: 3%, MACD M30: 3%, SAR M1: 6%, SAR M15: 3%, WPR M1: 3%, 
Open Orders: 30 +4/-26 [0.30 lots] (other: 0)
0	22:23:28.415	EA31337 EURUSD,M1: OpenOrderIsAllowed(): Maximum open and pending orders reached the limit (MaxOrders).
0	22:23:28.697	EA31337 EURUSD,M1: ActionExecute(): Account Details: Time: 2015.12.20 22:23:25; Account Balance: $2128.48; Account Equity: $2335.02; Used Margin: $300.00; Free Margin: $2035.02; No of Orders: 30 (BUY/SELL: 4/26); Risk Ratio: 0.9Stats: Alligator M1: 3%, Alligator M15: 3%, Alligator M30: 3%, Bands M1: 6%, Bands M5: 3%, Bands M15: 3%, Bands M30: 3%, DeMarker M5: 6%, DeMarker M15: 3%, DeMarker M30: 6%, Envelopes M1: 3%, Envelopes M5: 3%, Envelopes M15: 3%, Fractals M1: 6%, Fractals M5: 3%, MA M1: 3%, MA M30: 3%, MACD M1: 6%, MACD M5: 6%, MACD M15: 3%, MACD M30: 3%, SAR M1: 6%, SAR M15: 3%, WPR M1: 3%, 
Open Orders: 30 +4/-26 [0.30 lots] (other: 0)
0	22:24:08.900	EA31337 EURUSD,M1: ActionExecute(): Account Details: Time: 2015.12.20 22:24:06; Account Balance: $2128.48; Account Equity: $2334.34; Used Margin: $300.00; Free Margin: $2034.34; No of Orders: 30 (BUY/SELL: 4/26); Risk Ratio: 0.9Stats: Alligator M1: 3%, Alligator M15: 3%, Alligator M30: 3%, Bands M1: 6%, Bands M5: 3%, Bands M15: 3%, Bands M30: 3%, DeMarker M5: 6%, DeMarker M15: 3%, DeMarker M30: 6%, Envelopes M1: 3%, Envelopes M5: 3%, Envelopes M15: 3%, Fractals M1: 6%, Fractals M5: 3%, MA M1: 3%, MA M30: 3%, MACD M1: 6%, MACD M5: 6%, MACD M15: 3%, MACD M30: 3%, SAR M1: 6%, SAR M15: 3%, WPR M1: 3%, 
Open Orders: 30 +4/-26 [0.30 lots] (other: 0)
0	22:25:36.525	EA31337 EURUSD,M1: ActionExecute(): Account Details: Time: 2015.12.20 22:25:34; Account Balance: $2128.48; Account Equity: $2332.64; Used Margin: $300.00; Free Margin: $2032.64; No of Orders: 30 (BUY/SELL: 4/26); Risk Ratio: 0.9Stats: Alligator M1: 3%, Alligator M15: 3%, Alligator M30: 3%, Bands M1: 6%, Bands M5: 3%, Bands M15: 3%, Bands M30: 3%, DeMarker M5: 6%, DeMarker M15: 3%, DeMarker M30: 6%, Envelopes M1: 3%, Envelopes M5: 3%, Envelopes M15: 3%, Fractals M1: 6%, Fractals M5: 3%, MA M1: 3%, MA M30: 3%, MACD M1: 6%, MACD M5: 6%, MACD M15: 3%, MACD M30: 3%, SAR M1: 6%, SAR M15: 3%, WPR M1: 3%, 
Open Orders: 30 +4/-26 [0.30 lots] (other: 0)
0	22:26:12.915	EA31337 EURUSD,M1: ActionExecute(): Account Details: Time: 2015.12.20 22:26:10; Account Balance: $2128.48; Account Equity: $2335.06; Used Margin: $300.00; Free Margin: $2035.06; No of Orders: 30 (BUY/SELL: 4/26); Risk Ratio: 0.9Stats: Alligator M1: 3%, Alligator M15: 3%, Alligator M30: 3%, Bands M1: 6%, Bands M5: 3%, Bands M15: 3%, Bands M30: 3%, DeMarker M5: 6%, DeMarker M15: 3%, DeMarker M30: 6%, Envelopes M1: 3%, Envelopes M5: 3%, Envelopes M15: 3%, Fractals M1: 6%, Fractals M5: 3%, MA M1: 3%, MA M30: 3%, MACD M1: 6%, MACD M5: 6%, MACD M15: 3%, MACD M30: 3%, SAR M1: 6%, SAR M15: 3%, WPR M1: 3%, 
Open Orders: 30 +4/-26 [0.30 lots] (other: 0)
0	22:27:05.431	EA31337 EURUSD,M1: ActionExecute(): Account Details: Time: 2015.12.20 22:27:03; Account Balance: $2128.48; Account Equity: $2324.66; Used Margin: $300.00; Free Margin: $2024.66; No of Orders: 30 (BUY/SELL: 4/26); Risk Ratio: 0.9Stats: Alligator M1: 3%, Alligator M15: 3%, Alligator M30: 3%, Bands M1: 6%, Bands M5: 3%, Bands M15: 3%, Bands M30: 3%, DeMarker M5: 6%, DeMarker M15: 3%, DeMarker M30: 6%, Envelopes M1: 3%, Envelopes M5: 3%, Envelopes M15: 3%, Fractals M1: 6%, Fractals M5: 3%, MA M1: 3%, MA M30: 3%, MACD M1: 6%, MACD M5: 6%, MACD M15: 3%, MACD M30: 3%, SAR M1: 6%, SAR M15: 3%, WPR M1: 3%, 
Open Orders: 30 +4/-26 [0.30 lots] (other: 0)
0	22:28:03.837	EA31337 EURUSD,M1: ActionExecute(): Account Details: Time: 2015.12.20 22:28:01; Account Balance: $2128.48; Account Equity: $2324.62; Used Margin: $300.00; Free Margin: $2024.62; No of Orders: 30 (BUY/SELL: 4/26); Risk Ratio: 0.9Stats: Alligator M1: 3%, Alligator M15: 3%, Alligator M30: 3%, Bands M1: 6%, Bands M5: 3%, Bands M15: 3%, Bands M30: 3%, DeMarker M5: 6%, DeMarker M15: 3%, DeMarker M30: 6%, Envelopes M1: 3%, Envelopes M5: 3%, Envelopes M15: 3%, Fractals M1: 6%, Fractals M5: 3%, MA M1: 3%, MA M30: 3%, MACD M1: 6%, MACD M5: 6%, MACD M15: 3%, MACD M30: 3%, SAR M1: 6%, SAR M15: 3%, WPR M1: 3%, 
Open Orders: 30 +4/-26 [0.30 lots] (other: 0)
0	22:30:06.525	EA31337 EURUSD,M1: ActionExecute(): Account Details: Time: 2015.12.20 22:30:03; Account Balance: $2128.48; Account Equity: $2325.92; Used Margin: $300.00; Free Margin: $2025.92; No of Orders: 30 (BUY/SELL: 4/26); Risk Ratio: 0.9Stats: Alligator M1: 3%, Alligator M15: 3%, Alligator M30: 3%, Bands M1: 6%, Bands M5: 3%, Bands M15: 3%, Bands M30: 3%, DeMarker M5: 6%, DeMarker M15: 3%, DeMarker M30: 6%, Envelopes M1: 3%, Envelopes M5: 3%, Envelopes M15: 3%, Fractals M1: 6%, Fractals M5: 3%, MA M1: 3%, MA M30: 3%, MACD M1: 6%, MACD M5: 6%, MACD M15: 3%, MACD M30: 3%, SAR M1: 6%, SAR M15: 3%, WPR M1: 3%, 
Open Orders: 30 +4/-26 [0.30 lots] (other: 0)
0	22:49:07.057	EA31337 EURUSD,M1: ActionExecute(): Account Details: Time: 2015.12.20 22:49:04; Account Balance: $2128.48; Account Equity: $2326.58; Used Margin: $300.00; Free Margin: $2026.58; No of Orders: 30 (BUY/SELL: 4/26); Risk Ratio: 0.9Stats: Alligator M1: 3%, Alligator M15: 3%, Alligator M30: 3%, Bands M1: 6%, Bands M5: 3%, Bands M15: 3%, Bands M30: 3%, DeMarker M5: 6%, DeMarker M15: 3%, DeMarker M30: 6%, Envelopes M1: 3%, Envelopes M5: 3%, Envelopes M15: 3%, Fractals M1: 6%, Fractals M5: 3%, MA M1: 3%, MA M30: 3%, MACD M1: 6%, MACD M5: 6%, MACD M15: 3%, MACD M30: 3%, SAR M1: 6%, SAR M15: 3%, WPR M1: 3%, 
Open Orders: 30 +4/-26 [0.30 lots] (other: 0)
0	22:56:40.229	EA31337 EURUSD,M1: ActionExecute(): Account Details: Time: 2015.12.20 22:56:36; Account Balance: $2128.48; Account Equity: $2328.12; Used Margin: $300.00; Free Margin: $2028.12; No of Orders: 30 (BUY/SELL: 4/26); Risk Ratio: 0.9Stats: Alligator M1: 3%, Alligator M15: 3%, Alligator M30: 3%, Bands M1: 6%, Bands M5: 3%, Bands M15: 3%, Bands M30: 3%, DeMarker M5: 6%, DeMarker M15: 3%, DeMarker M30: 6%, Envelopes M1: 3%, Envelopes M5: 3%, Envelopes M15: 3%, Fractals M1: 6%, Fractals M5: 3%, MA M1: 3%, MA M30: 3%, MACD M1: 6%, MACD M5: 6%, MACD M15: 3%, MACD M30: 3%, SAR M1: 6%, SAR M15: 3%, WPR M1: 3%, 
Open Orders: 30 +4/-26 [0.30 lots] (other: 0)
0	23:00:03.073	EA31337 EURUSD,M1: == New hour: 23
0	23:01:09.276	EA31337 EURUSD,M1: ActionExecute(): Account Details: Time: 2015.12.20 23:01:06; Account Balance: $2128.48; Account Equity: $2328.54; Used Margin: $300.00; Free Margin: $2028.54; No of Orders: 30 (BUY/SELL: 4/26); Risk Ratio: 0.9Stats: Alligator M1: 3%, Alligator M15: 3%, Alligator M30: 3%, Bands M1: 6%, Bands M5: 3%, Bands M15: 3%, Bands M30: 3%, DeMarker M5: 6%, DeMarker M15: 3%, DeMarker M30: 6%, Envelopes M1: 3%, Envelopes M5: 3%, Envelopes M15: 3%, Fractals M1: 6%, Fractals M5: 3%, MA M1: 3%, MA M30: 3%, MACD M1: 6%, MACD M5: 6%, MACD M15: 3%, MACD M30: 3%, SAR M1: 6%, SAR M15: 3%, WPR M1: 3%, 
Open Orders: 30 +4/-26 [0.30 lots] (other: 0)
0	23:08:56.651	EA31337 EURUSD,M1: ActionExecute(): Account Details: Time: 2015.12.20 23:08:54; Account Balance: $2128.48; Account Equity: $2327.94; Used Margin: $300.00; Free Margin: $2027.94; No of Orders: 30 (BUY/SELL: 4/26); Risk Ratio: 0.9Stats: Alligator M1: 3%, Alligator M15: 3%, Alligator M30: 3%, Bands M1: 6%, Bands M5: 3%, Bands M15: 3%, Bands M30: 3%, DeMarker M5: 6%, DeMarker M15: 3%, DeMarker M30: 6%, Envelopes M1: 3%, Envelopes M5: 3%, Envelopes M15: 3%, Fractals M1: 6%, Fractals M5: 3%, MA M1: 3%, MA M30: 3%, MACD M1: 6%, MACD M5: 6%, MACD M15: 3%, MACD M30: 3%, SAR M1: 6%, SAR M15: 3%, WPR M1: 3%, 
Open Orders: 30 +4/-26 [0.30 lots] (other: 0)
0	23:12:57.792	EA31337 EURUSD,M1: ActionExecute(): Account Details: Time: 2015.12.20 23:12:54; Account Balance: $2128.48; Account Equity: $2324.68; Used Margin: $300.00; Free Margin: $2024.68; No of Orders: 30 (BUY/SELL: 4/26); Risk Ratio: 0.9Stats: Alligator M1: 3%, Alligator M15: 3%, Alligator M30: 3%, Bands M1: 6%, Bands M5: 3%, Bands M15: 3%, Bands M30: 3%, DeMarker M5: 6%, DeMarker M15: 3%, DeMarker M30: 6%, Envelopes M1: 3%, Envelopes M5: 3%, Envelopes M15: 3%, Fractals M1: 6%, Fractals M5: 3%, MA M1: 3%, MA M30: 3%, MACD M1: 6%, MACD M5: 6%, MACD M15: 3%, MACD M30: 3%, SAR M1: 6%, SAR M15: 3%, WPR M1: 3%, 
Open Orders: 30 +4/-26 [0.30 lots] (other: 0)
0	23:13:39.761	EA31337 EURUSD,M1: ActionExecute(): Account Details: Time: 2015.12.20 23:13:37; Account Balance: $2128.48; Account Equity: $2319.72; Used Margin: $300.00; Free Margin: $2019.72; No of Orders: 30 (BUY/SELL: 4/26); Risk Ratio: 0.9Stats: Alligator M1: 3%, Alligator M15: 3%, Alligator M30: 3%, Bands M1: 6%, Bands M5: 3%, Bands M15: 3%, Bands M30: 3%, DeMarker M5: 6%, DeMarker M15: 3%, DeMarker M30: 6%, Envelopes M1: 3%, Envelopes M5: 3%, Envelopes M15: 3%, Fractals M1: 6%, Fractals M5: 3%, MA M1: 3%, MA M30: 3%, MACD M1: 6%, MACD M5: 6%, MACD M15: 3%, MACD M30: 3%, SAR M1: 6%, SAR M15: 3%, WPR M1: 3%, 
Open Orders: 30 +4/-26 [0.30 lots] (other: 0)
0	23:20:00.745	EA31337 EURUSD,M1: ActionExecute(): Account Details: Time: 2015.12.20 23:19:57; Account Balance: $2128.48; Account Equity: $2311.62; Used Margin: $300.00; Free Margin: $2011.62; No of Orders: 30 (BUY/SELL: 4/26); Risk Ratio: 0.9Stats: Alligator M1: 3%, Alligator M15: 3%, Alligator M30: 3%, Bands M1: 6%, Bands M5: 3%, Bands M15: 3%, Bands M30: 3%, DeMarker M5: 6%, DeMarker M15: 3%, DeMarker M30: 6%, Envelopes M1: 3%, Envelopes M5: 3%, Envelopes M15: 3%, Fractals M1: 6%, Fractals M5: 3%, MA M1: 3%, MA M30: 3%, MACD M1: 6%, MACD M5: 6%, MACD M15: 3%, MACD M30: 3%, SAR M1: 6%, SAR M15: 3%, WPR M1: 3%, 
Open Orders: 30 +4/-26 [0.30 lots] (other: 0)
0	23:20:52.011	EA31337 EURUSD,M1: ActionExecute(): Account Details: Time: 2015.12.20 23:20:49; Account Balance: $2128.48; Account Equity: $2310.60; Used Margin: $300.00; Free Margin: $2010.60; No of Orders: 30 (BUY/SELL: 4/26); Risk Ratio: 0.9Stats: Alligator M1: 3%, Alligator M15: 3%, Alligator M30: 3%, Bands M1: 6%, Bands M5: 3%, Bands M15: 3%, Bands M30: 3%, DeMarker M5: 6%, DeMarker M15: 3%, DeMarker M30: 6%, Envelopes M1: 3%, Envelopes M5: 3%, Envelopes M15: 3%, Fractals M1: 6%, Fractals M5: 3%, MA M1: 3%, MA M30: 3%, MACD M1: 6%, MACD M5: 6%, MACD M15: 3%, MACD M30: 3%, SAR M1: 6%, SAR M15: 3%, WPR M1: 3%, 
Open Orders: 30 +4/-26 [0.30 lots] (other: 0)
0	23:21:14.245	EA31337 EURUSD,M1: ActionExecute(): Account Details: Time: 2015.12.20 23:21:11; Account Balance: $2128.48; Account Equity: $2308.02; Used Margin: $300.00; Free Margin: $2008.02; No of Orders: 30 (BUY/SELL: 4/26); Risk Ratio: 0.9Stats: Alligator M1: 3%, Alligator M15: 3%, Alligator M30: 3%, Bands M1: 6%, Bands M5: 3%, Bands M15: 3%, Bands M30: 3%, DeMarker M5: 6%, DeMarker M15: 3%, DeMarker M30: 6%, Envelopes M1: 3%, Envelopes M5: 3%, Envelopes M15: 3%, Fractals M1: 6%, Fractals M5: 3%, MA M1: 3%, MA M30: 3%, MACD M1: 6%, MACD M5: 6%, MACD M15: 3%, MACD M30: 3%, SAR M1: 6%, SAR M15: 3%, WPR M1: 3%, 
Open Orders: 30 +4/-26 [0.30 lots] (other: 0)
0	23:22:02.855	EA31337 EURUSD,M1: ActionExecute(): Account Details: Time: 2015.12.20 23:22:00; Account Balance: $2128.48; Account Equity: $2307.58; Used Margin: $300.00; Free Margin: $2007.58; No of Orders: 30 (BUY/SELL: 4/26); Risk Ratio: 0.9Stats: Alligator M1: 3%, Alligator M15: 3%, Alligator M30: 3%, Bands M1: 6%, Bands M5: 3%, Bands M15: 3%, Bands M30: 3%, DeMarker M5: 6%, DeMarker M15: 3%, DeMarker M30: 6%, Envelopes M1: 3%, Envelopes M5: 3%, Envelopes M15: 3%, Fractals M1: 6%, Fractals M5: 3%, MA M1: 3%, MA M30: 3%, MACD M1: 6%, MACD M5: 6%, MACD M15: 3%, MACD M30: 3%, SAR M1: 6%, SAR M15: 3%, WPR M1: 3%, 
Open Orders: 30 +4/-26 [0.30 lots] (other: 0)
2	23:23:03.527	EA31337 EURUSD,M1: modify #44506819 buy 0.01 EURUSD at 1.08361 sl: 1.07941 tp: 1.09193 ok
2	23:23:03.870	EA31337 EURUSD,M1: modify #44506882 buy 0.01 EURUSD at 1.08389 sl: 1.07964 tp: 1.09199 ok
2	23:23:04.152	EA31337 EURUSD,M1: modify #44570497 buy 0.01 EURUSD at 1.08631 sl: 1.08217 tp: 1.09196 ok
0	23:23:04.152	EA31337 EURUSD,M1: ActionExecute(): Account Details: Time: 2015.12.20 23:23:00; Account Balance: $2128.48; Account Equity: $2302.74; Used Margin: $300.00; Free Margin: $2002.74; No of Orders: 30 (BUY/SELL: 4/26); Risk Ratio: 0.9Stats: Alligator M1: 3%, Alligator M15: 3%, Alligator M30: 3%, Bands M1: 6%, Bands M5: 3%, Bands M15: 3%, Bands M30: 3%, DeMarker M5: 6%, DeMarker M15: 3%, DeMarker M30: 6%, Envelopes M1: 3%, Envelopes M5: 3%, Envelopes M15: 3%, Fractals M1: 6%, Fractals M5: 3%, MA M1: 3%, MA M30: 3%, MACD M1: 6%, MACD M5: 6%, MACD M15: 3%, MACD M30: 3%, SAR M1: 6%, SAR M15: 3%, WPR M1: 3%, 
Open Orders: 30 +4/-26 [0.30 lots] (other: 0)
0	23:25:47.527	EA31337 EURUSD,M1: ActionExecute(): Account Details: Time: 2015.12.20 23:25:45; Account Balance: $2128.48; Account Equity: $2304.14; Used Margin: $300.00; Free Margin: $2004.14; No of Orders: 30 (BUY/SELL: 4/26); Risk Ratio: 0.9Stats: Alligator M1: 3%, Alligator M15: 3%, Alligator M30: 3%, Bands M1: 6%, Bands M5: 3%, Bands M15: 3%, Bands M30: 3%, DeMarker M5: 6%, DeMarker M15: 3%, DeMarker M30: 6%, Envelopes M1: 3%, Envelopes M5: 3%, Envelopes M15: 3%, Fractals M1: 6%, Fractals M5: 3%, MA M1: 3%, MA M30: 3%, MACD M1: 6%, MACD M5: 6%, MACD M15: 3%, MACD M30: 3%, SAR M1: 6%, SAR M15: 3%, WPR M1: 3%, 
Open Orders: 30 +4/-26 [0.30 lots] (other: 0)
