0	00:00:24.556	EA31337 EURUSD,M1: == New hour: 0
0	00:00:24.556	EA31337 EURUSD,M1: == New day (day of month: 17; day of year: 198) ==
0	00:00:24.556	EA31337 EURUSD,M1: Daily max: Tick: 2.75; Spread: 25; Loss: 0; Profit: 0; Equity: 2497.19; Balance: 2378.3; 
0	00:00:24.556	EA31337 EURUSD,M1: Daily SAR stats: Period: 0, Buy: 38 / Sell: 582; Period: 1, Buy: 26 / Sell: 387; Period: 2, Buy: 18 / Sell: 787; Period: 3, Buy: 32 / Sell: 846; Period: 4, Buy: 0 / Sell: 0; Period: 5, Buy: 0 / Sell: 0; Period: 6, Buy: 0 / Sell: 0; Period: 7, Buy: 0 / Sell: 0; Period: 8, Buy: 0 / Sell: 0; 
0	00:00:24.556	EA31337 EURUSD,M1: Daily strategy stats: 
0	00:02:16.485	EA31337 EURUSD,M1: ExecuteOrder():Maximum open and pending orders reached the limit (MaxOrders).
0	00:45:26.285	EA31337 EURUSD,M1: ExecuteOrder():Maximum open and pending orders reached the limit (MaxOrders).
0	01:00:46.450	EA31337 EURUSD,M1: == New hour: 1
0	01:33:21.519	EA31337 EURUSD,M1: ExecuteOrder():Maximum open and pending orders reached the limit (MaxOrders).
0	02:01:43.261	EA31337 EURUSD,M1: == New hour: 2
0	02:09:22.293	EA31337 EURUSD,M1: ExecuteOrder():Maximum open and pending orders reached the limit (MaxOrders).
0	02:17:24.918	EA31337 EURUSD,M1: ExecuteOrder():Maximum open and pending orders reached the limit (MaxOrders).
0	03:00:31.351	EA31337 EURUSD,M1: == New hour: 3
0	03:29:03.990	EA31337 EURUSD,M1: ExecuteOrder():Maximum open and pending orders reached the limit (MaxOrders).
0	03:36:20.696	EA31337 EURUSD,M1: ExecuteOrder():Maximum open and pending orders reached the limit (MaxOrders).
0	04:00:43.295	EA31337 EURUSD,M1: == New hour: 4
0	05:00:19.654	EA31337 EURUSD,M1: == New hour: 5
0	05:11:17.816	EA31337 EURUSD,M1: ExecuteOrder():Maximum open and pending orders reached the limit (MaxOrders).
0	05:22:34.567	EA31337 EURUSD,M1: ExecuteOrder():Maximum open and pending orders reached the limit (MaxOrders).
0	06:00:16.449	EA31337 EURUSD,M1: == New hour: 6
0	06:06:22.294	EA31337 EURUSD,M1: ExecuteOrder():Maximum open and pending orders reached the limit (MaxOrders).
0	06:37:33.508	EA31337 EURUSD,M1: ExecuteOrder():Maximum open and pending orders reached the limit (MaxOrders).
0	06:54:25.389	EA31337 EURUSD,M1: ExecuteOrder():Maximum open and pending orders reached the limit (MaxOrders).
0	07:00:15.072	EA31337 EURUSD,M1: == New hour: 7
0	07:09:20.413	EA31337 EURUSD,M1: ExecuteOrder():Maximum open and pending orders reached the limit (MaxOrders).
0	07:14:38.561	EA31337 EURUSD,M1: ExecuteOrder():Maximum open and pending orders reached the limit (MaxOrders).
0	07:26:28.996	EA31337 EURUSD,M1: ExecuteOrder():Maximum open and pending orders reached the limit (MaxOrders).
0	08:00:42.553	EA31337 EURUSD,M1: == New hour: 8
0	08:26:42.758	EA31337 EURUSD,M1: ExecuteOrder():Maximum open and pending orders reached the limit (MaxOrders).
0	09:00:24.044	EA31337 EURUSD,M1: == New hour: 9
0	09:05:32.056	EA31337 EURUSD,M1: ExecuteOrder():Maximum open and pending orders reached the limit (MaxOrders).
0	09:52:29.378	EA31337 EURUSD,M1: ExecuteOrder():Maximum open and pending orders reached the limit (MaxOrders).
0	10:00:21.071	EA31337 EURUSD,M1: == New hour: 10
0	10:00:25.613	EA31337 EURUSD,M1: ExecuteOrder():Maximum open and pending orders reached the limit (MaxOrders).
0	10:32:29.692	EA31337 EURUSD,M1: ExecuteOrder():Maximum open and pending orders reached the limit (MaxOrders).
0	10:45:25.651	EA31337 EURUSD,M1: ExecuteOrder():Maximum open and pending orders reached the limit (MaxOrders).
0	11:00:21.171	EA31337 EURUSD,M1: == New hour: 11
0	11:14:20.762	EA31337 EURUSD,M1: ExecuteOrder():Maximum open and pending orders reached the limit (MaxOrders).
0	11:23:30.037	EA31337 EURUSD,M1: ExecuteOrder():Maximum open and pending orders reached the limit (MaxOrders).
0	12:00:32.867	EA31337 EURUSD,M1: == New hour: 12
0	12:03:27.345	EA31337 EURUSD,M1: ExecuteOrder():Maximum open and pending orders reached the limit (MaxOrders).
2	12:30:41.350	EA31337 EURUSD,M1: close #38815988 sell 0.04 EURUSD at 1.09081 sl: 1.09502 at price 1.08825
0	12:30:41.350	EA31337 EURUSD,M1: CloseOrder(): Closed order 38815988 with profit 11.1, reason: TaskRun(): 1; Order Details: Ticket: 38815988; Time: 2015.07.17 12:30:27; Comment: Bands M5; Commision: 0; Symbol: EURUSD; Type: Sell; Expiration: 0; Open Price: 1.09081; Close Price: 1.08803; Take Profit: 11.12; Stop Loss: 1.095; Swap: 0.02; Lot size: 0.04; 
0	12:30:41.350	EA31337 EURUSD,M1: TaskProcessList(): Processed 1 jobs (1 run, 0 failed (0 removed)).
0	12:30:41.350	EA31337 EURUSD,M1: ActionExecute(): Account Details: Time: 2015.07.17 12:30:27; Account Balance: $2388.56; Account Equity: $2489.87; Used Margin: $190.00; Free Margin: $2299.87; No of Orders: 20 (BUY/SELL: 0/19); Risk Ratio: 0.0Stats: MA M1: 10%, MACD M1: 10%, MACD M5: 10%, MACD M15: 10%, Alligator M1: 10%, Alligator M5: 10%, SAR M1: 10%, SAR M15: 10%, SAR M30: 10%, 
Open Orders: 20 +0/-19 [0.19 lots] (other: 0)
0	12:30:41.350	EA31337 EURUSD,M1: ActionExecute(): Action id: 1; reason: Account condition: 3, Market condition: 6, Action: 1 [E: $2495.12/B: $2378.30]
0	12:30:41.350	EA31337 EURUSD,M1: UpdateStats(): Market sudden drop of -22.0 pips detected!
0	12:32:14.292	EA31337 EURUSD,M1: ExecuteOrder(): MarketInfo: Symbol: EURUSD; Ask: 1.08846; Bid: 1.08825; Spread: 21 points = 2.1 pips; 
2	12:32:16.766	EA31337 EURUSD,M1: open #38843464 sell 0.01 EURUSD at 1.08812 sl: 1.09246 ok
0	12:32:16.766	EA31337 EURUSD,M1: #38843464 2015.07.17 12:32:02 sell 0.01 EURUSD 1.08812 1.09246 0.00000 1.08835 0.00 0.00 -0.23 MA M1 31337
0	12:32:16.766	EA31337 EURUSD,M1: ExecuteOrder(): Order Details: Ticket: 38843464; Time: 2015.07.17 12:32:02; Comment: MA M1; Commision: 0; Symbol: EURUSD; Type: Sell; Expiration: 0; Open Price: 1.08812; Close Price: 1.08835; Take Profit: -0.23; Stop Loss: 1.0925; Swap: 0; Lot size: 0.01; Account Details: Time: 2015.07.17 12:32:02; Account Balance: $2388.56; Account Equity: $2487.93; Used Margin: $200.00; Free Margin: $2287.93; No of Orders: 19 (BUY/SELL: 0/20); Risk Ratio: 0.0
2	12:32:24.140	EA31337 EURUSD,M1: close #38775553 sell 0.01 EURUSD at 1.09649 sl: 1.10066 at price 1.08849
0	12:32:24.140	EA31337 EURUSD,M1: CloseOrder(): Closed order 38775553 with profit 8.11, reason: TaskRun(): 1; Order Details: Ticket: 38775553; Time: 2015.07.17 12:32:08; Comment: MA M30; Commision: 0; Symbol: EURUSD; Type: Sell; Expiration: 0; Open Price: 1.09649; Close Price: 1.08835; Take Profit: 8.14; Stop Loss: 1.1007; Swap: 0.03; Lot size: 0.01; 
0	12:32:24.140	EA31337 EURUSD,M1: TaskProcessList(): Processed 1 jobs (1 run, 0 failed (0 removed)).
0	12:32:24.173	EA31337 EURUSD,M1: ActionExecute(): Account Details: Time: 2015.07.17 12:32:09; Account Balance: $2396.59; Account Equity: $2485.51; Used Margin: $190.00; Free Margin: $2295.51; No of Orders: 20 (BUY/SELL: 0/19); Risk Ratio: 0.0Stats: MA M1: 5%, MACD M1: 10%, MACD M5: 10%, MACD M15: 10%, Alligator M1: 10%, Alligator M5: 10%, SAR M1: 10%, SAR M15: 10%, SAR M30: 10%, 
Open Orders: 20 +0/-19 [0.19 lots] (other: 0)
0	12:32:24.173	EA31337 EURUSD,M1: ActionExecute(): Action id: 1; reason: Account condition: 3, Market condition: 6, Action: 1 [E: $2487.93/B: $2388.56]
0	12:32:24.173	EA31337 EURUSD,M1: UpdateStats(): Market sudden drop of 7.8 pips detected!
2	12:34:01.544	EA31337 EURUSD,M1: close #38784966 sell 0.01 EURUSD at 1.09616 sl: 1.10034 at price 1.08713
0	12:34:01.544	EA31337 EURUSD,M1: CloseOrder(): Closed order 38784966 with profit 8.9, reason: TaskRun(): 1; Order Details: Ticket: 38784966; Time: 2015.07.17 12:33:45; Comment: SAR M1; Commision: 0; Symbol: EURUSD; Type: Sell; Expiration: 0; Open Price: 1.09616; Close Price: 1.08723; Take Profit: 8.93; Stop Loss: 1.1003; Swap: 0.03; Lot size: 0.01; 
0	12:34:01.544	EA31337 EURUSD,M1: TaskProcessList(): Processed 1 jobs (1 run, 0 failed (0 removed)).
0	12:34:01.544	EA31337 EURUSD,M1: ActionExecute(): Account Details: Time: 2015.07.17 12:33:45; Account Balance: $2405.65; Account Equity: $2510.97; Used Margin: $180.00; Free Margin: $2330.97; No of Orders: 19 (BUY/SELL: 0/18); Risk Ratio: 0.0Stats: MA M1: 5%, MACD M1: 10%, MACD M5: 10%, MACD M15: 10%, Alligator M1: 10%, Alligator M5: 10%, SAR M1: 10%, SAR M15: 10%, SAR M30: 10%, 
Open Orders: 19 +0/-18 [0.18 lots] (other: 0)
0	12:34:01.544	EA31337 EURUSD,M1: ActionExecute(): Action id: 1; reason: Account condition: 3, Market condition: 6, Action: 1 [E: $2509.07/B: $2396.59]
0	12:34:01.544	EA31337 EURUSD,M1: UpdateStats(): Market sudden drop of -15.0 pips detected!
0	12:36:25.552	EA31337 EURUSD,M1: ExecuteOrder(): MarketInfo: Symbol: EURUSD; Ask: 1.08641; Bid: 1.08618; Spread: 23 points = 2.3 pips; 
2	12:36:25.844	EA31337 EURUSD,M1: open #38843967 sell 0.01 EURUSD at 1.08617 sl: 1.09041 ok
0	12:36:25.844	EA31337 EURUSD,M1: #38843967 2015.07.17 12:36:11 sell 0.01 EURUSD 1.08617 1.09041 0.00000 1.08637 0.00 0.00 -0.20 MA M15 31339
0	12:36:25.844	EA31337 EURUSD,M1: ExecuteOrder(): Order Details: Ticket: 38843967; Time: 2015.07.17 12:36:11; Comment: MA M15; Commision: 0; Symbol: EURUSD; Type: Sell; Expiration: 0; Open Price: 1.08617; Close Price: 1.08637; Take Profit: -0.2; Stop Loss: 1.0904; Swap: 0; Lot size: 0.01; Account Details: Time: 2015.07.17 12:36:11; Account Balance: $2405.65; Account Equity: $2524.45; Used Margin: $190.00; Free Margin: $2334.45; No of Orders: 18 (BUY/SELL: 0/19); Risk Ratio: 0.0
0	12:40:42.567	EA31337 EURUSD,M1: ExecuteOrder():MACD M1: Maximum open and pending orders per type reached the limit (MaxOrdersPerType).
0	12:40:42.567	EA31337 EURUSD,M1: ExecuteOrder(): MarketInfo: Symbol: EURUSD; Ask: 1.08671; Bid: 1.08649; Spread: 22 points = 2.2 pips; 
2	12:40:43.808	EA31337 EURUSD,M1: open #38844269 sell 0.01 EURUSD at 1.08652 sl: 1.09071 ok
0	12:40:43.808	EA31337 EURUSD,M1: #38844269 2015.07.17 12:40:29 sell 0.01 EURUSD 1.08652 1.09071 0.00000 1.08672 0.00 0.00 -0.20 MACD M5 31342
0	12:40:43.808	EA31337 EURUSD,M1: ExecuteOrder(): Order Details: Ticket: 38844269; Time: 2015.07.17 12:40:29; Comment: MACD M5; Commision: 0; Symbol: EURUSD; Type: Sell; Expiration: 0; Open Price: 1.08652; Close Price: 1.08672; Take Profit: -0.2; Stop Loss: 1.0907; Swap: 0; Lot size: 0.01; Account Details: Time: 2015.07.17 12:40:29; Account Balance: $2405.65; Account Equity: $2517.60; Used Margin: $200.00; Free Margin: $2317.60; No of Orders: 19 (BUY/SELL: 0/20); Risk Ratio: 0.0
2	12:44:44.197	EA31337 EURUSD,M1: close #38778770 sell 0.01 EURUSD at 1.09597 sl: 1.10018 at price 1.08663
0	12:44:44.197	EA31337 EURUSD,M1: CloseOrder(): Closed order 38778770 with profit 9.34, reason: TaskRun(): 1; Order Details: Ticket: 38778770; Time: 2015.07.17 12:44:29; Comment: SAR M15; Commision: 0; Symbol: EURUSD; Type: Sell; Expiration: 0; Open Price: 1.09597; Close Price: 1.08660; Take Profit: 9.37; Stop Loss: 1.1002; Swap: 0.03; Lot size: 0.01; 
0	12:44:44.197	EA31337 EURUSD,M1: TaskProcessList(): Processed 1 jobs (1 run, 0 failed (0 removed)).
0	12:44:44.197	EA31337 EURUSD,M1: ActionExecute(): Account Details: Time: 2015.07.17 12:44:29; Account Balance: $2415.02; Account Equity: $2519.40; Used Margin: $190.00; Free Margin: $2329.40; No of Orders: 20 (BUY/SELL: 0/19); Risk Ratio: 0.0Stats: MA M1: 5%, MACD M1: 10%, MACD M5: 5%, MACD M15: 10%, Alligator M1: 10%, Alligator M5: 10%, SAR M1: 10%, SAR M15: 10%, SAR M30: 10%, 
Open Orders: 20 +0/-19 [0.19 lots] (other: 0)
0	12:44:44.197	EA31337 EURUSD,M1: ActionExecute(): Action id: 1; reason: Account condition: 3, Market condition: 6, Action: 1 [E: $2520.00/B: $2405.65]
0	12:44:44.197	EA31337 EURUSD,M1: UpdateStats(): Market sudden drop of -13.8 pips detected!
0	12:45:34.735	EA31337 EURUSD,M1: ExecuteOrder(): MarketInfo: Symbol: EURUSD; Ask: 1.08647; Bid: 1.08624; Spread: 23 points = 2.3 pips; 
2	12:45:35.712	EA31337 EURUSD,M1: open #38844532 sell 0.01 EURUSD at 1.08628 sl: 1.09047 ok
0	12:45:35.712	EA31337 EURUSD,M1: #38844532 2015.07.17 12:45:21 sell 0.01 EURUSD 1.08628 1.09047 0.00000 1.08649 0.00 0.00 -0.21 MA M5 31338
0	12:45:35.712	EA31337 EURUSD,M1: ExecuteOrder(): Order Details: Ticket: 38844532; Time: 2015.07.17 12:45:21; Comment: MA M5; Commision: 0; Symbol: EURUSD; Type: Sell; Expiration: 0; Open Price: 1.08628; Close Price: 1.08649; Take Profit: -0.21; Stop Loss: 1.0905; Swap: 0; Lot size: 0.01; Account Details: Time: 2015.07.17 12:45:21; Account Balance: $2415.02; Account Equity: $2521.85; Used Margin: $200.00; Free Margin: $2321.85; No of Orders: 19 (BUY/SELL: 0/20); Risk Ratio: 0.0
0	12:49:39.982	EA31337 EURUSD,M1: ExecuteOrder():Maximum open and pending orders reached the limit (MaxOrders).
0	13:00:26.864	EA31337 EURUSD,M1: == New hour: 13
0	13:00:26.864	EA31337 EURUSD,M1: ApplyStrategyMultiplierFactor(): Setting multiplier factor to 1.1 for strategy: 21 (period: daily)
0	13:14:26.760	EA31337 EURUSD,M1: ExecuteOrder():Maximum open and pending orders reached the limit (MaxOrders).
0	13:23:00.394	EA31337 EURUSD,M1: ExecuteOrder():Maximum open and pending orders reached the limit (MaxOrders).
0	13:36:48.168	EA31337 EURUSD,M1: ExecuteOrder():Maximum open and pending orders reached the limit (MaxOrders).
2	13:43:49.995	EA31337 EURUSD,M1: close #38776373 sell 0.01 EURUSD at 1.09583 sl: 1.09999 at price 1.08564
0	13:43:49.995	EA31337 EURUSD,M1: CloseOrder(): Closed order 38776373 with profit 10.13, reason: TaskRun(): 1; Order Details: Ticket: 38776373; Time: 2015.07.17 13:43:35; Comment: MACD M1; Commision: 0; Symbol: EURUSD; Type: Sell; Expiration: 0; Open Price: 1.09583; Close Price: 1.08567; Take Profit: 10.16; Stop Loss: 1.1; Swap: 0.03; Lot size: 0.01; 
0	13:43:49.995	EA31337 EURUSD,M1: TaskProcessList(): Processed 1 jobs (1 run, 0 failed (0 removed)).
0	13:43:49.995	EA31337 EURUSD,M1: ActionExecute(): Account Details: Time: 2015.07.17 13:43:35; Account Balance: $2425.24; Account Equity: $2538.85; Used Margin: $190.00; Free Margin: $2348.85; No of Orders: 20 (BUY/SELL: 0/19); Risk Ratio: 0.0Stats: MA M1: 5%, MACD M1: 10%, MACD M5: 5%, MACD M15: 10%, Alligator M1: 10%, Alligator M5: 10%, SAR M1: 10%, SAR M15: 10%, SAR M30: 10%, 
Open Orders: 20 +0/-19 [0.19 lots] (other: 0)
0	13:43:49.995	EA31337 EURUSD,M1: ActionExecute(): Action id: 1; reason: Account condition: 3, Market condition: 6, Action: 1 [E: $2538.25/B: $2415.02]
0	13:43:49.995	EA31337 EURUSD,M1: UpdateStats(): Market sudden drop of 11.7 pips detected!
0	13:45:14.667	EA31337 EURUSD,M1: ExecuteOrder(): MarketInfo: Symbol: EURUSD; Ask: 1.08525; Bid: 1.08504; Spread: 21 points = 2.1 pips; 
2	13:45:17.020	EA31337 EURUSD,M1: open #38846854 sell 0.01 EURUSD at 1.08493 sl: 1.08925 ok
0	13:45:17.020	EA31337 EURUSD,M1: #38846854 2015.07.17 13:45:02 sell 0.01 EURUSD 1.08493 1.08925 0.00000 1.08515 0.00 0.00 -0.22 MA M15 31339
0	13:45:17.020	EA31337 EURUSD,M1: ExecuteOrder(): Order Details: Ticket: 38846854; Time: 2015.07.17 13:45:02; Comment: MA M15; Commision: 0; Symbol: EURUSD; Type: Sell; Expiration: 0; Open Price: 1.08493; Close Price: 1.08515; Take Profit: -0.22; Stop Loss: 1.0893; Swap: 0; Lot size: 0.01; Account Details: Time: 2015.07.17 13:45:02; Account Balance: $2425.24; Account Equity: $2547.94; Used Margin: $200.00; Free Margin: $2347.94; No of Orders: 19 (BUY/SELL: 0/20); Risk Ratio: 0.0
0	13:49:58.636	EA31337 EURUSD,M1: ExecuteOrder():Maximum open and pending orders reached the limit (MaxOrders).
0	14:00:32.024	EA31337 EURUSD,M1: == New hour: 14
0	15:00:33.280	EA31337 EURUSD,M1: == New hour: 15
0	16:00:15.195	EA31337 EURUSD,M1: == New hour: 16
0	16:23:24.867	EA31337 EURUSD,M1: ExecuteOrder():Maximum open and pending orders reached the limit (MaxOrders).
0	16:28:28.888	EA31337 EURUSD,M1: ExecuteOrder():Maximum open and pending orders reached the limit (MaxOrders).
0	16:37:27.517	EA31337 EURUSD,M1: ExecuteOrder():Maximum open and pending orders reached the limit (MaxOrders).
0	16:59:27.890	EA31337 EURUSD,M1: ExecuteOrder():Maximum open and pending orders reached the limit (MaxOrders).
0	17:00:15.027	EA31337 EURUSD,M1: == New hour: 17
0	17:04:45.315	EA31337 EURUSD,M1: ExecuteOrder():Maximum open and pending orders reached the limit (MaxOrders).
0	17:24:20.206	EA31337 EURUSD,M1: ExecuteOrder():Maximum open and pending orders reached the limit (MaxOrders).
0	17:43:41.983	EA31337 EURUSD,M1: ExecuteOrder():Maximum open and pending orders reached the limit (MaxOrders).
0	18:00:42.898	EA31337 EURUSD,M1: == New hour: 18
0	18:36:43.039	EA31337 EURUSD,M1: ExecuteOrder():Maximum open and pending orders reached the limit (MaxOrders).
0	19:00:15.692	EA31337 EURUSD,M1: == New hour: 19
0	19:09:49.037	EA31337 EURUSD,M1: ExecuteOrder():Maximum open and pending orders reached the limit (MaxOrders).
0	20:00:35.651	EA31337 EURUSD,M1: == New hour: 20
0	20:21:16.648	EA31337 EURUSD,M1: ExecuteOrder():Maximum open and pending orders reached the limit (MaxOrders).
0	20:43:16.852	EA31337 EURUSD,M1: ExecuteOrder():Maximum open and pending orders reached the limit (MaxOrders).
