0	00:00:03.439	EA31337 EURUSD,M1: == New hour: 0
0	00:00:03.471	EA31337 EURUSD,M1: == New day (day of month: 22; day of year: 203) ==
0	00:00:03.471	EA31337 EURUSD,M1: Daily max: Tick: 3.8; Spread: 57; Max orders: 27; Loss: -6.8; Profit: 14.88; Equity: 2525.98; Balance: 2393.91; Best: Alligator M5 (0.24p); Worse: WPR M1 (-8.52p); 
0	00:00:03.471	EA31337 EURUSD,M1: ApplyStrategyMultiplierFactor(): Setting multiplier factor to 1.2 for strategy: 21 (period: weekly)
0	00:00:03.471	EA31337 EURUSD,M1: ApplyStrategyMultiplierFactor(): Disabling strategy: 1
0	00:00:03.471	EA31337 EURUSD,M1: Daily SAR stats: Period: 0, Buy: 33 / Sell: 14; Period: 1, Buy: 18 / Sell: 25; Period: 2, Buy: 23 / Sell: 24; Period: 3, Buy: 0 / Sell: 47; Period: 4, Buy: 0 / Sell: 0; Period: 5, Buy: 0 / Sell: 0; Period: 6, Buy: 0 / Sell: 0; Period: 7, Buy: 0 / Sell: 0; Period: 8, Buy: 0 / Sell: 0; 
0	00:00:03.471	EA31337 EURUSD,M1: Daily strategy stats: Alligator M1: -1.42pips; Alligator M5: 0.24pips; Alligator M15: -4.2pips; Alligator M30: -4.19pips; Bands M1: -8.44pips; Bands M5: -4.23pips; DeMarker M1: -4.44pips; DeMarker M5: -4.22pips; DeMarker M15: -4.24pips; Fractals M1: -8.48pips; Fractals M5: -4.21pips; Fractals M15: -4.22pips; Fractals M30: -8.44pips; MA M1: -4.21pips; MA M15: -4.23pips; MACD M1: -4.22pips; MACD M5: -4.22pips; RSI M1: -4.21pips; RSI M15: -4.21pips; SAR M1: -4.3pips; SAR M5: -4.22pips; WPR M1: -8.52pips; 
0	00:00:03.471	EA31337 EURUSD,M1: ExecuteOrder():Maximum open and pending orders reached the limit (MaxOrders/MaxOrdersPerDay).
2	00:02:28.957	EA31337 EURUSD,M1: modify #38923771 buy 0.01 EURUSD at 1.09382 sl: 1.08958 tp: 1.09859 ok
2	00:02:29.351	EA31337 EURUSD,M1: modify #38923822 buy 0.01 EURUSD at 1.09378 sl: 1.08955 tp: 1.09859 ok
2	00:02:29.870	EA31337 EURUSD,M1: modify #38924227 buy 0.01 EURUSD at 1.09372 sl: 1.08951 tp: 1.09859 ok
2	00:03:37.582	EA31337 EURUSD,M1: modify #38923519 buy 0.01 EURUSD at 1.09379 sl: 1.08955 tp: 1.09528 ok
2	00:03:38.462	EA31337 EURUSD,M1: modify #38923771 buy 0.01 EURUSD at 1.09382 sl: 1.08958 tp: 1.09868 ok
2	00:03:38.985	EA31337 EURUSD,M1: modify #38923822 buy 0.01 EURUSD at 1.09378 sl: 1.08955 tp: 1.09868 ok
2	00:03:39.504	EA31337 EURUSD,M1: modify #38924227 buy 0.01 EURUSD at 1.09372 sl: 1.08951 tp: 1.09868 ok
2	00:04:14.647	EA31337 EURUSD,M1: modify #38923519 buy 0.01 EURUSD at 1.09379 sl: 1.08955 tp: 1.09550 ok
2	00:04:14.976	EA31337 EURUSD,M1: modify #38923771 buy 0.01 EURUSD at 1.09382 sl: 1.08958 tp: 1.09888 ok
2	00:04:15.560	EA31337 EURUSD,M1: modify #38923822 buy 0.01 EURUSD at 1.09378 sl: 1.08955 tp: 1.09888 ok
2	00:04:15.889	EA31337 EURUSD,M1: modify #38924227 buy 0.01 EURUSD at 1.09372 sl: 1.08951 tp: 1.09888 ok
2	00:05:06.524	EA31337 EURUSD,M1: modify #38923519 buy 0.01 EURUSD at 1.09379 sl: 1.08955 tp: 1.09579 ok
2	00:05:06.849	EA31337 EURUSD,M1: modify #38923624 buy 0.01 EURUSD at 1.09385 sl: 1.08970 tp: 1.10362 ok
2	00:06:07.530	EA31337 EURUSD,M1: modify #38923519 buy 0.01 EURUSD at 1.09379 sl: 1.08955 tp: 1.09581 ok
2	00:06:07.956	EA31337 EURUSD,M1: modify #38923624 buy 0.01 EURUSD at 1.09385 sl: 1.08970 tp: 1.10364 ok
2	00:08:10.647	EA31337 EURUSD,M1: modify #38923519 buy 0.01 EURUSD at 1.09379 sl: 1.08955 tp: 1.09584 ok
2	00:08:11.170	EA31337 EURUSD,M1: modify #38923624 buy 0.01 EURUSD at 1.09385 sl: 1.08970 tp: 1.10367 ok
2	00:11:09.161	EA31337 EURUSD,M1: modify #38923519 buy 0.01 EURUSD at 1.09379 sl: 1.08955 tp: 1.09626 ok
2	00:11:09.741	EA31337 EURUSD,M1: modify #38923624 buy 0.01 EURUSD at 1.09385 sl: 1.08970 tp: 1.10409 ok
2	00:11:10.033	EA31337 EURUSD,M1: modify #38923771 buy 0.01 EURUSD at 1.09382 sl: 1.08958 tp: 1.09907 ok
2	00:11:10.492	EA31337 EURUSD,M1: modify #38923822 buy 0.01 EURUSD at 1.09378 sl: 1.08955 tp: 1.09907 ok
2	00:11:10.845	EA31337 EURUSD,M1: modify #38924227 buy 0.01 EURUSD at 1.09372 sl: 1.08951 tp: 1.09906 ok
2	00:11:57.534	EA31337 EURUSD,M1: modify #38923771 buy 0.01 EURUSD at 1.09382 sl: 1.08958 tp: 1.09918 ok
2	00:11:57.956	EA31337 EURUSD,M1: modify #38923822 buy 0.01 EURUSD at 1.09378 sl: 1.08955 tp: 1.09917 ok
2	00:11:58.480	EA31337 EURUSD,M1: modify #38924227 buy 0.01 EURUSD at 1.09372 sl: 1.08951 tp: 1.09917 ok
2	00:12:13.268	EA31337 EURUSD,M1: modify #38923519 buy 0.01 EURUSD at 1.09379 sl: 1.08955 tp: 1.09684 ok
2	00:12:13.727	EA31337 EURUSD,M1: modify #38923624 buy 0.01 EURUSD at 1.09385 sl: 1.08970 tp: 1.10469 ok
2	00:12:14.214	EA31337 EURUSD,M1: modify #38923771 buy 0.01 EURUSD at 1.09382 sl: 1.08958 tp: 1.09940 ok
2	00:12:14.672	EA31337 EURUSD,M1: modify #38923822 buy 0.01 EURUSD at 1.09378 sl: 1.08955 tp: 1.09939 ok
2	00:12:14.932	EA31337 EURUSD,M1: modify #38924227 buy 0.01 EURUSD at 1.09372 sl: 1.08951 tp: 1.09938 ok
2	00:19:58.655	EA31337 EURUSD,M1: modify #38924227 buy 0.01 EURUSD at 1.09372 sl: 1.08951 tp: 1.09939 ok
2	00:34:52.591	EA31337 EURUSD,M1: modify #38923519 buy 0.01 EURUSD at 1.09379 sl: 1.08955 tp: 1.09732 ok
2	00:34:53.402	EA31337 EURUSD,M1: modify #38923624 buy 0.01 EURUSD at 1.09385 sl: 1.08970 tp: 1.10515 ok
2	00:34:53.892	EA31337 EURUSD,M1: modify #38923771 buy 0.01 EURUSD at 1.09382 sl: 1.08958 tp: 1.09988 ok
2	00:34:54.477	EA31337 EURUSD,M1: modify #38923822 buy 0.01 EURUSD at 1.09378 sl: 1.08955 tp: 1.09988 ok
2	00:34:54.936	EA31337 EURUSD,M1: modify #38924227 buy 0.01 EURUSD at 1.09372 sl: 1.08951 tp: 1.09988 ok
2	00:35:07.934	EA31337 EURUSD,M1: modify #38923519 buy 0.01 EURUSD at 1.09379 sl: 1.08955 tp: 1.09762 ok
2	00:35:08.620	EA31337 EURUSD,M1: modify #38923624 buy 0.01 EURUSD at 1.09385 sl: 1.08970 tp: 1.10546 ok
2	00:36:21.541	EA31337 EURUSD,M1: modify #38923519 buy 0.01 EURUSD at 1.09379 sl: 1.08955 tp: 1.09763 ok
2	00:47:58.609	EA31337 EURUSD,M1: modify #38923624 buy 0.01 EURUSD at 1.09385 sl: 1.08970 tp: 1.10550 ok
2	00:49:13.918	EA31337 EURUSD,M1: modify #38923519 buy 0.01 EURUSD at 1.09379 sl: 1.08955 tp: 1.09774 ok
2	00:49:14.307	EA31337 EURUSD,M1: modify #38923624 buy 0.01 EURUSD at 1.09385 sl: 1.08970 tp: 1.10566 ok
0	01:02:32.444	EA31337 EURUSD,M1: == New hour: 1
0	01:02:32.740	EA31337 EURUSD,M1: ExecuteOrder(): MarketInfo: Symbol: EURUSD; Ask: 1.09489; Bid: 1.09467; Spread: 22 points = 2.2 pips; 
2	01:02:33.381	EA31337 EURUSD,M1: open #38926024 buy 0.01 EURUSD at 1.09489 sl: 1.09067 tp: 1.09605 ok
0	01:02:33.381	EA31337 EURUSD,M1: #38926024 2015.07.22 01:02:30 buy 0.01 EURUSD 1.09489 1.09067 1.09605 1.09467 0.00 0.00 -0.22 Alligator M1 31349
0	01:02:33.381	EA31337 EURUSD,M1: ExecuteOrder(): Order Details: Ticket: 38926024; Time: 2015.07.22 01:02:29; Comment: Alligator M1; Commision: 0; Symbol: EURUSD; Type: Buy; Expiration: 0; Open Price: 1.09489; Close Price: 1.09467; Take Profit: -0.22; Stop Loss: 1.0907; Swap: 0; Lot size: 0.01; Account Details: Time: 2015.07.22 01:02:29; Account Balance: $2393.91; Account Equity: $2531.68; Used Margin: $280.00; Free Margin: $2251.68; No of Orders: 28 (BUY/SELL: 22/6); Risk Ratio: 1.0
2	01:02:38.692	EA31337 EURUSD,M1: modify #38926024 buy 0.01 EURUSD at 1.09489 sl: 1.09067 tp: 1.09610 ok
2	01:03:58.159	EA31337 EURUSD,M1: modify #38926024 buy 0.01 EURUSD at 1.09489 sl: 1.09067 tp: 1.09611 ok
0	01:06:49.585	EA31337 EURUSD,M1: ExecuteOrder():Maximum open and pending orders reached the limit (MaxOrders/MaxOrdersPerDay).
2	01:06:59.825	EA31337 EURUSD,M1: modify #38926024 buy 0.01 EURUSD at 1.09489 sl: 1.09067 tp: 1.09615 ok
2	01:11:52.093	EA31337 EURUSD,M1: modify #38926024 buy 0.01 EURUSD at 1.09489 sl: 1.09067 tp: 1.09617 ok
2	01:15:23.377	EA31337 EURUSD,M1: modify #38926024 buy 0.01 EURUSD at 1.09489 sl: 1.09067 tp: 1.09618 ok
2	01:28:21.492	EA31337 EURUSD,M1: modify #38926024 buy 0.01 EURUSD at 1.09489 sl: 1.09067 tp: 1.09619 ok
2	01:29:20.321	EA31337 EURUSD,M1: modify #38926024 buy 0.01 EURUSD at 1.09489 sl: 1.09067 tp: 1.09620 ok
2	01:30:05.886	EA31337 EURUSD,M1: modify #38926024 buy 0.01 EURUSD at 1.09489 sl: 1.09067 tp: 1.09624 ok
2	01:31:38.516	EA31337 EURUSD,M1: modify #38923771 buy 0.01 EURUSD at 1.09382 sl: 1.08958 tp: 1.09996 ok
2	01:31:39.008	EA31337 EURUSD,M1: modify #38923822 buy 0.01 EURUSD at 1.09378 sl: 1.08955 tp: 1.09996 ok
2	01:31:39.401	EA31337 EURUSD,M1: modify #38924227 buy 0.01 EURUSD at 1.09372 sl: 1.08951 tp: 1.09996 ok
2	01:32:15.803	EA31337 EURUSD,M1: modify #38923771 buy 0.01 EURUSD at 1.09382 sl: 1.08958 tp: 1.10027 ok
2	01:32:16.261	EA31337 EURUSD,M1: modify #38923822 buy 0.01 EURUSD at 1.09378 sl: 1.08955 tp: 1.10026 ok
2	01:32:16.752	EA31337 EURUSD,M1: modify #38924227 buy 0.01 EURUSD at 1.09372 sl: 1.08951 tp: 1.10028 ok
2	01:35:37.446	EA31337 EURUSD,M1: modify #38923519 buy 0.01 EURUSD at 1.09379 sl: 1.08955 tp: 1.09790 ok
2	01:35:37.876	EA31337 EURUSD,M1: modify #38923771 buy 0.01 EURUSD at 1.09382 sl: 1.08958 tp: 1.10038 ok
2	01:35:38.160	EA31337 EURUSD,M1: modify #38923822 buy 0.01 EURUSD at 1.09378 sl: 1.08955 tp: 1.10038 ok
2	01:35:39.037	EA31337 EURUSD,M1: modify #38924227 buy 0.01 EURUSD at 1.09372 sl: 1.08951 tp: 1.10038 ok
2	01:36:42.800	EA31337 EURUSD,M1: modify #38923519 buy 0.01 EURUSD at 1.09379 sl: 1.08955 tp: 1.09820 ok
2	01:38:28.152	EA31337 EURUSD,M1: modify #38926024 buy 0.01 EURUSD at 1.09489 sl: 1.09067 tp: 1.09642 ok
2	01:41:23.761	EA31337 EURUSD,M1: modify #38926024 buy 0.01 EURUSD at 1.09489 sl: 1.09067 tp: 1.09652 ok
0	02:01:48.466	EA31337 EURUSD,M1: == New hour: 2
0	02:01:48.466	EA31337 EURUSD,M1: ExecuteOrder():Alligator M5: Maximum open and pending orders per type reached the limit (MaxOrdersPerType).
0	02:01:53.298	EA31337 EURUSD,M1: ExecuteOrder(): MarketInfo: Symbol: EURUSD; Ask: 1.09408; Bid: 1.09387; Spread: 21 points = 2.1 pips; 
2	02:01:59.261	EA31337 EURUSD,M1: open #38927976 sell 0.01 EURUSD at 1.09386 sl: 1.09808 ok
0	02:01:59.261	EA31337 EURUSD,M1: #38927976 2015.07.22 02:01:52 sell 0.01 EURUSD 1.09386 1.09808 0.00000 1.09410 0.00 0.00 -0.24 Bands M1 31361
0	02:01:59.261	EA31337 EURUSD,M1: ExecuteOrder(): Order Details: Ticket: 38927976; Time: 2015.07.22 02:01:45; Comment: Bands M1; Commision: 0; Symbol: EURUSD; Type: Sell; Expiration: 0; Open Price: 1.09386; Close Price: 1.09410; Take Profit: -0.24; Stop Loss: 1.0981; Swap: 0; Lot size: 0.01; Account Details: Time: 2015.07.22 02:01:45; Account Balance: $2393.91; Account Equity: $2518.80; Used Margin: $290.00; Free Margin: $2228.80; No of Orders: 29 (BUY/SELL: 22/7); Risk Ratio: 0.9
2	02:05:29.425	EA31337 EURUSD,M1: modify #38923269 sell 0.01 EURUSD at 1.09349 sl: 1.09769 tp: 1.08987 ok
0	02:06:12.870	EA31337 EURUSD,M1: ExecuteOrder():Maximum open and pending orders reached the limit (MaxOrders/MaxOrdersPerDay).
2	02:12:07.754	EA31337 EURUSD,M1: modify #38926024 buy 0.01 EURUSD at 1.09489 sl: 1.09067 tp: 1.09653 ok
2	02:15:17.887	EA31337 EURUSD,M1: modify #38926024 buy 0.01 EURUSD at 1.09489 sl: 1.09067 tp: 1.09659 ok
2	02:19:41.620	EA31337 EURUSD,M1: modify #38926024 buy 0.01 EURUSD at 1.09489 sl: 1.09067 tp: 1.09660 ok
2	02:20:05.096	EA31337 EURUSD,M1: modify #38926024 buy 0.01 EURUSD at 1.09489 sl: 1.09067 tp: 1.09663 ok
2	02:22:23.099	EA31337 EURUSD,M1: modify #38926024 buy 0.01 EURUSD at 1.09489 sl: 1.09067 tp: 1.09664 ok
2	02:23:59.737	EA31337 EURUSD,M1: modify #38926024 buy 0.01 EURUSD at 1.09489 sl: 1.09067 tp: 1.09666 ok
2	02:26:28.086	EA31337 EURUSD,M1: modify #38926024 buy 0.01 EURUSD at 1.09489 sl: 1.09067 tp: 1.09670 ok
2	02:29:47.733	EA31337 EURUSD,M1: modify #38926024 buy 0.01 EURUSD at 1.09489 sl: 1.09067 tp: 1.09672 ok
2	02:31:31.222	EA31337 EURUSD,M1: modify #38926024 buy 0.01 EURUSD at 1.09489 sl: 1.09067 tp: 1.09683 ok
2	02:37:28.606	EA31337 EURUSD,M1: modify #38926024 buy 0.01 EURUSD at 1.09489 sl: 1.09067 tp: 1.09685 ok
2	02:38:09.065	EA31337 EURUSD,M1: modify #38926024 buy 0.01 EURUSD at 1.09489 sl: 1.09067 tp: 1.09687 ok
2	02:42:44.890	EA31337 EURUSD,M1: modify #38926024 buy 0.01 EURUSD at 1.09489 sl: 1.09067 tp: 1.09688 ok
2	02:44:56.672	EA31337 EURUSD,M1: close #38923269 sell 0.01 EURUSD at 1.09349 sl: 1.09769 tp: 1.08987 at price 1.09326
0	02:44:56.672	EA31337 EURUSD,M1: CloseOrder(): Closed order 38923269 with profit 0.23 pips, reason: None (inactive); Order Details: Ticket: 38923269; Time: 2015.07.22 02:44:52; Comment: Alligator M1; Commision: 0; Symbol: EURUSD; Type: Sell; Expiration: 0; Open Price: 1.09349; Close Price: 1.09326; Take Profit: 0.23; Stop Loss: 1.0977; Swap: 0; Lot size: 0.01; 
0	02:44:56.672	EA31337 EURUSD,M1: CloseOrdersByType():Closed 1 orders (1, 12) on market change with total profit of : 0.23 pips (0 failed)
0	02:44:56.672	EA31337 EURUSD,M1: ExecuteOrder(): MarketInfo: Symbol: EURUSD; Ask: 1.09326; Bid: 1.09305; Spread: 21 points = 2.1 pips; 
2	02:44:57.256	EA31337 EURUSD,M1: open #38929178 sell 0.01 EURUSD at 1.09305 sl: 1.09726 ok
0	02:44:57.256	EA31337 EURUSD,M1: #38929178 2015.07.22 02:44:54 sell 0.01 EURUSD 1.09305 1.09726 0.00000 1.09326 0.00 0.00 -0.21 Alligator M1 31349
0	02:44:57.256	EA31337 EURUSD,M1: ExecuteOrder(): Order Details: Ticket: 38929178; Time: 2015.07.22 02:44:52; Comment: Alligator M1; Commision: 0; Symbol: EURUSD; Type: Sell; Expiration: 0; Open Price: 1.09305; Close Price: 1.09326; Take Profit: -0.21; Stop Loss: 1.0973; Swap: 0; Lot size: 0.01; Account Details: Time: 2015.07.22 02:44:52; Account Balance: $2394.14; Account Equity: $2506.21; Used Margin: $290.00; Free Margin: $2216.21; No of Orders: 29 (BUY/SELL: 22/7); Risk Ratio: 0.9
0	02:50:06.323	EA31337 EURUSD,M1: ExecuteOrder():Maximum open and pending orders reached the limit (MaxOrders/MaxOrdersPerDay).
0	03:00:05.553	EA31337 EURUSD,M1: == New hour: 3
0	03:00:05.849	EA31337 EURUSD,M1: ExecuteOrder():Alligator M5: Maximum open and pending orders per type reached the limit (MaxOrdersPerType).
0	03:00:09.566	EA31337 EURUSD,M1: ExecuteOrder():Bands M15: Maximum open and pending orders per type reached the limit (MaxOrdersPerType).
0	03:00:11.619	EA31337 EURUSD,M1: ExecuteOrder():MACD M1: Maximum open and pending orders per type reached the limit (MaxOrdersPerType).
0	03:00:11.619	EA31337 EURUSD,M1: ExecuteOrder():MACD M5: Maximum open and pending orders per type reached the limit (MaxOrdersPerType).
0	03:00:13.119	EA31337 EURUSD,M1: ExecuteOrder():MACD M15: Maximum open and pending orders per type reached the limit (MaxOrdersPerType).
0	03:00:21.585	EA31337 EURUSD,M1: ExecuteOrder():SAR M15: Maximum open and pending orders per type reached the limit (MaxOrdersPerType).
0	03:01:45.535	EA31337 EURUSD,M1: ExecuteOrder():Alligator M5: Maximum open and pending orders per type reached the limit (MaxOrdersPerType).
0	03:01:45.598	EA31337 EURUSD,M1: ExecuteOrder():Bands M15: Maximum open and pending orders per type reached the limit (MaxOrdersPerType).
0	03:01:50.724	EA31337 EURUSD,M1: ExecuteOrder():MACD M1: Maximum open and pending orders per type reached the limit (MaxOrdersPerType).
0	03:01:50.724	EA31337 EURUSD,M1: ExecuteOrder():MACD M5: Maximum open and pending orders per type reached the limit (MaxOrdersPerType).
0	03:01:51.050	EA31337 EURUSD,M1: ExecuteOrder():MACD M15: Maximum open and pending orders per type reached the limit (MaxOrdersPerType).
0	03:02:00.857	EA31337 EURUSD,M1: ExecuteOrder():SAR M15: Maximum open and pending orders per type reached the limit (MaxOrdersPerType).
0	03:02:14.191	EA31337 EURUSD,M1: ExecuteOrder():Alligator M1: Maximum open and pending orders per type reached the limit (MaxOrdersPerType).
0	03:02:14.191	EA31337 EURUSD,M1: ExecuteOrder():Alligator M5: Maximum open and pending orders per type reached the limit (MaxOrdersPerType).
0	03:02:14.191	EA31337 EURUSD,M1: ExecuteOrder():MA M1: Maximum open and pending orders per type reached the limit (MaxOrdersPerType).
0	03:02:14.191	EA31337 EURUSD,M1: ExecuteOrder():MACD M1: Maximum open and pending orders per type reached the limit (MaxOrdersPerType).
0	03:02:14.191	EA31337 EURUSD,M1: ExecuteOrder():MACD M5: Maximum open and pending orders per type reached the limit (MaxOrdersPerType).
0	03:02:15.849	EA31337 EURUSD,M1: ExecuteOrder():MACD M15: Maximum open and pending orders per type reached the limit (MaxOrdersPerType).
0	03:02:18.934	EA31337 EURUSD,M1: ExecuteOrder(): MarketInfo: Symbol: EURUSD; Ask: 1.09310; Bid: 1.09289; Spread: 21 points = 2.1 pips; 
2	03:02:19.615	EA31337 EURUSD,M1: open #38929567 buy 0.01 EURUSD at 1.09310 sl: 1.08889 tp: 1.09750 ok
0	03:02:19.615	EA31337 EURUSD,M1: #38929567 2015.07.22 03:02:16 buy 0.01 EURUSD 1.09310 1.08889 1.09750 1.09289 0.00 0.00 -0.21 SAR M1 31437
0	03:02:19.615	EA31337 EURUSD,M1: ExecuteOrder(): Order Details: Ticket: 38929567; Time: 2015.07.22 03:02:11; Comment: SAR M1; Commision: 0; Symbol: EURUSD; Type: Buy; Expiration: 0; Open Price: 1.09310; Close Price: 1.09289; Take Profit: -0.21; Stop Loss: 1.0889; Swap: 0; Lot size: 0.01; Account Details: Time: 2015.07.22 03:02:11; Account Balance: $2394.14; Account Equity: $2503.60; Used Margin: $300.00; Free Margin: $2203.60; No of Orders: 30 (BUY/SELL: 23/7); Risk Ratio: 1.0
0	03:07:28.291	EA31337 EURUSD,M1: ExecuteOrder():Maximum open and pending orders reached the limit (MaxOrders/MaxOrdersPerDay).
2	03:15:10.508	EA31337 EURUSD,M1: modify #38929567 buy 0.01 EURUSD at 1.09310 sl: 1.08889 tp: 1.09755 ok
2	03:18:25.363	EA31337 EURUSD,M1: modify #38929567 buy 0.01 EURUSD at 1.09310 sl: 1.08889 tp: 1.09757 ok
2	03:19:13.834	EA31337 EURUSD,M1: modify #38929567 buy 0.01 EURUSD at 1.09310 sl: 1.08889 tp: 1.09766 ok
2	03:36:49.459	EA31337 EURUSD,M1: modify #38929567 buy 0.01 EURUSD at 1.09310 sl: 1.08889 tp: 1.09767 ok
2	03:46:12.907	EA31337 EURUSD,M1: modify #38929567 buy 0.01 EURUSD at 1.09310 sl: 1.08889 tp: 1.09790 ok
2	03:49:39.648	EA31337 EURUSD,M1: modify #38929567 buy 0.01 EURUSD at 1.09310 sl: 1.08889 tp: 1.09795 ok
2	03:56:32.731	EA31337 EURUSD,M1: modify #38929567 buy 0.01 EURUSD at 1.09310 sl: 1.08889 tp: 1.09799 ok
2	03:57:16.273	EA31337 EURUSD,M1: modify #38929567 buy 0.01 EURUSD at 1.09310 sl: 1.08889 tp: 1.09807 ok
0	04:08:04.451	EA31337 EURUSD,M1: == New hour: 4
2	04:48:10.291	EA31337 EURUSD,M1: modify #38929567 buy 0.01 EURUSD at 1.09310 sl: 1.08889 tp: 1.09857 ok
2	04:50:18.695	EA31337 EURUSD,M1: modify #38929567 buy 0.01 EURUSD at 1.09310 sl: 1.08889 tp: 1.09860 ok
2	04:51:56.532	EA31337 EURUSD,M1: modify #38929567 buy 0.01 EURUSD at 1.09310 sl: 1.08889 tp: 1.09879 ok
0	04:54:10.847	EA31337 EURUSD,M1: ExecuteOrder():Maximum open and pending orders reached the limit (MaxOrders/MaxOrdersPerDay).
2	04:57:16.024	EA31337 EURUSD,M1: modify #38929567 buy 0.01 EURUSD at 1.09310 sl: 1.08889 tp: 1.09889 ok
2	04:59:07.576	EA31337 EURUSD,M1: modify #38929567 buy 0.01 EURUSD at 1.09310 sl: 1.08889 tp: 1.09897 ok
0	05:01:49.595	EA31337 EURUSD,M1: == New hour: 5
0	06:00:04.756	EA31337 EURUSD,M1: == New hour: 6
2	06:09:29.400	EA31337 EURUSD,M1: modify #38929567 buy 0.01 EURUSD at 1.09310 sl: 1.08889 tp: 1.09906 ok
2	06:20:09.826	EA31337 EURUSD,M1: modify #38929567 buy 0.01 EURUSD at 1.09310 sl: 1.08889 tp: 1.09917 ok
0	06:22:04.311	EA31337 EURUSD,M1: ExecuteOrder():Maximum open and pending orders reached the limit (MaxOrders/MaxOrdersPerDay).
2	06:22:15.785	EA31337 EURUSD,M1: modify #38923519 buy 0.01 EURUSD at 1.09379 sl: 1.08955 tp: 1.09882 ok
2	06:22:16.211	EA31337 EURUSD,M1: modify #38929567 buy 0.01 EURUSD at 1.09310 sl: 1.08889 tp: 1.10020 ok
2	06:25:02.858	EA31337 EURUSD,M1: modify #38923519 buy 0.01 EURUSD at 1.09379 sl: 1.08955 tp: 1.09992 ok
2	06:25:08.340	EA31337 EURUSD,M1: modify #38923771 buy 0.01 EURUSD at 1.09382 sl: 1.08958 tp: 1.10046 ok
2	06:25:08.798	EA31337 EURUSD,M1: modify #38923822 buy 0.01 EURUSD at 1.09378 sl: 1.08955 tp: 1.10047 ok
2	06:25:09.318	EA31337 EURUSD,M1: modify #38924227 buy 0.01 EURUSD at 1.09372 sl: 1.08951 tp: 1.10046 ok
2	06:25:09.744	EA31337 EURUSD,M1: modify #38929567 buy 0.01 EURUSD at 1.09310 sl: 1.08889 tp: 1.10045 ok
2	06:25:22.413	EA31337 EURUSD,M1: modify #38923771 buy 0.01 EURUSD at 1.09382 sl: 1.08958 tp: 1.10059 ok
2	06:25:22.932	EA31337 EURUSD,M1: modify #38923822 buy 0.01 EURUSD at 1.09378 sl: 1.08955 tp: 1.10059 ok
2	06:25:23.229	EA31337 EURUSD,M1: modify #38924227 buy 0.01 EURUSD at 1.09372 sl: 1.08951 tp: 1.10060 ok
2	06:25:23.716	EA31337 EURUSD,M1: modify #38929567 buy 0.01 EURUSD at 1.09310 sl: 1.08889 tp: 1.10060 ok
0	06:37:53.845	EA31337 EURUSD,M1: ExecuteOrder():Maximum open and pending orders reached the limit (MaxOrders/MaxOrdersPerDay).
2	06:38:05.547	EA31337 EURUSD,M1: modify #38883116 buy 0.01 EURUSD at 1.08203 sl: 1.07773 tp: 1.10111 ok
2	06:38:05.838	EA31337 EURUSD,M1: modify #38883243 buy 0.01 EURUSD at 1.08265 sl: 1.07850 tp: 1.10112 ok
2	06:38:06.231	EA31337 EURUSD,M1: modify #38883324 buy 0.01 EURUSD at 1.08260 sl: 1.07839 tp: 1.10078 ok
2	06:38:06.689	EA31337 EURUSD,M1: modify #38886352 buy 0.01 EURUSD at 1.08344 sl: 1.07923 tp: 1.10113 ok
2	06:38:07.176	EA31337 EURUSD,M1: modify #38886675 buy 0.01 EURUSD at 1.08306 sl: 1.07894 tp: 1.10111 ok
2	06:38:07.597	EA31337 EURUSD,M1: modify #38903597 buy 0.01 EURUSD at 1.08676 sl: 1.08255 tp: 2.19369 ok
2	06:38:08.055	EA31337 EURUSD,M1: modify #38904873 buy 0.01 EURUSD at 1.08675 sl: 1.08256 tp: 2.19372 ok
2	06:38:08.449	EA31337 EURUSD,M1: modify #38905013 buy 0.01 EURUSD at 1.08642 sl: 1.08221 tp: 1.10114 ok
2	06:38:08.871	EA31337 EURUSD,M1: modify #38906152 buy 0.01 EURUSD at 1.08665 sl: 1.08245 tp: 1.10114 ok
2	06:38:09.297	EA31337 EURUSD,M1: modify #38906272 buy 0.01 EURUSD at 1.08657 sl: 1.08235 tp: 1.10111 ok
2	06:38:09.983	EA31337 EURUSD,M1: modify #38910654 buy 0.01 EURUSD at 1.08992 sl: 1.08557 tp: 2.19372 ok
2	06:38:10.244	EA31337 EURUSD,M1: modify #38911098 buy 0.01 EURUSD at 1.09057 sl: 1.08634 tp: 2.19369 ok
2	06:38:10.669	EA31337 EURUSD,M1: modify #38923519 buy 0.01 EURUSD at 1.09379 sl: 1.08955 tp: 1.10084 ok
2	06:38:10.994	EA31337 EURUSD,M1: modify #38923771 buy 0.01 EURUSD at 1.09382 sl: 1.08958 tp: 1.10112 ok
2	06:38:11.521	EA31337 EURUSD,M1: modify #38923822 buy 0.01 EURUSD at 1.09378 sl: 1.08955 tp: 1.10113 ok
2	06:38:11.935	EA31337 EURUSD,M1: modify #38924227 buy 0.01 EURUSD at 1.09372 sl: 1.08951 tp: 1.10112 ok
2	06:38:12.394	EA31337 EURUSD,M1: modify #38929567 buy 0.01 EURUSD at 1.09310 sl: 1.08889 tp: 1.10111 ok
2	06:38:14.934	EA31337 EURUSD,M1: modify #38883324 buy 0.01 EURUSD at 1.08260 sl: 1.07839 tp: 1.10085 ok
2	06:38:15.260	EA31337 EURUSD,M1: modify #38903597 buy 0.01 EURUSD at 1.08676 sl: 1.08255 tp: 2.19372 ok
2	06:38:15.685	EA31337 EURUSD,M1: modify #38911098 buy 0.01 EURUSD at 1.09057 sl: 1.08634 tp: 2.19370 ok
2	06:38:16.078	EA31337 EURUSD,M1: modify #38923519 buy 0.01 EURUSD at 1.09379 sl: 1.08955 tp: 1.10087 ok
0	07:00:07.089	EA31337 EURUSD,M1: == New hour: 7
0	07:08:12.073	EA31337 EURUSD,M1: ExecuteOrder():Maximum open and pending orders reached the limit (MaxOrders/MaxOrdersPerDay).
0	07:21:05.595	EA31337 EURUSD,M1: ExecuteOrder():Maximum open and pending orders reached the limit (MaxOrders/MaxOrdersPerDay).
2	07:26:18.688	EA31337 EURUSD,M1: close #38929178 sell 0.01 EURUSD at 1.09305 sl: 1.09726 at price 1.09281
0	07:26:18.786	EA31337 EURUSD,M1: CloseOrder(): Closed order 38929178 with profit 0.23 pips, reason: None (inactive); Order Details: Ticket: 38929178; Time: 2015.07.22 07:26:11; Comment: Alligator M1; Commision: 0; Symbol: EURUSD; Type: Sell; Expiration: 0; Open Price: 1.09305; Close Price: 1.09282; Take Profit: 0.23; Stop Loss: 1.0973; Swap: 0; Lot size: 0.01; 
0	07:26:18.786	EA31337 EURUSD,M1: CloseOrdersByType():Closed 1 orders (1, 12) on market change with total profit of : 0.23 pips (0 failed)
0	07:26:18.786	EA31337 EURUSD,M1: ExecuteOrder():Alligator M5: Maximum open and pending orders per type reached the limit (MaxOrdersPerType).
0	07:26:24.088	EA31337 EURUSD,M1: ExecuteOrder(): MarketInfo: Symbol: EURUSD; Ask: 1.09279; Bid: 1.09259; Spread: 20 points = 2 pips; 
2	07:26:24.840	EA31337 EURUSD,M1: open #38938617 sell 0.01 EURUSD at 1.09259 sl: 1.09679 ok
0	07:26:24.840	EA31337 EURUSD,M1: #38938617 2015.07.22 07:26:21 sell 0.01 EURUSD 1.09259 1.09679 0.00000 1.09279 0.00 0.00 -0.20 Bands M1 31361
0	07:26:24.840	EA31337 EURUSD,M1: ExecuteOrder(): Order Details: Ticket: 38938617; Time: 2015.07.22 07:26:11; Comment: Bands M1; Commision: 0; Symbol: EURUSD; Type: Sell; Expiration: 0; Open Price: 1.09259; Close Price: 1.09279; Take Profit: -0.2; Stop Loss: 1.0968; Swap: 0; Lot size: 0.01; Account Details: Time: 2015.07.22 07:26:11; Account Balance: $2394.38; Account Equity: $2498.65; Used Margin: $300.00; Free Margin: $2198.65; No of Orders: 30 (BUY/SELL: 23/7); Risk Ratio: 0.9
2	07:27:08.643	EA31337 EURUSD,M1: modify #38926024 buy 0.01 EURUSD at 1.09489 sl: 1.09067 tp: 1.09689 ok
2	07:30:20.668	EA31337 EURUSD,M1: modify #38926024 buy 0.01 EURUSD at 1.09489 sl: 1.09067 tp: 1.09690 ok
0	07:31:06.752	EA31337 EURUSD,M1: ExecuteOrder():Maximum open and pending orders reached the limit (MaxOrders/MaxOrdersPerDay).
0	07:35:05.986	EA31337 EURUSD,M1: ExecuteOrder():Maximum open and pending orders reached the limit (MaxOrders/MaxOrdersPerDay).
2	07:53:31.099	EA31337 EURUSD,M1: modify #38926024 buy 0.01 EURUSD at 1.09489 sl: 1.09067 tp: 1.09691 ok
2	07:55:34.657	EA31337 EURUSD,M1: modify #38926024 buy 0.01 EURUSD at 1.09489 sl: 1.09067 tp: 1.09693 ok
0	08:00:31.388	EA31337 EURUSD,M1: == New hour: 8
2	08:03:26.403	EA31337 EURUSD,M1: modify #38926024 buy 0.01 EURUSD at 1.09489 sl: 1.09067 tp: 1.09694 ok
0	08:44:26.322	EA31337 EURUSD,M1: ExecuteOrder():Maximum open and pending orders reached the limit (MaxOrders/MaxOrdersPerDay).
0	09:00:06.152	EA31337 EURUSD,M1: == New hour: 9
0	10:00:05.032	EA31337 EURUSD,M1: == New hour: 10
2	10:26:05.902	EA31337 EURUSD,M1: close #38886146 buy 0.01 EURUSD at 1.08326 sl: 1.07903 tp: 1.09744 at price 1.09179
0	10:26:05.902	EA31337 EURUSD,M1: CloseOrder(): Closed order 38886146 with profit 8.56 pips, reason: None (inactive); Order Details: Ticket: 38886146; Time: 2015.07.22 10:26:00; Comment: Alligator M5; Commision: 0; Symbol: EURUSD; Type: Buy; Expiration: 0; Open Price: 1.08326; Close Price: 1.09180; Take Profit: 8.54; Stop Loss: 1.079; Swap: -0.02; Lot size: 0.01; 
2	10:26:06.455	EA31337 EURUSD,M1: close #38900888 buy 0.01 EURUSD at 1.08468 sl: 1.08048 tp: 1.09744 at price 1.09183
0	10:26:06.455	EA31337 EURUSD,M1: CloseOrder(): Closed order 38900888 with profit 7.13 pips, reason: None (inactive); Order Details: Ticket: 38900888; Time: 2015.07.22 10:26:00; Comment: Alligator M5; Commision: 0; Symbol: EURUSD; Type: Buy; Expiration: 0; Open Price: 1.08468; Close Price: 1.09179; Take Profit: 7.11; Stop Loss: 1.0805; Swap: -0.02; Lot size: 0.01; 
0	10:26:06.486	EA31337 EURUSD,M1: CloseOrdersByType():Closed 2 orders (0, 13) on market change with total profit of : 15.69 pips (0 failed)
0	10:26:06.523	EA31337 EURUSD,M1: ExecuteOrder(): MarketInfo: Symbol: EURUSD; Ask: 1.09205; Bid: 1.09183; Spread: 22 points = 2.2 pips; 
2	10:26:06.945	EA31337 EURUSD,M1: open #38943860 buy 0.01 EURUSD at 1.09205 sl: 1.08783 ok
0	10:26:06.945	EA31337 EURUSD,M1: #38943860 2015.07.22 10:26:03 buy 0.01 EURUSD 1.09205 1.08783 0.00000 1.09182 0.00 0.00 -0.23 Alligator M15 31351
0	10:26:06.945	EA31337 EURUSD,M1: ExecuteOrder(): Order Details: Ticket: 38943860; Time: 2015.07.22 10:26:00; Comment: Alligator M15; Commision: 0; Symbol: EURUSD; Type: Buy; Expiration: 0; Open Price: 1.09205; Close Price: 1.09182; Take Profit: -0.23; Stop Loss: 1.0878; Swap: 0; Lot size: 0.01; Account Details: Time: 2015.07.22 10:26:00; Account Balance: $2410.02; Account Equity: $2485.87; Used Margin: $290.00; Free Margin: $2195.87; No of Orders: 29 (BUY/SELL: 22/7); Risk Ratio: 0.9
2	10:26:11.637	EA31337 EURUSD,M1: modify #38943860 buy 0.01 EURUSD at 1.09205 sl: 1.08783 tp: 1.09573 ok
2	10:30:11.683	EA31337 EURUSD,M1: close #38943860 buy 0.01 EURUSD at 1.09205 sl: 1.08783 tp: 1.09573 at price 1.09216
0	10:30:11.683	EA31337 EURUSD,M1: CloseOrder(): Closed order 38943860 with profit 0.12 pips, reason: None (inactive); Order Details: Ticket: 38943860; Time: 2015.07.22 10:30:07; Comment: Alligator M15; Commision: 0; Symbol: EURUSD; Type: Buy; Expiration: 0; Open Price: 1.09205; Close Price: 1.09217; Take Profit: 0.12; Stop Loss: 1.0878; Swap: 0; Lot size: 0.01; 
0	10:30:11.683	EA31337 EURUSD,M1: CloseOrdersByType():Closed 1 orders (0, 14) on market change with total profit of : 0.12 pips (0 failed)
0	10:30:11.720	EA31337 EURUSD,M1: ExecuteOrder(): MarketInfo: Symbol: EURUSD; Ask: 1.09238; Bid: 1.09216; Spread: 22 points = 2.2 pips; 
2	10:30:12.111	EA31337 EURUSD,M1: open #38944006 sell 0.01 EURUSD at 1.09216 sl: 1.09638 ok
0	10:30:12.111	EA31337 EURUSD,M1: #38944006 2015.07.22 10:30:08 sell 0.01 EURUSD 1.09216 1.09638 0.00000 1.09238 0.00 0.00 -0.22 Bands M5 31362
0	10:30:12.111	EA31337 EURUSD,M1: ExecuteOrder(): Order Details: Ticket: 38944006; Time: 2015.07.22 10:30:07; Comment: Bands M5; Commision: 0; Symbol: EURUSD; Type: Sell; Expiration: 0; Open Price: 1.09216; Close Price: 1.09238; Take Profit: -0.22; Stop Loss: 1.0964; Swap: 0; Lot size: 0.01; Account Details: Time: 2015.07.22 10:30:07; Account Balance: $2410.13; Account Equity: $2490.82; Used Margin: $290.00; Free Margin: $2200.82; No of Orders: 29 (BUY/SELL: 21/8); Risk Ratio: 0.9
0	10:34:56.104	EA31337 EURUSD,M1: ExecuteOrder(): MarketInfo: Symbol: EURUSD; Ask: 1.09261; Bid: 1.09240; Spread: 21 points = 2.1 pips; 
2	10:34:57.208	EA31337 EURUSD,M1: open #38944144 sell 0.01 EURUSD at 1.09238 sl: 1.09661 ok
0	10:34:57.208	EA31337 EURUSD,M1: #38944144 2015.07.22 10:34:52 sell 0.01 EURUSD 1.09238 1.09661 0.00000 1.09258 0.00 0.00 -0.20 Alligator M1 31349
0	10:34:57.208	EA31337 EURUSD,M1: ExecuteOrder(): Order Details: Ticket: 38944144; Time: 2015.07.22 10:34:52; Comment: Alligator M1; Commision: 0; Symbol: EURUSD; Type: Sell; Expiration: 0; Open Price: 1.09238; Close Price: 1.09258; Take Profit: -0.2; Stop Loss: 1.0966; Swap: 0; Lot size: 0.01; Account Details: Time: 2015.07.22 10:34:52; Account Balance: $2410.13; Account Equity: $2493.64; Used Margin: $300.00; Free Margin: $2193.64; No of Orders: 30 (BUY/SELL: 21/9); Risk Ratio: 0.9
2	10:34:58.506	EA31337 EURUSD,M1: modify #38944144 sell 0.01 EURUSD at 1.09238 sl: 1.09661 tp: 1.08858 ok
0	10:39:06.725	EA31337 EURUSD,M1: ExecuteOrder():Maximum open and pending orders reached the limit (MaxOrders/MaxOrdersPerDay).
0	10:57:05.730	EA31337 EURUSD,M1: ExecuteOrder():Maximum open and pending orders reached the limit (MaxOrders/MaxOrdersPerDay).
0	11:00:15.061	EA31337 EURUSD,M1: == New hour: 11
0	11:00:15.061	EA31337 EURUSD,M1: ApplyStrategyMultiplierFactor(): Setting multiplier factor to 1.1 for strategy: 13 (period: daily)
0	12:01:55.571	EA31337 EURUSD,M1: == New hour: 12
0	12:13:06.070	EA31337 EURUSD,M1: ExecuteOrder(): MarketInfo: Symbol: EURUSD; Ask: 1.09057; Bid: 1.09037; Spread: 20 points = 2 pips; 
2	12:13:07.372	EA31337 EURUSD,M1: open #38947435 sell 0.01 EURUSD at 1.09045 sl: 1.09457 ok
0	12:13:07.372	EA31337 EURUSD,M1: #38947435 2015.07.22 12:13:03 sell 0.01 EURUSD 1.09045 1.09457 0.00000 1.09063 0.00 0.00 -0.18 Alligator M1 31349
0	12:13:07.372	EA31337 EURUSD,M1: ExecuteOrder(): Order Details: Ticket: 38947435; Time: 2015.07.22 12:13:01; Comment: Alligator M1; Commision: 0; Symbol: EURUSD; Type: Sell; Expiration: 0; Open Price: 1.09045; Close Price: 1.09063; Take Profit: -0.18; Stop Loss: 1.0946; Swap: 0; Lot size: 0.01; Account Details: Time: 2015.07.22 12:13:01; Account Balance: $2405.91; Account Equity: $2470.70; Used Margin: $300.00; Free Margin: $2170.70; No of Orders: 30 (BUY/SELL: 20/10); Risk Ratio: 1.1
2	12:13:09.397	EA31337 EURUSD,M1: modify #38947435 sell 0.01 EURUSD at 1.09045 sl: 1.09457 tp: 1.08663 ok
0	12:17:49.499	EA31337 EURUSD,M1: ExecuteOrder():Bands M15: Maximum open and pending orders per type reached the limit (MaxOrdersPerType).
0	12:17:49.499	EA31337 EURUSD,M1: ExecuteOrder():Bands M30: Maximum open and pending orders per type reached the limit (MaxOrdersPerType).
0	12:17:50.574	EA31337 EURUSD,M1: ExecuteOrder():MACD M1: Maximum open and pending orders per type reached the limit (MaxOrdersPerType).
0	12:17:50.574	EA31337 EURUSD,M1: ExecuteOrder():MACD M5: Maximum open and pending orders per type reached the limit (MaxOrdersPerType).
0	12:17:50.704	EA31337 EURUSD,M1: ExecuteOrder():MACD M15: Maximum open and pending orders per type reached the limit (MaxOrdersPerType).
0	12:17:51.747	EA31337 EURUSD,M1: ExecuteOrder(): MarketInfo: Symbol: EURUSD; Ask: 1.09039; Bid: 1.09018; Spread: 21 points = 2.1 pips; 
2	12:17:52.266	EA31337 EURUSD,M1: open #38948082 buy 0.01 EURUSD at 1.09037 sl: 1.08618 tp: 2.18109 ok
0	12:17:52.266	EA31337 EURUSD,M1: #38948082 2015.07.22 12:17:48 buy 0.01 EURUSD 1.09037 1.08618 2.18109 1.09016 0.00 0.00 -0.21 RSI M1 31429
0	12:17:52.266	EA31337 EURUSD,M1: ExecuteOrder(): Order Details: Ticket: 38948082; Time: 2015.07.22 12:17:45; Comment: RSI M1; Commision: 0; Symbol: EURUSD; Type: Buy; Expiration: 0; Open Price: 1.09037; Close Price: 1.09016; Take Profit: -0.21; Stop Loss: 1.0862; Swap: 0; Lot size: 0.01; Account Details: Time: 2015.07.22 12:17:45; Account Balance: $2401.72; Account Equity: $2466.98; Used Margin: $300.00; Free Margin: $2166.98; No of Orders: 30 (BUY/SELL: 20/10); Risk Ratio: 1.1
2	12:19:19.764	EA31337 EURUSD,M1: modify #38948082 buy 0.01 EURUSD at 1.09037 sl: 1.08618 tp: 2.18141 ok
2	12:20:16.439	EA31337 EURUSD,M1: modify #38948082 buy 0.01 EURUSD at 1.09037 sl: 1.08618 tp: 2.18156 ok
0	12:22:14.743	EA31337 EURUSD,M1: ExecuteOrder():Alligator M1: Maximum open and pending orders per type reached the limit (MaxOrdersPerType).
0	12:22:15.035	EA31337 EURUSD,M1: ExecuteOrder():Bands M1: Maximum open and pending orders per type reached the limit (MaxOrdersPerType).
0	12:22:15.036	EA31337 EURUSD,M1: ExecuteOrder(): MarketInfo: Symbol: EURUSD; Ask: 1.08999; Bid: 1.08978; Spread: 21 points = 2.1 pips; 
2	12:22:15.327	EA31337 EURUSD,M1: open #38948251 sell 0.01 EURUSD at 1.08978 sl: 1.09399 ok
0	12:22:15.327	EA31337 EURUSD,M1: #38948251 2015.07.22 12:22:11 sell 0.01 EURUSD 1.08978 1.09399 0.00000 1.08999 0.00 0.00 -0.21 Bands M5 31362
0	12:22:15.327	EA31337 EURUSD,M1: ExecuteOrder(): Order Details: Ticket: 38948251; Time: 2015.07.22 12:22:10; Comment: Bands M5; Commision: 0; Symbol: EURUSD; Type: Sell; Expiration: 0; Open Price: 1.08978; Close Price: 1.08999; Take Profit: -0.21; Stop Loss: 1.094; Swap: 0; Lot size: 0.01; Account Details: Time: 2015.07.22 12:22:10; Account Balance: $2393.33; Account Equity: $2462.69; Used Margin: $290.00; Free Margin: $2172.69; No of Orders: 29 (BUY/SELL: 18/11); Risk Ratio: 1.1
0	12:27:21.251	EA31337 EURUSD,M1: ExecuteOrder():Alligator M1: Maximum open and pending orders per type reached the limit (MaxOrdersPerType).
0	12:27:21.318	EA31337 EURUSD,M1: ExecuteOrder():Bands M5: Maximum open and pending orders per type reached the limit (MaxOrdersPerType).
0	12:27:21.348	EA31337 EURUSD,M1: ExecuteOrder():Bands M15: Maximum open and pending orders per type reached the limit (MaxOrdersPerType).
0	12:27:21.348	EA31337 EURUSD,M1: ExecuteOrder():Bands M30: Maximum open and pending orders per type reached the limit (MaxOrdersPerType).
0	12:27:22.552	EA31337 EURUSD,M1: ExecuteOrder(): MarketInfo: Symbol: EURUSD; Ask: 1.08966; Bid: 1.08946; Spread: 20 points = 2 pips; 
2	12:27:22.844	EA31337 EURUSD,M1: open #38948495 buy 0.01 EURUSD at 1.08966 sl: 1.08546 tp: 1.09406 ok
0	12:27:22.844	EA31337 EURUSD,M1: #38948495 2015.07.22 12:27:18 buy 0.01 EURUSD 1.08966 1.08546 1.09406 1.08946 0.00 0.00 -0.20 MACD M1 31409
0	12:27:22.844	EA31337 EURUSD,M1: ExecuteOrder(): Order Details: Ticket: 38948495; Time: 2015.07.22 12:27:16; Comment: MACD M1; Commision: 0; Symbol: EURUSD; Type: Buy; Expiration: 0; Open Price: 1.08966; Close Price: 1.08946; Take Profit: -0.2; Stop Loss: 1.0855; Swap: 0; Lot size: 0.01; Account Details: Time: 2015.07.22 12:27:16; Account Balance: $2380.65; Account Equity: $2460.59; Used Margin: $270.00; Free Margin: $2190.59; No of Orders: 27 (BUY/SELL: 16/11); Risk Ratio: 1.1
2	12:28:16.590	EA31337 EURUSD,M1: modify #38948495 buy 0.01 EURUSD at 1.08966 sl: 1.08546 tp: 1.09439 ok
2	12:29:28.069	EA31337 EURUSD,M1: modify #38948495 buy 0.01 EURUSD at 1.08966 sl: 1.08546 tp: 1.09497 ok
2	12:30:12.712	EA31337 EURUSD,M1: modify #38948082 buy 0.01 EURUSD at 1.09037 sl: 1.08618 tp: 2.18174 ok
2	12:30:13.328	EA31337 EURUSD,M1: modify #38948495 buy 0.01 EURUSD at 1.08966 sl: 1.08546 tp: 1.09535 ok
0	12:31:24.371	EA31337 EURUSD,M1: ExecuteOrder():Alligator M1: Maximum open and pending orders per type reached the limit (MaxOrdersPerType).
0	12:31:24.923	EA31337 EURUSD,M1: ExecuteOrder():Bands M15: Maximum open and pending orders per type reached the limit (MaxOrdersPerType).
0	12:31:24.923	EA31337 EURUSD,M1: ExecuteOrder():Bands M30: Maximum open and pending orders per type reached the limit (MaxOrdersPerType).
0	12:31:26.977	EA31337 EURUSD,M1: ExecuteOrder():MACD M1: Maximum open and pending orders per type reached the limit (MaxOrdersPerType).
0	12:31:26.977	EA31337 EURUSD,M1: ExecuteOrder(): MarketInfo: Symbol: EURUSD; Ask: 1.09099; Bid: 1.09078; Spread: 21 points = 2.1 pips; 
2	12:31:27.269	EA31337 EURUSD,M1: open #38948724 sell 0.01 EURUSD at 1.09078 sl: 1.09499 ok
0	12:31:27.269	EA31337 EURUSD,M1: #38948724 2015.07.22 12:31:23 sell 0.01 EURUSD 1.09078 1.09499 0.00000 1.09099 0.00 0.00 -0.21 MACD M5 31410
0	12:31:27.269	EA31337 EURUSD,M1: ExecuteOrder(): Order Details: Ticket: 38948724; Time: 2015.07.22 12:31:20; Comment: MACD M5; Commision: 0; Symbol: EURUSD; Type: Sell; Expiration: 0; Open Price: 1.09078; Close Price: 1.09099; Take Profit: -0.21; Stop Loss: 1.095; Swap: 0; Lot size: 0.01; Account Details: Time: 2015.07.22 12:31:20; Account Balance: $2380.65; Account Equity: $2466.87; Used Margin: $280.00; Free Margin: $2186.87; No of Orders: 28 (BUY/SELL: 16/12); Risk Ratio: 1.1
2	12:31:28.766	EA31337 EURUSD,M1: modify #38948082 buy 0.01 EURUSD at 1.09037 sl: 1.08618 tp: 2.18244 ok
2	12:31:29.188	EA31337 EURUSD,M1: modify #38948495 buy 0.01 EURUSD at 1.08966 sl: 1.08546 tp: 1.09539 ok
2	12:35:08.478	EA31337 EURUSD,M1: modify #38948495 buy 0.01 EURUSD at 1.08966 sl: 1.08546 tp: 1.09544 ok
0	12:36:25.052	EA31337 EURUSD,M1: ExecuteOrder():Alligator M1: Maximum open and pending orders per type reached the limit (MaxOrdersPerType).
0	12:36:25.084	EA31337 EURUSD,M1: ExecuteOrder():Bands M15: Maximum open and pending orders per type reached the limit (MaxOrdersPerType).
0	12:36:25.084	EA31337 EURUSD,M1: ExecuteOrder():Bands M30: Maximum open and pending orders per type reached the limit (MaxOrdersPerType).
0	12:36:26.808	EA31337 EURUSD,M1: ExecuteOrder(): MarketInfo: Symbol: EURUSD; Ask: 1.09112; Bid: 1.09091; Spread: 21 points = 2.1 pips; 
2	12:36:27.230	EA31337 EURUSD,M1: open #38948836 buy 0.01 EURUSD at 1.09112 sl: 1.08691 tp: 1.09354 ok
0	12:36:27.230	EA31337 EURUSD,M1: #38948836 2015.07.22 12:36:23 buy 0.01 EURUSD 1.09112 1.08691 1.09354 1.09091 0.00 0.00 -0.21 MA M1 31405
0	12:36:27.230	EA31337 EURUSD,M1: ExecuteOrder(): Order Details: Ticket: 38948836; Time: 2015.07.22 12:36:21; Comment: MA M1; Commision: 0; Symbol: EURUSD; Type: Buy; Expiration: 0; Open Price: 1.09112; Close Price: 1.09091; Take Profit: -0.21; Stop Loss: 1.0869; Swap: 0; Lot size: 0.01; Account Details: Time: 2015.07.22 12:36:21; Account Balance: $2380.65; Account Equity: $2467.18; Used Margin: $290.00; Free Margin: $2177.18; No of Orders: 29 (BUY/SELL: 17/12); Risk Ratio: 1.1
2	12:36:29.937	EA31337 EURUSD,M1: modify #38948082 buy 0.01 EURUSD at 1.09037 sl: 1.08618 tp: 2.18271 ok
2	12:36:30.262	EA31337 EURUSD,M1: modify #38948495 buy 0.01 EURUSD at 1.08966 sl: 1.08546 tp: 1.09560 ok
2	12:37:25.545	EA31337 EURUSD,M1: modify #38948836 buy 0.01 EURUSD at 1.09112 sl: 1.08691 tp: 1.09355 ok
0	12:40:27.264	EA31337 EURUSD,M1: ExecuteOrder():SAR M1: Maximum open and pending orders per type reached the limit (MaxOrdersPerType).
0	12:40:27.264	EA31337 EURUSD,M1: ExecuteOrder(): MarketInfo: Symbol: EURUSD; Ask: 1.09027; Bid: 1.09006; Spread: 21 points = 2.1 pips; 
2	12:40:27.686	EA31337 EURUSD,M1: open #38948899 sell 0.01 EURUSD at 1.09006 sl: 1.09427 ok
0	12:40:27.686	EA31337 EURUSD,M1: #38948899 2015.07.22 12:40:23 sell 0.01 EURUSD 1.09006 1.09427 0.00000 1.09027 0.00 0.00 -0.21 SAR M5 31438
0	12:40:27.686	EA31337 EURUSD,M1: ExecuteOrder(): Order Details: Ticket: 38948899; Time: 2015.07.22 12:40:21; Comment: SAR M5; Commision: 0; Symbol: EURUSD; Type: Sell; Expiration: 0; Open Price: 1.09006; Close Price: 1.09027; Take Profit: -0.21; Stop Loss: 1.0943; Swap: 0; Lot size: 0.01; Account Details: Time: 2015.07.22 12:40:21; Account Balance: $2380.65; Account Equity: $2462.72; Used Margin: $300.00; Free Margin: $2162.72; No of Orders: 30 (BUY/SELL: 17/13); Risk Ratio: 1.1
0	12:44:27.329	EA31337 EURUSD,M1: ExecuteOrder():Maximum open and pending orders reached the limit (MaxOrders/MaxOrdersPerDay).
2	12:55:22.408	EA31337 EURUSD,M1: modify #38944144 sell 0.01 EURUSD at 1.09238 sl: 1.09661 tp: 1.08849 ok
2	12:57:15.238	EA31337 EURUSD,M1: modify #38944144 sell 0.01 EURUSD at 1.09238 sl: 1.09661 tp: 1.08846 ok
0	13:00:05.465	EA31337 EURUSD,M1: == New hour: 13
0	13:00:05.465	EA31337 EURUSD,M1: ApplyStrategyMultiplierFactor(): Setting multiplier factor to default for strategy: 112 to default.
0	13:00:05.465	EA31337 EURUSD,M1: ApplyStrategyMultiplierFactor(): Disabling strategy: 102
2	13:00:08.296	EA31337 EURUSD,M1: modify #38944144 sell 0.01 EURUSD at 1.09238 sl: 1.09661 tp: 1.08837 ok
2	13:01:56.244	EA31337 EURUSD,M1: modify #38944144 sell 0.01 EURUSD at 1.09238 sl: 1.09661 tp: 1.08835 ok
2	13:03:08.325	EA31337 EURUSD,M1: modify #38948082 buy 0.01 EURUSD at 1.09037 sl: 1.08618 tp: 2.18285 ok
2	13:03:08.812	EA31337 EURUSD,M1: modify #38948836 buy 0.01 EURUSD at 1.09112 sl: 1.08691 tp: 1.09364 ok
2	13:04:18.658	EA31337 EURUSD,M1: modify #38948082 buy 0.01 EURUSD at 1.09037 sl: 1.08618 tp: 2.18287 ok
2	13:04:19.149	EA31337 EURUSD,M1: modify #38948495 buy 0.01 EURUSD at 1.08966 sl: 1.08546 tp: 1.09574 ok
2	13:05:27.905	EA31337 EURUSD,M1: modify #38948082 buy 0.01 EURUSD at 1.09037 sl: 1.08618 tp: 2.18338 ok
2	13:05:28.493	EA31337 EURUSD,M1: modify #38948495 buy 0.01 EURUSD at 1.08966 sl: 1.08546 tp: 1.09587 ok
2	13:05:28.752	EA31337 EURUSD,M1: modify #38948836 buy 0.01 EURUSD at 1.09112 sl: 1.08691 tp: 1.09416 ok
2	13:06:22.487	EA31337 EURUSD,M1: modify #38948082 buy 0.01 EURUSD at 1.09037 sl: 1.08618 tp: 2.18351 ok
2	13:06:23.011	EA31337 EURUSD,M1: modify #38948495 buy 0.01 EURUSD at 1.08966 sl: 1.08546 tp: 1.09605 ok
2	13:06:23.859	EA31337 EURUSD,M1: modify #38948836 buy 0.01 EURUSD at 1.09112 sl: 1.08691 tp: 1.09429 ok
2	13:07:27.616	EA31337 EURUSD,M1: modify #38948082 buy 0.01 EURUSD at 1.09037 sl: 1.08618 tp: 2.18357 ok
2	13:07:27.975	EA31337 EURUSD,M1: modify #38948836 buy 0.01 EURUSD at 1.09112 sl: 1.08691 tp: 1.09435 ok
2	13:15:41.417	EA31337 EURUSD,M1: modify #38944144 sell 0.01 EURUSD at 1.09238 sl: 1.09661 tp: 1.08832 ok
2	13:20:37.054	EA31337 EURUSD,M1: modify #38944144 sell 0.01 EURUSD at 1.09238 sl: 1.09661 tp: 1.08826 ok
2	13:23:11.453	EA31337 EURUSD,M1: modify #38944144 sell 0.01 EURUSD at 1.09238 sl: 1.09661 tp: 1.08823 ok
0	14:00:04.057	EA31337 EURUSD,M1: == New hour: 14
0	14:01:05.591	EA31337 EURUSD,M1: ExecuteOrder(): MarketInfo: Symbol: EURUSD; Ask: 1.08883; Bid: 1.08863; Spread: 19 points = 2 pips; 
2	14:01:06.211	EA31337 EURUSD,M1: open #38951769 sell 0.02 EURUSD at 1.08888 sl: 1.09283 ok
0	14:01:06.211	EA31337 EURUSD,M1: #38951769 2015.07.22 14:01:01 sell 0.02 EURUSD 1.08888 1.09283 0.00000 1.08909 0.00 0.00 -0.42 Alligator M5 31350
0	14:01:06.211	EA31337 EURUSD,M1: ExecuteOrder(): Order Details: Ticket: 38951769; Time: 2015.07.22 14:01:00; Comment: Alligator M5; Commision: 0; Symbol: EURUSD; Type: Sell; Expiration: 0; Open Price: 1.08888; Close Price: 1.08909; Take Profit: -0.42; Stop Loss: 1.0928; Swap: 0; Lot size: 0.02; Account Details: Time: 2015.07.22 14:01:00; Account Balance: $2376.44; Account Equity: $2457.59; Used Margin: $310.00; Free Margin: $2147.59; No of Orders: 30 (BUY/SELL: 16/14); Risk Ratio: 0.8
0	14:05:23.399	EA31337 EURUSD,M1: ExecuteOrder():Maximum open and pending orders reached the limit (MaxOrders/MaxOrdersPerDay).
0	14:16:24.305	EA31337 EURUSD,M1: ExecuteOrder():Maximum open and pending orders reached the limit (MaxOrders/MaxOrdersPerDay).
2	14:22:27.356	EA31337 EURUSD,M1: modify #38944144 sell 0.01 EURUSD at 1.09238 sl: 1.09661 tp: 1.08810 ok
2	14:25:06.948	EA31337 EURUSD,M1: modify #38944144 sell 0.01 EURUSD at 1.09238 sl: 1.09661 tp: 1.08792 ok
2	14:27:37.141	EA31337 EURUSD,M1: modify #38944144 sell 0.01 EURUSD at 1.09238 sl: 1.09661 tp: 1.08789 ok
2	14:32:07.665	EA31337 EURUSD,M1: modify #38944144 sell 0.01 EURUSD at 1.09238 sl: 1.09661 tp: 1.08768 ok
2	14:35:12.478	EA31337 EURUSD,M1: modify #38944144 sell 0.01 EURUSD at 1.09238 sl: 1.09661 tp: 1.08760 ok
2	14:40:05.239	EA31337 EURUSD,M1: modify #38944144 sell 0.01 EURUSD at 1.09238 sl: 1.09661 tp: 1.08748 ok
2	14:45:13.166	EA31337 EURUSD,M1: modify #38944144 sell 0.01 EURUSD at 1.09238 sl: 1.09661 tp: 1.08746 ok
2	14:46:47.056	EA31337 EURUSD,M1: modify #38944144 sell 0.01 EURUSD at 1.09238 sl: 1.09661 tp: 1.08744 ok
2	14:48:15.353	EA31337 EURUSD,M1: modify #38944144 sell 0.01 EURUSD at 1.09238 sl: 1.09661 tp: 1.08742 ok
2	14:50:30.984	EA31337 EURUSD,M1: modify #38944144 sell 0.01 EURUSD at 1.09238 sl: 1.09661 tp: 1.08739 ok
2	14:52:02.136	EA31337 EURUSD,M1: modify #38944144 sell 0.01 EURUSD at 1.09238 sl: 1.09661 tp: 1.08735 ok
0	15:00:04.807	EA31337 EURUSD,M1: == New hour: 15
2	15:00:09.027	EA31337 EURUSD,M1: modify #38944144 sell 0.01 EURUSD at 1.09238 sl: 1.09661 tp: 1.08734 ok
2	15:03:56.736	EA31337 EURUSD,M1: modify #38944144 sell 0.01 EURUSD at 1.09238 sl: 1.09661 tp: 1.08731 ok
2	15:05:13.206	EA31337 EURUSD,M1: modify #38944144 sell 0.01 EURUSD at 1.09238 sl: 1.09661 tp: 1.08729 ok
2	15:06:19.876	EA31337 EURUSD,M1: modify #38944144 sell 0.01 EURUSD at 1.09238 sl: 1.09661 tp: 1.08728 ok
2	15:08:14.959	EA31337 EURUSD,M1: modify #38944144 sell 0.01 EURUSD at 1.09238 sl: 1.09661 tp: 1.08726 ok
0	16:00:49.612	EA31337 EURUSD,M1: == New hour: 16
0	16:08:09.858	EA31337 EURUSD,M1: ExecuteOrder():Bands M1: Maximum open and pending orders per type reached the limit (MaxOrdersPerType).
0	16:08:09.988	EA31337 EURUSD,M1: ExecuteOrder():Bands M5: Maximum open and pending orders per type reached the limit (MaxOrdersPerType).
0	16:08:09.988	EA31337 EURUSD,M1: ExecuteOrder():Bands M15: Maximum open and pending orders per type reached the limit (MaxOrdersPerType).
0	16:08:09.988	EA31337 EURUSD,M1: ExecuteOrder():Bands M30: Maximum open and pending orders per type reached the limit (MaxOrdersPerType).
0	16:08:10.970	EA31337 EURUSD,M1: ExecuteOrder(): MarketInfo: Symbol: EURUSD; Ask: 1.08721; Bid: 1.08699; Spread: 22 points = 2.2 pips; 
2	16:08:11.587	EA31337 EURUSD,M1: open #38956175 sell 0.01 EURUSD at 1.08698 sl: 1.09121 ok
0	16:08:11.587	EA31337 EURUSD,M1: #38956175 2015.07.22 16:08:07 sell 0.01 EURUSD 1.08698 1.09121 0.00000 1.08720 0.00 0.00 -0.22 Fractals M15 31395
0	16:08:11.587	EA31337 EURUSD,M1: ExecuteOrder(): Order Details: Ticket: 38956175; Time: 2015.07.22 16:08:04; Comment: Fractals M15; Commision: 0; Symbol: EURUSD; Type: Sell; Expiration: 0; Open Price: 1.08698; Close Price: 1.08720; Take Profit: -0.22; Stop Loss: 1.0912; Swap: 0; Lot size: 0.01; Account Details: Time: 2015.07.22 16:08:04; Account Balance: $2377.35; Account Equity: $2455.34; Used Margin: $300.00; Free Margin: $2155.34; No of Orders: 29 (BUY/SELL: 15/14); Risk Ratio: 0.8
0	16:12:18.262	EA31337 EURUSD,M1: ExecuteOrder(): MarketInfo: Symbol: EURUSD; Ask: 1.08787; Bid: 1.08765; Spread: 22 points = 2.2 pips; 
2	16:12:19.435	EA31337 EURUSD,M1: open #38956279 sell 0.01 EURUSD at 1.08765 sl: 1.09187 ok
0	16:12:19.435	EA31337 EURUSD,M1: #38956279 2015.07.22 16:12:14 sell 0.01 EURUSD 1.08765 1.09187 0.00000 1.08782 0.00 0.00 -0.17 Alligator M1 31349
0	16:12:19.435	EA31337 EURUSD,M1: ExecuteOrder(): Order Details: Ticket: 38956279; Time: 2015.07.22 16:12:13; Comment: Alligator M1; Commision: 0; Symbol: EURUSD; Type: Sell; Expiration: 0; Open Price: 1.08765; Close Price: 1.08782; Take Profit: -0.17; Stop Loss: 1.0919; Swap: 0; Lot size: 0.01; Account Details: Time: 2015.07.22 16:12:13; Account Balance: $2377.35; Account Equity: $2455.17; Used Margin: $310.00; Free Margin: $2145.17; No of Orders: 30 (BUY/SELL: 15/15); Risk Ratio: 0.8
2	16:12:21.455	EA31337 EURUSD,M1: modify #38956279 sell 0.01 EURUSD at 1.08765 sl: 1.09187 tp: 1.08381 ok
0	16:16:31.804	EA31337 EURUSD,M1: ExecuteOrder():Maximum open and pending orders reached the limit (MaxOrders/MaxOrdersPerDay).
0	17:00:26.381	EA31337 EURUSD,M1: == New hour: 17
0	17:00:26.381	EA31337 EURUSD,M1: ApplyStrategyMultiplierFactor(): Setting multiplier factor to default for strategy: 102 to default.
0	17:00:26.381	EA31337 EURUSD,M1: ApplyStrategyMultiplierFactor(): Disabling strategy: 68
2	17:00:53.270	EA31337 EURUSD,M1: modify #38947435 sell 0.01 EURUSD at 1.09045 sl: 1.09457 tp: 1.08662 ok
2	17:10:32.729	EA31337 EURUSD,M1: modify #38947435 sell 0.01 EURUSD at 1.09045 sl: 1.09457 tp: 1.08660 ok
2	17:16:18.257	EA31337 EURUSD,M1: modify #38947435 sell 0.01 EURUSD at 1.09045 sl: 1.09457 tp: 1.08658 ok
2	17:18:13.485	EA31337 EURUSD,M1: modify #38947435 sell 0.01 EURUSD at 1.09045 sl: 1.09457 tp: 1.08651 ok
2	17:20:40.220	EA31337 EURUSD,M1: modify #38947435 sell 0.01 EURUSD at 1.09045 sl: 1.09457 tp: 1.08644 ok
2	17:23:02.333	EA31337 EURUSD,M1: modify #38947435 sell 0.01 EURUSD at 1.09045 sl: 1.09457 tp: 1.08643 ok
2	17:25:49.706	EA31337 EURUSD,M1: modify #38947435 sell 0.01 EURUSD at 1.09045 sl: 1.09457 tp: 1.08639 ok
2	17:26:35.883	EA31337 EURUSD,M1: modify #38947435 sell 0.01 EURUSD at 1.09045 sl: 1.09457 tp: 1.08638 ok
2	17:32:35.108	EA31337 EURUSD,M1: modify #38947435 sell 0.01 EURUSD at 1.09045 sl: 1.09457 tp: 1.08637 ok
2	17:36:10.293	EA31337 EURUSD,M1: modify #38947435 sell 0.01 EURUSD at 1.09045 sl: 1.09457 tp: 1.08631 ok
0	17:41:03.911	EA31337 EURUSD,M1: ExecuteOrder():Alligator M1: Maximum open and pending orders per type reached the limit (MaxOrdersPerType).
0	17:41:05.278	EA31337 EURUSD,M1: ExecuteOrder(): MarketInfo: Symbol: EURUSD; Ask: 1.09118; Bid: 1.09097; Spread: 21 points = 2.1 pips; 
2	17:41:05.646	EA31337 EURUSD,M1: open #38958100 sell 0.01 EURUSD at 1.09097 sl: 1.09518 ok
0	17:41:05.646	EA31337 EURUSD,M1: #38958100 2015.07.22 17:41:01 sell 0.01 EURUSD 1.09097 1.09518 0.00000 1.09118 0.00 0.00 -0.21 Envelopes M5 31386
0	17:41:05.646	EA31337 EURUSD,M1: ExecuteOrder(): Order Details: Ticket: 38958100; Time: 2015.07.22 17:40:59; Comment: Envelopes M5; Commision: 0; Symbol: EURUSD; Type: Sell; Expiration: 0; Open Price: 1.09097; Close Price: 1.09118; Take Profit: -0.21; Stop Loss: 1.0952; Swap: 0; Lot size: 0.01; Account Details: Time: 2015.07.22 17:40:59; Account Balance: $2373.12; Account Equity: $2451.57; Used Margin: $310.00; Free Margin: $2141.57; No of Orders: 30 (BUY/SELL: 15/15); Risk Ratio: 0.8
2	17:41:12.484	EA31337 EURUSD,M1: modify #38947435 sell 0.01 EURUSD at 1.09045 sl: 1.09457 tp: 1.08627 ok
0	17:45:24.874	EA31337 EURUSD,M1: ExecuteOrder():Maximum open and pending orders reached the limit (MaxOrders/MaxOrdersPerDay).
2	17:45:25.984	EA31337 EURUSD,M1: modify #38947435 sell 0.01 EURUSD at 1.09045 sl: 1.09457 tp: 1.08620 ok
2	17:51:24.855	EA31337 EURUSD,M1: modify #38947435 sell 0.01 EURUSD at 1.09045 sl: 1.09457 tp: 1.08619 ok
0	18:00:07.708	EA31337 EURUSD,M1: == New hour: 18
0	19:02:03.553	EA31337 EURUSD,M1: == New hour: 19
2	19:39:37.124	EA31337 EURUSD,M1: modify #38948082 buy 0.01 EURUSD at 1.09037 sl: 1.08618 tp: 2.18393 ok
2	19:39:37.352	EA31337 EURUSD,M1: modify #38948495 buy 0.01 EURUSD at 1.08966 sl: 1.08546 tp: 1.09612 ok
0	19:50:26.881	EA31337 EURUSD,M1: ExecuteOrder():Alligator M1: Maximum open and pending orders per type reached the limit (MaxOrdersPerType).
0	19:50:33.398	EA31337 EURUSD,M1: ExecuteOrder(): MarketInfo: Symbol: EURUSD; Ask: 1.09145; Bid: 1.09124; Spread: 21 points = 2.1 pips; 
2	19:50:33.988	EA31337 EURUSD,M1: open #38960307 buy 0.01 EURUSD at 1.09146 sl: 1.08724 tp: 1.09585 ok
0	19:50:33.988	EA31337 EURUSD,M1: #38960307 2015.07.22 19:50:29 buy 0.01 EURUSD 1.09146 1.08724 1.09585 1.09125 0.00 0.00 -0.21 MACD M1 31409
0	19:50:33.988	EA31337 EURUSD,M1: ExecuteOrder(): Order Details: Ticket: 38960307; Time: 2015.07.22 19:50:21; Comment: MACD M1; Commision: 0; Symbol: EURUSD; Type: Buy; Expiration: 0; Open Price: 1.09146; Close Price: 1.09125; Take Profit: -0.21; Stop Loss: 1.0872; Swap: 0; Lot size: 0.01; Account Details: Time: 2015.07.22 19:50:21; Account Balance: $2408.07; Account Equity: $2451.51; Used Margin: $280.00; Free Margin: $2171.51; No of Orders: 27 (BUY/SELL: 12/15); Risk Ratio: 0.8
0	19:55:31.925	EA31337 EURUSD,M1: ExecuteOrder():Alligator M1: Maximum open and pending orders per type reached the limit (MaxOrdersPerType).
0	19:55:31.925	EA31337 EURUSD,M1: ExecuteOrder(): MarketInfo: Symbol: EURUSD; Ask: 1.09138; Bid: 1.09116; Spread: 22 points = 2.2 pips; 
2	19:55:32.249	EA31337 EURUSD,M1: open #38960331 buy 0.02 EURUSD at 1.09138 sl: 1.08716 ok
0	19:55:32.249	EA31337 EURUSD,M1: #38960331 2015.07.22 19:55:27 buy 0.02 EURUSD 1.09138 1.08716 0.00000 1.09116 0.00 0.00 -0.44 Alligator M5 31350
0	19:55:32.249	EA31337 EURUSD,M1: ExecuteOrder(): Order Details: Ticket: 38960331; Time: 2015.07.22 19:55:22; Comment: Alligator M5; Commision: 0; Symbol: EURUSD; Type: Buy; Expiration: 0; Open Price: 1.09138; Close Price: 1.09116; Take Profit: -0.44; Stop Loss: 1.0872; Swap: 0; Lot size: 0.02; Account Details: Time: 2015.07.22 19:55:22; Account Balance: $2408.07; Account Equity: $2451.27; Used Margin: $300.00; Free Margin: $2151.27; No of Orders: 28 (BUY/SELL: 13/15); Risk Ratio: 0.8
2	19:55:42.872	EA31337 EURUSD,M1: modify #38960331 buy 0.02 EURUSD at 1.09138 sl: 1.08716 tp: 1.09516 ok
2	19:58:37.881	EA31337 EURUSD,M1: modify #38960307 buy 0.01 EURUSD at 1.09146 sl: 1.08724 tp: 1.09601 ok
2	19:59:07.343	EA31337 EURUSD,M1: modify #38960307 buy 0.01 EURUSD at 1.09146 sl: 1.08724 tp: 1.09606 ok
0	20:00:12.984	EA31337 EURUSD,M1: == New hour: 20
0	20:00:12.984	EA31337 EURUSD,M1: ApplyStrategyMultiplierFactor(): Setting multiplier factor to default for strategy: 68 to default.
0	20:00:12.984	EA31337 EURUSD,M1: ApplyStrategyMultiplierFactor(): Disabling strategy: 102
0	20:00:12.984	EA31337 EURUSD,M1: ExecuteOrder():Alligator M1: Maximum open and pending orders per type reached the limit (MaxOrdersPerType).
0	20:00:21.431	EA31337 EURUSD,M1: ExecuteOrder():Alligator M5: Maximum open and pending orders per type reached the limit (MaxOrdersPerType).
0	20:00:21.431	EA31337 EURUSD,M1: ExecuteOrder(): MarketInfo: Symbol: EURUSD; Ask: 1.09178; Bid: 1.09156; Spread: 22 points = 2.2 pips; 
2	20:00:21.727	EA31337 EURUSD,M1: open #38960666 sell 0.01 EURUSD at 1.09156 sl: 1.09578 ok
0	20:00:21.727	EA31337 EURUSD,M1: #38960666 2015.07.22 20:00:17 sell 0.01 EURUSD 1.09156 1.09578 0.00000 1.09178 0.00 0.00 -0.22 Alligator M30 31352
0	20:00:21.727	EA31337 EURUSD,M1: ExecuteOrder(): Order Details: Ticket: 38960666; Time: 2015.07.22 20:00:08; Comment: Alligator M30; Commision: 0; Symbol: EURUSD; Type: Sell; Expiration: 0; Open Price: 1.09156; Close Price: 1.09178; Take Profit: -0.22; Stop Loss: 1.0958; Swap: 0; Lot size: 0.01; Account Details: Time: 2015.07.22 20:00:08; Account Balance: $2403.85; Account Equity: $2450.16; Used Margin: $300.00; Free Margin: $2150.16; No of Orders: 28 (BUY/SELL: 13/15); Risk Ratio: 0.9
2	20:00:31.254	EA31337 EURUSD,M1: modify #38948495 buy 0.01 EURUSD at 1.08966 sl: 1.08546 tp: 1.09623 ok
2	20:00:31.870	EA31337 EURUSD,M1: modify #38960307 buy 0.01 EURUSD at 1.09146 sl: 1.08724 tp: 1.09623 ok
2	20:02:21.067	EA31337 EURUSD,M1: modify #38948495 buy 0.01 EURUSD at 1.08966 sl: 1.08546 tp: 1.09626 ok
2	20:02:21.425	EA31337 EURUSD,M1: modify #38960307 buy 0.01 EURUSD at 1.09146 sl: 1.08724 tp: 1.09626 ok
0	20:04:44.571	EA31337 EURUSD,M1: ExecuteOrder():Alligator M5: Maximum open and pending orders per type reached the limit (MaxOrdersPerType).
0	20:04:46.328	EA31337 EURUSD,M1: ExecuteOrder(): MarketInfo: Symbol: EURUSD; Ask: 1.09194; Bid: 1.09173; Spread: 21 points = 2.1 pips; 
2	20:04:46.787	EA31337 EURUSD,M1: open #38960919 sell 0.01 EURUSD at 1.09173 sl: 1.09594 ok
0	20:04:46.787	EA31337 EURUSD,M1: #38960919 2015.07.22 20:04:41 sell 0.01 EURUSD 1.09173 1.09594 0.00000 1.09194 0.00 0.00 -0.21 DeMarker M1 31381
0	20:04:46.787	EA31337 EURUSD,M1: ExecuteOrder(): Order Details: Ticket: 38960919; Time: 2015.07.22 20:04:39; Comment: DeMarker M1; Commision: 0; Symbol: EURUSD; Type: Sell; Expiration: 0; Open Price: 1.09173; Close Price: 1.09194; Take Profit: -0.21; Stop Loss: 1.0959; Swap: 0; Lot size: 0.01; Account Details: Time: 2015.07.22 20:04:39; Account Balance: $2403.85; Account Equity: $2449.77; Used Margin: $310.00; Free Margin: $2139.77; No of Orders: 29 (BUY/SELL: 13/16); Risk Ratio: 0.9
2	20:04:48.872	EA31337 EURUSD,M1: modify #38948082 buy 0.01 EURUSD at 1.09037 sl: 1.08618 tp: 2.18409 ok
2	20:04:49.359	EA31337 EURUSD,M1: modify #38948495 buy 0.01 EURUSD at 1.08966 sl: 1.08546 tp: 1.09634 ok
2	20:04:49.785	EA31337 EURUSD,M1: modify #38960307 buy 0.01 EURUSD at 1.09146 sl: 1.08724 tp: 1.09634 ok
0	20:16:09.680	EA31337 EURUSD,M1: ExecuteOrder(): MarketInfo: Symbol: EURUSD; Ask: 1.09244; Bid: 1.09221; Spread: 23 points = 2.3 pips; 
2	20:16:09.907	EA31337 EURUSD,M1: open #38961101 buy 0.01 EURUSD at 1.09244 sl: 1.08821 ok
0	20:16:09.907	EA31337 EURUSD,M1: #38961101 2015.07.22 20:16:05 buy 0.01 EURUSD 1.09244 1.08821 0.00000 1.09221 0.00 0.00 -0.23 Alligator M1 31349
0	20:16:09.907	EA31337 EURUSD,M1: ExecuteOrder(): Order Details: Ticket: 38961101; Time: 2015.07.22 20:16:04; Comment: Alligator M1; Commision: 0; Symbol: EURUSD; Type: Buy; Expiration: 0; Open Price: 1.09244; Close Price: 1.09221; Take Profit: -0.23; Stop Loss: 1.0882; Swap: 0; Lot size: 0.01; Account Details: Time: 2015.07.22 20:16:04; Account Balance: $2403.85; Account Equity: $2447.76; Used Margin: $320.00; Free Margin: $2127.76; No of Orders: 30 (BUY/SELL: 14/16); Risk Ratio: 0.9
2	20:16:27.995	EA31337 EURUSD,M1: modify #38948495 buy 0.01 EURUSD at 1.08966 sl: 1.08546 tp: 1.09681 ok
2	20:16:28.583	EA31337 EURUSD,M1: modify #38960307 buy 0.01 EURUSD at 1.09146 sl: 1.08724 tp: 1.09681 ok
2	20:16:28.976	EA31337 EURUSD,M1: modify #38961101 buy 0.01 EURUSD at 1.09244 sl: 1.08821 tp: 1.09619 ok
2	20:17:07.878	EA31337 EURUSD,M1: modify #38948082 buy 0.01 EURUSD at 1.09037 sl: 1.08618 tp: 2.18507 ok
0	20:20:13.555	EA31337 EURUSD,M1: ExecuteOrder():Maximum open and pending orders reached the limit (MaxOrders/MaxOrdersPerDay).
2	20:20:19.950	EA31337 EURUSD,M1: modify #38948495 buy 0.01 EURUSD at 1.08966 sl: 1.08546 tp: 1.09682 ok
2	20:20:20.372	EA31337 EURUSD,M1: modify #38960307 buy 0.01 EURUSD at 1.09146 sl: 1.08724 tp: 1.09682 ok
0	20:21:29.046	EA31337 EURUSD,M1: ExecuteOrder(): MarketInfo: Symbol: EURUSD; Ask: 1.09276; Bid: 1.09254; Spread: 22 points = 2.2 pips; 
2	20:21:31.100	EA31337 EURUSD,M1: open #38961370 buy 0.02 EURUSD at 1.09267 sl: 1.08854 ok
0	20:21:31.100	EA31337 EURUSD,M1: #38961370 2015.07.22 20:21:26 buy 0.02 EURUSD 1.09267 1.08854 0.00000 1.09244 0.00 0.00 -0.46 Alligator M5 31350
0	20:21:31.100	EA31337 EURUSD,M1: ExecuteOrder(): Order Details: Ticket: 38961370; Time: 2015.07.22 20:21:24; Comment: Alligator M5; Commision: 0; Symbol: EURUSD; Type: Buy; Expiration: 0; Open Price: 1.09267; Close Price: 1.09244; Take Profit: -0.46; Stop Loss: 1.0885; Swap: 0; Lot size: 0.02; Account Details: Time: 2015.07.22 20:21:24; Account Balance: $2395.95; Account Equity: $2446.52; Used Margin: $320.00; Free Margin: $2126.52; No of Orders: 30 (BUY/SELL: 15/15); Risk Ratio: 0.9
2	20:21:49.307	EA31337 EURUSD,M1: modify #38948082 buy 0.01 EURUSD at 1.09037 sl: 1.08618 tp: 2.18603 ok
2	20:21:49.700	EA31337 EURUSD,M1: modify #38948495 buy 0.01 EURUSD at 1.08966 sl: 1.08546 tp: 1.09706 ok
2	20:21:50.025	EA31337 EURUSD,M1: modify #38960307 buy 0.01 EURUSD at 1.09146 sl: 1.08724 tp: 1.09706 ok
2	20:21:50.516	EA31337 EURUSD,M1: modify #38961370 buy 0.02 EURUSD at 1.09267 sl: 1.08854 tp: 1.09643 ok
0	20:25:55.429	EA31337 EURUSD,M1: ExecuteOrder():Maximum open and pending orders reached the limit (MaxOrders/MaxOrdersPerDay).
2	20:51:49.205	EA31337 EURUSD,M1: modify #38948495 buy 0.01 EURUSD at 1.08966 sl: 1.08546 tp: 1.09715 ok
2	20:51:49.693	EA31337 EURUSD,M1: modify #38960307 buy 0.01 EURUSD at 1.09146 sl: 1.08724 tp: 1.09715 ok
2	20:57:09.536	EA31337 EURUSD,M1: modify #38948082 buy 0.01 EURUSD at 1.09037 sl: 1.08618 tp: 2.18630 ok
2	20:57:15.462	EA31337 EURUSD,M1: modify #38948495 buy 0.01 EURUSD at 1.08966 sl: 1.08546 tp: 1.09740 ok
2	20:57:15.724	EA31337 EURUSD,M1: modify #38960307 buy 0.01 EURUSD at 1.09146 sl: 1.08724 tp: 1.09743 ok
2	20:59:11.820	EA31337 EURUSD,M1: modify #38948082 buy 0.01 EURUSD at 1.09037 sl: 1.08618 tp: 2.18646 ok
2	20:59:12.242	EA31337 EURUSD,M1: modify #38948495 buy 0.01 EURUSD at 1.08966 sl: 1.08546 tp: 1.09744 ok
2	20:59:12.668	EA31337 EURUSD,M1: modify #38960307 buy 0.01 EURUSD at 1.09146 sl: 1.08724 tp: 1.09744 ok
0	21:00:15.784	EA31337 EURUSD,M1: == New hour: 21
2	21:00:16.177	EA31337 EURUSD,M1: modify #38948082 buy 0.01 EURUSD at 1.09037 sl: 1.08618 tp: 2.18654 ok
0	21:09:13.662	EA31337 EURUSD,M1: ExecuteOrder():Maximum open and pending orders reached the limit (MaxOrders/MaxOrdersPerDay).
2	21:15:42.306	EA31337 EURUSD,M1: modify #38948082 buy 0.01 EURUSD at 1.09037 sl: 1.08618 tp: 2.18678 ok
2	21:31:21.182	EA31337 EURUSD,M1: modify #38948495 buy 0.01 EURUSD at 1.08966 sl: 1.08546 tp: 1.09749 ok
2	21:31:21.571	EA31337 EURUSD,M1: modify #38960307 buy 0.01 EURUSD at 1.09146 sl: 1.08724 tp: 1.09749 ok
0	22:01:01.834	EA31337 EURUSD,M1: == New hour: 22
0	23:00:19.980	EA31337 EURUSD,M1: == New hour: 23
