0	00:00:09.989	EA31337 EURUSD,M1: == New hour: 0
0	00:00:15.481	EA31337 EURUSD,M1: == New day (day of month: 4; day of year: 247) ==
0	00:00:15.481	EA31337 EURUSD,M1: Daily max: Tick: 4.6; Spread: 33; Max orders: 30; Loss: 0; Profit: 0; Equity: 3510.92; Balance: 3216.7; 
0	00:00:15.522	EA31337 EURUSD,M1: Daily SAR stats: Period: 0, Buy: 291 / Sell: 387; Period: 1, Buy: 191 / Sell: 354; Period: 2, Buy: 251 / Sell: 299; Period: 3, Buy: 206 / Sell: 283; Period: 4, Buy: 0 / Sell: 0; Period: 5, Buy: 0 / Sell: 0; Period: 6, Buy: 0 / Sell: 0; Period: 7, Buy: 0 / Sell: 0; Period: 8, Buy: 0 / Sell: 0; 
0	00:00:15.522	EA31337 EURUSD,M1: Daily strategy stats: 
0	01:02:10.978	EA31337 EURUSD,M1: == New hour: 1
0	02:03:13.281	EA31337 EURUSD,M1: == New hour: 2
0	03:00:15.556	EA31337 EURUSD,M1: == New hour: 3
0	04:00:32.386	EA31337 EURUSD,M1: == New hour: 4
2	04:21:41.742	EA31337 EURUSD,M1: modify #40736270 buy 0.01 EURUSD at 1.11261 sl: 1.10839 tp: 1.11813 ok
2	04:24:29.688	EA31337 EURUSD,M1: modify #40736270 buy 0.01 EURUSD at 1.11261 sl: 1.10839 tp: 1.11821 ok
2	04:25:28.057	EA31337 EURUSD,M1: modify #40724942 buy 0.01 EURUSD at 1.11271 sl: 1.10852 tp: 1.11839 ok
2	04:25:28.626	EA31337 EURUSD,M1: modify #40731500 buy 0.01 EURUSD at 1.11041 sl: 1.10621 tp: 1.11840 ok
2	04:25:29.201	EA31337 EURUSD,M1: modify #40736270 buy 0.01 EURUSD at 1.11261 sl: 1.10839 tp: 1.11840 ok
0	05:00:14.716	EA31337 EURUSD,M1: == New hour: 5
0	06:01:35.752	EA31337 EURUSD,M1: == New hour: 6
0	07:00:10.664	EA31337 EURUSD,M1: == New hour: 7
0	07:07:20.367	EA31337 EURUSD,M1: OpenOrderIsAllowed(): Maximum open and pending orders reached the limit (MaxOrders).
2	07:16:58.506	EA31337 EURUSD,M1: modify #40724942 buy 0.01 EURUSD at 1.11271 sl: 1.10852 tp: 1.11857 ok
2	07:16:58.788	EA31337 EURUSD,M1: modify #40731500 buy 0.01 EURUSD at 1.11041 sl: 1.10621 tp: 1.11854 ok
2	07:16:59.198	EA31337 EURUSD,M1: modify #40736270 buy 0.01 EURUSD at 1.11261 sl: 1.10839 tp: 1.11854 ok
2	07:18:48.825	EA31337 EURUSD,M1: modify #40724942 buy 0.01 EURUSD at 1.11271 sl: 1.10852 tp: 1.11865 ok
2	07:18:49.234	EA31337 EURUSD,M1: modify #40731500 buy 0.01 EURUSD at 1.11041 sl: 1.10621 tp: 1.11864 ok
2	07:18:49.599	EA31337 EURUSD,M1: modify #40736270 buy 0.01 EURUSD at 1.11261 sl: 1.10839 tp: 1.11865 ok
2	07:31:47.408	EA31337 EURUSD,M1: modify #40724942 buy 0.01 EURUSD at 1.11271 sl: 1.10852 tp: 1.11870 ok
2	07:31:47.803	EA31337 EURUSD,M1: modify #40731500 buy 0.01 EURUSD at 1.11041 sl: 1.10621 tp: 1.11870 ok
2	07:31:48.159	EA31337 EURUSD,M1: modify #40736270 buy 0.01 EURUSD at 1.11261 sl: 1.10839 tp: 1.11869 ok
2	07:44:16.976	EA31337 EURUSD,M1: modify #40724942 buy 0.01 EURUSD at 1.11271 sl: 1.10852 tp: 1.11873 ok
2	07:44:17.625	EA31337 EURUSD,M1: modify #40731500 buy 0.01 EURUSD at 1.11041 sl: 1.10621 tp: 1.11873 ok
2	07:44:18.035	EA31337 EURUSD,M1: modify #40736270 buy 0.01 EURUSD at 1.11261 sl: 1.10839 tp: 1.11873 ok
2	07:46:09.401	EA31337 EURUSD,M1: modify #40724942 buy 0.01 EURUSD at 1.11271 sl: 1.10852 tp: 1.11878 ok
2	07:46:09.892	EA31337 EURUSD,M1: modify #40731500 buy 0.01 EURUSD at 1.11041 sl: 1.10621 tp: 1.11877 ok
2	07:46:10.545	EA31337 EURUSD,M1: modify #40736270 buy 0.01 EURUSD at 1.11261 sl: 1.10839 tp: 1.11877 ok
2	08:00:13.768	EA31337 EURUSD,M1: modify #40724942 buy 0.01 EURUSD at 1.11271 sl: 1.10852 tp: 1.11899 ok
2	08:00:14.129	EA31337 EURUSD,M1: modify #40731500 buy 0.01 EURUSD at 1.11041 sl: 1.10621 tp: 1.11900 ok
2	08:00:14.648	EA31337 EURUSD,M1: modify #40736270 buy 0.01 EURUSD at 1.11261 sl: 1.10839 tp: 1.11899 ok
0	08:00:21.028	EA31337 EURUSD,M1: == New hour: 8
2	08:10:29.996	EA31337 EURUSD,M1: modify #40724942 buy 0.01 EURUSD at 1.11271 sl: 1.10852 tp: 1.11933 ok
2	08:10:30.524	EA31337 EURUSD,M1: modify #40731500 buy 0.01 EURUSD at 1.11041 sl: 1.10621 tp: 1.11933 ok
2	08:10:31.015	EA31337 EURUSD,M1: modify #40736270 buy 0.01 EURUSD at 1.11261 sl: 1.10839 tp: 1.11933 ok
2	08:12:20.286	EA31337 EURUSD,M1: modify #40721101 buy 0.01 EURUSD at 1.11231 sl: 1.10810 tp: 1.11944 ok
2	08:12:21.020	EA31337 EURUSD,M1: modify #40724942 buy 0.01 EURUSD at 1.11271 sl: 1.10852 tp: 1.11945 ok
2	08:12:21.508	EA31337 EURUSD,M1: modify #40731500 buy 0.01 EURUSD at 1.11041 sl: 1.10621 tp: 1.11946 ok
2	08:12:21.917	EA31337 EURUSD,M1: modify #40736270 buy 0.01 EURUSD at 1.11261 sl: 1.10839 tp: 1.11945 ok
2	08:12:54.113	EA31337 EURUSD,M1: modify #40721101 buy 0.01 EURUSD at 1.11231 sl: 1.10810 tp: 1.11945 ok
2	08:14:33.959	EA31337 EURUSD,M1: modify #40721101 buy 0.01 EURUSD at 1.11231 sl: 1.10810 tp: 1.11958 ok
2	08:14:34.409	EA31337 EURUSD,M1: modify #40724942 buy 0.01 EURUSD at 1.11271 sl: 1.10852 tp: 1.11961 ok
2	08:14:34.815	EA31337 EURUSD,M1: modify #40731500 buy 0.01 EURUSD at 1.11041 sl: 1.10621 tp: 1.11960 ok
2	08:14:35.140	EA31337 EURUSD,M1: modify #40736270 buy 0.01 EURUSD at 1.11261 sl: 1.10839 tp: 1.11961 ok
0	08:15:37.009	EA31337 EURUSD,M1: OpenOrderIsAllowed(): DeMarker M1: Maximum open and pending orders per type reached the limit (MaxOrdersPerType).
0	08:15:37.049	EA31337 EURUSD,M1: ExecuteOrder(): MarketInfo: Symbol: EURUSD; Ask: 1.11542; Bid: 1.11520; Spread: 22 points = 2.2 pips; 
2	08:15:37.739	EA31337 EURUSD,M1: open #40752819 sell 0.01 EURUSD at 1.11520 sl: 1.11942 tp: 1.11080 ok
0	08:15:37.739	EA31337 EURUSD,M1: #40752819 2015.09.04 08:15:27 sell 0.01 EURUSD 1.11520 1.11942 1.11080 1.11542 0.00 0.00 -0.22 | spread: 2.1 31385
0	08:15:37.739	EA31337 EURUSD,M1: ExecuteOrder(): Order Details: Ticket: 40752819; Time: 2015.09.04 08:15:01; Comment: | spread: 2.1; Commision: 0; Symbol: EURUSD; Type: Sell; Expiration: 0; Open Price: 1.11520; Close Price: 1.11542; Take Profit: -0.22; Stop Loss: 1.1194; Swap: 0; Lot size: 0.01; Account Details: Time: 2015.09.04 08:15:01; Account Balance: $3196.26; Account Equity: $3374.05; Used Margin: $300.00; Free Margin: $3074.05; No of Orders: 30 (BUY/SELL: 4/26); Risk Ratio: 1.1
0	08:15:37.739	EA31337 EURUSD,M1: OpenOrderIsAllowed(): Maximum open and pending orders reached the limit (MaxOrders).
0	08:15:37.739	EA31337 EURUSD,M1: OpenOrderIsAllowed(): Maximum open and pending orders reached the limit (MaxOrders).
0	08:15:43.640	EA31337 EURUSD,M1: OpenOrderIsAllowed(): Maximum open and pending orders reached the limit (MaxOrders).
0	08:15:43.640	EA31337 EURUSD,M1: OpenOrderIsAllowed(): Maximum open and pending orders reached the limit (MaxOrders).
0	08:15:52.424	EA31337 EURUSD,M1: OpenOrderIsAllowed(): Maximum open and pending orders reached the limit (MaxOrders).
0	08:15:52.505	EA31337 EURUSD,M1: OpenOrderIsAllowed(): Maximum open and pending orders reached the limit (MaxOrders).
0	08:15:52.505	EA31337 EURUSD,M1: OpenOrderIsAllowed(): Maximum open and pending orders reached the limit (MaxOrders).
0	08:15:52.508	EA31337 EURUSD,M1: OpenOrderIsAllowed(): Maximum open and pending orders reached the limit (MaxOrders).
2	08:15:53.528	EA31337 EURUSD,M1: modify #40721101 buy 0.01 EURUSD at 1.11231 sl: 1.10810 tp: 1.11985 ok
2	08:15:54.097	EA31337 EURUSD,M1: modify #40724942 buy 0.01 EURUSD at 1.11271 sl: 1.10852 tp: 1.11985 ok
2	08:15:54.422	EA31337 EURUSD,M1: modify #40731500 buy 0.01 EURUSD at 1.11041 sl: 1.10621 tp: 1.11985 ok
2	08:15:54.828	EA31337 EURUSD,M1: modify #40736270 buy 0.01 EURUSD at 1.11261 sl: 1.10839 tp: 1.11985 ok
0	08:17:35.859	EA31337 EURUSD,M1: OpenOrderIsAllowed(): Maximum open and pending orders reached the limit (MaxOrders).
0	08:18:24.914	EA31337 EURUSD,M1: OpenOrderIsAllowed(): Maximum open and pending orders reached the limit (MaxOrders).
2	08:18:47.069	EA31337 EURUSD,M1: modify #40752819 sell 0.01 EURUSD at 1.11520 sl: 1.11942 tp: 1.11015 ok
0	08:19:26.430	EA31337 EURUSD,M1: OpenOrderIsAllowed(): Maximum open and pending orders reached the limit (MaxOrders).
0	08:19:26.430	EA31337 EURUSD,M1: OpenOrderIsAllowed(): Maximum open and pending orders reached the limit (MaxOrders).
0	08:19:55.973	EA31337 EURUSD,M1: OpenOrderIsAllowed(): Maximum open and pending orders reached the limit (MaxOrders).
0	08:19:56.667	EA31337 EURUSD,M1: OpenOrderIsAllowed(): Maximum open and pending orders reached the limit (MaxOrders).
0	08:19:56.830	EA31337 EURUSD,M1: OpenOrderIsAllowed(): Maximum open and pending orders reached the limit (MaxOrders).
0	08:20:27.056	EA31337 EURUSD,M1: OpenOrderIsAllowed(): Maximum open and pending orders reached the limit (MaxOrders).
2	08:22:20.792	EA31337 EURUSD,M1: modify #40721101 buy 0.01 EURUSD at 1.11231 sl: 1.10810 tp: 1.11993 ok
2	08:22:21.153	EA31337 EURUSD,M1: modify #40724942 buy 0.01 EURUSD at 1.11271 sl: 1.10852 tp: 1.11993 ok
2	08:22:21.612	EA31337 EURUSD,M1: modify #40731500 buy 0.01 EURUSD at 1.11041 sl: 1.10621 tp: 1.11994 ok
2	08:22:22.001	EA31337 EURUSD,M1: modify #40736270 buy 0.01 EURUSD at 1.11261 sl: 1.10839 tp: 1.11995 ok
0	08:27:14.875	EA31337 EURUSD,M1: OpenOrderIsAllowed(): DeMarker M1: Maximum open and pending orders per type reached the limit (MaxOrdersPerType).
0	08:27:14.875	EA31337 EURUSD,M1: ExecuteOrder(): MarketInfo: Symbol: EURUSD; Ask: 1.11595; Bid: 1.11576; Spread: 19 points = 1.9 pips; 
2	08:27:15.446	EA31337 EURUSD,M1: open #40753332 sell 0.01 EURUSD at 1.11575 sl: 1.11995 tp: 1.11136 ok
0	08:27:15.446	EA31337 EURUSD,M1: #40753332 2015.09.04 08:27:05 sell 0.01 EURUSD 1.11575 1.11995 1.11136 1.11595 0.00 0.00 -0.20 | spread: 2.1 31382
0	08:27:15.446	EA31337 EURUSD,M1: ExecuteOrder(): Order Details: Ticket: 40753332; Time: 2015.09.04 08:26:18; Comment: | spread: 2.1; Commision: 0; Symbol: EURUSD; Type: Sell; Expiration: 0; Open Price: 1.11575; Close Price: 1.11595; Take Profit: -0.2; Stop Loss: 1.12; Swap: 0; Lot size: 0.01; Account Details: Time: 2015.09.04 08:26:18; Account Balance: $3188.06; Account Equity: $3362.30; Used Margin: $290.00; Free Margin: $3072.30; No of Orders: 30 (BUY/SELL: 4/25); Risk Ratio: 1.1
0	08:27:21.165	EA31337 EURUSD,M1: OpenOrderIsAllowed(): Maximum open and pending orders reached the limit (MaxOrders).
0	08:27:21.165	EA31337 EURUSD,M1: OpenOrderIsAllowed(): Maximum open and pending orders reached the limit (MaxOrders).
0	08:27:21.165	EA31337 EURUSD,M1: OpenOrderIsAllowed(): Maximum open and pending orders reached the limit (MaxOrders).
0	08:27:44.165	EA31337 EURUSD,M1: OpenOrderIsAllowed(): Maximum open and pending orders reached the limit (MaxOrders).
0	08:27:49.998	EA31337 EURUSD,M1: OpenOrderIsAllowed(): Maximum open and pending orders reached the limit (MaxOrders).
0	08:28:16.437	EA31337 EURUSD,M1: OpenOrderIsAllowed(): Maximum open and pending orders reached the limit (MaxOrders).
0	08:28:16.437	EA31337 EURUSD,M1: OpenOrderIsAllowed(): Maximum open and pending orders reached the limit (MaxOrders).
0	08:28:16.437	EA31337 EURUSD,M1: OpenOrderIsAllowed(): Maximum open and pending orders reached the limit (MaxOrders).
2	08:28:17.212	EA31337 EURUSD,M1: modify #40721101 buy 0.01 EURUSD at 1.11231 sl: 1.10810 tp: 1.12008 ok
2	08:28:17.622	EA31337 EURUSD,M1: modify #40724942 buy 0.01 EURUSD at 1.11271 sl: 1.10852 tp: 1.12007 ok
2	08:28:18.109	EA31337 EURUSD,M1: modify #40731500 buy 0.01 EURUSD at 1.11041 sl: 1.10621 tp: 1.12008 ok
2	08:28:18.514	EA31337 EURUSD,M1: modify #40736270 buy 0.01 EURUSD at 1.11261 sl: 1.10839 tp: 1.12007 ok
2	08:28:19.249	EA31337 EURUSD,M1: modify #40753332 sell 0.01 EURUSD at 1.11575 sl: 1.11995 tp: 1.11107 ok
0	08:29:28.557	EA31337 EURUSD,M1: OpenOrderIsAllowed(): MACD M1: Maximum open and pending orders per type reached the limit (MaxOrdersPerType).
2	08:29:50.912	EA31337 EURUSD,M1: modify #40753332 sell 0.01 EURUSD at 1.11575 sl: 1.11995 tp: 1.11063 ok
0	08:30:37.313	EA31337 EURUSD,M1: OpenOrderIsAllowed(): DeMarker M5: Maximum open and pending orders per type reached the limit (MaxOrdersPerType).
0	08:30:37.313	EA31337 EURUSD,M1: OpenOrderIsAllowed(): Envelopes M5: Maximum open and pending orders per type reached the limit (MaxOrdersPerType).
0	08:31:20.261	EA31337 EURUSD,M1: OpenOrderIsAllowed(): MACD M1: Maximum open and pending orders per type reached the limit (MaxOrdersPerType).
0	08:31:25.568	EA31337 EURUSD,M1: OpenOrderIsAllowed(): SAR M1: Maximum open and pending orders per type reached the limit (MaxOrdersPerType).
2	08:31:26.428	EA31337 EURUSD,M1: modify #40753332 sell 0.01 EURUSD at 1.11575 sl: 1.11995 tp: 1.11025 ok
0	08:31:42.633	EA31337 EURUSD,M1: OpenOrderIsAllowed(): DeMarker M5: Maximum open and pending orders per type reached the limit (MaxOrdersPerType).
0	08:31:42.672	EA31337 EURUSD,M1: OpenOrderIsAllowed(): Envelopes M5: Maximum open and pending orders per type reached the limit (MaxOrdersPerType).
0	08:31:42.672	EA31337 EURUSD,M1: ExecuteOrder(): MarketInfo: Symbol: EURUSD; Ask: 1.11497; Bid: 1.11476; Spread: 21 points = 2.1 pips; 
2	08:31:43.406	EA31337 EURUSD,M1: open #40753515 sell 0.01 EURUSD at 1.11475 sl: 1.11897 tp: 1.11036 ok
0	08:31:43.406	EA31337 EURUSD,M1: #40753515 2015.09.04 08:31:33 sell 0.01 EURUSD 1.11475 1.11897 1.11036 1.11496 0.00 0.00 -0.21 | spread: 2.2 31387
0	08:31:43.406	EA31337 EURUSD,M1: ExecuteOrder(): Order Details: Ticket: 40753515; Time: 2015.09.04 08:31:22; Comment: | spread: 2.2; Commision: 0; Symbol: EURUSD; Type: Sell; Expiration: 0; Open Price: 1.11475; Close Price: 1.11496; Take Profit: -0.21; Stop Loss: 1.119; Swap: 0; Lot size: 0.01; Account Details: Time: 2015.09.04 08:31:22; Account Balance: $3188.06; Account Equity: $3382.84; Used Margin: $300.00; Free Margin: $3082.84; No of Orders: 30 (BUY/SELL: 4/26); Risk Ratio: 1.1
0	08:32:18.439	EA31337 EURUSD,M1: OpenOrderIsAllowed(): Maximum open and pending orders reached the limit (MaxOrders).
0	08:32:48.435	EA31337 EURUSD,M1: OpenOrderIsAllowed(): Maximum open and pending orders reached the limit (MaxOrders).
0	08:32:48.435	EA31337 EURUSD,M1: OpenOrderIsAllowed(): Maximum open and pending orders reached the limit (MaxOrders).
2	08:33:07.328	EA31337 EURUSD,M1: modify #40753515 sell 0.01 EURUSD at 1.11475 sl: 1.11897 tp: 1.11030 ok
0	08:33:50.567	EA31337 EURUSD,M1: OpenOrderIsAllowed(): Maximum open and pending orders reached the limit (MaxOrders).
0	08:33:51.018	EA31337 EURUSD,M1: OpenOrderIsAllowed(): Maximum open and pending orders reached the limit (MaxOrders).
0	08:33:51.140	EA31337 EURUSD,M1: OpenOrderIsAllowed(): Maximum open and pending orders reached the limit (MaxOrders).
0	08:33:51.752	EA31337 EURUSD,M1: OpenOrderIsAllowed(): Maximum open and pending orders reached the limit (MaxOrders).
0	08:33:51.752	EA31337 EURUSD,M1: OpenOrderIsAllowed(): Maximum open and pending orders reached the limit (MaxOrders).
0	08:34:51.171	EA31337 EURUSD,M1: OpenOrderIsAllowed(): Maximum open and pending orders reached the limit (MaxOrders).
0	08:34:51.171	EA31337 EURUSD,M1: OpenOrderIsAllowed(): Maximum open and pending orders reached the limit (MaxOrders).
0	08:34:51.618	EA31337 EURUSD,M1: OpenOrderIsAllowed(): Maximum open and pending orders reached the limit (MaxOrders).
0	08:34:51.618	EA31337 EURUSD,M1: OpenOrderIsAllowed(): Maximum open and pending orders reached the limit (MaxOrders).
0	08:35:06.873	EA31337 EURUSD,M1: OpenOrderIsAllowed(): Maximum open and pending orders reached the limit (MaxOrders).
0	08:35:06.913	EA31337 EURUSD,M1: OpenOrderIsAllowed(): Maximum open and pending orders reached the limit (MaxOrders).
0	08:35:29.550	EA31337 EURUSD,M1: OpenOrderIsAllowed(): Maximum open and pending orders reached the limit (MaxOrders).
0	08:35:29.590	EA31337 EURUSD,M1: OpenOrderIsAllowed(): Maximum open and pending orders reached the limit (MaxOrders).
0	08:35:29.590	EA31337 EURUSD,M1: OpenOrderIsAllowed(): Maximum open and pending orders reached the limit (MaxOrders).
0	08:35:29.590	EA31337 EURUSD,M1: OpenOrderIsAllowed(): Maximum open and pending orders reached the limit (MaxOrders).
0	08:35:29.590	EA31337 EURUSD,M1: OpenOrderIsAllowed(): Maximum open and pending orders reached the limit (MaxOrders).
0	08:35:29.590	EA31337 EURUSD,M1: OpenOrderIsAllowed(): Maximum open and pending orders reached the limit (MaxOrders).
0	08:35:29.590	EA31337 EURUSD,M1: OpenOrderIsAllowed(): Maximum open and pending orders reached the limit (MaxOrders).
0	08:35:29.590	EA31337 EURUSD,M1: OpenOrderIsAllowed(): Maximum open and pending orders reached the limit (MaxOrders).
0	08:36:55.166	EA31337 EURUSD,M1: OpenOrderIsAllowed(): Maximum open and pending orders reached the limit (MaxOrders).
0	08:48:15.728	EA31337 EURUSD,M1: OpenOrderIsAllowed(): Maximum open and pending orders reached the limit (MaxOrders).
2	08:53:59.426	EA31337 EURUSD,M1: modify #40752819 sell 0.01 EURUSD at 1.11520 sl: 1.11942 tp: 1.10986 ok
2	08:54:00.121	EA31337 EURUSD,M1: modify #40753332 sell 0.01 EURUSD at 1.11575 sl: 1.11995 tp: 1.10985 ok
2	08:54:00.526	EA31337 EURUSD,M1: modify #40753515 sell 0.01 EURUSD at 1.11475 sl: 1.11897 tp: 1.10985 ok
2	08:59:33.029	EA31337 EURUSD,M1: modify #40752819 sell 0.01 EURUSD at 1.11520 sl: 1.11942 tp: 1.10984 ok
2	08:59:33.520	EA31337 EURUSD,M1: modify #40753332 sell 0.01 EURUSD at 1.11575 sl: 1.11995 tp: 1.10984 ok
2	08:59:34.091	EA31337 EURUSD,M1: modify #40753515 sell 0.01 EURUSD at 1.11475 sl: 1.11897 tp: 1.10984 ok
0	09:00:21.257	EA31337 EURUSD,M1: == New hour: 9
2	09:08:20.416	EA31337 EURUSD,M1: modify #40752819 sell 0.01 EURUSD at 1.11520 sl: 1.11942 tp: 1.10972 ok
2	09:08:20.785	EA31337 EURUSD,M1: modify #40753332 sell 0.01 EURUSD at 1.11575 sl: 1.11995 tp: 1.10973 ok
2	09:08:21.394	EA31337 EURUSD,M1: modify #40753515 sell 0.01 EURUSD at 1.11475 sl: 1.11897 tp: 1.10973 ok
2	09:10:06.799	EA31337 EURUSD,M1: modify #40752819 sell 0.01 EURUSD at 1.11520 sl: 1.11942 tp: 1.10962 ok
2	09:10:07.326	EA31337 EURUSD,M1: modify #40753332 sell 0.01 EURUSD at 1.11575 sl: 1.11995 tp: 1.10962 ok
2	09:10:07.816	EA31337 EURUSD,M1: modify #40753515 sell 0.01 EURUSD at 1.11475 sl: 1.11897 tp: 1.10962 ok
2	09:28:58.075	EA31337 EURUSD,M1: modify #40752819 sell 0.01 EURUSD at 1.11520 sl: 1.11942 tp: 1.10934 ok
2	09:28:58.562	EA31337 EURUSD,M1: modify #40753332 sell 0.01 EURUSD at 1.11575 sl: 1.11995 tp: 1.10935 ok
2	09:29:04.155	EA31337 EURUSD,M1: modify #40753515 sell 0.01 EURUSD at 1.11475 sl: 1.11897 tp: 1.10934 ok
2	09:32:37.451	EA31337 EURUSD,M1: modify #40752819 sell 0.01 EURUSD at 1.11520 sl: 1.11942 tp: 1.10929 ok
2	09:32:38.007	EA31337 EURUSD,M1: modify #40753332 sell 0.01 EURUSD at 1.11575 sl: 1.11995 tp: 1.10929 ok
2	09:32:38.591	EA31337 EURUSD,M1: modify #40753515 sell 0.01 EURUSD at 1.11475 sl: 1.11897 tp: 1.10929 ok
2	09:57:00.256	EA31337 EURUSD,M1: modify #40752819 sell 0.01 EURUSD at 1.11520 sl: 1.11942 tp: 1.10917 ok
2	09:57:00.585	EA31337 EURUSD,M1: modify #40753332 sell 0.01 EURUSD at 1.11575 sl: 1.11995 tp: 1.10919 ok
2	09:57:01.071	EA31337 EURUSD,M1: modify #40753515 sell 0.01 EURUSD at 1.11475 sl: 1.11897 tp: 1.10919 ok
0	10:00:16.118	EA31337 EURUSD,M1: == New hour: 10
2	10:14:34.015	EA31337 EURUSD,M1: modify #40752819 sell 0.01 EURUSD at 1.11520 sl: 1.11942 tp: 1.10909 ok
2	10:14:34.588	EA31337 EURUSD,M1: modify #40753332 sell 0.01 EURUSD at 1.11575 sl: 1.11995 tp: 1.10910 ok
2	10:14:35.038	EA31337 EURUSD,M1: modify #40753515 sell 0.01 EURUSD at 1.11475 sl: 1.11897 tp: 1.10908 ok
2	10:44:46.872	EA31337 EURUSD,M1: modify #40752819 sell 0.01 EURUSD at 1.11520 sl: 1.11942 tp: 1.10892 ok
2	10:44:47.397	EA31337 EURUSD,M1: modify #40753332 sell 0.01 EURUSD at 1.11575 sl: 1.11995 tp: 1.10892 ok
2	10:44:47.722	EA31337 EURUSD,M1: modify #40753515 sell 0.01 EURUSD at 1.11475 sl: 1.11897 tp: 1.10892 ok
2	10:47:54.896	EA31337 EURUSD,M1: modify #40752819 sell 0.01 EURUSD at 1.11520 sl: 1.11942 tp: 1.10862 ok
2	10:47:55.180	EA31337 EURUSD,M1: modify #40753332 sell 0.01 EURUSD at 1.11575 sl: 1.11995 tp: 1.10862 ok
2	10:47:55.591	EA31337 EURUSD,M1: modify #40753515 sell 0.01 EURUSD at 1.11475 sl: 1.11897 tp: 1.10863 ok
0	11:00:16.003	EA31337 EURUSD,M1: == New hour: 11
0	11:21:23.658	EA31337 EURUSD,M1: OpenOrderIsAllowed(): Maximum open and pending orders reached the limit (MaxOrders).
0	11:42:33.545	EA31337 EURUSD,M1: OpenOrderIsAllowed(): Maximum open and pending orders reached the limit (MaxOrders).
0	12:01:04.757	EA31337 EURUSD,M1: == New hour: 12
2	12:31:42.512	EA31337 EURUSD,M1: modify #40752819 sell 0.01 EURUSD at 1.11520 sl: 1.11942 tp: 1.10682 ok
2	12:31:43.003	EA31337 EURUSD,M1: modify #40753332 sell 0.01 EURUSD at 1.11575 sl: 1.11995 tp: 1.10679 ok
0	12:32:08.349	EA31337 EURUSD,M1: OpenOrderIsAllowed(): Bands M1: Maximum open and pending orders per type reached the limit (MaxOrdersPerType).
0	12:32:08.389	EA31337 EURUSD,M1: ExecuteOrder(): MarketInfo: Symbol: EURUSD; Ask: 1.11091; Bid: 1.11070; Spread: 21 points = 2.1 pips; 
2	12:32:09.209	EA31337 EURUSD,M1: open #40760132 buy 0.01 EURUSD at 1.11123 sl: 1.10670 tp: 1.11531 ok
0	12:32:09.209	EA31337 EURUSD,M1: #40760132 2015.09.04 12:31:58 buy 0.01 EURUSD 1.11123 1.10670 1.11531 1.11106 0.00 0.00 -0.17 | spread: 2.3 31362
0	12:32:09.209	EA31337 EURUSD,M1: ExecuteOrder(): Order Details: Ticket: 40760132; Time: 2015.09.04 12:31:38; Comment: | spread: 2.3; Commision: 0; Symbol: EURUSD; Type: Buy; Expiration: 0; Open Price: 1.11123; Close Price: 1.11106; Take Profit: -0.17; Stop Loss: 1.1067; Swap: 0; Lot size: 0.01; Account Details: Time: 2015.09.04 12:31:38; Account Balance: $3158.53; Account Equity: $3420.42; Used Margin: $240.00; Free Margin: $3180.42; No of Orders: 24 (BUY/SELL: 5/19); Risk Ratio: 1.0
0	12:32:09.375	EA31337 EURUSD,M1: OpenOrderIsAllowed(): Envelopes M1: Maximum open and pending orders per type reached the limit (MaxOrdersPerType).
0	12:32:48.007	EA31337 EURUSD,M1: OpenOrderIsAllowed(): MACD M5: Maximum open and pending orders per type reached the limit (MaxOrdersPerType).
2	12:32:49.476	EA31337 EURUSD,M1: modify #40752819 sell 0.01 EURUSD at 1.11520 sl: 1.11942 tp: 1.10525 ok
2	12:32:50.125	EA31337 EURUSD,M1: modify #40753332 sell 0.01 EURUSD at 1.11575 sl: 1.11995 tp: 1.10522 ok
2	12:36:01.705	EA31337 EURUSD,M1: modify #40752819 sell 0.01 EURUSD at 1.11520 sl: 1.11942 tp: 1.10504 ok
2	12:36:02.233	EA31337 EURUSD,M1: modify #40753332 sell 0.01 EURUSD at 1.11575 sl: 1.11995 tp: 1.10507 ok
0	12:36:08.757	EA31337 EURUSD,M1: OpenOrderIsAllowed(): Envelopes M1: Maximum open and pending orders per type reached the limit (MaxOrdersPerType).
0	12:36:56.424	EA31337 EURUSD,M1: ExecuteOrder(): MarketInfo: Symbol: EURUSD; Ask: 1.11000; Bid: 1.10978; Spread: 22 points = 2.2 pips; 
2	12:36:56.830	EA31337 EURUSD,M1: open #40761052 buy 0.01 EURUSD at 1.11002 sl: 1.10578 tp: 1.11440 ok
0	12:36:56.830	EA31337 EURUSD,M1: #40761052 2015.09.04 12:36:46 buy 0.01 EURUSD 1.11002 1.10578 1.11440 1.10982 0.00 0.00 -0.20 | spread: 1.8 31429
0	12:36:56.830	EA31337 EURUSD,M1: ExecuteOrder(): Order Details: Ticket: 40761052; Time: 2015.09.04 12:36:26; Comment: | spread: 1.8; Commision: 0; Symbol: EURUSD; Type: Buy; Expiration: 0; Open Price: 1.11002; Close Price: 1.10982; Take Profit: -0.2; Stop Loss: 1.1058; Swap: 0; Lot size: 0.01; Account Details: Time: 2015.09.04 12:36:26; Account Balance: $3158.53; Account Equity: $3437.96; Used Margin: $250.00; Free Margin: $3187.96; No of Orders: 25 (BUY/SELL: 6/19); Risk Ratio: 1.0
0	12:37:44.930	EA31337 EURUSD,M1: OpenOrderIsAllowed(): MACD M15: Maximum open and pending orders per type reached the limit (MaxOrdersPerType).
2	12:37:57.033	EA31337 EURUSD,M1: modify #40760132 buy 0.01 EURUSD at 1.11123 sl: 1.10670 tp: 1.11552 ok
2	12:37:57.439	EA31337 EURUSD,M1: modify #40761052 buy 0.01 EURUSD at 1.11002 sl: 1.10578 tp: 1.11551 ok
0	12:39:20.777	EA31337 EURUSD,M1: OpenOrderIsAllowed(): MACD M15: Maximum open and pending orders per type reached the limit (MaxOrdersPerType).
2	12:39:22.116	EA31337 EURUSD,M1: modify #40760132 buy 0.01 EURUSD at 1.11123 sl: 1.10670 tp: 1.11643 ok
2	12:39:22.566	EA31337 EURUSD,M1: modify #40761052 buy 0.01 EURUSD at 1.11002 sl: 1.10578 tp: 1.11644 ok
0	12:40:09.813	EA31337 EURUSD,M1: OpenOrderIsAllowed(): Envelopes M1: Maximum open and pending orders per type reached the limit (MaxOrdersPerType).
0	12:40:56.725	EA31337 EURUSD,M1: OpenOrderIsAllowed(): MACD M1: Maximum open and pending orders per type reached the limit (MaxOrdersPerType).
0	12:40:56.725	EA31337 EURUSD,M1: OpenOrderIsAllowed(): MACD M15: Maximum open and pending orders per type reached the limit (MaxOrdersPerType).
0	12:42:26.888	EA31337 EURUSD,M1: OpenOrderIsAllowed(): MACD M1: Maximum open and pending orders per type reached the limit (MaxOrdersPerType).
0	12:43:16.135	EA31337 EURUSD,M1: OpenOrderIsAllowed(): Envelopes M1: Maximum open and pending orders per type reached the limit (MaxOrdersPerType).
0	12:43:16.135	EA31337 EURUSD,M1: ExecuteOrder(): MarketInfo: Symbol: EURUSD; Ask: 1.11114; Bid: 1.11093; Spread: 21 points = 2.1 pips; 
2	12:43:16.820	EA31337 EURUSD,M1: open #40761863 buy 0.01 EURUSD at 1.11114 sl: 1.10693 tp: 1.11554 ok
0	12:43:16.820	EA31337 EURUSD,M1: #40761863 2015.09.04 12:43:06 buy 0.01 EURUSD 1.11114 1.10693 1.11554 1.11090 0.00 0.00 -0.24 | spread: 1.8 31386
0	12:43:16.820	EA31337 EURUSD,M1: ExecuteOrder(): Order Details: Ticket: 40761863; Time: 2015.09.04 12:43:00; Comment: | spread: 1.8; Commision: 0; Symbol: EURUSD; Type: Buy; Expiration: 0; Open Price: 1.11114; Close Price: 1.11090; Take Profit: -0.24; Stop Loss: 1.1069; Swap: 0; Lot size: 0.01; Account Details: Time: 2015.09.04 12:43:00; Account Balance: $3158.53; Account Equity: $3423.30; Used Margin: $260.00; Free Margin: $3163.30; No of Orders: 26 (BUY/SELL: 7/19); Risk Ratio: 1.0
0	12:43:53.450	EA31337 EURUSD,M1: OpenOrderIsAllowed(): MACD M1: Maximum open and pending orders per type reached the limit (MaxOrdersPerType).
0	12:45:30.917	EA31337 EURUSD,M1: OpenOrderIsAllowed(): Envelopes M1: Maximum open and pending orders per type reached the limit (MaxOrdersPerType).
0	12:45:30.917	EA31337 EURUSD,M1: OpenOrderIsAllowed(): Envelopes M5: Maximum open and pending orders per type reached the limit (MaxOrdersPerType).
0	12:45:31.692	EA31337 EURUSD,M1: OpenOrderIsAllowed(): MACD M1: Maximum open and pending orders per type reached the limit (MaxOrdersPerType).
0	12:45:47.925	EA31337 EURUSD,M1: OpenOrderIsAllowed(): MACD M1: Maximum open and pending orders per type reached the limit (MaxOrdersPerType).
0	12:46:27.377	EA31337 EURUSD,M1: OpenOrderIsAllowed(): MACD M1: Maximum open and pending orders per type reached the limit (MaxOrdersPerType).
0	12:47:21.664	EA31337 EURUSD,M1: OpenOrderIsAllowed(): Envelopes M1: Maximum open and pending orders per type reached the limit (MaxOrdersPerType).
0	12:47:22.115	EA31337 EURUSD,M1: OpenOrderIsAllowed(): Envelopes M5: Maximum open and pending orders per type reached the limit (MaxOrdersPerType).
0	12:47:22.155	EA31337 EURUSD,M1: OpenOrderIsAllowed(): Fractals M1: Maximum open and pending orders per type reached the limit (MaxOrdersPerType).
0	12:47:41.778	EA31337 EURUSD,M1: OpenOrderIsAllowed(): MACD M1: Maximum open and pending orders per type reached the limit (MaxOrdersPerType).
0	12:48:35.934	EA31337 EURUSD,M1: ExecuteOrder(): MarketInfo: Symbol: EURUSD; Ask: 1.11013; Bid: 1.10994; Spread: 19 points = 1.9 pips; 
2	12:48:36.502	EA31337 EURUSD,M1: open #40762309 buy 0.01 EURUSD at 1.11016 sl: 1.10594 tp: 1.11636 ok
0	12:48:36.502	EA31337 EURUSD,M1: #40762309 2015.09.04 12:48:25 buy 0.01 EURUSD 1.11016 1.10594 1.11636 1.10995 0.00 0.00 -0.21 | spread: 2.2 31350
0	12:48:36.502	EA31337 EURUSD,M1: ExecuteOrder(): Order Details: Ticket: 40762309; Time: 2015.09.04 12:48:15; Comment: | spread: 2.2; Commision: 0; Symbol: EURUSD; Type: Buy; Expiration: 0; Open Price: 1.11016; Close Price: 1.10995; Take Profit: -0.21; Stop Loss: 1.1059; Swap: 0; Lot size: 0.01; Account Details: Time: 2015.09.04 12:48:15; Account Balance: $3158.53; Account Equity: $3434.68; Used Margin: $270.00; Free Margin: $3164.68; No of Orders: 27 (BUY/SELL: 8/19); Risk Ratio: 1.0
0	12:48:44.165	EA31337 EURUSD,M1: OpenOrderIsAllowed(): Envelopes M1: Maximum open and pending orders per type reached the limit (MaxOrdersPerType).
0	12:48:44.165	EA31337 EURUSD,M1: OpenOrderIsAllowed(): Envelopes M5: Maximum open and pending orders per type reached the limit (MaxOrdersPerType).
0	12:49:40.970	EA31337 EURUSD,M1: OpenOrderIsAllowed(): MACD M1: Maximum open and pending orders per type reached the limit (MaxOrdersPerType).
2	12:50:20.646	EA31337 EURUSD,M1: modify #40761863 buy 0.01 EURUSD at 1.11114 sl: 1.10693 tp: 1.11626 ok
2	12:50:21.423	EA31337 EURUSD,M1: modify #40762309 buy 0.01 EURUSD at 1.11016 sl: 1.10594 tp: 1.11638 ok
0	12:50:33.829	EA31337 EURUSD,M1: OpenOrderIsAllowed(): MACD M1: Maximum open and pending orders per type reached the limit (MaxOrdersPerType).
0	12:51:30.110	EA31337 EURUSD,M1: OpenOrderIsAllowed(): MACD M1: Maximum open and pending orders per type reached the limit (MaxOrdersPerType).
0	12:51:48.945	EA31337 EURUSD,M1: OpenOrderIsAllowed(): SAR M1: Maximum open and pending orders per type reached the limit (MaxOrdersPerType).
0	12:51:49.270	EA31337 EURUSD,M1: OpenOrderIsAllowed(): Bands M1: Maximum open and pending orders per type reached the limit (MaxOrdersPerType).
0	12:51:49.270	EA31337 EURUSD,M1: OpenOrderIsAllowed(): Envelopes M1: Maximum open and pending orders per type reached the limit (MaxOrdersPerType).
2	12:51:49.720	EA31337 EURUSD,M1: modify #40760132 buy 0.01 EURUSD at 1.11123 sl: 1.10670 tp: 1.11674 ok
2	12:51:50.129	EA31337 EURUSD,M1: modify #40761052 buy 0.01 EURUSD at 1.11002 sl: 1.10578 tp: 1.11673 ok
2	12:51:50.575	EA31337 EURUSD,M1: modify #40761863 buy 0.01 EURUSD at 1.11114 sl: 1.10693 tp: 1.11673 ok
0	12:52:55.246	EA31337 EURUSD,M1: OpenOrderIsAllowed(): MACD M1: Maximum open and pending orders per type reached the limit (MaxOrdersPerType).
0	12:53:02.175	EA31337 EURUSD,M1: OpenOrderIsAllowed(): SAR M1: Maximum open and pending orders per type reached the limit (MaxOrdersPerType).
2	12:53:03.031	EA31337 EURUSD,M1: modify #40760132 buy 0.01 EURUSD at 1.11123 sl: 1.10670 tp: 1.11840 ok
2	12:53:03.436	EA31337 EURUSD,M1: modify #40761052 buy 0.01 EURUSD at 1.11002 sl: 1.10578 tp: 1.11840 ok
2	12:53:03.805	EA31337 EURUSD,M1: modify #40761863 buy 0.01 EURUSD at 1.11114 sl: 1.10693 tp: 1.11840 ok
0	12:54:14.521	EA31337 EURUSD,M1: ExecuteOrder(): MarketInfo: Symbol: EURUSD; Ask: 1.11414; Bid: 1.11391; Spread: 23 points = 2.3 pips; 
2	12:54:14.890	EA31337 EURUSD,M1: open #40763454 buy 0.01 EURUSD at 1.11414 sl: 1.10991 tp: 1.11992 ok
0	12:54:14.890	EA31337 EURUSD,M1: #40763454 2015.09.04 12:54:04 buy 0.01 EURUSD 1.11414 1.10991 1.11992 1.11391 0.00 0.00 -0.23 | spread: 2.2 31405
0	12:54:14.891	EA31337 EURUSD,M1: ExecuteOrder(): Order Details: Ticket: 40763454; Time: 2015.09.04 12:53:00; Comment: | spread: 2.2; Commision: 0; Symbol: EURUSD; Type: Buy; Expiration: 0; Open Price: 1.11414; Close Price: 1.11391; Take Profit: -0.23; Stop Loss: 1.1099; Swap: 0; Lot size: 0.01; Account Details: Time: 2015.09.04 12:53:00; Account Balance: $3158.53; Account Equity: $3390.70; Used Margin: $280.00; Free Margin: $3110.70; No of Orders: 28 (BUY/SELL: 9/19); Risk Ratio: 1.0
0	12:54:14.891	EA31337 EURUSD,M1: OpenOrderIsAllowed(): MACD M1: Maximum open and pending orders per type reached the limit (MaxOrdersPerType).
0	12:54:44.534	EA31337 EURUSD,M1: OpenOrderIsAllowed(): SAR M1: Maximum open and pending orders per type reached the limit (MaxOrdersPerType).
0	12:54:44.660	EA31337 EURUSD,M1: OpenOrderIsAllowed(): MACD M1: Maximum open and pending orders per type reached the limit (MaxOrdersPerType).
0	12:54:44.660	EA31337 EURUSD,M1: OpenOrderIsAllowed(): SAR M1: Maximum open and pending orders per type reached the limit (MaxOrdersPerType).
2	12:54:45.309	EA31337 EURUSD,M1: modify #40760132 buy 0.01 EURUSD at 1.11123 sl: 1.10670 tp: 1.11885 ok
2	12:54:45.800	EA31337 EURUSD,M1: modify #40761052 buy 0.01 EURUSD at 1.11002 sl: 1.10578 tp: 1.11882 ok
2	12:54:46.454	EA31337 EURUSD,M1: modify #40761863 buy 0.01 EURUSD at 1.11114 sl: 1.10693 tp: 1.11883 ok
0	12:55:02.364	EA31337 EURUSD,M1: OpenOrderIsAllowed(): MACD M1: Maximum open and pending orders per type reached the limit (MaxOrdersPerType).
0	12:55:18.144	EA31337 EURUSD,M1: OpenOrderIsAllowed(): Bands M1: Maximum open and pending orders per type reached the limit (MaxOrdersPerType).
0	12:55:18.144	EA31337 EURUSD,M1: OpenOrderIsAllowed(): Fractals M1: Maximum open and pending orders per type reached the limit (MaxOrdersPerType).
0	12:55:18.144	EA31337 EURUSD,M1: OpenOrderIsAllowed(): Envelopes M1: Maximum open and pending orders per type reached the limit (MaxOrdersPerType).
0	12:55:18.144	EA31337 EURUSD,M1: OpenOrderIsAllowed(): SAR M1: Maximum open and pending orders per type reached the limit (MaxOrdersPerType).
0	12:55:33.817	EA31337 EURUSD,M1: OpenOrderIsAllowed(): Envelopes M1: Maximum open and pending orders per type reached the limit (MaxOrdersPerType).
0	12:56:03.820	EA31337 EURUSD,M1: OpenOrderIsAllowed(): MACD M5: Maximum open and pending orders per type reached the limit (MaxOrdersPerType).
0	12:56:03.820	EA31337 EURUSD,M1: OpenOrderIsAllowed(): MACD M15: Maximum open and pending orders per type reached the limit (MaxOrdersPerType).
0	12:56:09.744	EA31337 EURUSD,M1: OpenOrderIsAllowed(): Bands M1: Maximum open and pending orders per type reached the limit (MaxOrdersPerType).
0	12:56:09.744	EA31337 EURUSD,M1: OpenOrderIsAllowed(): Fractals M1: Maximum open and pending orders per type reached the limit (MaxOrdersPerType).
0	12:56:09.744	EA31337 EURUSD,M1: OpenOrderIsAllowed(): Envelopes M1: Maximum open and pending orders per type reached the limit (MaxOrdersPerType).
0	12:56:09.744	EA31337 EURUSD,M1: OpenOrderIsAllowed(): SAR M1: Maximum open and pending orders per type reached the limit (MaxOrdersPerType).
0	12:56:18.364	EA31337 EURUSD,M1: OpenOrderIsAllowed(): Envelopes M1: Maximum open and pending orders per type reached the limit (MaxOrdersPerType).
0	12:56:18.445	EA31337 EURUSD,M1: OpenOrderIsAllowed(): Fractals M1: Maximum open and pending orders per type reached the limit (MaxOrdersPerType).
0	12:56:24.197	EA31337 EURUSD,M1: OpenOrderIsAllowed(): MACD M5: Maximum open and pending orders per type reached the limit (MaxOrdersPerType).
0	12:56:24.197	EA31337 EURUSD,M1: OpenOrderIsAllowed(): MACD M15: Maximum open and pending orders per type reached the limit (MaxOrdersPerType).
0	12:56:30.079	EA31337 EURUSD,M1: OpenOrderIsAllowed(): Bands M1: Maximum open and pending orders per type reached the limit (MaxOrdersPerType).
0	12:56:30.079	EA31337 EURUSD,M1: OpenOrderIsAllowed(): Fractals M1: Maximum open and pending orders per type reached the limit (MaxOrdersPerType).
0	12:56:30.079	EA31337 EURUSD,M1: OpenOrderIsAllowed(): Envelopes M1: Maximum open and pending orders per type reached the limit (MaxOrdersPerType).
0	12:57:27.221	EA31337 EURUSD,M1: OpenOrderIsAllowed(): Envelopes M1: Maximum open and pending orders per type reached the limit (MaxOrdersPerType).
0	12:57:27.673	EA31337 EURUSD,M1: OpenOrderIsAllowed(): MACD M5: Maximum open and pending orders per type reached the limit (MaxOrdersPerType).
0	12:57:27.673	EA31337 EURUSD,M1: OpenOrderIsAllowed(): MACD M15: Maximum open and pending orders per type reached the limit (MaxOrdersPerType).
0	12:58:09.234	EA31337 EURUSD,M1: OpenOrderIsAllowed(): Bands M1: Maximum open and pending orders per type reached the limit (MaxOrdersPerType).
0	12:58:09.234	EA31337 EURUSD,M1: OpenOrderIsAllowed(): Fractals M1: Maximum open and pending orders per type reached the limit (MaxOrdersPerType).
0	12:58:09.234	EA31337 EURUSD,M1: OpenOrderIsAllowed(): Envelopes M1: Maximum open and pending orders per type reached the limit (MaxOrdersPerType).
0	12:58:21.472	EA31337 EURUSD,M1: OpenOrderIsAllowed(): Envelopes M1: Maximum open and pending orders per type reached the limit (MaxOrdersPerType).
0	12:58:21.923	EA31337 EURUSD,M1: OpenOrderIsAllowed(): MACD M5: Maximum open and pending orders per type reached the limit (MaxOrdersPerType).
0	12:58:21.923	EA31337 EURUSD,M1: OpenOrderIsAllowed(): MACD M15: Maximum open and pending orders per type reached the limit (MaxOrdersPerType).
0	12:58:27.677	EA31337 EURUSD,M1: OpenOrderIsAllowed(): Bands M1: Maximum open and pending orders per type reached the limit (MaxOrdersPerType).
0	12:58:27.677	EA31337 EURUSD,M1: OpenOrderIsAllowed(): Fractals M1: Maximum open and pending orders per type reached the limit (MaxOrdersPerType).
0	12:58:27.677	EA31337 EURUSD,M1: OpenOrderIsAllowed(): Envelopes M1: Maximum open and pending orders per type reached the limit (MaxOrdersPerType).
0	12:59:45.276	EA31337 EURUSD,M1: OpenOrderIsAllowed(): MACD M5: Maximum open and pending orders per type reached the limit (MaxOrdersPerType).
0	12:59:45.276	EA31337 EURUSD,M1: OpenOrderIsAllowed(): MACD M15: Maximum open and pending orders per type reached the limit (MaxOrdersPerType).
0	13:00:33.650	EA31337 EURUSD,M1: OpenOrderIsAllowed(): SAR M1: Maximum open and pending orders per type reached the limit (MaxOrdersPerType).
0	13:00:33.813	EA31337 EURUSD,M1: OpenOrderIsAllowed(): Bands M1: Maximum open and pending orders per type reached the limit (MaxOrdersPerType).
0	13:00:33.813	EA31337 EURUSD,M1: OpenOrderIsAllowed(): Fractals M1: Maximum open and pending orders per type reached the limit (MaxOrdersPerType).
0	13:00:33.813	EA31337 EURUSD,M1: OpenOrderIsAllowed(): Envelopes M1: Maximum open and pending orders per type reached the limit (MaxOrdersPerType).
0	13:00:39.444	EA31337 EURUSD,M1: == New hour: 13
0	13:00:44.303	EA31337 EURUSD,M1: ExecuteOrder(): MarketInfo: Symbol: EURUSD; Ask: 1.11282; Bid: 1.11260; Spread: 22 points = 2.2 pips; 
2	13:00:45.440	EA31337 EURUSD,M1: open #40764184 buy 0.01 EURUSD at 1.11282 sl: 1.10860 tp: 1.11523 ok
0	13:00:45.440	EA31337 EURUSD,M1: #40764184 2015.09.04 13:00:34 buy 0.01 EURUSD 1.11282 1.10860 1.11523 1.11262 0.00 0.00 -0.20 | spread: 2.0 31349
0	13:00:45.440	EA31337 EURUSD,M1: ExecuteOrder(): Order Details: Ticket: 40764184; Time: 2015.09.04 13:00:28; Comment: | spread: 2.0; Commision: 0; Symbol: EURUSD; Type: Buy; Expiration: 0; Open Price: 1.11282; Close Price: 1.11262; Take Profit: -0.2; Stop Loss: 1.1086; Swap: 0; Lot size: 0.01; Account Details: Time: 2015.09.04 13:00:28; Account Balance: $3158.53; Account Equity: $3403.78; Used Margin: $290.00; Free Margin: $3113.78; No of Orders: 29 (BUY/SELL: 10/19); Risk Ratio: 1.0
0	13:01:33.603	EA31337 EURUSD,M1: OpenOrderIsAllowed(): MACD M1: Maximum open and pending orders per type reached the limit (MaxOrdersPerType).
0	13:02:05.967	EA31337 EURUSD,M1: OpenOrderIsAllowed(): SAR M1: Maximum open and pending orders per type reached the limit (MaxOrdersPerType).
0	13:02:10.862	EA31337 EURUSD,M1: OpenOrderIsAllowed(): Bands M1: Maximum open and pending orders per type reached the limit (MaxOrdersPerType).
0	13:02:10.906	EA31337 EURUSD,M1: OpenOrderIsAllowed(): Fractals M1: Maximum open and pending orders per type reached the limit (MaxOrdersPerType).
0	13:02:10.906	EA31337 EURUSD,M1: OpenOrderIsAllowed(): Envelopes M1: Maximum open and pending orders per type reached the limit (MaxOrdersPerType).
0	13:02:56.560	EA31337 EURUSD,M1: OpenOrderIsAllowed(): MACD M1: Maximum open and pending orders per type reached the limit (MaxOrdersPerType).
0	13:03:16.207	EA31337 EURUSD,M1: OpenOrderIsAllowed(): SAR M1: Maximum open and pending orders per type reached the limit (MaxOrdersPerType).
0	13:03:16.369	EA31337 EURUSD,M1: OpenOrderIsAllowed(): Bands M1: Maximum open and pending orders per type reached the limit (MaxOrdersPerType).
0	13:03:16.369	EA31337 EURUSD,M1: OpenOrderIsAllowed(): Fractals M1: Maximum open and pending orders per type reached the limit (MaxOrdersPerType).
0	13:03:16.369	EA31337 EURUSD,M1: OpenOrderIsAllowed(): Envelopes M1: Maximum open and pending orders per type reached the limit (MaxOrdersPerType).
2	13:03:16.937	EA31337 EURUSD,M1: modify #40764184 buy 0.01 EURUSD at 1.11282 sl: 1.10860 tp: 1.11525 ok
0	13:03:43.628	EA31337 EURUSD,M1: OpenOrderIsAllowed(): MACD M1: Maximum open and pending orders per type reached the limit (MaxOrdersPerType).
0	13:04:47.423	EA31337 EURUSD,M1: OpenOrderIsAllowed(): SAR M1: Maximum open and pending orders per type reached the limit (MaxOrdersPerType).
0	13:04:47.544	EA31337 EURUSD,M1: OpenOrderIsAllowed(): Bands M1: Maximum open and pending orders per type reached the limit (MaxOrdersPerType).
0	13:04:47.544	EA31337 EURUSD,M1: OpenOrderIsAllowed(): Fractals M1: Maximum open and pending orders per type reached the limit (MaxOrdersPerType).
0	13:04:47.544	EA31337 EURUSD,M1: OpenOrderIsAllowed(): Envelopes M1: Maximum open and pending orders per type reached the limit (MaxOrdersPerType).
2	13:04:48.767	EA31337 EURUSD,M1: modify #40764184 buy 0.01 EURUSD at 1.11282 sl: 1.10860 tp: 1.11528 ok
0	13:05:24.034	EA31337 EURUSD,M1: OpenOrderIsAllowed(): MACD M1: Maximum open and pending orders per type reached the limit (MaxOrdersPerType).
0	13:05:24.034	EA31337 EURUSD,M1: OpenOrderIsAllowed(): MACD M5: Maximum open and pending orders per type reached the limit (MaxOrdersPerType).
0	13:05:46.909	EA31337 EURUSD,M1: OpenOrderIsAllowed(): MACD M1: Maximum open and pending orders per type reached the limit (MaxOrdersPerType).
0	13:05:46.909	EA31337 EURUSD,M1: OpenOrderIsAllowed(): MACD M5: Maximum open and pending orders per type reached the limit (MaxOrdersPerType).
2	13:05:52.821	EA31337 EURUSD,M1: modify #40764184 buy 0.01 EURUSD at 1.11282 sl: 1.10860 tp: 1.11537 ok
0	13:07:51.226	EA31337 EURUSD,M1: ExecuteOrder(): MarketInfo: Symbol: EURUSD; Ask: 1.11305; Bid: 1.11283; Spread: 22 points = 2.2 pips; 
2	13:07:51.917	EA31337 EURUSD,M1: open #40764769 buy 0.01 EURUSD at 1.11302 sl: 1.10883 tp: 1.11745 ok
0	13:07:51.917	EA31337 EURUSD,M1: #40764769 2015.09.04 13:07:41 buy 0.01 EURUSD 1.11302 1.10883 1.11745 1.11279 0.00 0.00 -0.23 | spread: 1.9 31395
0	13:07:51.917	EA31337 EURUSD,M1: ExecuteOrder(): Order Details: Ticket: 40764769; Time: 2015.09.04 13:07:02; Comment: | spread: 1.9; Commision: 0; Symbol: EURUSD; Type: Buy; Expiration: 0; Open Price: 1.11302; Close Price: 1.11279; Take Profit: -0.23; Stop Loss: 1.1088; Swap: 0; Lot size: 0.01; Account Details: Time: 2015.09.04 13:07:02; Account Balance: $3158.53; Account Equity: $3401.45; Used Margin: $300.00; Free Margin: $3101.45; No of Orders: 30 (BUY/SELL: 11/19); Risk Ratio: 1.0
0	13:08:32.095	EA31337 EURUSD,M1: OpenOrderIsAllowed(): Maximum open and pending orders reached the limit (MaxOrders).
0	13:08:32.095	EA31337 EURUSD,M1: OpenOrderIsAllowed(): Maximum open and pending orders reached the limit (MaxOrders).
2	13:08:33.236	EA31337 EURUSD,M1: modify #40764184 buy 0.01 EURUSD at 1.11282 sl: 1.10860 tp: 1.11557 ok
0	13:08:38.355	EA31337 EURUSD,M1: OpenOrderIsAllowed(): Maximum open and pending orders reached the limit (MaxOrders).
0	13:08:38.586	EA31337 EURUSD,M1: OpenOrderIsAllowed(): Maximum open and pending orders reached the limit (MaxOrders).
0	13:09:20.972	EA31337 EURUSD,M1: OpenOrderIsAllowed(): Maximum open and pending orders reached the limit (MaxOrders).
0	13:09:21.528	EA31337 EURUSD,M1: OpenOrderIsAllowed(): Maximum open and pending orders reached the limit (MaxOrders).
0	13:09:21.528	EA31337 EURUSD,M1: OpenOrderIsAllowed(): Maximum open and pending orders reached the limit (MaxOrders).
2	13:09:38.239	EA31337 EURUSD,M1: modify #40764769 buy 0.01 EURUSD at 1.11302 sl: 1.10883 tp: 1.11750 ok
0	13:10:20.423	EA31337 EURUSD,M1: OpenOrderIsAllowed(): Maximum open and pending orders reached the limit (MaxOrders).
0	13:11:06.349	EA31337 EURUSD,M1: OpenOrderIsAllowed(): Maximum open and pending orders reached the limit (MaxOrders).
0	13:11:06.349	EA31337 EURUSD,M1: OpenOrderIsAllowed(): Maximum open and pending orders reached the limit (MaxOrders).
0	13:11:22.885	EA31337 EURUSD,M1: OpenOrderIsAllowed(): Maximum open and pending orders reached the limit (MaxOrders).
0	13:11:56.075	EA31337 EURUSD,M1: OpenOrderIsAllowed(): Maximum open and pending orders reached the limit (MaxOrders).
0	13:13:25.409	EA31337 EURUSD,M1: OpenOrderIsAllowed(): Maximum open and pending orders reached the limit (MaxOrders).
0	14:01:04.974	EA31337 EURUSD,M1: == New hour: 14
0	14:24:11.864	EA31337 EURUSD,M1: ExecuteOrder(): MarketInfo: Symbol: EURUSD; Ask: 1.11013; Bid: 1.10994; Spread: 19 points = 1.9 pips; 
2	14:24:22.389	EA31337 EURUSD,M1: open #40767312 sell 0.01 EURUSD at 1.11002 sl: 1.11413 tp: 1.10943 ok
0	14:24:22.389	EA31337 EURUSD,M1: #40767312 2015.09.04 14:24:11 sell 0.01 EURUSD 1.11002 1.11413 1.10943 1.11024 0.00 0.00 -0.22 | spread: 1.7 31349
0	14:24:22.389	EA31337 EURUSD,M1: ExecuteOrder(): Order Details: Ticket: 40767312; Time: 2015.09.04 14:23:51; Comment: | spread: 1.7; Commision: 0; Symbol: EURUSD; Type: Sell; Expiration: 0; Open Price: 1.11002; Close Price: 1.11024; Take Profit: -0.22; Stop Loss: 1.1141; Swap: 0; Lot size: 0.01; Account Details: Time: 2015.09.04 14:23:51; Account Balance: $3154.30; Account Equity: $3423.77; Used Margin: $300.00; Free Margin: $3123.77; No of Orders: 30 (BUY/SELL: 10/20); Risk Ratio: 1.1
0	14:24:22.389	EA31337 EURUSD,M1: OpenOrderIsAllowed(): Maximum open and pending orders reached the limit (MaxOrders).
0	14:24:27.489	EA31337 EURUSD,M1: OpenOrderIsAllowed(): Maximum open and pending orders reached the limit (MaxOrders).
0	14:24:27.733	EA31337 EURUSD,M1: OpenOrderIsAllowed(): Maximum open and pending orders reached the limit (MaxOrders).
0	14:24:27.733	EA31337 EURUSD,M1: OpenOrderIsAllowed(): Maximum open and pending orders reached the limit (MaxOrders).
0	14:24:33.808	EA31337 EURUSD,M1: OpenOrderIsAllowed(): Maximum open and pending orders reached the limit (MaxOrders).
0	14:24:33.808	EA31337 EURUSD,M1: OpenOrderIsAllowed(): Maximum open and pending orders reached the limit (MaxOrders).
0	14:24:33.808	EA31337 EURUSD,M1: OpenOrderIsAllowed(): Maximum open and pending orders reached the limit (MaxOrders).
0	14:25:11.939	EA31337 EURUSD,M1: OpenOrderIsAllowed(): Maximum open and pending orders reached the limit (MaxOrders).
0	14:25:11.939	EA31337 EURUSD,M1: OpenOrderIsAllowed(): Maximum open and pending orders reached the limit (MaxOrders).
0	14:25:11.939	EA31337 EURUSD,M1: OpenOrderIsAllowed(): Maximum open and pending orders reached the limit (MaxOrders).
0	14:25:11.939	EA31337 EURUSD,M1: OpenOrderIsAllowed(): Maximum open and pending orders reached the limit (MaxOrders).
2	14:25:27.350	EA31337 EURUSD,M1: modify #40767312 sell 0.01 EURUSD at 1.11002 sl: 1.11413 tp: 1.10942 ok
0	14:25:37.271	EA31337 EURUSD,M1: OpenOrderIsAllowed(): Maximum open and pending orders reached the limit (MaxOrders).
0	14:25:37.335	EA31337 EURUSD,M1: OpenOrderIsAllowed(): Maximum open and pending orders reached the limit (MaxOrders).
0	14:25:37.335	EA31337 EURUSD,M1: OpenOrderIsAllowed(): Maximum open and pending orders reached the limit (MaxOrders).
0	14:25:37.335	EA31337 EURUSD,M1: OpenOrderIsAllowed(): Maximum open and pending orders reached the limit (MaxOrders).
0	14:26:16.790	EA31337 EURUSD,M1: OpenOrderIsAllowed(): Maximum open and pending orders reached the limit (MaxOrders).
0	14:26:16.790	EA31337 EURUSD,M1: OpenOrderIsAllowed(): Maximum open and pending orders reached the limit (MaxOrders).
0	14:26:16.790	EA31337 EURUSD,M1: OpenOrderIsAllowed(): Maximum open and pending orders reached the limit (MaxOrders).
0	14:26:32.678	EA31337 EURUSD,M1: OpenOrderIsAllowed(): Maximum open and pending orders reached the limit (MaxOrders).
0	14:26:32.678	EA31337 EURUSD,M1: OpenOrderIsAllowed(): Maximum open and pending orders reached the limit (MaxOrders).
0	14:26:32.678	EA31337 EURUSD,M1: OpenOrderIsAllowed(): Maximum open and pending orders reached the limit (MaxOrders).
0	14:26:32.678	EA31337 EURUSD,M1: OpenOrderIsAllowed(): Maximum open and pending orders reached the limit (MaxOrders).
2	14:26:33.198	EA31337 EURUSD,M1: modify #40767312 sell 0.01 EURUSD at 1.11002 sl: 1.11413 tp: 1.10938 ok
0	14:26:53.982	EA31337 EURUSD,M1: OpenOrderIsAllowed(): Maximum open and pending orders reached the limit (MaxOrders).
0	14:27:11.993	EA31337 EURUSD,M1: OpenOrderIsAllowed(): Maximum open and pending orders reached the limit (MaxOrders).
0	14:27:11.993	EA31337 EURUSD,M1: OpenOrderIsAllowed(): Maximum open and pending orders reached the limit (MaxOrders).
0	14:27:17.243	EA31337 EURUSD,M1: OpenOrderIsAllowed(): Maximum open and pending orders reached the limit (MaxOrders).
0	14:27:17.243	EA31337 EURUSD,M1: OpenOrderIsAllowed(): Maximum open and pending orders reached the limit (MaxOrders).
0	14:27:17.243	EA31337 EURUSD,M1: OpenOrderIsAllowed(): Maximum open and pending orders reached the limit (MaxOrders).
0	14:27:31.660	EA31337 EURUSD,M1: OpenOrderIsAllowed(): Maximum open and pending orders reached the limit (MaxOrders).
0	14:27:31.660	EA31337 EURUSD,M1: OpenOrderIsAllowed(): Maximum open and pending orders reached the limit (MaxOrders).
0	14:27:31.821	EA31337 EURUSD,M1: OpenOrderIsAllowed(): Maximum open and pending orders reached the limit (MaxOrders).
0	14:27:31.821	EA31337 EURUSD,M1: OpenOrderIsAllowed(): Maximum open and pending orders reached the limit (MaxOrders).
2	14:27:44.410	EA31337 EURUSD,M1: modify #40767312 sell 0.01 EURUSD at 1.11002 sl: 1.11413 tp: 1.10932 ok
0	14:28:17.011	EA31337 EURUSD,M1: OpenOrderIsAllowed(): Maximum open and pending orders reached the limit (MaxOrders).
0	14:28:31.410	EA31337 EURUSD,M1: OpenOrderIsAllowed(): Maximum open and pending orders reached the limit (MaxOrders).
0	14:28:31.410	EA31337 EURUSD,M1: OpenOrderIsAllowed(): Maximum open and pending orders reached the limit (MaxOrders).
0	14:28:39.551	EA31337 EURUSD,M1: OpenOrderIsAllowed(): Maximum open and pending orders reached the limit (MaxOrders).
0	14:28:45.294	EA31337 EURUSD,M1: OpenOrderIsAllowed(): Maximum open and pending orders reached the limit (MaxOrders).
0	14:28:45.294	EA31337 EURUSD,M1: OpenOrderIsAllowed(): Maximum open and pending orders reached the limit (MaxOrders).
0	14:28:45.294	EA31337 EURUSD,M1: OpenOrderIsAllowed(): Maximum open and pending orders reached the limit (MaxOrders).
0	14:28:45.720	EA31337 EURUSD,M1: OpenOrderIsAllowed(): Maximum open and pending orders reached the limit (MaxOrders).
0	14:28:45.720	EA31337 EURUSD,M1: OpenOrderIsAllowed(): Maximum open and pending orders reached the limit (MaxOrders).
0	14:28:45.720	EA31337 EURUSD,M1: OpenOrderIsAllowed(): Maximum open and pending orders reached the limit (MaxOrders).
0	14:28:45.720	EA31337 EURUSD,M1: OpenOrderIsAllowed(): Maximum open and pending orders reached the limit (MaxOrders).
2	14:28:46.636	EA31337 EURUSD,M1: modify #40767312 sell 0.01 EURUSD at 1.11002 sl: 1.11413 tp: 1.10922 ok
0	14:28:51.765	EA31337 EURUSD,M1: OpenOrderIsAllowed(): Maximum open and pending orders reached the limit (MaxOrders).
2	14:30:05.086	EA31337 EURUSD,M1: modify #40767312 sell 0.01 EURUSD at 1.11002 sl: 1.11413 tp: 1.10909 ok
2	14:32:16.374	EA31337 EURUSD,M1: modify #40767312 sell 0.01 EURUSD at 1.11002 sl: 1.11413 tp: 1.10896 ok
2	14:33:29.943	EA31337 EURUSD,M1: modify #40767312 sell 0.01 EURUSD at 1.11002 sl: 1.11413 tp: 1.10889 ok
2	14:34:01.028	EA31337 EURUSD,M1: modify #40767312 sell 0.01 EURUSD at 1.11002 sl: 1.11413 tp: 1.10886 ok
2	14:34:17.343	EA31337 EURUSD,M1: modify #40767312 sell 0.01 EURUSD at 1.11002 sl: 1.11413 tp: 1.10878 ok
2	14:36:46.341	EA31337 EURUSD,M1: modify #40767312 sell 0.01 EURUSD at 1.11002 sl: 1.11413 tp: 1.10872 ok
2	14:38:30.069	EA31337 EURUSD,M1: modify #40767312 sell 0.01 EURUSD at 1.11002 sl: 1.11413 tp: 1.10863 ok
2	14:42:07.830	EA31337 EURUSD,M1: modify #40767312 sell 0.01 EURUSD at 1.11002 sl: 1.11413 tp: 1.10862 ok
2	14:49:41.436	EA31337 EURUSD,M1: modify #40767312 sell 0.01 EURUSD at 1.11002 sl: 1.11413 tp: 1.10855 ok
2	14:51:04.302	EA31337 EURUSD,M1: modify #40767312 sell 0.01 EURUSD at 1.11002 sl: 1.11413 tp: 1.10854 ok
2	14:52:04.223	EA31337 EURUSD,M1: modify #40767312 sell 0.01 EURUSD at 1.11002 sl: 1.11413 tp: 1.10849 ok
2	14:54:25.533	EA31337 EURUSD,M1: modify #40767312 sell 0.01 EURUSD at 1.11002 sl: 1.11413 tp: 1.10847 ok
2	14:55:37.820	EA31337 EURUSD,M1: modify #40767312 sell 0.01 EURUSD at 1.11002 sl: 1.11413 tp: 1.10840 ok
2	14:57:09.036	EA31337 EURUSD,M1: modify #40767312 sell 0.01 EURUSD at 1.11002 sl: 1.11413 tp: 1.10835 ok
2	14:58:45.710	EA31337 EURUSD,M1: modify #40767312 sell 0.01 EURUSD at 1.11002 sl: 1.11413 tp: 1.10829 ok
2	15:00:08.036	EA31337 EURUSD,M1: modify #40767312 sell 0.01 EURUSD at 1.11002 sl: 1.11413 tp: 1.10828 ok
0	15:00:14.552	EA31337 EURUSD,M1: == New hour: 15
2	15:00:48.036	EA31337 EURUSD,M1: modify #40767312 sell 0.01 EURUSD at 1.11002 sl: 1.11413 tp: 1.10827 ok
0	16:01:25.030	EA31337 EURUSD,M1: == New hour: 16
2	16:13:28.124	EA31337 EURUSD,M1: modify #40764769 buy 0.01 EURUSD at 1.11302 sl: 1.10883 tp: 1.11756 ok
0	16:16:10.483	EA31337 EURUSD,M1: OpenOrderIsAllowed(): Maximum open and pending orders reached the limit (MaxOrders).
2	16:19:39.078	EA31337 EURUSD,M1: modify #40764769 buy 0.01 EURUSD at 1.11302 sl: 1.10883 tp: 1.11882 ok
0	16:19:47.608	EA31337 EURUSD,M1: OpenOrderIsAllowed(): MACD M1: Maximum open and pending orders per type reached the limit (MaxOrdersPerType).
0	16:19:47.608	EA31337 EURUSD,M1: OpenOrderIsAllowed(): MACD M5: Maximum open and pending orders per type reached the limit (MaxOrdersPerType).
0	16:19:47.608	EA31337 EURUSD,M1: OpenOrderIsAllowed(): MACD M15: Maximum open and pending orders per type reached the limit (MaxOrdersPerType).
0	16:20:10.097	EA31337 EURUSD,M1: OpenOrderIsAllowed(): SAR M1: Maximum open and pending orders per type reached the limit (MaxOrdersPerType).
0	16:20:25.263	EA31337 EURUSD,M1: OpenOrderIsAllowed(): MACD M1: Maximum open and pending orders per type reached the limit (MaxOrdersPerType).
0	16:20:25.263	EA31337 EURUSD,M1: OpenOrderIsAllowed(): SAR M1: Maximum open and pending orders per type reached the limit (MaxOrdersPerType).
0	16:20:25.263	EA31337 EURUSD,M1: OpenOrderIsAllowed(): MACD M5: Maximum open and pending orders per type reached the limit (MaxOrdersPerType).
0	16:20:30.641	EA31337 EURUSD,M1: OpenOrderIsAllowed(): MACD M1: Maximum open and pending orders per type reached the limit (MaxOrdersPerType).
0	16:20:30.641	EA31337 EURUSD,M1: OpenOrderIsAllowed(): MACD M5: Maximum open and pending orders per type reached the limit (MaxOrdersPerType).
0	16:20:30.641	EA31337 EURUSD,M1: OpenOrderIsAllowed(): MACD M15: Maximum open and pending orders per type reached the limit (MaxOrdersPerType).
0	16:20:30.641	EA31337 EURUSD,M1: OpenOrderIsAllowed(): SAR M1: Maximum open and pending orders per type reached the limit (MaxOrdersPerType).
0	16:20:30.641	EA31337 EURUSD,M1: OpenOrderIsAllowed(): MACD M1: Maximum open and pending orders per type reached the limit (MaxOrdersPerType).
0	16:20:30.641	EA31337 EURUSD,M1: OpenOrderIsAllowed(): SAR M1: Maximum open and pending orders per type reached the limit (MaxOrdersPerType).
0	16:20:30.641	EA31337 EURUSD,M1: OpenOrderIsAllowed(): MACD M5: Maximum open and pending orders per type reached the limit (MaxOrdersPerType).
0	16:22:00.886	EA31337 EURUSD,M1: OpenOrderIsAllowed(): MACD M1: Maximum open and pending orders per type reached the limit (MaxOrdersPerType).
0	16:22:00.927	EA31337 EURUSD,M1: OpenOrderIsAllowed(): MACD M5: Maximum open and pending orders per type reached the limit (MaxOrdersPerType).
0	16:22:00.927	EA31337 EURUSD,M1: OpenOrderIsAllowed(): MACD M15: Maximum open and pending orders per type reached the limit (MaxOrdersPerType).
0	16:22:30.118	EA31337 EURUSD,M1: OpenOrderIsAllowed(): SAR M1: Maximum open and pending orders per type reached the limit (MaxOrdersPerType).
0	16:22:30.280	EA31337 EURUSD,M1: OpenOrderIsAllowed(): MACD M1: Maximum open and pending orders per type reached the limit (MaxOrdersPerType).
0	16:22:30.280	EA31337 EURUSD,M1: OpenOrderIsAllowed(): SAR M1: Maximum open and pending orders per type reached the limit (MaxOrdersPerType).
0	16:22:30.280	EA31337 EURUSD,M1: OpenOrderIsAllowed(): MACD M5: Maximum open and pending orders per type reached the limit (MaxOrdersPerType).
0	16:23:33.507	EA31337 EURUSD,M1: OpenOrderIsAllowed(): MACD M1: Maximum open and pending orders per type reached the limit (MaxOrdersPerType).
0	16:23:33.507	EA31337 EURUSD,M1: OpenOrderIsAllowed(): MACD M5: Maximum open and pending orders per type reached the limit (MaxOrdersPerType).
0	16:23:33.507	EA31337 EURUSD,M1: OpenOrderIsAllowed(): MACD M15: Maximum open and pending orders per type reached the limit (MaxOrdersPerType).
0	16:23:44.280	EA31337 EURUSD,M1: OpenOrderIsAllowed(): SAR M1: Maximum open and pending orders per type reached the limit (MaxOrdersPerType).
0	16:24:02.348	EA31337 EURUSD,M1: OpenOrderIsAllowed(): MACD M1: Maximum open and pending orders per type reached the limit (MaxOrdersPerType).
0	16:24:02.348	EA31337 EURUSD,M1: OpenOrderIsAllowed(): SAR M1: Maximum open and pending orders per type reached the limit (MaxOrdersPerType).
0	16:24:02.348	EA31337 EURUSD,M1: OpenOrderIsAllowed(): MACD M5: Maximum open and pending orders per type reached the limit (MaxOrdersPerType).
0	16:24:21.566	EA31337 EURUSD,M1: ExecuteOrder(): MarketInfo: Symbol: EURUSD; Ask: 1.11430; Bid: 1.11409; Spread: 21 points = 2.1 pips; 
2	16:24:30.429	EA31337 EURUSD,M1: open #40770868 buy 0.01 EURUSD at 1.11433 sl: 1.11009 tp: 1.11546 ok
0	16:24:30.429	EA31337 EURUSD,M1: #40770868 2015.09.04 16:24:19 buy 0.01 EURUSD 1.11433 1.11009 1.11546 1.11413 0.00 0.00 -0.20 | spread: 2.0 31349
0	16:24:30.429	EA31337 EURUSD,M1: ExecuteOrder(): Order Details: Ticket: 40770868; Time: 2015.09.04 16:23:57; Comment: | spread: 2.0; Commision: 0; Symbol: EURUSD; Type: Buy; Expiration: 0; Open Price: 1.11433; Close Price: 1.11413; Take Profit: -0.2; Stop Loss: 1.1101; Swap: 0; Lot size: 0.01; Account Details: Time: 2015.09.04 16:23:57; Account Balance: $3150.19; Account Equity: $3382.67; Used Margin: $300.00; Free Margin: $3082.67; No of Orders: 30 (BUY/SELL: 11/19); Risk Ratio: 1.0
0	16:24:50.839	EA31337 EURUSD,M1: OpenOrderIsAllowed(): Maximum open and pending orders reached the limit (MaxOrders).
0	16:24:50.839	EA31337 EURUSD,M1: OpenOrderIsAllowed(): Maximum open and pending orders reached the limit (MaxOrders).
0	16:24:50.839	EA31337 EURUSD,M1: OpenOrderIsAllowed(): Maximum open and pending orders reached the limit (MaxOrders).
0	16:24:51.367	EA31337 EURUSD,M1: OpenOrderIsAllowed(): Maximum open and pending orders reached the limit (MaxOrders).
0	16:24:51.898	EA31337 EURUSD,M1: OpenOrderIsAllowed(): Maximum open and pending orders reached the limit (MaxOrders).
0	16:24:51.898	EA31337 EURUSD,M1: OpenOrderIsAllowed(): Maximum open and pending orders reached the limit (MaxOrders).
0	16:24:51.898	EA31337 EURUSD,M1: OpenOrderIsAllowed(): Maximum open and pending orders reached the limit (MaxOrders).
0	16:24:51.898	EA31337 EURUSD,M1: OpenOrderIsAllowed(): Maximum open and pending orders reached the limit (MaxOrders).
0	16:24:51.898	EA31337 EURUSD,M1: OpenOrderIsAllowed(): Maximum open and pending orders reached the limit (MaxOrders).
0	16:26:05.746	EA31337 EURUSD,M1: OpenOrderIsAllowed(): Maximum open and pending orders reached the limit (MaxOrders).
0	16:26:05.746	EA31337 EURUSD,M1: OpenOrderIsAllowed(): Maximum open and pending orders reached the limit (MaxOrders).
0	16:26:05.746	EA31337 EURUSD,M1: OpenOrderIsAllowed(): Maximum open and pending orders reached the limit (MaxOrders).
0	16:26:05.746	EA31337 EURUSD,M1: OpenOrderIsAllowed(): Maximum open and pending orders reached the limit (MaxOrders).
0	16:26:05.746	EA31337 EURUSD,M1: OpenOrderIsAllowed(): Maximum open and pending orders reached the limit (MaxOrders).
2	16:26:06.234	EA31337 EURUSD,M1: modify #40770868 buy 0.01 EURUSD at 1.11433 sl: 1.11009 tp: 1.11552 ok
0	16:26:11.457	EA31337 EURUSD,M1: OpenOrderIsAllowed(): Maximum open and pending orders reached the limit (MaxOrders).
0	16:26:11.457	EA31337 EURUSD,M1: OpenOrderIsAllowed(): Maximum open and pending orders reached the limit (MaxOrders).
0	16:26:11.457	EA31337 EURUSD,M1: OpenOrderIsAllowed(): Maximum open and pending orders reached the limit (MaxOrders).
0	16:26:11.457	EA31337 EURUSD,M1: OpenOrderIsAllowed(): Maximum open and pending orders reached the limit (MaxOrders).
0	16:26:11.457	EA31337 EURUSD,M1: OpenOrderIsAllowed(): Maximum open and pending orders reached the limit (MaxOrders).
2	16:26:11.907	EA31337 EURUSD,M1: modify #40770868 buy 0.01 EURUSD at 1.11433 sl: 1.11009 tp: 1.11556 ok
0	16:28:05.567	EA31337 EURUSD,M1: OpenOrderIsAllowed(): Maximum open and pending orders reached the limit (MaxOrders).
0	16:29:08.688	EA31337 EURUSD,M1: OpenOrderIsAllowed(): Maximum open and pending orders reached the limit (MaxOrders).
0	16:29:08.728	EA31337 EURUSD,M1: OpenOrderIsAllowed(): Maximum open and pending orders reached the limit (MaxOrders).
0	16:29:08.728	EA31337 EURUSD,M1: OpenOrderIsAllowed(): Maximum open and pending orders reached the limit (MaxOrders).
0	16:29:44.093	EA31337 EURUSD,M1: OpenOrderIsAllowed(): Maximum open and pending orders reached the limit (MaxOrders).
2	16:29:58.945	EA31337 EURUSD,M1: modify #40761052 buy 0.01 EURUSD at 1.11002 sl: 1.10578 tp: 1.11884 ok
2	16:30:01.025	EA31337 EURUSD,M1: modify #40761863 buy 0.01 EURUSD at 1.11114 sl: 1.10693 tp: 1.11884 ok
2	16:30:01.643	EA31337 EURUSD,M1: modify #40764184 buy 0.01 EURUSD at 1.11282 sl: 1.10860 tp: 1.11567 ok
2	16:30:02.666	EA31337 EURUSD,M1: modify #40764769 buy 0.01 EURUSD at 1.11302 sl: 1.10883 tp: 1.11884 ok
2	16:30:03.195	EA31337 EURUSD,M1: modify #40770868 buy 0.01 EURUSD at 1.11433 sl: 1.11009 tp: 1.11565 ok
0	16:30:22.629	EA31337 EURUSD,M1: OpenOrderIsAllowed(): Maximum open and pending orders reached the limit (MaxOrders).
2	16:31:13.529	EA31337 EURUSD,M1: modify #40764184 buy 0.01 EURUSD at 1.11282 sl: 1.10860 tp: 1.11578 ok
2	16:31:13.919	EA31337 EURUSD,M1: modify #40770868 buy 0.01 EURUSD at 1.11433 sl: 1.11009 tp: 1.11578 ok
2	16:33:09.367	EA31337 EURUSD,M1: modify #40764184 buy 0.01 EURUSD at 1.11282 sl: 1.10860 tp: 1.11580 ok
2	16:33:10.018	EA31337 EURUSD,M1: modify #40770868 buy 0.01 EURUSD at 1.11433 sl: 1.11009 tp: 1.11580 ok
2	16:41:51.108	EA31337 EURUSD,M1: modify #40760132 buy 0.01 EURUSD at 1.11123 sl: 1.10670 tp: 1.11890 ok
2	16:41:51.761	EA31337 EURUSD,M1: modify #40761052 buy 0.01 EURUSD at 1.11002 sl: 1.10578 tp: 1.11890 ok
2	16:41:52.451	EA31337 EURUSD,M1: modify #40761863 buy 0.01 EURUSD at 1.11114 sl: 1.10693 tp: 1.11889 ok
2	16:41:53.024	EA31337 EURUSD,M1: modify #40764769 buy 0.01 EURUSD at 1.11302 sl: 1.10883 tp: 1.11889 ok
2	16:49:13.231	EA31337 EURUSD,M1: modify #40760132 buy 0.01 EURUSD at 1.11123 sl: 1.10670 tp: 1.11904 ok
2	16:49:13.637	EA31337 EURUSD,M1: modify #40761052 buy 0.01 EURUSD at 1.11002 sl: 1.10578 tp: 1.11904 ok
2	16:49:14.209	EA31337 EURUSD,M1: modify #40761863 buy 0.01 EURUSD at 1.11114 sl: 1.10693 tp: 1.11904 ok
2	16:49:14.578	EA31337 EURUSD,M1: modify #40764769 buy 0.01 EURUSD at 1.11302 sl: 1.10883 tp: 1.11904 ok
0	17:00:20.589	EA31337 EURUSD,M1: == New hour: 17
2	17:02:54.281	EA31337 EURUSD,M1: modify #40721101 buy 0.01 EURUSD at 1.11231 sl: 1.10810 tp: 1.12085 ok
2	17:02:54.774	EA31337 EURUSD,M1: modify #40724942 buy 0.01 EURUSD at 1.11271 sl: 1.10852 tp: 1.12087 ok
2	17:02:55.182	EA31337 EURUSD,M1: modify #40731500 buy 0.01 EURUSD at 1.11041 sl: 1.10621 tp: 1.12088 ok
2	17:02:55.588	EA31337 EURUSD,M1: modify #40736270 buy 0.01 EURUSD at 1.11261 sl: 1.10839 tp: 1.12087 ok
2	17:02:56.196	EA31337 EURUSD,M1: modify #40760132 buy 0.01 EURUSD at 1.11123 sl: 1.10670 tp: 1.12088 ok
2	17:02:56.485	EA31337 EURUSD,M1: modify #40761052 buy 0.01 EURUSD at 1.11002 sl: 1.10578 tp: 1.12088 ok
2	17:02:56.972	EA31337 EURUSD,M1: modify #40761863 buy 0.01 EURUSD at 1.11114 sl: 1.10693 tp: 1.12088 ok
2	17:02:57.383	EA31337 EURUSD,M1: modify #40764769 buy 0.01 EURUSD at 1.11302 sl: 1.10883 tp: 1.12088 ok
0	17:03:07.428	EA31337 EURUSD,M1: ExecuteOrder(): MarketInfo: Symbol: EURUSD; Ask: 1.11665; Bid: 1.11645; Spread: 20 points = 2 pips; 
2	17:03:07.878	EA31337 EURUSD,M1: open #40771752 sell 0.01 EURUSD at 1.11644 sl: 1.12065 tp: 1.11269 ok
0	17:03:07.878	EA31337 EURUSD,M1: #40771752 2015.09.04 17:02:56 sell 0.01 EURUSD 1.11644 1.12065 1.11269 1.11666 0.00 0.00 -0.22 | spread: 2.1 31349
0	17:03:07.878	EA31337 EURUSD,M1: ExecuteOrder(): Order Details: Ticket: 40771752; Time: 2015.09.04 17:02:51; Comment: | spread: 2.1; Commision: 0; Symbol: EURUSD; Type: Sell; Expiration: 0; Open Price: 1.11644; Close Price: 1.11666; Take Profit: -0.22; Stop Loss: 1.1206; Swap: 0; Lot size: 0.01; Account Details: Time: 2015.09.04 17:02:51; Account Balance: $3160.86; Account Equity: $3362.35; Used Margin: $280.00; Free Margin: $3082.35; No of Orders: 28 (BUY/SELL: 8/20); Risk Ratio: 1.1
0	17:03:18.206	EA31337 EURUSD,M1: OpenOrderIsAllowed(): DeMarker M5: Maximum open and pending orders per type reached the limit (MaxOrdersPerType).
0	17:03:18.206	EA31337 EURUSD,M1: OpenOrderIsAllowed(): Envelopes M1: Maximum open and pending orders per type reached the limit (MaxOrdersPerType).
0	17:03:22.987	EA31337 EURUSD,M1: OpenOrderIsAllowed(): Envelopes M5: Maximum open and pending orders per type reached the limit (MaxOrdersPerType).
0	17:03:27.798	EA31337 EURUSD,M1: OpenOrderIsAllowed(): Fractals M1: Maximum open and pending orders per type reached the limit (MaxOrdersPerType).
0	17:03:28.614	EA31337 EURUSD,M1: OpenOrderIsAllowed(): MACD M15: Maximum open and pending orders per type reached the limit (MaxOrdersPerType).
0	17:03:28.614	EA31337 EURUSD,M1: OpenOrderIsAllowed(): MACD M1: Maximum open and pending orders per type reached the limit (MaxOrdersPerType).
0	17:03:28.614	EA31337 EURUSD,M1: OpenOrderIsAllowed(): SAR M1: Maximum open and pending orders per type reached the limit (MaxOrdersPerType).
0	17:03:28.614	EA31337 EURUSD,M1: OpenOrderIsAllowed(): Bands M5: Maximum open and pending orders per type reached the limit (MaxOrdersPerType).
0	17:03:28.614	EA31337 EURUSD,M1: OpenOrderIsAllowed(): MACD M5: Maximum open and pending orders per type reached the limit (MaxOrdersPerType).
2	17:03:29.191	EA31337 EURUSD,M1: modify #40721101 buy 0.01 EURUSD at 1.11231 sl: 1.10810 tp: 1.12114 ok
2	17:03:29.680	EA31337 EURUSD,M1: modify #40724942 buy 0.01 EURUSD at 1.11271 sl: 1.10852 tp: 1.12114 ok
2	17:03:30.128	EA31337 EURUSD,M1: modify #40731500 buy 0.01 EURUSD at 1.11041 sl: 1.10621 tp: 1.12114 ok
2	17:03:30.579	EA31337 EURUSD,M1: modify #40736270 buy 0.01 EURUSD at 1.11261 sl: 1.10839 tp: 1.12114 ok
2	17:03:31.071	EA31337 EURUSD,M1: modify #40760132 buy 0.01 EURUSD at 1.11123 sl: 1.10670 tp: 1.12114 ok
2	17:03:31.561	EA31337 EURUSD,M1: modify #40761052 buy 0.01 EURUSD at 1.11002 sl: 1.10578 tp: 1.12114 ok
2	17:03:32.214	EA31337 EURUSD,M1: modify #40761863 buy 0.01 EURUSD at 1.11114 sl: 1.10693 tp: 1.12114 ok
2	17:03:32.580	EA31337 EURUSD,M1: modify #40764769 buy 0.01 EURUSD at 1.11302 sl: 1.10883 tp: 1.12114 ok
2	17:03:33.030	EA31337 EURUSD,M1: modify #40771752 sell 0.01 EURUSD at 1.11644 sl: 1.12065 tp: 1.11267 ok
0	17:04:27.862	EA31337 EURUSD,M1: OpenOrderIsAllowed(): DeMarker M5: Maximum open and pending orders per type reached the limit (MaxOrdersPerType).
0	17:04:27.862	EA31337 EURUSD,M1: OpenOrderIsAllowed(): Envelopes M1: Maximum open and pending orders per type reached the limit (MaxOrdersPerType).
0	17:04:27.862	EA31337 EURUSD,M1: OpenOrderIsAllowed(): Envelopes M5: Maximum open and pending orders per type reached the limit (MaxOrdersPerType).
2	17:06:50.091	EA31337 EURUSD,M1: modify #40721101 buy 0.01 EURUSD at 1.11231 sl: 1.10810 tp: 1.12185 ok
2	17:06:50.741	EA31337 EURUSD,M1: modify #40724942 buy 0.01 EURUSD at 1.11271 sl: 1.10852 tp: 1.12185 ok
2	17:06:51.191	EA31337 EURUSD,M1: modify #40731500 buy 0.01 EURUSD at 1.11041 sl: 1.10621 tp: 1.12184 ok
2	17:06:51.682	EA31337 EURUSD,M1: modify #40736270 buy 0.01 EURUSD at 1.11261 sl: 1.10839 tp: 1.12184 ok
2	17:06:52.295	EA31337 EURUSD,M1: modify #40760132 buy 0.01 EURUSD at 1.11123 sl: 1.10670 tp: 1.12186 ok
2	17:06:52.868	EA31337 EURUSD,M1: modify #40761052 buy 0.01 EURUSD at 1.11002 sl: 1.10578 tp: 1.12186 ok
2	17:06:53.277	EA31337 EURUSD,M1: modify #40761863 buy 0.01 EURUSD at 1.11114 sl: 1.10693 tp: 1.12183 ok
2	17:06:53.683	EA31337 EURUSD,M1: modify #40764769 buy 0.01 EURUSD at 1.11302 sl: 1.10883 tp: 1.12184 ok
2	17:06:54.178	EA31337 EURUSD,M1: modify #40771752 sell 0.01 EURUSD at 1.11644 sl: 1.12065 tp: 1.11254 ok
0	17:07:52.808	EA31337 EURUSD,M1: ExecuteOrder(): MarketInfo: Symbol: EURUSD; Ask: 1.11745; Bid: 1.11722; Spread: 23 points = 2.3 pips; 
2	17:07:53.254	EA31337 EURUSD,M1: open #40771944 sell 0.01 EURUSD at 1.11732 sl: 1.12145 tp: 1.11282 ok
0	17:07:53.254	EA31337 EURUSD,M1: #40771944 2015.09.04 17:07:42 sell 0.01 EURUSD 1.11732 1.12145 1.11282 1.11755 0.00 0.00 -0.23 | spread: 2.2 31381
0	17:07:53.254	EA31337 EURUSD,M1: ExecuteOrder(): Order Details: Ticket: 40771944; Time: 2015.09.04 17:07:03; Comment: | spread: 2.2; Commision: 0; Symbol: EURUSD; Type: Sell; Expiration: 0; Open Price: 1.11732; Close Price: 1.11755; Take Profit: -0.23; Stop Loss: 1.1215; Swap: 0; Lot size: 0.01; Account Details: Time: 2015.09.04 17:07:03; Account Balance: $3160.86; Account Equity: $3351.36; Used Margin: $290.00; Free Margin: $3061.36; No of Orders: 29 (BUY/SELL: 8/21); Risk Ratio: 1.1
0	17:07:53.254	EA31337 EURUSD,M1: OpenOrderIsAllowed(): DeMarker M5: Maximum open and pending orders per type reached the limit (MaxOrdersPerType).
0	17:07:53.254	EA31337 EURUSD,M1: OpenOrderIsAllowed(): Envelopes M1: Maximum open and pending orders per type reached the limit (MaxOrdersPerType).
0	17:07:53.254	EA31337 EURUSD,M1: OpenOrderIsAllowed(): Envelopes M5: Maximum open and pending orders per type reached the limit (MaxOrdersPerType).
0	17:09:29.071	EA31337 EURUSD,M1: OpenOrderIsAllowed(): MACD M15: Maximum open and pending orders per type reached the limit (MaxOrdersPerType).
0	17:09:29.071	EA31337 EURUSD,M1: OpenOrderIsAllowed(): MACD M1: Maximum open and pending orders per type reached the limit (MaxOrdersPerType).
0	17:09:29.071	EA31337 EURUSD,M1: OpenOrderIsAllowed(): SAR M1: Maximum open and pending orders per type reached the limit (MaxOrdersPerType).
0	17:09:29.071	EA31337 EURUSD,M1: OpenOrderIsAllowed(): Bands M5: Maximum open and pending orders per type reached the limit (MaxOrdersPerType).
0	17:09:29.071	EA31337 EURUSD,M1: OpenOrderIsAllowed(): MACD M5: Maximum open and pending orders per type reached the limit (MaxOrdersPerType).
2	17:09:30.051	EA31337 EURUSD,M1: modify #40771752 sell 0.01 EURUSD at 1.11644 sl: 1.12065 tp: 1.11212 ok
2	17:09:30.420	EA31337 EURUSD,M1: modify #40771944 sell 0.01 EURUSD at 1.11732 sl: 1.12145 tp: 1.11240 ok
0	17:11:29.212	EA31337 EURUSD,M1: OpenOrderIsAllowed(): MACD M15: Maximum open and pending orders per type reached the limit (MaxOrdersPerType).
0	17:11:29.212	EA31337 EURUSD,M1: OpenOrderIsAllowed(): MACD M1: Maximum open and pending orders per type reached the limit (MaxOrdersPerType).
0	17:11:29.212	EA31337 EURUSD,M1: OpenOrderIsAllowed(): SAR M1: Maximum open and pending orders per type reached the limit (MaxOrdersPerType).
0	17:11:29.212	EA31337 EURUSD,M1: OpenOrderIsAllowed(): Bands M5: Maximum open and pending orders per type reached the limit (MaxOrdersPerType).
0	17:11:29.212	EA31337 EURUSD,M1: OpenOrderIsAllowed(): MACD M5: Maximum open and pending orders per type reached the limit (MaxOrdersPerType).
2	17:11:29.822	EA31337 EURUSD,M1: modify #40771752 sell 0.01 EURUSD at 1.11644 sl: 1.12065 tp: 1.11207 ok
0	17:13:11.502	EA31337 EURUSD,M1: OpenOrderIsAllowed(): MACD M15: Maximum open and pending orders per type reached the limit (MaxOrdersPerType).
0	17:13:11.502	EA31337 EURUSD,M1: OpenOrderIsAllowed(): MACD M1: Maximum open and pending orders per type reached the limit (MaxOrdersPerType).
0	17:13:11.502	EA31337 EURUSD,M1: OpenOrderIsAllowed(): SAR M1: Maximum open and pending orders per type reached the limit (MaxOrdersPerType).
0	17:13:11.502	EA31337 EURUSD,M1: OpenOrderIsAllowed(): Bands M5: Maximum open and pending orders per type reached the limit (MaxOrdersPerType).
0	17:13:11.502	EA31337 EURUSD,M1: OpenOrderIsAllowed(): MACD M5: Maximum open and pending orders per type reached the limit (MaxOrdersPerType).
0	17:13:37.962	EA31337 EURUSD,M1: OpenOrderIsAllowed(): DeMarker M1: Maximum open and pending orders per type reached the limit (MaxOrdersPerType).
0	17:13:37.962	EA31337 EURUSD,M1: OpenOrderIsAllowed(): DeMarker M5: Maximum open and pending orders per type reached the limit (MaxOrdersPerType).
0	17:13:37.962	EA31337 EURUSD,M1: OpenOrderIsAllowed(): Envelopes M1: Maximum open and pending orders per type reached the limit (MaxOrdersPerType).
0	17:13:37.962	EA31337 EURUSD,M1: OpenOrderIsAllowed(): Envelopes M5: Maximum open and pending orders per type reached the limit (MaxOrdersPerType).
0	17:13:37.962	EA31337 EURUSD,M1: ExecuteOrder(): MarketInfo: Symbol: EURUSD; Ask: 1.11703; Bid: 1.11683; Spread: 20 points = 2 pips; 
2	17:13:38.822	EA31337 EURUSD,M1: open #40772042 sell 0.01 EURUSD at 1.11683 sl: 1.12103 tp: 1.11243 ok
0	17:13:38.822	EA31337 EURUSD,M1: #40772042 2015.09.04 17:13:27 sell 0.01 EURUSD 1.11683 1.12103 1.11243 1.11703 0.00 0.00 -0.20 | spread: 2.1 31387
0	17:13:38.822	EA31337 EURUSD,M1: ExecuteOrder(): Order Details: Ticket: 40772042; Time: 2015.09.04 17:13:03; Comment: | spread: 2.1; Commision: 0; Symbol: EURUSD; Type: Sell; Expiration: 0; Open Price: 1.11683; Close Price: 1.11703; Take Profit: -0.2; Stop Loss: 1.121; Swap: 0; Lot size: 0.01; Account Details: Time: 2015.09.04 17:13:03; Account Balance: $3160.86; Account Equity: $3358.16; Used Margin: $300.00; Free Margin: $3058.16; No of Orders: 30 (BUY/SELL: 8/22); Risk Ratio: 1.1
0	17:14:00.263	EA31337 EURUSD,M1: OpenOrderIsAllowed(): Maximum open and pending orders reached the limit (MaxOrders).
0	17:14:47.529	EA31337 EURUSD,M1: OpenOrderIsAllowed(): Maximum open and pending orders reached the limit (MaxOrders).
0	17:14:47.529	EA31337 EURUSD,M1: OpenOrderIsAllowed(): Maximum open and pending orders reached the limit (MaxOrders).
0	17:14:52.789	EA31337 EURUSD,M1: OpenOrderIsAllowed(): Maximum open and pending orders reached the limit (MaxOrders).
0	17:14:58.338	EA31337 EURUSD,M1: OpenOrderIsAllowed(): Maximum open and pending orders reached the limit (MaxOrders).
0	17:15:03.231	EA31337 EURUSD,M1: OpenOrderIsAllowed(): Maximum open and pending orders reached the limit (MaxOrders).
0	17:15:03.231	EA31337 EURUSD,M1: OpenOrderIsAllowed(): Maximum open and pending orders reached the limit (MaxOrders).
0	17:15:03.231	EA31337 EURUSD,M1: OpenOrderIsAllowed(): Maximum open and pending orders reached the limit (MaxOrders).
0	17:16:05.922	EA31337 EURUSD,M1: OpenOrderIsAllowed(): Maximum open and pending orders reached the limit (MaxOrders).
0	17:16:11.947	EA31337 EURUSD,M1: OpenOrderIsAllowed(): Maximum open and pending orders reached the limit (MaxOrders).
0	17:16:12.028	EA31337 EURUSD,M1: OpenOrderIsAllowed(): Maximum open and pending orders reached the limit (MaxOrders).
0	17:16:12.028	EA31337 EURUSD,M1: OpenOrderIsAllowed(): Maximum open and pending orders reached the limit (MaxOrders).
2	17:16:13.000	EA31337 EURUSD,M1: modify #40771944 sell 0.01 EURUSD at 1.11732 sl: 1.12145 tp: 1.11231 ok
2	17:16:13.493	EA31337 EURUSD,M1: modify #40772042 sell 0.01 EURUSD at 1.11683 sl: 1.12103 tp: 1.11231 ok
0	17:16:46.609	EA31337 EURUSD,M1: OpenOrderIsAllowed(): Maximum open and pending orders reached the limit (MaxOrders).
0	17:16:46.609	EA31337 EURUSD,M1: OpenOrderIsAllowed(): Maximum open and pending orders reached the limit (MaxOrders).
0	17:16:51.422	EA31337 EURUSD,M1: OpenOrderIsAllowed(): Maximum open and pending orders reached the limit (MaxOrders).
0	17:16:51.422	EA31337 EURUSD,M1: OpenOrderIsAllowed(): Maximum open and pending orders reached the limit (MaxOrders).
0	17:16:51.422	EA31337 EURUSD,M1: OpenOrderIsAllowed(): Maximum open and pending orders reached the limit (MaxOrders).
0	17:16:56.277	EA31337 EURUSD,M1: OpenOrderIsAllowed(): Maximum open and pending orders reached the limit (MaxOrders).
0	17:17:40.653	EA31337 EURUSD,M1: OpenOrderIsAllowed(): Maximum open and pending orders reached the limit (MaxOrders).
0	17:17:58.776	EA31337 EURUSD,M1: OpenOrderIsAllowed(): Maximum open and pending orders reached the limit (MaxOrders).
0	17:17:58.857	EA31337 EURUSD,M1: OpenOrderIsAllowed(): Maximum open and pending orders reached the limit (MaxOrders).
0	17:17:58.857	EA31337 EURUSD,M1: OpenOrderIsAllowed(): Maximum open and pending orders reached the limit (MaxOrders).
0	17:17:58.979	EA31337 EURUSD,M1: OpenOrderIsAllowed(): Maximum open and pending orders reached the limit (MaxOrders).
2	17:17:59.634	EA31337 EURUSD,M1: modify #40771944 sell 0.01 EURUSD at 1.11732 sl: 1.12145 tp: 1.11200 ok
2	17:18:00.079	EA31337 EURUSD,M1: modify #40772042 sell 0.01 EURUSD at 1.11683 sl: 1.12103 tp: 1.11200 ok
0	17:18:23.513	EA31337 EURUSD,M1: OpenOrderIsAllowed(): Maximum open and pending orders reached the limit (MaxOrders).
2	17:29:03.559	EA31337 EURUSD,M1: modify #40771944 sell 0.01 EURUSD at 1.11732 sl: 1.12145 tp: 1.11184 ok
2	17:29:03.965	EA31337 EURUSD,M1: modify #40772042 sell 0.01 EURUSD at 1.11683 sl: 1.12103 tp: 1.11185 ok
2	17:31:38.505	EA31337 EURUSD,M1: modify #40771944 sell 0.01 EURUSD at 1.11732 sl: 1.12145 tp: 1.11182 ok
2	17:31:39.235	EA31337 EURUSD,M1: modify #40772042 sell 0.01 EURUSD at 1.11683 sl: 1.12103 tp: 1.11182 ok
2	17:32:17.162	EA31337 EURUSD,M1: close #40771752 sell 0.01 EURUSD at 1.11644 sl: 1.12065 tp: 1.11207 at price 1.11605
0	17:32:17.202	EA31337 EURUSD,M1: CloseOrder(): Closed order 40771752 with profit 0.41 pips, reason: None (inactive); Order Details: Ticket: 40771752; Time: 2015.09.04 17:31:55; Comment: | spread: 2.1; Commision: 0; Symbol: EURUSD; Type: Sell; Expiration: 0; Open Price: 1.11644; Close Price: 1.11603; Take Profit: 0.41; Stop Loss: 1.1206; Swap: 0; Lot size: 0.01; 
0	17:32:17.202	EA31337 EURUSD,M1: CloseOrdersByType():Closed 1 orders (1, 12) on market change with total profit of : 0.41 pips (0 failed)
0	17:32:27.526	EA31337 EURUSD,M1: OpenOrderIsAllowed(): Bands M1: Maximum open and pending orders per type reached the limit (MaxOrdersPerType).
0	17:32:35.362	EA31337 EURUSD,M1: OpenOrderIsAllowed(): DeMarker M5: Maximum open and pending orders per type reached the limit (MaxOrdersPerType).
0	17:32:40.788	EA31337 EURUSD,M1: OpenOrderIsAllowed(): Envelopes M5: Maximum open and pending orders per type reached the limit (MaxOrdersPerType).
0	17:32:43.441	EA31337 EURUSD,M1: OpenOrderIsAllowed(): Fractals M15: Maximum open and pending orders per type reached the limit (MaxOrdersPerType).
0	17:33:13.543	EA31337 EURUSD,M1: ExecuteOrder(): MarketInfo: Symbol: EURUSD; Ask: 1.11611; Bid: 1.11590; Spread: 21 points = 2.1 pips; 
2	17:33:14.156	EA31337 EURUSD,M1: open #40772444 sell 0.01 EURUSD at 1.11590 sl: 1.12011 tp: 1.11354 ok
0	17:33:14.156	EA31337 EURUSD,M1: #40772444 2015.09.04 17:33:02 sell 0.01 EURUSD 1.11590 1.12011 1.11354 1.11611 0.00 0.00 -0.21 | spread: 1.9 31405
0	17:33:14.156	EA31337 EURUSD,M1: ExecuteOrder(): Order Details: Ticket: 40772444; Time: 2015.09.04 17:31:55; Comment: | spread: 1.9; Commision: 0; Symbol: EURUSD; Type: Sell; Expiration: 0; Open Price: 1.11590; Close Price: 1.11611; Take Profit: -0.21; Stop Loss: 1.1201; Swap: 0; Lot size: 0.01; Account Details: Time: 2015.09.04 17:31:55; Account Balance: $3161.25; Account Equity: $3370.81; Used Margin: $300.00; Free Margin: $3070.81; No of Orders: 30 (BUY/SELL: 8/22); Risk Ratio: 1.1
0	17:33:14.156	EA31337 EURUSD,M1: OpenOrderIsAllowed(): Maximum open and pending orders reached the limit (MaxOrders).
0	17:33:55.286	EA31337 EURUSD,M1: OpenOrderIsAllowed(): Maximum open and pending orders reached the limit (MaxOrders).
2	17:34:10.165	EA31337 EURUSD,M1: modify #40771944 sell 0.01 EURUSD at 1.11732 sl: 1.12145 tp: 1.11147 ok
2	17:34:10.782	EA31337 EURUSD,M1: modify #40772042 sell 0.01 EURUSD at 1.11683 sl: 1.12103 tp: 1.11146 ok
2	17:34:11.066	EA31337 EURUSD,M1: modify #40772444 sell 0.01 EURUSD at 1.11590 sl: 1.12011 tp: 1.11353 ok
0	17:34:36.104	EA31337 EURUSD,M1: OpenOrderIsAllowed(): Maximum open and pending orders reached the limit (MaxOrders).
0	17:34:51.659	EA31337 EURUSD,M1: OpenOrderIsAllowed(): Maximum open and pending orders reached the limit (MaxOrders).
0	17:34:53.376	EA31337 EURUSD,M1: OpenOrderIsAllowed(): Maximum open and pending orders reached the limit (MaxOrders).
0	17:34:53.376	EA31337 EURUSD,M1: OpenOrderIsAllowed(): Maximum open and pending orders reached the limit (MaxOrders).
0	17:35:03.660	EA31337 EURUSD,M1: OpenOrderIsAllowed(): Maximum open and pending orders reached the limit (MaxOrders).
0	17:35:38.581	EA31337 EURUSD,M1: OpenOrderIsAllowed(): Maximum open and pending orders reached the limit (MaxOrders).
0	17:35:38.581	EA31337 EURUSD,M1: OpenOrderIsAllowed(): Maximum open and pending orders reached the limit (MaxOrders).
0	17:36:22.881	EA31337 EURUSD,M1: OpenOrderIsAllowed(): Maximum open and pending orders reached the limit (MaxOrders).
2	17:36:23.737	EA31337 EURUSD,M1: modify #40771944 sell 0.01 EURUSD at 1.11732 sl: 1.12145 tp: 1.11122 ok
2	17:36:24.345	EA31337 EURUSD,M1: modify #40772042 sell 0.01 EURUSD at 1.11683 sl: 1.12103 tp: 1.11122 ok
2	17:36:24.796	EA31337 EURUSD,M1: modify #40772444 sell 0.01 EURUSD at 1.11590 sl: 1.12011 tp: 1.11336 ok
0	17:36:46.645	EA31337 EURUSD,M1: OpenOrderIsAllowed(): Maximum open and pending orders reached the limit (MaxOrders).
0	17:36:55.136	EA31337 EURUSD,M1: OpenOrderIsAllowed(): Maximum open and pending orders reached the limit (MaxOrders).
0	17:36:55.136	EA31337 EURUSD,M1: OpenOrderIsAllowed(): Maximum open and pending orders reached the limit (MaxOrders).
0	17:36:55.136	EA31337 EURUSD,M1: OpenOrderIsAllowed(): Maximum open and pending orders reached the limit (MaxOrders).
0	17:37:01.215	EA31337 EURUSD,M1: OpenOrderIsAllowed(): Maximum open and pending orders reached the limit (MaxOrders).
0	17:37:38.671	EA31337 EURUSD,M1: OpenOrderIsAllowed(): Maximum open and pending orders reached the limit (MaxOrders).
0	17:38:10.545	EA31337 EURUSD,M1: OpenOrderIsAllowed(): Maximum open and pending orders reached the limit (MaxOrders).
0	17:39:09.068	EA31337 EURUSD,M1: OpenOrderIsAllowed(): Maximum open and pending orders reached the limit (MaxOrders).
2	17:42:40.874	EA31337 EURUSD,M1: modify #40771944 sell 0.01 EURUSD at 1.11732 sl: 1.12145 tp: 1.11113 ok
2	17:42:41.158	EA31337 EURUSD,M1: modify #40772042 sell 0.01 EURUSD at 1.11683 sl: 1.12103 tp: 1.11114 ok
2	17:42:41.847	EA31337 EURUSD,M1: modify #40772444 sell 0.01 EURUSD at 1.11590 sl: 1.12011 tp: 1.11312 ok
2	17:44:21.254	EA31337 EURUSD,M1: modify #40772444 sell 0.01 EURUSD at 1.11590 sl: 1.12011 tp: 1.11299 ok
2	17:46:16.395	EA31337 EURUSD,M1: modify #40771944 sell 0.01 EURUSD at 1.11732 sl: 1.12145 tp: 1.11112 ok
2	17:46:16.854	EA31337 EURUSD,M1: modify #40772042 sell 0.01 EURUSD at 1.11683 sl: 1.12103 tp: 1.11112 ok
2	17:50:15.550	EA31337 EURUSD,M1: modify #40771944 sell 0.01 EURUSD at 1.11732 sl: 1.12145 tp: 1.11111 ok
2	17:50:16.010	EA31337 EURUSD,M1: modify #40772042 sell 0.01 EURUSD at 1.11683 sl: 1.12103 tp: 1.11111 ok
2	17:53:36.748	EA31337 EURUSD,M1: modify #40771944 sell 0.01 EURUSD at 1.11732 sl: 1.12145 tp: 1.11100 ok
2	17:53:37.238	EA31337 EURUSD,M1: modify #40772042 sell 0.01 EURUSD at 1.11683 sl: 1.12103 tp: 1.11100 ok
2	17:53:37.644	EA31337 EURUSD,M1: modify #40772444 sell 0.01 EURUSD at 1.11590 sl: 1.12011 tp: 1.11282 ok
0	18:02:03.587	EA31337 EURUSD,M1: == New hour: 18
2	18:16:14.699	EA31337 EURUSD,M1: modify #40771944 sell 0.01 EURUSD at 1.11732 sl: 1.12145 tp: 1.11091 ok
2	18:16:15.312	EA31337 EURUSD,M1: modify #40772042 sell 0.01 EURUSD at 1.11683 sl: 1.12103 tp: 1.11091 ok
2	18:17:58.401	EA31337 EURUSD,M1: modify #40771944 sell 0.01 EURUSD at 1.11732 sl: 1.12145 tp: 1.11080 ok
2	18:17:58.886	EA31337 EURUSD,M1: modify #40772042 sell 0.01 EURUSD at 1.11683 sl: 1.12103 tp: 1.11080 ok
2	18:21:37.981	EA31337 EURUSD,M1: modify #40771944 sell 0.01 EURUSD at 1.11732 sl: 1.12145 tp: 1.11070 ok
2	18:21:38.472	EA31337 EURUSD,M1: modify #40772042 sell 0.01 EURUSD at 1.11683 sl: 1.12103 tp: 1.11070 ok
2	18:28:52.985	EA31337 EURUSD,M1: modify #40771944 sell 0.01 EURUSD at 1.11732 sl: 1.12145 tp: 1.11050 ok
2	18:28:53.562	EA31337 EURUSD,M1: modify #40772042 sell 0.01 EURUSD at 1.11683 sl: 1.12103 tp: 1.11050 ok
2	18:28:54.089	EA31337 EURUSD,M1: modify #40772444 sell 0.01 EURUSD at 1.11590 sl: 1.12011 tp: 1.11237 ok
2	18:30:32.980	EA31337 EURUSD,M1: modify #40771944 sell 0.01 EURUSD at 1.11732 sl: 1.12145 tp: 1.11042 ok
2	18:30:33.404	EA31337 EURUSD,M1: modify #40772042 sell 0.01 EURUSD at 1.11683 sl: 1.12103 tp: 1.11041 ok
2	18:32:30.762	EA31337 EURUSD,M1: modify #40771944 sell 0.01 EURUSD at 1.11732 sl: 1.12145 tp: 1.11037 ok
2	18:32:30.993	EA31337 EURUSD,M1: modify #40772042 sell 0.01 EURUSD at 1.11683 sl: 1.12103 tp: 1.11037 ok
2	18:33:13.493	EA31337 EURUSD,M1: modify #40771944 sell 0.01 EURUSD at 1.11732 sl: 1.12145 tp: 1.11010 ok
2	18:33:13.790	EA31337 EURUSD,M1: modify #40772042 sell 0.01 EURUSD at 1.11683 sl: 1.12103 tp: 1.11010 ok
2	18:33:14.180	EA31337 EURUSD,M1: modify #40772444 sell 0.01 EURUSD at 1.11590 sl: 1.12011 tp: 1.11221 ok
2	18:35:15.685	EA31337 EURUSD,M1: modify #40772444 sell 0.01 EURUSD at 1.11590 sl: 1.12011 tp: 1.11203 ok
2	19:01:55.918	EA31337 EURUSD,M1: modify #40771944 sell 0.01 EURUSD at 1.11732 sl: 1.12145 tp: 1.11005 ok
2	19:01:56.530	EA31337 EURUSD,M1: modify #40772042 sell 0.01 EURUSD at 1.11683 sl: 1.12103 tp: 1.11005 ok
0	19:02:13.697	EA31337 EURUSD,M1: == New hour: 19
2	19:04:22.606	EA31337 EURUSD,M1: modify #40771944 sell 0.01 EURUSD at 1.11732 sl: 1.12145 tp: 1.10982 ok
2	19:04:23.050	EA31337 EURUSD,M1: modify #40772042 sell 0.01 EURUSD at 1.11683 sl: 1.12103 tp: 1.10980 ok
2	19:06:06.397	EA31337 EURUSD,M1: modify #40772444 sell 0.01 EURUSD at 1.11590 sl: 1.12011 tp: 1.11196 ok
2	19:07:59.173	EA31337 EURUSD,M1: modify #40771944 sell 0.01 EURUSD at 1.11732 sl: 1.12145 tp: 1.10963 ok
2	19:07:59.624	EA31337 EURUSD,M1: modify #40772042 sell 0.01 EURUSD at 1.11683 sl: 1.12103 tp: 1.10963 ok
2	19:10:46.836	EA31337 EURUSD,M1: modify #40772444 sell 0.01 EURUSD at 1.11590 sl: 1.12011 tp: 1.11191 ok
2	19:37:09.483	EA31337 EURUSD,M1: modify #40771944 sell 0.01 EURUSD at 1.11732 sl: 1.12145 tp: 1.10952 ok
2	19:37:09.873	EA31337 EURUSD,M1: modify #40772042 sell 0.01 EURUSD at 1.11683 sl: 1.12103 tp: 1.10952 ok
2	19:42:21.816	EA31337 EURUSD,M1: modify #40771944 sell 0.01 EURUSD at 1.11732 sl: 1.12145 tp: 1.10923 ok
2	19:42:22.263	EA31337 EURUSD,M1: modify #40772042 sell 0.01 EURUSD at 1.11683 sl: 1.12103 tp: 1.10924 ok
2	19:44:18.032	EA31337 EURUSD,M1: modify #40772444 sell 0.01 EURUSD at 1.11590 sl: 1.12011 tp: 1.11173 ok
2	19:47:07.967	EA31337 EURUSD,M1: modify #40771944 sell 0.01 EURUSD at 1.11732 sl: 1.12145 tp: 1.10915 ok
2	19:47:08.540	EA31337 EURUSD,M1: modify #40772042 sell 0.01 EURUSD at 1.11683 sl: 1.12103 tp: 1.10915 ok
2	19:47:08.828	EA31337 EURUSD,M1: modify #40772444 sell 0.01 EURUSD at 1.11590 sl: 1.12011 tp: 1.11100 ok
2	19:49:30.839	EA31337 EURUSD,M1: modify #40771944 sell 0.01 EURUSD at 1.11732 sl: 1.12145 tp: 1.10913 ok
2	19:49:31.123	EA31337 EURUSD,M1: modify #40772042 sell 0.01 EURUSD at 1.11683 sl: 1.12103 tp: 1.10914 ok
0	20:01:07.567	EA31337 EURUSD,M1: == New hour: 20
0	20:59:12.096	EA31337 EURUSD,M1: OpenOrderIsAllowed(): Maximum open and pending orders reached the limit (MaxOrders).
0	20:59:12.096	EA31337 EURUSD,M1: OpenOrderIsAllowed(): Maximum open and pending orders reached the limit (MaxOrders).
0	20:59:12.096	EA31337 EURUSD,M1: OpenOrderIsAllowed(): Maximum open and pending orders reached the limit (MaxOrders).
0	20:59:12.096	EA31337 EURUSD,M1: OpenOrderIsAllowed(): Maximum open and pending orders reached the limit (MaxOrders).
0	20:59:12.096	EA31337 EURUSD,M1: OpenOrderIsAllowed(): Maximum open and pending orders reached the limit (MaxOrders).
0	20:59:12.096	EA31337 EURUSD,M1: OpenOrderIsAllowed(): Maximum open and pending orders reached the limit (MaxOrders).
