0	00:00:33.403	EA31337 EURUSD,M1: ActionExecute(): Account Details: Time: 2015.10.21 23:59:33; Account Balance: $2810.03; Account Equity: $2806.73; Used Margin: $300.00; Free Margin: $2506.73; No of Orders: 30 (BUY/SELL: 15/15); Risk Ratio: 0.8Stats: Alligator M1: 6%, Alligator M5: 6%, Alligator M15: 3%, Bands M1: 6%, Bands M15: 3%, Bands M30: 3%, DeMarker M1: 6%, DeMarker M15: 3%, Envelopes M1: 3%, Fractals M30: 3%, MA M5: 3%, MACD M1: 6%, MACD M5: 3%, MACD M15: 6%, SAR M1: 3%, SAR M15: 3%, 
Open Orders: 30 +15/-15 [0.30 lots] (other: 0)
0	00:01:14.260	EA31337 EURUSD,M1: == New hour: 0
0	00:01:14.260	EA31337 EURUSD,M1: == New day (day of month: 22; day of year: 295) ==
0	00:01:14.260	EA31337 EURUSD,M1: Daily max: Tick: 1.9; Spread: 56; Max orders: 30; Loss: 0; Profit: 0; Equity: 2809.53; Balance: 2810.03; 
0	00:01:14.260	EA31337 EURUSD,M1: Daily SAR stats: Period: 0, Buy: 52 / Sell: 184; Period: 1, Buy: 30 / Sell: 95; Period: 2, Buy: 20 / Sell: 164; Period: 3, Buy: 3 / Sell: 189; Period: 4, Buy: 0 / Sell: 0; Period: 5, Buy: 0 / Sell: 0; Period: 6, Buy: 0 / Sell: 0; Period: 7, Buy: 0 / Sell: 0; Period: 8, Buy: 0 / Sell: 0; 
0	00:01:14.260	EA31337 EURUSD,M1: Daily strategy stats: 
2	00:32:00.006	EA31337 EURUSD,M1: close #42773937 buy 0.01 EURUSD at 1.13398 sl: 1.12978 tp: 1.13619 at price 1.13403
0	00:32:00.039	EA31337 EURUSD,M1: CloseOrder(): Closed order 42773937 with profit 0.13 pips, reason: None (inactive); Order Details: Ticket: 42773937; Time: 2015.10.22 00:31:45; Comment: | spread: 2.0; Commision: 0; Symbol: EURUSD; Type: Buy; Expiration: 0; Open Price: 1.13398; Close Price: 1.13403; Take Profit: 0.05; Stop Loss: 1.1298; Swap: -0.08; Lot size: 0.01; 
0	00:32:00.103	EA31337 EURUSD,M1: CloseOrdersByType():Closed 1 orders (0, 13) on market change with total profit of : 0.13 pips (0 failed)
0	00:32:00.103	EA31337 EURUSD,M1: ExecuteOrder(): MarketInfo: Symbol: EURUSD; Ask: 1.13425; Bid: 1.13403; Spread: 22 points = 2.2 pips; 
2	00:32:00.883	EA31337 EURUSD,M1: open #42780082 sell 0.01 EURUSD at 1.13404 sl: 1.13825 tp: 1.13271 ok
0	00:32:00.883	EA31337 EURUSD,M1: #42780082 2015.10.22 00:31:50 sell 0.01 EURUSD 1.13404 1.13825 1.13271 1.13426 0.00 0.00 -0.22 | spread: 2.2 31352
0	00:32:00.883	EA31337 EURUSD,M1: ExecuteOrder(): Order Details: Ticket: 42780082; Time: 2015.10.22 00:31:45; Comment: | spread: 2.2; Commision: 0; Symbol: EURUSD; Type: Sell; Expiration: 0; Open Price: 1.13404; Close Price: 1.13426; Take Profit: -0.22; Stop Loss: 1.1383; Swap: 0; Lot size: 0.01; Account Details: Time: 2015.10.22 00:31:45; Account Balance: $2810.00; Account Equity: $2806.50; Used Margin: $300.00; Free Margin: $2506.50; No of Orders: 30 (BUY/SELL: 14/16); Risk Ratio: 0.8
0	00:32:11.056	EA31337 EURUSD,M1: OpenOrderIsAllowed(): Maximum open and pending orders reached the limit (MaxOrders).
0	00:32:11.482	EA31337 EURUSD,M1: OpenOrderIsAllowed(): Maximum open and pending orders reached the limit (MaxOrders).
0	00:32:19.633	EA31337 EURUSD,M1: OpenOrderIsAllowed(): Maximum open and pending orders reached the limit (MaxOrders).
0	00:32:20.117	EA31337 EURUSD,M1: OpenOrderIsAllowed(): Maximum open and pending orders reached the limit (MaxOrders).
0	00:32:20.117	EA31337 EURUSD,M1: OpenOrderIsAllowed(): Maximum open and pending orders reached the limit (MaxOrders).
0	00:32:22.295	EA31337 EURUSD,M1: OpenOrderIsAllowed(): Maximum open and pending orders reached the limit (MaxOrders).
0	00:32:30.171	EA31337 EURUSD,M1: OpenOrderIsAllowed(): Maximum open and pending orders reached the limit (MaxOrders).
0	00:45:03.165	EA31337 EURUSD,M1: OpenOrderIsAllowed(): Maximum open and pending orders reached the limit (MaxOrders).
2	00:56:38.821	EA31337 EURUSD,M1: modify #42745694 sell 0.01 EURUSD at 1.13640 sl: 1.14055 tp: 1.12901 ok
2	00:56:39.672	EA31337 EURUSD,M1: modify #42746978 sell 0.01 EURUSD at 1.13567 sl: 1.13989 tp: 1.12903 ok
2	00:56:40.119	EA31337 EURUSD,M1: modify #42748415 sell 0.01 EURUSD at 1.13593 sl: 1.14013 tp: 1.12903 ok
2	00:56:40.650	EA31337 EURUSD,M1: modify #42750099 sell 0.01 EURUSD at 1.13493 sl: 1.13910 tp: 1.12903 ok
2	00:56:41.218	EA31337 EURUSD,M1: modify #42755271 sell 0.01 EURUSD at 1.13756 sl: 1.14178 tp: 1.12903 ok
2	00:56:41.547	EA31337 EURUSD,M1: modify #42756644 sell 0.01 EURUSD at 1.13608 sl: 1.14029 tp: 1.12903 ok
2	00:56:41.949	EA31337 EURUSD,M1: modify #42756942 sell 0.01 EURUSD at 1.13581 sl: 1.14002 tp: 1.12903 ok
2	00:56:42.314	EA31337 EURUSD,M1: modify #42765720 sell 0.01 EURUSD at 1.13447 sl: 1.13863 tp: 1.12903 ok
2	00:56:42.884	EA31337 EURUSD,M1: modify #42768713 sell 0.01 EURUSD at 1.13553 sl: 1.13973 tp: 1.12901 ok
2	00:56:48.205	EA31337 EURUSD,M1: modify #42770703 sell 0.01 EURUSD at 1.13448 sl: 1.13868 tp: 1.12901 ok
2	00:56:48.651	EA31337 EURUSD,M1: modify #42772468 sell 0.01 EURUSD at 1.13534 sl: 1.13953 tp: 1.12902 ok
2	00:56:49.300	EA31337 EURUSD,M1: modify #42777614 sell 0.01 EURUSD at 1.13372 sl: 1.13789 tp: 1.12902 ok
2	00:58:53.155	EA31337 EURUSD,M1: modify #42745694 sell 0.01 EURUSD at 1.13640 sl: 1.14055 tp: 1.12874 ok
2	00:58:54.169	EA31337 EURUSD,M1: modify #42746978 sell 0.01 EURUSD at 1.13567 sl: 1.13989 tp: 1.12874 ok
2	00:58:55.472	EA31337 EURUSD,M1: modify #42748415 sell 0.01 EURUSD at 1.13593 sl: 1.14013 tp: 1.12874 ok
2	00:58:56.044	EA31337 EURUSD,M1: modify #42750099 sell 0.01 EURUSD at 1.13493 sl: 1.13910 tp: 1.12872 ok
2	00:58:56.405	EA31337 EURUSD,M1: modify #42755271 sell 0.01 EURUSD at 1.13756 sl: 1.14178 tp: 1.12873 ok
2	00:58:56.811	EA31337 EURUSD,M1: modify #42756644 sell 0.01 EURUSD at 1.13608 sl: 1.14029 tp: 1.12873 ok
2	00:58:57.343	EA31337 EURUSD,M1: modify #42756942 sell 0.01 EURUSD at 1.13581 sl: 1.14002 tp: 1.12873 ok
2	00:58:57.870	EA31337 EURUSD,M1: modify #42765720 sell 0.01 EURUSD at 1.13447 sl: 1.13863 tp: 1.12873 ok
2	00:58:58.239	EA31337 EURUSD,M1: modify #42768713 sell 0.01 EURUSD at 1.13553 sl: 1.13973 tp: 1.12873 ok
2	00:58:58.605	EA31337 EURUSD,M1: modify #42770703 sell 0.01 EURUSD at 1.13448 sl: 1.13868 tp: 1.12873 ok
2	00:58:59.011	EA31337 EURUSD,M1: modify #42772468 sell 0.01 EURUSD at 1.13534 sl: 1.13953 tp: 1.12873 ok
2	00:58:59.623	EA31337 EURUSD,M1: modify #42777614 sell 0.01 EURUSD at 1.13372 sl: 1.13789 tp: 1.12873 ok
2	01:00:53.091	EA31337 EURUSD,M1: modify #42780082 sell 0.01 EURUSD at 1.13404 sl: 1.13825 tp: 1.13265 ok
0	01:01:31.051	EA31337 EURUSD,M1: == New hour: 1
2	01:39:09.730	EA31337 EURUSD,M1: modify #42776567 buy 0.01 EURUSD at 1.13409 sl: 1.12987 tp: 1.13709 ok
2	01:46:48.968	EA31337 EURUSD,M1: modify #42774933 buy 0.01 EURUSD at 1.13402 sl: 1.12982 tp: 1.13942 ok
2	01:46:49.454	EA31337 EURUSD,M1: modify #42776567 buy 0.01 EURUSD at 1.13409 sl: 1.12987 tp: 1.13723 ok
2	01:46:49.913	EA31337 EURUSD,M1: modify #42776942 buy 0.01 EURUSD at 1.13424 sl: 1.12968 tp: 1.13942 ok
2	01:47:02.420	EA31337 EURUSD,M1: modify #42774933 buy 0.01 EURUSD at 1.13402 sl: 1.12982 tp: 1.13963 ok
2	01:47:02.813	EA31337 EURUSD,M1: modify #42776567 buy 0.01 EURUSD at 1.13409 sl: 1.12987 tp: 1.13724 ok
2	01:47:03.430	EA31337 EURUSD,M1: modify #42776942 buy 0.01 EURUSD at 1.13424 sl: 1.12968 tp: 1.13962 ok
2	01:47:50.495	EA31337 EURUSD,M1: modify #42776567 buy 0.01 EURUSD at 1.13409 sl: 1.12987 tp: 1.13752 ok
0	02:00:13.429	EA31337 EURUSD,M1: == New hour: 2
0	03:07:50.600	EA31337 EURUSD,M1: == New hour: 3
0	04:19:21.249	EA31337 EURUSD,M1: == New hour: 4
0	05:04:18.945	EA31337 EURUSD,M1: == New hour: 5
2	05:27:49.503	EA31337 EURUSD,M1: modify #42760098 sell 0.01 EURUSD at 1.13504 sl: 1.13928 tp: 1.13259 ok
2	05:35:27.327	EA31337 EURUSD,M1: modify #42745694 sell 0.01 EURUSD at 1.13640 sl: 1.14055 tp: 1.12863 ok
2	05:35:27.776	EA31337 EURUSD,M1: modify #42746978 sell 0.01 EURUSD at 1.13567 sl: 1.13989 tp: 1.12863 ok
2	05:35:28.332	EA31337 EURUSD,M1: modify #42748415 sell 0.01 EURUSD at 1.13593 sl: 1.14013 tp: 1.12863 ok
2	05:35:28.689	EA31337 EURUSD,M1: modify #42750099 sell 0.01 EURUSD at 1.13493 sl: 1.13910 tp: 1.12863 ok
2	05:35:29.077	EA31337 EURUSD,M1: modify #42755271 sell 0.01 EURUSD at 1.13756 sl: 1.14178 tp: 1.12863 ok
2	05:35:30.055	EA31337 EURUSD,M1: modify #42756644 sell 0.01 EURUSD at 1.13608 sl: 1.14029 tp: 1.12863 ok
2	05:35:30.383	EA31337 EURUSD,M1: modify #42756942 sell 0.01 EURUSD at 1.13581 sl: 1.14002 tp: 1.12863 ok
2	05:35:30.643	EA31337 EURUSD,M1: modify #42765720 sell 0.01 EURUSD at 1.13447 sl: 1.13863 tp: 1.12863 ok
2	05:35:31.065	EA31337 EURUSD,M1: modify #42768713 sell 0.01 EURUSD at 1.13553 sl: 1.13973 tp: 1.12863 ok
2	05:35:31.588	EA31337 EURUSD,M1: modify #42770703 sell 0.01 EURUSD at 1.13448 sl: 1.13868 tp: 1.12863 ok
2	05:35:32.103	EA31337 EURUSD,M1: modify #42772468 sell 0.01 EURUSD at 1.13534 sl: 1.13953 tp: 1.12863 ok
2	05:35:32.396	EA31337 EURUSD,M1: modify #42777614 sell 0.01 EURUSD at 1.13372 sl: 1.13789 tp: 1.12863 ok
2	05:39:57.427	EA31337 EURUSD,M1: modify #42743611 sell 0.01 EURUSD at 1.13488 sl: 1.13912 tp: 1.13247 ok
2	05:39:57.820	EA31337 EURUSD,M1: modify #42760098 sell 0.01 EURUSD at 1.13504 sl: 1.13928 tp: 1.13239 ok
2	05:43:36.027	EA31337 EURUSD,M1: modify #42760098 sell 0.01 EURUSD at 1.13504 sl: 1.13928 tp: 1.13234 ok
2	05:56:23.299	EA31337 EURUSD,M1: modify #42745694 sell 0.01 EURUSD at 1.13640 sl: 1.14055 tp: 1.12843 ok
2	05:56:23.655	EA31337 EURUSD,M1: modify #42746978 sell 0.01 EURUSD at 1.13567 sl: 1.13989 tp: 1.12843 ok
2	05:56:24.175	EA31337 EURUSD,M1: modify #42748415 sell 0.01 EURUSD at 1.13593 sl: 1.14013 tp: 1.12843 ok
2	05:56:24.662	EA31337 EURUSD,M1: modify #42750099 sell 0.01 EURUSD at 1.13493 sl: 1.13910 tp: 1.12843 ok
2	05:56:25.056	EA31337 EURUSD,M1: modify #42755271 sell 0.01 EURUSD at 1.13756 sl: 1.14178 tp: 1.12842 ok
2	05:56:25.380	EA31337 EURUSD,M1: modify #42756644 sell 0.01 EURUSD at 1.13608 sl: 1.14029 tp: 1.12844 ok
2	05:56:25.799	EA31337 EURUSD,M1: modify #42756942 sell 0.01 EURUSD at 1.13581 sl: 1.14002 tp: 1.12844 ok
2	05:56:26.382	EA31337 EURUSD,M1: modify #42760098 sell 0.01 EURUSD at 1.13504 sl: 1.13928 tp: 1.13206 ok
2	05:56:26.935	EA31337 EURUSD,M1: modify #42765720 sell 0.01 EURUSD at 1.13447 sl: 1.13863 tp: 1.12843 ok
2	05:56:27.362	EA31337 EURUSD,M1: modify #42768713 sell 0.01 EURUSD at 1.13553 sl: 1.13973 tp: 1.12843 ok
2	05:56:27.783	EA31337 EURUSD,M1: modify #42770703 sell 0.01 EURUSD at 1.13448 sl: 1.13868 tp: 1.12843 ok
2	05:56:28.269	EA31337 EURUSD,M1: modify #42772468 sell 0.01 EURUSD at 1.13534 sl: 1.13953 tp: 1.12843 ok
2	05:56:28.529	EA31337 EURUSD,M1: modify #42777614 sell 0.01 EURUSD at 1.13372 sl: 1.13789 tp: 1.12843 ok
2	05:59:23.331	EA31337 EURUSD,M1: modify #42745694 sell 0.01 EURUSD at 1.13640 sl: 1.14055 tp: 1.12826 ok
2	05:59:23.816	EA31337 EURUSD,M1: modify #42746978 sell 0.01 EURUSD at 1.13567 sl: 1.13989 tp: 1.12826 ok
2	05:59:24.141	EA31337 EURUSD,M1: modify #42748415 sell 0.01 EURUSD at 1.13593 sl: 1.14013 tp: 1.12826 ok
2	05:59:24.563	EA31337 EURUSD,M1: modify #42750099 sell 0.01 EURUSD at 1.13493 sl: 1.13910 tp: 1.12826 ok
2	05:59:25.054	EA31337 EURUSD,M1: modify #42755271 sell 0.01 EURUSD at 1.13756 sl: 1.14178 tp: 1.12826 ok
2	05:59:25.513	EA31337 EURUSD,M1: modify #42756644 sell 0.01 EURUSD at 1.13608 sl: 1.14029 tp: 1.12826 ok
2	05:59:25.940	EA31337 EURUSD,M1: modify #42756942 sell 0.01 EURUSD at 1.13581 sl: 1.14002 tp: 1.12826 ok
2	05:59:26.331	EA31337 EURUSD,M1: modify #42765720 sell 0.01 EURUSD at 1.13447 sl: 1.13863 tp: 1.12826 ok
2	05:59:26.816	EA31337 EURUSD,M1: modify #42768713 sell 0.01 EURUSD at 1.13553 sl: 1.13973 tp: 1.12826 ok
2	05:59:27.206	EA31337 EURUSD,M1: modify #42770703 sell 0.01 EURUSD at 1.13448 sl: 1.13868 tp: 1.12826 ok
2	05:59:27.498	EA31337 EURUSD,M1: modify #42772468 sell 0.01 EURUSD at 1.13534 sl: 1.13953 tp: 1.12826 ok
2	05:59:27.952	EA31337 EURUSD,M1: modify #42777614 sell 0.01 EURUSD at 1.13372 sl: 1.13789 tp: 1.12826 ok
0	06:00:14.198	EA31337 EURUSD,M1: == New hour: 6
2	06:01:59.293	EA31337 EURUSD,M1: modify #42743611 sell 0.01 EURUSD at 1.13488 sl: 1.13912 tp: 1.13207 ok
2	06:01:59.715	EA31337 EURUSD,M1: modify #42760098 sell 0.01 EURUSD at 1.13504 sl: 1.13928 tp: 1.13200 ok
0	06:05:21.287	EA31337 EURUSD,M1: OpenOrderIsAllowed(): Maximum open and pending orders reached the limit (MaxOrders).
2	06:05:46.284	EA31337 EURUSD,M1: modify #42743611 sell 0.01 EURUSD at 1.13488 sl: 1.13912 tp: 1.13200 ok
2	06:08:42.053	EA31337 EURUSD,M1: modify #42743611 sell 0.01 EURUSD at 1.13488 sl: 1.13912 tp: 1.13196 ok
2	06:08:42.507	EA31337 EURUSD,M1: modify #42760098 sell 0.01 EURUSD at 1.13504 sl: 1.13928 tp: 1.13198 ok
2	06:10:44.854	EA31337 EURUSD,M1: modify #42743611 sell 0.01 EURUSD at 1.13488 sl: 1.13912 tp: 1.13194 ok
2	06:10:45.409	EA31337 EURUSD,M1: modify #42780082 sell 0.01 EURUSD at 1.13404 sl: 1.13825 tp: 1.13255 ok
2	06:48:55.771	EA31337 EURUSD,M1: modify #42780082 sell 0.01 EURUSD at 1.13404 sl: 1.13825 tp: 1.13253 ok
0	07:00:15.433	EA31337 EURUSD,M1: == New hour: 7
0	07:17:26.303	EA31337 EURUSD,M1: ExecuteOrder(): MarketInfo: Symbol: EURUSD; Ask: 1.13175; Bid: 1.13151; Spread: 24 points = 2.4 pips; 
2	07:17:27.053	EA31337 EURUSD,M1: open #42789787 buy 0.01 EURUSD at 1.13160 sl: 1.12751 tp: 1.13545 ok
0	07:17:27.053	EA31337 EURUSD,M1: #42789787 2015.10.22 07:17:16 buy 0.01 EURUSD 1.13160 1.12751 1.13545 1.13138 0.00 0.00 -0.22 | spread: 2.6 31349
0	07:17:27.053	EA31337 EURUSD,M1: ExecuteOrder(): Order Details: Ticket: 42789787; Time: 2015.10.22 07:17:08; Comment: | spread: 2.6; Commision: 0; Symbol: EURUSD; Type: Buy; Expiration: 0; Open Price: 1.13160; Close Price: 1.13138; Take Profit: -0.22; Stop Loss: 1.1275; Swap: 0; Lot size: 0.01; Account Details: Time: 2015.10.22 07:17:08; Account Balance: $2783.19; Account Equity: $2813.52; Used Margin: $200.00; Free Margin: $2613.52; No of Orders: 27 (BUY/SELL: 7/13); Risk Ratio: 0.8
2	07:19:22.089	EA31337 EURUSD,M1: modify #42745694 sell 0.01 EURUSD at 1.13640 sl: 1.14055 tp: 1.12737 ok
2	07:19:22.482	EA31337 EURUSD,M1: modify #42746978 sell 0.01 EURUSD at 1.13567 sl: 1.13989 tp: 1.12737 ok
2	07:19:23.033	EA31337 EURUSD,M1: modify #42747693 sell 0.01 EURUSD at 1.13587 sl: 1.14009 tp: 1.12805 ok
2	07:19:23.358	EA31337 EURUSD,M1: modify #42748415 sell 0.01 EURUSD at 1.13593 sl: 1.14013 tp: 1.12737 ok
2	07:19:23.654	EA31337 EURUSD,M1: modify #42750099 sell 0.01 EURUSD at 1.13493 sl: 1.13910 tp: 1.12736 ok
2	07:19:24.108	EA31337 EURUSD,M1: modify #42755271 sell 0.01 EURUSD at 1.13756 sl: 1.14178 tp: 1.12736 ok
2	07:19:24.497	EA31337 EURUSD,M1: modify #42756644 sell 0.01 EURUSD at 1.13608 sl: 1.14029 tp: 1.12737 ok
2	07:19:24.890	EA31337 EURUSD,M1: modify #42756942 sell 0.01 EURUSD at 1.13581 sl: 1.14002 tp: 1.12736 ok
2	07:19:25.280	EA31337 EURUSD,M1: modify #42765720 sell 0.01 EURUSD at 1.13447 sl: 1.13863 tp: 1.12736 ok
2	07:19:25.739	EA31337 EURUSD,M1: modify #42768713 sell 0.01 EURUSD at 1.13553 sl: 1.13973 tp: 1.12735 ok
2	07:19:26.132	EA31337 EURUSD,M1: modify #42770703 sell 0.01 EURUSD at 1.13448 sl: 1.13868 tp: 1.12737 ok
2	07:19:26.554	EA31337 EURUSD,M1: modify #42772468 sell 0.01 EURUSD at 1.13534 sl: 1.13953 tp: 1.12736 ok
2	07:19:26.850	EA31337 EURUSD,M1: modify #42777614 sell 0.01 EURUSD at 1.13372 sl: 1.13789 tp: 1.12736 ok
2	07:21:52.546	EA31337 EURUSD,M1: modify #42789787 buy 0.01 EURUSD at 1.13160 sl: 1.12751 tp: 1.13587 ok
0	07:24:43.522	EA31337 EURUSD,M1: ExecuteOrder(): MarketInfo: Symbol: EURUSD; Ask: 1.13187; Bid: 1.13164; Spread: 23 points = 2.3 pips; 
2	07:24:44.078	EA31337 EURUSD,M1: open #42790320 buy 0.01 EURUSD at 1.13184 sl: 1.12764 tp: 1.13627 ok
0	07:24:44.078	EA31337 EURUSD,M1: #42790320 2015.10.22 07:24:33 buy 0.01 EURUSD 1.13184 1.12764 1.13627 1.13163 0.00 0.00 -0.21 | spread: 2.2 31410
0	07:24:44.078	EA31337 EURUSD,M1: ExecuteOrder(): Order Details: Ticket: 42790320; Time: 2015.10.22 07:23:29; Comment: | spread: 2.2; Commision: 0; Symbol: EURUSD; Type: Buy; Expiration: 0; Open Price: 1.13184; Close Price: 1.13163; Take Profit: -0.21; Stop Loss: 1.1276; Swap: 0; Lot size: 0.01; Account Details: Time: 2015.10.22 07:23:29; Account Balance: $2783.19; Account Equity: $2811.68; Used Margin: $210.00; Free Margin: $2601.68; No of Orders: 21 (BUY/SELL: 8/13); Risk Ratio: 0.8
2	07:25:10.031	EA31337 EURUSD,M1: modify #42745694 sell 0.01 EURUSD at 1.13640 sl: 1.14055 tp: 1.12723 ok
2	07:25:10.420	EA31337 EURUSD,M1: modify #42746978 sell 0.01 EURUSD at 1.13567 sl: 1.13989 tp: 1.12724 ok
2	07:25:10.745	EA31337 EURUSD,M1: modify #42748415 sell 0.01 EURUSD at 1.13593 sl: 1.14013 tp: 1.12724 ok
2	07:25:11.271	EA31337 EURUSD,M1: modify #42750099 sell 0.01 EURUSD at 1.13493 sl: 1.13910 tp: 1.12724 ok
2	07:25:11.717	EA31337 EURUSD,M1: modify #42755271 sell 0.01 EURUSD at 1.13756 sl: 1.14178 tp: 1.12723 ok
2	07:25:12.192	EA31337 EURUSD,M1: modify #42756644 sell 0.01 EURUSD at 1.13608 sl: 1.14029 tp: 1.12723 ok
2	07:25:12.618	EA31337 EURUSD,M1: modify #42756942 sell 0.01 EURUSD at 1.13581 sl: 1.14002 tp: 1.12723 ok
2	07:25:13.109	EA31337 EURUSD,M1: modify #42765720 sell 0.01 EURUSD at 1.13447 sl: 1.13863 tp: 1.12723 ok
2	07:25:13.656	EA31337 EURUSD,M1: modify #42768713 sell 0.01 EURUSD at 1.13553 sl: 1.13973 tp: 1.12723 ok
2	07:25:14.244	EA31337 EURUSD,M1: modify #42770703 sell 0.01 EURUSD at 1.13448 sl: 1.13868 tp: 1.12723 ok
2	07:25:14.955	EA31337 EURUSD,M1: modify #42772468 sell 0.01 EURUSD at 1.13534 sl: 1.13953 tp: 1.12723 ok
2	07:25:15.446	EA31337 EURUSD,M1: modify #42777614 sell 0.01 EURUSD at 1.13372 sl: 1.13789 tp: 1.12723 ok
2	07:25:15.868	EA31337 EURUSD,M1: modify #42789787 buy 0.01 EURUSD at 1.13160 sl: 1.12751 tp: 1.13608 ok
0	07:25:27.586	EA31337 EURUSD,M1: OpenOrderIsAllowed(): DeMarker M1: Maximum open and pending orders per type reached the limit (MaxOrdersPerType).
2	07:27:23.422	EA31337 EURUSD,M1: modify #42745694 sell 0.01 EURUSD at 1.13640 sl: 1.14055 tp: 1.12687 ok
2	07:27:23.881	EA31337 EURUSD,M1: modify #42746978 sell 0.01 EURUSD at 1.13567 sl: 1.13989 tp: 1.12687 ok
2	07:27:24.208	EA31337 EURUSD,M1: modify #42747693 sell 0.01 EURUSD at 1.13587 sl: 1.14009 tp: 1.12717 ok
2	07:27:24.624	EA31337 EURUSD,M1: modify #42748415 sell 0.01 EURUSD at 1.13593 sl: 1.14013 tp: 1.12690 ok
2	07:27:25.111	EA31337 EURUSD,M1: modify #42750099 sell 0.01 EURUSD at 1.13493 sl: 1.13910 tp: 1.12686 ok
2	07:27:25.599	EA31337 EURUSD,M1: modify #42755271 sell 0.01 EURUSD at 1.13756 sl: 1.14178 tp: 1.12688 ok
2	07:27:25.988	EA31337 EURUSD,M1: modify #42756644 sell 0.01 EURUSD at 1.13608 sl: 1.14029 tp: 1.12688 ok
2	07:27:26.446	EA31337 EURUSD,M1: modify #42756942 sell 0.01 EURUSD at 1.13581 sl: 1.14002 tp: 1.12688 ok
2	07:27:26.905	EA31337 EURUSD,M1: modify #42765720 sell 0.01 EURUSD at 1.13447 sl: 1.13863 tp: 1.12688 ok
2	07:27:27.429	EA31337 EURUSD,M1: modify #42768713 sell 0.01 EURUSD at 1.13553 sl: 1.13973 tp: 1.12688 ok
2	07:27:27.851	EA31337 EURUSD,M1: modify #42770703 sell 0.01 EURUSD at 1.13448 sl: 1.13868 tp: 1.12686 ok
2	07:27:28.370	EA31337 EURUSD,M1: modify #42772468 sell 0.01 EURUSD at 1.13534 sl: 1.13953 tp: 1.12687 ok
2	07:27:28.987	EA31337 EURUSD,M1: modify #42777614 sell 0.01 EURUSD at 1.13372 sl: 1.13789 tp: 1.12686 ok
2	07:28:58.618	EA31337 EURUSD,M1: modify #42745694 sell 0.01 EURUSD at 1.13640 sl: 1.14055 tp: 1.12671 ok
2	07:28:58.943	EA31337 EURUSD,M1: modify #42746978 sell 0.01 EURUSD at 1.13567 sl: 1.13989 tp: 1.12671 ok
2	07:28:59.467	EA31337 EURUSD,M1: modify #42747693 sell 0.01 EURUSD at 1.13587 sl: 1.14009 tp: 1.12712 ok
2	07:28:59.889	EA31337 EURUSD,M1: modify #42748415 sell 0.01 EURUSD at 1.13593 sl: 1.14013 tp: 1.12672 ok
2	07:29:00.209	EA31337 EURUSD,M1: modify #42750099 sell 0.01 EURUSD at 1.13493 sl: 1.13910 tp: 1.12672 ok
2	07:29:00.700	EA31337 EURUSD,M1: modify #42755271 sell 0.01 EURUSD at 1.13756 sl: 1.14178 tp: 1.12672 ok
2	07:29:01.155	EA31337 EURUSD,M1: modify #42756644 sell 0.01 EURUSD at 1.13608 sl: 1.14029 tp: 1.12672 ok
2	07:29:01.512	EA31337 EURUSD,M1: modify #42756942 sell 0.01 EURUSD at 1.13581 sl: 1.14002 tp: 1.12672 ok
2	07:29:01.841	EA31337 EURUSD,M1: modify #42765720 sell 0.01 EURUSD at 1.13447 sl: 1.13863 tp: 1.12672 ok
2	07:29:02.296	EA31337 EURUSD,M1: modify #42768713 sell 0.01 EURUSD at 1.13553 sl: 1.13973 tp: 1.12672 ok
2	07:29:02.755	EA31337 EURUSD,M1: modify #42770703 sell 0.01 EURUSD at 1.13448 sl: 1.13868 tp: 1.12672 ok
2	07:29:03.274	EA31337 EURUSD,M1: modify #42772468 sell 0.01 EURUSD at 1.13534 sl: 1.13953 tp: 1.12672 ok
2	07:29:03.631	EA31337 EURUSD,M1: modify #42777614 sell 0.01 EURUSD at 1.13372 sl: 1.13789 tp: 1.12671 ok
2	07:29:04.252	EA31337 EURUSD,M1: modify #42789787 buy 0.01 EURUSD at 1.13160 sl: 1.12751 tp: 1.13609 ok
0	07:29:14.600	EA31337 EURUSD,M1: ExecuteOrder(): MarketInfo: Symbol: EURUSD; Ask: 1.13144; Bid: 1.13123; Spread: 21 points = 2.1 pips; 
2	07:29:15.411	EA31337 EURUSD,M1: open #42790671 buy 0.01 EURUSD at 1.13145 sl: 1.12723 tp: 1.13507 ok
0	07:29:15.411	EA31337 EURUSD,M1: #42790671 2015.10.22 07:29:04 buy 0.01 EURUSD 1.13145 1.12723 1.13507 1.13124 0.00 0.00 -0.21 | spread: 2.2 31350
0	07:29:15.411	EA31337 EURUSD,M1: ExecuteOrder(): Order Details: Ticket: 42790671; Time: 2015.10.22 07:28:57; Comment: | spread: 2.2; Commision: 0; Symbol: EURUSD; Type: Buy; Expiration: 0; Open Price: 1.13145; Close Price: 1.13124; Take Profit: -0.21; Stop Loss: 1.1272; Swap: 0; Lot size: 0.01; Account Details: Time: 2015.10.22 07:28:57; Account Balance: $2770.35; Account Equity: $2813.57; Used Margin: $190.00; Free Margin: $2623.57; No of Orders: 19 (BUY/SELL: 6/13); Risk Ratio: 0.8
2	07:33:55.844	EA31337 EURUSD,M1: modify #42790671 buy 0.01 EURUSD at 1.13145 sl: 1.12723 tp: 1.13518 ok
0	07:34:47.785	EA31337 EURUSD,M1: ExecuteOrder(): MarketInfo: Symbol: EURUSD; Ask: 1.13144; Bid: 1.13121; Spread: 23 points = 2.3 pips; 
2	07:34:48.466	EA31337 EURUSD,M1: open #42790956 buy 0.01 EURUSD at 1.13146 sl: 1.12721 tp: 1.13584 ok
0	07:34:48.466	EA31337 EURUSD,M1: #42790956 2015.10.22 07:34:37 buy 0.01 EURUSD 1.13146 1.12721 1.13584 1.13125 0.00 0.00 -0.21 | spread: 2.0 31409
0	07:34:48.466	EA31337 EURUSD,M1: ExecuteOrder(): Order Details: Ticket: 42790956; Time: 2015.10.22 07:33:49; Comment: | spread: 2.0; Commision: 0; Symbol: EURUSD; Type: Buy; Expiration: 0; Open Price: 1.13146; Close Price: 1.13125; Take Profit: -0.21; Stop Loss: 1.1272; Swap: 0; Lot size: 0.01; Account Details: Time: 2015.10.22 07:33:49; Account Balance: $2770.35; Account Equity: $2813.29; Used Margin: $200.00; Free Margin: $2613.29; No of Orders: 20 (BUY/SELL: 7/13); Risk Ratio: 0.8
2	07:35:19.175	EA31337 EURUSD,M1: modify #42747693 sell 0.01 EURUSD at 1.13587 sl: 1.14009 tp: 1.12708 ok
2	07:35:19.565	EA31337 EURUSD,M1: modify #42790671 buy 0.01 EURUSD at 1.13145 sl: 1.12723 tp: 1.13521 ok
0	07:35:24.923	EA31337 EURUSD,M1: OpenOrderIsAllowed(): DeMarker M1: Maximum open and pending orders per type reached the limit (MaxOrdersPerType).
0	07:35:30.799	EA31337 EURUSD,M1: OpenOrderIsAllowed(): MACD M1: Maximum open and pending orders per type reached the limit (MaxOrdersPerType).
2	07:35:31.583	EA31337 EURUSD,M1: modify #42745694 sell 0.01 EURUSD at 1.13640 sl: 1.14055 tp: 1.12666 ok
2	07:35:31.975	EA31337 EURUSD,M1: modify #42746978 sell 0.01 EURUSD at 1.13567 sl: 1.13989 tp: 1.12666 ok
2	07:35:32.271	EA31337 EURUSD,M1: modify #42747693 sell 0.01 EURUSD at 1.13587 sl: 1.14009 tp: 1.12707 ok
2	07:35:32.729	EA31337 EURUSD,M1: modify #42790671 buy 0.01 EURUSD at 1.13145 sl: 1.12723 tp: 1.13527 ok
0	07:37:30.986	EA31337 EURUSD,M1: OpenOrderIsAllowed(): MACD M1: Maximum open and pending orders per type reached the limit (MaxOrdersPerType).
2	07:38:35.656	EA31337 EURUSD,M1: modify #42747693 sell 0.01 EURUSD at 1.13587 sl: 1.14009 tp: 1.12682 ok
2	07:38:36.045	EA31337 EURUSD,M1: modify #42790671 buy 0.01 EURUSD at 1.13145 sl: 1.12723 tp: 1.13531 ok
2	07:38:36.503	EA31337 EURUSD,M1: modify #42790956 buy 0.01 EURUSD at 1.13146 sl: 1.12721 tp: 1.13591 ok
0	07:40:36.865	EA31337 EURUSD,M1: OpenOrderIsAllowed(): MACD M1: Maximum open and pending orders per type reached the limit (MaxOrdersPerType).
0	07:41:24.665	EA31337 EURUSD,M1: ExecuteOrder(): MarketInfo: Symbol: EURUSD; Ask: 1.13153; Bid: 1.13132; Spread: 21 points = 2.1 pips; 
2	07:41:24.990	EA31337 EURUSD,M1: open #42791247 buy 0.01 EURUSD at 1.13153 sl: 1.12732 tp: 1.13593 ok
0	07:41:24.990	EA31337 EURUSD,M1: #42791247 2015.10.22 07:41:14 buy 0.01 EURUSD 1.13153 1.12732 1.13593 1.13132 0.00 0.00 -0.21 | spread: 1.8 31430
0	07:41:24.990	EA31337 EURUSD,M1: ExecuteOrder(): Order Details: Ticket: 42791247; Time: 2015.10.22 07:39:04; Comment: | spread: 1.8; Commision: 0; Symbol: EURUSD; Type: Buy; Expiration: 0; Open Price: 1.13153; Close Price: 1.13132; Take Profit: -0.21; Stop Loss: 1.1273; Swap: 0; Lot size: 0.01; Account Details: Time: 2015.10.22 07:39:04; Account Balance: $2770.35; Account Equity: $2812.66; Used Margin: $210.00; Free Margin: $2602.66; No of Orders: 21 (BUY/SELL: 8/13); Risk Ratio: 0.8
2	07:41:29.730	EA31337 EURUSD,M1: modify #42790956 buy 0.01 EURUSD at 1.13146 sl: 1.12721 tp: 1.13594 ok
0	07:42:20.240	EA31337 EURUSD,M1: OpenOrderIsAllowed(): MACD M1: Maximum open and pending orders per type reached the limit (MaxOrdersPerType).
2	07:42:32.559	EA31337 EURUSD,M1: modify #42790671 buy 0.01 EURUSD at 1.13145 sl: 1.12723 tp: 1.13537 ok
2	07:42:32.948	EA31337 EURUSD,M1: modify #42790956 buy 0.01 EURUSD at 1.13146 sl: 1.12721 tp: 1.13595 ok
2	07:42:33.402	EA31337 EURUSD,M1: modify #42791247 buy 0.01 EURUSD at 1.13153 sl: 1.12732 tp: 1.13595 ok
0	07:42:41.340	EA31337 EURUSD,M1: OpenOrderIsAllowed(): MACD M1: Maximum open and pending orders per type reached the limit (MaxOrdersPerType).
0	07:45:43.684	EA31337 EURUSD,M1: OpenOrderIsAllowed(): MACD M1: Maximum open and pending orders per type reached the limit (MaxOrdersPerType).
2	07:47:07.369	EA31337 EURUSD,M1: modify #42790671 buy 0.01 EURUSD at 1.13145 sl: 1.12723 tp: 1.13539 ok
0	07:47:22.356	EA31337 EURUSD,M1: ExecuteOrder(): MarketInfo: Symbol: EURUSD; Ask: 1.13127; Bid: 1.13106; Spread: 21 points = 2.1 pips; 
2	07:47:23.138	EA31337 EURUSD,M1: open #42791466 buy 0.01 EURUSD at 1.13128 sl: 1.12706 tp: 1.13567 ok
0	07:47:23.138	EA31337 EURUSD,M1: #42791466 2015.10.22 07:47:11 buy 0.01 EURUSD 1.13128 1.12706 1.13567 1.13107 0.00 0.00 -0.21 | spread: 2.1 31386
0	07:47:23.138	EA31337 EURUSD,M1: ExecuteOrder(): Order Details: Ticket: 42791466; Time: 2015.10.22 07:47:04; Comment: | spread: 2.1; Commision: 0; Symbol: EURUSD; Type: Buy; Expiration: 0; Open Price: 1.13128; Close Price: 1.13107; Take Profit: -0.21; Stop Loss: 1.1271; Swap: 0; Lot size: 0.01; Account Details: Time: 2015.10.22 07:47:04; Account Balance: $2770.35; Account Equity: $2813.70; Used Margin: $220.00; Free Margin: $2593.70; No of Orders: 22 (BUY/SELL: 9/13); Risk Ratio: 0.8
0	07:47:33.606	EA31337 EURUSD,M1: OpenOrderIsAllowed(): MACD M1: Maximum open and pending orders per type reached the limit (MaxOrdersPerType).
2	07:47:35.245	EA31337 EURUSD,M1: modify #42790671 buy 0.01 EURUSD at 1.13145 sl: 1.12723 tp: 1.13543 ok
2	07:47:35.671	EA31337 EURUSD,M1: modify #42791466 buy 0.01 EURUSD at 1.13128 sl: 1.12706 tp: 1.13575 ok
0	07:51:27.212	EA31337 EURUSD,M1: OpenOrderIsAllowed(): MACD M1: Maximum open and pending orders per type reached the limit (MaxOrdersPerType).
2	07:51:38.420	EA31337 EURUSD,M1: modify #42790956 buy 0.01 EURUSD at 1.13146 sl: 1.12721 tp: 1.13605 ok
2	07:51:38.777	EA31337 EURUSD,M1: modify #42791247 buy 0.01 EURUSD at 1.13153 sl: 1.12732 tp: 1.13606 ok
2	07:51:39.101	EA31337 EURUSD,M1: modify #42791466 buy 0.01 EURUSD at 1.13128 sl: 1.12706 tp: 1.13605 ok
0	07:54:41.698	EA31337 EURUSD,M1: ExecuteOrder(): MarketInfo: Symbol: EURUSD; Ask: 1.13141; Bid: 1.13118; Spread: 23 points = 2.3 pips; 
2	07:54:43.678	EA31337 EURUSD,M1: open #42791785 buy 0.01 EURUSD at 1.13141 sl: 1.12718 tp: 1.13581 ok
0	07:54:43.678	EA31337 EURUSD,M1: #42791785 2015.10.22 07:54:31 buy 0.01 EURUSD 1.13141 1.12718 1.13581 1.13118 0.00 0.00 -0.23 | spread: 2.1 31387
0	07:54:43.678	EA31337 EURUSD,M1: ExecuteOrder(): Order Details: Ticket: 42791785; Time: 2015.10.22 07:53:31; Comment: | spread: 2.1; Commision: 0; Symbol: EURUSD; Type: Buy; Expiration: 0; Open Price: 1.13141; Close Price: 1.13118; Take Profit: -0.23; Stop Loss: 1.1272; Swap: 0; Lot size: 0.01; Account Details: Time: 2015.10.22 07:53:31; Account Balance: $2770.35; Account Equity: $2812.77; Used Margin: $230.00; Free Margin: $2582.77; No of Orders: 23 (BUY/SELL: 10/13); Risk Ratio: 0.8
0	07:55:54.378	EA31337 EURUSD,M1: OpenOrderIsAllowed(): MACD M1: Maximum open and pending orders per type reached the limit (MaxOrdersPerType).
2	07:56:50.444	EA31337 EURUSD,M1: modify #42745694 sell 0.01 EURUSD at 1.13640 sl: 1.14055 tp: 1.12664 ok
2	07:56:50.766	EA31337 EURUSD,M1: modify #42746978 sell 0.01 EURUSD at 1.13567 sl: 1.13989 tp: 1.12665 ok
2	07:56:51.220	EA31337 EURUSD,M1: modify #42747693 sell 0.01 EURUSD at 1.13587 sl: 1.14009 tp: 1.12652 ok
2	07:56:51.669	EA31337 EURUSD,M1: modify #42748415 sell 0.01 EURUSD at 1.13593 sl: 1.14013 tp: 1.12664 ok
2	07:56:52.188	EA31337 EURUSD,M1: modify #42750099 sell 0.01 EURUSD at 1.13493 sl: 1.13910 tp: 1.12664 ok
2	07:56:52.610	EA31337 EURUSD,M1: modify #42755271 sell 0.01 EURUSD at 1.13756 sl: 1.14178 tp: 1.12664 ok
2	07:56:53.255	EA31337 EURUSD,M1: modify #42756644 sell 0.01 EURUSD at 1.13608 sl: 1.14029 tp: 1.12664 ok
2	07:56:53.705	EA31337 EURUSD,M1: modify #42756942 sell 0.01 EURUSD at 1.13581 sl: 1.14002 tp: 1.12665 ok
2	07:56:53.932	EA31337 EURUSD,M1: modify #42765720 sell 0.01 EURUSD at 1.13447 sl: 1.13863 tp: 1.12665 ok
2	07:56:54.358	EA31337 EURUSD,M1: modify #42768713 sell 0.01 EURUSD at 1.13553 sl: 1.13973 tp: 1.12664 ok
2	07:56:54.743	EA31337 EURUSD,M1: modify #42770703 sell 0.01 EURUSD at 1.13448 sl: 1.13868 tp: 1.12665 ok
2	07:56:55.429	EA31337 EURUSD,M1: modify #42772468 sell 0.01 EURUSD at 1.13534 sl: 1.13953 tp: 1.12665 ok
2	07:56:55.851	EA31337 EURUSD,M1: modify #42777614 sell 0.01 EURUSD at 1.13372 sl: 1.13789 tp: 1.12665 ok
0	07:58:42.501	EA31337 EURUSD,M1: OpenOrderIsAllowed(): MACD M1: Maximum open and pending orders per type reached the limit (MaxOrdersPerType).
2	08:00:31.412	EA31337 EURUSD,M1: modify #42790671 buy 0.01 EURUSD at 1.13145 sl: 1.12723 tp: 1.13544 ok
0	08:00:31.672	EA31337 EURUSD,M1: == New hour: 8
0	08:00:46.645	EA31337 EURUSD,M1: ExecuteOrder(): MarketInfo: Symbol: EURUSD; Ask: 1.13128; Bid: 1.13107; Spread: 21 points = 2.1 pips; 
2	08:00:47.290	EA31337 EURUSD,M1: open #42792090 sell 0.01 EURUSD at 1.13107 sl: 1.13528 tp: 1.12667 ok
0	08:00:47.290	EA31337 EURUSD,M1: #42792090 2015.10.22 08:00:36 sell 0.01 EURUSD 1.13107 1.13528 1.12667 1.13128 0.00 0.00 -0.21 | spread: 1.8 31363
0	08:00:47.290	EA31337 EURUSD,M1: ExecuteOrder(): Order Details: Ticket: 42792090; Time: 2015.10.22 08:00:20; Comment: | spread: 1.8; Commision: 0; Symbol: EURUSD; Type: Sell; Expiration: 0; Open Price: 1.13107; Close Price: 1.13128; Take Profit: -0.21; Stop Loss: 1.1353; Swap: 0; Lot size: 0.01; Account Details: Time: 2015.10.22 08:00:20; Account Balance: $2770.35; Account Equity: $2813.15; Used Margin: $240.00; Free Margin: $2573.15; No of Orders: 24 (BUY/SELL: 10/14); Risk Ratio: 0.9
0	08:00:47.323	EA31337 EURUSD,M1: OpenOrderIsAllowed(): Maximum open and pending orders reached the limit (MaxOrders).
0	08:01:05.712	EA31337 EURUSD,M1: OpenOrderIsAllowed(): Maximum open and pending orders reached the limit (MaxOrders).
0	08:01:05.712	EA31337 EURUSD,M1: OpenOrderIsAllowed(): Maximum open and pending orders reached the limit (MaxOrders).
0	08:01:05.712	EA31337 EURUSD,M1: OpenOrderIsAllowed(): Maximum open and pending orders reached the limit (MaxOrders).
0	08:02:10.828	EA31337 EURUSD,M1: OpenOrderIsAllowed(): Maximum open and pending orders reached the limit (MaxOrders).
0	08:02:10.828	EA31337 EURUSD,M1: OpenOrderIsAllowed(): Maximum open and pending orders reached the limit (MaxOrders).
0	08:02:10.828	EA31337 EURUSD,M1: OpenOrderIsAllowed(): Maximum open and pending orders reached the limit (MaxOrders).
2	08:02:23.481	EA31337 EURUSD,M1: modify #42790671 buy 0.01 EURUSD at 1.13145 sl: 1.12723 tp: 1.13545 ok
2	08:02:23.805	EA31337 EURUSD,M1: modify #42791785 buy 0.01 EURUSD at 1.13141 sl: 1.12718 tp: 1.13597 ok
0	08:05:25.989	EA31337 EURUSD,M1: OpenOrderIsAllowed(): Maximum open and pending orders reached the limit (MaxOrders).
2	08:07:02.375	EA31337 EURUSD,M1: modify #42791785 buy 0.01 EURUSD at 1.13141 sl: 1.12718 tp: 1.13605 ok
2	08:13:14.226	EA31337 EURUSD,M1: modify #42745694 sell 0.01 EURUSD at 1.13640 sl: 1.14055 tp: 1.12594 ok
2	08:13:14.744	EA31337 EURUSD,M1: modify #42746978 sell 0.01 EURUSD at 1.13567 sl: 1.13989 tp: 1.12594 ok
2	08:13:15.166	EA31337 EURUSD,M1: modify #42747693 sell 0.01 EURUSD at 1.13587 sl: 1.14009 tp: 1.12549 ok
2	08:13:15.592	EA31337 EURUSD,M1: modify #42748415 sell 0.01 EURUSD at 1.13593 sl: 1.14013 tp: 1.12593 ok
2	08:13:16.013	EA31337 EURUSD,M1: modify #42750099 sell 0.01 EURUSD at 1.13493 sl: 1.13910 tp: 1.12594 ok
2	08:13:16.569	EA31337 EURUSD,M1: modify #42755271 sell 0.01 EURUSD at 1.13756 sl: 1.14178 tp: 1.12595 ok
2	08:13:17.213	EA31337 EURUSD,M1: modify #42756644 sell 0.01 EURUSD at 1.13608 sl: 1.14029 tp: 1.12595 ok
2	08:13:17.796	EA31337 EURUSD,M1: modify #42756942 sell 0.01 EURUSD at 1.13581 sl: 1.14002 tp: 1.12594 ok
2	08:13:18.251	EA31337 EURUSD,M1: modify #42765720 sell 0.01 EURUSD at 1.13447 sl: 1.13863 tp: 1.12594 ok
2	08:13:18.705	EA31337 EURUSD,M1: modify #42768713 sell 0.01 EURUSD at 1.13553 sl: 1.13973 tp: 1.12594 ok
2	08:13:19.358	EA31337 EURUSD,M1: modify #42770703 sell 0.01 EURUSD at 1.13448 sl: 1.13868 tp: 1.12594 ok
2	08:13:20.588	EA31337 EURUSD,M1: modify #42772468 sell 0.01 EURUSD at 1.13534 sl: 1.13953 tp: 1.12594 ok
2	08:13:21.046	EA31337 EURUSD,M1: modify #42777614 sell 0.01 EURUSD at 1.13372 sl: 1.13789 tp: 1.12594 ok
2	08:13:21.533	EA31337 EURUSD,M1: modify #42790671 buy 0.01 EURUSD at 1.13145 sl: 1.12723 tp: 1.13546 ok
2	08:13:21.886	EA31337 EURUSD,M1: modify #42792090 sell 0.01 EURUSD at 1.13107 sl: 1.13528 tp: 1.12595 ok
2	08:15:56.237	EA31337 EURUSD,M1: modify #42790671 buy 0.01 EURUSD at 1.13145 sl: 1.12723 tp: 1.13549 ok
0	09:02:15.869	EA31337 EURUSD,M1: == New hour: 9
0	09:02:36.353	EA31337 EURUSD,M1: ExecuteOrder(): MarketInfo: Symbol: EURUSD; Ask: 1.13132; Bid: 1.13113; Spread: 19 points = 1.9 pips; 
2	09:02:37.294	EA31337 EURUSD,M1: open #42795458 sell 0.01 EURUSD at 1.13113 sl: 1.13532 tp: 1.12673 ok
0	09:02:37.294	EA31337 EURUSD,M1: #42795458 2015.10.22 09:02:25 sell 0.01 EURUSD 1.13113 1.13532 1.12673 1.13132 0.00 0.00 -0.19 | spread: 2.1 31364
0	09:02:37.294	EA31337 EURUSD,M1: ExecuteOrder(): Order Details: Ticket: 42795458; Time: 2015.10.22 09:02:04; Comment: | spread: 2.1; Commision: 0; Symbol: EURUSD; Type: Sell; Expiration: 0; Open Price: 1.13113; Close Price: 1.13132; Take Profit: -0.19; Stop Loss: 1.1353; Swap: 0; Lot size: 0.01; Account Details: Time: 2015.10.22 09:02:04; Account Balance: $2770.35; Account Equity: $2813.00; Used Margin: $250.00; Free Margin: $2563.00; No of Orders: 25 (BUY/SELL: 10/15); Risk Ratio: 0.9
0	09:03:06.337	EA31337 EURUSD,M1: OpenOrderIsAllowed(): Maximum open and pending orders reached the limit (MaxOrders).
0	09:03:06.337	EA31337 EURUSD,M1: OpenOrderIsAllowed(): Maximum open and pending orders reached the limit (MaxOrders).
0	09:03:44.870	EA31337 EURUSD,M1: OpenOrderIsAllowed(): Maximum open and pending orders reached the limit (MaxOrders).
0	09:03:44.870	EA31337 EURUSD,M1: OpenOrderIsAllowed(): Maximum open and pending orders reached the limit (MaxOrders).
0	09:04:18.012	EA31337 EURUSD,M1: OpenOrderIsAllowed(): Maximum open and pending orders reached the limit (MaxOrders).
0	09:04:37.927	EA31337 EURUSD,M1: OpenOrderIsAllowed(): Maximum open and pending orders reached the limit (MaxOrders).
0	09:04:49.737	EA31337 EURUSD,M1: OpenOrderIsAllowed(): Maximum open and pending orders reached the limit (MaxOrders).
0	09:05:05.294	EA31337 EURUSD,M1: OpenOrderIsAllowed(): Maximum open and pending orders reached the limit (MaxOrders).
0	09:05:05.294	EA31337 EURUSD,M1: OpenOrderIsAllowed(): Maximum open and pending orders reached the limit (MaxOrders).
0	09:05:28.267	EA31337 EURUSD,M1: OpenOrderIsAllowed(): Maximum open and pending orders reached the limit (MaxOrders).
0	09:05:28.267	EA31337 EURUSD,M1: OpenOrderIsAllowed(): Maximum open and pending orders reached the limit (MaxOrders).
0	09:05:28.267	EA31337 EURUSD,M1: OpenOrderIsAllowed(): Maximum open and pending orders reached the limit (MaxOrders).
2	09:05:51.998	EA31337 EURUSD,M1: modify #42795458 sell 0.01 EURUSD at 1.13113 sl: 1.13532 tp: 1.12671 ok
0	09:06:58.589	EA31337 EURUSD,M1: OpenOrderIsAllowed(): Maximum open and pending orders reached the limit (MaxOrders).
2	09:19:52.280	EA31337 EURUSD,M1: modify #42795458 sell 0.01 EURUSD at 1.13113 sl: 1.13532 tp: 1.12621 ok
2	10:01:54.062	EA31337 EURUSD,M1: modify #42790956 buy 0.01 EURUSD at 1.13146 sl: 1.12721 tp: 1.13617 ok
2	10:01:54.544	EA31337 EURUSD,M1: modify #42791247 buy 0.01 EURUSD at 1.13153 sl: 1.12732 tp: 1.13616 ok
2	10:01:54.938	EA31337 EURUSD,M1: modify #42791466 buy 0.01 EURUSD at 1.13128 sl: 1.12706 tp: 1.13616 ok
2	10:01:55.360	EA31337 EURUSD,M1: modify #42791785 buy 0.01 EURUSD at 1.13141 sl: 1.12718 tp: 1.13616 ok
0	10:03:15.321	EA31337 EURUSD,M1: == New hour: 10
0	10:03:50.907	EA31337 EURUSD,M1: OpenOrderIsAllowed(): MACD M1: Maximum open and pending orders per type reached the limit (MaxOrdersPerType).
0	10:03:50.907	EA31337 EURUSD,M1: OpenOrderIsAllowed(): MACD M5: Maximum open and pending orders per type reached the limit (MaxOrdersPerType).
0	10:03:50.907	EA31337 EURUSD,M1: ExecuteOrder(): MarketInfo: Symbol: EURUSD; Ask: 1.13175; Bid: 1.13153; Spread: 22 points = 2.2 pips; 
2	10:03:51.361	EA31337 EURUSD,M1: open #42797499 buy 0.01 EURUSD at 1.13175 sl: 1.12753 tp: 1.13615 ok
0	10:03:51.361	EA31337 EURUSD,M1: #42797499 2015.10.22 10:03:40 buy 0.01 EURUSD 1.13175 1.12753 1.13615 1.13154 0.00 0.00 -0.21 | spread: 2.0 31411
0	10:03:51.361	EA31337 EURUSD,M1: ExecuteOrder(): Order Details: Ticket: 42797499; Time: 2015.10.22 10:03:04; Comment: | spread: 2.0; Commision: 0; Symbol: EURUSD; Type: Buy; Expiration: 0; Open Price: 1.13175; Close Price: 1.13154; Take Profit: -0.21; Stop Loss: 1.1275; Swap: 0; Lot size: 0.01; Account Details: Time: 2015.10.22 10:03:04; Account Balance: $2770.35; Account Equity: $2810.44; Used Margin: $260.00; Free Margin: $2550.44; No of Orders: 26 (BUY/SELL: 11/15); Risk Ratio: 0.8
0	10:04:18.313	EA31337 EURUSD,M1: OpenOrderIsAllowed(): Maximum open and pending orders reached the limit (MaxOrders).
0	10:04:18.443	EA31337 EURUSD,M1: OpenOrderIsAllowed(): Maximum open and pending orders reached the limit (MaxOrders).
0	10:06:02.870	EA31337 EURUSD,M1: OpenOrderIsAllowed(): Maximum open and pending orders reached the limit (MaxOrders).
0	10:06:03.004	EA31337 EURUSD,M1: OpenOrderIsAllowed(): Maximum open and pending orders reached the limit (MaxOrders).
0	10:06:30.483	EA31337 EURUSD,M1: OpenOrderIsAllowed(): Maximum open and pending orders reached the limit (MaxOrders).
0	10:06:30.483	EA31337 EURUSD,M1: OpenOrderIsAllowed(): Maximum open and pending orders reached the limit (MaxOrders).
0	10:06:30.483	EA31337 EURUSD,M1: OpenOrderIsAllowed(): Maximum open and pending orders reached the limit (MaxOrders).
0	10:13:18.680	EA31337 EURUSD,M1: OpenOrderIsAllowed(): Maximum open and pending orders reached the limit (MaxOrders).
2	10:17:44.283	EA31337 EURUSD,M1: modify #42790320 buy 0.01 EURUSD at 1.13184 sl: 1.12764 tp: 1.13665 ok
2	10:17:44.673	EA31337 EURUSD,M1: modify #42790956 buy 0.01 EURUSD at 1.13146 sl: 1.12721 tp: 1.13666 ok
2	10:17:45.095	EA31337 EURUSD,M1: modify #42791247 buy 0.01 EURUSD at 1.13153 sl: 1.12732 tp: 1.13666 ok
2	10:17:45.456	EA31337 EURUSD,M1: modify #42791466 buy 0.01 EURUSD at 1.13128 sl: 1.12706 tp: 1.13666 ok
2	10:17:45.911	EA31337 EURUSD,M1: modify #42791785 buy 0.01 EURUSD at 1.13141 sl: 1.12718 tp: 1.13666 ok
2	10:17:46.401	EA31337 EURUSD,M1: modify #42797499 buy 0.01 EURUSD at 1.13175 sl: 1.12753 tp: 1.13666 ok
2	10:20:30.803	EA31337 EURUSD,M1: modify #42790320 buy 0.01 EURUSD at 1.13184 sl: 1.12764 tp: 1.13674 ok
2	10:20:31.193	EA31337 EURUSD,M1: modify #42790956 buy 0.01 EURUSD at 1.13146 sl: 1.12721 tp: 1.13675 ok
2	10:20:31.546	EA31337 EURUSD,M1: modify #42791247 buy 0.01 EURUSD at 1.13153 sl: 1.12732 tp: 1.13675 ok
2	10:20:32.036	EA31337 EURUSD,M1: modify #42791466 buy 0.01 EURUSD at 1.13128 sl: 1.12706 tp: 1.13674 ok
2	10:20:32.393	EA31337 EURUSD,M1: modify #42791785 buy 0.01 EURUSD at 1.13141 sl: 1.12718 tp: 1.13675 ok
2	10:20:32.810	EA31337 EURUSD,M1: modify #42797499 buy 0.01 EURUSD at 1.13175 sl: 1.12753 tp: 1.13675 ok
0	11:02:59.098	EA31337 EURUSD,M1: == New hour: 11
0	11:03:49.434	EA31337 EURUSD,M1: ExecuteOrder(): MarketInfo: Symbol: EURUSD; Ask: 1.13204; Bid: 1.13183; Spread: 21 points = 2.1 pips; 
2	11:03:50.275	EA31337 EURUSD,M1: open #42799164 buy 0.01 EURUSD at 1.13198 sl: 1.12783 tp: 1.13337 ok
0	11:03:50.275	EA31337 EURUSD,M1: #42799164 2015.10.22 11:03:39 buy 0.01 EURUSD 1.13198 1.12783 1.13337 1.13178 0.00 0.00 -0.20 | spread: 2.1 31405
0	11:03:50.275	EA31337 EURUSD,M1: ExecuteOrder(): Order Details: Ticket: 42799164; Time: 2015.10.22 11:02:47; Comment: | spread: 2.1; Commision: 0; Symbol: EURUSD; Type: Buy; Expiration: 0; Open Price: 1.13198; Close Price: 1.13178; Take Profit: -0.2; Stop Loss: 1.1278; Swap: 0; Lot size: 0.01; Account Details: Time: 2015.10.22 11:02:47; Account Balance: $2770.35; Account Equity: $2809.43; Used Margin: $270.00; Free Margin: $2539.43; No of Orders: 27 (BUY/SELL: 12/15); Risk Ratio: 0.8
0	11:03:50.308	EA31337 EURUSD,M1: OpenOrderIsAllowed(): Maximum open and pending orders reached the limit (MaxOrders).
0	11:03:50.309	EA31337 EURUSD,M1: OpenOrderIsAllowed(): Maximum open and pending orders reached the limit (MaxOrders).
0	11:03:50.309	EA31337 EURUSD,M1: OpenOrderIsAllowed(): Maximum open and pending orders reached the limit (MaxOrders).
0	11:04:59.005	EA31337 EURUSD,M1: OpenOrderIsAllowed(): Maximum open and pending orders reached the limit (MaxOrders).
0	11:04:59.005	EA31337 EURUSD,M1: OpenOrderIsAllowed(): Maximum open and pending orders reached the limit (MaxOrders).
0	11:05:22.440	EA31337 EURUSD,M1: OpenOrderIsAllowed(): Maximum open and pending orders reached the limit (MaxOrders).
0	11:06:20.414	EA31337 EURUSD,M1: OpenOrderIsAllowed(): Maximum open and pending orders reached the limit (MaxOrders).
0	11:06:25.168	EA31337 EURUSD,M1: OpenOrderIsAllowed(): Maximum open and pending orders reached the limit (MaxOrders).
0	11:06:25.168	EA31337 EURUSD,M1: OpenOrderIsAllowed(): Maximum open and pending orders reached the limit (MaxOrders).
0	11:06:25.230	EA31337 EURUSD,M1: OpenOrderIsAllowed(): Maximum open and pending orders reached the limit (MaxOrders).
0	11:07:21.697	EA31337 EURUSD,M1: OpenOrderIsAllowed(): Maximum open and pending orders reached the limit (MaxOrders).
0	11:07:21.697	EA31337 EURUSD,M1: OpenOrderIsAllowed(): Maximum open and pending orders reached the limit (MaxOrders).
0	11:09:39.202	EA31337 EURUSD,M1: OpenOrderIsAllowed(): Maximum open and pending orders reached the limit (MaxOrders).
2	11:11:50.103	EA31337 EURUSD,M1: modify #42799164 buy 0.01 EURUSD at 1.13198 sl: 1.12783 tp: 1.13375 ok
2	11:17:12.600	EA31337 EURUSD,M1: modify #42790320 buy 0.01 EURUSD at 1.13184 sl: 1.12764 tp: 1.13681 ok
2	11:17:13.022	EA31337 EURUSD,M1: modify #42790956 buy 0.01 EURUSD at 1.13146 sl: 1.12721 tp: 1.13681 ok
2	11:17:13.439	EA31337 EURUSD,M1: modify #42791247 buy 0.01 EURUSD at 1.13153 sl: 1.12732 tp: 1.13682 ok
2	11:17:13.930	EA31337 EURUSD,M1: modify #42791466 buy 0.01 EURUSD at 1.13128 sl: 1.12706 tp: 1.13681 ok
2	11:17:14.571	EA31337 EURUSD,M1: modify #42791785 buy 0.01 EURUSD at 1.13141 sl: 1.12718 tp: 1.13682 ok
2	11:17:15.090	EA31337 EURUSD,M1: modify #42797499 buy 0.01 EURUSD at 1.13175 sl: 1.12753 tp: 1.13682 ok
2	11:17:15.447	EA31337 EURUSD,M1: modify #42799164 buy 0.01 EURUSD at 1.13198 sl: 1.12783 tp: 1.13380 ok
2	11:48:37.138	EA31337 EURUSD,M1: modify #42790320 buy 0.01 EURUSD at 1.13184 sl: 1.12764 tp: 1.13682 ok
2	11:48:37.498	EA31337 EURUSD,M1: modify #42790956 buy 0.01 EURUSD at 1.13146 sl: 1.12721 tp: 1.13682 ok
2	11:48:37.920	EA31337 EURUSD,M1: modify #42791466 buy 0.01 EURUSD at 1.13128 sl: 1.12706 tp: 1.13682 ok
2	11:48:38.342	EA31337 EURUSD,M1: modify #42799164 buy 0.01 EURUSD at 1.13198 sl: 1.12783 tp: 1.13412 ok
2	11:50:48.107	EA31337 EURUSD,M1: modify #42790320 buy 0.01 EURUSD at 1.13184 sl: 1.12764 tp: 1.13683 ok
0	12:00:18.049	EA31337 EURUSD,M1: == New hour: 12
0	12:01:03.548	EA31337 EURUSD,M1: OpenOrderIsAllowed(): MACD M1: Maximum open and pending orders per type reached the limit (MaxOrdersPerType).
0	12:01:03.548	EA31337 EURUSD,M1: OpenOrderIsAllowed(): MACD M5: Maximum open and pending orders per type reached the limit (MaxOrdersPerType).
0	12:01:36.799	EA31337 EURUSD,M1: ExecuteOrder(): MarketInfo: Symbol: EURUSD; Ask: 1.13242; Bid: 1.13220; Spread: 22 points = 2.2 pips; 
2	12:01:37.326	EA31337 EURUSD,M1: open #42801005 sell 0.01 EURUSD at 1.13222 sl: 1.13642 tp: 1.12780 ok
0	12:01:37.326	EA31337 EURUSD,M1: #42801005 2015.10.22 12:01:25 sell 0.01 EURUSD 1.13222 1.13642 1.12780 1.13244 0.00 0.00 -0.22 | spread: 2.0 31437
0	12:01:37.326	EA31337 EURUSD,M1: ExecuteOrder(): Order Details: Ticket: 42801005; Time: 2015.10.22 12:00:06; Comment: | spread: 2.0; Commision: 0; Symbol: EURUSD; Type: Sell; Expiration: 0; Open Price: 1.13222; Close Price: 1.13244; Take Profit: -0.22; Stop Loss: 1.1364; Swap: 0; Lot size: 0.01; Account Details: Time: 2015.10.22 12:00:06; Account Balance: $2770.35; Account Equity: $2807.59; Used Margin: $280.00; Free Margin: $2527.59; No of Orders: 28 (BUY/SELL: 12/16); Risk Ratio: 0.9
0	12:01:37.355	EA31337 EURUSD,M1: OpenOrderIsAllowed(): Maximum open and pending orders reached the limit (MaxOrders).
2	12:01:47.594	EA31337 EURUSD,M1: modify #42790320 buy 0.01 EURUSD at 1.13184 sl: 1.12764 tp: 1.13684 ok
2	12:01:47.947	EA31337 EURUSD,M1: modify #42790956 buy 0.01 EURUSD at 1.13146 sl: 1.12721 tp: 1.13683 ok
2	12:01:48.369	EA31337 EURUSD,M1: modify #42791247 buy 0.01 EURUSD at 1.13153 sl: 1.12732 tp: 1.13683 ok
2	12:01:48.693	EA31337 EURUSD,M1: modify #42791466 buy 0.01 EURUSD at 1.13128 sl: 1.12706 tp: 1.13684 ok
2	12:01:49.018	EA31337 EURUSD,M1: modify #42791785 buy 0.01 EURUSD at 1.13141 sl: 1.12718 tp: 1.13684 ok
2	12:01:49.310	EA31337 EURUSD,M1: modify #42797499 buy 0.01 EURUSD at 1.13175 sl: 1.12753 tp: 1.13683 ok
0	12:03:57.467	EA31337 EURUSD,M1: OpenOrderIsAllowed(): Maximum open and pending orders reached the limit (MaxOrders).
0	12:03:57.467	EA31337 EURUSD,M1: OpenOrderIsAllowed(): Maximum open and pending orders reached the limit (MaxOrders).
0	12:04:11.264	EA31337 EURUSD,M1: OpenOrderIsAllowed(): Maximum open and pending orders reached the limit (MaxOrders).
0	12:04:11.264	EA31337 EURUSD,M1: OpenOrderIsAllowed(): Maximum open and pending orders reached the limit (MaxOrders).
2	12:04:11.908	EA31337 EURUSD,M1: modify #42801005 sell 0.01 EURUSD at 1.13222 sl: 1.13642 tp: 1.12772 ok
0	12:05:21.951	EA31337 EURUSD,M1: OpenOrderIsAllowed(): Maximum open and pending orders reached the limit (MaxOrders).
0	12:05:21.951	EA31337 EURUSD,M1: OpenOrderIsAllowed(): Maximum open and pending orders reached the limit (MaxOrders).
0	12:05:50.998	EA31337 EURUSD,M1: OpenOrderIsAllowed(): Maximum open and pending orders reached the limit (MaxOrders).
0	12:05:51.029	EA31337 EURUSD,M1: OpenOrderIsAllowed(): Maximum open and pending orders reached the limit (MaxOrders).
2	12:05:51.841	EA31337 EURUSD,M1: modify #42801005 sell 0.01 EURUSD at 1.13222 sl: 1.13642 tp: 1.12695 ok
0	12:07:39.196	EA31337 EURUSD,M1: OpenOrderIsAllowed(): Maximum open and pending orders reached the limit (MaxOrders).
2	12:20:06.710	EA31337 EURUSD,M1: modify #42801005 sell 0.01 EURUSD at 1.13222 sl: 1.13642 tp: 1.12691 ok
2	12:22:05.343	EA31337 EURUSD,M1: modify #42801005 sell 0.01 EURUSD at 1.13222 sl: 1.13642 tp: 1.12675 ok
2	12:25:52.742	EA31337 EURUSD,M1: modify #42795458 sell 0.01 EURUSD at 1.13113 sl: 1.13532 tp: 1.12615 ok
2	12:25:53.139	EA31337 EURUSD,M1: modify #42801005 sell 0.01 EURUSD at 1.13222 sl: 1.13642 tp: 1.12615 ok
0	12:30:41.103	EA31337 EURUSD,M1: OpenOrderIsAllowed(): Maximum open and pending orders reached the daily limit (MaxOrdersPerDay).
0	13:00:28.816	EA31337 EURUSD,M1: == New hour: 13
0	14:01:03.675	EA31337 EURUSD,M1: == New hour: 14
0	15:02:20.348	EA31337 EURUSD,M1: == New hour: 15
0	16:02:59.885	EA31337 EURUSD,M1: == New hour: 16
0	17:04:14.859	EA31337 EURUSD,M1: == New hour: 17
0	18:02:24.529	EA31337 EURUSD,M1: == New hour: 18
0	19:00:55.573	EA31337 EURUSD,M1: == New hour: 19
0	20:02:58.715	EA31337 EURUSD,M1: == New hour: 20
0	21:00:32.755	EA31337 EURUSD,M1: == New hour: 21
0	21:00:34.744	EA31337 EURUSD,M1: OpenOrderIsAllowed(): Maximum open and pending orders reached the daily limit (MaxOrdersPerDay).
0	21:00:39.749	EA31337 EURUSD,M1: OpenOrderIsAllowed(): Maximum open and pending orders reached the daily limit (MaxOrdersPerDay).
0	21:00:39.813	EA31337 EURUSD,M1: OpenOrderIsAllowed(): Maximum open and pending orders reached the daily limit (MaxOrdersPerDay).
0	21:38:38.344	EA31337 EURUSD,M1: OpenOrderIsAllowed(): Maximum open and pending orders reached the daily limit (MaxOrdersPerDay).
0	22:01:16.248	EA31337 EURUSD,M1: == New hour: 22
0	23:03:22.745	EA31337 EURUSD,M1: == New hour: 23
0	23:03:43.435	EA31337 EURUSD,M1: ExecuteOrder(): MarketInfo: Symbol: EURUSD; Ask: 1.11047; Bid: 1.11023; Spread: 24 points = 2.4 pips; 
2	23:03:46.768	EA31337 EURUSD,M1: open #42827095 sell 0.01 EURUSD at 1.11023 sl: 1.11447 tp: 1.10851 ok
0	23:03:46.806	EA31337 EURUSD,M1: #42827095 2015.10.22 23:03:33 sell 0.01 EURUSD 1.11023 1.11447 1.10851 1.11046 0.00 0.00 -0.23 | spread: 2.3 31350
0	23:03:46.806	EA31337 EURUSD,M1: ExecuteOrder(): Order Details: Ticket: 42827095; Time: 2015.10.22 23:03:18; Comment: | spread: 2.3; Commision: 0; Symbol: EURUSD; Type: Sell; Expiration: 0; Open Price: 1.11023; Close Price: 1.11046; Take Profit: -0.23; Stop Loss: 1.1145; Swap: 0; Lot size: 0.01; Account Details: Time: 2015.10.22 23:03:18; Account Balance: $2860.84; Account Equity: $2860.61; Used Margin: $10.00; Free Margin: $2850.61; No of Orders: 1 (BUY/SELL: 0/1); Risk Ratio: 0.9
0	23:10:23.273	EA31337 EURUSD,M1: ExecuteOrder(): MarketInfo: Symbol: EURUSD; Ask: 1.10996; Bid: 1.10975; Spread: 21 points = 2.1 pips; 
2	23:10:28.847	EA31337 EURUSD,M1: open #42827246 sell 0.01 EURUSD at 1.10974 sl: 1.11396 tp: 1.10533 ok
0	23:10:28.847	EA31337 EURUSD,M1: #42827246 2015.10.22 23:10:16 sell 0.01 EURUSD 1.10974 1.11396 1.10533 1.10996 0.00 0.00 -0.22 | spread: 2.2 31361
0	23:10:28.847	EA31337 EURUSD,M1: ExecuteOrder(): Order Details: Ticket: 42827246; Time: 2015.10.22 23:09:52; Comment: | spread: 2.2; Commision: 0; Symbol: EURUSD; Type: Sell; Expiration: 0; Open Price: 1.10974; Close Price: 1.10996; Take Profit: -0.22; Stop Loss: 1.114; Swap: 0; Lot size: 0.01; Account Details: Time: 2015.10.22 23:09:52; Account Balance: $2860.84; Account Equity: $2860.89; Used Margin: $20.00; Free Margin: $2840.89; No of Orders: 2 (BUY/SELL: 0/2); Risk Ratio: 0.9
0	23:14:37.790	EA31337 EURUSD,M1: ExecuteOrder(): MarketInfo: Symbol: EURUSD; Ask: 1.11036; Bid: 1.11013; Spread: 23 points = 2.3 pips; 
2	23:14:40.112	EA31337 EURUSD,M1: open #42827326 sell 0.01 EURUSD at 1.11013 sl: 1.11436 tp: 1.10911 ok
0	23:14:40.152	EA31337 EURUSD,M1: #42827326 2015.10.22 23:14:27 sell 0.01 EURUSD 1.11013 1.11436 1.10911 1.11036 0.00 0.00 -0.23 | spread: 2.4 31349
0	23:14:40.152	EA31337 EURUSD,M1: ExecuteOrder(): Order Details: Ticket: 42827326; Time: 2015.10.22 23:14:15; Comment: | spread: 2.4; Commision: 0; Symbol: EURUSD; Type: Sell; Expiration: 0; Open Price: 1.11013; Close Price: 1.11036; Take Profit: -0.23; Stop Loss: 1.1144; Swap: 0; Lot size: 0.01; Account Details: Time: 2015.10.22 23:14:15; Account Balance: $2860.84; Account Equity: $2859.86; Used Margin: $30.00; Free Margin: $2829.86; No of Orders: 3 (BUY/SELL: 0/3); Risk Ratio: 0.9
0	23:18:47.270	EA31337 EURUSD,M1: ExecuteOrder(): MarketInfo: Symbol: EURUSD; Ask: 1.11035; Bid: 1.11014; Spread: 21 points = 2.1 pips; 
2	23:18:47.918	EA31337 EURUSD,M1: open #42827542 sell 0.01 EURUSD at 1.11013 sl: 1.11435 tp: 1.10574 ok
0	23:18:47.918	EA31337 EURUSD,M1: #42827542 2015.10.22 23:18:35 sell 0.01 EURUSD 1.11013 1.11435 1.10574 1.11034 0.00 0.00 -0.21 | spread: 2.1 31409
0	23:18:47.918	EA31337 EURUSD,M1: ExecuteOrder(): Order Details: Ticket: 42827542; Time: 2015.10.22 23:18:34; Comment: | spread: 2.1; Commision: 0; Symbol: EURUSD; Type: Sell; Expiration: 0; Open Price: 1.11013; Close Price: 1.11034; Take Profit: -0.21; Stop Loss: 1.1144; Swap: 0; Lot size: 0.01; Account Details: Time: 2015.10.22 23:18:34; Account Balance: $2860.84; Account Equity: $2859.71; Used Margin: $40.00; Free Margin: $2819.71; No of Orders: 4 (BUY/SELL: 0/4); Risk Ratio: 0.9
2	23:18:48.608	EA31337 EURUSD,M1: modify #42827542 sell 0.01 EURUSD at 1.11013 sl: 1.11435 tp: 1.10573 ok
2	23:20:46.629	EA31337 EURUSD,M1: modify #42827542 sell 0.01 EURUSD at 1.11013 sl: 1.11435 tp: 1.10552 ok
2	23:23:43.586	EA31337 EURUSD,M1: modify #42827246 sell 0.01 EURUSD at 1.10974 sl: 1.11396 tp: 1.10467 ok
2	23:23:44.109	EA31337 EURUSD,M1: modify #42827542 sell 0.01 EURUSD at 1.11013 sl: 1.11435 tp: 1.10466 ok
0	23:24:19.456	EA31337 EURUSD,M1: OpenOrderIsAllowed(): Maximum open and pending orders reached the daily limit (MaxOrdersPerDay).
2	23:24:57.885	EA31337 EURUSD,M1: modify #42827246 sell 0.01 EURUSD at 1.10974 sl: 1.11396 tp: 1.10445 ok
2	23:24:58.214	EA31337 EURUSD,M1: modify #42827542 sell 0.01 EURUSD at 1.11013 sl: 1.11435 tp: 1.10445 ok
2	23:25:10.482	EA31337 EURUSD,M1: modify #42827246 sell 0.01 EURUSD at 1.10974 sl: 1.11396 tp: 1.10434 ok
2	23:25:10.969	EA31337 EURUSD,M1: modify #42827542 sell 0.01 EURUSD at 1.11013 sl: 1.11435 tp: 1.10434 ok
2	23:29:18.586	EA31337 EURUSD,M1: modify #42827246 sell 0.01 EURUSD at 1.10974 sl: 1.11396 tp: 1.10366 ok
2	23:29:19.032	EA31337 EURUSD,M1: modify #42827542 sell 0.01 EURUSD at 1.11013 sl: 1.11435 tp: 1.10366 ok
2	23:32:07.671	EA31337 EURUSD,M1: modify #42827246 sell 0.01 EURUSD at 1.10974 sl: 1.11396 tp: 1.10315 ok
2	23:32:08.284	EA31337 EURUSD,M1: modify #42827542 sell 0.01 EURUSD at 1.11013 sl: 1.11435 tp: 1.10315 ok
2	23:43:55.744	EA31337 EURUSD,M1: modify #42827246 sell 0.01 EURUSD at 1.10974 sl: 1.11396 tp: 1.10288 ok
2	23:43:56.193	EA31337 EURUSD,M1: modify #42827542 sell 0.01 EURUSD at 1.11013 sl: 1.11435 tp: 1.10288 ok
