0	00:00:09.068	EA31337 EURUSD,M1: == New hour: 0
0	00:00:09.132	EA31337 EURUSD,M1: == New day (day of month: 15; day of year: 349) ==
0	00:00:09.132	EA31337 EURUSD,M1: Daily max: Tick: 4.2; Spread: 72; Max orders: 30; Loss: 0; Profit: 0; Equity: 2397.2; Balance: 2164.52; 
0	00:00:09.133	EA31337 EURUSD,M1: Daily SAR stats: Period: 0, Buy: 61 / Sell: 267; Period: 1, Buy: 22 / Sell: 154; Period: 2, Buy: 73 / Sell: 215; Period: 3, Buy: 51 / Sell: 236; Period: 4, Buy: 0 / Sell: 0; Period: 5, Buy: 0 / Sell: 0; Period: 6, Buy: 0 / Sell: 0; Period: 7, Buy: 0 / Sell: 0; Period: 8, Buy: 0 / Sell: 0; 
0	00:00:09.133	EA31337 EURUSD,M1: Daily strategy stats: 
0	01:00:32.292	EA31337 EURUSD,M1: == New hour: 1
0	02:00:22.328	EA31337 EURUSD,M1: == New hour: 2
0	03:00:46.439	EA31337 EURUSD,M1: == New hour: 3
0	04:03:46.657	EA31337 EURUSD,M1: == New hour: 4
0	05:01:40.618	EA31337 EURUSD,M1: == New hour: 5
0	06:01:11.671	EA31337 EURUSD,M1: == New hour: 6
0	07:01:23.241	EA31337 EURUSD,M1: == New hour: 7
2	07:36:48.759	EA31337 EURUSD,M1: modify #44075555 buy 0.01 EURUSD at 1.08353 sl: 1.07935 tp: 1.10978 ok
2	07:36:49.368	EA31337 EURUSD,M1: modify #44075806 buy 0.01 EURUSD at 1.08340 sl: 1.07922 tp: 1.10976 ok
2	07:36:49.948	EA31337 EURUSD,M1: modify #44076360 buy 0.01 EURUSD at 1.08239 sl: 1.07818 tp: 1.10976 ok
2	07:36:50.792	EA31337 EURUSD,M1: modify #44076635 buy 0.01 EURUSD at 1.08255 sl: 1.07838 tp: 1.10976 ok
2	07:36:51.408	EA31337 EURUSD,M1: modify #44077241 buy 0.01 EURUSD at 1.08229 sl: 1.07809 tp: 1.10976 ok
2	07:36:51.866	EA31337 EURUSD,M1: modify #44106086 buy 0.01 EURUSD at 1.08508 sl: 1.08086 tp: 1.10976 ok
2	07:36:52.318	EA31337 EURUSD,M1: modify #44144912 buy 0.01 EURUSD at 1.09077 sl: 1.08655 tp: 1.10976 ok
2	07:36:52.741	EA31337 EURUSD,M1: modify #44145230 buy 0.01 EURUSD at 1.09106 sl: 1.08686 tp: 1.10978 ok
2	07:36:53.162	EA31337 EURUSD,M1: modify #44146899 buy 0.01 EURUSD at 1.09174 sl: 1.08754 tp: 1.10976 ok
2	07:36:53.876	EA31337 EURUSD,M1: modify #44146946 buy 0.01 EURUSD at 1.09156 sl: 1.08734 tp: 1.10976 ok
2	07:36:54.363	EA31337 EURUSD,M1: modify #44147075 buy 0.01 EURUSD at 1.09157 sl: 1.08736 tp: 1.10977 ok
2	07:36:54.753	EA31337 EURUSD,M1: modify #44147164 buy 0.01 EURUSD at 1.09094 sl: 1.08673 tp: 1.10977 ok
2	07:36:55.277	EA31337 EURUSD,M1: modify #44147308 buy 0.01 EURUSD at 1.09128 sl: 1.08706 tp: 1.10977 ok
2	07:36:55.699	EA31337 EURUSD,M1: modify #44148039 buy 0.01 EURUSD at 1.09218 sl: 1.08796 tp: 1.10976 ok
2	07:36:56.210	EA31337 EURUSD,M1: modify #44148564 buy 0.01 EURUSD at 1.09206 sl: 1.08787 tp: 1.10976 ok
2	07:36:56.690	EA31337 EURUSD,M1: modify #44148633 buy 0.01 EURUSD at 1.09205 sl: 1.08784 tp: 1.10977 ok
2	07:36:57.433	EA31337 EURUSD,M1: modify #44162836 buy 0.01 EURUSD at 1.09605 sl: 1.09162 tp: 1.10977 ok
2	07:36:57.985	EA31337 EURUSD,M1: modify #44236107 buy 0.01 EURUSD at 1.09533 sl: 1.09110 tp: 1.10979 ok
2	07:36:58.472	EA31337 EURUSD,M1: modify #44251636 buy 0.01 EURUSD at 1.09363 sl: 1.08944 tp: 1.10978 ok
0	07:38:33.720	EA31337 EURUSD,M1: ExecuteOrder(): MarketInfo: Symbol: EURUSD; Ask: 1.10547; Bid: 1.10526; Spread: 21 points = 2.1 pips; 
2	07:38:34.758	EA31337 EURUSD,M1: open #44414591 sell 0.01 EURUSD at 1.10526 sl: 1.10947 tp: 1.10086 ok
0	07:38:34.758	EA31337 EURUSD,M1: #44414591 2015.12.15 07:38:29 sell 0.01 EURUSD 1.10526 1.10947 1.10086 1.10543 0.00 0.00 -0.17 | spread: 1.7 31381
0	07:38:34.758	EA31337 EURUSD,M1: ExecuteOrder(): Order Details: Ticket: 44414591; Time: 2015.12.15 07:37:14; Comment: | spread: 1.7; Commision: 0; Symbol: EURUSD; Type: Sell; Expiration: 0; Open Price: 1.10526; Close Price: 1.10543; Take Profit: -0.17; Stop Loss: 1.1095; Swap: 0; Lot size: 0.01; Account Details: Time: 2015.12.15 07:37:14; Account Balance: $2124.30; Account Equity: $2407.52; Used Margin: $290.00; Free Margin: $2117.52; No of Orders: 29 (BUY/SELL: 20/9); Risk Ratio: 0.9
0	07:38:34.823	EA31337 EURUSD,M1: OpenOrderIsAllowed(): DeMarker M30: Maximum open and pending orders per type reached the limit (MaxOrdersPerType).
0	07:39:51.924	EA31337 EURUSD,M1: OpenOrderIsAllowed(): RSI M1: Maximum open and pending orders per type reached the limit (MaxOrdersPerType).
0	07:39:51.924	EA31337 EURUSD,M1: OpenOrderIsAllowed(): RSI M5: Maximum open and pending orders per type reached the limit (MaxOrdersPerType).
0	07:40:12.688	EA31337 EURUSD,M1: OpenOrderIsAllowed(): RSI M5: Maximum open and pending orders per type reached the limit (MaxOrdersPerType).
0	07:40:12.688	EA31337 EURUSD,M1: OpenOrderIsAllowed(): SAR M15: Maximum open and pending orders per type reached the limit (MaxOrdersPerType).
0	07:40:12.688	EA31337 EURUSD,M1: OpenOrderIsAllowed(): Bands M15: Maximum open and pending orders per type reached the limit (MaxOrdersPerType).
0	07:40:12.688	EA31337 EURUSD,M1: OpenOrderIsAllowed(): Bands M30: Maximum open and pending orders per type reached the limit (MaxOrdersPerType).
0	07:40:12.688	EA31337 EURUSD,M1: OpenOrderIsAllowed(): MACD M1: Maximum open and pending orders per type reached the limit (MaxOrdersPerType).
2	07:40:13.199	EA31337 EURUSD,M1: modify #44075555 buy 0.01 EURUSD at 1.08353 sl: 1.07935 tp: 1.11005 ok
2	07:40:13.556	EA31337 EURUSD,M1: modify #44075806 buy 0.01 EURUSD at 1.08340 sl: 1.07922 tp: 1.11006 ok
2	07:40:13.942	EA31337 EURUSD,M1: modify #44076360 buy 0.01 EURUSD at 1.08239 sl: 1.07818 tp: 1.11005 ok
2	07:40:14.266	EA31337 EURUSD,M1: modify #44076635 buy 0.01 EURUSD at 1.08255 sl: 1.07838 tp: 1.11005 ok
2	07:40:14.721	EA31337 EURUSD,M1: modify #44077241 buy 0.01 EURUSD at 1.08229 sl: 1.07809 tp: 1.11005 ok
2	07:40:15.277	EA31337 EURUSD,M1: modify #44106086 buy 0.01 EURUSD at 1.08508 sl: 1.08086 tp: 1.11006 ok
2	07:40:15.703	EA31337 EURUSD,M1: modify #44144912 buy 0.01 EURUSD at 1.09077 sl: 1.08655 tp: 1.11005 ok
2	07:40:16.125	EA31337 EURUSD,M1: modify #44145230 buy 0.01 EURUSD at 1.09106 sl: 1.08686 tp: 1.11005 ok
2	07:40:16.611	EA31337 EURUSD,M1: modify #44146899 buy 0.01 EURUSD at 1.09174 sl: 1.08754 tp: 1.11006 ok
2	07:40:17.065	EA31337 EURUSD,M1: modify #44146946 buy 0.01 EURUSD at 1.09156 sl: 1.08734 tp: 1.11005 ok
2	07:40:17.613	EA31337 EURUSD,M1: modify #44147075 buy 0.01 EURUSD at 1.09157 sl: 1.08736 tp: 1.11006 ok
2	07:40:17.937	EA31337 EURUSD,M1: modify #44147164 buy 0.01 EURUSD at 1.09094 sl: 1.08673 tp: 1.11007 ok
2	07:40:18.392	EA31337 EURUSD,M1: modify #44147308 buy 0.01 EURUSD at 1.09128 sl: 1.08706 tp: 1.11006 ok
2	07:40:18.753	EA31337 EURUSD,M1: modify #44148039 buy 0.01 EURUSD at 1.09218 sl: 1.08796 tp: 1.11003 ok
2	07:40:19.037	EA31337 EURUSD,M1: modify #44148564 buy 0.01 EURUSD at 1.09206 sl: 1.08787 tp: 1.11003 ok
2	07:40:19.589	EA31337 EURUSD,M1: modify #44148633 buy 0.01 EURUSD at 1.09205 sl: 1.08784 tp: 1.11003 ok
2	07:40:20.112	EA31337 EURUSD,M1: modify #44162836 buy 0.01 EURUSD at 1.09605 sl: 1.09162 tp: 1.11003 ok
2	07:40:20.473	EA31337 EURUSD,M1: modify #44236107 buy 0.01 EURUSD at 1.09533 sl: 1.09110 tp: 1.11003 ok
2	07:40:20.899	EA31337 EURUSD,M1: modify #44251636 buy 0.01 EURUSD at 1.09363 sl: 1.08944 tp: 1.11003 ok
0	07:42:23.745	EA31337 EURUSD,M1: OpenOrderIsAllowed(): DeMarker M1: Maximum open and pending orders per type reached the limit (MaxOrdersPerType).
0	07:42:23.745	EA31337 EURUSD,M1: OpenOrderIsAllowed(): DeMarker M30: Maximum open and pending orders per type reached the limit (MaxOrdersPerType).
0	07:44:01.811	EA31337 EURUSD,M1: OpenOrderIsAllowed(): RSI M1: Maximum open and pending orders per type reached the limit (MaxOrdersPerType).
0	07:44:07.354	EA31337 EURUSD,M1: OpenOrderIsAllowed(): RSI M5: Maximum open and pending orders per type reached the limit (MaxOrdersPerType).
0	07:44:45.632	EA31337 EURUSD,M1: OpenOrderIsAllowed(): RSI M5: Maximum open and pending orders per type reached the limit (MaxOrdersPerType).
0	07:44:45.632	EA31337 EURUSD,M1: OpenOrderIsAllowed(): SAR M15: Maximum open and pending orders per type reached the limit (MaxOrdersPerType).
0	07:44:45.632	EA31337 EURUSD,M1: OpenOrderIsAllowed(): Bands M15: Maximum open and pending orders per type reached the limit (MaxOrdersPerType).
0	07:44:45.632	EA31337 EURUSD,M1: OpenOrderIsAllowed(): Bands M30: Maximum open and pending orders per type reached the limit (MaxOrdersPerType).
0	07:44:45.632	EA31337 EURUSD,M1: OpenOrderIsAllowed(): MACD M1: Maximum open and pending orders per type reached the limit (MaxOrdersPerType).
2	07:44:46.312	EA31337 EURUSD,M1: modify #44414591 sell 0.01 EURUSD at 1.10526 sl: 1.10947 tp: 1.10083 ok
0	07:44:55.273	EA31337 EURUSD,M1: ExecuteOrder(): MarketInfo: Symbol: EURUSD; Ask: 1.10551; Bid: 1.10530; Spread: 21 points = 2.1 pips; 
2	07:44:56.898	EA31337 EURUSD,M1: open #44414771 sell 0.01 EURUSD at 1.10530 sl: 1.10951 tp: 1.10093 ok
0	07:44:56.898	EA31337 EURUSD,M1: #44414771 2015.12.15 07:44:50 sell 0.01 EURUSD 1.10530 1.10951 1.10093 1.10552 0.00 0.00 -0.22 | spread: 2.0 31350
0	07:44:56.898	EA31337 EURUSD,M1: ExecuteOrder(): Order Details: Ticket: 44414771; Time: 2015.12.15 07:44:46; Comment: | spread: 2.0; Commision: 0; Symbol: EURUSD; Type: Sell; Expiration: 0; Open Price: 1.10530; Close Price: 1.10552; Take Profit: -0.22; Stop Loss: 1.1095; Swap: 0; Lot size: 0.01; Account Details: Time: 2015.12.15 07:44:46; Account Balance: $2124.30; Account Equity: $2408.09; Used Margin: $300.00; Free Margin: $2108.09; No of Orders: 30 (BUY/SELL: 20/10); Risk Ratio: 0.9
0	07:45:17.542	EA31337 EURUSD,M1: OpenOrderIsAllowed(): Maximum open and pending orders reached the limit (MaxOrders).
0	07:45:18.093	EA31337 EURUSD,M1: OpenOrderIsAllowed(): Maximum open and pending orders reached the limit (MaxOrders).
0	07:45:18.093	EA31337 EURUSD,M1: OpenOrderIsAllowed(): Maximum open and pending orders reached the limit (MaxOrders).
0	07:45:18.093	EA31337 EURUSD,M1: OpenOrderIsAllowed(): Maximum open and pending orders reached the limit (MaxOrders).
0	07:45:18.126	EA31337 EURUSD,M1: OpenOrderIsAllowed(): Maximum open and pending orders reached the limit (MaxOrders).
0	07:45:18.126	EA31337 EURUSD,M1: OpenOrderIsAllowed(): Maximum open and pending orders reached the limit (MaxOrders).
0	07:45:18.126	EA31337 EURUSD,M1: OpenOrderIsAllowed(): Maximum open and pending orders reached the limit (MaxOrders).
0	07:45:18.126	EA31337 EURUSD,M1: OpenOrderIsAllowed(): Maximum open and pending orders reached the limit (MaxOrders).
0	07:46:07.535	EA31337 EURUSD,M1: OpenOrderIsAllowed(): Maximum open and pending orders reached the limit (MaxOrders).
0	07:47:36.492	EA31337 EURUSD,M1: OpenOrderIsAllowed(): Maximum open and pending orders reached the limit (MaxOrders).
0	07:47:36.492	EA31337 EURUSD,M1: OpenOrderIsAllowed(): Maximum open and pending orders reached the limit (MaxOrders).
0	07:47:36.492	EA31337 EURUSD,M1: OpenOrderIsAllowed(): Maximum open and pending orders reached the limit (MaxOrders).
0	07:47:36.492	EA31337 EURUSD,M1: OpenOrderIsAllowed(): Maximum open and pending orders reached the limit (MaxOrders).
0	07:47:48.726	EA31337 EURUSD,M1: OpenOrderIsAllowed(): Maximum open and pending orders reached the limit (MaxOrders).
0	07:47:48.758	EA31337 EURUSD,M1: OpenOrderIsAllowed(): Maximum open and pending orders reached the limit (MaxOrders).
0	07:47:48.758	EA31337 EURUSD,M1: OpenOrderIsAllowed(): Maximum open and pending orders reached the limit (MaxOrders).
0	07:47:48.758	EA31337 EURUSD,M1: OpenOrderIsAllowed(): Maximum open and pending orders reached the limit (MaxOrders).
2	07:47:49.117	EA31337 EURUSD,M1: modify #44075555 buy 0.01 EURUSD at 1.08353 sl: 1.07935 tp: 1.11018 ok
2	07:47:49.695	EA31337 EURUSD,M1: modify #44075806 buy 0.01 EURUSD at 1.08340 sl: 1.07922 tp: 1.11021 ok
2	07:47:50.113	EA31337 EURUSD,M1: modify #44076360 buy 0.01 EURUSD at 1.08239 sl: 1.07818 tp: 1.11020 ok
2	07:47:50.437	EA31337 EURUSD,M1: modify #44076635 buy 0.01 EURUSD at 1.08255 sl: 1.07838 tp: 1.11020 ok
2	07:47:50.859	EA31337 EURUSD,M1: modify #44077241 buy 0.01 EURUSD at 1.08229 sl: 1.07809 tp: 1.11020 ok
2	07:47:51.504	EA31337 EURUSD,M1: modify #44106086 buy 0.01 EURUSD at 1.08508 sl: 1.08086 tp: 1.11019 ok
2	07:47:51.889	EA31337 EURUSD,M1: modify #44144912 buy 0.01 EURUSD at 1.09077 sl: 1.08655 tp: 1.11019 ok
2	07:47:52.497	EA31337 EURUSD,M1: modify #44145230 buy 0.01 EURUSD at 1.09106 sl: 1.08686 tp: 1.11019 ok
2	07:47:52.919	EA31337 EURUSD,M1: modify #44146899 buy 0.01 EURUSD at 1.09174 sl: 1.08754 tp: 1.11019 ok
2	07:47:53.345	EA31337 EURUSD,M1: modify #44146946 buy 0.01 EURUSD at 1.09156 sl: 1.08734 tp: 1.11019 ok
2	07:47:53.832	EA31337 EURUSD,M1: modify #44147075 buy 0.01 EURUSD at 1.09157 sl: 1.08736 tp: 1.11019 ok
2	07:47:54.286	EA31337 EURUSD,M1: modify #44147164 buy 0.01 EURUSD at 1.09094 sl: 1.08673 tp: 1.11020 ok
2	07:47:54.704	EA31337 EURUSD,M1: modify #44147308 buy 0.01 EURUSD at 1.09128 sl: 1.08706 tp: 1.11020 ok
2	07:47:55.255	EA31337 EURUSD,M1: modify #44148039 buy 0.01 EURUSD at 1.09218 sl: 1.08796 tp: 1.11021 ok
2	07:47:55.575	EA31337 EURUSD,M1: modify #44148564 buy 0.01 EURUSD at 1.09206 sl: 1.08787 tp: 1.11021 ok
2	07:47:56.062	EA31337 EURUSD,M1: modify #44148633 buy 0.01 EURUSD at 1.09205 sl: 1.08784 tp: 1.11020 ok
2	07:47:56.615	EA31337 EURUSD,M1: modify #44162836 buy 0.01 EURUSD at 1.09605 sl: 1.09162 tp: 1.11021 ok
2	07:47:57.163	EA31337 EURUSD,M1: modify #44236107 buy 0.01 EURUSD at 1.09533 sl: 1.09110 tp: 1.11020 ok
2	07:47:57.580	EA31337 EURUSD,M1: modify #44251636 buy 0.01 EURUSD at 1.09363 sl: 1.08944 tp: 1.11020 ok
0	07:49:24.919	EA31337 EURUSD,M1: OpenOrderIsAllowed(): MACD M1: Maximum open and pending orders per type reached the limit (MaxOrdersPerType).
0	07:51:09.478	EA31337 EURUSD,M1: OpenOrderIsAllowed(): SAR M15: Maximum open and pending orders per type reached the limit (MaxOrdersPerType).
2	07:51:44.039	EA31337 EURUSD,M1: modify #44414771 sell 0.01 EURUSD at 1.10530 sl: 1.10951 tp: 1.10075 ok
0	07:52:59.426	EA31337 EURUSD,M1: ExecuteOrder(): MarketInfo: Symbol: EURUSD; Ask: 1.10575; Bid: 1.10553; Spread: 22 points = 2.2 pips; 
2	07:53:09.548	EA31337 EURUSD,M1: open #44415200 buy 0.01 EURUSD at 1.10576 sl: 1.10153 tp: 1.10765 ok
0	07:53:09.586	EA31337 EURUSD,M1: #44415200 2015.12.15 07:53:03 buy 0.01 EURUSD 1.10576 1.10153 1.10765 1.10555 0.00 0.00 -0.21 | spread: 2.0 31349
0	07:53:09.586	EA31337 EURUSD,M1: ExecuteOrder(): Order Details: Ticket: 44415200; Time: 2015.12.15 07:52:18; Comment: | spread: 2.0; Commision: 0; Symbol: EURUSD; Type: Buy; Expiration: 0; Open Price: 1.10576; Close Price: 1.10555; Take Profit: -0.21; Stop Loss: 1.1015; Swap: 0; Lot size: 0.01; Account Details: Time: 2015.12.15 07:52:18; Account Balance: $2130.78; Account Equity: $2410.49; Used Margin: $300.00; Free Margin: $2110.49; No of Orders: 30 (BUY/SELL: 20/10); Risk Ratio: 0.9
0	07:53:21.152	EA31337 EURUSD,M1: OpenOrderIsAllowed(): Maximum open and pending orders reached the limit (MaxOrders).
0	07:53:25.949	EA31337 EURUSD,M1: OpenOrderIsAllowed(): Maximum open and pending orders reached the limit (MaxOrders).
0	07:53:50.886	EA31337 EURUSD,M1: OpenOrderIsAllowed(): Maximum open and pending orders reached the limit (MaxOrders).
0	07:53:51.044	EA31337 EURUSD,M1: OpenOrderIsAllowed(): Maximum open and pending orders reached the limit (MaxOrders).
0	07:54:57.777	EA31337 EURUSD,M1: OpenOrderIsAllowed(): Maximum open and pending orders reached the limit (MaxOrders).
0	07:54:57.777	EA31337 EURUSD,M1: OpenOrderIsAllowed(): Maximum open and pending orders reached the limit (MaxOrders).
0	07:54:58.098	EA31337 EURUSD,M1: OpenOrderIsAllowed(): Maximum open and pending orders reached the limit (MaxOrders).
0	07:56:16.932	EA31337 EURUSD,M1: OpenOrderIsAllowed(): Maximum open and pending orders reached the limit (MaxOrders).
0	07:56:16.932	EA31337 EURUSD,M1: OpenOrderIsAllowed(): Maximum open and pending orders reached the limit (MaxOrders).
0	07:56:16.932	EA31337 EURUSD,M1: OpenOrderIsAllowed(): Maximum open and pending orders reached the limit (MaxOrders).
2	07:56:36.542	EA31337 EURUSD,M1: modify #44414591 sell 0.01 EURUSD at 1.10526 sl: 1.10947 tp: 1.10074 ok
2	07:56:36.968	EA31337 EURUSD,M1: modify #44414771 sell 0.01 EURUSD at 1.10530 sl: 1.10951 tp: 1.10065 ok
0	07:57:07.562	EA31337 EURUSD,M1: OpenOrderIsAllowed(): Maximum open and pending orders reached the limit (MaxOrders).
0	07:57:07.822	EA31337 EURUSD,M1: OpenOrderIsAllowed(): Maximum open and pending orders reached the limit (MaxOrders).
0	07:57:07.822	EA31337 EURUSD,M1: OpenOrderIsAllowed(): Maximum open and pending orders reached the limit (MaxOrders).
0	07:58:08.041	EA31337 EURUSD,M1: OpenOrderIsAllowed(): Maximum open and pending orders reached the limit (MaxOrders).
0	07:58:08.041	EA31337 EURUSD,M1: OpenOrderIsAllowed(): Maximum open and pending orders reached the limit (MaxOrders).
0	07:58:59.817	EA31337 EURUSD,M1: OpenOrderIsAllowed(): Maximum open and pending orders reached the limit (MaxOrders).
0	07:58:59.817	EA31337 EURUSD,M1: OpenOrderIsAllowed(): Maximum open and pending orders reached the limit (MaxOrders).
0	07:58:59.817	EA31337 EURUSD,M1: OpenOrderIsAllowed(): Maximum open and pending orders reached the limit (MaxOrders).
2	07:59:18.915	EA31337 EURUSD,M1: modify #44414591 sell 0.01 EURUSD at 1.10526 sl: 1.10947 tp: 1.10071 ok
0	07:59:46.072	EA31337 EURUSD,M1: OpenOrderIsAllowed(): Maximum open and pending orders reached the limit (MaxOrders).
0	08:02:41.207	EA31337 EURUSD,M1: == New hour: 8
2	08:06:12.352	EA31337 EURUSD,M1: modify #44414591 sell 0.01 EURUSD at 1.10526 sl: 1.10947 tp: 1.10014 ok
2	08:11:39.164	EA31337 EURUSD,M1: modify #44414591 sell 0.01 EURUSD at 1.10526 sl: 1.10947 tp: 1.09933 ok
2	08:18:00.287	EA31337 EURUSD,M1: modify #44414591 sell 0.01 EURUSD at 1.10526 sl: 1.10947 tp: 1.09912 ok
2	08:21:33.496	EA31337 EURUSD,M1: modify #44414591 sell 0.01 EURUSD at 1.10526 sl: 1.10947 tp: 1.09902 ok
2	08:24:09.146	EA31337 EURUSD,M1: modify #44414591 sell 0.01 EURUSD at 1.10526 sl: 1.10947 tp: 1.09883 ok
2	08:30:32.604	EA31337 EURUSD,M1: modify #44414591 sell 0.01 EURUSD at 1.10526 sl: 1.10947 tp: 1.09875 ok
2	08:32:41.452	EA31337 EURUSD,M1: modify #44414591 sell 0.01 EURUSD at 1.10526 sl: 1.10947 tp: 1.09858 ok
2	08:35:36.864	EA31337 EURUSD,M1: modify #44414591 sell 0.01 EURUSD at 1.10526 sl: 1.10947 tp: 1.09856 ok
2	08:38:43.124	EA31337 EURUSD,M1: modify #44414591 sell 0.01 EURUSD at 1.10526 sl: 1.10947 tp: 1.09804 ok
2	08:58:49.041	EA31337 EURUSD,M1: modify #44414591 sell 0.01 EURUSD at 1.10526 sl: 1.10947 tp: 1.09797 ok
0	09:01:24.728	EA31337 EURUSD,M1: == New hour: 9
2	09:05:52.769	EA31337 EURUSD,M1: modify #44414591 sell 0.01 EURUSD at 1.10526 sl: 1.10947 tp: 1.09794 ok
2	09:10:44.639	EA31337 EURUSD,M1: modify #44414591 sell 0.01 EURUSD at 1.10526 sl: 1.10947 tp: 1.09705 ok
0	09:11:25.524	EA31337 EURUSD,M1: ExecuteOrder(): MarketInfo: Symbol: EURUSD; Ask: 1.10181; Bid: 1.10160; Spread: 21 points = 2.1 pips; 
2	09:11:26.072	EA31337 EURUSD,M1: open #44418287 sell 0.01 EURUSD at 1.10163 sl: 1.10581 tp: 1.09720 ok
0	09:11:26.072	EA31337 EURUSD,M1: #44418287 2015.12.15 09:11:20 sell 0.01 EURUSD 1.10163 1.10581 1.09720 1.10184 0.00 0.00 -0.21 | spread: 2.0 31361
0	09:11:26.072	EA31337 EURUSD,M1: ExecuteOrder(): Order Details: Ticket: 44418287; Time: 2015.12.15 09:11:09; Comment: | spread: 2.0; Commision: 0; Symbol: EURUSD; Type: Sell; Expiration: 0; Open Price: 1.10163; Close Price: 1.10184; Take Profit: -0.21; Stop Loss: 1.1058; Swap: 0; Lot size: 0.01; Account Details: Time: 2015.12.15 09:11:09; Account Balance: $2126.55; Account Equity: $2370.98; Used Margin: $300.00; Free Margin: $2070.98; No of Orders: 30 (BUY/SELL: 19/11); Risk Ratio: 0.9
0	09:11:26.104	EA31337 EURUSD,M1: OpenOrderIsAllowed(): Maximum open and pending orders reached the limit (MaxOrders).
0	09:11:50.392	EA31337 EURUSD,M1: OpenOrderIsAllowed(): Maximum open and pending orders reached the limit (MaxOrders).
0	09:12:01.794	EA31337 EURUSD,M1: OpenOrderIsAllowed(): Maximum open and pending orders reached the limit (MaxOrders).
0	09:13:12.392	EA31337 EURUSD,M1: OpenOrderIsAllowed(): Maximum open and pending orders reached the limit (MaxOrders).
0	09:13:17.979	EA31337 EURUSD,M1: OpenOrderIsAllowed(): Maximum open and pending orders reached the limit (MaxOrders).
0	09:13:17.979	EA31337 EURUSD,M1: OpenOrderIsAllowed(): Maximum open and pending orders reached the limit (MaxOrders).
0	09:13:17.979	EA31337 EURUSD,M1: OpenOrderIsAllowed(): Maximum open and pending orders reached the limit (MaxOrders).
0	09:14:20.270	EA31337 EURUSD,M1: OpenOrderIsAllowed(): Maximum open and pending orders reached the limit (MaxOrders).
0	09:14:20.302	EA31337 EURUSD,M1: OpenOrderIsAllowed(): Maximum open and pending orders reached the limit (MaxOrders).
0	09:14:20.302	EA31337 EURUSD,M1: OpenOrderIsAllowed(): Maximum open and pending orders reached the limit (MaxOrders).
2	09:14:25.854	EA31337 EURUSD,M1: modify #44414771 sell 0.01 EURUSD at 1.10530 sl: 1.10951 tp: 1.10059 ok
0	09:15:26.260	EA31337 EURUSD,M1: OpenOrderIsAllowed(): Maximum open and pending orders reached the limit (MaxOrders).
0	09:15:38.098	EA31337 EURUSD,M1: OpenOrderIsAllowed(): Maximum open and pending orders reached the limit (MaxOrders).
0	09:15:38.098	EA31337 EURUSD,M1: OpenOrderIsAllowed(): Maximum open and pending orders reached the limit (MaxOrders).
0	09:15:38.098	EA31337 EURUSD,M1: OpenOrderIsAllowed(): Maximum open and pending orders reached the limit (MaxOrders).
0	09:16:21.891	EA31337 EURUSD,M1: OpenOrderIsAllowed(): Maximum open and pending orders reached the limit (MaxOrders).
0	09:16:21.891	EA31337 EURUSD,M1: OpenOrderIsAllowed(): Maximum open and pending orders reached the limit (MaxOrders).
0	09:16:21.891	EA31337 EURUSD,M1: OpenOrderIsAllowed(): Maximum open and pending orders reached the limit (MaxOrders).
0	09:16:21.891	EA31337 EURUSD,M1: OpenOrderIsAllowed(): Maximum open and pending orders reached the limit (MaxOrders).
2	09:16:55.755	EA31337 EURUSD,M1: modify #44414771 sell 0.01 EURUSD at 1.10530 sl: 1.10951 tp: 1.10046 ok
0	09:17:36.876	EA31337 EURUSD,M1: OpenOrderIsAllowed(): Maximum open and pending orders reached the limit (MaxOrders).
2	09:24:18.604	EA31337 EURUSD,M1: modify #44414591 sell 0.01 EURUSD at 1.10526 sl: 1.10947 tp: 1.09676 ok
2	09:24:19.193	EA31337 EURUSD,M1: modify #44414771 sell 0.01 EURUSD at 1.10530 sl: 1.10951 tp: 1.10031 ok
2	09:24:19.716	EA31337 EURUSD,M1: modify #44418287 sell 0.01 EURUSD at 1.10163 sl: 1.10581 tp: 1.09679 ok
2	09:26:09.503	EA31337 EURUSD,M1: modify #44414771 sell 0.01 EURUSD at 1.10530 sl: 1.10951 tp: 1.10027 ok
2	09:27:46.058	EA31337 EURUSD,M1: modify #44414771 sell 0.01 EURUSD at 1.10530 sl: 1.10951 tp: 1.10006 ok
2	09:33:57.698	EA31337 EURUSD,M1: modify #44414771 sell 0.01 EURUSD at 1.10530 sl: 1.10951 tp: 1.09990 ok
2	09:36:58.252	EA31337 EURUSD,M1: modify #44414771 sell 0.01 EURUSD at 1.10530 sl: 1.10951 tp: 1.09989 ok
2	09:37:51.661	EA31337 EURUSD,M1: modify #44414771 sell 0.01 EURUSD at 1.10530 sl: 1.10951 tp: 1.09979 ok
2	09:41:21.042	EA31337 EURUSD,M1: modify #44414771 sell 0.01 EURUSD at 1.10530 sl: 1.10951 tp: 1.09964 ok
2	09:48:25.561	EA31337 EURUSD,M1: modify #44414771 sell 0.01 EURUSD at 1.10530 sl: 1.10951 tp: 1.09961 ok
2	09:51:10.824	EA31337 EURUSD,M1: modify #44414771 sell 0.01 EURUSD at 1.10530 sl: 1.10951 tp: 1.09959 ok
0	10:03:02.127	EA31337 EURUSD,M1: == New hour: 10
2	10:57:38.920	EA31337 EURUSD,M1: modify #44414591 sell 0.01 EURUSD at 1.10526 sl: 1.10947 tp: 1.09653 ok
2	10:57:39.374	EA31337 EURUSD,M1: modify #44418287 sell 0.01 EURUSD at 1.10163 sl: 1.10581 tp: 1.09654 ok
2	11:02:10.000	EA31337 EURUSD,M1: modify #44414591 sell 0.01 EURUSD at 1.10526 sl: 1.10947 tp: 1.09637 ok
2	11:02:10.329	EA31337 EURUSD,M1: modify #44418287 sell 0.01 EURUSD at 1.10163 sl: 1.10581 tp: 1.09638 ok
0	11:02:15.370	EA31337 EURUSD,M1: == New hour: 11
2	11:05:02.685	EA31337 EURUSD,M1: modify #44414591 sell 0.01 EURUSD at 1.10526 sl: 1.10947 tp: 1.09615 ok
2	11:05:03.204	EA31337 EURUSD,M1: modify #44418287 sell 0.01 EURUSD at 1.10163 sl: 1.10581 tp: 1.09615 ok
2	11:27:55.914	EA31337 EURUSD,M1: modify #44414771 sell 0.01 EURUSD at 1.10530 sl: 1.10951 tp: 1.09958 ok
2	11:33:26.526	EA31337 EURUSD,M1: modify #44414771 sell 0.01 EURUSD at 1.10530 sl: 1.10951 tp: 1.09954 ok
2	11:39:24.226	EA31337 EURUSD,M1: modify #44414771 sell 0.01 EURUSD at 1.10530 sl: 1.10951 tp: 1.09950 ok
2	11:42:52.977	EA31337 EURUSD,M1: modify #44414771 sell 0.01 EURUSD at 1.10530 sl: 1.10951 tp: 1.09946 ok
2	11:47:24.046	EA31337 EURUSD,M1: modify #44414591 sell 0.01 EURUSD at 1.10526 sl: 1.10947 tp: 1.09592 ok
2	11:47:24.499	EA31337 EURUSD,M1: modify #44414771 sell 0.01 EURUSD at 1.10530 sl: 1.10951 tp: 1.09933 ok
2	11:47:24.921	EA31337 EURUSD,M1: modify #44418287 sell 0.01 EURUSD at 1.10163 sl: 1.10581 tp: 1.09592 ok
2	11:50:51.265	EA31337 EURUSD,M1: modify #44414591 sell 0.01 EURUSD at 1.10526 sl: 1.10947 tp: 1.09553 ok
2	11:50:51.718	EA31337 EURUSD,M1: modify #44414771 sell 0.01 EURUSD at 1.10530 sl: 1.10951 tp: 1.09928 ok
2	11:50:52.044	EA31337 EURUSD,M1: modify #44418287 sell 0.01 EURUSD at 1.10163 sl: 1.10581 tp: 1.09551 ok
2	11:53:34.374	EA31337 EURUSD,M1: modify #44414771 sell 0.01 EURUSD at 1.10530 sl: 1.10951 tp: 1.09910 ok
2	12:01:15.838	EA31337 EURUSD,M1: modify #44414771 sell 0.01 EURUSD at 1.10530 sl: 1.10951 tp: 1.09902 ok
0	12:01:20.707	EA31337 EURUSD,M1: == New hour: 12
2	12:03:03.979	EA31337 EURUSD,M1: modify #44414771 sell 0.01 EURUSD at 1.10530 sl: 1.10951 tp: 1.09898 ok
2	12:07:22.994	EA31337 EURUSD,M1: modify #44414771 sell 0.01 EURUSD at 1.10530 sl: 1.10951 tp: 1.09890 ok
2	12:13:21.439	EA31337 EURUSD,M1: modify #44414771 sell 0.01 EURUSD at 1.10530 sl: 1.10951 tp: 1.09881 ok
2	12:17:50.212	EA31337 EURUSD,M1: modify #44414771 sell 0.01 EURUSD at 1.10530 sl: 1.10951 tp: 1.09874 ok
2	12:25:07.554	EA31337 EURUSD,M1: modify #44414771 sell 0.01 EURUSD at 1.10530 sl: 1.10951 tp: 1.09869 ok
2	12:31:11.798	EA31337 EURUSD,M1: modify #44414591 sell 0.01 EURUSD at 1.10526 sl: 1.10947 tp: 1.09530 ok
2	12:31:12.411	EA31337 EURUSD,M1: modify #44414771 sell 0.01 EURUSD at 1.10530 sl: 1.10951 tp: 1.09866 ok
2	12:31:12.768	EA31337 EURUSD,M1: modify #44418287 sell 0.01 EURUSD at 1.10163 sl: 1.10581 tp: 1.09529 ok
2	12:34:41.362	EA31337 EURUSD,M1: modify #44414591 sell 0.01 EURUSD at 1.10526 sl: 1.10947 tp: 1.09479 ok
2	12:34:41.877	EA31337 EURUSD,M1: modify #44418287 sell 0.01 EURUSD at 1.10163 sl: 1.10581 tp: 1.09477 ok
2	12:36:50.166	EA31337 EURUSD,M1: modify #44414771 sell 0.01 EURUSD at 1.10530 sl: 1.10951 tp: 1.09857 ok
2	12:38:22.898	EA31337 EURUSD,M1: modify #44414771 sell 0.01 EURUSD at 1.10530 sl: 1.10951 tp: 1.09849 ok
2	12:51:19.680	EA31337 EURUSD,M1: modify #44414771 sell 0.01 EURUSD at 1.10530 sl: 1.10951 tp: 1.09847 ok
2	13:03:33.626	EA31337 EURUSD,M1: modify #44414771 sell 0.01 EURUSD at 1.10530 sl: 1.10951 tp: 1.09846 ok
0	13:06:20.229	EA31337 EURUSD,M1: == New hour: 13
2	13:07:56.838	EA31337 EURUSD,M1: modify #44414771 sell 0.01 EURUSD at 1.10530 sl: 1.10951 tp: 1.09840 ok
2	13:10:35.462	EA31337 EURUSD,M1: modify #44414591 sell 0.01 EURUSD at 1.10526 sl: 1.10947 tp: 1.09453 ok
2	13:10:35.957	EA31337 EURUSD,M1: modify #44418287 sell 0.01 EURUSD at 1.10163 sl: 1.10581 tp: 1.09454 ok
2	13:14:26.906	EA31337 EURUSD,M1: modify #44414771 sell 0.01 EURUSD at 1.10530 sl: 1.10951 tp: 1.09818 ok
2	13:17:13.178	EA31337 EURUSD,M1: modify #44414771 sell 0.01 EURUSD at 1.10530 sl: 1.10951 tp: 1.09810 ok
2	13:27:32.565	EA31337 EURUSD,M1: modify #44414771 sell 0.01 EURUSD at 1.10530 sl: 1.10951 tp: 1.09802 ok
2	13:29:36.229	EA31337 EURUSD,M1: modify #44414771 sell 0.01 EURUSD at 1.10530 sl: 1.10951 tp: 1.09800 ok
2	13:33:59.770	EA31337 EURUSD,M1: modify #44414591 sell 0.01 EURUSD at 1.10526 sl: 1.10947 tp: 1.09440 ok
2	13:34:00.294	EA31337 EURUSD,M1: modify #44414771 sell 0.01 EURUSD at 1.10530 sl: 1.10951 tp: 1.09795 ok
2	13:34:00.651	EA31337 EURUSD,M1: modify #44418287 sell 0.01 EURUSD at 1.10163 sl: 1.10581 tp: 1.09442 ok
2	13:36:37.716	EA31337 EURUSD,M1: modify #44414771 sell 0.01 EURUSD at 1.10530 sl: 1.10951 tp: 1.09791 ok
2	13:39:41.387	EA31337 EURUSD,M1: modify #44414771 sell 0.01 EURUSD at 1.10530 sl: 1.10951 tp: 1.09790 ok
2	13:42:16.717	EA31337 EURUSD,M1: modify #44387470 sell 0.01 EURUSD at 1.10209 sl: 1.10628 tp: 1.09338 ok
2	13:42:17.074	EA31337 EURUSD,M1: modify #44387879 sell 0.01 EURUSD at 1.10265 sl: 1.10683 tp: 1.09337 ok
2	13:42:17.464	EA31337 EURUSD,M1: modify #44388753 sell 0.01 EURUSD at 1.10326 sl: 1.10737 tp: 1.09338 ok
2	13:42:17.918	EA31337 EURUSD,M1: modify #44389057 sell 0.01 EURUSD at 1.10282 sl: 1.10702 tp: 1.09338 ok
2	13:42:18.214	EA31337 EURUSD,M1: modify #44389425 sell 0.01 EURUSD at 1.10245 sl: 1.10662 tp: 1.09337 ok
2	13:42:18.896	EA31337 EURUSD,M1: modify #44390336 sell 0.01 EURUSD at 1.10236 sl: 1.10657 tp: 1.09338 ok
2	13:42:19.221	EA31337 EURUSD,M1: modify #44391728 sell 0.01 EURUSD at 1.10467 sl: 1.10889 tp: 1.09339 ok
2	13:42:19.675	EA31337 EURUSD,M1: modify #44391960 sell 0.01 EURUSD at 1.10399 sl: 1.10819 tp: 1.09340 ok
2	13:42:20.190	EA31337 EURUSD,M1: modify #44414591 sell 0.01 EURUSD at 1.10526 sl: 1.10947 tp: 1.09338 ok
2	13:42:20.450	EA31337 EURUSD,M1: modify #44418287 sell 0.01 EURUSD at 1.10163 sl: 1.10581 tp: 1.09339 ok
0	13:42:26.976	EA31337 EURUSD,M1: OpenOrderIsAllowed(): DeMarker M1: Maximum open and pending orders per type reached the limit (MaxOrdersPerType).
0	13:42:26.976	EA31337 EURUSD,M1: OpenOrderIsAllowed(): DeMarker M5: Maximum open and pending orders per type reached the limit (MaxOrdersPerType).
0	13:42:27.008	EA31337 EURUSD,M1: ExecuteOrder(): MarketInfo: Symbol: EURUSD; Ask: 1.09774; Bid: 1.09753; Spread: 21 points = 2.1 pips; 
2	13:42:27.534	EA31337 EURUSD,M1: open #44426192 buy 0.01 EURUSD at 1.09765 sl: 1.09353 tp: 1.10214 ok
0	13:42:27.534	EA31337 EURUSD,M1: #44426192 2015.12.15 13:42:21 buy 0.01 EURUSD 1.09765 1.09353 1.10214 1.09743 0.00 0.00 -0.22 | spread: 2.1 31383
0	13:42:27.560	EA31337 EURUSD,M1: ExecuteOrder(): Order Details: Ticket: 44426192; Time: 2015.12.15 13:42:20; Comment: | spread: 2.1; Commision: 0; Symbol: EURUSD; Type: Buy; Expiration: 0; Open Price: 1.09765; Close Price: 1.09743; Take Profit: -0.22; Stop Loss: 1.0935; Swap: 0; Lot size: 0.01; Account Details: Time: 2015.12.15 13:42:20; Account Balance: $2133.95; Account Equity: $2336.90; Used Margin: $300.00; Free Margin: $2036.90; No of Orders: 30 (BUY/SELL: 20/10); Risk Ratio: 1.0
0	13:42:27.592	EA31337 EURUSD,M1: OpenOrderIsAllowed(): Maximum open and pending orders reached the limit (MaxOrders).
0	13:42:27.592	EA31337 EURUSD,M1: OpenOrderIsAllowed(): Maximum open and pending orders reached the limit (MaxOrders).
0	13:42:27.753	EA31337 EURUSD,M1: OpenOrderIsAllowed(): Maximum open and pending orders reached the limit (MaxOrders).
0	13:43:05.845	EA31337 EURUSD,M1: OpenOrderIsAllowed(): Maximum open and pending orders reached the limit (MaxOrders).
0	13:44:22.534	EA31337 EURUSD,M1: OpenOrderIsAllowed(): Maximum open and pending orders reached the limit (MaxOrders).
2	13:44:47.653	EA31337 EURUSD,M1: modify #44387470 sell 0.01 EURUSD at 1.10209 sl: 1.10628 tp: 1.09333 ok
2	13:44:48.107	EA31337 EURUSD,M1: modify #44387879 sell 0.01 EURUSD at 1.10265 sl: 1.10683 tp: 1.09335 ok
2	13:44:48.630	EA31337 EURUSD,M1: modify #44388753 sell 0.01 EURUSD at 1.10326 sl: 1.10737 tp: 1.09334 ok
2	13:44:48.954	EA31337 EURUSD,M1: modify #44389057 sell 0.01 EURUSD at 1.10282 sl: 1.10702 tp: 1.09334 ok
2	13:44:49.279	EA31337 EURUSD,M1: modify #44389425 sell 0.01 EURUSD at 1.10245 sl: 1.10662 tp: 1.09334 ok
2	13:44:49.798	EA31337 EURUSD,M1: modify #44390336 sell 0.01 EURUSD at 1.10236 sl: 1.10657 tp: 1.09334 ok
2	13:44:50.219	EA31337 EURUSD,M1: modify #44391728 sell 0.01 EURUSD at 1.10467 sl: 1.10889 tp: 1.09334 ok
2	13:44:50.636	EA31337 EURUSD,M1: modify #44391960 sell 0.01 EURUSD at 1.10399 sl: 1.10819 tp: 1.09334 ok
2	13:44:51.249	EA31337 EURUSD,M1: modify #44414591 sell 0.01 EURUSD at 1.10526 sl: 1.10947 tp: 1.09334 ok
2	13:44:51.698	EA31337 EURUSD,M1: modify #44418287 sell 0.01 EURUSD at 1.10163 sl: 1.10581 tp: 1.09334 ok
2	13:44:52.152	EA31337 EURUSD,M1: modify #44426192 buy 0.01 EURUSD at 1.09765 sl: 1.09353 tp: 1.10234 ok
0	13:45:27.303	EA31337 EURUSD,M1: OpenOrderIsAllowed(): Maximum open and pending orders reached the limit (MaxOrders).
0	13:48:21.585	EA31337 EURUSD,M1: OpenOrderIsAllowed(): Maximum open and pending orders reached the limit (MaxOrders).
2	13:48:34.940	EA31337 EURUSD,M1: modify #44387470 sell 0.01 EURUSD at 1.10209 sl: 1.10628 tp: 1.09323 ok
2	13:48:35.362	EA31337 EURUSD,M1: modify #44387879 sell 0.01 EURUSD at 1.10265 sl: 1.10683 tp: 1.09323 ok
2	13:48:35.750	EA31337 EURUSD,M1: modify #44388753 sell 0.01 EURUSD at 1.10326 sl: 1.10737 tp: 1.09322 ok
2	13:48:41.319	EA31337 EURUSD,M1: modify #44389057 sell 0.01 EURUSD at 1.10282 sl: 1.10702 tp: 1.09322 ok
2	13:48:41.643	EA31337 EURUSD,M1: modify #44389425 sell 0.01 EURUSD at 1.10245 sl: 1.10662 tp: 1.09323 ok
2	13:48:42.000	EA31337 EURUSD,M1: modify #44390336 sell 0.01 EURUSD at 1.10236 sl: 1.10657 tp: 1.09325 ok
2	13:48:42.353	EA31337 EURUSD,M1: modify #44391728 sell 0.01 EURUSD at 1.10467 sl: 1.10889 tp: 1.09323 ok
2	13:48:42.775	EA31337 EURUSD,M1: modify #44391960 sell 0.01 EURUSD at 1.10399 sl: 1.10819 tp: 1.09323 ok
2	13:48:43.132	EA31337 EURUSD,M1: modify #44414591 sell 0.01 EURUSD at 1.10526 sl: 1.10947 tp: 1.09324 ok
2	13:48:43.651	EA31337 EURUSD,M1: modify #44418287 sell 0.01 EURUSD at 1.10163 sl: 1.10581 tp: 1.09324 ok
0	13:48:56.763	EA31337 EURUSD,M1: OpenOrderIsAllowed(): Maximum open and pending orders reached the limit (MaxOrders).
2	13:51:26.170	EA31337 EURUSD,M1: modify #44387470 sell 0.01 EURUSD at 1.10209 sl: 1.10628 tp: 1.09317 ok
2	13:51:26.616	EA31337 EURUSD,M1: modify #44387879 sell 0.01 EURUSD at 1.10265 sl: 1.10683 tp: 1.09318 ok
2	13:51:27.005	EA31337 EURUSD,M1: modify #44388753 sell 0.01 EURUSD at 1.10326 sl: 1.10737 tp: 1.09320 ok
2	13:51:27.362	EA31337 EURUSD,M1: modify #44389057 sell 0.01 EURUSD at 1.10282 sl: 1.10702 tp: 1.09317 ok
2	13:51:27.946	EA31337 EURUSD,M1: modify #44389425 sell 0.01 EURUSD at 1.10245 sl: 1.10662 tp: 1.09317 ok
2	13:51:28.498	EA31337 EURUSD,M1: modify #44390336 sell 0.01 EURUSD at 1.10236 sl: 1.10657 tp: 1.09317 ok
2	13:51:29.107	EA31337 EURUSD,M1: modify #44391728 sell 0.01 EURUSD at 1.10467 sl: 1.10889 tp: 1.09318 ok
2	13:51:29.503	EA31337 EURUSD,M1: modify #44391960 sell 0.01 EURUSD at 1.10399 sl: 1.10819 tp: 1.09317 ok
2	13:51:29.956	EA31337 EURUSD,M1: modify #44414591 sell 0.01 EURUSD at 1.10526 sl: 1.10947 tp: 1.09315 ok
2	13:51:30.718	EA31337 EURUSD,M1: modify #44418287 sell 0.01 EURUSD at 1.10163 sl: 1.10581 tp: 1.09315 ok
2	13:53:04.354	EA31337 EURUSD,M1: modify #44426192 buy 0.01 EURUSD at 1.09765 sl: 1.09353 tp: 1.10251 ok
2	13:57:24.676	EA31337 EURUSD,M1: modify #44387470 sell 0.01 EURUSD at 1.10209 sl: 1.10628 tp: 1.09291 ok
2	13:57:24.968	EA31337 EURUSD,M1: modify #44387879 sell 0.01 EURUSD at 1.10265 sl: 1.10683 tp: 1.09291 ok
2	13:57:25.321	EA31337 EURUSD,M1: modify #44388753 sell 0.01 EURUSD at 1.10326 sl: 1.10737 tp: 1.09292 ok
2	13:57:25.747	EA31337 EURUSD,M1: modify #44389057 sell 0.01 EURUSD at 1.10282 sl: 1.10702 tp: 1.09293 ok
2	13:57:26.234	EA31337 EURUSD,M1: modify #44389425 sell 0.01 EURUSD at 1.10245 sl: 1.10662 tp: 1.09293 ok
2	13:57:26.660	EA31337 EURUSD,M1: modify #44390336 sell 0.01 EURUSD at 1.10236 sl: 1.10657 tp: 1.09294 ok
2	13:57:27.114	EA31337 EURUSD,M1: modify #44391728 sell 0.01 EURUSD at 1.10467 sl: 1.10889 tp: 1.09293 ok
2	13:57:27.504	EA31337 EURUSD,M1: modify #44391960 sell 0.01 EURUSD at 1.10399 sl: 1.10819 tp: 1.09292 ok
2	13:57:27.897	EA31337 EURUSD,M1: modify #44414591 sell 0.01 EURUSD at 1.10526 sl: 1.10947 tp: 1.09292 ok
2	13:57:28.352	EA31337 EURUSD,M1: modify #44418287 sell 0.01 EURUSD at 1.10163 sl: 1.10581 tp: 1.09292 ok
2	14:00:30.529	EA31337 EURUSD,M1: modify #44387470 sell 0.01 EURUSD at 1.10209 sl: 1.10628 tp: 1.09263 ok
2	14:00:30.983	EA31337 EURUSD,M1: modify #44387879 sell 0.01 EURUSD at 1.10265 sl: 1.10683 tp: 1.09262 ok
2	14:00:31.401	EA31337 EURUSD,M1: modify #44388753 sell 0.01 EURUSD at 1.10326 sl: 1.10737 tp: 1.09265 ok
2	14:00:31.855	EA31337 EURUSD,M1: modify #44389057 sell 0.01 EURUSD at 1.10282 sl: 1.10702 tp: 1.09264 ok
2	14:00:32.248	EA31337 EURUSD,M1: modify #44389425 sell 0.01 EURUSD at 1.10245 sl: 1.10662 tp: 1.09264 ok
2	14:00:32.698	EA31337 EURUSD,M1: modify #44390336 sell 0.01 EURUSD at 1.10236 sl: 1.10657 tp: 1.09266 ok
2	14:00:33.055	EA31337 EURUSD,M1: modify #44391728 sell 0.01 EURUSD at 1.10467 sl: 1.10889 tp: 1.09262 ok
2	14:00:33.473	EA31337 EURUSD,M1: modify #44391960 sell 0.01 EURUSD at 1.10399 sl: 1.10819 tp: 1.09265 ok
2	14:00:33.834	EA31337 EURUSD,M1: modify #44414591 sell 0.01 EURUSD at 1.10526 sl: 1.10947 tp: 1.09264 ok
2	14:00:34.256	EA31337 EURUSD,M1: modify #44418287 sell 0.01 EURUSD at 1.10163 sl: 1.10581 tp: 1.09264 ok
0	14:00:46.467	EA31337 EURUSD,M1: == New hour: 14
2	14:03:41.108	EA31337 EURUSD,M1: modify #44387470 sell 0.01 EURUSD at 1.10209 sl: 1.10628 tp: 1.09251 ok
2	14:03:41.469	EA31337 EURUSD,M1: modify #44387879 sell 0.01 EURUSD at 1.10265 sl: 1.10683 tp: 1.09252 ok
2	14:03:42.170	EA31337 EURUSD,M1: modify #44388753 sell 0.01 EURUSD at 1.10326 sl: 1.10737 tp: 1.09253 ok
2	14:03:42.659	EA31337 EURUSD,M1: modify #44389057 sell 0.01 EURUSD at 1.10282 sl: 1.10702 tp: 1.09254 ok
2	14:03:43.046	EA31337 EURUSD,M1: modify #44389425 sell 0.01 EURUSD at 1.10245 sl: 1.10662 tp: 1.09253 ok
2	14:03:43.374	EA31337 EURUSD,M1: modify #44390336 sell 0.01 EURUSD at 1.10236 sl: 1.10657 tp: 1.09252 ok
2	14:03:43.756	EA31337 EURUSD,M1: modify #44391728 sell 0.01 EURUSD at 1.10467 sl: 1.10889 tp: 1.09253 ok
2	14:03:44.210	EA31337 EURUSD,M1: modify #44391960 sell 0.01 EURUSD at 1.10399 sl: 1.10819 tp: 1.09252 ok
2	14:03:44.761	EA31337 EURUSD,M1: modify #44414591 sell 0.01 EURUSD at 1.10526 sl: 1.10947 tp: 1.09253 ok
2	14:03:45.248	EA31337 EURUSD,M1: modify #44418287 sell 0.01 EURUSD at 1.10163 sl: 1.10581 tp: 1.09253 ok
2	14:09:57.756	EA31337 EURUSD,M1: modify #44387470 sell 0.01 EURUSD at 1.10209 sl: 1.10628 tp: 1.09250 ok
2	14:09:58.141	EA31337 EURUSD,M1: modify #44387879 sell 0.01 EURUSD at 1.10265 sl: 1.10683 tp: 1.09250 ok
2	14:09:58.563	EA31337 EURUSD,M1: modify #44388753 sell 0.01 EURUSD at 1.10326 sl: 1.10737 tp: 1.09250 ok
2	14:09:59.151	EA31337 EURUSD,M1: modify #44389057 sell 0.01 EURUSD at 1.10282 sl: 1.10702 tp: 1.09250 ok
2	14:09:59.769	EA31337 EURUSD,M1: modify #44389425 sell 0.01 EURUSD at 1.10245 sl: 1.10662 tp: 1.09251 ok
2	14:10:00.772	EA31337 EURUSD,M1: modify #44390336 sell 0.01 EURUSD at 1.10236 sl: 1.10657 tp: 1.09250 ok
2	14:10:01.259	EA31337 EURUSD,M1: modify #44391728 sell 0.01 EURUSD at 1.10467 sl: 1.10889 tp: 1.09250 ok
2	14:10:01.810	EA31337 EURUSD,M1: modify #44391960 sell 0.01 EURUSD at 1.10399 sl: 1.10819 tp: 1.09250 ok
2	14:10:02.264	EA31337 EURUSD,M1: modify #44414591 sell 0.01 EURUSD at 1.10526 sl: 1.10947 tp: 1.09251 ok
2	14:10:02.621	EA31337 EURUSD,M1: modify #44418287 sell 0.01 EURUSD at 1.10163 sl: 1.10581 tp: 1.09251 ok
2	14:22:41.756	EA31337 EURUSD,M1: modify #44387470 sell 0.01 EURUSD at 1.10209 sl: 1.10628 tp: 1.09185 ok
2	14:22:42.272	EA31337 EURUSD,M1: modify #44387879 sell 0.01 EURUSD at 1.10265 sl: 1.10683 tp: 1.09186 ok
2	14:22:42.828	EA31337 EURUSD,M1: modify #44388753 sell 0.01 EURUSD at 1.10326 sl: 1.10737 tp: 1.09185 ok
2	14:22:43.217	EA31337 EURUSD,M1: modify #44389057 sell 0.01 EURUSD at 1.10282 sl: 1.10702 tp: 1.09185 ok
2	14:22:43.546	EA31337 EURUSD,M1: modify #44389425 sell 0.01 EURUSD at 1.10245 sl: 1.10662 tp: 1.09186 ok
2	14:22:44.163	EA31337 EURUSD,M1: modify #44390336 sell 0.01 EURUSD at 1.10236 sl: 1.10657 tp: 1.09186 ok
2	14:22:44.969	EA31337 EURUSD,M1: modify #44391728 sell 0.01 EURUSD at 1.10467 sl: 1.10889 tp: 1.09186 ok
2	14:22:45.229	EA31337 EURUSD,M1: modify #44391960 sell 0.01 EURUSD at 1.10399 sl: 1.10819 tp: 1.09186 ok
2	14:22:45.716	EA31337 EURUSD,M1: modify #44414591 sell 0.01 EURUSD at 1.10526 sl: 1.10947 tp: 1.09186 ok
2	14:22:46.167	EA31337 EURUSD,M1: modify #44418287 sell 0.01 EURUSD at 1.10163 sl: 1.10581 tp: 1.09186 ok
2	14:25:38.704	EA31337 EURUSD,M1: modify #44387470 sell 0.01 EURUSD at 1.10209 sl: 1.10628 tp: 1.09178 ok
2	14:25:39.215	EA31337 EURUSD,M1: modify #44387879 sell 0.01 EURUSD at 1.10265 sl: 1.10683 tp: 1.09179 ok
2	14:25:39.693	EA31337 EURUSD,M1: modify #44388753 sell 0.01 EURUSD at 1.10326 sl: 1.10737 tp: 1.09179 ok
2	14:25:40.115	EA31337 EURUSD,M1: modify #44389057 sell 0.01 EURUSD at 1.10282 sl: 1.10702 tp: 1.09178 ok
2	14:25:40.473	EA31337 EURUSD,M1: modify #44389425 sell 0.01 EURUSD at 1.10245 sl: 1.10662 tp: 1.09178 ok
2	14:25:41.051	EA31337 EURUSD,M1: modify #44390336 sell 0.01 EURUSD at 1.10236 sl: 1.10657 tp: 1.09178 ok
2	14:25:41.667	EA31337 EURUSD,M1: modify #44391728 sell 0.01 EURUSD at 1.10467 sl: 1.10889 tp: 1.09179 ok
2	14:25:41.926	EA31337 EURUSD,M1: modify #44391960 sell 0.01 EURUSD at 1.10399 sl: 1.10819 tp: 1.09178 ok
2	14:25:42.239	EA31337 EURUSD,M1: modify #44414591 sell 0.01 EURUSD at 1.10526 sl: 1.10947 tp: 1.09180 ok
2	14:25:42.498	EA31337 EURUSD,M1: modify #44418287 sell 0.01 EURUSD at 1.10163 sl: 1.10581 tp: 1.09178 ok
2	14:28:07.419	EA31337 EURUSD,M1: modify #44387470 sell 0.01 EURUSD at 1.10209 sl: 1.10628 tp: 1.09160 ok
2	14:28:07.767	EA31337 EURUSD,M1: modify #44387879 sell 0.01 EURUSD at 1.10265 sl: 1.10683 tp: 1.09162 ok
2	14:28:08.213	EA31337 EURUSD,M1: modify #44388753 sell 0.01 EURUSD at 1.10326 sl: 1.10737 tp: 1.09162 ok
2	14:28:08.599	EA31337 EURUSD,M1: modify #44389057 sell 0.01 EURUSD at 1.10282 sl: 1.10702 tp: 1.09163 ok
2	14:28:08.928	EA31337 EURUSD,M1: modify #44389425 sell 0.01 EURUSD at 1.10245 sl: 1.10662 tp: 1.09163 ok
2	14:28:09.645	EA31337 EURUSD,M1: modify #44390336 sell 0.01 EURUSD at 1.10236 sl: 1.10657 tp: 1.09162 ok
2	14:28:10.222	EA31337 EURUSD,M1: modify #44391728 sell 0.01 EURUSD at 1.10467 sl: 1.10889 tp: 1.09162 ok
2	14:28:10.579	EA31337 EURUSD,M1: modify #44391960 sell 0.01 EURUSD at 1.10399 sl: 1.10819 tp: 1.09163 ok
2	14:28:11.035	EA31337 EURUSD,M1: modify #44414591 sell 0.01 EURUSD at 1.10526 sl: 1.10947 tp: 1.09164 ok
2	14:28:11.520	EA31337 EURUSD,M1: modify #44418287 sell 0.01 EURUSD at 1.10163 sl: 1.10581 tp: 1.09164 ok
2	14:31:33.776	EA31337 EURUSD,M1: modify #44387470 sell 0.01 EURUSD at 1.10209 sl: 1.10628 tp: 1.09112 ok
2	14:31:34.230	EA31337 EURUSD,M1: modify #44387879 sell 0.01 EURUSD at 1.10265 sl: 1.10683 tp: 1.09112 ok
2	14:31:34.717	EA31337 EURUSD,M1: modify #44388753 sell 0.01 EURUSD at 1.10326 sl: 1.10737 tp: 1.09113 ok
2	14:31:35.139	EA31337 EURUSD,M1: modify #44389057 sell 0.01 EURUSD at 1.10282 sl: 1.10702 tp: 1.09112 ok
2	14:31:35.431	EA31337 EURUSD,M1: modify #44389425 sell 0.01 EURUSD at 1.10245 sl: 1.10662 tp: 1.09113 ok
2	14:31:35.922	EA31337 EURUSD,M1: modify #44390336 sell 0.01 EURUSD at 1.10236 sl: 1.10657 tp: 1.09114 ok
2	14:31:36.311	EA31337 EURUSD,M1: modify #44391728 sell 0.01 EURUSD at 1.10467 sl: 1.10889 tp: 1.09113 ok
2	14:31:36.766	EA31337 EURUSD,M1: modify #44391960 sell 0.01 EURUSD at 1.10399 sl: 1.10819 tp: 1.09113 ok
2	14:31:37.183	EA31337 EURUSD,M1: modify #44414591 sell 0.01 EURUSD at 1.10526 sl: 1.10947 tp: 1.09113 ok
2	14:31:37.634	EA31337 EURUSD,M1: modify #44418287 sell 0.01 EURUSD at 1.10163 sl: 1.10581 tp: 1.09113 ok
2	14:33:42.072	EA31337 EURUSD,M1: modify #44387470 sell 0.01 EURUSD at 1.10209 sl: 1.10628 tp: 1.09054 ok
2	14:33:42.461	EA31337 EURUSD,M1: modify #44387879 sell 0.01 EURUSD at 1.10265 sl: 1.10683 tp: 1.09055 ok
2	14:33:43.105	EA31337 EURUSD,M1: modify #44388753 sell 0.01 EURUSD at 1.10326 sl: 1.10737 tp: 1.09054 ok
2	14:33:43.661	EA31337 EURUSD,M1: modify #44389057 sell 0.01 EURUSD at 1.10282 sl: 1.10702 tp: 1.09053 ok
2	14:33:44.140	EA31337 EURUSD,M1: modify #44389425 sell 0.01 EURUSD at 1.10245 sl: 1.10662 tp: 1.09053 ok
2	14:33:44.617	EA31337 EURUSD,M1: modify #44390336 sell 0.01 EURUSD at 1.10236 sl: 1.10657 tp: 1.09054 ok
2	14:33:45.104	EA31337 EURUSD,M1: modify #44391728 sell 0.01 EURUSD at 1.10467 sl: 1.10889 tp: 1.09053 ok
2	14:33:45.656	EA31337 EURUSD,M1: modify #44391960 sell 0.01 EURUSD at 1.10399 sl: 1.10819 tp: 1.09053 ok
2	14:33:46.067	EA31337 EURUSD,M1: modify #44414591 sell 0.01 EURUSD at 1.10526 sl: 1.10947 tp: 1.09053 ok
2	14:33:46.515	EA31337 EURUSD,M1: modify #44418287 sell 0.01 EURUSD at 1.10163 sl: 1.10581 tp: 1.09053 ok
2	14:39:28.551	EA31337 EURUSD,M1: modify #44387879 sell 0.01 EURUSD at 1.10265 sl: 1.10683 tp: 1.09054 ok
2	14:43:19.001	EA31337 EURUSD,M1: modify #44387470 sell 0.01 EURUSD at 1.10209 sl: 1.10628 tp: 1.09026 ok
2	14:43:19.489	EA31337 EURUSD,M1: modify #44387879 sell 0.01 EURUSD at 1.10265 sl: 1.10683 tp: 1.09026 ok
2	14:43:19.966	EA31337 EURUSD,M1: modify #44388753 sell 0.01 EURUSD at 1.10326 sl: 1.10737 tp: 1.09026 ok
2	14:43:20.129	EA31337 EURUSD,M1: modify #44389057 sell 0.01 EURUSD at 1.10282 sl: 1.10702 tp: 1.09028 ok
2	14:43:20.420	EA31337 EURUSD,M1: modify #44389425 sell 0.01 EURUSD at 1.10245 sl: 1.10662 tp: 1.09027 ok
2	14:43:20.846	EA31337 EURUSD,M1: modify #44390336 sell 0.01 EURUSD at 1.10236 sl: 1.10657 tp: 1.09026 ok
2	14:43:21.162	EA31337 EURUSD,M1: modify #44391728 sell 0.01 EURUSD at 1.10467 sl: 1.10889 tp: 1.09026 ok
2	14:43:21.584	EA31337 EURUSD,M1: modify #44391960 sell 0.01 EURUSD at 1.10399 sl: 1.10819 tp: 1.09026 ok
2	14:43:22.062	EA31337 EURUSD,M1: modify #44414591 sell 0.01 EURUSD at 1.10526 sl: 1.10947 tp: 1.09026 ok
2	14:43:22.598	EA31337 EURUSD,M1: modify #44418287 sell 0.01 EURUSD at 1.10163 sl: 1.10581 tp: 1.09026 ok
0	15:03:09.708	EA31337 EURUSD,M1: == New hour: 15
2	15:25:25.355	EA31337 EURUSD,M1: modify #44387470 sell 0.01 EURUSD at 1.10209 sl: 1.10628 tp: 1.08949 ok
2	15:25:25.546	EA31337 EURUSD,M1: modify #44387879 sell 0.01 EURUSD at 1.10265 sl: 1.10683 tp: 1.08948 ok
2	15:25:25.871	EA31337 EURUSD,M1: modify #44388753 sell 0.01 EURUSD at 1.10326 sl: 1.10737 tp: 1.08948 ok
2	15:25:26.260	EA31337 EURUSD,M1: modify #44389057 sell 0.01 EURUSD at 1.10282 sl: 1.10702 tp: 1.08948 ok
2	15:25:26.455	EA31337 EURUSD,M1: modify #44389425 sell 0.01 EURUSD at 1.10245 sl: 1.10662 tp: 1.08950 ok
2	15:25:26.877	EA31337 EURUSD,M1: modify #44390336 sell 0.01 EURUSD at 1.10236 sl: 1.10657 tp: 1.08950 ok
2	15:25:27.428	EA31337 EURUSD,M1: modify #44391728 sell 0.01 EURUSD at 1.10467 sl: 1.10889 tp: 1.08949 ok
2	15:25:27.753	EA31337 EURUSD,M1: modify #44391960 sell 0.01 EURUSD at 1.10399 sl: 1.10819 tp: 1.08949 ok
2	15:25:28.175	EA31337 EURUSD,M1: modify #44414591 sell 0.01 EURUSD at 1.10526 sl: 1.10947 tp: 1.08952 ok
2	15:25:29.076	EA31337 EURUSD,M1: modify #44418287 sell 0.01 EURUSD at 1.10163 sl: 1.10581 tp: 1.08952 ok
2	15:28:57.719	EA31337 EURUSD,M1: modify #44387470 sell 0.01 EURUSD at 1.10209 sl: 1.10628 tp: 1.08941 ok
2	15:29:07.923	EA31337 EURUSD,M1: modify #44387879 sell 0.01 EURUSD at 1.10265 sl: 1.10683 tp: 1.08941 ok
2	15:29:08.475	EA31337 EURUSD,M1: modify #44388753 sell 0.01 EURUSD at 1.10326 sl: 1.10737 tp: 1.08939 ok
2	15:29:08.865	EA31337 EURUSD,M1: modify #44389057 sell 0.01 EURUSD at 1.10282 sl: 1.10702 tp: 1.08939 ok
2	15:29:09.225	EA31337 EURUSD,M1: modify #44389425 sell 0.01 EURUSD at 1.10245 sl: 1.10662 tp: 1.08939 ok
2	15:29:09.574	EA31337 EURUSD,M1: modify #44390336 sell 0.01 EURUSD at 1.10236 sl: 1.10657 tp: 1.08940 ok
2	15:29:09.996	EA31337 EURUSD,M1: modify #44391728 sell 0.01 EURUSD at 1.10467 sl: 1.10889 tp: 1.08938 ok
2	15:29:10.451	EA31337 EURUSD,M1: modify #44391960 sell 0.01 EURUSD at 1.10399 sl: 1.10819 tp: 1.08939 ok
2	15:29:10.743	EA31337 EURUSD,M1: modify #44414591 sell 0.01 EURUSD at 1.10526 sl: 1.10947 tp: 1.08939 ok
2	15:29:11.132	EA31337 EURUSD,M1: modify #44418287 sell 0.01 EURUSD at 1.10163 sl: 1.10581 tp: 1.08939 ok
0	15:31:25.798	EA31337 EURUSD,M1: ExecuteOrder(): MarketInfo: Symbol: EURUSD; Ask: 1.09392; Bid: 1.09371; Spread: 21 points = 2.1 pips; 
2	15:31:26.414	EA31337 EURUSD,M1: open #44431398 buy 0.01 EURUSD at 1.09392 sl: 1.08971 tp: 1.09832 ok
0	15:31:26.414	EA31337 EURUSD,M1: #44431398 2015.12.15 15:31:20 buy 0.01 EURUSD 1.09392 1.08971 1.09832 1.09372 0.00 0.00 -0.20 | spread: 2.2 31410
0	15:31:26.414	EA31337 EURUSD,M1: ExecuteOrder(): Order Details: Ticket: 44431398; Time: 2015.12.15 15:29:43; Comment: | spread: 2.2; Commision: 0; Symbol: EURUSD; Type: Buy; Expiration: 0; Open Price: 1.09392; Close Price: 1.09372; Take Profit: -0.2; Stop Loss: 1.0897; Swap: 0; Lot size: 0.01; Account Details: Time: 2015.12.15 15:29:43; Account Balance: $2129.83; Account Equity: $2299.51; Used Margin: $300.00; Free Margin: $1999.51; No of Orders: 30 (BUY/SELL: 20/10); Risk Ratio: 0.9
0	15:31:53.951	EA31337 EURUSD,M1: OpenOrderIsAllowed(): Maximum open and pending orders reached the limit (MaxOrders).
0	15:31:53.951	EA31337 EURUSD,M1: OpenOrderIsAllowed(): Maximum open and pending orders reached the limit (MaxOrders).
2	15:32:28.276	EA31337 EURUSD,M1: modify #44431398 buy 0.01 EURUSD at 1.09392 sl: 1.08971 tp: 1.09863 ok
0	15:35:55.492	EA31337 EURUSD,M1: OpenOrderIsAllowed(): Maximum open and pending orders reached the limit (MaxOrders).
0	15:35:55.492	EA31337 EURUSD,M1: OpenOrderIsAllowed(): Maximum open and pending orders reached the limit (MaxOrders).
0	15:35:56.490	EA31337 EURUSD,M1: OpenOrderIsAllowed(): Maximum open and pending orders reached the limit (MaxOrders).
0	15:35:56.522	EA31337 EURUSD,M1: OpenOrderIsAllowed(): Maximum open and pending orders reached the limit (MaxOrders).
0	15:35:56.652	EA31337 EURUSD,M1: OpenOrderIsAllowed(): Maximum open and pending orders reached the limit (MaxOrders).
2	15:36:27.061	EA31337 EURUSD,M1: modify #44431398 buy 0.01 EURUSD at 1.09392 sl: 1.08971 tp: 1.09879 ok
0	15:37:30.754	EA31337 EURUSD,M1: OpenOrderIsAllowed(): Maximum open and pending orders reached the limit (MaxOrders).
2	15:45:09.366	EA31337 EURUSD,M1: modify #44387470 sell 0.01 EURUSD at 1.10209 sl: 1.10628 tp: 1.08887 ok
2	15:45:09.881	EA31337 EURUSD,M1: modify #44387879 sell 0.01 EURUSD at 1.10265 sl: 1.10683 tp: 1.08887 ok
2	15:45:10.431	EA31337 EURUSD,M1: modify #44388753 sell 0.01 EURUSD at 1.10326 sl: 1.10737 tp: 1.08887 ok
2	15:45:10.946	EA31337 EURUSD,M1: modify #44389057 sell 0.01 EURUSD at 1.10282 sl: 1.10702 tp: 1.08887 ok
2	15:45:11.595	EA31337 EURUSD,M1: modify #44389425 sell 0.01 EURUSD at 1.10245 sl: 1.10662 tp: 1.08888 ok
2	15:45:12.049	EA31337 EURUSD,M1: modify #44390336 sell 0.01 EURUSD at 1.10236 sl: 1.10657 tp: 1.08888 ok
2	15:45:12.409	EA31337 EURUSD,M1: modify #44391728 sell 0.01 EURUSD at 1.10467 sl: 1.10889 tp: 1.08888 ok
2	15:45:12.632	EA31337 EURUSD,M1: modify #44391960 sell 0.01 EURUSD at 1.10399 sl: 1.10819 tp: 1.08888 ok
2	15:45:13.091	EA31337 EURUSD,M1: modify #44414591 sell 0.01 EURUSD at 1.10526 sl: 1.10947 tp: 1.08888 ok
2	15:45:13.350	EA31337 EURUSD,M1: modify #44418287 sell 0.01 EURUSD at 1.10163 sl: 1.10581 tp: 1.08887 ok
2	15:49:28.316	EA31337 EURUSD,M1: modify #44387470 sell 0.01 EURUSD at 1.10209 sl: 1.10628 tp: 1.08865 ok
2	15:49:28.738	EA31337 EURUSD,M1: modify #44387879 sell 0.01 EURUSD at 1.10265 sl: 1.10683 tp: 1.08864 ok
2	15:49:29.249	EA31337 EURUSD,M1: modify #44388753 sell 0.01 EURUSD at 1.10326 sl: 1.10737 tp: 1.08863 ok
2	15:49:29.512	EA31337 EURUSD,M1: modify #44389057 sell 0.01 EURUSD at 1.10282 sl: 1.10702 tp: 1.08863 ok
2	15:49:30.157	EA31337 EURUSD,M1: modify #44389425 sell 0.01 EURUSD at 1.10245 sl: 1.10662 tp: 1.08863 ok
2	15:49:30.553	EA31337 EURUSD,M1: modify #44390336 sell 0.01 EURUSD at 1.10236 sl: 1.10657 tp: 1.08862 ok
2	15:49:31.069	EA31337 EURUSD,M1: modify #44391728 sell 0.01 EURUSD at 1.10467 sl: 1.10889 tp: 1.08862 ok
2	15:49:31.335	EA31337 EURUSD,M1: modify #44391960 sell 0.01 EURUSD at 1.10399 sl: 1.10819 tp: 1.08862 ok
2	15:49:31.819	EA31337 EURUSD,M1: modify #44414591 sell 0.01 EURUSD at 1.10526 sl: 1.10947 tp: 1.08862 ok
2	15:49:32.148	EA31337 EURUSD,M1: modify #44418287 sell 0.01 EURUSD at 1.10163 sl: 1.10581 tp: 1.08862 ok
2	15:55:05.953	EA31337 EURUSD,M1: modify #44387470 sell 0.01 EURUSD at 1.10209 sl: 1.10628 tp: 1.08812 ok
2	15:55:06.439	EA31337 EURUSD,M1: modify #44387879 sell 0.01 EURUSD at 1.10265 sl: 1.10683 tp: 1.08812 ok
2	15:55:06.853	EA31337 EURUSD,M1: modify #44388753 sell 0.01 EURUSD at 1.10326 sl: 1.10737 tp: 1.08812 ok
2	15:55:07.366	EA31337 EURUSD,M1: modify #44389057 sell 0.01 EURUSD at 1.10282 sl: 1.10702 tp: 1.08813 ok
2	15:55:07.647	EA31337 EURUSD,M1: modify #44389425 sell 0.01 EURUSD at 1.10245 sl: 1.10662 tp: 1.08814 ok
2	15:55:08.061	EA31337 EURUSD,M1: modify #44390336 sell 0.01 EURUSD at 1.10236 sl: 1.10657 tp: 1.08815 ok
2	15:55:08.450	EA31337 EURUSD,M1: modify #44391728 sell 0.01 EURUSD at 1.10467 sl: 1.10889 tp: 1.08812 ok
2	15:55:08.908	EA31337 EURUSD,M1: modify #44391960 sell 0.01 EURUSD at 1.10399 sl: 1.10819 tp: 1.08814 ok
2	15:55:09.354	EA31337 EURUSD,M1: modify #44414591 sell 0.01 EURUSD at 1.10526 sl: 1.10947 tp: 1.08813 ok
2	15:55:09.776	EA31337 EURUSD,M1: modify #44418287 sell 0.01 EURUSD at 1.10163 sl: 1.10581 tp: 1.08812 ok
2	15:58:09.940	EA31337 EURUSD,M1: modify #44389425 sell 0.01 EURUSD at 1.10245 sl: 1.10662 tp: 1.08813 ok
2	15:58:10.335	EA31337 EURUSD,M1: modify #44390336 sell 0.01 EURUSD at 1.10236 sl: 1.10657 tp: 1.08813 ok
2	15:58:10.789	EA31337 EURUSD,M1: modify #44391960 sell 0.01 EURUSD at 1.10399 sl: 1.10819 tp: 1.08812 ok
2	15:58:11.146	EA31337 EURUSD,M1: modify #44414591 sell 0.01 EURUSD at 1.10526 sl: 1.10947 tp: 1.08812 ok
2	15:59:36.471	EA31337 EURUSD,M1: modify #44387470 sell 0.01 EURUSD at 1.10209 sl: 1.10628 tp: 1.08782 ok
2	15:59:36.860	EA31337 EURUSD,M1: modify #44387879 sell 0.01 EURUSD at 1.10265 sl: 1.10683 tp: 1.08782 ok
2	15:59:37.638	EA31337 EURUSD,M1: modify #44388753 sell 0.01 EURUSD at 1.10326 sl: 1.10737 tp: 1.08781 ok
2	15:59:38.190	EA31337 EURUSD,M1: modify #44389057 sell 0.01 EURUSD at 1.10282 sl: 1.10702 tp: 1.08782 ok
2	15:59:38.645	EA31337 EURUSD,M1: modify #44389425 sell 0.01 EURUSD at 1.10245 sl: 1.10662 tp: 1.08784 ok
2	15:59:39.100	EA31337 EURUSD,M1: modify #44390336 sell 0.01 EURUSD at 1.10236 sl: 1.10657 tp: 1.08783 ok
2	15:59:39.492	EA31337 EURUSD,M1: modify #44391728 sell 0.01 EURUSD at 1.10467 sl: 1.10889 tp: 1.08783 ok
2	15:59:39.975	EA31337 EURUSD,M1: modify #44391960 sell 0.01 EURUSD at 1.10399 sl: 1.10819 tp: 1.08783 ok
2	15:59:40.396	EA31337 EURUSD,M1: modify #44414591 sell 0.01 EURUSD at 1.10526 sl: 1.10947 tp: 1.08783 ok
2	15:59:40.749	EA31337 EURUSD,M1: modify #44418287 sell 0.01 EURUSD at 1.10163 sl: 1.10581 tp: 1.08783 ok
0	16:04:27.056	EA31337 EURUSD,M1: == New hour: 16
0	16:05:15.820	EA31337 EURUSD,M1: OpenOrderIsAllowed(): MACD M1: Maximum open and pending orders per type reached the limit (MaxOrdersPerType).
0	16:06:47.760	EA31337 EURUSD,M1: OpenOrderIsAllowed(): RSI M5: Maximum open and pending orders per type reached the limit (MaxOrdersPerType).
0	16:06:47.760	EA31337 EURUSD,M1: ExecuteOrder(): MarketInfo: Symbol: EURUSD; Ask: 1.09288; Bid: 1.09267; Spread: 21 points = 2.1 pips; 
2	16:06:49.637	EA31337 EURUSD,M1: open #44433264 buy 0.01 EURUSD at 1.09284 sl: 1.08867 tp: 1.09728 ok
0	16:06:49.637	EA31337 EURUSD,M1: #44433264 2015.12.15 16:06:42 buy 0.01 EURUSD 1.09284 1.08867 1.09728 1.09264 0.00 0.00 -0.20 | spread: 1.9 31432
0	16:06:49.637	EA31337 EURUSD,M1: ExecuteOrder(): Order Details: Ticket: 44433264; Time: 2015.12.15 16:04:21; Comment: | spread: 1.9; Commision: 0; Symbol: EURUSD; Type: Buy; Expiration: 0; Open Price: 1.09284; Close Price: 1.09264; Take Profit: -0.2; Stop Loss: 1.0887; Swap: 0; Lot size: 0.01; Account Details: Time: 2015.12.15 16:04:21; Account Balance: $2125.23; Account Equity: $2287.49; Used Margin: $300.00; Free Margin: $1987.49; No of Orders: 30 (BUY/SELL: 20/10); Risk Ratio: 0.9
0	16:06:49.767	EA31337 EURUSD,M1: OpenOrderIsAllowed(): Maximum open and pending orders reached the limit (MaxOrders).
2	16:07:11.426	EA31337 EURUSD,M1: modify #44433264 buy 0.01 EURUSD at 1.09284 sl: 1.08867 tp: 1.09749 ok
0	16:08:13.527	EA31337 EURUSD,M1: OpenOrderIsAllowed(): Maximum open and pending orders reached the limit (MaxOrders).
0	16:08:13.527	EA31337 EURUSD,M1: OpenOrderIsAllowed(): Maximum open and pending orders reached the limit (MaxOrders).
0	16:08:13.527	EA31337 EURUSD,M1: OpenOrderIsAllowed(): Maximum open and pending orders reached the limit (MaxOrders).
0	16:08:13.559	EA31337 EURUSD,M1: OpenOrderIsAllowed(): Maximum open and pending orders reached the limit (MaxOrders).
0	16:08:13.559	EA31337 EURUSD,M1: OpenOrderIsAllowed(): Maximum open and pending orders reached the limit (MaxOrders).
0	16:08:13.559	EA31337 EURUSD,M1: OpenOrderIsAllowed(): Maximum open and pending orders reached the limit (MaxOrders).
0	16:08:19.825	EA31337 EURUSD,M1: OpenOrderIsAllowed(): Maximum open and pending orders reached the limit (MaxOrders).
0	16:08:19.984	EA31337 EURUSD,M1: OpenOrderIsAllowed(): Maximum open and pending orders reached the limit (MaxOrders).
0	16:08:20.300	EA31337 EURUSD,M1: OpenOrderIsAllowed(): Maximum open and pending orders reached the limit (MaxOrders).
0	16:08:41.973	EA31337 EURUSD,M1: OpenOrderIsAllowed(): Maximum open and pending orders reached the limit (MaxOrders).
0	16:08:41.973	EA31337 EURUSD,M1: OpenOrderIsAllowed(): Maximum open and pending orders reached the limit (MaxOrders).
0	16:08:42.131	EA31337 EURUSD,M1: OpenOrderIsAllowed(): Maximum open and pending orders reached the limit (MaxOrders).
0	16:10:48.786	EA31337 EURUSD,M1: OpenOrderIsAllowed(): Maximum open and pending orders reached the limit (MaxOrders).
0	16:10:48.851	EA31337 EURUSD,M1: OpenOrderIsAllowed(): Maximum open and pending orders reached the limit (MaxOrders).
0	16:10:48.851	EA31337 EURUSD,M1: OpenOrderIsAllowed(): Maximum open and pending orders reached the limit (MaxOrders).
0	16:11:40.300	EA31337 EURUSD,M1: OpenOrderIsAllowed(): Maximum open and pending orders reached the limit (MaxOrders).
0	16:11:40.332	EA31337 EURUSD,M1: OpenOrderIsAllowed(): Maximum open and pending orders reached the limit (MaxOrders).
0	16:11:57.072	EA31337 EURUSD,M1: OpenOrderIsAllowed(): Maximum open and pending orders reached the limit (MaxOrders).
2	16:12:12.139	EA31337 EURUSD,M1: modify #44433264 buy 0.01 EURUSD at 1.09284 sl: 1.08867 tp: 1.09758 ok
0	16:14:06.925	EA31337 EURUSD,M1: OpenOrderIsAllowed(): Maximum open and pending orders reached the limit (MaxOrders).
2	16:48:43.714	EA31337 EURUSD,M1: modify #44387470 sell 0.01 EURUSD at 1.10209 sl: 1.10628 tp: 1.08779 ok
2	16:48:44.233	EA31337 EURUSD,M1: modify #44387879 sell 0.01 EURUSD at 1.10265 sl: 1.10683 tp: 1.08779 ok
2	16:48:44.911	EA31337 EURUSD,M1: modify #44388753 sell 0.01 EURUSD at 1.10326 sl: 1.10737 tp: 1.08778 ok
2	16:48:45.329	EA31337 EURUSD,M1: modify #44389057 sell 0.01 EURUSD at 1.10282 sl: 1.10702 tp: 1.08778 ok
2	16:48:45.750	EA31337 EURUSD,M1: modify #44389425 sell 0.01 EURUSD at 1.10245 sl: 1.10662 tp: 1.08779 ok
2	16:48:46.211	EA31337 EURUSD,M1: modify #44390336 sell 0.01 EURUSD at 1.10236 sl: 1.10657 tp: 1.08779 ok
2	16:48:46.561	EA31337 EURUSD,M1: modify #44391728 sell 0.01 EURUSD at 1.10467 sl: 1.10889 tp: 1.08779 ok
2	16:48:47.145	EA31337 EURUSD,M1: modify #44391960 sell 0.01 EURUSD at 1.10399 sl: 1.10819 tp: 1.08779 ok
2	16:48:47.595	EA31337 EURUSD,M1: modify #44414591 sell 0.01 EURUSD at 1.10526 sl: 1.10947 tp: 1.08779 ok
2	16:48:48.885	EA31337 EURUSD,M1: modify #44418287 sell 0.01 EURUSD at 1.10163 sl: 1.10581 tp: 1.08779 ok
2	16:50:43.255	EA31337 EURUSD,M1: modify #44387470 sell 0.01 EURUSD at 1.10209 sl: 1.10628 tp: 1.08763 ok
2	16:50:43.645	EA31337 EURUSD,M1: modify #44387879 sell 0.01 EURUSD at 1.10265 sl: 1.10683 tp: 1.08765 ok
2	16:50:44.066	EA31337 EURUSD,M1: modify #44388753 sell 0.01 EURUSD at 1.10326 sl: 1.10737 tp: 1.08767 ok
2	16:50:44.587	EA31337 EURUSD,M1: modify #44389057 sell 0.01 EURUSD at 1.10282 sl: 1.10702 tp: 1.08765 ok
2	16:50:45.011	EA31337 EURUSD,M1: modify #44389425 sell 0.01 EURUSD at 1.10245 sl: 1.10662 tp: 1.08764 ok
2	16:50:45.465	EA31337 EURUSD,M1: modify #44390336 sell 0.01 EURUSD at 1.10236 sl: 1.10657 tp: 1.08764 ok
2	16:50:45.850	EA31337 EURUSD,M1: modify #44391728 sell 0.01 EURUSD at 1.10467 sl: 1.10889 tp: 1.08765 ok
2	16:50:46.142	EA31337 EURUSD,M1: modify #44391960 sell 0.01 EURUSD at 1.10399 sl: 1.10819 tp: 1.08765 ok
2	16:50:46.596	EA31337 EURUSD,M1: modify #44414591 sell 0.01 EURUSD at 1.10526 sl: 1.10947 tp: 1.08765 ok
2	16:50:46.762	EA31337 EURUSD,M1: modify #44418287 sell 0.01 EURUSD at 1.10163 sl: 1.10581 tp: 1.08764 ok
2	16:52:17.483	EA31337 EURUSD,M1: modify #44387879 sell 0.01 EURUSD at 1.10265 sl: 1.10683 tp: 1.08763 ok
2	16:52:17.941	EA31337 EURUSD,M1: modify #44388753 sell 0.01 EURUSD at 1.10326 sl: 1.10737 tp: 1.08763 ok
2	16:52:18.330	EA31337 EURUSD,M1: modify #44389057 sell 0.01 EURUSD at 1.10282 sl: 1.10702 tp: 1.08763 ok
2	16:52:18.792	EA31337 EURUSD,M1: modify #44391728 sell 0.01 EURUSD at 1.10467 sl: 1.10889 tp: 1.08764 ok
2	16:52:19.279	EA31337 EURUSD,M1: modify #44391960 sell 0.01 EURUSD at 1.10399 sl: 1.10819 tp: 1.08763 ok
2	16:52:19.803	EA31337 EURUSD,M1: modify #44414591 sell 0.01 EURUSD at 1.10526 sl: 1.10947 tp: 1.08764 ok
2	16:52:20.192	EA31337 EURUSD,M1: modify #44418287 sell 0.01 EURUSD at 1.10163 sl: 1.10581 tp: 1.08763 ok
2	16:55:48.434	EA31337 EURUSD,M1: modify #44387470 sell 0.01 EURUSD at 1.10209 sl: 1.10628 tp: 1.08707 ok
2	16:55:48.828	EA31337 EURUSD,M1: modify #44387879 sell 0.01 EURUSD at 1.10265 sl: 1.10683 tp: 1.08709 ok
2	16:55:49.379	EA31337 EURUSD,M1: modify #44388753 sell 0.01 EURUSD at 1.10326 sl: 1.10737 tp: 1.08709 ok
2	16:55:49.837	EA31337 EURUSD,M1: modify #44389057 sell 0.01 EURUSD at 1.10282 sl: 1.10702 tp: 1.08711 ok
2	16:55:50.486	EA31337 EURUSD,M1: modify #44389425 sell 0.01 EURUSD at 1.10245 sl: 1.10662 tp: 1.08709 ok
2	16:55:50.879	EA31337 EURUSD,M1: modify #44390336 sell 0.01 EURUSD at 1.10236 sl: 1.10657 tp: 1.08709 ok
2	16:55:51.402	EA31337 EURUSD,M1: modify #44391728 sell 0.01 EURUSD at 1.10467 sl: 1.10889 tp: 1.08709 ok
2	16:55:51.856	EA31337 EURUSD,M1: modify #44391960 sell 0.01 EURUSD at 1.10399 sl: 1.10819 tp: 1.08709 ok
2	16:55:52.278	EA31337 EURUSD,M1: modify #44414591 sell 0.01 EURUSD at 1.10526 sl: 1.10947 tp: 1.08709 ok
2	16:55:52.887	EA31337 EURUSD,M1: modify #44418287 sell 0.01 EURUSD at 1.10163 sl: 1.10581 tp: 1.08709 ok
2	16:57:56.635	EA31337 EURUSD,M1: modify #44387470 sell 0.01 EURUSD at 1.10209 sl: 1.10628 tp: 1.08681 ok
2	16:57:57.061	EA31337 EURUSD,M1: modify #44387879 sell 0.01 EURUSD at 1.10265 sl: 1.10683 tp: 1.08680 ok
2	16:57:57.681	EA31337 EURUSD,M1: modify #44388753 sell 0.01 EURUSD at 1.10326 sl: 1.10737 tp: 1.08678 ok
2	16:57:58.040	EA31337 EURUSD,M1: modify #44389057 sell 0.01 EURUSD at 1.10282 sl: 1.10702 tp: 1.08678 ok
2	16:57:58.557	EA31337 EURUSD,M1: modify #44389425 sell 0.01 EURUSD at 1.10245 sl: 1.10662 tp: 1.08679 ok
2	16:57:58.947	EA31337 EURUSD,M1: modify #44390336 sell 0.01 EURUSD at 1.10236 sl: 1.10657 tp: 1.08678 ok
2	16:57:59.372	EA31337 EURUSD,M1: modify #44391728 sell 0.01 EURUSD at 1.10467 sl: 1.10889 tp: 1.08678 ok
2	16:57:59.730	EA31337 EURUSD,M1: modify #44391960 sell 0.01 EURUSD at 1.10399 sl: 1.10819 tp: 1.08678 ok
2	16:58:00.115	EA31337 EURUSD,M1: modify #44414591 sell 0.01 EURUSD at 1.10526 sl: 1.10947 tp: 1.08679 ok
2	16:58:00.574	EA31337 EURUSD,M1: modify #44418287 sell 0.01 EURUSD at 1.10163 sl: 1.10581 tp: 1.08677 ok
0	16:59:53.423	EA31337 EURUSD,M1: ExecuteOrder(): MarketInfo: Symbol: EURUSD; Ask: 1.09115; Bid: 1.09094; Spread: 21 points = 2.1 pips; 
2	16:59:58.821	EA31337 EURUSD,M1: open #44434788 buy 0.01 EURUSD at 1.09112 sl: 1.08694 tp: 1.09550 ok
0	16:59:58.821	EA31337 EURUSD,M1: #44434788 2015.12.15 16:59:52 buy 0.01 EURUSD 1.09112 1.08694 1.09550 1.09091 0.00 0.00 -0.21 | spread: 2.0 31381
0	16:59:58.821	EA31337 EURUSD,M1: ExecuteOrder(): Order Details: Ticket: 44434788; Time: 2015.12.15 16:58:12; Comment: | spread: 2.0; Commision: 0; Symbol: EURUSD; Type: Buy; Expiration: 0; Open Price: 1.09112; Close Price: 1.09091; Take Profit: -0.21; Stop Loss: 1.0869; Swap: 0; Lot size: 0.01; Account Details: Time: 2015.12.15 16:58:12; Account Balance: $2120.91; Account Equity: $2270.07; Used Margin: $300.00; Free Margin: $1970.07; No of Orders: 30 (BUY/SELL: 20/10); Risk Ratio: 0.9
0	17:00:56.601	EA31337 EURUSD,M1: OpenOrderIsAllowed(): Maximum open and pending orders reached the limit (MaxOrders).
0	17:02:11.648	EA31337 EURUSD,M1: OpenOrderIsAllowed(): Maximum open and pending orders reached the limit (MaxOrders).
0	17:02:11.649	EA31337 EURUSD,M1: OpenOrderIsAllowed(): Maximum open and pending orders reached the limit (MaxOrders).
0	17:02:11.649	EA31337 EURUSD,M1: OpenOrderIsAllowed(): Maximum open and pending orders reached the limit (MaxOrders).
2	17:02:22.723	EA31337 EURUSD,M1: modify #44387470 sell 0.01 EURUSD at 1.10209 sl: 1.10628 tp: 1.08675 ok
2	17:02:23.178	EA31337 EURUSD,M1: modify #44387879 sell 0.01 EURUSD at 1.10265 sl: 1.10683 tp: 1.08672 ok
2	17:02:23.603	EA31337 EURUSD,M1: modify #44388753 sell 0.01 EURUSD at 1.10326 sl: 1.10737 tp: 1.08671 ok
2	17:02:23.928	EA31337 EURUSD,M1: modify #44389057 sell 0.01 EURUSD at 1.10282 sl: 1.10702 tp: 1.08670 ok
2	17:02:24.321	EA31337 EURUSD,M1: modify #44389425 sell 0.01 EURUSD at 1.10245 sl: 1.10662 tp: 1.08670 ok
2	17:02:24.483	EA31337 EURUSD,M1: modify #44390336 sell 0.01 EURUSD at 1.10236 sl: 1.10657 tp: 1.08671 ok
2	17:02:25.009	EA31337 EURUSD,M1: modify #44391728 sell 0.01 EURUSD at 1.10467 sl: 1.10889 tp: 1.08672 ok
2	17:02:25.489	EA31337 EURUSD,M1: modify #44391960 sell 0.01 EURUSD at 1.10399 sl: 1.10819 tp: 1.08672 ok
2	17:02:25.777	EA31337 EURUSD,M1: modify #44414591 sell 0.01 EURUSD at 1.10526 sl: 1.10947 tp: 1.08671 ok
2	17:02:27.144	EA31337 EURUSD,M1: modify #44418287 sell 0.01 EURUSD at 1.10163 sl: 1.10581 tp: 1.08670 ok
2	17:02:27.540	EA31337 EURUSD,M1: modify #44434788 buy 0.01 EURUSD at 1.09112 sl: 1.08694 tp: 1.09576 ok
0	17:02:32.045	EA31337 EURUSD,M1: == New hour: 17
0	17:02:57.360	EA31337 EURUSD,M1: OpenOrderIsAllowed(): Maximum open and pending orders reached the limit (MaxOrders).
0	17:02:57.360	EA31337 EURUSD,M1: OpenOrderIsAllowed(): Maximum open and pending orders reached the limit (MaxOrders).
0	17:02:57.360	EA31337 EURUSD,M1: OpenOrderIsAllowed(): Maximum open and pending orders reached the limit (MaxOrders).
0	17:02:57.360	EA31337 EURUSD,M1: OpenOrderIsAllowed(): Maximum open and pending orders reached the limit (MaxOrders).
0	17:03:33.321	EA31337 EURUSD,M1: OpenOrderIsAllowed(): Maximum open and pending orders reached the limit (MaxOrders).
0	17:03:50.585	EA31337 EURUSD,M1: OpenOrderIsAllowed(): Maximum open and pending orders reached the limit (MaxOrders).
0	17:03:50.587	EA31337 EURUSD,M1: OpenOrderIsAllowed(): Maximum open and pending orders reached the limit (MaxOrders).
0	17:03:50.587	EA31337 EURUSD,M1: OpenOrderIsAllowed(): Maximum open and pending orders reached the limit (MaxOrders).
2	17:04:22.450	EA31337 EURUSD,M1: modify #44387470 sell 0.01 EURUSD at 1.10209 sl: 1.10628 tp: 1.08662 ok
2	17:04:22.966	EA31337 EURUSD,M1: modify #44387879 sell 0.01 EURUSD at 1.10265 sl: 1.10683 tp: 1.08661 ok
2	17:04:23.355	EA31337 EURUSD,M1: modify #44388753 sell 0.01 EURUSD at 1.10326 sl: 1.10737 tp: 1.08662 ok
2	17:04:23.712	EA31337 EURUSD,M1: modify #44389057 sell 0.01 EURUSD at 1.10282 sl: 1.10702 tp: 1.08663 ok
2	17:04:24.301	EA31337 EURUSD,M1: modify #44389425 sell 0.01 EURUSD at 1.10245 sl: 1.10662 tp: 1.08663 ok
2	17:04:24.557	EA31337 EURUSD,M1: modify #44390336 sell 0.01 EURUSD at 1.10236 sl: 1.10657 tp: 1.08663 ok
2	17:04:24.915	EA31337 EURUSD,M1: modify #44391728 sell 0.01 EURUSD at 1.10467 sl: 1.10889 tp: 1.08662 ok
2	17:04:25.372	EA31337 EURUSD,M1: modify #44391960 sell 0.01 EURUSD at 1.10399 sl: 1.10819 tp: 1.08662 ok
2	17:04:26.183	EA31337 EURUSD,M1: modify #44414591 sell 0.01 EURUSD at 1.10526 sl: 1.10947 tp: 1.08662 ok
2	17:04:26.446	EA31337 EURUSD,M1: modify #44418287 sell 0.01 EURUSD at 1.10163 sl: 1.10581 tp: 1.08662 ok
0	17:06:45.491	EA31337 EURUSD,M1: OpenOrderIsAllowed(): Maximum open and pending orders reached the limit (MaxOrders).
2	17:07:21.759	EA31337 EURUSD,M1: modify #44387470 sell 0.01 EURUSD at 1.10209 sl: 1.10628 tp: 1.08611 ok
2	17:07:22.153	EA31337 EURUSD,M1: modify #44387879 sell 0.01 EURUSD at 1.10265 sl: 1.10683 tp: 1.08611 ok
2	17:07:22.542	EA31337 EURUSD,M1: modify #44388753 sell 0.01 EURUSD at 1.10326 sl: 1.10737 tp: 1.08611 ok
2	17:07:22.834	EA31337 EURUSD,M1: modify #44389057 sell 0.01 EURUSD at 1.10282 sl: 1.10702 tp: 1.08612 ok
2	17:07:23.324	EA31337 EURUSD,M1: modify #44389425 sell 0.01 EURUSD at 1.10245 sl: 1.10662 tp: 1.08611 ok
2	17:07:23.645	EA31337 EURUSD,M1: modify #44390336 sell 0.01 EURUSD at 1.10236 sl: 1.10657 tp: 1.08610 ok
2	17:07:24.165	EA31337 EURUSD,M1: modify #44391728 sell 0.01 EURUSD at 1.10467 sl: 1.10889 tp: 1.08610 ok
2	17:07:24.520	EA31337 EURUSD,M1: modify #44391960 sell 0.01 EURUSD at 1.10399 sl: 1.10819 tp: 1.08609 ok
2	17:07:24.812	EA31337 EURUSD,M1: modify #44414591 sell 0.01 EURUSD at 1.10526 sl: 1.10947 tp: 1.08609 ok
2	17:07:25.040	EA31337 EURUSD,M1: modify #44418287 sell 0.01 EURUSD at 1.10163 sl: 1.10581 tp: 1.08609 ok
2	17:12:25.099	EA31337 EURUSD,M1: modify #44434788 buy 0.01 EURUSD at 1.09112 sl: 1.08694 tp: 1.09585 ok
2	17:14:23.837	EA31337 EURUSD,M1: modify #44434788 buy 0.01 EURUSD at 1.09112 sl: 1.08694 tp: 1.09593 ok
2	17:17:39.529	EA31337 EURUSD,M1: modify #44434788 buy 0.01 EURUSD at 1.09112 sl: 1.08694 tp: 1.09621 ok
2	17:26:11.544	EA31337 EURUSD,M1: modify #44434788 buy 0.01 EURUSD at 1.09112 sl: 1.08694 tp: 1.09633 ok
2	17:29:22.735	EA31337 EURUSD,M1: modify #44434788 buy 0.01 EURUSD at 1.09112 sl: 1.08694 tp: 1.09643 ok
2	17:32:04.351	EA31337 EURUSD,M1: modify #44434788 buy 0.01 EURUSD at 1.09112 sl: 1.08694 tp: 1.09645 ok
2	17:49:40.221	EA31337 EURUSD,M1: modify #44434788 buy 0.01 EURUSD at 1.09112 sl: 1.08694 tp: 1.09654 ok
2	17:55:47.606	EA31337 EURUSD,M1: modify #44434788 buy 0.01 EURUSD at 1.09112 sl: 1.08694 tp: 1.09672 ok
2	17:59:25.250	EA31337 EURUSD,M1: modify #44434788 buy 0.01 EURUSD at 1.09112 sl: 1.08694 tp: 1.09702 ok
0	18:00:29.348	EA31337 EURUSD,M1: == New hour: 18
0	18:03:09.254	EA31337 EURUSD,M1: ActionExecute(): Account Details: Time: 2015.12.15 18:00:23; Account Balance: $2120.91; Account Equity: $2281.77; Used Margin: $300.00; Free Margin: $1981.77; No of Orders: 30 (BUY/SELL: 20/10); Risk Ratio: 0.8Stats: Alligator M30: 3%, Bands M15: 6%, Bands M30: 6%, DeMarker M1: 3%, DeMarker M5: 6%, DeMarker M15: 3%, DeMarker M30: 6%, Envelopes M1: 3%, Envelopes M5: 3%, Envelopes M15: 3%, Fractals M1: 3%, MA M15: 3%, MACD M1: 6%, MACD M5: 3%, MACD M15: 3%, RSI M1: 6%, RSI M5: 6%, SAR M1: 3%, SAR M5: 3%, SAR M15: 6%, SAR M30: 3%, 
Open Orders: 30 +20/-10 [0.30 lots] (other: 0)
2	18:11:57.876	EA31337 EURUSD,M1: modify #44434788 buy 0.01 EURUSD at 1.09112 sl: 1.08694 tp: 1.09753 ok
2	18:15:06.081	EA31337 EURUSD,M1: modify #44433264 buy 0.01 EURUSD at 1.09284 sl: 1.08867 tp: 1.09769 ok
2	18:15:06.701	EA31337 EURUSD,M1: modify #44434788 buy 0.01 EURUSD at 1.09112 sl: 1.08694 tp: 1.09770 ok
2	18:20:37.562	EA31337 EURUSD,M1: modify #44433264 buy 0.01 EURUSD at 1.09284 sl: 1.08867 tp: 1.09781 ok
2	18:20:38.013	EA31337 EURUSD,M1: modify #44434788 buy 0.01 EURUSD at 1.09112 sl: 1.08694 tp: 1.09781 ok
0	19:00:09.357	EA31337 EURUSD,M1: == New hour: 19
0	20:01:10.820	EA31337 EURUSD,M1: == New hour: 20
0	21:00:25.141	EA31337 EURUSD,M1: == New hour: 21
2	22:00:25.096	EA31337 EURUSD,M1: modify #44433264 buy 0.01 EURUSD at 1.09284 sl: 1.08867 tp: 1.09785 ok
2	22:00:25.612	EA31337 EURUSD,M1: modify #44434788 buy 0.01 EURUSD at 1.09112 sl: 1.08694 tp: 1.09785 ok
0	22:00:40.354	EA31337 EURUSD,M1: == New hour: 22
0	22:00:40.435	EA31337 EURUSD,M1: OpenOrderIsAllowed(): Maximum open and pending orders reached the limit (MaxOrders).
0	22:00:40.435	EA31337 EURUSD,M1: OpenOrderIsAllowed(): Maximum open and pending orders reached the limit (MaxOrders).
0	22:00:40.435	EA31337 EURUSD,M1: OpenOrderIsAllowed(): Maximum open and pending orders reached the limit (MaxOrders).
0	22:00:40.435	EA31337 EURUSD,M1: OpenOrderIsAllowed(): Maximum open and pending orders reached the limit (MaxOrders).
0	22:00:40.435	EA31337 EURUSD,M1: OpenOrderIsAllowed(): Maximum open and pending orders reached the limit (MaxOrders).
0	22:00:40.435	EA31337 EURUSD,M1: OpenOrderIsAllowed(): Maximum open and pending orders reached the limit (MaxOrders).
2	22:00:40.873	EA31337 EURUSD,M1: modify #44433264 buy 0.01 EURUSD at 1.09284 sl: 1.08867 tp: 1.09789 ok
2	22:00:41.263	EA31337 EURUSD,M1: modify #44434788 buy 0.01 EURUSD at 1.09112 sl: 1.08694 tp: 1.09789 ok
0	22:01:25.647	EA31337 EURUSD,M1: OpenOrderIsAllowed(): Maximum open and pending orders reached the limit (MaxOrders).
2	23:03:17.032	EA31337 EURUSD,M1: modify #44433264 buy 0.01 EURUSD at 1.09284 sl: 1.08867 tp: 1.09794 ok
2	23:03:17.600	EA31337 EURUSD,M1: modify #44434788 buy 0.01 EURUSD at 1.09112 sl: 1.08694 tp: 1.09794 ok
0	23:10:11.333	EA31337 EURUSD,M1: == New hour: 23
2	23:14:18.242	EA31337 EURUSD,M1: modify #44433264 buy 0.01 EURUSD at 1.09284 sl: 1.08867 tp: 1.09828 ok
2	23:14:18.732	EA31337 EURUSD,M1: modify #44434788 buy 0.01 EURUSD at 1.09112 sl: 1.08694 tp: 1.09829 ok
