0	00:01:44.740	EA31337 EURUSD,M1: == New hour: 0
0	00:01:44.901	EA31337 EURUSD,M1: == New day (day of month: 16; day of year: 259) ==
0	00:01:44.901	EA31337 EURUSD,M1: Daily max: Tick: 3.1; Spread: 54; Max orders: 30; Loss: 0; Profit: 0; Equity: 3462; Balance: 3291.9; 
0	00:01:44.933	EA31337 EURUSD,M1: Daily SAR stats: Period: 0, Buy: 330 / Sell: 151; Period: 1, Buy: 143 / Sell: 163; Period: 2, Buy: 214 / Sell: 156; Period: 3, Buy: 149 / Sell: 199; Period: 4, Buy: 0 / Sell: 0; Period: 5, Buy: 0 / Sell: 0; Period: 6, Buy: 0 / Sell: 0; Period: 7, Buy: 0 / Sell: 0; Period: 8, Buy: 0 / Sell: 0; 
0	00:01:44.933	EA31337 EURUSD,M1: Daily strategy stats: 
0	01:03:34.596	EA31337 EURUSD,M1: == New hour: 1
2	01:16:23.283	EA31337 EURUSD,M1: modify #41188479 buy 0.01 EURUSD at 1.12806 sl: 1.12387 tp: 1.13277 ok
2	01:16:23.936	EA31337 EURUSD,M1: modify #41188940 buy 0.01 EURUSD at 1.12757 sl: 1.12338 tp: 1.13278 ok
2	01:16:24.131	EA31337 EURUSD,M1: modify #41189347 buy 0.01 EURUSD at 1.12647 sl: 1.12225 tp: 1.13279 ok
2	01:22:11.118	EA31337 EURUSD,M1: modify #41188479 buy 0.01 EURUSD at 1.12806 sl: 1.12387 tp: 1.13299 ok
2	01:22:11.637	EA31337 EURUSD,M1: modify #41188940 buy 0.01 EURUSD at 1.12757 sl: 1.12338 tp: 1.13299 ok
2	01:22:12.225	EA31337 EURUSD,M1: modify #41189347 buy 0.01 EURUSD at 1.12647 sl: 1.12225 tp: 1.13299 ok
2	01:24:05.290	EA31337 EURUSD,M1: modify #41188479 buy 0.01 EURUSD at 1.12806 sl: 1.12387 tp: 1.13305 ok
2	01:24:07.405	EA31337 EURUSD,M1: modify #41188940 buy 0.01 EURUSD at 1.12757 sl: 1.12338 tp: 1.13305 ok
2	01:24:07.993	EA31337 EURUSD,M1: modify #41189347 buy 0.01 EURUSD at 1.12647 sl: 1.12225 tp: 1.13305 ok
2	01:46:40.501	EA31337 EURUSD,M1: modify #41188479 buy 0.01 EURUSD at 1.12806 sl: 1.12387 tp: 1.13307 ok
2	01:46:41.122	EA31337 EURUSD,M1: modify #41188940 buy 0.01 EURUSD at 1.12757 sl: 1.12338 tp: 1.13307 ok
2	01:46:42.397	EA31337 EURUSD,M1: modify #41189347 buy 0.01 EURUSD at 1.12647 sl: 1.12225 tp: 1.13307 ok
2	01:55:29.761	EA31337 EURUSD,M1: modify #41188479 buy 0.01 EURUSD at 1.12806 sl: 1.12387 tp: 1.13308 ok
2	01:55:30.187	EA31337 EURUSD,M1: modify #41188940 buy 0.01 EURUSD at 1.12757 sl: 1.12338 tp: 1.13308 ok
2	01:55:30.610	EA31337 EURUSD,M1: modify #41189347 buy 0.01 EURUSD at 1.12647 sl: 1.12225 tp: 1.13308 ok
2	01:57:02.792	EA31337 EURUSD,M1: modify #41188479 buy 0.01 EURUSD at 1.12806 sl: 1.12387 tp: 1.13309 ok
2	01:59:14.098	EA31337 EURUSD,M1: modify #41188940 buy 0.01 EURUSD at 1.12757 sl: 1.12338 tp: 1.13309 ok
2	01:59:15.010	EA31337 EURUSD,M1: modify #41189347 buy 0.01 EURUSD at 1.12647 sl: 1.12225 tp: 1.13309 ok
0	02:16:05.384	EA31337 EURUSD,M1: == New hour: 2
2	02:29:53.163	EA31337 EURUSD,M1: modify #41188479 buy 0.01 EURUSD at 1.12806 sl: 1.12387 tp: 1.13318 ok
2	02:29:53.779	EA31337 EURUSD,M1: modify #41188940 buy 0.01 EURUSD at 1.12757 sl: 1.12338 tp: 1.13318 ok
2	02:29:54.140	EA31337 EURUSD,M1: modify #41189347 buy 0.01 EURUSD at 1.12647 sl: 1.12225 tp: 1.13318 ok
2	02:35:47.021	EA31337 EURUSD,M1: modify #41188479 buy 0.01 EURUSD at 1.12806 sl: 1.12387 tp: 1.13319 ok
2	02:35:47.675	EA31337 EURUSD,M1: modify #41188940 buy 0.01 EURUSD at 1.12757 sl: 1.12338 tp: 1.13319 ok
2	02:35:48.032	EA31337 EURUSD,M1: modify #41189347 buy 0.01 EURUSD at 1.12647 sl: 1.12225 tp: 1.13320 ok
2	02:36:25.471	EA31337 EURUSD,M1: modify #41188479 buy 0.01 EURUSD at 1.12806 sl: 1.12387 tp: 1.13326 ok
2	02:36:25.828	EA31337 EURUSD,M1: modify #41188940 buy 0.01 EURUSD at 1.12757 sl: 1.12338 tp: 1.13327 ok
2	02:36:26.221	EA31337 EURUSD,M1: modify #41189347 buy 0.01 EURUSD at 1.12647 sl: 1.12225 tp: 1.13327 ok
2	02:58:46.034	EA31337 EURUSD,M1: modify #41188479 buy 0.01 EURUSD at 1.12806 sl: 1.12387 tp: 1.13350 ok
2	02:58:46.590	EA31337 EURUSD,M1: modify #41188940 buy 0.01 EURUSD at 1.12757 sl: 1.12338 tp: 1.13350 ok
2	02:58:47.145	EA31337 EURUSD,M1: modify #41189347 buy 0.01 EURUSD at 1.12647 sl: 1.12225 tp: 1.13350 ok
0	03:01:38.131	EA31337 EURUSD,M1: == New hour: 3
2	03:02:32.219	EA31337 EURUSD,M1: modify #41188479 buy 0.01 EURUSD at 1.12806 sl: 1.12387 tp: 1.13369 ok
2	03:02:32.450	EA31337 EURUSD,M1: modify #41188940 buy 0.01 EURUSD at 1.12757 sl: 1.12338 tp: 1.13367 ok
2	03:02:32.777	EA31337 EURUSD,M1: modify #41189347 buy 0.01 EURUSD at 1.12647 sl: 1.12225 tp: 1.13368 ok
2	03:03:34.381	EA31337 EURUSD,M1: modify #41188479 buy 0.01 EURUSD at 1.12806 sl: 1.12387 tp: 1.13377 ok
2	03:03:34.738	EA31337 EURUSD,M1: modify #41188940 buy 0.01 EURUSD at 1.12757 sl: 1.12338 tp: 1.13378 ok
2	03:03:35.199	EA31337 EURUSD,M1: modify #41189347 buy 0.01 EURUSD at 1.12647 sl: 1.12225 tp: 1.13378 ok
2	03:05:22.894	EA31337 EURUSD,M1: modify #41188479 buy 0.01 EURUSD at 1.12806 sl: 1.12387 tp: 1.13389 ok
2	03:05:23.544	EA31337 EURUSD,M1: modify #41188940 buy 0.01 EURUSD at 1.12757 sl: 1.12338 tp: 1.13389 ok
2	03:05:24.132	EA31337 EURUSD,M1: modify #41189347 buy 0.01 EURUSD at 1.12647 sl: 1.12225 tp: 1.13389 ok
2	03:09:16.278	EA31337 EURUSD,M1: modify #41188479 buy 0.01 EURUSD at 1.12806 sl: 1.12387 tp: 1.13395 ok
2	03:09:16.510	EA31337 EURUSD,M1: modify #41188940 buy 0.01 EURUSD at 1.12757 sl: 1.12338 tp: 1.13395 ok
2	03:09:16.802	EA31337 EURUSD,M1: modify #41189347 buy 0.01 EURUSD at 1.12647 sl: 1.12225 tp: 1.13395 ok
2	03:12:07.450	EA31337 EURUSD,M1: modify #41188479 buy 0.01 EURUSD at 1.12806 sl: 1.12387 tp: 1.13405 ok
2	03:12:07.876	EA31337 EURUSD,M1: modify #41188940 buy 0.01 EURUSD at 1.12757 sl: 1.12338 tp: 1.13404 ok
2	03:12:08.330	EA31337 EURUSD,M1: modify #41189347 buy 0.01 EURUSD at 1.12647 sl: 1.12225 tp: 1.13403 ok
2	03:15:48.629	EA31337 EURUSD,M1: modify #41188479 buy 0.01 EURUSD at 1.12806 sl: 1.12387 tp: 1.13427 ok
2	03:15:49.246	EA31337 EURUSD,M1: modify #41188940 buy 0.01 EURUSD at 1.12757 sl: 1.12338 tp: 1.13427 ok
2	03:15:49.738	EA31337 EURUSD,M1: modify #41189347 buy 0.01 EURUSD at 1.12647 sl: 1.12225 tp: 1.13427 ok
2	03:29:15.227	EA31337 EURUSD,M1: modify #41188479 buy 0.01 EURUSD at 1.12806 sl: 1.12387 tp: 1.13435 ok
2	03:29:15.616	EA31337 EURUSD,M1: modify #41188940 buy 0.01 EURUSD at 1.12757 sl: 1.12338 tp: 1.13435 ok
2	03:29:15.913	EA31337 EURUSD,M1: modify #41189347 buy 0.01 EURUSD at 1.12647 sl: 1.12225 tp: 1.13435 ok
0	04:00:08.547	EA31337 EURUSD,M1: == New hour: 4
0	04:01:15.773	EA31337 EURUSD,M1: OpenOrderIsAllowed(): Maximum open and pending orders reached the limit (MaxOrders).
0	05:01:18.827	EA31337 EURUSD,M1: == New hour: 5
0	06:02:02.002	EA31337 EURUSD,M1: == New hour: 6
0	07:01:25.459	EA31337 EURUSD,M1: == New hour: 7
2	07:10:53.455	EA31337 EURUSD,M1: modify #41063403 sell 0.01 EURUSD at 1.13352 sl: 1.13784 tp: 1.12113 ok
2	07:10:53.747	EA31337 EURUSD,M1: modify #41063465 sell 0.01 EURUSD at 1.13343 sl: 1.13771 tp: 1.12115 ok
2	07:10:54.335	EA31337 EURUSD,M1: modify #41063509 sell 0.01 EURUSD at 1.13341 sl: 1.13768 tp: 1.12114 ok
2	07:10:54.794	EA31337 EURUSD,M1: modify #41063689 sell 0.01 EURUSD at 1.13356 sl: 1.13796 tp: 1.12194 ok
2	07:10:55.379	EA31337 EURUSD,M1: modify #41063767 sell 0.01 EURUSD at 1.13358 sl: 1.13786 tp: 1.12114 ok
2	07:10:55.735	EA31337 EURUSD,M1: modify #41064038 sell 0.01 EURUSD at 1.13349 sl: 1.13774 tp: 1.12113 ok
2	07:10:56.125	EA31337 EURUSD,M1: modify #41064315 sell 0.01 EURUSD at 1.13371 sl: 1.13800 tp: 1.12113 ok
2	07:10:56.291	EA31337 EURUSD,M1: modify #41065420 sell 0.01 EURUSD at 1.13552 sl: 1.13977 tp: 1.12113 ok
2	07:10:56.681	EA31337 EURUSD,M1: modify #41065630 sell 0.01 EURUSD at 1.13547 sl: 1.13972 tp: 1.12113 ok
2	07:10:57.139	EA31337 EURUSD,M1: modify #41065797 sell 0.01 EURUSD at 1.13497 sl: 1.13922 tp: 1.12113 ok
2	07:10:57.566	EA31337 EURUSD,M1: modify #41066067 sell 0.01 EURUSD at 1.13465 sl: 1.13889 tp: 1.12113 ok
2	07:10:57.890	EA31337 EURUSD,M1: modify #41085795 sell 0.01 EURUSD at 1.13389 sl: 1.13812 tp: 1.12113 ok
2	07:10:58.344	EA31337 EURUSD,M1: modify #41085997 sell 0.01 EURUSD at 1.13393 sl: 1.13815 tp: 1.12113 ok
2	07:10:58.669	EA31337 EURUSD,M1: modify #41088642 sell 0.01 EURUSD at 1.13642 sl: 1.14064 tp: 1.12114 ok
2	07:10:58.965	EA31337 EURUSD,M1: modify #41089034 sell 0.01 EURUSD at 1.13640 sl: 1.14046 tp: 1.12114 ok
2	07:10:59.290	EA31337 EURUSD,M1: modify #41090759 sell 0.01 EURUSD at 1.13599 sl: 1.14022 tp: 1.12114 ok
2	07:10:59.847	EA31337 EURUSD,M1: modify #41091172 sell 0.01 EURUSD at 1.13506 sl: 1.13935 tp: 1.12114 ok
0	07:11:14.452	EA31337 EURUSD,M1: ExecuteOrder(): MarketInfo: Symbol: EURUSD; Ask: 1.12591; Bid: 1.12569; Spread: 22 points = 2.2 pips; 
2	07:11:15.138	EA31337 EURUSD,M1: open #41228449 sell 0.01 EURUSD at 1.12569 sl: 1.12991 ok
0	07:11:15.138	EA31337 EURUSD,M1: #41228449 2015.09.16 07:11:07 sell 0.01 EURUSD 1.12569 1.12991 0.00000 1.12591 0.00 0.00 -0.22 | spread: 2.1 31350
0	07:11:15.170	EA31337 EURUSD,M1: ExecuteOrder(): Order Details: Ticket: 41228449; Time: 2015.09.16 07:10:57; Comment: | spread: 2.1; Commision: 0; Symbol: EURUSD; Type: Sell; Expiration: 0; Open Price: 1.12569; Close Price: 1.12591; Take Profit: -0.22; Stop Loss: 1.1299; Swap: 0; Lot size: 0.01; Account Details: Time: 2015.09.16 07:10:57; Account Balance: $3281.38; Account Equity: $3461.77; Used Margin: $300.00; Free Margin: $3161.77; No of Orders: 30 (BUY/SELL: 12/18); Risk Ratio: 1.0
0	07:11:20.882	EA31337 EURUSD,M1: OpenOrderIsAllowed(): Maximum open and pending orders reached the limit (MaxOrders).
0	07:11:20.882	EA31337 EURUSD,M1: OpenOrderIsAllowed(): Maximum open and pending orders reached the limit (MaxOrders).
0	07:11:20.882	EA31337 EURUSD,M1: OpenOrderIsAllowed(): Maximum open and pending orders reached the limit (MaxOrders).
0	07:11:20.882	EA31337 EURUSD,M1: OpenOrderIsAllowed(): Maximum open and pending orders reached the limit (MaxOrders).
0	07:11:57.696	EA31337 EURUSD,M1: OpenOrderIsAllowed(): Maximum open and pending orders reached the limit (MaxOrders).
0	07:11:57.696	EA31337 EURUSD,M1: OpenOrderIsAllowed(): Maximum open and pending orders reached the limit (MaxOrders).
0	07:11:57.728	EA31337 EURUSD,M1: OpenOrderIsAllowed(): Maximum open and pending orders reached the limit (MaxOrders).
0	07:13:03.990	EA31337 EURUSD,M1: OpenOrderIsAllowed(): Maximum open and pending orders reached the limit (MaxOrders).
0	07:13:03.990	EA31337 EURUSD,M1: OpenOrderIsAllowed(): Maximum open and pending orders reached the limit (MaxOrders).
0	07:13:03.990	EA31337 EURUSD,M1: OpenOrderIsAllowed(): Maximum open and pending orders reached the limit (MaxOrders).
0	07:13:03.990	EA31337 EURUSD,M1: OpenOrderIsAllowed(): Maximum open and pending orders reached the limit (MaxOrders).
2	07:13:16.248	EA31337 EURUSD,M1: modify #41063403 sell 0.01 EURUSD at 1.13352 sl: 1.13784 tp: 1.12096 ok
2	07:13:16.577	EA31337 EURUSD,M1: modify #41063465 sell 0.01 EURUSD at 1.13343 sl: 1.13771 tp: 1.12096 ok
2	07:13:16.804	EA31337 EURUSD,M1: modify #41063509 sell 0.01 EURUSD at 1.13341 sl: 1.13768 tp: 1.12095 ok
2	07:13:17.295	EA31337 EURUSD,M1: modify #41063689 sell 0.01 EURUSD at 1.13356 sl: 1.13796 tp: 1.12174 ok
2	07:13:17.850	EA31337 EURUSD,M1: modify #41063767 sell 0.01 EURUSD at 1.13358 sl: 1.13786 tp: 1.12096 ok
2	07:13:18.207	EA31337 EURUSD,M1: modify #41064038 sell 0.01 EURUSD at 1.13349 sl: 1.13774 tp: 1.12096 ok
2	07:13:18.568	EA31337 EURUSD,M1: modify #41064315 sell 0.01 EURUSD at 1.13371 sl: 1.13800 tp: 1.12097 ok
2	07:13:18.990	EA31337 EURUSD,M1: modify #41065420 sell 0.01 EURUSD at 1.13552 sl: 1.13977 tp: 1.12095 ok
2	07:13:19.482	EA31337 EURUSD,M1: modify #41065630 sell 0.01 EURUSD at 1.13547 sl: 1.13972 tp: 1.12096 ok
2	07:13:20.038	EA31337 EURUSD,M1: modify #41065797 sell 0.01 EURUSD at 1.13497 sl: 1.13922 tp: 1.12096 ok
2	07:13:20.363	EA31337 EURUSD,M1: modify #41066067 sell 0.01 EURUSD at 1.13465 sl: 1.13889 tp: 1.12096 ok
2	07:13:21.309	EA31337 EURUSD,M1: modify #41085795 sell 0.01 EURUSD at 1.13389 sl: 1.13812 tp: 1.12096 ok
2	07:13:21.699	EA31337 EURUSD,M1: modify #41085997 sell 0.01 EURUSD at 1.13393 sl: 1.13815 tp: 1.12096 ok
2	07:13:22.060	EA31337 EURUSD,M1: modify #41088642 sell 0.01 EURUSD at 1.13642 sl: 1.14064 tp: 1.12095 ok
2	07:13:22.482	EA31337 EURUSD,M1: modify #41089034 sell 0.01 EURUSD at 1.13640 sl: 1.14046 tp: 1.12095 ok
2	07:13:22.713	EA31337 EURUSD,M1: modify #41090759 sell 0.01 EURUSD at 1.13599 sl: 1.14022 tp: 1.12096 ok
2	07:13:23.136	EA31337 EURUSD,M1: modify #41091172 sell 0.01 EURUSD at 1.13506 sl: 1.13935 tp: 1.12095 ok
2	07:13:23.562	EA31337 EURUSD,M1: modify #41228449 sell 0.01 EURUSD at 1.12569 sl: 1.12991 tp: 1.12156 ok
0	07:13:51.521	EA31337 EURUSD,M1: OpenOrderIsAllowed(): Maximum open and pending orders reached the limit (MaxOrders).
0	07:13:53.121	EA31337 EURUSD,M1: OpenOrderIsAllowed(): Maximum open and pending orders reached the limit (MaxOrders).
0	07:13:53.121	EA31337 EURUSD,M1: OpenOrderIsAllowed(): Maximum open and pending orders reached the limit (MaxOrders).
0	07:13:53.121	EA31337 EURUSD,M1: OpenOrderIsAllowed(): Maximum open and pending orders reached the limit (MaxOrders).
0	07:13:55.832	EA31337 EURUSD,M1: OpenOrderIsAllowed(): Maximum open and pending orders reached the limit (MaxOrders).
0	07:14:13.311	EA31337 EURUSD,M1: OpenOrderIsAllowed(): Maximum open and pending orders reached the limit (MaxOrders).
0	07:14:26.642	EA31337 EURUSD,M1: OpenOrderIsAllowed(): Maximum open and pending orders reached the limit (MaxOrders).
0	07:14:26.642	EA31337 EURUSD,M1: OpenOrderIsAllowed(): Maximum open and pending orders reached the limit (MaxOrders).
0	07:14:26.642	EA31337 EURUSD,M1: OpenOrderIsAllowed(): Maximum open and pending orders reached the limit (MaxOrders).
0	07:14:44.627	EA31337 EURUSD,M1: OpenOrderIsAllowed(): Maximum open and pending orders reached the limit (MaxOrders).
0	07:14:44.627	EA31337 EURUSD,M1: OpenOrderIsAllowed(): Maximum open and pending orders reached the limit (MaxOrders).
0	07:14:44.627	EA31337 EURUSD,M1: OpenOrderIsAllowed(): Maximum open and pending orders reached the limit (MaxOrders).
0	07:14:44.627	EA31337 EURUSD,M1: OpenOrderIsAllowed(): Maximum open and pending orders reached the limit (MaxOrders).
2	07:14:54.794	EA31337 EURUSD,M1: modify #41063403 sell 0.01 EURUSD at 1.13352 sl: 1.13784 tp: 1.12088 ok
2	07:14:55.058	EA31337 EURUSD,M1: modify #41063465 sell 0.01 EURUSD at 1.13343 sl: 1.13771 tp: 1.12088 ok
2	07:14:55.480	EA31337 EURUSD,M1: modify #41063509 sell 0.01 EURUSD at 1.13341 sl: 1.13768 tp: 1.12088 ok
2	07:14:55.870	EA31337 EURUSD,M1: modify #41063767 sell 0.01 EURUSD at 1.13358 sl: 1.13786 tp: 1.12088 ok
2	07:14:56.297	EA31337 EURUSD,M1: modify #41064038 sell 0.01 EURUSD at 1.13349 sl: 1.13774 tp: 1.12088 ok
2	07:14:56.755	EA31337 EURUSD,M1: modify #41064315 sell 0.01 EURUSD at 1.13371 sl: 1.13800 tp: 1.12088 ok
2	07:14:57.177	EA31337 EURUSD,M1: modify #41065420 sell 0.01 EURUSD at 1.13552 sl: 1.13977 tp: 1.12088 ok
2	07:14:57.636	EA31337 EURUSD,M1: modify #41065630 sell 0.01 EURUSD at 1.13547 sl: 1.13972 tp: 1.12088 ok
2	07:14:58.223	EA31337 EURUSD,M1: modify #41065797 sell 0.01 EURUSD at 1.13497 sl: 1.13922 tp: 1.12088 ok
2	07:14:58.479	EA31337 EURUSD,M1: modify #41066067 sell 0.01 EURUSD at 1.13465 sl: 1.13889 tp: 1.12088 ok
2	07:14:58.841	EA31337 EURUSD,M1: modify #41085795 sell 0.01 EURUSD at 1.13389 sl: 1.13812 tp: 1.12089 ok
2	07:14:59.332	EA31337 EURUSD,M1: modify #41085997 sell 0.01 EURUSD at 1.13393 sl: 1.13815 tp: 1.12088 ok
2	07:14:59.786	EA31337 EURUSD,M1: modify #41088642 sell 0.01 EURUSD at 1.13642 sl: 1.14064 tp: 1.12088 ok
2	07:15:00.241	EA31337 EURUSD,M1: modify #41089034 sell 0.01 EURUSD at 1.13640 sl: 1.14046 tp: 1.12088 ok
2	07:15:00.699	EA31337 EURUSD,M1: modify #41090759 sell 0.01 EURUSD at 1.13599 sl: 1.14022 tp: 1.12088 ok
2	07:15:01.121	EA31337 EURUSD,M1: modify #41091172 sell 0.01 EURUSD at 1.13506 sl: 1.13935 tp: 1.12088 ok
0	07:15:39.677	EA31337 EURUSD,M1: OpenOrderIsAllowed(): Maximum open and pending orders reached the limit (MaxOrders).
2	07:16:22.715	EA31337 EURUSD,M1: modify #41063403 sell 0.01 EURUSD at 1.13352 sl: 1.13784 tp: 1.12041 ok
2	07:16:23.331	EA31337 EURUSD,M1: modify #41063465 sell 0.01 EURUSD at 1.13343 sl: 1.13771 tp: 1.12040 ok
2	07:16:23.920	EA31337 EURUSD,M1: modify #41063509 sell 0.01 EURUSD at 1.13341 sl: 1.13768 tp: 1.12040 ok
2	07:16:24.281	EA31337 EURUSD,M1: modify #41063689 sell 0.01 EURUSD at 1.13356 sl: 1.13796 tp: 1.12160 ok
2	07:16:24.707	EA31337 EURUSD,M1: modify #41063767 sell 0.01 EURUSD at 1.13358 sl: 1.13786 tp: 1.12040 ok
2	07:16:25.032	EA31337 EURUSD,M1: modify #41064038 sell 0.01 EURUSD at 1.13349 sl: 1.13774 tp: 1.12040 ok
2	07:16:25.519	EA31337 EURUSD,M1: modify #41064315 sell 0.01 EURUSD at 1.13371 sl: 1.13800 tp: 1.12040 ok
2	07:16:25.941	EA31337 EURUSD,M1: modify #41065420 sell 0.01 EURUSD at 1.13552 sl: 1.13977 tp: 1.12040 ok
2	07:16:26.303	EA31337 EURUSD,M1: modify #41065630 sell 0.01 EURUSD at 1.13547 sl: 1.13972 tp: 1.12040 ok
2	07:16:27.017	EA31337 EURUSD,M1: modify #41065797 sell 0.01 EURUSD at 1.13497 sl: 1.13922 tp: 1.12041 ok
2	07:16:27.500	EA31337 EURUSD,M1: modify #41066067 sell 0.01 EURUSD at 1.13465 sl: 1.13889 tp: 1.12041 ok
2	07:16:27.894	EA31337 EURUSD,M1: modify #41085795 sell 0.01 EURUSD at 1.13389 sl: 1.13812 tp: 1.12040 ok
2	07:16:28.316	EA31337 EURUSD,M1: modify #41085997 sell 0.01 EURUSD at 1.13393 sl: 1.13815 tp: 1.12040 ok
2	07:16:28.775	EA31337 EURUSD,M1: modify #41088642 sell 0.01 EURUSD at 1.13642 sl: 1.14064 tp: 1.12040 ok
2	07:16:29.332	EA31337 EURUSD,M1: modify #41089034 sell 0.01 EURUSD at 1.13640 sl: 1.14046 tp: 1.12040 ok
2	07:16:29.850	EA31337 EURUSD,M1: modify #41090759 sell 0.01 EURUSD at 1.13599 sl: 1.14022 tp: 1.12040 ok
2	07:16:30.146	EA31337 EURUSD,M1: modify #41091172 sell 0.01 EURUSD at 1.13506 sl: 1.13935 tp: 1.12040 ok
0	08:00:42.007	EA31337 EURUSD,M1: == New hour: 8
2	08:33:07.151	EA31337 EURUSD,M1: modify #41063403 sell 0.01 EURUSD at 1.13352 sl: 1.13784 tp: 1.12027 ok
2	08:33:07.346	EA31337 EURUSD,M1: modify #41063465 sell 0.01 EURUSD at 1.13343 sl: 1.13771 tp: 1.12028 ok
2	08:33:07.703	EA31337 EURUSD,M1: modify #41063509 sell 0.01 EURUSD at 1.13341 sl: 1.13768 tp: 1.12028 ok
2	08:33:08.092	EA31337 EURUSD,M1: modify #41063767 sell 0.01 EURUSD at 1.13358 sl: 1.13786 tp: 1.12027 ok
2	08:33:08.482	EA31337 EURUSD,M1: modify #41064038 sell 0.01 EURUSD at 1.13349 sl: 1.13774 tp: 1.12027 ok
2	08:33:08.907	EA31337 EURUSD,M1: modify #41064315 sell 0.01 EURUSD at 1.13371 sl: 1.13800 tp: 1.12027 ok
2	08:33:09.167	EA31337 EURUSD,M1: modify #41065420 sell 0.01 EURUSD at 1.13552 sl: 1.13977 tp: 1.12027 ok
2	08:33:09.528	EA31337 EURUSD,M1: modify #41065630 sell 0.01 EURUSD at 1.13547 sl: 1.13972 tp: 1.12025 ok
2	08:33:09.788	EA31337 EURUSD,M1: modify #41065797 sell 0.01 EURUSD at 1.13497 sl: 1.13922 tp: 1.12027 ok
2	08:33:10.178	EA31337 EURUSD,M1: modify #41066067 sell 0.01 EURUSD at 1.13465 sl: 1.13889 tp: 1.12027 ok
2	08:33:10.501	EA31337 EURUSD,M1: modify #41085795 sell 0.01 EURUSD at 1.13389 sl: 1.13812 tp: 1.12026 ok
2	08:33:10.894	EA31337 EURUSD,M1: modify #41085997 sell 0.01 EURUSD at 1.13393 sl: 1.13815 tp: 1.12027 ok
2	08:33:11.283	EA31337 EURUSD,M1: modify #41088642 sell 0.01 EURUSD at 1.13642 sl: 1.14064 tp: 1.12027 ok
2	08:33:11.478	EA31337 EURUSD,M1: modify #41089034 sell 0.01 EURUSD at 1.13640 sl: 1.14046 tp: 1.12026 ok
2	08:33:11.706	EA31337 EURUSD,M1: modify #41090759 sell 0.01 EURUSD at 1.13599 sl: 1.14022 tp: 1.12027 ok
2	08:33:12.194	EA31337 EURUSD,M1: modify #41091172 sell 0.01 EURUSD at 1.13506 sl: 1.13935 tp: 1.12027 ok
2	08:34:53.187	EA31337 EURUSD,M1: modify #41063403 sell 0.01 EURUSD at 1.13352 sl: 1.13784 tp: 1.12022 ok
2	08:34:53.479	EA31337 EURUSD,M1: modify #41063465 sell 0.01 EURUSD at 1.13343 sl: 1.13771 tp: 1.12021 ok
2	08:34:53.678	EA31337 EURUSD,M1: modify #41063509 sell 0.01 EURUSD at 1.13341 sl: 1.13768 tp: 1.12021 ok
2	08:34:54.100	EA31337 EURUSD,M1: modify #41063767 sell 0.01 EURUSD at 1.13358 sl: 1.13786 tp: 1.12025 ok
2	08:34:54.587	EA31337 EURUSD,M1: modify #41064038 sell 0.01 EURUSD at 1.13349 sl: 1.13774 tp: 1.12024 ok
2	08:34:54.977	EA31337 EURUSD,M1: modify #41064315 sell 0.01 EURUSD at 1.13371 sl: 1.13800 tp: 1.12024 ok
2	08:34:55.302	EA31337 EURUSD,M1: modify #41065420 sell 0.01 EURUSD at 1.13552 sl: 1.13977 tp: 1.12025 ok
2	08:34:55.663	EA31337 EURUSD,M1: modify #41065797 sell 0.01 EURUSD at 1.13497 sl: 1.13922 tp: 1.12025 ok
2	08:34:56.249	EA31337 EURUSD,M1: modify #41066067 sell 0.01 EURUSD at 1.13465 sl: 1.13889 tp: 1.12025 ok
2	08:34:56.512	EA31337 EURUSD,M1: modify #41085795 sell 0.01 EURUSD at 1.13389 sl: 1.13812 tp: 1.12025 ok
2	08:34:56.902	EA31337 EURUSD,M1: modify #41085997 sell 0.01 EURUSD at 1.13393 sl: 1.13815 tp: 1.12023 ok
2	08:34:57.264	EA31337 EURUSD,M1: modify #41088642 sell 0.01 EURUSD at 1.13642 sl: 1.14064 tp: 1.12023 ok
2	08:34:57.719	EA31337 EURUSD,M1: modify #41089034 sell 0.01 EURUSD at 1.13640 sl: 1.14046 tp: 1.12023 ok
2	08:34:58.080	EA31337 EURUSD,M1: modify #41090759 sell 0.01 EURUSD at 1.13599 sl: 1.14022 tp: 1.12024 ok
2	08:34:58.502	EA31337 EURUSD,M1: modify #41091172 sell 0.01 EURUSD at 1.13506 sl: 1.13935 tp: 1.12024 ok
0	09:00:08.392	EA31337 EURUSD,M1: == New hour: 9
2	09:02:27.695	EA31337 EURUSD,M1: modify #41063403 sell 0.01 EURUSD at 1.13352 sl: 1.13784 tp: 1.11955 ok
2	09:02:28.088	EA31337 EURUSD,M1: modify #41063465 sell 0.01 EURUSD at 1.13343 sl: 1.13771 tp: 1.11958 ok
2	09:02:28.445	EA31337 EURUSD,M1: modify #41063509 sell 0.01 EURUSD at 1.13341 sl: 1.13768 tp: 1.11956 ok
2	09:02:28.969	EA31337 EURUSD,M1: modify #41063689 sell 0.01 EURUSD at 1.13356 sl: 1.13796 tp: 1.12074 ok
2	09:02:29.354	EA31337 EURUSD,M1: modify #41063767 sell 0.01 EURUSD at 1.13358 sl: 1.13786 tp: 1.11957 ok
2	09:02:30.564	EA31337 EURUSD,M1: modify #41064038 sell 0.01 EURUSD at 1.13349 sl: 1.13774 tp: 1.11956 ok
2	09:02:30.889	EA31337 EURUSD,M1: modify #41064315 sell 0.01 EURUSD at 1.13371 sl: 1.13800 tp: 1.11957 ok
2	09:02:31.315	EA31337 EURUSD,M1: modify #41065420 sell 0.01 EURUSD at 1.13552 sl: 1.13977 tp: 1.11956 ok
2	09:02:31.510	EA31337 EURUSD,M1: modify #41065630 sell 0.01 EURUSD at 1.13547 sl: 1.13972 tp: 1.11956 ok
2	09:02:32.033	EA31337 EURUSD,M1: modify #41065797 sell 0.01 EURUSD at 1.13497 sl: 1.13922 tp: 1.11955 ok
2	09:02:32.683	EA31337 EURUSD,M1: modify #41066067 sell 0.01 EURUSD at 1.13465 sl: 1.13889 tp: 1.11955 ok
2	09:02:32.945	EA31337 EURUSD,M1: modify #41085795 sell 0.01 EURUSD at 1.13389 sl: 1.13812 tp: 1.11954 ok
2	09:02:33.401	EA31337 EURUSD,M1: modify #41085997 sell 0.01 EURUSD at 1.13393 sl: 1.13815 tp: 1.11954 ok
2	09:02:33.762	EA31337 EURUSD,M1: modify #41088642 sell 0.01 EURUSD at 1.13642 sl: 1.14064 tp: 1.11955 ok
2	09:02:34.217	EA31337 EURUSD,M1: modify #41089034 sell 0.01 EURUSD at 1.13640 sl: 1.14046 tp: 1.11955 ok
2	09:02:34.675	EA31337 EURUSD,M1: modify #41090759 sell 0.01 EURUSD at 1.13599 sl: 1.14022 tp: 1.11955 ok
2	09:02:35.163	EA31337 EURUSD,M1: modify #41091172 sell 0.01 EURUSD at 1.13506 sl: 1.13935 tp: 1.11956 ok
0	09:03:04.314	EA31337 EURUSD,M1: OpenOrderIsAllowed(): DeMarker M5: Maximum open and pending orders per type reached the limit (MaxOrdersPerType).
0	09:03:04.314	EA31337 EURUSD,M1: ExecuteOrder(): MarketInfo: Symbol: EURUSD; Ask: 1.12403; Bid: 1.12382; Spread: 21 points = 2.1 pips; 
2	09:03:04.931	EA31337 EURUSD,M1: open #41235316 buy 0.01 EURUSD at 1.12402 sl: 1.11982 tp: 1.12843 ok
0	09:03:04.931	EA31337 EURUSD,M1: #41235316 2015.09.16 09:02:57 buy 0.01 EURUSD 1.12402 1.11982 1.12843 1.12380 0.00 0.00 -0.22 | spread: 2.1 31383
0	09:03:04.931	EA31337 EURUSD,M1: ExecuteOrder(): Order Details: Ticket: 41235316; Time: 2015.09.16 09:02:32; Comment: | spread: 2.1; Commision: 0; Symbol: EURUSD; Type: Buy; Expiration: 0; Open Price: 1.12402; Close Price: 1.12380; Take Profit: -0.22; Stop Loss: 1.1198; Swap: 0; Lot size: 0.01; Account Details: Time: 2015.09.16 09:02:32; Account Balance: $3268.59; Account Equity: $3474.23; Used Margin: $280.00; Free Margin: $3194.23; No of Orders: 28 (BUY/SELL: 10/18); Risk Ratio: 0.9
0	09:03:04.964	EA31337 EURUSD,M1: OpenOrderIsAllowed(): Envelopes M1: Maximum open and pending orders per type reached the limit (MaxOrdersPerType).
2	09:03:51.684	EA31337 EURUSD,M1: modify #41063689 sell 0.01 EURUSD at 1.13356 sl: 1.13796 tp: 1.12035 ok
2	09:03:52.009	EA31337 EURUSD,M1: modify #41235316 buy 0.01 EURUSD at 1.12402 sl: 1.11982 tp: 1.12859 ok
0	09:04:13.066	EA31337 EURUSD,M1: OpenOrderIsAllowed(): DeMarker M5: Maximum open and pending orders per type reached the limit (MaxOrdersPerType).
0	09:04:13.098	EA31337 EURUSD,M1: OpenOrderIsAllowed(): Envelopes M1: Maximum open and pending orders per type reached the limit (MaxOrdersPerType).
2	09:04:44.947	EA31337 EURUSD,M1: modify #41063403 sell 0.01 EURUSD at 1.13352 sl: 1.13784 tp: 1.11935 ok
2	09:04:45.401	EA31337 EURUSD,M1: modify #41063465 sell 0.01 EURUSD at 1.13343 sl: 1.13771 tp: 1.11936 ok
2	09:04:45.757	EA31337 EURUSD,M1: modify #41063509 sell 0.01 EURUSD at 1.13341 sl: 1.13768 tp: 1.11935 ok
2	09:04:46.976	EA31337 EURUSD,M1: modify #41063767 sell 0.01 EURUSD at 1.13358 sl: 1.13786 tp: 1.11935 ok
2	09:04:47.460	EA31337 EURUSD,M1: modify #41064038 sell 0.01 EURUSD at 1.13349 sl: 1.13774 tp: 1.11937 ok
2	09:04:47.914	EA31337 EURUSD,M1: modify #41064315 sell 0.01 EURUSD at 1.13371 sl: 1.13800 tp: 1.11936 ok
2	09:04:48.405	EA31337 EURUSD,M1: modify #41065420 sell 0.01 EURUSD at 1.13552 sl: 1.13977 tp: 1.11936 ok
2	09:04:48.795	EA31337 EURUSD,M1: modify #41065630 sell 0.01 EURUSD at 1.13547 sl: 1.13972 tp: 1.11934 ok
2	09:04:49.217	EA31337 EURUSD,M1: modify #41065797 sell 0.01 EURUSD at 1.13497 sl: 1.13922 tp: 1.11936 ok
2	09:04:49.513	EA31337 EURUSD,M1: modify #41066067 sell 0.01 EURUSD at 1.13465 sl: 1.13889 tp: 1.11936 ok
2	09:04:49.967	EA31337 EURUSD,M1: modify #41085795 sell 0.01 EURUSD at 1.13389 sl: 1.13812 tp: 1.11936 ok
2	09:04:50.486	EA31337 EURUSD,M1: modify #41085997 sell 0.01 EURUSD at 1.13393 sl: 1.13815 tp: 1.11936 ok
2	09:04:50.945	EA31337 EURUSD,M1: modify #41088642 sell 0.01 EURUSD at 1.13642 sl: 1.14064 tp: 1.11936 ok
2	09:04:51.333	EA31337 EURUSD,M1: modify #41089034 sell 0.01 EURUSD at 1.13640 sl: 1.14046 tp: 1.11936 ok
2	09:04:51.852	EA31337 EURUSD,M1: modify #41090759 sell 0.01 EURUSD at 1.13599 sl: 1.14022 tp: 1.11937 ok
2	09:04:52.472	EA31337 EURUSD,M1: modify #41091172 sell 0.01 EURUSD at 1.13506 sl: 1.13935 tp: 1.11936 ok
2	09:06:08.679	EA31337 EURUSD,M1: modify #41063689 sell 0.01 EURUSD at 1.13356 sl: 1.13796 tp: 1.12014 ok
2	09:06:09.265	EA31337 EURUSD,M1: modify #41064038 sell 0.01 EURUSD at 1.13349 sl: 1.13774 tp: 1.11936 ok
2	09:06:09.589	EA31337 EURUSD,M1: modify #41090759 sell 0.01 EURUSD at 1.13599 sl: 1.14022 tp: 1.11936 ok
2	09:06:10.075	EA31337 EURUSD,M1: modify #41091172 sell 0.01 EURUSD at 1.13506 sl: 1.13935 tp: 1.11935 ok
0	09:08:02.806	EA31337 EURUSD,M1: ExecuteOrder(): MarketInfo: Symbol: EURUSD; Ask: 1.12387; Bid: 1.12366; Spread: 21 points = 2.1 pips; 
2	09:08:03.556	EA31337 EURUSD,M1: open #41235655 buy 0.01 EURUSD at 1.12387 sl: 1.11966 tp: 1.12827 ok
0	09:08:03.556	EA31337 EURUSD,M1: #41235655 2015.09.16 09:07:55 buy 0.01 EURUSD 1.12387 1.11966 1.12827 1.12366 0.00 0.00 -0.21 | spread: 2.2 31393
0	09:08:03.556	EA31337 EURUSD,M1: ExecuteOrder(): Order Details: Ticket: 41235655; Time: 2015.09.16 09:07:07; Comment: | spread: 2.2; Commision: 0; Symbol: EURUSD; Type: Buy; Expiration: 0; Open Price: 1.12387; Close Price: 1.12366; Take Profit: -0.21; Stop Loss: 1.1197; Swap: 0; Lot size: 0.01; Account Details: Time: 2015.09.16 09:07:07; Account Balance: $3268.59; Account Equity: $3474.60; Used Margin: $290.00; Free Margin: $3184.60; No of Orders: 29 (BUY/SELL: 11/18); Risk Ratio: 0.9
2	09:09:02.528	EA31337 EURUSD,M1: modify #41063689 sell 0.01 EURUSD at 1.13356 sl: 1.13796 tp: 1.11998 ok
2	09:09:03.015	EA31337 EURUSD,M1: modify #41235655 buy 0.01 EURUSD at 1.12387 sl: 1.11966 tp: 1.12841 ok
0	09:10:42.019	EA31337 EURUSD,M1: OpenOrderIsAllowed(): MACD M1: Maximum open and pending orders per type reached the limit (MaxOrdersPerType).
0	09:11:18.236	EA31337 EURUSD,M1: OpenOrderIsAllowed(): MACD M1: Maximum open and pending orders per type reached the limit (MaxOrdersPerType).
0	09:12:25.418	EA31337 EURUSD,M1: OpenOrderIsAllowed(): DeMarker M1: Maximum open and pending orders per type reached the limit (MaxOrdersPerType).
0	09:12:25.450	EA31337 EURUSD,M1: OpenOrderIsAllowed(): Envelopes M1: Maximum open and pending orders per type reached the limit (MaxOrdersPerType).
0	09:12:25.450	EA31337 EURUSD,M1: ExecuteOrder(): MarketInfo: Symbol: EURUSD; Ask: 1.12378; Bid: 1.12358; Spread: 20 points = 2 pips; 
2	09:12:25.905	EA31337 EURUSD,M1: open #41235909 buy 0.01 EURUSD at 1.12378 sl: 1.11958 tp: 1.12818 ok
0	09:12:25.905	EA31337 EURUSD,M1: #41235909 2015.09.16 09:12:18 buy 0.01 EURUSD 1.12378 1.11958 1.12818 1.12358 0.00 0.00 -0.20 | spread: 1.8 31386
0	09:12:25.905	EA31337 EURUSD,M1: ExecuteOrder(): Order Details: Ticket: 41235909; Time: 2015.09.16 09:12:02; Comment: | spread: 1.8; Commision: 0; Symbol: EURUSD; Type: Buy; Expiration: 0; Open Price: 1.12378; Close Price: 1.12358; Take Profit: -0.2; Stop Loss: 1.1196; Swap: 0; Lot size: 0.01; Account Details: Time: 2015.09.16 09:12:02; Account Balance: $3268.59; Account Equity: $3475.14; Used Margin: $300.00; Free Margin: $3175.14; No of Orders: 30 (BUY/SELL: 12/18); Risk Ratio: 0.9
0	09:12:25.905	EA31337 EURUSD,M1: OpenOrderIsAllowed(): Maximum open and pending orders reached the limit (MaxOrders).
0	09:12:31.481	EA31337 EURUSD,M1: OpenOrderIsAllowed(): Maximum open and pending orders reached the limit (MaxOrders).
0	09:13:05.244	EA31337 EURUSD,M1: OpenOrderIsAllowed(): Maximum open and pending orders reached the limit (MaxOrders).
0	09:13:25.622	EA31337 EURUSD,M1: OpenOrderIsAllowed(): Maximum open and pending orders reached the limit (MaxOrders).
0	09:13:28.883	EA31337 EURUSD,M1: OpenOrderIsAllowed(): Maximum open and pending orders reached the limit (MaxOrders).
2	09:13:49.493	EA31337 EURUSD,M1: modify #41063403 sell 0.01 EURUSD at 1.13352 sl: 1.13784 tp: 1.11898 ok
2	09:13:49.947	EA31337 EURUSD,M1: modify #41063465 sell 0.01 EURUSD at 1.13343 sl: 1.13771 tp: 1.11900 ok
2	09:13:50.372	EA31337 EURUSD,M1: modify #41063509 sell 0.01 EURUSD at 1.13341 sl: 1.13768 tp: 1.11898 ok
2	09:13:50.827	EA31337 EURUSD,M1: modify #41063689 sell 0.01 EURUSD at 1.13356 sl: 1.13796 tp: 1.11932 ok
2	09:13:51.184	EA31337 EURUSD,M1: modify #41063767 sell 0.01 EURUSD at 1.13358 sl: 1.13786 tp: 1.11897 ok
2	09:13:51.513	EA31337 EURUSD,M1: modify #41064038 sell 0.01 EURUSD at 1.13349 sl: 1.13774 tp: 1.11897 ok
2	09:13:52.033	EA31337 EURUSD,M1: modify #41064315 sell 0.01 EURUSD at 1.13371 sl: 1.13800 tp: 1.11897 ok
2	09:13:52.325	EA31337 EURUSD,M1: modify #41065420 sell 0.01 EURUSD at 1.13552 sl: 1.13977 tp: 1.11897 ok
2	09:13:52.751	EA31337 EURUSD,M1: modify #41065630 sell 0.01 EURUSD at 1.13547 sl: 1.13972 tp: 1.11897 ok
2	09:13:53.141	EA31337 EURUSD,M1: modify #41065797 sell 0.01 EURUSD at 1.13497 sl: 1.13922 tp: 1.11898 ok
2	09:13:53.469	EA31337 EURUSD,M1: modify #41066067 sell 0.01 EURUSD at 1.13465 sl: 1.13889 tp: 1.11898 ok
2	09:13:53.762	EA31337 EURUSD,M1: modify #41085795 sell 0.01 EURUSD at 1.13389 sl: 1.13812 tp: 1.11899 ok
2	09:13:54.253	EA31337 EURUSD,M1: modify #41085997 sell 0.01 EURUSD at 1.13393 sl: 1.13815 tp: 1.11899 ok
2	09:13:54.642	EA31337 EURUSD,M1: modify #41088642 sell 0.01 EURUSD at 1.13642 sl: 1.14064 tp: 1.11899 ok
2	09:13:55.101	EA31337 EURUSD,M1: modify #41089034 sell 0.01 EURUSD at 1.13640 sl: 1.14046 tp: 1.11897 ok
2	09:13:55.787	EA31337 EURUSD,M1: modify #41090759 sell 0.01 EURUSD at 1.13599 sl: 1.14022 tp: 1.11897 ok
2	09:13:56.242	EA31337 EURUSD,M1: modify #41091172 sell 0.01 EURUSD at 1.13506 sl: 1.13935 tp: 1.11898 ok
0	09:16:16.755	EA31337 EURUSD,M1: OpenOrderIsAllowed(): MACD M1: Maximum open and pending orders per type reached the limit (MaxOrdersPerType).
2	09:17:29.014	EA31337 EURUSD,M1: modify #41063403 sell 0.01 EURUSD at 1.13352 sl: 1.13784 tp: 1.11873 ok
2	09:17:29.404	EA31337 EURUSD,M1: modify #41063465 sell 0.01 EURUSD at 1.13343 sl: 1.13771 tp: 1.11872 ok
2	09:17:29.862	EA31337 EURUSD,M1: modify #41063509 sell 0.01 EURUSD at 1.13341 sl: 1.13768 tp: 1.11872 ok
2	09:17:30.284	EA31337 EURUSD,M1: modify #41063689 sell 0.01 EURUSD at 1.13356 sl: 1.13796 tp: 1.11896 ok
2	09:17:30.711	EA31337 EURUSD,M1: modify #41063767 sell 0.01 EURUSD at 1.13358 sl: 1.13786 tp: 1.11873 ok
2	09:17:31.067	EA31337 EURUSD,M1: modify #41064038 sell 0.01 EURUSD at 1.13349 sl: 1.13774 tp: 1.11873 ok
2	09:17:31.262	EA31337 EURUSD,M1: modify #41064315 sell 0.01 EURUSD at 1.13371 sl: 1.13800 tp: 1.11873 ok
2	09:17:31.523	EA31337 EURUSD,M1: modify #41065420 sell 0.01 EURUSD at 1.13552 sl: 1.13977 tp: 1.11873 ok
2	09:17:31.684	EA31337 EURUSD,M1: modify #41065630 sell 0.01 EURUSD at 1.13547 sl: 1.13972 tp: 1.11873 ok
2	09:17:31.943	EA31337 EURUSD,M1: modify #41065797 sell 0.01 EURUSD at 1.13497 sl: 1.13922 tp: 1.11873 ok
2	09:17:32.271	EA31337 EURUSD,M1: modify #41066067 sell 0.01 EURUSD at 1.13465 sl: 1.13889 tp: 1.11873 ok
2	09:17:32.758	EA31337 EURUSD,M1: modify #41085795 sell 0.01 EURUSD at 1.13389 sl: 1.13812 tp: 1.11872 ok
2	09:17:33.150	EA31337 EURUSD,M1: modify #41085997 sell 0.01 EURUSD at 1.13393 sl: 1.13815 tp: 1.11872 ok
2	09:17:33.572	EA31337 EURUSD,M1: modify #41088642 sell 0.01 EURUSD at 1.13642 sl: 1.14064 tp: 1.11872 ok
2	09:17:33.897	EA31337 EURUSD,M1: modify #41089034 sell 0.01 EURUSD at 1.13640 sl: 1.14046 tp: 1.11873 ok
2	09:17:34.161	EA31337 EURUSD,M1: modify #41090759 sell 0.01 EURUSD at 1.13599 sl: 1.14022 tp: 1.11871 ok
2	09:17:34.583	EA31337 EURUSD,M1: modify #41091172 sell 0.01 EURUSD at 1.13506 sl: 1.13935 tp: 1.11872 ok
0	09:18:06.080	EA31337 EURUSD,M1: ExecuteOrder(): MarketInfo: Symbol: EURUSD; Ask: 1.12335; Bid: 1.12315; Spread: 20 points = 2 pips; 
2	09:18:07.517	EA31337 EURUSD,M1: open #41236444 buy 0.01 EURUSD at 1.12335 sl: 1.11915 tp: 1.12779 ok
0	09:18:07.517	EA31337 EURUSD,M1: #41236444 2015.09.16 09:17:59 buy 0.01 EURUSD 1.12335 1.11915 1.12779 1.12315 0.00 0.00 -0.20 | spread: 2.0 31350
0	09:18:07.517	EA31337 EURUSD,M1: ExecuteOrder(): Order Details: Ticket: 41236444; Time: 2015.09.16 09:17:54; Comment: | spread: 2.0; Commision: 0; Symbol: EURUSD; Type: Buy; Expiration: 0; Open Price: 1.12335; Close Price: 1.12315; Take Profit: -0.2; Stop Loss: 1.1192; Swap: 0; Lot size: 0.01; Account Details: Time: 2015.09.16 09:17:54; Account Balance: $3264.38; Account Equity: $3477.75; Used Margin: $300.00; Free Margin: $3177.75; No of Orders: 30 (BUY/SELL: 12/18); Risk Ratio: 0.9
0	09:18:53.031	EA31337 EURUSD,M1: OpenOrderIsAllowed(): Maximum open and pending orders reached the limit (MaxOrders).
0	09:18:53.876	EA31337 EURUSD,M1: OpenOrderIsAllowed(): Maximum open and pending orders reached the limit (MaxOrders).
0	09:18:53.941	EA31337 EURUSD,M1: OpenOrderIsAllowed(): Maximum open and pending orders reached the limit (MaxOrders).
0	09:20:02.032	EA31337 EURUSD,M1: OpenOrderIsAllowed(): Maximum open and pending orders reached the limit (MaxOrders).
0	09:20:50.773	EA31337 EURUSD,M1: OpenOrderIsAllowed(): Maximum open and pending orders reached the limit (MaxOrders).
0	09:21:11.548	EA31337 EURUSD,M1: OpenOrderIsAllowed(): Maximum open and pending orders reached the limit (MaxOrders).
0	09:21:11.548	EA31337 EURUSD,M1: OpenOrderIsAllowed(): Maximum open and pending orders reached the limit (MaxOrders).
2	09:21:13.305	EA31337 EURUSD,M1: modify #41063403 sell 0.01 EURUSD at 1.13352 sl: 1.13784 tp: 1.11853 ok
2	09:21:13.697	EA31337 EURUSD,M1: modify #41063465 sell 0.01 EURUSD at 1.13343 sl: 1.13771 tp: 1.11853 ok
2	09:21:13.957	EA31337 EURUSD,M1: modify #41063509 sell 0.01 EURUSD at 1.13341 sl: 1.13768 tp: 1.11853 ok
2	09:21:14.545	EA31337 EURUSD,M1: modify #41063767 sell 0.01 EURUSD at 1.13358 sl: 1.13786 tp: 1.11853 ok
2	09:21:14.805	EA31337 EURUSD,M1: modify #41064038 sell 0.01 EURUSD at 1.13349 sl: 1.13774 tp: 1.11853 ok
2	09:21:15.231	EA31337 EURUSD,M1: modify #41064315 sell 0.01 EURUSD at 1.13371 sl: 1.13800 tp: 1.11852 ok
2	09:21:15.689	EA31337 EURUSD,M1: modify #41065420 sell 0.01 EURUSD at 1.13552 sl: 1.13977 tp: 1.11852 ok
2	09:21:16.143	EA31337 EURUSD,M1: modify #41065630 sell 0.01 EURUSD at 1.13547 sl: 1.13972 tp: 1.11852 ok
2	09:21:16.375	EA31337 EURUSD,M1: modify #41065797 sell 0.01 EURUSD at 1.13497 sl: 1.13922 tp: 1.11852 ok
2	09:21:16.829	EA31337 EURUSD,M1: modify #41066067 sell 0.01 EURUSD at 1.13465 sl: 1.13889 tp: 1.11852 ok
2	09:21:17.255	EA31337 EURUSD,M1: modify #41085795 sell 0.01 EURUSD at 1.13389 sl: 1.13812 tp: 1.11852 ok
2	09:21:17.617	EA31337 EURUSD,M1: modify #41085997 sell 0.01 EURUSD at 1.13393 sl: 1.13815 tp: 1.11854 ok
2	09:21:17.844	EA31337 EURUSD,M1: modify #41088642 sell 0.01 EURUSD at 1.13642 sl: 1.14064 tp: 1.11854 ok
2	09:21:18.432	EA31337 EURUSD,M1: modify #41089034 sell 0.01 EURUSD at 1.13640 sl: 1.14046 tp: 1.11854 ok
2	09:21:18.696	EA31337 EURUSD,M1: modify #41090759 sell 0.01 EURUSD at 1.13599 sl: 1.14022 tp: 1.11852 ok
2	09:21:19.055	EA31337 EURUSD,M1: modify #41091172 sell 0.01 EURUSD at 1.13506 sl: 1.13935 tp: 1.11854 ok
2	09:21:19.445	EA31337 EURUSD,M1: modify #41236444 buy 0.01 EURUSD at 1.12335 sl: 1.11915 tp: 1.12800 ok
0	09:22:14.089	EA31337 EURUSD,M1: OpenOrderIsAllowed(): Maximum open and pending orders reached the limit (MaxOrders).
0	09:22:14.547	EA31337 EURUSD,M1: OpenOrderIsAllowed(): Maximum open and pending orders reached the limit (MaxOrders).
0	09:22:46.648	EA31337 EURUSD,M1: OpenOrderIsAllowed(): Maximum open and pending orders reached the limit (MaxOrders).
2	09:22:46.945	EA31337 EURUSD,M1: modify #41063403 sell 0.01 EURUSD at 1.13352 sl: 1.13784 tp: 1.11842 ok
2	09:22:47.336	EA31337 EURUSD,M1: modify #41063465 sell 0.01 EURUSD at 1.13343 sl: 1.13771 tp: 1.11842 ok
2	09:22:47.626	EA31337 EURUSD,M1: modify #41063509 sell 0.01 EURUSD at 1.13341 sl: 1.13768 tp: 1.11844 ok
2	09:22:48.055	EA31337 EURUSD,M1: modify #41063767 sell 0.01 EURUSD at 1.13358 sl: 1.13786 tp: 1.11844 ok
2	09:22:48.608	EA31337 EURUSD,M1: modify #41064038 sell 0.01 EURUSD at 1.13349 sl: 1.13774 tp: 1.11844 ok
2	09:22:49.294	EA31337 EURUSD,M1: modify #41064315 sell 0.01 EURUSD at 1.13371 sl: 1.13800 tp: 1.11844 ok
2	09:22:49.883	EA31337 EURUSD,M1: modify #41065420 sell 0.01 EURUSD at 1.13552 sl: 1.13977 tp: 1.11844 ok
2	09:22:50.370	EA31337 EURUSD,M1: modify #41065630 sell 0.01 EURUSD at 1.13547 sl: 1.13972 tp: 1.11844 ok
2	09:22:50.861	EA31337 EURUSD,M1: modify #41065797 sell 0.01 EURUSD at 1.13497 sl: 1.13922 tp: 1.11845 ok
2	09:22:51.514	EA31337 EURUSD,M1: modify #41066067 sell 0.01 EURUSD at 1.13465 sl: 1.13889 tp: 1.11845 ok
2	09:22:51.839	EA31337 EURUSD,M1: modify #41085795 sell 0.01 EURUSD at 1.13389 sl: 1.13812 tp: 1.11845 ok
2	09:22:52.066	EA31337 EURUSD,M1: modify #41085997 sell 0.01 EURUSD at 1.13393 sl: 1.13815 tp: 1.11845 ok
2	09:22:52.488	EA31337 EURUSD,M1: modify #41088642 sell 0.01 EURUSD at 1.13642 sl: 1.14064 tp: 1.11847 ok
2	09:22:52.817	EA31337 EURUSD,M1: modify #41089034 sell 0.01 EURUSD at 1.13640 sl: 1.14046 tp: 1.11846 ok
2	09:22:53.434	EA31337 EURUSD,M1: modify #41090759 sell 0.01 EURUSD at 1.13599 sl: 1.14022 tp: 1.11847 ok
2	09:22:53.893	EA31337 EURUSD,M1: modify #41091172 sell 0.01 EURUSD at 1.13506 sl: 1.13935 tp: 1.11845 ok
0	09:23:21.368	EA31337 EURUSD,M1: OpenOrderIsAllowed(): MACD M1: Maximum open and pending orders per type reached the limit (MaxOrdersPerType).
0	09:23:21.368	EA31337 EURUSD,M1: ExecuteOrder(): MarketInfo: Symbol: EURUSD; Ask: 1.12313; Bid: 1.12292; Spread: 21 points = 2.1 pips; 
2	09:23:21.790	EA31337 EURUSD,M1: open #41236783 buy 0.01 EURUSD at 1.12314 sl: 1.11892 tp: 1.12753 ok
0	09:23:21.790	EA31337 EURUSD,M1: #41236783 2015.09.16 09:23:13 buy 0.01 EURUSD 1.12314 1.11892 1.12753 1.12295 0.00 0.00 -0.19 | spread: 2.1 31429
0	09:23:21.790	EA31337 EURUSD,M1: ExecuteOrder(): Order Details: Ticket: 41236783; Time: 2015.09.16 09:23:13; Comment: | spread: 2.1; Commision: 0; Symbol: EURUSD; Type: Buy; Expiration: 0; Open Price: 1.12314; Close Price: 1.12295; Take Profit: -0.19; Stop Loss: 1.1189; Swap: 0; Lot size: 0.01; Account Details: Time: 2015.09.16 09:23:13; Account Balance: $3260.11; Account Equity: $3478.69; Used Margin: $300.00; Free Margin: $3178.69; No of Orders: 30 (BUY/SELL: 12/18); Risk Ratio: 0.9
0	09:23:21.790	EA31337 EURUSD,M1: OpenOrderIsAllowed(): Maximum open and pending orders reached the limit (MaxOrders).
0	09:23:21.790	EA31337 EURUSD,M1: OpenOrderIsAllowed(): Maximum open and pending orders reached the limit (MaxOrders).
2	09:23:22.212	EA31337 EURUSD,M1: modify #41236783 buy 0.01 EURUSD at 1.12314 sl: 1.11892 tp: 1.12754 ok
0	09:24:11.227	EA31337 EURUSD,M1: OpenOrderIsAllowed(): Maximum open and pending orders reached the limit (MaxOrders).
0	09:24:11.227	EA31337 EURUSD,M1: OpenOrderIsAllowed(): Maximum open and pending orders reached the limit (MaxOrders).
0	09:24:11.227	EA31337 EURUSD,M1: OpenOrderIsAllowed(): Maximum open and pending orders reached the limit (MaxOrders).
0	09:24:11.227	EA31337 EURUSD,M1: OpenOrderIsAllowed(): Maximum open and pending orders reached the limit (MaxOrders).
2	09:24:11.779	EA31337 EURUSD,M1: modify #41065797 sell 0.01 EURUSD at 1.13497 sl: 1.13922 tp: 1.11844 ok
2	09:24:12.266	EA31337 EURUSD,M1: modify #41066067 sell 0.01 EURUSD at 1.13465 sl: 1.13889 tp: 1.11844 ok
2	09:24:12.461	EA31337 EURUSD,M1: modify #41085795 sell 0.01 EURUSD at 1.13389 sl: 1.13812 tp: 1.11844 ok
2	09:24:12.785	EA31337 EURUSD,M1: modify #41085997 sell 0.01 EURUSD at 1.13393 sl: 1.13815 tp: 1.11844 ok
2	09:24:13.180	EA31337 EURUSD,M1: modify #41088642 sell 0.01 EURUSD at 1.13642 sl: 1.14064 tp: 1.11844 ok
2	09:24:14.058	EA31337 EURUSD,M1: modify #41089034 sell 0.01 EURUSD at 1.13640 sl: 1.14046 tp: 1.11844 ok
2	09:24:14.512	EA31337 EURUSD,M1: modify #41090759 sell 0.01 EURUSD at 1.13599 sl: 1.14022 tp: 1.11844 ok
2	09:24:14.906	EA31337 EURUSD,M1: modify #41091172 sell 0.01 EURUSD at 1.13506 sl: 1.13935 tp: 1.11843 ok
0	09:25:18.858	EA31337 EURUSD,M1: OpenOrderIsAllowed(): Maximum open and pending orders reached the limit (MaxOrders).
0	09:25:18.858	EA31337 EURUSD,M1: OpenOrderIsAllowed(): Maximum open and pending orders reached the limit (MaxOrders).
0	09:25:18.858	EA31337 EURUSD,M1: OpenOrderIsAllowed(): Maximum open and pending orders reached the limit (MaxOrders).
0	09:25:18.858	EA31337 EURUSD,M1: OpenOrderIsAllowed(): Maximum open and pending orders reached the limit (MaxOrders).
2	09:25:19.219	EA31337 EURUSD,M1: modify #41236444 buy 0.01 EURUSD at 1.12335 sl: 1.11915 tp: 1.12810 ok
2	09:25:19.511	EA31337 EURUSD,M1: modify #41236783 buy 0.01 EURUSD at 1.12314 sl: 1.11892 tp: 1.12758 ok
0	09:26:23.394	EA31337 EURUSD,M1: OpenOrderIsAllowed(): Maximum open and pending orders reached the limit (MaxOrders).
0	09:26:23.394	EA31337 EURUSD,M1: OpenOrderIsAllowed(): Maximum open and pending orders reached the limit (MaxOrders).
0	09:26:23.394	EA31337 EURUSD,M1: OpenOrderIsAllowed(): Maximum open and pending orders reached the limit (MaxOrders).
0	09:26:23.394	EA31337 EURUSD,M1: OpenOrderIsAllowed(): Maximum open and pending orders reached the limit (MaxOrders).
0	09:27:46.483	EA31337 EURUSD,M1: OpenOrderIsAllowed(): Maximum open and pending orders reached the limit (MaxOrders).
2	09:27:48.961	EA31337 EURUSD,M1: modify #41236783 buy 0.01 EURUSD at 1.12314 sl: 1.11892 tp: 1.12771 ok
0	09:29:54.664	EA31337 EURUSD,M1: OpenOrderIsAllowed(): Maximum open and pending orders reached the limit (MaxOrders).
2	09:30:26.283	EA31337 EURUSD,M1: modify #41236783 buy 0.01 EURUSD at 1.12314 sl: 1.11892 tp: 1.12808 ok
2	09:30:54.169	EA31337 EURUSD,M1: modify #41236444 buy 0.01 EURUSD at 1.12335 sl: 1.11915 tp: 1.12811 ok
2	09:33:54.217	EA31337 EURUSD,M1: modify #41236444 buy 0.01 EURUSD at 1.12335 sl: 1.11915 tp: 1.12812 ok
2	09:33:54.742	EA31337 EURUSD,M1: modify #41236783 buy 0.01 EURUSD at 1.12314 sl: 1.11892 tp: 1.12810 ok
2	09:34:22.451	EA31337 EURUSD,M1: modify #41235909 buy 0.01 EURUSD at 1.12378 sl: 1.11958 tp: 1.12819 ok
2	09:34:23.104	EA31337 EURUSD,M1: modify #41236783 buy 0.01 EURUSD at 1.12314 sl: 1.11892 tp: 1.12819 ok
2	09:34:37.262	EA31337 EURUSD,M1: modify #41235909 buy 0.01 EURUSD at 1.12378 sl: 1.11958 tp: 1.12827 ok
2	09:34:37.587	EA31337 EURUSD,M1: modify #41236783 buy 0.01 EURUSD at 1.12314 sl: 1.11892 tp: 1.12827 ok
2	09:39:13.134	EA31337 EURUSD,M1: modify #41235909 buy 0.01 EURUSD at 1.12378 sl: 1.11958 tp: 1.12829 ok
2	09:39:13.560	EA31337 EURUSD,M1: modify #41236444 buy 0.01 EURUSD at 1.12335 sl: 1.11915 tp: 1.12814 ok
2	09:39:13.884	EA31337 EURUSD,M1: modify #41236783 buy 0.01 EURUSD at 1.12314 sl: 1.11892 tp: 1.12829 ok
2	09:54:28.565	EA31337 EURUSD,M1: modify #41235655 buy 0.01 EURUSD at 1.12387 sl: 1.11966 tp: 1.12846 ok
2	09:54:28.962	EA31337 EURUSD,M1: modify #41235909 buy 0.01 EURUSD at 1.12378 sl: 1.11958 tp: 1.12847 ok
2	09:54:29.415	EA31337 EURUSD,M1: modify #41236783 buy 0.01 EURUSD at 1.12314 sl: 1.11892 tp: 1.12847 ok
2	09:54:34.797	EA31337 EURUSD,M1: modify #41235655 buy 0.01 EURUSD at 1.12387 sl: 1.11966 tp: 1.12853 ok
2	09:54:35.290	EA31337 EURUSD,M1: modify #41235909 buy 0.01 EURUSD at 1.12378 sl: 1.11958 tp: 1.12853 ok
2	09:54:35.580	EA31337 EURUSD,M1: modify #41236783 buy 0.01 EURUSD at 1.12314 sl: 1.11892 tp: 1.12853 ok
0	10:00:30.163	EA31337 EURUSD,M1: == New hour: 10
2	10:04:38.974	EA31337 EURUSD,M1: modify #41228449 sell 0.01 EURUSD at 1.12569 sl: 1.12991 tp: 1.12155 ok
2	10:07:44.817	EA31337 EURUSD,M1: modify #41228449 sell 0.01 EURUSD at 1.12569 sl: 1.12991 tp: 1.12146 ok
2	10:10:08.332	EA31337 EURUSD,M1: modify #41228449 sell 0.01 EURUSD at 1.12569 sl: 1.12991 tp: 1.12144 ok
2	10:11:41.887	EA31337 EURUSD,M1: modify #41228449 sell 0.01 EURUSD at 1.12569 sl: 1.12991 tp: 1.12143 ok
2	10:14:16.451	EA31337 EURUSD,M1: modify #41228449 sell 0.01 EURUSD at 1.12569 sl: 1.12991 tp: 1.12142 ok
2	10:17:30.197	EA31337 EURUSD,M1: modify #41228449 sell 0.01 EURUSD at 1.12569 sl: 1.12991 tp: 1.12137 ok
2	10:20:12.936	EA31337 EURUSD,M1: modify #41228449 sell 0.01 EURUSD at 1.12569 sl: 1.12991 tp: 1.12136 ok
0	10:21:17.029	EA31337 EURUSD,M1: TradeAllowed(): Error: Terminal is not connected!
0	10:22:57.424	EA31337 EURUSD,M1: OpenOrderIsAllowed(): Maximum open and pending orders reached the limit (MaxOrders).
2	10:23:16.671	EA31337 EURUSD,M1: modify #41228449 sell 0.01 EURUSD at 1.12569 sl: 1.12991 tp: 1.12133 ok
2	10:24:47.470	EA31337 EURUSD,M1: modify #41228449 sell 0.01 EURUSD at 1.12569 sl: 1.12991 tp: 1.12132 ok
2	10:49:14.641	EA31337 EURUSD,M1: modify #41063509 sell 0.01 EURUSD at 1.13341 sl: 1.13768 tp: 1.11843 ok
0	10:49:51.270	EA31337 EURUSD,M1: ExecuteOrder(): MarketInfo: Symbol: EURUSD; Ask: 1.12255; Bid: 1.12233; Spread: 22 points = 2.2 pips; 
2	10:49:52.020	EA31337 EURUSD,M1: open #41241145 buy 0.01 EURUSD at 1.12255 sl: 1.11833 tp: 1.12458 ok
0	10:49:52.020	EA31337 EURUSD,M1: #41241145 2015.09.16 10:49:44 buy 0.01 EURUSD 1.12255 1.11833 1.12458 1.12233 0.00 0.00 -0.22 | spread: 2.0 31349
0	10:49:52.020	EA31337 EURUSD,M1: ExecuteOrder(): Order Details: Ticket: 41241145; Time: 2015.09.16 10:49:37; Comment: | spread: 2.0; Commision: 0; Symbol: EURUSD; Type: Buy; Expiration: 0; Open Price: 1.12255; Close Price: 1.12233; Take Profit: -0.22; Stop Loss: 1.1183; Swap: 0; Lot size: 0.01; Account Details: Time: 2015.09.16 10:49:37; Account Balance: $3255.87; Account Equity: $3481.57; Used Margin: $300.00; Free Margin: $3181.57; No of Orders: 30 (BUY/SELL: 12/18); Risk Ratio: 0.9
0	10:50:02.046	EA31337 EURUSD,M1: OpenOrderIsAllowed(): Maximum open and pending orders reached the limit (MaxOrders).
0	10:50:02.046	EA31337 EURUSD,M1: OpenOrderIsAllowed(): Maximum open and pending orders reached the limit (MaxOrders).
0	10:50:02.046	EA31337 EURUSD,M1: OpenOrderIsAllowed(): Maximum open and pending orders reached the limit (MaxOrders).
0	10:50:02.046	EA31337 EURUSD,M1: OpenOrderIsAllowed(): Maximum open and pending orders reached the limit (MaxOrders).
0	10:50:02.046	EA31337 EURUSD,M1: OpenOrderIsAllowed(): Maximum open and pending orders reached the limit (MaxOrders).
0	10:50:02.046	EA31337 EURUSD,M1: OpenOrderIsAllowed(): Maximum open and pending orders reached the limit (MaxOrders).
0	10:50:02.046	EA31337 EURUSD,M1: OpenOrderIsAllowed(): Maximum open and pending orders reached the limit (MaxOrders).
0	10:50:35.670	EA31337 EURUSD,M1: OpenOrderIsAllowed(): Maximum open and pending orders reached the limit (MaxOrders).
0	10:50:51.922	EA31337 EURUSD,M1: OpenOrderIsAllowed(): Maximum open and pending orders reached the limit (MaxOrders).
2	10:50:56.646	EA31337 EURUSD,M1: modify #41063403 sell 0.01 EURUSD at 1.13352 sl: 1.13784 tp: 1.11817 ok
2	10:50:57.068	EA31337 EURUSD,M1: modify #41063465 sell 0.01 EURUSD at 1.13343 sl: 1.13771 tp: 1.11817 ok
2	10:50:57.527	EA31337 EURUSD,M1: modify #41063509 sell 0.01 EURUSD at 1.13341 sl: 1.13768 tp: 1.11817 ok
2	10:50:57.949	EA31337 EURUSD,M1: modify #41063767 sell 0.01 EURUSD at 1.13358 sl: 1.13786 tp: 1.11817 ok
2	10:50:58.111	EA31337 EURUSD,M1: modify #41064038 sell 0.01 EURUSD at 1.13349 sl: 1.13774 tp: 1.11817 ok
2	10:50:58.537	EA31337 EURUSD,M1: modify #41064315 sell 0.01 EURUSD at 1.13371 sl: 1.13800 tp: 1.11817 ok
2	10:50:59.024	EA31337 EURUSD,M1: modify #41065420 sell 0.01 EURUSD at 1.13552 sl: 1.13977 tp: 1.11817 ok
2	10:50:59.483	EA31337 EURUSD,M1: modify #41065630 sell 0.01 EURUSD at 1.13547 sl: 1.13972 tp: 1.11817 ok
2	10:51:00.003	EA31337 EURUSD,M1: modify #41065797 sell 0.01 EURUSD at 1.13497 sl: 1.13922 tp: 1.11817 ok
2	10:51:00.526	EA31337 EURUSD,M1: modify #41066067 sell 0.01 EURUSD at 1.13465 sl: 1.13889 tp: 1.11818 ok
2	10:51:00.949	EA31337 EURUSD,M1: modify #41085795 sell 0.01 EURUSD at 1.13389 sl: 1.13812 tp: 1.11818 ok
2	10:51:01.566	EA31337 EURUSD,M1: modify #41085997 sell 0.01 EURUSD at 1.13393 sl: 1.13815 tp: 1.11818 ok
2	10:51:01.988	EA31337 EURUSD,M1: modify #41088642 sell 0.01 EURUSD at 1.13642 sl: 1.14064 tp: 1.11817 ok
2	10:51:02.507	EA31337 EURUSD,M1: modify #41089034 sell 0.01 EURUSD at 1.13640 sl: 1.14046 tp: 1.11817 ok
2	10:51:02.897	EA31337 EURUSD,M1: modify #41090759 sell 0.01 EURUSD at 1.13599 sl: 1.14022 tp: 1.11817 ok
2	10:51:03.388	EA31337 EURUSD,M1: modify #41091172 sell 0.01 EURUSD at 1.13506 sl: 1.13935 tp: 1.11817 ok
0	10:52:15.105	EA31337 EURUSD,M1: OpenOrderIsAllowed(): Maximum open and pending orders reached the limit (MaxOrders).
0	10:52:40.432	EA31337 EURUSD,M1: OpenOrderIsAllowed(): Maximum open and pending orders reached the limit (MaxOrders).
0	10:53:35.503	EA31337 EURUSD,M1: OpenOrderIsAllowed(): Maximum open and pending orders reached the limit (MaxOrders).
2	10:53:41.950	EA31337 EURUSD,M1: modify #41063403 sell 0.01 EURUSD at 1.13352 sl: 1.13784 tp: 1.11793 ok
2	10:53:42.436	EA31337 EURUSD,M1: modify #41063465 sell 0.01 EURUSD at 1.13343 sl: 1.13771 tp: 1.11792 ok
2	10:53:43.026	EA31337 EURUSD,M1: modify #41063509 sell 0.01 EURUSD at 1.13341 sl: 1.13768 tp: 1.11793 ok
2	10:53:43.510	EA31337 EURUSD,M1: modify #41063767 sell 0.01 EURUSD at 1.13358 sl: 1.13786 tp: 1.11793 ok
2	10:53:43.901	EA31337 EURUSD,M1: modify #41064038 sell 0.01 EURUSD at 1.13349 sl: 1.13774 tp: 1.11792 ok
2	10:53:44.422	EA31337 EURUSD,M1: modify #41064315 sell 0.01 EURUSD at 1.13371 sl: 1.13800 tp: 1.11793 ok
2	10:53:44.876	EA31337 EURUSD,M1: modify #41065420 sell 0.01 EURUSD at 1.13552 sl: 1.13977 tp: 1.11793 ok
2	10:53:45.492	EA31337 EURUSD,M1: modify #41065630 sell 0.01 EURUSD at 1.13547 sl: 1.13972 tp: 1.11792 ok
2	10:53:45.983	EA31337 EURUSD,M1: modify #41065797 sell 0.01 EURUSD at 1.13497 sl: 1.13922 tp: 1.11792 ok
2	10:53:46.405	EA31337 EURUSD,M1: modify #41066067 sell 0.01 EURUSD at 1.13465 sl: 1.13889 tp: 1.11792 ok
2	10:53:46.995	EA31337 EURUSD,M1: modify #41085795 sell 0.01 EURUSD at 1.13389 sl: 1.13812 tp: 1.11792 ok
2	10:53:47.418	EA31337 EURUSD,M1: modify #41085997 sell 0.01 EURUSD at 1.13393 sl: 1.13815 tp: 1.11792 ok
2	10:53:47.936	EA31337 EURUSD,M1: modify #41088642 sell 0.01 EURUSD at 1.13642 sl: 1.14064 tp: 1.11793 ok
2	10:53:48.362	EA31337 EURUSD,M1: modify #41089034 sell 0.01 EURUSD at 1.13640 sl: 1.14046 tp: 1.11792 ok
2	10:53:48.784	EA31337 EURUSD,M1: modify #41090759 sell 0.01 EURUSD at 1.13599 sl: 1.14022 tp: 1.11793 ok
2	10:53:49.276	EA31337 EURUSD,M1: modify #41091172 sell 0.01 EURUSD at 1.13506 sl: 1.13935 tp: 1.11792 ok
2	10:53:49.928	EA31337 EURUSD,M1: modify #41241145 buy 0.01 EURUSD at 1.12255 sl: 1.11833 tp: 1.12471 ok
0	10:55:04.220	EA31337 EURUSD,M1: OpenOrderIsAllowed(): Maximum open and pending orders reached the limit (MaxOrders).
2	10:55:19.859	EA31337 EURUSD,M1: modify #41241145 buy 0.01 EURUSD at 1.12255 sl: 1.11833 tp: 1.12479 ok
2	10:56:46.860	EA31337 EURUSD,M1: modify #41063403 sell 0.01 EURUSD at 1.13352 sl: 1.13784 tp: 1.11775 ok
2	10:56:47.380	EA31337 EURUSD,M1: modify #41063465 sell 0.01 EURUSD at 1.13343 sl: 1.13771 tp: 1.11775 ok
2	10:56:47.834	EA31337 EURUSD,M1: modify #41063509 sell 0.01 EURUSD at 1.13341 sl: 1.13768 tp: 1.11775 ok
2	10:56:48.292	EA31337 EURUSD,M1: modify #41063767 sell 0.01 EURUSD at 1.13358 sl: 1.13786 tp: 1.11774 ok
2	10:56:48.714	EA31337 EURUSD,M1: modify #41064038 sell 0.01 EURUSD at 1.13349 sl: 1.13774 tp: 1.11774 ok
2	10:56:49.497	EA31337 EURUSD,M1: modify #41064315 sell 0.01 EURUSD at 1.13371 sl: 1.13800 tp: 1.11774 ok
2	10:56:50.049	EA31337 EURUSD,M1: modify #41065420 sell 0.01 EURUSD at 1.13552 sl: 1.13977 tp: 1.11774 ok
2	10:56:50.305	EA31337 EURUSD,M1: modify #41065630 sell 0.01 EURUSD at 1.13547 sl: 1.13972 tp: 1.11774 ok
2	10:56:50.633	EA31337 EURUSD,M1: modify #41065797 sell 0.01 EURUSD at 1.13497 sl: 1.13922 tp: 1.11772 ok
2	10:56:51.058	EA31337 EURUSD,M1: modify #41066067 sell 0.01 EURUSD at 1.13465 sl: 1.13889 tp: 1.11773 ok
2	10:56:51.606	EA31337 EURUSD,M1: modify #41085795 sell 0.01 EURUSD at 1.13389 sl: 1.13812 tp: 1.11773 ok
2	10:56:51.999	EA31337 EURUSD,M1: modify #41085997 sell 0.01 EURUSD at 1.13393 sl: 1.13815 tp: 1.11773 ok
2	10:56:52.421	EA31337 EURUSD,M1: modify #41088642 sell 0.01 EURUSD at 1.13642 sl: 1.14064 tp: 1.11773 ok
2	10:56:52.782	EA31337 EURUSD,M1: modify #41089034 sell 0.01 EURUSD at 1.13640 sl: 1.14046 tp: 1.11773 ok
2	10:56:53.269	EA31337 EURUSD,M1: modify #41090759 sell 0.01 EURUSD at 1.13599 sl: 1.14022 tp: 1.11772 ok
2	10:56:53.630	EA31337 EURUSD,M1: modify #41091172 sell 0.01 EURUSD at 1.13506 sl: 1.13935 tp: 1.11772 ok
2	10:56:54.121	EA31337 EURUSD,M1: modify #41241145 buy 0.01 EURUSD at 1.12255 sl: 1.11833 tp: 1.12484 ok
2	10:58:53.280	EA31337 EURUSD,M1: modify #41063403 sell 0.01 EURUSD at 1.13352 sl: 1.13784 tp: 1.11744 ok
2	10:58:53.638	EA31337 EURUSD,M1: modify #41063465 sell 0.01 EURUSD at 1.13343 sl: 1.13771 tp: 1.11743 ok
2	10:58:54.161	EA31337 EURUSD,M1: modify #41063509 sell 0.01 EURUSD at 1.13341 sl: 1.13768 tp: 1.11743 ok
2	10:58:54.620	EA31337 EURUSD,M1: modify #41063767 sell 0.01 EURUSD at 1.13358 sl: 1.13786 tp: 1.11743 ok
2	10:58:55.042	EA31337 EURUSD,M1: modify #41064038 sell 0.01 EURUSD at 1.13349 sl: 1.13774 tp: 1.11743 ok
2	10:58:55.501	EA31337 EURUSD,M1: modify #41064315 sell 0.01 EURUSD at 1.13371 sl: 1.13800 tp: 1.11743 ok
2	10:58:55.858	EA31337 EURUSD,M1: modify #41065420 sell 0.01 EURUSD at 1.13552 sl: 1.13977 tp: 1.11743 ok
2	10:58:56.284	EA31337 EURUSD,M1: modify #41065630 sell 0.01 EURUSD at 1.13547 sl: 1.13972 tp: 1.11743 ok
2	10:58:56.645	EA31337 EURUSD,M1: modify #41065797 sell 0.01 EURUSD at 1.13497 sl: 1.13922 tp: 1.11741 ok
2	10:58:57.169	EA31337 EURUSD,M1: modify #41066067 sell 0.01 EURUSD at 1.13465 sl: 1.13889 tp: 1.11742 ok
2	10:58:57.887	EA31337 EURUSD,M1: modify #41085795 sell 0.01 EURUSD at 1.13389 sl: 1.13812 tp: 1.11744 ok
2	10:58:58.346	EA31337 EURUSD,M1: modify #41085997 sell 0.01 EURUSD at 1.13393 sl: 1.13815 tp: 1.11743 ok
2	10:58:58.735	EA31337 EURUSD,M1: modify #41088642 sell 0.01 EURUSD at 1.13642 sl: 1.14064 tp: 1.11743 ok
2	10:58:59.161	EA31337 EURUSD,M1: modify #41089034 sell 0.01 EURUSD at 1.13640 sl: 1.14046 tp: 1.11743 ok
2	10:58:59.648	EA31337 EURUSD,M1: modify #41090759 sell 0.01 EURUSD at 1.13599 sl: 1.14022 tp: 1.11746 ok
2	10:59:00.199	EA31337 EURUSD,M1: modify #41091172 sell 0.01 EURUSD at 1.13506 sl: 1.13935 tp: 1.11743 ok
2	10:59:00.528	EA31337 EURUSD,M1: modify #41241145 buy 0.01 EURUSD at 1.12255 sl: 1.11833 tp: 1.12490 ok
2	11:01:51.553	EA31337 EURUSD,M1: modify #41063403 sell 0.01 EURUSD at 1.13352 sl: 1.13784 tp: 1.11716 ok
2	11:01:51.943	EA31337 EURUSD,M1: modify #41063465 sell 0.01 EURUSD at 1.13343 sl: 1.13771 tp: 1.11715 ok
2	11:01:52.300	EA31337 EURUSD,M1: modify #41063509 sell 0.01 EURUSD at 1.13341 sl: 1.13768 tp: 1.11715 ok
2	11:01:52.722	EA31337 EURUSD,M1: modify #41063767 sell 0.01 EURUSD at 1.13358 sl: 1.13786 tp: 1.11715 ok
2	11:01:53.277	EA31337 EURUSD,M1: modify #41064038 sell 0.01 EURUSD at 1.13349 sl: 1.13774 tp: 1.11715 ok
2	11:01:53.833	EA31337 EURUSD,M1: modify #41064315 sell 0.01 EURUSD at 1.13371 sl: 1.13800 tp: 1.11715 ok
2	11:01:54.093	EA31337 EURUSD,M1: modify #41065420 sell 0.01 EURUSD at 1.13552 sl: 1.13977 tp: 1.11715 ok
2	11:01:54.515	EA31337 EURUSD,M1: modify #41065630 sell 0.01 EURUSD at 1.13547 sl: 1.13972 tp: 1.11714 ok
2	11:01:55.006	EA31337 EURUSD,M1: modify #41065797 sell 0.01 EURUSD at 1.13497 sl: 1.13922 tp: 1.11714 ok
2	11:01:55.915	EA31337 EURUSD,M1: modify #41066067 sell 0.01 EURUSD at 1.13465 sl: 1.13889 tp: 1.11717 ok
2	11:01:56.471	EA31337 EURUSD,M1: modify #41085795 sell 0.01 EURUSD at 1.13389 sl: 1.13812 tp: 1.11715 ok
2	11:01:57.770	EA31337 EURUSD,M1: modify #41085997 sell 0.01 EURUSD at 1.13393 sl: 1.13815 tp: 1.11715 ok
2	11:01:58.224	EA31337 EURUSD,M1: modify #41088642 sell 0.01 EURUSD at 1.13642 sl: 1.14064 tp: 1.11715 ok
2	11:01:58.618	EA31337 EURUSD,M1: modify #41089034 sell 0.01 EURUSD at 1.13640 sl: 1.14046 tp: 1.11715 ok
2	11:01:59.011	EA31337 EURUSD,M1: modify #41090759 sell 0.01 EURUSD at 1.13599 sl: 1.14022 tp: 1.11715 ok
2	11:01:59.527	EA31337 EURUSD,M1: modify #41091172 sell 0.01 EURUSD at 1.13506 sl: 1.13935 tp: 1.11715 ok
2	11:02:00.083	EA31337 EURUSD,M1: modify #41241145 buy 0.01 EURUSD at 1.12255 sl: 1.11833 tp: 1.12491 ok
0	11:02:05.400	EA31337 EURUSD,M1: == New hour: 11
2	11:07:27.244	EA31337 EURUSD,M1: modify #41063403 sell 0.01 EURUSD at 1.13352 sl: 1.13784 tp: 1.11715 ok
2	11:07:27.735	EA31337 EURUSD,M1: modify #41063689 sell 0.01 EURUSD at 1.13356 sl: 1.13796 tp: 1.11882 ok
2	11:07:28.290	EA31337 EURUSD,M1: modify #41066067 sell 0.01 EURUSD at 1.13465 sl: 1.13889 tp: 1.11715 ok
2	11:10:52.672	EA31337 EURUSD,M1: modify #41063403 sell 0.01 EURUSD at 1.13352 sl: 1.13784 tp: 1.11697 ok
2	11:10:53.715	EA31337 EURUSD,M1: modify #41063465 sell 0.01 EURUSD at 1.13343 sl: 1.13771 tp: 1.11697 ok
2	11:10:54.142	EA31337 EURUSD,M1: modify #41063509 sell 0.01 EURUSD at 1.13341 sl: 1.13768 tp: 1.11697 ok
2	11:10:54.601	EA31337 EURUSD,M1: modify #41063767 sell 0.01 EURUSD at 1.13358 sl: 1.13786 tp: 1.11697 ok
2	11:10:54.990	EA31337 EURUSD,M1: modify #41064038 sell 0.01 EURUSD at 1.13349 sl: 1.13774 tp: 1.11696 ok
2	11:10:55.380	EA31337 EURUSD,M1: modify #41064315 sell 0.01 EURUSD at 1.13371 sl: 1.13800 tp: 1.11697 ok
2	11:10:55.808	EA31337 EURUSD,M1: modify #41065420 sell 0.01 EURUSD at 1.13552 sl: 1.13977 tp: 1.11697 ok
2	11:11:01.452	EA31337 EURUSD,M1: modify #41065630 sell 0.01 EURUSD at 1.13547 sl: 1.13972 tp: 1.11697 ok
2	11:11:01.906	EA31337 EURUSD,M1: modify #41065797 sell 0.01 EURUSD at 1.13497 sl: 1.13922 tp: 1.11696 ok
2	11:11:02.462	EA31337 EURUSD,M1: modify #41066067 sell 0.01 EURUSD at 1.13465 sl: 1.13889 tp: 1.11697 ok
2	11:11:02.852	EA31337 EURUSD,M1: modify #41085795 sell 0.01 EURUSD at 1.13389 sl: 1.13812 tp: 1.11697 ok
2	11:11:03.277	EA31337 EURUSD,M1: modify #41085997 sell 0.01 EURUSD at 1.13393 sl: 1.13815 tp: 1.11697 ok
2	11:11:03.732	EA31337 EURUSD,M1: modify #41088642 sell 0.01 EURUSD at 1.13642 sl: 1.14064 tp: 1.11696 ok
2	11:11:04.288	EA31337 EURUSD,M1: modify #41089034 sell 0.01 EURUSD at 1.13640 sl: 1.14046 tp: 1.11696 ok
2	11:11:04.645	EA31337 EURUSD,M1: modify #41090759 sell 0.01 EURUSD at 1.13599 sl: 1.14022 tp: 1.11697 ok
2	11:11:05.034	EA31337 EURUSD,M1: modify #41091172 sell 0.01 EURUSD at 1.13506 sl: 1.13935 tp: 1.11698 ok
2	11:15:57.765	EA31337 EURUSD,M1: modify #41228449 sell 0.01 EURUSD at 1.12569 sl: 1.12991 tp: 1.12113 ok
2	11:16:50.572	EA31337 EURUSD,M1: modify #41228449 sell 0.01 EURUSD at 1.12569 sl: 1.12991 tp: 1.12112 ok
2	11:21:21.949	EA31337 EURUSD,M1: modify #41228449 sell 0.01 EURUSD at 1.12569 sl: 1.12991 tp: 1.12104 ok
2	11:23:32.544	EA31337 EURUSD,M1: modify #41228449 sell 0.01 EURUSD at 1.12569 sl: 1.12991 tp: 1.12102 ok
2	11:25:16.491	EA31337 EURUSD,M1: modify #41228449 sell 0.01 EURUSD at 1.12569 sl: 1.12991 tp: 1.12099 ok
2	11:25:28.722	EA31337 EURUSD,M1: modify #41228449 sell 0.01 EURUSD at 1.12569 sl: 1.12991 tp: 1.12086 ok
2	11:32:47.461	EA31337 EURUSD,M1: modify #41228449 sell 0.01 EURUSD at 1.12569 sl: 1.12991 tp: 1.12081 ok
2	11:33:50.283	EA31337 EURUSD,M1: modify #41228449 sell 0.01 EURUSD at 1.12569 sl: 1.12991 tp: 1.12080 ok
2	11:37:38.656	EA31337 EURUSD,M1: modify #41228449 sell 0.01 EURUSD at 1.12569 sl: 1.12991 tp: 1.12076 ok
2	11:39:30.939	EA31337 EURUSD,M1: modify #41228449 sell 0.01 EURUSD at 1.12569 sl: 1.12991 tp: 1.12071 ok
2	11:41:53.649	EA31337 EURUSD,M1: modify #41228449 sell 0.01 EURUSD at 1.12569 sl: 1.12991 tp: 1.12062 ok
2	11:52:56.241	EA31337 EURUSD,M1: modify #41228449 sell 0.01 EURUSD at 1.12569 sl: 1.12991 tp: 1.12059 ok
2	11:56:17.872	EA31337 EURUSD,M1: modify #41228449 sell 0.01 EURUSD at 1.12569 sl: 1.12991 tp: 1.12057 ok
0	12:04:17.452	EA31337 EURUSD,M1: == New hour: 12
2	12:04:59.628	EA31337 EURUSD,M1: modify #41228449 sell 0.01 EURUSD at 1.12569 sl: 1.12991 tp: 1.12056 ok
2	12:12:00.337	EA31337 EURUSD,M1: modify #41228449 sell 0.01 EURUSD at 1.12569 sl: 1.12991 tp: 1.12055 ok
0	12:16:21.138	EA31337 EURUSD,M1: OpenOrderIsAllowed(): Maximum open and pending orders reached the limit (MaxOrders).
0	12:31:05.060	EA31337 EURUSD,M1: OpenOrderIsAllowed(): MACD M1: Maximum open and pending orders per type reached the limit (MaxOrdersPerType).
0	12:31:05.060	EA31337 EURUSD,M1: ExecuteOrder(): MarketInfo: Symbol: EURUSD; Ask: 1.12378; Bid: 1.12357; Spread: 21 points = 2.1 pips; 
2	12:31:05.583	EA31337 EURUSD,M1: open #41247405 buy 0.01 EURUSD at 1.12380 sl: 1.11957 tp: 1.12818 ok
0	12:31:05.583	EA31337 EURUSD,M1: #41247405 2015.09.16 12:30:57 buy 0.01 EURUSD 1.12380 1.11957 1.12818 1.12357 0.00 0.00 -0.23 | spread: 2.1 31410
0	12:31:05.583	EA31337 EURUSD,M1: ExecuteOrder(): Order Details: Ticket: 41247405; Time: 2015.09.16 12:30:41; Comment: | spread: 2.1; Commision: 0; Symbol: EURUSD; Type: Buy; Expiration: 0; Open Price: 1.12380; Close Price: 1.12357; Take Profit: -0.23; Stop Loss: 1.1196; Swap: 0; Lot size: 0.01; Account Details: Time: 2015.09.16 12:30:41; Account Balance: $3258.23; Account Equity: $3475.06; Used Margin: $300.00; Free Margin: $3175.06; No of Orders: 30 (BUY/SELL: 12/18); Risk Ratio: 0.9
0	12:31:05.583	EA31337 EURUSD,M1: OpenOrderIsAllowed(): Maximum open and pending orders reached the limit (MaxOrders).
0	12:31:20.343	EA31337 EURUSD,M1: OpenOrderIsAllowed(): Maximum open and pending orders reached the limit (MaxOrders).
0	12:31:20.343	EA31337 EURUSD,M1: OpenOrderIsAllowed(): Maximum open and pending orders reached the limit (MaxOrders).
0	12:31:20.343	EA31337 EURUSD,M1: OpenOrderIsAllowed(): Maximum open and pending orders reached the limit (MaxOrders).
2	12:31:21.060	EA31337 EURUSD,M1: modify #41228449 sell 0.01 EURUSD at 1.12569 sl: 1.12991 tp: 1.12045 ok
0	12:32:33.443	EA31337 EURUSD,M1: OpenOrderIsAllowed(): Maximum open and pending orders reached the limit (MaxOrders).
0	12:32:33.443	EA31337 EURUSD,M1: OpenOrderIsAllowed(): Maximum open and pending orders reached the limit (MaxOrders).
0	12:32:33.443	EA31337 EURUSD,M1: OpenOrderIsAllowed(): Maximum open and pending orders reached the limit (MaxOrders).
0	12:33:02.816	EA31337 EURUSD,M1: OpenOrderIsAllowed(): Maximum open and pending orders reached the limit (MaxOrders).
0	12:33:02.816	EA31337 EURUSD,M1: OpenOrderIsAllowed(): Maximum open and pending orders reached the limit (MaxOrders).
0	12:33:02.816	EA31337 EURUSD,M1: OpenOrderIsAllowed(): Maximum open and pending orders reached the limit (MaxOrders).
2	12:33:23.415	EA31337 EURUSD,M1: modify #41235316 buy 0.01 EURUSD at 1.12402 sl: 1.11982 tp: 1.12895 ok
2	12:33:23.938	EA31337 EURUSD,M1: modify #41235655 buy 0.01 EURUSD at 1.12387 sl: 1.11966 tp: 1.12895 ok
2	12:33:24.295	EA31337 EURUSD,M1: modify #41235909 buy 0.01 EURUSD at 1.12378 sl: 1.11958 tp: 1.12895 ok
2	12:33:24.781	EA31337 EURUSD,M1: modify #41236783 buy 0.01 EURUSD at 1.12314 sl: 1.11892 tp: 1.12895 ok
2	12:33:25.110	EA31337 EURUSD,M1: modify #41247405 buy 0.01 EURUSD at 1.12380 sl: 1.11957 tp: 1.12895 ok
0	12:34:22.400	EA31337 EURUSD,M1: OpenOrderIsAllowed(): Maximum open and pending orders reached the limit (MaxOrders).
0	12:34:22.400	EA31337 EURUSD,M1: OpenOrderIsAllowed(): Maximum open and pending orders reached the limit (MaxOrders).
0	12:34:22.404	EA31337 EURUSD,M1: OpenOrderIsAllowed(): Maximum open and pending orders reached the limit (MaxOrders).
0	12:34:22.534	EA31337 EURUSD,M1: OpenOrderIsAllowed(): Maximum open and pending orders reached the limit (MaxOrders).
0	12:34:44.536	EA31337 EURUSD,M1: OpenOrderIsAllowed(): Maximum open and pending orders reached the limit (MaxOrders).
0	12:34:44.536	EA31337 EURUSD,M1: OpenOrderIsAllowed(): Maximum open and pending orders reached the limit (MaxOrders).
0	12:34:44.536	EA31337 EURUSD,M1: OpenOrderIsAllowed(): Maximum open and pending orders reached the limit (MaxOrders).
2	12:35:04.282	EA31337 EURUSD,M1: modify #41235316 buy 0.01 EURUSD at 1.12402 sl: 1.11982 tp: 1.12997 ok
2	12:35:04.736	EA31337 EURUSD,M1: modify #41235655 buy 0.01 EURUSD at 1.12387 sl: 1.11966 tp: 1.12999 ok
2	12:35:05.162	EA31337 EURUSD,M1: modify #41235909 buy 0.01 EURUSD at 1.12378 sl: 1.11958 tp: 1.12998 ok
2	12:35:05.648	EA31337 EURUSD,M1: modify #41236783 buy 0.01 EURUSD at 1.12314 sl: 1.11892 tp: 1.13000 ok
2	12:35:05.944	EA31337 EURUSD,M1: modify #41247405 buy 0.01 EURUSD at 1.12380 sl: 1.11957 tp: 1.12999 ok
0	12:35:20.842	EA31337 EURUSD,M1: OpenOrderIsAllowed(): Maximum open and pending orders reached the limit (MaxOrders).
2	12:35:36.286	EA31337 EURUSD,M1: modify #41228449 sell 0.01 EURUSD at 1.12569 sl: 1.12991 tp: 1.12002 ok
2	12:35:36.805	EA31337 EURUSD,M1: modify #41235316 buy 0.01 EURUSD at 1.12402 sl: 1.11982 tp: 1.13055 ok
2	12:35:37.162	EA31337 EURUSD,M1: modify #41235655 buy 0.01 EURUSD at 1.12387 sl: 1.11966 tp: 1.13054 ok
2	12:35:38.143	EA31337 EURUSD,M1: modify #41235909 buy 0.01 EURUSD at 1.12378 sl: 1.11958 tp: 1.13054 ok
2	12:35:38.468	EA31337 EURUSD,M1: modify #41236783 buy 0.01 EURUSD at 1.12314 sl: 1.11892 tp: 1.13052 ok
2	12:35:38.922	EA31337 EURUSD,M1: modify #41247405 buy 0.01 EURUSD at 1.12380 sl: 1.11957 tp: 1.13052 ok
2	12:37:13.829	EA31337 EURUSD,M1: modify #41228449 sell 0.01 EURUSD at 1.12569 sl: 1.12991 tp: 1.11998 ok
2	12:41:10.535	EA31337 EURUSD,M1: modify #41235316 buy 0.01 EURUSD at 1.12402 sl: 1.11982 tp: 1.13086 ok
2	12:41:11.217	EA31337 EURUSD,M1: modify #41235655 buy 0.01 EURUSD at 1.12387 sl: 1.11966 tp: 1.13087 ok
2	12:41:11.476	EA31337 EURUSD,M1: modify #41235909 buy 0.01 EURUSD at 1.12378 sl: 1.11958 tp: 1.13084 ok
2	12:41:12.324	EA31337 EURUSD,M1: modify #41236783 buy 0.01 EURUSD at 1.12314 sl: 1.11892 tp: 1.13086 ok
2	12:41:12.551	EA31337 EURUSD,M1: modify #41247405 buy 0.01 EURUSD at 1.12380 sl: 1.11957 tp: 1.13086 ok
2	12:43:27.286	EA31337 EURUSD,M1: modify #41228449 sell 0.01 EURUSD at 1.12569 sl: 1.12991 tp: 1.11969 ok
2	12:47:35.798	EA31337 EURUSD,M1: modify #41228449 sell 0.01 EURUSD at 1.12569 sl: 1.12991 tp: 1.11951 ok
2	12:53:04.910	EA31337 EURUSD,M1: modify #41228449 sell 0.01 EURUSD at 1.12569 sl: 1.12991 tp: 1.11934 ok
2	12:53:51.249	EA31337 EURUSD,M1: modify #41235909 buy 0.01 EURUSD at 1.12378 sl: 1.11958 tp: 1.13085 ok
2	12:55:43.840	EA31337 EURUSD,M1: modify #41228449 sell 0.01 EURUSD at 1.12569 sl: 1.12991 tp: 1.11909 ok
2	12:55:44.330	EA31337 EURUSD,M1: modify #41235316 buy 0.01 EURUSD at 1.12402 sl: 1.11982 tp: 1.13114 ok
2	12:55:44.724	EA31337 EURUSD,M1: modify #41235655 buy 0.01 EURUSD at 1.12387 sl: 1.11966 tp: 1.13114 ok
2	12:55:45.146	EA31337 EURUSD,M1: modify #41235909 buy 0.01 EURUSD at 1.12378 sl: 1.11958 tp: 1.13114 ok
2	12:55:45.633	EA31337 EURUSD,M1: modify #41236783 buy 0.01 EURUSD at 1.12314 sl: 1.11892 tp: 1.13114 ok
2	12:55:46.061	EA31337 EURUSD,M1: modify #41247405 buy 0.01 EURUSD at 1.12380 sl: 1.11957 tp: 1.13112 ok
2	12:57:24.311	EA31337 EURUSD,M1: modify #41228449 sell 0.01 EURUSD at 1.12569 sl: 1.12991 tp: 1.11906 ok
2	12:57:24.704	EA31337 EURUSD,M1: modify #41235316 buy 0.01 EURUSD at 1.12402 sl: 1.11982 tp: 1.13135 ok
2	12:57:25.227	EA31337 EURUSD,M1: modify #41235655 buy 0.01 EURUSD at 1.12387 sl: 1.11966 tp: 1.13135 ok
2	12:57:25.815	EA31337 EURUSD,M1: modify #41235909 buy 0.01 EURUSD at 1.12378 sl: 1.11958 tp: 1.13135 ok
2	12:57:26.334	EA31337 EURUSD,M1: modify #41236783 buy 0.01 EURUSD at 1.12314 sl: 1.11892 tp: 1.13135 ok
2	12:57:26.827	EA31337 EURUSD,M1: modify #41247405 buy 0.01 EURUSD at 1.12380 sl: 1.11957 tp: 1.13137 ok
2	12:59:13.631	EA31337 EURUSD,M1: modify #41228449 sell 0.01 EURUSD at 1.12569 sl: 1.12991 tp: 1.11904 ok
2	12:59:14.124	EA31337 EURUSD,M1: modify #41235316 buy 0.01 EURUSD at 1.12402 sl: 1.11982 tp: 1.13162 ok
2	12:59:14.447	EA31337 EURUSD,M1: modify #41235655 buy 0.01 EURUSD at 1.12387 sl: 1.11966 tp: 1.13162 ok
2	12:59:15.160	EA31337 EURUSD,M1: modify #41235909 buy 0.01 EURUSD at 1.12378 sl: 1.11958 tp: 1.13163 ok
2	12:59:15.651	EA31337 EURUSD,M1: modify #41236783 buy 0.01 EURUSD at 1.12314 sl: 1.11892 tp: 1.13162 ok
2	12:59:16.173	EA31337 EURUSD,M1: modify #41247405 buy 0.01 EURUSD at 1.12380 sl: 1.11957 tp: 1.13162 ok
0	13:01:21.761	EA31337 EURUSD,M1: == New hour: 13
2	13:02:36.583	EA31337 EURUSD,M1: modify #41228449 sell 0.01 EURUSD at 1.12569 sl: 1.12991 tp: 1.11890 ok
2	13:02:53.486	EA31337 EURUSD,M1: modify #41228449 sell 0.01 EURUSD at 1.12569 sl: 1.12991 tp: 1.11889 ok
2	13:05:33.454	EA31337 EURUSD,M1: modify #41235316 buy 0.01 EURUSD at 1.12402 sl: 1.11982 tp: 1.13204 ok
2	13:05:33.941	EA31337 EURUSD,M1: modify #41235655 buy 0.01 EURUSD at 1.12387 sl: 1.11966 tp: 1.13205 ok
2	13:05:34.367	EA31337 EURUSD,M1: modify #41235909 buy 0.01 EURUSD at 1.12378 sl: 1.11958 tp: 1.13204 ok
2	13:05:34.923	EA31337 EURUSD,M1: modify #41236783 buy 0.01 EURUSD at 1.12314 sl: 1.11892 tp: 1.13205 ok
2	13:05:35.377	EA31337 EURUSD,M1: modify #41247405 buy 0.01 EURUSD at 1.12380 sl: 1.11957 tp: 1.13205 ok
2	13:09:16.212	EA31337 EURUSD,M1: modify #41228449 sell 0.01 EURUSD at 1.12569 sl: 1.12991 tp: 1.11880 ok
2	13:09:16.832	EA31337 EURUSD,M1: modify #41236444 buy 0.01 EURUSD at 1.12335 sl: 1.11915 tp: 1.12820 ok
2	13:13:28.303	EA31337 EURUSD,M1: modify #41228449 sell 0.01 EURUSD at 1.12569 sl: 1.12991 tp: 1.11877 ok
2	13:13:28.664	EA31337 EURUSD,M1: modify #41236444 buy 0.01 EURUSD at 1.12335 sl: 1.11915 tp: 1.12864 ok
2	13:16:30.930	EA31337 EURUSD,M1: modify #41228449 sell 0.01 EURUSD at 1.12569 sl: 1.12991 tp: 1.11875 ok
2	13:16:31.454	EA31337 EURUSD,M1: modify #41235316 buy 0.01 EURUSD at 1.12402 sl: 1.11982 tp: 1.13243 ok
2	13:16:31.880	EA31337 EURUSD,M1: modify #41235655 buy 0.01 EURUSD at 1.12387 sl: 1.11966 tp: 1.13243 ok
2	13:16:32.533	EA31337 EURUSD,M1: modify #41235909 buy 0.01 EURUSD at 1.12378 sl: 1.11958 tp: 1.13244 ok
2	13:16:32.922	EA31337 EURUSD,M1: modify #41236444 buy 0.01 EURUSD at 1.12335 sl: 1.11915 tp: 1.12866 ok
2	13:16:33.445	EA31337 EURUSD,M1: modify #41236783 buy 0.01 EURUSD at 1.12314 sl: 1.11892 tp: 1.13242 ok
2	13:16:33.964	EA31337 EURUSD,M1: modify #41247405 buy 0.01 EURUSD at 1.12380 sl: 1.11957 tp: 1.13242 ok
2	13:20:40.843	EA31337 EURUSD,M1: modify #41236444 buy 0.01 EURUSD at 1.12335 sl: 1.11915 tp: 1.12910 ok
2	13:23:03.768	EA31337 EURUSD,M1: modify #41236444 buy 0.01 EURUSD at 1.12335 sl: 1.11915 tp: 1.12950 ok
2	13:26:26.997	EA31337 EURUSD,M1: modify #41236444 buy 0.01 EURUSD at 1.12335 sl: 1.11915 tp: 1.12973 ok
2	13:28:57.391	EA31337 EURUSD,M1: modify #41236444 buy 0.01 EURUSD at 1.12335 sl: 1.11915 tp: 1.12975 ok
2	13:33:37.082	EA31337 EURUSD,M1: modify #41236444 buy 0.01 EURUSD at 1.12335 sl: 1.11915 tp: 1.12998 ok
2	13:36:24.234	EA31337 EURUSD,M1: modify #41236444 buy 0.01 EURUSD at 1.12335 sl: 1.11915 tp: 1.13012 ok
2	13:42:12.464	EA31337 EURUSD,M1: modify #41236444 buy 0.01 EURUSD at 1.12335 sl: 1.11915 tp: 1.13028 ok
2	13:49:06.667	EA31337 EURUSD,M1: modify #41236444 buy 0.01 EURUSD at 1.12335 sl: 1.11915 tp: 1.13041 ok
2	13:52:36.378	EA31337 EURUSD,M1: modify #41236444 buy 0.01 EURUSD at 1.12335 sl: 1.11915 tp: 1.13055 ok
2	13:57:11.374	EA31337 EURUSD,M1: modify #41236444 buy 0.01 EURUSD at 1.12335 sl: 1.11915 tp: 1.13062 ok
2	13:59:13.598	EA31337 EURUSD,M1: modify #41236444 buy 0.01 EURUSD at 1.12335 sl: 1.11915 tp: 1.13064 ok
2	14:01:16.283	EA31337 EURUSD,M1: modify #41235316 buy 0.01 EURUSD at 1.12402 sl: 1.11982 tp: 1.13306 ok
2	14:01:16.741	EA31337 EURUSD,M1: modify #41235655 buy 0.01 EURUSD at 1.12387 sl: 1.11966 tp: 1.13304 ok
2	14:01:17.131	EA31337 EURUSD,M1: modify #41235909 buy 0.01 EURUSD at 1.12378 sl: 1.11958 tp: 1.13303 ok
2	14:01:17.683	EA31337 EURUSD,M1: modify #41236444 buy 0.01 EURUSD at 1.12335 sl: 1.11915 tp: 1.13071 ok
2	14:01:18.141	EA31337 EURUSD,M1: modify #41236783 buy 0.01 EURUSD at 1.12314 sl: 1.11892 tp: 1.13306 ok
2	14:01:18.563	EA31337 EURUSD,M1: modify #41247405 buy 0.01 EURUSD at 1.12380 sl: 1.11957 tp: 1.13307 ok
0	14:01:29.849	EA31337 EURUSD,M1: == New hour: 14
2	14:02:13.494	EA31337 EURUSD,M1: modify #41235316 buy 0.01 EURUSD at 1.12402 sl: 1.11982 tp: 1.13312 ok
2	14:02:14.083	EA31337 EURUSD,M1: modify #41235655 buy 0.01 EURUSD at 1.12387 sl: 1.11966 tp: 1.13312 ok
2	14:02:14.607	EA31337 EURUSD,M1: modify #41235909 buy 0.01 EURUSD at 1.12378 sl: 1.11958 tp: 1.13311 ok
2	14:02:15.063	EA31337 EURUSD,M1: modify #41236444 buy 0.01 EURUSD at 1.12335 sl: 1.11915 tp: 1.13076 ok
2	14:02:15.552	EA31337 EURUSD,M1: modify #41236783 buy 0.01 EURUSD at 1.12314 sl: 1.11892 tp: 1.13311 ok
2	14:02:16.075	EA31337 EURUSD,M1: modify #41247405 buy 0.01 EURUSD at 1.12380 sl: 1.11957 tp: 1.13312 ok
2	14:03:00.120	EA31337 EURUSD,M1: modify #41235316 buy 0.01 EURUSD at 1.12402 sl: 1.11982 tp: 1.13366 ok
2	14:03:00.542	EA31337 EURUSD,M1: modify #41235655 buy 0.01 EURUSD at 1.12387 sl: 1.11966 tp: 1.13366 ok
2	14:03:00.964	EA31337 EURUSD,M1: modify #41235909 buy 0.01 EURUSD at 1.12378 sl: 1.11958 tp: 1.13367 ok
2	14:03:01.451	EA31337 EURUSD,M1: modify #41236444 buy 0.01 EURUSD at 1.12335 sl: 1.11915 tp: 1.13081 ok
2	14:03:01.841	EA31337 EURUSD,M1: modify #41236783 buy 0.01 EURUSD at 1.12314 sl: 1.11892 tp: 1.13368 ok
2	14:03:02.299	EA31337 EURUSD,M1: modify #41247405 buy 0.01 EURUSD at 1.12380 sl: 1.11957 tp: 1.13367 ok
2	14:05:03.744	EA31337 EURUSD,M1: modify #41235316 buy 0.01 EURUSD at 1.12402 sl: 1.11982 tp: 1.13462 ok
2	14:05:04.041	EA31337 EURUSD,M1: modify #41235655 buy 0.01 EURUSD at 1.12387 sl: 1.11966 tp: 1.13463 ok
2	14:05:04.593	EA31337 EURUSD,M1: modify #41235909 buy 0.01 EURUSD at 1.12378 sl: 1.11958 tp: 1.13462 ok
2	14:05:05.051	EA31337 EURUSD,M1: modify #41236444 buy 0.01 EURUSD at 1.12335 sl: 1.11915 tp: 1.13085 ok
2	14:05:05.473	EA31337 EURUSD,M1: modify #41236783 buy 0.01 EURUSD at 1.12314 sl: 1.11892 tp: 1.13461 ok
2	14:05:05.737	EA31337 EURUSD,M1: modify #41247405 buy 0.01 EURUSD at 1.12380 sl: 1.11957 tp: 1.13461 ok
0	14:05:58.426	EA31337 EURUSD,M1: OpenOrderIsAllowed(): DeMarker M1: Maximum open and pending orders per type reached the limit (MaxOrdersPerType).
0	14:05:58.426	EA31337 EURUSD,M1: ExecuteOrder(): MarketInfo: Symbol: EURUSD; Ask: 1.13007; Bid: 1.12984; Spread: 23 points = 2.3 pips; 
2	14:06:03.536	EA31337 EURUSD,M1: open #41254250 sell 0.01 EURUSD at 1.12984 sl: 1.13407 tp: 1.12545 ok
0	14:06:03.536	EA31337 EURUSD,M1: #41254250 2015.09.16 14:05:55 sell 0.01 EURUSD 1.12984 1.13407 1.12545 1.13004 0.00 0.00 -0.20 | spread: 2.1 31382
0	14:06:03.536	EA31337 EURUSD,M1: ExecuteOrder(): Order Details: Ticket: 41254250; Time: 2015.09.16 14:05:06; Comment: | spread: 2.1; Commision: 0; Symbol: EURUSD; Type: Sell; Expiration: 0; Open Price: 1.12984; Close Price: 1.13004; Take Profit: -0.2; Stop Loss: 1.1341; Swap: 0; Lot size: 0.01; Account Details: Time: 2015.09.16 14:05:06; Account Balance: $3254.01; Account Equity: $3437.91; Used Margin: $300.00; Free Margin: $3137.91; No of Orders: 30 (BUY/SELL: 12/18); Risk Ratio: 0.9
0	14:06:03.536	EA31337 EURUSD,M1: OpenOrderIsAllowed(): Maximum open and pending orders reached the limit (MaxOrders).
0	14:06:03.536	EA31337 EURUSD,M1: OpenOrderIsAllowed(): Maximum open and pending orders reached the limit (MaxOrders).
0	14:06:03.569	EA31337 EURUSD,M1: OpenOrderIsAllowed(): Maximum open and pending orders reached the limit (MaxOrders).
0	14:06:57.784	EA31337 EURUSD,M1: OpenOrderIsAllowed(): Maximum open and pending orders reached the limit (MaxOrders).
0	14:06:57.784	EA31337 EURUSD,M1: OpenOrderIsAllowed(): Maximum open and pending orders reached the limit (MaxOrders).
2	14:06:58.438	EA31337 EURUSD,M1: modify #41236444 buy 0.01 EURUSD at 1.12335 sl: 1.11915 tp: 1.13114 ok
2	14:06:58.827	EA31337 EURUSD,M1: modify #41254250 sell 0.01 EURUSD at 1.12984 sl: 1.13407 tp: 1.12514 ok
0	14:07:59.227	EA31337 EURUSD,M1: OpenOrderIsAllowed(): Maximum open and pending orders reached the limit (MaxOrders).
0	14:07:59.227	EA31337 EURUSD,M1: OpenOrderIsAllowed(): Maximum open and pending orders reached the limit (MaxOrders).
0	14:07:59.227	EA31337 EURUSD,M1: OpenOrderIsAllowed(): Maximum open and pending orders reached the limit (MaxOrders).
0	14:07:59.259	EA31337 EURUSD,M1: OpenOrderIsAllowed(): Maximum open and pending orders reached the limit (MaxOrders).
0	14:07:59.259	EA31337 EURUSD,M1: OpenOrderIsAllowed(): Maximum open and pending orders reached the limit (MaxOrders).
0	14:08:00.071	EA31337 EURUSD,M1: OpenOrderIsAllowed(): Maximum open and pending orders reached the limit (MaxOrders).
0	14:08:00.071	EA31337 EURUSD,M1: OpenOrderIsAllowed(): Maximum open and pending orders reached the limit (MaxOrders).
0	14:08:00.266	EA31337 EURUSD,M1: OpenOrderIsAllowed(): Maximum open and pending orders reached the limit (MaxOrders).
0	14:08:00.266	EA31337 EURUSD,M1: OpenOrderIsAllowed(): Maximum open and pending orders reached the limit (MaxOrders).
0	14:08:00.266	EA31337 EURUSD,M1: OpenOrderIsAllowed(): Maximum open and pending orders reached the limit (MaxOrders).
2	14:08:00.757	EA31337 EURUSD,M1: modify #41236444 buy 0.01 EURUSD at 1.12335 sl: 1.11915 tp: 1.13116 ok
0	14:08:55.678	EA31337 EURUSD,M1: OpenOrderIsAllowed(): Maximum open and pending orders reached the limit (MaxOrders).
0	14:08:55.678	EA31337 EURUSD,M1: OpenOrderIsAllowed(): Maximum open and pending orders reached the limit (MaxOrders).
0	14:08:55.678	EA31337 EURUSD,M1: OpenOrderIsAllowed(): Maximum open and pending orders reached the limit (MaxOrders).
0	14:08:55.678	EA31337 EURUSD,M1: OpenOrderIsAllowed(): Maximum open and pending orders reached the limit (MaxOrders).
0	14:08:55.678	EA31337 EURUSD,M1: OpenOrderIsAllowed(): Maximum open and pending orders reached the limit (MaxOrders).
0	14:09:41.516	EA31337 EURUSD,M1: OpenOrderIsAllowed(): Maximum open and pending orders reached the limit (MaxOrders).
0	14:09:41.516	EA31337 EURUSD,M1: OpenOrderIsAllowed(): Maximum open and pending orders reached the limit (MaxOrders).
0	14:09:41.581	EA31337 EURUSD,M1: OpenOrderIsAllowed(): Maximum open and pending orders reached the limit (MaxOrders).
0	14:09:41.743	EA31337 EURUSD,M1: OpenOrderIsAllowed(): Maximum open and pending orders reached the limit (MaxOrders).
0	14:09:41.743	EA31337 EURUSD,M1: OpenOrderIsAllowed(): Maximum open and pending orders reached the limit (MaxOrders).
0	14:09:41.743	EA31337 EURUSD,M1: OpenOrderIsAllowed(): Maximum open and pending orders reached the limit (MaxOrders).
2	14:09:42.331	EA31337 EURUSD,M1: modify #41254250 sell 0.01 EURUSD at 1.12984 sl: 1.13407 tp: 1.12502 ok
0	14:10:15.157	EA31337 EURUSD,M1: OpenOrderIsAllowed(): Maximum open and pending orders reached the limit (MaxOrders).
0	14:11:18.689	EA31337 EURUSD,M1: OpenOrderIsAllowed(): Maximum open and pending orders reached the limit (MaxOrders).
0	14:11:18.689	EA31337 EURUSD,M1: OpenOrderIsAllowed(): Maximum open and pending orders reached the limit (MaxOrders).
0	14:11:18.689	EA31337 EURUSD,M1: OpenOrderIsAllowed(): Maximum open and pending orders reached the limit (MaxOrders).
0	14:11:32.340	EA31337 EURUSD,M1: OpenOrderIsAllowed(): Maximum open and pending orders reached the limit (MaxOrders).
0	14:11:32.340	EA31337 EURUSD,M1: OpenOrderIsAllowed(): Maximum open and pending orders reached the limit (MaxOrders).
0	14:11:32.340	EA31337 EURUSD,M1: OpenOrderIsAllowed(): Maximum open and pending orders reached the limit (MaxOrders).
0	14:11:32.340	EA31337 EURUSD,M1: OpenOrderIsAllowed(): Maximum open and pending orders reached the limit (MaxOrders).
2	14:11:33.156	EA31337 EURUSD,M1: modify #41236444 buy 0.01 EURUSD at 1.12335 sl: 1.11915 tp: 1.13139 ok
0	14:11:48.077	EA31337 EURUSD,M1: OpenOrderIsAllowed(): Maximum open and pending orders reached the limit (MaxOrders).
2	14:12:46.083	EA31337 EURUSD,M1: modify #41236444 buy 0.01 EURUSD at 1.12335 sl: 1.11915 tp: 1.13143 ok
2	14:14:11.736	EA31337 EURUSD,M1: modify #41254250 sell 0.01 EURUSD at 1.12984 sl: 1.13407 tp: 1.12500 ok
2	14:17:49.657	EA31337 EURUSD,M1: modify #41236444 buy 0.01 EURUSD at 1.12335 sl: 1.11915 tp: 1.13151 ok
2	14:21:57.431	EA31337 EURUSD,M1: modify #41236444 buy 0.01 EURUSD at 1.12335 sl: 1.11915 tp: 1.13156 ok
2	14:27:26.247	EA31337 EURUSD,M1: modify #41235316 buy 0.01 EURUSD at 1.12402 sl: 1.11982 tp: 1.13486 ok
2	14:27:26.637	EA31337 EURUSD,M1: modify #41235655 buy 0.01 EURUSD at 1.12387 sl: 1.11966 tp: 1.13488 ok
2	14:27:27.063	EA31337 EURUSD,M1: modify #41235909 buy 0.01 EURUSD at 1.12378 sl: 1.11958 tp: 1.13487 ok
2	14:27:27.456	EA31337 EURUSD,M1: modify #41236444 buy 0.01 EURUSD at 1.12335 sl: 1.11915 tp: 1.13161 ok
2	14:27:28.077	EA31337 EURUSD,M1: modify #41236783 buy 0.01 EURUSD at 1.12314 sl: 1.11892 tp: 1.13487 ok
2	14:27:28.402	EA31337 EURUSD,M1: modify #41247405 buy 0.01 EURUSD at 1.12380 sl: 1.11957 tp: 1.13486 ok
2	14:28:44.149	EA31337 EURUSD,M1: modify #41235316 buy 0.01 EURUSD at 1.12402 sl: 1.11982 tp: 1.13553 ok
2	14:28:44.673	EA31337 EURUSD,M1: modify #41235655 buy 0.01 EURUSD at 1.12387 sl: 1.11966 tp: 1.13553 ok
2	14:28:44.969	EA31337 EURUSD,M1: modify #41235909 buy 0.01 EURUSD at 1.12378 sl: 1.11958 tp: 1.13555 ok
2	14:28:45.390	EA31337 EURUSD,M1: modify #41236783 buy 0.01 EURUSD at 1.12314 sl: 1.11892 tp: 1.13555 ok
2	14:28:45.942	EA31337 EURUSD,M1: modify #41247405 buy 0.01 EURUSD at 1.12380 sl: 1.11957 tp: 1.13557 ok
2	14:30:32.863	EA31337 EURUSD,M1: modify #41236444 buy 0.01 EURUSD at 1.12335 sl: 1.11915 tp: 1.13170 ok
2	14:31:57.255	EA31337 EURUSD,M1: modify #41236444 buy 0.01 EURUSD at 1.12335 sl: 1.11915 tp: 1.13177 ok
2	14:33:11.836	EA31337 EURUSD,M1: modify #41236444 buy 0.01 EURUSD at 1.12335 sl: 1.11915 tp: 1.13178 ok
2	14:38:05.642	EA31337 EURUSD,M1: modify #41236444 buy 0.01 EURUSD at 1.12335 sl: 1.11915 tp: 1.13179 ok
2	14:45:50.252	EA31337 EURUSD,M1: modify #41236444 buy 0.01 EURUSD at 1.12335 sl: 1.11915 tp: 1.13180 ok
2	14:47:52.912	EA31337 EURUSD,M1: modify #41236444 buy 0.01 EURUSD at 1.12335 sl: 1.11915 tp: 1.13202 ok
2	14:49:52.667	EA31337 EURUSD,M1: modify #41236444 buy 0.01 EURUSD at 1.12335 sl: 1.11915 tp: 1.13203 ok
2	14:51:32.988	EA31337 EURUSD,M1: modify #41235316 buy 0.01 EURUSD at 1.12402 sl: 1.11982 tp: 1.13567 ok
2	14:51:33.349	EA31337 EURUSD,M1: modify #41235655 buy 0.01 EURUSD at 1.12387 sl: 1.11966 tp: 1.13567 ok
2	14:51:33.739	EA31337 EURUSD,M1: modify #41235909 buy 0.01 EURUSD at 1.12378 sl: 1.11958 tp: 1.13567 ok
2	14:51:34.161	EA31337 EURUSD,M1: modify #41236444 buy 0.01 EURUSD at 1.12335 sl: 1.11915 tp: 1.13226 ok
2	14:51:34.651	EA31337 EURUSD,M1: modify #41236783 buy 0.01 EURUSD at 1.12314 sl: 1.11892 tp: 1.13567 ok
2	14:51:35.142	EA31337 EURUSD,M1: modify #41247405 buy 0.01 EURUSD at 1.12380 sl: 1.11957 tp: 1.13567 ok
2	14:57:29.071	EA31337 EURUSD,M1: modify #41236444 buy 0.01 EURUSD at 1.12335 sl: 1.11915 tp: 1.13237 ok
2	15:00:47.453	EA31337 EURUSD,M1: modify #41254250 sell 0.01 EURUSD at 1.12984 sl: 1.13407 tp: 1.12499 ok
0	15:01:23.511	EA31337 EURUSD,M1: == New hour: 15
2	15:02:18.636	EA31337 EURUSD,M1: modify #41254250 sell 0.01 EURUSD at 1.12984 sl: 1.13407 tp: 1.12463 ok
2	15:20:34.238	EA31337 EURUSD,M1: modify #41236444 buy 0.01 EURUSD at 1.12335 sl: 1.11915 tp: 1.13244 ok
2	15:24:52.373	EA31337 EURUSD,M1: modify #41236444 buy 0.01 EURUSD at 1.12335 sl: 1.11915 tp: 1.13245 ok
2	15:26:39.093	EA31337 EURUSD,M1: modify #41236444 buy 0.01 EURUSD at 1.12335 sl: 1.11915 tp: 1.13246 ok
2	15:31:26.370	EA31337 EURUSD,M1: modify #41236444 buy 0.01 EURUSD at 1.12335 sl: 1.11915 tp: 1.13247 ok
2	15:36:30.366	EA31337 EURUSD,M1: modify #41236444 buy 0.01 EURUSD at 1.12335 sl: 1.11915 tp: 1.13248 ok
2	15:47:41.587	EA31337 EURUSD,M1: modify #41236444 buy 0.01 EURUSD at 1.12335 sl: 1.11915 tp: 1.13249 ok
0	16:00:48.864	EA31337 EURUSD,M1: == New hour: 16
2	16:33:40.150	EA31337 EURUSD,M1: modify #41235316 buy 0.01 EURUSD at 1.12402 sl: 1.11982 tp: 1.13636 ok
2	16:33:40.572	EA31337 EURUSD,M1: modify #41235655 buy 0.01 EURUSD at 1.12387 sl: 1.11966 tp: 1.13634 ok
2	16:33:40.900	EA31337 EURUSD,M1: modify #41235909 buy 0.01 EURUSD at 1.12378 sl: 1.11958 tp: 1.13635 ok
2	16:33:41.456	EA31337 EURUSD,M1: modify #41236783 buy 0.01 EURUSD at 1.12314 sl: 1.11892 tp: 1.13635 ok
2	16:33:41.944	EA31337 EURUSD,M1: modify #41247405 buy 0.01 EURUSD at 1.12380 sl: 1.11957 tp: 1.13637 ok
0	16:37:03.184	EA31337 EURUSD,M1: OpenOrderIsAllowed(): Maximum open and pending orders reached the limit (MaxOrders).
0	17:01:08.364	EA31337 EURUSD,M1: == New hour: 17
0	17:42:43.606	EA31337 EURUSD,M1: OpenOrderIsAllowed(): Maximum open and pending orders reached the limit (MaxOrders).
0	18:01:17.300	EA31337 EURUSD,M1: == New hour: 18
2	18:39:26.275	EA31337 EURUSD,M1: modify #41236444 buy 0.01 EURUSD at 1.12335 sl: 1.11915 tp: 1.13250 ok
2	18:39:27.156	EA31337 EURUSD,M1: modify #41254250 sell 0.01 EURUSD at 1.12984 sl: 1.13407 tp: 1.12444 ok
2	18:39:37.338	EA31337 EURUSD,M1: modify #41254250 sell 0.01 EURUSD at 1.12984 sl: 1.13407 tp: 1.12431 ok
2	18:41:28.393	EA31337 EURUSD,M1: modify #41236444 buy 0.01 EURUSD at 1.12335 sl: 1.11915 tp: 1.13251 ok
2	18:46:40.652	EA31337 EURUSD,M1: modify #41254250 sell 0.01 EURUSD at 1.12984 sl: 1.13407 tp: 1.12426 ok
2	18:48:06.311	EA31337 EURUSD,M1: modify #41254250 sell 0.01 EURUSD at 1.12984 sl: 1.13407 tp: 1.12417 ok
2	18:50:55.998	EA31337 EURUSD,M1: modify #41254250 sell 0.01 EURUSD at 1.12984 sl: 1.13407 tp: 1.12412 ok
2	18:52:16.625	EA31337 EURUSD,M1: modify #41254250 sell 0.01 EURUSD at 1.12984 sl: 1.13407 tp: 1.12407 ok
2	18:55:25.371	EA31337 EURUSD,M1: modify #41254250 sell 0.01 EURUSD at 1.12984 sl: 1.13407 tp: 1.12383 ok
2	18:56:36.623	EA31337 EURUSD,M1: modify #41254250 sell 0.01 EURUSD at 1.12984 sl: 1.13407 tp: 1.12375 ok
2	18:57:36.148	EA31337 EURUSD,M1: modify #41254250 sell 0.01 EURUSD at 1.12984 sl: 1.13407 tp: 1.12361 ok
2	18:57:47.457	EA31337 EURUSD,M1: modify #41254250 sell 0.01 EURUSD at 1.12984 sl: 1.13407 tp: 1.12341 ok
2	19:01:34.584	EA31337 EURUSD,M1: modify #41254250 sell 0.01 EURUSD at 1.12984 sl: 1.13407 tp: 1.12307 ok
0	19:04:18.041	EA31337 EURUSD,M1: == New hour: 19
0	20:08:01.910	EA31337 EURUSD,M1: == New hour: 20
0	21:00:09.908	EA31337 EURUSD,M1: == New hour: 21
0	21:01:36.913	EA31337 EURUSD,M1: OpenOrderIsAllowed(): Maximum open and pending orders reached the limit (MaxOrders).
0	22:06:27.891	EA31337 EURUSD,M1: == New hour: 22
0	23:11:30.308	EA31337 EURUSD,M1: == New hour: 23
