0	21:00:20.127	EA31337 EURUSD,M1: == New hour: 21
0	21:00:20.189	EA31337 EURUSD,M1: == New day (day of month: 16; day of year: 228) ==
0	21:00:20.189	EA31337 EURUSD,M1: Daily max: Tick: 3.7; Spread: 56; Max orders: 30; Loss: 0; Profit: 0; Equity: 2449.22; Balance: 2175.08; 
0	21:00:20.189	EA31337 EURUSD,M1: == New week ==
0	21:00:20.189	EA31337 EURUSD,M1: Weekly max: Tick: 6; Spread: 69; Max orders: 30; Loss: 0; Profit: 0; Equity: 2499.86; Balance: 2307.47; 
0	21:00:20.189	EA31337 EURUSD,M1: Weekly SAR stats: Period: 0, Buy: 2765 / Sell: 7458; Period: 1, Buy: 2165 / Sell: 5422; Period: 2, Buy: 2059 / Sell: 5752; Period: 3, Buy: 1501 / Sell: 4079; Period: 4, Buy: 0 / Sell: 0; Period: 5, Buy: 0 / Sell: 0; Period: 6, Buy: 0 / Sell: 0; Period: 7, Buy: 0 / Sell: 0; Period: 8, Buy: 0 / Sell: 0; 
0	21:00:20.189	EA31337 EURUSD,M1: Weekly strategy stats: 
0	21:00:20.189	EA31337 EURUSD,M1: Daily SAR stats: Period: 0, Buy: 93 / Sell: 393; Period: 1, Buy: 24 / Sell: 195; Period: 2, Buy: 85 / Sell: 426; Period: 3, Buy: 58 / Sell: 451; Period: 4, Buy: 0 / Sell: 0; Period: 5, Buy: 0 / Sell: 0; Period: 6, Buy: 0 / Sell: 0; Period: 7, Buy: 0 / Sell: 0; Period: 8, Buy: 0 / Sell: 0; 
0	21:00:20.189	EA31337 EURUSD,M1: Daily strategy stats: 
0	21:01:36.455	EA31337 EURUSD,M1: OpenOrderIsAllowed(): Maximum open and pending orders reached the limit (MaxOrders).
0	21:01:37.502	EA31337 EURUSD,M1: OpenOrderIsAllowed(): Maximum open and pending orders reached the limit (MaxOrders).
0	21:01:37.549	EA31337 EURUSD,M1: OpenOrderIsAllowed(): Maximum open and pending orders reached the limit (MaxOrders).
0	21:01:38.330	EA31337 EURUSD,M1: OpenOrderIsAllowed(): Maximum open and pending orders reached the limit (MaxOrders).
0	21:01:38.361	EA31337 EURUSD,M1: ActionExecute(): Account Details: Time: 2015.08.16 21:01:33; Account Balance: $2166.63; Account Equity: $2357.10; Used Margin: $300.00; Free Margin: $2057.10; No of Orders: 30 (BUY/SELL: 20/10); Risk Ratio: 0.9Stats: Alligator M1: 3%, Alligator M30: 3%, Bands M1: 6%, Bands M15: 6%, Bands M30: 3%, DeMarker M1: 6%, DeMarker M5: 6%, DeMarker M15: 3%, Envelopes M1: 3%, Envelopes M5: 6%, Envelopes M15: 6%, MA M1: 6%, MA M15: 3%, MA M30: 3%, MACD M1: 6%, MACD M5: 6%, MACD M15: 3%, MACD M30: 3%, SAR M5: 6%, SAR M15: 3%, SAR M30: 3%, WPR M5: 3%, 
Open Orders: 30 +20/-10 [0.30 lots] (other: 0)
0	21:02:19.127	EA31337 EURUSD,M1: OpenOrderIsAllowed(): Maximum open and pending orders reached the limit (MaxOrders).
0	21:02:19.127	EA31337 EURUSD,M1: OpenOrderIsAllowed(): Maximum open and pending orders reached the limit (MaxOrders).
0	21:02:19.127	EA31337 EURUSD,M1: OpenOrderIsAllowed(): Maximum open and pending orders reached the limit (MaxOrders).
0	21:02:19.127	EA31337 EURUSD,M1: OpenOrderIsAllowed(): Maximum open and pending orders reached the limit (MaxOrders).
0	21:02:19.127	EA31337 EURUSD,M1: OpenOrderIsAllowed(): Maximum open and pending orders reached the limit (MaxOrders).
0	21:02:19.127	EA31337 EURUSD,M1: OpenOrderIsAllowed(): Maximum open and pending orders reached the limit (MaxOrders).
0	21:02:19.127	EA31337 EURUSD,M1: ActionExecute(): Account Details: Time: 2015.08.16 21:02:16; Account Balance: $2166.63; Account Equity: $2352.20; Used Margin: $300.00; Free Margin: $2052.20; No of Orders: 30 (BUY/SELL: 20/10); Risk Ratio: 0.9Stats: Alligator M1: 3%, Alligator M30: 3%, Bands M1: 6%, Bands M15: 6%, Bands M30: 3%, DeMarker M1: 6%, DeMarker M5: 6%, DeMarker M15: 3%, Envelopes M1: 3%, Envelopes M5: 6%, Envelopes M15: 6%, MA M1: 6%, MA M15: 3%, MA M30: 3%, MACD M1: 6%, MACD M5: 6%, MACD M15: 3%, MACD M30: 3%, SAR M5: 6%, SAR M15: 3%, SAR M30: 3%, WPR M5: 3%, 
Open Orders: 30 +20/-10 [0.30 lots] (other: 0)
0	21:06:09.205	EA31337 EURUSD,M1: OpenOrderIsAllowed(): Maximum open and pending orders reached the limit (MaxOrders).
0	21:06:09.205	EA31337 EURUSD,M1: OpenOrderIsAllowed(): Maximum open and pending orders reached the limit (MaxOrders).
0	21:06:09.205	EA31337 EURUSD,M1: OpenOrderIsAllowed(): Maximum open and pending orders reached the limit (MaxOrders).
0	21:06:09.205	EA31337 EURUSD,M1: OpenOrderIsAllowed(): Maximum open and pending orders reached the limit (MaxOrders).
0	21:06:09.236	EA31337 EURUSD,M1: ActionExecute(): Account Details: Time: 2015.08.16 21:06:06; Account Balance: $2166.63; Account Equity: $2357.70; Used Margin: $300.00; Free Margin: $2057.70; No of Orders: 30 (BUY/SELL: 20/10); Risk Ratio: 0.9Stats: Alligator M1: 3%, Alligator M30: 3%, Bands M1: 6%, Bands M15: 6%, Bands M30: 3%, DeMarker M1: 6%, DeMarker M5: 6%, DeMarker M15: 3%, Envelopes M1: 3%, Envelopes M5: 6%, Envelopes M15: 6%, MA M1: 6%, MA M15: 3%, MA M30: 3%, MACD M1: 6%, MACD M5: 6%, MACD M15: 3%, MACD M30: 3%, SAR M5: 6%, SAR M15: 3%, SAR M30: 3%, WPR M5: 3%, 
Open Orders: 30 +20/-10 [0.30 lots] (other: 0)
0	21:07:53.533	EA31337 EURUSD,M1: OpenOrderIsAllowed(): Maximum open and pending orders reached the limit (MaxOrders).
0	21:07:53.533	EA31337 EURUSD,M1: OpenOrderIsAllowed(): Maximum open and pending orders reached the limit (MaxOrders).
0	21:07:53.533	EA31337 EURUSD,M1: OpenOrderIsAllowed(): Maximum open and pending orders reached the limit (MaxOrders).
0	21:07:53.549	EA31337 EURUSD,M1: ActionExecute(): Account Details: Time: 2015.08.16 21:07:51; Account Balance: $2166.63; Account Equity: $2357.90; Used Margin: $300.00; Free Margin: $2057.90; No of Orders: 30 (BUY/SELL: 20/10); Risk Ratio: 0.9Stats: Alligator M1: 3%, Alligator M30: 3%, Bands M1: 6%, Bands M15: 6%, Bands M30: 3%, DeMarker M1: 6%, DeMarker M5: 6%, DeMarker M15: 3%, Envelopes M1: 3%, Envelopes M5: 6%, Envelopes M15: 6%, MA M1: 6%, MA M15: 3%, MA M30: 3%, MACD M1: 6%, MACD M5: 6%, MACD M15: 3%, MACD M30: 3%, SAR M5: 6%, SAR M15: 3%, SAR M30: 3%, WPR M5: 3%, 
Open Orders: 30 +20/-10 [0.30 lots] (other: 0)
0	21:14:11.580	EA31337 EURUSD,M1: OpenOrderIsAllowed(): Maximum open and pending orders reached the limit (MaxOrders).
0	21:18:01.831	EA31337 EURUSD,M1: OpenOrderIsAllowed(): Maximum open and pending orders reached the limit (MaxOrders).
0	21:18:01.831	EA31337 EURUSD,M1: OpenOrderIsAllowed(): Maximum open and pending orders reached the limit (MaxOrders).
0	21:18:01.831	EA31337 EURUSD,M1: OpenOrderIsAllowed(): Maximum open and pending orders reached the limit (MaxOrders).
0	21:20:10.768	EA31337 EURUSD,M1: OpenOrderIsAllowed(): Maximum open and pending orders reached the limit (MaxOrders).
0	21:20:10.768	EA31337 EURUSD,M1: OpenOrderIsAllowed(): Maximum open and pending orders reached the limit (MaxOrders).
0	21:20:10.768	EA31337 EURUSD,M1: OpenOrderIsAllowed(): Maximum open and pending orders reached the limit (MaxOrders).
0	21:20:10.768	EA31337 EURUSD,M1: ActionExecute(): Account Details: Time: 2015.08.16 21:20:08; Account Balance: $2166.63; Account Equity: $2350.30; Used Margin: $300.00; Free Margin: $2050.30; No of Orders: 30 (BUY/SELL: 20/10); Risk Ratio: 0.9Stats: Alligator M1: 3%, Alligator M30: 3%, Bands M1: 6%, Bands M15: 6%, Bands M30: 3%, DeMarker M1: 6%, DeMarker M5: 6%, DeMarker M15: 3%, Envelopes M1: 3%, Envelopes M5: 6%, Envelopes M15: 6%, MA M1: 6%, MA M15: 3%, MA M30: 3%, MACD M1: 6%, MACD M5: 6%, MACD M15: 3%, MACD M30: 3%, SAR M5: 6%, SAR M15: 3%, SAR M30: 3%, WPR M5: 3%, 
Open Orders: 30 +20/-10 [0.30 lots] (other: 0)
0	21:24:27.690	EA31337 EURUSD,M1: OpenOrderIsAllowed(): Maximum open and pending orders reached the limit (MaxOrders).
0	21:24:27.690	EA31337 EURUSD,M1: OpenOrderIsAllowed(): Maximum open and pending orders reached the limit (MaxOrders).
0	21:24:27.690	EA31337 EURUSD,M1: OpenOrderIsAllowed(): Maximum open and pending orders reached the limit (MaxOrders).
0	21:24:27.878	EA31337 EURUSD,M1: ActionExecute(): Account Details: Time: 2015.08.16 21:24:25; Account Balance: $2166.63; Account Equity: $2350.00; Used Margin: $300.00; Free Margin: $2050.00; No of Orders: 30 (BUY/SELL: 20/10); Risk Ratio: 0.9Stats: Alligator M1: 3%, Alligator M30: 3%, Bands M1: 6%, Bands M15: 6%, Bands M30: 3%, DeMarker M1: 6%, DeMarker M5: 6%, DeMarker M15: 3%, Envelopes M1: 3%, Envelopes M5: 6%, Envelopes M15: 6%, MA M1: 6%, MA M15: 3%, MA M30: 3%, MACD M1: 6%, MACD M5: 6%, MACD M15: 3%, MACD M30: 3%, SAR M5: 6%, SAR M15: 3%, SAR M30: 3%, WPR M5: 3%, 
Open Orders: 30 +20/-10 [0.30 lots] (other: 0)
0	21:25:07.737	EA31337 EURUSD,M1: OpenOrderIsAllowed(): Maximum open and pending orders reached the limit (MaxOrders).
0	21:30:08.581	EA31337 EURUSD,M1: OpenOrderIsAllowed(): Maximum open and pending orders reached the limit (MaxOrders).
0	21:30:08.675	EA31337 EURUSD,M1: OpenOrderIsAllowed(): Maximum open and pending orders reached the limit (MaxOrders).
0	21:30:08.690	EA31337 EURUSD,M1: OpenOrderIsAllowed(): Maximum open and pending orders reached the limit (MaxOrders).
0	21:32:10.612	EA31337 EURUSD,M1: OpenOrderIsAllowed(): Maximum open and pending orders reached the limit (MaxOrders).
0	21:32:10.612	EA31337 EURUSD,M1: OpenOrderIsAllowed(): Maximum open and pending orders reached the limit (MaxOrders).
0	21:42:33.519	EA31337 EURUSD,M1: OpenOrderIsAllowed(): Maximum open and pending orders reached the limit (MaxOrders).
0	21:44:24.784	EA31337 EURUSD,M1: ActionExecute(): Account Details: Time: 2015.08.16 21:44:22; Account Balance: $2166.63; Account Equity: $2357.40; Used Margin: $300.00; Free Margin: $2057.40; No of Orders: 30 (BUY/SELL: 20/10); Risk Ratio: 0.9Stats: Alligator M1: 3%, Alligator M30: 3%, Bands M1: 6%, Bands M15: 6%, Bands M30: 3%, DeMarker M1: 6%, DeMarker M5: 6%, DeMarker M15: 3%, Envelopes M1: 3%, Envelopes M5: 6%, Envelopes M15: 6%, MA M1: 6%, MA M15: 3%, MA M30: 3%, MACD M1: 6%, MACD M5: 6%, MACD M15: 3%, MACD M30: 3%, SAR M5: 6%, SAR M15: 3%, SAR M30: 3%, WPR M5: 3%, 
Open Orders: 30 +20/-10 [0.30 lots] (other: 0)
0	21:45:20.160	EA31337 EURUSD,M1: ActionExecute(): Account Details: Time: 2015.08.16 21:45:17; Account Balance: $2166.63; Account Equity: $2357.40; Used Margin: $300.00; Free Margin: $2057.40; No of Orders: 30 (BUY/SELL: 20/10); Risk Ratio: 0.9Stats: Alligator M1: 3%, Alligator M30: 3%, Bands M1: 6%, Bands M15: 6%, Bands M30: 3%, DeMarker M1: 6%, DeMarker M5: 6%, DeMarker M15: 3%, Envelopes M1: 3%, Envelopes M5: 6%, Envelopes M15: 6%, MA M1: 6%, MA M15: 3%, MA M30: 3%, MACD M1: 6%, MACD M5: 6%, MACD M15: 3%, MACD M30: 3%, SAR M5: 6%, SAR M15: 3%, SAR M30: 3%, WPR M5: 3%, 
Open Orders: 30 +20/-10 [0.30 lots] (other: 0)
0	21:50:19.613	EA31337 EURUSD,M1: OpenOrderIsAllowed(): Maximum open and pending orders reached the limit (MaxOrders).
0	21:50:19.660	EA31337 EURUSD,M1: OpenOrderIsAllowed(): Maximum open and pending orders reached the limit (MaxOrders).
0	21:50:19.660	EA31337 EURUSD,M1: OpenOrderIsAllowed(): Maximum open and pending orders reached the limit (MaxOrders).
0	21:57:10.707	EA31337 EURUSD,M1: OpenOrderIsAllowed(): Maximum open and pending orders reached the limit (MaxOrders).
0	22:00:02.879	EA31337 EURUSD,M1: == New hour: 22
2	22:29:35.426	EA31337 EURUSD,M1: modify #39842208 sell 0.01 EURUSD at 1.11350 sl: 1.11771 tp: 1.10591 ok
2	22:31:53.723	EA31337 EURUSD,M1: modify #39842208 sell 0.01 EURUSD at 1.11350 sl: 1.11771 tp: 1.10590 ok
0	22:40:45.036	EA31337 EURUSD,M1: OpenOrderIsAllowed(): Maximum open and pending orders reached the limit (MaxOrders).
0	23:00:07.881	EA31337 EURUSD,M1: == New hour: 23
2	23:01:11.677	EA31337 EURUSD,M1: modify #39778472 sell 0.01 EURUSD at 1.11581 sl: 1.12003 tp: 1.10581 ok
2	23:01:12.021	EA31337 EURUSD,M1: modify #39842208 sell 0.01 EURUSD at 1.11350 sl: 1.11771 tp: 1.10584 ok
2	23:02:27.349	EA31337 EURUSD,M1: modify #39778472 sell 0.01 EURUSD at 1.11581 sl: 1.12003 tp: 1.10561 ok
2	23:02:27.677	EA31337 EURUSD,M1: modify #39842208 sell 0.01 EURUSD at 1.11350 sl: 1.11771 tp: 1.10560 ok
2	23:06:07.318	EA31337 EURUSD,M1: modify #39778472 sell 0.01 EURUSD at 1.11581 sl: 1.12003 tp: 1.10559 ok
2	23:06:07.631	EA31337 EURUSD,M1: modify #39842208 sell 0.01 EURUSD at 1.11350 sl: 1.11771 tp: 1.10556 ok
2	23:07:23.756	EA31337 EURUSD,M1: modify #39778089 sell 0.01 EURUSD at 1.11629 sl: 1.12046 tp: 1.10524 ok
2	23:07:24.131	EA31337 EURUSD,M1: modify #39778332 sell 0.01 EURUSD at 1.11606 sl: 1.12027 tp: 1.10524 ok
2	23:07:24.553	EA31337 EURUSD,M1: modify #39778472 sell 0.01 EURUSD at 1.11581 sl: 1.12003 tp: 1.10525 ok
2	23:07:24.928	EA31337 EURUSD,M1: modify #39778602 sell 0.01 EURUSD at 1.11557 sl: 1.11979 tp: 1.10525 ok
2	23:07:25.209	EA31337 EURUSD,M1: modify #39779003 sell 0.01 EURUSD at 1.11544 sl: 1.11967 tp: 1.10525 ok
2	23:07:25.521	EA31337 EURUSD,M1: modify #39818967 sell 0.01 EURUSD at 1.11732 sl: 1.12153 tp: 1.10525 ok
2	23:07:25.849	EA31337 EURUSD,M1: modify #39820054 sell 0.01 EURUSD at 1.11814 sl: 1.12235 tp: 1.10525 ok
2	23:07:25.990	EA31337 EURUSD,M1: modify #39820265 sell 0.01 EURUSD at 1.11803 sl: 1.12224 tp: 1.10525 ok
2	23:07:26.334	EA31337 EURUSD,M1: modify #39842208 sell 0.01 EURUSD at 1.11350 sl: 1.11771 tp: 1.10525 ok
0	23:11:36.022	EA31337 EURUSD,M1: OpenOrderIsAllowed(): Maximum open and pending orders reached the limit (MaxOrders).
2	23:11:36.740	EA31337 EURUSD,M1: modify #39778089 sell 0.01 EURUSD at 1.11629 sl: 1.12046 tp: 1.10514 ok
2	23:11:37.147	EA31337 EURUSD,M1: modify #39778332 sell 0.01 EURUSD at 1.11606 sl: 1.12027 tp: 1.10513 ok
2	23:11:37.443	EA31337 EURUSD,M1: modify #39778472 sell 0.01 EURUSD at 1.11581 sl: 1.12003 tp: 1.10513 ok
2	23:11:37.725	EA31337 EURUSD,M1: modify #39778602 sell 0.01 EURUSD at 1.11557 sl: 1.11979 tp: 1.10514 ok
2	23:11:38.053	EA31337 EURUSD,M1: modify #39779003 sell 0.01 EURUSD at 1.11544 sl: 1.11967 tp: 1.10514 ok
2	23:11:38.209	EA31337 EURUSD,M1: modify #39818967 sell 0.01 EURUSD at 1.11732 sl: 1.12153 tp: 1.10513 ok
2	23:11:38.568	EA31337 EURUSD,M1: modify #39820054 sell 0.01 EURUSD at 1.11814 sl: 1.12235 tp: 1.10513 ok
2	23:11:38.865	EA31337 EURUSD,M1: modify #39820265 sell 0.01 EURUSD at 1.11803 sl: 1.12224 tp: 1.10513 ok
2	23:11:39.178	EA31337 EURUSD,M1: modify #39835585 sell 0.01 EURUSD at 1.11125 sl: 1.11526 tp: 1.10882 ok
2	23:11:39.490	EA31337 EURUSD,M1: modify #39842208 sell 0.01 EURUSD at 1.11350 sl: 1.11771 tp: 1.10512 ok
2	23:20:12.756	EA31337 EURUSD,M1: modify #39835585 sell 0.01 EURUSD at 1.11125 sl: 1.11526 tp: 1.10863 ok
0	23:59:24.726	EA31337 EURUSD,M1: OpenOrderIsAllowed(): MACD M1: Maximum open and pending orders per type reached the limit (MaxOrdersPerType).
0	23:59:24.726	EA31337 EURUSD,M1: ExecuteOrder(): MarketInfo: Symbol: EURUSD; Ask: 1.10948; Bid: 1.10925; Spread: 23 points = 2.3 pips; 
2	23:59:25.132	EA31337 EURUSD,M1: open #39853507 buy 0.01 EURUSD at 1.10949 sl: 1.10525 tp: 1.11388 ok
0	23:59:25.132	EA31337 EURUSD,M1: #39853507 2015.08.16 23:59:22 buy 0.01 EURUSD 1.10949 1.10525 1.11388 1.10927 0.00 0.00 -0.22 | spread: 2.2 31410
0	23:59:25.132	EA31337 EURUSD,M1: ExecuteOrder(): Order Details: Ticket: 39853507; Time: 2015.08.16 23:59:21; Comment: | spread: 2.2; Commision: 0; Symbol: EURUSD; Type: Buy; Expiration: 0; Open Price: 1.10949; Close Price: 1.10927; Take Profit: -0.22; Stop Loss: 1.1053; Swap: 0; Lot size: 0.01; Account Details: Time: 2015.08.16 23:59:21; Account Balance: $2162.40; Account Equity: $2337.00; Used Margin: $300.00; Free Margin: $2037.00; No of Orders: 30 (BUY/SELL: 20/10); Risk Ratio: 0.9
0	23:59:25.210	EA31337 EURUSD,M1: OpenOrderIsAllowed(): Maximum open and pending orders reached the limit (MaxOrders).
0	23:59:25.210	EA31337 EURUSD,M1: OpenOrderIsAllowed(): Maximum open and pending orders reached the limit (MaxOrders).
2	23:59:25.679	EA31337 EURUSD,M1: modify #39778089 sell 0.01 EURUSD at 1.11629 sl: 1.12046 tp: 1.10488 ok
2	23:59:25.992	EA31337 EURUSD,M1: modify #39778332 sell 0.01 EURUSD at 1.11606 sl: 1.12027 tp: 1.10488 ok
2	23:59:26.351	EA31337 EURUSD,M1: modify #39778472 sell 0.01 EURUSD at 1.11581 sl: 1.12003 tp: 1.10488 ok
2	23:59:26.585	EA31337 EURUSD,M1: modify #39778602 sell 0.01 EURUSD at 1.11557 sl: 1.11979 tp: 1.10488 ok
2	23:59:26.929	EA31337 EURUSD,M1: modify #39779003 sell 0.01 EURUSD at 1.11544 sl: 1.11967 tp: 1.10488 ok
2	23:59:27.226	EA31337 EURUSD,M1: modify #39818967 sell 0.01 EURUSD at 1.11732 sl: 1.12153 tp: 1.10488 ok
2	23:59:27.570	EA31337 EURUSD,M1: modify #39820054 sell 0.01 EURUSD at 1.11814 sl: 1.12235 tp: 1.10488 ok
2	23:59:27.929	EA31337 EURUSD,M1: modify #39820265 sell 0.01 EURUSD at 1.11803 sl: 1.12224 tp: 1.10488 ok
2	23:59:28.257	EA31337 EURUSD,M1: modify #39835585 sell 0.01 EURUSD at 1.11125 sl: 1.11526 tp: 1.10838 ok
2	23:59:28.585	EA31337 EURUSD,M1: modify #39842208 sell 0.01 EURUSD at 1.11350 sl: 1.11771 tp: 1.10488 ok
2	23:59:28.882	EA31337 EURUSD,M1: modify #39853507 buy 0.01 EURUSD at 1.10949 sl: 1.10525 tp: 1.11391 ok
