0	00:00:16.254	EA31337 EURUSD,M1: == New hour: 0
0	00:00:16.322	EA31337 EURUSD,M1: == New day (day of month: 18; day of year: 352) ==
0	00:00:16.322	EA31337 EURUSD,M1: Daily max: Tick: 4.4; Spread: 51; Max orders: 30; Loss: 0; Profit: 0; Equity: 2490.17; Balance: 2148.86; 
0	00:00:16.322	EA31337 EURUSD,M1: Daily SAR stats: Period: 0, Buy: 111 / Sell: 247; Period: 1, Buy: 38 / Sell: 146; Period: 2, Buy: 78 / Sell: 247; Period: 3, Buy: 45 / Sell: 280; Period: 4, Buy: 0 / Sell: 0; Period: 5, Buy: 0 / Sell: 0; Period: 6, Buy: 0 / Sell: 0; Period: 7, Buy: 0 / Sell: 0; Period: 8, Buy: 0 / Sell: 0; 
0	00:00:16.355	EA31337 EURUSD,M1: Daily strategy stats: 
0	01:02:33.997	EA31337 EURUSD,M1: == New hour: 1
0	02:02:08.442	EA31337 EURUSD,M1: == New hour: 2
0	02:26:56.474	EA31337 EURUSD,M1: OpenOrderIsAllowed(): Maximum open and pending orders reached the limit (MaxOrders).
0	03:01:30.174	EA31337 EURUSD,M1: == New hour: 3
0	04:02:09.383	EA31337 EURUSD,M1: == New hour: 4
2	04:26:35.691	EA31337 EURUSD,M1: modify #44535860 buy 0.01 EURUSD at 1.08138 sl: 1.07716 tp: 1.08951 ok
0	05:00:13.385	EA31337 EURUSD,M1: == New hour: 5
2	05:09:37.260	EA31337 EURUSD,M1: modify #44535860 buy 0.01 EURUSD at 1.08138 sl: 1.07716 tp: 1.08968 ok
2	05:59:00.354	EA31337 EURUSD,M1: modify #44535860 buy 0.01 EURUSD at 1.08138 sl: 1.07716 tp: 1.08973 ok
0	06:00:25.894	EA31337 EURUSD,M1: == New hour: 6
2	06:17:01.966	EA31337 EURUSD,M1: modify #44535860 buy 0.01 EURUSD at 1.08138 sl: 1.07716 tp: 1.08979 ok
2	06:19:19.335	EA31337 EURUSD,M1: modify #44535860 buy 0.01 EURUSD at 1.08138 sl: 1.07716 tp: 1.08982 ok
2	06:22:24.897	EA31337 EURUSD,M1: modify #44535860 buy 0.01 EURUSD at 1.08138 sl: 1.07716 tp: 1.09007 ok
2	06:26:44.440	EA31337 EURUSD,M1: modify #44535860 buy 0.01 EURUSD at 1.08138 sl: 1.07716 tp: 1.09045 ok
0	06:27:13.045	EA31337 EURUSD,M1: ExecuteOrder(): MarketInfo: Symbol: EURUSD; Ask: 1.08598; Bid: 1.08578; Spread: 20 points = 2 pips; 
2	06:27:14.180	EA31337 EURUSD,M1: open #44552046 sell 0.01 EURUSD at 1.08576 sl: 1.08998 tp: 1.08138 ok
0	06:27:14.180	EA31337 EURUSD,M1: #44552046 2015.12.18 06:27:00 sell 0.01 EURUSD 1.08576 1.08998 1.08138 1.08597 0.00 0.00 -0.21 | spread: 2.1 31381
0	06:27:14.180	EA31337 EURUSD,M1: ExecuteOrder(): Order Details: Ticket: 44552046; Time: 2015.12.18 06:26:43; Comment: | spread: 2.1; Commision: 0; Symbol: EURUSD; Type: Sell; Expiration: 0; Open Price: 1.08576; Close Price: 1.08597; Take Profit: -0.21; Stop Loss: 1.09; Swap: 0; Lot size: 0.01; Account Details: Time: 2015.12.18 06:26:43; Account Balance: $2144.62; Account Equity: $2355.24; Used Margin: $300.00; Free Margin: $2055.24; No of Orders: 30 (BUY/SELL: 3/27); Risk Ratio: 1.0
0	06:27:14.180	EA31337 EURUSD,M1: OpenOrderIsAllowed(): Maximum open and pending orders reached the limit (MaxOrders).
0	06:27:14.180	EA31337 EURUSD,M1: OpenOrderIsAllowed(): Maximum open and pending orders reached the limit (MaxOrders).
0	06:27:14.216	EA31337 EURUSD,M1: OpenOrderIsAllowed(): Maximum open and pending orders reached the limit (MaxOrders).
0	06:28:09.049	EA31337 EURUSD,M1: OpenOrderIsAllowed(): Maximum open and pending orders reached the limit (MaxOrders).
0	06:28:09.049	EA31337 EURUSD,M1: OpenOrderIsAllowed(): Maximum open and pending orders reached the limit (MaxOrders).
0	06:28:39.515	EA31337 EURUSD,M1: OpenOrderIsAllowed(): Maximum open and pending orders reached the limit (MaxOrders).
0	06:28:39.515	EA31337 EURUSD,M1: OpenOrderIsAllowed(): Maximum open and pending orders reached the limit (MaxOrders).
0	06:28:53.216	EA31337 EURUSD,M1: OpenOrderIsAllowed(): Maximum open and pending orders reached the limit (MaxOrders).
0	06:28:57.991	EA31337 EURUSD,M1: OpenOrderIsAllowed(): Maximum open and pending orders reached the limit (MaxOrders).
0	06:29:02.302	EA31337 EURUSD,M1: OpenOrderIsAllowed(): Maximum open and pending orders reached the limit (MaxOrders).
0	06:29:02.302	EA31337 EURUSD,M1: OpenOrderIsAllowed(): Maximum open and pending orders reached the limit (MaxOrders).
0	06:29:24.741	EA31337 EURUSD,M1: OpenOrderIsAllowed(): Maximum open and pending orders reached the limit (MaxOrders).
0	06:29:24.741	EA31337 EURUSD,M1: OpenOrderIsAllowed(): Maximum open and pending orders reached the limit (MaxOrders).
0	06:29:24.774	EA31337 EURUSD,M1: OpenOrderIsAllowed(): Maximum open and pending orders reached the limit (MaxOrders).
0	06:29:24.806	EA31337 EURUSD,M1: OpenOrderIsAllowed(): Maximum open and pending orders reached the limit (MaxOrders).
0	06:29:24.968	EA31337 EURUSD,M1: OpenOrderIsAllowed(): Maximum open and pending orders reached the limit (MaxOrders).
0	06:29:56.690	EA31337 EURUSD,M1: OpenOrderIsAllowed(): Maximum open and pending orders reached the limit (MaxOrders).
0	06:29:56.690	EA31337 EURUSD,M1: OpenOrderIsAllowed(): Maximum open and pending orders reached the limit (MaxOrders).
0	06:31:34.781	EA31337 EURUSD,M1: OpenOrderIsAllowed(): Maximum open and pending orders reached the limit (MaxOrders).
0	06:31:34.813	EA31337 EURUSD,M1: OpenOrderIsAllowed(): Maximum open and pending orders reached the limit (MaxOrders).
0	06:31:34.813	EA31337 EURUSD,M1: OpenOrderIsAllowed(): Maximum open and pending orders reached the limit (MaxOrders).
2	06:31:37.813	EA31337 EURUSD,M1: modify #44535860 buy 0.01 EURUSD at 1.08138 sl: 1.07716 tp: 1.09048 ok
0	06:32:57.489	EA31337 EURUSD,M1: OpenOrderIsAllowed(): Maximum open and pending orders reached the limit (MaxOrders).
2	06:34:04.866	EA31337 EURUSD,M1: modify #44552046 sell 0.01 EURUSD at 1.08576 sl: 1.08998 tp: 1.08126 ok
2	06:37:19.982	EA31337 EURUSD,M1: modify #44552046 sell 0.01 EURUSD at 1.08576 sl: 1.08998 tp: 1.08102 ok
2	06:53:31.468	EA31337 EURUSD,M1: modify #44535860 buy 0.01 EURUSD at 1.08138 sl: 1.07716 tp: 1.09057 ok
2	06:56:24.748	EA31337 EURUSD,M1: modify #44535860 buy 0.01 EURUSD at 1.08138 sl: 1.07716 tp: 1.09076 ok
0	06:57:44.344	EA31337 EURUSD,M1: ExecuteOrder(): MarketInfo: Symbol: EURUSD; Ask: 1.08636; Bid: 1.08616; Spread: 20 points = 2 pips; 
2	06:57:46.030	EA31337 EURUSD,M1: open #44553050 buy 0.01 EURUSD at 1.08636 sl: 1.08216 ok
0	06:57:46.030	EA31337 EURUSD,M1: #44553050 2015.12.18 06:57:31 buy 0.01 EURUSD 1.08636 1.08216 0.00000 1.08616 0.00 0.00 -0.20 | spread: 2.0 31350
0	06:57:46.030	EA31337 EURUSD,M1: ExecuteOrder(): Order Details: Ticket: 44553050; Time: 2015.12.18 06:57:21; Comment: | spread: 2.0; Commision: 0; Symbol: EURUSD; Type: Buy; Expiration: 0; Open Price: 1.08636; Close Price: 1.08616; Take Profit: -0.2; Stop Loss: 1.0822; Swap: 0; Lot size: 0.01; Account Details: Time: 2015.12.18 06:57:21; Account Balance: $2140.32; Account Equity: $2345.77; Used Margin: $300.00; Free Margin: $2045.77; No of Orders: 30 (BUY/SELL: 4/26); Risk Ratio: 1.0
0	06:57:56.554	EA31337 EURUSD,M1: OpenOrderIsAllowed(): Maximum open and pending orders reached the limit (MaxOrders).
0	06:57:56.554	EA31337 EURUSD,M1: OpenOrderIsAllowed(): Maximum open and pending orders reached the limit (MaxOrders).
0	06:58:11.810	EA31337 EURUSD,M1: OpenOrderIsAllowed(): Maximum open and pending orders reached the limit (MaxOrders).
0	06:58:11.810	EA31337 EURUSD,M1: OpenOrderIsAllowed(): Maximum open and pending orders reached the limit (MaxOrders).
0	06:58:11.810	EA31337 EURUSD,M1: OpenOrderIsAllowed(): Maximum open and pending orders reached the limit (MaxOrders).
0	06:58:36.363	EA31337 EURUSD,M1: OpenOrderIsAllowed(): Maximum open and pending orders reached the limit (MaxOrders).
0	06:58:36.363	EA31337 EURUSD,M1: OpenOrderIsAllowed(): Maximum open and pending orders reached the limit (MaxOrders).
0	06:58:36.363	EA31337 EURUSD,M1: OpenOrderIsAllowed(): Maximum open and pending orders reached the limit (MaxOrders).
2	06:58:38.427	EA31337 EURUSD,M1: modify #44535860 buy 0.01 EURUSD at 1.08138 sl: 1.07716 tp: 1.09084 ok
2	06:58:39.826	EA31337 EURUSD,M1: modify #44553050 buy 0.01 EURUSD at 1.08636 sl: 1.08216 tp: 1.09023 ok
0	06:59:36.023	EA31337 EURUSD,M1: OpenOrderIsAllowed(): Maximum open and pending orders reached the limit (MaxOrders).
0	06:59:43.609	EA31337 EURUSD,M1: OpenOrderIsAllowed(): Maximum open and pending orders reached the limit (MaxOrders).
0	06:59:43.609	EA31337 EURUSD,M1: OpenOrderIsAllowed(): Maximum open and pending orders reached the limit (MaxOrders).
0	07:00:14.144	EA31337 EURUSD,M1: OpenOrderIsAllowed(): Maximum open and pending orders reached the limit (MaxOrders).
0	07:00:14.242	EA31337 EURUSD,M1: OpenOrderIsAllowed(): Maximum open and pending orders reached the limit (MaxOrders).
0	07:00:14.242	EA31337 EURUSD,M1: OpenOrderIsAllowed(): Maximum open and pending orders reached the limit (MaxOrders).
0	07:00:56.266	EA31337 EURUSD,M1: OpenOrderIsAllowed(): Maximum open and pending orders reached the limit (MaxOrders).
0	07:00:56.266	EA31337 EURUSD,M1: OpenOrderIsAllowed(): Maximum open and pending orders reached the limit (MaxOrders).
0	07:00:56.299	EA31337 EURUSD,M1: OpenOrderIsAllowed(): Maximum open and pending orders reached the limit (MaxOrders).
0	07:00:56.299	EA31337 EURUSD,M1: OpenOrderIsAllowed(): Maximum open and pending orders reached the limit (MaxOrders).
0	07:01:26.911	EA31337 EURUSD,M1: == New hour: 7
0	07:02:16.062	EA31337 EURUSD,M1: OpenOrderIsAllowed(): Maximum open and pending orders reached the limit (MaxOrders).
0	07:02:16.062	EA31337 EURUSD,M1: OpenOrderIsAllowed(): Maximum open and pending orders reached the limit (MaxOrders).
0	07:04:40.147	EA31337 EURUSD,M1: OpenOrderIsAllowed(): Maximum open and pending orders reached the limit (MaxOrders).
0	07:04:40.147	EA31337 EURUSD,M1: OpenOrderIsAllowed(): Maximum open and pending orders reached the limit (MaxOrders).
0	07:04:40.147	EA31337 EURUSD,M1: OpenOrderIsAllowed(): Maximum open and pending orders reached the limit (MaxOrders).
0	07:05:06.969	EA31337 EURUSD,M1: OpenOrderIsAllowed(): Maximum open and pending orders reached the limit (MaxOrders).
0	07:05:06.969	EA31337 EURUSD,M1: OpenOrderIsAllowed(): Maximum open and pending orders reached the limit (MaxOrders).
2	07:05:17.379	EA31337 EURUSD,M1: modify #44552046 sell 0.01 EURUSD at 1.08576 sl: 1.08998 tp: 1.08100 ok
0	07:06:38.126	EA31337 EURUSD,M1: OpenOrderIsAllowed(): Maximum open and pending orders reached the limit (MaxOrders).
2	07:19:23.202	EA31337 EURUSD,M1: modify #44535860 buy 0.01 EURUSD at 1.08138 sl: 1.07716 tp: 1.09088 ok
2	07:55:47.692	EA31337 EURUSD,M1: modify #44535860 buy 0.01 EURUSD at 1.08138 sl: 1.07716 tp: 1.09107 ok
2	08:00:23.853	EA31337 EURUSD,M1: modify #44535860 buy 0.01 EURUSD at 1.08138 sl: 1.07716 tp: 1.09119 ok
0	08:00:29.277	EA31337 EURUSD,M1: == New hour: 8
2	08:11:58.291	EA31337 EURUSD,M1: modify #44552046 sell 0.01 EURUSD at 1.08576 sl: 1.08998 tp: 1.08075 ok
2	08:14:32.288	EA31337 EURUSD,M1: modify #44552046 sell 0.01 EURUSD at 1.08576 sl: 1.08998 tp: 1.08010 ok
2	08:17:33.350	EA31337 EURUSD,M1: modify #44552046 sell 0.01 EURUSD at 1.08576 sl: 1.08998 tp: 1.07930 ok
2	08:19:30.549	EA31337 EURUSD,M1: modify #44552046 sell 0.01 EURUSD at 1.08576 sl: 1.08998 tp: 1.07894 ok
2	08:22:46.962	EA31337 EURUSD,M1: modify #44552046 sell 0.01 EURUSD at 1.08576 sl: 1.08998 tp: 1.07860 ok
2	08:24:14.188	EA31337 EURUSD,M1: modify #44552046 sell 0.01 EURUSD at 1.08576 sl: 1.08998 tp: 1.07747 ok
0	08:24:55.059	EA31337 EURUSD,M1: ExecuteOrder(): MarketInfo: Symbol: EURUSD; Ask: 1.08149; Bid: 1.08127; Spread: 22 points = 2.2 pips; 
2	08:25:02.678	EA31337 EURUSD,M1: open #44556178 sell 0.01 EURUSD at 1.08126 sl: 1.08549 ok
0	08:25:02.678	EA31337 EURUSD,M1: #44556178 2015.12.18 08:24:49 sell 0.01 EURUSD 1.08126 1.08549 0.00000 1.08148 0.00 0.00 -0.22 | spread: 1.8 31349
0	08:25:02.678	EA31337 EURUSD,M1: ExecuteOrder(): Order Details: Ticket: 44556178; Time: 2015.12.18 08:24:13; Comment: | spread: 1.8; Commision: 0; Symbol: EURUSD; Type: Sell; Expiration: 0; Open Price: 1.08126; Close Price: 1.08148; Take Profit: -0.22; Stop Loss: 1.0855; Swap: 0; Lot size: 0.01; Account Details: Time: 2015.12.18 08:24:13; Account Balance: $2136.12; Account Equity: $2453.76; Used Margin: $300.00; Free Margin: $2153.76; No of Orders: 30 (BUY/SELL: 3/27); Risk Ratio: 0.9
0	08:25:02.808	EA31337 EURUSD,M1: OpenOrderIsAllowed(): Maximum open and pending orders reached the limit (MaxOrders).
0	08:25:32.237	EA31337 EURUSD,M1: OpenOrderIsAllowed(): Maximum open and pending orders reached the limit (MaxOrders).
0	08:25:32.237	EA31337 EURUSD,M1: OpenOrderIsAllowed(): Maximum open and pending orders reached the limit (MaxOrders).
0	08:25:44.206	EA31337 EURUSD,M1: OpenOrderIsAllowed(): Maximum open and pending orders reached the limit (MaxOrders).
0	08:25:44.206	EA31337 EURUSD,M1: OpenOrderIsAllowed(): Maximum open and pending orders reached the limit (MaxOrders).
0	08:25:44.206	EA31337 EURUSD,M1: OpenOrderIsAllowed(): Maximum open and pending orders reached the limit (MaxOrders).
0	08:27:13.501	EA31337 EURUSD,M1: OpenOrderIsAllowed(): Maximum open and pending orders reached the limit (MaxOrders).
0	08:27:13.501	EA31337 EURUSD,M1: OpenOrderIsAllowed(): Maximum open and pending orders reached the limit (MaxOrders).
0	08:27:13.501	EA31337 EURUSD,M1: OpenOrderIsAllowed(): Maximum open and pending orders reached the limit (MaxOrders).
2	08:27:14.219	EA31337 EURUSD,M1: modify #44552046 sell 0.01 EURUSD at 1.08576 sl: 1.08998 tp: 1.07657 ok
2	08:27:14.736	EA31337 EURUSD,M1: modify #44556178 sell 0.01 EURUSD at 1.08126 sl: 1.08549 tp: 1.07718 ok
0	08:27:38.417	EA31337 EURUSD,M1: OpenOrderIsAllowed(): Maximum open and pending orders reached the limit (MaxOrders).
0	08:28:28.836	EA31337 EURUSD,M1: OpenOrderIsAllowed(): Maximum open and pending orders reached the limit (MaxOrders).
0	08:28:28.836	EA31337 EURUSD,M1: OpenOrderIsAllowed(): Maximum open and pending orders reached the limit (MaxOrders).
0	08:28:28.868	EA31337 EURUSD,M1: OpenOrderIsAllowed(): Maximum open and pending orders reached the limit (MaxOrders).
0	08:28:28.868	EA31337 EURUSD,M1: OpenOrderIsAllowed(): Maximum open and pending orders reached the limit (MaxOrders).
0	08:28:28.868	EA31337 EURUSD,M1: OpenOrderIsAllowed(): Maximum open and pending orders reached the limit (MaxOrders).
0	08:29:04.684	EA31337 EURUSD,M1: OpenOrderIsAllowed(): Maximum open and pending orders reached the limit (MaxOrders).
0	08:29:04.684	EA31337 EURUSD,M1: OpenOrderIsAllowed(): Maximum open and pending orders reached the limit (MaxOrders).
0	08:29:04.684	EA31337 EURUSD,M1: OpenOrderIsAllowed(): Maximum open and pending orders reached the limit (MaxOrders).
2	08:29:05.427	EA31337 EURUSD,M1: modify #44499408 sell 0.01 EURUSD at 1.09088 sl: 1.09535 tp: 1.07417 ok
0	08:29:38.051	EA31337 EURUSD,M1: OpenOrderIsAllowed(): Maximum open and pending orders reached the limit (MaxOrders).
2	08:44:55.392	EA31337 EURUSD,M1: modify #44552046 sell 0.01 EURUSD at 1.08576 sl: 1.08998 tp: 1.07641 ok
2	08:48:08.923	EA31337 EURUSD,M1: modify #44499408 sell 0.01 EURUSD at 1.09088 sl: 1.09535 tp: 1.07384 ok
2	08:49:46.655	EA31337 EURUSD,M1: modify #44552046 sell 0.01 EURUSD at 1.08576 sl: 1.08998 tp: 1.07640 ok
0	09:00:50.421	EA31337 EURUSD,M1: == New hour: 9
2	09:01:47.580	EA31337 EURUSD,M1: close #44535860 buy 0.01 EURUSD at 1.08138 sl: 1.07716 tp: 1.09119 at price 1.08218
0	09:01:47.580	EA31337 EURUSD,M1: CloseOrder(): Closed order 44535860 with profit 0.84 pips, reason: None (inactive); Order Details: Ticket: 44535860; Time: 2015.12.18 09:00:37; Comment: | spread: 2.0; Commision: 0; Symbol: EURUSD; Type: Buy; Expiration: 0; Open Price: 1.08138; Close Price: 1.08219; Take Profit: 0.81; Stop Loss: 1.0772; Swap: -0.03; Lot size: 0.01; 
0	09:01:47.644	EA31337 EURUSD,M1: CloseOrdersByType():Closed 1 orders (0, 92) on market change with total profit of : 0.84 pips (0 failed)
0	09:02:12.049	EA31337 EURUSD,M1: ExecuteOrder(): MarketInfo: Symbol: EURUSD; Ask: 1.08220; Bid: 1.08199; Spread: 21 points = 2.1 pips; 
2	09:02:12.658	EA31337 EURUSD,M1: open #44558247 sell 0.01 EURUSD at 1.08202 sl: 1.08620 tp: 1.07759 ok
0	09:02:12.658	EA31337 EURUSD,M1: #44558247 2015.12.18 09:01:59 sell 0.01 EURUSD 1.08202 1.08620 1.07759 1.08221 0.00 0.00 -0.19 | spread: 2.1 31438
0	09:02:12.658	EA31337 EURUSD,M1: ExecuteOrder(): Order Details: Ticket: 44558247; Time: 2015.12.18 09:00:37; Comment: | spread: 2.1; Commision: 0; Symbol: EURUSD; Type: Sell; Expiration: 0; Open Price: 1.08202; Close Price: 1.08221; Take Profit: -0.19; Stop Loss: 1.0862; Swap: 0; Lot size: 0.01; Account Details: Time: 2015.12.18 09:00:37; Account Balance: $2136.89; Account Equity: $2436.30; Used Margin: $300.00; Free Margin: $2136.30; No of Orders: 30 (BUY/SELL: 2/28); Risk Ratio: 1.0
0	09:02:12.658	EA31337 EURUSD,M1: OpenOrderIsAllowed(): Maximum open and pending orders reached the limit (MaxOrders).
0	09:02:12.658	EA31337 EURUSD,M1: OpenOrderIsAllowed(): Maximum open and pending orders reached the limit (MaxOrders).
0	09:03:28.567	EA31337 EURUSD,M1: OpenOrderIsAllowed(): Maximum open and pending orders reached the limit (MaxOrders).
0	09:03:28.831	EA31337 EURUSD,M1: OpenOrderIsAllowed(): Maximum open and pending orders reached the limit (MaxOrders).
0	09:04:08.603	EA31337 EURUSD,M1: OpenOrderIsAllowed(): Maximum open and pending orders reached the limit (MaxOrders).
0	09:04:08.603	EA31337 EURUSD,M1: OpenOrderIsAllowed(): Maximum open and pending orders reached the limit (MaxOrders).
0	09:04:08.603	EA31337 EURUSD,M1: OpenOrderIsAllowed(): Maximum open and pending orders reached the limit (MaxOrders).
0	09:04:34.757	EA31337 EURUSD,M1: OpenOrderIsAllowed(): Maximum open and pending orders reached the limit (MaxOrders).
0	09:04:34.757	EA31337 EURUSD,M1: OpenOrderIsAllowed(): Maximum open and pending orders reached the limit (MaxOrders).
0	09:04:34.757	EA31337 EURUSD,M1: OpenOrderIsAllowed(): Maximum open and pending orders reached the limit (MaxOrders).
0	09:04:34.757	EA31337 EURUSD,M1: OpenOrderIsAllowed(): Maximum open and pending orders reached the limit (MaxOrders).
2	09:04:35.674	EA31337 EURUSD,M1: modify #44558247 sell 0.01 EURUSD at 1.08202 sl: 1.08620 tp: 1.07725 ok
0	09:05:29.895	EA31337 EURUSD,M1: OpenOrderIsAllowed(): Maximum open and pending orders reached the limit (MaxOrders).
0	09:06:07.144	EA31337 EURUSD,M1: OpenOrderIsAllowed(): Maximum open and pending orders reached the limit (MaxOrders).
0	09:07:52.066	EA31337 EURUSD,M1: OpenOrderIsAllowed(): Maximum open and pending orders reached the limit (MaxOrders).
0	09:07:52.066	EA31337 EURUSD,M1: OpenOrderIsAllowed(): Maximum open and pending orders reached the limit (MaxOrders).
0	09:07:52.066	EA31337 EURUSD,M1: OpenOrderIsAllowed(): Maximum open and pending orders reached the limit (MaxOrders).
0	09:07:52.066	EA31337 EURUSD,M1: OpenOrderIsAllowed(): Maximum open and pending orders reached the limit (MaxOrders).
0	09:08:12.498	EA31337 EURUSD,M1: OpenOrderIsAllowed(): Maximum open and pending orders reached the limit (MaxOrders).
0	09:08:12.498	EA31337 EURUSD,M1: OpenOrderIsAllowed(): Maximum open and pending orders reached the limit (MaxOrders).
0	09:08:12.498	EA31337 EURUSD,M1: OpenOrderIsAllowed(): Maximum open and pending orders reached the limit (MaxOrders).
0	09:08:12.498	EA31337 EURUSD,M1: OpenOrderIsAllowed(): Maximum open and pending orders reached the limit (MaxOrders).
0	09:08:59.197	EA31337 EURUSD,M1: OpenOrderIsAllowed(): Maximum open and pending orders reached the limit (MaxOrders).
2	09:12:50.218	EA31337 EURUSD,M1: modify #44558247 sell 0.01 EURUSD at 1.08202 sl: 1.08620 tp: 1.07674 ok
2	09:19:19.031	EA31337 EURUSD,M1: modify #44558247 sell 0.01 EURUSD at 1.08202 sl: 1.08620 tp: 1.07671 ok
0	10:01:22.029	EA31337 EURUSD,M1: == New hour: 10
0	11:02:04.437	EA31337 EURUSD,M1: == New hour: 11
0	11:22:49.009	EA31337 EURUSD,M1: OpenOrderIsAllowed(): Maximum open and pending orders reached the limit (MaxOrders).
0	12:00:15.079	EA31337 EURUSD,M1: == New hour: 12
0	13:01:48.875	EA31337 EURUSD,M1: == New hour: 13
0	14:02:02.047	EA31337 EURUSD,M1: == New hour: 14
2	14:16:32.117	EA31337 EURUSD,M1: modify #44558247 sell 0.01 EURUSD at 1.08202 sl: 1.08620 tp: 1.07661 ok
0	15:00:27.461	EA31337 EURUSD,M1: == New hour: 15
0	15:12:36.173	EA31337 EURUSD,M1: ExecuteOrder(): MarketInfo: Symbol: EURUSD; Ask: 1.08596; Bid: 1.08575; Spread: 21 points = 2.1 pips; 
2	15:12:37.249	EA31337 EURUSD,M1: open #44570223 buy 0.01 EURUSD at 1.08596 sl: 1.08175 tp: 1.08672 ok
0	15:12:37.249	EA31337 EURUSD,M1: #44570223 2015.12.18 15:12:22 buy 0.01 EURUSD 1.08596 1.08175 1.08672 1.08575 0.00 0.00 -0.21 | spread: 2.3 31349
0	15:12:37.249	EA31337 EURUSD,M1: ExecuteOrder(): Order Details: Ticket: 44570223; Time: 2015.12.18 15:11:48; Comment: | spread: 2.3; Commision: 0; Symbol: EURUSD; Type: Buy; Expiration: 0; Open Price: 1.08596; Close Price: 1.08575; Take Profit: -0.21; Stop Loss: 1.0818; Swap: 0; Lot size: 0.01; Account Details: Time: 2015.12.18 15:11:48; Account Balance: $2128.48; Account Equity: $2338.52; Used Margin: $290.00; Free Margin: $2048.52; No of Orders: 29 (BUY/SELL: 3/26); Risk Ratio: 0.9
0	15:14:17.008	EA31337 EURUSD,M1: OpenOrderIsAllowed(): MACD M1: Maximum open and pending orders per type reached the limit (MaxOrdersPerType).
0	15:14:17.008	EA31337 EURUSD,M1: OpenOrderIsAllowed(): MACD M5: Maximum open and pending orders per type reached the limit (MaxOrdersPerType).
0	15:14:24.160	EA31337 EURUSD,M1: OpenOrderIsAllowed(): SAR M1: Maximum open and pending orders per type reached the limit (MaxOrdersPerType).
0	15:15:06.232	EA31337 EURUSD,M1: OpenOrderIsAllowed(): Bands M1: Maximum open and pending orders per type reached the limit (MaxOrdersPerType).
0	15:15:06.232	EA31337 EURUSD,M1: OpenOrderIsAllowed(): Fractals M1: Maximum open and pending orders per type reached the limit (MaxOrdersPerType).
0	15:15:06.232	EA31337 EURUSD,M1: OpenOrderIsAllowed(): MACD M1: Maximum open and pending orders per type reached the limit (MaxOrdersPerType).
0	15:15:06.232	EA31337 EURUSD,M1: OpenOrderIsAllowed(): SAR M1: Maximum open and pending orders per type reached the limit (MaxOrdersPerType).
0	15:15:06.232	EA31337 EURUSD,M1: OpenOrderIsAllowed(): MACD M5: Maximum open and pending orders per type reached the limit (MaxOrdersPerType).
0	15:15:59.112	EA31337 EURUSD,M1: OpenOrderIsAllowed(): Fractals M1: Maximum open and pending orders per type reached the limit (MaxOrdersPerType).
0	15:16:53.607	EA31337 EURUSD,M1: OpenOrderIsAllowed(): MACD M1: Maximum open and pending orders per type reached the limit (MaxOrdersPerType).
0	15:16:54.869	EA31337 EURUSD,M1: OpenOrderIsAllowed(): MACD M5: Maximum open and pending orders per type reached the limit (MaxOrdersPerType).
0	15:17:20.532	EA31337 EURUSD,M1: OpenOrderIsAllowed(): SAR M1: Maximum open and pending orders per type reached the limit (MaxOrdersPerType).
0	15:17:35.570	EA31337 EURUSD,M1: OpenOrderIsAllowed(): Bands M1: Maximum open and pending orders per type reached the limit (MaxOrdersPerType).
0	15:17:35.570	EA31337 EURUSD,M1: OpenOrderIsAllowed(): Fractals M1: Maximum open and pending orders per type reached the limit (MaxOrdersPerType).
0	15:17:35.570	EA31337 EURUSD,M1: OpenOrderIsAllowed(): MACD M1: Maximum open and pending orders per type reached the limit (MaxOrdersPerType).
0	15:17:35.570	EA31337 EURUSD,M1: OpenOrderIsAllowed(): SAR M1: Maximum open and pending orders per type reached the limit (MaxOrdersPerType).
0	15:17:35.570	EA31337 EURUSD,M1: OpenOrderIsAllowed(): MACD M5: Maximum open and pending orders per type reached the limit (MaxOrdersPerType).
2	15:17:35.998	EA31337 EURUSD,M1: modify #44570223 buy 0.01 EURUSD at 1.08596 sl: 1.08175 tp: 1.08719 ok
0	15:18:47.748	EA31337 EURUSD,M1: ExecuteOrder(): MarketInfo: Symbol: EURUSD; Ask: 1.08636; Bid: 1.08617; Spread: 19 points = 1.9 pips; 
2	15:18:48.037	EA31337 EURUSD,M1: open #44570497 buy 0.01 EURUSD at 1.08631 sl: 1.08217 tp: 1.09076 ok
0	15:18:48.037	EA31337 EURUSD,M1: #44570497 2015.12.18 15:18:34 buy 0.01 EURUSD 1.08631 1.08217 1.09076 1.08608 0.00 0.00 -0.23 | spread: 1.9 31363
0	15:18:48.037	EA31337 EURUSD,M1: ExecuteOrder(): Order Details: Ticket: 44570497; Time: 2015.12.18 15:17:25; Comment: | spread: 1.9; Commision: 0; Symbol: EURUSD; Type: Buy; Expiration: 0; Open Price: 1.08631; Close Price: 1.08608; Take Profit: -0.23; Stop Loss: 1.0822; Swap: 0; Lot size: 0.01; Account Details: Time: 2015.12.18 15:17:25; Account Balance: $2128.48; Account Equity: $2330.44; Used Margin: $300.00; Free Margin: $2030.44; No of Orders: 30 (BUY/SELL: 4/26); Risk Ratio: 0.9
0	15:19:25.116	EA31337 EURUSD,M1: OpenOrderIsAllowed(): Maximum open and pending orders reached the limit (MaxOrders).
0	15:19:25.116	EA31337 EURUSD,M1: OpenOrderIsAllowed(): Maximum open and pending orders reached the limit (MaxOrders).
0	15:20:18.862	EA31337 EURUSD,M1: OpenOrderIsAllowed(): Maximum open and pending orders reached the limit (MaxOrders).
0	15:20:18.862	EA31337 EURUSD,M1: OpenOrderIsAllowed(): Maximum open and pending orders reached the limit (MaxOrders).
0	15:20:34.488	EA31337 EURUSD,M1: OpenOrderIsAllowed(): Maximum open and pending orders reached the limit (MaxOrders).
0	15:20:34.488	EA31337 EURUSD,M1: OpenOrderIsAllowed(): Maximum open and pending orders reached the limit (MaxOrders).
0	15:20:34.521	EA31337 EURUSD,M1: OpenOrderIsAllowed(): Maximum open and pending orders reached the limit (MaxOrders).
0	15:20:47.259	EA31337 EURUSD,M1: OpenOrderIsAllowed(): Maximum open and pending orders reached the limit (MaxOrders).
0	15:20:47.259	EA31337 EURUSD,M1: OpenOrderIsAllowed(): Maximum open and pending orders reached the limit (MaxOrders).
0	15:20:47.259	EA31337 EURUSD,M1: OpenOrderIsAllowed(): Maximum open and pending orders reached the limit (MaxOrders).
2	15:20:53.791	EA31337 EURUSD,M1: modify #44570223 buy 0.01 EURUSD at 1.08596 sl: 1.08175 tp: 1.08732 ok
0	15:21:41.299	EA31337 EURUSD,M1: OpenOrderIsAllowed(): Maximum open and pending orders reached the limit (MaxOrders).
0	15:22:05.858	EA31337 EURUSD,M1: OpenOrderIsAllowed(): Maximum open and pending orders reached the limit (MaxOrders).
0	15:23:09.092	EA31337 EURUSD,M1: OpenOrderIsAllowed(): Maximum open and pending orders reached the limit (MaxOrders).
0	15:23:10.556	EA31337 EURUSD,M1: OpenOrderIsAllowed(): Maximum open and pending orders reached the limit (MaxOrders).
0	15:23:18.198	EA31337 EURUSD,M1: OpenOrderIsAllowed(): Maximum open and pending orders reached the limit (MaxOrders).
0	15:23:18.198	EA31337 EURUSD,M1: OpenOrderIsAllowed(): Maximum open and pending orders reached the limit (MaxOrders).
0	15:23:49.426	EA31337 EURUSD,M1: OpenOrderIsAllowed(): Maximum open and pending orders reached the limit (MaxOrders).
0	15:23:49.426	EA31337 EURUSD,M1: OpenOrderIsAllowed(): Maximum open and pending orders reached the limit (MaxOrders).
2	15:24:04.498	EA31337 EURUSD,M1: modify #44570223 buy 0.01 EURUSD at 1.08596 sl: 1.08175 tp: 1.08750 ok
0	15:24:40.140	EA31337 EURUSD,M1: OpenOrderIsAllowed(): Maximum open and pending orders reached the limit (MaxOrders).
0	16:02:51.482	EA31337 EURUSD,M1: == New hour: 16
0	17:03:05.821	EA31337 EURUSD,M1: == New hour: 17
0	18:00:42.266	EA31337 EURUSD,M1: == New hour: 18
0	19:00:22.457	EA31337 EURUSD,M1: == New hour: 19
2	20:00:38.717	EA31337 EURUSD,M1: modify #44570497 buy 0.01 EURUSD at 1.08631 sl: 1.08217 tp: 1.09077 ok
0	20:00:44.179	EA31337 EURUSD,M1: == New hour: 20
2	20:08:09.194	EA31337 EURUSD,M1: modify #44570497 buy 0.01 EURUSD at 1.08631 sl: 1.08217 tp: 1.09079 ok
2	20:09:39.242	EA31337 EURUSD,M1: modify #44570497 buy 0.01 EURUSD at 1.08631 sl: 1.08217 tp: 1.09090 ok
2	20:10:12.326	EA31337 EURUSD,M1: modify #44570497 buy 0.01 EURUSD at 1.08631 sl: 1.08217 tp: 1.09101 ok
2	20:13:33.690	EA31337 EURUSD,M1: modify #44570497 buy 0.01 EURUSD at 1.08631 sl: 1.08217 tp: 1.09117 ok
2	20:14:40.601	EA31337 EURUSD,M1: modify #44570223 buy 0.01 EURUSD at 1.08596 sl: 1.08175 tp: 1.08759 ok
2	20:14:41.024	EA31337 EURUSD,M1: modify #44570497 buy 0.01 EURUSD at 1.08631 sl: 1.08217 tp: 1.09127 ok
0	20:14:41.024	EA31337 EURUSD,M1: ActionExecute(): Account Details: Time: 2015.12.18 20:14:25; Account Balance: $2128.48; Account Equity: $2318.90; Used Margin: $300.00; Free Margin: $2018.90; No of Orders: 30 (BUY/SELL: 4/26); Risk Ratio: 0.9Stats: Alligator M1: 3%, Alligator M15: 3%, Alligator M30: 3%, Bands M1: 6%, Bands M5: 3%, Bands M15: 3%, Bands M30: 3%, DeMarker M5: 6%, DeMarker M15: 3%, DeMarker M30: 6%, Envelopes M1: 3%, Envelopes M5: 3%, Envelopes M15: 3%, Fractals M1: 6%, Fractals M5: 3%, MA M1: 3%, MA M30: 3%, MACD M1: 6%, MACD M5: 6%, MACD M15: 3%, MACD M30: 3%, SAR M1: 6%, SAR M15: 3%, WPR M1: 3%, 
Open Orders: 30 +4/-26 [0.30 lots] (other: 0)
2	20:15:26.601	EA31337 EURUSD,M1: modify #44570223 buy 0.01 EURUSD at 1.08596 sl: 1.08175 tp: 1.08764 ok
0	20:15:26.601	EA31337 EURUSD,M1: ActionExecute(): Account Details: Time: 2015.12.18 20:15:11; Account Balance: $2128.48; Account Equity: $2318.38; Used Margin: $300.00; Free Margin: $2018.38; No of Orders: 30 (BUY/SELL: 4/26); Risk Ratio: 0.9Stats: Alligator M1: 3%, Alligator M15: 3%, Alligator M30: 3%, Bands M1: 6%, Bands M5: 3%, Bands M15: 3%, Bands M30: 3%, DeMarker M5: 6%, DeMarker M15: 3%, DeMarker M30: 6%, Envelopes M1: 3%, Envelopes M5: 3%, Envelopes M15: 3%, Fractals M1: 6%, Fractals M5: 3%, MA M1: 3%, MA M30: 3%, MACD M1: 6%, MACD M5: 6%, MACD M15: 3%, MACD M30: 3%, SAR M1: 6%, SAR M15: 3%, WPR M1: 3%, 
Open Orders: 30 +4/-26 [0.30 lots] (other: 0)
2	20:21:06.398	EA31337 EURUSD,M1: modify #44570223 buy 0.01 EURUSD at 1.08596 sl: 1.08175 tp: 1.08778 ok
2	20:23:52.373	EA31337 EURUSD,M1: modify #44570497 buy 0.01 EURUSD at 1.08631 sl: 1.08217 tp: 1.09178 ok
0	20:23:52.373	EA31337 EURUSD,M1: ActionExecute(): Account Details: Time: 2015.12.18 20:21:15; Account Balance: $2128.48; Account Equity: $2309.14; Used Margin: $300.00; Free Margin: $2009.14; No of Orders: 30 (BUY/SELL: 4/26); Risk Ratio: 0.9Stats: Alligator M1: 3%, Alligator M15: 3%, Alligator M30: 3%, Bands M1: 6%, Bands M5: 3%, Bands M15: 3%, Bands M30: 3%, DeMarker M5: 6%, DeMarker M15: 3%, DeMarker M30: 6%, Envelopes M1: 3%, Envelopes M5: 3%, Envelopes M15: 3%, Fractals M1: 6%, Fractals M5: 3%, MA M1: 3%, MA M30: 3%, MACD M1: 6%, MACD M5: 6%, MACD M15: 3%, MACD M30: 3%, SAR M1: 6%, SAR M15: 3%, WPR M1: 3%, 
Open Orders: 30 +4/-26 [0.30 lots] (other: 0)
2	20:28:28.484	EA31337 EURUSD,M1: modify #44570223 buy 0.01 EURUSD at 1.08596 sl: 1.08175 tp: 1.08794 ok
0	21:02:58.164	EA31337 EURUSD,M1: == New hour: 21
