0	00:02:27.767	EA31337 EURUSD,M1: == New hour: 0
0	00:02:28.304	EA31337 EURUSD,M1: == New day (day of month: 23; day of year: 357) ==
0	00:02:28.304	EA31337 EURUSD,M1: Daily max: Tick: 3.2; Spread: 55; Max orders: 30; Loss: 0; Profit: 0; Equity: 2233.94; Balance: 2100.39; 
0	00:02:28.367	EA31337 EURUSD,M1: Daily SAR stats: Period: 0, Buy: 172 / Sell: 182; Period: 1, Buy: 118 / Sell: 50; Period: 2, Buy: 165 / Sell: 140; Period: 3, Buy: 137 / Sell: 109; Period: 4, Buy: 0 / Sell: 0; Period: 5, Buy: 0 / Sell: 0; Period: 6, Buy: 0 / Sell: 0; Period: 7, Buy: 0 / Sell: 0; Period: 8, Buy: 0 / Sell: 0; 
0	00:02:28.367	EA31337 EURUSD,M1: Daily strategy stats: 
0	00:02:59.299	EA31337 EURUSD,M1: OpenOrderIsAllowed(): Maximum open and pending orders reached the limit (MaxOrders).
0	01:01:37.634	EA31337 EURUSD,M1: == New hour: 1
2	01:34:02.832	EA31337 EURUSD,M1: modify #44630047 sell 0.01 EURUSD at 1.09452 sl: 1.09872 tp: 1.09009 ok
2	01:34:03.518	EA31337 EURUSD,M1: modify #44630324 sell 0.01 EURUSD at 1.09552 sl: 1.09974 tp: 1.09009 ok
2	01:34:03.908	EA31337 EURUSD,M1: modify #44630601 sell 0.01 EURUSD at 1.09573 sl: 1.09991 tp: 1.09009 ok
2	01:34:04.723	EA31337 EURUSD,M1: modify #44630803 sell 0.01 EURUSD at 1.09567 sl: 1.09985 tp: 1.09009 ok
2	01:34:04.979	EA31337 EURUSD,M1: modify #44631266 sell 0.01 EURUSD at 1.09551 sl: 1.09972 tp: 1.09011 ok
2	01:34:05.438	EA31337 EURUSD,M1: modify #44631353 sell 0.01 EURUSD at 1.09519 sl: 1.09940 tp: 1.09010 ok
2	01:34:05.763	EA31337 EURUSD,M1: modify #44632276 sell 0.01 EURUSD at 1.09673 sl: 1.10090 tp: 1.09010 ok
2	01:34:06.447	EA31337 EURUSD,M1: modify #44632733 sell 0.01 EURUSD at 1.09676 sl: 1.10097 tp: 1.09010 ok
2	01:34:06.900	EA31337 EURUSD,M1: modify #44633604 sell 0.01 EURUSD at 1.09685 sl: 1.10108 tp: 1.09010 ok
2	01:34:07.326	EA31337 EURUSD,M1: modify #44633984 sell 0.01 EURUSD at 1.09781 sl: 1.10200 tp: 1.09010 ok
2	01:34:07.944	EA31337 EURUSD,M1: modify #44634227 sell 0.01 EURUSD at 1.09807 sl: 1.10227 tp: 1.09010 ok
2	01:34:08.334	EA31337 EURUSD,M1: modify #44637759 sell 0.01 EURUSD at 1.09788 sl: 1.10210 tp: 1.09010 ok
2	01:34:08.889	EA31337 EURUSD,M1: modify #44640556 sell 0.01 EURUSD at 1.09495 sl: 1.09916 tp: 1.09010 ok
2	01:44:04.565	EA31337 EURUSD,M1: modify #44630047 sell 0.01 EURUSD at 1.09452 sl: 1.09872 tp: 1.09007 ok
2	01:44:05.019	EA31337 EURUSD,M1: modify #44630324 sell 0.01 EURUSD at 1.09552 sl: 1.09974 tp: 1.09007 ok
2	01:44:05.307	EA31337 EURUSD,M1: modify #44630601 sell 0.01 EURUSD at 1.09573 sl: 1.09991 tp: 1.09007 ok
2	01:44:05.864	EA31337 EURUSD,M1: modify #44630803 sell 0.01 EURUSD at 1.09567 sl: 1.09985 tp: 1.09007 ok
2	01:44:06.354	EA31337 EURUSD,M1: modify #44631266 sell 0.01 EURUSD at 1.09551 sl: 1.09972 tp: 1.09007 ok
2	01:44:06.513	EA31337 EURUSD,M1: modify #44631353 sell 0.01 EURUSD at 1.09519 sl: 1.09940 tp: 1.09007 ok
2	01:44:06.997	EA31337 EURUSD,M1: modify #44632276 sell 0.01 EURUSD at 1.09673 sl: 1.10090 tp: 1.09007 ok
2	01:44:07.619	EA31337 EURUSD,M1: modify #44632733 sell 0.01 EURUSD at 1.09676 sl: 1.10097 tp: 1.09007 ok
2	01:44:08.331	EA31337 EURUSD,M1: modify #44633604 sell 0.01 EURUSD at 1.09685 sl: 1.10108 tp: 1.09007 ok
2	01:44:08.943	EA31337 EURUSD,M1: modify #44633984 sell 0.01 EURUSD at 1.09781 sl: 1.10200 tp: 1.09007 ok
2	01:44:10.057	EA31337 EURUSD,M1: modify #44634227 sell 0.01 EURUSD at 1.09807 sl: 1.10227 tp: 1.09007 ok
2	01:44:10.672	EA31337 EURUSD,M1: modify #44637759 sell 0.01 EURUSD at 1.09788 sl: 1.10210 tp: 1.09007 ok
2	01:44:11.286	EA31337 EURUSD,M1: modify #44640556 sell 0.01 EURUSD at 1.09495 sl: 1.09916 tp: 1.09007 ok
2	01:50:07.688	EA31337 EURUSD,M1: modify #44630047 sell 0.01 EURUSD at 1.09452 sl: 1.09872 tp: 1.08992 ok
2	01:50:08.210	EA31337 EURUSD,M1: modify #44630324 sell 0.01 EURUSD at 1.09552 sl: 1.09974 tp: 1.08992 ok
2	01:50:08.729	EA31337 EURUSD,M1: modify #44630601 sell 0.01 EURUSD at 1.09573 sl: 1.09991 tp: 1.08991 ok
2	01:50:09.220	EA31337 EURUSD,M1: modify #44630803 sell 0.01 EURUSD at 1.09567 sl: 1.09985 tp: 1.08991 ok
2	01:50:09.775	EA31337 EURUSD,M1: modify #44631266 sell 0.01 EURUSD at 1.09551 sl: 1.09972 tp: 1.08992 ok
2	01:50:10.229	EA31337 EURUSD,M1: modify #44631353 sell 0.01 EURUSD at 1.09519 sl: 1.09940 tp: 1.08990 ok
2	01:50:10.683	EA31337 EURUSD,M1: modify #44632276 sell 0.01 EURUSD at 1.09673 sl: 1.10090 tp: 1.08990 ok
2	01:50:11.044	EA31337 EURUSD,M1: modify #44632733 sell 0.01 EURUSD at 1.09676 sl: 1.10097 tp: 1.08990 ok
2	01:50:11.401	EA31337 EURUSD,M1: modify #44633604 sell 0.01 EURUSD at 1.09685 sl: 1.10108 tp: 1.08990 ok
2	01:50:12.099	EA31337 EURUSD,M1: modify #44633984 sell 0.01 EURUSD at 1.09781 sl: 1.10200 tp: 1.08990 ok
2	01:50:12.424	EA31337 EURUSD,M1: modify #44634227 sell 0.01 EURUSD at 1.09807 sl: 1.10227 tp: 1.08990 ok
2	01:50:13.012	EA31337 EURUSD,M1: modify #44637759 sell 0.01 EURUSD at 1.09788 sl: 1.10210 tp: 1.08990 ok
2	01:50:13.434	EA31337 EURUSD,M1: modify #44640556 sell 0.01 EURUSD at 1.09495 sl: 1.09916 tp: 1.08990 ok
2	01:52:22.660	EA31337 EURUSD,M1: modify #44630047 sell 0.01 EURUSD at 1.09452 sl: 1.09872 tp: 1.08963 ok
2	01:52:23.049	EA31337 EURUSD,M1: modify #44630324 sell 0.01 EURUSD at 1.09552 sl: 1.09974 tp: 1.08963 ok
2	01:52:23.857	EA31337 EURUSD,M1: modify #44630601 sell 0.01 EURUSD at 1.09573 sl: 1.09991 tp: 1.08963 ok
2	01:52:24.766	EA31337 EURUSD,M1: modify #44630803 sell 0.01 EURUSD at 1.09567 sl: 1.09985 tp: 1.08963 ok
2	01:52:25.642	EA31337 EURUSD,M1: modify #44631266 sell 0.01 EURUSD at 1.09551 sl: 1.09972 tp: 1.08960 ok
2	01:52:26.125	EA31337 EURUSD,M1: modify #44631353 sell 0.01 EURUSD at 1.09519 sl: 1.09940 tp: 1.08962 ok
2	01:52:26.745	EA31337 EURUSD,M1: modify #44632276 sell 0.01 EURUSD at 1.09673 sl: 1.10090 tp: 1.08961 ok
2	01:52:27.331	EA31337 EURUSD,M1: modify #44632733 sell 0.01 EURUSD at 1.09676 sl: 1.10097 tp: 1.08961 ok
2	01:52:27.850	EA31337 EURUSD,M1: modify #44633604 sell 0.01 EURUSD at 1.09685 sl: 1.10108 tp: 1.08962 ok
2	01:52:28.467	EA31337 EURUSD,M1: modify #44633984 sell 0.01 EURUSD at 1.09781 sl: 1.10200 tp: 1.08963 ok
2	01:52:28.917	EA31337 EURUSD,M1: modify #44634227 sell 0.01 EURUSD at 1.09807 sl: 1.10227 tp: 1.08963 ok
2	01:52:29.339	EA31337 EURUSD,M1: modify #44637759 sell 0.01 EURUSD at 1.09788 sl: 1.10210 tp: 1.08963 ok
2	01:52:29.794	EA31337 EURUSD,M1: modify #44640556 sell 0.01 EURUSD at 1.09495 sl: 1.09916 tp: 1.08963 ok
0	01:57:42.432	EA31337 EURUSD,M1: ExecuteOrder(): MarketInfo: Symbol: EURUSD; Ask: 1.09439; Bid: 1.09418; Spread: 21 points = 2.1 pips; 
2	01:57:43.248	EA31337 EURUSD,M1: open #44646668 sell 0.01 EURUSD at 1.09418 sl: 1.09839 tp: 1.08978 ok
0	01:57:43.248	EA31337 EURUSD,M1: #44646668 2015.12.23 01:57:35 sell 0.01 EURUSD 1.09418 1.09839 1.08978 1.09440 0.00 0.00 -0.22 | spread: 2.2 31362
0	01:57:43.280	EA31337 EURUSD,M1: ExecuteOrder(): Order Details: Ticket: 44646668; Time: 2015.12.23 01:57:10; Comment: | spread: 2.2; Commision: 0; Symbol: EURUSD; Type: Sell; Expiration: 0; Open Price: 1.09418; Close Price: 1.09440; Take Profit: -0.22; Stop Loss: 1.0984; Swap: 0; Lot size: 0.01; Account Details: Time: 2015.12.23 01:57:10; Account Balance: $2034.80; Account Equity: $2163.56; Used Margin: $300.00; Free Margin: $1863.56; No of Orders: 30 (BUY/SELL: 7/23); Risk Ratio: 0.9
0	01:57:48.682	EA31337 EURUSD,M1: OpenOrderIsAllowed(): Maximum open and pending orders reached the limit (MaxOrders).
0	01:57:48.682	EA31337 EURUSD,M1: OpenOrderIsAllowed(): Maximum open and pending orders reached the limit (MaxOrders).
0	01:57:53.510	EA31337 EURUSD,M1: OpenOrderIsAllowed(): Maximum open and pending orders reached the limit (MaxOrders).
0	01:57:53.510	EA31337 EURUSD,M1: OpenOrderIsAllowed(): Maximum open and pending orders reached the limit (MaxOrders).
0	01:57:53.610	EA31337 EURUSD,M1: OpenOrderIsAllowed(): Maximum open and pending orders reached the limit (MaxOrders).
0	01:58:11.045	EA31337 EURUSD,M1: OpenOrderIsAllowed(): Maximum open and pending orders reached the limit (MaxOrders).
0	01:58:11.045	EA31337 EURUSD,M1: OpenOrderIsAllowed(): Maximum open and pending orders reached the limit (MaxOrders).
0	01:58:11.045	EA31337 EURUSD,M1: OpenOrderIsAllowed(): Maximum open and pending orders reached the limit (MaxOrders).
0	01:59:01.029	EA31337 EURUSD,M1: OpenOrderIsAllowed(): Maximum open and pending orders reached the limit (MaxOrders).
0	01:59:07.272	EA31337 EURUSD,M1: OpenOrderIsAllowed(): Maximum open and pending orders reached the limit (MaxOrders).
0	01:59:07.272	EA31337 EURUSD,M1: OpenOrderIsAllowed(): Maximum open and pending orders reached the limit (MaxOrders).
0	01:59:07.272	EA31337 EURUSD,M1: OpenOrderIsAllowed(): Maximum open and pending orders reached the limit (MaxOrders).
0	01:59:07.658	EA31337 EURUSD,M1: OpenOrderIsAllowed(): Maximum open and pending orders reached the limit (MaxOrders).
0	01:59:07.658	EA31337 EURUSD,M1: OpenOrderIsAllowed(): Maximum open and pending orders reached the limit (MaxOrders).
0	01:59:07.658	EA31337 EURUSD,M1: OpenOrderIsAllowed(): Maximum open and pending orders reached the limit (MaxOrders).
2	01:59:08.148	EA31337 EURUSD,M1: modify #44646668 sell 0.01 EURUSD at 1.09418 sl: 1.09839 tp: 1.08974 ok
0	02:04:39.496	EA31337 EURUSD,M1: == New hour: 2
0	02:04:45.317	EA31337 EURUSD,M1: OpenOrderIsAllowed(): Maximum open and pending orders reached the limit (MaxOrders).
2	02:08:24.865	EA31337 EURUSD,M1: modify #44646668 sell 0.01 EURUSD at 1.09418 sl: 1.09839 tp: 1.08972 ok
2	02:08:46.854	EA31337 EURUSD,M1: modify #44646668 sell 0.01 EURUSD at 1.09418 sl: 1.09839 tp: 1.08963 ok
2	02:09:34.483	EA31337 EURUSD,M1: modify #44630047 sell 0.01 EURUSD at 1.09452 sl: 1.09872 tp: 1.08954 ok
2	02:09:34.909	EA31337 EURUSD,M1: modify #44630324 sell 0.01 EURUSD at 1.09552 sl: 1.09974 tp: 1.08954 ok
2	02:09:35.299	EA31337 EURUSD,M1: modify #44630601 sell 0.01 EURUSD at 1.09573 sl: 1.09991 tp: 1.08954 ok
2	02:09:35.754	EA31337 EURUSD,M1: modify #44630803 sell 0.01 EURUSD at 1.09567 sl: 1.09985 tp: 1.08954 ok
2	02:09:36.083	EA31337 EURUSD,M1: modify #44631266 sell 0.01 EURUSD at 1.09551 sl: 1.09972 tp: 1.08954 ok
2	02:09:36.505	EA31337 EURUSD,M1: modify #44631353 sell 0.01 EURUSD at 1.09519 sl: 1.09940 tp: 1.08953 ok
2	02:09:36.890	EA31337 EURUSD,M1: modify #44632276 sell 0.01 EURUSD at 1.09673 sl: 1.10090 tp: 1.08953 ok
2	02:09:37.312	EA31337 EURUSD,M1: modify #44632733 sell 0.01 EURUSD at 1.09676 sl: 1.10097 tp: 1.08953 ok
2	02:09:37.670	EA31337 EURUSD,M1: modify #44633604 sell 0.01 EURUSD at 1.09685 sl: 1.10108 tp: 1.08953 ok
2	02:09:38.059	EA31337 EURUSD,M1: modify #44633984 sell 0.01 EURUSD at 1.09781 sl: 1.10200 tp: 1.08953 ok
2	02:09:38.420	EA31337 EURUSD,M1: modify #44634227 sell 0.01 EURUSD at 1.09807 sl: 1.10227 tp: 1.08953 ok
2	02:09:38.810	EA31337 EURUSD,M1: modify #44637759 sell 0.01 EURUSD at 1.09788 sl: 1.10210 tp: 1.08953 ok
2	02:09:39.330	EA31337 EURUSD,M1: modify #44640556 sell 0.01 EURUSD at 1.09495 sl: 1.09916 tp: 1.08953 ok
2	02:09:39.719	EA31337 EURUSD,M1: modify #44646668 sell 0.01 EURUSD at 1.09418 sl: 1.09839 tp: 1.08953 ok
2	02:14:51.352	EA31337 EURUSD,M1: modify #44630047 sell 0.01 EURUSD at 1.09452 sl: 1.09872 tp: 1.08951 ok
2	02:14:51.972	EA31337 EURUSD,M1: modify #44630324 sell 0.01 EURUSD at 1.09552 sl: 1.09974 tp: 1.08951 ok
2	02:14:52.394	EA31337 EURUSD,M1: modify #44630601 sell 0.01 EURUSD at 1.09573 sl: 1.09991 tp: 1.08951 ok
2	02:14:52.723	EA31337 EURUSD,M1: modify #44630803 sell 0.01 EURUSD at 1.09567 sl: 1.09985 tp: 1.08951 ok
2	02:14:53.178	EA31337 EURUSD,M1: modify #44631266 sell 0.01 EURUSD at 1.09551 sl: 1.09972 tp: 1.08951 ok
2	02:14:53.573	EA31337 EURUSD,M1: modify #44631353 sell 0.01 EURUSD at 1.09519 sl: 1.09940 tp: 1.08951 ok
2	02:14:54.347	EA31337 EURUSD,M1: modify #44632276 sell 0.01 EURUSD at 1.09673 sl: 1.10090 tp: 1.08951 ok
2	02:14:54.769	EA31337 EURUSD,M1: modify #44632733 sell 0.01 EURUSD at 1.09676 sl: 1.10097 tp: 1.08951 ok
2	02:14:55.224	EA31337 EURUSD,M1: modify #44633604 sell 0.01 EURUSD at 1.09685 sl: 1.10108 tp: 1.08951 ok
2	02:14:55.947	EA31337 EURUSD,M1: modify #44633984 sell 0.01 EURUSD at 1.09781 sl: 1.10200 tp: 1.08951 ok
2	02:14:56.397	EA31337 EURUSD,M1: modify #44634227 sell 0.01 EURUSD at 1.09807 sl: 1.10227 tp: 1.08951 ok
2	02:14:56.950	EA31337 EURUSD,M1: modify #44637759 sell 0.01 EURUSD at 1.09788 sl: 1.10210 tp: 1.08951 ok
2	02:14:57.605	EA31337 EURUSD,M1: modify #44640556 sell 0.01 EURUSD at 1.09495 sl: 1.09916 tp: 1.08951 ok
2	02:14:58.090	EA31337 EURUSD,M1: modify #44646668 sell 0.01 EURUSD at 1.09418 sl: 1.09839 tp: 1.08951 ok
2	02:18:10.299	EA31337 EURUSD,M1: modify #44630047 sell 0.01 EURUSD at 1.09452 sl: 1.09872 tp: 1.08927 ok
2	02:18:10.721	EA31337 EURUSD,M1: modify #44630324 sell 0.01 EURUSD at 1.09552 sl: 1.09974 tp: 1.08927 ok
2	02:18:11.631	EA31337 EURUSD,M1: modify #44630601 sell 0.01 EURUSD at 1.09573 sl: 1.09991 tp: 1.08927 ok
2	02:18:12.378	EA31337 EURUSD,M1: modify #44630803 sell 0.01 EURUSD at 1.09567 sl: 1.09985 tp: 1.08927 ok
2	02:18:12.964	EA31337 EURUSD,M1: modify #44631266 sell 0.01 EURUSD at 1.09551 sl: 1.09972 tp: 1.08927 ok
2	02:18:13.386	EA31337 EURUSD,M1: modify #44631353 sell 0.01 EURUSD at 1.09519 sl: 1.09940 tp: 1.08927 ok
2	02:18:13.843	EA31337 EURUSD,M1: modify #44632276 sell 0.01 EURUSD at 1.09673 sl: 1.10090 tp: 1.08927 ok
2	02:18:14.233	EA31337 EURUSD,M1: modify #44632733 sell 0.01 EURUSD at 1.09676 sl: 1.10097 tp: 1.08926 ok
2	02:18:14.724	EA31337 EURUSD,M1: modify #44633604 sell 0.01 EURUSD at 1.09685 sl: 1.10108 tp: 1.08926 ok
2	02:18:15.113	EA31337 EURUSD,M1: modify #44633984 sell 0.01 EURUSD at 1.09781 sl: 1.10200 tp: 1.08927 ok
2	02:18:15.761	EA31337 EURUSD,M1: modify #44634227 sell 0.01 EURUSD at 1.09807 sl: 1.10227 tp: 1.08927 ok
2	02:18:16.378	EA31337 EURUSD,M1: modify #44637759 sell 0.01 EURUSD at 1.09788 sl: 1.10210 tp: 1.08927 ok
2	02:18:16.833	EA31337 EURUSD,M1: modify #44640556 sell 0.01 EURUSD at 1.09495 sl: 1.09916 tp: 1.08927 ok
2	02:18:17.356	EA31337 EURUSD,M1: modify #44646668 sell 0.01 EURUSD at 1.09418 sl: 1.09839 tp: 1.08926 ok
2	02:26:25.971	EA31337 EURUSD,M1: modify #44630047 sell 0.01 EURUSD at 1.09452 sl: 1.09872 tp: 1.08918 ok
2	02:26:26.527	EA31337 EURUSD,M1: modify #44630324 sell 0.01 EURUSD at 1.09552 sl: 1.09974 tp: 1.08918 ok
2	02:26:26.982	EA31337 EURUSD,M1: modify #44630601 sell 0.01 EURUSD at 1.09573 sl: 1.09991 tp: 1.08918 ok
2	02:26:27.404	EA31337 EURUSD,M1: modify #44630803 sell 0.01 EURUSD at 1.09567 sl: 1.09985 tp: 1.08918 ok
2	02:26:27.824	EA31337 EURUSD,M1: modify #44631266 sell 0.01 EURUSD at 1.09551 sl: 1.09972 tp: 1.08918 ok
2	02:26:28.407	EA31337 EURUSD,M1: modify #44631353 sell 0.01 EURUSD at 1.09519 sl: 1.09940 tp: 1.08919 ok
2	02:26:28.959	EA31337 EURUSD,M1: modify #44632276 sell 0.01 EURUSD at 1.09673 sl: 1.10090 tp: 1.08918 ok
2	02:26:29.414	EA31337 EURUSD,M1: modify #44632733 sell 0.01 EURUSD at 1.09676 sl: 1.10097 tp: 1.08918 ok
2	02:26:29.839	EA31337 EURUSD,M1: modify #44633604 sell 0.01 EURUSD at 1.09685 sl: 1.10108 tp: 1.08918 ok
2	02:26:30.296	EA31337 EURUSD,M1: modify #44633984 sell 0.01 EURUSD at 1.09781 sl: 1.10200 tp: 1.08918 ok
2	02:26:30.722	EA31337 EURUSD,M1: modify #44634227 sell 0.01 EURUSD at 1.09807 sl: 1.10227 tp: 1.08918 ok
2	02:26:31.344	EA31337 EURUSD,M1: modify #44637759 sell 0.01 EURUSD at 1.09788 sl: 1.10210 tp: 1.08918 ok
2	02:26:32.058	EA31337 EURUSD,M1: modify #44640556 sell 0.01 EURUSD at 1.09495 sl: 1.09916 tp: 1.08918 ok
2	02:26:32.449	EA31337 EURUSD,M1: modify #44646668 sell 0.01 EURUSD at 1.09418 sl: 1.09839 tp: 1.08918 ok
2	02:26:51.378	EA31337 EURUSD,M1: modify #44630047 sell 0.01 EURUSD at 1.09452 sl: 1.09872 tp: 1.08908 ok
2	02:26:51.735	EA31337 EURUSD,M1: modify #44630324 sell 0.01 EURUSD at 1.09552 sl: 1.09974 tp: 1.08908 ok
2	02:26:52.255	EA31337 EURUSD,M1: modify #44630601 sell 0.01 EURUSD at 1.09573 sl: 1.09991 tp: 1.08909 ok
2	02:26:52.774	EA31337 EURUSD,M1: modify #44630803 sell 0.01 EURUSD at 1.09567 sl: 1.09985 tp: 1.08909 ok
2	02:26:53.131	EA31337 EURUSD,M1: modify #44631266 sell 0.01 EURUSD at 1.09551 sl: 1.09972 tp: 1.08909 ok
2	02:26:53.748	EA31337 EURUSD,M1: modify #44631353 sell 0.01 EURUSD at 1.09519 sl: 1.09940 tp: 1.08908 ok
2	02:26:54.332	EA31337 EURUSD,M1: modify #44632276 sell 0.01 EURUSD at 1.09673 sl: 1.10090 tp: 1.08908 ok
2	02:26:54.755	EA31337 EURUSD,M1: modify #44632733 sell 0.01 EURUSD at 1.09676 sl: 1.10097 tp: 1.08908 ok
2	02:26:55.246	EA31337 EURUSD,M1: modify #44633604 sell 0.01 EURUSD at 1.09685 sl: 1.10108 tp: 1.08908 ok
2	02:26:55.733	EA31337 EURUSD,M1: modify #44633984 sell 0.01 EURUSD at 1.09781 sl: 1.10200 tp: 1.08908 ok
2	02:26:55.960	EA31337 EURUSD,M1: modify #44634227 sell 0.01 EURUSD at 1.09807 sl: 1.10227 tp: 1.08908 ok
2	02:26:56.350	EA31337 EURUSD,M1: modify #44637759 sell 0.01 EURUSD at 1.09788 sl: 1.10210 tp: 1.08908 ok
2	02:26:56.839	EA31337 EURUSD,M1: modify #44640556 sell 0.01 EURUSD at 1.09495 sl: 1.09916 tp: 1.08908 ok
2	02:26:57.584	EA31337 EURUSD,M1: modify #44646668 sell 0.01 EURUSD at 1.09418 sl: 1.09839 tp: 1.08908 ok
2	02:27:33.875	EA31337 EURUSD,M1: modify #44630047 sell 0.01 EURUSD at 1.09452 sl: 1.09872 tp: 1.08900 ok
2	02:27:34.233	EA31337 EURUSD,M1: modify #44630324 sell 0.01 EURUSD at 1.09552 sl: 1.09974 tp: 1.08900 ok
2	02:27:34.590	EA31337 EURUSD,M1: modify #44630601 sell 0.01 EURUSD at 1.09573 sl: 1.09991 tp: 1.08900 ok
2	02:27:35.110	EA31337 EURUSD,M1: modify #44630803 sell 0.01 EURUSD at 1.09567 sl: 1.09985 tp: 1.08900 ok
2	02:27:35.536	EA31337 EURUSD,M1: modify #44631266 sell 0.01 EURUSD at 1.09551 sl: 1.09972 tp: 1.08900 ok
2	02:27:36.089	EA31337 EURUSD,M1: modify #44631353 sell 0.01 EURUSD at 1.09519 sl: 1.09940 tp: 1.08900 ok
2	02:27:36.677	EA31337 EURUSD,M1: modify #44632276 sell 0.01 EURUSD at 1.09673 sl: 1.10090 tp: 1.08900 ok
2	02:27:37.262	EA31337 EURUSD,M1: modify #44632733 sell 0.01 EURUSD at 1.09676 sl: 1.10097 tp: 1.08900 ok
2	02:27:37.781	EA31337 EURUSD,M1: modify #44633604 sell 0.01 EURUSD at 1.09685 sl: 1.10108 tp: 1.08900 ok
2	02:27:38.235	EA31337 EURUSD,M1: modify #44633984 sell 0.01 EURUSD at 1.09781 sl: 1.10200 tp: 1.08900 ok
2	02:27:38.722	EA31337 EURUSD,M1: modify #44634227 sell 0.01 EURUSD at 1.09807 sl: 1.10227 tp: 1.08900 ok
2	02:27:39.311	EA31337 EURUSD,M1: modify #44637759 sell 0.01 EURUSD at 1.09788 sl: 1.10210 tp: 1.08900 ok
2	02:27:39.607	EA31337 EURUSD,M1: modify #44640556 sell 0.01 EURUSD at 1.09495 sl: 1.09916 tp: 1.08900 ok
2	02:27:40.029	EA31337 EURUSD,M1: modify #44646668 sell 0.01 EURUSD at 1.09418 sl: 1.09839 tp: 1.08900 ok
2	02:30:59.117	EA31337 EURUSD,M1: modify #44630047 sell 0.01 EURUSD at 1.09452 sl: 1.09872 tp: 1.08891 ok
2	02:30:59.766	EA31337 EURUSD,M1: modify #44630324 sell 0.01 EURUSD at 1.09552 sl: 1.09974 tp: 1.08891 ok
2	02:31:00.582	EA31337 EURUSD,M1: modify #44630601 sell 0.01 EURUSD at 1.09573 sl: 1.09991 tp: 1.08891 ok
2	02:31:01.074	EA31337 EURUSD,M1: modify #44630803 sell 0.01 EURUSD at 1.09567 sl: 1.09985 tp: 1.08891 ok
2	02:31:01.592	EA31337 EURUSD,M1: modify #44631266 sell 0.01 EURUSD at 1.09551 sl: 1.09972 tp: 1.08891 ok
2	02:31:02.107	EA31337 EURUSD,M1: modify #44631353 sell 0.01 EURUSD at 1.09519 sl: 1.09940 tp: 1.08891 ok
2	02:31:02.627	EA31337 EURUSD,M1: modify #44632276 sell 0.01 EURUSD at 1.09673 sl: 1.10090 tp: 1.08891 ok
2	02:31:03.178	EA31337 EURUSD,M1: modify #44632733 sell 0.01 EURUSD at 1.09676 sl: 1.10097 tp: 1.08891 ok
2	02:31:03.636	EA31337 EURUSD,M1: modify #44633604 sell 0.01 EURUSD at 1.09685 sl: 1.10108 tp: 1.08890 ok
2	02:31:04.025	EA31337 EURUSD,M1: modify #44633984 sell 0.01 EURUSD at 1.09781 sl: 1.10200 tp: 1.08890 ok
2	02:31:04.480	EA31337 EURUSD,M1: modify #44634227 sell 0.01 EURUSD at 1.09807 sl: 1.10227 tp: 1.08890 ok
2	02:31:05.358	EA31337 EURUSD,M1: modify #44637759 sell 0.01 EURUSD at 1.09788 sl: 1.10210 tp: 1.08890 ok
2	02:31:05.910	EA31337 EURUSD,M1: modify #44640556 sell 0.01 EURUSD at 1.09495 sl: 1.09916 tp: 1.08892 ok
2	02:31:06.300	EA31337 EURUSD,M1: modify #44646668 sell 0.01 EURUSD at 1.09418 sl: 1.09839 tp: 1.08892 ok
2	02:40:35.846	EA31337 EURUSD,M1: modify #44630047 sell 0.01 EURUSD at 1.09452 sl: 1.09872 tp: 1.08889 ok
2	02:40:36.008	EA31337 EURUSD,M1: modify #44630324 sell 0.01 EURUSD at 1.09552 sl: 1.09974 tp: 1.08889 ok
2	02:40:36.657	EA31337 EURUSD,M1: modify #44630601 sell 0.01 EURUSD at 1.09573 sl: 1.09991 tp: 1.08889 ok
2	02:40:37.277	EA31337 EURUSD,M1: modify #44630803 sell 0.01 EURUSD at 1.09567 sl: 1.09985 tp: 1.08889 ok
2	02:40:37.699	EA31337 EURUSD,M1: modify #44631266 sell 0.01 EURUSD at 1.09551 sl: 1.09972 tp: 1.08889 ok
2	02:40:38.125	EA31337 EURUSD,M1: modify #44631353 sell 0.01 EURUSD at 1.09519 sl: 1.09940 tp: 1.08889 ok
2	02:40:38.612	EA31337 EURUSD,M1: modify #44632276 sell 0.01 EURUSD at 1.09673 sl: 1.10090 tp: 1.08889 ok
2	02:40:39.556	EA31337 EURUSD,M1: modify #44632733 sell 0.01 EURUSD at 1.09676 sl: 1.10097 tp: 1.08889 ok
2	02:40:39.877	EA31337 EURUSD,M1: modify #44640556 sell 0.01 EURUSD at 1.09495 sl: 1.09916 tp: 1.08890 ok
2	02:40:40.368	EA31337 EURUSD,M1: modify #44646668 sell 0.01 EURUSD at 1.09418 sl: 1.09839 tp: 1.08889 ok
0	03:01:06.566	EA31337 EURUSD,M1: == New hour: 3
0	04:09:11.220	EA31337 EURUSD,M1: == New hour: 4
0	05:05:51.646	EA31337 EURUSD,M1: == New hour: 5
0	06:00:13.498	EA31337 EURUSD,M1: == New hour: 6
0	06:51:35.689	EA31337 EURUSD,M1: OpenOrderIsAllowed(): Maximum open and pending orders reached the limit (MaxOrders).
0	07:01:48.189	EA31337 EURUSD,M1: == New hour: 7
2	07:07:35.239	EA31337 EURUSD,M1: modify #44630047 sell 0.01 EURUSD at 1.09452 sl: 1.09872 tp: 1.08859 ok
2	07:07:35.665	EA31337 EURUSD,M1: modify #44630324 sell 0.01 EURUSD at 1.09552 sl: 1.09974 tp: 1.08859 ok
2	07:07:36.119	EA31337 EURUSD,M1: modify #44630601 sell 0.01 EURUSD at 1.09573 sl: 1.09991 tp: 1.08859 ok
2	07:07:36.545	EA31337 EURUSD,M1: modify #44630803 sell 0.01 EURUSD at 1.09567 sl: 1.09985 tp: 1.08859 ok
2	07:07:37.166	EA31337 EURUSD,M1: modify #44631266 sell 0.01 EURUSD at 1.09551 sl: 1.09972 tp: 1.08859 ok
2	07:07:37.592	EA31337 EURUSD,M1: modify #44631353 sell 0.01 EURUSD at 1.09519 sl: 1.09940 tp: 1.08859 ok
2	07:07:38.237	EA31337 EURUSD,M1: modify #44632276 sell 0.01 EURUSD at 1.09673 sl: 1.10090 tp: 1.08859 ok
2	07:07:38.854	EA31337 EURUSD,M1: modify #44632733 sell 0.01 EURUSD at 1.09676 sl: 1.10097 tp: 1.08859 ok
2	07:07:39.243	EA31337 EURUSD,M1: modify #44633604 sell 0.01 EURUSD at 1.09685 sl: 1.10108 tp: 1.08859 ok
2	07:07:39.799	EA31337 EURUSD,M1: modify #44633984 sell 0.01 EURUSD at 1.09781 sl: 1.10200 tp: 1.08862 ok
2	07:07:40.216	EA31337 EURUSD,M1: modify #44634227 sell 0.01 EURUSD at 1.09807 sl: 1.10227 tp: 1.08861 ok
2	07:07:40.739	EA31337 EURUSD,M1: modify #44637759 sell 0.01 EURUSD at 1.09788 sl: 1.10210 tp: 1.08861 ok
2	07:07:41.223	EA31337 EURUSD,M1: modify #44640556 sell 0.01 EURUSD at 1.09495 sl: 1.09916 tp: 1.08861 ok
2	07:07:42.004	EA31337 EURUSD,M1: modify #44646668 sell 0.01 EURUSD at 1.09418 sl: 1.09839 tp: 1.08861 ok
0	07:08:19.474	EA31337 EURUSD,M1: ExecuteOrder(): MarketInfo: Symbol: EURUSD; Ask: 1.09332; Bid: 1.09310; Spread: 22 points = 2.2 pips; 
2	07:08:20.549	EA31337 EURUSD,M1: open #44650154 sell 0.01 EURUSD at 1.09310 sl: 1.09732 ok
0	07:08:20.549	EA31337 EURUSD,M1: #44650154 2015.12.23 07:08:11 sell 0.01 EURUSD 1.09310 1.09732 0.00000 1.09332 0.00 0.00 -0.22 | spread: 2.0 31350
0	07:08:20.614	EA31337 EURUSD,M1: ExecuteOrder(): Order Details: Ticket: 44650154; Time: 2015.12.23 07:08:05; Comment: | spread: 2.0; Commision: 0; Symbol: EURUSD; Type: Sell; Expiration: 0; Open Price: 1.09310; Close Price: 1.09332; Take Profit: -0.22; Stop Loss: 1.0973; Swap: 0; Lot size: 0.01; Account Details: Time: 2015.12.23 07:08:05; Account Balance: $2030.55; Account Equity: $2180.47; Used Margin: $300.00; Free Margin: $1880.47; No of Orders: 30 (BUY/SELL: 6/24); Risk Ratio: 0.9
0	07:08:35.302	EA31337 EURUSD,M1: OpenOrderIsAllowed(): Maximum open and pending orders reached the limit (MaxOrders).
0	07:08:35.302	EA31337 EURUSD,M1: OpenOrderIsAllowed(): Maximum open and pending orders reached the limit (MaxOrders).
0	07:08:35.400	EA31337 EURUSD,M1: OpenOrderIsAllowed(): Maximum open and pending orders reached the limit (MaxOrders).
0	07:08:40.647	EA31337 EURUSD,M1: OpenOrderIsAllowed(): Maximum open and pending orders reached the limit (MaxOrders).
0	07:08:40.679	EA31337 EURUSD,M1: OpenOrderIsAllowed(): Maximum open and pending orders reached the limit (MaxOrders).
0	07:08:58.605	EA31337 EURUSD,M1: OpenOrderIsAllowed(): Maximum open and pending orders reached the limit (MaxOrders).
0	07:08:58.967	EA31337 EURUSD,M1: OpenOrderIsAllowed(): Maximum open and pending orders reached the limit (MaxOrders).
0	07:08:59.031	EA31337 EURUSD,M1: OpenOrderIsAllowed(): Maximum open and pending orders reached the limit (MaxOrders).
0	07:08:59.098	EA31337 EURUSD,M1: OpenOrderIsAllowed(): Maximum open and pending orders reached the limit (MaxOrders).
0	07:09:25.718	EA31337 EURUSD,M1: OpenOrderIsAllowed(): Maximum open and pending orders reached the limit (MaxOrders).
0	07:09:25.718	EA31337 EURUSD,M1: OpenOrderIsAllowed(): Maximum open and pending orders reached the limit (MaxOrders).
0	07:09:25.754	EA31337 EURUSD,M1: OpenOrderIsAllowed(): Maximum open and pending orders reached the limit (MaxOrders).
2	07:09:35.801	EA31337 EURUSD,M1: modify #44650154 sell 0.01 EURUSD at 1.09310 sl: 1.09732 tp: 1.08949 ok
0	07:12:53.828	EA31337 EURUSD,M1: OpenOrderIsAllowed(): Maximum open and pending orders reached the limit (MaxOrders).
2	07:25:50.733	EA31337 EURUSD,M1: modify #44630047 sell 0.01 EURUSD at 1.09452 sl: 1.09872 tp: 1.08851 ok
2	07:25:51.192	EA31337 EURUSD,M1: modify #44630324 sell 0.01 EURUSD at 1.09552 sl: 1.09974 tp: 1.08851 ok
2	07:25:51.645	EA31337 EURUSD,M1: modify #44630601 sell 0.01 EURUSD at 1.09573 sl: 1.09991 tp: 1.08851 ok
2	07:25:52.001	EA31337 EURUSD,M1: modify #44630803 sell 0.01 EURUSD at 1.09567 sl: 1.09985 tp: 1.08851 ok
2	07:25:52.585	EA31337 EURUSD,M1: modify #44631266 sell 0.01 EURUSD at 1.09551 sl: 1.09972 tp: 1.08851 ok
2	07:25:52.974	EA31337 EURUSD,M1: modify #44631353 sell 0.01 EURUSD at 1.09519 sl: 1.09940 tp: 1.08851 ok
2	07:25:53.364	EA31337 EURUSD,M1: modify #44632276 sell 0.01 EURUSD at 1.09673 sl: 1.10090 tp: 1.08851 ok
2	07:25:53.756	EA31337 EURUSD,M1: modify #44632733 sell 0.01 EURUSD at 1.09676 sl: 1.10097 tp: 1.08851 ok
2	07:25:54.274	EA31337 EURUSD,M1: modify #44633604 sell 0.01 EURUSD at 1.09685 sl: 1.10108 tp: 1.08851 ok
2	07:25:54.825	EA31337 EURUSD,M1: modify #44633984 sell 0.01 EURUSD at 1.09781 sl: 1.10200 tp: 1.08851 ok
2	07:26:00.809	EA31337 EURUSD,M1: modify #44634227 sell 0.01 EURUSD at 1.09807 sl: 1.10227 tp: 1.08851 ok
2	07:26:01.166	EA31337 EURUSD,M1: modify #44637759 sell 0.01 EURUSD at 1.09788 sl: 1.10210 tp: 1.08851 ok
2	07:26:01.624	EA31337 EURUSD,M1: modify #44640556 sell 0.01 EURUSD at 1.09495 sl: 1.09916 tp: 1.08853 ok
2	07:26:01.949	EA31337 EURUSD,M1: modify #44646668 sell 0.01 EURUSD at 1.09418 sl: 1.09839 tp: 1.08853 ok
0	08:00:57.048	EA31337 EURUSD,M1: == New hour: 8
2	08:03:39.169	EA31337 EURUSD,M1: modify #44640556 sell 0.01 EURUSD at 1.09495 sl: 1.09916 tp: 1.08851 ok
2	08:03:39.591	EA31337 EURUSD,M1: modify #44646668 sell 0.01 EURUSD at 1.09418 sl: 1.09839 tp: 1.08851 ok
2	08:06:44.263	EA31337 EURUSD,M1: modify #44630047 sell 0.01 EURUSD at 1.09452 sl: 1.09872 tp: 1.08820 ok
2	08:06:44.686	EA31337 EURUSD,M1: modify #44630324 sell 0.01 EURUSD at 1.09552 sl: 1.09974 tp: 1.08820 ok
2	08:06:45.271	EA31337 EURUSD,M1: modify #44630601 sell 0.01 EURUSD at 1.09573 sl: 1.09991 tp: 1.08820 ok
2	08:06:45.823	EA31337 EURUSD,M1: modify #44630803 sell 0.01 EURUSD at 1.09567 sl: 1.09985 tp: 1.08820 ok
2	08:06:46.372	EA31337 EURUSD,M1: modify #44631266 sell 0.01 EURUSD at 1.09551 sl: 1.09972 tp: 1.08820 ok
2	08:06:46.794	EA31337 EURUSD,M1: modify #44631353 sell 0.01 EURUSD at 1.09519 sl: 1.09940 tp: 1.08819 ok
2	08:06:47.183	EA31337 EURUSD,M1: modify #44632276 sell 0.01 EURUSD at 1.09673 sl: 1.10090 tp: 1.08820 ok
2	08:06:47.870	EA31337 EURUSD,M1: modify #44632733 sell 0.01 EURUSD at 1.09676 sl: 1.10097 tp: 1.08820 ok
2	08:06:48.288	EA31337 EURUSD,M1: modify #44633604 sell 0.01 EURUSD at 1.09685 sl: 1.10108 tp: 1.08820 ok
2	08:06:48.836	EA31337 EURUSD,M1: modify #44633984 sell 0.01 EURUSD at 1.09781 sl: 1.10200 tp: 1.08820 ok
2	08:06:49.259	EA31337 EURUSD,M1: modify #44634227 sell 0.01 EURUSD at 1.09807 sl: 1.10227 tp: 1.08820 ok
2	08:06:49.839	EA31337 EURUSD,M1: modify #44637759 sell 0.01 EURUSD at 1.09788 sl: 1.10210 tp: 1.08820 ok
2	08:06:50.322	EA31337 EURUSD,M1: modify #44640556 sell 0.01 EURUSD at 1.09495 sl: 1.09916 tp: 1.08820 ok
2	08:06:50.772	EA31337 EURUSD,M1: modify #44646668 sell 0.01 EURUSD at 1.09418 sl: 1.09839 tp: 1.08819 ok
2	08:15:54.098	EA31337 EURUSD,M1: modify #44630047 sell 0.01 EURUSD at 1.09452 sl: 1.09872 tp: 1.08787 ok
2	08:15:54.743	EA31337 EURUSD,M1: modify #44630324 sell 0.01 EURUSD at 1.09552 sl: 1.09974 tp: 1.08787 ok
2	08:15:55.035	EA31337 EURUSD,M1: modify #44630601 sell 0.01 EURUSD at 1.09573 sl: 1.09991 tp: 1.08788 ok
2	08:15:55.424	EA31337 EURUSD,M1: modify #44630803 sell 0.01 EURUSD at 1.09567 sl: 1.09985 tp: 1.08788 ok
2	08:15:55.870	EA31337 EURUSD,M1: modify #44631266 sell 0.01 EURUSD at 1.09551 sl: 1.09972 tp: 1.08788 ok
2	08:15:56.356	EA31337 EURUSD,M1: modify #44631353 sell 0.01 EURUSD at 1.09519 sl: 1.09940 tp: 1.08788 ok
2	08:15:57.756	EA31337 EURUSD,M1: modify #44632276 sell 0.01 EURUSD at 1.09673 sl: 1.10090 tp: 1.08788 ok
2	08:15:58.147	EA31337 EURUSD,M1: modify #44632733 sell 0.01 EURUSD at 1.09676 sl: 1.10097 tp: 1.08788 ok
2	08:15:58.794	EA31337 EURUSD,M1: modify #44633604 sell 0.01 EURUSD at 1.09685 sl: 1.10108 tp: 1.08790 ok
2	08:15:59.281	EA31337 EURUSD,M1: modify #44633984 sell 0.01 EURUSD at 1.09781 sl: 1.10200 tp: 1.08789 ok
2	08:15:59.829	EA31337 EURUSD,M1: modify #44634227 sell 0.01 EURUSD at 1.09807 sl: 1.10227 tp: 1.08789 ok
2	08:16:00.475	EA31337 EURUSD,M1: modify #44637759 sell 0.01 EURUSD at 1.09788 sl: 1.10210 tp: 1.08789 ok
2	08:16:01.059	EA31337 EURUSD,M1: modify #44640556 sell 0.01 EURUSD at 1.09495 sl: 1.09916 tp: 1.08789 ok
2	08:16:01.778	EA31337 EURUSD,M1: modify #44646668 sell 0.01 EURUSD at 1.09418 sl: 1.09839 tp: 1.08787 ok
2	08:20:53.210	EA31337 EURUSD,M1: modify #44630047 sell 0.01 EURUSD at 1.09452 sl: 1.09872 tp: 1.08783 ok
2	08:20:53.792	EA31337 EURUSD,M1: modify #44630324 sell 0.01 EURUSD at 1.09552 sl: 1.09974 tp: 1.08783 ok
2	08:20:54.475	EA31337 EURUSD,M1: modify #44630601 sell 0.01 EURUSD at 1.09573 sl: 1.09991 tp: 1.08784 ok
2	08:20:55.056	EA31337 EURUSD,M1: modify #44630803 sell 0.01 EURUSD at 1.09567 sl: 1.09985 tp: 1.08784 ok
2	08:20:55.575	EA31337 EURUSD,M1: modify #44631266 sell 0.01 EURUSD at 1.09551 sl: 1.09972 tp: 1.08784 ok
2	08:20:56.257	EA31337 EURUSD,M1: modify #44631353 sell 0.01 EURUSD at 1.09519 sl: 1.09940 tp: 1.08784 ok
2	08:20:56.807	EA31337 EURUSD,M1: modify #44632276 sell 0.01 EURUSD at 1.09673 sl: 1.10090 tp: 1.08784 ok
2	08:20:57.428	EA31337 EURUSD,M1: modify #44632733 sell 0.01 EURUSD at 1.09676 sl: 1.10097 tp: 1.08784 ok
2	08:20:57.945	EA31337 EURUSD,M1: modify #44633604 sell 0.01 EURUSD at 1.09685 sl: 1.10108 tp: 1.08784 ok
2	08:20:58.306	EA31337 EURUSD,M1: modify #44633984 sell 0.01 EURUSD at 1.09781 sl: 1.10200 tp: 1.08784 ok
2	08:20:58.826	EA31337 EURUSD,M1: modify #44634227 sell 0.01 EURUSD at 1.09807 sl: 1.10227 tp: 1.08784 ok
2	08:20:59.543	EA31337 EURUSD,M1: modify #44637759 sell 0.01 EURUSD at 1.09788 sl: 1.10210 tp: 1.08784 ok
2	08:21:00.029	EA31337 EURUSD,M1: modify #44640556 sell 0.01 EURUSD at 1.09495 sl: 1.09916 tp: 1.08785 ok
2	08:21:00.483	EA31337 EURUSD,M1: modify #44646668 sell 0.01 EURUSD at 1.09418 sl: 1.09839 tp: 1.08785 ok
2	08:24:39.639	EA31337 EURUSD,M1: modify #44630047 sell 0.01 EURUSD at 1.09452 sl: 1.09872 tp: 1.08762 ok
2	08:24:40.158	EA31337 EURUSD,M1: modify #44630324 sell 0.01 EURUSD at 1.09552 sl: 1.09974 tp: 1.08763 ok
2	08:24:40.515	EA31337 EURUSD,M1: modify #44630601 sell 0.01 EURUSD at 1.09573 sl: 1.09991 tp: 1.08763 ok
2	08:24:41.038	EA31337 EURUSD,M1: modify #44630803 sell 0.01 EURUSD at 1.09567 sl: 1.09985 tp: 1.08763 ok
2	08:24:41.424	EA31337 EURUSD,M1: modify #44631266 sell 0.01 EURUSD at 1.09551 sl: 1.09972 tp: 1.08763 ok
2	08:24:41.813	EA31337 EURUSD,M1: modify #44631353 sell 0.01 EURUSD at 1.09519 sl: 1.09940 tp: 1.08763 ok
2	08:24:42.241	EA31337 EURUSD,M1: modify #44632276 sell 0.01 EURUSD at 1.09673 sl: 1.10090 tp: 1.08763 ok
2	08:24:42.690	EA31337 EURUSD,M1: modify #44632733 sell 0.01 EURUSD at 1.09676 sl: 1.10097 tp: 1.08762 ok
2	08:24:43.085	EA31337 EURUSD,M1: modify #44633604 sell 0.01 EURUSD at 1.09685 sl: 1.10108 tp: 1.08762 ok
2	08:24:43.667	EA31337 EURUSD,M1: modify #44633984 sell 0.01 EURUSD at 1.09781 sl: 1.10200 tp: 1.08762 ok
2	08:24:44.122	EA31337 EURUSD,M1: modify #44634227 sell 0.01 EURUSD at 1.09807 sl: 1.10227 tp: 1.08762 ok
2	08:24:44.703	EA31337 EURUSD,M1: modify #44637759 sell 0.01 EURUSD at 1.09788 sl: 1.10210 tp: 1.08762 ok
2	08:24:45.189	EA31337 EURUSD,M1: modify #44640556 sell 0.01 EURUSD at 1.09495 sl: 1.09916 tp: 1.08762 ok
2	08:24:45.616	EA31337 EURUSD,M1: modify #44646668 sell 0.01 EURUSD at 1.09418 sl: 1.09839 tp: 1.08761 ok
2	08:31:32.096	EA31337 EURUSD,M1: modify #44630047 sell 0.01 EURUSD at 1.09452 sl: 1.09872 tp: 1.08720 ok
2	08:31:32.575	EA31337 EURUSD,M1: modify #44630324 sell 0.01 EURUSD at 1.09552 sl: 1.09974 tp: 1.08718 ok
2	08:31:33.066	EA31337 EURUSD,M1: modify #44630601 sell 0.01 EURUSD at 1.09573 sl: 1.09991 tp: 1.08719 ok
2	08:31:33.488	EA31337 EURUSD,M1: modify #44630803 sell 0.01 EURUSD at 1.09567 sl: 1.09985 tp: 1.08718 ok
2	08:31:33.947	EA31337 EURUSD,M1: modify #44631266 sell 0.01 EURUSD at 1.09551 sl: 1.09972 tp: 1.08719 ok
2	08:31:34.499	EA31337 EURUSD,M1: modify #44631353 sell 0.01 EURUSD at 1.09519 sl: 1.09940 tp: 1.08719 ok
2	08:31:34.824	EA31337 EURUSD,M1: modify #44632276 sell 0.01 EURUSD at 1.09673 sl: 1.10090 tp: 1.08719 ok
2	08:31:35.283	EA31337 EURUSD,M1: modify #44632733 sell 0.01 EURUSD at 1.09676 sl: 1.10097 tp: 1.08720 ok
2	08:31:35.738	EA31337 EURUSD,M1: modify #44633604 sell 0.01 EURUSD at 1.09685 sl: 1.10108 tp: 1.08720 ok
2	08:31:37.362	EA31337 EURUSD,M1: modify #44633984 sell 0.01 EURUSD at 1.09781 sl: 1.10200 tp: 1.08720 ok
2	08:31:37.687	EA31337 EURUSD,M1: modify #44634227 sell 0.01 EURUSD at 1.09807 sl: 1.10227 tp: 1.08719 ok
2	08:31:38.170	EA31337 EURUSD,M1: modify #44637759 sell 0.01 EURUSD at 1.09788 sl: 1.10210 tp: 1.08720 ok
2	08:31:38.528	EA31337 EURUSD,M1: modify #44640556 sell 0.01 EURUSD at 1.09495 sl: 1.09916 tp: 1.08720 ok
2	08:31:39.116	EA31337 EURUSD,M1: modify #44646668 sell 0.01 EURUSD at 1.09418 sl: 1.09839 tp: 1.08720 ok
2	08:53:27.226	EA31337 EURUSD,M1: modify #44630047 sell 0.01 EURUSD at 1.09452 sl: 1.09872 tp: 1.08710 ok
2	08:53:27.770	EA31337 EURUSD,M1: modify #44630324 sell 0.01 EURUSD at 1.09552 sl: 1.09974 tp: 1.08710 ok
2	08:53:28.489	EA31337 EURUSD,M1: modify #44630601 sell 0.01 EURUSD at 1.09573 sl: 1.09991 tp: 1.08710 ok
2	08:53:28.846	EA31337 EURUSD,M1: modify #44630803 sell 0.01 EURUSD at 1.09567 sl: 1.09985 tp: 1.08709 ok
2	08:53:29.403	EA31337 EURUSD,M1: modify #44631266 sell 0.01 EURUSD at 1.09551 sl: 1.09972 tp: 1.08709 ok
2	08:53:30.016	EA31337 EURUSD,M1: modify #44631353 sell 0.01 EURUSD at 1.09519 sl: 1.09940 tp: 1.08709 ok
2	08:53:30.633	EA31337 EURUSD,M1: modify #44632276 sell 0.01 EURUSD at 1.09673 sl: 1.10090 tp: 1.08710 ok
2	08:53:31.189	EA31337 EURUSD,M1: modify #44632733 sell 0.01 EURUSD at 1.09676 sl: 1.10097 tp: 1.08710 ok
2	08:53:31.648	EA31337 EURUSD,M1: modify #44633604 sell 0.01 EURUSD at 1.09685 sl: 1.10108 tp: 1.08711 ok
2	08:53:32.264	EA31337 EURUSD,M1: modify #44633984 sell 0.01 EURUSD at 1.09781 sl: 1.10200 tp: 1.08711 ok
2	08:53:32.723	EA31337 EURUSD,M1: modify #44634227 sell 0.01 EURUSD at 1.09807 sl: 1.10227 tp: 1.08710 ok
2	08:53:33.308	EA31337 EURUSD,M1: modify #44637759 sell 0.01 EURUSD at 1.09788 sl: 1.10210 tp: 1.08710 ok
2	08:53:34.152	EA31337 EURUSD,M1: modify #44640556 sell 0.01 EURUSD at 1.09495 sl: 1.09916 tp: 1.08709 ok
2	08:53:34.383	EA31337 EURUSD,M1: modify #44646668 sell 0.01 EURUSD at 1.09418 sl: 1.09839 tp: 1.08710 ok
0	09:03:14.199	EA31337 EURUSD,M1: == New hour: 9
0	10:01:47.058	EA31337 EURUSD,M1: == New hour: 10
0	11:00:33.916	EA31337 EURUSD,M1: == New hour: 11
0	12:00:08.755	EA31337 EURUSD,M1: == New hour: 12
0	12:25:54.211	EA31337 EURUSD,M1: OpenOrderIsAllowed(): Maximum open and pending orders reached the limit (MaxOrders).
0	13:03:49.781	EA31337 EURUSD,M1: == New hour: 13
2	13:06:30.427	EA31337 EURUSD,M1: modify #44630047 sell 0.01 EURUSD at 1.09452 sl: 1.09872 tp: 1.08706 ok
2	13:06:30.881	EA31337 EURUSD,M1: modify #44630324 sell 0.01 EURUSD at 1.09552 sl: 1.09974 tp: 1.08706 ok
2	13:06:31.210	EA31337 EURUSD,M1: modify #44630601 sell 0.01 EURUSD at 1.09573 sl: 1.09991 tp: 1.08707 ok
2	13:06:31.757	EA31337 EURUSD,M1: modify #44630803 sell 0.01 EURUSD at 1.09567 sl: 1.09985 tp: 1.08707 ok
2	13:06:31.922	EA31337 EURUSD,M1: modify #44631266 sell 0.01 EURUSD at 1.09551 sl: 1.09972 tp: 1.08707 ok
2	13:06:32.402	EA31337 EURUSD,M1: modify #44631353 sell 0.01 EURUSD at 1.09519 sl: 1.09940 tp: 1.08707 ok
2	13:06:33.148	EA31337 EURUSD,M1: modify #44632276 sell 0.01 EURUSD at 1.09673 sl: 1.10090 tp: 1.08707 ok
2	13:06:33.566	EA31337 EURUSD,M1: modify #44632733 sell 0.01 EURUSD at 1.09676 sl: 1.10097 tp: 1.08708 ok
2	13:06:34.057	EA31337 EURUSD,M1: modify #44633604 sell 0.01 EURUSD at 1.09685 sl: 1.10108 tp: 1.08706 ok
2	13:06:34.804	EA31337 EURUSD,M1: modify #44633984 sell 0.01 EURUSD at 1.09781 sl: 1.10200 tp: 1.08706 ok
2	13:06:35.254	EA31337 EURUSD,M1: modify #44634227 sell 0.01 EURUSD at 1.09807 sl: 1.10227 tp: 1.08707 ok
2	13:06:35.712	EA31337 EURUSD,M1: modify #44637759 sell 0.01 EURUSD at 1.09788 sl: 1.10210 tp: 1.08707 ok
2	13:06:36.166	EA31337 EURUSD,M1: modify #44640556 sell 0.01 EURUSD at 1.09495 sl: 1.09916 tp: 1.08707 ok
2	13:06:36.746	EA31337 EURUSD,M1: modify #44646668 sell 0.01 EURUSD at 1.09418 sl: 1.09839 tp: 1.08707 ok
0	13:10:47.915	EA31337 EURUSD,M1: ExecuteOrder(): MarketInfo: Symbol: EURUSD; Ask: 1.09158; Bid: 1.09138; Spread: 20 points = 2 pips; 
2	13:10:48.909	EA31337 EURUSD,M1: open #44660848 sell 0.01 EURUSD at 1.09138 sl: 1.09558 ok
0	13:10:48.909	EA31337 EURUSD,M1: #44660848 2015.12.23 13:10:39 sell 0.01 EURUSD 1.09138 1.09558 0.00000 1.09159 0.00 0.00 -0.21 | spread: 2.1 31352
0	13:10:48.909	EA31337 EURUSD,M1: ExecuteOrder(): Order Details: Ticket: 44660848; Time: 2015.12.23 13:10:19; Comment: | spread: 2.1; Commision: 0; Symbol: EURUSD; Type: Sell; Expiration: 0; Open Price: 1.09138; Close Price: 1.09159; Take Profit: -0.21; Stop Loss: 1.0956; Swap: 0; Lot size: 0.01; Account Details: Time: 2015.12.23 13:10:19; Account Balance: $2026.07; Account Equity: $2211.37; Used Margin: $300.00; Free Margin: $1911.37; No of Orders: 30 (BUY/SELL: 5/25); Risk Ratio: 0.9
0	13:11:08.263	EA31337 EURUSD,M1: OpenOrderIsAllowed(): Maximum open and pending orders reached the limit (MaxOrders).
0	13:11:08.263	EA31337 EURUSD,M1: OpenOrderIsAllowed(): Maximum open and pending orders reached the limit (MaxOrders).
0	13:11:09.418	EA31337 EURUSD,M1: OpenOrderIsAllowed(): Maximum open and pending orders reached the limit (MaxOrders).
0	13:11:09.548	EA31337 EURUSD,M1: OpenOrderIsAllowed(): Maximum open and pending orders reached the limit (MaxOrders).
0	13:11:09.937	EA31337 EURUSD,M1: OpenOrderIsAllowed(): Maximum open and pending orders reached the limit (MaxOrders).
0	13:11:09.937	EA31337 EURUSD,M1: OpenOrderIsAllowed(): Maximum open and pending orders reached the limit (MaxOrders).
0	13:11:44.687	EA31337 EURUSD,M1: OpenOrderIsAllowed(): Maximum open and pending orders reached the limit (MaxOrders).
0	13:11:44.687	EA31337 EURUSD,M1: OpenOrderIsAllowed(): Maximum open and pending orders reached the limit (MaxOrders).
0	13:11:44.947	EA31337 EURUSD,M1: OpenOrderIsAllowed(): Maximum open and pending orders reached the limit (MaxOrders).
2	13:11:46.374	EA31337 EURUSD,M1: modify #44630047 sell 0.01 EURUSD at 1.09452 sl: 1.09872 tp: 1.08691 ok
2	13:11:46.917	EA31337 EURUSD,M1: modify #44630324 sell 0.01 EURUSD at 1.09552 sl: 1.09974 tp: 1.08692 ok
2	13:11:47.328	EA31337 EURUSD,M1: modify #44630601 sell 0.01 EURUSD at 1.09573 sl: 1.09991 tp: 1.08691 ok
2	13:11:48.028	EA31337 EURUSD,M1: modify #44630803 sell 0.01 EURUSD at 1.09567 sl: 1.09985 tp: 1.08691 ok
2	13:11:48.288	EA31337 EURUSD,M1: modify #44631266 sell 0.01 EURUSD at 1.09551 sl: 1.09972 tp: 1.08691 ok
2	13:11:48.774	EA31337 EURUSD,M1: modify #44631353 sell 0.01 EURUSD at 1.09519 sl: 1.09940 tp: 1.08691 ok
2	13:11:49.197	EA31337 EURUSD,M1: modify #44632276 sell 0.01 EURUSD at 1.09673 sl: 1.10090 tp: 1.08691 ok
2	13:11:49.582	EA31337 EURUSD,M1: modify #44632733 sell 0.01 EURUSD at 1.09676 sl: 1.10097 tp: 1.08691 ok
2	13:11:50.199	EA31337 EURUSD,M1: modify #44633604 sell 0.01 EURUSD at 1.09685 sl: 1.10108 tp: 1.08692 ok
2	13:11:50.492	EA31337 EURUSD,M1: modify #44633984 sell 0.01 EURUSD at 1.09781 sl: 1.10200 tp: 1.08693 ok
2	13:11:51.044	EA31337 EURUSD,M1: modify #44634227 sell 0.01 EURUSD at 1.09807 sl: 1.10227 tp: 1.08693 ok
2	13:11:51.303	EA31337 EURUSD,M1: modify #44637759 sell 0.01 EURUSD at 1.09788 sl: 1.10210 tp: 1.08693 ok
2	13:11:51.758	EA31337 EURUSD,M1: modify #44640556 sell 0.01 EURUSD at 1.09495 sl: 1.09916 tp: 1.08693 ok
2	13:11:52.017	EA31337 EURUSD,M1: modify #44646668 sell 0.01 EURUSD at 1.09418 sl: 1.09839 tp: 1.08693 ok
2	13:11:52.472	EA31337 EURUSD,M1: modify #44660848 sell 0.01 EURUSD at 1.09138 sl: 1.09558 tp: 1.08752 ok
0	13:12:24.464	EA31337 EURUSD,M1: OpenOrderIsAllowed(): Maximum open and pending orders reached the limit (MaxOrders).
0	13:12:24.464	EA31337 EURUSD,M1: OpenOrderIsAllowed(): Maximum open and pending orders reached the limit (MaxOrders).
0	13:13:00.026	EA31337 EURUSD,M1: OpenOrderIsAllowed(): Maximum open and pending orders reached the limit (MaxOrders).
0	13:13:00.605	EA31337 EURUSD,M1: OpenOrderIsAllowed(): Maximum open and pending orders reached the limit (MaxOrders).
0	13:13:00.605	EA31337 EURUSD,M1: OpenOrderIsAllowed(): Maximum open and pending orders reached the limit (MaxOrders).
0	13:13:00.605	EA31337 EURUSD,M1: OpenOrderIsAllowed(): Maximum open and pending orders reached the limit (MaxOrders).
0	13:13:59.969	EA31337 EURUSD,M1: OpenOrderIsAllowed(): Maximum open and pending orders reached the limit (MaxOrders).
0	13:14:00.066	EA31337 EURUSD,M1: OpenOrderIsAllowed(): Maximum open and pending orders reached the limit (MaxOrders).
0	13:14:00.066	EA31337 EURUSD,M1: OpenOrderIsAllowed(): Maximum open and pending orders reached the limit (MaxOrders).
0	13:14:00.066	EA31337 EURUSD,M1: OpenOrderIsAllowed(): Maximum open and pending orders reached the limit (MaxOrders).
0	13:14:27.558	EA31337 EURUSD,M1: OpenOrderIsAllowed(): Maximum open and pending orders reached the limit (MaxOrders).
0	13:14:27.558	EA31337 EURUSD,M1: OpenOrderIsAllowed(): Maximum open and pending orders reached the limit (MaxOrders).
0	13:15:24.441	EA31337 EURUSD,M1: OpenOrderIsAllowed(): Maximum open and pending orders reached the limit (MaxOrders).
2	13:28:14.422	EA31337 EURUSD,M1: modify #44630047 sell 0.01 EURUSD at 1.09452 sl: 1.09872 tp: 1.08670 ok
2	13:28:14.902	EA31337 EURUSD,M1: modify #44630324 sell 0.01 EURUSD at 1.09552 sl: 1.09974 tp: 1.08670 ok
2	13:28:15.297	EA31337 EURUSD,M1: modify #44630601 sell 0.01 EURUSD at 1.09573 sl: 1.09991 tp: 1.08670 ok
2	13:28:15.977	EA31337 EURUSD,M1: modify #44630803 sell 0.01 EURUSD at 1.09567 sl: 1.09985 tp: 1.08670 ok
2	13:28:16.432	EA31337 EURUSD,M1: modify #44631266 sell 0.01 EURUSD at 1.09551 sl: 1.09972 tp: 1.08670 ok
2	13:28:16.919	EA31337 EURUSD,M1: modify #44631353 sell 0.01 EURUSD at 1.09519 sl: 1.09940 tp: 1.08670 ok
2	13:28:17.568	EA31337 EURUSD,M1: modify #44632276 sell 0.01 EURUSD at 1.09673 sl: 1.10090 tp: 1.08670 ok
2	13:28:18.023	EA31337 EURUSD,M1: modify #44632733 sell 0.01 EURUSD at 1.09676 sl: 1.10097 tp: 1.08670 ok
2	13:28:18.542	EA31337 EURUSD,M1: modify #44633604 sell 0.01 EURUSD at 1.09685 sl: 1.10108 tp: 1.08670 ok
2	13:28:19.052	EA31337 EURUSD,M1: modify #44633984 sell 0.01 EURUSD at 1.09781 sl: 1.10200 tp: 1.08670 ok
2	13:28:19.441	EA31337 EURUSD,M1: modify #44634227 sell 0.01 EURUSD at 1.09807 sl: 1.10227 tp: 1.08670 ok
2	13:28:19.827	EA31337 EURUSD,M1: modify #44637759 sell 0.01 EURUSD at 1.09788 sl: 1.10210 tp: 1.08671 ok
2	13:28:20.273	EA31337 EURUSD,M1: modify #44640556 sell 0.01 EURUSD at 1.09495 sl: 1.09916 tp: 1.08669 ok
2	13:28:20.885	EA31337 EURUSD,M1: modify #44646668 sell 0.01 EURUSD at 1.09418 sl: 1.09839 tp: 1.08669 ok
2	13:46:06.180	EA31337 EURUSD,M1: modify #44637759 sell 0.01 EURUSD at 1.09788 sl: 1.10210 tp: 1.08670 ok
2	13:48:51.604	EA31337 EURUSD,M1: modify #44630047 sell 0.01 EURUSD at 1.09452 sl: 1.09872 tp: 1.08657 ok
2	13:48:52.096	EA31337 EURUSD,M1: modify #44630324 sell 0.01 EURUSD at 1.09552 sl: 1.09974 tp: 1.08657 ok
2	13:48:52.291	EA31337 EURUSD,M1: modify #44630601 sell 0.01 EURUSD at 1.09573 sl: 1.09991 tp: 1.08657 ok
2	13:48:52.876	EA31337 EURUSD,M1: modify #44630803 sell 0.01 EURUSD at 1.09567 sl: 1.09985 tp: 1.08657 ok
2	13:48:53.362	EA31337 EURUSD,M1: modify #44631266 sell 0.01 EURUSD at 1.09551 sl: 1.09972 tp: 1.08657 ok
2	13:48:53.849	EA31337 EURUSD,M1: modify #44631353 sell 0.01 EURUSD at 1.09519 sl: 1.09940 tp: 1.08656 ok
2	13:48:54.368	EA31337 EURUSD,M1: modify #44632276 sell 0.01 EURUSD at 1.09673 sl: 1.10090 tp: 1.08656 ok
2	13:48:54.823	EA31337 EURUSD,M1: modify #44632733 sell 0.01 EURUSD at 1.09676 sl: 1.10097 tp: 1.08656 ok
2	13:48:55.144	EA31337 EURUSD,M1: modify #44633604 sell 0.01 EURUSD at 1.09685 sl: 1.10108 tp: 1.08657 ok
2	13:48:55.696	EA31337 EURUSD,M1: modify #44633984 sell 0.01 EURUSD at 1.09781 sl: 1.10200 tp: 1.08657 ok
2	13:48:56.215	EA31337 EURUSD,M1: modify #44634227 sell 0.01 EURUSD at 1.09807 sl: 1.10227 tp: 1.08656 ok
2	13:48:56.637	EA31337 EURUSD,M1: modify #44637759 sell 0.01 EURUSD at 1.09788 sl: 1.10210 tp: 1.08657 ok
2	13:48:57.324	EA31337 EURUSD,M1: modify #44640556 sell 0.01 EURUSD at 1.09495 sl: 1.09916 tp: 1.08658 ok
2	13:48:57.880	EA31337 EURUSD,M1: modify #44646668 sell 0.01 EURUSD at 1.09418 sl: 1.09839 tp: 1.08656 ok
0	13:50:06.904	EA31337 EURUSD,M1: ExecuteOrder(): MarketInfo: Symbol: EURUSD; Ask: 1.09102; Bid: 1.09083; Spread: 19 points = 1.9 pips; 
2	13:50:08.301	EA31337 EURUSD,M1: open #44662120 sell 0.01 EURUSD at 1.09083 sl: 1.09502 ok
0	13:50:08.301	EA31337 EURUSD,M1: #44662120 2015.12.23 13:49:59 sell 0.01 EURUSD 1.09083 1.09502 0.00000 1.09102 0.00 0.00 -0.19 | spread: 1.7 31349
0	13:50:08.366	EA31337 EURUSD,M1: ExecuteOrder(): Order Details: Ticket: 44662120; Time: 2015.12.23 13:49:37; Comment: | spread: 1.7; Commision: 0; Symbol: EURUSD; Type: Sell; Expiration: 0; Open Price: 1.09083; Close Price: 1.09102; Take Profit: -0.19; Stop Loss: 1.095; Swap: 0; Lot size: 0.01; Account Details: Time: 2015.12.23 13:49:37; Account Balance: $2021.89; Account Equity: $2222.79; Used Margin: $300.00; Free Margin: $1922.79; No of Orders: 30 (BUY/SELL: 4/26); Risk Ratio: 0.9
0	13:50:08.398	EA31337 EURUSD,M1: OpenOrderIsAllowed(): Maximum open and pending orders reached the limit (MaxOrders).
0	13:50:16.403	EA31337 EURUSD,M1: OpenOrderIsAllowed(): Maximum open and pending orders reached the limit (MaxOrders).
0	13:50:21.180	EA31337 EURUSD,M1: OpenOrderIsAllowed(): Maximum open and pending orders reached the limit (MaxOrders).
0	13:50:21.180	EA31337 EURUSD,M1: OpenOrderIsAllowed(): Maximum open and pending orders reached the limit (MaxOrders).
0	13:50:45.927	EA31337 EURUSD,M1: OpenOrderIsAllowed(): Maximum open and pending orders reached the limit (MaxOrders).
0	13:50:45.959	EA31337 EURUSD,M1: OpenOrderIsAllowed(): Maximum open and pending orders reached the limit (MaxOrders).
0	13:50:45.959	EA31337 EURUSD,M1: OpenOrderIsAllowed(): Maximum open and pending orders reached the limit (MaxOrders).
0	13:51:11.767	EA31337 EURUSD,M1: OpenOrderIsAllowed(): Maximum open and pending orders reached the limit (MaxOrders).
0	13:51:11.798	EA31337 EURUSD,M1: OpenOrderIsAllowed(): Maximum open and pending orders reached the limit (MaxOrders).
0	13:51:11.798	EA31337 EURUSD,M1: OpenOrderIsAllowed(): Maximum open and pending orders reached the limit (MaxOrders).
2	13:51:19.829	EA31337 EURUSD,M1: modify #44630047 sell 0.01 EURUSD at 1.09452 sl: 1.09872 tp: 1.08643 ok
2	13:51:20.213	EA31337 EURUSD,M1: modify #44630324 sell 0.01 EURUSD at 1.09552 sl: 1.09974 tp: 1.08643 ok
2	13:51:20.704	EA31337 EURUSD,M1: modify #44630601 sell 0.01 EURUSD at 1.09573 sl: 1.09991 tp: 1.08643 ok
2	13:51:21.122	EA31337 EURUSD,M1: modify #44630803 sell 0.01 EURUSD at 1.09567 sl: 1.09985 tp: 1.08643 ok
2	13:51:21.572	EA31337 EURUSD,M1: modify #44631266 sell 0.01 EURUSD at 1.09551 sl: 1.09972 tp: 1.08643 ok
2	13:51:22.157	EA31337 EURUSD,M1: modify #44631353 sell 0.01 EURUSD at 1.09519 sl: 1.09940 tp: 1.08643 ok
2	13:51:22.575	EA31337 EURUSD,M1: modify #44632276 sell 0.01 EURUSD at 1.09673 sl: 1.10090 tp: 1.08643 ok
2	13:51:23.029	EA31337 EURUSD,M1: modify #44632733 sell 0.01 EURUSD at 1.09676 sl: 1.10097 tp: 1.08644 ok
2	13:51:23.517	EA31337 EURUSD,M1: modify #44633604 sell 0.01 EURUSD at 1.09685 sl: 1.10108 tp: 1.08644 ok
2	13:51:24.133	EA31337 EURUSD,M1: modify #44633984 sell 0.01 EURUSD at 1.09781 sl: 1.10200 tp: 1.08643 ok
2	13:51:25.048	EA31337 EURUSD,M1: modify #44634227 sell 0.01 EURUSD at 1.09807 sl: 1.10227 tp: 1.08643 ok
2	13:51:25.339	EA31337 EURUSD,M1: modify #44637759 sell 0.01 EURUSD at 1.09788 sl: 1.10210 tp: 1.08643 ok
2	13:51:25.887	EA31337 EURUSD,M1: modify #44640556 sell 0.01 EURUSD at 1.09495 sl: 1.09916 tp: 1.08643 ok
2	13:51:26.305	EA31337 EURUSD,M1: modify #44646668 sell 0.01 EURUSD at 1.09418 sl: 1.09839 tp: 1.08643 ok
2	13:51:26.857	EA31337 EURUSD,M1: modify #44662120 sell 0.01 EURUSD at 1.09083 sl: 1.09502 tp: 1.08704 ok
0	13:51:34.635	EA31337 EURUSD,M1: OpenOrderIsAllowed(): Maximum open and pending orders reached the limit (MaxOrders).
0	13:51:34.892	EA31337 EURUSD,M1: OpenOrderIsAllowed(): Maximum open and pending orders reached the limit (MaxOrders).
0	13:51:34.919	EA31337 EURUSD,M1: OpenOrderIsAllowed(): Maximum open and pending orders reached the limit (MaxOrders).
0	13:52:35.512	EA31337 EURUSD,M1: OpenOrderIsAllowed(): Maximum open and pending orders reached the limit (MaxOrders).
0	13:52:35.704	EA31337 EURUSD,M1: OpenOrderIsAllowed(): Maximum open and pending orders reached the limit (MaxOrders).
0	13:52:35.704	EA31337 EURUSD,M1: OpenOrderIsAllowed(): Maximum open and pending orders reached the limit (MaxOrders).
0	13:52:54.973	EA31337 EURUSD,M1: OpenOrderIsAllowed(): Maximum open and pending orders reached the limit (MaxOrders).
0	13:52:54.973	EA31337 EURUSD,M1: OpenOrderIsAllowed(): Maximum open and pending orders reached the limit (MaxOrders).
0	13:52:54.973	EA31337 EURUSD,M1: OpenOrderIsAllowed(): Maximum open and pending orders reached the limit (MaxOrders).
2	13:53:11.084	EA31337 EURUSD,M1: modify #44630047 sell 0.01 EURUSD at 1.09452 sl: 1.09872 tp: 1.08610 ok
2	13:53:11.345	EA31337 EURUSD,M1: modify #44630324 sell 0.01 EURUSD at 1.09552 sl: 1.09974 tp: 1.08610 ok
2	13:53:11.964	EA31337 EURUSD,M1: modify #44630601 sell 0.01 EURUSD at 1.09573 sl: 1.09991 tp: 1.08610 ok
2	13:53:12.386	EA31337 EURUSD,M1: modify #44630803 sell 0.01 EURUSD at 1.09567 sl: 1.09985 tp: 1.08610 ok
2	13:53:13.100	EA31337 EURUSD,M1: modify #44631266 sell 0.01 EURUSD at 1.09551 sl: 1.09972 tp: 1.08610 ok
2	13:53:13.644	EA31337 EURUSD,M1: modify #44631353 sell 0.01 EURUSD at 1.09519 sl: 1.09940 tp: 1.08612 ok
2	13:53:14.098	EA31337 EURUSD,M1: modify #44632276 sell 0.01 EURUSD at 1.09673 sl: 1.10090 tp: 1.08612 ok
2	13:53:14.581	EA31337 EURUSD,M1: modify #44632733 sell 0.01 EURUSD at 1.09676 sl: 1.10097 tp: 1.08611 ok
2	13:53:15.003	EA31337 EURUSD,M1: modify #44633604 sell 0.01 EURUSD at 1.09685 sl: 1.10108 tp: 1.08612 ok
2	13:53:15.392	EA31337 EURUSD,M1: modify #44633984 sell 0.01 EURUSD at 1.09781 sl: 1.10200 tp: 1.08610 ok
2	13:53:16.005	EA31337 EURUSD,M1: modify #44634227 sell 0.01 EURUSD at 1.09807 sl: 1.10227 tp: 1.08610 ok
2	13:53:16.399	EA31337 EURUSD,M1: modify #44637759 sell 0.01 EURUSD at 1.09788 sl: 1.10210 tp: 1.08610 ok
2	13:53:16.817	EA31337 EURUSD,M1: modify #44640556 sell 0.01 EURUSD at 1.09495 sl: 1.09916 tp: 1.08611 ok
2	13:53:17.142	EA31337 EURUSD,M1: modify #44646668 sell 0.01 EURUSD at 1.09418 sl: 1.09839 tp: 1.08610 ok
0	13:53:41.938	EA31337 EURUSD,M1: OpenOrderIsAllowed(): Maximum open and pending orders reached the limit (MaxOrders).
0	13:53:42.229	EA31337 EURUSD,M1: OpenOrderIsAllowed(): Maximum open and pending orders reached the limit (MaxOrders).
0	13:53:42.229	EA31337 EURUSD,M1: OpenOrderIsAllowed(): Maximum open and pending orders reached the limit (MaxOrders).
0	13:54:41.713	EA31337 EURUSD,M1: OpenOrderIsAllowed(): Maximum open and pending orders reached the limit (MaxOrders).
0	13:54:42.033	EA31337 EURUSD,M1: OpenOrderIsAllowed(): Maximum open and pending orders reached the limit (MaxOrders).
0	13:54:42.033	EA31337 EURUSD,M1: OpenOrderIsAllowed(): Maximum open and pending orders reached the limit (MaxOrders).
0	13:55:49.318	EA31337 EURUSD,M1: OpenOrderIsAllowed(): Maximum open and pending orders reached the limit (MaxOrders).
0	13:55:49.318	EA31337 EURUSD,M1: OpenOrderIsAllowed(): Maximum open and pending orders reached the limit (MaxOrders).
0	13:55:49.318	EA31337 EURUSD,M1: OpenOrderIsAllowed(): Maximum open and pending orders reached the limit (MaxOrders).
2	13:56:07.145	EA31337 EURUSD,M1: modify #44630047 sell 0.01 EURUSD at 1.09452 sl: 1.09872 tp: 1.08567 ok
2	13:56:07.587	EA31337 EURUSD,M1: modify #44630324 sell 0.01 EURUSD at 1.09552 sl: 1.09974 tp: 1.08567 ok
2	13:56:08.267	EA31337 EURUSD,M1: modify #44630601 sell 0.01 EURUSD at 1.09573 sl: 1.09991 tp: 1.08567 ok
2	13:56:08.710	EA31337 EURUSD,M1: modify #44630803 sell 0.01 EURUSD at 1.09567 sl: 1.09985 tp: 1.08567 ok
2	13:56:09.100	EA31337 EURUSD,M1: modify #44631266 sell 0.01 EURUSD at 1.09551 sl: 1.09972 tp: 1.08567 ok
2	13:56:09.587	EA31337 EURUSD,M1: modify #44631353 sell 0.01 EURUSD at 1.09519 sl: 1.09940 tp: 1.08567 ok
2	13:56:10.073	EA31337 EURUSD,M1: modify #44632276 sell 0.01 EURUSD at 1.09673 sl: 1.10090 tp: 1.08567 ok
2	13:56:10.515	EA31337 EURUSD,M1: modify #44632733 sell 0.01 EURUSD at 1.09676 sl: 1.10097 tp: 1.08567 ok
2	13:56:11.066	EA31337 EURUSD,M1: modify #44633604 sell 0.01 EURUSD at 1.09685 sl: 1.10108 tp: 1.08567 ok
2	13:56:11.751	EA31337 EURUSD,M1: modify #44633984 sell 0.01 EURUSD at 1.09781 sl: 1.10200 tp: 1.08567 ok
2	13:56:12.105	EA31337 EURUSD,M1: modify #44634227 sell 0.01 EURUSD at 1.09807 sl: 1.10227 tp: 1.08567 ok
2	13:56:12.466	EA31337 EURUSD,M1: modify #44637759 sell 0.01 EURUSD at 1.09788 sl: 1.10210 tp: 1.08567 ok
2	13:56:12.920	EA31337 EURUSD,M1: modify #44640556 sell 0.01 EURUSD at 1.09495 sl: 1.09916 tp: 1.08567 ok
2	13:56:13.309	EA31337 EURUSD,M1: modify #44646668 sell 0.01 EURUSD at 1.09418 sl: 1.09839 tp: 1.08567 ok
0	13:56:33.213	EA31337 EURUSD,M1: OpenOrderIsAllowed(): Maximum open and pending orders reached the limit (MaxOrders).
0	14:00:30.646	EA31337 EURUSD,M1: == New hour: 14
2	14:09:08.209	EA31337 EURUSD,M1: modify #44650154 sell 0.01 EURUSD at 1.09310 sl: 1.09732 tp: 1.08945 ok
2	14:10:59.750	EA31337 EURUSD,M1: modify #44650154 sell 0.01 EURUSD at 1.09310 sl: 1.09732 tp: 1.08944 ok
2	14:14:47.205	EA31337 EURUSD,M1: modify #44630047 sell 0.01 EURUSD at 1.09452 sl: 1.09872 tp: 1.08555 ok
2	14:14:48.504	EA31337 EURUSD,M1: modify #44630324 sell 0.01 EURUSD at 1.09552 sl: 1.09974 tp: 1.08555 ok
2	14:14:48.955	EA31337 EURUSD,M1: modify #44630601 sell 0.01 EURUSD at 1.09573 sl: 1.09991 tp: 1.08553 ok
2	14:14:49.441	EA31337 EURUSD,M1: modify #44630803 sell 0.01 EURUSD at 1.09567 sl: 1.09985 tp: 1.08552 ok
2	14:14:49.863	EA31337 EURUSD,M1: modify #44631266 sell 0.01 EURUSD at 1.09551 sl: 1.09972 tp: 1.08553 ok
2	14:14:50.249	EA31337 EURUSD,M1: modify #44631353 sell 0.01 EURUSD at 1.09519 sl: 1.09940 tp: 1.08553 ok
2	14:14:50.736	EA31337 EURUSD,M1: modify #44632276 sell 0.01 EURUSD at 1.09673 sl: 1.10090 tp: 1.08553 ok
2	14:14:51.056	EA31337 EURUSD,M1: modify #44632733 sell 0.01 EURUSD at 1.09676 sl: 1.10097 tp: 1.08554 ok
2	14:14:51.543	EA31337 EURUSD,M1: modify #44633604 sell 0.01 EURUSD at 1.09685 sl: 1.10108 tp: 1.08554 ok
2	14:14:51.993	EA31337 EURUSD,M1: modify #44633984 sell 0.01 EURUSD at 1.09781 sl: 1.10200 tp: 1.08554 ok
2	14:14:52.412	EA31337 EURUSD,M1: modify #44634227 sell 0.01 EURUSD at 1.09807 sl: 1.10227 tp: 1.08553 ok
2	14:14:52.866	EA31337 EURUSD,M1: modify #44637759 sell 0.01 EURUSD at 1.09788 sl: 1.10210 tp: 1.08553 ok
2	14:14:53.352	EA31337 EURUSD,M1: modify #44640556 sell 0.01 EURUSD at 1.09495 sl: 1.09916 tp: 1.08553 ok
2	14:14:53.741	EA31337 EURUSD,M1: modify #44646668 sell 0.01 EURUSD at 1.09418 sl: 1.09839 tp: 1.08553 ok
2	14:14:54.164	EA31337 EURUSD,M1: modify #44650154 sell 0.01 EURUSD at 1.09310 sl: 1.09732 tp: 1.08928 ok
2	14:17:16.631	EA31337 EURUSD,M1: modify #44630047 sell 0.01 EURUSD at 1.09452 sl: 1.09872 tp: 1.08552 ok
2	14:17:17.045	EA31337 EURUSD,M1: modify #44630324 sell 0.01 EURUSD at 1.09552 sl: 1.09974 tp: 1.08552 ok
2	14:17:17.568	EA31337 EURUSD,M1: modify #44630601 sell 0.01 EURUSD at 1.09573 sl: 1.09991 tp: 1.08552 ok
2	14:17:17.925	EA31337 EURUSD,M1: modify #44631266 sell 0.01 EURUSD at 1.09551 sl: 1.09972 tp: 1.08552 ok
2	14:17:18.347	EA31337 EURUSD,M1: modify #44631353 sell 0.01 EURUSD at 1.09519 sl: 1.09940 tp: 1.08552 ok
2	14:17:18.967	EA31337 EURUSD,M1: modify #44632276 sell 0.01 EURUSD at 1.09673 sl: 1.10090 tp: 1.08552 ok
2	14:17:19.455	EA31337 EURUSD,M1: modify #44632733 sell 0.01 EURUSD at 1.09676 sl: 1.10097 tp: 1.08552 ok
2	14:17:20.038	EA31337 EURUSD,M1: modify #44633604 sell 0.01 EURUSD at 1.09685 sl: 1.10108 tp: 1.08552 ok
2	14:17:20.646	EA31337 EURUSD,M1: modify #44633984 sell 0.01 EURUSD at 1.09781 sl: 1.10200 tp: 1.08552 ok
2	14:17:21.133	EA31337 EURUSD,M1: modify #44634227 sell 0.01 EURUSD at 1.09807 sl: 1.10227 tp: 1.08552 ok
2	14:17:21.551	EA31337 EURUSD,M1: modify #44637759 sell 0.01 EURUSD at 1.09788 sl: 1.10210 tp: 1.08552 ok
2	14:17:22.618	EA31337 EURUSD,M1: modify #44640556 sell 0.01 EURUSD at 1.09495 sl: 1.09916 tp: 1.08552 ok
2	14:17:23.174	EA31337 EURUSD,M1: modify #44650154 sell 0.01 EURUSD at 1.09310 sl: 1.09732 tp: 1.08913 ok
2	14:20:45.684	EA31337 EURUSD,M1: modify #44630047 sell 0.01 EURUSD at 1.09452 sl: 1.09872 tp: 1.08521 ok
2	14:20:46.139	EA31337 EURUSD,M1: modify #44630324 sell 0.01 EURUSD at 1.09552 sl: 1.09974 tp: 1.08521 ok
2	14:20:46.683	EA31337 EURUSD,M1: modify #44630601 sell 0.01 EURUSD at 1.09573 sl: 1.09991 tp: 1.08521 ok
2	14:20:47.072	EA31337 EURUSD,M1: modify #44630803 sell 0.01 EURUSD at 1.09567 sl: 1.09985 tp: 1.08521 ok
2	14:20:47.494	EA31337 EURUSD,M1: modify #44631266 sell 0.01 EURUSD at 1.09551 sl: 1.09972 tp: 1.08520 ok
2	14:20:55.035	EA31337 EURUSD,M1: modify #44631353 sell 0.01 EURUSD at 1.09519 sl: 1.09940 tp: 1.08520 ok
2	14:20:55.912	EA31337 EURUSD,M1: modify #44632276 sell 0.01 EURUSD at 1.09673 sl: 1.10090 tp: 1.08520 ok
2	14:20:56.359	EA31337 EURUSD,M1: modify #44632733 sell 0.01 EURUSD at 1.09676 sl: 1.10097 tp: 1.08520 ok
2	14:20:56.712	EA31337 EURUSD,M1: modify #44633604 sell 0.01 EURUSD at 1.09685 sl: 1.10108 tp: 1.08520 ok
2	14:20:57.134	EA31337 EURUSD,M1: modify #44633984 sell 0.01 EURUSD at 1.09781 sl: 1.10200 tp: 1.08522 ok
2	14:20:57.264	EA31337 EURUSD,M1: modify #44634227 sell 0.01 EURUSD at 1.09807 sl: 1.10227 tp: 1.08523 ok
2	14:20:57.816	EA31337 EURUSD,M1: modify #44637759 sell 0.01 EURUSD at 1.09788 sl: 1.10210 tp: 1.08523 ok
2	14:20:58.401	EA31337 EURUSD,M1: modify #44640556 sell 0.01 EURUSD at 1.09495 sl: 1.09916 tp: 1.08523 ok
2	14:20:58.730	EA31337 EURUSD,M1: modify #44646668 sell 0.01 EURUSD at 1.09418 sl: 1.09839 tp: 1.08520 ok
2	14:24:02.505	EA31337 EURUSD,M1: modify #44650154 sell 0.01 EURUSD at 1.09310 sl: 1.09732 tp: 1.08890 ok
2	14:31:31.896	EA31337 EURUSD,M1: modify #44650154 sell 0.01 EURUSD at 1.09310 sl: 1.09732 tp: 1.08889 ok
2	14:49:47.707	EA31337 EURUSD,M1: modify #44650154 sell 0.01 EURUSD at 1.09310 sl: 1.09732 tp: 1.08882 ok
2	14:54:19.118	EA31337 EURUSD,M1: modify #44650154 sell 0.01 EURUSD at 1.09310 sl: 1.09732 tp: 1.08872 ok
0	15:02:51.800	EA31337 EURUSD,M1: == New hour: 15
2	15:56:32.697	EA31337 EURUSD,M1: modify #44630047 sell 0.01 EURUSD at 1.09452 sl: 1.09872 tp: 1.08497 ok
2	15:56:33.087	EA31337 EURUSD,M1: modify #44630324 sell 0.01 EURUSD at 1.09552 sl: 1.09974 tp: 1.08496 ok
2	15:56:33.607	EA31337 EURUSD,M1: modify #44630601 sell 0.01 EURUSD at 1.09573 sl: 1.09991 tp: 1.08496 ok
2	15:56:33.899	EA31337 EURUSD,M1: modify #44630803 sell 0.01 EURUSD at 1.09567 sl: 1.09985 tp: 1.08496 ok
2	15:56:34.516	EA31337 EURUSD,M1: modify #44631266 sell 0.01 EURUSD at 1.09551 sl: 1.09972 tp: 1.08495 ok
2	15:56:34.938	EA31337 EURUSD,M1: modify #44631353 sell 0.01 EURUSD at 1.09519 sl: 1.09940 tp: 1.08496 ok
2	15:56:35.429	EA31337 EURUSD,M1: modify #44632276 sell 0.01 EURUSD at 1.09673 sl: 1.10090 tp: 1.08495 ok
2	15:56:36.042	EA31337 EURUSD,M1: modify #44632733 sell 0.01 EURUSD at 1.09676 sl: 1.10097 tp: 1.08495 ok
2	15:56:36.468	EA31337 EURUSD,M1: modify #44633604 sell 0.01 EURUSD at 1.09685 sl: 1.10108 tp: 1.08495 ok
2	15:56:37.053	EA31337 EURUSD,M1: modify #44633984 sell 0.01 EURUSD at 1.09781 sl: 1.10200 tp: 1.08494 ok
2	15:56:37.507	EA31337 EURUSD,M1: modify #44634227 sell 0.01 EURUSD at 1.09807 sl: 1.10227 tp: 1.08494 ok
2	15:56:38.095	EA31337 EURUSD,M1: modify #44637759 sell 0.01 EURUSD at 1.09788 sl: 1.10210 tp: 1.08496 ok
2	15:56:38.286	EA31337 EURUSD,M1: modify #44640556 sell 0.01 EURUSD at 1.09495 sl: 1.09916 tp: 1.08496 ok
2	15:56:38.837	EA31337 EURUSD,M1: modify #44646668 sell 0.01 EURUSD at 1.09418 sl: 1.09839 tp: 1.08496 ok
2	15:59:24.839	EA31337 EURUSD,M1: modify #44630047 sell 0.01 EURUSD at 1.09452 sl: 1.09872 tp: 1.08360 ok
2	15:59:25.293	EA31337 EURUSD,M1: modify #44630324 sell 0.01 EURUSD at 1.09552 sl: 1.09974 tp: 1.08360 ok
2	15:59:25.712	EA31337 EURUSD,M1: modify #44630601 sell 0.01 EURUSD at 1.09573 sl: 1.09991 tp: 1.08360 ok
2	15:59:26.203	EA31337 EURUSD,M1: modify #44630803 sell 0.01 EURUSD at 1.09567 sl: 1.09985 tp: 1.08360 ok
2	15:59:26.852	EA31337 EURUSD,M1: modify #44631266 sell 0.01 EURUSD at 1.09551 sl: 1.09972 tp: 1.08360 ok
2	15:59:27.241	EA31337 EURUSD,M1: modify #44631353 sell 0.01 EURUSD at 1.09519 sl: 1.09940 tp: 1.08359 ok
2	15:59:27.728	EA31337 EURUSD,M1: modify #44632276 sell 0.01 EURUSD at 1.09673 sl: 1.10090 tp: 1.08364 ok
2	15:59:28.211	EA31337 EURUSD,M1: modify #44632733 sell 0.01 EURUSD at 1.09676 sl: 1.10097 tp: 1.08363 ok
2	15:59:28.568	EA31337 EURUSD,M1: modify #44633604 sell 0.01 EURUSD at 1.09685 sl: 1.10108 tp: 1.08363 ok
2	15:59:29.051	EA31337 EURUSD,M1: modify #44633984 sell 0.01 EURUSD at 1.09781 sl: 1.10200 tp: 1.08359 ok
2	15:59:29.445	EA31337 EURUSD,M1: modify #44634227 sell 0.01 EURUSD at 1.09807 sl: 1.10227 tp: 1.08360 ok
2	15:59:30.025	EA31337 EURUSD,M1: modify #44637759 sell 0.01 EURUSD at 1.09788 sl: 1.10210 tp: 1.08365 ok
2	15:59:30.383	EA31337 EURUSD,M1: modify #44640556 sell 0.01 EURUSD at 1.09495 sl: 1.09916 tp: 1.08364 ok
2	15:59:32.194	EA31337 EURUSD,M1: modify #44646668 sell 0.01 EURUSD at 1.09418 sl: 1.09839 tp: 1.08360 ok
0	15:59:54.287	EA31337 EURUSD,M1: ExecuteOrder(): MarketInfo: Symbol: EURUSD; Ask: 1.08818; Bid: 1.08796; Spread: 22 points = 2.2 pips; 
2	15:59:54.872	EA31337 EURUSD,M1: open #44666874 sell 0.01 EURUSD at 1.08795 sl: 1.09218 ok
0	15:59:54.872	EA31337 EURUSD,M1: #44666874 2015.12.23 15:59:45 sell 0.01 EURUSD 1.08795 1.09218 0.00000 1.08813 0.00 0.00 -0.18 | spread: 2.2 31350
0	15:59:54.872	EA31337 EURUSD,M1: ExecuteOrder(): Order Details: Ticket: 44666874; Time: 2015.12.23 15:59:44; Comment: | spread: 2.2; Commision: 0; Symbol: EURUSD; Type: Sell; Expiration: 0; Open Price: 1.08795; Close Price: 1.08813; Take Profit: -0.18; Stop Loss: 1.0922; Swap: 0; Lot size: 0.01; Account Details: Time: 2015.12.23 15:59:44; Account Balance: $2026.27; Account Equity: $2285.64; Used Margin: $300.00; Free Margin: $1985.64; No of Orders: 30 (BUY/SELL: 4/26); Risk Ratio: 0.9
0	16:00:24.677	EA31337 EURUSD,M1: OpenOrderIsAllowed(): Maximum open and pending orders reached the limit (MaxOrders).
0	16:00:24.677	EA31337 EURUSD,M1: OpenOrderIsAllowed(): Maximum open and pending orders reached the limit (MaxOrders).
0	16:00:29.490	EA31337 EURUSD,M1: OpenOrderIsAllowed(): Maximum open and pending orders reached the limit (MaxOrders).
0	16:00:34.290	EA31337 EURUSD,M1: OpenOrderIsAllowed(): Maximum open and pending orders reached the limit (MaxOrders).
0	16:01:31.083	EA31337 EURUSD,M1: OpenOrderIsAllowed(): Maximum open and pending orders reached the limit (MaxOrders).
0	16:01:31.083	EA31337 EURUSD,M1: OpenOrderIsAllowed(): Maximum open and pending orders reached the limit (MaxOrders).
0	16:01:31.083	EA31337 EURUSD,M1: OpenOrderIsAllowed(): Maximum open and pending orders reached the limit (MaxOrders).
0	16:01:53.492	EA31337 EURUSD,M1: OpenOrderIsAllowed(): Maximum open and pending orders reached the limit (MaxOrders).
0	16:01:58.281	EA31337 EURUSD,M1: OpenOrderIsAllowed(): Maximum open and pending orders reached the limit (MaxOrders).
0	16:01:58.281	EA31337 EURUSD,M1: OpenOrderIsAllowed(): Maximum open and pending orders reached the limit (MaxOrders).
2	16:02:21.970	EA31337 EURUSD,M1: modify #44630047 sell 0.01 EURUSD at 1.09452 sl: 1.09872 tp: 1.08337 ok
2	16:02:22.583	EA31337 EURUSD,M1: modify #44630324 sell 0.01 EURUSD at 1.09552 sl: 1.09974 tp: 1.08337 ok
2	16:02:23.227	EA31337 EURUSD,M1: modify #44630601 sell 0.01 EURUSD at 1.09573 sl: 1.09991 tp: 1.08337 ok
2	16:02:23.746	EA31337 EURUSD,M1: modify #44630803 sell 0.01 EURUSD at 1.09567 sl: 1.09985 tp: 1.08335 ok
2	16:02:24.108	EA31337 EURUSD,M1: modify #44631266 sell 0.01 EURUSD at 1.09551 sl: 1.09972 tp: 1.08336 ok
2	16:02:24.590	EA31337 EURUSD,M1: modify #44631353 sell 0.01 EURUSD at 1.09519 sl: 1.09940 tp: 1.08335 ok
2	16:02:24.980	EA31337 EURUSD,M1: modify #44632276 sell 0.01 EURUSD at 1.09673 sl: 1.10090 tp: 1.08336 ok
2	16:02:25.471	EA31337 EURUSD,M1: modify #44632733 sell 0.01 EURUSD at 1.09676 sl: 1.10097 tp: 1.08337 ok
2	16:02:25.852	EA31337 EURUSD,M1: modify #44633604 sell 0.01 EURUSD at 1.09685 sl: 1.10108 tp: 1.08336 ok
2	16:02:26.177	EA31337 EURUSD,M1: modify #44633984 sell 0.01 EURUSD at 1.09781 sl: 1.10200 tp: 1.08336 ok
2	16:02:26.665	EA31337 EURUSD,M1: modify #44634227 sell 0.01 EURUSD at 1.09807 sl: 1.10227 tp: 1.08337 ok
2	16:02:27.021	EA31337 EURUSD,M1: modify #44637759 sell 0.01 EURUSD at 1.09788 sl: 1.10210 tp: 1.08336 ok
2	16:02:27.541	EA31337 EURUSD,M1: modify #44640556 sell 0.01 EURUSD at 1.09495 sl: 1.09916 tp: 1.08335 ok
2	16:02:28.187	EA31337 EURUSD,M1: modify #44646668 sell 0.01 EURUSD at 1.09418 sl: 1.09839 tp: 1.08337 ok
2	16:02:28.641	EA31337 EURUSD,M1: modify #44666874 sell 0.01 EURUSD at 1.08795 sl: 1.09218 tp: 1.08395 ok
0	16:02:38.382	EA31337 EURUSD,M1: == New hour: 16
0	16:02:39.189	EA31337 EURUSD,M1: OpenOrderIsAllowed(): Bands M1: Maximum open and pending orders per type reached the limit (MaxOrdersPerType).
0	16:03:53.000	EA31337 EURUSD,M1: OpenOrderIsAllowed(): MACD M1: Maximum open and pending orders per type reached the limit (MaxOrdersPerType).
0	16:06:26.846	EA31337 EURUSD,M1: ExecuteOrder(): MarketInfo: Symbol: EURUSD; Ask: 1.08856; Bid: 1.08836; Spread: 20 points = 2 pips; 
2	16:06:27.490	EA31337 EURUSD,M1: open #44667394 sell 0.01 EURUSD at 1.08836 sl: 1.09256 tp: 1.08396 ok
0	16:06:27.490	EA31337 EURUSD,M1: #44667394 2015.12.23 16:06:18 sell 0.01 EURUSD 1.08836 1.09256 1.08396 1.08856 0.00 0.00 -0.20 | spread: 1.8 31362
0	16:06:27.490	EA31337 EURUSD,M1: ExecuteOrder(): Order Details: Ticket: 44667394; Time: 2015.12.23 16:05:30; Comment: | spread: 1.8; Commision: 0; Symbol: EURUSD; Type: Sell; Expiration: 0; Open Price: 1.08836; Close Price: 1.08856; Take Profit: -0.2; Stop Loss: 1.0926; Swap: 0; Lot size: 0.01; Account Details: Time: 2015.12.23 16:05:30; Account Balance: $2030.13; Account Equity: $2276.94; Used Margin: $300.00; Free Margin: $1976.94; No of Orders: 30 (BUY/SELL: 4/26); Risk Ratio: 1.0
0	16:06:28.615	EA31337 EURUSD,M1: OpenOrderIsAllowed(): Maximum open and pending orders reached the limit (MaxOrders).
0	16:06:28.615	EA31337 EURUSD,M1: OpenOrderIsAllowed(): Maximum open and pending orders reached the limit (MaxOrders).
0	16:07:34.702	EA31337 EURUSD,M1: OpenOrderIsAllowed(): Maximum open and pending orders reached the limit (MaxOrders).
0	16:07:34.702	EA31337 EURUSD,M1: OpenOrderIsAllowed(): Maximum open and pending orders reached the limit (MaxOrders).
0	16:07:34.865	EA31337 EURUSD,M1: OpenOrderIsAllowed(): Maximum open and pending orders reached the limit (MaxOrders).
0	16:08:11.359	EA31337 EURUSD,M1: OpenOrderIsAllowed(): Maximum open and pending orders reached the limit (MaxOrders).
0	16:08:11.359	EA31337 EURUSD,M1: OpenOrderIsAllowed(): Maximum open and pending orders reached the limit (MaxOrders).
2	16:08:43.939	EA31337 EURUSD,M1: modify #44662120 sell 0.01 EURUSD at 1.09083 sl: 1.09502 tp: 1.08684 ok
0	16:10:06.845	EA31337 EURUSD,M1: OpenOrderIsAllowed(): Maximum open and pending orders reached the limit (MaxOrders).
0	16:10:07.072	EA31337 EURUSD,M1: OpenOrderIsAllowed(): Maximum open and pending orders reached the limit (MaxOrders).
0	16:10:07.072	EA31337 EURUSD,M1: OpenOrderIsAllowed(): Maximum open and pending orders reached the limit (MaxOrders).
0	16:10:07.072	EA31337 EURUSD,M1: OpenOrderIsAllowed(): Maximum open and pending orders reached the limit (MaxOrders).
0	16:11:54.704	EA31337 EURUSD,M1: OpenOrderIsAllowed(): Maximum open and pending orders reached the limit (MaxOrders).
0	16:11:54.704	EA31337 EURUSD,M1: OpenOrderIsAllowed(): Maximum open and pending orders reached the limit (MaxOrders).
0	16:11:54.704	EA31337 EURUSD,M1: OpenOrderIsAllowed(): Maximum open and pending orders reached the limit (MaxOrders).
0	16:13:12.315	EA31337 EURUSD,M1: OpenOrderIsAllowed(): Maximum open and pending orders reached the limit (MaxOrders).
0	16:13:12.315	EA31337 EURUSD,M1: OpenOrderIsAllowed(): Maximum open and pending orders reached the limit (MaxOrders).
0	16:13:12.315	EA31337 EURUSD,M1: OpenOrderIsAllowed(): Maximum open and pending orders reached the limit (MaxOrders).
2	16:13:21.818	EA31337 EURUSD,M1: modify #44662120 sell 0.01 EURUSD at 1.09083 sl: 1.09502 tp: 1.08661 ok
0	16:13:35.127	EA31337 EURUSD,M1: OpenOrderIsAllowed(): Maximum open and pending orders reached the limit (MaxOrders).
2	16:15:57.946	EA31337 EURUSD,M1: modify #44662120 sell 0.01 EURUSD at 1.09083 sl: 1.09502 tp: 1.08654 ok
2	16:21:45.037	EA31337 EURUSD,M1: modify #44667394 sell 0.01 EURUSD at 1.08836 sl: 1.09256 tp: 1.08375 ok
2	16:26:37.272	EA31337 EURUSD,M1: modify #44667394 sell 0.01 EURUSD at 1.08836 sl: 1.09256 tp: 1.08338 ok
2	16:28:33.480	EA31337 EURUSD,M1: modify #44630047 sell 0.01 EURUSD at 1.09452 sl: 1.09872 tp: 1.08329 ok
2	16:28:33.870	EA31337 EURUSD,M1: modify #44630324 sell 0.01 EURUSD at 1.09552 sl: 1.09974 tp: 1.08331 ok
2	16:28:34.259	EA31337 EURUSD,M1: modify #44630601 sell 0.01 EURUSD at 1.09573 sl: 1.09991 tp: 1.08331 ok
2	16:28:34.713	EA31337 EURUSD,M1: modify #44630803 sell 0.01 EURUSD at 1.09567 sl: 1.09985 tp: 1.08331 ok
2	16:28:35.070	EA31337 EURUSD,M1: modify #44631266 sell 0.01 EURUSD at 1.09551 sl: 1.09972 tp: 1.08331 ok
2	16:28:35.233	EA31337 EURUSD,M1: modify #44631353 sell 0.01 EURUSD at 1.09519 sl: 1.09940 tp: 1.08331 ok
2	16:28:35.561	EA31337 EURUSD,M1: modify #44632276 sell 0.01 EURUSD at 1.09673 sl: 1.10090 tp: 1.08332 ok
2	16:28:36.053	EA31337 EURUSD,M1: modify #44632733 sell 0.01 EURUSD at 1.09676 sl: 1.10097 tp: 1.08331 ok
2	16:28:36.601	EA31337 EURUSD,M1: modify #44633604 sell 0.01 EURUSD at 1.09685 sl: 1.10108 tp: 1.08331 ok
2	16:28:37.060	EA31337 EURUSD,M1: modify #44633984 sell 0.01 EURUSD at 1.09781 sl: 1.10200 tp: 1.08331 ok
2	16:28:37.706	EA31337 EURUSD,M1: modify #44634227 sell 0.01 EURUSD at 1.09807 sl: 1.10227 tp: 1.08331 ok
2	16:28:38.063	EA31337 EURUSD,M1: modify #44637759 sell 0.01 EURUSD at 1.09788 sl: 1.10210 tp: 1.08331 ok
2	16:28:38.647	EA31337 EURUSD,M1: modify #44640556 sell 0.01 EURUSD at 1.09495 sl: 1.09916 tp: 1.08331 ok
2	16:28:39.160	EA31337 EURUSD,M1: modify #44646668 sell 0.01 EURUSD at 1.09418 sl: 1.09839 tp: 1.08331 ok
2	16:28:39.680	EA31337 EURUSD,M1: modify #44667394 sell 0.01 EURUSD at 1.08836 sl: 1.09256 tp: 1.08332 ok
2	16:32:09.421	EA31337 EURUSD,M1: modify #44630047 sell 0.01 EURUSD at 1.09452 sl: 1.09872 tp: 1.08321 ok
2	16:32:09.782	EA31337 EURUSD,M1: modify #44630324 sell 0.01 EURUSD at 1.09552 sl: 1.09974 tp: 1.08321 ok
2	16:32:10.204	EA31337 EURUSD,M1: modify #44630601 sell 0.01 EURUSD at 1.09573 sl: 1.09991 tp: 1.08321 ok
2	16:32:10.727	EA31337 EURUSD,M1: modify #44630803 sell 0.01 EURUSD at 1.09567 sl: 1.09985 tp: 1.08321 ok
2	16:32:11.315	EA31337 EURUSD,M1: modify #44631266 sell 0.01 EURUSD at 1.09551 sl: 1.09972 tp: 1.08321 ok
2	16:32:11.835	EA31337 EURUSD,M1: modify #44631353 sell 0.01 EURUSD at 1.09519 sl: 1.09940 tp: 1.08322 ok
2	16:32:12.354	EA31337 EURUSD,M1: modify #44632276 sell 0.01 EURUSD at 1.09673 sl: 1.10090 tp: 1.08322 ok
2	16:32:12.870	EA31337 EURUSD,M1: modify #44632733 sell 0.01 EURUSD at 1.09676 sl: 1.10097 tp: 1.08322 ok
2	16:32:13.324	EA31337 EURUSD,M1: modify #44633604 sell 0.01 EURUSD at 1.09685 sl: 1.10108 tp: 1.08322 ok
2	16:32:13.815	EA31337 EURUSD,M1: modify #44633984 sell 0.01 EURUSD at 1.09781 sl: 1.10200 tp: 1.08324 ok
2	16:32:14.302	EA31337 EURUSD,M1: modify #44634227 sell 0.01 EURUSD at 1.09807 sl: 1.10227 tp: 1.08323 ok
2	16:32:14.725	EA31337 EURUSD,M1: modify #44637759 sell 0.01 EURUSD at 1.09788 sl: 1.10210 tp: 1.08323 ok
2	16:32:15.211	EA31337 EURUSD,M1: modify #44640556 sell 0.01 EURUSD at 1.09495 sl: 1.09916 tp: 1.08322 ok
2	16:32:15.665	EA31337 EURUSD,M1: modify #44646668 sell 0.01 EURUSD at 1.09418 sl: 1.09839 tp: 1.08323 ok
2	16:32:16.022	EA31337 EURUSD,M1: modify #44667394 sell 0.01 EURUSD at 1.08836 sl: 1.09256 tp: 1.08323 ok
2	16:41:01.952	EA31337 EURUSD,M1: modify #44630047 sell 0.01 EURUSD at 1.09452 sl: 1.09872 tp: 1.08311 ok
2	16:41:02.213	EA31337 EURUSD,M1: modify #44630324 sell 0.01 EURUSD at 1.09552 sl: 1.09974 tp: 1.08311 ok
2	16:41:02.797	EA31337 EURUSD,M1: modify #44630601 sell 0.01 EURUSD at 1.09573 sl: 1.09991 tp: 1.08311 ok
2	16:41:03.224	EA31337 EURUSD,M1: modify #44630803 sell 0.01 EURUSD at 1.09567 sl: 1.09985 tp: 1.08311 ok
2	16:41:03.873	EA31337 EURUSD,M1: modify #44631266 sell 0.01 EURUSD at 1.09551 sl: 1.09972 tp: 1.08311 ok
2	16:41:04.295	EA31337 EURUSD,M1: modify #44631353 sell 0.01 EURUSD at 1.09519 sl: 1.09940 tp: 1.08311 ok
2	16:41:04.912	EA31337 EURUSD,M1: modify #44632276 sell 0.01 EURUSD at 1.09673 sl: 1.10090 tp: 1.08312 ok
2	16:41:05.265	EA31337 EURUSD,M1: modify #44632733 sell 0.01 EURUSD at 1.09676 sl: 1.10097 tp: 1.08310 ok
2	16:41:05.788	EA31337 EURUSD,M1: modify #44633604 sell 0.01 EURUSD at 1.09685 sl: 1.10108 tp: 1.08310 ok
2	16:41:06.336	EA31337 EURUSD,M1: modify #44633984 sell 0.01 EURUSD at 1.09781 sl: 1.10200 tp: 1.08310 ok
2	16:41:06.721	EA31337 EURUSD,M1: modify #44634227 sell 0.01 EURUSD at 1.09807 sl: 1.10227 tp: 1.08310 ok
2	16:41:07.167	EA31337 EURUSD,M1: modify #44637759 sell 0.01 EURUSD at 1.09788 sl: 1.10210 tp: 1.08310 ok
2	16:41:07.556	EA31337 EURUSD,M1: modify #44640556 sell 0.01 EURUSD at 1.09495 sl: 1.09916 tp: 1.08310 ok
2	16:41:07.850	EA31337 EURUSD,M1: modify #44646668 sell 0.01 EURUSD at 1.09418 sl: 1.09839 tp: 1.08310 ok
2	16:41:08.270	EA31337 EURUSD,M1: modify #44662120 sell 0.01 EURUSD at 1.09083 sl: 1.09502 tp: 1.08643 ok
2	16:41:08.694	EA31337 EURUSD,M1: modify #44667394 sell 0.01 EURUSD at 1.08836 sl: 1.09256 tp: 1.08310 ok
2	16:59:19.181	EA31337 EURUSD,M1: modify #44630047 sell 0.01 EURUSD at 1.09452 sl: 1.09872 tp: 1.08278 ok
2	16:59:19.737	EA31337 EURUSD,M1: modify #44630324 sell 0.01 EURUSD at 1.09552 sl: 1.09974 tp: 1.08279 ok
2	16:59:20.061	EA31337 EURUSD,M1: modify #44630601 sell 0.01 EURUSD at 1.09573 sl: 1.09991 tp: 1.08278 ok
2	16:59:20.522	EA31337 EURUSD,M1: modify #44630803 sell 0.01 EURUSD at 1.09567 sl: 1.09985 tp: 1.08278 ok
2	16:59:21.003	EA31337 EURUSD,M1: modify #44631266 sell 0.01 EURUSD at 1.09551 sl: 1.09972 tp: 1.08278 ok
2	16:59:21.424	EA31337 EURUSD,M1: modify #44631353 sell 0.01 EURUSD at 1.09519 sl: 1.09940 tp: 1.08278 ok
2	16:59:21.817	EA31337 EURUSD,M1: modify #44632276 sell 0.01 EURUSD at 1.09673 sl: 1.10090 tp: 1.08278 ok
2	16:59:22.947	EA31337 EURUSD,M1: modify #44632733 sell 0.01 EURUSD at 1.09676 sl: 1.10097 tp: 1.08278 ok
2	16:59:23.401	EA31337 EURUSD,M1: modify #44633604 sell 0.01 EURUSD at 1.09685 sl: 1.10108 tp: 1.08279 ok
2	16:59:23.819	EA31337 EURUSD,M1: modify #44633984 sell 0.01 EURUSD at 1.09781 sl: 1.10200 tp: 1.08280 ok
2	16:59:24.338	EA31337 EURUSD,M1: modify #44634227 sell 0.01 EURUSD at 1.09807 sl: 1.10227 tp: 1.08277 ok
2	16:59:24.630	EA31337 EURUSD,M1: modify #44637759 sell 0.01 EURUSD at 1.09788 sl: 1.10210 tp: 1.08277 ok
2	16:59:25.020	EA31337 EURUSD,M1: modify #44640556 sell 0.01 EURUSD at 1.09495 sl: 1.09916 tp: 1.08277 ok
2	16:59:25.576	EA31337 EURUSD,M1: modify #44646668 sell 0.01 EURUSD at 1.09418 sl: 1.09839 tp: 1.08279 ok
2	16:59:26.069	EA31337 EURUSD,M1: modify #44667394 sell 0.01 EURUSD at 1.08836 sl: 1.09256 tp: 1.08279 ok
0	17:02:24.836	EA31337 EURUSD,M1: == New hour: 17
2	17:06:50.113	EA31337 EURUSD,M1: modify #44630047 sell 0.01 EURUSD at 1.09452 sl: 1.09872 tp: 1.08272 ok
2	17:06:50.729	EA31337 EURUSD,M1: modify #44630324 sell 0.01 EURUSD at 1.09552 sl: 1.09974 tp: 1.08272 ok
2	17:06:51.117	EA31337 EURUSD,M1: modify #44630601 sell 0.01 EURUSD at 1.09573 sl: 1.09991 tp: 1.08272 ok
2	17:06:51.537	EA31337 EURUSD,M1: modify #44630803 sell 0.01 EURUSD at 1.09567 sl: 1.09985 tp: 1.08272 ok
2	17:06:52.021	EA31337 EURUSD,M1: modify #44631266 sell 0.01 EURUSD at 1.09551 sl: 1.09972 tp: 1.08272 ok
2	17:06:52.638	EA31337 EURUSD,M1: modify #44631353 sell 0.01 EURUSD at 1.09519 sl: 1.09940 tp: 1.08272 ok
2	17:06:53.126	EA31337 EURUSD,M1: modify #44632276 sell 0.01 EURUSD at 1.09673 sl: 1.10090 tp: 1.08274 ok
2	17:06:53.552	EA31337 EURUSD,M1: modify #44632733 sell 0.01 EURUSD at 1.09676 sl: 1.10097 tp: 1.08273 ok
2	17:06:54.072	EA31337 EURUSD,M1: modify #44633604 sell 0.01 EURUSD at 1.09685 sl: 1.10108 tp: 1.08274 ok
2	17:06:54.360	EA31337 EURUSD,M1: modify #44633984 sell 0.01 EURUSD at 1.09781 sl: 1.10200 tp: 1.08274 ok
2	17:06:55.046	EA31337 EURUSD,M1: modify #44634227 sell 0.01 EURUSD at 1.09807 sl: 1.10227 tp: 1.08274 ok
2	17:06:55.566	EA31337 EURUSD,M1: modify #44637759 sell 0.01 EURUSD at 1.09788 sl: 1.10210 tp: 1.08274 ok
2	17:06:55.987	EA31337 EURUSD,M1: modify #44640556 sell 0.01 EURUSD at 1.09495 sl: 1.09916 tp: 1.08274 ok
2	17:06:56.571	EA31337 EURUSD,M1: modify #44646668 sell 0.01 EURUSD at 1.09418 sl: 1.09839 tp: 1.08274 ok
2	17:06:57.188	EA31337 EURUSD,M1: modify #44667394 sell 0.01 EURUSD at 1.08836 sl: 1.09256 tp: 1.08274 ok
2	17:10:13.712	EA31337 EURUSD,M1: modify #44662120 sell 0.01 EURUSD at 1.09083 sl: 1.09502 tp: 1.08636 ok
2	17:13:41.476	EA31337 EURUSD,M1: modify #44662120 sell 0.01 EURUSD at 1.09083 sl: 1.09502 tp: 1.08633 ok
2	17:18:15.830	EA31337 EURUSD,M1: modify #44630047 sell 0.01 EURUSD at 1.09452 sl: 1.09872 tp: 1.08271 ok
2	17:18:16.317	EA31337 EURUSD,M1: modify #44632276 sell 0.01 EURUSD at 1.09673 sl: 1.10090 tp: 1.08272 ok
2	17:18:16.768	EA31337 EURUSD,M1: modify #44632733 sell 0.01 EURUSD at 1.09676 sl: 1.10097 tp: 1.08272 ok
2	17:18:17.380	EA31337 EURUSD,M1: modify #44633604 sell 0.01 EURUSD at 1.09685 sl: 1.10108 tp: 1.08272 ok
2	17:18:17.836	EA31337 EURUSD,M1: modify #44633984 sell 0.01 EURUSD at 1.09781 sl: 1.10200 tp: 1.08272 ok
2	17:18:18.257	EA31337 EURUSD,M1: modify #44634227 sell 0.01 EURUSD at 1.09807 sl: 1.10227 tp: 1.08272 ok
2	17:18:18.777	EA31337 EURUSD,M1: modify #44637759 sell 0.01 EURUSD at 1.09788 sl: 1.10210 tp: 1.08272 ok
2	17:18:19.394	EA31337 EURUSD,M1: modify #44640556 sell 0.01 EURUSD at 1.09495 sl: 1.09916 tp: 1.08272 ok
2	17:18:19.914	EA31337 EURUSD,M1: modify #44646668 sell 0.01 EURUSD at 1.09418 sl: 1.09839 tp: 1.08272 ok
2	17:18:20.530	EA31337 EURUSD,M1: modify #44667394 sell 0.01 EURUSD at 1.08836 sl: 1.09256 tp: 1.08272 ok
0	18:02:43.676	EA31337 EURUSD,M1: == New hour: 18
0	19:00:40.496	EA31337 EURUSD,M1: == New hour: 19
0	19:03:16.277	EA31337 EURUSD,M1: OpenOrderIsAllowed(): Maximum open and pending orders reached the limit (MaxOrders).
0	20:00:17.682	EA31337 EURUSD,M1: == New hour: 20
0	21:00:21.558	EA31337 EURUSD,M1: == New hour: 21
0	21:00:32.906	EA31337 EURUSD,M1: ExecuteOrder(): MarketInfo: Symbol: EURUSD; Ask: 1.09206; Bid: 1.09182; Spread: 24 points = 2.4 pips; 
2	21:00:33.781	EA31337 EURUSD,M1: open #44672642 buy 0.01 EURUSD at 1.09206 sl: 1.08782 tp: 1.09278 ok
0	21:00:33.781	EA31337 EURUSD,M1: #44672642 2015.12.23 21:00:24 buy 0.01 EURUSD 1.09206 1.08782 1.09278 1.09182 0.00 0.00 -0.24 | spread: 2.3 31350
0	21:00:33.781	EA31337 EURUSD,M1: ExecuteOrder(): Order Details: Ticket: 44672642; Time: 2015.12.23 21:00:12; Comment: | spread: 2.3; Commision: 0; Symbol: EURUSD; Type: Buy; Expiration: 0; Open Price: 1.09206; Close Price: 1.09182; Take Profit: -0.24; Stop Loss: 1.0878; Swap: 0; Lot size: 0.01; Account Details: Time: 2015.12.23 21:00:12; Account Balance: $2025.90; Account Equity: $2199.42; Used Margin: $300.00; Free Margin: $1899.42; No of Orders: 30 (BUY/SELL: 5/25); Risk Ratio: 0.8
0	21:00:43.817	EA31337 EURUSD,M1: OpenOrderIsAllowed(): Maximum open and pending orders reached the limit (MaxOrders).
0	21:00:43.817	EA31337 EURUSD,M1: OpenOrderIsAllowed(): Maximum open and pending orders reached the limit (MaxOrders).
0	21:01:46.011	EA31337 EURUSD,M1: OpenOrderIsAllowed(): Maximum open and pending orders reached the limit (MaxOrders).
0	21:01:46.011	EA31337 EURUSD,M1: OpenOrderIsAllowed(): Maximum open and pending orders reached the limit (MaxOrders).
0	21:01:46.011	EA31337 EURUSD,M1: OpenOrderIsAllowed(): Maximum open and pending orders reached the limit (MaxOrders).
0	21:02:32.100	EA31337 EURUSD,M1: OpenOrderIsAllowed(): Maximum open and pending orders reached the limit (MaxOrders).
0	21:02:32.100	EA31337 EURUSD,M1: OpenOrderIsAllowed(): Maximum open and pending orders reached the limit (MaxOrders).
0	21:02:32.100	EA31337 EURUSD,M1: OpenOrderIsAllowed(): Maximum open and pending orders reached the limit (MaxOrders).
0	21:02:46.874	EA31337 EURUSD,M1: OpenOrderIsAllowed(): Maximum open and pending orders reached the limit (MaxOrders).
0	21:02:46.874	EA31337 EURUSD,M1: OpenOrderIsAllowed(): Maximum open and pending orders reached the limit (MaxOrders).
0	21:03:51.337	EA31337 EURUSD,M1: OpenOrderIsAllowed(): Maximum open and pending orders reached the limit (MaxOrders).
0	21:03:51.337	EA31337 EURUSD,M1: OpenOrderIsAllowed(): Maximum open and pending orders reached the limit (MaxOrders).
0	21:03:51.337	EA31337 EURUSD,M1: OpenOrderIsAllowed(): Maximum open and pending orders reached the limit (MaxOrders).
0	21:04:29.913	EA31337 EURUSD,M1: OpenOrderIsAllowed(): Maximum open and pending orders reached the limit (MaxOrders).
0	21:04:29.913	EA31337 EURUSD,M1: OpenOrderIsAllowed(): Maximum open and pending orders reached the limit (MaxOrders).
0	21:04:56.644	EA31337 EURUSD,M1: OpenOrderIsAllowed(): Maximum open and pending orders reached the limit (MaxOrders).
2	21:16:04.713	EA31337 EURUSD,M1: modify #44672642 buy 0.01 EURUSD at 1.09206 sl: 1.08782 tp: 1.09282 ok
2	21:22:41.945	EA31337 EURUSD,M1: modify #44672642 buy 0.01 EURUSD at 1.09206 sl: 1.08782 tp: 1.09286 ok
2	21:31:35.643	EA31337 EURUSD,M1: modify #44672642 buy 0.01 EURUSD at 1.09206 sl: 1.08782 tp: 1.09287 ok
2	22:00:13.782	EA31337 EURUSD,M1: modify #44672642 buy 0.01 EURUSD at 1.09206 sl: 1.08782 tp: 1.09296 ok
0	22:00:56.227	EA31337 EURUSD,M1: == New hour: 22
0	22:00:57.969	EA31337 EURUSD,M1: OpenOrderIsAllowed(): Maximum open and pending orders reached the limit (MaxOrders).
0	22:00:59.040	EA31337 EURUSD,M1: OpenOrderIsAllowed(): Maximum open and pending orders reached the limit (MaxOrders).
0	22:01:02.126	EA31337 EURUSD,M1: OpenOrderIsAllowed(): Maximum open and pending orders reached the limit (MaxOrders).
0	22:01:02.126	EA31337 EURUSD,M1: OpenOrderIsAllowed(): Maximum open and pending orders reached the limit (MaxOrders).
0	22:01:02.126	EA31337 EURUSD,M1: OpenOrderIsAllowed(): Maximum open and pending orders reached the limit (MaxOrders).
0	22:01:02.126	EA31337 EURUSD,M1: OpenOrderIsAllowed(): Maximum open and pending orders reached the limit (MaxOrders).
2	22:01:02.739	EA31337 EURUSD,M1: modify #44672642 buy 0.01 EURUSD at 1.09206 sl: 1.08782 tp: 1.09338 ok
0	22:01:49.329	EA31337 EURUSD,M1: OpenOrderIsAllowed(): Maximum open and pending orders reached the limit (MaxOrders).
0	22:15:32.657	EA31337 EURUSD,M1: OpenOrderIsAllowed(): Maximum open and pending orders reached the limit (MaxOrders).
0	22:15:32.720	EA31337 EURUSD,M1: OpenOrderIsAllowed(): Maximum open and pending orders reached the limit (MaxOrders).
0	22:15:32.720	EA31337 EURUSD,M1: OpenOrderIsAllowed(): Maximum open and pending orders reached the limit (MaxOrders).
0	22:15:32.720	EA31337 EURUSD,M1: OpenOrderIsAllowed(): Maximum open and pending orders reached the limit (MaxOrders).
0	22:15:32.785	EA31337 EURUSD,M1: OpenOrderIsAllowed(): Maximum open and pending orders reached the limit (MaxOrders).
0	22:15:32.785	EA31337 EURUSD,M1: OpenOrderIsAllowed(): Maximum open and pending orders reached the limit (MaxOrders).
0	22:15:32.785	EA31337 EURUSD,M1: OpenOrderIsAllowed(): Maximum open and pending orders reached the limit (MaxOrders).
0	22:15:32.785	EA31337 EURUSD,M1: OpenOrderIsAllowed(): Maximum open and pending orders reached the limit (MaxOrders).
0	22:17:32.634	EA31337 EURUSD,M1: OpenOrderIsAllowed(): Maximum open and pending orders reached the limit (MaxOrders).
0	22:17:34.948	EA31337 EURUSD,M1: OpenOrderIsAllowed(): Maximum open and pending orders reached the limit (MaxOrders).
0	22:17:34.948	EA31337 EURUSD,M1: OpenOrderIsAllowed(): Maximum open and pending orders reached the limit (MaxOrders).
0	22:17:59.555	EA31337 EURUSD,M1: OpenOrderIsAllowed(): Maximum open and pending orders reached the limit (MaxOrders).
0	22:18:04.370	EA31337 EURUSD,M1: OpenOrderIsAllowed(): Maximum open and pending orders reached the limit (MaxOrders).
0	22:19:24.135	EA31337 EURUSD,M1: OpenOrderIsAllowed(): Maximum open and pending orders reached the limit (MaxOrders).
0	22:19:24.983	EA31337 EURUSD,M1: OpenOrderIsAllowed(): Maximum open and pending orders reached the limit (MaxOrders).
0	22:19:28.753	EA31337 EURUSD,M1: OpenOrderIsAllowed(): Maximum open and pending orders reached the limit (MaxOrders).
0	22:32:35.676	EA31337 EURUSD,M1: OpenOrderIsAllowed(): Maximum open and pending orders reached the limit (MaxOrders).
0	22:32:35.676	EA31337 EURUSD,M1: OpenOrderIsAllowed(): Maximum open and pending orders reached the limit (MaxOrders).
0	22:32:35.676	EA31337 EURUSD,M1: OpenOrderIsAllowed(): Maximum open and pending orders reached the limit (MaxOrders).
0	22:36:35.241	EA31337 EURUSD,M1: OpenOrderIsAllowed(): Maximum open and pending orders reached the limit (MaxOrders).
0	23:04:00.466	EA31337 EURUSD,M1: == New hour: 23
