0	00:00:08.846	EA31337 EURUSD,M1: == New hour: 0
0	00:00:08.951	EA31337 EURUSD,M1: == New day (day of month: 17; day of year: 48) ==
0	00:00:08.951	EA31337 EURUSD,M1: Daily max: Tick: 3.8; Spread: 49; Max orders: 30; Loss: 0; Profit: 0; Equity: 2646.67; Balance: 2448.23; 
0	00:00:08.951	EA31337 EURUSD,M1: Daily SAR stats: Period: 0, Buy: 130 / Sell: 111; Period: 1, Buy: 76 / Sell: 57; Period: 2, Buy: 111 / Sell: 104; Period: 3, Buy: 88 / Sell: 149; Period: 4, Buy: 0 / Sell: 0; Period: 5, Buy: 0 / Sell: 0; Period: 6, Buy: 0 / Sell: 0; Period: 7, Buy: 0 / Sell: 0; Period: 8, Buy: 0 / Sell: 0; 
0	00:00:08.951	EA31337 EURUSD,M1: Daily strategy stats: 
2	00:34:25.158	EA31337 EURUSD,M1: modify #46301813 sell 0.01 EURUSD at 1.12973 sl: 1.13394 tp: 1.10741 ok
2	00:34:25.689	EA31337 EURUSD,M1: modify #46303919 sell 0.01 EURUSD at 1.13039 sl: 1.13464 tp: 1.10742 ok
2	00:34:26.339	EA31337 EURUSD,M1: modify #46337221 sell 0.01 EURUSD at 1.12377 sl: 1.12872 tp: 1.10742 ok
2	00:34:26.749	EA31337 EURUSD,M1: modify #46337764 sell 0.01 EURUSD at 1.12449 sl: 1.12874 tp: 1.10742 ok
2	00:34:32.170	EA31337 EURUSD,M1: modify #46337880 sell 0.01 EURUSD at 1.12416 sl: 1.12875 tp: 1.10742 ok
2	00:34:32.860	EA31337 EURUSD,M1: modify #46337977 sell 0.01 EURUSD at 1.12373 sl: 1.12805 tp: 1.10739 ok
2	00:34:33.271	EA31337 EURUSD,M1: modify #46338061 sell 0.01 EURUSD at 1.12382 sl: 1.12841 tp: 1.10740 ok
2	00:34:33.880	EA31337 EURUSD,M1: modify #46339122 sell 0.01 EURUSD at 1.12269 sl: 1.12690 tp: 1.10740 ok
2	00:34:37.552	EA31337 EURUSD,M1: modify #46339311 sell 0.01 EURUSD at 1.12207 sl: 1.12628 tp: 1.10740 ok
2	00:34:38.441	EA31337 EURUSD,M1: modify #46341203 sell 0.01 EURUSD at 1.12337 sl: 1.12760 tp: 1.10741 ok
2	00:34:38.928	EA31337 EURUSD,M1: modify #46342658 sell 0.01 EURUSD at 1.12216 sl: 1.12636 tp: 1.10741 ok
2	00:34:39.537	EA31337 EURUSD,M1: modify #46344072 sell 0.01 EURUSD at 1.12156 sl: 1.12578 tp: 1.10741 ok
2	00:34:40.145	EA31337 EURUSD,M1: modify #46347669 sell 0.01 EURUSD at 1.12152 sl: 1.12570 tp: 1.10741 ok
2	00:34:40.591	EA31337 EURUSD,M1: modify #46352738 sell 0.01 EURUSD at 1.11962 sl: 1.12380 tp: 1.10745 ok
2	00:34:41.245	EA31337 EURUSD,M1: modify #46353192 sell 0.01 EURUSD at 1.11955 sl: 1.12368 tp: 1.10745 ok
2	00:34:41.610	EA31337 EURUSD,M1: modify #46353702 sell 0.01 EURUSD at 1.11887 sl: 1.12306 tp: 1.10741 ok
2	00:34:42.219	EA31337 EURUSD,M1: modify #46354088 sell 0.01 EURUSD at 1.11920 sl: 1.12338 tp: 1.10741 ok
2	00:34:42.503	EA31337 EURUSD,M1: modify #46354301 sell 0.01 EURUSD at 1.11957 sl: 1.12381 tp: 1.10740 ok
2	00:34:42.912	EA31337 EURUSD,M1: modify #46359543 sell 0.01 EURUSD at 1.11799 sl: 1.12240 tp: 1.10741 ok
2	00:34:43.482	EA31337 EURUSD,M1: modify #46359855 sell 0.01 EURUSD at 1.11846 sl: 1.12264 tp: 1.10740 ok
2	00:34:44.130	EA31337 EURUSD,M1: modify #46360156 sell 0.01 EURUSD at 1.11856 sl: 1.12275 tp: 1.10740 ok
2	00:34:44.698	EA31337 EURUSD,M1: modify #46360612 sell 0.01 EURUSD at 1.11768 sl: 1.12190 tp: 1.10740 ok
2	00:34:45.149	EA31337 EURUSD,M1: modify #46360797 sell 0.01 EURUSD at 1.11806 sl: 1.12227 tp: 1.10740 ok
2	00:43:23.795	EA31337 EURUSD,M1: modify #46410994 sell 0.01 EURUSD at 1.11327 sl: 1.11748 tp: 1.11107 ok
2	00:48:24.977	EA31337 EURUSD,M1: modify #46410994 sell 0.01 EURUSD at 1.11327 sl: 1.11748 tp: 1.11103 ok
0	01:04:50.967	EA31337 EURUSD,M1: == New hour: 1
0	02:02:33.970	EA31337 EURUSD,M1: == New hour: 2
0	03:04:56.489	EA31337 EURUSD,M1: == New hour: 3
0	04:03:28.244	EA31337 EURUSD,M1: == New hour: 4
2	04:06:55.298	EA31337 EURUSD,M1: modify #46409184 buy 0.01 EURUSD at 1.11399 sl: 1.10983 tp: 1.12048 ok
2	04:06:55.749	EA31337 EURUSD,M1: modify #46410286 buy 0.01 EURUSD at 1.11340 sl: 1.10919 tp: 1.12048 ok
2	04:06:56.602	EA31337 EURUSD,M1: modify #46410610 buy 0.01 EURUSD at 1.11375 sl: 1.10957 tp: 1.12048 ok
2	04:25:55.189	EA31337 EURUSD,M1: modify #46409184 buy 0.01 EURUSD at 1.11399 sl: 1.10983 tp: 1.12085 ok
2	04:25:55.712	EA31337 EURUSD,M1: modify #46410286 buy 0.01 EURUSD at 1.11340 sl: 1.10919 tp: 1.12085 ok
2	04:25:56.199	EA31337 EURUSD,M1: modify #46410610 buy 0.01 EURUSD at 1.11375 sl: 1.10957 tp: 1.12085 ok
2	04:41:12.109	EA31337 EURUSD,M1: modify #46409184 buy 0.01 EURUSD at 1.11399 sl: 1.10983 tp: 1.12110 ok
2	04:41:12.630	EA31337 EURUSD,M1: modify #46410286 buy 0.01 EURUSD at 1.11340 sl: 1.10919 tp: 1.12110 ok
2	04:41:12.954	EA31337 EURUSD,M1: modify #46410610 buy 0.01 EURUSD at 1.11375 sl: 1.10957 tp: 1.12110 ok
2	04:43:25.913	EA31337 EURUSD,M1: modify #46409184 buy 0.01 EURUSD at 1.11399 sl: 1.10983 tp: 1.12116 ok
2	04:43:26.307	EA31337 EURUSD,M1: modify #46410286 buy 0.01 EURUSD at 1.11340 sl: 1.10919 tp: 1.12116 ok
2	04:43:26.859	EA31337 EURUSD,M1: modify #46410610 buy 0.01 EURUSD at 1.11375 sl: 1.10957 tp: 1.12116 ok
2	04:48:05.027	EA31337 EURUSD,M1: modify #46409184 buy 0.01 EURUSD at 1.11399 sl: 1.10983 tp: 1.12125 ok
2	04:48:05.436	EA31337 EURUSD,M1: modify #46410286 buy 0.01 EURUSD at 1.11340 sl: 1.10919 tp: 1.12125 ok
2	04:48:05.842	EA31337 EURUSD,M1: modify #46410610 buy 0.01 EURUSD at 1.11375 sl: 1.10957 tp: 1.12125 ok
2	04:58:44.233	EA31337 EURUSD,M1: modify #46409184 buy 0.01 EURUSD at 1.11399 sl: 1.10983 tp: 1.12136 ok
2	04:58:45.089	EA31337 EURUSD,M1: modify #46410286 buy 0.01 EURUSD at 1.11340 sl: 1.10919 tp: 1.12136 ok
2	04:58:45.572	EA31337 EURUSD,M1: modify #46410610 buy 0.01 EURUSD at 1.11375 sl: 1.10957 tp: 1.12137 ok
0	05:02:44.646	EA31337 EURUSD,M1: == New hour: 5
0	06:00:42.599	EA31337 EURUSD,M1: == New hour: 6
2	06:28:41.475	EA31337 EURUSD,M1: modify #46409184 buy 0.01 EURUSD at 1.11399 sl: 1.10983 tp: 1.12150 ok
2	06:28:41.800	EA31337 EURUSD,M1: modify #46410286 buy 0.01 EURUSD at 1.11340 sl: 1.10919 tp: 1.12150 ok
2	06:28:42.336	EA31337 EURUSD,M1: modify #46410610 buy 0.01 EURUSD at 1.11375 sl: 1.10957 tp: 1.12150 ok
0	06:52:51.692	EA31337 EURUSD,M1: OpenOrderIsAllowed(): Maximum open and pending orders reached the limit (MaxOrders).
0	07:02:40.680	EA31337 EURUSD,M1: == New hour: 7
2	07:07:15.845	EA31337 EURUSD,M1: modify #46409184 buy 0.01 EURUSD at 1.11399 sl: 1.10983 tp: 1.12153 ok
2	07:07:16.373	EA31337 EURUSD,M1: modify #46410286 buy 0.01 EURUSD at 1.11340 sl: 1.10919 tp: 1.12154 ok
2	07:07:16.900	EA31337 EURUSD,M1: modify #46410610 buy 0.01 EURUSD at 1.11375 sl: 1.10957 tp: 1.12154 ok
2	07:12:15.442	EA31337 EURUSD,M1: modify #46409184 buy 0.01 EURUSD at 1.11399 sl: 1.10983 tp: 1.12169 ok
2	07:12:15.973	EA31337 EURUSD,M1: modify #46410286 buy 0.01 EURUSD at 1.11340 sl: 1.10919 tp: 1.12170 ok
2	07:12:16.824	EA31337 EURUSD,M1: modify #46410610 buy 0.01 EURUSD at 1.11375 sl: 1.10957 tp: 1.12170 ok
0	07:13:05.487	EA31337 EURUSD,M1: OpenOrderIsAllowed(): Bands M5: Maximum open and pending orders per type reached the limit (MaxOrdersPerType).
0	07:13:10.297	EA31337 EURUSD,M1: OpenOrderIsAllowed(): Bands M30: Maximum open and pending orders per type reached the limit (MaxOrdersPerType).
0	07:15:36.356	EA31337 EURUSD,M1: OpenOrderIsAllowed(): MACD M1: Maximum open and pending orders per type reached the limit (MaxOrdersPerType).
0	07:15:36.356	EA31337 EURUSD,M1: OpenOrderIsAllowed(): MACD M5: Maximum open and pending orders per type reached the limit (MaxOrdersPerType).
0	07:15:36.356	EA31337 EURUSD,M1: OpenOrderIsAllowed(): MACD M15: Maximum open and pending orders per type reached the limit (MaxOrdersPerType).
0	07:16:51.074	EA31337 EURUSD,M1: OpenOrderIsAllowed(): SAR M1: Maximum open and pending orders per type reached the limit (MaxOrdersPerType).
0	07:16:51.074	EA31337 EURUSD,M1: ExecuteOrder(): MarketInfo: Symbol: EURUSD; Ask: 1.11736; Bid: 1.11713; Spread: 23 points = 2.3 pips; 
2	07:16:51.854	EA31337 EURUSD,M1: open #46430557 buy 0.01 EURUSD at 1.11729 sl: 1.11313 tp: 1.12176 ok
0	07:16:51.854	EA31337 EURUSD,M1: #46430557 2016.02.17 07:16:43 buy 0.01 EURUSD 1.11729 1.11313 1.12176 1.11707 0.00 0.00 -0.22 | spread: 2.1 31439
0	07:16:51.854	EA31337 EURUSD,M1: ExecuteOrder(): Order Details: Ticket: 46430557; Time: 2016.02.17 07:12:17; Comment: | spread: 2.1; Commision: 0; Symbol: EURUSD; Type: Buy; Expiration: 0; Open Price: 1.11729; Close Price: 1.11707; Take Profit: -0.22; Stop Loss: 1.1131; Swap: 0; Lot size: 0.01; Account Details: Time: 2016.02.17 07:12:17; Account Balance: $2428.91; Account Equity: $2540.78; Used Margin: $300.00; Free Margin: $2240.78; No of Orders: 30 (BUY/SELL: 4/26); Risk Ratio: 0.8
0	07:16:51.854	EA31337 EURUSD,M1: OpenOrderIsAllowed(): Maximum open and pending orders reached the limit (MaxOrders).
0	07:17:18.752	EA31337 EURUSD,M1: OpenOrderIsAllowed(): Maximum open and pending orders reached the limit (MaxOrders).
0	07:17:45.918	EA31337 EURUSD,M1: OpenOrderIsAllowed(): Maximum open and pending orders reached the limit (MaxOrders).
0	07:19:54.974	EA31337 EURUSD,M1: OpenOrderIsAllowed(): Maximum open and pending orders reached the limit (MaxOrders).
0	07:19:54.974	EA31337 EURUSD,M1: OpenOrderIsAllowed(): Maximum open and pending orders reached the limit (MaxOrders).
0	07:19:54.974	EA31337 EURUSD,M1: OpenOrderIsAllowed(): Maximum open and pending orders reached the limit (MaxOrders).
0	07:20:16.941	EA31337 EURUSD,M1: OpenOrderIsAllowed(): Maximum open and pending orders reached the limit (MaxOrders).
0	07:20:16.941	EA31337 EURUSD,M1: OpenOrderIsAllowed(): Maximum open and pending orders reached the limit (MaxOrders).
0	07:20:16.941	EA31337 EURUSD,M1: OpenOrderIsAllowed(): Maximum open and pending orders reached the limit (MaxOrders).
2	07:20:18.001	EA31337 EURUSD,M1: modify #46409184 buy 0.01 EURUSD at 1.11399 sl: 1.10983 tp: 1.12230 ok
2	07:20:18.407	EA31337 EURUSD,M1: modify #46410286 buy 0.01 EURUSD at 1.11340 sl: 1.10919 tp: 1.12231 ok
2	07:20:19.057	EA31337 EURUSD,M1: modify #46410610 buy 0.01 EURUSD at 1.11375 sl: 1.10957 tp: 1.12229 ok
2	07:20:19.503	EA31337 EURUSD,M1: modify #46430557 buy 0.01 EURUSD at 1.11729 sl: 1.11313 tp: 1.12229 ok
0	07:20:54.724	EA31337 EURUSD,M1: OpenOrderIsAllowed(): Maximum open and pending orders reached the limit (MaxOrders).
0	07:20:55.089	EA31337 EURUSD,M1: OpenOrderIsAllowed(): Maximum open and pending orders reached the limit (MaxOrders).
0	07:20:55.130	EA31337 EURUSD,M1: OpenOrderIsAllowed(): Maximum open and pending orders reached the limit (MaxOrders).
0	07:20:55.170	EA31337 EURUSD,M1: OpenOrderIsAllowed(): Maximum open and pending orders reached the limit (MaxOrders).
0	07:20:55.170	EA31337 EURUSD,M1: OpenOrderIsAllowed(): Maximum open and pending orders reached the limit (MaxOrders).
0	07:23:11.052	EA31337 EURUSD,M1: OpenOrderIsAllowed(): Maximum open and pending orders reached the limit (MaxOrders).
0	07:23:11.052	EA31337 EURUSD,M1: OpenOrderIsAllowed(): Maximum open and pending orders reached the limit (MaxOrders).
0	07:23:11.052	EA31337 EURUSD,M1: OpenOrderIsAllowed(): Maximum open and pending orders reached the limit (MaxOrders).
0	07:23:51.043	EA31337 EURUSD,M1: OpenOrderIsAllowed(): Maximum open and pending orders reached the limit (MaxOrders).
0	07:23:51.043	EA31337 EURUSD,M1: OpenOrderIsAllowed(): Maximum open and pending orders reached the limit (MaxOrders).
0	07:23:51.043	EA31337 EURUSD,M1: OpenOrderIsAllowed(): Maximum open and pending orders reached the limit (MaxOrders).
0	07:25:18.823	EA31337 EURUSD,M1: OpenOrderIsAllowed(): Maximum open and pending orders reached the limit (MaxOrders).
0	08:02:03.661	EA31337 EURUSD,M1: == New hour: 8
0	09:01:48.819	EA31337 EURUSD,M1: == New hour: 9
0	09:38:51.633	EA31337 EURUSD,M1: OpenOrderIsAllowed(): MACD M1: Maximum open and pending orders per type reached the limit (MaxOrdersPerType).
0	09:40:36.189	EA31337 EURUSD,M1: ExecuteOrder(): MarketInfo: Symbol: EURUSD; Ask: 1.11334; Bid: 1.11311; Spread: 23 points = 2.3 pips; 
2	09:40:38.467	EA31337 EURUSD,M1: open #46436216 buy 0.01 EURUSD at 1.11325 sl: 1.10911 tp: 1.11774 ok
0	09:40:38.467	EA31337 EURUSD,M1: #46436216 2016.02.17 09:40:30 buy 0.01 EURUSD 1.11325 1.10911 1.11774 1.11304 0.00 0.00 -0.21 | spread: 2.1 31429
0	09:40:38.467	EA31337 EURUSD,M1: ExecuteOrder(): Order Details: Ticket: 46436216; Time: 2016.02.17 09:37:44; Comment: | spread: 2.1; Commision: 0; Symbol: EURUSD; Type: Buy; Expiration: 0; Open Price: 1.11325; Close Price: 1.11304; Take Profit: -0.21; Stop Loss: 1.1091; Swap: 0; Lot size: 0.01; Account Details: Time: 2016.02.17 09:37:44; Account Balance: $2424.75; Account Equity: $2629.58; Used Margin: $300.00; Free Margin: $2329.58; No of Orders: 30 (BUY/SELL: 4/26); Risk Ratio: 0.8
0	09:41:01.458	EA31337 EURUSD,M1: OpenOrderIsAllowed(): Maximum open and pending orders reached the limit (MaxOrders).
0	09:44:40.557	EA31337 EURUSD,M1: OpenOrderIsAllowed(): Maximum open and pending orders reached the limit (MaxOrders).
0	09:45:21.650	EA31337 EURUSD,M1: OpenOrderIsAllowed(): Maximum open and pending orders reached the limit (MaxOrders).
0	09:45:27.249	EA31337 EURUSD,M1: OpenOrderIsAllowed(): Maximum open and pending orders reached the limit (MaxOrders).
2	09:46:03.683	EA31337 EURUSD,M1: modify #46436216 buy 0.01 EURUSD at 1.11325 sl: 1.10911 tp: 1.11819 ok
0	09:47:25.907	EA31337 EURUSD,M1: OpenOrderIsAllowed(): Maximum open and pending orders reached the limit (MaxOrders).
0	10:00:43.674	EA31337 EURUSD,M1: == New hour: 10
0	11:05:30.903	EA31337 EURUSD,M1: == New hour: 11
2	11:31:37.439	EA31337 EURUSD,M1: modify #46436216 buy 0.01 EURUSD at 1.11325 sl: 1.10911 tp: 1.11864 ok
2	11:39:19.476	EA31337 EURUSD,M1: modify #46436216 buy 0.01 EURUSD at 1.11325 sl: 1.10911 tp: 1.11921 ok
2	12:02:17.400	EA31337 EURUSD,M1: modify #46436216 buy 0.01 EURUSD at 1.11325 sl: 1.10911 tp: 1.11927 ok
0	12:07:10.961	EA31337 EURUSD,M1: == New hour: 12
2	12:52:23.174	EA31337 EURUSD,M1: modify #46436216 buy 0.01 EURUSD at 1.11325 sl: 1.10911 tp: 1.11942 ok
0	13:01:32.029	EA31337 EURUSD,M1: == New hour: 13
2	13:17:48.797	EA31337 EURUSD,M1: modify #46365793 sell 0.01 EURUSD at 1.11523 sl: 1.11942 tp: 1.11098 ok
2	13:22:52.205	EA31337 EURUSD,M1: modify #46365793 sell 0.01 EURUSD at 1.11523 sl: 1.11942 tp: 1.11096 ok
2	13:26:35.513	EA31337 EURUSD,M1: modify #46365793 sell 0.01 EURUSD at 1.11523 sl: 1.11942 tp: 1.11092 ok
2	13:33:20.856	EA31337 EURUSD,M1: modify #46365793 sell 0.01 EURUSD at 1.11523 sl: 1.11942 tp: 1.11091 ok
2	13:38:13.289	EA31337 EURUSD,M1: modify #46301813 sell 0.01 EURUSD at 1.12973 sl: 1.13394 tp: 1.10732 ok
2	13:38:13.775	EA31337 EURUSD,M1: modify #46303919 sell 0.01 EURUSD at 1.13039 sl: 1.13464 tp: 1.10732 ok
2	13:38:14.059	EA31337 EURUSD,M1: modify #46337221 sell 0.01 EURUSD at 1.12377 sl: 1.12872 tp: 1.10731 ok
2	13:38:14.586	EA31337 EURUSD,M1: modify #46337764 sell 0.01 EURUSD at 1.12449 sl: 1.12874 tp: 1.10732 ok
2	13:38:15.033	EA31337 EURUSD,M1: modify #46337880 sell 0.01 EURUSD at 1.12416 sl: 1.12875 tp: 1.10732 ok
2	13:38:15.845	EA31337 EURUSD,M1: modify #46337977 sell 0.01 EURUSD at 1.12373 sl: 1.12805 tp: 1.10732 ok
2	13:38:16.499	EA31337 EURUSD,M1: modify #46338061 sell 0.01 EURUSD at 1.12382 sl: 1.12841 tp: 1.10732 ok
2	13:38:16.986	EA31337 EURUSD,M1: modify #46339122 sell 0.01 EURUSD at 1.12269 sl: 1.12690 tp: 1.10733 ok
2	13:38:17.595	EA31337 EURUSD,M1: modify #46339311 sell 0.01 EURUSD at 1.12207 sl: 1.12628 tp: 1.10732 ok
2	13:38:18.209	EA31337 EURUSD,M1: modify #46341203 sell 0.01 EURUSD at 1.12337 sl: 1.12760 tp: 1.10732 ok
2	13:38:18.695	EA31337 EURUSD,M1: modify #46342658 sell 0.01 EURUSD at 1.12216 sl: 1.12636 tp: 1.10733 ok
2	13:38:19.101	EA31337 EURUSD,M1: modify #46344072 sell 0.01 EURUSD at 1.12156 sl: 1.12578 tp: 1.10733 ok
2	13:38:19.631	EA31337 EURUSD,M1: modify #46347669 sell 0.01 EURUSD at 1.12152 sl: 1.12570 tp: 1.10733 ok
2	13:38:19.997	EA31337 EURUSD,M1: modify #46352738 sell 0.01 EURUSD at 1.11962 sl: 1.12380 tp: 1.10732 ok
2	13:38:20.362	EA31337 EURUSD,M1: modify #46353192 sell 0.01 EURUSD at 1.11955 sl: 1.12368 tp: 1.10732 ok
2	13:38:21.215	EA31337 EURUSD,M1: modify #46353702 sell 0.01 EURUSD at 1.11887 sl: 1.12306 tp: 1.10731 ok
2	13:38:21.706	EA31337 EURUSD,M1: modify #46354088 sell 0.01 EURUSD at 1.11920 sl: 1.12338 tp: 1.10732 ok
2	13:38:22.193	EA31337 EURUSD,M1: modify #46354301 sell 0.01 EURUSD at 1.11957 sl: 1.12381 tp: 1.10732 ok
2	13:38:22.600	EA31337 EURUSD,M1: modify #46359543 sell 0.01 EURUSD at 1.11799 sl: 1.12240 tp: 1.10732 ok
2	13:38:23.172	EA31337 EURUSD,M1: modify #46359855 sell 0.01 EURUSD at 1.11846 sl: 1.12264 tp: 1.10731 ok
2	13:38:23.663	EA31337 EURUSD,M1: modify #46360156 sell 0.01 EURUSD at 1.11856 sl: 1.12275 tp: 1.10733 ok
2	13:38:24.225	EA31337 EURUSD,M1: modify #46360612 sell 0.01 EURUSD at 1.11768 sl: 1.12190 tp: 1.10732 ok
2	13:38:24.589	EA31337 EURUSD,M1: modify #46360797 sell 0.01 EURUSD at 1.11806 sl: 1.12227 tp: 1.10731 ok
2	13:38:24.711	EA31337 EURUSD,M1: modify #46365793 sell 0.01 EURUSD at 1.11523 sl: 1.11942 tp: 1.11073 ok
2	13:41:51.978	EA31337 EURUSD,M1: modify #46301813 sell 0.01 EURUSD at 1.12973 sl: 1.13394 tp: 1.10707 ok
2	13:41:52.424	EA31337 EURUSD,M1: modify #46303919 sell 0.01 EURUSD at 1.13039 sl: 1.13464 tp: 1.10707 ok
2	13:41:52.830	EA31337 EURUSD,M1: modify #46337221 sell 0.01 EURUSD at 1.12377 sl: 1.12872 tp: 1.10708 ok
2	13:41:53.240	EA31337 EURUSD,M1: modify #46337764 sell 0.01 EURUSD at 1.12449 sl: 1.12874 tp: 1.10706 ok
2	13:41:59.051	EA31337 EURUSD,M1: modify #46337880 sell 0.01 EURUSD at 1.12416 sl: 1.12875 tp: 1.10707 ok
2	13:41:59.584	EA31337 EURUSD,M1: modify #46337977 sell 0.01 EURUSD at 1.12373 sl: 1.12805 tp: 1.10708 ok
2	13:41:59.991	EA31337 EURUSD,M1: modify #46338061 sell 0.01 EURUSD at 1.12382 sl: 1.12841 tp: 1.10709 ok
2	13:42:00.397	EA31337 EURUSD,M1: modify #46339122 sell 0.01 EURUSD at 1.12269 sl: 1.12690 tp: 1.10710 ok
2	13:42:01.580	EA31337 EURUSD,M1: modify #46339311 sell 0.01 EURUSD at 1.12207 sl: 1.12628 tp: 1.10709 ok
2	13:42:02.187	EA31337 EURUSD,M1: modify #46341203 sell 0.01 EURUSD at 1.12337 sl: 1.12760 tp: 1.10709 ok
2	13:42:02.799	EA31337 EURUSD,M1: modify #46342658 sell 0.01 EURUSD at 1.12216 sl: 1.12636 tp: 1.10708 ok
2	13:42:03.326	EA31337 EURUSD,M1: modify #46344072 sell 0.01 EURUSD at 1.12156 sl: 1.12578 tp: 1.10708 ok
2	13:42:03.897	EA31337 EURUSD,M1: modify #46347669 sell 0.01 EURUSD at 1.12152 sl: 1.12570 tp: 1.10708 ok
2	13:42:04.594	EA31337 EURUSD,M1: modify #46352738 sell 0.01 EURUSD at 1.11962 sl: 1.12380 tp: 1.10708 ok
2	13:42:05.201	EA31337 EURUSD,M1: modify #46353192 sell 0.01 EURUSD at 1.11955 sl: 1.12368 tp: 1.10708 ok
2	13:42:05.813	EA31337 EURUSD,M1: modify #46353702 sell 0.01 EURUSD at 1.11887 sl: 1.12306 tp: 1.10707 ok
2	13:42:06.100	EA31337 EURUSD,M1: modify #46354088 sell 0.01 EURUSD at 1.11920 sl: 1.12338 tp: 1.10708 ok
2	13:42:06.584	EA31337 EURUSD,M1: modify #46354301 sell 0.01 EURUSD at 1.11957 sl: 1.12381 tp: 1.10708 ok
2	13:42:07.195	EA31337 EURUSD,M1: modify #46359543 sell 0.01 EURUSD at 1.11799 sl: 1.12240 tp: 1.10708 ok
2	13:42:07.600	EA31337 EURUSD,M1: modify #46359855 sell 0.01 EURUSD at 1.11846 sl: 1.12264 tp: 1.10707 ok
2	13:42:08.127	EA31337 EURUSD,M1: modify #46360156 sell 0.01 EURUSD at 1.11856 sl: 1.12275 tp: 1.10708 ok
2	13:42:08.577	EA31337 EURUSD,M1: modify #46360612 sell 0.01 EURUSD at 1.11768 sl: 1.12190 tp: 1.10706 ok
2	13:42:08.982	EA31337 EURUSD,M1: modify #46360797 sell 0.01 EURUSD at 1.11806 sl: 1.12227 tp: 1.10707 ok
2	13:48:01.915	EA31337 EURUSD,M1: modify #46365793 sell 0.01 EURUSD at 1.11523 sl: 1.11942 tp: 1.11069 ok
2	13:55:08.963	EA31337 EURUSD,M1: modify #46365793 sell 0.01 EURUSD at 1.11523 sl: 1.11942 tp: 1.11066 ok
2	13:59:33.629	EA31337 EURUSD,M1: modify #46365793 sell 0.01 EURUSD at 1.11523 sl: 1.11942 tp: 1.11065 ok
0	14:03:26.080	EA31337 EURUSD,M1: == New hour: 14
2	14:19:18.227	EA31337 EURUSD,M1: modify #46301813 sell 0.01 EURUSD at 1.12973 sl: 1.13394 tp: 1.10673 ok
2	14:19:18.976	EA31337 EURUSD,M1: modify #46303919 sell 0.01 EURUSD at 1.13039 sl: 1.13464 tp: 1.10675 ok
2	14:19:19.590	EA31337 EURUSD,M1: modify #46337221 sell 0.01 EURUSD at 1.12377 sl: 1.12872 tp: 1.10674 ok
2	14:19:19.886	EA31337 EURUSD,M1: modify #46337764 sell 0.01 EURUSD at 1.12449 sl: 1.12874 tp: 1.10674 ok
2	14:19:20.405	EA31337 EURUSD,M1: modify #46337880 sell 0.01 EURUSD at 1.12416 sl: 1.12875 tp: 1.10671 ok
2	14:19:20.993	EA31337 EURUSD,M1: modify #46337977 sell 0.01 EURUSD at 1.12373 sl: 1.12805 tp: 1.10673 ok
2	14:19:21.414	EA31337 EURUSD,M1: modify #46338061 sell 0.01 EURUSD at 1.12382 sl: 1.12841 tp: 1.10674 ok
2	14:19:21.771	EA31337 EURUSD,M1: modify #46339122 sell 0.01 EURUSD at 1.12269 sl: 1.12690 tp: 1.10676 ok
2	14:19:22.294	EA31337 EURUSD,M1: modify #46339311 sell 0.01 EURUSD at 1.12207 sl: 1.12628 tp: 1.10676 ok
2	14:19:23.664	EA31337 EURUSD,M1: modify #46341203 sell 0.01 EURUSD at 1.12337 sl: 1.12760 tp: 1.10672 ok
2	14:19:24.281	EA31337 EURUSD,M1: modify #46342658 sell 0.01 EURUSD at 1.12216 sl: 1.12636 tp: 1.10673 ok
2	14:19:24.638	EA31337 EURUSD,M1: modify #46344072 sell 0.01 EURUSD at 1.12156 sl: 1.12578 tp: 1.10672 ok
2	14:19:25.031	EA31337 EURUSD,M1: modify #46347669 sell 0.01 EURUSD at 1.12152 sl: 1.12570 tp: 1.10671 ok
2	14:19:25.547	EA31337 EURUSD,M1: modify #46352738 sell 0.01 EURUSD at 1.11962 sl: 1.12380 tp: 1.10673 ok
2	14:19:25.937	EA31337 EURUSD,M1: modify #46353192 sell 0.01 EURUSD at 1.11955 sl: 1.12368 tp: 1.10673 ok
2	14:19:26.525	EA31337 EURUSD,M1: modify #46353702 sell 0.01 EURUSD at 1.11887 sl: 1.12306 tp: 1.10672 ok
2	14:19:26.915	EA31337 EURUSD,M1: modify #46354088 sell 0.01 EURUSD at 1.11920 sl: 1.12338 tp: 1.10673 ok
2	14:19:27.499	EA31337 EURUSD,M1: modify #46354301 sell 0.01 EURUSD at 1.11957 sl: 1.12381 tp: 1.10672 ok
2	14:19:27.853	EA31337 EURUSD,M1: modify #46359543 sell 0.01 EURUSD at 1.11799 sl: 1.12240 tp: 1.10672 ok
2	14:19:28.507	EA31337 EURUSD,M1: modify #46359855 sell 0.01 EURUSD at 1.11846 sl: 1.12264 tp: 1.10672 ok
2	14:19:28.957	EA31337 EURUSD,M1: modify #46360156 sell 0.01 EURUSD at 1.11856 sl: 1.12275 tp: 1.10673 ok
2	14:19:29.379	EA31337 EURUSD,M1: modify #46360612 sell 0.01 EURUSD at 1.11768 sl: 1.12190 tp: 1.10673 ok
2	14:19:29.801	EA31337 EURUSD,M1: modify #46360797 sell 0.01 EURUSD at 1.11806 sl: 1.12227 tp: 1.10673 ok
0	14:19:59.773	EA31337 EURUSD,M1: ExecuteOrder(): MarketInfo: Symbol: EURUSD; Ask: 1.11138; Bid: 1.11121; Spread: 17 points = 1.7 pips; 
2	14:20:00.453	EA31337 EURUSD,M1: open #46446042 sell 0.01 EURUSD at 1.11107 sl: 1.11538 tp: 1.11061 ok
0	14:20:00.453	EA31337 EURUSD,M1: #46446042 2016.02.17 14:19:51 sell 0.01 EURUSD 1.11107 1.11538 1.11061 1.11130 0.00 0.00 -0.23 | spread: 1.7 31350
0	14:20:00.486	EA31337 EURUSD,M1: ExecuteOrder(): Order Details: Ticket: 46446042; Time: 2016.02.17 14:19:27; Comment: | spread: 1.7; Commision: 0; Symbol: EURUSD; Type: Sell; Expiration: 0; Open Price: 1.11107; Close Price: 1.11130; Take Profit: -0.23; Stop Loss: 1.1154; Swap: 0; Lot size: 0.01; Account Details: Time: 2016.02.17 14:19:27; Account Balance: $2429.35; Account Equity: $2672.86; Used Margin: $300.00; Free Margin: $2372.86; No of Orders: 30 (BUY/SELL: 4/26); Risk Ratio: 1.0
0	14:20:48.884	EA31337 EURUSD,M1: OpenOrderIsAllowed(): Maximum open and pending orders reached the limit (MaxOrders).
0	14:20:48.884	EA31337 EURUSD,M1: OpenOrderIsAllowed(): Maximum open and pending orders reached the limit (MaxOrders).
0	14:20:48.884	EA31337 EURUSD,M1: OpenOrderIsAllowed(): Maximum open and pending orders reached the limit (MaxOrders).
0	14:20:48.916	EA31337 EURUSD,M1: OpenOrderIsAllowed(): Maximum open and pending orders reached the limit (MaxOrders).
0	14:21:17.660	EA31337 EURUSD,M1: OpenOrderIsAllowed(): Maximum open and pending orders reached the limit (MaxOrders).
0	14:22:30.968	EA31337 EURUSD,M1: OpenOrderIsAllowed(): Maximum open and pending orders reached the limit (MaxOrders).
0	14:22:30.968	EA31337 EURUSD,M1: OpenOrderIsAllowed(): Maximum open and pending orders reached the limit (MaxOrders).
0	14:22:30.968	EA31337 EURUSD,M1: OpenOrderIsAllowed(): Maximum open and pending orders reached the limit (MaxOrders).
0	14:23:36.367	EA31337 EURUSD,M1: OpenOrderIsAllowed(): Maximum open and pending orders reached the limit (MaxOrders).
0	14:23:36.399	EA31337 EURUSD,M1: OpenOrderIsAllowed(): Maximum open and pending orders reached the limit (MaxOrders).
0	14:23:36.399	EA31337 EURUSD,M1: OpenOrderIsAllowed(): Maximum open and pending orders reached the limit (MaxOrders).
2	14:23:37.406	EA31337 EURUSD,M1: modify #46301813 sell 0.01 EURUSD at 1.12973 sl: 1.13394 tp: 1.10670 ok
2	14:23:37.959	EA31337 EURUSD,M1: modify #46303919 sell 0.01 EURUSD at 1.13039 sl: 1.13464 tp: 1.10669 ok
2	14:23:38.612	EA31337 EURUSD,M1: modify #46337221 sell 0.01 EURUSD at 1.12377 sl: 1.12872 tp: 1.10669 ok
2	14:23:38.905	EA31337 EURUSD,M1: modify #46337764 sell 0.01 EURUSD at 1.12449 sl: 1.12874 tp: 1.10670 ok
2	14:23:39.485	EA31337 EURUSD,M1: modify #46337880 sell 0.01 EURUSD at 1.12416 sl: 1.12875 tp: 1.10670 ok
2	14:23:40.070	EA31337 EURUSD,M1: modify #46337977 sell 0.01 EURUSD at 1.12373 sl: 1.12805 tp: 1.10670 ok
2	14:23:40.557	EA31337 EURUSD,M1: modify #46338061 sell 0.01 EURUSD at 1.12382 sl: 1.12841 tp: 1.10669 ok
2	14:23:40.983	EA31337 EURUSD,M1: modify #46339122 sell 0.01 EURUSD at 1.12269 sl: 1.12690 tp: 1.10669 ok
2	14:23:41.307	EA31337 EURUSD,M1: modify #46339311 sell 0.01 EURUSD at 1.12207 sl: 1.12628 tp: 1.10669 ok
2	14:23:41.697	EA31337 EURUSD,M1: modify #46341203 sell 0.01 EURUSD at 1.12337 sl: 1.12760 tp: 1.10669 ok
2	14:23:42.346	EA31337 EURUSD,M1: modify #46342658 sell 0.01 EURUSD at 1.12216 sl: 1.12636 tp: 1.10670 ok
2	14:23:42.899	EA31337 EURUSD,M1: modify #46344072 sell 0.01 EURUSD at 1.12156 sl: 1.12578 tp: 1.10669 ok
2	14:23:43.389	EA31337 EURUSD,M1: modify #46347669 sell 0.01 EURUSD at 1.12152 sl: 1.12570 tp: 1.10669 ok
2	14:23:43.937	EA31337 EURUSD,M1: modify #46352738 sell 0.01 EURUSD at 1.11962 sl: 1.12380 tp: 1.10670 ok
2	14:23:44.299	EA31337 EURUSD,M1: modify #46353192 sell 0.01 EURUSD at 1.11955 sl: 1.12368 tp: 1.10669 ok
2	14:23:44.656	EA31337 EURUSD,M1: modify #46353702 sell 0.01 EURUSD at 1.11887 sl: 1.12306 tp: 1.10669 ok
2	14:23:45.111	EA31337 EURUSD,M1: modify #46354088 sell 0.01 EURUSD at 1.11920 sl: 1.12338 tp: 1.10670 ok
2	14:23:45.602	EA31337 EURUSD,M1: modify #46354301 sell 0.01 EURUSD at 1.11957 sl: 1.12381 tp: 1.10670 ok
2	14:23:45.895	EA31337 EURUSD,M1: modify #46359543 sell 0.01 EURUSD at 1.11799 sl: 1.12240 tp: 1.10670 ok
2	14:23:46.321	EA31337 EURUSD,M1: modify #46359855 sell 0.01 EURUSD at 1.11846 sl: 1.12264 tp: 1.10670 ok
2	14:23:46.648	EA31337 EURUSD,M1: modify #46360156 sell 0.01 EURUSD at 1.11856 sl: 1.12275 tp: 1.10670 ok
2	14:23:47.203	EA31337 EURUSD,M1: modify #46360612 sell 0.01 EURUSD at 1.11768 sl: 1.12190 tp: 1.10670 ok
2	14:23:47.722	EA31337 EURUSD,M1: modify #46360797 sell 0.01 EURUSD at 1.11806 sl: 1.12227 tp: 1.10671 ok
0	14:24:12.403	EA31337 EURUSD,M1: OpenOrderIsAllowed(): Maximum open and pending orders reached the limit (MaxOrders).
0	14:24:12.443	EA31337 EURUSD,M1: OpenOrderIsAllowed(): Maximum open and pending orders reached the limit (MaxOrders).
0	14:24:12.804	EA31337 EURUSD,M1: OpenOrderIsAllowed(): Maximum open and pending orders reached the limit (MaxOrders).
0	14:24:12.804	EA31337 EURUSD,M1: OpenOrderIsAllowed(): Maximum open and pending orders reached the limit (MaxOrders).
0	14:24:12.804	EA31337 EURUSD,M1: OpenOrderIsAllowed(): Maximum open and pending orders reached the limit (MaxOrders).
0	14:24:46.848	EA31337 EURUSD,M1: OpenOrderIsAllowed(): Maximum open and pending orders reached the limit (MaxOrders).
0	14:25:18.877	EA31337 EURUSD,M1: OpenOrderIsAllowed(): Maximum open and pending orders reached the limit (MaxOrders).
0	14:25:18.877	EA31337 EURUSD,M1: OpenOrderIsAllowed(): Maximum open and pending orders reached the limit (MaxOrders).
0	14:25:18.877	EA31337 EURUSD,M1: OpenOrderIsAllowed(): Maximum open and pending orders reached the limit (MaxOrders).
0	14:25:31.890	EA31337 EURUSD,M1: OpenOrderIsAllowed(): Maximum open and pending orders reached the limit (MaxOrders).
0	14:25:31.931	EA31337 EURUSD,M1: OpenOrderIsAllowed(): Maximum open and pending orders reached the limit (MaxOrders).
0	14:25:31.931	EA31337 EURUSD,M1: OpenOrderIsAllowed(): Maximum open and pending orders reached the limit (MaxOrders).
2	14:25:44.790	EA31337 EURUSD,M1: modify #46446042 sell 0.01 EURUSD at 1.11107 sl: 1.11538 tp: 1.11034 ok
0	14:26:09.528	EA31337 EURUSD,M1: OpenOrderIsAllowed(): Maximum open and pending orders reached the limit (MaxOrders).
2	14:32:11.733	EA31337 EURUSD,M1: modify #46446042 sell 0.01 EURUSD at 1.11107 sl: 1.11538 tp: 1.11017 ok
2	14:34:35.742	EA31337 EURUSD,M1: modify #46446042 sell 0.01 EURUSD at 1.11107 sl: 1.11538 tp: 1.11012 ok
2	14:38:17.791	EA31337 EURUSD,M1: modify #46446042 sell 0.01 EURUSD at 1.11107 sl: 1.11538 tp: 1.11005 ok
2	14:44:30.199	EA31337 EURUSD,M1: modify #46446042 sell 0.01 EURUSD at 1.11107 sl: 1.11538 tp: 1.10999 ok
0	15:02:53.660	EA31337 EURUSD,M1: == New hour: 15
0	16:06:23.840	EA31337 EURUSD,M1: == New hour: 16
0	17:03:53.967	EA31337 EURUSD,M1: == New hour: 17
0	18:05:11.457	EA31337 EURUSD,M1: == New hour: 18
2	18:14:08.962	EA31337 EURUSD,M1: modify #46436216 buy 0.01 EURUSD at 1.11325 sl: 1.10911 tp: 1.11946 ok
0	19:01:54.654	EA31337 EURUSD,M1: == New hour: 19
2	19:03:08.052	EA31337 EURUSD,M1: modify #46436216 buy 0.01 EURUSD at 1.11325 sl: 1.10911 tp: 1.11950 ok
2	19:07:04.790	EA31337 EURUSD,M1: modify #46436216 buy 0.01 EURUSD at 1.11325 sl: 1.10911 tp: 1.11995 ok
0	19:07:30.666	EA31337 EURUSD,M1: OpenOrderIsAllowed(): Bands M15: Maximum open and pending orders per type reached the limit (MaxOrdersPerType).
0	19:08:59.985	EA31337 EURUSD,M1: OpenOrderIsAllowed(): MACD M1: Maximum open and pending orders per type reached the limit (MaxOrdersPerType).
0	19:09:02.501	EA31337 EURUSD,M1: OpenOrderIsAllowed(): MACD M5: Maximum open and pending orders per type reached the limit (MaxOrdersPerType).
0	19:09:02.549	EA31337 EURUSD,M1: OpenOrderIsAllowed(): MACD M15: Maximum open and pending orders per type reached the limit (MaxOrdersPerType).
0	19:10:54.897	EA31337 EURUSD,M1: OpenOrderIsAllowed(): SAR M1: Maximum open and pending orders per type reached the limit (MaxOrdersPerType).
0	19:10:55.688	EA31337 EURUSD,M1: ExecuteOrder(): MarketInfo: Symbol: EURUSD; Ask: 1.11502; Bid: 1.11480; Spread: 22 points = 2.2 pips; 
2	19:10:59.860	EA31337 EURUSD,M1: open #46458108 buy 0.01 EURUSD at 1.11509 sl: 1.11080 tp: 1.11940 ok
0	19:11:00.425	EA31337 EURUSD,M1: #46458108 2016.02.17 19:10:50 buy 0.01 EURUSD 1.11509 1.11080 1.11940 1.11487 0.00 0.00 -0.22 | spread: 2.2 31439
0	19:11:00.543	EA31337 EURUSD,M1: ExecuteOrder(): Order Details: Ticket: 46458108; Time: 2016.02.17 19:07:00; Comment: | spread: 2.2; Commision: 0; Symbol: EURUSD; Type: Buy; Expiration: 0; Open Price: 1.11509; Close Price: 1.11487; Take Profit: -0.22; Stop Loss: 1.1108; Swap: 0; Lot size: 0.01; Account Details: Time: 2016.02.17 19:07:00; Account Balance: $2425.04; Account Equity: $2588.97; Used Margin: $300.00; Free Margin: $2288.97; No of Orders: 30 (BUY/SELL: 5/25); Risk Ratio: 0.9
0	19:11:00.584	EA31337 EURUSD,M1: OpenOrderIsAllowed(): Maximum open and pending orders reached the limit (MaxOrders).
2	19:11:07.941	EA31337 EURUSD,M1: modify #46458108 buy 0.01 EURUSD at 1.11509 sl: 1.11080 tp: 1.11949 ok
0	19:11:41.188	EA31337 EURUSD,M1: OpenOrderIsAllowed(): Maximum open and pending orders reached the limit (MaxOrders).
0	19:17:23.282	EA31337 EURUSD,M1: OpenOrderIsAllowed(): Maximum open and pending orders reached the limit (MaxOrders).
0	19:17:23.692	EA31337 EURUSD,M1: OpenOrderIsAllowed(): Maximum open and pending orders reached the limit (MaxOrders).
0	19:19:28.102	EA31337 EURUSD,M1: OpenOrderIsAllowed(): Maximum open and pending orders reached the limit (MaxOrders).
0	19:19:28.102	EA31337 EURUSD,M1: OpenOrderIsAllowed(): Maximum open and pending orders reached the limit (MaxOrders).
0	19:22:17.877	EA31337 EURUSD,M1: OpenOrderIsAllowed(): Maximum open and pending orders reached the limit (MaxOrders).
0	20:00:15.502	EA31337 EURUSD,M1: == New hour: 20
0	21:03:31.879	EA31337 EURUSD,M1: == New hour: 21
0	22:02:31.608	EA31337 EURUSD,M1: == New hour: 22
0	22:06:16.937	EA31337 EURUSD,M1: OpenOrderIsAllowed(): Maximum open and pending orders reached the limit (MaxOrders).
0	22:08:30.627	EA31337 EURUSD,M1: OpenOrderIsAllowed(): Maximum open and pending orders reached the limit (MaxOrders).
0	22:10:18.803	EA31337 EURUSD,M1: OpenOrderIsAllowed(): Maximum open and pending orders reached the limit (MaxOrders).
0	22:19:52.452	EA31337 EURUSD,M1: OpenOrderIsAllowed(): Maximum open and pending orders reached the limit (MaxOrders).
0	22:23:44.471	EA31337 EURUSD,M1: OpenOrderIsAllowed(): Maximum open and pending orders reached the limit (MaxOrders).
0	22:29:21.719	EA31337 EURUSD,M1: OpenOrderIsAllowed(): Maximum open and pending orders reached the limit (MaxOrders).
0	23:01:29.336	EA31337 EURUSD,M1: == New hour: 23
