0	00:05:36.527	EA31337 EURUSD,M1: == New hour: 0
0	00:05:36.657	EA31337 EURUSD,M1: == New day (day of month: 12; day of year: 43) ==
0	00:05:36.657	EA31337 EURUSD,M1: Daily max: Tick: 9.1; Spread: 45; Max orders: 28; Loss: 0; Profit: 0; Equity: 2621.08; Balance: 2595.48; 
0	00:05:36.657	EA31337 EURUSD,M1: Daily SAR stats: Period: 0, Buy: 499 / Sell: 1652; Period: 1, Buy: 233 / Sell: 1784; Period: 2, Buy: 191 / Sell: 1618; Period: 3, Buy: 201 / Sell: 677; Period: 4, Buy: 0 / Sell: 0; Period: 5, Buy: 0 / Sell: 0; Period: 6, Buy: 0 / Sell: 0; Period: 7, Buy: 0 / Sell: 0; Period: 8, Buy: 0 / Sell: 0; 
0	00:05:36.657	EA31337 EURUSD,M1: Daily strategy stats: 
0	00:06:11.270	EA31337 EURUSD,M1: OpenOrderIsAllowed(): Maximum open and pending orders reached the limit (MaxOrders).
0	01:00:36.046	EA31337 EURUSD,M1: == New hour: 1
0	01:01:32.654	EA31337 EURUSD,M1: ExecuteOrder(): MarketInfo: Symbol: EURUSD; Ask: 1.13114; Bid: 1.13093; Spread: 21 points = 2.1 pips; 
2	01:01:42.382	EA31337 EURUSD,M1: open #46297939 buy 0.01 EURUSD at 1.13112 sl: 1.12693 tp: 1.13554 ok
0	01:01:42.382	EA31337 EURUSD,M1: #46297939 2016.02.12 01:01:03 buy 0.01 EURUSD 1.13112 1.12693 1.13554 1.13086 0.00 0.00 -0.26 | spread: 2.3 31409
0	01:01:42.382	EA31337 EURUSD,M1: ExecuteOrder(): Order Details: Ticket: 46297939; Time: 2016.02.12 01:00:03; Comment: | spread: 2.3; Commision: 0; Symbol: EURUSD; Type: Buy; Expiration: 0; Open Price: 1.13112; Close Price: 1.13086; Take Profit: -0.26; Stop Loss: 1.1269; Swap: 0; Lot size: 0.01; Account Details: Time: 2016.02.12 01:00:03; Account Balance: $2479.17; Account Equity: $2483.57; Used Margin: $30.00; Free Margin: $2453.57; No of Orders: 3 (BUY/SELL: 3/0); Risk Ratio: 1.0
0	01:01:48.448	EA31337 EURUSD,M1: OpenOrderIsAllowed(): Maximum open and pending orders reached the limit (MaxOrders).
0	01:03:28.899	EA31337 EURUSD,M1: OpenOrderIsAllowed(): Maximum open and pending orders reached the limit (MaxOrders).
0	01:05:36.240	EA31337 EURUSD,M1: OpenOrderIsAllowed(): Maximum open and pending orders reached the limit (MaxOrders).
0	01:05:36.240	EA31337 EURUSD,M1: OpenOrderIsAllowed(): Maximum open and pending orders reached the limit (MaxOrders).
0	01:05:36.240	EA31337 EURUSD,M1: OpenOrderIsAllowed(): Maximum open and pending orders reached the limit (MaxOrders).
0	01:06:54.786	EA31337 EURUSD,M1: OpenOrderIsAllowed(): Maximum open and pending orders reached the limit (MaxOrders).
0	01:06:54.786	EA31337 EURUSD,M1: OpenOrderIsAllowed(): Maximum open and pending orders reached the limit (MaxOrders).
0	01:06:54.786	EA31337 EURUSD,M1: OpenOrderIsAllowed(): Maximum open and pending orders reached the limit (MaxOrders).
0	01:08:54.394	EA31337 EURUSD,M1: OpenOrderIsAllowed(): Maximum open and pending orders reached the limit (MaxOrders).
2	01:11:15.629	EA31337 EURUSD,M1: modify #46297939 buy 0.01 EURUSD at 1.13112 sl: 1.12693 tp: 1.13566 ok
2	01:21:42.055	EA31337 EURUSD,M1: modify #46297939 buy 0.01 EURUSD at 1.13112 sl: 1.12693 tp: 1.13577 ok
2	01:23:24.441	EA31337 EURUSD,M1: modify #46297939 buy 0.01 EURUSD at 1.13112 sl: 1.12693 tp: 1.13589 ok
0	02:04:17.927	EA31337 EURUSD,M1: == New hour: 2
0	02:04:18.256	EA31337 EURUSD,M1: ExecuteOrder(): MarketInfo: Symbol: EURUSD; Ask: 1.13060; Bid: 1.13039; Spread: 21 points = 2.1 pips; 
2	02:04:18.944	EA31337 EURUSD,M1: open #46299046 buy 0.01 EURUSD at 1.13063 sl: 1.12639 tp: 1.13315 ok
0	02:04:18.944	EA31337 EURUSD,M1: #46299046 2016.02.12 02:03:45 buy 0.01 EURUSD 1.13063 1.12639 1.13315 1.13043 0.00 0.00 -0.20 | spread: 2.1 31350
0	02:04:18.944	EA31337 EURUSD,M1: ExecuteOrder(): Order Details: Ticket: 46299046; Time: 2016.02.12 02:03:44; Comment: | spread: 2.1; Commision: 0; Symbol: EURUSD; Type: Buy; Expiration: 0; Open Price: 1.13063; Close Price: 1.13043; Take Profit: -0.2; Stop Loss: 1.1264; Swap: 0; Lot size: 0.01; Account Details: Time: 2016.02.12 02:03:44; Account Balance: $2479.17; Account Equity: $2482.08; Used Margin: $40.00; Free Margin: $2442.08; No of Orders: 4 (BUY/SELL: 4/0); Risk Ratio: 1.0
0	02:05:48.627	EA31337 EURUSD,M1: OpenOrderIsAllowed(): Maximum open and pending orders reached the limit (MaxOrders).
0	02:05:48.627	EA31337 EURUSD,M1: OpenOrderIsAllowed(): Maximum open and pending orders reached the limit (MaxOrders).
0	02:05:48.627	EA31337 EURUSD,M1: OpenOrderIsAllowed(): Maximum open and pending orders reached the limit (MaxOrders).
0	02:07:45.298	EA31337 EURUSD,M1: OpenOrderIsAllowed(): Maximum open and pending orders reached the limit (MaxOrders).
0	02:07:45.298	EA31337 EURUSD,M1: OpenOrderIsAllowed(): Maximum open and pending orders reached the limit (MaxOrders).
0	02:07:45.298	EA31337 EURUSD,M1: OpenOrderIsAllowed(): Maximum open and pending orders reached the limit (MaxOrders).
0	02:07:45.298	EA31337 EURUSD,M1: OpenOrderIsAllowed(): Maximum open and pending orders reached the limit (MaxOrders).
0	02:12:07.957	EA31337 EURUSD,M1: OpenOrderIsAllowed(): Maximum open and pending orders reached the limit (MaxOrders).
0	03:02:22.433	EA31337 EURUSD,M1: == New hour: 3
0	03:02:41.337	EA31337 EURUSD,M1: ExecuteOrder(): MarketInfo: Symbol: EURUSD; Ask: 1.13078; Bid: 1.13056; Spread: 22 points = 2.2 pips; 
2	03:02:46.680	EA31337 EURUSD,M1: open #46299876 buy 0.01 EURUSD at 1.13078 sl: 1.12656 tp: 1.13184 ok
0	03:02:46.680	EA31337 EURUSD,M1: #46299876 2016.02.12 03:02:12 buy 0.01 EURUSD 1.13078 1.12656 1.13184 1.13055 0.00 0.00 -0.23 | spread: 2.3 31349
0	03:02:46.745	EA31337 EURUSD,M1: ExecuteOrder(): Order Details: Ticket: 46299876; Time: 2016.02.12 03:01:49; Comment: | spread: 2.3; Commision: 0; Symbol: EURUSD; Type: Buy; Expiration: 0; Open Price: 1.13078; Close Price: 1.13055; Take Profit: -0.23; Stop Loss: 1.1266; Swap: 0; Lot size: 0.01; Account Details: Time: 2016.02.12 03:01:49; Account Balance: $2479.17; Account Equity: $2482.33; Used Margin: $50.00; Free Margin: $2432.33; No of Orders: 5 (BUY/SELL: 5/0); Risk Ratio: 1.0
0	03:04:09.060	EA31337 EURUSD,M1: OpenOrderIsAllowed(): Maximum open and pending orders reached the limit (MaxOrders).
0	03:04:09.092	EA31337 EURUSD,M1: OpenOrderIsAllowed(): Maximum open and pending orders reached the limit (MaxOrders).
0	03:04:09.092	EA31337 EURUSD,M1: OpenOrderIsAllowed(): Maximum open and pending orders reached the limit (MaxOrders).
0	03:07:39.538	EA31337 EURUSD,M1: OpenOrderIsAllowed(): Maximum open and pending orders reached the limit (MaxOrders).
2	03:54:28.548	EA31337 EURUSD,M1: modify #46299876 buy 0.01 EURUSD at 1.13078 sl: 1.12656 tp: 1.13200 ok
0	04:01:36.832	EA31337 EURUSD,M1: == New hour: 4
0	04:02:28.008	EA31337 EURUSD,M1: ExecuteOrder(): MarketInfo: Symbol: EURUSD; Ask: 1.12994; Bid: 1.12971; Spread: 23 points = 2.3 pips; 
2	04:02:28.571	EA31337 EURUSD,M1: open #46301813 sell 0.01 EURUSD at 1.12973 sl: 1.13394 tp: 1.12531 ok
0	04:02:28.612	EA31337 EURUSD,M1: #46301813 2016.02.12 04:01:55 sell 0.01 EURUSD 1.12973 1.13394 1.12531 1.12996 0.00 0.00 -0.23 | spread: 1.9 31362
0	04:02:28.612	EA31337 EURUSD,M1: ExecuteOrder(): Order Details: Ticket: 46301813; Time: 2016.02.12 04:01:03; Comment: | spread: 1.9; Commision: 0; Symbol: EURUSD; Type: Sell; Expiration: 0; Open Price: 1.12973; Close Price: 1.12996; Take Profit: -0.23; Stop Loss: 1.1339; Swap: 0; Lot size: 0.01; Account Details: Time: 2016.02.12 04:01:03; Account Balance: $2479.17; Account Equity: $2478.00; Used Margin: $60.00; Free Margin: $2418.00; No of Orders: 6 (BUY/SELL: 5/1); Risk Ratio: 0.9
0	04:02:28.612	EA31337 EURUSD,M1: OpenOrderIsAllowed(): Maximum open and pending orders reached the limit (MaxOrders).
0	04:03:24.853	EA31337 EURUSD,M1: OpenOrderIsAllowed(): Maximum open and pending orders reached the limit (MaxOrders).
0	04:04:06.286	EA31337 EURUSD,M1: OpenOrderIsAllowed(): Maximum open and pending orders reached the limit (MaxOrders).
0	04:04:06.286	EA31337 EURUSD,M1: OpenOrderIsAllowed(): Maximum open and pending orders reached the limit (MaxOrders).
0	04:04:06.286	EA31337 EURUSD,M1: OpenOrderIsAllowed(): Maximum open and pending orders reached the limit (MaxOrders).
0	04:05:49.574	EA31337 EURUSD,M1: OpenOrderIsAllowed(): Maximum open and pending orders reached the limit (MaxOrders).
0	04:05:49.574	EA31337 EURUSD,M1: OpenOrderIsAllowed(): Maximum open and pending orders reached the limit (MaxOrders).
0	04:05:49.574	EA31337 EURUSD,M1: OpenOrderIsAllowed(): Maximum open and pending orders reached the limit (MaxOrders).
0	04:06:03.209	EA31337 EURUSD,M1: OpenOrderIsAllowed(): Maximum open and pending orders reached the limit (MaxOrders).
0	04:06:59.894	EA31337 EURUSD,M1: OpenOrderIsAllowed(): Maximum open and pending orders reached the limit (MaxOrders).
0	04:08:13.240	EA31337 EURUSD,M1: OpenOrderIsAllowed(): Maximum open and pending orders reached the limit (MaxOrders).
0	04:08:13.321	EA31337 EURUSD,M1: OpenOrderIsAllowed(): Maximum open and pending orders reached the limit (MaxOrders).
0	04:08:13.321	EA31337 EURUSD,M1: OpenOrderIsAllowed(): Maximum open and pending orders reached the limit (MaxOrders).
0	04:09:54.087	EA31337 EURUSD,M1: OpenOrderIsAllowed(): Maximum open and pending orders reached the limit (MaxOrders).
0	04:09:54.087	EA31337 EURUSD,M1: OpenOrderIsAllowed(): Maximum open and pending orders reached the limit (MaxOrders).
0	04:09:58.965	EA31337 EURUSD,M1: OpenOrderIsAllowed(): Maximum open and pending orders reached the limit (MaxOrders).
0	04:11:13.556	EA31337 EURUSD,M1: OpenOrderIsAllowed(): Maximum open and pending orders reached the limit (MaxOrders).
2	04:36:57.237	EA31337 EURUSD,M1: modify #46301813 sell 0.01 EURUSD at 1.12973 sl: 1.13394 tp: 1.12529 ok
2	04:41:07.353	EA31337 EURUSD,M1: modify #46301813 sell 0.01 EURUSD at 1.12973 sl: 1.13394 tp: 1.12514 ok
0	05:01:54.964	EA31337 EURUSD,M1: == New hour: 5
0	05:03:35.277	EA31337 EURUSD,M1: ExecuteOrder(): MarketInfo: Symbol: EURUSD; Ask: 1.12968; Bid: 1.12947; Spread: 21 points = 2.1 pips; 
2	05:04:02.326	EA31337 EURUSD,M1: open #46302963 buy 0.01 EURUSD at 1.12958 sl: 1.12547 tp: 1.13061 ok
0	05:04:02.326	EA31337 EURUSD,M1: #46302963 2016.02.12 05:03:28 buy 0.01 EURUSD 1.12958 1.12547 1.13061 1.12936 0.00 0.00 -0.22 | spread: 2.3 31349
0	05:04:02.452	EA31337 EURUSD,M1: ExecuteOrder(): Order Details: Ticket: 46302963; Time: 2016.02.12 05:01:21; Comment: | spread: 2.3; Commision: 0; Symbol: EURUSD; Type: Buy; Expiration: 0; Open Price: 1.12958; Close Price: 1.12936; Take Profit: -0.22; Stop Loss: 1.1255; Swap: 0; Lot size: 0.01; Account Details: Time: 2016.02.12 05:01:21; Account Balance: $2479.17; Account Equity: $2476.31; Used Margin: $70.00; Free Margin: $2406.31; No of Orders: 7 (BUY/SELL: 6/1); Risk Ratio: 1.0
0	05:06:35.055	EA31337 EURUSD,M1: OpenOrderIsAllowed(): Maximum open and pending orders reached the limit (MaxOrders).
0	05:06:44.185	EA31337 EURUSD,M1: OpenOrderIsAllowed(): Maximum open and pending orders reached the limit (MaxOrders).
0	05:06:44.340	EA31337 EURUSD,M1: OpenOrderIsAllowed(): Maximum open and pending orders reached the limit (MaxOrders).
0	05:06:46.068	EA31337 EURUSD,M1: OpenOrderIsAllowed(): Maximum open and pending orders reached the limit (MaxOrders).
0	05:08:05.332	EA31337 EURUSD,M1: OpenOrderIsAllowed(): Maximum open and pending orders reached the limit (MaxOrders).
0	05:08:05.531	EA31337 EURUSD,M1: OpenOrderIsAllowed(): Maximum open and pending orders reached the limit (MaxOrders).
0	05:08:05.559	EA31337 EURUSD,M1: OpenOrderIsAllowed(): Maximum open and pending orders reached the limit (MaxOrders).
2	05:08:10.635	EA31337 EURUSD,M1: modify #46301813 sell 0.01 EURUSD at 1.12973 sl: 1.13394 tp: 1.12477 ok
0	05:09:16.902	EA31337 EURUSD,M1: OpenOrderIsAllowed(): Maximum open and pending orders reached the limit (MaxOrders).
2	05:13:42.997	EA31337 EURUSD,M1: modify #46302963 buy 0.01 EURUSD at 1.12958 sl: 1.12547 tp: 1.13071 ok
2	05:59:36.442	EA31337 EURUSD,M1: modify #46302963 buy 0.01 EURUSD at 1.12958 sl: 1.12547 tp: 1.13117 ok
2	06:04:07.944	EA31337 EURUSD,M1: modify #46302963 buy 0.01 EURUSD at 1.12958 sl: 1.12547 tp: 1.13119 ok
0	06:04:36.533	EA31337 EURUSD,M1: == New hour: 6
0	06:06:21.077	EA31337 EURUSD,M1: OpenOrderIsAllowed(): MACD M1: Maximum open and pending orders per type reached the limit (MaxOrdersPerType).
0	06:06:23.107	EA31337 EURUSD,M1: ExecuteOrder(): MarketInfo: Symbol: EURUSD; Ask: 1.13064; Bid: 1.13042; Spread: 22 points = 2.2 pips; 
2	06:06:27.590	EA31337 EURUSD,M1: open #46303919 sell 0.01 EURUSD at 1.13039 sl: 1.13464 tp: 1.12602 ok
0	06:06:27.590	EA31337 EURUSD,M1: #46303919 2016.02.12 06:05:53 sell 0.01 EURUSD 1.13039 1.13464 1.12602 1.13061 0.00 0.00 -0.22 | spread: 2.1 31411
0	06:06:27.662	EA31337 EURUSD,M1: ExecuteOrder(): Order Details: Ticket: 46303919; Time: 2016.02.12 06:04:03; Comment: | spread: 2.1; Commision: 0; Symbol: EURUSD; Type: Sell; Expiration: 0; Open Price: 1.13039; Close Price: 1.13061; Take Profit: -0.22; Stop Loss: 1.1346; Swap: 0; Lot size: 0.01; Account Details: Time: 2016.02.12 06:04:03; Account Balance: $2479.17; Account Equity: $2481.24; Used Margin: $80.00; Free Margin: $2401.24; No of Orders: 8 (BUY/SELL: 6/2); Risk Ratio: 0.9
0	06:08:06.775	EA31337 EURUSD,M1: OpenOrderIsAllowed(): Maximum open and pending orders reached the limit (MaxOrders).
0	06:08:28.660	EA31337 EURUSD,M1: OpenOrderIsAllowed(): Maximum open and pending orders reached the limit (MaxOrders).
2	06:08:44.764	EA31337 EURUSD,M1: modify #46303919 sell 0.01 EURUSD at 1.13039 sl: 1.13464 tp: 1.12595 ok
0	06:12:10.356	EA31337 EURUSD,M1: OpenOrderIsAllowed(): Maximum open and pending orders reached the limit (MaxOrders).
2	06:27:30.351	EA31337 EURUSD,M1: modify #46302963 buy 0.01 EURUSD at 1.12958 sl: 1.12547 tp: 1.13174 ok
2	07:00:19.787	EA31337 EURUSD,M1: modify #46297939 buy 0.01 EURUSD at 1.13112 sl: 1.12693 tp: 1.13592 ok
2	07:03:34.827	EA31337 EURUSD,M1: modify #46297939 buy 0.01 EURUSD at 1.13112 sl: 1.12693 tp: 1.13594 ok
0	07:03:50.274	EA31337 EURUSD,M1: == New hour: 7
0	07:04:23.353	EA31337 EURUSD,M1: ExecuteOrder(): MarketInfo: Symbol: EURUSD; Ask: 1.13195; Bid: 1.13172; Spread: 23 points = 2.3 pips; 
2	07:04:24.409	EA31337 EURUSD,M1: open #46305770 buy 0.01 EURUSD at 1.13196 sl: 1.12772 tp: 1.13244 ok
0	07:04:24.409	EA31337 EURUSD,M1: #46305770 2016.02.12 07:03:50 buy 0.01 EURUSD 1.13196 1.12772 1.13244 1.13174 0.00 0.00 -0.22 | spread: 2.4 31349
0	07:04:24.409	EA31337 EURUSD,M1: ExecuteOrder(): Order Details: Ticket: 46305770; Time: 2016.02.12 07:03:16; Comment: | spread: 2.4; Commision: 0; Symbol: EURUSD; Type: Buy; Expiration: 0; Open Price: 1.13196; Close Price: 1.13174; Take Profit: -0.22; Stop Loss: 1.1277; Swap: 0; Lot size: 0.01; Account Details: Time: 2016.02.12 07:03:16; Account Balance: $2481.33; Account Equity: $2486.42; Used Margin: $80.00; Free Margin: $2406.42; No of Orders: 8 (BUY/SELL: 6/2); Risk Ratio: 1.0
0	07:06:39.475	EA31337 EURUSD,M1: OpenOrderIsAllowed(): MACD M1: Maximum open and pending orders per type reached the limit (MaxOrdersPerType).
0	07:09:23.725	EA31337 EURUSD,M1: OpenOrderIsAllowed(): MACD M1: Maximum open and pending orders per type reached the limit (MaxOrdersPerType).
2	07:09:24.541	EA31337 EURUSD,M1: modify #46297939 buy 0.01 EURUSD at 1.13112 sl: 1.12693 tp: 1.13617 ok
0	07:10:01.886	EA31337 EURUSD,M1: ExecuteOrder(): MarketInfo: Symbol: EURUSD; Ask: 1.13194; Bid: 1.13172; Spread: 22 points = 2.2 pips; 
2	07:10:02.833	EA31337 EURUSD,M1: open #46306033 buy 0.01 EURUSD at 1.13194 sl: 1.12772 tp: 1.13634 ok
0	07:10:02.833	EA31337 EURUSD,M1: #46306033 2016.02.12 07:09:28 buy 0.01 EURUSD 1.13194 1.12772 1.13634 1.13172 0.00 0.00 -0.22 | spread: 2.2 31363
0	07:10:02.833	EA31337 EURUSD,M1: ExecuteOrder(): Order Details: Ticket: 46306033; Time: 2016.02.12 07:09:05; Comment: | spread: 2.2; Commision: 0; Symbol: EURUSD; Type: Buy; Expiration: 0; Open Price: 1.13194; Close Price: 1.13172; Take Profit: -0.22; Stop Loss: 1.1277; Swap: 0; Lot size: 0.01; Account Details: Time: 2016.02.12 07:09:05; Account Balance: $2482.55; Account Equity: $2486.38; Used Margin: $80.00; Free Margin: $2406.38; No of Orders: 8 (BUY/SELL: 6/2); Risk Ratio: 1.0
0	07:12:00.614	EA31337 EURUSD,M1: OpenOrderIsAllowed(): MACD M1: Maximum open and pending orders per type reached the limit (MaxOrdersPerType).
2	07:14:06.807	EA31337 EURUSD,M1: modify #46297939 buy 0.01 EURUSD at 1.13112 sl: 1.12693 tp: 1.13631 ok
2	07:14:07.229	EA31337 EURUSD,M1: modify #46305770 buy 0.01 EURUSD at 1.13196 sl: 1.12772 tp: 1.13297 ok
0	07:16:10.629	EA31337 EURUSD,M1: OpenOrderIsAllowed(): MACD M1: Maximum open and pending orders per type reached the limit (MaxOrdersPerType).
0	07:16:10.629	EA31337 EURUSD,M1: ExecuteOrder(): MarketInfo: Symbol: EURUSD; Ask: 1.13155; Bid: 1.13133; Spread: 22 points = 2.2 pips; 
2	07:16:12.009	EA31337 EURUSD,M1: open #46306277 buy 0.01 EURUSD at 1.13164 sl: 1.12733 tp: 1.13595 ok
0	07:16:12.009	EA31337 EURUSD,M1: #46306277 2016.02.12 07:15:38 buy 0.01 EURUSD 1.13164 1.12733 1.13595 1.13143 0.00 0.00 -0.21 | spread: 2.3 31410
0	07:16:12.009	EA31337 EURUSD,M1: ExecuteOrder(): Order Details: Ticket: 46306277; Time: 2016.02.12 07:13:39; Comment: | spread: 2.3; Commision: 0; Symbol: EURUSD; Type: Buy; Expiration: 0; Open Price: 1.13164; Close Price: 1.13143; Take Profit: -0.21; Stop Loss: 1.1273; Swap: 0; Lot size: 0.01; Account Details: Time: 2016.02.12 07:13:39; Account Balance: $2482.55; Account Equity: $2485.05; Used Margin: $90.00; Free Margin: $2395.05; No of Orders: 9 (BUY/SELL: 7/2); Risk Ratio: 1.0
0	07:16:12.009	EA31337 EURUSD,M1: OpenOrderIsAllowed(): Maximum open and pending orders reached the limit (MaxOrders).
0	07:17:11.395	EA31337 EURUSD,M1: OpenOrderIsAllowed(): Maximum open and pending orders reached the limit (MaxOrders).
0	07:17:11.395	EA31337 EURUSD,M1: OpenOrderIsAllowed(): Maximum open and pending orders reached the limit (MaxOrders).
0	07:17:11.395	EA31337 EURUSD,M1: OpenOrderIsAllowed(): Maximum open and pending orders reached the limit (MaxOrders).
0	07:17:21.757	EA31337 EURUSD,M1: OpenOrderIsAllowed(): Maximum open and pending orders reached the limit (MaxOrders).
0	07:18:08.693	EA31337 EURUSD,M1: OpenOrderIsAllowed(): Maximum open and pending orders reached the limit (MaxOrders).
0	07:20:42.300	EA31337 EURUSD,M1: OpenOrderIsAllowed(): Maximum open and pending orders reached the limit (MaxOrders).
0	07:20:42.381	EA31337 EURUSD,M1: OpenOrderIsAllowed(): Maximum open and pending orders reached the limit (MaxOrders).
0	07:20:42.422	EA31337 EURUSD,M1: OpenOrderIsAllowed(): Maximum open and pending orders reached the limit (MaxOrders).
0	07:20:59.452	EA31337 EURUSD,M1: OpenOrderIsAllowed(): Maximum open and pending orders reached the limit (MaxOrders).
0	07:22:00.561	EA31337 EURUSD,M1: OpenOrderIsAllowed(): Maximum open and pending orders reached the limit (MaxOrders).
2	07:32:57.702	EA31337 EURUSD,M1: modify #46297939 buy 0.01 EURUSD at 1.13112 sl: 1.12693 tp: 1.13634 ok
2	07:32:58.108	EA31337 EURUSD,M1: modify #46306277 buy 0.01 EURUSD at 1.13164 sl: 1.12733 tp: 1.13634 ok
2	07:58:58.339	EA31337 EURUSD,M1: close #46241596 buy 0.01 EURUSD at 1.12869 sl: 1.12446 tp: 1.15696 at price 1.12933
0	07:58:58.380	EA31337 EURUSD,M1: CloseOrder(): Closed order 46241596 with profit 0.72 pips, reason: None (inactive); Order Details: Ticket: 46241596; Time: 2016.02.12 07:54:23; Comment: | spread: 2.1; Commision: 0; Symbol: EURUSD; Type: Buy; Expiration: 0; Open Price: 1.12869; Close Price: 1.12937; Take Profit: 0.68; Stop Loss: 1.1245; Swap: -0.04; Lot size: 0.01; 
0	07:58:58.422	EA31337 EURUSD,M1: CloseOrdersByType():Closed 1 orders (0, 71) on market change with total profit of : 0.72 pips (0 failed)
0	07:58:58.422	EA31337 EURUSD,M1: OpenOrderIsAllowed(): Maximum open and pending orders reached the daily limit (MaxOrdersPerDay).
0	07:59:04.391	EA31337 EURUSD,M1: OpenOrderIsAllowed(): MACD M1: Maximum open and pending orders per type reached the limit (MaxOrdersPerType).
2	08:00:25.317	EA31337 EURUSD,M1: modify #46303919 sell 0.01 EURUSD at 1.13039 sl: 1.13464 tp: 1.12491 ok
0	08:01:22.491	EA31337 EURUSD,M1: OpenOrderIsAllowed(): MACD M1: Maximum open and pending orders per type reached the limit (MaxOrdersPerType).
2	08:02:57.481	EA31337 EURUSD,M1: modify #46301813 sell 0.01 EURUSD at 1.12973 sl: 1.13394 tp: 1.12457 ok
2	08:02:57.903	EA31337 EURUSD,M1: modify #46303919 sell 0.01 EURUSD at 1.13039 sl: 1.13464 tp: 1.12457 ok
0	08:03:07.872	EA31337 EURUSD,M1: == New hour: 8
0	08:03:56.273	EA31337 EURUSD,M1: OpenOrderIsAllowed(): MACD M1: Maximum open and pending orders per type reached the limit (MaxOrdersPerType).
2	08:04:38.192	EA31337 EURUSD,M1: modify #46301813 sell 0.01 EURUSD at 1.12973 sl: 1.13394 tp: 1.12411 ok
2	08:04:38.886	EA31337 EURUSD,M1: modify #46303919 sell 0.01 EURUSD at 1.13039 sl: 1.13464 tp: 1.12411 ok
0	08:07:33.451	EA31337 EURUSD,M1: OpenOrderIsAllowed(): MACD M1: Maximum open and pending orders per type reached the limit (MaxOrdersPerType).
0	08:11:30.728	EA31337 EURUSD,M1: OpenOrderIsAllowed(): MACD M1: Maximum open and pending orders per type reached the limit (MaxOrdersPerType).
2	08:20:30.355	EA31337 EURUSD,M1: modify #46299046 buy 0.01 EURUSD at 1.13063 sl: 1.12639 tp: 1.13318 ok
2	08:20:30.801	EA31337 EURUSD,M1: modify #46301813 sell 0.01 EURUSD at 1.12973 sl: 1.13394 tp: 1.12224 ok
2	08:20:31.332	EA31337 EURUSD,M1: modify #46303919 sell 0.01 EURUSD at 1.13039 sl: 1.13464 tp: 1.12226 ok
0	09:00:37.343	EA31337 EURUSD,M1: == New hour: 9
0	10:01:21.623	EA31337 EURUSD,M1: == New hour: 10
0	11:04:13.112	EA31337 EURUSD,M1: == New hour: 11
0	12:08:37.200	EA31337 EURUSD,M1: == New hour: 12
2	12:35:27.630	EA31337 EURUSD,M1: modify #46303919 sell 0.01 EURUSD at 1.13039 sl: 1.13464 tp: 1.12225 ok
2	12:44:56.609	EA31337 EURUSD,M1: modify #46301813 sell 0.01 EURUSD at 1.12973 sl: 1.13394 tp: 1.12199 ok
2	12:44:57.299	EA31337 EURUSD,M1: modify #46303919 sell 0.01 EURUSD at 1.13039 sl: 1.13464 tp: 1.12198 ok
2	12:49:42.796	EA31337 EURUSD,M1: modify #46301813 sell 0.01 EURUSD at 1.12973 sl: 1.13394 tp: 1.12190 ok
2	12:49:43.408	EA31337 EURUSD,M1: modify #46303919 sell 0.01 EURUSD at 1.13039 sl: 1.13464 tp: 1.12191 ok
0	13:01:00.292	EA31337 EURUSD,M1: == New hour: 13
2	13:32:27.756	EA31337 EURUSD,M1: modify #46301813 sell 0.01 EURUSD at 1.12973 sl: 1.13394 tp: 1.12002 ok
2	13:32:28.438	EA31337 EURUSD,M1: modify #46303919 sell 0.01 EURUSD at 1.13039 sl: 1.13464 tp: 1.12001 ok
2	13:35:16.975	EA31337 EURUSD,M1: modify #46301813 sell 0.01 EURUSD at 1.12973 sl: 1.13394 tp: 1.11851 ok
2	13:35:17.543	EA31337 EURUSD,M1: modify #46303919 sell 0.01 EURUSD at 1.13039 sl: 1.13464 tp: 1.11853 ok
0	14:00:36.974	EA31337 EURUSD,M1: == New hour: 14
0	15:04:40.716	EA31337 EURUSD,M1: == New hour: 15
0	16:02:31.359	EA31337 EURUSD,M1: == New hour: 16
2	16:23:28.429	EA31337 EURUSD,M1: modify #46301813 sell 0.01 EURUSD at 1.12973 sl: 1.13394 tp: 1.11797 ok
2	16:23:28.997	EA31337 EURUSD,M1: modify #46303919 sell 0.01 EURUSD at 1.13039 sl: 1.13464 tp: 1.11795 ok
2	16:29:02.484	EA31337 EURUSD,M1: modify #46301813 sell 0.01 EURUSD at 1.12973 sl: 1.13394 tp: 1.11782 ok
2	16:29:02.781	EA31337 EURUSD,M1: modify #46303919 sell 0.01 EURUSD at 1.13039 sl: 1.13464 tp: 1.11783 ok
2	16:34:59.438	EA31337 EURUSD,M1: modify #46301813 sell 0.01 EURUSD at 1.12973 sl: 1.13394 tp: 1.11727 ok
2	16:35:00.122	EA31337 EURUSD,M1: modify #46303919 sell 0.01 EURUSD at 1.13039 sl: 1.13464 tp: 1.11726 ok
0	17:04:01.033	EA31337 EURUSD,M1: == New hour: 17
0	18:04:20.709	EA31337 EURUSD,M1: == New hour: 18
0	19:02:25.576	EA31337 EURUSD,M1: == New hour: 19
0	20:05:14.519	EA31337 EURUSD,M1: == New hour: 20
0	21:03:29.129	EA31337 EURUSD,M1: == New hour: 21
0	21:55:50.104	EA31337 EURUSD,M1: OpenOrderIsAllowed(): Maximum open and pending orders reached the daily limit (MaxOrdersPerDay).
0	21:56:04.191	EA31337 EURUSD,M1: OpenOrderIsAllowed(): Maximum open and pending orders reached the daily limit (MaxOrdersPerDay).
0	21:56:04.323	EA31337 EURUSD,M1: OpenOrderIsAllowed(): Maximum open and pending orders reached the daily limit (MaxOrdersPerDay).
0	21:56:44.689	EA31337 EURUSD,M1: OpenOrderIsAllowed(): Maximum open and pending orders reached the daily limit (MaxOrdersPerDay).
0	21:56:57.184	EA31337 EURUSD,M1: OpenOrderIsAllowed(): Maximum open and pending orders reached the daily limit (MaxOrdersPerDay).
