0	01:00:47.745	'1809640': order sell market 0.01 EURUSD sl: 1.11329 tp: 1.10624
0	01:00:50.999	'1809640': order was opened : #42831159 sell 0.01 EURUSD at 1.10908 sl: 1.11329 tp: 1.10624
0	01:20:48.351	'1809640': modify order #42831159 sell 0.01 EURUSD at 1.10908 sl: 1.11329 tp: 1.10624 -> sl: 1.11329 tp: 1.10620
0	01:20:48.836	'1809640': order #42831159 sell 0.01 EURUSD at 1.10908 was modified -> sl: 1.11329 tp: 1.10620
0	01:22:44.125	'1809640': modify order #42831159 sell 0.01 EURUSD at 1.10908 sl: 1.11329 tp: 1.10620 -> sl: 1.11329 tp: 1.10619
0	01:22:44.641	'1809640': order #42831159 sell 0.01 EURUSD at 1.10908 was modified -> sl: 1.11329 tp: 1.10619
0	01:36:04.014	'1809640': modify order #42831159 sell 0.01 EURUSD at 1.10908 sl: 1.11329 tp: 1.10619 -> sl: 1.11329 tp: 1.10616
0	01:36:04.742	'1809640': order #42831159 sell 0.01 EURUSD at 1.10908 was modified -> sl: 1.11329 tp: 1.10616
0	02:02:53.598	'1809640': order sell market 0.01 EURUSD sl: 1.11431 tp: 1.10927
0	02:02:54.130	'1809640': order was opened : #42833449 sell 0.01 EURUSD at 1.11015 sl: 1.11431 tp: 1.10927
0	03:01:16.125	'1809640': order sell market 0.01 EURUSD sl: 1.11538 tp: 1.10572
0	03:01:16.535	'1809640': order was opened : #42835225 sell 0.01 EURUSD at 1.11115 sl: 1.11538 tp: 1.10572
0	04:01:59.793	'1809640': order sell market 0.01 EURUSD sl: 1.11559 tp: 1.11048
0	04:02:00.465	'1809640': order was opened : #42836823 sell 0.01 EURUSD at 1.11138 sl: 1.11559 tp: 1.11048
0	04:32:34.114	'1809640': modify order #42836823 sell 0.01 EURUSD at 1.11138 sl: 1.11559 tp: 1.11048 -> sl: 1.11559 tp: 1.11014
0	04:32:34.500	'1809640': order #42836823 sell 0.01 EURUSD at 1.11138 was modified -> sl: 1.11559 tp: 1.11014
0	04:44:01.216	'1809640': modify order #42836823 sell 0.01 EURUSD at 1.11138 sl: 1.11559 tp: 1.11014 -> sl: 1.11559 tp: 1.10989
0	04:44:01.638	'1809640': order #42836823 sell 0.01 EURUSD at 1.11138 was modified -> sl: 1.11559 tp: 1.10989
0	04:57:38.928	'1809640': modify order #42836823 sell 0.01 EURUSD at 1.11138 sl: 1.11559 tp: 1.10989 -> sl: 1.11559 tp: 1.10932
0	04:57:39.350	'1809640': order #42836823 sell 0.01 EURUSD at 1.11138 was modified -> sl: 1.11559 tp: 1.10932
0	04:59:13.103	'1809640': modify order #42836823 sell 0.01 EURUSD at 1.11138 sl: 1.11559 tp: 1.10932 -> sl: 1.11559 tp: 1.10931
0	04:59:13.756	'1809640': order #42836823 sell 0.01 EURUSD at 1.11138 was modified -> sl: 1.11559 tp: 1.10931
0	04:59:28.764	'1809640': modify order #42836823 sell 0.01 EURUSD at 1.11138 sl: 1.11559 tp: 1.10931 -> sl: 1.11559 tp: 1.10913
0	04:59:29.350	'1809640': order #42836823 sell 0.01 EURUSD at 1.11138 was modified -> sl: 1.11559 tp: 1.10913
0	05:01:04.796	'1809640': order sell market 0.01 EURUSD sl: 1.11500 tp: 1.10639
0	05:01:05.284	'1809640': order was opened : #42837891 sell 0.01 EURUSD at 1.11078 sl: 1.11500 tp: 1.10639
0	06:02:10.268	'1809640': order sell market 0.01 EURUSD sl: 1.11547 tp: 1.11001
0	06:02:10.625	'1809640': order was opened : #42839023 sell 0.01 EURUSD at 1.11124 sl: 1.11547 tp: 1.11001
0	06:04:18.583	'1809640': modify order #42837891 sell 0.01 EURUSD at 1.11078 sl: 1.11500 tp: 1.10639 -> sl: 1.11500 tp: 1.10637
0	06:04:19.065	'1809640': order #42837891 sell 0.01 EURUSD at 1.11078 was modified -> sl: 1.11500 tp: 1.10637
0	06:04:19.065	'1809640': modify order #42839023 sell 0.01 EURUSD at 1.11124 sl: 1.11547 tp: 1.11001 -> sl: 1.11547 tp: 1.10999
0	06:04:19.390	'1809640': order #42839023 sell 0.01 EURUSD at 1.11124 was modified -> sl: 1.11547 tp: 1.10999
0	06:08:39.268	'1809640': modify order #42836823 sell 0.01 EURUSD at 1.11138 sl: 1.11559 tp: 1.10913 -> sl: 1.11559 tp: 1.10902
0	06:08:39.694	'1809640': order #42836823 sell 0.01 EURUSD at 1.11138 was modified -> sl: 1.11559 tp: 1.10902
0	06:10:42.906	'1809640': modify order #42836823 sell 0.01 EURUSD at 1.11138 sl: 1.11559 tp: 1.10902 -> sl: 1.11559 tp: 1.10811
0	06:10:43.688	'1809640': order #42836823 sell 0.01 EURUSD at 1.11138 was modified -> sl: 1.11559 tp: 1.10811
0	06:10:43.752	'1809640': modify order #42837891 sell 0.01 EURUSD at 1.11078 sl: 1.11500 tp: 1.10637 -> sl: 1.11500 tp: 1.10616
0	06:10:44.173	'1809640': order #42837891 sell 0.01 EURUSD at 1.11078 was modified -> sl: 1.11500 tp: 1.10616
0	06:13:24.950	'1809640': modify order #42839023 sell 0.01 EURUSD at 1.11124 sl: 1.11547 tp: 1.10999 -> sl: 1.11547 tp: 1.10993
0	06:13:25.275	'1809640': order #42839023 sell 0.01 EURUSD at 1.11124 was modified -> sl: 1.11547 tp: 1.10993
0	06:15:45.748	'1809640': modify order #42839023 sell 0.01 EURUSD at 1.11124 sl: 1.11547 tp: 1.10993 -> sl: 1.11547 tp: 1.10992
0	06:15:46.268	'1809640': order #42839023 sell 0.01 EURUSD at 1.11124 was modified -> sl: 1.11547 tp: 1.10992
0	06:19:27.573	'1809640': modify order #42837891 sell 0.01 EURUSD at 1.11078 sl: 1.11500 tp: 1.10616 -> sl: 1.11500 tp: 1.10612
0	06:19:28.185	'1809640': order #42837891 sell 0.01 EURUSD at 1.11078 was modified -> sl: 1.11500 tp: 1.10612
0	06:19:28.219	'1809640': modify order #42839023 sell 0.01 EURUSD at 1.11124 sl: 1.11547 tp: 1.10992 -> sl: 1.11547 tp: 1.10991
0	06:19:28.611	'1809640': order #42839023 sell 0.01 EURUSD at 1.11124 was modified -> sl: 1.11547 tp: 1.10991
0	06:24:00.782	'1809640': modify order #42839023 sell 0.01 EURUSD at 1.11124 sl: 1.11547 tp: 1.10991 -> sl: 1.11547 tp: 1.10987
0	06:24:01.380	'1809640': order #42839023 sell 0.01 EURUSD at 1.11124 was modified -> sl: 1.11547 tp: 1.10987
0	06:26:25.105	'1809640': modify order #42836823 sell 0.01 EURUSD at 1.11138 sl: 1.11559 tp: 1.10811 -> sl: 1.11559 tp: 1.10810
0	06:26:25.454	'1809640': order #42836823 sell 0.01 EURUSD at 1.11138 was modified -> sl: 1.11559 tp: 1.10810
0	06:26:25.516	'1809640': modify order #42837891 sell 0.01 EURUSD at 1.11078 sl: 1.11500 tp: 1.10612 -> sl: 1.11500 tp: 1.10603
0	06:26:26.254	'1809640': order #42837891 sell 0.01 EURUSD at 1.11078 was modified -> sl: 1.11500 tp: 1.10603
0	06:28:46.458	'1809640': modify order #42836823 sell 0.01 EURUSD at 1.11138 sl: 1.11559 tp: 1.10810 -> sl: 1.11559 tp: 1.10799
0	06:28:47.532	'1809640': order #42836823 sell 0.01 EURUSD at 1.11138 was modified -> sl: 1.11559 tp: 1.10799
0	06:28:47.564	'1809640': modify order #42839023 sell 0.01 EURUSD at 1.11124 sl: 1.11547 tp: 1.10987 -> sl: 1.11547 tp: 1.10983
0	06:28:47.856	'1809640': order #42839023 sell 0.01 EURUSD at 1.11124 was modified -> sl: 1.11547 tp: 1.10983
0	06:37:39.829	'1809640': modify order #42839023 sell 0.01 EURUSD at 1.11124 sl: 1.11547 tp: 1.10983 -> sl: 1.11547 tp: 1.10982
0	06:37:40.482	'1809640': order #42839023 sell 0.01 EURUSD at 1.11124 was modified -> sl: 1.11547 tp: 1.10982
0	06:42:18.011	'1809640': modify order #42833449 sell 0.01 EURUSD at 1.11015 sl: 1.11431 tp: 1.10927 -> sl: 1.11431 tp: 1.10924
0	06:42:19.704	'1809640': order #42833449 sell 0.01 EURUSD at 1.11015 was modified -> sl: 1.11431 tp: 1.10924
0	06:43:24.066	'1809640': modify order #42833449 sell 0.01 EURUSD at 1.11015 sl: 1.11431 tp: 1.10924 -> sl: 1.11431 tp: 1.10923
0	06:43:25.197	'1809640': order #42833449 sell 0.01 EURUSD at 1.11015 was modified -> sl: 1.11431 tp: 1.10923
0	06:43:25.230	'1809640': modify order #42839023 sell 0.01 EURUSD at 1.11124 sl: 1.11547 tp: 1.10982 -> sl: 1.11547 tp: 1.10979
0	06:43:25.619	'1809640': order #42839023 sell 0.01 EURUSD at 1.11124 was modified -> sl: 1.11547 tp: 1.10979
0	06:45:53.994	'1809640': modify order #42839023 sell 0.01 EURUSD at 1.11124 sl: 1.11547 tp: 1.10979 -> sl: 1.11547 tp: 1.10975
0	06:45:55.271	'1809640': order #42839023 sell 0.01 EURUSD at 1.11124 was modified -> sl: 1.11547 tp: 1.10975
0	06:55:47.916	'1809640': modify order #42839023 sell 0.01 EURUSD at 1.11124 sl: 1.11547 tp: 1.10975 -> sl: 1.11547 tp: 1.10974
0	06:55:50.848	'1809640': order #42839023 sell 0.01 EURUSD at 1.11124 was modified -> sl: 1.11547 tp: 1.10974
0	07:01:49.144	'1809640': order sell market 0.01 EURUSD sl: 1.11466 tp: 1.10606
0	07:01:49.859	'1809640': order was opened : #42841157 sell 0.01 EURUSD at 1.11046 sl: 1.11466 tp: 1.10606
0	07:04:03.417	'1809640': modify order #42839023 sell 0.01 EURUSD at 1.11124 sl: 1.11547 tp: 1.10974 -> sl: 1.11547 tp: 1.10973
0	07:04:03.871	'1809640': order #42839023 sell 0.01 EURUSD at 1.11124 was modified -> sl: 1.11547 tp: 1.10973
0	07:08:52.302	'1809640': modify order #42839023 sell 0.01 EURUSD at 1.11124 sl: 1.11547 tp: 1.10973 -> sl: 1.11547 tp: 1.10972
0	07:08:52.890	'1809640': order #42839023 sell 0.01 EURUSD at 1.11124 was modified -> sl: 1.11547 tp: 1.10972
0	07:13:55.247	'1809640': modify order #42839023 sell 0.01 EURUSD at 1.11124 sl: 1.11547 tp: 1.10972 -> sl: 1.11547 tp: 1.10970
0	07:13:55.611	'1809640': order #42839023 sell 0.01 EURUSD at 1.11124 was modified -> sl: 1.11547 tp: 1.10970
0	07:18:27.083	'1809640': order #42839023 sell 0.01 EURUSD at 1.11124 closed due take-profit at price 1.10970
0	07:18:56.472	'1809640': modify order #42836823 sell 0.01 EURUSD at 1.11138 sl: 1.11559 tp: 1.10799 -> sl: 1.11559 tp: 1.10619
0	07:18:57.023	'1809640': order #42836823 sell 0.01 EURUSD at 1.11138 was modified -> sl: 1.11559 tp: 1.10619
0	07:18:57.023	'1809640': modify order #42837891 sell 0.01 EURUSD at 1.11078 sl: 1.11500 tp: 1.10603 -> sl: 1.11500 tp: 1.10509
0	07:18:57.417	'1809640': order #42837891 sell 0.01 EURUSD at 1.11078 was modified -> sl: 1.11500 tp: 1.10509
0	07:18:57.417	'1809640': modify order #42841157 sell 0.01 EURUSD at 1.11046 sl: 1.11466 tp: 1.10606 -> sl: 1.11466 tp: 1.10508
0	07:18:57.871	'1809640': order #42841157 sell 0.01 EURUSD at 1.11046 was modified -> sl: 1.11466 tp: 1.10508
0	07:19:45.668	'1809640': order sell market 0.01 EURUSD sl: 1.11359 tp: 1.10497
0	07:19:46.030	'1809640': order was opened : #42842577 sell 0.01 EURUSD at 1.10938 sl: 1.11359 tp: 1.10497
0	07:20:42.096	'1809640': modify order #42836823 sell 0.01 EURUSD at 1.11138 sl: 1.11559 tp: 1.10619 -> sl: 1.11559 tp: 1.10560
0	07:20:42.386	'1809640': order #42836823 sell 0.01 EURUSD at 1.11138 was modified -> sl: 1.11559 tp: 1.10560
0	07:23:18.955	'1809640': modify order #42833449 sell 0.01 EURUSD at 1.11015 sl: 1.11431 tp: 1.10923 -> sl: 1.11431 tp: 1.10866
0	07:23:19.382	'1809640': order #42833449 sell 0.01 EURUSD at 1.11015 was modified -> sl: 1.11431 tp: 1.10866
0	07:25:11.982	'1809640': modify order #42833449 sell 0.01 EURUSD at 1.11015 sl: 1.11431 tp: 1.10866 -> sl: 1.11431 tp: 1.10841
0	07:25:12.506	'1809640': order #42833449 sell 0.01 EURUSD at 1.11015 was modified -> sl: 1.11431 tp: 1.10841
0	07:25:12.539	'1809640': modify order #42836823 sell 0.01 EURUSD at 1.11138 sl: 1.11559 tp: 1.10560 -> sl: 1.11559 tp: 1.10526
0	07:25:12.768	'1809640': order #42836823 sell 0.01 EURUSD at 1.11138 was modified -> sl: 1.11559 tp: 1.10526
0	07:25:12.768	'1809640': modify order #42837891 sell 0.01 EURUSD at 1.11078 sl: 1.11500 tp: 1.10509 -> sl: 1.11500 tp: 1.10500
0	07:25:13.159	'1809640': order #42837891 sell 0.01 EURUSD at 1.11078 was modified -> sl: 1.11500 tp: 1.10500
0	07:25:13.224	'1809640': modify order #42841157 sell 0.01 EURUSD at 1.11046 sl: 1.11466 tp: 1.10508 -> sl: 1.11466 tp: 1.10501
0	07:25:13.606	'1809640': order #42841157 sell 0.01 EURUSD at 1.11046 was modified -> sl: 1.11466 tp: 1.10501
0	07:26:50.915	'1809640': modify order #42833449 sell 0.01 EURUSD at 1.11015 sl: 1.11431 tp: 1.10841 -> sl: 1.11431 tp: 1.10818
0	07:26:51.244	'1809640': order #42833449 sell 0.01 EURUSD at 1.11015 was modified -> sl: 1.11431 tp: 1.10818
0	07:29:13.261	'1809640': modify order #42833449 sell 0.01 EURUSD at 1.11015 sl: 1.11431 tp: 1.10818 -> sl: 1.11431 tp: 1.10804
0	07:29:14.498	'1809640': order #42833449 sell 0.01 EURUSD at 1.11015 was modified -> sl: 1.11431 tp: 1.10804
0	07:31:56.331	'1809640': modify order #42833449 sell 0.01 EURUSD at 1.11015 sl: 1.11431 tp: 1.10804 -> sl: 1.11431 tp: 1.10796
0	07:31:56.784	'1809640': order #42833449 sell 0.01 EURUSD at 1.11015 was modified -> sl: 1.11431 tp: 1.10796
0	07:34:14.537	'1809640': modify order #42833449 sell 0.01 EURUSD at 1.11015 sl: 1.11431 tp: 1.10796 -> sl: 1.11431 tp: 1.10790
0	07:34:15.186	'1809640': order #42833449 sell 0.01 EURUSD at 1.11015 was modified -> sl: 1.11431 tp: 1.10790
0	08:01:22.366	'1809640': order sell market 0.01 EURUSD sl: 1.11488 tp: 1.10907
0	08:01:22.889	'1809640': order was opened : #42844641 sell 0.01 EURUSD at 1.11069 sl: 1.11488 tp: 1.10907
0	08:03:43.455	'1809640': modify order #42844641 sell 0.01 EURUSD at 1.11069 sl: 1.11488 tp: 1.10907 -> sl: 1.11488 tp: 1.10905
0	08:03:43.848	'1809640': order #42844641 sell 0.01 EURUSD at 1.11069 was modified -> sl: 1.11488 tp: 1.10905
0	08:25:00.892	'1809640': order #42831159 sell 0.01 EURUSD at 1.10908 closed due stop-loss at price 1.11329
0	08:28:15.122	'1809640': order sell market 0.01 EURUSD sl: 1.11687 tp: 1.10826
0	08:28:21.176	'1809640': order was opened : #42846009 sell 0.01 EURUSD at 1.11258 sl: 1.11687 tp: 1.10826
0	08:29:13.593	'1809640': modify order #42844641 sell 0.01 EURUSD at 1.11069 sl: 1.11488 tp: 1.10905 -> sl: 1.11488 tp: 1.10893
0	08:29:13.982	'1809640': order #42844641 sell 0.01 EURUSD at 1.11069 was modified -> sl: 1.11488 tp: 1.10893
0	08:29:14.015	'1809640': modify order #42846009 sell 0.01 EURUSD at 1.11258 sl: 1.11687 tp: 1.10826 -> sl: 1.11687 tp: 1.10816
0	08:29:14.376	'1809640': order #42846009 sell 0.01 EURUSD at 1.11258 was modified -> sl: 1.11687 tp: 1.10816
0	08:31:38.757	'1809640': modify order #42846009 sell 0.01 EURUSD at 1.11258 sl: 1.11687 tp: 1.10816 -> sl: 1.11687 tp: 1.10801
0	08:31:39.054	'1809640': order #42846009 sell 0.01 EURUSD at 1.11258 was modified -> sl: 1.11687 tp: 1.10801
0	08:33:52.275	'1809640': modify order #42846009 sell 0.01 EURUSD at 1.11258 sl: 1.11687 tp: 1.10801 -> sl: 1.11687 tp: 1.10787
0	08:33:53.318	'1809640': order #42846009 sell 0.01 EURUSD at 1.11258 was modified -> sl: 1.11687 tp: 1.10787
0	08:47:46.416	'1809640': modify order #42844641 sell 0.01 EURUSD at 1.11069 sl: 1.11488 tp: 1.10893 -> sl: 1.11488 tp: 1.10886
0	08:47:47.001	'1809640': order #42844641 sell 0.01 EURUSD at 1.11069 was modified -> sl: 1.11488 tp: 1.10886
0	08:49:00.489	'1809640': order #42842577 sell 0.01 EURUSD at 1.10938 closed due stop-loss at price 1.11359
0	08:49:20.864	'1809640': modify order #42844641 sell 0.01 EURUSD at 1.11069 sl: 1.11488 tp: 1.10886 -> sl: 1.11488 tp: 1.10885
0	08:49:21.477	'1809640': order #42844641 sell 0.01 EURUSD at 1.11069 was modified -> sl: 1.11488 tp: 1.10885
0	08:50:07.261	'1809640': modify order #42844641 sell 0.01 EURUSD at 1.11069 sl: 1.11488 tp: 1.10885 -> sl: 1.11488 tp: 1.10884
0	08:50:07.586	'1809640': order #42844641 sell 0.01 EURUSD at 1.11069 was modified -> sl: 1.11488 tp: 1.10884
0	08:53:18.319	'1809640': modify order #42844641 sell 0.01 EURUSD at 1.11069 sl: 1.11488 tp: 1.10884 -> sl: 1.11488 tp: 1.10876
0	08:53:18.777	'1809640': order #42844641 sell 0.01 EURUSD at 1.11069 was modified -> sl: 1.11488 tp: 1.10876
0	08:57:38.074	'1809640': modify order #42844641 sell 0.01 EURUSD at 1.11069 sl: 1.11488 tp: 1.10876 -> sl: 1.11488 tp: 1.10864
0	08:57:38.533	'1809640': order #42844641 sell 0.01 EURUSD at 1.11069 was modified -> sl: 1.11488 tp: 1.10864
0	09:04:31.091	'1809640': modify order #42844641 sell 0.01 EURUSD at 1.11069 sl: 1.11488 tp: 1.10864 -> sl: 1.11488 tp: 1.10863
0	09:04:31.776	'1809640': order #42844641 sell 0.01 EURUSD at 1.11069 was modified -> sl: 1.11488 tp: 1.10863
0	09:07:31.574	'1809640': modify order #42844641 sell 0.01 EURUSD at 1.11069 sl: 1.11488 tp: 1.10863 -> sl: 1.11488 tp: 1.10858
0	09:07:32.522	'1809640': order #42844641 sell 0.01 EURUSD at 1.11069 was modified -> sl: 1.11488 tp: 1.10858
0	09:09:22.047	'1809640': order #42827246 sell 0.01 EURUSD at 1.10974 closed due stop-loss at price 1.11396
0	09:15:19.715	'1809640': modify order #42844641 sell 0.01 EURUSD at 1.11069 sl: 1.11488 tp: 1.10858 -> sl: 1.11488 tp: 1.10854
0	09:15:20.888	'1809640': order #42844641 sell 0.01 EURUSD at 1.11069 was modified -> sl: 1.11488 tp: 1.10854
0	09:17:53.108	'1809640': modify order #42844641 sell 0.01 EURUSD at 1.11069 sl: 1.11488 tp: 1.10854 -> sl: 1.11488 tp: 1.10853
0	09:17:53.787	'1809640': order #42844641 sell 0.01 EURUSD at 1.11069 was modified -> sl: 1.11488 tp: 1.10853
0	09:29:05.645	'1809640': modify order #42844641 sell 0.01 EURUSD at 1.11069 sl: 1.11488 tp: 1.10853 -> sl: 1.11488 tp: 1.10852
0	09:29:06.262	'1809640': order #42844641 sell 0.01 EURUSD at 1.11069 was modified -> sl: 1.11488 tp: 1.10852
0	09:39:40.013	'1809640': modify order #42846009 sell 0.01 EURUSD at 1.11258 sl: 1.11687 tp: 1.10787 -> sl: 1.11687 tp: 1.10757
0	09:39:40.366	'1809640': order #42846009 sell 0.01 EURUSD at 1.11258 was modified -> sl: 1.11687 tp: 1.10757
0	09:41:26.487	'1809640': modify order #42846009 sell 0.01 EURUSD at 1.11258 sl: 1.11687 tp: 1.10757 -> sl: 1.11687 tp: 1.10738
0	09:41:27.097	'1809640': order #42846009 sell 0.01 EURUSD at 1.11258 was modified -> sl: 1.11687 tp: 1.10738
0	09:43:42.315	'1809640': modify order #42846009 sell 0.01 EURUSD at 1.11258 sl: 1.11687 tp: 1.10738 -> sl: 1.11687 tp: 1.10723
0	09:43:43.034	'1809640': order #42846009 sell 0.01 EURUSD at 1.11258 was modified -> sl: 1.11687 tp: 1.10723
0	09:45:53.705	'1809640': modify order #42846009 sell 0.01 EURUSD at 1.11258 sl: 1.11687 tp: 1.10723 -> sl: 1.11687 tp: 1.10668
0	09:45:54.387	'1809640': order #42846009 sell 0.01 EURUSD at 1.11258 was modified -> sl: 1.11687 tp: 1.10668
0	09:50:53.733	'1809640': modify order #42846009 sell 0.01 EURUSD at 1.11258 sl: 1.11687 tp: 1.10668 -> sl: 1.11687 tp: 1.10628
0	09:50:54.188	'1809640': order #42846009 sell 0.01 EURUSD at 1.11258 was modified -> sl: 1.11687 tp: 1.10628
0	10:01:30.350	'1809640': modify order #42846009 sell 0.01 EURUSD at 1.11258 sl: 1.11687 tp: 1.10628 -> sl: 1.11687 tp: 1.10623
0	10:01:31.616	'1809640': order #42846009 sell 0.01 EURUSD at 1.11258 was modified -> sl: 1.11687 tp: 1.10623
0	10:05:02.702	'1809640': modify order #42846009 sell 0.01 EURUSD at 1.11258 sl: 1.11687 tp: 1.10623 -> sl: 1.11687 tp: 1.10612
0	10:05:03.421	'1809640': order #42846009 sell 0.01 EURUSD at 1.11258 was modified -> sl: 1.11687 tp: 1.10612
0	10:45:25.801	'1809640': modify order #42846009 sell 0.01 EURUSD at 1.11258 sl: 1.11687 tp: 1.10612 -> sl: 1.11687 tp: 1.10555
0	10:45:26.219	'1809640': order #42846009 sell 0.01 EURUSD at 1.11258 was modified -> sl: 1.11687 tp: 1.10555
0	10:48:39.565	'1809640': modify order #42846009 sell 0.01 EURUSD at 1.11258 sl: 1.11687 tp: 1.10555 -> sl: 1.11687 tp: 1.10529
0	10:48:40.650	'1809640': order #42846009 sell 0.01 EURUSD at 1.11258 was modified -> sl: 1.11687 tp: 1.10529
0	10:50:40.687	'1809640': modify order #42846009 sell 0.01 EURUSD at 1.11258 sl: 1.11687 tp: 1.10529 -> sl: 1.11687 tp: 1.10527
0	10:50:41.112	'1809640': order #42846009 sell 0.01 EURUSD at 1.11258 was modified -> sl: 1.11687 tp: 1.10527
0	10:52:48.403	'1809640': modify order #42837891 sell 0.01 EURUSD at 1.11078 sl: 1.11500 tp: 1.10500 -> sl: 1.11500 tp: 1.10492
0	10:52:48.958	'1809640': order #42837891 sell 0.01 EURUSD at 1.11078 was modified -> sl: 1.11500 tp: 1.10492
0	10:52:48.993	'1809640': modify order #42841157 sell 0.01 EURUSD at 1.11046 sl: 1.11466 tp: 1.10501 -> sl: 1.11466 tp: 1.10492
0	10:52:49.412	'1809640': order #42841157 sell 0.01 EURUSD at 1.11046 was modified -> sl: 1.11466 tp: 1.10492
0	10:52:49.448	'1809640': modify order #42846009 sell 0.01 EURUSD at 1.11258 sl: 1.11687 tp: 1.10527 -> sl: 1.11687 tp: 1.10492
0	10:52:49.740	'1809640': order #42846009 sell 0.01 EURUSD at 1.11258 was modified -> sl: 1.11687 tp: 1.10492
0	10:57:40.530	'1809640': modify order #42837891 sell 0.01 EURUSD at 1.11078 sl: 1.11500 tp: 1.10492 -> sl: 1.11500 tp: 1.10463
0	10:57:41.537	'1809640': order #42837891 sell 0.01 EURUSD at 1.11078 was modified -> sl: 1.11500 tp: 1.10463
0	10:57:41.537	'1809640': modify order #42841157 sell 0.01 EURUSD at 1.11046 sl: 1.11466 tp: 1.10492 -> sl: 1.11466 tp: 1.10463
0	10:57:41.829	'1809640': order #42841157 sell 0.01 EURUSD at 1.11046 was modified -> sl: 1.11466 tp: 1.10463
0	10:57:41.862	'1809640': modify order #42844641 sell 0.01 EURUSD at 1.11069 sl: 1.11488 tp: 1.10852 -> sl: 1.11488 tp: 1.10837
0	10:57:42.255	'1809640': order #42844641 sell 0.01 EURUSD at 1.11069 was modified -> sl: 1.11488 tp: 1.10837
0	10:57:42.255	'1809640': modify order #42846009 sell 0.01 EURUSD at 1.11258 sl: 1.11687 tp: 1.10492 -> sl: 1.11687 tp: 1.10463
0	10:57:42.712	'1809640': order #42846009 sell 0.01 EURUSD at 1.11258 was modified -> sl: 1.11687 tp: 1.10463
0	11:01:58.583	'1809640': modify order #42833449 sell 0.01 EURUSD at 1.11015 sl: 1.11431 tp: 1.10790 -> sl: 1.11431 tp: 1.10779
0	11:01:59.204	'1809640': order #42833449 sell 0.01 EURUSD at 1.11015 was modified -> sl: 1.11431 tp: 1.10779
0	11:01:59.400	'1809640': modify order #42837891 sell 0.01 EURUSD at 1.11078 sl: 1.11500 tp: 1.10463 -> sl: 1.11500 tp: 1.10458
0	11:01:59.918	'1809640': order #42837891 sell 0.01 EURUSD at 1.11078 was modified -> sl: 1.11500 tp: 1.10458
0	11:01:59.918	'1809640': modify order #42841157 sell 0.01 EURUSD at 1.11046 sl: 1.11466 tp: 1.10463 -> sl: 1.11466 tp: 1.10458
0	11:02:00.438	'1809640': order #42841157 sell 0.01 EURUSD at 1.11046 was modified -> sl: 1.11466 tp: 1.10458
0	11:02:00.568	'1809640': modify order #42846009 sell 0.01 EURUSD at 1.11258 sl: 1.11687 tp: 1.10463 -> sl: 1.11687 tp: 1.10458
0	11:02:01.059	'1809640': order #42846009 sell 0.01 EURUSD at 1.11258 was modified -> sl: 1.11687 tp: 1.10458
0	11:08:47.786	'1809640': modify order #42833449 sell 0.01 EURUSD at 1.11015 sl: 1.11431 tp: 1.10779 -> sl: 1.11431 tp: 1.10770
0	11:08:48.459	'1809640': order #42833449 sell 0.01 EURUSD at 1.11015 was modified -> sl: 1.11431 tp: 1.10770
0	11:08:48.556	'1809640': modify order #42844641 sell 0.01 EURUSD at 1.11069 sl: 1.11488 tp: 1.10837 -> sl: 1.11488 tp: 1.10793
0	11:08:48.917	'1809640': order #42844641 sell 0.01 EURUSD at 1.11069 was modified -> sl: 1.11488 tp: 1.10793
0	11:11:50.412	'1809640': modify order #42844641 sell 0.01 EURUSD at 1.11069 sl: 1.11488 tp: 1.10793 -> sl: 1.11488 tp: 1.10790
0	11:11:51.162	'1809640': order #42844641 sell 0.01 EURUSD at 1.11069 was modified -> sl: 1.11488 tp: 1.10790
0	11:16:17.504	'1809640': modify order #42844641 sell 0.01 EURUSD at 1.11069 sl: 1.11488 tp: 1.10790 -> sl: 1.11488 tp: 1.10786
0	11:16:17.931	'1809640': order #42844641 sell 0.01 EURUSD at 1.11069 was modified -> sl: 1.11488 tp: 1.10786
0	11:17:41.760	'1809640': modify order #42836823 sell 0.01 EURUSD at 1.11138 sl: 1.11559 tp: 1.10526 -> sl: 1.11559 tp: 1.10448
0	11:17:42.248	'1809640': order #42836823 sell 0.01 EURUSD at 1.11138 was modified -> sl: 1.11559 tp: 1.10448
0	11:17:42.281	'1809640': modify order #42837891 sell 0.01 EURUSD at 1.11078 sl: 1.11500 tp: 1.10458 -> sl: 1.11500 tp: 1.10373
0	11:17:42.837	'1809640': order #42837891 sell 0.01 EURUSD at 1.11078 was modified -> sl: 1.11500 tp: 1.10373
0	11:17:42.838	'1809640': modify order #42841157 sell 0.01 EURUSD at 1.11046 sl: 1.11466 tp: 1.10458 -> sl: 1.11466 tp: 1.10371
0	11:17:43.222	'1809640': order #42841157 sell 0.01 EURUSD at 1.11046 was modified -> sl: 1.11466 tp: 1.10371
0	11:17:43.255	'1809640': modify order #42846009 sell 0.01 EURUSD at 1.11258 sl: 1.11687 tp: 1.10458 -> sl: 1.11687 tp: 1.10371
0	11:17:43.746	'1809640': order #42846009 sell 0.01 EURUSD at 1.11258 was modified -> sl: 1.11687 tp: 1.10371
0	11:20:54.010	'1809640': modify order #42836823 sell 0.01 EURUSD at 1.11138 sl: 1.11559 tp: 1.10448 -> sl: 1.11559 tp: 1.10398
0	11:20:54.370	'1809640': order #42836823 sell 0.01 EURUSD at 1.11138 was modified -> sl: 1.11559 tp: 1.10398
0	11:20:54.370	'1809640': modify order #42837891 sell 0.01 EURUSD at 1.11078 sl: 1.11500 tp: 1.10373 -> sl: 1.11500 tp: 1.10351
0	11:20:54.697	'1809640': order #42837891 sell 0.01 EURUSD at 1.11078 was modified -> sl: 1.11500 tp: 1.10351
0	11:20:54.697	'1809640': modify order #42841157 sell 0.01 EURUSD at 1.11046 sl: 1.11466 tp: 1.10371 -> sl: 1.11466 tp: 1.10353
0	11:20:54.857	'1809640': order #42841157 sell 0.01 EURUSD at 1.11046 was modified -> sl: 1.11466 tp: 1.10353
0	11:20:54.857	'1809640': modify order #42846009 sell 0.01 EURUSD at 1.11258 sl: 1.11687 tp: 1.10371 -> sl: 1.11687 tp: 1.10352
0	11:20:55.247	'1809640': order #42846009 sell 0.01 EURUSD at 1.11258 was modified -> sl: 1.11687 tp: 1.10352
0	11:22:18.194	'1809640': modify order #42833449 sell 0.01 EURUSD at 1.11015 sl: 1.11431 tp: 1.10770 -> sl: 1.11431 tp: 1.10732
0	11:22:18.583	'1809640': order #42833449 sell 0.01 EURUSD at 1.11015 was modified -> sl: 1.11431 tp: 1.10732
0	11:22:18.583	'1809640': modify order #42836823 sell 0.01 EURUSD at 1.11138 sl: 1.11559 tp: 1.10398 -> sl: 1.11559 tp: 1.10349
0	11:22:19.042	'1809640': order #42836823 sell 0.01 EURUSD at 1.11138 was modified -> sl: 1.11559 tp: 1.10349
0	11:22:19.042	'1809640': modify order #42844641 sell 0.01 EURUSD at 1.11069 sl: 1.11488 tp: 1.10786 -> sl: 1.11488 tp: 1.10735
0	11:22:19.431	'1809640': order #42844641 sell 0.01 EURUSD at 1.11069 was modified -> sl: 1.11488 tp: 1.10735
0	11:24:11.612	'1809640': modify order #42833449 sell 0.01 EURUSD at 1.11015 sl: 1.11431 tp: 1.10732 -> sl: 1.11431 tp: 1.10725
0	11:24:12.168	'1809640': order #42833449 sell 0.01 EURUSD at 1.11015 was modified -> sl: 1.11431 tp: 1.10725
0	11:26:21.555	'1809640': modify order #42833449 sell 0.01 EURUSD at 1.11015 sl: 1.11431 tp: 1.10725 -> sl: 1.11431 tp: 1.10711
0	11:26:22.265	'1809640': order #42833449 sell 0.01 EURUSD at 1.11015 was modified -> sl: 1.11431 tp: 1.10711
0	11:29:22.599	'1809640': modify order #42833449 sell 0.01 EURUSD at 1.11015 sl: 1.11431 tp: 1.10711 -> sl: 1.11431 tp: 1.10704
0	11:29:23.280	'1809640': order #42833449 sell 0.01 EURUSD at 1.11015 was modified -> sl: 1.11431 tp: 1.10704
0	11:29:23.345	'1809640': modify order #42844641 sell 0.01 EURUSD at 1.11069 sl: 1.11488 tp: 1.10735 -> sl: 1.11488 tp: 1.10722
0	11:29:23.641	'1809640': order #42844641 sell 0.01 EURUSD at 1.11069 was modified -> sl: 1.11488 tp: 1.10722
0	11:30:44.661	'1809640': modify order #42833449 sell 0.01 EURUSD at 1.11015 sl: 1.11431 tp: 1.10704 -> sl: 1.11431 tp: 1.10698
0	11:30:45.248	'1809640': order #42833449 sell 0.01 EURUSD at 1.11015 was modified -> sl: 1.11431 tp: 1.10698
0	12:17:00.896	'1809640': modify order #42844641 sell 0.01 EURUSD at 1.11069 sl: 1.11488 tp: 1.10722 -> sl: 1.11488 tp: 1.10719
0	12:17:01.449	'1809640': order #42844641 sell 0.01 EURUSD at 1.11069 was modified -> sl: 1.11488 tp: 1.10719
0	12:18:33.952	'1809640': modify order #42837891 sell 0.01 EURUSD at 1.11078 sl: 1.11500 tp: 1.10351 -> sl: 1.11500 tp: 1.10315
0	12:18:34.309	'1809640': order #42837891 sell 0.01 EURUSD at 1.11078 was modified -> sl: 1.11500 tp: 1.10315
0	12:18:34.309	'1809640': modify order #42841157 sell 0.01 EURUSD at 1.11046 sl: 1.11466 tp: 1.10353 -> sl: 1.11466 tp: 1.10314
0	12:18:34.638	'1809640': order #42841157 sell 0.01 EURUSD at 1.11046 was modified -> sl: 1.11466 tp: 1.10314
0	12:18:34.670	'1809640': modify order #42846009 sell 0.01 EURUSD at 1.11258 sl: 1.11687 tp: 1.10352 -> sl: 1.11687 tp: 1.10314
0	12:18:35.096	'1809640': order #42846009 sell 0.01 EURUSD at 1.11258 was modified -> sl: 1.11687 tp: 1.10314
0	12:18:56.356	'1809640': order #42844641 sell 0.01 EURUSD at 1.11069 closed due take-profit at price 1.10719
0	12:18:56.875	'1809640': order #42833449 sell 0.01 EURUSD at 1.11015 closed due take-profit at price 1.10698
0	12:20:38.554	'1809640': modify order #42827542 sell 0.01 EURUSD at 1.11013 sl: 1.11435 tp: 1.10288 -> sl: 1.11435 tp: 1.10187
0	12:20:39.074	'1809640': order #42827542 sell 0.01 EURUSD at 1.11013 was modified -> sl: 1.11435 tp: 1.10187
0	12:20:39.074	'1809640': modify order #42836823 sell 0.01 EURUSD at 1.11138 sl: 1.11559 tp: 1.10349 -> sl: 1.11559 tp: 1.10126
0	12:20:39.561	'1809640': order #42836823 sell 0.01 EURUSD at 1.11138 was modified -> sl: 1.11559 tp: 1.10126
0	12:20:39.561	'1809640': modify order #42837891 sell 0.01 EURUSD at 1.11078 sl: 1.11500 tp: 1.10315 -> sl: 1.11500 tp: 1.10186
0	12:20:39.853	'1809640': order #42837891 sell 0.01 EURUSD at 1.11078 was modified -> sl: 1.11500 tp: 1.10186
0	12:20:39.853	'1809640': modify order #42841157 sell 0.01 EURUSD at 1.11046 sl: 1.11466 tp: 1.10314 -> sl: 1.11466 tp: 1.10193
0	12:20:40.243	'1809640': order #42841157 sell 0.01 EURUSD at 1.11046 was modified -> sl: 1.11466 tp: 1.10193
0	12:20:40.277	'1809640': modify order #42846009 sell 0.01 EURUSD at 1.11258 sl: 1.11687 tp: 1.10314 -> sl: 1.11687 tp: 1.10186
0	12:20:40.632	'1809640': order #42846009 sell 0.01 EURUSD at 1.11258 was modified -> sl: 1.11687 tp: 1.10186
0	12:22:02.381	'1809640': modify order #42827542 sell 0.01 EURUSD at 1.11013 sl: 1.11435 tp: 1.10187 -> sl: 1.11435 tp: 1.10174
0	12:22:03.257	'1809640': order #42827542 sell 0.01 EURUSD at 1.11013 was modified -> sl: 1.11435 tp: 1.10174
0	12:22:03.257	'1809640': modify order #42836823 sell 0.01 EURUSD at 1.11138 sl: 1.11559 tp: 1.10126 -> sl: 1.11559 tp: 1.10029
0	12:22:03.582	'1809640': order #42836823 sell 0.01 EURUSD at 1.11138 was modified -> sl: 1.11559 tp: 1.10029
0	12:22:03.582	'1809640': modify order #42837891 sell 0.01 EURUSD at 1.11078 sl: 1.11500 tp: 1.10186 -> sl: 1.11500 tp: 1.10174
0	12:22:03.903	'1809640': order #42837891 sell 0.01 EURUSD at 1.11078 was modified -> sl: 1.11500 tp: 1.10174
0	12:22:03.903	'1809640': modify order #42841157 sell 0.01 EURUSD at 1.11046 sl: 1.11466 tp: 1.10193 -> sl: 1.11466 tp: 1.10174
0	12:22:04.329	'1809640': order #42841157 sell 0.01 EURUSD at 1.11046 was modified -> sl: 1.11466 tp: 1.10174
0	12:22:04.329	'1809640': modify order #42846009 sell 0.01 EURUSD at 1.11258 sl: 1.11687 tp: 1.10186 -> sl: 1.11687 tp: 1.10174
0	12:22:04.722	'1809640': order #42846009 sell 0.01 EURUSD at 1.11258 was modified -> sl: 1.11687 tp: 1.10174
0	12:22:39.778	'1809640': order #42835225 sell 0.01 EURUSD at 1.11115 closed due take-profit at price 1.10572
0	12:24:45.556	'1809640': modify order #42836823 sell 0.01 EURUSD at 1.11138 sl: 1.11559 tp: 1.10029 -> sl: 1.11559 tp: 1.10009
0	12:24:46.469	'1809640': order #42836823 sell 0.01 EURUSD at 1.11138 was modified -> sl: 1.11559 tp: 1.10009
0	12:25:56.262	'1809640': modify order #42827542 sell 0.01 EURUSD at 1.11013 sl: 1.11435 tp: 1.10174 -> sl: 1.11435 tp: 1.10157
0	12:25:56.554	'1809640': order #42827542 sell 0.01 EURUSD at 1.11013 was modified -> sl: 1.11435 tp: 1.10157
0	12:25:56.554	'1809640': modify order #42837891 sell 0.01 EURUSD at 1.11078 sl: 1.11500 tp: 1.10174 -> sl: 1.11500 tp: 1.10156
0	12:25:56.846	'1809640': order #42837891 sell 0.01 EURUSD at 1.11078 was modified -> sl: 1.11500 tp: 1.10156
0	12:25:56.846	'1809640': modify order #42841157 sell 0.01 EURUSD at 1.11046 sl: 1.11466 tp: 1.10174 -> sl: 1.11466 tp: 1.10156
0	12:25:57.272	'1809640': order #42841157 sell 0.01 EURUSD at 1.11046 was modified -> sl: 1.11466 tp: 1.10156
0	12:25:57.304	'1809640': modify order #42846009 sell 0.01 EURUSD at 1.11258 sl: 1.11687 tp: 1.10174 -> sl: 1.11687 tp: 1.10155
0	12:25:57.693	'1809640': order #42846009 sell 0.01 EURUSD at 1.11258 was modified -> sl: 1.11687 tp: 1.10155
0	12:29:29.981	'1809640': modify order #42827542 sell 0.01 EURUSD at 1.11013 sl: 1.11435 tp: 1.10157 -> sl: 1.11435 tp: 1.10059
0	12:29:30.862	'1809640': order #42827542 sell 0.01 EURUSD at 1.11013 was modified -> sl: 1.11435 tp: 1.10059
0	12:29:30.862	'1809640': modify order #42836823 sell 0.01 EURUSD at 1.11138 sl: 1.11559 tp: 1.10009 -> sl: 1.11559 tp: 1.09907
0	12:29:31.223	'1809640': order #42836823 sell 0.01 EURUSD at 1.11138 was modified -> sl: 1.11559 tp: 1.09907
0	12:29:31.223	'1809640': modify order #42837891 sell 0.01 EURUSD at 1.11078 sl: 1.11500 tp: 1.10156 -> sl: 1.11500 tp: 1.10057
0	12:29:31.646	'1809640': order #42837891 sell 0.01 EURUSD at 1.11078 was modified -> sl: 1.11500 tp: 1.10057
0	12:29:31.646	'1809640': modify order #42841157 sell 0.01 EURUSD at 1.11046 sl: 1.11466 tp: 1.10156 -> sl: 1.11466 tp: 1.10057
0	12:29:32.105	'1809640': order #42841157 sell 0.01 EURUSD at 1.11046 was modified -> sl: 1.11466 tp: 1.10057
0	12:29:32.137	'1809640': modify order #42846009 sell 0.01 EURUSD at 1.11258 sl: 1.11687 tp: 1.10155 -> sl: 1.11687 tp: 1.10057
0	12:29:32.530	'1809640': order #42846009 sell 0.01 EURUSD at 1.11258 was modified -> sl: 1.11687 tp: 1.10057
0	12:31:44.531	'1809640': modify order #42836823 sell 0.01 EURUSD at 1.11138 sl: 1.11559 tp: 1.09907 -> sl: 1.11559 tp: 1.09878
0	12:31:44.921	'1809640': order #42836823 sell 0.01 EURUSD at 1.11138 was modified -> sl: 1.11559 tp: 1.09878
0	12:33:29.606	'1809640': modify order #42827542 sell 0.01 EURUSD at 1.11013 sl: 1.11435 tp: 1.10059 -> sl: 1.11435 tp: 1.10058
0	12:33:29.795	'1809640': order #42827542 sell 0.01 EURUSD at 1.11013 was modified -> sl: 1.11435 tp: 1.10058
0	12:33:29.795	'1809640': modify order #42837891 sell 0.01 EURUSD at 1.11078 sl: 1.11500 tp: 1.10057 -> sl: 1.11500 tp: 1.10056
0	12:33:30.222	'1809640': order #42837891 sell 0.01 EURUSD at 1.11078 was modified -> sl: 1.11500 tp: 1.10056
0	12:36:46.460	'1809640': modify order #42827542 sell 0.01 EURUSD at 1.11013 sl: 1.11435 tp: 1.10058 -> sl: 1.11435 tp: 1.09960
0	12:36:47.114	'1809640': order #42827542 sell 0.01 EURUSD at 1.11013 was modified -> sl: 1.11435 tp: 1.09960
0	12:36:47.114	'1809640': modify order #42836823 sell 0.01 EURUSD at 1.11138 sl: 1.11559 tp: 1.09878 -> sl: 1.11559 tp: 1.09748
0	12:36:47.537	'1809640': order #42836823 sell 0.01 EURUSD at 1.11138 was modified -> sl: 1.11559 tp: 1.09748
0	12:36:47.537	'1809640': modify order #42837891 sell 0.01 EURUSD at 1.11078 sl: 1.11500 tp: 1.10056 -> sl: 1.11500 tp: 1.09960
0	12:36:47.927	'1809640': order #42837891 sell 0.01 EURUSD at 1.11078 was modified -> sl: 1.11500 tp: 1.09960
0	12:36:47.927	'1809640': modify order #42841157 sell 0.01 EURUSD at 1.11046 sl: 1.11466 tp: 1.10057 -> sl: 1.11466 tp: 1.09958
0	12:36:48.288	'1809640': order #42841157 sell 0.01 EURUSD at 1.11046 was modified -> sl: 1.11466 tp: 1.09958
0	12:36:48.288	'1809640': modify order #42846009 sell 0.01 EURUSD at 1.11258 sl: 1.11687 tp: 1.10057 -> sl: 1.11687 tp: 1.09959
0	12:36:48.742	'1809640': order #42846009 sell 0.01 EURUSD at 1.11258 was modified -> sl: 1.11687 tp: 1.09959
0	12:39:34.163	'1809640': modify order #42827542 sell 0.01 EURUSD at 1.11013 sl: 1.11435 tp: 1.09960 -> sl: 1.11435 tp: 1.09875
0	12:39:34.487	'1809640': order #42827542 sell 0.01 EURUSD at 1.11013 was modified -> sl: 1.11435 tp: 1.09875
0	12:39:34.487	'1809640': modify order #42836823 sell 0.01 EURUSD at 1.11138 sl: 1.11559 tp: 1.09748 -> sl: 1.11559 tp: 1.09642
0	12:39:34.941	'1809640': order #42836823 sell 0.01 EURUSD at 1.11138 was modified -> sl: 1.11559 tp: 1.09642
0	12:39:34.941	'1809640': modify order #42837891 sell 0.01 EURUSD at 1.11078 sl: 1.11500 tp: 1.09960 -> sl: 1.11500 tp: 1.09875
0	12:39:35.496	'1809640': order #42837891 sell 0.01 EURUSD at 1.11078 was modified -> sl: 1.11500 tp: 1.09875
0	12:39:35.496	'1809640': modify order #42841157 sell 0.01 EURUSD at 1.11046 sl: 1.11466 tp: 1.09958 -> sl: 1.11466 tp: 1.09874
0	12:39:35.821	'1809640': order #42841157 sell 0.01 EURUSD at 1.11046 was modified -> sl: 1.11466 tp: 1.09874
0	12:39:35.821	'1809640': modify order #42846009 sell 0.01 EURUSD at 1.11258 sl: 1.11687 tp: 1.09959 -> sl: 1.11687 tp: 1.09873
0	12:39:36.145	'1809640': order #42846009 sell 0.01 EURUSD at 1.11258 was modified -> sl: 1.11687 tp: 1.09873
0	12:54:24.778	'1809640': modify order #42836823 sell 0.01 EURUSD at 1.11138 sl: 1.11559 tp: 1.09642 -> sl: 1.11559 tp: 1.09636
0	12:54:25.204	'1809640': order #42836823 sell 0.01 EURUSD at 1.11138 was modified -> sl: 1.11559 tp: 1.09636
0	13:53:27.102	'1809640': modify order #42827542 sell 0.01 EURUSD at 1.11013 sl: 1.11435 tp: 1.09875 -> sl: 1.11435 tp: 1.09852
0	13:53:27.618	'1809640': order #42827542 sell 0.01 EURUSD at 1.11013 was modified -> sl: 1.11435 tp: 1.09852
0	13:53:27.651	'1809640': modify order #42837891 sell 0.01 EURUSD at 1.11078 sl: 1.11500 tp: 1.09875 -> sl: 1.11500 tp: 1.09852
0	13:53:28.272	'1809640': order #42837891 sell 0.01 EURUSD at 1.11078 was modified -> sl: 1.11500 tp: 1.09852
0	13:53:28.402	'1809640': modify order #42841157 sell 0.01 EURUSD at 1.11046 sl: 1.11466 tp: 1.09874 -> sl: 1.11466 tp: 1.09852
0	13:53:28.759	'1809640': order #42841157 sell 0.01 EURUSD at 1.11046 was modified -> sl: 1.11466 tp: 1.09852
0	13:53:28.796	'1809640': modify order #42846009 sell 0.01 EURUSD at 1.11258 sl: 1.11687 tp: 1.09873 -> sl: 1.11687 tp: 1.09852
0	13:53:29.149	'1809640': order #42846009 sell 0.01 EURUSD at 1.11258 was modified -> sl: 1.11687 tp: 1.09852
0	13:57:20.327	'1809640': modify order #42827542 sell 0.01 EURUSD at 1.11013 sl: 1.11435 tp: 1.09852 -> sl: 1.11435 tp: 1.09817
0	13:57:20.720	'1809640': order #42827542 sell 0.01 EURUSD at 1.11013 was modified -> sl: 1.11435 tp: 1.09817
0	13:57:20.817	'1809640': modify order #42837891 sell 0.01 EURUSD at 1.11078 sl: 1.11500 tp: 1.09852 -> sl: 1.11500 tp: 1.09817
0	13:57:21.109	'1809640': order #42837891 sell 0.01 EURUSD at 1.11078 was modified -> sl: 1.11500 tp: 1.09817
0	13:57:21.206	'1809640': modify order #42841157 sell 0.01 EURUSD at 1.11046 sl: 1.11466 tp: 1.09852 -> sl: 1.11466 tp: 1.09818
0	13:57:21.595	'1809640': order #42841157 sell 0.01 EURUSD at 1.11046 was modified -> sl: 1.11466 tp: 1.09818
0	13:57:21.595	'1809640': modify order #42846009 sell 0.01 EURUSD at 1.11258 sl: 1.11687 tp: 1.09852 -> sl: 1.11687 tp: 1.09817
0	13:57:22.014	'1809640': order #42846009 sell 0.01 EURUSD at 1.11258 was modified -> sl: 1.11687 tp: 1.09817
0	13:59:51.739	'1809640': modify order #42827542 sell 0.01 EURUSD at 1.11013 sl: 1.11435 tp: 1.09817 -> sl: 1.11435 tp: 1.09807
0	13:59:52.525	'1809640': order #42827542 sell 0.01 EURUSD at 1.11013 was modified -> sl: 1.11435 tp: 1.09807
0	13:59:52.525	'1809640': modify order #42837891 sell 0.01 EURUSD at 1.11078 sl: 1.11500 tp: 1.09817 -> sl: 1.11500 tp: 1.09807
0	13:59:52.915	'1809640': order #42837891 sell 0.01 EURUSD at 1.11078 was modified -> sl: 1.11500 tp: 1.09807
0	13:59:52.915	'1809640': modify order #42841157 sell 0.01 EURUSD at 1.11046 sl: 1.11466 tp: 1.09818 -> sl: 1.11466 tp: 1.09807
0	13:59:53.336	'1809640': order #42841157 sell 0.01 EURUSD at 1.11046 was modified -> sl: 1.11466 tp: 1.09807
0	13:59:53.468	'1809640': modify order #42846009 sell 0.01 EURUSD at 1.11258 sl: 1.11687 tp: 1.09817 -> sl: 1.11687 tp: 1.09807
0	13:59:53.953	'1809640': order #42846009 sell 0.01 EURUSD at 1.11258 was modified -> sl: 1.11687 tp: 1.09807
0	14:00:50.964	'1809640': modify order #42827542 sell 0.01 EURUSD at 1.11013 sl: 1.11435 tp: 1.09807 -> sl: 1.11435 tp: 1.09735
0	14:00:51.419	'1809640': order #42827542 sell 0.01 EURUSD at 1.11013 was modified -> sl: 1.11435 tp: 1.09735
0	14:00:51.419	'1809640': modify order #42837891 sell 0.01 EURUSD at 1.11078 sl: 1.11500 tp: 1.09807 -> sl: 1.11500 tp: 1.09736
0	14:00:51.715	'1809640': order #42837891 sell 0.01 EURUSD at 1.11078 was modified -> sl: 1.11500 tp: 1.09736
0	14:00:51.715	'1809640': modify order #42841157 sell 0.01 EURUSD at 1.11046 sl: 1.11466 tp: 1.09807 -> sl: 1.11466 tp: 1.09736
0	14:00:52.108	'1809640': order #42841157 sell 0.01 EURUSD at 1.11046 was modified -> sl: 1.11466 tp: 1.09736
0	14:00:52.108	'1809640': modify order #42846009 sell 0.01 EURUSD at 1.11258 sl: 1.11687 tp: 1.09807 -> sl: 1.11687 tp: 1.09735
0	14:00:52.527	'1809640': order #42846009 sell 0.01 EURUSD at 1.11258 was modified -> sl: 1.11687 tp: 1.09735
0	15:20:19.542	'1809640': modify order #42827542 sell 0.01 EURUSD at 1.11013 sl: 1.11435 tp: 1.09735 -> sl: 1.11435 tp: 1.09691
0	15:20:20.551	'1809640': order #42827542 sell 0.01 EURUSD at 1.11013 was modified -> sl: 1.11435 tp: 1.09691
0	15:20:20.551	'1809640': modify order #42837891 sell 0.01 EURUSD at 1.11078 sl: 1.11500 tp: 1.09736 -> sl: 1.11500 tp: 1.09691
0	15:20:20.940	'1809640': order #42837891 sell 0.01 EURUSD at 1.11078 was modified -> sl: 1.11500 tp: 1.09691
0	15:20:20.940	'1809640': modify order #42841157 sell 0.01 EURUSD at 1.11046 sl: 1.11466 tp: 1.09736 -> sl: 1.11466 tp: 1.09691
0	15:20:21.232	'1809640': order #42841157 sell 0.01 EURUSD at 1.11046 was modified -> sl: 1.11466 tp: 1.09691
0	15:20:21.232	'1809640': modify order #42846009 sell 0.01 EURUSD at 1.11258 sl: 1.11687 tp: 1.09735 -> sl: 1.11687 tp: 1.09691
0	15:20:21.722	'1809640': order #42846009 sell 0.01 EURUSD at 1.11258 was modified -> sl: 1.11687 tp: 1.09691
0	15:28:59.744	'1809640': modify order #42827542 sell 0.01 EURUSD at 1.11013 sl: 1.11435 tp: 1.09691 -> sl: 1.11435 tp: 1.09688
0	15:29:01.728	'1809640': order #42827542 sell 0.01 EURUSD at 1.11013 was modified -> sl: 1.11435 tp: 1.09688
0	15:29:01.761	'1809640': modify order #42837891 sell 0.01 EURUSD at 1.11078 sl: 1.11500 tp: 1.09691 -> sl: 1.11500 tp: 1.09688
0	15:29:02.345	'1809640': order #42837891 sell 0.01 EURUSD at 1.11078 was modified -> sl: 1.11500 tp: 1.09688
0	15:29:02.378	'1809640': modify order #42841157 sell 0.01 EURUSD at 1.11046 sl: 1.11466 tp: 1.09691 -> sl: 1.11466 tp: 1.09689
0	15:29:02.771	'1809640': order #42841157 sell 0.01 EURUSD at 1.11046 was modified -> sl: 1.11466 tp: 1.09689
0	15:29:02.771	'1809640': modify order #42846009 sell 0.01 EURUSD at 1.11258 sl: 1.11687 tp: 1.09691 -> sl: 1.11687 tp: 1.09689
0	15:29:03.197	'1809640': order #42846009 sell 0.01 EURUSD at 1.11258 was modified -> sl: 1.11687 tp: 1.09689
0	15:31:21.267	'1809640': modify order #42827542 sell 0.01 EURUSD at 1.11013 sl: 1.11435 tp: 1.09688 -> sl: 1.11435 tp: 1.09680
0	15:31:21.887	'1809640': order #42827542 sell 0.01 EURUSD at 1.11013 was modified -> sl: 1.11435 tp: 1.09680
0	15:31:21.887	'1809640': modify order #42837891 sell 0.01 EURUSD at 1.11078 sl: 1.11500 tp: 1.09688 -> sl: 1.11500 tp: 1.09681
0	15:31:22.280	'1809640': order #42837891 sell 0.01 EURUSD at 1.11078 was modified -> sl: 1.11500 tp: 1.09681
0	15:31:22.280	'1809640': modify order #42841157 sell 0.01 EURUSD at 1.11046 sl: 1.11466 tp: 1.09689 -> sl: 1.11466 tp: 1.09681
0	15:31:22.670	'1809640': order #42841157 sell 0.01 EURUSD at 1.11046 was modified -> sl: 1.11466 tp: 1.09681
0	15:31:22.670	'1809640': modify order #42846009 sell 0.01 EURUSD at 1.11258 sl: 1.11687 tp: 1.09689 -> sl: 1.11687 tp: 1.09680
0	15:31:23.221	'1809640': order #42846009 sell 0.01 EURUSD at 1.11258 was modified -> sl: 1.11687 tp: 1.09680
1	15:34:35.314	'1809640': connect failed [No connection]
0	15:35:04.236	'1809640': login on Tripleafx-FX-Demo through FX-Demo-01
0	15:35:20.477	'1809640': ping to current access point FX-Demo-01 is 99.18 ms
1	15:36:00.699	MQL4 Market: failed to load products
0	15:36:31.638	'1809640': modify order #42827542 sell 0.01 EURUSD at 1.11013 sl: 1.11435 tp: 1.09680 -> sl: 1.11435 tp: 1.09670
0	15:36:32.291	'1809640': order #42827542 sell 0.01 EURUSD at 1.11013 was modified -> sl: 1.11435 tp: 1.09670
0	15:36:32.291	'1809640': modify order #42837891 sell 0.01 EURUSD at 1.11078 sl: 1.11500 tp: 1.09681 -> sl: 1.11500 tp: 1.09670
0	15:36:32.749	'1809640': order #42837891 sell 0.01 EURUSD at 1.11078 was modified -> sl: 1.11500 tp: 1.09670
0	15:36:32.752	'1809640': modify order #42841157 sell 0.01 EURUSD at 1.11046 sl: 1.11466 tp: 1.09681 -> sl: 1.11466 tp: 1.09670
0	15:36:33.069	'1809640': order #42841157 sell 0.01 EURUSD at 1.11046 was modified -> sl: 1.11466 tp: 1.09670
0	15:36:33.102	'1809640': modify order #42846009 sell 0.01 EURUSD at 1.11258 sl: 1.11687 tp: 1.09680 -> sl: 1.11687 tp: 1.09670
0	15:36:33.430	'1809640': order #42846009 sell 0.01 EURUSD at 1.11258 was modified -> sl: 1.11687 tp: 1.09670
0	15:38:49.521	'1809640': modify order #42827542 sell 0.01 EURUSD at 1.11013 sl: 1.11435 tp: 1.09670 -> sl: 1.11435 tp: 1.09667
0	15:38:49.878	'1809640': order #42827542 sell 0.01 EURUSD at 1.11013 was modified -> sl: 1.11435 tp: 1.09667
0	15:38:49.878	'1809640': modify order #42837891 sell 0.01 EURUSD at 1.11078 sl: 1.11500 tp: 1.09670 -> sl: 1.11500 tp: 1.09667
0	15:38:50.299	'1809640': order #42837891 sell 0.01 EURUSD at 1.11078 was modified -> sl: 1.11500 tp: 1.09667
0	15:38:50.299	'1809640': modify order #42841157 sell 0.01 EURUSD at 1.11046 sl: 1.11466 tp: 1.09670 -> sl: 1.11466 tp: 1.09667
0	15:38:50.688	'1809640': order #42841157 sell 0.01 EURUSD at 1.11046 was modified -> sl: 1.11466 tp: 1.09667
0	15:38:50.689	'1809640': modify order #42846009 sell 0.01 EURUSD at 1.11258 sl: 1.11687 tp: 1.09670 -> sl: 1.11687 tp: 1.09669
0	15:38:51.109	'1809640': order #42846009 sell 0.01 EURUSD at 1.11258 was modified -> sl: 1.11687 tp: 1.09669
0	15:39:34.353	'1809640': modify order #42827542 sell 0.01 EURUSD at 1.11013 sl: 1.11435 tp: 1.09667 -> sl: 1.11435 tp: 1.09661
0	15:39:34.774	'1809640': order #42827542 sell 0.01 EURUSD at 1.11013 was modified -> sl: 1.11435 tp: 1.09661
0	15:39:34.807	'1809640': modify order #42837891 sell 0.01 EURUSD at 1.11078 sl: 1.11500 tp: 1.09667 -> sl: 1.11500 tp: 1.09660
0	15:39:35.200	'1809640': order #42837891 sell 0.01 EURUSD at 1.11078 was modified -> sl: 1.11500 tp: 1.09660
0	15:39:35.200	'1809640': modify order #42841157 sell 0.01 EURUSD at 1.11046 sl: 1.11466 tp: 1.09667 -> sl: 1.11466 tp: 1.09658
0	15:39:35.590	'1809640': order #42841157 sell 0.01 EURUSD at 1.11046 was modified -> sl: 1.11466 tp: 1.09658
0	15:39:35.590	'1809640': modify order #42846009 sell 0.01 EURUSD at 1.11258 sl: 1.11687 tp: 1.09669 -> sl: 1.11687 tp: 1.09660
0	15:39:35.979	'1809640': order #42846009 sell 0.01 EURUSD at 1.11258 was modified -> sl: 1.11687 tp: 1.09660
0	16:30:44.770	'1809640': modify order #42827542 sell 0.01 EURUSD at 1.11013 sl: 1.11435 tp: 1.09661 -> sl: 1.11435 tp: 1.09654
0	16:30:46.008	'1809640': order #42827542 sell 0.01 EURUSD at 1.11013 was modified -> sl: 1.11435 tp: 1.09654
0	16:30:46.008	'1809640': modify order #42837891 sell 0.01 EURUSD at 1.11078 sl: 1.11500 tp: 1.09660 -> sl: 1.11500 tp: 1.09654
0	16:30:46.397	'1809640': order #42837891 sell 0.01 EURUSD at 1.11078 was modified -> sl: 1.11500 tp: 1.09654
0	16:30:46.397	'1809640': modify order #42841157 sell 0.01 EURUSD at 1.11046 sl: 1.11466 tp: 1.09658 -> sl: 1.11466 tp: 1.09654
0	16:30:46.787	'1809640': order #42841157 sell 0.01 EURUSD at 1.11046 was modified -> sl: 1.11466 tp: 1.09654
0	16:30:46.852	'1809640': modify order #42846009 sell 0.01 EURUSD at 1.11258 sl: 1.11687 tp: 1.09660 -> sl: 1.11687 tp: 1.09653
0	16:30:47.278	'1809640': order #42846009 sell 0.01 EURUSD at 1.11258 was modified -> sl: 1.11687 tp: 1.09653
0	16:35:07.350	'1809640': modify order #42827542 sell 0.01 EURUSD at 1.11013 sl: 1.11435 tp: 1.09654 -> sl: 1.11435 tp: 1.09648
0	16:35:08.031	'1809640': order #42827542 sell 0.01 EURUSD at 1.11013 was modified -> sl: 1.11435 tp: 1.09648
0	16:35:08.587	'1809640': modify order #42837891 sell 0.01 EURUSD at 1.11078 sl: 1.11500 tp: 1.09654 -> sl: 1.11500 tp: 1.09652
0	16:35:09.139	'1809640': order #42837891 sell 0.01 EURUSD at 1.11078 was modified -> sl: 1.11500 tp: 1.09652
0	16:35:09.204	'1809640': modify order #42841157 sell 0.01 EURUSD at 1.11046 sl: 1.11466 tp: 1.09654 -> sl: 1.11466 tp: 1.09650
0	16:35:09.561	'1809640': order #42841157 sell 0.01 EURUSD at 1.11046 was modified -> sl: 1.11466 tp: 1.09650
0	16:35:09.593	'1809640': modify order #42846009 sell 0.01 EURUSD at 1.11258 sl: 1.11687 tp: 1.09653 -> sl: 1.11687 tp: 1.09650
0	16:35:09.988	'1809640': order #42846009 sell 0.01 EURUSD at 1.11258 was modified -> sl: 1.11687 tp: 1.09650
0	16:41:04.201	'1809640': modify order #42827542 sell 0.01 EURUSD at 1.11013 sl: 1.11435 tp: 1.09648 -> sl: 1.11435 tp: 1.09630
0	16:41:05.173	'1809640': order #42827542 sell 0.01 EURUSD at 1.11013 was modified -> sl: 1.11435 tp: 1.09630
0	16:41:05.173	'1809640': modify order #42837891 sell 0.01 EURUSD at 1.11078 sl: 1.11500 tp: 1.09652 -> sl: 1.11500 tp: 1.09630
0	16:41:05.591	'1809640': order #42837891 sell 0.01 EURUSD at 1.11078 was modified -> sl: 1.11500 tp: 1.09630
0	16:41:05.753	'1809640': modify order #42841157 sell 0.01 EURUSD at 1.11046 sl: 1.11466 tp: 1.09650 -> sl: 1.11466 tp: 1.09630
0	16:41:06.115	'1809640': order #42841157 sell 0.01 EURUSD at 1.11046 was modified -> sl: 1.11466 tp: 1.09630
0	16:41:06.147	'1809640': modify order #42846009 sell 0.01 EURUSD at 1.11258 sl: 1.11687 tp: 1.09650 -> sl: 1.11687 tp: 1.09630
0	16:41:06.606	'1809640': order #42846009 sell 0.01 EURUSD at 1.11258 was modified -> sl: 1.11687 tp: 1.09630
0	17:39:42.204	'1809640': modify order #42827542 sell 0.01 EURUSD at 1.11013 sl: 1.11435 tp: 1.09630 -> sl: 1.11435 tp: 1.09573
0	17:39:42.724	'1809640': order #42827542 sell 0.01 EURUSD at 1.11013 was modified -> sl: 1.11435 tp: 1.09573
0	17:39:42.724	'1809640': modify order #42837891 sell 0.01 EURUSD at 1.11078 sl: 1.11500 tp: 1.09630 -> sl: 1.11500 tp: 1.09567
0	17:39:43.016	'1809640': order #42837891 sell 0.01 EURUSD at 1.11078 was modified -> sl: 1.11500 tp: 1.09567
0	17:39:43.016	'1809640': modify order #42841157 sell 0.01 EURUSD at 1.11046 sl: 1.11466 tp: 1.09630 -> sl: 1.11466 tp: 1.09568
0	17:39:43.406	'1809640': order #42841157 sell 0.01 EURUSD at 1.11046 was modified -> sl: 1.11466 tp: 1.09568
0	17:39:43.406	'1809640': modify order #42846009 sell 0.01 EURUSD at 1.11258 sl: 1.11687 tp: 1.09630 -> sl: 1.11687 tp: 1.09567
0	17:39:43.702	'1809640': order #42846009 sell 0.01 EURUSD at 1.11258 was modified -> sl: 1.11687 tp: 1.09567
1	17:44:26.441	'1809640': connect failed [No connection]
0	17:45:20.670	'1809640': login on Tripleafx-FX-Demo through FX-Demo-01
0	17:45:33.470	'1809640': ping to current access point FX-Demo-01 is 96.16 ms
0	17:47:21.539	'1809640': modify order #42827542 sell 0.01 EURUSD at 1.11013 sl: 1.11435 tp: 1.09573 -> sl: 1.11435 tp: 1.09557
0	17:47:22.484	'1809640': order #42827542 sell 0.01 EURUSD at 1.11013 was modified -> sl: 1.11435 tp: 1.09557
0	17:47:22.549	'1809640': modify order #42837891 sell 0.01 EURUSD at 1.11078 sl: 1.11500 tp: 1.09567 -> sl: 1.11500 tp: 1.09557
0	17:47:22.971	'1809640': order #42837891 sell 0.01 EURUSD at 1.11078 was modified -> sl: 1.11500 tp: 1.09557
0	17:47:23.006	'1809640': modify order #42841157 sell 0.01 EURUSD at 1.11046 sl: 1.11466 tp: 1.09568 -> sl: 1.11466 tp: 1.09558
0	17:47:23.393	'1809640': order #42841157 sell 0.01 EURUSD at 1.11046 was modified -> sl: 1.11466 tp: 1.09558
0	17:47:23.620	'1809640': modify order #42846009 sell 0.01 EURUSD at 1.11258 sl: 1.11687 tp: 1.09567 -> sl: 1.11687 tp: 1.09558
0	17:47:24.046	'1809640': order #42846009 sell 0.01 EURUSD at 1.11258 was modified -> sl: 1.11687 tp: 1.09558
0	17:49:36.951	'1809640': modify order #42827542 sell 0.01 EURUSD at 1.11013 sl: 1.11435 tp: 1.09557 -> sl: 1.11435 tp: 1.09550
0	17:49:37.861	'1809640': order #42827542 sell 0.01 EURUSD at 1.11013 was modified -> sl: 1.11435 tp: 1.09550
0	17:49:37.861	'1809640': modify order #42837891 sell 0.01 EURUSD at 1.11078 sl: 1.11500 tp: 1.09557 -> sl: 1.11500 tp: 1.09547
0	17:49:38.287	'1809640': order #42837891 sell 0.01 EURUSD at 1.11078 was modified -> sl: 1.11500 tp: 1.09547
0	17:49:38.287	'1809640': modify order #42841157 sell 0.01 EURUSD at 1.11046 sl: 1.11466 tp: 1.09558 -> sl: 1.11466 tp: 1.09549
0	17:49:38.677	'1809640': order #42841157 sell 0.01 EURUSD at 1.11046 was modified -> sl: 1.11466 tp: 1.09549
0	17:49:38.677	'1809640': modify order #42846009 sell 0.01 EURUSD at 1.11258 sl: 1.11687 tp: 1.09558 -> sl: 1.11687 tp: 1.09549
0	17:49:39.071	'1809640': order #42846009 sell 0.01 EURUSD at 1.11258 was modified -> sl: 1.11687 tp: 1.09549
0	19:34:25.108	'1809640': modify order #42827542 sell 0.01 EURUSD at 1.11013 sl: 1.11435 tp: 1.09550 -> sl: 1.11435 tp: 1.09523
0	19:34:27.574	'1809640': order #42827542 sell 0.01 EURUSD at 1.11013 was modified -> sl: 1.11435 tp: 1.09523
0	19:34:27.671	'1809640': modify order #42837891 sell 0.01 EURUSD at 1.11078 sl: 1.11500 tp: 1.09547 -> sl: 1.11500 tp: 1.09522
0	19:34:28.032	'1809640': order #42837891 sell 0.01 EURUSD at 1.11078 was modified -> sl: 1.11500 tp: 1.09522
0	19:34:28.032	'1809640': modify order #42841157 sell 0.01 EURUSD at 1.11046 sl: 1.11466 tp: 1.09549 -> sl: 1.11466 tp: 1.09522
0	19:34:28.357	'1809640': order #42841157 sell 0.01 EURUSD at 1.11046 was modified -> sl: 1.11466 tp: 1.09522
0	19:34:28.357	'1809640': modify order #42846009 sell 0.01 EURUSD at 1.11258 sl: 1.11687 tp: 1.09549 -> sl: 1.11687 tp: 1.09524
0	19:34:28.750	'1809640': order #42846009 sell 0.01 EURUSD at 1.11258 was modified -> sl: 1.11687 tp: 1.09524
