0	00:14:18.593	'1809640': modify order #42660735 buy 0.01 EURUSD at 1.13514 sl: 1.13092 tp: 1.13717 -> sl: 1.13092 tp: 1.13768
0	00:14:18.828	'1809640': order #42660735 buy 0.01 EURUSD at 1.13514 was modified -> sl: 1.13092 tp: 1.13768
0	00:19:30.312	'1809640': modify order #42660735 buy 0.01 EURUSD at 1.13514 sl: 1.13092 tp: 1.13768 -> sl: 1.13092 tp: 1.13794
0	00:19:30.578	'1809640': order #42660735 buy 0.01 EURUSD at 1.13514 was modified -> sl: 1.13092 tp: 1.13794
0	00:23:54.328	'1809640': modify order #42660735 buy 0.01 EURUSD at 1.13514 sl: 1.13092 tp: 1.13794 -> sl: 1.13092 tp: 1.13796
0	00:23:54.656	'1809640': order #42660735 buy 0.01 EURUSD at 1.13514 was modified -> sl: 1.13092 tp: 1.13796
0	00:59:27.282	'1809640': modify order #42660735 buy 0.01 EURUSD at 1.13514 sl: 1.13092 tp: 1.13796 -> sl: 1.13092 tp: 1.13797
0	00:59:27.657	'1809640': order #42660735 buy 0.01 EURUSD at 1.13514 was modified -> sl: 1.13092 tp: 1.13797
0	01:11:17.376	'1809640': modify order #42660735 buy 0.01 EURUSD at 1.13514 sl: 1.13092 tp: 1.13797 -> sl: 1.13092 tp: 1.13800
0	01:11:17.720	'1809640': order #42660735 buy 0.01 EURUSD at 1.13514 was modified -> sl: 1.13092 tp: 1.13800
0	01:25:07.017	'1809640': modify order #42660735 buy 0.01 EURUSD at 1.13514 sl: 1.13092 tp: 1.13800 -> sl: 1.13092 tp: 1.13829
0	01:25:07.330	'1809640': order #42660735 buy 0.01 EURUSD at 1.13514 was modified -> sl: 1.13092 tp: 1.13829
0	01:39:54.018	'1809640': modify order #42660735 buy 0.01 EURUSD at 1.13514 sl: 1.13092 tp: 1.13829 -> sl: 1.13092 tp: 1.13831
0	01:39:54.252	'1809640': order #42660735 buy 0.01 EURUSD at 1.13514 was modified -> sl: 1.13092 tp: 1.13831
0	02:24:41.426	'1809640': modify order #42660735 buy 0.01 EURUSD at 1.13514 sl: 1.13092 tp: 1.13831 -> sl: 1.13092 tp: 1.13843
0	02:24:41.660	'1809640': order #42660735 buy 0.01 EURUSD at 1.13514 was modified -> sl: 1.13092 tp: 1.13843
0	04:35:21.820	'1809640': close order #42660735 buy 0.01 EURUSD at 1.13514 sl: 1.13092 tp: 1.13843 at price 0.00000
0	04:35:22.070	'1809640': order #42660735 buy 0.01 EURUSD at 1.13514 sl: 1.13092 tp: 1.13843 closed at price 1.13603
0	04:35:22.102	'1809640': order buy market 0.01 EURUSD sl: 1.13203 tp: 1.14066
0	04:35:22.414	'1809640': order was opened : #42669811 buy 0.01 EURUSD at 1.13625 sl: 1.13203 tp: 1.14066
0	04:47:11.055	'1809640': modify order #42669811 buy 0.01 EURUSD at 1.13625 sl: 1.13203 tp: 1.14066 -> sl: 1.13203 tp: 1.14089
0	04:47:11.367	'1809640': order #42669811 buy 0.01 EURUSD at 1.13625 was modified -> sl: 1.13203 tp: 1.14089
0	05:00:03.868	'1809640': modify order #42669811 buy 0.01 EURUSD at 1.13625 sl: 1.13203 tp: 1.14089 -> sl: 1.13203 tp: 1.14098
0	05:00:04.133	'1809640': order #42669811 buy 0.01 EURUSD at 1.13625 was modified -> sl: 1.13203 tp: 1.14098
0	05:10:46.290	'1809640': modify order #42669811 buy 0.01 EURUSD at 1.13625 sl: 1.13203 tp: 1.14098 -> sl: 1.13203 tp: 1.14164
0	05:10:46.649	'1809640': order #42669811 buy 0.01 EURUSD at 1.13625 was modified -> sl: 1.13203 tp: 1.14164
0	06:02:57.292	'1809640': modify order #42669811 buy 0.01 EURUSD at 1.13625 sl: 1.13203 tp: 1.14164 -> sl: 1.13203 tp: 1.14182
0	06:02:57.604	'1809640': order #42669811 buy 0.01 EURUSD at 1.13625 was modified -> sl: 1.13203 tp: 1.14182
0	06:06:25.839	'1809640': modify order #42669811 buy 0.01 EURUSD at 1.13625 sl: 1.13203 tp: 1.14182 -> sl: 1.13203 tp: 1.14194
0	06:06:26.057	'1809640': order #42669811 buy 0.01 EURUSD at 1.13625 was modified -> sl: 1.13203 tp: 1.14194
0	06:14:24.136	'1809640': modify order #42669811 buy 0.01 EURUSD at 1.13625 sl: 1.13203 tp: 1.14194 -> sl: 1.13203 tp: 1.14214
0	06:14:24.464	'1809640': order #42669811 buy 0.01 EURUSD at 1.13625 was modified -> sl: 1.13203 tp: 1.14214
0	06:22:29.449	'1809640': modify order #42669811 buy 0.01 EURUSD at 1.13625 sl: 1.13203 tp: 1.14214 -> sl: 1.13203 tp: 1.14235
0	06:22:29.730	'1809640': order #42669811 buy 0.01 EURUSD at 1.13625 was modified -> sl: 1.13203 tp: 1.14235
0	07:33:33.044	'1809640': modify order #42650958 sell 0.01 EURUSD at 1.13636 sl: 1.14060 tp: 1.13031 -> sl: 1.14060 tp: 1.12999
0	07:33:33.357	'1809640': order #42650958 sell 0.01 EURUSD at 1.13636 was modified -> sl: 1.14060 tp: 1.12999
0	07:33:33.372	'1809640': modify order #42652058 sell 0.01 EURUSD at 1.13794 sl: 1.14214 tp: 1.13031 -> sl: 1.14214 tp: 1.12995
0	07:33:33.685	'1809640': order #42652058 sell 0.01 EURUSD at 1.13794 was modified -> sl: 1.14214 tp: 1.12995
0	07:36:11.810	'1809640': modify order #42650958 sell 0.01 EURUSD at 1.13636 sl: 1.14060 tp: 1.12999 -> sl: 1.14060 tp: 1.12973
0	07:36:12.138	'1809640': order #42650958 sell 0.01 EURUSD at 1.13636 was modified -> sl: 1.14060 tp: 1.12973
0	07:36:12.170	'1809640': modify order #42652058 sell 0.01 EURUSD at 1.13794 sl: 1.14214 tp: 1.12995 -> sl: 1.14214 tp: 1.12974
0	07:36:12.466	'1809640': order #42652058 sell 0.01 EURUSD at 1.13794 was modified -> sl: 1.14214 tp: 1.12974
0	07:36:53.826	'1809640': order #42652127 buy 0.01 EURUSD at 1.13814 closed due stop-loss at price 1.13391
0	07:39:38.716	'1809640': order sell market 0.01 EURUSD sl: 1.13849 tp: 1.12990
0	07:39:39.013	'1809640': order was opened : #42674776 sell 0.01 EURUSD at 1.13430 sl: 1.13849 tp: 1.12990
0	08:00:17.123	'1809640': close order #42441305 buy 0.01 EURUSD at 1.12820 sl: 1.12408 tp: 1.15171 at price 0.00000
0	08:00:17.342	'1809640': order #42441305 buy 0.01 EURUSD at 1.12820 sl: 1.12408 tp: 1.15171 closed at price 1.13530
0	08:00:17.373	'1809640': order sell market 0.01 EURUSD sl: 1.13950 tp: 1.13084
0	08:00:17.686	'1809640': order was opened : #42675507 sell 0.01 EURUSD at 1.13529 sl: 1.13950 tp: 1.13084
0	08:00:17.733	'1809640': close order #42646333 buy 0.01 EURUSD at 1.13475 sl: 1.13057 tp: 1.14361 at price 0.00000
0	08:00:18.030	'1809640': order #42646333 buy 0.01 EURUSD at 1.13475 sl: 1.13057 tp: 1.14361 closed at price 1.13528
0	08:00:18.077	'1809640': close order #42648901 buy 0.01 EURUSD at 1.13503 sl: 1.13082 tp: 1.14361 at price 0.00000
0	08:00:18.405	'1809640': order #42648901 buy 0.01 EURUSD at 1.13503 sl: 1.13082 tp: 1.14361 closed at price 1.13528
0	08:00:18.514	'1809640': close order #42402706 buy 0.01 EURUSD at 1.12780 sl: 1.12361 tp: 1.15390 at price 0.00000
0	08:00:18.842	'1809640': order #42402706 buy 0.01 EURUSD at 1.12780 sl: 1.12361 tp: 1.15390 closed at price 1.13528
0	08:00:18.905	'1809640': modify order #42675507 sell 0.01 EURUSD at 1.13529 sl: 1.13950 tp: 1.13084 -> sl: 1.13950 tp: 1.13083
0	08:00:19.170	'1809640': order #42675507 sell 0.01 EURUSD at 1.13529 was modified -> sl: 1.13950 tp: 1.13083
0	08:04:01.639	'1809640': modify order #42675507 sell 0.01 EURUSD at 1.13529 sl: 1.13950 tp: 1.13083 -> sl: 1.13950 tp: 1.13062
0	08:04:01.998	'1809640': order #42675507 sell 0.01 EURUSD at 1.13529 was modified -> sl: 1.13950 tp: 1.13062
0	08:05:51.342	'1809640': order sell market 0.01 EURUSD sl: 1.13984 tp: 1.13334
0	08:05:51.686	'1809640': order was opened : #42675825 sell 0.01 EURUSD at 1.13560 sl: 1.13984 tp: 1.13334
0	08:05:51.967	'1809640': modify order #42675825 sell 0.01 EURUSD at 1.13560 sl: 1.13984 tp: 1.13334 -> sl: 1.13984 tp: 1.13333
0	08:05:52.295	'1809640': order #42675825 sell 0.01 EURUSD at 1.13560 was modified -> sl: 1.13984 tp: 1.13333
0	08:07:14.936	'1809640': close order #42484053 buy 0.01 EURUSD at 1.13604 sl: 1.13162 tp: 1.15392 at price 0.00000
0	08:07:15.202	'1809640': order #42484053 buy 0.01 EURUSD at 1.13604 sl: 1.13162 tp: 1.15392 closed at price 1.13592
0	08:10:28.811	'1809640': order sell market 0.01 EURUSD sl: 1.14024 tp: 1.13166
0	08:10:29.077	'1809640': order was opened : #42676042 sell 0.01 EURUSD at 1.13606 sl: 1.14024 tp: 1.13166
0	08:10:29.342	'1809640': modify order #42675825 sell 0.01 EURUSD at 1.13560 sl: 1.13984 tp: 1.13333 -> sl: 1.13984 tp: 1.13330
0	08:10:29.624	'1809640': order #42675825 sell 0.01 EURUSD at 1.13560 was modified -> sl: 1.13984 tp: 1.13330
0	08:11:44.249	'1809640': close order #42483528 buy 0.01 EURUSD at 1.13634 sl: 1.13209 tp: 1.15509 at price 0.00000
0	08:11:44.577	'1809640': order #42483528 buy 0.01 EURUSD at 1.13634 sl: 1.13209 tp: 1.15509 closed at price 1.13624
0	08:15:17.811	'1809640': order sell market 0.01 EURUSD sl: 1.14009 tp: 1.13150
0	08:15:18.046	'1809640': order was opened : #42676269 sell 0.01 EURUSD at 1.13593 sl: 1.14009 tp: 1.13150
0	08:15:18.186	'1809640': modify order #42676042 sell 0.01 EURUSD at 1.13606 sl: 1.14024 tp: 1.13166 -> sl: 1.14024 tp: 1.13153
0	08:15:18.499	'1809640': order #42676042 sell 0.01 EURUSD at 1.13606 was modified -> sl: 1.14024 tp: 1.13153
0	08:17:18.015	'1809640': modify order #42676042 sell 0.01 EURUSD at 1.13606 sl: 1.14024 tp: 1.13153 -> sl: 1.14024 tp: 1.13146
0	08:17:18.280	'1809640': order #42676042 sell 0.01 EURUSD at 1.13606 was modified -> sl: 1.14024 tp: 1.13146
0	08:17:18.296	'1809640': modify order #42676269 sell 0.01 EURUSD at 1.13593 sl: 1.14009 tp: 1.13150 -> sl: 1.14009 tp: 1.13143
0	08:17:18.593	'1809640': order #42676269 sell 0.01 EURUSD at 1.13593 was modified -> sl: 1.14009 tp: 1.13143
0	08:19:39.202	'1809640': order sell market 0.01 EURUSD sl: 1.13983 tp: 1.13125
0	08:19:39.515	'1809640': order was opened : #42676336 sell 0.01 EURUSD at 1.13562 sl: 1.13983 tp: 1.13125
0	08:19:39.686	'1809640': modify order #42676042 sell 0.01 EURUSD at 1.13606 sl: 1.14024 tp: 1.13146 -> sl: 1.14024 tp: 1.13123
0	08:19:39.999	'1809640': order #42676042 sell 0.01 EURUSD at 1.13606 was modified -> sl: 1.14024 tp: 1.13123
0	08:19:40.015	'1809640': modify order #42676269 sell 0.01 EURUSD at 1.13593 sl: 1.14009 tp: 1.13143 -> sl: 1.14009 tp: 1.13125
0	08:19:40.311	'1809640': order #42676269 sell 0.01 EURUSD at 1.13593 was modified -> sl: 1.14009 tp: 1.13125
0	08:19:40.327	'1809640': modify order #42676336 sell 0.01 EURUSD at 1.13562 sl: 1.13983 tp: 1.13125 -> sl: 1.13983 tp: 1.13124
0	08:19:40.686	'1809640': order #42676336 sell 0.01 EURUSD at 1.13562 was modified -> sl: 1.13983 tp: 1.13124
0	08:23:54.202	'1809640': order sell market 0.01 EURUSD sl: 1.13979 tp: 1.13118
0	08:23:54.562	'1809640': order was opened : #42676502 sell 0.01 EURUSD at 1.13558 sl: 1.13979 tp: 1.13118
0	08:23:54.780	'1809640': modify order #42676042 sell 0.01 EURUSD at 1.13606 sl: 1.14024 tp: 1.13123 -> sl: 1.14024 tp: 1.13121
0	08:23:55.030	'1809640': order #42676042 sell 0.01 EURUSD at 1.13606 was modified -> sl: 1.14024 tp: 1.13121
0	08:23:55.046	'1809640': modify order #42676269 sell 0.01 EURUSD at 1.13593 sl: 1.14009 tp: 1.13125 -> sl: 1.14009 tp: 1.13120
0	08:23:55.343	'1809640': order #42676269 sell 0.01 EURUSD at 1.13593 was modified -> sl: 1.14009 tp: 1.13120
0	08:23:55.358	'1809640': modify order #42676336 sell 0.01 EURUSD at 1.13562 sl: 1.13983 tp: 1.13124 -> sl: 1.13983 tp: 1.13120
0	08:23:55.577	'1809640': order #42676336 sell 0.01 EURUSD at 1.13562 was modified -> sl: 1.13983 tp: 1.13120
0	08:36:34.500	'1809640': modify order #42676042 sell 0.01 EURUSD at 1.13606 sl: 1.14024 tp: 1.13121 -> sl: 1.14024 tp: 1.13113
0	08:36:34.749	'1809640': order #42676042 sell 0.01 EURUSD at 1.13606 was modified -> sl: 1.14024 tp: 1.13113
0	08:36:34.781	'1809640': modify order #42676269 sell 0.01 EURUSD at 1.13593 sl: 1.14009 tp: 1.13120 -> sl: 1.14009 tp: 1.13112
0	08:36:35.078	'1809640': order #42676269 sell 0.01 EURUSD at 1.13593 was modified -> sl: 1.14009 tp: 1.13112
0	08:36:35.093	'1809640': modify order #42676336 sell 0.01 EURUSD at 1.13562 sl: 1.13983 tp: 1.13120 -> sl: 1.13983 tp: 1.13111
0	08:36:35.390	'1809640': order #42676336 sell 0.01 EURUSD at 1.13562 was modified -> sl: 1.13983 tp: 1.13111
0	08:36:35.406	'1809640': modify order #42676502 sell 0.01 EURUSD at 1.13558 sl: 1.13979 tp: 1.13118 -> sl: 1.13979 tp: 1.13111
0	08:36:35.734	'1809640': order #42676502 sell 0.01 EURUSD at 1.13558 was modified -> sl: 1.13979 tp: 1.13111
0	09:04:43.094	'1809640': modify order #42676042 sell 0.01 EURUSD at 1.13606 sl: 1.14024 tp: 1.13113 -> sl: 1.14024 tp: 1.13095
0	09:04:43.344	'1809640': order #42676042 sell 0.01 EURUSD at 1.13606 was modified -> sl: 1.14024 tp: 1.13095
0	09:04:43.360	'1809640': modify order #42676269 sell 0.01 EURUSD at 1.13593 sl: 1.14009 tp: 1.13112 -> sl: 1.14009 tp: 1.13094
0	09:04:43.672	'1809640': order #42676269 sell 0.01 EURUSD at 1.13593 was modified -> sl: 1.14009 tp: 1.13094
0	09:04:43.688	'1809640': modify order #42676336 sell 0.01 EURUSD at 1.13562 sl: 1.13983 tp: 1.13111 -> sl: 1.13983 tp: 1.13094
0	09:04:43.953	'1809640': order #42676336 sell 0.01 EURUSD at 1.13562 was modified -> sl: 1.13983 tp: 1.13094
0	09:04:43.969	'1809640': modify order #42676502 sell 0.01 EURUSD at 1.13558 sl: 1.13979 tp: 1.13111 -> sl: 1.13979 tp: 1.13095
0	09:04:44.266	'1809640': order #42676502 sell 0.01 EURUSD at 1.13558 was modified -> sl: 1.13979 tp: 1.13095
0	09:06:48.032	'1809640': modify order #42676042 sell 0.01 EURUSD at 1.13606 sl: 1.14024 tp: 1.13095 -> sl: 1.14024 tp: 1.13044
0	09:06:48.344	'1809640': order #42676042 sell 0.01 EURUSD at 1.13606 was modified -> sl: 1.14024 tp: 1.13044
0	09:06:48.375	'1809640': modify order #42676269 sell 0.01 EURUSD at 1.13593 sl: 1.14009 tp: 1.13094 -> sl: 1.14009 tp: 1.13045
0	09:06:48.688	'1809640': order #42676269 sell 0.01 EURUSD at 1.13593 was modified -> sl: 1.14009 tp: 1.13045
0	09:06:48.688	'1809640': modify order #42676336 sell 0.01 EURUSD at 1.13562 sl: 1.13983 tp: 1.13094 -> sl: 1.13983 tp: 1.13045
0	09:06:48.985	'1809640': order #42676336 sell 0.01 EURUSD at 1.13562 was modified -> sl: 1.13983 tp: 1.13045
0	09:06:49.016	'1809640': modify order #42676502 sell 0.01 EURUSD at 1.13558 sl: 1.13979 tp: 1.13095 -> sl: 1.13979 tp: 1.13045
0	09:06:49.360	'1809640': order #42676502 sell 0.01 EURUSD at 1.13558 was modified -> sl: 1.13979 tp: 1.13045
0	09:10:27.860	'1809640': modify order #42675507 sell 0.01 EURUSD at 1.13529 sl: 1.13950 tp: 1.13062 -> sl: 1.13950 tp: 1.13010
0	09:10:28.141	'1809640': order #42675507 sell 0.01 EURUSD at 1.13529 was modified -> sl: 1.13950 tp: 1.13010
0	09:20:04.548	'1809640': modify order #42675507 sell 0.01 EURUSD at 1.13529 sl: 1.13950 tp: 1.13010 -> sl: 1.13950 tp: 1.12989
0	09:20:04.798	'1809640': order #42675507 sell 0.01 EURUSD at 1.13529 was modified -> sl: 1.13950 tp: 1.12989
0	09:20:04.798	'1809640': modify order #42676042 sell 0.01 EURUSD at 1.13606 sl: 1.14024 tp: 1.13044 -> sl: 1.14024 tp: 1.13024
0	09:20:05.126	'1809640': order #42676042 sell 0.01 EURUSD at 1.13606 was modified -> sl: 1.14024 tp: 1.13024
0	09:20:05.141	'1809640': modify order #42676269 sell 0.01 EURUSD at 1.13593 sl: 1.14009 tp: 1.13045 -> sl: 1.14009 tp: 1.13023
0	09:20:05.438	'1809640': order #42676269 sell 0.01 EURUSD at 1.13593 was modified -> sl: 1.14009 tp: 1.13023
0	09:20:05.454	'1809640': modify order #42676336 sell 0.01 EURUSD at 1.13562 sl: 1.13983 tp: 1.13045 -> sl: 1.13983 tp: 1.13024
0	09:20:05.782	'1809640': order #42676336 sell 0.01 EURUSD at 1.13562 was modified -> sl: 1.13983 tp: 1.13024
0	09:20:05.798	'1809640': modify order #42676502 sell 0.01 EURUSD at 1.13558 sl: 1.13979 tp: 1.13045 -> sl: 1.13979 tp: 1.13022
0	09:20:06.095	'1809640': order #42676502 sell 0.01 EURUSD at 1.13558 was modified -> sl: 1.13979 tp: 1.13022
0	09:21:24.095	'1809640': modify order #42675507 sell 0.01 EURUSD at 1.13529 sl: 1.13950 tp: 1.12989 -> sl: 1.13950 tp: 1.12956
0	09:21:24.423	'1809640': order #42675507 sell 0.01 EURUSD at 1.13529 was modified -> sl: 1.13950 tp: 1.12956
0	09:21:24.438	'1809640': modify order #42676042 sell 0.01 EURUSD at 1.13606 sl: 1.14024 tp: 1.13024 -> sl: 1.14024 tp: 1.13012
0	09:21:24.735	'1809640': order #42676042 sell 0.01 EURUSD at 1.13606 was modified -> sl: 1.14024 tp: 1.13012
0	09:21:24.767	'1809640': modify order #42676269 sell 0.01 EURUSD at 1.13593 sl: 1.14009 tp: 1.13023 -> sl: 1.14009 tp: 1.13013
0	09:21:25.048	'1809640': order #42676269 sell 0.01 EURUSD at 1.13593 was modified -> sl: 1.14009 tp: 1.13013
0	09:21:25.063	'1809640': modify order #42676336 sell 0.01 EURUSD at 1.13562 sl: 1.13983 tp: 1.13024 -> sl: 1.13983 tp: 1.13014
0	09:21:25.360	'1809640': order #42676336 sell 0.01 EURUSD at 1.13562 was modified -> sl: 1.13983 tp: 1.13014
0	09:21:25.376	'1809640': modify order #42676502 sell 0.01 EURUSD at 1.13558 sl: 1.13979 tp: 1.13022 -> sl: 1.13979 tp: 1.13014
0	09:21:25.720	'1809640': order #42676502 sell 0.01 EURUSD at 1.13558 was modified -> sl: 1.13979 tp: 1.13014
0	09:30:10.360	'1809640': modify order #42674776 sell 0.01 EURUSD at 1.13430 sl: 1.13849 tp: 1.12990 -> sl: 1.13849 tp: 1.12987
0	09:30:10.579	'1809640': order #42674776 sell 0.01 EURUSD at 1.13430 was modified -> sl: 1.13849 tp: 1.12987
0	09:30:10.595	'1809640': modify order #42675507 sell 0.01 EURUSD at 1.13529 sl: 1.13950 tp: 1.12956 -> sl: 1.13950 tp: 1.12917
0	09:30:10.892	'1809640': order #42675507 sell 0.01 EURUSD at 1.13529 was modified -> sl: 1.13950 tp: 1.12917
0	09:30:10.923	'1809640': modify order #42676042 sell 0.01 EURUSD at 1.13606 sl: 1.14024 tp: 1.13012 -> sl: 1.14024 tp: 1.12988
0	09:30:11.204	'1809640': order #42676042 sell 0.01 EURUSD at 1.13606 was modified -> sl: 1.14024 tp: 1.12988
0	09:30:11.220	'1809640': modify order #42676269 sell 0.01 EURUSD at 1.13593 sl: 1.14009 tp: 1.13013 -> sl: 1.14009 tp: 1.12988
0	09:30:11.517	'1809640': order #42676269 sell 0.01 EURUSD at 1.13593 was modified -> sl: 1.14009 tp: 1.12988
0	09:30:11.532	'1809640': modify order #42676336 sell 0.01 EURUSD at 1.13562 sl: 1.13983 tp: 1.13014 -> sl: 1.13983 tp: 1.12988
0	09:30:11.829	'1809640': order #42676336 sell 0.01 EURUSD at 1.13562 was modified -> sl: 1.13983 tp: 1.12988
0	09:30:11.845	'1809640': modify order #42676502 sell 0.01 EURUSD at 1.13558 sl: 1.13979 tp: 1.13014 -> sl: 1.13979 tp: 1.12988
0	09:30:12.173	'1809640': order #42676502 sell 0.01 EURUSD at 1.13558 was modified -> sl: 1.13979 tp: 1.12988
0	09:32:35.736	'1809640': modify order #42650958 sell 0.01 EURUSD at 1.13636 sl: 1.14060 tp: 1.12973 -> sl: 1.14060 tp: 1.12970
0	09:32:35.954	'1809640': order #42650958 sell 0.01 EURUSD at 1.13636 was modified -> sl: 1.14060 tp: 1.12970
0	09:32:35.970	'1809640': modify order #42652058 sell 0.01 EURUSD at 1.13794 sl: 1.14214 tp: 1.12974 -> sl: 1.14214 tp: 1.12970
0	09:32:36.267	'1809640': order #42652058 sell 0.01 EURUSD at 1.13794 was modified -> sl: 1.14214 tp: 1.12970
0	09:32:36.282	'1809640': modify order #42674776 sell 0.01 EURUSD at 1.13430 sl: 1.13849 tp: 1.12987 -> sl: 1.13849 tp: 1.12969
0	09:32:36.579	'1809640': order #42674776 sell 0.01 EURUSD at 1.13430 was modified -> sl: 1.13849 tp: 1.12969
0	09:32:36.611	'1809640': modify order #42675507 sell 0.01 EURUSD at 1.13529 sl: 1.13950 tp: 1.12917 -> sl: 1.13950 tp: 1.12847
0	09:32:36.892	'1809640': order #42675507 sell 0.01 EURUSD at 1.13529 was modified -> sl: 1.13950 tp: 1.12847
0	09:32:36.908	'1809640': modify order #42676042 sell 0.01 EURUSD at 1.13606 sl: 1.14024 tp: 1.12988 -> sl: 1.14024 tp: 1.12970
0	09:32:37.204	'1809640': order #42676042 sell 0.01 EURUSD at 1.13606 was modified -> sl: 1.14024 tp: 1.12970
0	09:32:37.236	'1809640': modify order #42676269 sell 0.01 EURUSD at 1.13593 sl: 1.14009 tp: 1.12988 -> sl: 1.14009 tp: 1.12970
0	09:32:37.533	'1809640': order #42676269 sell 0.01 EURUSD at 1.13593 was modified -> sl: 1.14009 tp: 1.12970
0	09:32:37.548	'1809640': modify order #42676336 sell 0.01 EURUSD at 1.13562 sl: 1.13983 tp: 1.12988 -> sl: 1.13983 tp: 1.12970
0	09:32:37.845	'1809640': order #42676336 sell 0.01 EURUSD at 1.13562 was modified -> sl: 1.13983 tp: 1.12970
0	09:32:37.876	'1809640': modify order #42676502 sell 0.01 EURUSD at 1.13558 sl: 1.13979 tp: 1.12988 -> sl: 1.13979 tp: 1.12970
0	09:32:38.189	'1809640': order #42676502 sell 0.01 EURUSD at 1.13558 was modified -> sl: 1.13979 tp: 1.12970
0	09:35:17.876	'1809640': modify order #42650958 sell 0.01 EURUSD at 1.13636 sl: 1.14060 tp: 1.12970 -> sl: 1.14060 tp: 1.12968
0	09:35:18.158	'1809640': order #42650958 sell 0.01 EURUSD at 1.13636 was modified -> sl: 1.14060 tp: 1.12968
0	09:35:18.173	'1809640': modify order #42652058 sell 0.01 EURUSD at 1.13794 sl: 1.14214 tp: 1.12970 -> sl: 1.14214 tp: 1.12968
0	09:35:18.470	'1809640': order #42652058 sell 0.01 EURUSD at 1.13794 was modified -> sl: 1.14214 tp: 1.12968
0	09:35:18.486	'1809640': modify order #42674776 sell 0.01 EURUSD at 1.13430 sl: 1.13849 tp: 1.12969 -> sl: 1.13849 tp: 1.12965
0	09:35:18.767	'1809640': order #42674776 sell 0.01 EURUSD at 1.13430 was modified -> sl: 1.13849 tp: 1.12965
0	09:35:18.782	'1809640': modify order #42675825 sell 0.01 EURUSD at 1.13560 sl: 1.13984 tp: 1.13330 -> sl: 1.13984 tp: 1.13325
0	09:35:19.095	'1809640': order #42675825 sell 0.01 EURUSD at 1.13560 was modified -> sl: 1.13984 tp: 1.13325
0	09:35:19.111	'1809640': modify order #42676042 sell 0.01 EURUSD at 1.13606 sl: 1.14024 tp: 1.12970 -> sl: 1.14024 tp: 1.12966
0	09:35:19.423	'1809640': order #42676042 sell 0.01 EURUSD at 1.13606 was modified -> sl: 1.14024 tp: 1.12966
0	09:35:19.439	'1809640': modify order #42676269 sell 0.01 EURUSD at 1.13593 sl: 1.14009 tp: 1.12970 -> sl: 1.14009 tp: 1.12966
0	09:35:19.736	'1809640': order #42676269 sell 0.01 EURUSD at 1.13593 was modified -> sl: 1.14009 tp: 1.12966
0	09:35:19.751	'1809640': modify order #42676336 sell 0.01 EURUSD at 1.13562 sl: 1.13983 tp: 1.12970 -> sl: 1.13983 tp: 1.12966
0	09:35:20.079	'1809640': order #42676336 sell 0.01 EURUSD at 1.13562 was modified -> sl: 1.13983 tp: 1.12966
0	09:35:20.095	'1809640': modify order #42676502 sell 0.01 EURUSD at 1.13558 sl: 1.13979 tp: 1.12970 -> sl: 1.13979 tp: 1.12966
0	09:35:20.407	'1809640': order #42676502 sell 0.01 EURUSD at 1.13558 was modified -> sl: 1.13979 tp: 1.12966
0	09:37:36.830	'1809640': modify order #42650958 sell 0.01 EURUSD at 1.13636 sl: 1.14060 tp: 1.12968 -> sl: 1.14060 tp: 1.12928
0	09:37:37.095	'1809640': order #42650958 sell 0.01 EURUSD at 1.13636 was modified -> sl: 1.14060 tp: 1.12928
0	09:37:37.126	'1809640': modify order #42652058 sell 0.01 EURUSD at 1.13794 sl: 1.14214 tp: 1.12968 -> sl: 1.14214 tp: 1.12925
0	09:37:37.361	'1809640': order #42652058 sell 0.01 EURUSD at 1.13794 was modified -> sl: 1.14214 tp: 1.12925
0	09:37:37.376	'1809640': modify order #42674776 sell 0.01 EURUSD at 1.13430 sl: 1.13849 tp: 1.12965 -> sl: 1.13849 tp: 1.12924
0	09:37:37.689	'1809640': order #42674776 sell 0.01 EURUSD at 1.13430 was modified -> sl: 1.13849 tp: 1.12924
0	09:37:37.689	'1809640': modify order #42676042 sell 0.01 EURUSD at 1.13606 sl: 1.14024 tp: 1.12966 -> sl: 1.14024 tp: 1.12924
0	09:37:37.986	'1809640': order #42676042 sell 0.01 EURUSD at 1.13606 was modified -> sl: 1.14024 tp: 1.12924
0	09:37:38.001	'1809640': modify order #42676269 sell 0.01 EURUSD at 1.13593 sl: 1.14009 tp: 1.12966 -> sl: 1.14009 tp: 1.12925
0	09:37:38.298	'1809640': order #42676269 sell 0.01 EURUSD at 1.13593 was modified -> sl: 1.14009 tp: 1.12925
0	09:37:38.314	'1809640': modify order #42676336 sell 0.01 EURUSD at 1.13562 sl: 1.13983 tp: 1.12966 -> sl: 1.13983 tp: 1.12924
0	09:37:38.658	'1809640': order #42676336 sell 0.01 EURUSD at 1.13562 was modified -> sl: 1.13983 tp: 1.12924
0	09:37:38.673	'1809640': modify order #42676502 sell 0.01 EURUSD at 1.13558 sl: 1.13979 tp: 1.12966 -> sl: 1.13979 tp: 1.12924
0	09:37:38.876	'1809640': order #42676502 sell 0.01 EURUSD at 1.13558 was modified -> sl: 1.13979 tp: 1.12924
0	09:37:58.423	'1809640': order #42651897 sell 0.01 EURUSD at 1.13823 closed due take-profit at price 1.13321
0	09:37:58.423	'1809640': order #42675825 sell 0.01 EURUSD at 1.13560 closed due take-profit at price 1.13325
0	09:37:59.267	'1809640': order #42484537 buy 0.01 EURUSD at 1.13675 closed due stop-loss at price 1.13251
0	09:37:59.720	'1809640': order #42484218 buy 0.01 EURUSD at 1.13658 closed due stop-loss at price 1.13237
0	09:38:00.345	'1809640': order #42484261 buy 0.01 EURUSD at 1.13661 closed due stop-loss at price 1.13234
0	09:38:14.189	'1809640': order sell market 0.01 EURUSD sl: 1.13703 tp: 0.00000
0	09:38:14.533	'1809640': order was opened : #42679123 sell 0.01 EURUSD at 1.13281 sl: 1.13703 tp: 0.00000
0	09:38:14.798	'1809640': modify order #42601080 sell 0.01 EURUSD at 1.14475 sl: 1.14894 tp: 1.12925 -> sl: 1.14894 tp: 1.12842
0	09:38:15.079	'1809640': order #42601080 sell 0.01 EURUSD at 1.14475 was modified -> sl: 1.14894 tp: 1.12842
0	09:38:15.079	'1809640': modify order #42601973 sell 0.01 EURUSD at 1.14401 sl: 1.14821 tp: 1.12925 -> sl: 1.14821 tp: 1.12842
0	09:38:15.392	'1809640': order #42601973 sell 0.01 EURUSD at 1.14401 was modified -> sl: 1.14821 tp: 1.12842
0	09:38:15.423	'1809640': modify order #42602211 sell 0.01 EURUSD at 1.14311 sl: 1.14727 tp: 1.12926 -> sl: 1.14727 tp: 1.12843
0	09:38:15.736	'1809640': order #42602211 sell 0.01 EURUSD at 1.14311 was modified -> sl: 1.14727 tp: 1.12843
0	09:38:15.751	'1809640': modify order #42602557 sell 0.01 EURUSD at 1.14297 sl: 1.14715 tp: 1.12925 -> sl: 1.14715 tp: 1.12843
0	09:38:16.048	'1809640': order #42602557 sell 0.01 EURUSD at 1.14297 was modified -> sl: 1.14715 tp: 1.12843
0	09:38:16.064	'1809640': modify order #42602776 sell 0.01 EURUSD at 1.14329 sl: 1.14751 tp: 1.12924 -> sl: 1.14751 tp: 1.12843
0	09:38:16.376	'1809640': order #42602776 sell 0.01 EURUSD at 1.14329 was modified -> sl: 1.14751 tp: 1.12843
0	09:38:16.392	'1809640': modify order #42603282 sell 0.01 EURUSD at 1.14370 sl: 1.14790 tp: 1.12924 -> sl: 1.14790 tp: 1.12844
0	09:38:16.689	'1809640': order #42603282 sell 0.01 EURUSD at 1.14370 was modified -> sl: 1.14790 tp: 1.12844
0	09:38:16.720	'1809640': modify order #42612681 sell 0.01 EURUSD at 1.14048 sl: 1.14481 tp: 1.12925 -> sl: 1.14481 tp: 1.12843
0	09:38:16.986	'1809640': order #42612681 sell 0.01 EURUSD at 1.14048 was modified -> sl: 1.14481 tp: 1.12843
0	09:38:17.001	'1809640': modify order #42614310 sell 0.01 EURUSD at 1.13860 sl: 1.14274 tp: 1.12924 -> sl: 1.14274 tp: 1.12842
0	09:38:17.314	'1809640': order #42614310 sell 0.01 EURUSD at 1.13860 was modified -> sl: 1.14274 tp: 1.12842
0	09:38:17.345	'1809640': modify order #42614577 sell 0.01 EURUSD at 1.13820 sl: 1.14242 tp: 1.12923 -> sl: 1.14242 tp: 1.12843
0	09:38:17.626	'1809640': order #42614577 sell 0.01 EURUSD at 1.13820 was modified -> sl: 1.14242 tp: 1.12843
0	09:38:17.642	'1809640': modify order #42620587 sell 0.01 EURUSD at 1.14085 sl: 1.14506 tp: 1.12923 -> sl: 1.14506 tp: 1.12849
0	09:38:17.939	'1809640': order #42620587 sell 0.01 EURUSD at 1.14085 was modified -> sl: 1.14506 tp: 1.12849
0	09:38:17.970	'1809640': modify order #42630932 sell 0.01 EURUSD at 1.13732 sl: 1.14155 tp: 1.12922 -> sl: 1.14155 tp: 1.12843
0	09:38:18.267	'1809640': order #42630932 sell 0.01 EURUSD at 1.13732 was modified -> sl: 1.14155 tp: 1.12843
0	09:38:18.267	'1809640': modify order #42650958 sell 0.01 EURUSD at 1.13636 sl: 1.14060 tp: 1.12928 -> sl: 1.14060 tp: 1.12844
0	09:38:18.595	'1809640': order #42650958 sell 0.01 EURUSD at 1.13636 was modified -> sl: 1.14060 tp: 1.12844
0	09:38:18.626	'1809640': modify order #42652058 sell 0.01 EURUSD at 1.13794 sl: 1.14214 tp: 1.12925 -> sl: 1.14214 tp: 1.12844
0	09:38:18.908	'1809640': order #42652058 sell 0.01 EURUSD at 1.13794 was modified -> sl: 1.14214 tp: 1.12844
0	09:38:18.939	'1809640': modify order #42674776 sell 0.01 EURUSD at 1.13430 sl: 1.13849 tp: 1.12924 -> sl: 1.13849 tp: 1.12841
0	09:38:19.267	'1809640': order #42674776 sell 0.01 EURUSD at 1.13430 was modified -> sl: 1.13849 tp: 1.12841
0	09:38:19.283	'1809640': modify order #42675507 sell 0.01 EURUSD at 1.13529 sl: 1.13950 tp: 1.12847 -> sl: 1.13950 tp: 1.12575
0	09:38:19.580	'1809640': order #42675507 sell 0.01 EURUSD at 1.13529 was modified -> sl: 1.13950 tp: 1.12575
0	09:38:19.580	'1809640': modify order #42676042 sell 0.01 EURUSD at 1.13606 sl: 1.14024 tp: 1.12924 -> sl: 1.14024 tp: 1.12843
0	09:38:19.892	'1809640': order #42676042 sell 0.01 EURUSD at 1.13606 was modified -> sl: 1.14024 tp: 1.12843
0	09:38:19.908	'1809640': modify order #42676269 sell 0.01 EURUSD at 1.13593 sl: 1.14009 tp: 1.12925 -> sl: 1.14009 tp: 1.12842
0	09:38:20.220	'1809640': order #42676269 sell 0.01 EURUSD at 1.13593 was modified -> sl: 1.14009 tp: 1.12842
0	09:38:20.251	'1809640': modify order #42676336 sell 0.01 EURUSD at 1.13562 sl: 1.13983 tp: 1.12924 -> sl: 1.13983 tp: 1.12841
0	09:38:20.564	'1809640': order #42676336 sell 0.01 EURUSD at 1.13562 was modified -> sl: 1.13983 tp: 1.12841
0	09:38:20.580	'1809640': modify order #42676502 sell 0.01 EURUSD at 1.13558 sl: 1.13979 tp: 1.12924 -> sl: 1.13979 tp: 1.12843
0	09:38:20.876	'1809640': order #42676502 sell 0.01 EURUSD at 1.13558 was modified -> sl: 1.13979 tp: 1.12843
0	09:38:20.892	'1809640': modify order #42679123 sell 0.01 EURUSD at 1.13281 sl: 1.13703 tp: 0.00000 -> sl: 1.13703 tp: 1.12905
0	09:38:21.205	'1809640': order #42679123 sell 0.01 EURUSD at 1.13281 was modified -> sl: 1.13703 tp: 1.12905
0	09:40:54.220	'1809640': modify order #42601080 sell 0.01 EURUSD at 1.14475 sl: 1.14894 tp: 1.12842 -> sl: 1.14894 tp: 1.12840
0	09:40:54.455	'1809640': order #42601080 sell 0.01 EURUSD at 1.14475 was modified -> sl: 1.14894 tp: 1.12840
0	09:40:54.486	'1809640': modify order #42602211 sell 0.01 EURUSD at 1.14311 sl: 1.14727 tp: 1.12843 -> sl: 1.14727 tp: 1.12842
0	09:40:54.783	'1809640': order #42602211 sell 0.01 EURUSD at 1.14311 was modified -> sl: 1.14727 tp: 1.12842
0	09:40:54.798	'1809640': modify order #42602557 sell 0.01 EURUSD at 1.14297 sl: 1.14715 tp: 1.12843 -> sl: 1.14715 tp: 1.12841
0	09:40:55.095	'1809640': order #42602557 sell 0.01 EURUSD at 1.14297 was modified -> sl: 1.14715 tp: 1.12841
0	09:40:55.126	'1809640': modify order #42602776 sell 0.01 EURUSD at 1.14329 sl: 1.14751 tp: 1.12843 -> sl: 1.14751 tp: 1.12841
0	09:40:55.408	'1809640': order #42602776 sell 0.01 EURUSD at 1.14329 was modified -> sl: 1.14751 tp: 1.12841
0	09:40:55.439	'1809640': modify order #42603282 sell 0.01 EURUSD at 1.14370 sl: 1.14790 tp: 1.12844 -> sl: 1.14790 tp: 1.12842
0	09:40:55.751	'1809640': order #42603282 sell 0.01 EURUSD at 1.14370 was modified -> sl: 1.14790 tp: 1.12842
0	09:40:55.751	'1809640': modify order #42612681 sell 0.01 EURUSD at 1.14048 sl: 1.14481 tp: 1.12843 -> sl: 1.14481 tp: 1.12842
0	09:40:56.064	'1809640': order #42612681 sell 0.01 EURUSD at 1.14048 was modified -> sl: 1.14481 tp: 1.12842
0	09:40:56.064	'1809640': modify order #42614577 sell 0.01 EURUSD at 1.13820 sl: 1.14242 tp: 1.12843 -> sl: 1.14242 tp: 1.12842
0	09:40:56.377	'1809640': order #42614577 sell 0.01 EURUSD at 1.13820 was modified -> sl: 1.14242 tp: 1.12842
0	09:40:56.377	'1809640': modify order #42620587 sell 0.01 EURUSD at 1.14085 sl: 1.14506 tp: 1.12849 -> sl: 1.14506 tp: 1.12842
0	09:40:56.689	'1809640': order #42620587 sell 0.01 EURUSD at 1.14085 was modified -> sl: 1.14506 tp: 1.12842
0	09:40:56.720	'1809640': modify order #42630932 sell 0.01 EURUSD at 1.13732 sl: 1.14155 tp: 1.12843 -> sl: 1.14155 tp: 1.12842
0	09:40:57.001	'1809640': order #42630932 sell 0.01 EURUSD at 1.13732 was modified -> sl: 1.14155 tp: 1.12842
0	09:40:57.017	'1809640': modify order #42650958 sell 0.01 EURUSD at 1.13636 sl: 1.14060 tp: 1.12844 -> sl: 1.14060 tp: 1.12842
0	09:40:57.345	'1809640': order #42650958 sell 0.01 EURUSD at 1.13636 was modified -> sl: 1.14060 tp: 1.12842
0	09:40:57.376	'1809640': modify order #42652058 sell 0.01 EURUSD at 1.13794 sl: 1.14214 tp: 1.12844 -> sl: 1.14214 tp: 1.12841
0	09:40:57.673	'1809640': order #42652058 sell 0.01 EURUSD at 1.13794 was modified -> sl: 1.14214 tp: 1.12841
0	09:40:57.689	'1809640': modify order #42676042 sell 0.01 EURUSD at 1.13606 sl: 1.14024 tp: 1.12843 -> sl: 1.14024 tp: 1.12841
0	09:40:57.986	'1809640': order #42676042 sell 0.01 EURUSD at 1.13606 was modified -> sl: 1.14024 tp: 1.12841
0	09:40:58.017	'1809640': modify order #42676269 sell 0.01 EURUSD at 1.13593 sl: 1.14009 tp: 1.12842 -> sl: 1.14009 tp: 1.12841
0	09:40:58.345	'1809640': order #42676269 sell 0.01 EURUSD at 1.13593 was modified -> sl: 1.14009 tp: 1.12841
0	09:40:58.361	'1809640': modify order #42676502 sell 0.01 EURUSD at 1.13558 sl: 1.13979 tp: 1.12843 -> sl: 1.13979 tp: 1.12841
0	09:40:58.658	'1809640': order #42676502 sell 0.01 EURUSD at 1.13558 was modified -> sl: 1.13979 tp: 1.12841
0	09:42:47.876	'1809640': order sell market 0.01 EURUSD sl: 1.13731 tp: 1.12870
0	09:42:48.220	'1809640': order was opened : #42679390 sell 0.01 EURUSD at 1.13309 sl: 1.13731 tp: 1.12870
0	09:42:48.455	'1809640': modify order #42679390 sell 0.01 EURUSD at 1.13309 sl: 1.13731 tp: 1.12870 -> sl: 1.13731 tp: 1.12869
0	09:42:48.783	'1809640': order #42679390 sell 0.01 EURUSD at 1.13309 was modified -> sl: 1.13731 tp: 1.12869
0	09:49:16.908	'1809640': order sell market 0.01 EURUSD sl: 1.13750 tp: 1.12890
0	09:49:17.127	'1809640': order was opened : #42679583 sell 0.01 EURUSD at 1.13328 sl: 1.13750 tp: 1.12890
0	09:54:35.533	'1809640': order sell market 0.01 EURUSD sl: 1.13712 tp: 1.12852
0	09:54:35.799	'1809640': order was opened : #42679720 sell 0.01 EURUSD at 1.13293 sl: 1.13712 tp: 1.12852
0	09:54:35.846	'1809640': modify order #42679390 sell 0.01 EURUSD at 1.13309 sl: 1.13731 tp: 1.12869 -> sl: 1.13731 tp: 1.12853
0	09:54:36.111	'1809640': order #42679390 sell 0.01 EURUSD at 1.13309 was modified -> sl: 1.13731 tp: 1.12853
0	09:54:36.127	'1809640': modify order #42679583 sell 0.01 EURUSD at 1.13328 sl: 1.13750 tp: 1.12890 -> sl: 1.13750 tp: 1.12853
0	09:54:36.424	'1809640': order #42679583 sell 0.01 EURUSD at 1.13328 was modified -> sl: 1.13750 tp: 1.12853
0	09:55:30.908	'1809640': modify order #42601080 sell 0.01 EURUSD at 1.14475 sl: 1.14894 tp: 1.12840 -> sl: 1.14894 tp: 1.12832
0	09:55:31.143	'1809640': order #42601080 sell 0.01 EURUSD at 1.14475 was modified -> sl: 1.14894 tp: 1.12832
0	09:55:31.158	'1809640': modify order #42601973 sell 0.01 EURUSD at 1.14401 sl: 1.14821 tp: 1.12842 -> sl: 1.14821 tp: 1.12831
0	09:55:31.471	'1809640': order #42601973 sell 0.01 EURUSD at 1.14401 was modified -> sl: 1.14821 tp: 1.12831
0	09:55:31.486	'1809640': modify order #42602211 sell 0.01 EURUSD at 1.14311 sl: 1.14727 tp: 1.12842 -> sl: 1.14727 tp: 1.12831
0	09:55:31.799	'1809640': order #42602211 sell 0.01 EURUSD at 1.14311 was modified -> sl: 1.14727 tp: 1.12831
0	09:55:31.814	'1809640': modify order #42602557 sell 0.01 EURUSD at 1.14297 sl: 1.14715 tp: 1.12841 -> sl: 1.14715 tp: 1.12831
0	09:55:32.111	'1809640': order #42602557 sell 0.01 EURUSD at 1.14297 was modified -> sl: 1.14715 tp: 1.12831
0	09:55:32.127	'1809640': modify order #42602776 sell 0.01 EURUSD at 1.14329 sl: 1.14751 tp: 1.12841 -> sl: 1.14751 tp: 1.12831
0	09:55:32.455	'1809640': order #42602776 sell 0.01 EURUSD at 1.14329 was modified -> sl: 1.14751 tp: 1.12831
0	09:55:32.471	'1809640': modify order #42603282 sell 0.01 EURUSD at 1.14370 sl: 1.14790 tp: 1.12842 -> sl: 1.14790 tp: 1.12833
0	09:55:32.768	'1809640': order #42603282 sell 0.01 EURUSD at 1.14370 was modified -> sl: 1.14790 tp: 1.12833
0	09:55:32.783	'1809640': modify order #42612681 sell 0.01 EURUSD at 1.14048 sl: 1.14481 tp: 1.12842 -> sl: 1.14481 tp: 1.12832
0	09:55:33.080	'1809640': order #42612681 sell 0.01 EURUSD at 1.14048 was modified -> sl: 1.14481 tp: 1.12832
0	09:55:33.096	'1809640': modify order #42614310 sell 0.01 EURUSD at 1.13860 sl: 1.14274 tp: 1.12842 -> sl: 1.14274 tp: 1.12832
0	09:55:33.439	'1809640': order #42614310 sell 0.01 EURUSD at 1.13860 was modified -> sl: 1.14274 tp: 1.12832
0	09:55:33.455	'1809640': modify order #42614577 sell 0.01 EURUSD at 1.13820 sl: 1.14242 tp: 1.12842 -> sl: 1.14242 tp: 1.12831
0	09:55:33.752	'1809640': order #42614577 sell 0.01 EURUSD at 1.13820 was modified -> sl: 1.14242 tp: 1.12831
0	09:55:33.768	'1809640': modify order #42620587 sell 0.01 EURUSD at 1.14085 sl: 1.14506 tp: 1.12842 -> sl: 1.14506 tp: 1.12830
0	09:55:34.096	'1809640': order #42620587 sell 0.01 EURUSD at 1.14085 was modified -> sl: 1.14506 tp: 1.12830
0	09:55:34.127	'1809640': modify order #42630932 sell 0.01 EURUSD at 1.13732 sl: 1.14155 tp: 1.12842 -> sl: 1.14155 tp: 1.12831
0	09:55:34.424	'1809640': order #42630932 sell 0.01 EURUSD at 1.13732 was modified -> sl: 1.14155 tp: 1.12831
0	09:55:34.439	'1809640': modify order #42650958 sell 0.01 EURUSD at 1.13636 sl: 1.14060 tp: 1.12842 -> sl: 1.14060 tp: 1.12831
0	09:55:34.752	'1809640': order #42650958 sell 0.01 EURUSD at 1.13636 was modified -> sl: 1.14060 tp: 1.12831
0	09:55:34.752	'1809640': modify order #42652058 sell 0.01 EURUSD at 1.13794 sl: 1.14214 tp: 1.12841 -> sl: 1.14214 tp: 1.12831
0	09:55:35.080	'1809640': order #42652058 sell 0.01 EURUSD at 1.13794 was modified -> sl: 1.14214 tp: 1.12831
0	09:55:35.080	'1809640': modify order #42674776 sell 0.01 EURUSD at 1.13430 sl: 1.13849 tp: 1.12841 -> sl: 1.13849 tp: 1.12831
0	09:55:35.408	'1809640': order #42674776 sell 0.01 EURUSD at 1.13430 was modified -> sl: 1.13849 tp: 1.12831
0	09:55:35.424	'1809640': modify order #42676042 sell 0.01 EURUSD at 1.13606 sl: 1.14024 tp: 1.12841 -> sl: 1.14024 tp: 1.12831
0	09:55:35.721	'1809640': order #42676042 sell 0.01 EURUSD at 1.13606 was modified -> sl: 1.14024 tp: 1.12831
0	09:55:35.752	'1809640': modify order #42676269 sell 0.01 EURUSD at 1.13593 sl: 1.14009 tp: 1.12841 -> sl: 1.14009 tp: 1.12832
0	09:55:36.049	'1809640': order #42676269 sell 0.01 EURUSD at 1.13593 was modified -> sl: 1.14009 tp: 1.12832
0	09:55:36.064	'1809640': modify order #42676336 sell 0.01 EURUSD at 1.13562 sl: 1.13983 tp: 1.12841 -> sl: 1.13983 tp: 1.12832
0	09:55:36.377	'1809640': order #42676336 sell 0.01 EURUSD at 1.13562 was modified -> sl: 1.13983 tp: 1.12832
0	09:55:36.393	'1809640': modify order #42676502 sell 0.01 EURUSD at 1.13558 sl: 1.13979 tp: 1.12841 -> sl: 1.13979 tp: 1.12832
0	09:55:36.721	'1809640': order #42676502 sell 0.01 EURUSD at 1.13558 was modified -> sl: 1.13979 tp: 1.12832
0	09:55:36.752	'1809640': modify order #42679390 sell 0.01 EURUSD at 1.13309 sl: 1.13731 tp: 1.12853 -> sl: 1.13731 tp: 1.12832
0	09:55:37.064	'1809640': order #42679390 sell 0.01 EURUSD at 1.13309 was modified -> sl: 1.13731 tp: 1.12832
0	09:55:37.064	'1809640': modify order #42679583 sell 0.01 EURUSD at 1.13328 sl: 1.13750 tp: 1.12853 -> sl: 1.13750 tp: 1.12833
0	09:55:37.377	'1809640': order #42679583 sell 0.01 EURUSD at 1.13328 was modified -> sl: 1.13750 tp: 1.12833
0	09:55:37.393	'1809640': modify order #42679720 sell 0.01 EURUSD at 1.13293 sl: 1.13712 tp: 1.12852 -> sl: 1.13712 tp: 1.12832
0	09:55:37.689	'1809640': order #42679720 sell 0.01 EURUSD at 1.13293 was modified -> sl: 1.13712 tp: 1.12832
0	09:56:50.205	'1809640': modify order #42601080 sell 0.01 EURUSD at 1.14475 sl: 1.14894 tp: 1.12832 -> sl: 1.14894 tp: 1.12819
0	09:56:50.533	'1809640': order #42601080 sell 0.01 EURUSD at 1.14475 was modified -> sl: 1.14894 tp: 1.12819
0	09:56:50.564	'1809640': modify order #42601973 sell 0.01 EURUSD at 1.14401 sl: 1.14821 tp: 1.12831 -> sl: 1.14821 tp: 1.12820
0	09:56:50.861	'1809640': order #42601973 sell 0.01 EURUSD at 1.14401 was modified -> sl: 1.14821 tp: 1.12820
0	09:56:50.877	'1809640': modify order #42602211 sell 0.01 EURUSD at 1.14311 sl: 1.14727 tp: 1.12831 -> sl: 1.14727 tp: 1.12820
0	09:56:51.174	'1809640': order #42602211 sell 0.01 EURUSD at 1.14311 was modified -> sl: 1.14727 tp: 1.12820
0	09:56:51.189	'1809640': modify order #42602557 sell 0.01 EURUSD at 1.14297 sl: 1.14715 tp: 1.12831 -> sl: 1.14715 tp: 1.12819
0	09:56:51.518	'1809640': order #42602557 sell 0.01 EURUSD at 1.14297 was modified -> sl: 1.14715 tp: 1.12819
0	09:56:51.533	'1809640': modify order #42602776 sell 0.01 EURUSD at 1.14329 sl: 1.14751 tp: 1.12831 -> sl: 1.14751 tp: 1.12819
0	09:56:51.830	'1809640': order #42602776 sell 0.01 EURUSD at 1.14329 was modified -> sl: 1.14751 tp: 1.12819
0	09:56:51.846	'1809640': modify order #42603282 sell 0.01 EURUSD at 1.14370 sl: 1.14790 tp: 1.12833 -> sl: 1.14790 tp: 1.12819
0	09:56:52.142	'1809640': order #42603282 sell 0.01 EURUSD at 1.14370 was modified -> sl: 1.14790 tp: 1.12819
0	09:56:52.158	'1809640': modify order #42612681 sell 0.01 EURUSD at 1.14048 sl: 1.14481 tp: 1.12832 -> sl: 1.14481 tp: 1.12819
0	09:56:52.471	'1809640': order #42612681 sell 0.01 EURUSD at 1.14048 was modified -> sl: 1.14481 tp: 1.12819
0	09:56:52.486	'1809640': modify order #42614310 sell 0.01 EURUSD at 1.13860 sl: 1.14274 tp: 1.12832 -> sl: 1.14274 tp: 1.12819
0	09:56:52.799	'1809640': order #42614310 sell 0.01 EURUSD at 1.13860 was modified -> sl: 1.14274 tp: 1.12819
0	09:56:52.814	'1809640': modify order #42614577 sell 0.01 EURUSD at 1.13820 sl: 1.14242 tp: 1.12831 -> sl: 1.14242 tp: 1.12819
0	09:56:53.127	'1809640': order #42614577 sell 0.01 EURUSD at 1.13820 was modified -> sl: 1.14242 tp: 1.12819
0	09:56:53.158	'1809640': modify order #42620587 sell 0.01 EURUSD at 1.14085 sl: 1.14506 tp: 1.12830 -> sl: 1.14506 tp: 1.12819
0	09:56:53.471	'1809640': order #42620587 sell 0.01 EURUSD at 1.14085 was modified -> sl: 1.14506 tp: 1.12819
0	09:56:53.486	'1809640': modify order #42630932 sell 0.01 EURUSD at 1.13732 sl: 1.14155 tp: 1.12831 -> sl: 1.14155 tp: 1.12819
0	09:56:53.799	'1809640': order #42630932 sell 0.01 EURUSD at 1.13732 was modified -> sl: 1.14155 tp: 1.12819
0	09:56:53.814	'1809640': modify order #42650958 sell 0.01 EURUSD at 1.13636 sl: 1.14060 tp: 1.12831 -> sl: 1.14060 tp: 1.12819
0	09:56:54.127	'1809640': order #42650958 sell 0.01 EURUSD at 1.13636 was modified -> sl: 1.14060 tp: 1.12819
0	09:56:54.143	'1809640': modify order #42652058 sell 0.01 EURUSD at 1.13794 sl: 1.14214 tp: 1.12831 -> sl: 1.14214 tp: 1.12819
0	09:56:54.455	'1809640': order #42652058 sell 0.01 EURUSD at 1.13794 was modified -> sl: 1.14214 tp: 1.12819
0	09:56:54.486	'1809640': modify order #42674776 sell 0.01 EURUSD at 1.13430 sl: 1.13849 tp: 1.12831 -> sl: 1.13849 tp: 1.12819
0	09:56:54.768	'1809640': order #42674776 sell 0.01 EURUSD at 1.13430 was modified -> sl: 1.13849 tp: 1.12819
0	09:56:54.799	'1809640': modify order #42676042 sell 0.01 EURUSD at 1.13606 sl: 1.14024 tp: 1.12831 -> sl: 1.14024 tp: 1.12819
0	09:56:55.111	'1809640': order #42676042 sell 0.01 EURUSD at 1.13606 was modified -> sl: 1.14024 tp: 1.12819
0	09:56:55.127	'1809640': modify order #42676269 sell 0.01 EURUSD at 1.13593 sl: 1.14009 tp: 1.12832 -> sl: 1.14009 tp: 1.12820
0	09:56:55.455	'1809640': order #42676269 sell 0.01 EURUSD at 1.13593 was modified -> sl: 1.14009 tp: 1.12820
0	09:56:55.486	'1809640': modify order #42676336 sell 0.01 EURUSD at 1.13562 sl: 1.13983 tp: 1.12832 -> sl: 1.13983 tp: 1.12819
0	09:56:55.783	'1809640': order #42676336 sell 0.01 EURUSD at 1.13562 was modified -> sl: 1.13983 tp: 1.12819
0	09:56:55.814	'1809640': modify order #42676502 sell 0.01 EURUSD at 1.13558 sl: 1.13979 tp: 1.12832 -> sl: 1.13979 tp: 1.12819
0	09:56:56.127	'1809640': order #42676502 sell 0.01 EURUSD at 1.13558 was modified -> sl: 1.13979 tp: 1.12819
0	09:56:56.143	'1809640': modify order #42679390 sell 0.01 EURUSD at 1.13309 sl: 1.13731 tp: 1.12832 -> sl: 1.13731 tp: 1.12819
0	09:56:56.455	'1809640': order #42679390 sell 0.01 EURUSD at 1.13309 was modified -> sl: 1.13731 tp: 1.12819
0	09:56:56.471	'1809640': modify order #42679583 sell 0.01 EURUSD at 1.13328 sl: 1.13750 tp: 1.12833 -> sl: 1.13750 tp: 1.12819
0	09:56:56.768	'1809640': order #42679583 sell 0.01 EURUSD at 1.13328 was modified -> sl: 1.13750 tp: 1.12819
0	09:56:56.783	'1809640': modify order #42679720 sell 0.01 EURUSD at 1.13293 sl: 1.13712 tp: 1.12832 -> sl: 1.13712 tp: 1.12819
0	09:56:57.111	'1809640': order #42679720 sell 0.01 EURUSD at 1.13293 was modified -> sl: 1.13712 tp: 1.12819
0	09:58:56.143	'1809640': order #42649165 sell 0.01 EURUSD at 1.13521 closed due take-profit at price 1.13251
0	09:58:56.549	'1809640': order sell market 0.01 EURUSD sl: 1.13643 tp: 1.12784
0	09:58:56.908	'1809640': order was opened : #42679873 sell 0.01 EURUSD at 1.13224 sl: 1.13643 tp: 1.12784
0	09:58:56.955	'1809640': modify order #42601080 sell 0.01 EURUSD at 1.14475 sl: 1.14894 tp: 1.12819 -> sl: 1.14894 tp: 1.12784
0	09:58:57.221	'1809640': order #42601080 sell 0.01 EURUSD at 1.14475 was modified -> sl: 1.14894 tp: 1.12784
0	09:58:57.252	'1809640': modify order #42601973 sell 0.01 EURUSD at 1.14401 sl: 1.14821 tp: 1.12820 -> sl: 1.14821 tp: 1.12784
0	09:58:57.549	'1809640': order #42601973 sell 0.01 EURUSD at 1.14401 was modified -> sl: 1.14821 tp: 1.12784
0	09:58:57.564	'1809640': modify order #42602211 sell 0.01 EURUSD at 1.14311 sl: 1.14727 tp: 1.12820 -> sl: 1.14727 tp: 1.12783
0	09:58:57.861	'1809640': order #42602211 sell 0.01 EURUSD at 1.14311 was modified -> sl: 1.14727 tp: 1.12783
0	09:58:57.893	'1809640': modify order #42602557 sell 0.01 EURUSD at 1.14297 sl: 1.14715 tp: 1.12819 -> sl: 1.14715 tp: 1.12785
0	09:58:58.174	'1809640': order #42602557 sell 0.01 EURUSD at 1.14297 was modified -> sl: 1.14715 tp: 1.12785
0	09:58:58.190	'1809640': modify order #42602776 sell 0.01 EURUSD at 1.14329 sl: 1.14751 tp: 1.12819 -> sl: 1.14751 tp: 1.12783
0	09:58:58.518	'1809640': order #42602776 sell 0.01 EURUSD at 1.14329 was modified -> sl: 1.14751 tp: 1.12783
0	09:58:58.533	'1809640': modify order #42603282 sell 0.01 EURUSD at 1.14370 sl: 1.14790 tp: 1.12819 -> sl: 1.14790 tp: 1.12785
0	09:58:58.830	'1809640': order #42603282 sell 0.01 EURUSD at 1.14370 was modified -> sl: 1.14790 tp: 1.12785
0	09:58:58.846	'1809640': modify order #42612681 sell 0.01 EURUSD at 1.14048 sl: 1.14481 tp: 1.12819 -> sl: 1.14481 tp: 1.12785
0	09:58:59.174	'1809640': order #42612681 sell 0.01 EURUSD at 1.14048 was modified -> sl: 1.14481 tp: 1.12785
0	09:58:59.189	'1809640': modify order #42614310 sell 0.01 EURUSD at 1.13860 sl: 1.14274 tp: 1.12819 -> sl: 1.14274 tp: 1.12785
0	09:58:59.518	'1809640': order #42614310 sell 0.01 EURUSD at 1.13860 was modified -> sl: 1.14274 tp: 1.12785
0	09:58:59.533	'1809640': modify order #42614577 sell 0.01 EURUSD at 1.13820 sl: 1.14242 tp: 1.12819 -> sl: 1.14242 tp: 1.12784
0	09:58:59.830	'1809640': order #42614577 sell 0.01 EURUSD at 1.13820 was modified -> sl: 1.14242 tp: 1.12784
0	09:58:59.846	'1809640': modify order #42620587 sell 0.01 EURUSD at 1.14085 sl: 1.14506 tp: 1.12819 -> sl: 1.14506 tp: 1.12783
0	09:59:00.002	'1809640': order #42620587 sell 0.01 EURUSD at 1.14085 was modified -> sl: 1.14506 tp: 1.12783
0	09:59:00.002	'1809640': modify order #42630932 sell 0.01 EURUSD at 1.13732 sl: 1.14155 tp: 1.12819 -> sl: 1.14155 tp: 1.12783
0	09:59:00.314	'1809640': order #42630932 sell 0.01 EURUSD at 1.13732 was modified -> sl: 1.14155 tp: 1.12783
0	09:59:00.346	'1809640': modify order #42650958 sell 0.01 EURUSD at 1.13636 sl: 1.14060 tp: 1.12819 -> sl: 1.14060 tp: 1.12782
0	09:59:00.643	'1809640': order #42650958 sell 0.01 EURUSD at 1.13636 was modified -> sl: 1.14060 tp: 1.12782
0	09:59:00.658	'1809640': modify order #42652058 sell 0.01 EURUSD at 1.13794 sl: 1.14214 tp: 1.12819 -> sl: 1.14214 tp: 1.12782
0	09:59:00.955	'1809640': order #42652058 sell 0.01 EURUSD at 1.13794 was modified -> sl: 1.14214 tp: 1.12782
0	09:59:00.986	'1809640': modify order #42674776 sell 0.01 EURUSD at 1.13430 sl: 1.13849 tp: 1.12819 -> sl: 1.13849 tp: 1.12784
0	09:59:01.330	'1809640': order #42674776 sell 0.01 EURUSD at 1.13430 was modified -> sl: 1.13849 tp: 1.12784
0	09:59:01.361	'1809640': modify order #42675507 sell 0.01 EURUSD at 1.13529 sl: 1.13950 tp: 1.12575 -> sl: 1.13950 tp: 1.12537
0	09:59:01.658	'1809640': order #42675507 sell 0.01 EURUSD at 1.13529 was modified -> sl: 1.13950 tp: 1.12537
0	09:59:01.674	'1809640': modify order #42676042 sell 0.01 EURUSD at 1.13606 sl: 1.14024 tp: 1.12819 -> sl: 1.14024 tp: 1.12783
0	09:59:01.971	'1809640': order #42676042 sell 0.01 EURUSD at 1.13606 was modified -> sl: 1.14024 tp: 1.12783
0	09:59:01.986	'1809640': modify order #42676269 sell 0.01 EURUSD at 1.13593 sl: 1.14009 tp: 1.12820 -> sl: 1.14009 tp: 1.12782
0	09:59:02.283	'1809640': order #42676269 sell 0.01 EURUSD at 1.13593 was modified -> sl: 1.14009 tp: 1.12782
0	09:59:02.299	'1809640': modify order #42676336 sell 0.01 EURUSD at 1.13562 sl: 1.13983 tp: 1.12819 -> sl: 1.13983 tp: 1.12782
0	09:59:02.596	'1809640': order #42676336 sell 0.01 EURUSD at 1.13562 was modified -> sl: 1.13983 tp: 1.12782
0	09:59:02.627	'1809640': modify order #42676502 sell 0.01 EURUSD at 1.13558 sl: 1.13979 tp: 1.12819 -> sl: 1.13979 tp: 1.12783
0	09:59:02.924	'1809640': order #42676502 sell 0.01 EURUSD at 1.13558 was modified -> sl: 1.13979 tp: 1.12783
0	09:59:02.940	'1809640': modify order #42679390 sell 0.01 EURUSD at 1.13309 sl: 1.13731 tp: 1.12819 -> sl: 1.13731 tp: 1.12783
0	09:59:03.236	'1809640': order #42679390 sell 0.01 EURUSD at 1.13309 was modified -> sl: 1.13731 tp: 1.12783
0	09:59:03.252	'1809640': modify order #42679583 sell 0.01 EURUSD at 1.13328 sl: 1.13750 tp: 1.12819 -> sl: 1.13750 tp: 1.12784
0	09:59:03.502	'1809640': order #42679583 sell 0.01 EURUSD at 1.13328 was modified -> sl: 1.13750 tp: 1.12784
0	09:59:03.518	'1809640': modify order #42679720 sell 0.01 EURUSD at 1.13293 sl: 1.13712 tp: 1.12819 -> sl: 1.13712 tp: 1.12782
0	09:59:03.814	'1809640': order #42679720 sell 0.01 EURUSD at 1.13293 was modified -> sl: 1.13712 tp: 1.12782
0	09:59:03.830	'1809640': modify order #42679873 sell 0.01 EURUSD at 1.13224 sl: 1.13643 tp: 1.12784 -> sl: 1.13643 tp: 1.12783
0	09:59:04.127	'1809640': order #42679873 sell 0.01 EURUSD at 1.13224 was modified -> sl: 1.13643 tp: 1.12783
0	10:00:13.643	'1809640': order #42483713 buy 0.01 EURUSD at 1.13662 closed due stop-loss at price 1.13208
0	10:00:30.846	'1809640': order #42669811 buy 0.01 EURUSD at 1.13625 closed due stop-loss at price 1.13203
0	10:00:31.033	'1809640': order #42483585 buy 0.01 EURUSD at 1.13653 closed due stop-loss at price 1.13199
0	10:00:31.033	'1809640': order #42483668 buy 0.01 EURUSD at 1.13647 closed due stop-loss at price 1.13200
0	10:00:31.330	'1809640': modify order #42601080 sell 0.01 EURUSD at 1.14475 sl: 1.14894 tp: 1.12784 -> sl: 1.14894 tp: 1.12755
0	10:00:31.627	'1809640': order #42601080 sell 0.01 EURUSD at 1.14475 was modified -> sl: 1.14894 tp: 1.12755
0	10:00:31.658	'1809640': modify order #42601973 sell 0.01 EURUSD at 1.14401 sl: 1.14821 tp: 1.12784 -> sl: 1.14821 tp: 1.12754
0	10:00:31.940	'1809640': order #42601973 sell 0.01 EURUSD at 1.14401 was modified -> sl: 1.14821 tp: 1.12754
0	10:00:31.971	'1809640': modify order #42602211 sell 0.01 EURUSD at 1.14311 sl: 1.14727 tp: 1.12783 -> sl: 1.14727 tp: 1.12753
0	10:00:32.252	'1809640': order #42602211 sell 0.01 EURUSD at 1.14311 was modified -> sl: 1.14727 tp: 1.12753
0	10:00:32.268	'1809640': modify order #42602557 sell 0.01 EURUSD at 1.14297 sl: 1.14715 tp: 1.12785 -> sl: 1.14715 tp: 1.12753
0	10:00:32.565	'1809640': order #42602557 sell 0.01 EURUSD at 1.14297 was modified -> sl: 1.14715 tp: 1.12753
0	10:00:32.580	'1809640': modify order #42602776 sell 0.01 EURUSD at 1.14329 sl: 1.14751 tp: 1.12783 -> sl: 1.14751 tp: 1.12754
0	10:00:32.877	'1809640': order #42602776 sell 0.01 EURUSD at 1.14329 was modified -> sl: 1.14751 tp: 1.12754
0	10:00:32.877	'1809640': modify order #42603282 sell 0.01 EURUSD at 1.14370 sl: 1.14790 tp: 1.12785 -> sl: 1.14790 tp: 1.12754
0	10:00:33.190	'1809640': order #42603282 sell 0.01 EURUSD at 1.14370 was modified -> sl: 1.14790 tp: 1.12754
0	10:00:33.221	'1809640': modify order #42612681 sell 0.01 EURUSD at 1.14048 sl: 1.14481 tp: 1.12785 -> sl: 1.14481 tp: 1.12755
0	10:00:33.502	'1809640': order #42612681 sell 0.01 EURUSD at 1.14048 was modified -> sl: 1.14481 tp: 1.12755
0	10:00:33.518	'1809640': modify order #42614310 sell 0.01 EURUSD at 1.13860 sl: 1.14274 tp: 1.12785 -> sl: 1.14274 tp: 1.12755
0	10:00:33.815	'1809640': order #42614310 sell 0.01 EURUSD at 1.13860 was modified -> sl: 1.14274 tp: 1.12755
0	10:00:33.830	'1809640': modify order #42614577 sell 0.01 EURUSD at 1.13820 sl: 1.14242 tp: 1.12784 -> sl: 1.14242 tp: 1.12754
0	10:00:34.111	'1809640': order #42614577 sell 0.01 EURUSD at 1.13820 was modified -> sl: 1.14242 tp: 1.12754
0	10:00:34.143	'1809640': modify order #42620587 sell 0.01 EURUSD at 1.14085 sl: 1.14506 tp: 1.12783 -> sl: 1.14506 tp: 1.12754
0	10:00:34.440	'1809640': order #42620587 sell 0.01 EURUSD at 1.14085 was modified -> sl: 1.14506 tp: 1.12754
0	10:00:34.455	'1809640': modify order #42630932 sell 0.01 EURUSD at 1.13732 sl: 1.14155 tp: 1.12783 -> sl: 1.14155 tp: 1.12754
0	10:00:34.768	'1809640': order #42630932 sell 0.01 EURUSD at 1.13732 was modified -> sl: 1.14155 tp: 1.12754
0	10:00:34.783	'1809640': modify order #42650958 sell 0.01 EURUSD at 1.13636 sl: 1.14060 tp: 1.12782 -> sl: 1.14060 tp: 1.12754
0	10:00:35.080	'1809640': order #42650958 sell 0.01 EURUSD at 1.13636 was modified -> sl: 1.14060 tp: 1.12754
0	10:00:35.096	'1809640': modify order #42652058 sell 0.01 EURUSD at 1.13794 sl: 1.14214 tp: 1.12782 -> sl: 1.14214 tp: 1.12754
0	10:00:35.393	'1809640': order #42652058 sell 0.01 EURUSD at 1.13794 was modified -> sl: 1.14214 tp: 1.12754
0	10:00:35.408	'1809640': modify order #42674776 sell 0.01 EURUSD at 1.13430 sl: 1.13849 tp: 1.12784 -> sl: 1.13849 tp: 1.12754
0	10:00:35.736	'1809640': order #42674776 sell 0.01 EURUSD at 1.13430 was modified -> sl: 1.13849 tp: 1.12754
0	10:00:35.752	'1809640': modify order #42675507 sell 0.01 EURUSD at 1.13529 sl: 1.13950 tp: 1.12537 -> sl: 1.13950 tp: 1.12489
0	10:00:36.049	'1809640': order #42675507 sell 0.01 EURUSD at 1.13529 was modified -> sl: 1.13950 tp: 1.12489
0	10:00:36.065	'1809640': modify order #42676042 sell 0.01 EURUSD at 1.13606 sl: 1.14024 tp: 1.12783 -> sl: 1.14024 tp: 1.12754
0	10:00:36.361	'1809640': order #42676042 sell 0.01 EURUSD at 1.13606 was modified -> sl: 1.14024 tp: 1.12754
0	10:00:36.377	'1809640': modify order #42676269 sell 0.01 EURUSD at 1.13593 sl: 1.14009 tp: 1.12782 -> sl: 1.14009 tp: 1.12754
0	10:00:36.690	'1809640': order #42676269 sell 0.01 EURUSD at 1.13593 was modified -> sl: 1.14009 tp: 1.12754
0	10:00:36.705	'1809640': modify order #42676336 sell 0.01 EURUSD at 1.13562 sl: 1.13983 tp: 1.12782 -> sl: 1.13983 tp: 1.12754
0	10:00:37.002	'1809640': order #42676336 sell 0.01 EURUSD at 1.13562 was modified -> sl: 1.13983 tp: 1.12754
0	10:00:37.033	'1809640': modify order #42676502 sell 0.01 EURUSD at 1.13558 sl: 1.13979 tp: 1.12783 -> sl: 1.13979 tp: 1.12755
0	10:00:37.315	'1809640': order #42676502 sell 0.01 EURUSD at 1.13558 was modified -> sl: 1.13979 tp: 1.12755
0	10:00:37.330	'1809640': modify order #42679390 sell 0.01 EURUSD at 1.13309 sl: 1.13731 tp: 1.12783 -> sl: 1.13731 tp: 1.12755
0	10:00:37.627	'1809640': order #42679390 sell 0.01 EURUSD at 1.13309 was modified -> sl: 1.13731 tp: 1.12755
0	10:00:37.627	'1809640': modify order #42679583 sell 0.01 EURUSD at 1.13328 sl: 1.13750 tp: 1.12784 -> sl: 1.13750 tp: 1.12755
0	10:00:37.940	'1809640': order #42679583 sell 0.01 EURUSD at 1.13328 was modified -> sl: 1.13750 tp: 1.12755
0	10:00:37.955	'1809640': modify order #42679720 sell 0.01 EURUSD at 1.13293 sl: 1.13712 tp: 1.12782 -> sl: 1.13712 tp: 1.12755
0	10:00:38.252	'1809640': order #42679720 sell 0.01 EURUSD at 1.13293 was modified -> sl: 1.13712 tp: 1.12755
0	10:00:38.268	'1809640': modify order #42679873 sell 0.01 EURUSD at 1.13224 sl: 1.13643 tp: 1.12783 -> sl: 1.13643 tp: 1.12754
0	10:00:38.611	'1809640': order #42679873 sell 0.01 EURUSD at 1.13224 was modified -> sl: 1.13643 tp: 1.12754
0	10:00:43.674	'1809640': order #42483030 buy 0.01 EURUSD at 1.13679 closed due stop-loss at price 1.13185
0	10:03:05.705	'1809640': order sell market 0.01 EURUSD sl: 1.13614 tp: 1.12754
0	10:03:06.033	'1809640': order was opened : #42680233 sell 0.01 EURUSD at 1.13194 sl: 1.13614 tp: 1.12754
0	10:03:06.283	'1809640': modify order #42601080 sell 0.01 EURUSD at 1.14475 sl: 1.14894 tp: 1.12755 -> sl: 1.14894 tp: 1.12754
0	10:03:06.518	'1809640': order #42601080 sell 0.01 EURUSD at 1.14475 was modified -> sl: 1.14894 tp: 1.12754
0	10:03:06.533	'1809640': modify order #42675507 sell 0.01 EURUSD at 1.13529 sl: 1.13950 tp: 1.12489 -> sl: 1.13950 tp: 1.12448
0	10:03:06.846	'1809640': order #42675507 sell 0.01 EURUSD at 1.13529 was modified -> sl: 1.13950 tp: 1.12448
0	10:07:58.721	'1809640': order sell market 0.01 EURUSD sl: 1.13610 tp: 1.12754
0	10:07:59.002	'1809640': order was opened : #42680347 sell 0.01 EURUSD at 1.13188 sl: 1.13610 tp: 1.12754
0	10:07:59.205	'1809640': modify order #42601080 sell 0.01 EURUSD at 1.14475 sl: 1.14894 tp: 1.12754 -> sl: 1.14894 tp: 1.12748
0	10:07:59.518	'1809640': order #42601080 sell 0.01 EURUSD at 1.14475 was modified -> sl: 1.14894 tp: 1.12748
0	10:07:59.533	'1809640': modify order #42601973 sell 0.01 EURUSD at 1.14401 sl: 1.14821 tp: 1.12754 -> sl: 1.14821 tp: 1.12744
0	10:07:59.830	'1809640': order #42601973 sell 0.01 EURUSD at 1.14401 was modified -> sl: 1.14821 tp: 1.12744
0	10:07:59.862	'1809640': modify order #42602211 sell 0.01 EURUSD at 1.14311 sl: 1.14727 tp: 1.12753 -> sl: 1.14727 tp: 1.12743
0	10:08:00.190	'1809640': order #42602211 sell 0.01 EURUSD at 1.14311 was modified -> sl: 1.14727 tp: 1.12743
0	10:08:00.205	'1809640': modify order #42602557 sell 0.01 EURUSD at 1.14297 sl: 1.14715 tp: 1.12753 -> sl: 1.14715 tp: 1.12743
0	10:08:00.455	'1809640': order #42602557 sell 0.01 EURUSD at 1.14297 was modified -> sl: 1.14715 tp: 1.12743
0	10:08:00.471	'1809640': modify order #42602776 sell 0.01 EURUSD at 1.14329 sl: 1.14751 tp: 1.12754 -> sl: 1.14751 tp: 1.12743
0	10:08:00.799	'1809640': order #42602776 sell 0.01 EURUSD at 1.14329 was modified -> sl: 1.14751 tp: 1.12743
0	10:08:00.830	'1809640': modify order #42603282 sell 0.01 EURUSD at 1.14370 sl: 1.14790 tp: 1.12754 -> sl: 1.14790 tp: 1.12743
0	10:08:01.159	'1809640': order #42603282 sell 0.01 EURUSD at 1.14370 was modified -> sl: 1.14790 tp: 1.12743
0	10:08:01.174	'1809640': modify order #42612681 sell 0.01 EURUSD at 1.14048 sl: 1.14481 tp: 1.12755 -> sl: 1.14481 tp: 1.12743
0	10:08:01.487	'1809640': order #42612681 sell 0.01 EURUSD at 1.14048 was modified -> sl: 1.14481 tp: 1.12743
0	10:08:01.502	'1809640': modify order #42614310 sell 0.01 EURUSD at 1.13860 sl: 1.14274 tp: 1.12755 -> sl: 1.14274 tp: 1.12743
0	10:08:01.799	'1809640': order #42614310 sell 0.01 EURUSD at 1.13860 was modified -> sl: 1.14274 tp: 1.12743
0	10:08:01.815	'1809640': modify order #42614577 sell 0.01 EURUSD at 1.13820 sl: 1.14242 tp: 1.12754 -> sl: 1.14242 tp: 1.12743
0	10:08:02.143	'1809640': order #42614577 sell 0.01 EURUSD at 1.13820 was modified -> sl: 1.14242 tp: 1.12743
0	10:08:02.159	'1809640': modify order #42620587 sell 0.01 EURUSD at 1.14085 sl: 1.14506 tp: 1.12754 -> sl: 1.14506 tp: 1.12742
0	10:08:02.455	'1809640': order #42620587 sell 0.01 EURUSD at 1.14085 was modified -> sl: 1.14506 tp: 1.12742
0	10:08:02.471	'1809640': modify order #42630932 sell 0.01 EURUSD at 1.13732 sl: 1.14155 tp: 1.12754 -> sl: 1.14155 tp: 1.12743
0	10:08:02.830	'1809640': order #42630932 sell 0.01 EURUSD at 1.13732 was modified -> sl: 1.14155 tp: 1.12743
0	10:08:02.862	'1809640': modify order #42650958 sell 0.01 EURUSD at 1.13636 sl: 1.14060 tp: 1.12754 -> sl: 1.14060 tp: 1.12745
0	10:08:03.127	'1809640': order #42650958 sell 0.01 EURUSD at 1.13636 was modified -> sl: 1.14060 tp: 1.12745
0	10:08:03.143	'1809640': modify order #42652058 sell 0.01 EURUSD at 1.13794 sl: 1.14214 tp: 1.12754 -> sl: 1.14214 tp: 1.12743
0	10:08:03.440	'1809640': order #42652058 sell 0.01 EURUSD at 1.13794 was modified -> sl: 1.14214 tp: 1.12743
0	10:08:03.471	'1809640': modify order #42674776 sell 0.01 EURUSD at 1.13430 sl: 1.13849 tp: 1.12754 -> sl: 1.13849 tp: 1.12743
0	10:08:03.799	'1809640': order #42674776 sell 0.01 EURUSD at 1.13430 was modified -> sl: 1.13849 tp: 1.12743
0	10:08:03.815	'1809640': modify order #42675507 sell 0.01 EURUSD at 1.13529 sl: 1.13950 tp: 1.12448 -> sl: 1.13950 tp: 1.12388
0	10:08:04.143	'1809640': order #42675507 sell 0.01 EURUSD at 1.13529 was modified -> sl: 1.13950 tp: 1.12388
0	10:08:04.159	'1809640': modify order #42676042 sell 0.01 EURUSD at 1.13606 sl: 1.14024 tp: 1.12754 -> sl: 1.14024 tp: 1.12743
0	10:08:04.471	'1809640': order #42676042 sell 0.01 EURUSD at 1.13606 was modified -> sl: 1.14024 tp: 1.12743
0	10:08:04.471	'1809640': modify order #42676269 sell 0.01 EURUSD at 1.13593 sl: 1.14009 tp: 1.12754 -> sl: 1.14009 tp: 1.12744
0	10:08:04.768	'1809640': order #42676269 sell 0.01 EURUSD at 1.13593 was modified -> sl: 1.14009 tp: 1.12744
0	10:08:04.784	'1809640': modify order #42676336 sell 0.01 EURUSD at 1.13562 sl: 1.13983 tp: 1.12754 -> sl: 1.13983 tp: 1.12744
0	10:08:05.081	'1809640': order #42676336 sell 0.01 EURUSD at 1.13562 was modified -> sl: 1.13983 tp: 1.12744
0	10:08:05.096	'1809640': modify order #42676502 sell 0.01 EURUSD at 1.13558 sl: 1.13979 tp: 1.12755 -> sl: 1.13979 tp: 1.12743
0	10:08:05.424	'1809640': order #42676502 sell 0.01 EURUSD at 1.13558 was modified -> sl: 1.13979 tp: 1.12743
0	10:08:05.424	'1809640': modify order #42679390 sell 0.01 EURUSD at 1.13309 sl: 1.13731 tp: 1.12755 -> sl: 1.13731 tp: 1.12743
0	10:08:05.737	'1809640': order #42679390 sell 0.01 EURUSD at 1.13309 was modified -> sl: 1.13731 tp: 1.12743
0	10:08:05.768	'1809640': modify order #42679583 sell 0.01 EURUSD at 1.13328 sl: 1.13750 tp: 1.12755 -> sl: 1.13750 tp: 1.12742
0	10:08:06.080	'1809640': order #42679583 sell 0.01 EURUSD at 1.13328 was modified -> sl: 1.13750 tp: 1.12742
0	10:08:06.096	'1809640': modify order #42679720 sell 0.01 EURUSD at 1.13293 sl: 1.13712 tp: 1.12755 -> sl: 1.13712 tp: 1.12743
0	10:08:06.408	'1809640': order #42679720 sell 0.01 EURUSD at 1.13293 was modified -> sl: 1.13712 tp: 1.12743
0	10:08:06.424	'1809640': modify order #42679873 sell 0.01 EURUSD at 1.13224 sl: 1.13643 tp: 1.12754 -> sl: 1.13643 tp: 1.12744
0	10:08:06.721	'1809640': order #42679873 sell 0.01 EURUSD at 1.13224 was modified -> sl: 1.13643 tp: 1.12744
0	10:08:06.737	'1809640': modify order #42680233 sell 0.01 EURUSD at 1.13194 sl: 1.13614 tp: 1.12754 -> sl: 1.13614 tp: 1.12744
0	10:08:07.065	'1809640': order #42680233 sell 0.01 EURUSD at 1.13194 was modified -> sl: 1.13614 tp: 1.12744
0	10:08:07.080	'1809640': modify order #42680347 sell 0.01 EURUSD at 1.13188 sl: 1.13610 tp: 1.12754 -> sl: 1.13610 tp: 1.12744
0	10:08:07.377	'1809640': order #42680347 sell 0.01 EURUSD at 1.13188 was modified -> sl: 1.13610 tp: 1.12744
0	10:09:12.143	'1809640': modify order #42601080 sell 0.01 EURUSD at 1.14475 sl: 1.14894 tp: 1.12748 -> sl: 1.14894 tp: 1.12731
0	10:09:12.377	'1809640': order #42601080 sell 0.01 EURUSD at 1.14475 was modified -> sl: 1.14894 tp: 1.12731
0	10:09:12.393	'1809640': modify order #42601973 sell 0.01 EURUSD at 1.14401 sl: 1.14821 tp: 1.12744 -> sl: 1.14821 tp: 1.12731
0	10:09:12.706	'1809640': order #42601973 sell 0.01 EURUSD at 1.14401 was modified -> sl: 1.14821 tp: 1.12731
0	10:09:12.721	'1809640': modify order #42602211 sell 0.01 EURUSD at 1.14311 sl: 1.14727 tp: 1.12743 -> sl: 1.14727 tp: 1.12731
0	10:09:13.018	'1809640': order #42602211 sell 0.01 EURUSD at 1.14311 was modified -> sl: 1.14727 tp: 1.12731
0	10:09:13.034	'1809640': modify order #42602557 sell 0.01 EURUSD at 1.14297 sl: 1.14715 tp: 1.12743 -> sl: 1.14715 tp: 1.12731
0	10:09:13.346	'1809640': order #42602557 sell 0.01 EURUSD at 1.14297 was modified -> sl: 1.14715 tp: 1.12731
0	10:09:13.362	'1809640': modify order #42602776 sell 0.01 EURUSD at 1.14329 sl: 1.14751 tp: 1.12743 -> sl: 1.14751 tp: 1.12731
0	10:09:13.674	'1809640': order #42602776 sell 0.01 EURUSD at 1.14329 was modified -> sl: 1.14751 tp: 1.12731
0	10:09:13.690	'1809640': modify order #42603282 sell 0.01 EURUSD at 1.14370 sl: 1.14790 tp: 1.12743 -> sl: 1.14790 tp: 1.12731
0	10:09:14.002	'1809640': order #42603282 sell 0.01 EURUSD at 1.14370 was modified -> sl: 1.14790 tp: 1.12731
0	10:09:14.034	'1809640': modify order #42612681 sell 0.01 EURUSD at 1.14048 sl: 1.14481 tp: 1.12743 -> sl: 1.14481 tp: 1.12731
0	10:09:14.362	'1809640': order #42612681 sell 0.01 EURUSD at 1.14048 was modified -> sl: 1.14481 tp: 1.12731
0	10:09:14.377	'1809640': modify order #42614310 sell 0.01 EURUSD at 1.13860 sl: 1.14274 tp: 1.12743 -> sl: 1.14274 tp: 1.12731
0	10:09:14.690	'1809640': order #42614310 sell 0.01 EURUSD at 1.13860 was modified -> sl: 1.14274 tp: 1.12731
0	10:09:14.721	'1809640': modify order #42614577 sell 0.01 EURUSD at 1.13820 sl: 1.14242 tp: 1.12743 -> sl: 1.14242 tp: 1.12732
0	10:09:14.987	'1809640': order #42614577 sell 0.01 EURUSD at 1.13820 was modified -> sl: 1.14242 tp: 1.12732
0	10:09:15.002	'1809640': modify order #42620587 sell 0.01 EURUSD at 1.14085 sl: 1.14506 tp: 1.12742 -> sl: 1.14506 tp: 1.12731
0	10:09:15.299	'1809640': order #42620587 sell 0.01 EURUSD at 1.14085 was modified -> sl: 1.14506 tp: 1.12731
0	10:09:15.330	'1809640': modify order #42630932 sell 0.01 EURUSD at 1.13732 sl: 1.14155 tp: 1.12743 -> sl: 1.14155 tp: 1.12731
0	10:09:15.471	'1809640': order #42630932 sell 0.01 EURUSD at 1.13732 was modified -> sl: 1.14155 tp: 1.12731
0	10:09:15.487	'1809640': modify order #42650958 sell 0.01 EURUSD at 1.13636 sl: 1.14060 tp: 1.12745 -> sl: 1.14060 tp: 1.12731
0	10:09:15.784	'1809640': order #42650958 sell 0.01 EURUSD at 1.13636 was modified -> sl: 1.14060 tp: 1.12731
0	10:09:15.799	'1809640': modify order #42652058 sell 0.01 EURUSD at 1.13794 sl: 1.14214 tp: 1.12743 -> sl: 1.14214 tp: 1.12731
0	10:09:16.096	'1809640': order #42652058 sell 0.01 EURUSD at 1.13794 was modified -> sl: 1.14214 tp: 1.12731
0	10:09:16.112	'1809640': modify order #42674776 sell 0.01 EURUSD at 1.13430 sl: 1.13849 tp: 1.12743 -> sl: 1.13849 tp: 1.12731
0	10:09:16.409	'1809640': order #42674776 sell 0.01 EURUSD at 1.13430 was modified -> sl: 1.13849 tp: 1.12731
0	10:09:16.424	'1809640': modify order #42675507 sell 0.01 EURUSD at 1.13529 sl: 1.13950 tp: 1.12388 -> sl: 1.13950 tp: 1.12371
0	10:09:16.721	'1809640': order #42675507 sell 0.01 EURUSD at 1.13529 was modified -> sl: 1.13950 tp: 1.12371
0	10:09:16.737	'1809640': modify order #42676042 sell 0.01 EURUSD at 1.13606 sl: 1.14024 tp: 1.12743 -> sl: 1.14024 tp: 1.12729
0	10:09:17.080	'1809640': order #42676042 sell 0.01 EURUSD at 1.13606 was modified -> sl: 1.14024 tp: 1.12729
0	10:09:17.096	'1809640': modify order #42676269 sell 0.01 EURUSD at 1.13593 sl: 1.14009 tp: 1.12744 -> sl: 1.14009 tp: 1.12729
0	10:09:17.393	'1809640': order #42676269 sell 0.01 EURUSD at 1.13593 was modified -> sl: 1.14009 tp: 1.12729
0	10:09:17.424	'1809640': modify order #42676336 sell 0.01 EURUSD at 1.13562 sl: 1.13983 tp: 1.12744 -> sl: 1.13983 tp: 1.12729
0	10:09:17.721	'1809640': order #42676336 sell 0.01 EURUSD at 1.13562 was modified -> sl: 1.13983 tp: 1.12729
0	10:09:17.737	'1809640': modify order #42676502 sell 0.01 EURUSD at 1.13558 sl: 1.13979 tp: 1.12743 -> sl: 1.13979 tp: 1.12729
0	10:09:18.065	'1809640': order #42676502 sell 0.01 EURUSD at 1.13558 was modified -> sl: 1.13979 tp: 1.12729
0	10:09:18.080	'1809640': modify order #42679390 sell 0.01 EURUSD at 1.13309 sl: 1.13731 tp: 1.12743 -> sl: 1.13731 tp: 1.12731
0	10:09:18.409	'1809640': order #42679390 sell 0.01 EURUSD at 1.13309 was modified -> sl: 1.13731 tp: 1.12731
0	10:09:18.424	'1809640': modify order #42679583 sell 0.01 EURUSD at 1.13328 sl: 1.13750 tp: 1.12742 -> sl: 1.13750 tp: 1.12732
0	10:09:18.721	'1809640': order #42679583 sell 0.01 EURUSD at 1.13328 was modified -> sl: 1.13750 tp: 1.12732
0	10:09:18.737	'1809640': modify order #42679720 sell 0.01 EURUSD at 1.13293 sl: 1.13712 tp: 1.12743 -> sl: 1.13712 tp: 1.12730
0	10:09:19.049	'1809640': order #42679720 sell 0.01 EURUSD at 1.13293 was modified -> sl: 1.13712 tp: 1.12730
0	10:09:19.065	'1809640': modify order #42679873 sell 0.01 EURUSD at 1.13224 sl: 1.13643 tp: 1.12744 -> sl: 1.13643 tp: 1.12730
0	10:09:19.362	'1809640': order #42679873 sell 0.01 EURUSD at 1.13224 was modified -> sl: 1.13643 tp: 1.12730
0	10:09:19.393	'1809640': modify order #42680233 sell 0.01 EURUSD at 1.13194 sl: 1.13614 tp: 1.12744 -> sl: 1.13614 tp: 1.12730
0	10:09:19.721	'1809640': order #42680233 sell 0.01 EURUSD at 1.13194 was modified -> sl: 1.13614 tp: 1.12730
0	10:09:19.737	'1809640': modify order #42680347 sell 0.01 EURUSD at 1.13188 sl: 1.13610 tp: 1.12744 -> sl: 1.13610 tp: 1.12733
0	10:09:20.034	'1809640': order #42680347 sell 0.01 EURUSD at 1.13188 was modified -> sl: 1.13610 tp: 1.12733
0	10:15:47.659	'1809640': order sell market 0.01 EURUSD sl: 1.13606 tp: 1.12745
0	10:15:48.002	'1809640': order was opened : #42680538 sell 0.01 EURUSD at 1.13185 sl: 1.13606 tp: 1.12745
0	10:16:58.221	'1809640': modify order #42601080 sell 0.01 EURUSD at 1.14475 sl: 1.14894 tp: 1.12731 -> sl: 1.14894 tp: 1.12726
0	10:16:58.550	'1809640': order #42601080 sell 0.01 EURUSD at 1.14475 was modified -> sl: 1.14894 tp: 1.12726
0	10:16:58.581	'1809640': modify order #42601973 sell 0.01 EURUSD at 1.14401 sl: 1.14821 tp: 1.12731 -> sl: 1.14821 tp: 1.12725
0	10:16:58.878	'1809640': order #42601973 sell 0.01 EURUSD at 1.14401 was modified -> sl: 1.14821 tp: 1.12725
0	10:16:58.893	'1809640': modify order #42602211 sell 0.01 EURUSD at 1.14311 sl: 1.14727 tp: 1.12731 -> sl: 1.14727 tp: 1.12725
0	10:16:59.190	'1809640': order #42602211 sell 0.01 EURUSD at 1.14311 was modified -> sl: 1.14727 tp: 1.12725
0	10:16:59.206	'1809640': modify order #42602557 sell 0.01 EURUSD at 1.14297 sl: 1.14715 tp: 1.12731 -> sl: 1.14715 tp: 1.12725
0	10:16:59.503	'1809640': order #42602557 sell 0.01 EURUSD at 1.14297 was modified -> sl: 1.14715 tp: 1.12725
0	10:16:59.518	'1809640': modify order #42602776 sell 0.01 EURUSD at 1.14329 sl: 1.14751 tp: 1.12731 -> sl: 1.14751 tp: 1.12725
0	10:16:59.862	'1809640': order #42602776 sell 0.01 EURUSD at 1.14329 was modified -> sl: 1.14751 tp: 1.12725
0	10:16:59.878	'1809640': modify order #42603282 sell 0.01 EURUSD at 1.14370 sl: 1.14790 tp: 1.12731 -> sl: 1.14790 tp: 1.12724
0	10:17:00.206	'1809640': order #42603282 sell 0.01 EURUSD at 1.14370 was modified -> sl: 1.14790 tp: 1.12724
0	10:17:00.221	'1809640': modify order #42612681 sell 0.01 EURUSD at 1.14048 sl: 1.14481 tp: 1.12731 -> sl: 1.14481 tp: 1.12727
0	10:17:00.518	'1809640': order #42612681 sell 0.01 EURUSD at 1.14048 was modified -> sl: 1.14481 tp: 1.12727
0	10:17:00.534	'1809640': modify order #42614310 sell 0.01 EURUSD at 1.13860 sl: 1.14274 tp: 1.12731 -> sl: 1.14274 tp: 1.12726
0	10:17:00.721	'1809640': order #42614310 sell 0.01 EURUSD at 1.13860 was modified -> sl: 1.14274 tp: 1.12726
0	10:17:00.737	'1809640': modify order #42614577 sell 0.01 EURUSD at 1.13820 sl: 1.14242 tp: 1.12732 -> sl: 1.14242 tp: 1.12726
0	10:17:00.987	'1809640': order #42614577 sell 0.01 EURUSD at 1.13820 was modified -> sl: 1.14242 tp: 1.12726
0	10:17:01.003	'1809640': modify order #42620587 sell 0.01 EURUSD at 1.14085 sl: 1.14506 tp: 1.12731 -> sl: 1.14506 tp: 1.12726
0	10:17:01.299	'1809640': order #42620587 sell 0.01 EURUSD at 1.14085 was modified -> sl: 1.14506 tp: 1.12726
0	10:17:01.331	'1809640': modify order #42630932 sell 0.01 EURUSD at 1.13732 sl: 1.14155 tp: 1.12731 -> sl: 1.14155 tp: 1.12725
0	10:17:01.612	'1809640': order #42630932 sell 0.01 EURUSD at 1.13732 was modified -> sl: 1.14155 tp: 1.12725
0	10:17:01.628	'1809640': modify order #42650958 sell 0.01 EURUSD at 1.13636 sl: 1.14060 tp: 1.12731 -> sl: 1.14060 tp: 1.12725
0	10:17:01.940	'1809640': order #42650958 sell 0.01 EURUSD at 1.13636 was modified -> sl: 1.14060 tp: 1.12725
0	10:17:01.956	'1809640': modify order #42652058 sell 0.01 EURUSD at 1.13794 sl: 1.14214 tp: 1.12731 -> sl: 1.14214 tp: 1.12725
0	10:17:02.268	'1809640': order #42652058 sell 0.01 EURUSD at 1.13794 was modified -> sl: 1.14214 tp: 1.12725
0	10:17:02.300	'1809640': modify order #42674776 sell 0.01 EURUSD at 1.13430 sl: 1.13849 tp: 1.12731 -> sl: 1.13849 tp: 1.12724
0	10:17:02.612	'1809640': order #42674776 sell 0.01 EURUSD at 1.13430 was modified -> sl: 1.13849 tp: 1.12724
0	10:17:02.628	'1809640': modify order #42676042 sell 0.01 EURUSD at 1.13606 sl: 1.14024 tp: 1.12729 -> sl: 1.14024 tp: 1.12723
0	10:17:02.924	'1809640': order #42676042 sell 0.01 EURUSD at 1.13606 was modified -> sl: 1.14024 tp: 1.12723
0	10:17:02.940	'1809640': modify order #42676269 sell 0.01 EURUSD at 1.13593 sl: 1.14009 tp: 1.12729 -> sl: 1.14009 tp: 1.12724
0	10:17:03.237	'1809640': order #42676269 sell 0.01 EURUSD at 1.13593 was modified -> sl: 1.14009 tp: 1.12724
0	10:17:03.268	'1809640': modify order #42676336 sell 0.01 EURUSD at 1.13562 sl: 1.13983 tp: 1.12729 -> sl: 1.13983 tp: 1.12722
0	10:17:03.581	'1809640': order #42676336 sell 0.01 EURUSD at 1.13562 was modified -> sl: 1.13983 tp: 1.12722
0	10:17:03.596	'1809640': modify order #42676502 sell 0.01 EURUSD at 1.13558 sl: 1.13979 tp: 1.12729 -> sl: 1.13979 tp: 1.12723
0	10:17:03.909	'1809640': order #42676502 sell 0.01 EURUSD at 1.13558 was modified -> sl: 1.13979 tp: 1.12723
0	10:17:03.924	'1809640': modify order #42679390 sell 0.01 EURUSD at 1.13309 sl: 1.13731 tp: 1.12731 -> sl: 1.13731 tp: 1.12723
0	10:17:04.221	'1809640': order #42679390 sell 0.01 EURUSD at 1.13309 was modified -> sl: 1.13731 tp: 1.12723
0	10:17:04.237	'1809640': modify order #42679583 sell 0.01 EURUSD at 1.13328 sl: 1.13750 tp: 1.12732 -> sl: 1.13750 tp: 1.12723
0	10:17:04.565	'1809640': order #42679583 sell 0.01 EURUSD at 1.13328 was modified -> sl: 1.13750 tp: 1.12723
0	10:17:04.581	'1809640': modify order #42679720 sell 0.01 EURUSD at 1.13293 sl: 1.13712 tp: 1.12730 -> sl: 1.13712 tp: 1.12723
0	10:17:04.893	'1809640': order #42679720 sell 0.01 EURUSD at 1.13293 was modified -> sl: 1.13712 tp: 1.12723
0	10:17:04.925	'1809640': modify order #42679873 sell 0.01 EURUSD at 1.13224 sl: 1.13643 tp: 1.12730 -> sl: 1.13643 tp: 1.12724
0	10:17:05.221	'1809640': order #42679873 sell 0.01 EURUSD at 1.13224 was modified -> sl: 1.13643 tp: 1.12724
0	10:17:05.237	'1809640': modify order #42680233 sell 0.01 EURUSD at 1.13194 sl: 1.13614 tp: 1.12730 -> sl: 1.13614 tp: 1.12724
0	10:17:05.534	'1809640': order #42680233 sell 0.01 EURUSD at 1.13194 was modified -> sl: 1.13614 tp: 1.12724
0	10:17:05.549	'1809640': modify order #42680347 sell 0.01 EURUSD at 1.13188 sl: 1.13610 tp: 1.12733 -> sl: 1.13610 tp: 1.12724
0	10:17:05.862	'1809640': order #42680347 sell 0.01 EURUSD at 1.13188 was modified -> sl: 1.13610 tp: 1.12724
0	10:17:05.893	'1809640': modify order #42680538 sell 0.01 EURUSD at 1.13185 sl: 1.13606 tp: 1.12745 -> sl: 1.13606 tp: 1.12725
0	10:17:06.221	'1809640': order #42680538 sell 0.01 EURUSD at 1.13185 was modified -> sl: 1.13606 tp: 1.12725
0	10:18:36.440	'1809640': modify order #42601080 sell 0.01 EURUSD at 1.14475 sl: 1.14894 tp: 1.12726 -> sl: 1.14894 tp: 1.12696
0	10:18:36.690	'1809640': order #42601080 sell 0.01 EURUSD at 1.14475 was modified -> sl: 1.14894 tp: 1.12696
0	10:18:36.706	'1809640': modify order #42601973 sell 0.01 EURUSD at 1.14401 sl: 1.14821 tp: 1.12725 -> sl: 1.14821 tp: 1.12696
0	10:18:37.034	'1809640': order #42601973 sell 0.01 EURUSD at 1.14401 was modified -> sl: 1.14821 tp: 1.12696
0	10:18:37.050	'1809640': modify order #42602211 sell 0.01 EURUSD at 1.14311 sl: 1.14727 tp: 1.12725 -> sl: 1.14727 tp: 1.12696
0	10:18:37.362	'1809640': order #42602211 sell 0.01 EURUSD at 1.14311 was modified -> sl: 1.14727 tp: 1.12696
0	10:18:37.378	'1809640': modify order #42602557 sell 0.01 EURUSD at 1.14297 sl: 1.14715 tp: 1.12725 -> sl: 1.14715 tp: 1.12696
0	10:18:37.690	'1809640': order #42602557 sell 0.01 EURUSD at 1.14297 was modified -> sl: 1.14715 tp: 1.12696
0	10:18:37.706	'1809640': modify order #42602776 sell 0.01 EURUSD at 1.14329 sl: 1.14751 tp: 1.12725 -> sl: 1.14751 tp: 1.12695
0	10:18:38.003	'1809640': order #42602776 sell 0.01 EURUSD at 1.14329 was modified -> sl: 1.14751 tp: 1.12695
0	10:18:38.018	'1809640': modify order #42603282 sell 0.01 EURUSD at 1.14370 sl: 1.14790 tp: 1.12724 -> sl: 1.14790 tp: 1.12695
0	10:18:38.315	'1809640': order #42603282 sell 0.01 EURUSD at 1.14370 was modified -> sl: 1.14790 tp: 1.12695
0	10:18:38.331	'1809640': modify order #42612681 sell 0.01 EURUSD at 1.14048 sl: 1.14481 tp: 1.12727 -> sl: 1.14481 tp: 1.12696
0	10:18:38.643	'1809640': order #42612681 sell 0.01 EURUSD at 1.14048 was modified -> sl: 1.14481 tp: 1.12696
0	10:18:38.643	'1809640': modify order #42614310 sell 0.01 EURUSD at 1.13860 sl: 1.14274 tp: 1.12726 -> sl: 1.14274 tp: 1.12696
0	10:18:38.971	'1809640': order #42614310 sell 0.01 EURUSD at 1.13860 was modified -> sl: 1.14274 tp: 1.12696
0	10:18:38.987	'1809640': modify order #42614577 sell 0.01 EURUSD at 1.13820 sl: 1.14242 tp: 1.12726 -> sl: 1.14242 tp: 1.12695
0	10:18:39.284	'1809640': order #42614577 sell 0.01 EURUSD at 1.13820 was modified -> sl: 1.14242 tp: 1.12695
0	10:18:39.315	'1809640': modify order #42620587 sell 0.01 EURUSD at 1.14085 sl: 1.14506 tp: 1.12726 -> sl: 1.14506 tp: 1.12695
0	10:18:39.612	'1809640': order #42620587 sell 0.01 EURUSD at 1.14085 was modified -> sl: 1.14506 tp: 1.12695
0	10:18:39.628	'1809640': modify order #42630932 sell 0.01 EURUSD at 1.13732 sl: 1.14155 tp: 1.12725 -> sl: 1.14155 tp: 1.12695
0	10:18:39.925	'1809640': order #42630932 sell 0.01 EURUSD at 1.13732 was modified -> sl: 1.14155 tp: 1.12695
0	10:18:39.940	'1809640': modify order #42650958 sell 0.01 EURUSD at 1.13636 sl: 1.14060 tp: 1.12725 -> sl: 1.14060 tp: 1.12695
0	10:18:40.237	'1809640': order #42650958 sell 0.01 EURUSD at 1.13636 was modified -> sl: 1.14060 tp: 1.12695
0	10:18:40.253	'1809640': modify order #42652058 sell 0.01 EURUSD at 1.13794 sl: 1.14214 tp: 1.12725 -> sl: 1.14214 tp: 1.12695
0	10:18:40.550	'1809640': order #42652058 sell 0.01 EURUSD at 1.13794 was modified -> sl: 1.14214 tp: 1.12695
0	10:18:40.565	'1809640': modify order #42674776 sell 0.01 EURUSD at 1.13430 sl: 1.13849 tp: 1.12724 -> sl: 1.13849 tp: 1.12695
0	10:18:40.799	'1809640': order #42674776 sell 0.01 EURUSD at 1.13430 was modified -> sl: 1.13849 tp: 1.12695
0	10:18:40.815	'1809640': modify order #42675507 sell 0.01 EURUSD at 1.13529 sl: 1.13950 tp: 1.12371 -> sl: 1.13950 tp: 1.12280
0	10:18:41.112	'1809640': order #42675507 sell 0.01 EURUSD at 1.13529 was modified -> sl: 1.13950 tp: 1.12280
0	10:18:41.128	'1809640': modify order #42676042 sell 0.01 EURUSD at 1.13606 sl: 1.14024 tp: 1.12723 -> sl: 1.14024 tp: 1.12695
0	10:18:41.424	'1809640': order #42676042 sell 0.01 EURUSD at 1.13606 was modified -> sl: 1.14024 tp: 1.12695
0	10:18:41.440	'1809640': modify order #42676269 sell 0.01 EURUSD at 1.13593 sl: 1.14009 tp: 1.12724 -> sl: 1.14009 tp: 1.12695
0	10:18:41.737	'1809640': order #42676269 sell 0.01 EURUSD at 1.13593 was modified -> sl: 1.14009 tp: 1.12695
0	10:18:41.768	'1809640': modify order #42676336 sell 0.01 EURUSD at 1.13562 sl: 1.13983 tp: 1.12722 -> sl: 1.13983 tp: 1.12696
0	10:18:42.049	'1809640': order #42676336 sell 0.01 EURUSD at 1.13562 was modified -> sl: 1.13983 tp: 1.12696
0	10:18:42.065	'1809640': modify order #42676502 sell 0.01 EURUSD at 1.13558 sl: 1.13979 tp: 1.12723 -> sl: 1.13979 tp: 1.12696
0	10:18:42.362	'1809640': order #42676502 sell 0.01 EURUSD at 1.13558 was modified -> sl: 1.13979 tp: 1.12696
0	10:18:42.393	'1809640': modify order #42679390 sell 0.01 EURUSD at 1.13309 sl: 1.13731 tp: 1.12723 -> sl: 1.13731 tp: 1.12696
0	10:18:42.690	'1809640': order #42679390 sell 0.01 EURUSD at 1.13309 was modified -> sl: 1.13731 tp: 1.12696
0	10:18:42.690	'1809640': modify order #42679583 sell 0.01 EURUSD at 1.13328 sl: 1.13750 tp: 1.12723 -> sl: 1.13750 tp: 1.12696
0	10:18:42.987	'1809640': order #42679583 sell 0.01 EURUSD at 1.13328 was modified -> sl: 1.13750 tp: 1.12696
0	10:18:43.003	'1809640': modify order #42679720 sell 0.01 EURUSD at 1.13293 sl: 1.13712 tp: 1.12723 -> sl: 1.13712 tp: 1.12695
0	10:18:43.331	'1809640': order #42679720 sell 0.01 EURUSD at 1.13293 was modified -> sl: 1.13712 tp: 1.12695
0	10:18:43.362	'1809640': modify order #42679873 sell 0.01 EURUSD at 1.13224 sl: 1.13643 tp: 1.12724 -> sl: 1.13643 tp: 1.12695
0	10:18:43.659	'1809640': order #42679873 sell 0.01 EURUSD at 1.13224 was modified -> sl: 1.13643 tp: 1.12695
0	10:18:43.675	'1809640': modify order #42680233 sell 0.01 EURUSD at 1.13194 sl: 1.13614 tp: 1.12724 -> sl: 1.13614 tp: 1.12694
0	10:18:43.971	'1809640': order #42680233 sell 0.01 EURUSD at 1.13194 was modified -> sl: 1.13614 tp: 1.12694
0	10:18:43.987	'1809640': modify order #42680347 sell 0.01 EURUSD at 1.13188 sl: 1.13610 tp: 1.12724 -> sl: 1.13610 tp: 1.12695
0	10:18:44.331	'1809640': order #42680347 sell 0.01 EURUSD at 1.13188 was modified -> sl: 1.13610 tp: 1.12695
0	10:18:44.346	'1809640': modify order #42680538 sell 0.01 EURUSD at 1.13185 sl: 1.13606 tp: 1.12725 -> sl: 1.13606 tp: 1.12695
0	10:18:44.596	'1809640': order #42680538 sell 0.01 EURUSD at 1.13185 was modified -> sl: 1.13606 tp: 1.12695
0	10:20:14.784	'1809640': order sell market 0.01 EURUSD sl: 1.13537 tp: 0.00000
0	10:20:15.096	'1809640': order was opened : #42680706 sell 0.01 EURUSD at 1.13116 sl: 1.13537 tp: 0.00000
0	10:20:15.143	'1809640': modify order #42601080 sell 0.01 EURUSD at 1.14475 sl: 1.14894 tp: 1.12696 -> sl: 1.14894 tp: 1.12657
0	10:20:15.409	'1809640': order #42601080 sell 0.01 EURUSD at 1.14475 was modified -> sl: 1.14894 tp: 1.12657
0	10:20:15.425	'1809640': modify order #42601973 sell 0.01 EURUSD at 1.14401 sl: 1.14821 tp: 1.12696 -> sl: 1.14821 tp: 1.12657
0	10:20:15.721	'1809640': order #42601973 sell 0.01 EURUSD at 1.14401 was modified -> sl: 1.14821 tp: 1.12657
0	10:20:15.753	'1809640': modify order #42602211 sell 0.01 EURUSD at 1.14311 sl: 1.14727 tp: 1.12696 -> sl: 1.14727 tp: 1.12657
0	10:20:16.065	'1809640': order #42602211 sell 0.01 EURUSD at 1.14311 was modified -> sl: 1.14727 tp: 1.12657
0	10:20:16.096	'1809640': modify order #42602557 sell 0.01 EURUSD at 1.14297 sl: 1.14715 tp: 1.12696 -> sl: 1.14715 tp: 1.12657
0	10:20:16.393	'1809640': order #42602557 sell 0.01 EURUSD at 1.14297 was modified -> sl: 1.14715 tp: 1.12657
0	10:20:16.425	'1809640': modify order #42602776 sell 0.01 EURUSD at 1.14329 sl: 1.14751 tp: 1.12695 -> sl: 1.14751 tp: 1.12657
0	10:20:16.753	'1809640': order #42602776 sell 0.01 EURUSD at 1.14329 was modified -> sl: 1.14751 tp: 1.12657
0	10:20:16.768	'1809640': modify order #42603282 sell 0.01 EURUSD at 1.14370 sl: 1.14790 tp: 1.12695 -> sl: 1.14790 tp: 1.12657
0	10:20:17.065	'1809640': order #42603282 sell 0.01 EURUSD at 1.14370 was modified -> sl: 1.14790 tp: 1.12657
0	10:20:17.096	'1809640': modify order #42612681 sell 0.01 EURUSD at 1.14048 sl: 1.14481 tp: 1.12696 -> sl: 1.14481 tp: 1.12657
0	10:20:17.425	'1809640': order #42612681 sell 0.01 EURUSD at 1.14048 was modified -> sl: 1.14481 tp: 1.12657
0	10:20:17.456	'1809640': modify order #42614310 sell 0.01 EURUSD at 1.13860 sl: 1.14274 tp: 1.12696 -> sl: 1.14274 tp: 1.12658
0	10:20:17.753	'1809640': order #42614310 sell 0.01 EURUSD at 1.13860 was modified -> sl: 1.14274 tp: 1.12658
0	10:20:17.768	'1809640': modify order #42614577 sell 0.01 EURUSD at 1.13820 sl: 1.14242 tp: 1.12695 -> sl: 1.14242 tp: 1.12657
0	10:20:18.065	'1809640': order #42614577 sell 0.01 EURUSD at 1.13820 was modified -> sl: 1.14242 tp: 1.12657
0	10:20:18.081	'1809640': modify order #42620587 sell 0.01 EURUSD at 1.14085 sl: 1.14506 tp: 1.12695 -> sl: 1.14506 tp: 1.12657
0	10:20:18.378	'1809640': order #42620587 sell 0.01 EURUSD at 1.14085 was modified -> sl: 1.14506 tp: 1.12657
0	10:20:18.393	'1809640': modify order #42630932 sell 0.01 EURUSD at 1.13732 sl: 1.14155 tp: 1.12695 -> sl: 1.14155 tp: 1.12657
0	10:20:18.690	'1809640': order #42630932 sell 0.01 EURUSD at 1.13732 was modified -> sl: 1.14155 tp: 1.12657
0	10:20:18.721	'1809640': modify order #42650958 sell 0.01 EURUSD at 1.13636 sl: 1.14060 tp: 1.12695 -> sl: 1.14060 tp: 1.12657
0	10:20:19.065	'1809640': order #42650958 sell 0.01 EURUSD at 1.13636 was modified -> sl: 1.14060 tp: 1.12657
0	10:20:19.081	'1809640': modify order #42652058 sell 0.01 EURUSD at 1.13794 sl: 1.14214 tp: 1.12695 -> sl: 1.14214 tp: 1.12657
0	10:20:19.393	'1809640': order #42652058 sell 0.01 EURUSD at 1.13794 was modified -> sl: 1.14214 tp: 1.12657
0	10:20:19.424	'1809640': modify order #42674776 sell 0.01 EURUSD at 1.13430 sl: 1.13849 tp: 1.12695 -> sl: 1.13849 tp: 1.12657
0	10:20:19.706	'1809640': order #42674776 sell 0.01 EURUSD at 1.13430 was modified -> sl: 1.13849 tp: 1.12657
0	10:20:19.706	'1809640': modify order #42675507 sell 0.01 EURUSD at 1.13529 sl: 1.13950 tp: 1.12280 -> sl: 1.13950 tp: 1.12271
0	10:20:20.003	'1809640': order #42675507 sell 0.01 EURUSD at 1.13529 was modified -> sl: 1.13950 tp: 1.12271
0	10:20:20.018	'1809640': modify order #42676042 sell 0.01 EURUSD at 1.13606 sl: 1.14024 tp: 1.12695 -> sl: 1.14024 tp: 1.12658
0	10:20:20.315	'1809640': order #42676042 sell 0.01 EURUSD at 1.13606 was modified -> sl: 1.14024 tp: 1.12658
0	10:20:20.331	'1809640': modify order #42676269 sell 0.01 EURUSD at 1.13593 sl: 1.14009 tp: 1.12695 -> sl: 1.14009 tp: 1.12657
0	10:20:20.659	'1809640': order #42676269 sell 0.01 EURUSD at 1.13593 was modified -> sl: 1.14009 tp: 1.12657
0	10:20:20.690	'1809640': modify order #42676336 sell 0.01 EURUSD at 1.13562 sl: 1.13983 tp: 1.12696 -> sl: 1.13983 tp: 1.12657
0	10:20:20.878	'1809640': order #42676336 sell 0.01 EURUSD at 1.13562 was modified -> sl: 1.13983 tp: 1.12657
0	10:20:20.893	'1809640': modify order #42676502 sell 0.01 EURUSD at 1.13558 sl: 1.13979 tp: 1.12696 -> sl: 1.13979 tp: 1.12657
0	10:20:21.128	'1809640': order #42676502 sell 0.01 EURUSD at 1.13558 was modified -> sl: 1.13979 tp: 1.12657
0	10:20:21.143	'1809640': modify order #42679390 sell 0.01 EURUSD at 1.13309 sl: 1.13731 tp: 1.12696 -> sl: 1.13731 tp: 1.12657
0	10:20:21.409	'1809640': order #42679390 sell 0.01 EURUSD at 1.13309 was modified -> sl: 1.13731 tp: 1.12657
0	10:20:21.409	'1809640': modify order #42679583 sell 0.01 EURUSD at 1.13328 sl: 1.13750 tp: 1.12696 -> sl: 1.13750 tp: 1.12658
0	10:20:21.737	'1809640': order #42679583 sell 0.01 EURUSD at 1.13328 was modified -> sl: 1.13750 tp: 1.12658
0	10:20:21.753	'1809640': modify order #42679720 sell 0.01 EURUSD at 1.13293 sl: 1.13712 tp: 1.12695 -> sl: 1.13712 tp: 1.12657
0	10:20:22.050	'1809640': order #42679720 sell 0.01 EURUSD at 1.13293 was modified -> sl: 1.13712 tp: 1.12657
0	10:20:22.081	'1809640': modify order #42679873 sell 0.01 EURUSD at 1.13224 sl: 1.13643 tp: 1.12695 -> sl: 1.13643 tp: 1.12657
0	10:20:22.362	'1809640': order #42679873 sell 0.01 EURUSD at 1.13224 was modified -> sl: 1.13643 tp: 1.12657
0	10:20:22.378	'1809640': modify order #42680233 sell 0.01 EURUSD at 1.13194 sl: 1.13614 tp: 1.12694 -> sl: 1.13614 tp: 1.12657
0	10:20:22.706	'1809640': order #42680233 sell 0.01 EURUSD at 1.13194 was modified -> sl: 1.13614 tp: 1.12657
0	10:20:22.706	'1809640': modify order #42680347 sell 0.01 EURUSD at 1.13188 sl: 1.13610 tp: 1.12695 -> sl: 1.13610 tp: 1.12657
0	10:20:23.018	'1809640': order #42680347 sell 0.01 EURUSD at 1.13188 was modified -> sl: 1.13610 tp: 1.12657
0	10:20:23.050	'1809640': modify order #42680538 sell 0.01 EURUSD at 1.13185 sl: 1.13606 tp: 1.12695 -> sl: 1.13606 tp: 1.12657
0	10:20:23.331	'1809640': order #42680538 sell 0.01 EURUSD at 1.13185 was modified -> sl: 1.13606 tp: 1.12657
0	10:20:23.346	'1809640': modify order #42680706 sell 0.01 EURUSD at 1.13116 sl: 1.13537 tp: 0.00000 -> sl: 1.13537 tp: 1.12718
0	10:20:23.674	'1809640': order #42680706 sell 0.01 EURUSD at 1.13116 was modified -> sl: 1.13537 tp: 1.12718
0	10:21:20.050	'1809640': modify order #42675507 sell 0.01 EURUSD at 1.13529 sl: 1.13950 tp: 1.12271 -> sl: 1.13950 tp: 1.12244
0	10:21:20.300	'1809640': order #42675507 sell 0.01 EURUSD at 1.13529 was modified -> sl: 1.13950 tp: 1.12244
0	10:32:59.831	'1809640': order sell market 0.01 EURUSD sl: 1.13579 tp: 1.12968
0	10:33:00.034	'1809640': order was opened : #42681670 sell 0.01 EURUSD at 1.13149 sl: 1.13579 tp: 1.12968
0	10:33:00.378	'1809640': modify order #42681670 sell 0.01 EURUSD at 1.13149 sl: 1.13579 tp: 1.12968 -> sl: 1.13579 tp: 1.12962
0	10:33:00.675	'1809640': order #42681670 sell 0.01 EURUSD at 1.13149 was modified -> sl: 1.13579 tp: 1.12962
0	10:37:13.019	'1809640': order sell market 0.01 EURUSD sl: 1.13567 tp: 1.12705
0	10:37:13.300	'1809640': order was opened : #42681959 sell 0.01 EURUSD at 1.13144 sl: 1.13567 tp: 1.12705
0	10:37:13.378	'1809640': modify order #42681670 sell 0.01 EURUSD at 1.13149 sl: 1.13579 tp: 1.12962 -> sl: 1.13579 tp: 1.12947
0	10:37:13.659	'1809640': order #42681670 sell 0.01 EURUSD at 1.13149 was modified -> sl: 1.13579 tp: 1.12947
0	10:37:13.675	'1809640': modify order #42681959 sell 0.01 EURUSD at 1.13144 sl: 1.13567 tp: 1.12705 -> sl: 1.13567 tp: 1.12704
0	10:37:13.988	'1809640': order #42681959 sell 0.01 EURUSD at 1.13144 was modified -> sl: 1.13567 tp: 1.12704
0	10:42:58.316	'1809640': modify order #42681670 sell 0.01 EURUSD at 1.13149 sl: 1.13579 tp: 1.12947 -> sl: 1.13579 tp: 1.12929
0	10:42:58.550	'1809640': order #42681670 sell 0.01 EURUSD at 1.13149 was modified -> sl: 1.13579 tp: 1.12929
0	10:42:58.566	'1809640': modify order #42681959 sell 0.01 EURUSD at 1.13144 sl: 1.13567 tp: 1.12704 -> sl: 1.13567 tp: 1.12686
0	10:42:58.863	'1809640': order #42681959 sell 0.01 EURUSD at 1.13144 was modified -> sl: 1.13567 tp: 1.12686
0	10:45:37.128	'1809640': modify order #42681670 sell 0.01 EURUSD at 1.13149 sl: 1.13579 tp: 1.12929 -> sl: 1.13579 tp: 1.12917
0	10:45:37.285	'1809640': order #42681670 sell 0.01 EURUSD at 1.13149 was modified -> sl: 1.13579 tp: 1.12917
0	10:46:56.988	'1809640': modify order #42681670 sell 0.01 EURUSD at 1.13149 sl: 1.13579 tp: 1.12917 -> sl: 1.13579 tp: 1.12916
0	10:46:57.222	'1809640': order #42681670 sell 0.01 EURUSD at 1.13149 was modified -> sl: 1.13579 tp: 1.12916
0	10:51:17.847	'1809640': modify order #42681670 sell 0.01 EURUSD at 1.13149 sl: 1.13579 tp: 1.12916 -> sl: 1.13579 tp: 1.12913
0	10:51:18.082	'1809640': order #42681670 sell 0.01 EURUSD at 1.13149 was modified -> sl: 1.13579 tp: 1.12913
0	10:58:36.504	'1809640': modify order #42681670 sell 0.01 EURUSD at 1.13149 sl: 1.13579 tp: 1.12913 -> sl: 1.13579 tp: 1.12911
0	10:58:36.769	'1809640': order #42681670 sell 0.01 EURUSD at 1.13149 was modified -> sl: 1.13579 tp: 1.12911
0	14:58:43.027	'1809640': modify order #42681959 sell 0.01 EURUSD at 1.13144 sl: 1.13567 tp: 1.12686 -> sl: 1.13567 tp: 1.12664
0	14:58:43.371	'1809640': order #42681959 sell 0.01 EURUSD at 1.13144 was modified -> sl: 1.13567 tp: 1.12664
0	15:07:36.902	'1809640': modify order #42675507 sell 0.01 EURUSD at 1.13529 sl: 1.13950 tp: 1.12244 -> sl: 1.13950 tp: 1.12236
0	15:07:37.230	'1809640': order #42675507 sell 0.01 EURUSD at 1.13529 was modified -> sl: 1.13950 tp: 1.12236
