0	04:41:18.522	'1809640': modify order #39778089 sell 0.01 EURUSD at 1.11629 sl: 1.12046 tp: 1.10186 -> sl: 1.12046 tp: 1.10166
0	04:41:21.061	'1809640': order #39778089 sell 0.01 EURUSD at 1.11629 was modified -> sl: 1.12046 tp: 1.10166
0	04:41:21.223	'1809640': modify order #39778332 sell 0.01 EURUSD at 1.11606 sl: 1.12027 tp: 1.10186 -> sl: 1.12027 tp: 1.10166
0	04:41:21.649	'1809640': order #39778332 sell 0.01 EURUSD at 1.11606 was modified -> sl: 1.12027 tp: 1.10166
0	04:41:21.714	'1809640': modify order #39778472 sell 0.01 EURUSD at 1.11581 sl: 1.12003 tp: 1.10186 -> sl: 1.12003 tp: 1.10166
0	04:41:22.173	'1809640': order #39778472 sell 0.01 EURUSD at 1.11581 was modified -> sl: 1.12003 tp: 1.10166
0	04:41:22.173	'1809640': modify order #39778602 sell 0.01 EURUSD at 1.11557 sl: 1.11979 tp: 1.10186 -> sl: 1.11979 tp: 1.10166
0	04:41:22.534	'1809640': order #39778602 sell 0.01 EURUSD at 1.11557 was modified -> sl: 1.11979 tp: 1.10166
0	04:41:22.631	'1809640': modify order #39779003 sell 0.01 EURUSD at 1.11544 sl: 1.11967 tp: 1.10186 -> sl: 1.11967 tp: 1.10166
0	04:41:23.415	'1809640': order #39779003 sell 0.01 EURUSD at 1.11544 was modified -> sl: 1.11967 tp: 1.10166
0	04:41:23.415	'1809640': modify order #39818967 sell 0.01 EURUSD at 1.11732 sl: 1.12153 tp: 1.10186 -> sl: 1.12153 tp: 1.10166
0	04:41:24.430	'1809640': order #39818967 sell 0.01 EURUSD at 1.11732 was modified -> sl: 1.12153 tp: 1.10166
0	04:41:24.857	'1809640': modify order #39820054 sell 0.01 EURUSD at 1.11814 sl: 1.12235 tp: 1.10185 -> sl: 1.12235 tp: 1.10166
0	04:41:25.576	'1809640': order #39820054 sell 0.01 EURUSD at 1.11814 was modified -> sl: 1.12235 tp: 1.10166
0	04:41:25.639	'1809640': modify order #39820265 sell 0.01 EURUSD at 1.11803 sl: 1.12224 tp: 1.10185 -> sl: 1.12224 tp: 1.10166
0	04:41:25.936	'1809640': order #39820265 sell 0.01 EURUSD at 1.11803 was modified -> sl: 1.12224 tp: 1.10166
0	04:41:26.001	'1809640': modify order #39842208 sell 0.01 EURUSD at 1.11350 sl: 1.11771 tp: 1.10186 -> sl: 1.11771 tp: 1.10166
0	04:41:26.131	'1809640': order #39842208 sell 0.01 EURUSD at 1.11350 was modified -> sl: 1.11771 tp: 1.10166
0	04:41:37.300	'1809640': modify order #39778089 sell 0.01 EURUSD at 1.11629 sl: 1.12046 tp: 1.10166 -> sl: 1.12046 tp: 1.10149
0	04:41:37.759	'1809640': order #39778089 sell 0.01 EURUSD at 1.11629 was modified -> sl: 1.12046 tp: 1.10149
0	04:41:37.759	'1809640': modify order #39778332 sell 0.01 EURUSD at 1.11606 sl: 1.12027 tp: 1.10166 -> sl: 1.12027 tp: 1.10149
0	04:41:38.181	'1809640': order #39778332 sell 0.01 EURUSD at 1.11606 was modified -> sl: 1.12027 tp: 1.10149
0	04:41:38.181	'1809640': modify order #39778472 sell 0.01 EURUSD at 1.11581 sl: 1.12003 tp: 1.10166 -> sl: 1.12003 tp: 1.10149
0	04:41:38.576	'1809640': order #39778472 sell 0.01 EURUSD at 1.11581 was modified -> sl: 1.12003 tp: 1.10149
0	04:41:38.576	'1809640': modify order #39778602 sell 0.01 EURUSD at 1.11557 sl: 1.11979 tp: 1.10166 -> sl: 1.11979 tp: 1.10149
0	04:41:39.159	'1809640': order #39778602 sell 0.01 EURUSD at 1.11557 was modified -> sl: 1.11979 tp: 1.10149
0	04:41:39.159	'1809640': modify order #39779003 sell 0.01 EURUSD at 1.11544 sl: 1.11967 tp: 1.10166 -> sl: 1.11967 tp: 1.10149
0	04:41:39.456	'1809640': order #39779003 sell 0.01 EURUSD at 1.11544 was modified -> sl: 1.11967 tp: 1.10149
0	04:41:39.488	'1809640': modify order #39818967 sell 0.01 EURUSD at 1.11732 sl: 1.12153 tp: 1.10166 -> sl: 1.12153 tp: 1.10149
0	04:41:39.882	'1809640': order #39818967 sell 0.01 EURUSD at 1.11732 was modified -> sl: 1.12153 tp: 1.10149
0	04:41:39.914	'1809640': modify order #39820054 sell 0.01 EURUSD at 1.11814 sl: 1.12235 tp: 1.10166 -> sl: 1.12235 tp: 1.10149
0	04:41:40.336	'1809640': order #39820054 sell 0.01 EURUSD at 1.11814 was modified -> sl: 1.12235 tp: 1.10149
0	04:41:40.336	'1809640': modify order #39820265 sell 0.01 EURUSD at 1.11803 sl: 1.12224 tp: 1.10166 -> sl: 1.12224 tp: 1.10149
0	04:41:40.828	'1809640': order #39820265 sell 0.01 EURUSD at 1.11803 was modified -> sl: 1.12224 tp: 1.10149
0	04:41:40.893	'1809640': modify order #39842208 sell 0.01 EURUSD at 1.11350 sl: 1.11771 tp: 1.10166 -> sl: 1.11771 tp: 1.10148
0	04:41:41.384	'1809640': order #39842208 sell 0.01 EURUSD at 1.11350 was modified -> sl: 1.11771 tp: 1.10148
0	04:43:01.100	'1809640': modify order #39778089 sell 0.01 EURUSD at 1.11629 sl: 1.12046 tp: 1.10149 -> sl: 1.12046 tp: 1.10137
0	04:43:02.009	'1809640': order #39778089 sell 0.01 EURUSD at 1.11629 was modified -> sl: 1.12046 tp: 1.10137
0	04:43:02.171	'1809640': modify order #39778332 sell 0.01 EURUSD at 1.11606 sl: 1.12027 tp: 1.10149 -> sl: 1.12027 tp: 1.10139
0	04:43:02.560	'1809640': order #39778332 sell 0.01 EURUSD at 1.11606 was modified -> sl: 1.12027 tp: 1.10139
0	04:43:02.625	'1809640': modify order #39778472 sell 0.01 EURUSD at 1.11581 sl: 1.12003 tp: 1.10149 -> sl: 1.12003 tp: 1.10139
0	04:43:02.954	'1809640': order #39778472 sell 0.01 EURUSD at 1.11581 was modified -> sl: 1.12003 tp: 1.10139
0	04:43:02.986	'1809640': modify order #39778602 sell 0.01 EURUSD at 1.11557 sl: 1.11979 tp: 1.10149 -> sl: 1.11979 tp: 1.10139
0	04:43:03.376	'1809640': order #39778602 sell 0.01 EURUSD at 1.11557 was modified -> sl: 1.11979 tp: 1.10139
0	04:43:03.408	'1809640': modify order #39779003 sell 0.01 EURUSD at 1.11544 sl: 1.11967 tp: 1.10149 -> sl: 1.11967 tp: 1.10139
0	04:43:03.802	'1809640': order #39779003 sell 0.01 EURUSD at 1.11544 was modified -> sl: 1.11967 tp: 1.10139
0	04:43:03.867	'1809640': modify order #39818967 sell 0.01 EURUSD at 1.11732 sl: 1.12153 tp: 1.10149 -> sl: 1.12153 tp: 1.10138
0	04:43:04.288	'1809640': order #39818967 sell 0.01 EURUSD at 1.11732 was modified -> sl: 1.12153 tp: 1.10138
0	04:43:04.353	'1809640': modify order #39820054 sell 0.01 EURUSD at 1.11814 sl: 1.12235 tp: 1.10149 -> sl: 1.12235 tp: 1.10138
0	04:43:04.747	'1809640': order #39820054 sell 0.01 EURUSD at 1.11814 was modified -> sl: 1.12235 tp: 1.10138
0	04:43:04.844	'1809640': modify order #39820265 sell 0.01 EURUSD at 1.11803 sl: 1.12224 tp: 1.10149 -> sl: 1.12224 tp: 1.10138
0	04:43:05.136	'1809640': order #39820265 sell 0.01 EURUSD at 1.11803 was modified -> sl: 1.12224 tp: 1.10138
0	04:43:05.138	'1809640': modify order #39842208 sell 0.01 EURUSD at 1.11350 sl: 1.11771 tp: 1.10148 -> sl: 1.11771 tp: 1.10138
0	04:43:05.627	'1809640': order #39842208 sell 0.01 EURUSD at 1.11350 was modified -> sl: 1.11771 tp: 1.10138
0	04:44:06.248	'1809640': order #39853507 buy 0.01 EURUSD at 1.10949 closed due stop-loss at price 1.10525
0	04:44:23.435	'1809640': order sell market 0.01 EURUSD sl: 1.10959 tp: 0.00000
0	04:44:24.349	'1809640': order was opened : #39942359 sell 0.01 EURUSD at 1.10539 sl: 1.10959 tp: 0.00000
0	04:44:55.889	'1809640': modify order #39778089 sell 0.01 EURUSD at 1.11629 sl: 1.12046 tp: 1.10137 -> sl: 1.12046 tp: 1.10108
0	04:44:56.767	'1809640': order #39778089 sell 0.01 EURUSD at 1.11629 was modified -> sl: 1.12046 tp: 1.10108
0	04:44:57.060	'1809640': modify order #39778332 sell 0.01 EURUSD at 1.11606 sl: 1.12027 tp: 1.10139 -> sl: 1.12027 tp: 1.10108
0	04:44:57.517	'1809640': order #39778332 sell 0.01 EURUSD at 1.11606 was modified -> sl: 1.12027 tp: 1.10108
0	04:44:57.614	'1809640': modify order #39778472 sell 0.01 EURUSD at 1.11581 sl: 1.12003 tp: 1.10139 -> sl: 1.12003 tp: 1.10108
0	04:44:58.101	'1809640': order #39778472 sell 0.01 EURUSD at 1.11581 was modified -> sl: 1.12003 tp: 1.10108
0	04:44:58.166	'1809640': modify order #39778602 sell 0.01 EURUSD at 1.11557 sl: 1.11979 tp: 1.10139 -> sl: 1.11979 tp: 1.10108
0	04:44:58.461	'1809640': order #39778602 sell 0.01 EURUSD at 1.11557 was modified -> sl: 1.11979 tp: 1.10108
0	04:44:58.526	'1809640': modify order #39779003 sell 0.01 EURUSD at 1.11544 sl: 1.11967 tp: 1.10139 -> sl: 1.11967 tp: 1.10107
0	04:44:58.948	'1809640': order #39779003 sell 0.01 EURUSD at 1.11544 was modified -> sl: 1.11967 tp: 1.10107
0	04:44:59.110	'1809640': modify order #39818967 sell 0.01 EURUSD at 1.11732 sl: 1.12153 tp: 1.10138 -> sl: 1.12153 tp: 1.10107
0	04:44:59.499	'1809640': order #39818967 sell 0.01 EURUSD at 1.11732 was modified -> sl: 1.12153 tp: 1.10107
0	04:44:59.564	'1809640': modify order #39820054 sell 0.01 EURUSD at 1.11814 sl: 1.12235 tp: 1.10138 -> sl: 1.12235 tp: 1.10107
0	04:45:00.055	'1809640': order #39820054 sell 0.01 EURUSD at 1.11814 was modified -> sl: 1.12235 tp: 1.10107
0	04:45:00.087	'1809640': modify order #39820265 sell 0.01 EURUSD at 1.11803 sl: 1.12224 tp: 1.10138 -> sl: 1.12224 tp: 1.10107
0	04:45:00.642	'1809640': order #39820265 sell 0.01 EURUSD at 1.11803 was modified -> sl: 1.12224 tp: 1.10107
0	04:45:00.837	'1809640': modify order #39842208 sell 0.01 EURUSD at 1.11350 sl: 1.11771 tp: 1.10138 -> sl: 1.11771 tp: 1.10107
0	04:45:01.291	'1809640': order #39842208 sell 0.01 EURUSD at 1.11350 was modified -> sl: 1.11771 tp: 1.10107
0	04:45:01.291	'1809640': modify order #39942359 sell 0.01 EURUSD at 1.10539 sl: 1.10959 tp: 0.00000 -> sl: 1.10959 tp: 1.10169
0	04:45:01.619	'1809640': order #39942359 sell 0.01 EURUSD at 1.10539 was modified -> sl: 1.10959 tp: 1.10169
0	04:46:41.025	'1809640': modify order #39778089 sell 0.01 EURUSD at 1.11629 sl: 1.12046 tp: 1.10108 -> sl: 1.12046 tp: 1.10069
0	04:46:41.646	'1809640': order #39778089 sell 0.01 EURUSD at 1.11629 was modified -> sl: 1.12046 tp: 1.10069
0	04:46:41.646	'1809640': modify order #39778332 sell 0.01 EURUSD at 1.11606 sl: 1.12027 tp: 1.10108 -> sl: 1.12027 tp: 1.10068
0	04:46:42.003	'1809640': order #39778332 sell 0.01 EURUSD at 1.11606 was modified -> sl: 1.12027 tp: 1.10068
0	04:46:42.003	'1809640': modify order #39778472 sell 0.01 EURUSD at 1.11581 sl: 1.12003 tp: 1.10108 -> sl: 1.12003 tp: 1.10068
0	04:46:42.198	'1809640': order #39778472 sell 0.01 EURUSD at 1.11581 was modified -> sl: 1.12003 tp: 1.10068
0	04:46:42.198	'1809640': modify order #39778602 sell 0.01 EURUSD at 1.11557 sl: 1.11979 tp: 1.10108 -> sl: 1.11979 tp: 1.10069
0	04:46:42.592	'1809640': order #39778602 sell 0.01 EURUSD at 1.11557 was modified -> sl: 1.11979 tp: 1.10069
0	04:46:42.624	'1809640': modify order #39779003 sell 0.01 EURUSD at 1.11544 sl: 1.11967 tp: 1.10107 -> sl: 1.11967 tp: 1.10068
0	04:46:42.985	'1809640': order #39779003 sell 0.01 EURUSD at 1.11544 was modified -> sl: 1.11967 tp: 1.10068
0	04:46:43.018	'1809640': modify order #39818967 sell 0.01 EURUSD at 1.11732 sl: 1.12153 tp: 1.10107 -> sl: 1.12153 tp: 1.10068
0	04:46:43.444	'1809640': order #39818967 sell 0.01 EURUSD at 1.11732 was modified -> sl: 1.12153 tp: 1.10068
0	04:46:43.477	'1809640': modify order #39820054 sell 0.01 EURUSD at 1.11814 sl: 1.12235 tp: 1.10107 -> sl: 1.12235 tp: 1.10069
0	04:46:43.935	'1809640': order #39820054 sell 0.01 EURUSD at 1.11814 was modified -> sl: 1.12235 tp: 1.10069
0	04:46:43.935	'1809640': modify order #39820265 sell 0.01 EURUSD at 1.11803 sl: 1.12224 tp: 1.10107 -> sl: 1.12224 tp: 1.10068
0	04:46:44.394	'1809640': order #39820265 sell 0.01 EURUSD at 1.11803 was modified -> sl: 1.12224 tp: 1.10068
0	04:46:44.426	'1809640': modify order #39842208 sell 0.01 EURUSD at 1.11350 sl: 1.11771 tp: 1.10107 -> sl: 1.11771 tp: 1.10069
0	04:46:44.787	'1809640': order #39842208 sell 0.01 EURUSD at 1.11350 was modified -> sl: 1.11771 tp: 1.10069
0	04:57:20.364	'1809640': modify order #39898527 sell 0.01 EURUSD at 1.11205 sl: 1.11643 tp: 1.10506 -> sl: 1.11643 tp: 1.10488
0	04:57:20.920	'1809640': order #39898527 sell 0.01 EURUSD at 1.11205 was modified -> sl: 1.11643 tp: 1.10488
0	04:57:20.920	'1809640': modify order #39910045 sell 0.01 EURUSD at 1.10733 sl: 1.11160 tp: 1.10506 -> sl: 1.11160 tp: 1.10489
0	04:57:21.440	'1809640': order #39910045 sell 0.01 EURUSD at 1.10733 was modified -> sl: 1.11160 tp: 1.10489
0	05:02:44.001	'1809640': modify order #39898527 sell 0.01 EURUSD at 1.11205 sl: 1.11643 tp: 1.10488 -> sl: 1.11643 tp: 1.10470
0	05:02:44.670	'1809640': order #39898527 sell 0.01 EURUSD at 1.11205 was modified -> sl: 1.11643 tp: 1.10470
0	05:02:44.670	'1809640': modify order #39910045 sell 0.01 EURUSD at 1.10733 sl: 1.11160 tp: 1.10489 -> sl: 1.11160 tp: 1.10470
0	05:02:45.291	'1809640': order #39910045 sell 0.01 EURUSD at 1.10733 was modified -> sl: 1.11160 tp: 1.10470
0	05:08:41.715	'1809640': modify order #39898527 sell 0.01 EURUSD at 1.11205 sl: 1.11643 tp: 1.10470 -> sl: 1.11643 tp: 1.10454
0	05:08:42.072	'1809640': order #39898527 sell 0.01 EURUSD at 1.11205 was modified -> sl: 1.11643 tp: 1.10454
0	05:08:42.139	'1809640': modify order #39910045 sell 0.01 EURUSD at 1.10733 sl: 1.11160 tp: 1.10470 -> sl: 1.11160 tp: 1.10454
0	05:08:43.117	'1809640': order #39910045 sell 0.01 EURUSD at 1.10733 was modified -> sl: 1.11160 tp: 1.10454
0	05:13:07.546	'1809640': modify order #39898527 sell 0.01 EURUSD at 1.11205 sl: 1.11643 tp: 1.10454 -> sl: 1.11643 tp: 1.10436
0	05:13:08.011	'1809640': order #39898527 sell 0.01 EURUSD at 1.11205 was modified -> sl: 1.11643 tp: 1.10436
0	05:13:08.238	'1809640': modify order #39910045 sell 0.01 EURUSD at 1.10733 sl: 1.11160 tp: 1.10454 -> sl: 1.11160 tp: 1.10436
0	05:13:08.665	'1809640': order #39910045 sell 0.01 EURUSD at 1.10733 was modified -> sl: 1.11160 tp: 1.10436
0	05:18:16.953	'1809640': modify order #39898527 sell 0.01 EURUSD at 1.11205 sl: 1.11643 tp: 1.10436 -> sl: 1.11643 tp: 1.10425
0	05:18:17.277	'1809640': order #39898527 sell 0.01 EURUSD at 1.11205 was modified -> sl: 1.11643 tp: 1.10425
0	05:18:17.444	'1809640': modify order #39910045 sell 0.01 EURUSD at 1.10733 sl: 1.11160 tp: 1.10436 -> sl: 1.11160 tp: 1.10425
0	05:18:18.161	'1809640': order #39910045 sell 0.01 EURUSD at 1.10733 was modified -> sl: 1.11160 tp: 1.10425
0	05:35:42.440	'1809640': modify order #39898527 sell 0.01 EURUSD at 1.11205 sl: 1.11643 tp: 1.10425 -> sl: 1.11643 tp: 1.10395
0	05:35:42.991	'1809640': order #39898527 sell 0.01 EURUSD at 1.11205 was modified -> sl: 1.11643 tp: 1.10395
0	05:35:43.056	'1809640': modify order #39910045 sell 0.01 EURUSD at 1.10733 sl: 1.11160 tp: 1.10425 -> sl: 1.11160 tp: 1.10395
0	05:35:43.251	'1809640': order #39910045 sell 0.01 EURUSD at 1.10733 was modified -> sl: 1.11160 tp: 1.10395
0	05:40:32.312	'1809640': modify order #39898527 sell 0.01 EURUSD at 1.11205 sl: 1.11643 tp: 1.10395 -> sl: 1.11643 tp: 1.10392
0	05:40:32.540	'1809640': order #39898527 sell 0.01 EURUSD at 1.11205 was modified -> sl: 1.11643 tp: 1.10392
0	05:40:32.572	'1809640': modify order #39910045 sell 0.01 EURUSD at 1.10733 sl: 1.11160 tp: 1.10395 -> sl: 1.11160 tp: 1.10392
0	05:40:33.161	'1809640': order #39910045 sell 0.01 EURUSD at 1.10733 was modified -> sl: 1.11160 tp: 1.10392
0	05:49:17.943	'1809640': modify order #39898527 sell 0.01 EURUSD at 1.11205 sl: 1.11643 tp: 1.10392 -> sl: 1.11643 tp: 1.10387
0	05:49:18.453	'1809640': order #39898527 sell 0.01 EURUSD at 1.11205 was modified -> sl: 1.11643 tp: 1.10387
0	05:49:18.484	'1809640': modify order #39910045 sell 0.01 EURUSD at 1.10733 sl: 1.11160 tp: 1.10392 -> sl: 1.11160 tp: 1.10387
0	05:49:19.100	'1809640': order #39910045 sell 0.01 EURUSD at 1.10733 was modified -> sl: 1.11160 tp: 1.10387
0	05:54:17.232	'1809640': modify order #39898527 sell 0.01 EURUSD at 1.11205 sl: 1.11643 tp: 1.10387 -> sl: 1.11643 tp: 1.10386
0	05:54:17.755	'1809640': order #39898527 sell 0.01 EURUSD at 1.11205 was modified -> sl: 1.11643 tp: 1.10386
0	05:54:17.755	'1809640': modify order #39910045 sell 0.01 EURUSD at 1.10733 sl: 1.11160 tp: 1.10387 -> sl: 1.11160 tp: 1.10386
0	05:54:18.080	'1809640': order #39910045 sell 0.01 EURUSD at 1.10733 was modified -> sl: 1.11160 tp: 1.10386
0	12:35:41.535	'1809640': order #39747418 buy 0.01 EURUSD at 1.10907 closed due stop-loss at price 1.10488
0	12:36:06.953	'1809640': order sell market 0.01 EURUSD sl: 1.10927 tp: 1.10066
0	12:36:08.770	'1809640': order was opened : #39973897 sell 0.01 EURUSD at 1.10508 sl: 1.10927 tp: 1.10066
0	12:36:11.778	'1809640': order #39746013 buy 0.01 EURUSD at 1.10878 closed due stop-loss at price 1.10455
0	12:37:32.479	'1809640': modify order #39778089 sell 0.01 EURUSD at 1.11629 sl: 1.12046 tp: 1.10069 -> sl: 1.12046 tp: 1.09991
0	12:37:33.201	'1809640': order #39778089 sell 0.01 EURUSD at 1.11629 was modified -> sl: 1.12046 tp: 1.09991
0	12:37:33.234	'1809640': modify order #39778332 sell 0.01 EURUSD at 1.11606 sl: 1.12027 tp: 1.10068 -> sl: 1.12027 tp: 1.09991
0	12:37:33.656	'1809640': order #39778332 sell 0.01 EURUSD at 1.11606 was modified -> sl: 1.12027 tp: 1.09991
0	12:37:33.688	'1809640': modify order #39778472 sell 0.01 EURUSD at 1.11581 sl: 1.12003 tp: 1.10068 -> sl: 1.12003 tp: 1.09991
0	12:37:34.049	'1809640': order #39778472 sell 0.01 EURUSD at 1.11581 was modified -> sl: 1.12003 tp: 1.09991
0	12:37:34.082	'1809640': modify order #39778602 sell 0.01 EURUSD at 1.11557 sl: 1.11979 tp: 1.10069 -> sl: 1.11979 tp: 1.09991
0	12:37:34.411	'1809640': order #39778602 sell 0.01 EURUSD at 1.11557 was modified -> sl: 1.11979 tp: 1.09991
0	12:37:34.411	'1809640': modify order #39779003 sell 0.01 EURUSD at 1.11544 sl: 1.11967 tp: 1.10068 -> sl: 1.11967 tp: 1.09990
0	12:37:34.865	'1809640': order #39779003 sell 0.01 EURUSD at 1.11544 was modified -> sl: 1.11967 tp: 1.09990
0	12:37:34.865	'1809640': modify order #39818967 sell 0.01 EURUSD at 1.11732 sl: 1.12153 tp: 1.10068 -> sl: 1.12153 tp: 1.09990
0	12:37:35.028	'1809640': order #39818967 sell 0.01 EURUSD at 1.11732 was modified -> sl: 1.12153 tp: 1.09990
0	12:37:35.060	'1809640': modify order #39820054 sell 0.01 EURUSD at 1.11814 sl: 1.12235 tp: 1.10069 -> sl: 1.12235 tp: 1.09990
0	12:37:35.454	'1809640': order #39820054 sell 0.01 EURUSD at 1.11814 was modified -> sl: 1.12235 tp: 1.09990
0	12:37:35.454	'1809640': modify order #39820265 sell 0.01 EURUSD at 1.11803 sl: 1.12224 tp: 1.10068 -> sl: 1.12224 tp: 1.09990
0	12:37:35.945	'1809640': order #39820265 sell 0.01 EURUSD at 1.11803 was modified -> sl: 1.12224 tp: 1.09990
0	12:37:35.945	'1809640': modify order #39842208 sell 0.01 EURUSD at 1.11350 sl: 1.11771 tp: 1.10069 -> sl: 1.11771 tp: 1.09990
0	12:37:36.341	'1809640': order #39842208 sell 0.01 EURUSD at 1.11350 was modified -> sl: 1.11771 tp: 1.09990
0	12:37:36.341	'1809640': modify order #39973897 sell 0.01 EURUSD at 1.10508 sl: 1.10927 tp: 1.10066 -> sl: 1.10927 tp: 1.09990
0	12:37:36.891	'1809640': order #39973897 sell 0.01 EURUSD at 1.10508 was modified -> sl: 1.10927 tp: 1.09990
0	12:38:30.833	'1809640': modify order #39778089 sell 0.01 EURUSD at 1.11629 sl: 1.12046 tp: 1.09991 -> sl: 1.12046 tp: 1.09968
0	12:38:31.258	'1809640': order #39778089 sell 0.01 EURUSD at 1.11629 was modified -> sl: 1.12046 tp: 1.09968
0	12:38:31.258	'1809640': modify order #39778332 sell 0.01 EURUSD at 1.11606 sl: 1.12027 tp: 1.09991 -> sl: 1.12027 tp: 1.09968
0	12:38:31.648	'1809640': order #39778332 sell 0.01 EURUSD at 1.11606 was modified -> sl: 1.12027 tp: 1.09968
0	12:38:31.648	'1809640': modify order #39778472 sell 0.01 EURUSD at 1.11581 sl: 1.12003 tp: 1.09991 -> sl: 1.12003 tp: 1.09968
0	12:38:32.044	'1809640': order #39778472 sell 0.01 EURUSD at 1.11581 was modified -> sl: 1.12003 tp: 1.09968
0	12:38:32.075	'1809640': modify order #39778602 sell 0.01 EURUSD at 1.11557 sl: 1.11979 tp: 1.09991 -> sl: 1.11979 tp: 1.09967
0	12:38:32.466	'1809640': order #39778602 sell 0.01 EURUSD at 1.11557 was modified -> sl: 1.11979 tp: 1.09967
0	12:38:32.466	'1809640': modify order #39779003 sell 0.01 EURUSD at 1.11544 sl: 1.11967 tp: 1.09990 -> sl: 1.11967 tp: 1.09969
0	12:38:32.891	'1809640': order #39779003 sell 0.01 EURUSD at 1.11544 was modified -> sl: 1.11967 tp: 1.09969
0	12:38:32.923	'1809640': modify order #39818967 sell 0.01 EURUSD at 1.11732 sl: 1.12153 tp: 1.09990 -> sl: 1.12153 tp: 1.09967
0	12:38:33.382	'1809640': order #39818967 sell 0.01 EURUSD at 1.11732 was modified -> sl: 1.12153 tp: 1.09967
0	12:38:33.414	'1809640': modify order #39820054 sell 0.01 EURUSD at 1.11814 sl: 1.12235 tp: 1.09990 -> sl: 1.12235 tp: 1.09967
0	12:38:33.609	'1809640': order #39820054 sell 0.01 EURUSD at 1.11814 was modified -> sl: 1.12235 tp: 1.09967
0	12:38:33.609	'1809640': modify order #39820265 sell 0.01 EURUSD at 1.11803 sl: 1.12224 tp: 1.09990 -> sl: 1.12224 tp: 1.09968
0	12:38:33.970	'1809640': order #39820265 sell 0.01 EURUSD at 1.11803 was modified -> sl: 1.12224 tp: 1.09968
0	12:38:34.003	'1809640': modify order #39842208 sell 0.01 EURUSD at 1.11350 sl: 1.11771 tp: 1.09990 -> sl: 1.11771 tp: 1.09967
0	12:38:34.262	'1809640': order #39842208 sell 0.01 EURUSD at 1.11350 was modified -> sl: 1.11771 tp: 1.09967
0	12:38:34.262	'1809640': modify order #39973897 sell 0.01 EURUSD at 1.10508 sl: 1.10927 tp: 1.09990 -> sl: 1.10927 tp: 1.09969
0	12:38:34.749	'1809640': order #39973897 sell 0.01 EURUSD at 1.10508 was modified -> sl: 1.10927 tp: 1.09969
0	12:38:51.020	'1809640': modify order #39778089 sell 0.01 EURUSD at 1.11629 sl: 1.12046 tp: 1.09968 -> sl: 1.12046 tp: 1.09965
0	12:38:51.544	'1809640': order #39778089 sell 0.01 EURUSD at 1.11629 was modified -> sl: 1.12046 tp: 1.09965
0	12:38:51.544	'1809640': modify order #39778332 sell 0.01 EURUSD at 1.11606 sl: 1.12027 tp: 1.09968 -> sl: 1.12027 tp: 1.09964
0	12:38:51.997	'1809640': order #39778332 sell 0.01 EURUSD at 1.11606 was modified -> sl: 1.12027 tp: 1.09964
0	12:38:51.997	'1809640': modify order #39778472 sell 0.01 EURUSD at 1.11581 sl: 1.12003 tp: 1.09968 -> sl: 1.12003 tp: 1.09966
0	12:38:52.163	'1809640': order #39778472 sell 0.01 EURUSD at 1.11581 was modified -> sl: 1.12003 tp: 1.09966
0	12:38:52.163	'1809640': modify order #39778602 sell 0.01 EURUSD at 1.11557 sl: 1.11979 tp: 1.09967 -> sl: 1.11979 tp: 1.09966
0	12:38:52.650	'1809640': order #39778602 sell 0.01 EURUSD at 1.11557 was modified -> sl: 1.11979 tp: 1.09966
0	12:38:52.650	'1809640': modify order #39779003 sell 0.01 EURUSD at 1.11544 sl: 1.11967 tp: 1.09969 -> sl: 1.11967 tp: 1.09966
0	12:38:53.043	'1809640': order #39779003 sell 0.01 EURUSD at 1.11544 was modified -> sl: 1.11967 tp: 1.09966
0	12:38:53.075	'1809640': modify order #39818967 sell 0.01 EURUSD at 1.11732 sl: 1.12153 tp: 1.09967 -> sl: 1.12153 tp: 1.09966
0	12:38:53.530	'1809640': order #39818967 sell 0.01 EURUSD at 1.11732 was modified -> sl: 1.12153 tp: 1.09966
0	12:38:53.595	'1809640': modify order #39820265 sell 0.01 EURUSD at 1.11803 sl: 1.12224 tp: 1.09968 -> sl: 1.12224 tp: 1.09967
0	12:38:53.826	'1809640': order #39820265 sell 0.01 EURUSD at 1.11803 was modified -> sl: 1.12224 tp: 1.09967
0	12:38:53.891	'1809640': modify order #39842208 sell 0.01 EURUSD at 1.11350 sl: 1.11771 tp: 1.09967 -> sl: 1.11771 tp: 1.09966
0	12:38:54.281	'1809640': order #39842208 sell 0.01 EURUSD at 1.11350 was modified -> sl: 1.11771 tp: 1.09966
0	12:38:54.346	'1809640': modify order #39973897 sell 0.01 EURUSD at 1.10508 sl: 1.10927 tp: 1.09969 -> sl: 1.10927 tp: 1.09965
0	12:38:54.609	'1809640': order #39973897 sell 0.01 EURUSD at 1.10508 was modified -> sl: 1.10927 tp: 1.09965
0	12:40:34.491	'1809640': order #39622834 buy 0.01 EURUSD at 1.10802 closed due stop-loss at price 1.10379
0	12:40:43.908	'1809640': order #39623458 buy 0.01 EURUSD at 1.10789 closed due stop-loss at price 1.10367
0	12:40:43.908	'1809640': order #39898527 sell 0.01 EURUSD at 1.11205 closed due take-profit at price 1.10386
0	12:40:43.908	'1809640': order #39910045 sell 0.01 EURUSD at 1.10733 closed due take-profit at price 1.10386
0	12:40:44.200	'1809640': order sell market 0.01 EURUSD sl: 1.10787 tp: 1.09925
0	12:40:44.559	'1809640': order was opened : #39974995 sell 0.01 EURUSD at 1.10367 sl: 1.10787 tp: 1.09925
0	12:41:23.366	'1809640': order #39623783 buy 0.01 EURUSD at 1.10764 closed due stop-loss at price 1.10337
0	12:41:58.762	'1809640': modify order #39778089 sell 0.01 EURUSD at 1.11629 sl: 1.12046 tp: 1.09965 -> sl: 1.12046 tp: 1.09921
0	12:41:59.346	'1809640': order #39778089 sell 0.01 EURUSD at 1.11629 was modified -> sl: 1.12046 tp: 1.09921
0	12:41:59.346	'1809640': modify order #39778332 sell 0.01 EURUSD at 1.11606 sl: 1.12027 tp: 1.09964 -> sl: 1.12027 tp: 1.09922
0	12:41:59.671	'1809640': order #39778332 sell 0.01 EURUSD at 1.11606 was modified -> sl: 1.12027 tp: 1.09922
0	12:41:59.671	'1809640': modify order #39778472 sell 0.01 EURUSD at 1.11581 sl: 1.12003 tp: 1.09966 -> sl: 1.12003 tp: 1.09922
0	12:42:00.093	'1809640': order #39778472 sell 0.01 EURUSD at 1.11581 was modified -> sl: 1.12003 tp: 1.09922
0	12:42:00.093	'1809640': modify order #39778602 sell 0.01 EURUSD at 1.11557 sl: 1.11979 tp: 1.09966 -> sl: 1.11979 tp: 1.09922
0	12:42:00.455	'1809640': order #39778602 sell 0.01 EURUSD at 1.11557 was modified -> sl: 1.11979 tp: 1.09922
0	12:42:00.455	'1809640': modify order #39779003 sell 0.01 EURUSD at 1.11544 sl: 1.11967 tp: 1.09966 -> sl: 1.11967 tp: 1.09922
0	12:42:00.844	'1809640': order #39779003 sell 0.01 EURUSD at 1.11544 was modified -> sl: 1.11967 tp: 1.09922
0	12:42:00.877	'1809640': modify order #39818967 sell 0.01 EURUSD at 1.11732 sl: 1.12153 tp: 1.09966 -> sl: 1.12153 tp: 1.09922
0	12:42:01.239	'1809640': order #39818967 sell 0.01 EURUSD at 1.11732 was modified -> sl: 1.12153 tp: 1.09922
0	12:42:01.239	'1809640': modify order #39820054 sell 0.01 EURUSD at 1.11814 sl: 1.12235 tp: 1.09967 -> sl: 1.12235 tp: 1.09921
0	12:42:01.795	'1809640': order #39820054 sell 0.01 EURUSD at 1.11814 was modified -> sl: 1.12235 tp: 1.09921
0	12:42:01.860	'1809640': modify order #39820265 sell 0.01 EURUSD at 1.11803 sl: 1.12224 tp: 1.09967 -> sl: 1.12224 tp: 1.09922
0	12:42:02.282	'1809640': order #39820265 sell 0.01 EURUSD at 1.11803 was modified -> sl: 1.12224 tp: 1.09922
0	12:42:02.282	'1809640': modify order #39842208 sell 0.01 EURUSD at 1.11350 sl: 1.11771 tp: 1.09966 -> sl: 1.11771 tp: 1.09922
0	12:42:02.643	'1809640': order #39842208 sell 0.01 EURUSD at 1.11350 was modified -> sl: 1.11771 tp: 1.09922
0	12:42:02.741	'1809640': modify order #39973897 sell 0.01 EURUSD at 1.10508 sl: 1.10927 tp: 1.09965 -> sl: 1.10927 tp: 1.09922
0	12:42:03.069	'1809640': order #39973897 sell 0.01 EURUSD at 1.10508 was modified -> sl: 1.10927 tp: 1.09922
0	12:42:03.069	'1809640': modify order #39974995 sell 0.01 EURUSD at 1.10367 sl: 1.10787 tp: 1.09925 -> sl: 1.10787 tp: 1.09922
0	12:42:03.459	'1809640': order #39974995 sell 0.01 EURUSD at 1.10367 was modified -> sl: 1.10787 tp: 1.09922
0	12:44:10.946	'1809640': order #39621773 buy 0.01 EURUSD at 1.10756 closed due stop-loss at price 1.10335
0	12:44:41.013	'1809640': order #39623655 buy 0.01 EURUSD at 1.10740 closed due stop-loss at price 1.10318
0	12:44:57.495	'1809640': modify order #39778089 sell 0.01 EURUSD at 1.11629 sl: 1.12046 tp: 1.09921 -> sl: 1.12046 tp: 1.09874
0	12:44:58.210	'1809640': order #39778089 sell 0.01 EURUSD at 1.11629 was modified -> sl: 1.12046 tp: 1.09874
0	12:44:58.210	'1809640': modify order #39778332 sell 0.01 EURUSD at 1.11606 sl: 1.12027 tp: 1.09922 -> sl: 1.12027 tp: 1.09874
0	12:44:58.539	'1809640': order #39778332 sell 0.01 EURUSD at 1.11606 was modified -> sl: 1.12027 tp: 1.09874
0	12:44:58.539	'1809640': modify order #39778472 sell 0.01 EURUSD at 1.11581 sl: 1.12003 tp: 1.09922 -> sl: 1.12003 tp: 1.09874
0	12:44:59.059	'1809640': order #39778472 sell 0.01 EURUSD at 1.11581 was modified -> sl: 1.12003 tp: 1.09874
0	12:44:59.124	'1809640': modify order #39778602 sell 0.01 EURUSD at 1.11557 sl: 1.11979 tp: 1.09922 -> sl: 1.11979 tp: 1.09874
0	12:44:59.586	'1809640': order #39778602 sell 0.01 EURUSD at 1.11557 was modified -> sl: 1.11979 tp: 1.09874
0	12:44:59.586	'1809640': modify order #39779003 sell 0.01 EURUSD at 1.11544 sl: 1.11967 tp: 1.09922 -> sl: 1.11967 tp: 1.09876
0	12:44:59.944	'1809640': order #39779003 sell 0.01 EURUSD at 1.11544 was modified -> sl: 1.11967 tp: 1.09876
0	12:44:59.944	'1809640': modify order #39818967 sell 0.01 EURUSD at 1.11732 sl: 1.12153 tp: 1.09922 -> sl: 1.12153 tp: 1.09876
0	12:45:00.106	'1809640': order #39818967 sell 0.01 EURUSD at 1.11732 was modified -> sl: 1.12153 tp: 1.09876
0	12:45:00.106	'1809640': modify order #39820054 sell 0.01 EURUSD at 1.11814 sl: 1.12235 tp: 1.09921 -> sl: 1.12235 tp: 1.09876
0	12:45:00.794	'1809640': order #39820054 sell 0.01 EURUSD at 1.11814 was modified -> sl: 1.12235 tp: 1.09876
0	12:45:00.922	'1809640': modify order #39820265 sell 0.01 EURUSD at 1.11803 sl: 1.12224 tp: 1.09922 -> sl: 1.12224 tp: 1.09875
0	12:45:01.122	'1809640': order #39820265 sell 0.01 EURUSD at 1.11803 was modified -> sl: 1.12224 tp: 1.09875
0	12:45:01.219	'1809640': modify order #39842208 sell 0.01 EURUSD at 1.11350 sl: 1.11771 tp: 1.09922 -> sl: 1.11771 tp: 1.09875
0	12:45:01.544	'1809640': order #39842208 sell 0.01 EURUSD at 1.11350 was modified -> sl: 1.11771 tp: 1.09875
0	12:45:01.576	'1809640': modify order #39973897 sell 0.01 EURUSD at 1.10508 sl: 1.10927 tp: 1.09922 -> sl: 1.10927 tp: 1.09875
0	12:45:02.067	'1809640': order #39973897 sell 0.01 EURUSD at 1.10508 was modified -> sl: 1.10927 tp: 1.09875
0	12:45:02.197	'1809640': modify order #39974995 sell 0.01 EURUSD at 1.10367 sl: 1.10787 tp: 1.09922 -> sl: 1.10787 tp: 1.09875
0	12:45:02.554	'1809640': order #39974995 sell 0.01 EURUSD at 1.10367 was modified -> sl: 1.10787 tp: 1.09875
0	12:45:29.967	'1809640': order sell market 0.01 EURUSD sl: 1.10739 tp: 1.09878
0	12:45:30.685	'1809640': order was opened : #39975666 sell 0.01 EURUSD at 1.10317 sl: 1.10739 tp: 1.09878
0	12:46:43.142	'1809640': modify order #39778089 sell 0.01 EURUSD at 1.11629 sl: 1.12046 tp: 1.09874 -> sl: 1.12046 tp: 1.09866
0	12:46:43.759	'1809640': order #39778089 sell 0.01 EURUSD at 1.11629 was modified -> sl: 1.12046 tp: 1.09866
0	12:46:43.759	'1809640': modify order #39778332 sell 0.01 EURUSD at 1.11606 sl: 1.12027 tp: 1.09874 -> sl: 1.12027 tp: 1.09866
0	12:46:44.153	'1809640': order #39778332 sell 0.01 EURUSD at 1.11606 was modified -> sl: 1.12027 tp: 1.09866
0	12:46:44.214	'1809640': modify order #39778472 sell 0.01 EURUSD at 1.11581 sl: 1.12003 tp: 1.09874 -> sl: 1.12003 tp: 1.09866
0	12:46:44.640	'1809640': order #39778472 sell 0.01 EURUSD at 1.11581 was modified -> sl: 1.12003 tp: 1.09866
0	12:46:44.640	'1809640': modify order #39778602 sell 0.01 EURUSD at 1.11557 sl: 1.11979 tp: 1.09874 -> sl: 1.11979 tp: 1.09867
0	12:46:44.964	'1809640': order #39778602 sell 0.01 EURUSD at 1.11557 was modified -> sl: 1.11979 tp: 1.09867
0	12:46:44.964	'1809640': modify order #39779003 sell 0.01 EURUSD at 1.11544 sl: 1.11967 tp: 1.09876 -> sl: 1.11967 tp: 1.09866
0	12:46:45.391	'1809640': order #39779003 sell 0.01 EURUSD at 1.11544 was modified -> sl: 1.11967 tp: 1.09866
0	12:46:45.391	'1809640': modify order #39818967 sell 0.01 EURUSD at 1.11732 sl: 1.12153 tp: 1.09876 -> sl: 1.12153 tp: 1.09865
0	12:46:45.845	'1809640': order #39818967 sell 0.01 EURUSD at 1.11732 was modified -> sl: 1.12153 tp: 1.09865
0	12:46:45.845	'1809640': modify order #39820054 sell 0.01 EURUSD at 1.11814 sl: 1.12235 tp: 1.09876 -> sl: 1.12235 tp: 1.09868
0	12:46:46.239	'1809640': order #39820054 sell 0.01 EURUSD at 1.11814 was modified -> sl: 1.12235 tp: 1.09868
0	12:46:46.239	'1809640': modify order #39820265 sell 0.01 EURUSD at 1.11803 sl: 1.12224 tp: 1.09875 -> sl: 1.12224 tp: 1.09865
0	12:46:46.600	'1809640': order #39820265 sell 0.01 EURUSD at 1.11803 was modified -> sl: 1.12224 tp: 1.09865
0	12:46:46.600	'1809640': modify order #39842208 sell 0.01 EURUSD at 1.11350 sl: 1.11771 tp: 1.09875 -> sl: 1.11771 tp: 1.09866
0	12:46:47.028	'1809640': order #39842208 sell 0.01 EURUSD at 1.11350 was modified -> sl: 1.11771 tp: 1.09866
0	12:46:47.028	'1809640': modify order #39973897 sell 0.01 EURUSD at 1.10508 sl: 1.10927 tp: 1.09875 -> sl: 1.10927 tp: 1.09866
0	12:46:47.351	'1809640': order #39973897 sell 0.01 EURUSD at 1.10508 was modified -> sl: 1.10927 tp: 1.09866
0	12:46:47.351	'1809640': modify order #39974995 sell 0.01 EURUSD at 1.10367 sl: 1.10787 tp: 1.09875 -> sl: 1.10787 tp: 1.09866
0	12:46:47.712	'1809640': order #39974995 sell 0.01 EURUSD at 1.10367 was modified -> sl: 1.10787 tp: 1.09866
0	12:46:47.712	'1809640': modify order #39975666 sell 0.01 EURUSD at 1.10317 sl: 1.10739 tp: 1.09878 -> sl: 1.10739 tp: 1.09866
0	12:46:48.622	'1809640': order #39975666 sell 0.01 EURUSD at 1.10317 was modified -> sl: 1.10739 tp: 1.09866
0	12:48:31.827	'1809640': modify order #39778089 sell 0.01 EURUSD at 1.11629 sl: 1.12046 tp: 1.09866 -> sl: 1.12046 tp: 1.09865
0	12:48:32.837	'1809640': order #39778089 sell 0.01 EURUSD at 1.11629 was modified -> sl: 1.12046 tp: 1.09865
0	12:48:32.902	'1809640': modify order #39778602 sell 0.01 EURUSD at 1.11557 sl: 1.11979 tp: 1.09867 -> sl: 1.11979 tp: 1.09866
0	12:48:33.389	'1809640': order #39778602 sell 0.01 EURUSD at 1.11557 was modified -> sl: 1.11979 tp: 1.09866
0	12:48:33.486	'1809640': modify order #39820054 sell 0.01 EURUSD at 1.11814 sl: 1.12235 tp: 1.09868 -> sl: 1.12235 tp: 1.09866
0	12:48:33.908	'1809640': order #39820054 sell 0.01 EURUSD at 1.11814 was modified -> sl: 1.12235 tp: 1.09866
0	12:50:14.435	'1809640': order sell market 0.01 EURUSD sl: 1.10736 tp: 1.10157
0	12:50:15.739	'1809640': order was opened : #39976112 sell 0.01 EURUSD at 1.10317 sl: 1.10736 tp: 1.10157
0	12:51:19.419	'1809640': modify order #39942359 sell 0.01 EURUSD at 1.10539 sl: 1.10959 tp: 1.10169 -> sl: 1.10959 tp: 1.10157
0	12:51:19.909	'1809640': order #39942359 sell 0.01 EURUSD at 1.10539 was modified -> sl: 1.10959 tp: 1.10157
0	12:51:56.753	'1809640': modify order #39942359 sell 0.01 EURUSD at 1.10539 sl: 1.10959 tp: 1.10157 -> sl: 1.10959 tp: 1.10150
0	12:51:57.666	'1809640': order #39942359 sell 0.01 EURUSD at 1.10539 was modified -> sl: 1.10959 tp: 1.10150
0	12:51:57.666	'1809640': modify order #39976112 sell 0.01 EURUSD at 1.10317 sl: 1.10736 tp: 1.10157 -> sl: 1.10736 tp: 1.10151
0	12:51:58.319	'1809640': order #39976112 sell 0.01 EURUSD at 1.10317 was modified -> sl: 1.10736 tp: 1.10151
0	12:52:34.122	'1809640': modify order #39976112 sell 0.01 EURUSD at 1.10317 sl: 1.10736 tp: 1.10151 -> sl: 1.10736 tp: 1.10150
0	12:52:34.807	'1809640': order #39976112 sell 0.01 EURUSD at 1.10317 was modified -> sl: 1.10736 tp: 1.10150
0	12:53:40.540	'1809640': modify order #39942359 sell 0.01 EURUSD at 1.10539 sl: 1.10959 tp: 1.10150 -> sl: 1.10959 tp: 1.10146
0	12:53:41.096	'1809640': order #39942359 sell 0.01 EURUSD at 1.10539 was modified -> sl: 1.10959 tp: 1.10146
0	12:53:41.096	'1809640': modify order #39976112 sell 0.01 EURUSD at 1.10317 sl: 1.10736 tp: 1.10150 -> sl: 1.10736 tp: 1.10146
0	12:53:41.685	'1809640': order #39976112 sell 0.01 EURUSD at 1.10317 was modified -> sl: 1.10736 tp: 1.10146
0	12:54:24.429	'1809640': order sell market 0.01 EURUSD sl: 1.10758 tp: 1.09902
0	12:54:25.216	'1809640': order was opened : #39976375 sell 0.01 EURUSD at 1.10340 sl: 1.10758 tp: 1.09902
0	12:54:25.249	'1809640': modify order #39942359 sell 0.01 EURUSD at 1.10539 sl: 1.10959 tp: 1.10146 -> sl: 1.10959 tp: 1.10144
0	12:54:25.508	'1809640': order #39942359 sell 0.01 EURUSD at 1.10539 was modified -> sl: 1.10959 tp: 1.10144
0	12:54:25.508	'1809640': modify order #39976112 sell 0.01 EURUSD at 1.10317 sl: 1.10736 tp: 1.10146 -> sl: 1.10736 tp: 1.10144
0	12:54:26.194	'1809640': order #39976112 sell 0.01 EURUSD at 1.10317 was modified -> sl: 1.10736 tp: 1.10144
0	12:56:29.701	'1809640': modify order #39942359 sell 0.01 EURUSD at 1.10539 sl: 1.10959 tp: 1.10144 -> sl: 1.10959 tp: 1.10142
0	12:56:30.452	'1809640': order #39942359 sell 0.01 EURUSD at 1.10539 was modified -> sl: 1.10959 tp: 1.10142
0	12:56:30.654	'1809640': modify order #39976112 sell 0.01 EURUSD at 1.10317 sl: 1.10736 tp: 1.10144 -> sl: 1.10736 tp: 1.10141
0	12:56:30.878	'1809640': order #39976112 sell 0.01 EURUSD at 1.10317 was modified -> sl: 1.10736 tp: 1.10141
0	12:56:30.975	'1809640': modify order #39976375 sell 0.01 EURUSD at 1.10340 sl: 1.10758 tp: 1.09902 -> sl: 1.10758 tp: 1.09894
0	12:56:31.430	'1809640': order #39976375 sell 0.01 EURUSD at 1.10340 was modified -> sl: 1.10758 tp: 1.09894
0	12:57:41.338	'1809640': modify order #39976375 sell 0.01 EURUSD at 1.10340 sl: 1.10758 tp: 1.09894 -> sl: 1.10758 tp: 1.09889
0	12:57:42.056	'1809640': order #39976375 sell 0.01 EURUSD at 1.10340 was modified -> sl: 1.10758 tp: 1.09889
0	12:58:08.659	'1809640': modify order #39976375 sell 0.01 EURUSD at 1.10340 sl: 1.10758 tp: 1.09889 -> sl: 1.10758 tp: 1.09881
0	12:58:09.248	'1809640': order #39976375 sell 0.01 EURUSD at 1.10340 was modified -> sl: 1.10758 tp: 1.09881
0	12:58:26.145	'1809640': order #39871606 buy 0.01 EURUSD at 1.10705 closed due stop-loss at price 1.10285
0	12:59:20.491	'1809640': order sell market 0.01 EURUSD sl: 1.10716 tp: 1.09855
0	12:59:21.238	'1809640': order was opened : #39976961 sell 0.01 EURUSD at 1.10295 sl: 1.10716 tp: 1.09855
0	12:59:41.448	'1809640': modify order #39976375 sell 0.01 EURUSD at 1.10340 sl: 1.10758 tp: 1.09881 -> sl: 1.10758 tp: 1.09869
0	12:59:42.102	'1809640': order #39976375 sell 0.01 EURUSD at 1.10340 was modified -> sl: 1.10758 tp: 1.09869
0	13:01:04.565	'1809640': modify order #39778089 sell 0.01 EURUSD at 1.11629 sl: 1.12046 tp: 1.09865 -> sl: 1.12046 tp: 1.09831
0	13:01:05.251	'1809640': order #39778089 sell 0.01 EURUSD at 1.11629 was modified -> sl: 1.12046 tp: 1.09831
0	13:01:05.349	'1809640': modify order #39778332 sell 0.01 EURUSD at 1.11606 sl: 1.12027 tp: 1.09866 -> sl: 1.12027 tp: 1.09832
0	13:01:05.739	'1809640': order #39778332 sell 0.01 EURUSD at 1.11606 was modified -> sl: 1.12027 tp: 1.09832
0	13:01:05.739	'1809640': modify order #39778472 sell 0.01 EURUSD at 1.11581 sl: 1.12003 tp: 1.09866 -> sl: 1.12003 tp: 1.09831
0	13:01:06.262	'1809640': order #39778472 sell 0.01 EURUSD at 1.11581 was modified -> sl: 1.12003 tp: 1.09831
0	13:01:06.360	'1809640': modify order #39778602 sell 0.01 EURUSD at 1.11557 sl: 1.11979 tp: 1.09866 -> sl: 1.11979 tp: 1.09832
0	13:01:06.749	'1809640': order #39778602 sell 0.01 EURUSD at 1.11557 was modified -> sl: 1.11979 tp: 1.09832
0	13:01:06.782	'1809640': modify order #39779003 sell 0.01 EURUSD at 1.11544 sl: 1.11967 tp: 1.09866 -> sl: 1.11967 tp: 1.09832
0	13:01:07.370	'1809640': order #39779003 sell 0.01 EURUSD at 1.11544 was modified -> sl: 1.11967 tp: 1.09832
0	13:01:07.402	'1809640': modify order #39818967 sell 0.01 EURUSD at 1.11732 sl: 1.12153 tp: 1.09865 -> sl: 1.12153 tp: 1.09835
0	13:01:07.826	'1809640': order #39818967 sell 0.01 EURUSD at 1.11732 was modified -> sl: 1.12153 tp: 1.09835
0	13:01:07.857	'1809640': modify order #39820054 sell 0.01 EURUSD at 1.11814 sl: 1.12235 tp: 1.09866 -> sl: 1.12235 tp: 1.09831
0	13:01:08.152	'1809640': order #39820054 sell 0.01 EURUSD at 1.11814 was modified -> sl: 1.12235 tp: 1.09831
0	13:01:08.154	'1809640': modify order #39820265 sell 0.01 EURUSD at 1.11803 sl: 1.12224 tp: 1.09865 -> sl: 1.12224 tp: 1.09830
0	13:01:08.545	'1809640': order #39820265 sell 0.01 EURUSD at 1.11803 was modified -> sl: 1.12224 tp: 1.09830
0	13:01:08.610	'1809640': modify order #39842208 sell 0.01 EURUSD at 1.11350 sl: 1.11771 tp: 1.09866 -> sl: 1.11771 tp: 1.09831
0	13:01:09.162	'1809640': order #39842208 sell 0.01 EURUSD at 1.11350 was modified -> sl: 1.11771 tp: 1.09831
0	13:01:09.162	'1809640': modify order #39973897 sell 0.01 EURUSD at 1.10508 sl: 1.10927 tp: 1.09866 -> sl: 1.10927 tp: 1.09831
0	13:01:09.685	'1809640': order #39973897 sell 0.01 EURUSD at 1.10508 was modified -> sl: 1.10927 tp: 1.09831
0	13:01:09.750	'1809640': modify order #39974995 sell 0.01 EURUSD at 1.10367 sl: 1.10787 tp: 1.09866 -> sl: 1.10787 tp: 1.09830
0	13:01:10.366	'1809640': order #39974995 sell 0.01 EURUSD at 1.10367 was modified -> sl: 1.10787 tp: 1.09830
0	13:01:10.403	'1809640': modify order #39975666 sell 0.01 EURUSD at 1.10317 sl: 1.10739 tp: 1.09866 -> sl: 1.10739 tp: 1.09831
0	13:01:11.414	'1809640': order #39975666 sell 0.01 EURUSD at 1.10317 was modified -> sl: 1.10739 tp: 1.09831
0	13:01:11.544	'1809640': modify order #39976375 sell 0.01 EURUSD at 1.10340 sl: 1.10758 tp: 1.09869 -> sl: 1.10758 tp: 1.09831
0	13:01:11.970	'1809640': order #39976375 sell 0.01 EURUSD at 1.10340 was modified -> sl: 1.10758 tp: 1.09831
0	13:01:12.035	'1809640': modify order #39976961 sell 0.01 EURUSD at 1.10295 sl: 1.10716 tp: 1.09855 -> sl: 1.10716 tp: 1.09830
0	13:01:12.494	'1809640': order #39976961 sell 0.01 EURUSD at 1.10295 was modified -> sl: 1.10716 tp: 1.09830
0	13:04:40.631	'1809640': order sell market 0.01 EURUSD sl: 1.10760 tp: 1.09899
0	13:04:41.841	'1809640': order was opened : #39977642 sell 0.01 EURUSD at 1.10339 sl: 1.10760 tp: 1.09899
0	13:05:50.900	'1809640': modify order #39977642 sell 0.01 EURUSD at 1.10339 sl: 1.10760 tp: 1.09899 -> sl: 1.10760 tp: 1.09898
0	13:05:51.391	'1809640': order #39977642 sell 0.01 EURUSD at 1.10339 was modified -> sl: 1.10760 tp: 1.09898
0	13:07:48.076	'1809640': modify order #39977642 sell 0.01 EURUSD at 1.10339 sl: 1.10760 tp: 1.09898 -> sl: 1.10760 tp: 1.09896
0	13:07:48.661	'1809640': order #39977642 sell 0.01 EURUSD at 1.10339 was modified -> sl: 1.10760 tp: 1.09896
0	13:09:26.716	'1809640': order sell market 0.01 EURUSD sl: 1.10757 tp: 1.09897
0	13:09:27.138	'1809640': order was opened : #39978186 sell 0.01 EURUSD at 1.10337 sl: 1.10757 tp: 1.09897
0	13:10:08.687	'1809640': modify order #39977642 sell 0.01 EURUSD at 1.10339 sl: 1.10760 tp: 1.09896 -> sl: 1.10760 tp: 1.09887
0	13:10:08.979	'1809640': order #39977642 sell 0.01 EURUSD at 1.10339 was modified -> sl: 1.10760 tp: 1.09887
0	13:10:08.979	'1809640': modify order #39978186 sell 0.01 EURUSD at 1.10337 sl: 1.10757 tp: 1.09897 -> sl: 1.10757 tp: 1.09888
0	13:10:09.368	'1809640': order #39978186 sell 0.01 EURUSD at 1.10337 was modified -> sl: 1.10757 tp: 1.09888
0	13:14:46.451	'1809640': modify order #39977642 sell 0.01 EURUSD at 1.10339 sl: 1.10760 tp: 1.09887 -> sl: 1.10760 tp: 1.09858
0	13:14:47.592	'1809640': order #39977642 sell 0.01 EURUSD at 1.10339 was modified -> sl: 1.10760 tp: 1.09858
0	13:14:47.625	'1809640': modify order #39978186 sell 0.01 EURUSD at 1.10337 sl: 1.10757 tp: 1.09888 -> sl: 1.10757 tp: 1.09860
0	13:14:48.279	'1809640': order #39978186 sell 0.01 EURUSD at 1.10337 was modified -> sl: 1.10757 tp: 1.09860
0	13:19:42.629	'1809640': modify order #39778089 sell 0.01 EURUSD at 1.11629 sl: 1.12046 tp: 1.09831 -> sl: 1.12046 tp: 1.09825
0	13:19:43.546	'1809640': order #39778089 sell 0.01 EURUSD at 1.11629 was modified -> sl: 1.12046 tp: 1.09825
0	13:19:43.546	'1809640': modify order #39778332 sell 0.01 EURUSD at 1.11606 sl: 1.12027 tp: 1.09832 -> sl: 1.12027 tp: 1.09826
0	13:19:44.001	'1809640': order #39778332 sell 0.01 EURUSD at 1.11606 was modified -> sl: 1.12027 tp: 1.09826
0	13:19:44.001	'1809640': modify order #39778472 sell 0.01 EURUSD at 1.11581 sl: 1.12003 tp: 1.09831 -> sl: 1.12003 tp: 1.09826
0	13:19:44.362	'1809640': order #39778472 sell 0.01 EURUSD at 1.11581 was modified -> sl: 1.12003 tp: 1.09826
0	13:19:44.362	'1809640': modify order #39778602 sell 0.01 EURUSD at 1.11557 sl: 1.11979 tp: 1.09832 -> sl: 1.11979 tp: 1.09826
0	13:19:44.784	'1809640': order #39778602 sell 0.01 EURUSD at 1.11557 was modified -> sl: 1.11979 tp: 1.09826
0	13:19:44.784	'1809640': modify order #39779003 sell 0.01 EURUSD at 1.11544 sl: 1.11967 tp: 1.09832 -> sl: 1.11967 tp: 1.09827
0	13:19:45.210	'1809640': order #39779003 sell 0.01 EURUSD at 1.11544 was modified -> sl: 1.11967 tp: 1.09827
0	13:19:45.210	'1809640': modify order #39818967 sell 0.01 EURUSD at 1.11732 sl: 1.12153 tp: 1.09835 -> sl: 1.12153 tp: 1.09828
0	13:19:45.836	'1809640': order #39818967 sell 0.01 EURUSD at 1.11732 was modified -> sl: 1.12153 tp: 1.09828
0	13:19:45.836	'1809640': modify order #39820054 sell 0.01 EURUSD at 1.11814 sl: 1.12235 tp: 1.09831 -> sl: 1.12235 tp: 1.09828
0	13:19:46.389	'1809640': order #39820054 sell 0.01 EURUSD at 1.11814 was modified -> sl: 1.12235 tp: 1.09828
0	13:19:46.420	'1809640': modify order #39820265 sell 0.01 EURUSD at 1.11803 sl: 1.12224 tp: 1.09830 -> sl: 1.12224 tp: 1.09828
0	13:19:46.811	'1809640': order #39820265 sell 0.01 EURUSD at 1.11803 was modified -> sl: 1.12224 tp: 1.09828
0	13:19:46.842	'1809640': modify order #39842208 sell 0.01 EURUSD at 1.11350 sl: 1.11771 tp: 1.09831 -> sl: 1.11771 tp: 1.09827
0	13:19:47.171	'1809640': order #39842208 sell 0.01 EURUSD at 1.11350 was modified -> sl: 1.11771 tp: 1.09827
0	13:19:47.264	'1809640': modify order #39973897 sell 0.01 EURUSD at 1.10508 sl: 1.10927 tp: 1.09831 -> sl: 1.10927 tp: 1.09828
0	13:19:47.653	'1809640': order #39973897 sell 0.01 EURUSD at 1.10508 was modified -> sl: 1.10927 tp: 1.09828
0	13:19:47.654	'1809640': modify order #39974995 sell 0.01 EURUSD at 1.10367 sl: 1.10787 tp: 1.09830 -> sl: 1.10787 tp: 1.09828
0	13:19:48.080	'1809640': order #39974995 sell 0.01 EURUSD at 1.10367 was modified -> sl: 1.10787 tp: 1.09828
0	13:19:48.145	'1809640': modify order #39975666 sell 0.01 EURUSD at 1.10317 sl: 1.10739 tp: 1.09831 -> sl: 1.10739 tp: 1.09828
0	13:19:48.469	'1809640': order #39975666 sell 0.01 EURUSD at 1.10317 was modified -> sl: 1.10739 tp: 1.09828
0	13:19:48.469	'1809640': modify order #39976375 sell 0.01 EURUSD at 1.10340 sl: 1.10758 tp: 1.09831 -> sl: 1.10758 tp: 1.09828
0	13:19:48.959	'1809640': order #39976375 sell 0.01 EURUSD at 1.10340 was modified -> sl: 1.10758 tp: 1.09828
0	13:19:49.057	'1809640': modify order #39976961 sell 0.01 EURUSD at 1.10295 sl: 1.10716 tp: 1.09830 -> sl: 1.10716 tp: 1.09826
0	13:19:49.576	'1809640': order #39976961 sell 0.01 EURUSD at 1.10295 was modified -> sl: 1.10716 tp: 1.09826
0	13:19:49.576	'1809640': modify order #39977642 sell 0.01 EURUSD at 1.10339 sl: 1.10760 tp: 1.09858 -> sl: 1.10760 tp: 1.09826
0	13:19:50.164	'1809640': order #39977642 sell 0.01 EURUSD at 1.10339 was modified -> sl: 1.10760 tp: 1.09826
0	13:19:50.164	'1809640': modify order #39978186 sell 0.01 EURUSD at 1.10337 sl: 1.10757 tp: 1.09860 -> sl: 1.10757 tp: 1.09828
0	13:19:50.592	'1809640': order #39978186 sell 0.01 EURUSD at 1.10337 was modified -> sl: 1.10757 tp: 1.09828
0	13:20:49.722	'1809640': modify order #39778089 sell 0.01 EURUSD at 1.11629 sl: 1.12046 tp: 1.09825 -> sl: 1.12046 tp: 1.09785
0	13:20:50.148	'1809640': order #39778089 sell 0.01 EURUSD at 1.11629 was modified -> sl: 1.12046 tp: 1.09785
0	13:20:50.148	'1809640': modify order #39778332 sell 0.01 EURUSD at 1.11606 sl: 1.12027 tp: 1.09826 -> sl: 1.12027 tp: 1.09785
0	13:20:50.607	'1809640': order #39778332 sell 0.01 EURUSD at 1.11606 was modified -> sl: 1.12027 tp: 1.09785
0	13:20:50.607	'1809640': modify order #39778472 sell 0.01 EURUSD at 1.11581 sl: 1.12003 tp: 1.09826 -> sl: 1.12003 tp: 1.09788
0	13:20:50.963	'1809640': order #39778472 sell 0.01 EURUSD at 1.11581 was modified -> sl: 1.12003 tp: 1.09788
0	13:20:50.963	'1809640': modify order #39778602 sell 0.01 EURUSD at 1.11557 sl: 1.11979 tp: 1.09826 -> sl: 1.11979 tp: 1.09784
0	13:20:51.389	'1809640': order #39778602 sell 0.01 EURUSD at 1.11557 was modified -> sl: 1.11979 tp: 1.09784
0	13:20:51.389	'1809640': modify order #39779003 sell 0.01 EURUSD at 1.11544 sl: 1.11967 tp: 1.09827 -> sl: 1.11967 tp: 1.09784
0	13:20:51.779	'1809640': order #39779003 sell 0.01 EURUSD at 1.11544 was modified -> sl: 1.11967 tp: 1.09784
0	13:20:51.779	'1809640': modify order #39818967 sell 0.01 EURUSD at 1.11732 sl: 1.12153 tp: 1.09828 -> sl: 1.12153 tp: 1.09784
0	13:20:52.168	'1809640': order #39818967 sell 0.01 EURUSD at 1.11732 was modified -> sl: 1.12153 tp: 1.09784
0	13:20:52.170	'1809640': modify order #39820054 sell 0.01 EURUSD at 1.11814 sl: 1.12235 tp: 1.09828 -> sl: 1.12235 tp: 1.09784
0	13:20:52.592	'1809640': order #39820054 sell 0.01 EURUSD at 1.11814 was modified -> sl: 1.12235 tp: 1.09784
0	13:20:52.623	'1809640': modify order #39820265 sell 0.01 EURUSD at 1.11803 sl: 1.12224 tp: 1.09828 -> sl: 1.12224 tp: 1.09785
0	13:20:53.017	'1809640': order #39820265 sell 0.01 EURUSD at 1.11803 was modified -> sl: 1.12224 tp: 1.09785
0	13:20:53.049	'1809640': modify order #39842208 sell 0.01 EURUSD at 1.11350 sl: 1.11771 tp: 1.09827 -> sl: 1.11771 tp: 1.09788
0	13:20:53.342	'1809640': order #39842208 sell 0.01 EURUSD at 1.11350 was modified -> sl: 1.11771 tp: 1.09788
0	13:20:53.342	'1809640': modify order #39973897 sell 0.01 EURUSD at 1.10508 sl: 1.10927 tp: 1.09828 -> sl: 1.10927 tp: 1.09786
0	13:20:53.764	'1809640': order #39973897 sell 0.01 EURUSD at 1.10508 was modified -> sl: 1.10927 tp: 1.09786
0	13:20:53.800	'1809640': modify order #39974995 sell 0.01 EURUSD at 1.10367 sl: 1.10787 tp: 1.09828 -> sl: 1.10787 tp: 1.09784
0	13:20:54.158	'1809640': order #39974995 sell 0.01 EURUSD at 1.10367 was modified -> sl: 1.10787 tp: 1.09784
0	13:20:54.158	'1809640': modify order #39975666 sell 0.01 EURUSD at 1.10317 sl: 1.10739 tp: 1.09828 -> sl: 1.10739 tp: 1.09784
0	13:20:54.649	'1809640': order #39975666 sell 0.01 EURUSD at 1.10317 was modified -> sl: 1.10739 tp: 1.09784
0	13:20:54.649	'1809640': modify order #39976375 sell 0.01 EURUSD at 1.10340 sl: 1.10758 tp: 1.09828 -> sl: 1.10758 tp: 1.09785
0	13:20:55.201	'1809640': order #39976375 sell 0.01 EURUSD at 1.10340 was modified -> sl: 1.10758 tp: 1.09785
0	13:20:55.201	'1809640': modify order #39976961 sell 0.01 EURUSD at 1.10295 sl: 1.10716 tp: 1.09826 -> sl: 1.10716 tp: 1.09785
0	13:20:55.660	'1809640': order #39976961 sell 0.01 EURUSD at 1.10295 was modified -> sl: 1.10716 tp: 1.09785
0	13:20:55.660	'1809640': modify order #39977642 sell 0.01 EURUSD at 1.10339 sl: 1.10760 tp: 1.09826 -> sl: 1.10760 tp: 1.09785
0	13:20:56.277	'1809640': order #39977642 sell 0.01 EURUSD at 1.10339 was modified -> sl: 1.10760 tp: 1.09785
0	13:20:56.277	'1809640': modify order #39978186 sell 0.01 EURUSD at 1.10337 sl: 1.10757 tp: 1.09828 -> sl: 1.10757 tp: 1.09785
0	13:20:56.569	'1809640': order #39978186 sell 0.01 EURUSD at 1.10337 was modified -> sl: 1.10757 tp: 1.09785
0	13:26:18.725	'1809640': modify order #39778089 sell 0.01 EURUSD at 1.11629 sl: 1.12046 tp: 1.09785 -> sl: 1.12046 tp: 1.09773
0	13:26:19.183	'1809640': order #39778089 sell 0.01 EURUSD at 1.11629 was modified -> sl: 1.12046 tp: 1.09773
0	13:26:19.313	'1809640': modify order #39778332 sell 0.01 EURUSD at 1.11606 sl: 1.12027 tp: 1.09785 -> sl: 1.12027 tp: 1.09773
0	13:26:19.604	'1809640': order #39778332 sell 0.01 EURUSD at 1.11606 was modified -> sl: 1.12027 tp: 1.09773
0	13:26:19.604	'1809640': modify order #39778472 sell 0.01 EURUSD at 1.11581 sl: 1.12003 tp: 1.09788 -> sl: 1.12003 tp: 1.09773
0	13:26:19.967	'1809640': order #39778472 sell 0.01 EURUSD at 1.11581 was modified -> sl: 1.12003 tp: 1.09773
0	13:26:20.095	'1809640': modify order #39778602 sell 0.01 EURUSD at 1.11557 sl: 1.11979 tp: 1.09784 -> sl: 1.11979 tp: 1.09772
0	13:26:20.682	'1809640': order #39778602 sell 0.01 EURUSD at 1.11557 was modified -> sl: 1.11979 tp: 1.09772
0	13:26:20.682	'1809640': modify order #39779003 sell 0.01 EURUSD at 1.11544 sl: 1.11967 tp: 1.09784 -> sl: 1.11967 tp: 1.09772
0	13:26:21.170	'1809640': order #39779003 sell 0.01 EURUSD at 1.11544 was modified -> sl: 1.11967 tp: 1.09772
0	13:26:21.170	'1809640': modify order #39818967 sell 0.01 EURUSD at 1.11732 sl: 1.12153 tp: 1.09784 -> sl: 1.12153 tp: 1.09772
0	13:26:21.659	'1809640': order #39818967 sell 0.01 EURUSD at 1.11732 was modified -> sl: 1.12153 tp: 1.09772
0	13:26:21.659	'1809640': modify order #39820054 sell 0.01 EURUSD at 1.11814 sl: 1.12235 tp: 1.09784 -> sl: 1.12235 tp: 1.09773
0	13:26:22.183	'1809640': order #39820054 sell 0.01 EURUSD at 1.11814 was modified -> sl: 1.12235 tp: 1.09773
0	13:26:22.183	'1809640': modify order #39820265 sell 0.01 EURUSD at 1.11803 sl: 1.12224 tp: 1.09785 -> sl: 1.12224 tp: 1.09773
0	13:26:22.605	'1809640': order #39820265 sell 0.01 EURUSD at 1.11803 was modified -> sl: 1.12224 tp: 1.09773
0	13:26:22.605	'1809640': modify order #39842208 sell 0.01 EURUSD at 1.11350 sl: 1.11771 tp: 1.09788 -> sl: 1.11771 tp: 1.09773
0	13:26:23.063	'1809640': order #39842208 sell 0.01 EURUSD at 1.11350 was modified -> sl: 1.11771 tp: 1.09773
0	13:26:23.063	'1809640': modify order #39973897 sell 0.01 EURUSD at 1.10508 sl: 1.10927 tp: 1.09786 -> sl: 1.10927 tp: 1.09773
0	13:26:23.484	'1809640': order #39973897 sell 0.01 EURUSD at 1.10508 was modified -> sl: 1.10927 tp: 1.09773
0	13:26:23.484	'1809640': modify order #39974995 sell 0.01 EURUSD at 1.10367 sl: 1.10787 tp: 1.09784 -> sl: 1.10787 tp: 1.09773
0	13:26:23.878	'1809640': order #39974995 sell 0.01 EURUSD at 1.10367 was modified -> sl: 1.10787 tp: 1.09773
0	13:26:23.878	'1809640': modify order #39975666 sell 0.01 EURUSD at 1.10317 sl: 1.10739 tp: 1.09784 -> sl: 1.10739 tp: 1.09772
0	13:26:24.332	'1809640': order #39975666 sell 0.01 EURUSD at 1.10317 was modified -> sl: 1.10739 tp: 1.09772
0	13:26:24.332	'1809640': modify order #39976375 sell 0.01 EURUSD at 1.10340 sl: 1.10758 tp: 1.09785 -> sl: 1.10758 tp: 1.09772
0	13:26:25.083	'1809640': order #39976375 sell 0.01 EURUSD at 1.10340 was modified -> sl: 1.10758 tp: 1.09772
0	13:26:25.083	'1809640': modify order #39976961 sell 0.01 EURUSD at 1.10295 sl: 1.10716 tp: 1.09785 -> sl: 1.10716 tp: 1.09772
0	13:26:25.343	'1809640': order #39976961 sell 0.01 EURUSD at 1.10295 was modified -> sl: 1.10716 tp: 1.09772
0	13:26:25.343	'1809640': modify order #39977642 sell 0.01 EURUSD at 1.10339 sl: 1.10760 tp: 1.09785 -> sl: 1.10760 tp: 1.09773
0	13:26:25.671	'1809640': order #39977642 sell 0.01 EURUSD at 1.10339 was modified -> sl: 1.10760 tp: 1.09773
0	13:26:25.671	'1809640': modify order #39978186 sell 0.01 EURUSD at 1.10337 sl: 1.10757 tp: 1.09785 -> sl: 1.10757 tp: 1.09776
0	13:26:26.195	'1809640': order #39978186 sell 0.01 EURUSD at 1.10337 was modified -> sl: 1.10757 tp: 1.09776
0	14:00:19.897	'1809640': order sell market 0.01 EURUSD sl: 1.10806 tp: 1.10088
0	14:00:20.323	'1809640': order was opened : #39982391 sell 0.01 EURUSD at 1.10389 sl: 1.10806 tp: 1.10088
0	14:02:08.396	'1809640': modify order #39982391 sell 0.01 EURUSD at 1.10389 sl: 1.10806 tp: 1.10088 -> sl: 1.10806 tp: 1.10086
0	14:02:09.247	'1809640': order #39982391 sell 0.01 EURUSD at 1.10389 was modified -> sl: 1.10806 tp: 1.10086
0	14:05:16.691	'1809640': modify order #39982391 sell 0.01 EURUSD at 1.10389 sl: 1.10806 tp: 1.10086 -> sl: 1.10806 tp: 1.10085
0	14:05:17.247	'1809640': order #39982391 sell 0.01 EURUSD at 1.10389 was modified -> sl: 1.10806 tp: 1.10085
0	14:05:44.586	'1809640': order sell market 0.01 EURUSD sl: 1.10847 tp: 1.09987
0	14:05:44.976	'1809640': order was opened : #39982705 sell 0.01 EURUSD at 1.10427 sl: 1.10847 tp: 1.09987
0	14:05:58.944	'1809640': modify order #39982705 sell 0.01 EURUSD at 1.10427 sl: 1.10847 tp: 1.09987 -> sl: 1.10847 tp: 1.09984
0	14:05:59.792	'1809640': order #39982705 sell 0.01 EURUSD at 1.10427 was modified -> sl: 1.10847 tp: 1.09984
0	14:09:41.487	'1809640': modify order #39982705 sell 0.01 EURUSD at 1.10427 sl: 1.10847 tp: 1.09984 -> sl: 1.10847 tp: 1.09977
0	14:09:41.974	'1809640': order #39982705 sell 0.01 EURUSD at 1.10427 was modified -> sl: 1.10847 tp: 1.09977
0	14:10:07.151	'1809640': modify order #39982705 sell 0.01 EURUSD at 1.10427 sl: 1.10847 tp: 1.09977 -> sl: 1.10847 tp: 1.09959
0	14:10:07.674	'1809640': order #39982705 sell 0.01 EURUSD at 1.10427 was modified -> sl: 1.10847 tp: 1.09959
0	14:14:54.615	'1809640': modify order #39982705 sell 0.01 EURUSD at 1.10427 sl: 1.10847 tp: 1.09959 -> sl: 1.10847 tp: 1.09957
0	14:14:54.777	'1809640': order #39982705 sell 0.01 EURUSD at 1.10427 was modified -> sl: 1.10847 tp: 1.09957
0	14:17:16.312	'1809640': modify order #39982705 sell 0.01 EURUSD at 1.10427 sl: 1.10847 tp: 1.09957 -> sl: 1.10847 tp: 1.09918
0	14:17:16.868	'1809640': order #39982705 sell 0.01 EURUSD at 1.10427 was modified -> sl: 1.10847 tp: 1.09918
0	14:19:20.016	'1809640': modify order #39982705 sell 0.01 EURUSD at 1.10427 sl: 1.10847 tp: 1.09918 -> sl: 1.10847 tp: 1.09914
0	14:19:20.987	'1809640': order #39982705 sell 0.01 EURUSD at 1.10427 was modified -> sl: 1.10847 tp: 1.09914
0	14:24:04.355	'1809640': modify order #39982705 sell 0.01 EURUSD at 1.10427 sl: 1.10847 tp: 1.09914 -> sl: 1.10847 tp: 1.09867
0	14:24:05.820	'1809640': order #39982705 sell 0.01 EURUSD at 1.10427 was modified -> sl: 1.10847 tp: 1.09867
0	15:01:34.644	'1809640': modify order #39982705 sell 0.01 EURUSD at 1.10427 sl: 1.10847 tp: 1.09867 -> sl: 1.10847 tp: 1.09853
0	15:01:34.970	'1809640': order #39982705 sell 0.01 EURUSD at 1.10427 was modified -> sl: 1.10847 tp: 1.09853
0	15:10:29.955	'1809640': modify order #39982705 sell 0.01 EURUSD at 1.10427 sl: 1.10847 tp: 1.09853 -> sl: 1.10847 tp: 1.09835
0	15:10:31.163	'1809640': order #39982705 sell 0.01 EURUSD at 1.10427 was modified -> sl: 1.10847 tp: 1.09835
0	15:11:15.987	'1809640': modify order #39982705 sell 0.01 EURUSD at 1.10427 sl: 1.10847 tp: 1.09835 -> sl: 1.10847 tp: 1.09830
0	15:11:16.641	'1809640': order #39982705 sell 0.01 EURUSD at 1.10427 was modified -> sl: 1.10847 tp: 1.09830
0	15:14:46.935	'1809640': modify order #39982705 sell 0.01 EURUSD at 1.10427 sl: 1.10847 tp: 1.09830 -> sl: 1.10847 tp: 1.09829
0	15:14:47.389	'1809640': order #39982705 sell 0.01 EURUSD at 1.10427 was modified -> sl: 1.10847 tp: 1.09829
0	15:15:13.220	'1809640': modify order #39982705 sell 0.01 EURUSD at 1.10427 sl: 1.10847 tp: 1.09829 -> sl: 1.10847 tp: 1.09820
0	15:15:13.479	'1809640': order #39982705 sell 0.01 EURUSD at 1.10427 was modified -> sl: 1.10847 tp: 1.09820
0	15:19:35.160	'1809640': modify order #39982705 sell 0.01 EURUSD at 1.10427 sl: 1.10847 tp: 1.09820 -> sl: 1.10847 tp: 1.09819
0	15:19:35.814	'1809640': order #39982705 sell 0.01 EURUSD at 1.10427 was modified -> sl: 1.10847 tp: 1.09819
0	15:21:11.291	'1809640': modify order #39982705 sell 0.01 EURUSD at 1.10427 sl: 1.10847 tp: 1.09819 -> sl: 1.10847 tp: 1.09778
0	15:21:11.945	'1809640': order #39982705 sell 0.01 EURUSD at 1.10427 was modified -> sl: 1.10847 tp: 1.09778
0	15:37:04.799	'1809640': order #39618501 buy 0.01 EURUSD at 1.10601 closed due stop-loss at price 1.10180
0	15:37:10.993	'1809640': order sell market 0.01 EURUSD sl: 1.10600 tp: 1.09740
0	15:37:11.285	'1809640': order was opened : #39991692 sell 0.01 EURUSD at 1.10183 sl: 1.10600 tp: 1.09740
0	15:37:11.317	'1809640': modify order #39778089 sell 0.01 EURUSD at 1.11629 sl: 1.12046 tp: 1.09773 -> sl: 1.12046 tp: 1.09743
0	15:37:11.711	'1809640': order #39778089 sell 0.01 EURUSD at 1.11629 was modified -> sl: 1.12046 tp: 1.09743
0	15:37:11.711	'1809640': modify order #39778332 sell 0.01 EURUSD at 1.11606 sl: 1.12027 tp: 1.09773 -> sl: 1.12027 tp: 1.09743
0	15:37:12.101	'1809640': order #39778332 sell 0.01 EURUSD at 1.11606 was modified -> sl: 1.12027 tp: 1.09743
0	15:37:12.133	'1809640': modify order #39778472 sell 0.01 EURUSD at 1.11581 sl: 1.12003 tp: 1.09773 -> sl: 1.12003 tp: 1.09742
0	15:37:12.462	'1809640': order #39778472 sell 0.01 EURUSD at 1.11581 was modified -> sl: 1.12003 tp: 1.09742
0	15:37:12.462	'1809640': modify order #39778602 sell 0.01 EURUSD at 1.11557 sl: 1.11979 tp: 1.09772 -> sl: 1.11979 tp: 1.09742
0	15:37:12.921	'1809640': order #39778602 sell 0.01 EURUSD at 1.11557 was modified -> sl: 1.11979 tp: 1.09742
0	15:37:12.953	'1809640': modify order #39779003 sell 0.01 EURUSD at 1.11544 sl: 1.11967 tp: 1.09772 -> sl: 1.11967 tp: 1.09742
0	15:37:13.343	'1809640': order #39779003 sell 0.01 EURUSD at 1.11544 was modified -> sl: 1.11967 tp: 1.09742
0	15:37:13.343	'1809640': modify order #39818967 sell 0.01 EURUSD at 1.11732 sl: 1.12153 tp: 1.09772 -> sl: 1.12153 tp: 1.09740
0	15:37:13.769	'1809640': order #39818967 sell 0.01 EURUSD at 1.11732 was modified -> sl: 1.12153 tp: 1.09740
0	15:37:13.769	'1809640': modify order #39820054 sell 0.01 EURUSD at 1.11814 sl: 1.12235 tp: 1.09773 -> sl: 1.12235 tp: 1.09741
0	15:37:14.191	'1809640': order #39820054 sell 0.01 EURUSD at 1.11814 was modified -> sl: 1.12235 tp: 1.09741
0	15:37:14.223	'1809640': modify order #39820265 sell 0.01 EURUSD at 1.11803 sl: 1.12224 tp: 1.09773 -> sl: 1.12224 tp: 1.09742
0	15:37:14.617	'1809640': order #39820265 sell 0.01 EURUSD at 1.11803 was modified -> sl: 1.12224 tp: 1.09742
0	15:37:14.649	'1809640': modify order #39842208 sell 0.01 EURUSD at 1.11350 sl: 1.11771 tp: 1.09773 -> sl: 1.11771 tp: 1.09741
0	15:37:14.974	'1809640': order #39842208 sell 0.01 EURUSD at 1.11350 was modified -> sl: 1.11771 tp: 1.09741
0	15:37:14.974	'1809640': modify order #39973897 sell 0.01 EURUSD at 1.10508 sl: 1.10927 tp: 1.09773 -> sl: 1.10927 tp: 1.09742
0	15:37:15.302	'1809640': order #39973897 sell 0.01 EURUSD at 1.10508 was modified -> sl: 1.10927 tp: 1.09742
0	15:37:15.302	'1809640': modify order #39974995 sell 0.01 EURUSD at 1.10367 sl: 1.10787 tp: 1.09773 -> sl: 1.10787 tp: 1.09742
0	15:37:15.724	'1809640': order #39974995 sell 0.01 EURUSD at 1.10367 was modified -> sl: 1.10787 tp: 1.09742
0	15:37:15.724	'1809640': modify order #39975666 sell 0.01 EURUSD at 1.10317 sl: 1.10739 tp: 1.09772 -> sl: 1.10739 tp: 1.09744
0	15:37:16.179	'1809640': order #39975666 sell 0.01 EURUSD at 1.10317 was modified -> sl: 1.10739 tp: 1.09744
0	15:37:16.179	'1809640': modify order #39976375 sell 0.01 EURUSD at 1.10340 sl: 1.10758 tp: 1.09772 -> sl: 1.10758 tp: 1.09744
0	15:37:16.573	'1809640': order #39976375 sell 0.01 EURUSD at 1.10340 was modified -> sl: 1.10758 tp: 1.09744
0	15:37:16.573	'1809640': modify order #39976961 sell 0.01 EURUSD at 1.10295 sl: 1.10716 tp: 1.09772 -> sl: 1.10716 tp: 1.09744
0	15:37:17.092	'1809640': order #39976961 sell 0.01 EURUSD at 1.10295 was modified -> sl: 1.10716 tp: 1.09744
0	15:37:17.092	'1809640': modify order #39977642 sell 0.01 EURUSD at 1.10339 sl: 1.10760 tp: 1.09773 -> sl: 1.10760 tp: 1.09744
0	15:37:17.485	'1809640': order #39977642 sell 0.01 EURUSD at 1.10339 was modified -> sl: 1.10760 tp: 1.09744
0	15:37:17.485	'1809640': modify order #39978186 sell 0.01 EURUSD at 1.10337 sl: 1.10757 tp: 1.09776 -> sl: 1.10757 tp: 1.09744
0	15:37:17.909	'1809640': order #39978186 sell 0.01 EURUSD at 1.10337 was modified -> sl: 1.10757 tp: 1.09744
0	15:37:17.909	'1809640': modify order #39982705 sell 0.01 EURUSD at 1.10427 sl: 1.10847 tp: 1.09778 -> sl: 1.10847 tp: 1.09743
0	15:37:18.301	'1809640': order #39982705 sell 0.01 EURUSD at 1.10427 was modified -> sl: 1.10847 tp: 1.09743
0	15:43:12.479	'1809640': modify order #39942359 sell 0.01 EURUSD at 1.10539 sl: 1.10959 tp: 1.10142 -> sl: 1.10959 tp: 1.10141
0	15:43:12.971	'1809640': order #39942359 sell 0.01 EURUSD at 1.10539 was modified -> sl: 1.10959 tp: 1.10141
0	18:09:18.444	'1809640': modify order #39942359 sell 0.01 EURUSD at 1.10539 sl: 1.10959 tp: 1.10141 -> sl: 1.10959 tp: 1.10139
0	18:09:21.018	'1809640': order #39942359 sell 0.01 EURUSD at 1.10539 was modified -> sl: 1.10959 tp: 1.10139
0	18:09:21.477	'1809640': modify order #39976112 sell 0.01 EURUSD at 1.10317 sl: 1.10736 tp: 1.10141 -> sl: 1.10736 tp: 1.10139
0	18:09:22.292	'1809640': order #39976112 sell 0.01 EURUSD at 1.10317 was modified -> sl: 1.10736 tp: 1.10139
0	19:08:16.064	'1809640': modify order #39942359 sell 0.01 EURUSD at 1.10539 sl: 1.10959 tp: 1.10139 -> sl: 1.10959 tp: 1.10135
0	19:08:16.847	'1809640': order #39942359 sell 0.01 EURUSD at 1.10539 was modified -> sl: 1.10959 tp: 1.10135
0	19:08:17.009	'1809640': modify order #39976112 sell 0.01 EURUSD at 1.10317 sl: 1.10736 tp: 1.10139 -> sl: 1.10736 tp: 1.10135
0	19:08:17.369	'1809640': order #39976112 sell 0.01 EURUSD at 1.10317 was modified -> sl: 1.10736 tp: 1.10135
0	19:09:01.213	'1809640': modify order #39942359 sell 0.01 EURUSD at 1.10539 sl: 1.10959 tp: 1.10135 -> sl: 1.10959 tp: 1.10129
0	19:09:01.931	'1809640': order #39942359 sell 0.01 EURUSD at 1.10539 was modified -> sl: 1.10959 tp: 1.10129
0	19:09:01.996	'1809640': modify order #39976112 sell 0.01 EURUSD at 1.10317 sl: 1.10736 tp: 1.10135 -> sl: 1.10736 tp: 1.10129
0	19:09:02.843	'1809640': order #39976112 sell 0.01 EURUSD at 1.10317 was modified -> sl: 1.10736 tp: 1.10129
0	19:12:58.127	'1809640': modify order #39942359 sell 0.01 EURUSD at 1.10539 sl: 1.10959 tp: 1.10129 -> sl: 1.10959 tp: 1.10119
0	19:12:58.614	'1809640': order #39942359 sell 0.01 EURUSD at 1.10539 was modified -> sl: 1.10959 tp: 1.10119
0	19:12:58.748	'1809640': modify order #39976112 sell 0.01 EURUSD at 1.10317 sl: 1.10736 tp: 1.10129 -> sl: 1.10736 tp: 1.10119
0	19:12:59.170	'1809640': order #39976112 sell 0.01 EURUSD at 1.10317 was modified -> sl: 1.10736 tp: 1.10119
0	19:13:12.487	'1809640': modify order #39942359 sell 0.01 EURUSD at 1.10539 sl: 1.10959 tp: 1.10119 -> sl: 1.10959 tp: 1.10117
0	19:13:13.010	'1809640': order #39942359 sell 0.01 EURUSD at 1.10539 was modified -> sl: 1.10959 tp: 1.10117
0	19:13:13.042	'1809640': modify order #39976112 sell 0.01 EURUSD at 1.10317 sl: 1.10736 tp: 1.10119 -> sl: 1.10736 tp: 1.10117
0	19:13:13.400	'1809640': order #39976112 sell 0.01 EURUSD at 1.10317 was modified -> sl: 1.10736 tp: 1.10117
0	19:16:52.787	'1809640': modify order #39942359 sell 0.01 EURUSD at 1.10539 sl: 1.10959 tp: 1.10117 -> sl: 1.10959 tp: 1.10113
0	19:16:53.150	'1809640': order #39942359 sell 0.01 EURUSD at 1.10539 was modified -> sl: 1.10959 tp: 1.10113
0	19:16:53.150	'1809640': modify order #39976112 sell 0.01 EURUSD at 1.10317 sl: 1.10736 tp: 1.10117 -> sl: 1.10736 tp: 1.10113
0	19:16:54.419	'1809640': order #39976112 sell 0.01 EURUSD at 1.10317 was modified -> sl: 1.10736 tp: 1.10113
0	19:18:19.904	'1809640': modify order #39942359 sell 0.01 EURUSD at 1.10539 sl: 1.10959 tp: 1.10113 -> sl: 1.10959 tp: 1.10111
0	19:18:20.424	'1809640': order #39942359 sell 0.01 EURUSD at 1.10539 was modified -> sl: 1.10959 tp: 1.10111
0	19:18:20.424	'1809640': modify order #39976112 sell 0.01 EURUSD at 1.10317 sl: 1.10736 tp: 1.10113 -> sl: 1.10736 tp: 1.10111
0	19:18:20.914	'1809640': order #39976112 sell 0.01 EURUSD at 1.10317 was modified -> sl: 1.10736 tp: 1.10111
0	21:02:12.544	'1809640': modify order #39778089 sell 0.01 EURUSD at 1.11629 sl: 1.12046 tp: 1.09743 -> sl: 1.12046 tp: 1.09708
0	21:02:13.065	'1809640': order #39778089 sell 0.01 EURUSD at 1.11629 was modified -> sl: 1.12046 tp: 1.09708
0	21:02:13.065	'1809640': modify order #39778332 sell 0.01 EURUSD at 1.11606 sl: 1.12027 tp: 1.09743 -> sl: 1.12027 tp: 1.09708
0	21:02:13.620	'1809640': order #39778332 sell 0.01 EURUSD at 1.11606 was modified -> sl: 1.12027 tp: 1.09708
0	21:02:13.786	'1809640': modify order #39778472 sell 0.01 EURUSD at 1.11581 sl: 1.12003 tp: 1.09742 -> sl: 1.12003 tp: 1.09708
0	21:02:14.211	'1809640': order #39778472 sell 0.01 EURUSD at 1.11581 was modified -> sl: 1.12003 tp: 1.09708
0	21:02:14.211	'1809640': modify order #39778602 sell 0.01 EURUSD at 1.11557 sl: 1.11979 tp: 1.09742 -> sl: 1.11979 tp: 1.09708
0	21:02:14.928	'1809640': order #39778602 sell 0.01 EURUSD at 1.11557 was modified -> sl: 1.11979 tp: 1.09708
0	21:02:14.928	'1809640': modify order #39779003 sell 0.01 EURUSD at 1.11544 sl: 1.11967 tp: 1.09742 -> sl: 1.11967 tp: 1.09708
0	21:02:15.090	'1809640': order #39779003 sell 0.01 EURUSD at 1.11544 was modified -> sl: 1.11967 tp: 1.09708
0	21:02:15.090	'1809640': modify order #39818967 sell 0.01 EURUSD at 1.11732 sl: 1.12153 tp: 1.09740 -> sl: 1.12153 tp: 1.09708
0	21:02:15.548	'1809640': order #39818967 sell 0.01 EURUSD at 1.11732 was modified -> sl: 1.12153 tp: 1.09708
0	21:02:15.613	'1809640': modify order #39820054 sell 0.01 EURUSD at 1.11814 sl: 1.12235 tp: 1.09741 -> sl: 1.12235 tp: 1.09708
0	21:02:16.107	'1809640': order #39820054 sell 0.01 EURUSD at 1.11814 was modified -> sl: 1.12235 tp: 1.09708
0	21:02:16.140	'1809640': modify order #39820265 sell 0.01 EURUSD at 1.11803 sl: 1.12224 tp: 1.09742 -> sl: 1.12224 tp: 1.09740
0	21:02:16.598	'1809640': order #39820265 sell 0.01 EURUSD at 1.11803 was modified -> sl: 1.12224 tp: 1.09740
