0	21:00:21.949	'1809640': order sell market 0.01 EURUSD sl: 1.14187 tp: 1.13581
0	21:00:22.339	'1809640': order was opened : #40224631 sell 0.01 EURUSD at 1.13721 sl: 1.14187 tp: 1.13581
0	21:05:31.418	'1809640': order sell market 0.01 EURUSD sl: 1.14182 tp: 1.13305
0	21:05:31.746	'1809640': order was opened : #40225042 sell 0.01 EURUSD at 1.13745 sl: 1.14182 tp: 1.13305
0	21:07:54.027	'1809640': modify order #40225042 sell 0.01 EURUSD at 1.13745 sl: 1.14182 tp: 1.13305 -> sl: 1.14182 tp: 1.13301
0	21:07:54.355	'1809640': order #40225042 sell 0.01 EURUSD at 1.13745 was modified -> sl: 1.14182 tp: 1.13301
0	21:10:46.340	'1809640': order sell market 0.01 EURUSD sl: 1.14183 tp: 1.13312
0	21:10:46.699	'1809640': order was opened : #40225250 sell 0.01 EURUSD at 1.13752 sl: 1.14183 tp: 1.13312
0	21:15:13.793	'1809640': order sell market 0.01 EURUSD sl: 1.14165 tp: 1.13297
0	21:15:14.168	'1809640': order was opened : #40225355 sell 0.01 EURUSD at 1.13729 sl: 1.14165 tp: 1.13297
0	21:15:14.324	'1809640': modify order #40225042 sell 0.01 EURUSD at 1.13745 sl: 1.14182 tp: 1.13301 -> sl: 1.14182 tp: 1.13297
0	21:15:14.559	'1809640': order #40225042 sell 0.01 EURUSD at 1.13745 was modified -> sl: 1.14182 tp: 1.13297
0	21:15:14.574	'1809640': modify order #40225250 sell 0.01 EURUSD at 1.13752 sl: 1.14183 tp: 1.13312 -> sl: 1.14183 tp: 1.13297
0	21:15:14.840	'1809640': order #40225250 sell 0.01 EURUSD at 1.13752 was modified -> sl: 1.14183 tp: 1.13297
0	21:16:38.230	'1809640': modify order #40225042 sell 0.01 EURUSD at 1.13745 sl: 1.14182 tp: 1.13297 -> sl: 1.14182 tp: 1.13293
0	21:16:38.559	'1809640': order #40225042 sell 0.01 EURUSD at 1.13745 was modified -> sl: 1.14182 tp: 1.13293
0	21:16:38.559	'1809640': modify order #40225250 sell 0.01 EURUSD at 1.13752 sl: 1.14183 tp: 1.13297 -> sl: 1.14183 tp: 1.13289
0	21:16:38.840	'1809640': order #40225250 sell 0.01 EURUSD at 1.13752 was modified -> sl: 1.14183 tp: 1.13289
0	21:16:38.840	'1809640': modify order #40225355 sell 0.01 EURUSD at 1.13729 sl: 1.14165 tp: 1.13297 -> sl: 1.14165 tp: 1.13289
0	21:16:39.184	'1809640': order #40225355 sell 0.01 EURUSD at 1.13729 was modified -> sl: 1.14165 tp: 1.13289
0	21:20:33.574	'1809640': order sell market 0.01 EURUSD sl: 1.14226 tp: 1.13358
0	21:20:33.918	'1809640': order was opened : #40225500 sell 0.01 EURUSD at 1.13798 sl: 1.14226 tp: 1.13358
0	21:28:16.262	'1809640': order sell market 0.01 EURUSD sl: 1.14252 tp: 1.13367
0	21:28:16.590	'1809640': order was opened : #40225596 sell 0.01 EURUSD at 1.13807 sl: 1.14252 tp: 1.13367
0	21:31:42.793	'1809640': modify order #40225596 sell 0.01 EURUSD at 1.13807 sl: 1.14252 tp: 1.13367 -> sl: 1.14252 tp: 1.13361
0	21:31:43.106	'1809640': order #40225596 sell 0.01 EURUSD at 1.13807 was modified -> sl: 1.14252 tp: 1.13361
0	21:35:07.575	'1809640': order sell market 0.01 EURUSD sl: 1.14204 tp: 1.13326
0	21:35:07.887	'1809640': order was opened : #40225645 sell 0.01 EURUSD at 1.13753 sl: 1.14204 tp: 1.13326
0	21:35:07.997	'1809640': modify order #40225500 sell 0.01 EURUSD at 1.13798 sl: 1.14226 tp: 1.13358 -> sl: 1.14226 tp: 1.13313
0	21:35:08.309	'1809640': order #40225500 sell 0.01 EURUSD at 1.13798 was modified -> sl: 1.14226 tp: 1.13313
0	21:35:08.309	'1809640': modify order #40225596 sell 0.01 EURUSD at 1.13807 sl: 1.14252 tp: 1.13361 -> sl: 1.14252 tp: 1.13313
0	21:35:08.637	'1809640': order #40225596 sell 0.01 EURUSD at 1.13807 was modified -> sl: 1.14252 tp: 1.13313
0	21:35:08.700	'1809640': modify order #40225645 sell 0.01 EURUSD at 1.13753 sl: 1.14204 tp: 1.13326 -> sl: 1.14204 tp: 1.13315
0	21:35:09.012	'1809640': order #40225645 sell 0.01 EURUSD at 1.13753 was modified -> sl: 1.14204 tp: 1.13315
0	21:41:16.309	'1809640': order sell market 0.01 EURUSD sl: 1.14195 tp: 1.13312
0	21:41:16.622	'1809640': order was opened : #40225710 sell 0.01 EURUSD at 1.13749 sl: 1.14195 tp: 1.13312
0	21:41:16.716	'1809640': modify order #40225500 sell 0.01 EURUSD at 1.13798 sl: 1.14226 tp: 1.13313 -> sl: 1.14226 tp: 1.13309
0	21:41:17.044	'1809640': order #40225500 sell 0.01 EURUSD at 1.13798 was modified -> sl: 1.14226 tp: 1.13309
0	21:41:17.044	'1809640': modify order #40225596 sell 0.01 EURUSD at 1.13807 sl: 1.14252 tp: 1.13313 -> sl: 1.14252 tp: 1.13309
0	21:41:17.387	'1809640': order #40225596 sell 0.01 EURUSD at 1.13807 was modified -> sl: 1.14252 tp: 1.13309
0	21:41:17.403	'1809640': modify order #40225645 sell 0.01 EURUSD at 1.13753 sl: 1.14204 tp: 1.13315 -> sl: 1.14204 tp: 1.13309
0	21:41:17.716	'1809640': order #40225645 sell 0.01 EURUSD at 1.13753 was modified -> sl: 1.14204 tp: 1.13309
0	21:41:17.716	'1809640': modify order #40225710 sell 0.01 EURUSD at 1.13749 sl: 1.14195 tp: 1.13312 -> sl: 1.14195 tp: 1.13309
0	21:41:18.012	'1809640': order #40225710 sell 0.01 EURUSD at 1.13749 was modified -> sl: 1.14195 tp: 1.13309
0	21:43:50.653	'1809640': modify order #40225500 sell 0.01 EURUSD at 1.13798 sl: 1.14226 tp: 1.13309 -> sl: 1.14226 tp: 1.13303
0	21:43:50.966	'1809640': order #40225500 sell 0.01 EURUSD at 1.13798 was modified -> sl: 1.14226 tp: 1.13303
0	21:43:50.981	'1809640': modify order #40225596 sell 0.01 EURUSD at 1.13807 sl: 1.14252 tp: 1.13309 -> sl: 1.14252 tp: 1.13305
0	21:43:51.278	'1809640': order #40225596 sell 0.01 EURUSD at 1.13807 was modified -> sl: 1.14252 tp: 1.13305
0	21:44:42.653	'1809640': modify order #40225596 sell 0.01 EURUSD at 1.13807 sl: 1.14252 tp: 1.13305 -> sl: 1.14252 tp: 1.13303
0	21:44:42.966	'1809640': order #40225596 sell 0.01 EURUSD at 1.13807 was modified -> sl: 1.14252 tp: 1.13303
0	21:44:42.981	'1809640': modify order #40225645 sell 0.01 EURUSD at 1.13753 sl: 1.14204 tp: 1.13309 -> sl: 1.14204 tp: 1.13303
0	21:44:43.278	'1809640': order #40225645 sell 0.01 EURUSD at 1.13753 was modified -> sl: 1.14204 tp: 1.13303
0	21:44:43.294	'1809640': modify order #40225710 sell 0.01 EURUSD at 1.13749 sl: 1.14195 tp: 1.13309 -> sl: 1.14195 tp: 1.13303
0	21:44:43.606	'1809640': order #40225710 sell 0.01 EURUSD at 1.13749 was modified -> sl: 1.14195 tp: 1.13303
0	21:48:16.372	'1809640': order buy market 0.01 EURUSD sl: 1.13353 tp: 1.13961
0	21:48:16.700	'1809640': order was opened : #40225805 buy 0.01 EURUSD at 1.13783 sl: 1.13353 tp: 1.13961
0	21:49:52.841	'1809640': modify order #40225805 buy 0.01 EURUSD at 1.13783 sl: 1.13353 tp: 1.13961 -> sl: 1.13353 tp: 1.13963
0	21:49:53.169	'1809640': order #40225805 buy 0.01 EURUSD at 1.13783 was modified -> sl: 1.13353 tp: 1.13963
0	21:50:41.513	'1809640': modify order #40225805 buy 0.01 EURUSD at 1.13783 sl: 1.13353 tp: 1.13963 -> sl: 1.13353 tp: 1.13966
0	21:50:41.841	'1809640': order #40225805 buy 0.01 EURUSD at 1.13783 was modified -> sl: 1.13353 tp: 1.13966
0	21:53:32.450	'1809640': order buy market 0.01 EURUSD sl: 1.13344 tp: 1.14220
0	21:53:32.700	'1809640': order was opened : #40225856 buy 0.01 EURUSD at 1.13780 sl: 1.13344 tp: 1.14220
0	21:54:35.825	'1809640': modify order #40225856 buy 0.01 EURUSD at 1.13780 sl: 1.13344 tp: 1.14220 -> sl: 1.13344 tp: 1.14232
0	21:54:36.154	'1809640': order #40225856 buy 0.01 EURUSD at 1.13780 was modified -> sl: 1.13344 tp: 1.14232
0	21:58:14.700	'1809640': modify order #40225042 sell 0.01 EURUSD at 1.13745 sl: 1.14182 tp: 1.13293 -> sl: 1.14182 tp: 1.13290
0	21:58:15.138	'1809640': order #40225042 sell 0.01 EURUSD at 1.13745 was modified -> sl: 1.14182 tp: 1.13290
0	21:58:15.154	'1809640': modify order #40225500 sell 0.01 EURUSD at 1.13798 sl: 1.14226 tp: 1.13303 -> sl: 1.14226 tp: 1.13289
0	21:58:15.404	'1809640': order #40225500 sell 0.01 EURUSD at 1.13798 was modified -> sl: 1.14226 tp: 1.13289
0	21:58:15.419	'1809640': modify order #40225596 sell 0.01 EURUSD at 1.13807 sl: 1.14252 tp: 1.13303 -> sl: 1.14252 tp: 1.13282
0	21:58:15.732	'1809640': order #40225596 sell 0.01 EURUSD at 1.13807 was modified -> sl: 1.14252 tp: 1.13282
0	21:58:15.747	'1809640': modify order #40225645 sell 0.01 EURUSD at 1.13753 sl: 1.14204 tp: 1.13303 -> sl: 1.14204 tp: 1.13289
0	21:58:16.044	'1809640': order #40225645 sell 0.01 EURUSD at 1.13753 was modified -> sl: 1.14204 tp: 1.13289
0	21:58:16.060	'1809640': modify order #40225710 sell 0.01 EURUSD at 1.13749 sl: 1.14195 tp: 1.13303 -> sl: 1.14195 tp: 1.13289
0	21:58:16.388	'1809640': order #40225710 sell 0.01 EURUSD at 1.13749 was modified -> sl: 1.14195 tp: 1.13289
0	21:58:16.404	'1809640': modify order #40225805 buy 0.01 EURUSD at 1.13783 sl: 1.13353 tp: 1.13966 -> sl: 1.13353 tp: 1.13969
0	21:58:16.716	'1809640': order #40225805 buy 0.01 EURUSD at 1.13783 was modified -> sl: 1.13353 tp: 1.13969
0	21:59:07.935	'1809640': modify order #40225042 sell 0.01 EURUSD at 1.13745 sl: 1.14182 tp: 1.13290 -> sl: 1.14182 tp: 1.13281
0	21:59:08.232	'1809640': order #40225042 sell 0.01 EURUSD at 1.13745 was modified -> sl: 1.14182 tp: 1.13281
0	21:59:08.279	'1809640': modify order #40225250 sell 0.01 EURUSD at 1.13752 sl: 1.14183 tp: 1.13289 -> sl: 1.14183 tp: 1.13281
0	21:59:08.576	'1809640': order #40225250 sell 0.01 EURUSD at 1.13752 was modified -> sl: 1.14183 tp: 1.13281
0	21:59:08.607	'1809640': modify order #40225355 sell 0.01 EURUSD at 1.13729 sl: 1.14165 tp: 1.13289 -> sl: 1.14165 tp: 1.13287
0	21:59:08.919	'1809640': order #40225355 sell 0.01 EURUSD at 1.13729 was modified -> sl: 1.14165 tp: 1.13287
0	21:59:08.919	'1809640': modify order #40225500 sell 0.01 EURUSD at 1.13798 sl: 1.14226 tp: 1.13289 -> sl: 1.14226 tp: 1.13287
0	21:59:09.216	'1809640': order #40225500 sell 0.01 EURUSD at 1.13798 was modified -> sl: 1.14226 tp: 1.13287
0	21:59:09.232	'1809640': modify order #40225645 sell 0.01 EURUSD at 1.13753 sl: 1.14204 tp: 1.13289 -> sl: 1.14204 tp: 1.13287
0	21:59:09.529	'1809640': order #40225645 sell 0.01 EURUSD at 1.13753 was modified -> sl: 1.14204 tp: 1.13287
0	21:59:09.544	'1809640': modify order #40225710 sell 0.01 EURUSD at 1.13749 sl: 1.14195 tp: 1.13289 -> sl: 1.14195 tp: 1.13287
0	21:59:09.872	'1809640': order #40225710 sell 0.01 EURUSD at 1.13749 was modified -> sl: 1.14195 tp: 1.13287
0	21:59:09.888	'1809640': modify order #40225805 buy 0.01 EURUSD at 1.13783 sl: 1.13353 tp: 1.13969 -> sl: 1.13353 tp: 1.13972
0	21:59:10.200	'1809640': order #40225805 buy 0.01 EURUSD at 1.13783 was modified -> sl: 1.13353 tp: 1.13972
0	22:00:06.794	'1809640': order buy market 0.01 EURUSD sl: 1.13331 tp: 1.14214
0	22:00:07.185	'1809640': order was opened : #40225932 buy 0.01 EURUSD at 1.13774 sl: 1.13331 tp: 1.14214
0	22:00:07.341	'1809640': modify order #40225932 buy 0.01 EURUSD at 1.13774 sl: 1.13331 tp: 1.14214 -> sl: 1.13331 tp: 1.14216
0	22:00:07.654	'1809640': order #40225932 buy 0.01 EURUSD at 1.13774 was modified -> sl: 1.13331 tp: 1.14216
0	22:01:21.451	'1809640': modify order #40225932 buy 0.01 EURUSD at 1.13774 sl: 1.13331 tp: 1.14216 -> sl: 1.13331 tp: 1.14232
0	22:01:21.716	'1809640': order #40225932 buy 0.01 EURUSD at 1.13774 was modified -> sl: 1.13331 tp: 1.14232
0	22:05:08.638	'1809640': order buy market 0.01 EURUSD sl: 1.13354 tp: 1.13917
0	22:05:08.998	'1809640': order was opened : #40226011 buy 0.01 EURUSD at 1.13787 sl: 1.13354 tp: 1.13917
0	22:07:05.732	'1809640': modify order #40225856 buy 0.01 EURUSD at 1.13780 sl: 1.13344 tp: 1.14232 -> sl: 1.13344 tp: 1.14239
0	22:07:06.045	'1809640': order #40225856 buy 0.01 EURUSD at 1.13780 was modified -> sl: 1.13344 tp: 1.14239
0	22:07:06.045	'1809640': modify order #40225932 buy 0.01 EURUSD at 1.13774 sl: 1.13331 tp: 1.14232 -> sl: 1.13331 tp: 1.14238
0	22:07:06.388	'1809640': order #40225932 buy 0.01 EURUSD at 1.13774 was modified -> sl: 1.13331 tp: 1.14238
0	22:08:04.498	'1809640': modify order #40225856 buy 0.01 EURUSD at 1.13780 sl: 1.13344 tp: 1.14239 -> sl: 1.13344 tp: 1.14240
0	22:08:04.826	'1809640': order #40225856 buy 0.01 EURUSD at 1.13780 was modified -> sl: 1.13344 tp: 1.14240
0	22:08:04.841	'1809640': modify order #40225932 buy 0.01 EURUSD at 1.13774 sl: 1.13331 tp: 1.14238 -> sl: 1.13331 tp: 1.14240
0	22:08:05.154	'1809640': order #40225932 buy 0.01 EURUSD at 1.13774 was modified -> sl: 1.13331 tp: 1.14240
0	22:09:09.841	'1809640': order buy market 0.01 EURUSD sl: 1.13374 tp: 1.14238
0	22:09:10.154	'1809640': order was opened : #40226056 buy 0.01 EURUSD at 1.13805 sl: 1.13374 tp: 1.14238
0	22:09:10.185	'1809640': modify order #40225856 buy 0.01 EURUSD at 1.13780 sl: 1.13344 tp: 1.14240 -> sl: 1.13344 tp: 1.14245
0	22:09:10.466	'1809640': order #40225856 buy 0.01 EURUSD at 1.13780 was modified -> sl: 1.13344 tp: 1.14245
0	22:09:10.482	'1809640': modify order #40225932 buy 0.01 EURUSD at 1.13774 sl: 1.13331 tp: 1.14240 -> sl: 1.13331 tp: 1.14245
0	22:09:10.795	'1809640': order #40225932 buy 0.01 EURUSD at 1.13774 was modified -> sl: 1.13331 tp: 1.14245
0	22:09:10.810	'1809640': modify order #40226011 buy 0.01 EURUSD at 1.13787 sl: 1.13354 tp: 1.13917 -> sl: 1.13354 tp: 1.13920
0	22:09:11.123	'1809640': order #40226011 buy 0.01 EURUSD at 1.13787 was modified -> sl: 1.13354 tp: 1.13920
0	22:09:11.138	'1809640': modify order #40226056 buy 0.01 EURUSD at 1.13805 sl: 1.13374 tp: 1.14238 -> sl: 1.13374 tp: 1.14245
0	22:09:11.482	'1809640': order #40226056 buy 0.01 EURUSD at 1.13805 was modified -> sl: 1.13374 tp: 1.14245
0	22:13:08.638	'1809640': modify order #40225856 buy 0.01 EURUSD at 1.13780 sl: 1.13344 tp: 1.14245 -> sl: 1.13344 tp: 1.14248
0	22:13:08.935	'1809640': order #40225856 buy 0.01 EURUSD at 1.13780 was modified -> sl: 1.13344 tp: 1.14248
0	22:13:08.951	'1809640': modify order #40225932 buy 0.01 EURUSD at 1.13774 sl: 1.13331 tp: 1.14245 -> sl: 1.13331 tp: 1.14248
0	22:13:09.263	'1809640': order #40225932 buy 0.01 EURUSD at 1.13774 was modified -> sl: 1.13331 tp: 1.14248
0	22:13:09.263	'1809640': modify order #40226056 buy 0.01 EURUSD at 1.13805 sl: 1.13374 tp: 1.14245 -> sl: 1.13374 tp: 1.14248
0	22:13:09.560	'1809640': order #40226056 buy 0.01 EURUSD at 1.13805 was modified -> sl: 1.13374 tp: 1.14248
0	22:16:39.279	'1809640': order sell market 0.01 EURUSD sl: 1.14213 tp: 1.13348
0	22:16:39.514	'1809640': order was opened : #40226136 sell 0.01 EURUSD at 1.13786 sl: 1.14213 tp: 1.13348
0	22:16:39.623	'1809640': modify order #40225856 buy 0.01 EURUSD at 1.13780 sl: 1.13344 tp: 1.14248 -> sl: 1.13344 tp: 1.14253
0	22:16:39.967	'1809640': order #40225856 buy 0.01 EURUSD at 1.13780 was modified -> sl: 1.13344 tp: 1.14253
0	22:16:39.982	'1809640': modify order #40225932 buy 0.01 EURUSD at 1.13774 sl: 1.13331 tp: 1.14248 -> sl: 1.13331 tp: 1.14254
0	22:16:40.295	'1809640': order #40225932 buy 0.01 EURUSD at 1.13774 was modified -> sl: 1.13331 tp: 1.14254
0	22:16:40.310	'1809640': modify order #40226056 buy 0.01 EURUSD at 1.13805 sl: 1.13374 tp: 1.14248 -> sl: 1.13374 tp: 1.14254
0	22:16:40.607	'1809640': order #40226056 buy 0.01 EURUSD at 1.13805 was modified -> sl: 1.13374 tp: 1.14254
0	22:16:40.623	'1809640': modify order #40226136 sell 0.01 EURUSD at 1.13786 sl: 1.14213 tp: 1.13348 -> sl: 1.14213 tp: 1.13345
0	22:16:40.920	'1809640': order #40226136 sell 0.01 EURUSD at 1.13786 was modified -> sl: 1.14213 tp: 1.13345
0	22:17:10.389	'1809640': modify order #40225856 buy 0.01 EURUSD at 1.13780 sl: 1.13344 tp: 1.14253 -> sl: 1.13344 tp: 1.14260
0	22:17:10.717	'1809640': order #40225856 buy 0.01 EURUSD at 1.13780 was modified -> sl: 1.13344 tp: 1.14260
0	22:17:10.748	'1809640': modify order #40225932 buy 0.01 EURUSD at 1.13774 sl: 1.13331 tp: 1.14254 -> sl: 1.13331 tp: 1.14262
0	22:17:11.107	'1809640': order #40225932 buy 0.01 EURUSD at 1.13774 was modified -> sl: 1.13331 tp: 1.14262
0	22:17:11.107	'1809640': modify order #40226011 buy 0.01 EURUSD at 1.13787 sl: 1.13354 tp: 1.13920 -> sl: 1.13354 tp: 1.13952
0	22:17:11.373	'1809640': order #40226011 buy 0.01 EURUSD at 1.13787 was modified -> sl: 1.13354 tp: 1.13952
0	22:17:11.389	'1809640': modify order #40226056 buy 0.01 EURUSD at 1.13805 sl: 1.13374 tp: 1.14254 -> sl: 1.13374 tp: 1.14263
0	22:17:11.717	'1809640': order #40226056 buy 0.01 EURUSD at 1.13805 was modified -> sl: 1.13374 tp: 1.14263
0	22:18:09.826	'1809640': modify order #40225856 buy 0.01 EURUSD at 1.13780 sl: 1.13344 tp: 1.14260 -> sl: 1.13344 tp: 1.14269
0	22:18:10.154	'1809640': order #40225856 buy 0.01 EURUSD at 1.13780 was modified -> sl: 1.13344 tp: 1.14269
0	22:18:10.185	'1809640': modify order #40225932 buy 0.01 EURUSD at 1.13774 sl: 1.13331 tp: 1.14262 -> sl: 1.13331 tp: 1.14270
0	22:18:10.514	'1809640': order #40225932 buy 0.01 EURUSD at 1.13774 was modified -> sl: 1.13331 tp: 1.14270
0	22:18:10.560	'1809640': modify order #40226011 buy 0.01 EURUSD at 1.13787 sl: 1.13354 tp: 1.13952 -> sl: 1.13354 tp: 1.13972
0	22:18:10.810	'1809640': order #40226011 buy 0.01 EURUSD at 1.13787 was modified -> sl: 1.13354 tp: 1.13972
0	22:18:10.842	'1809640': modify order #40226056 buy 0.01 EURUSD at 1.13805 sl: 1.13374 tp: 1.14263 -> sl: 1.13374 tp: 1.14276
0	22:18:11.154	'1809640': order #40226056 buy 0.01 EURUSD at 1.13805 was modified -> sl: 1.13374 tp: 1.14276
0	22:19:27.014	'1809640': modify order #40225856 buy 0.01 EURUSD at 1.13780 sl: 1.13344 tp: 1.14269 -> sl: 1.13344 tp: 1.14278
0	22:19:27.342	'1809640': order #40225856 buy 0.01 EURUSD at 1.13780 was modified -> sl: 1.13344 tp: 1.14278
0	22:19:27.357	'1809640': modify order #40225932 buy 0.01 EURUSD at 1.13774 sl: 1.13331 tp: 1.14270 -> sl: 1.13331 tp: 1.14278
0	22:19:27.685	'1809640': order #40225932 buy 0.01 EURUSD at 1.13774 was modified -> sl: 1.13331 tp: 1.14278
0	22:19:27.701	'1809640': modify order #40226056 buy 0.01 EURUSD at 1.13805 sl: 1.13374 tp: 1.14276 -> sl: 1.13374 tp: 1.14278
0	22:19:28.014	'1809640': order #40226056 buy 0.01 EURUSD at 1.13805 was modified -> sl: 1.13374 tp: 1.14278
0	22:20:22.154	'1809640': modify order #40225856 buy 0.01 EURUSD at 1.13780 sl: 1.13344 tp: 1.14278 -> sl: 1.13344 tp: 1.14309
0	22:20:22.482	'1809640': order #40225856 buy 0.01 EURUSD at 1.13780 was modified -> sl: 1.13344 tp: 1.14309
0	22:20:22.498	'1809640': modify order #40225932 buy 0.01 EURUSD at 1.13774 sl: 1.13331 tp: 1.14278 -> sl: 1.13331 tp: 1.14309
0	22:20:22.811	'1809640': order #40225932 buy 0.01 EURUSD at 1.13774 was modified -> sl: 1.13331 tp: 1.14309
0	22:20:22.811	'1809640': modify order #40226011 buy 0.01 EURUSD at 1.13787 sl: 1.13354 tp: 1.13972 -> sl: 1.13354 tp: 1.14014
0	22:20:23.154	'1809640': order #40226011 buy 0.01 EURUSD at 1.13787 was modified -> sl: 1.13354 tp: 1.14014
0	22:20:23.186	'1809640': modify order #40226056 buy 0.01 EURUSD at 1.13805 sl: 1.13374 tp: 1.14278 -> sl: 1.13374 tp: 1.14314
0	22:20:23.514	'1809640': order #40226056 buy 0.01 EURUSD at 1.13805 was modified -> sl: 1.13374 tp: 1.14314
0	22:20:23.529	'1809640': close order #39507820 buy 0.01 EURUSD at 1.09652 sl: 1.09224 tp: 1.14390 at price 0.00000
0	22:20:23.826	'1809640': order #39507820 buy 0.01 EURUSD at 1.09652 sl: 1.09224 tp: 1.14390 closed at price 1.13834
0	22:22:47.342	'1809640': order sell market 0.01 EURUSD sl: 1.14247 tp: 1.13388
0	22:22:47.764	'1809640': order was opened : #40226281 sell 0.01 EURUSD at 1.13828 sl: 1.14247 tp: 1.13388
0	22:22:48.092	'1809640': modify order #40226011 buy 0.01 EURUSD at 1.13787 sl: 1.13354 tp: 1.14014 -> sl: 1.13354 tp: 1.14020
0	22:22:48.326	'1809640': order #40226011 buy 0.01 EURUSD at 1.13787 was modified -> sl: 1.13354 tp: 1.14020
0	22:22:48.342	'1809640': modify order #40226281 sell 0.01 EURUSD at 1.13828 sl: 1.14247 tp: 1.13388 -> sl: 1.14247 tp: 1.13383
0	22:22:48.654	'1809640': order #40226281 sell 0.01 EURUSD at 1.13828 was modified -> sl: 1.14247 tp: 1.13383
0	22:22:48.670	'1809640': close order #39509028 buy 0.01 EURUSD at 1.09659 sl: 1.09235 tp: 1.14390 at price 0.00000
0	22:22:48.998	'1809640': order #39509028 buy 0.01 EURUSD at 1.09659 sl: 1.09235 tp: 1.14390 closed at price 1.13828
0	22:25:17.701	'1809640': modify order #40226281 sell 0.01 EURUSD at 1.13828 sl: 1.14247 tp: 1.13383 -> sl: 1.14247 tp: 1.13382
0	22:25:18.029	'1809640': order #40226281 sell 0.01 EURUSD at 1.13828 was modified -> sl: 1.14247 tp: 1.13382
0	22:29:56.655	'1809640': order sell market 0.01 EURUSD sl: 1.14266 tp: 1.13399
0	22:29:57.014	'1809640': order was opened : #40226375 sell 0.01 EURUSD at 1.13839 sl: 1.14266 tp: 1.13399
0	22:29:57.155	'1809640': modify order #40226011 buy 0.01 EURUSD at 1.13787 sl: 1.13354 tp: 1.14020 -> sl: 1.13354 tp: 1.14025
0	22:29:57.451	'1809640': order #40226011 buy 0.01 EURUSD at 1.13787 was modified -> sl: 1.13354 tp: 1.14025
0	22:29:57.467	'1809640': close order #39507370 buy 0.01 EURUSD at 1.09679 sl: 1.09210 tp: 1.14390 at price 0.00000
0	22:29:57.780	'1809640': order #39507370 buy 0.01 EURUSD at 1.09679 sl: 1.09210 tp: 1.14390 closed at price 1.13840
0	22:30:13.967	'1809640': modify order #40225856 buy 0.01 EURUSD at 1.13780 sl: 1.13344 tp: 1.14309 -> sl: 1.13344 tp: 1.14325
0	22:30:14.342	'1809640': order #40225856 buy 0.01 EURUSD at 1.13780 was modified -> sl: 1.13344 tp: 1.14325
0	22:30:14.451	'1809640': modify order #40225932 buy 0.01 EURUSD at 1.13774 sl: 1.13331 tp: 1.14309 -> sl: 1.13331 tp: 1.14326
0	22:30:14.780	'1809640': order #40225932 buy 0.01 EURUSD at 1.13774 was modified -> sl: 1.13331 tp: 1.14326
0	22:30:14.826	'1809640': modify order #40226011 buy 0.01 EURUSD at 1.13787 sl: 1.13354 tp: 1.14025 -> sl: 1.13354 tp: 1.14071
0	22:30:15.092	'1809640': order #40226011 buy 0.01 EURUSD at 1.13787 was modified -> sl: 1.13354 tp: 1.14071
0	22:30:15.186	'1809640': modify order #40226056 buy 0.01 EURUSD at 1.13805 sl: 1.13374 tp: 1.14314 -> sl: 1.13374 tp: 1.14326
0	22:30:15.530	'1809640': order #40226056 buy 0.01 EURUSD at 1.13805 was modified -> sl: 1.13374 tp: 1.14326
0	22:32:35.561	'1809640': modify order #40226375 sell 0.01 EURUSD at 1.13839 sl: 1.14266 tp: 1.13399 -> sl: 1.14266 tp: 1.13396
0	22:32:35.998	'1809640': order #40226375 sell 0.01 EURUSD at 1.13839 was modified -> sl: 1.14266 tp: 1.13396
0	22:34:48.858	'1809640': order sell market 0.01 EURUSD sl: 1.14246 tp: 1.13382
0	22:34:49.155	'1809640': order was opened : #40226498 sell 0.01 EURUSD at 1.13825 sl: 1.14246 tp: 1.13382
0	22:34:49.186	'1809640': modify order #40226375 sell 0.01 EURUSD at 1.13839 sl: 1.14266 tp: 1.13396 -> sl: 1.14266 tp: 1.13385
0	22:34:49.592	'1809640': order #40226375 sell 0.01 EURUSD at 1.13839 was modified -> sl: 1.14266 tp: 1.13385
0	22:38:07.296	'1809640': modify order #40226281 sell 0.01 EURUSD at 1.13828 sl: 1.14247 tp: 1.13382 -> sl: 1.14247 tp: 1.13373
0	22:38:07.624	'1809640': order #40226281 sell 0.01 EURUSD at 1.13828 was modified -> sl: 1.14247 tp: 1.13373
0	22:38:07.639	'1809640': modify order #40226375 sell 0.01 EURUSD at 1.13839 sl: 1.14266 tp: 1.13385 -> sl: 1.14266 tp: 1.13373
0	22:38:07.952	'1809640': order #40226375 sell 0.01 EURUSD at 1.13839 was modified -> sl: 1.14266 tp: 1.13373
0	22:38:07.967	'1809640': modify order #40226498 sell 0.01 EURUSD at 1.13825 sl: 1.14246 tp: 1.13382 -> sl: 1.14246 tp: 1.13373
0	22:38:08.280	'1809640': order #40226498 sell 0.01 EURUSD at 1.13825 was modified -> sl: 1.14246 tp: 1.13373
0	22:40:01.374	'1809640': close order #39567279 buy 0.01 EURUSD at 1.09694 sl: 1.09272 tp: 1.14390 at price 0.00000
0	22:40:01.702	'1809640': order #39567279 buy 0.01 EURUSD at 1.09694 sl: 1.09272 tp: 1.14390 closed at price 1.13855
0	22:40:33.530	'1809640': order sell market 0.01 EURUSD sl: 1.14280 tp: 1.13416
0	22:40:33.827	'1809640': order was opened : #40226606 sell 0.01 EURUSD at 1.13851 sl: 1.14280 tp: 1.13416
0	22:40:33.842	'1809640': modify order #40226606 sell 0.01 EURUSD at 1.13851 sl: 1.14280 tp: 1.13416 -> sl: 1.14280 tp: 1.13411
0	22:40:34.155	'1809640': order #40226606 sell 0.01 EURUSD at 1.13851 was modified -> sl: 1.14280 tp: 1.13411
0	22:40:34.171	'1809640': close order #39534684 buy 0.01 EURUSD at 1.09714 sl: 1.09295 tp: 1.14390 at price 0.00000
0	22:40:34.499	'1809640': order #39534684 buy 0.01 EURUSD at 1.09714 sl: 1.09295 tp: 1.14390 closed at price 1.13851
0	22:42:17.499	'1809640': modify order #40225856 buy 0.01 EURUSD at 1.13780 sl: 1.13344 tp: 1.14325 -> sl: 1.13344 tp: 1.14348
0	22:42:17.905	'1809640': order #40225856 buy 0.01 EURUSD at 1.13780 was modified -> sl: 1.13344 tp: 1.14348
0	22:42:17.921	'1809640': modify order #40225932 buy 0.01 EURUSD at 1.13774 sl: 1.13331 tp: 1.14326 -> sl: 1.13331 tp: 1.14352
0	22:42:18.280	'1809640': order #40225932 buy 0.01 EURUSD at 1.13774 was modified -> sl: 1.13331 tp: 1.14352
0	22:42:18.358	'1809640': modify order #40226011 buy 0.01 EURUSD at 1.13787 sl: 1.13354 tp: 1.14071 -> sl: 1.13354 tp: 1.14106
0	22:42:18.702	'1809640': order #40226011 buy 0.01 EURUSD at 1.13787 was modified -> sl: 1.13354 tp: 1.14106
0	22:42:18.764	'1809640': modify order #40226056 buy 0.01 EURUSD at 1.13805 sl: 1.13374 tp: 1.14326 -> sl: 1.13374 tp: 1.14352
0	22:42:19.061	'1809640': order #40226056 buy 0.01 EURUSD at 1.13805 was modified -> sl: 1.13374 tp: 1.14352
0	22:48:59.030	'1809640': order sell market 0.01 EURUSD sl: 1.14323 tp: 1.13455
0	22:48:59.358	'1809640': order was opened : #40227193 sell 0.01 EURUSD at 1.13895 sl: 1.14323 tp: 1.13455
0	22:48:59.499	'1809640': modify order #40225856 buy 0.01 EURUSD at 1.13780 sl: 1.13344 tp: 1.14348 -> sl: 1.13344 tp: 1.14363
0	22:48:59.843	'1809640': order #40225856 buy 0.01 EURUSD at 1.13780 was modified -> sl: 1.13344 tp: 1.14363
0	22:48:59.858	'1809640': modify order #40225932 buy 0.01 EURUSD at 1.13774 sl: 1.13331 tp: 1.14352 -> sl: 1.13331 tp: 1.14363
0	22:49:00.186	'1809640': order #40225932 buy 0.01 EURUSD at 1.13774 was modified -> sl: 1.13331 tp: 1.14363
0	22:49:00.202	'1809640': modify order #40226011 buy 0.01 EURUSD at 1.13787 sl: 1.13354 tp: 1.14106 -> sl: 1.13354 tp: 1.14162
0	22:49:00.561	'1809640': order #40226011 buy 0.01 EURUSD at 1.13787 was modified -> sl: 1.13354 tp: 1.14162
0	22:49:00.561	'1809640': modify order #40226056 buy 0.01 EURUSD at 1.13805 sl: 1.13374 tp: 1.14352 -> sl: 1.13374 tp: 1.14363
0	22:49:00.827	'1809640': order #40226056 buy 0.01 EURUSD at 1.13805 was modified -> sl: 1.13374 tp: 1.14363
0	22:49:00.843	'1809640': close order #39562901 buy 0.01 EURUSD at 1.09768 sl: 1.09337 tp: 1.14390 at price 0.00000
0	22:49:01.140	'1809640': order #39562901 buy 0.01 EURUSD at 1.09768 sl: 1.09337 tp: 1.14390 closed at price 1.13895
0	22:51:10.171	'1809640': modify order #40227193 sell 0.01 EURUSD at 1.13895 sl: 1.14323 tp: 1.13455 -> sl: 1.14323 tp: 1.13440
0	22:51:10.593	'1809640': order #40227193 sell 0.01 EURUSD at 1.13895 was modified -> sl: 1.14323 tp: 1.13440
0	22:53:27.437	'1809640': order sell market 0.01 EURUSD sl: 1.14304 tp: 1.13441
0	22:53:27.749	'1809640': order was opened : #40227426 sell 0.01 EURUSD at 1.13881 sl: 1.14304 tp: 1.13441
0	22:54:20.780	'1809640': modify order #40227193 sell 0.01 EURUSD at 1.13895 sl: 1.14323 tp: 1.13440 -> sl: 1.14323 tp: 1.13430
0	22:54:21.108	'1809640': order #40227193 sell 0.01 EURUSD at 1.13895 was modified -> sl: 1.14323 tp: 1.13430
0	22:54:21.124	'1809640': modify order #40227426 sell 0.01 EURUSD at 1.13881 sl: 1.14304 tp: 1.13441 -> sl: 1.14304 tp: 1.13431
0	22:54:21.421	'1809640': order #40227426 sell 0.01 EURUSD at 1.13881 was modified -> sl: 1.14304 tp: 1.13431
0	22:55:18.999	'1809640': modify order #40225856 buy 0.01 EURUSD at 1.13780 sl: 1.13344 tp: 1.14363 -> sl: 1.13344 tp: 1.14367
0	22:55:19.249	'1809640': order #40225856 buy 0.01 EURUSD at 1.13780 was modified -> sl: 1.13344 tp: 1.14367
0	22:55:19.249	'1809640': modify order #40225932 buy 0.01 EURUSD at 1.13774 sl: 1.13331 tp: 1.14363 -> sl: 1.13331 tp: 1.14370
0	22:55:19.593	'1809640': order #40225932 buy 0.01 EURUSD at 1.13774 was modified -> sl: 1.13331 tp: 1.14370
0	22:55:19.624	'1809640': modify order #40226056 buy 0.01 EURUSD at 1.13805 sl: 1.13374 tp: 1.14363 -> sl: 1.13374 tp: 1.14370
0	22:55:19.905	'1809640': order #40226056 buy 0.01 EURUSD at 1.13805 was modified -> sl: 1.13374 tp: 1.14370
0	22:55:19.921	'1809640': close order #39571575 buy 0.01 EURUSD at 1.10146 sl: 1.09742 tp: 1.14390 at price 0.00000
0	22:55:20.233	'1809640': order #39571575 buy 0.01 EURUSD at 1.10146 sl: 1.09742 tp: 1.14390 closed at price 1.13903
0	22:58:50.874	'1809640': order sell market 0.01 EURUSD sl: 1.14325 tp: 1.13460
0	22:58:51.296	'1809640': order was opened : #40227548 sell 0.01 EURUSD at 1.13900 sl: 1.14325 tp: 1.13460
0	22:58:52.202	'1809640': modify order #40225856 buy 0.01 EURUSD at 1.13780 sl: 1.13344 tp: 1.14367 -> sl: 1.13344 tp: 1.14372
0	22:58:52.452	'1809640': order #40225856 buy 0.01 EURUSD at 1.13780 was modified -> sl: 1.13344 tp: 1.14372
0	22:58:52.468	'1809640': modify order #40225932 buy 0.01 EURUSD at 1.13774 sl: 1.13331 tp: 1.14370 -> sl: 1.13331 tp: 1.14375
0	22:58:52.765	'1809640': order #40225932 buy 0.01 EURUSD at 1.13774 was modified -> sl: 1.13331 tp: 1.14375
0	22:58:52.780	'1809640': modify order #40226056 buy 0.01 EURUSD at 1.13805 sl: 1.13374 tp: 1.14370 -> sl: 1.13374 tp: 1.14375
0	22:58:53.093	'1809640': order #40226056 buy 0.01 EURUSD at 1.13805 was modified -> sl: 1.13374 tp: 1.14375
0	22:58:53.093	'1809640': close order #40071948 buy 0.01 EURUSD at 1.10598 sl: 1.10178 tp: 1.14390 at price 0.00000
0	22:58:53.405	'1809640': order #40071948 buy 0.01 EURUSD at 1.10598 sl: 1.10178 tp: 1.14390 closed at price 1.13901
0	22:59:11.593	'1809640': modify order #40227548 sell 0.01 EURUSD at 1.13900 sl: 1.14325 tp: 1.13460 -> sl: 1.14325 tp: 1.13454
0	22:59:11.921	'1809640': order #40227548 sell 0.01 EURUSD at 1.13900 was modified -> sl: 1.14325 tp: 1.13454
0	23:02:09.281	'1809640': modify order #40225856 buy 0.01 EURUSD at 1.13780 sl: 1.13344 tp: 1.14372 -> sl: 1.13344 tp: 1.14377
0	23:02:09.687	'1809640': order #40225856 buy 0.01 EURUSD at 1.13780 was modified -> sl: 1.13344 tp: 1.14377
0	23:02:09.702	'1809640': modify order #40225932 buy 0.01 EURUSD at 1.13774 sl: 1.13331 tp: 1.14375 -> sl: 1.13331 tp: 1.14376
0	23:02:09.999	'1809640': order #40225932 buy 0.01 EURUSD at 1.13774 was modified -> sl: 1.13331 tp: 1.14376
0	23:05:37.640	'1809640': order sell market 0.01 EURUSD sl: 1.14337 tp: 1.13472
0	23:05:38.031	'1809640': order was opened : #40228398 sell 0.01 EURUSD at 1.13912 sl: 1.14337 tp: 1.13472
0	23:05:38.515	'1809640': modify order #40225856 buy 0.01 EURUSD at 1.13780 sl: 1.13344 tp: 1.14377 -> sl: 1.13344 tp: 1.14378
0	23:05:38.843	'1809640': order #40225856 buy 0.01 EURUSD at 1.13780 was modified -> sl: 1.13344 tp: 1.14378
0	23:05:38.874	'1809640': modify order #40225932 buy 0.01 EURUSD at 1.13774 sl: 1.13331 tp: 1.14376 -> sl: 1.13331 tp: 1.14377
0	23:05:39.390	'1809640': order #40225932 buy 0.01 EURUSD at 1.13774 was modified -> sl: 1.13331 tp: 1.14377
0	23:05:39.421	'1809640': modify order #40226056 buy 0.01 EURUSD at 1.13805 sl: 1.13374 tp: 1.14375 -> sl: 1.13374 tp: 1.14377
0	23:05:39.734	'1809640': order #40226056 buy 0.01 EURUSD at 1.13805 was modified -> sl: 1.13374 tp: 1.14377
0	23:05:39.749	'1809640': close order #40068412 buy 0.01 EURUSD at 1.10650 sl: 1.10225 tp: 1.14390 at price 0.00000
0	23:05:40.093	'1809640': order #40068412 buy 0.01 EURUSD at 1.10650 sl: 1.10225 tp: 1.14390 closed at price 1.13915
0	23:06:11.031	'1809640': modify order #40228398 sell 0.01 EURUSD at 1.13912 sl: 1.14337 tp: 1.13472 -> sl: 1.14337 tp: 1.13471
0	23:06:11.203	'1809640': order #40228398 sell 0.01 EURUSD at 1.13912 was modified -> sl: 1.14337 tp: 1.13471
0	23:10:22.875	'1809640': order sell market 0.01 EURUSD sl: 1.14321 tp: 1.13460
0	23:10:23.156	'1809640': order was opened : #40228745 sell 0.01 EURUSD at 1.13900 sl: 1.14321 tp: 1.13460
0	23:10:23.578	'1809640': modify order #40225805 buy 0.01 EURUSD at 1.13783 sl: 1.13353 tp: 1.13972 -> sl: 1.13353 tp: 1.14006
0	23:10:24.078	'1809640': order #40225805 buy 0.01 EURUSD at 1.13783 was modified -> sl: 1.13353 tp: 1.14006
0	23:10:24.125	'1809640': modify order #40228398 sell 0.01 EURUSD at 1.13912 sl: 1.14337 tp: 1.13471 -> sl: 1.14337 tp: 1.13458
0	23:10:24.546	'1809640': order #40228398 sell 0.01 EURUSD at 1.13912 was modified -> sl: 1.14337 tp: 1.13458
0	23:10:24.609	'1809640': modify order #40228745 sell 0.01 EURUSD at 1.13900 sl: 1.14321 tp: 1.13460 -> sl: 1.14321 tp: 1.13456
0	23:10:24.984	'1809640': order #40228745 sell 0.01 EURUSD at 1.13900 was modified -> sl: 1.14321 tp: 1.13456
0	23:12:09.875	'1809640': modify order #40225805 buy 0.01 EURUSD at 1.13783 sl: 1.13353 tp: 1.14006 -> sl: 1.13353 tp: 1.14009
0	23:12:10.140	'1809640': order #40225805 buy 0.01 EURUSD at 1.13783 was modified -> sl: 1.13353 tp: 1.14009
0	23:12:10.218	'1809640': modify order #40225856 buy 0.01 EURUSD at 1.13780 sl: 1.13344 tp: 1.14378 -> sl: 1.13344 tp: 1.14382
0	23:12:10.593	'1809640': order #40225856 buy 0.01 EURUSD at 1.13780 was modified -> sl: 1.13344 tp: 1.14382
0	23:12:10.609	'1809640': modify order #40225932 buy 0.01 EURUSD at 1.13774 sl: 1.13331 tp: 1.14377 -> sl: 1.13331 tp: 1.14383
0	23:12:10.828	'1809640': order #40225932 buy 0.01 EURUSD at 1.13774 was modified -> sl: 1.13331 tp: 1.14383
0	23:12:10.843	'1809640': modify order #40226056 buy 0.01 EURUSD at 1.13805 sl: 1.13374 tp: 1.14377 -> sl: 1.13374 tp: 1.14380
0	23:12:11.140	'1809640': order #40226056 buy 0.01 EURUSD at 1.13805 was modified -> sl: 1.13374 tp: 1.14380
0	23:12:11.156	'1809640': close order #40068176 buy 0.01 EURUSD at 1.10658 sl: 1.10237 tp: 1.14390 at price 0.00000
0	23:12:11.531	'1809640': order #40068176 buy 0.01 EURUSD at 1.10658 sl: 1.10237 tp: 1.14390 closed at price 1.13911
0	23:13:07.031	'1809640': modify order #40121866 buy 0.01 EURUSD at 1.11583 sl: 1.11162 tp: 1.14390 -> sl: 1.11162 tp: 1.14399
0	23:13:07.359	'1809640': order #40121866 buy 0.01 EURUSD at 1.11583 was modified -> sl: 1.11162 tp: 1.14399
0	23:13:07.390	'1809640': modify order #40126520 buy 0.01 EURUSD at 1.11754 sl: 1.11329 tp: 1.14390 -> sl: 1.11329 tp: 1.14398
0	23:13:07.765	'1809640': order #40126520 buy 0.01 EURUSD at 1.11754 was modified -> sl: 1.11329 tp: 1.14398
0	23:13:07.812	'1809640': modify order #40205121 buy 0.01 EURUSD at 1.13002 sl: 1.12570 tp: 1.14390 -> sl: 1.12570 tp: 1.14399
0	23:13:08.062	'1809640': order #40205121 buy 0.01 EURUSD at 1.13002 was modified -> sl: 1.12570 tp: 1.14399
0	23:13:08.062	'1809640': modify order #40225856 buy 0.01 EURUSD at 1.13780 sl: 1.13344 tp: 1.14382 -> sl: 1.13344 tp: 1.14399
0	23:13:08.390	'1809640': order #40225856 buy 0.01 EURUSD at 1.13780 was modified -> sl: 1.13344 tp: 1.14399
0	23:13:08.406	'1809640': modify order #40225932 buy 0.01 EURUSD at 1.13774 sl: 1.13331 tp: 1.14383 -> sl: 1.13331 tp: 1.14399
0	23:13:08.703	'1809640': order #40225932 buy 0.01 EURUSD at 1.13774 was modified -> sl: 1.13331 tp: 1.14399
0	23:13:08.703	'1809640': modify order #40226056 buy 0.01 EURUSD at 1.13805 sl: 1.13374 tp: 1.14380 -> sl: 1.13374 tp: 1.14398
0	23:13:09.047	'1809640': order #40226056 buy 0.01 EURUSD at 1.13805 was modified -> sl: 1.13374 tp: 1.14398
0	23:14:40.453	'1809640': order sell market 0.01 EURUSD sl: 1.14340 tp: 1.13479
0	23:14:40.750	'1809640': order was opened : #40229146 sell 0.01 EURUSD at 1.13920 sl: 1.14340 tp: 1.13479
0	23:15:53.437	'1809640': modify order #40225805 buy 0.01 EURUSD at 1.13783 sl: 1.13353 tp: 1.14009 -> sl: 1.13353 tp: 1.14019
0	23:15:53.765	'1809640': order #40225805 buy 0.01 EURUSD at 1.13783 was modified -> sl: 1.13353 tp: 1.14019
0	23:15:53.781	'1809640': modify order #40229146 sell 0.01 EURUSD at 1.13920 sl: 1.14340 tp: 1.13479 -> sl: 1.14340 tp: 1.13476
0	23:15:54.109	'1809640': order #40229146 sell 0.01 EURUSD at 1.13920 was modified -> sl: 1.14340 tp: 1.13476
0	23:16:09.265	'1809640': modify order #40225805 buy 0.01 EURUSD at 1.13783 sl: 1.13353 tp: 1.14019 -> sl: 1.13353 tp: 1.14022
0	23:16:09.594	'1809640': order #40225805 buy 0.01 EURUSD at 1.13783 was modified -> sl: 1.13353 tp: 1.14022
0	23:16:09.609	'1809640': close order #40114874 buy 0.01 EURUSD at 1.11252 sl: 1.10833 tp: 1.14196 at price 0.00000
0	23:16:09.922	'1809640': order #40114874 buy 0.01 EURUSD at 1.11252 sl: 1.10833 tp: 1.14196 closed at price 1.13925
0	23:17:21.203	'1809640': modify order #40229146 sell 0.01 EURUSD at 1.13920 sl: 1.14340 tp: 1.13476 -> sl: 1.14340 tp: 1.13459
0	23:17:21.625	'1809640': order #40229146 sell 0.01 EURUSD at 1.13920 was modified -> sl: 1.14340 tp: 1.13459
0	23:19:38.359	'1809640': order sell market 0.01 EURUSD sl: 1.14315 tp: 1.13756
0	23:19:38.672	'1809640': order was opened : #40229535 sell 0.01 EURUSD at 1.13891 sl: 1.14315 tp: 1.13756
0	23:19:39.094	'1809640': modify order #40227548 sell 0.01 EURUSD at 1.13900 sl: 1.14325 tp: 1.13454 -> sl: 1.14325 tp: 1.13451
0	23:19:39.422	'1809640': order #40227548 sell 0.01 EURUSD at 1.13900 was modified -> sl: 1.14325 tp: 1.13451
0	23:19:39.500	'1809640': modify order #40228398 sell 0.01 EURUSD at 1.13912 sl: 1.14337 tp: 1.13458 -> sl: 1.14337 tp: 1.13450
0	23:19:39.750	'1809640': order #40228398 sell 0.01 EURUSD at 1.13912 was modified -> sl: 1.14337 tp: 1.13450
0	23:19:39.812	'1809640': modify order #40228745 sell 0.01 EURUSD at 1.13900 sl: 1.14321 tp: 1.13456 -> sl: 1.14321 tp: 1.13450
0	23:19:40.156	'1809640': order #40228745 sell 0.01 EURUSD at 1.13900 was modified -> sl: 1.14321 tp: 1.13450
0	23:19:40.187	'1809640': modify order #40229146 sell 0.01 EURUSD at 1.13920 sl: 1.14340 tp: 1.13459 -> sl: 1.14340 tp: 1.13452
0	23:19:40.578	'1809640': order #40229146 sell 0.01 EURUSD at 1.13920 was modified -> sl: 1.14340 tp: 1.13452
0	23:19:40.594	'1809640': modify order #40229535 sell 0.01 EURUSD at 1.13891 sl: 1.14315 tp: 1.13756 -> sl: 1.14315 tp: 1.13755
0	23:19:40.828	'1809640': order #40229535 sell 0.01 EURUSD at 1.13891 was modified -> sl: 1.14315 tp: 1.13755
0	23:22:01.875	'1809640': modify order #40225805 buy 0.01 EURUSD at 1.13783 sl: 1.13353 tp: 1.14022 -> sl: 1.13353 tp: 1.14026
0	23:22:02.234	'1809640': order #40225805 buy 0.01 EURUSD at 1.13783 was modified -> sl: 1.13353 tp: 1.14026
0	23:22:13.328	'1809640': modify order #40225805 buy 0.01 EURUSD at 1.13783 sl: 1.13353 tp: 1.14026 -> sl: 1.13353 tp: 1.14028
0	23:22:13.687	'1809640': order #40225805 buy 0.01 EURUSD at 1.13783 was modified -> sl: 1.13353 tp: 1.14028
0	23:26:01.172	'1809640': modify order #40225805 buy 0.01 EURUSD at 1.13783 sl: 1.13353 tp: 1.14028 -> sl: 1.13353 tp: 1.14031
0	23:26:01.438	'1809640': order #40225805 buy 0.01 EURUSD at 1.13783 was modified -> sl: 1.13353 tp: 1.14031
0	23:26:31.000	'1809640': modify order #40225805 buy 0.01 EURUSD at 1.13783 sl: 1.13353 tp: 1.14031 -> sl: 1.13353 tp: 1.14032
0	23:26:31.328	'1809640': order #40225805 buy 0.01 EURUSD at 1.13783 was modified -> sl: 1.13353 tp: 1.14032
0	23:26:31.344	'1809640': modify order #40227193 sell 0.01 EURUSD at 1.13895 sl: 1.14323 tp: 1.13430 -> sl: 1.14323 tp: 1.13426
0	23:26:31.672	'1809640': order #40227193 sell 0.01 EURUSD at 1.13895 was modified -> sl: 1.14323 tp: 1.13426
0	23:26:31.672	'1809640': modify order #40227426 sell 0.01 EURUSD at 1.13881 sl: 1.14304 tp: 1.13431 -> sl: 1.14304 tp: 1.13427
0	23:26:31.984	'1809640': order #40227426 sell 0.01 EURUSD at 1.13881 was modified -> sl: 1.14304 tp: 1.13427
0	23:26:32.000	'1809640': modify order #40227548 sell 0.01 EURUSD at 1.13900 sl: 1.14325 tp: 1.13451 -> sl: 1.14325 tp: 1.13428
0	23:26:32.344	'1809640': order #40227548 sell 0.01 EURUSD at 1.13900 was modified -> sl: 1.14325 tp: 1.13428
0	23:26:32.359	'1809640': modify order #40228398 sell 0.01 EURUSD at 1.13912 sl: 1.14337 tp: 1.13450 -> sl: 1.14337 tp: 1.13426
0	23:26:32.641	'1809640': order #40228398 sell 0.01 EURUSD at 1.13912 was modified -> sl: 1.14337 tp: 1.13426
0	23:26:32.688	'1809640': modify order #40228745 sell 0.01 EURUSD at 1.13900 sl: 1.14321 tp: 1.13450 -> sl: 1.14321 tp: 1.13428
0	23:26:33.016	'1809640': order #40228745 sell 0.01 EURUSD at 1.13900 was modified -> sl: 1.14321 tp: 1.13428
0	23:26:33.047	'1809640': modify order #40229146 sell 0.01 EURUSD at 1.13920 sl: 1.14340 tp: 1.13452 -> sl: 1.14340 tp: 1.13428
0	23:26:33.484	'1809640': order #40229146 sell 0.01 EURUSD at 1.13920 was modified -> sl: 1.14340 tp: 1.13428
0	23:27:39.125	'1809640': modify order #40227193 sell 0.01 EURUSD at 1.13895 sl: 1.14323 tp: 1.13426 -> sl: 1.14323 tp: 1.13411
0	23:27:39.500	'1809640': order #40227193 sell 0.01 EURUSD at 1.13895 was modified -> sl: 1.14323 tp: 1.13411
0	23:27:39.563	'1809640': modify order #40227426 sell 0.01 EURUSD at 1.13881 sl: 1.14304 tp: 1.13427 -> sl: 1.14304 tp: 1.13410
0	23:27:39.797	'1809640': order #40227426 sell 0.01 EURUSD at 1.13881 was modified -> sl: 1.14304 tp: 1.13410
0	23:27:39.813	'1809640': modify order #40227548 sell 0.01 EURUSD at 1.13900 sl: 1.14325 tp: 1.13428 -> sl: 1.14325 tp: 1.13409
0	23:27:40.125	'1809640': order #40227548 sell 0.01 EURUSD at 1.13900 was modified -> sl: 1.14325 tp: 1.13409
0	23:27:40.156	'1809640': modify order #40228398 sell 0.01 EURUSD at 1.13912 sl: 1.14337 tp: 1.13426 -> sl: 1.14337 tp: 1.13409
0	23:27:40.531	'1809640': order #40228398 sell 0.01 EURUSD at 1.13912 was modified -> sl: 1.14337 tp: 1.13409
0	23:27:40.547	'1809640': modify order #40228745 sell 0.01 EURUSD at 1.13900 sl: 1.14321 tp: 1.13428 -> sl: 1.14321 tp: 1.13410
0	23:27:40.781	'1809640': order #40228745 sell 0.01 EURUSD at 1.13900 was modified -> sl: 1.14321 tp: 1.13410
0	23:27:40.797	'1809640': modify order #40229146 sell 0.01 EURUSD at 1.13920 sl: 1.14340 tp: 1.13428 -> sl: 1.14340 tp: 1.13409
0	23:27:41.156	'1809640': order #40229146 sell 0.01 EURUSD at 1.13920 was modified -> sl: 1.14340 tp: 1.13409
0	23:27:41.172	'1809640': modify order #40229535 sell 0.01 EURUSD at 1.13891 sl: 1.14315 tp: 1.13755 -> sl: 1.14315 tp: 1.13647
0	23:27:41.422	'1809640': order #40229535 sell 0.01 EURUSD at 1.13891 was modified -> sl: 1.14315 tp: 1.13647
0	23:28:21.359	'1809640': modify order #40226606 sell 0.01 EURUSD at 1.13851 sl: 1.14280 tp: 1.13411 -> sl: 1.14280 tp: 1.13402
0	23:28:21.688	'1809640': order #40226606 sell 0.01 EURUSD at 1.13851 was modified -> sl: 1.14280 tp: 1.13402
0	23:28:21.719	'1809640': modify order #40227193 sell 0.01 EURUSD at 1.13895 sl: 1.14323 tp: 1.13411 -> sl: 1.14323 tp: 1.13402
0	23:28:22.016	'1809640': order #40227193 sell 0.01 EURUSD at 1.13895 was modified -> sl: 1.14323 tp: 1.13402
0	23:28:22.031	'1809640': modify order #40227426 sell 0.01 EURUSD at 1.13881 sl: 1.14304 tp: 1.13410 -> sl: 1.14304 tp: 1.13402
0	23:28:22.516	'1809640': order #40227426 sell 0.01 EURUSD at 1.13881 was modified -> sl: 1.14304 tp: 1.13402
0	23:28:22.547	'1809640': modify order #40227548 sell 0.01 EURUSD at 1.13900 sl: 1.14325 tp: 1.13409 -> sl: 1.14325 tp: 1.13401
0	23:28:22.844	'1809640': order #40227548 sell 0.01 EURUSD at 1.13900 was modified -> sl: 1.14325 tp: 1.13401
0	23:28:22.875	'1809640': modify order #40228398 sell 0.01 EURUSD at 1.13912 sl: 1.14337 tp: 1.13409 -> sl: 1.14337 tp: 1.13402
0	23:28:23.281	'1809640': order #40228398 sell 0.01 EURUSD at 1.13912 was modified -> sl: 1.14337 tp: 1.13402
0	23:28:23.344	'1809640': modify order #40228745 sell 0.01 EURUSD at 1.13900 sl: 1.14321 tp: 1.13410 -> sl: 1.14321 tp: 1.13404
0	23:28:23.781	'1809640': order #40228745 sell 0.01 EURUSD at 1.13900 was modified -> sl: 1.14321 tp: 1.13404
0	23:28:23.797	'1809640': modify order #40229146 sell 0.01 EURUSD at 1.13920 sl: 1.14340 tp: 1.13409 -> sl: 1.14340 tp: 1.13402
0	23:28:24.125	'1809640': order #40229146 sell 0.01 EURUSD at 1.13920 was modified -> sl: 1.14340 tp: 1.13402
0	23:30:14.203	'1809640': modify order #40226606 sell 0.01 EURUSD at 1.13851 sl: 1.14280 tp: 1.13402 -> sl: 1.14280 tp: 1.13391
0	23:30:14.438	'1809640': order #40226606 sell 0.01 EURUSD at 1.13851 was modified -> sl: 1.14280 tp: 1.13391
0	23:30:14.453	'1809640': modify order #40227193 sell 0.01 EURUSD at 1.13895 sl: 1.14323 tp: 1.13402 -> sl: 1.14323 tp: 1.13392
0	23:30:14.844	'1809640': order #40227193 sell 0.01 EURUSD at 1.13895 was modified -> sl: 1.14323 tp: 1.13392
0	23:30:14.875	'1809640': modify order #40227426 sell 0.01 EURUSD at 1.13881 sl: 1.14304 tp: 1.13402 -> sl: 1.14304 tp: 1.13391
0	23:30:15.125	'1809640': order #40227426 sell 0.01 EURUSD at 1.13881 was modified -> sl: 1.14304 tp: 1.13391
0	23:30:15.172	'1809640': modify order #40227548 sell 0.01 EURUSD at 1.13900 sl: 1.14325 tp: 1.13401 -> sl: 1.14325 tp: 1.13389
0	23:30:15.469	'1809640': order #40227548 sell 0.01 EURUSD at 1.13900 was modified -> sl: 1.14325 tp: 1.13389
0	23:30:15.485	'1809640': modify order #40228398 sell 0.01 EURUSD at 1.13912 sl: 1.14337 tp: 1.13402 -> sl: 1.14337 tp: 1.13391
0	23:30:15.797	'1809640': order #40228398 sell 0.01 EURUSD at 1.13912 was modified -> sl: 1.14337 tp: 1.13391
0	23:30:15.813	'1809640': modify order #40228745 sell 0.01 EURUSD at 1.13900 sl: 1.14321 tp: 1.13404 -> sl: 1.14321 tp: 1.13390
0	23:30:16.078	'1809640': order #40228745 sell 0.01 EURUSD at 1.13900 was modified -> sl: 1.14321 tp: 1.13390
0	23:30:16.078	'1809640': modify order #40229146 sell 0.01 EURUSD at 1.13920 sl: 1.14340 tp: 1.13402 -> sl: 1.14340 tp: 1.13390
0	23:30:16.391	'1809640': order #40229146 sell 0.01 EURUSD at 1.13920 was modified -> sl: 1.14340 tp: 1.13390
0	23:31:19.657	'1809640': modify order #40226606 sell 0.01 EURUSD at 1.13851 sl: 1.14280 tp: 1.13391 -> sl: 1.14280 tp: 1.13388
0	23:31:20.000	'1809640': order #40226606 sell 0.01 EURUSD at 1.13851 was modified -> sl: 1.14280 tp: 1.13388
0	23:31:20.031	'1809640': modify order #40227193 sell 0.01 EURUSD at 1.13895 sl: 1.14323 tp: 1.13392 -> sl: 1.14323 tp: 1.13388
0	23:31:20.328	'1809640': order #40227193 sell 0.01 EURUSD at 1.13895 was modified -> sl: 1.14323 tp: 1.13388
0	23:31:20.391	'1809640': modify order #40227426 sell 0.01 EURUSD at 1.13881 sl: 1.14304 tp: 1.13391 -> sl: 1.14304 tp: 1.13388
0	23:31:20.719	'1809640': order #40227426 sell 0.01 EURUSD at 1.13881 was modified -> sl: 1.14304 tp: 1.13388
0	23:31:20.750	'1809640': modify order #40227548 sell 0.01 EURUSD at 1.13900 sl: 1.14325 tp: 1.13389 -> sl: 1.14325 tp: 1.13388
0	23:31:21.094	'1809640': order #40227548 sell 0.01 EURUSD at 1.13900 was modified -> sl: 1.14325 tp: 1.13388
0	23:31:21.125	'1809640': modify order #40228398 sell 0.01 EURUSD at 1.13912 sl: 1.14337 tp: 1.13391 -> sl: 1.14337 tp: 1.13387
0	23:31:21.438	'1809640': order #40228398 sell 0.01 EURUSD at 1.13912 was modified -> sl: 1.14337 tp: 1.13387
0	23:31:21.453	'1809640': modify order #40228745 sell 0.01 EURUSD at 1.13900 sl: 1.14321 tp: 1.13390 -> sl: 1.14321 tp: 1.13388
0	23:31:21.750	'1809640': order #40228745 sell 0.01 EURUSD at 1.13900 was modified -> sl: 1.14321 tp: 1.13388
0	23:31:21.766	'1809640': modify order #40229146 sell 0.01 EURUSD at 1.13920 sl: 1.14340 tp: 1.13390 -> sl: 1.14340 tp: 1.13387
0	23:31:22.110	'1809640': order #40229146 sell 0.01 EURUSD at 1.13920 was modified -> sl: 1.14340 tp: 1.13387
0	23:31:22.125	'1809640': modify order #40229535 sell 0.01 EURUSD at 1.13891 sl: 1.14315 tp: 1.13647 -> sl: 1.14315 tp: 1.13646
0	23:31:22.406	'1809640': order #40229535 sell 0.01 EURUSD at 1.13891 was modified -> sl: 1.14315 tp: 1.13646
0	23:35:23.500	'1809640': modify order #40226136 sell 0.01 EURUSD at 1.13786 sl: 1.14213 tp: 1.13345 -> sl: 1.14213 tp: 1.13343
0	23:35:23.860	'1809640': order #40226136 sell 0.01 EURUSD at 1.13786 was modified -> sl: 1.14213 tp: 1.13343
0	23:35:23.875	'1809640': modify order #40226281 sell 0.01 EURUSD at 1.13828 sl: 1.14247 tp: 1.13373 -> sl: 1.14247 tp: 1.13343
0	23:35:24.266	'1809640': order #40226281 sell 0.01 EURUSD at 1.13828 was modified -> sl: 1.14247 tp: 1.13343
0	23:35:24.328	'1809640': modify order #40226375 sell 0.01 EURUSD at 1.13839 sl: 1.14266 tp: 1.13373 -> sl: 1.14266 tp: 1.13343
0	23:35:24.735	'1809640': order #40226375 sell 0.01 EURUSD at 1.13839 was modified -> sl: 1.14266 tp: 1.13343
0	23:35:24.750	'1809640': modify order #40226498 sell 0.01 EURUSD at 1.13825 sl: 1.14246 tp: 1.13373 -> sl: 1.14246 tp: 1.13343
0	23:35:25.047	'1809640': order #40226498 sell 0.01 EURUSD at 1.13825 was modified -> sl: 1.14246 tp: 1.13343
0	23:35:25.110	'1809640': modify order #40226606 sell 0.01 EURUSD at 1.13851 sl: 1.14280 tp: 1.13388 -> sl: 1.14280 tp: 1.13342
0	23:35:25.453	'1809640': order #40226606 sell 0.01 EURUSD at 1.13851 was modified -> sl: 1.14280 tp: 1.13342
0	23:35:25.453	'1809640': modify order #40227193 sell 0.01 EURUSD at 1.13895 sl: 1.14323 tp: 1.13388 -> sl: 1.14323 tp: 1.13343
0	23:35:25.750	'1809640': order #40227193 sell 0.01 EURUSD at 1.13895 was modified -> sl: 1.14323 tp: 1.13343
0	23:35:25.766	'1809640': modify order #40227426 sell 0.01 EURUSD at 1.13881 sl: 1.14304 tp: 1.13388 -> sl: 1.14304 tp: 1.13343
0	23:35:26.250	'1809640': order #40227426 sell 0.01 EURUSD at 1.13881 was modified -> sl: 1.14304 tp: 1.13343
0	23:35:26.282	'1809640': modify order #40227548 sell 0.01 EURUSD at 1.13900 sl: 1.14325 tp: 1.13388 -> sl: 1.14325 tp: 1.13343
0	23:35:26.610	'1809640': order #40227548 sell 0.01 EURUSD at 1.13900 was modified -> sl: 1.14325 tp: 1.13343
0	23:35:26.610	'1809640': modify order #40228398 sell 0.01 EURUSD at 1.13912 sl: 1.14337 tp: 1.13387 -> sl: 1.14337 tp: 1.13344
0	23:35:26.938	'1809640': order #40228398 sell 0.01 EURUSD at 1.13912 was modified -> sl: 1.14337 tp: 1.13344
0	23:35:26.953	'1809640': modify order #40228745 sell 0.01 EURUSD at 1.13900 sl: 1.14321 tp: 1.13388 -> sl: 1.14321 tp: 1.13344
0	23:35:27.250	'1809640': order #40228745 sell 0.01 EURUSD at 1.13900 was modified -> sl: 1.14321 tp: 1.13344
0	23:35:27.266	'1809640': modify order #40229146 sell 0.01 EURUSD at 1.13920 sl: 1.14340 tp: 1.13387 -> sl: 1.14340 tp: 1.13344
0	23:35:27.578	'1809640': order #40229146 sell 0.01 EURUSD at 1.13920 was modified -> sl: 1.14340 tp: 1.13344
0	23:35:27.594	'1809640': modify order #40229535 sell 0.01 EURUSD at 1.13891 sl: 1.14315 tp: 1.13646 -> sl: 1.14315 tp: 1.13584
0	23:35:27.907	'1809640': order #40229535 sell 0.01 EURUSD at 1.13891 was modified -> sl: 1.14315 tp: 1.13584
0	23:36:29.813	'1809640': modify order #40228398 sell 0.01 EURUSD at 1.13912 sl: 1.14337 tp: 1.13344 -> sl: 1.14337 tp: 1.13343
0	23:36:30.157	'1809640': order #40228398 sell 0.01 EURUSD at 1.13912 was modified -> sl: 1.14337 tp: 1.13343
0	23:36:30.157	'1809640': modify order #40228745 sell 0.01 EURUSD at 1.13900 sl: 1.14321 tp: 1.13344 -> sl: 1.14321 tp: 1.13343
0	23:36:30.438	'1809640': order #40228745 sell 0.01 EURUSD at 1.13900 was modified -> sl: 1.14321 tp: 1.13343
0	23:36:30.485	'1809640': modify order #40229146 sell 0.01 EURUSD at 1.13920 sl: 1.14340 tp: 1.13344 -> sl: 1.14340 tp: 1.13343
0	23:36:30.844	'1809640': order #40229146 sell 0.01 EURUSD at 1.13920 was modified -> sl: 1.14340 tp: 1.13343
0	23:37:17.266	'1809640': modify order #40229535 sell 0.01 EURUSD at 1.13891 sl: 1.14315 tp: 1.13584 -> sl: 1.14315 tp: 1.13572
0	23:37:17.547	'1809640': order #40229535 sell 0.01 EURUSD at 1.13891 was modified -> sl: 1.14315 tp: 1.13572
0	23:40:22.047	'1809640': modify order #40226136 sell 0.01 EURUSD at 1.13786 sl: 1.14213 tp: 1.13343 -> sl: 1.14213 tp: 1.13301
0	23:40:22.375	'1809640': order #40226136 sell 0.01 EURUSD at 1.13786 was modified -> sl: 1.14213 tp: 1.13301
0	23:40:22.391	'1809640': modify order #40226281 sell 0.01 EURUSD at 1.13828 sl: 1.14247 tp: 1.13343 -> sl: 1.14247 tp: 1.13300
0	23:40:22.750	'1809640': order #40226281 sell 0.01 EURUSD at 1.13828 was modified -> sl: 1.14247 tp: 1.13300
0	23:40:22.766	'1809640': modify order #40226375 sell 0.01 EURUSD at 1.13839 sl: 1.14266 tp: 1.13343 -> sl: 1.14266 tp: 1.13300
0	23:40:23.016	'1809640': order #40226375 sell 0.01 EURUSD at 1.13839 was modified -> sl: 1.14266 tp: 1.13300
0	23:40:23.047	'1809640': modify order #40226498 sell 0.01 EURUSD at 1.13825 sl: 1.14246 tp: 1.13343 -> sl: 1.14246 tp: 1.13300
0	23:40:23.469	'1809640': order #40226498 sell 0.01 EURUSD at 1.13825 was modified -> sl: 1.14246 tp: 1.13300
0	23:40:23.469	'1809640': modify order #40226606 sell 0.01 EURUSD at 1.13851 sl: 1.14280 tp: 1.13342 -> sl: 1.14280 tp: 1.13300
0	23:40:23.813	'1809640': order #40226606 sell 0.01 EURUSD at 1.13851 was modified -> sl: 1.14280 tp: 1.13300
0	23:40:23.829	'1809640': modify order #40227193 sell 0.01 EURUSD at 1.13895 sl: 1.14323 tp: 1.13343 -> sl: 1.14323 tp: 1.13300
0	23:40:24.110	'1809640': order #40227193 sell 0.01 EURUSD at 1.13895 was modified -> sl: 1.14323 tp: 1.13300
0	23:40:24.126	'1809640': modify order #40227426 sell 0.01 EURUSD at 1.13881 sl: 1.14304 tp: 1.13343 -> sl: 1.14304 tp: 1.13301
0	23:40:24.532	'1809640': order #40227426 sell 0.01 EURUSD at 1.13881 was modified -> sl: 1.14304 tp: 1.13301
0	23:40:24.547	'1809640': modify order #40227548 sell 0.01 EURUSD at 1.13900 sl: 1.14325 tp: 1.13343 -> sl: 1.14325 tp: 1.13301
0	23:40:24.860	'1809640': order #40227548 sell 0.01 EURUSD at 1.13900 was modified -> sl: 1.14325 tp: 1.13301
0	23:40:24.876	'1809640': modify order #40228398 sell 0.01 EURUSD at 1.13912 sl: 1.14337 tp: 1.13343 -> sl: 1.14337 tp: 1.13301
0	23:40:25.219	'1809640': order #40228398 sell 0.01 EURUSD at 1.13912 was modified -> sl: 1.14337 tp: 1.13301
0	23:40:25.219	'1809640': modify order #40228745 sell 0.01 EURUSD at 1.13900 sl: 1.14321 tp: 1.13343 -> sl: 1.14321 tp: 1.13301
0	23:40:25.532	'1809640': order #40228745 sell 0.01 EURUSD at 1.13900 was modified -> sl: 1.14321 tp: 1.13301
0	23:40:25.547	'1809640': modify order #40229146 sell 0.01 EURUSD at 1.13920 sl: 1.14340 tp: 1.13343 -> sl: 1.14340 tp: 1.13301
0	23:40:25.876	'1809640': order #40229146 sell 0.01 EURUSD at 1.13920 was modified -> sl: 1.14340 tp: 1.13301
0	23:40:25.907	'1809640': modify order #40229535 sell 0.01 EURUSD at 1.13891 sl: 1.14315 tp: 1.13572 -> sl: 1.14315 tp: 1.13517
0	23:40:26.219	'1809640': order #40229535 sell 0.01 EURUSD at 1.13891 was modified -> sl: 1.14315 tp: 1.13517
0	23:43:09.907	'1809640': modify order #40229535 sell 0.01 EURUSD at 1.13891 sl: 1.14315 tp: 1.13517 -> sl: 1.14315 tp: 1.13488
0	23:43:10.141	'1809640': order #40229535 sell 0.01 EURUSD at 1.13891 was modified -> sl: 1.14315 tp: 1.13488
0	23:44:42.641	'1809640': modify order #40225355 sell 0.01 EURUSD at 1.13729 sl: 1.14165 tp: 1.13287 -> sl: 1.14165 tp: 1.13286
0	23:44:42.954	'1809640': order #40225355 sell 0.01 EURUSD at 1.13729 was modified -> sl: 1.14165 tp: 1.13286
0	23:44:43.001	'1809640': modify order #40226136 sell 0.01 EURUSD at 1.13786 sl: 1.14213 tp: 1.13301 -> sl: 1.14213 tp: 1.13287
0	23:44:43.298	'1809640': order #40226136 sell 0.01 EURUSD at 1.13786 was modified -> sl: 1.14213 tp: 1.13287
0	23:44:43.313	'1809640': modify order #40226281 sell 0.01 EURUSD at 1.13828 sl: 1.14247 tp: 1.13300 -> sl: 1.14247 tp: 1.13287
0	23:44:43.610	'1809640': order #40226281 sell 0.01 EURUSD at 1.13828 was modified -> sl: 1.14247 tp: 1.13287
0	23:44:43.626	'1809640': modify order #40226375 sell 0.01 EURUSD at 1.13839 sl: 1.14266 tp: 1.13300 -> sl: 1.14266 tp: 1.13287
0	23:44:43.922	'1809640': order #40226375 sell 0.01 EURUSD at 1.13839 was modified -> sl: 1.14266 tp: 1.13287
0	23:44:43.938	'1809640': modify order #40226498 sell 0.01 EURUSD at 1.13825 sl: 1.14246 tp: 1.13300 -> sl: 1.14246 tp: 1.13287
0	23:44:44.266	'1809640': order #40226498 sell 0.01 EURUSD at 1.13825 was modified -> sl: 1.14246 tp: 1.13287
0	23:44:44.282	'1809640': modify order #40226606 sell 0.01 EURUSD at 1.13851 sl: 1.14280 tp: 1.13300 -> sl: 1.14280 tp: 1.13287
0	23:44:44.548	'1809640': order #40226606 sell 0.01 EURUSD at 1.13851 was modified -> sl: 1.14280 tp: 1.13287
0	23:44:44.594	'1809640': modify order #40227193 sell 0.01 EURUSD at 1.13895 sl: 1.14323 tp: 1.13300 -> sl: 1.14323 tp: 1.13287
0	23:44:44.922	'1809640': order #40227193 sell 0.01 EURUSD at 1.13895 was modified -> sl: 1.14323 tp: 1.13287
0	23:44:44.954	'1809640': modify order #40227426 sell 0.01 EURUSD at 1.13881 sl: 1.14304 tp: 1.13301 -> sl: 1.14304 tp: 1.13289
0	23:44:45.282	'1809640': order #40227426 sell 0.01 EURUSD at 1.13881 was modified -> sl: 1.14304 tp: 1.13289
0	23:44:45.297	'1809640': modify order #40227548 sell 0.01 EURUSD at 1.13900 sl: 1.14325 tp: 1.13301 -> sl: 1.14325 tp: 1.13289
0	23:44:45.641	'1809640': order #40227548 sell 0.01 EURUSD at 1.13900 was modified -> sl: 1.14325 tp: 1.13289
0	23:44:45.657	'1809640': modify order #40228398 sell 0.01 EURUSD at 1.13912 sl: 1.14337 tp: 1.13301 -> sl: 1.14337 tp: 1.13289
0	23:44:46.016	'1809640': order #40228398 sell 0.01 EURUSD at 1.13912 was modified -> sl: 1.14337 tp: 1.13289
0	23:44:46.016	'1809640': modify order #40228745 sell 0.01 EURUSD at 1.13900 sl: 1.14321 tp: 1.13301 -> sl: 1.14321 tp: 1.13289
0	23:44:46.376	'1809640': order #40228745 sell 0.01 EURUSD at 1.13900 was modified -> sl: 1.14321 tp: 1.13289
0	23:44:46.391	'1809640': modify order #40229146 sell 0.01 EURUSD at 1.13920 sl: 1.14340 tp: 1.13301 -> sl: 1.14340 tp: 1.13289
0	23:44:46.688	'1809640': order #40229146 sell 0.01 EURUSD at 1.13920 was modified -> sl: 1.14340 tp: 1.13289
0	23:44:46.704	'1809640': modify order #40229535 sell 0.01 EURUSD at 1.13891 sl: 1.14315 tp: 1.13488 -> sl: 1.14315 tp: 1.13485
0	23:44:46.969	'1809640': order #40229535 sell 0.01 EURUSD at 1.13891 was modified -> sl: 1.14315 tp: 1.13485
0	23:45:27.735	'1809640': modify order #40225042 sell 0.01 EURUSD at 1.13745 sl: 1.14182 tp: 1.13281 -> sl: 1.14182 tp: 1.13278
0	23:45:28.016	'1809640': order #40225042 sell 0.01 EURUSD at 1.13745 was modified -> sl: 1.14182 tp: 1.13278
0	23:45:28.079	'1809640': modify order #40225250 sell 0.01 EURUSD at 1.13752 sl: 1.14183 tp: 1.13281 -> sl: 1.14183 tp: 1.13277
0	23:45:28.329	'1809640': order #40225250 sell 0.01 EURUSD at 1.13752 was modified -> sl: 1.14183 tp: 1.13277
0	23:45:28.344	'1809640': modify order #40225355 sell 0.01 EURUSD at 1.13729 sl: 1.14165 tp: 1.13286 -> sl: 1.14165 tp: 1.13273
0	23:45:28.735	'1809640': order #40225355 sell 0.01 EURUSD at 1.13729 was modified -> sl: 1.14165 tp: 1.13273
0	23:45:28.766	'1809640': modify order #40225500 sell 0.01 EURUSD at 1.13798 sl: 1.14226 tp: 1.13287 -> sl: 1.14226 tp: 1.13273
0	23:45:29.094	'1809640': order #40225500 sell 0.01 EURUSD at 1.13798 was modified -> sl: 1.14226 tp: 1.13273
0	23:45:29.110	'1809640': modify order #40225596 sell 0.01 EURUSD at 1.13807 sl: 1.14252 tp: 1.13282 -> sl: 1.14252 tp: 1.13274
0	23:45:29.344	'1809640': order #40225596 sell 0.01 EURUSD at 1.13807 was modified -> sl: 1.14252 tp: 1.13274
0	23:45:29.360	'1809640': modify order #40225645 sell 0.01 EURUSD at 1.13753 sl: 1.14204 tp: 1.13287 -> sl: 1.14204 tp: 1.13274
0	23:45:29.766	'1809640': order #40225645 sell 0.01 EURUSD at 1.13753 was modified -> sl: 1.14204 tp: 1.13274
0	23:45:29.782	'1809640': modify order #40225710 sell 0.01 EURUSD at 1.13749 sl: 1.14195 tp: 1.13287 -> sl: 1.14195 tp: 1.13274
0	23:45:30.282	'1809640': order #40225710 sell 0.01 EURUSD at 1.13749 was modified -> sl: 1.14195 tp: 1.13274
0	23:45:30.344	'1809640': modify order #40225805 buy 0.01 EURUSD at 1.13783 sl: 1.13353 tp: 1.14032 -> sl: 1.13353 tp: 1.14037
0	23:45:30.766	'1809640': order #40225805 buy 0.01 EURUSD at 1.13783 was modified -> sl: 1.13353 tp: 1.14037
0	23:45:30.813	'1809640': modify order #40226136 sell 0.01 EURUSD at 1.13786 sl: 1.14213 tp: 1.13287 -> sl: 1.14213 tp: 1.13274
0	23:45:31.360	'1809640': order #40226136 sell 0.01 EURUSD at 1.13786 was modified -> sl: 1.14213 tp: 1.13274
0	23:45:31.376	'1809640': modify order #40226281 sell 0.01 EURUSD at 1.13828 sl: 1.14247 tp: 1.13287 -> sl: 1.14247 tp: 1.13276
0	23:45:31.735	'1809640': order #40226281 sell 0.01 EURUSD at 1.13828 was modified -> sl: 1.14247 tp: 1.13276
0	23:45:31.766	'1809640': modify order #40226375 sell 0.01 EURUSD at 1.13839 sl: 1.14266 tp: 1.13287 -> sl: 1.14266 tp: 1.13279
0	23:45:32.219	'1809640': order #40226375 sell 0.01 EURUSD at 1.13839 was modified -> sl: 1.14266 tp: 1.13279
0	23:45:32.266	'1809640': modify order #40226498 sell 0.01 EURUSD at 1.13825 sl: 1.14246 tp: 1.13287 -> sl: 1.14246 tp: 1.13278
0	23:45:32.579	'1809640': order #40226498 sell 0.01 EURUSD at 1.13825 was modified -> sl: 1.14246 tp: 1.13278
0	23:45:32.594	'1809640': modify order #40226606 sell 0.01 EURUSD at 1.13851 sl: 1.14280 tp: 1.13287 -> sl: 1.14280 tp: 1.13278
0	23:45:33.016	'1809640': order #40226606 sell 0.01 EURUSD at 1.13851 was modified -> sl: 1.14280 tp: 1.13278
0	23:45:33.048	'1809640': modify order #40227193 sell 0.01 EURUSD at 1.13895 sl: 1.14323 tp: 1.13287 -> sl: 1.14323 tp: 1.13278
0	23:45:33.438	'1809640': order #40227193 sell 0.01 EURUSD at 1.13895 was modified -> sl: 1.14323 tp: 1.13278
0	23:45:33.438	'1809640': modify order #40227426 sell 0.01 EURUSD at 1.13881 sl: 1.14304 tp: 1.13289 -> sl: 1.14304 tp: 1.13277
0	23:45:33.798	'1809640': order #40227426 sell 0.01 EURUSD at 1.13881 was modified -> sl: 1.14304 tp: 1.13277
0	23:45:33.813	'1809640': modify order #40227548 sell 0.01 EURUSD at 1.13900 sl: 1.14325 tp: 1.13289 -> sl: 1.14325 tp: 1.13275
0	23:45:34.032	'1809640': order #40227548 sell 0.01 EURUSD at 1.13900 was modified -> sl: 1.14325 tp: 1.13275
0	23:45:34.048	'1809640': modify order #40228398 sell 0.01 EURUSD at 1.13912 sl: 1.14337 tp: 1.13289 -> sl: 1.14337 tp: 1.13274
0	23:45:34.376	'1809640': order #40228398 sell 0.01 EURUSD at 1.13912 was modified -> sl: 1.14337 tp: 1.13274
0	23:45:34.376	'1809640': modify order #40228745 sell 0.01 EURUSD at 1.13900 sl: 1.14321 tp: 1.13289 -> sl: 1.14321 tp: 1.13274
0	23:45:34.688	'1809640': order #40228745 sell 0.01 EURUSD at 1.13900 was modified -> sl: 1.14321 tp: 1.13274
0	23:45:34.719	'1809640': modify order #40229146 sell 0.01 EURUSD at 1.13920 sl: 1.14340 tp: 1.13289 -> sl: 1.14340 tp: 1.13274
0	23:45:35.079	'1809640': order #40229146 sell 0.01 EURUSD at 1.13920 was modified -> sl: 1.14340 tp: 1.13274
0	23:45:35.094	'1809640': modify order #40229535 sell 0.01 EURUSD at 1.13891 sl: 1.14315 tp: 1.13485 -> sl: 1.14315 tp: 1.13449
0	23:45:35.391	'1809640': order #40229535 sell 0.01 EURUSD at 1.13891 was modified -> sl: 1.14315 tp: 1.13449
0	23:46:05.626	'1809640': modify order #40225042 sell 0.01 EURUSD at 1.13745 sl: 1.14182 tp: 1.13278 -> sl: 1.14182 tp: 1.13258
0	23:46:05.938	'1809640': order #40225042 sell 0.01 EURUSD at 1.13745 was modified -> sl: 1.14182 tp: 1.13258
0	23:46:05.954	'1809640': modify order #40225250 sell 0.01 EURUSD at 1.13752 sl: 1.14183 tp: 1.13277 -> sl: 1.14183 tp: 1.13259
0	23:46:06.282	'1809640': order #40225250 sell 0.01 EURUSD at 1.13752 was modified -> sl: 1.14183 tp: 1.13259
0	23:46:06.344	'1809640': modify order #40225355 sell 0.01 EURUSD at 1.13729 sl: 1.14165 tp: 1.13273 -> sl: 1.14165 tp: 1.13259
0	23:46:06.641	'1809640': order #40225355 sell 0.01 EURUSD at 1.13729 was modified -> sl: 1.14165 tp: 1.13259
0	23:46:06.657	'1809640': modify order #40225500 sell 0.01 EURUSD at 1.13798 sl: 1.14226 tp: 1.13273 -> sl: 1.14226 tp: 1.13257
0	23:46:06.907	'1809640': order #40225500 sell 0.01 EURUSD at 1.13798 was modified -> sl: 1.14226 tp: 1.13257
0	23:46:06.938	'1809640': modify order #40225596 sell 0.01 EURUSD at 1.13807 sl: 1.14252 tp: 1.13274 -> sl: 1.14252 tp: 1.13260
0	23:46:07.235	'1809640': order #40225596 sell 0.01 EURUSD at 1.13807 was modified -> sl: 1.14252 tp: 1.13260
0	23:46:07.251	'1809640': modify order #40225645 sell 0.01 EURUSD at 1.13753 sl: 1.14204 tp: 1.13274 -> sl: 1.14204 tp: 1.13260
0	23:46:07.563	'1809640': order #40225645 sell 0.01 EURUSD at 1.13753 was modified -> sl: 1.14204 tp: 1.13260
0	23:46:07.563	'1809640': modify order #40225710 sell 0.01 EURUSD at 1.13749 sl: 1.14195 tp: 1.13274 -> sl: 1.14195 tp: 1.13260
0	23:46:07.891	'1809640': order #40225710 sell 0.01 EURUSD at 1.13749 was modified -> sl: 1.14195 tp: 1.13260
0	23:46:07.907	'1809640': modify order #40226136 sell 0.01 EURUSD at 1.13786 sl: 1.14213 tp: 1.13274 -> sl: 1.14213 tp: 1.13260
0	23:46:08.298	'1809640': order #40226136 sell 0.01 EURUSD at 1.13786 was modified -> sl: 1.14213 tp: 1.13260
0	23:46:08.313	'1809640': modify order #40226281 sell 0.01 EURUSD at 1.13828 sl: 1.14247 tp: 1.13276 -> sl: 1.14247 tp: 1.13261
0	23:46:08.532	'1809640': order #40226281 sell 0.01 EURUSD at 1.13828 was modified -> sl: 1.14247 tp: 1.13261
0	23:46:08.594	'1809640': modify order #40226375 sell 0.01 EURUSD at 1.13839 sl: 1.14266 tp: 1.13279 -> sl: 1.14266 tp: 1.13261
0	23:46:08.923	'1809640': order #40226375 sell 0.01 EURUSD at 1.13839 was modified -> sl: 1.14266 tp: 1.13261
0	23:46:08.938	'1809640': modify order #40226498 sell 0.01 EURUSD at 1.13825 sl: 1.14246 tp: 1.13278 -> sl: 1.14246 tp: 1.13262
0	23:46:09.329	'1809640': order #40226498 sell 0.01 EURUSD at 1.13825 was modified -> sl: 1.14246 tp: 1.13262
0	23:46:09.344	'1809640': modify order #40226606 sell 0.01 EURUSD at 1.13851 sl: 1.14280 tp: 1.13278 -> sl: 1.14280 tp: 1.13258
0	23:46:09.673	'1809640': order #40226606 sell 0.01 EURUSD at 1.13851 was modified -> sl: 1.14280 tp: 1.13258
0	23:46:09.673	'1809640': modify order #40227193 sell 0.01 EURUSD at 1.13895 sl: 1.14323 tp: 1.13278 -> sl: 1.14323 tp: 1.13260
0	23:46:10.016	'1809640': order #40227193 sell 0.01 EURUSD at 1.13895 was modified -> sl: 1.14323 tp: 1.13260
0	23:46:10.032	'1809640': modify order #40227426 sell 0.01 EURUSD at 1.13881 sl: 1.14304 tp: 1.13277 -> sl: 1.14304 tp: 1.13260
0	23:46:10.329	'1809640': order #40227426 sell 0.01 EURUSD at 1.13881 was modified -> sl: 1.14304 tp: 1.13260
0	23:46:10.344	'1809640': modify order #40227548 sell 0.01 EURUSD at 1.13900 sl: 1.14325 tp: 1.13275 -> sl: 1.14325 tp: 1.13260
0	23:46:10.704	'1809640': order #40227548 sell 0.01 EURUSD at 1.13900 was modified -> sl: 1.14325 tp: 1.13260
0	23:46:10.719	'1809640': modify order #40228398 sell 0.01 EURUSD at 1.13912 sl: 1.14337 tp: 1.13274 -> sl: 1.14337 tp: 1.13260
0	23:46:10.985	'1809640': order #40228398 sell 0.01 EURUSD at 1.13912 was modified -> sl: 1.14337 tp: 1.13260
0	23:46:11.001	'1809640': modify order #40228745 sell 0.01 EURUSD at 1.13900 sl: 1.14321 tp: 1.13274 -> sl: 1.14321 tp: 1.13261
0	23:46:11.329	'1809640': order #40228745 sell 0.01 EURUSD at 1.13900 was modified -> sl: 1.14321 tp: 1.13261
0	23:46:11.344	'1809640': modify order #40229146 sell 0.01 EURUSD at 1.13920 sl: 1.14340 tp: 1.13274 -> sl: 1.14340 tp: 1.13260
0	23:46:11.626	'1809640': order #40229146 sell 0.01 EURUSD at 1.13920 was modified -> sl: 1.14340 tp: 1.13260
0	23:46:11.657	'1809640': modify order #40229535 sell 0.01 EURUSD at 1.13891 sl: 1.14315 tp: 1.13449 -> sl: 1.14315 tp: 1.13383
0	23:46:11.969	'1809640': order #40229535 sell 0.01 EURUSD at 1.13891 was modified -> sl: 1.14315 tp: 1.13383
0	23:56:23.673	'1809640': modify order #40225805 buy 0.01 EURUSD at 1.13783 sl: 1.13353 tp: 1.14037 -> sl: 1.13353 tp: 1.14038
0	23:56:23.923	'1809640': order #40225805 buy 0.01 EURUSD at 1.13783 was modified -> sl: 1.13353 tp: 1.14038
