0	00:27:03.932	'1809640': modify order #43680310 buy 0.01 EURUSD at 1.06227 sl: 1.05806 tp: 1.06291 -> sl: 1.05806 tp: 1.06327
0	00:27:05.134	'1809640': order #43680310 buy 0.01 EURUSD at 1.06227 was modified -> sl: 1.05806 tp: 1.06327
0	00:31:10.376	'1809640': modify order #43680310 buy 0.01 EURUSD at 1.06227 sl: 1.05806 tp: 1.06327 -> sl: 1.05806 tp: 1.06330
0	00:31:10.635	'1809640': order #43680310 buy 0.01 EURUSD at 1.06227 was modified -> sl: 1.05806 tp: 1.06330
0	00:38:53.205	'1809640': modify order #43680310 buy 0.01 EURUSD at 1.06227 sl: 1.05806 tp: 1.06330 -> sl: 1.05806 tp: 1.06331
0	00:38:53.692	'1809640': order #43680310 buy 0.01 EURUSD at 1.06227 was modified -> sl: 1.05806 tp: 1.06331
0	00:40:28.142	'1809640': modify order #43680310 buy 0.01 EURUSD at 1.06227 sl: 1.05806 tp: 1.06331 -> sl: 1.05806 tp: 1.06335
0	00:40:28.467	'1809640': order #43680310 buy 0.01 EURUSD at 1.06227 was modified -> sl: 1.05806 tp: 1.06335
0	01:03:19.977	'1809640': order buy market 0.01 EURUSD sl: 1.05826 tp: 1.06314
0	01:03:21.312	'1809640': order was opened : #43682093 buy 0.01 EURUSD at 1.06247 sl: 1.05826 tp: 1.06314
0	01:13:13.691	'1809640': modify order #43682093 buy 0.01 EURUSD at 1.06247 sl: 1.05826 tp: 1.06314 -> sl: 1.05826 tp: 1.06315
0	01:13:14.276	'1809640': order #43682093 buy 0.01 EURUSD at 1.06247 was modified -> sl: 1.05826 tp: 1.06315
0	01:15:53.663	'1809640': modify order #43682093 buy 0.01 EURUSD at 1.06247 sl: 1.05826 tp: 1.06315 -> sl: 1.05826 tp: 1.06319
0	01:15:54.511	'1809640': order #43682093 buy 0.01 EURUSD at 1.06247 was modified -> sl: 1.05826 tp: 1.06319
0	01:21:06.185	'1809640': modify order #43682093 buy 0.01 EURUSD at 1.06247 sl: 1.05826 tp: 1.06319 -> sl: 1.05826 tp: 1.06322
0	01:21:06.643	'1809640': order #43682093 buy 0.01 EURUSD at 1.06247 was modified -> sl: 1.05826 tp: 1.06322
0	01:35:00.784	'1809640': modify order #43682093 buy 0.01 EURUSD at 1.06247 sl: 1.05826 tp: 1.06322 -> sl: 1.05826 tp: 1.06324
0	01:35:01.335	'1809640': order #43682093 buy 0.01 EURUSD at 1.06247 was modified -> sl: 1.05826 tp: 1.06324
0	01:36:48.197	'1809640': modify order #43682093 buy 0.01 EURUSD at 1.06247 sl: 1.05826 tp: 1.06324 -> sl: 1.05826 tp: 1.06325
0	01:36:48.777	'1809640': order #43682093 buy 0.01 EURUSD at 1.06247 was modified -> sl: 1.05826 tp: 1.06325
0	02:01:59.395	'1809640': order sell market 0.01 EURUSD sl: 1.06614 tp: 1.05752
0	02:02:00.012	'1809640': order was opened : #43682839 sell 0.01 EURUSD at 1.06192 sl: 1.06614 tp: 1.05752
0	02:02:55.840	'1809640': modify order #43682839 sell 0.01 EURUSD at 1.06192 sl: 1.06614 tp: 1.05752 -> sl: 1.06614 tp: 1.05744
0	02:02:56.266	'1809640': order #43682839 sell 0.01 EURUSD at 1.06192 was modified -> sl: 1.06614 tp: 1.05744
0	02:03:05.756	'1809640': modify order #43682839 sell 0.01 EURUSD at 1.06192 sl: 1.06614 tp: 1.05744 -> sl: 1.06614 tp: 1.05733
0	02:03:06.113	'1809640': order #43682839 sell 0.01 EURUSD at 1.06192 was modified -> sl: 1.06614 tp: 1.05733
0	02:13:16.503	'1809640': modify order #43682839 sell 0.01 EURUSD at 1.06192 sl: 1.06614 tp: 1.05733 -> sl: 1.06614 tp: 1.05732
0	02:13:16.925	'1809640': order #43682839 sell 0.01 EURUSD at 1.06192 was modified -> sl: 1.06614 tp: 1.05732
0	02:19:38.474	'1809640': modify order #43682839 sell 0.01 EURUSD at 1.06192 sl: 1.06614 tp: 1.05732 -> sl: 1.06614 tp: 1.05717
0	02:19:38.868	'1809640': order #43682839 sell 0.01 EURUSD at 1.06192 was modified -> sl: 1.06614 tp: 1.05717
0	02:21:31.754	'1809640': modify order #43682839 sell 0.01 EURUSD at 1.06192 sl: 1.06614 tp: 1.05717 -> sl: 1.06614 tp: 1.05712
0	02:21:32.537	'1809640': order #43682839 sell 0.01 EURUSD at 1.06192 was modified -> sl: 1.06614 tp: 1.05712
0	03:05:20.251	'1809640': order buy market 0.01 EURUSD sl: 1.05758 tp: 1.06489
0	03:05:20.677	'1809640': order was opened : #43683510 buy 0.01 EURUSD at 1.06179 sl: 1.05758 tp: 1.06489
0	03:24:30.183	'1809640': modify order #43683510 buy 0.01 EURUSD at 1.06179 sl: 1.05758 tp: 1.06489 -> sl: 1.05758 tp: 1.06490
0	03:24:30.836	'1809640': order #43683510 buy 0.01 EURUSD at 1.06179 was modified -> sl: 1.05758 tp: 1.06490
0	04:00:45.773	'1809640': order buy market 0.01 EURUSD sl: 1.05830 tp: 1.06601
0	04:00:46.198	'1809640': order was opened : #43684134 buy 0.01 EURUSD at 1.06251 sl: 1.05830 tp: 1.06601
0	04:03:46.570	'1809640': modify order #43684134 buy 0.01 EURUSD at 1.06251 sl: 1.05830 tp: 1.06601 -> sl: 1.05830 tp: 1.06625
0	04:03:47.386	'1809640': order #43684134 buy 0.01 EURUSD at 1.06251 was modified -> sl: 1.05830 tp: 1.06625
0	04:13:40.126	'1809640': modify order #43684134 buy 0.01 EURUSD at 1.06251 sl: 1.05830 tp: 1.06625 -> sl: 1.05830 tp: 1.06629
0	04:13:40.517	'1809640': order #43684134 buy 0.01 EURUSD at 1.06251 was modified -> sl: 1.05830 tp: 1.06629
0	04:36:06.416	'1809640': modify order #43682093 buy 0.01 EURUSD at 1.06247 sl: 1.05826 tp: 1.06325 -> sl: 1.05826 tp: 1.06326
0	04:36:08.632	'1809640': order #43682093 buy 0.01 EURUSD at 1.06247 was modified -> sl: 1.05826 tp: 1.06326
0	04:48:21.056	'1809640': modify order #43682093 buy 0.01 EURUSD at 1.06247 sl: 1.05826 tp: 1.06326 -> sl: 1.05826 tp: 1.06327
0	04:48:22.033	'1809640': order #43682093 buy 0.01 EURUSD at 1.06247 was modified -> sl: 1.05826 tp: 1.06327
0	05:02:18.134	'1809640': order buy market 0.01 EURUSD sl: 1.05810 tp: 1.06671
0	05:02:18.721	'1809640': order was opened : #43684577 buy 0.01 EURUSD at 1.06231 sl: 1.05810 tp: 1.06671
0	05:42:45.170	'1809640': modify order #43684577 buy 0.01 EURUSD at 1.06231 sl: 1.05810 tp: 1.06671 -> sl: 1.05810 tp: 1.06672
0	05:42:45.527	'1809640': order #43684577 buy 0.01 EURUSD at 1.06231 was modified -> sl: 1.05810 tp: 1.06672
0	06:03:04.035	'1809640': order buy market 0.01 EURUSD sl: 1.05822 tp: 1.06317
0	06:03:04.526	'1809640': order was opened : #43685101 buy 0.01 EURUSD at 1.06243 sl: 1.05822 tp: 1.06317
0	06:03:53.967	'1809640': modify order #43684577 buy 0.01 EURUSD at 1.06231 sl: 1.05810 tp: 1.06672 -> sl: 1.05810 tp: 1.06678
0	06:03:54.385	'1809640': order #43684577 buy 0.01 EURUSD at 1.06231 was modified -> sl: 1.05810 tp: 1.06678
0	06:03:54.417	'1809640': modify order #43685101 buy 0.01 EURUSD at 1.06243 sl: 1.05822 tp: 1.06317 -> sl: 1.05822 tp: 1.06368
0	06:03:54.810	'1809640': order #43685101 buy 0.01 EURUSD at 1.06243 was modified -> sl: 1.05822 tp: 1.06368
0	07:04:01.315	'1809640': order buy market 0.01 EURUSD sl: 1.05783 tp: 1.06951
0	07:04:01.968	'1809640': order was opened : #43685907 buy 0.01 EURUSD at 1.06204 sl: 1.05783 tp: 1.06951
0	07:04:51.768	'1809640': modify order #43685907 buy 0.01 EURUSD at 1.06204 sl: 1.05783 tp: 1.06951 -> sl: 1.05783 tp: 1.06952
0	07:04:52.158	'1809640': order #43685907 buy 0.01 EURUSD at 1.06204 was modified -> sl: 1.05783 tp: 1.06952
0	07:20:53.084	'1809640': modify order #43685907 buy 0.01 EURUSD at 1.06204 sl: 1.05783 tp: 1.06952 -> sl: 1.05783 tp: 1.06953
0	07:20:53.469	'1809640': order #43685907 buy 0.01 EURUSD at 1.06204 was modified -> sl: 1.05783 tp: 1.06953
0	07:24:20.460	'1809640': modify order #43682839 sell 0.01 EURUSD at 1.06192 sl: 1.06614 tp: 1.05712 -> sl: 1.06614 tp: 1.05707
0	07:24:20.816	'1809640': order #43682839 sell 0.01 EURUSD at 1.06192 was modified -> sl: 1.06614 tp: 1.05707
0	07:33:56.954	'1809640': modify order #43682839 sell 0.01 EURUSD at 1.06192 sl: 1.06614 tp: 1.05707 -> sl: 1.06614 tp: 1.05698
0	07:33:58.252	'1809640': order #43682839 sell 0.01 EURUSD at 1.06192 was modified -> sl: 1.06614 tp: 1.05698
0	07:37:48.855	'1809640': modify order #43682839 sell 0.01 EURUSD at 1.06192 sl: 1.06614 tp: 1.05698 -> sl: 1.06614 tp: 1.05668
0	07:37:49.569	'1809640': order #43682839 sell 0.01 EURUSD at 1.06192 was modified -> sl: 1.06614 tp: 1.05668
0	07:40:47.093	'1809640': modify order #43682839 sell 0.01 EURUSD at 1.06192 sl: 1.06614 tp: 1.05668 -> sl: 1.06614 tp: 1.05665
0	07:40:47.625	'1809640': order #43682839 sell 0.01 EURUSD at 1.06192 was modified -> sl: 1.06614 tp: 1.05665
0	07:43:52.117	'1809640': modify order #43682839 sell 0.01 EURUSD at 1.06192 sl: 1.06614 tp: 1.05665 -> sl: 1.06614 tp: 1.05647
0	07:43:53.158	'1809640': order #43682839 sell 0.01 EURUSD at 1.06192 was modified -> sl: 1.06614 tp: 1.05647
0	07:46:01.686	'1809640': modify order #43682839 sell 0.01 EURUSD at 1.06192 sl: 1.06614 tp: 1.05647 -> sl: 1.06614 tp: 1.05606
0	07:46:02.465	'1809640': order #43682839 sell 0.01 EURUSD at 1.06192 was modified -> sl: 1.06614 tp: 1.05606
0	07:49:36.489	'1809640': modify order #43682093 buy 0.01 EURUSD at 1.06247 sl: 1.05826 tp: 1.06327 -> sl: 1.05826 tp: 1.06336
0	07:49:36.817	'1809640': order #43682093 buy 0.01 EURUSD at 1.06247 was modified -> sl: 1.05826 tp: 1.06336
0	07:49:36.817	'1809640': modify order #43682839 sell 0.01 EURUSD at 1.06192 sl: 1.06614 tp: 1.05606 -> sl: 1.06614 tp: 1.05585
0	07:49:37.207	'1809640': order #43682839 sell 0.01 EURUSD at 1.06192 was modified -> sl: 1.06614 tp: 1.05585
0	07:51:26.581	'1809640': modify order #43682839 sell 0.01 EURUSD at 1.06192 sl: 1.06614 tp: 1.05585 -> sl: 1.06614 tp: 1.05579
0	07:51:27.003	'1809640': order #43682839 sell 0.01 EURUSD at 1.06192 was modified -> sl: 1.06614 tp: 1.05579
0	07:53:30.142	'1809640': modify order #43682093 buy 0.01 EURUSD at 1.06247 sl: 1.05826 tp: 1.06336 -> sl: 1.05826 tp: 1.06347
0	07:53:30.503	'1809640': order #43682093 buy 0.01 EURUSD at 1.06247 was modified -> sl: 1.05826 tp: 1.06347
0	08:02:11.153	'1809640': modify order #43682093 buy 0.01 EURUSD at 1.06247 sl: 1.05826 tp: 1.06347 -> sl: 1.05826 tp: 1.06350
0	08:02:11.803	'1809640': order #43682093 buy 0.01 EURUSD at 1.06247 was modified -> sl: 1.05826 tp: 1.06350
0	08:02:35.499	'1809640': order sell market 0.01 EURUSD sl: 1.06479 tp: 1.05946
0	08:02:35.957	'1809640': order was opened : #43687687 sell 0.01 EURUSD at 1.06058 sl: 1.06479 tp: 1.05946
0	08:04:50.401	'1809640': modify order #43682093 buy 0.01 EURUSD at 1.06247 sl: 1.05826 tp: 1.06350 -> sl: 1.05826 tp: 1.06352
0	08:04:50.758	'1809640': order #43682093 buy 0.01 EURUSD at 1.06247 was modified -> sl: 1.05826 tp: 1.06352
0	08:37:46.866	'1809640': modify order #43682839 sell 0.01 EURUSD at 1.06192 sl: 1.06614 tp: 1.05579 -> sl: 1.06614 tp: 1.05572
0	08:37:47.321	'1809640': order #43682839 sell 0.01 EURUSD at 1.06192 was modified -> sl: 1.06614 tp: 1.05572
0	08:46:55.146	'1809640': modify order #43680420 buy 0.01 EURUSD at 1.06222 sl: 1.05799 tp: 1.06352 -> sl: 1.05799 tp: 1.06359
0	08:46:55.666	'1809640': order #43680420 buy 0.01 EURUSD at 1.06222 was modified -> sl: 1.05799 tp: 1.06359
0	08:46:55.698	'1809640': modify order #43687687 sell 0.01 EURUSD at 1.06058 sl: 1.06479 tp: 1.05946 -> sl: 1.06479 tp: 1.05943
0	08:46:56.217	'1809640': order #43687687 sell 0.01 EURUSD at 1.06058 was modified -> sl: 1.06479 tp: 1.05943
0	08:51:47.730	'1809640': modify order #43687687 sell 0.01 EURUSD at 1.06058 sl: 1.06479 tp: 1.05943 -> sl: 1.06479 tp: 1.05942
0	08:51:48.744	'1809640': order #43687687 sell 0.01 EURUSD at 1.06058 was modified -> sl: 1.06479 tp: 1.05942
0	08:59:31.598	'1809640': modify order #43687687 sell 0.01 EURUSD at 1.06058 sl: 1.06479 tp: 1.05942 -> sl: 1.06479 tp: 1.05928
0	08:59:32.271	'1809640': order #43687687 sell 0.01 EURUSD at 1.06058 was modified -> sl: 1.06479 tp: 1.05928
0	09:04:57.660	'1809640': order sell market 0.01 EURUSD sl: 1.06537 tp: 1.05932
0	09:04:58.151	'1809640': order was opened : #43689418 sell 0.01 EURUSD at 1.06113 sl: 1.06537 tp: 1.05932
0	10:02:56.522	'1809640': order sell market 0.01 EURUSD sl: 1.06498 tp: 1.05973
0	10:02:56.992	'1809640': order was opened : #43690935 sell 0.01 EURUSD at 1.06080 sl: 1.06498 tp: 1.05973
0	10:03:37.813	'1809640': modify order #43690935 sell 0.01 EURUSD at 1.06080 sl: 1.06498 tp: 1.05973 -> sl: 1.06498 tp: 1.05971
0	10:03:38.596	'1809640': order #43690935 sell 0.01 EURUSD at 1.06080 was modified -> sl: 1.06498 tp: 1.05971
0	10:05:23.442	'1809640': modify order #43690935 sell 0.01 EURUSD at 1.06080 sl: 1.06498 tp: 1.05971 -> sl: 1.06498 tp: 1.05970
0	10:05:23.605	'1809640': order #43690935 sell 0.01 EURUSD at 1.06080 was modified -> sl: 1.06498 tp: 1.05970
0	10:13:10.747	'1809640': modify order #43690935 sell 0.01 EURUSD at 1.06080 sl: 1.06498 tp: 1.05970 -> sl: 1.06498 tp: 1.05969
0	10:13:11.169	'1809640': order #43690935 sell 0.01 EURUSD at 1.06080 was modified -> sl: 1.06498 tp: 1.05969
0	10:20:51.092	'1809640': modify order #43690935 sell 0.01 EURUSD at 1.06080 sl: 1.06498 tp: 1.05969 -> sl: 1.06498 tp: 1.05968
0	10:20:51.715	'1809640': order #43690935 sell 0.01 EURUSD at 1.06080 was modified -> sl: 1.06498 tp: 1.05968
0	10:23:57.177	'1809640': modify order #43690935 sell 0.01 EURUSD at 1.06080 sl: 1.06498 tp: 1.05968 -> sl: 1.06498 tp: 1.05967
0	10:23:57.866	'1809640': order #43690935 sell 0.01 EURUSD at 1.06080 was modified -> sl: 1.06498 tp: 1.05967
0	10:32:09.721	'1809640': modify order #43690935 sell 0.01 EURUSD at 1.06080 sl: 1.06498 tp: 1.05967 -> sl: 1.06498 tp: 1.05958
0	10:32:10.079	'1809640': order #43690935 sell 0.01 EURUSD at 1.06080 was modified -> sl: 1.06498 tp: 1.05958
0	11:02:02.794	'1809640': order buy market 0.01 EURUSD sl: 1.05736 tp: 1.06594
0	11:02:03.836	'1809640': order was opened : #43692915 buy 0.01 EURUSD at 1.06154 sl: 1.05736 tp: 1.06594
0	11:17:02.998	'1809640': modify order #43692915 buy 0.01 EURUSD at 1.06154 sl: 1.05736 tp: 1.06594 -> sl: 1.05736 tp: 1.06599
0	11:17:03.420	'1809640': order #43692915 buy 0.01 EURUSD at 1.06154 was modified -> sl: 1.05736 tp: 1.06599
0	11:46:27.292	'1809640': modify order #43692915 buy 0.01 EURUSD at 1.06154 sl: 1.05736 tp: 1.06599 -> sl: 1.05736 tp: 1.06614
0	11:46:28.139	'1809640': order #43692915 buy 0.01 EURUSD at 1.06154 was modified -> sl: 1.05736 tp: 1.06614
0	11:49:29.812	'1809640': modify order #43692915 buy 0.01 EURUSD at 1.06154 sl: 1.05736 tp: 1.06614 -> sl: 1.05736 tp: 1.06625
0	11:49:30.335	'1809640': order #43692915 buy 0.01 EURUSD at 1.06154 was modified -> sl: 1.05736 tp: 1.06625
0	12:03:13.066	'1809640': order sell market 0.01 EURUSD sl: 1.06568 tp: 1.05707
0	12:03:13.487	'1809640': order was opened : #43693924 sell 0.01 EURUSD at 1.06147 sl: 1.06568 tp: 1.05707
0	12:03:48.265	'1809640': modify order #43693924 sell 0.01 EURUSD at 1.06147 sl: 1.06568 tp: 1.05707 -> sl: 1.06568 tp: 1.05704
0	12:03:48.658	'1809640': order #43693924 sell 0.01 EURUSD at 1.06147 was modified -> sl: 1.06568 tp: 1.05704
0	12:11:10.823	'1809640': modify order #43692915 buy 0.01 EURUSD at 1.06154 sl: 1.05736 tp: 1.06625 -> sl: 1.05736 tp: 1.06632
0	12:11:11.866	'1809640': order #43692915 buy 0.01 EURUSD at 1.06154 was modified -> sl: 1.05736 tp: 1.06632
0	12:20:52.098	'1809640': modify order #43692915 buy 0.01 EURUSD at 1.06154 sl: 1.05736 tp: 1.06632 -> sl: 1.05736 tp: 1.06638
0	12:20:52.423	'1809640': order #43692915 buy 0.01 EURUSD at 1.06154 was modified -> sl: 1.05736 tp: 1.06638
0	12:25:26.741	'1809640': modify order #43692915 buy 0.01 EURUSD at 1.06154 sl: 1.05736 tp: 1.06638 -> sl: 1.05736 tp: 1.06640
0	12:25:27.163	'1809640': order #43692915 buy 0.01 EURUSD at 1.06154 was modified -> sl: 1.05736 tp: 1.06640
0	12:35:31.119	'1809640': modify order #43693924 sell 0.01 EURUSD at 1.06147 sl: 1.06568 tp: 1.05704 -> sl: 1.06568 tp: 1.05703
0	12:35:31.509	'1809640': order #43693924 sell 0.01 EURUSD at 1.06147 was modified -> sl: 1.06568 tp: 1.05703
0	12:36:06.386	'1809640': modify order #43693924 sell 0.01 EURUSD at 1.06147 sl: 1.06568 tp: 1.05703 -> sl: 1.06568 tp: 1.05700
0	12:36:07.204	'1809640': order #43693924 sell 0.01 EURUSD at 1.06147 was modified -> sl: 1.06568 tp: 1.05700
0	12:41:25.101	'1809640': modify order #43693924 sell 0.01 EURUSD at 1.06147 sl: 1.06568 tp: 1.05700 -> sl: 1.06568 tp: 1.05676
0	12:41:25.352	'1809640': order #43693924 sell 0.01 EURUSD at 1.06147 was modified -> sl: 1.06568 tp: 1.05676
0	12:46:36.379	'1809640': modify order #43693924 sell 0.01 EURUSD at 1.06147 sl: 1.06568 tp: 1.05676 -> sl: 1.06568 tp: 1.05659
0	12:46:36.903	'1809640': order #43693924 sell 0.01 EURUSD at 1.06147 was modified -> sl: 1.06568 tp: 1.05659
0	12:51:41.541	'1809640': modify order #43693924 sell 0.01 EURUSD at 1.06147 sl: 1.06568 tp: 1.05659 -> sl: 1.06568 tp: 1.05658
0	12:51:45.313	'1809640': order #43693924 sell 0.01 EURUSD at 1.06147 was modified -> sl: 1.06568 tp: 1.05658
0	13:02:17.361	'1809640': order buy market 0.01 EURUSD sl: 1.05698 tp: 1.06558
0	13:02:17.839	'1809640': order was opened : #43695228 buy 0.01 EURUSD at 1.06118 sl: 1.05698 tp: 1.06558
0	13:02:22.986	'1809640': modify order #43693924 sell 0.01 EURUSD at 1.06147 sl: 1.06568 tp: 1.05658 -> sl: 1.06568 tp: 1.05657
0	13:02:23.434	'1809640': order #43693924 sell 0.01 EURUSD at 1.06147 was modified -> sl: 1.06568 tp: 1.05657
0	13:02:23.532	'1809640': modify order #43695228 buy 0.01 EURUSD at 1.06118 sl: 1.05698 tp: 1.06558 -> sl: 1.05698 tp: 1.06559
0	13:02:23.892	'1809640': order #43695228 buy 0.01 EURUSD at 1.06118 was modified -> sl: 1.05698 tp: 1.06559
0	13:05:38.843	'1809640': modify order #43695228 buy 0.01 EURUSD at 1.06118 sl: 1.05698 tp: 1.06559 -> sl: 1.05698 tp: 1.06569
0	13:05:39.204	'1809640': order #43695228 buy 0.01 EURUSD at 1.06118 was modified -> sl: 1.05698 tp: 1.06569
0	13:16:38.317	'1809640': modify order #43695228 buy 0.01 EURUSD at 1.06118 sl: 1.05698 tp: 1.06569 -> sl: 1.05698 tp: 1.06599
0	13:16:38.771	'1809640': order #43695228 buy 0.01 EURUSD at 1.06118 was modified -> sl: 1.05698 tp: 1.06599
0	13:20:57.934	'1809640': modify order #43695228 buy 0.01 EURUSD at 1.06118 sl: 1.05698 tp: 1.06599 -> sl: 1.05698 tp: 1.06608
0	13:20:58.721	'1809640': order #43695228 buy 0.01 EURUSD at 1.06118 was modified -> sl: 1.05698 tp: 1.06608
0	13:25:25.312	'1809640': modify order #43695228 buy 0.01 EURUSD at 1.06118 sl: 1.05698 tp: 1.06608 -> sl: 1.05698 tp: 1.06613
0	13:25:25.705	'1809640': order #43695228 buy 0.01 EURUSD at 1.06118 was modified -> sl: 1.05698 tp: 1.06613
0	13:30:29.903	'1809640': modify order #43695228 buy 0.01 EURUSD at 1.06118 sl: 1.05698 tp: 1.06613 -> sl: 1.05698 tp: 1.06616
0	13:30:30.557	'1809640': order #43695228 buy 0.01 EURUSD at 1.06118 was modified -> sl: 1.05698 tp: 1.06616
0	13:41:34.932	'1809640': modify order #43695228 buy 0.01 EURUSD at 1.06118 sl: 1.05698 tp: 1.06616 -> sl: 1.05698 tp: 1.06618
0	13:41:36.643	'1809640': order #43695228 buy 0.01 EURUSD at 1.06118 was modified -> sl: 1.05698 tp: 1.06618
0	13:47:42.602	'1809640': modify order #43695228 buy 0.01 EURUSD at 1.06118 sl: 1.05698 tp: 1.06618 -> sl: 1.05698 tp: 1.06619
0	13:47:43.153	'1809640': order #43695228 buy 0.01 EURUSD at 1.06118 was modified -> sl: 1.05698 tp: 1.06619
0	13:50:38.667	'1809640': modify order #43695228 buy 0.01 EURUSD at 1.06118 sl: 1.05698 tp: 1.06619 -> sl: 1.05698 tp: 1.06626
0	13:50:39.346	'1809640': order #43695228 buy 0.01 EURUSD at 1.06118 was modified -> sl: 1.05698 tp: 1.06626
0	14:06:57.644	'1809640': order sell market 0.01 EURUSD sl: 1.06587 tp: 1.05726
0	14:06:58.947	'1809640': order was opened : #43696892 sell 0.01 EURUSD at 1.06166 sl: 1.06587 tp: 1.05726
0	14:06:59.012	'1809640': modify order #43695228 buy 0.01 EURUSD at 1.06118 sl: 1.05698 tp: 1.06626 -> sl: 1.05698 tp: 1.06628
0	14:06:59.472	'1809640': order #43695228 buy 0.01 EURUSD at 1.06118 was modified -> sl: 1.05698 tp: 1.06628
0	14:07:51.909	'1809640': modify order #43696892 sell 0.01 EURUSD at 1.06166 sl: 1.06587 tp: 1.05726 -> sl: 1.06587 tp: 1.05720
0	14:07:53.084	'1809640': order #43696892 sell 0.01 EURUSD at 1.06166 was modified -> sl: 1.06587 tp: 1.05720
0	14:12:57.193	'1809640': modify order #43696892 sell 0.01 EURUSD at 1.06166 sl: 1.06587 tp: 1.05720 -> sl: 1.06587 tp: 1.05709
0	14:12:57.706	'1809640': order #43696892 sell 0.01 EURUSD at 1.06166 was modified -> sl: 1.06587 tp: 1.05709
0	14:30:32.309	'1809640': modify order #43695228 buy 0.01 EURUSD at 1.06118 sl: 1.05698 tp: 1.06628 -> sl: 1.05698 tp: 1.06639
0	14:30:32.662	'1809640': order #43695228 buy 0.01 EURUSD at 1.06118 was modified -> sl: 1.05698 tp: 1.06639
0	14:33:20.976	'1809640': modify order #43692915 buy 0.01 EURUSD at 1.06154 sl: 1.05736 tp: 1.06640 -> sl: 1.05736 tp: 1.06641
0	14:33:21.370	'1809640': order #43692915 buy 0.01 EURUSD at 1.06154 was modified -> sl: 1.05736 tp: 1.06641
0	14:33:21.439	'1809640': modify order #43695228 buy 0.01 EURUSD at 1.06118 sl: 1.05698 tp: 1.06639 -> sl: 1.05698 tp: 1.06641
0	14:33:21.895	'1809640': order #43695228 buy 0.01 EURUSD at 1.06118 was modified -> sl: 1.05698 tp: 1.06641
0	14:48:52.710	'1809640': modify order #43684577 buy 0.01 EURUSD at 1.06231 sl: 1.05810 tp: 1.06678 -> sl: 1.05810 tp: 1.06682
0	14:48:53.197	'1809640': order #43684577 buy 0.01 EURUSD at 1.06231 was modified -> sl: 1.05810 tp: 1.06682
0	14:48:53.197	'1809640': modify order #43692915 buy 0.01 EURUSD at 1.06154 sl: 1.05736 tp: 1.06641 -> sl: 1.05736 tp: 1.06683
0	14:48:53.720	'1809640': order #43692915 buy 0.01 EURUSD at 1.06154 was modified -> sl: 1.05736 tp: 1.06683
0	14:48:53.720	'1809640': modify order #43695228 buy 0.01 EURUSD at 1.06118 sl: 1.05698 tp: 1.06641 -> sl: 1.05698 tp: 1.06683
0	14:48:53.882	'1809640': order #43695228 buy 0.01 EURUSD at 1.06118 was modified -> sl: 1.05698 tp: 1.06683
0	15:01:52.854	'1809640': order sell market 0.01 EURUSD sl: 1.06602 tp: 1.05741
0	15:01:53.377	'1809640': order was opened : #43698058 sell 0.01 EURUSD at 1.06181 sl: 1.06602 tp: 1.05741
0	15:04:17.865	'1809640': modify order #43698058 sell 0.01 EURUSD at 1.06181 sl: 1.06602 tp: 1.05741 -> sl: 1.06602 tp: 1.05739
0	15:04:18.453	'1809640': order #43698058 sell 0.01 EURUSD at 1.06181 was modified -> sl: 1.06602 tp: 1.05739
0	15:11:21.740	'1809640': modify order #43698058 sell 0.01 EURUSD at 1.06181 sl: 1.06602 tp: 1.05739 -> sl: 1.06602 tp: 1.05710
0	15:11:22.358	'1809640': order #43698058 sell 0.01 EURUSD at 1.06181 was modified -> sl: 1.06602 tp: 1.05710
0	16:04:17.483	'1809640': order buy market 0.01 EURUSD sl: 1.05778 tp: 1.06640
0	16:04:18.071	'1809640': order was opened : #43699251 buy 0.01 EURUSD at 1.06200 sl: 1.05778 tp: 1.06640
0	16:08:50.534	'1809640': modify order #43696892 sell 0.01 EURUSD at 1.06166 sl: 1.06587 tp: 1.05709 -> sl: 1.06587 tp: 1.05689
0	16:08:50.992	'1809640': order #43696892 sell 0.01 EURUSD at 1.06166 was modified -> sl: 1.06587 tp: 1.05689
0	16:08:51.024	'1809640': modify order #43698058 sell 0.01 EURUSD at 1.06181 sl: 1.06602 tp: 1.05710 -> sl: 1.06602 tp: 1.05690
0	16:08:51.405	'1809640': order #43698058 sell 0.01 EURUSD at 1.06181 was modified -> sl: 1.06602 tp: 1.05690
0	16:13:17.513	'1809640': modify order #43696892 sell 0.01 EURUSD at 1.06166 sl: 1.06587 tp: 1.05689 -> sl: 1.06587 tp: 1.05686
0	16:13:18.356	'1809640': order #43696892 sell 0.01 EURUSD at 1.06166 was modified -> sl: 1.06587 tp: 1.05686
0	16:13:18.583	'1809640': modify order #43698058 sell 0.01 EURUSD at 1.06181 sl: 1.06602 tp: 1.05690 -> sl: 1.06602 tp: 1.05685
0	16:13:18.913	'1809640': order #43698058 sell 0.01 EURUSD at 1.06181 was modified -> sl: 1.06602 tp: 1.05685
0	16:15:02.672	'1809640': modify order #43696892 sell 0.01 EURUSD at 1.06166 sl: 1.06587 tp: 1.05686 -> sl: 1.06587 tp: 1.05677
0	16:15:03.098	'1809640': order #43696892 sell 0.01 EURUSD at 1.06166 was modified -> sl: 1.06587 tp: 1.05677
0	16:15:03.195	'1809640': modify order #43698058 sell 0.01 EURUSD at 1.06181 sl: 1.06602 tp: 1.05685 -> sl: 1.06602 tp: 1.05677
0	16:15:03.554	'1809640': order #43698058 sell 0.01 EURUSD at 1.06181 was modified -> sl: 1.06602 tp: 1.05677
0	16:21:18.379	'1809640': modify order #43696892 sell 0.01 EURUSD at 1.06166 sl: 1.06587 tp: 1.05677 -> sl: 1.06587 tp: 1.05674
0	16:21:18.704	'1809640': order #43696892 sell 0.01 EURUSD at 1.06166 was modified -> sl: 1.06587 tp: 1.05674
0	16:21:18.769	'1809640': modify order #43698058 sell 0.01 EURUSD at 1.06181 sl: 1.06602 tp: 1.05677 -> sl: 1.06602 tp: 1.05673
0	16:21:19.065	'1809640': order #43698058 sell 0.01 EURUSD at 1.06181 was modified -> sl: 1.06602 tp: 1.05673
0	16:27:49.186	'1809640': modify order #43696892 sell 0.01 EURUSD at 1.06166 sl: 1.06587 tp: 1.05674 -> sl: 1.06587 tp: 1.05673
0	16:27:49.612	'1809640': order #43696892 sell 0.01 EURUSD at 1.06166 was modified -> sl: 1.06587 tp: 1.05673
0	16:29:59.751	'1809640': modify order #43696892 sell 0.01 EURUSD at 1.06166 sl: 1.06587 tp: 1.05673 -> sl: 1.06587 tp: 1.05671
0	16:30:00.891	'1809640': order #43696892 sell 0.01 EURUSD at 1.06166 was modified -> sl: 1.06587 tp: 1.05671
0	16:30:01.086	'1809640': modify order #43698058 sell 0.01 EURUSD at 1.06181 sl: 1.06602 tp: 1.05673 -> sl: 1.06602 tp: 1.05671
0	16:30:01.610	'1809640': order #43698058 sell 0.01 EURUSD at 1.06181 was modified -> sl: 1.06602 tp: 1.05671
0	16:35:27.154	'1809640': modify order #43693924 sell 0.01 EURUSD at 1.06147 sl: 1.06568 tp: 1.05657 -> sl: 1.06568 tp: 1.05656
0	16:35:27.604	'1809640': order #43693924 sell 0.01 EURUSD at 1.06147 was modified -> sl: 1.06568 tp: 1.05656
0	16:35:27.766	'1809640': modify order #43696892 sell 0.01 EURUSD at 1.06166 sl: 1.06587 tp: 1.05671 -> sl: 1.06587 tp: 1.05656
0	16:35:28.192	'1809640': order #43696892 sell 0.01 EURUSD at 1.06166 was modified -> sl: 1.06587 tp: 1.05656
0	16:35:28.226	'1809640': modify order #43698058 sell 0.01 EURUSD at 1.06181 sl: 1.06602 tp: 1.05671 -> sl: 1.06602 tp: 1.05656
0	16:35:28.617	'1809640': order #43698058 sell 0.01 EURUSD at 1.06181 was modified -> sl: 1.06602 tp: 1.05656
0	16:37:50.090	'1809640': modify order #43693924 sell 0.01 EURUSD at 1.06147 sl: 1.06568 tp: 1.05656 -> sl: 1.06568 tp: 1.05636
0	16:37:50.451	'1809640': order #43693924 sell 0.01 EURUSD at 1.06147 was modified -> sl: 1.06568 tp: 1.05636
0	16:37:50.516	'1809640': modify order #43696892 sell 0.01 EURUSD at 1.06166 sl: 1.06587 tp: 1.05656 -> sl: 1.06587 tp: 1.05636
0	16:37:50.869	'1809640': order #43696892 sell 0.01 EURUSD at 1.06166 was modified -> sl: 1.06587 tp: 1.05636
0	16:37:50.906	'1809640': modify order #43698058 sell 0.01 EURUSD at 1.06181 sl: 1.06602 tp: 1.05656 -> sl: 1.06602 tp: 1.05636
0	16:37:51.360	'1809640': order #43698058 sell 0.01 EURUSD at 1.06181 was modified -> sl: 1.06602 tp: 1.05636
0	16:38:33.883	'1809640': modify order #43693924 sell 0.01 EURUSD at 1.06147 sl: 1.06568 tp: 1.05636 -> sl: 1.06568 tp: 1.05630
0	16:38:34.273	'1809640': order #43693924 sell 0.01 EURUSD at 1.06147 was modified -> sl: 1.06568 tp: 1.05630
0	16:38:34.273	'1809640': modify order #43696892 sell 0.01 EURUSD at 1.06166 sl: 1.06587 tp: 1.05636 -> sl: 1.06587 tp: 1.05629
0	16:38:34.629	'1809640': order #43696892 sell 0.01 EURUSD at 1.06166 was modified -> sl: 1.06587 tp: 1.05629
0	16:38:34.629	'1809640': modify order #43698058 sell 0.01 EURUSD at 1.06181 sl: 1.06602 tp: 1.05636 -> sl: 1.06602 tp: 1.05631
0	16:38:34.958	'1809640': order #43698058 sell 0.01 EURUSD at 1.06181 was modified -> sl: 1.06602 tp: 1.05631
0	16:51:17.133	'1809640': modify order #43693924 sell 0.01 EURUSD at 1.06147 sl: 1.06568 tp: 1.05630 -> sl: 1.06568 tp: 1.05619
0	16:51:17.871	'1809640': order #43693924 sell 0.01 EURUSD at 1.06147 was modified -> sl: 1.06568 tp: 1.05619
0	16:51:17.871	'1809640': modify order #43696892 sell 0.01 EURUSD at 1.06166 sl: 1.06587 tp: 1.05629 -> sl: 1.06587 tp: 1.05620
0	16:51:18.265	'1809640': order #43696892 sell 0.01 EURUSD at 1.06166 was modified -> sl: 1.06587 tp: 1.05620
0	16:51:18.297	'1809640': modify order #43698058 sell 0.01 EURUSD at 1.06181 sl: 1.06602 tp: 1.05631 -> sl: 1.06602 tp: 1.05619
0	16:51:18.686	'1809640': order #43698058 sell 0.01 EURUSD at 1.06181 was modified -> sl: 1.06602 tp: 1.05619
0	16:54:54.792	'1809640': modify order #43693924 sell 0.01 EURUSD at 1.06147 sl: 1.06568 tp: 1.05619 -> sl: 1.06568 tp: 1.05613
0	16:54:55.667	'1809640': order #43693924 sell 0.01 EURUSD at 1.06147 was modified -> sl: 1.06568 tp: 1.05613
0	16:54:55.700	'1809640': modify order #43696892 sell 0.01 EURUSD at 1.06166 sl: 1.06587 tp: 1.05620 -> sl: 1.06587 tp: 1.05614
0	16:54:56.190	'1809640': order #43696892 sell 0.01 EURUSD at 1.06166 was modified -> sl: 1.06587 tp: 1.05614
0	16:54:56.290	'1809640': modify order #43698058 sell 0.01 EURUSD at 1.06181 sl: 1.06602 tp: 1.05619 -> sl: 1.06602 tp: 1.05613
0	16:54:56.806	'1809640': order #43698058 sell 0.01 EURUSD at 1.06181 was modified -> sl: 1.06602 tp: 1.05613
0	18:12:23.299	'1809640': modify order #43693924 sell 0.01 EURUSD at 1.06147 sl: 1.06568 tp: 1.05613 -> sl: 1.06568 tp: 1.05606
0	18:12:23.725	'1809640': order #43693924 sell 0.01 EURUSD at 1.06147 was modified -> sl: 1.06568 tp: 1.05606
0	18:12:23.725	'1809640': modify order #43696892 sell 0.01 EURUSD at 1.06166 sl: 1.06587 tp: 1.05614 -> sl: 1.06587 tp: 1.05606
0	18:12:24.114	'1809640': order #43696892 sell 0.01 EURUSD at 1.06166 was modified -> sl: 1.06587 tp: 1.05606
0	18:12:24.214	'1809640': modify order #43698058 sell 0.01 EURUSD at 1.06181 sl: 1.06602 tp: 1.05613 -> sl: 1.06602 tp: 1.05606
0	18:12:24.735	'1809640': order #43698058 sell 0.01 EURUSD at 1.06181 was modified -> sl: 1.06602 tp: 1.05606
0	20:14:02.533	'1809640': modify order #43690935 sell 0.01 EURUSD at 1.06080 sl: 1.06498 tp: 1.05958 -> sl: 1.06498 tp: 1.05953
0	20:14:03.024	'1809640': order #43690935 sell 0.01 EURUSD at 1.06080 was modified -> sl: 1.06498 tp: 1.05953
0	21:38:49.355	'1809640': modify order #43690935 sell 0.01 EURUSD at 1.06080 sl: 1.06498 tp: 1.05953 -> sl: 1.06498 tp: 1.05940
0	21:38:51.588	'1809640': order #43690935 sell 0.01 EURUSD at 1.06080 was modified -> sl: 1.06498 tp: 1.05940
0	21:59:32.068	'1809640': modify order #43690935 sell 0.01 EURUSD at 1.06080 sl: 1.06498 tp: 1.05940 -> sl: 1.06498 tp: 1.05919
0	21:59:32.555	'1809640': order #43690935 sell 0.01 EURUSD at 1.06080 was modified -> sl: 1.06498 tp: 1.05919
0	23:02:46.671	'1809640': modify order #43693924 sell 0.01 EURUSD at 1.06147 sl: 1.06568 tp: 1.05606 -> sl: 1.06568 tp: 1.05603
0	23:02:47.389	'1809640': order #43693924 sell 0.01 EURUSD at 1.06147 was modified -> sl: 1.06568 tp: 1.05603
0	23:02:47.616	'1809640': modify order #43696892 sell 0.01 EURUSD at 1.06166 sl: 1.06587 tp: 1.05606 -> sl: 1.06587 tp: 1.05604
0	23:02:47.977	'1809640': order #43696892 sell 0.01 EURUSD at 1.06166 was modified -> sl: 1.06587 tp: 1.05604
0	23:02:47.977	'1809640': modify order #43698058 sell 0.01 EURUSD at 1.06181 sl: 1.06602 tp: 1.05606 -> sl: 1.06602 tp: 1.05604
0	23:02:48.399	'1809640': order #43698058 sell 0.01 EURUSD at 1.06181 was modified -> sl: 1.06602 tp: 1.05604
0	23:43:10.291	'1809640': modify order #43693924 sell 0.01 EURUSD at 1.06147 sl: 1.06568 tp: 1.05603 -> sl: 1.06568 tp: 1.05596
0	23:43:10.717	'1809640': order #43693924 sell 0.01 EURUSD at 1.06147 was modified -> sl: 1.06568 tp: 1.05596
0	23:43:10.782	'1809640': modify order #43696892 sell 0.01 EURUSD at 1.06166 sl: 1.06587 tp: 1.05604 -> sl: 1.06587 tp: 1.05596
0	23:43:11.208	'1809640': order #43696892 sell 0.01 EURUSD at 1.06166 was modified -> sl: 1.06587 tp: 1.05596
0	23:43:11.273	'1809640': modify order #43698058 sell 0.01 EURUSD at 1.06181 sl: 1.06602 tp: 1.05604 -> sl: 1.06602 tp: 1.05595
0	23:43:11.666	'1809640': order #43698058 sell 0.01 EURUSD at 1.06181 was modified -> sl: 1.06602 tp: 1.05595
0	23:55:26.881	'1809640': modify order #43693924 sell 0.01 EURUSD at 1.06147 sl: 1.06568 tp: 1.05596 -> sl: 1.06568 tp: 1.05587
0	23:55:27.398	'1809640': order #43693924 sell 0.01 EURUSD at 1.06147 was modified -> sl: 1.06568 tp: 1.05587
0	23:55:27.499	'1809640': modify order #43696892 sell 0.01 EURUSD at 1.06166 sl: 1.06587 tp: 1.05596 -> sl: 1.06587 tp: 1.05587
0	23:55:27.726	'1809640': order #43696892 sell 0.01 EURUSD at 1.06166 was modified -> sl: 1.06587 tp: 1.05587
0	23:55:27.791	'1809640': modify order #43698058 sell 0.01 EURUSD at 1.06181 sl: 1.06602 tp: 1.05595 -> sl: 1.06602 tp: 1.05586
0	23:55:28.250	'1809640': order #43698058 sell 0.01 EURUSD at 1.06181 was modified -> sl: 1.06602 tp: 1.05586
