0	02:41:11.635	'1809640': modify order #42586557 buy 0.01 EURUSD at 1.14806 sl: 1.14386 tp: 1.15317 -> sl: 1.14386 tp: 1.15320
0	02:41:11.948	'1809640': order #42586557 buy 0.01 EURUSD at 1.14806 was modified -> sl: 1.14386 tp: 1.15320
0	02:50:09.589	'1809640': modify order #42402706 buy 0.01 EURUSD at 1.12780 sl: 1.12361 tp: 1.15338 -> sl: 1.12361 tp: 1.15343
0	02:50:09.839	'1809640': order #42402706 buy 0.01 EURUSD at 1.12780 was modified -> sl: 1.12361 tp: 1.15343
0	02:50:09.870	'1809640': modify order #42483030 buy 0.01 EURUSD at 1.13679 sl: 1.13185 tp: 1.15338 -> sl: 1.13185 tp: 1.15345
0	02:50:10.182	'1809640': order #42483030 buy 0.01 EURUSD at 1.13679 was modified -> sl: 1.13185 tp: 1.15345
0	02:50:10.198	'1809640': modify order #42483585 buy 0.01 EURUSD at 1.13653 sl: 1.13199 tp: 1.15334 -> sl: 1.13199 tp: 1.15345
0	02:50:10.495	'1809640': order #42483585 buy 0.01 EURUSD at 1.13653 was modified -> sl: 1.13199 tp: 1.15345
0	02:50:10.526	'1809640': modify order #42483668 buy 0.01 EURUSD at 1.13647 sl: 1.13200 tp: 1.15334 -> sl: 1.13200 tp: 1.15346
0	02:50:10.823	'1809640': order #42483668 buy 0.01 EURUSD at 1.13647 was modified -> sl: 1.13200 tp: 1.15346
0	02:50:10.839	'1809640': modify order #42483713 buy 0.01 EURUSD at 1.13662 sl: 1.13208 tp: 1.15337 -> sl: 1.13208 tp: 1.15345
0	02:50:11.136	'1809640': order #42483713 buy 0.01 EURUSD at 1.13662 was modified -> sl: 1.13208 tp: 1.15345
0	02:50:11.182	'1809640': modify order #42484053 buy 0.01 EURUSD at 1.13604 sl: 1.13162 tp: 1.15334 -> sl: 1.13162 tp: 1.15345
0	02:50:11.479	'1809640': order #42484053 buy 0.01 EURUSD at 1.13604 was modified -> sl: 1.13162 tp: 1.15345
0	02:50:11.495	'1809640': modify order #42484218 buy 0.01 EURUSD at 1.13658 sl: 1.13237 tp: 1.15337 -> sl: 1.13237 tp: 1.15346
0	02:50:11.792	'1809640': order #42484218 buy 0.01 EURUSD at 1.13658 was modified -> sl: 1.13237 tp: 1.15346
0	02:50:11.807	'1809640': modify order #42484261 buy 0.01 EURUSD at 1.13661 sl: 1.13234 tp: 1.15337 -> sl: 1.13234 tp: 1.15346
0	02:50:12.104	'1809640': order #42484261 buy 0.01 EURUSD at 1.13661 was modified -> sl: 1.13234 tp: 1.15346
0	02:50:12.120	'1809640': modify order #42484537 buy 0.01 EURUSD at 1.13675 sl: 1.13251 tp: 1.15336 -> sl: 1.13251 tp: 1.15346
0	02:50:12.401	'1809640': order #42484537 buy 0.01 EURUSD at 1.13675 was modified -> sl: 1.13251 tp: 1.15346
0	02:50:12.417	'1809640': modify order #42516753 buy 0.01 EURUSD at 1.13794 sl: 1.13371 tp: 1.15334 -> sl: 1.13371 tp: 1.15346
0	02:50:12.745	'1809640': order #42516753 buy 0.01 EURUSD at 1.13794 was modified -> sl: 1.13371 tp: 1.15346
0	02:50:12.761	'1809640': modify order #42572171 buy 0.01 EURUSD at 1.14342 sl: 1.13918 tp: 1.15336 -> sl: 1.13918 tp: 1.15346
0	02:50:13.057	'1809640': order #42572171 buy 0.01 EURUSD at 1.14342 was modified -> sl: 1.13918 tp: 1.15346
0	02:50:13.073	'1809640': modify order #42583368 buy 0.01 EURUSD at 1.14608 sl: 1.14188 tp: 1.15336 -> sl: 1.14188 tp: 1.15346
0	02:50:13.386	'1809640': order #42583368 buy 0.01 EURUSD at 1.14608 was modified -> sl: 1.14188 tp: 1.15346
0	02:50:13.401	'1809640': modify order #42583752 buy 0.01 EURUSD at 1.14633 sl: 1.14214 tp: 1.15336 -> sl: 1.14214 tp: 1.15346
0	02:50:13.714	'1809640': order #42583752 buy 0.01 EURUSD at 1.14633 was modified -> sl: 1.14214 tp: 1.15346
0	02:50:13.729	'1809640': modify order #42583925 buy 0.01 EURUSD at 1.14666 sl: 1.14251 tp: 1.15336 -> sl: 1.14251 tp: 1.15346
0	02:50:14.042	'1809640': order #42583925 buy 0.01 EURUSD at 1.14666 was modified -> sl: 1.14251 tp: 1.15346
0	02:50:14.057	'1809640': modify order #42584221 buy 0.01 EURUSD at 1.14722 sl: 1.14301 tp: 1.15336 -> sl: 1.14301 tp: 1.15345
0	02:50:14.339	'1809640': order #42584221 buy 0.01 EURUSD at 1.14722 was modified -> sl: 1.14301 tp: 1.15345
0	02:50:14.354	'1809640': modify order #42584390 buy 0.01 EURUSD at 1.14682 sl: 1.14261 tp: 1.15336 -> sl: 1.14261 tp: 1.15346
0	02:50:14.651	'1809640': order #42584390 buy 0.01 EURUSD at 1.14682 was modified -> sl: 1.14261 tp: 1.15346
0	02:50:14.667	'1809640': modify order #42584746 buy 0.01 EURUSD at 1.14761 sl: 1.14340 tp: 1.15336 -> sl: 1.14340 tp: 1.15346
0	02:50:14.979	'1809640': order #42584746 buy 0.01 EURUSD at 1.14761 was modified -> sl: 1.14340 tp: 1.15346
0	02:50:14.995	'1809640': modify order #42584836 buy 0.01 EURUSD at 1.14789 sl: 1.14369 tp: 1.15336 -> sl: 1.14369 tp: 1.15346
0	02:50:15.292	'1809640': order #42584836 buy 0.01 EURUSD at 1.14789 was modified -> sl: 1.14369 tp: 1.15346
0	02:50:15.307	'1809640': modify order #42585348 buy 0.01 EURUSD at 1.14779 sl: 1.14361 tp: 1.15336 -> sl: 1.14361 tp: 1.15346
0	02:50:15.604	'1809640': order #42585348 buy 0.01 EURUSD at 1.14779 was modified -> sl: 1.14361 tp: 1.15346
0	02:50:15.620	'1809640': modify order #42585762 buy 0.01 EURUSD at 1.14861 sl: 1.14442 tp: 1.15337 -> sl: 1.14442 tp: 1.15346
0	02:50:15.917	'1809640': order #42585762 buy 0.01 EURUSD at 1.14861 was modified -> sl: 1.14442 tp: 1.15346
0	02:50:15.932	'1809640': modify order #42585998 buy 0.01 EURUSD at 1.14896 sl: 1.14477 tp: 1.15337 -> sl: 1.14477 tp: 1.15346
0	02:50:16.245	'1809640': order #42585998 buy 0.01 EURUSD at 1.14896 was modified -> sl: 1.14477 tp: 1.15346
0	02:50:16.261	'1809640': modify order #42586557 buy 0.01 EURUSD at 1.14806 sl: 1.14386 tp: 1.15320 -> sl: 1.14386 tp: 1.15346
0	02:50:16.589	'1809640': order #42586557 buy 0.01 EURUSD at 1.14806 was modified -> sl: 1.14386 tp: 1.15346
0	06:19:48.158	'1809640': modify order #42402706 buy 0.01 EURUSD at 1.12780 sl: 1.12361 tp: 1.15343 -> sl: 1.12361 tp: 1.15353
0	06:19:48.408	'1809640': order #42402706 buy 0.01 EURUSD at 1.12780 was modified -> sl: 1.12361 tp: 1.15353
0	06:19:48.439	'1809640': modify order #42483030 buy 0.01 EURUSD at 1.13679 sl: 1.13185 tp: 1.15345 -> sl: 1.13185 tp: 1.15357
0	06:19:48.751	'1809640': order #42483030 buy 0.01 EURUSD at 1.13679 was modified -> sl: 1.13185 tp: 1.15357
0	06:19:48.767	'1809640': modify order #42483585 buy 0.01 EURUSD at 1.13653 sl: 1.13199 tp: 1.15345 -> sl: 1.13199 tp: 1.15357
0	06:19:49.079	'1809640': order #42483585 buy 0.01 EURUSD at 1.13653 was modified -> sl: 1.13199 tp: 1.15357
0	06:19:49.095	'1809640': modify order #42483668 buy 0.01 EURUSD at 1.13647 sl: 1.13200 tp: 1.15346 -> sl: 1.13200 tp: 1.15355
0	06:19:49.392	'1809640': order #42483668 buy 0.01 EURUSD at 1.13647 was modified -> sl: 1.13200 tp: 1.15355
0	06:19:49.408	'1809640': modify order #42483713 buy 0.01 EURUSD at 1.13662 sl: 1.13208 tp: 1.15345 -> sl: 1.13208 tp: 1.15355
0	06:19:49.704	'1809640': order #42483713 buy 0.01 EURUSD at 1.13662 was modified -> sl: 1.13208 tp: 1.15355
0	06:19:49.720	'1809640': modify order #42484053 buy 0.01 EURUSD at 1.13604 sl: 1.13162 tp: 1.15345 -> sl: 1.13162 tp: 1.15356
0	06:19:50.048	'1809640': order #42484053 buy 0.01 EURUSD at 1.13604 was modified -> sl: 1.13162 tp: 1.15356
0	06:19:50.064	'1809640': modify order #42484218 buy 0.01 EURUSD at 1.13658 sl: 1.13237 tp: 1.15346 -> sl: 1.13237 tp: 1.15356
0	06:19:50.361	'1809640': order #42484218 buy 0.01 EURUSD at 1.13658 was modified -> sl: 1.13237 tp: 1.15356
0	06:19:50.376	'1809640': modify order #42484261 buy 0.01 EURUSD at 1.13661 sl: 1.13234 tp: 1.15346 -> sl: 1.13234 tp: 1.15356
0	06:19:50.673	'1809640': order #42484261 buy 0.01 EURUSD at 1.13661 was modified -> sl: 1.13234 tp: 1.15356
0	06:19:50.689	'1809640': modify order #42484537 buy 0.01 EURUSD at 1.13675 sl: 1.13251 tp: 1.15346 -> sl: 1.13251 tp: 1.15356
0	06:19:51.048	'1809640': order #42484537 buy 0.01 EURUSD at 1.13675 was modified -> sl: 1.13251 tp: 1.15356
0	06:19:51.048	'1809640': modify order #42516753 buy 0.01 EURUSD at 1.13794 sl: 1.13371 tp: 1.15346 -> sl: 1.13371 tp: 1.15356
0	06:19:51.314	'1809640': order #42516753 buy 0.01 EURUSD at 1.13794 was modified -> sl: 1.13371 tp: 1.15356
0	06:19:51.329	'1809640': modify order #42572171 buy 0.01 EURUSD at 1.14342 sl: 1.13918 tp: 1.15346 -> sl: 1.13918 tp: 1.15356
0	06:19:51.626	'1809640': order #42572171 buy 0.01 EURUSD at 1.14342 was modified -> sl: 1.13918 tp: 1.15356
0	06:19:51.642	'1809640': modify order #42583368 buy 0.01 EURUSD at 1.14608 sl: 1.14188 tp: 1.15346 -> sl: 1.14188 tp: 1.15356
0	06:19:51.954	'1809640': order #42583368 buy 0.01 EURUSD at 1.14608 was modified -> sl: 1.14188 tp: 1.15356
0	06:19:51.954	'1809640': modify order #42583752 buy 0.01 EURUSD at 1.14633 sl: 1.14214 tp: 1.15346 -> sl: 1.14214 tp: 1.15356
0	06:19:52.251	'1809640': order #42583752 buy 0.01 EURUSD at 1.14633 was modified -> sl: 1.14214 tp: 1.15356
0	06:19:52.267	'1809640': modify order #42583925 buy 0.01 EURUSD at 1.14666 sl: 1.14251 tp: 1.15346 -> sl: 1.14251 tp: 1.15356
0	06:19:52.564	'1809640': order #42583925 buy 0.01 EURUSD at 1.14666 was modified -> sl: 1.14251 tp: 1.15356
0	06:19:52.595	'1809640': modify order #42584221 buy 0.01 EURUSD at 1.14722 sl: 1.14301 tp: 1.15345 -> sl: 1.14301 tp: 1.15357
0	06:19:52.892	'1809640': order #42584221 buy 0.01 EURUSD at 1.14722 was modified -> sl: 1.14301 tp: 1.15357
0	06:19:52.908	'1809640': modify order #42584390 buy 0.01 EURUSD at 1.14682 sl: 1.14261 tp: 1.15346 -> sl: 1.14261 tp: 1.15357
0	06:19:53.204	'1809640': order #42584390 buy 0.01 EURUSD at 1.14682 was modified -> sl: 1.14261 tp: 1.15357
0	06:19:53.236	'1809640': modify order #42584746 buy 0.01 EURUSD at 1.14761 sl: 1.14340 tp: 1.15346 -> sl: 1.14340 tp: 1.15356
0	06:19:53.548	'1809640': order #42584746 buy 0.01 EURUSD at 1.14761 was modified -> sl: 1.14340 tp: 1.15356
0	06:19:53.579	'1809640': modify order #42584836 buy 0.01 EURUSD at 1.14789 sl: 1.14369 tp: 1.15346 -> sl: 1.14369 tp: 1.15355
0	06:19:53.892	'1809640': order #42584836 buy 0.01 EURUSD at 1.14789 was modified -> sl: 1.14369 tp: 1.15355
0	06:19:53.908	'1809640': modify order #42585348 buy 0.01 EURUSD at 1.14779 sl: 1.14361 tp: 1.15346 -> sl: 1.14361 tp: 1.15355
0	06:19:54.205	'1809640': order #42585348 buy 0.01 EURUSD at 1.14779 was modified -> sl: 1.14361 tp: 1.15355
0	06:19:54.220	'1809640': modify order #42585762 buy 0.01 EURUSD at 1.14861 sl: 1.14442 tp: 1.15346 -> sl: 1.14442 tp: 1.15355
0	06:19:54.533	'1809640': order #42585762 buy 0.01 EURUSD at 1.14861 was modified -> sl: 1.14442 tp: 1.15355
0	06:19:54.548	'1809640': modify order #42585998 buy 0.01 EURUSD at 1.14896 sl: 1.14477 tp: 1.15346 -> sl: 1.14477 tp: 1.15356
0	06:19:54.861	'1809640': order #42585998 buy 0.01 EURUSD at 1.14896 was modified -> sl: 1.14477 tp: 1.15356
0	06:19:54.876	'1809640': modify order #42586557 buy 0.01 EURUSD at 1.14806 sl: 1.14386 tp: 1.15346 -> sl: 1.14386 tp: 1.15356
0	06:19:55.189	'1809640': order #42586557 buy 0.01 EURUSD at 1.14806 was modified -> sl: 1.14386 tp: 1.15356
0	06:32:47.720	'1809640': modify order #42402706 buy 0.01 EURUSD at 1.12780 sl: 1.12361 tp: 1.15353 -> sl: 1.12361 tp: 1.15387
0	06:32:48.049	'1809640': order #42402706 buy 0.01 EURUSD at 1.12780 was modified -> sl: 1.12361 tp: 1.15387
0	06:32:48.080	'1809640': modify order #42483030 buy 0.01 EURUSD at 1.13679 sl: 1.13185 tp: 1.15357 -> sl: 1.13185 tp: 1.15390
0	06:32:48.408	'1809640': order #42483030 buy 0.01 EURUSD at 1.13679 was modified -> sl: 1.13185 tp: 1.15390
0	06:32:48.424	'1809640': modify order #42483585 buy 0.01 EURUSD at 1.13653 sl: 1.13199 tp: 1.15357 -> sl: 1.13199 tp: 1.15387
0	06:32:48.705	'1809640': order #42483585 buy 0.01 EURUSD at 1.13653 was modified -> sl: 1.13199 tp: 1.15387
0	06:32:48.720	'1809640': modify order #42483668 buy 0.01 EURUSD at 1.13647 sl: 1.13200 tp: 1.15355 -> sl: 1.13200 tp: 1.15387
0	06:32:49.017	'1809640': order #42483668 buy 0.01 EURUSD at 1.13647 was modified -> sl: 1.13200 tp: 1.15387
0	06:32:49.049	'1809640': modify order #42483713 buy 0.01 EURUSD at 1.13662 sl: 1.13208 tp: 1.15355 -> sl: 1.13208 tp: 1.15388
0	06:32:49.377	'1809640': order #42483713 buy 0.01 EURUSD at 1.13662 was modified -> sl: 1.13208 tp: 1.15388
0	06:32:49.408	'1809640': modify order #42484053 buy 0.01 EURUSD at 1.13604 sl: 1.13162 tp: 1.15356 -> sl: 1.13162 tp: 1.15389
0	06:32:49.705	'1809640': order #42484053 buy 0.01 EURUSD at 1.13604 was modified -> sl: 1.13162 tp: 1.15389
0	06:32:49.720	'1809640': modify order #42484218 buy 0.01 EURUSD at 1.13658 sl: 1.13237 tp: 1.15356 -> sl: 1.13237 tp: 1.15388
0	06:32:50.033	'1809640': order #42484218 buy 0.01 EURUSD at 1.13658 was modified -> sl: 1.13237 tp: 1.15388
0	06:32:50.049	'1809640': modify order #42484261 buy 0.01 EURUSD at 1.13661 sl: 1.13234 tp: 1.15356 -> sl: 1.13234 tp: 1.15389
0	06:32:50.361	'1809640': order #42484261 buy 0.01 EURUSD at 1.13661 was modified -> sl: 1.13234 tp: 1.15389
0	06:32:50.377	'1809640': modify order #42484537 buy 0.01 EURUSD at 1.13675 sl: 1.13251 tp: 1.15356 -> sl: 1.13251 tp: 1.15389
0	06:32:50.674	'1809640': order #42484537 buy 0.01 EURUSD at 1.13675 was modified -> sl: 1.13251 tp: 1.15389
0	06:32:50.689	'1809640': modify order #42516753 buy 0.01 EURUSD at 1.13794 sl: 1.13371 tp: 1.15356 -> sl: 1.13371 tp: 1.15389
0	06:32:51.002	'1809640': order #42516753 buy 0.01 EURUSD at 1.13794 was modified -> sl: 1.13371 tp: 1.15389
0	06:32:51.017	'1809640': modify order #42572171 buy 0.01 EURUSD at 1.14342 sl: 1.13918 tp: 1.15356 -> sl: 1.13918 tp: 1.15389
0	06:32:51.346	'1809640': order #42572171 buy 0.01 EURUSD at 1.14342 was modified -> sl: 1.13918 tp: 1.15389
0	06:32:51.377	'1809640': modify order #42583368 buy 0.01 EURUSD at 1.14608 sl: 1.14188 tp: 1.15356 -> sl: 1.14188 tp: 1.15389
0	06:32:51.689	'1809640': order #42583368 buy 0.01 EURUSD at 1.14608 was modified -> sl: 1.14188 tp: 1.15389
0	06:32:51.705	'1809640': modify order #42583752 buy 0.01 EURUSD at 1.14633 sl: 1.14214 tp: 1.15356 -> sl: 1.14214 tp: 1.15389
0	06:32:52.002	'1809640': order #42583752 buy 0.01 EURUSD at 1.14633 was modified -> sl: 1.14214 tp: 1.15389
0	06:32:52.033	'1809640': modify order #42583925 buy 0.01 EURUSD at 1.14666 sl: 1.14251 tp: 1.15356 -> sl: 1.14251 tp: 1.15390
0	06:32:52.345	'1809640': order #42583925 buy 0.01 EURUSD at 1.14666 was modified -> sl: 1.14251 tp: 1.15390
0	06:32:52.361	'1809640': modify order #42584221 buy 0.01 EURUSD at 1.14722 sl: 1.14301 tp: 1.15357 -> sl: 1.14301 tp: 1.15387
0	06:32:52.658	'1809640': order #42584221 buy 0.01 EURUSD at 1.14722 was modified -> sl: 1.14301 tp: 1.15387
0	06:32:52.674	'1809640': modify order #42584390 buy 0.01 EURUSD at 1.14682 sl: 1.14261 tp: 1.15357 -> sl: 1.14261 tp: 1.15387
0	06:32:53.033	'1809640': order #42584390 buy 0.01 EURUSD at 1.14682 was modified -> sl: 1.14261 tp: 1.15387
0	06:32:53.033	'1809640': modify order #42584746 buy 0.01 EURUSD at 1.14761 sl: 1.14340 tp: 1.15356 -> sl: 1.14340 tp: 1.15388
0	06:32:53.314	'1809640': order #42584746 buy 0.01 EURUSD at 1.14761 was modified -> sl: 1.14340 tp: 1.15388
0	06:32:53.330	'1809640': modify order #42584836 buy 0.01 EURUSD at 1.14789 sl: 1.14369 tp: 1.15355 -> sl: 1.14369 tp: 1.15388
0	06:32:53.642	'1809640': order #42584836 buy 0.01 EURUSD at 1.14789 was modified -> sl: 1.14369 tp: 1.15388
0	06:32:53.658	'1809640': modify order #42585348 buy 0.01 EURUSD at 1.14779 sl: 1.14361 tp: 1.15355 -> sl: 1.14361 tp: 1.15389
0	06:32:53.986	'1809640': order #42585348 buy 0.01 EURUSD at 1.14779 was modified -> sl: 1.14361 tp: 1.15389
0	06:32:54.002	'1809640': modify order #42585762 buy 0.01 EURUSD at 1.14861 sl: 1.14442 tp: 1.15355 -> sl: 1.14442 tp: 1.15389
0	06:32:54.283	'1809640': order #42585762 buy 0.01 EURUSD at 1.14861 was modified -> sl: 1.14442 tp: 1.15389
0	06:32:54.314	'1809640': modify order #42585998 buy 0.01 EURUSD at 1.14896 sl: 1.14477 tp: 1.15356 -> sl: 1.14477 tp: 1.15388
0	06:32:54.642	'1809640': order #42585998 buy 0.01 EURUSD at 1.14896 was modified -> sl: 1.14477 tp: 1.15388
0	06:32:54.658	'1809640': modify order #42586557 buy 0.01 EURUSD at 1.14806 sl: 1.14386 tp: 1.15356 -> sl: 1.14386 tp: 1.15389
0	06:32:54.955	'1809640': order #42586557 buy 0.01 EURUSD at 1.14806 was modified -> sl: 1.14386 tp: 1.15389
0	06:33:18.111	'1809640': modify order #42402706 buy 0.01 EURUSD at 1.12780 sl: 1.12361 tp: 1.15387 -> sl: 1.12361 tp: 1.15390
0	06:33:18.439	'1809640': order #42402706 buy 0.01 EURUSD at 1.12780 was modified -> sl: 1.12361 tp: 1.15390
0	06:33:18.455	'1809640': modify order #42483585 buy 0.01 EURUSD at 1.13653 sl: 1.13199 tp: 1.15387 -> sl: 1.13199 tp: 1.15389
0	06:33:18.752	'1809640': order #42483585 buy 0.01 EURUSD at 1.13653 was modified -> sl: 1.13199 tp: 1.15389
0	06:33:18.767	'1809640': modify order #42483668 buy 0.01 EURUSD at 1.13647 sl: 1.13200 tp: 1.15387 -> sl: 1.13200 tp: 1.15390
0	06:33:19.064	'1809640': order #42483668 buy 0.01 EURUSD at 1.13647 was modified -> sl: 1.13200 tp: 1.15390
0	06:33:19.096	'1809640': modify order #42483713 buy 0.01 EURUSD at 1.13662 sl: 1.13208 tp: 1.15388 -> sl: 1.13208 tp: 1.15392
0	06:33:19.377	'1809640': order #42483713 buy 0.01 EURUSD at 1.13662 was modified -> sl: 1.13208 tp: 1.15392
0	06:33:19.392	'1809640': modify order #42484053 buy 0.01 EURUSD at 1.13604 sl: 1.13162 tp: 1.15389 -> sl: 1.13162 tp: 1.15392
0	06:33:19.705	'1809640': order #42484053 buy 0.01 EURUSD at 1.13604 was modified -> sl: 1.13162 tp: 1.15392
0	06:33:19.720	'1809640': modify order #42484218 buy 0.01 EURUSD at 1.13658 sl: 1.13237 tp: 1.15388 -> sl: 1.13237 tp: 1.15391
0	06:33:20.033	'1809640': order #42484218 buy 0.01 EURUSD at 1.13658 was modified -> sl: 1.13237 tp: 1.15391
0	06:33:20.049	'1809640': modify order #42484261 buy 0.01 EURUSD at 1.13661 sl: 1.13234 tp: 1.15389 -> sl: 1.13234 tp: 1.15390
0	06:33:20.330	'1809640': order #42484261 buy 0.01 EURUSD at 1.13661 was modified -> sl: 1.13234 tp: 1.15390
0	06:33:20.345	'1809640': modify order #42484537 buy 0.01 EURUSD at 1.13675 sl: 1.13251 tp: 1.15389 -> sl: 1.13251 tp: 1.15390
0	06:33:20.642	'1809640': order #42484537 buy 0.01 EURUSD at 1.13675 was modified -> sl: 1.13251 tp: 1.15390
0	06:33:20.658	'1809640': modify order #42516753 buy 0.01 EURUSD at 1.13794 sl: 1.13371 tp: 1.15389 -> sl: 1.13371 tp: 1.15390
0	06:33:20.986	'1809640': order #42516753 buy 0.01 EURUSD at 1.13794 was modified -> sl: 1.13371 tp: 1.15390
0	06:33:21.017	'1809640': modify order #42572171 buy 0.01 EURUSD at 1.14342 sl: 1.13918 tp: 1.15389 -> sl: 1.13918 tp: 1.15390
0	06:33:21.330	'1809640': order #42572171 buy 0.01 EURUSD at 1.14342 was modified -> sl: 1.13918 tp: 1.15390
0	06:33:21.345	'1809640': modify order #42583368 buy 0.01 EURUSD at 1.14608 sl: 1.14188 tp: 1.15389 -> sl: 1.14188 tp: 1.15390
0	06:33:21.642	'1809640': order #42583368 buy 0.01 EURUSD at 1.14608 was modified -> sl: 1.14188 tp: 1.15390
0	06:33:21.658	'1809640': modify order #42583752 buy 0.01 EURUSD at 1.14633 sl: 1.14214 tp: 1.15389 -> sl: 1.14214 tp: 1.15390
0	06:33:21.986	'1809640': order #42583752 buy 0.01 EURUSD at 1.14633 was modified -> sl: 1.14214 tp: 1.15390
0	06:33:22.002	'1809640': modify order #42584221 buy 0.01 EURUSD at 1.14722 sl: 1.14301 tp: 1.15387 -> sl: 1.14301 tp: 1.15390
0	06:33:22.299	'1809640': order #42584221 buy 0.01 EURUSD at 1.14722 was modified -> sl: 1.14301 tp: 1.15390
0	06:33:22.314	'1809640': modify order #42584390 buy 0.01 EURUSD at 1.14682 sl: 1.14261 tp: 1.15387 -> sl: 1.14261 tp: 1.15390
0	06:33:22.642	'1809640': order #42584390 buy 0.01 EURUSD at 1.14682 was modified -> sl: 1.14261 tp: 1.15390
0	06:33:22.658	'1809640': modify order #42584746 buy 0.01 EURUSD at 1.14761 sl: 1.14340 tp: 1.15388 -> sl: 1.14340 tp: 1.15391
0	06:33:22.955	'1809640': order #42584746 buy 0.01 EURUSD at 1.14761 was modified -> sl: 1.14340 tp: 1.15391
0	06:33:22.970	'1809640': modify order #42584836 buy 0.01 EURUSD at 1.14789 sl: 1.14369 tp: 1.15388 -> sl: 1.14369 tp: 1.15392
0	06:33:23.267	'1809640': order #42584836 buy 0.01 EURUSD at 1.14789 was modified -> sl: 1.14369 tp: 1.15392
0	06:33:23.283	'1809640': modify order #42585348 buy 0.01 EURUSD at 1.14779 sl: 1.14361 tp: 1.15389 -> sl: 1.14361 tp: 1.15390
0	06:33:23.595	'1809640': order #42585348 buy 0.01 EURUSD at 1.14779 was modified -> sl: 1.14361 tp: 1.15390
0	06:33:23.627	'1809640': modify order #42585998 buy 0.01 EURUSD at 1.14896 sl: 1.14477 tp: 1.15388 -> sl: 1.14477 tp: 1.15389
0	06:33:23.924	'1809640': order #42585998 buy 0.01 EURUSD at 1.14896 was modified -> sl: 1.14477 tp: 1.15389
0	06:33:23.955	'1809640': modify order #42586557 buy 0.01 EURUSD at 1.14806 sl: 1.14386 tp: 1.15389 -> sl: 1.14386 tp: 1.15390
0	06:33:24.283	'1809640': order #42586557 buy 0.01 EURUSD at 1.14806 was modified -> sl: 1.14386 tp: 1.15390
0	06:34:47.174	'1809640': modify order #42582982 buy 0.01 EURUSD at 1.14508 sl: 1.14087 tp: 1.14986 -> sl: 1.14087 tp: 1.15003
0	06:34:47.470	'1809640': order #42582982 buy 0.01 EURUSD at 1.14508 was modified -> sl: 1.14087 tp: 1.15003
0	06:34:47.486	'1809640': modify order #42586174 buy 0.01 EURUSD at 1.14881 sl: 1.14460 tp: 1.14984 -> sl: 1.14460 tp: 1.15004
0	06:34:47.799	'1809640': order #42586174 buy 0.01 EURUSD at 1.14881 was modified -> sl: 1.14460 tp: 1.15004
0	06:35:19.080	'1809640': modify order #42582982 buy 0.01 EURUSD at 1.14508 sl: 1.14087 tp: 1.15003 -> sl: 1.14087 tp: 1.15008
0	06:35:19.408	'1809640': order #42582982 buy 0.01 EURUSD at 1.14508 was modified -> sl: 1.14087 tp: 1.15008
0	06:35:19.439	'1809640': modify order #42586174 buy 0.01 EURUSD at 1.14881 sl: 1.14460 tp: 1.15004 -> sl: 1.14460 tp: 1.15011
0	06:35:19.767	'1809640': order #42586174 buy 0.01 EURUSD at 1.14881 was modified -> sl: 1.14460 tp: 1.15011
0	06:52:24.549	'1809640': modify order #42582982 buy 0.01 EURUSD at 1.14508 sl: 1.14087 tp: 1.15008 -> sl: 1.14087 tp: 1.15010
0	06:52:24.784	'1809640': order #42582982 buy 0.01 EURUSD at 1.14508 was modified -> sl: 1.14087 tp: 1.15010
0	06:53:40.346	'1809640': modify order #42582982 buy 0.01 EURUSD at 1.14508 sl: 1.14087 tp: 1.15010 -> sl: 1.14087 tp: 1.15012
0	06:53:40.581	'1809640': order #42582982 buy 0.01 EURUSD at 1.14508 was modified -> sl: 1.14087 tp: 1.15012
0	06:53:40.596	'1809640': modify order #42586174 buy 0.01 EURUSD at 1.14881 sl: 1.14460 tp: 1.15011 -> sl: 1.14460 tp: 1.15012
0	06:53:40.924	'1809640': order #42586174 buy 0.01 EURUSD at 1.14881 was modified -> sl: 1.14460 tp: 1.15012
0	06:57:37.377	'1809640': modify order #42582982 buy 0.01 EURUSD at 1.14508 sl: 1.14087 tp: 1.15012 -> sl: 1.14087 tp: 1.15018
0	06:57:37.706	'1809640': order #42582982 buy 0.01 EURUSD at 1.14508 was modified -> sl: 1.14087 tp: 1.15018
0	06:57:37.737	'1809640': modify order #42586174 buy 0.01 EURUSD at 1.14881 sl: 1.14460 tp: 1.15012 -> sl: 1.14460 tp: 1.15018
0	06:57:38.034	'1809640': order #42586174 buy 0.01 EURUSD at 1.14881 was modified -> sl: 1.14460 tp: 1.15018
0	07:25:32.956	'1809640': modify order #42585015 buy 0.01 EURUSD at 1.14799 sl: 1.14381 tp: 1.15029 -> sl: 1.14381 tp: 1.15034
0	07:25:33.238	'1809640': order #42585015 buy 0.01 EURUSD at 1.14799 was modified -> sl: 1.14381 tp: 1.15034
0	07:26:20.128	'1809640': modify order #42585015 buy 0.01 EURUSD at 1.14799 sl: 1.14381 tp: 1.15034 -> sl: 1.14381 tp: 1.15038
0	07:26:20.425	'1809640': order #42585015 buy 0.01 EURUSD at 1.14799 was modified -> sl: 1.14381 tp: 1.15038
0	07:27:14.222	'1809640': order #42585998 buy 0.01 EURUSD at 1.14896 closed due stop-loss at price 1.14477
0	07:27:25.050	'1809640': order #42586174 buy 0.01 EURUSD at 1.14881 closed due stop-loss at price 1.14460
0	07:27:27.566	'1809640': order sell market 0.01 EURUSD sl: 1.14894 tp: 1.14035
0	07:27:27.894	'1809640': order was opened : #42601080 sell 0.01 EURUSD at 1.14475 sl: 1.14894 tp: 1.14035
0	07:27:28.160	'1809640': modify order #42585015 buy 0.01 EURUSD at 1.14799 sl: 1.14381 tp: 1.15038 -> sl: 1.14381 tp: 1.15045
0	07:27:28.378	'1809640': order #42585015 buy 0.01 EURUSD at 1.14799 was modified -> sl: 1.14381 tp: 1.15045
0	07:27:28.410	'1809640': modify order #42601080 sell 0.01 EURUSD at 1.14475 sl: 1.14894 tp: 1.14035 -> sl: 1.14894 tp: 1.14034
0	07:27:28.785	'1809640': order #42601080 sell 0.01 EURUSD at 1.14475 was modified -> sl: 1.14894 tp: 1.14034
0	07:28:12.285	'1809640': modify order #42585015 buy 0.01 EURUSD at 1.14799 sl: 1.14381 tp: 1.15045 -> sl: 1.14381 tp: 1.15046
0	07:28:12.550	'1809640': order #42585015 buy 0.01 EURUSD at 1.14799 was modified -> sl: 1.14381 tp: 1.15046
0	07:30:13.207	'1809640': modify order #42585015 buy 0.01 EURUSD at 1.14799 sl: 1.14381 tp: 1.15046 -> sl: 1.14381 tp: 1.15077
0	07:30:13.441	'1809640': order #42585015 buy 0.01 EURUSD at 1.14799 was modified -> sl: 1.14381 tp: 1.15077
0	07:30:13.472	'1809640': modify order #42601080 sell 0.01 EURUSD at 1.14475 sl: 1.14894 tp: 1.14034 -> sl: 1.14894 tp: 1.14023
0	07:30:13.753	'1809640': order #42601080 sell 0.01 EURUSD at 1.14475 was modified -> sl: 1.14894 tp: 1.14023
0	07:30:24.394	'1809640': order #42585762 buy 0.01 EURUSD at 1.14861 closed due stop-loss at price 1.14442
0	07:31:02.207	'1809640': order #42586557 buy 0.01 EURUSD at 1.14806 closed due stop-loss at price 1.14386
0	07:31:02.582	'1809640': order #42585015 buy 0.01 EURUSD at 1.14799 closed due stop-loss at price 1.14381
0	07:31:11.675	'1809640': modify order #42601080 sell 0.01 EURUSD at 1.14475 sl: 1.14894 tp: 1.14023 -> sl: 1.14894 tp: 1.13977
0	07:31:11.910	'1809640': order #42601080 sell 0.01 EURUSD at 1.14475 was modified -> sl: 1.14894 tp: 1.13977
0	07:31:54.972	'1809640': order #42584836 buy 0.01 EURUSD at 1.14789 closed due stop-loss at price 1.14369
0	07:31:55.503	'1809640': order #42585348 buy 0.01 EURUSD at 1.14779 closed due stop-loss at price 1.14361
0	07:31:59.754	'1809640': order #42584746 buy 0.01 EURUSD at 1.14761 closed due stop-loss at price 1.14340
0	07:32:13.972	'1809640': order sell market 0.01 EURUSD sl: 1.14760 tp: 0.00000
0	07:32:14.269	'1809640': order was opened : #42601641 sell 0.01 EURUSD at 1.14343 sl: 1.14760 tp: 0.00000
0	07:32:14.550	'1809640': modify order #42601080 sell 0.01 EURUSD at 1.14475 sl: 1.14894 tp: 1.13977 -> sl: 1.14894 tp: 1.13903
0	07:32:14.863	'1809640': order #42601080 sell 0.01 EURUSD at 1.14475 was modified -> sl: 1.14894 tp: 1.13903
0	07:32:14.894	'1809640': modify order #42601641 sell 0.01 EURUSD at 1.14343 sl: 1.14760 tp: 0.00000 -> sl: 1.14760 tp: 1.13964
0	07:32:15.175	'1809640': order #42601641 sell 0.01 EURUSD at 1.14343 was modified -> sl: 1.14760 tp: 1.13964
0	07:37:56.660	'1809640': order sell market 0.01 EURUSD sl: 1.14821 tp: 1.13960
0	07:37:56.957	'1809640': order was opened : #42601973 sell 0.01 EURUSD at 1.14401 sl: 1.14821 tp: 1.13960
0	07:37:57.207	'1809640': modify order #42601973 sell 0.01 EURUSD at 1.14401 sl: 1.14821 tp: 1.13960 -> sl: 1.14821 tp: 1.13958
0	07:37:57.457	'1809640': order #42601973 sell 0.01 EURUSD at 1.14401 was modified -> sl: 1.14821 tp: 1.13958
0	07:41:42.832	'1809640': modify order #42601080 sell 0.01 EURUSD at 1.14475 sl: 1.14894 tp: 1.13903 -> sl: 1.14894 tp: 1.13888
0	07:41:43.113	'1809640': order #42601080 sell 0.01 EURUSD at 1.14475 was modified -> sl: 1.14894 tp: 1.13888
0	07:41:43.145	'1809640': modify order #42601973 sell 0.01 EURUSD at 1.14401 sl: 1.14821 tp: 1.13958 -> sl: 1.14821 tp: 1.13884
0	07:41:43.410	'1809640': order #42601973 sell 0.01 EURUSD at 1.14401 was modified -> sl: 1.14821 tp: 1.13884
0	07:42:13.488	'1809640': order #42584221 buy 0.01 EURUSD at 1.14722 closed due stop-loss at price 1.14301
0	07:42:16.379	'1809640': order sell market 0.01 EURUSD sl: 1.14727 tp: 1.13868
0	07:42:16.707	'1809640': order was opened : #42602211 sell 0.01 EURUSD at 1.14311 sl: 1.14727 tp: 1.13868
0	07:42:16.988	'1809640': modify order #42601080 sell 0.01 EURUSD at 1.14475 sl: 1.14894 tp: 1.13888 -> sl: 1.14894 tp: 1.13866
0	07:42:17.348	'1809640': order #42601080 sell 0.01 EURUSD at 1.14475 was modified -> sl: 1.14894 tp: 1.13866
0	07:42:17.363	'1809640': modify order #42601973 sell 0.01 EURUSD at 1.14401 sl: 1.14821 tp: 1.13884 -> sl: 1.14821 tp: 1.13872
0	07:42:17.660	'1809640': order #42601973 sell 0.01 EURUSD at 1.14401 was modified -> sl: 1.14821 tp: 1.13872
0	07:45:13.973	'1809640': order #42584390 buy 0.01 EURUSD at 1.14682 closed due stop-loss at price 1.14261
0	07:45:56.957	'1809640': modify order #42601080 sell 0.01 EURUSD at 1.14475 sl: 1.14894 tp: 1.13866 -> sl: 1.14894 tp: 1.13824
0	07:45:57.191	'1809640': order #42601080 sell 0.01 EURUSD at 1.14475 was modified -> sl: 1.14894 tp: 1.13824
0	07:45:57.207	'1809640': modify order #42601973 sell 0.01 EURUSD at 1.14401 sl: 1.14821 tp: 1.13872 -> sl: 1.14821 tp: 1.13825
0	07:45:57.520	'1809640': order #42601973 sell 0.01 EURUSD at 1.14401 was modified -> sl: 1.14821 tp: 1.13825
0	07:45:57.520	'1809640': modify order #42602211 sell 0.01 EURUSD at 1.14311 sl: 1.14727 tp: 1.13868 -> sl: 1.14727 tp: 1.13824
0	07:45:57.816	'1809640': order #42602211 sell 0.01 EURUSD at 1.14311 was modified -> sl: 1.14727 tp: 1.13824
0	07:46:54.145	'1809640': order sell market 0.01 EURUSD sl: 1.14715 tp: 1.13853
0	07:46:54.410	'1809640': order was opened : #42602557 sell 0.01 EURUSD at 1.14297 sl: 1.14715 tp: 1.13853
0	07:51:14.067	'1809640': order sell market 0.01 EURUSD sl: 1.14751 tp: 1.13893
0	07:51:14.301	'1809640': order was opened : #42602776 sell 0.01 EURUSD at 1.14329 sl: 1.14751 tp: 1.13893
0	07:51:14.457	'1809640': modify order #42602776 sell 0.01 EURUSD at 1.14329 sl: 1.14751 tp: 1.13893 -> sl: 1.14751 tp: 1.13889
0	07:51:14.770	'1809640': order #42602776 sell 0.01 EURUSD at 1.14329 was modified -> sl: 1.14751 tp: 1.13889
0	07:52:24.051	'1809640': modify order #42601080 sell 0.01 EURUSD at 1.14475 sl: 1.14894 tp: 1.13824 -> sl: 1.14894 tp: 1.13813
0	07:52:24.160	'1809640': order #42583925 buy 0.01 EURUSD at 1.14666 closed due stop-loss at price 1.14251
0	07:52:24.254	'1809640': order #42601080 sell 0.01 EURUSD at 1.14475 was modified -> sl: 1.14894 tp: 1.13813
0	07:52:24.270	'1809640': modify order #42601973 sell 0.01 EURUSD at 1.14401 sl: 1.14821 tp: 1.13825 -> sl: 1.14821 tp: 1.13811
0	07:52:24.598	'1809640': order #42601973 sell 0.01 EURUSD at 1.14401 was modified -> sl: 1.14821 tp: 1.13811
0	07:52:24.598	'1809640': modify order #42602211 sell 0.01 EURUSD at 1.14311 sl: 1.14727 tp: 1.13824 -> sl: 1.14727 tp: 1.13813
0	07:52:24.879	'1809640': order #42602211 sell 0.01 EURUSD at 1.14311 was modified -> sl: 1.14727 tp: 1.13813
0	07:52:24.910	'1809640': modify order #42602557 sell 0.01 EURUSD at 1.14297 sl: 1.14715 tp: 1.13853 -> sl: 1.14715 tp: 1.13813
0	07:52:25.207	'1809640': order #42602557 sell 0.01 EURUSD at 1.14297 was modified -> sl: 1.14715 tp: 1.13813
0	07:52:25.207	'1809640': modify order #42602776 sell 0.01 EURUSD at 1.14329 sl: 1.14751 tp: 1.13889 -> sl: 1.14751 tp: 1.13812
0	07:52:25.520	'1809640': order #42602776 sell 0.01 EURUSD at 1.14329 was modified -> sl: 1.14751 tp: 1.13812
0	08:00:08.645	'1809640': order sell market 0.01 EURUSD sl: 1.14790 tp: 1.13930
0	08:00:08.942	'1809640': order was opened : #42603282 sell 0.01 EURUSD at 1.14370 sl: 1.14790 tp: 1.13930
0	08:00:09.832	'1809640': close order #42435418 buy 0.01 EURUSD at 1.12827 sl: 1.12404 tp: 1.15926 at price 0.00000
0	08:00:10.192	'1809640': order #42435418 buy 0.01 EURUSD at 1.12827 sl: 1.12404 tp: 1.15926 closed at price 1.14358
0	08:00:10.208	'1809640': close order #42484297 buy 0.01 EURUSD at 1.13656 sl: 1.13233 tp: 1.15926 at price 0.00000
0	08:00:10.473	'1809640': order #42484297 buy 0.01 EURUSD at 1.13656 sl: 1.13233 tp: 1.15926 closed at price 1.14357
0	08:00:10.504	'1809640': modify order #42603282 sell 0.01 EURUSD at 1.14370 sl: 1.14790 tp: 1.13930 -> sl: 1.14790 tp: 1.13917
0	08:00:10.801	'1809640': order #42603282 sell 0.01 EURUSD at 1.14370 was modified -> sl: 1.14790 tp: 1.13917
0	08:04:48.583	'1809640': order buy market 0.01 EURUSD sl: 1.13995 tp: 1.14854
0	08:04:48.801	'1809640': order was opened : #42603783 buy 0.01 EURUSD at 1.14414 sl: 1.13995 tp: 1.14854
0	08:04:48.958	'1809640': modify order #42603783 buy 0.01 EURUSD at 1.14414 sl: 1.13995 tp: 1.14854 -> sl: 1.13995 tp: 1.14855
0	08:04:49.286	'1809640': order #42603783 buy 0.01 EURUSD at 1.14414 was modified -> sl: 1.13995 tp: 1.14855
0	08:08:46.520	'1809640': modify order #42603282 sell 0.01 EURUSD at 1.14370 sl: 1.14790 tp: 1.13917 -> sl: 1.14790 tp: 1.13911
0	08:08:46.864	'1809640': order #42603282 sell 0.01 EURUSD at 1.14370 was modified -> sl: 1.14790 tp: 1.13911
0	08:12:31.911	'1809640': order buy market 0.01 EURUSD sl: 1.13962 tp: 1.14818
0	08:12:32.145	'1809640': order was opened : #42604000 buy 0.01 EURUSD at 1.14379 sl: 1.13962 tp: 1.14818
0	08:12:32.286	'1809640': modify order #42604000 buy 0.01 EURUSD at 1.14379 sl: 1.13962 tp: 1.14818 -> sl: 1.13962 tp: 1.14819
0	08:12:32.536	'1809640': order #42604000 buy 0.01 EURUSD at 1.14379 was modified -> sl: 1.13962 tp: 1.14819
0	08:15:31.442	'1809640': modify order #42604000 buy 0.01 EURUSD at 1.14379 sl: 1.13962 tp: 1.14819 -> sl: 1.13962 tp: 1.14865
0	08:15:31.661	'1809640': order #42604000 buy 0.01 EURUSD at 1.14379 was modified -> sl: 1.13962 tp: 1.14865
0	08:16:39.927	'1809640': order buy market 0.01 EURUSD sl: 1.13969 tp: 1.14827
0	08:16:40.208	'1809640': order was opened : #42604136 buy 0.01 EURUSD at 1.14397 sl: 1.13969 tp: 1.14827
0	08:16:40.458	'1809640': modify order #42604136 buy 0.01 EURUSD at 1.14397 sl: 1.13969 tp: 1.14827 -> sl: 1.13969 tp: 1.14833
0	08:16:40.692	'1809640': order #42604136 buy 0.01 EURUSD at 1.14397 was modified -> sl: 1.13969 tp: 1.14833
0	08:19:49.443	'1809640': modify order #42604136 buy 0.01 EURUSD at 1.14397 sl: 1.13969 tp: 1.14833 -> sl: 1.13969 tp: 1.14848
0	08:19:49.661	'1809640': order #42604136 buy 0.01 EURUSD at 1.14397 was modified -> sl: 1.13969 tp: 1.14848
0	08:37:18.631	'1809640': modify order #42604000 buy 0.01 EURUSD at 1.14379 sl: 1.13962 tp: 1.14865 -> sl: 1.13962 tp: 1.14870
0	08:37:18.881	'1809640': order #42604000 buy 0.01 EURUSD at 1.14379 was modified -> sl: 1.13962 tp: 1.14870
0	08:37:18.896	'1809640': modify order #42604136 buy 0.01 EURUSD at 1.14397 sl: 1.13969 tp: 1.14848 -> sl: 1.13969 tp: 1.14870
0	08:37:19.193	'1809640': order #42604136 buy 0.01 EURUSD at 1.14397 was modified -> sl: 1.13969 tp: 1.14870
0	08:40:15.584	'1809640': modify order #42604000 buy 0.01 EURUSD at 1.14379 sl: 1.13962 tp: 1.14870 -> sl: 1.13962 tp: 1.14923
0	08:40:15.881	'1809640': order #42604000 buy 0.01 EURUSD at 1.14379 was modified -> sl: 1.13962 tp: 1.14923
0	08:40:15.881	'1809640': modify order #42604136 buy 0.01 EURUSD at 1.14397 sl: 1.13969 tp: 1.14870 -> sl: 1.13969 tp: 1.14925
0	08:40:16.177	'1809640': order #42604136 buy 0.01 EURUSD at 1.14397 was modified -> sl: 1.13969 tp: 1.14925
0	08:43:25.365	'1809640': modify order #42603783 buy 0.01 EURUSD at 1.14414 sl: 1.13995 tp: 1.14855 -> sl: 1.13995 tp: 1.14908
0	08:43:25.584	'1809640': order #42603783 buy 0.01 EURUSD at 1.14414 was modified -> sl: 1.13995 tp: 1.14908
0	08:43:25.600	'1809640': modify order #42604000 buy 0.01 EURUSD at 1.14379 sl: 1.13962 tp: 1.14923 -> sl: 1.13962 tp: 1.15034
0	08:43:25.928	'1809640': order #42604000 buy 0.01 EURUSD at 1.14379 was modified -> sl: 1.13962 tp: 1.15034
0	08:43:25.959	'1809640': modify order #42604136 buy 0.01 EURUSD at 1.14397 sl: 1.13969 tp: 1.14925 -> sl: 1.13969 tp: 1.15033
0	08:43:26.303	'1809640': order #42604136 buy 0.01 EURUSD at 1.14397 was modified -> sl: 1.13969 tp: 1.15033
0	08:45:03.521	'1809640': modify order #42604000 buy 0.01 EURUSD at 1.14379 sl: 1.13962 tp: 1.15034 -> sl: 1.13962 tp: 1.15043
0	08:45:03.850	'1809640': order #42604000 buy 0.01 EURUSD at 1.14379 was modified -> sl: 1.13962 tp: 1.15043
0	08:45:03.865	'1809640': modify order #42604136 buy 0.01 EURUSD at 1.14397 sl: 1.13969 tp: 1.15033 -> sl: 1.13969 tp: 1.15043
0	08:45:04.178	'1809640': order #42604136 buy 0.01 EURUSD at 1.14397 was modified -> sl: 1.13969 tp: 1.15043
0	09:00:18.631	'1809640': order buy market 0.01 EURUSD sl: 1.13994 tp: 1.14852
0	09:00:18.959	'1809640': order was opened : #42605824 buy 0.01 EURUSD at 1.14412 sl: 1.13994 tp: 1.14852
0	09:00:19.178	'1809640': modify order #42605824 buy 0.01 EURUSD at 1.14412 sl: 1.13994 tp: 1.14852 -> sl: 1.13994 tp: 1.14853
0	09:00:19.413	'1809640': order #42605824 buy 0.01 EURUSD at 1.14412 was modified -> sl: 1.13994 tp: 1.14853
0	09:03:16.834	'1809640': modify order #42605824 buy 0.01 EURUSD at 1.14412 sl: 1.13994 tp: 1.14853 -> sl: 1.13994 tp: 1.14860
0	09:03:17.084	'1809640': order #42605824 buy 0.01 EURUSD at 1.14412 was modified -> sl: 1.13994 tp: 1.14860
0	09:09:32.131	'1809640': modify order #42605824 buy 0.01 EURUSD at 1.14412 sl: 1.13994 tp: 1.14860 -> sl: 1.13994 tp: 1.14900
0	09:09:32.397	'1809640': order #42605824 buy 0.01 EURUSD at 1.14412 was modified -> sl: 1.13994 tp: 1.14900
0	09:10:19.538	'1809640': modify order #42605824 buy 0.01 EURUSD at 1.14412 sl: 1.13994 tp: 1.14900 -> sl: 1.13994 tp: 1.14928
0	09:10:19.835	'1809640': order #42605824 buy 0.01 EURUSD at 1.14412 was modified -> sl: 1.13994 tp: 1.14928
0	09:11:10.178	'1809640': modify order #42605824 buy 0.01 EURUSD at 1.14412 sl: 1.13994 tp: 1.14928 -> sl: 1.13994 tp: 1.14934
0	09:11:10.413	'1809640': order #42605824 buy 0.01 EURUSD at 1.14412 was modified -> sl: 1.13994 tp: 1.14934
0	09:19:38.897	'1809640': modify order #42605824 buy 0.01 EURUSD at 1.14412 sl: 1.13994 tp: 1.14934 -> sl: 1.13994 tp: 1.14945
0	09:19:39.257	'1809640': order #42605824 buy 0.01 EURUSD at 1.14412 was modified -> sl: 1.13994 tp: 1.14945
0	10:03:34.993	'1809640': order sell market 0.01 EURUSD sl: 1.14838 tp: 1.14232
0	10:03:35.305	'1809640': order was opened : #42607587 sell 0.01 EURUSD at 1.14417 sl: 1.14838 tp: 1.14232
0	10:26:56.384	'1809640': modify order #42603282 sell 0.01 EURUSD at 1.14370 sl: 1.14790 tp: 1.13911 -> sl: 1.14790 tp: 1.13859
0	10:26:56.634	'1809640': order #42603282 sell 0.01 EURUSD at 1.14370 was modified -> sl: 1.14790 tp: 1.13859
0	10:27:43.478	'1809640': modify order #42603282 sell 0.01 EURUSD at 1.14370 sl: 1.14790 tp: 1.13859 -> sl: 1.14790 tp: 1.13857
0	10:27:43.743	'1809640': order #42603282 sell 0.01 EURUSD at 1.14370 was modified -> sl: 1.14790 tp: 1.13857
0	10:28:59.228	'1809640': modify order #42603282 sell 0.01 EURUSD at 1.14370 sl: 1.14790 tp: 1.13857 -> sl: 1.14790 tp: 1.13844
0	10:28:59.540	'1809640': order #42603282 sell 0.01 EURUSD at 1.14370 was modified -> sl: 1.14790 tp: 1.13844
0	10:51:25.916	'1809640': modify order #42607587 sell 0.01 EURUSD at 1.14417 sl: 1.14838 tp: 1.14232 -> sl: 1.14838 tp: 1.14231
0	10:51:26.244	'1809640': order #42607587 sell 0.01 EURUSD at 1.14417 was modified -> sl: 1.14838 tp: 1.14231
0	11:01:53.041	'1809640': modify order #42607587 sell 0.01 EURUSD at 1.14417 sl: 1.14838 tp: 1.14231 -> sl: 1.14838 tp: 1.14229
0	11:01:53.369	'1809640': order #42607587 sell 0.01 EURUSD at 1.14417 was modified -> sl: 1.14838 tp: 1.14229
0	11:16:09.089	'1809640': order buy market 0.01 EURUSD sl: 1.13960 tp: 1.14820
0	11:16:09.448	'1809640': order was opened : #42609502 buy 0.01 EURUSD at 1.14380 sl: 1.13960 tp: 1.14820
0	11:25:09.511	'1809640': modify order #42607587 sell 0.01 EURUSD at 1.14417 sl: 1.14838 tp: 1.14229 -> sl: 1.14838 tp: 1.14227
0	11:25:09.823	'1809640': order #42607587 sell 0.01 EURUSD at 1.14417 was modified -> sl: 1.14838 tp: 1.14227
0	11:25:09.839	'1809640': modify order #42609502 buy 0.01 EURUSD at 1.14380 sl: 1.13960 tp: 1.14820 -> sl: 1.13960 tp: 1.14821
0	11:25:10.136	'1809640': order #42609502 buy 0.01 EURUSD at 1.14380 was modified -> sl: 1.13960 tp: 1.14821
0	11:33:36.689	'1809640': modify order #42607587 sell 0.01 EURUSD at 1.14417 sl: 1.14838 tp: 1.14227 -> sl: 1.14838 tp: 1.14223
0	11:33:37.011	'1809640': order #42607587 sell 0.01 EURUSD at 1.14417 was modified -> sl: 1.14838 tp: 1.14223
0	11:35:59.206	'1809640': modify order #42607587 sell 0.01 EURUSD at 1.14417 sl: 1.14838 tp: 1.14223 -> sl: 1.14838 tp: 1.14221
0	11:35:59.511	'1809640': order #42607587 sell 0.01 EURUSD at 1.14417 was modified -> sl: 1.14838 tp: 1.14221
0	11:46:48.527	'1809640': modify order #42607587 sell 0.01 EURUSD at 1.14417 sl: 1.14838 tp: 1.14221 -> sl: 1.14838 tp: 1.14220
0	11:46:48.855	'1809640': order #42607587 sell 0.01 EURUSD at 1.14417 was modified -> sl: 1.14838 tp: 1.14220
0	11:50:28.559	'1809640': modify order #42609502 buy 0.01 EURUSD at 1.14380 sl: 1.13960 tp: 1.14821 -> sl: 1.13960 tp: 1.14825
0	11:50:28.871	'1809640': order #42609502 buy 0.01 EURUSD at 1.14380 was modified -> sl: 1.13960 tp: 1.14825
0	11:53:08.732	'1809640': modify order #42609502 buy 0.01 EURUSD at 1.14380 sl: 1.13960 tp: 1.14825 -> sl: 1.13960 tp: 1.14838
0	11:53:09.058	'1809640': order #42609502 buy 0.01 EURUSD at 1.14380 was modified -> sl: 1.13960 tp: 1.14838
0	11:53:40.340	'1809640': modify order #42607587 sell 0.01 EURUSD at 1.14417 sl: 1.14838 tp: 1.14220 -> sl: 1.14838 tp: 1.14219
0	11:53:40.668	'1809640': order #42607587 sell 0.01 EURUSD at 1.14417 was modified -> sl: 1.14838 tp: 1.14219
0	12:12:54.825	'1809640': modify order #42603282 sell 0.01 EURUSD at 1.14370 sl: 1.14790 tp: 1.13844 -> sl: 1.14790 tp: 1.13841
0	12:12:55.137	'1809640': order #42603282 sell 0.01 EURUSD at 1.14370 was modified -> sl: 1.14790 tp: 1.13841
0	12:15:01.559	'1809640': modify order #42609502 buy 0.01 EURUSD at 1.14380 sl: 1.13960 tp: 1.14838 -> sl: 1.13960 tp: 1.14843
0	12:15:01.825	'1809640': order #42609502 buy 0.01 EURUSD at 1.14380 was modified -> sl: 1.13960 tp: 1.14843
0	12:29:32.639	'1809640': modify order #42609502 buy 0.01 EURUSD at 1.14380 sl: 1.13960 tp: 1.14843 -> sl: 1.13960 tp: 1.14893
0	12:29:32.983	'1809640': order #42609502 buy 0.01 EURUSD at 1.14380 was modified -> sl: 1.13960 tp: 1.14893
0	12:30:10.716	'1809640': modify order #42609502 buy 0.01 EURUSD at 1.14380 sl: 1.13960 tp: 1.14893 -> sl: 1.13960 tp: 1.14895
0	12:30:11.044	'1809640': order #42609502 buy 0.01 EURUSD at 1.14380 was modified -> sl: 1.13960 tp: 1.14895
0	12:30:12.075	'1809640': order #42583752 buy 0.01 EURUSD at 1.14633 closed due stop-loss at price 1.14214
0	12:30:12.403	'1809640': order #42583368 buy 0.01 EURUSD at 1.14608 closed due stop-loss at price 1.14188
0	12:30:28.372	'1809640': order #42607587 sell 0.01 EURUSD at 1.14417 closed due take-profit at price 1.14219
0	12:31:11.606	'1809640': order sell market 0.01 EURUSD sl: 1.14570 tp: 0.00000
0	12:31:11.888	'1809640': order was opened : #42612029 sell 0.01 EURUSD at 1.14149 sl: 1.14570 tp: 0.00000
0	12:31:12.388	'1809640': modify order #42601080 sell 0.01 EURUSD at 1.14475 sl: 1.14894 tp: 1.13813 -> sl: 1.14894 tp: 1.13699
0	12:31:12.669	'1809640': order #42601080 sell 0.01 EURUSD at 1.14475 was modified -> sl: 1.14894 tp: 1.13699
0	12:31:12.688	'1809640': modify order #42601973 sell 0.01 EURUSD at 1.14401 sl: 1.14821 tp: 1.13811 -> sl: 1.14821 tp: 1.13700
0	12:31:12.997	'1809640': order #42601973 sell 0.01 EURUSD at 1.14401 was modified -> sl: 1.14821 tp: 1.13700
0	12:31:12.997	'1809640': modify order #42602211 sell 0.01 EURUSD at 1.14311 sl: 1.14727 tp: 1.13813 -> sl: 1.14727 tp: 1.13700
0	12:31:13.325	'1809640': order #42602211 sell 0.01 EURUSD at 1.14311 was modified -> sl: 1.14727 tp: 1.13700
0	12:31:13.356	'1809640': modify order #42602557 sell 0.01 EURUSD at 1.14297 sl: 1.14715 tp: 1.13813 -> sl: 1.14715 tp: 1.13701
0	12:31:13.622	'1809640': order #42602557 sell 0.01 EURUSD at 1.14297 was modified -> sl: 1.14715 tp: 1.13701
0	12:31:13.638	'1809640': modify order #42602776 sell 0.01 EURUSD at 1.14329 sl: 1.14751 tp: 1.13812 -> sl: 1.14751 tp: 1.13702
0	12:31:13.950	'1809640': order #42602776 sell 0.01 EURUSD at 1.14329 was modified -> sl: 1.14751 tp: 1.13702
0	12:31:13.966	'1809640': modify order #42603282 sell 0.01 EURUSD at 1.14370 sl: 1.14790 tp: 1.13841 -> sl: 1.14790 tp: 1.13702
0	12:31:14.254	'1809640': order #42603282 sell 0.01 EURUSD at 1.14370 was modified -> sl: 1.14790 tp: 1.13702
0	12:31:14.263	'1809640': modify order #42612029 sell 0.01 EURUSD at 1.14149 sl: 1.14570 tp: 0.00000 -> sl: 1.14570 tp: 1.13760
0	12:31:14.575	'1809640': order #42612029 sell 0.01 EURUSD at 1.14149 was modified -> sl: 1.14570 tp: 1.13760
0	12:31:28.497	'1809640': order #42582982 buy 0.01 EURUSD at 1.14508 closed due stop-loss at price 1.14087
0	12:32:05.466	'1809640': order #42572639 buy 0.01 EURUSD at 1.14441 closed due stop-loss at price 1.14021
0	12:32:09.060	'1809640': order #42603783 buy 0.01 EURUSD at 1.14414 closed due stop-loss at price 1.13995
0	12:32:09.060	'1809640': order #42605824 buy 0.01 EURUSD at 1.14412 closed due stop-loss at price 1.13994
0	12:32:12.872	'1809640': modify order #42601080 sell 0.01 EURUSD at 1.14475 sl: 1.14894 tp: 1.13699 -> sl: 1.14894 tp: 1.13548
0	12:32:13.138	'1809640': order #42601080 sell 0.01 EURUSD at 1.14475 was modified -> sl: 1.14894 tp: 1.13548
0	12:32:13.185	'1809640': modify order #42601973 sell 0.01 EURUSD at 1.14401 sl: 1.14821 tp: 1.13700 -> sl: 1.14821 tp: 1.13544
0	12:32:13.514	'1809640': order #42601973 sell 0.01 EURUSD at 1.14401 was modified -> sl: 1.14821 tp: 1.13544
0	12:32:13.514	'1809640': modify order #42602211 sell 0.01 EURUSD at 1.14311 sl: 1.14727 tp: 1.13700 -> sl: 1.14727 tp: 1.13546
0	12:32:13.810	'1809640': order #42602211 sell 0.01 EURUSD at 1.14311 was modified -> sl: 1.14727 tp: 1.13546
0	12:32:13.857	'1809640': modify order #42602557 sell 0.01 EURUSD at 1.14297 sl: 1.14715 tp: 1.13701 -> sl: 1.14715 tp: 1.13547
0	12:32:14.122	'1809640': order #42602557 sell 0.01 EURUSD at 1.14297 was modified -> sl: 1.14715 tp: 1.13547
0	12:32:14.138	'1809640': modify order #42602776 sell 0.01 EURUSD at 1.14329 sl: 1.14751 tp: 1.13702 -> sl: 1.14751 tp: 1.13548
0	12:32:14.435	'1809640': order #42602776 sell 0.01 EURUSD at 1.14329 was modified -> sl: 1.14751 tp: 1.13548
0	12:32:14.482	'1809640': modify order #42603282 sell 0.01 EURUSD at 1.14370 sl: 1.14790 tp: 1.13702 -> sl: 1.14790 tp: 1.13549
0	12:32:14.747	'1809640': order #42603282 sell 0.01 EURUSD at 1.14370 was modified -> sl: 1.14790 tp: 1.13549
0	12:36:19.425	'1809640': order sell market 0.01 EURUSD sl: 1.14481 tp: 1.13624
0	12:36:19.705	'1809640': order was opened : #42612681 sell 0.01 EURUSD at 1.14048 sl: 1.14481 tp: 1.13624
0	12:36:20.216	'1809640': modify order #42612681 sell 0.01 EURUSD at 1.14048 sl: 1.14481 tp: 1.13624 -> sl: 1.14481 tp: 1.13606
0	12:36:20.576	'1809640': order #42612681 sell 0.01 EURUSD at 1.14048 was modified -> sl: 1.14481 tp: 1.13606
0	12:37:14.982	'1809640': modify order #42601641 sell 0.01 EURUSD at 1.14343 sl: 1.14760 tp: 1.13964 -> sl: 1.14760 tp: 1.13948
0	12:37:15.283	'1809640': order #42601641 sell 0.01 EURUSD at 1.14343 was modified -> sl: 1.14760 tp: 1.13948
0	12:38:13.950	'1809640': modify order #42601641 sell 0.01 EURUSD at 1.14343 sl: 1.14760 tp: 1.13948 -> sl: 1.14760 tp: 1.13924
0	12:38:14.294	'1809640': order #42601641 sell 0.01 EURUSD at 1.14343 was modified -> sl: 1.14760 tp: 1.13924
0	12:39:14.325	'1809640': modify order #42601641 sell 0.01 EURUSD at 1.14343 sl: 1.14760 tp: 1.13924 -> sl: 1.14760 tp: 1.13902
0	12:39:14.669	'1809640': order #42601641 sell 0.01 EURUSD at 1.14343 was modified -> sl: 1.14760 tp: 1.13902
0	12:40:19.091	'1809640': modify order #42601641 sell 0.01 EURUSD at 1.14343 sl: 1.14760 tp: 1.13902 -> sl: 1.14760 tp: 1.13866
0	12:40:19.419	'1809640': order #42601641 sell 0.01 EURUSD at 1.14343 was modified -> sl: 1.14760 tp: 1.13866
0	12:40:19.484	'1809640': modify order #42612681 sell 0.01 EURUSD at 1.14048 sl: 1.14481 tp: 1.13606 -> sl: 1.14481 tp: 1.13568
0	12:40:19.781	'1809640': order #42612681 sell 0.01 EURUSD at 1.14048 was modified -> sl: 1.14481 tp: 1.13568
0	12:40:26.091	'1809640': order #42604136 buy 0.01 EURUSD at 1.14397 closed due stop-loss at price 1.13969
0	12:40:32.607	'1809640': order #42604000 buy 0.01 EURUSD at 1.14379 closed due stop-loss at price 1.13962
0	12:40:32.794	'1809640': order #42609502 buy 0.01 EURUSD at 1.14380 closed due stop-loss at price 1.13960
0	12:40:52.044	'1809640': order #42572171 buy 0.01 EURUSD at 1.14342 closed due stop-loss at price 1.13918
0	12:41:11.425	'1809640': order sell market 0.01 EURUSD sl: 1.14328 tp: 1.13821
0	12:41:11.753	'1809640': order was opened : #42613071 sell 0.01 EURUSD at 1.13905 sl: 1.14328 tp: 1.13821
0	12:41:12.357	'1809640': modify order #42601080 sell 0.01 EURUSD at 1.14475 sl: 1.14894 tp: 1.13548 -> sl: 1.14894 tp: 1.13463
0	12:41:12.690	'1809640': order #42601080 sell 0.01 EURUSD at 1.14475 was modified -> sl: 1.14894 tp: 1.13463
0	12:41:12.755	'1809640': modify order #42601641 sell 0.01 EURUSD at 1.14343 sl: 1.14760 tp: 1.13866 -> sl: 1.14760 tp: 1.13821
0	12:41:13.092	'1809640': order #42601641 sell 0.01 EURUSD at 1.14343 was modified -> sl: 1.14760 tp: 1.13821
0	12:41:13.138	'1809640': modify order #42601973 sell 0.01 EURUSD at 1.14401 sl: 1.14821 tp: 1.13544 -> sl: 1.14821 tp: 1.13464
0	12:41:13.392	'1809640': order #42601973 sell 0.01 EURUSD at 1.14401 was modified -> sl: 1.14821 tp: 1.13464
0	12:41:13.419	'1809640': modify order #42602211 sell 0.01 EURUSD at 1.14311 sl: 1.14727 tp: 1.13546 -> sl: 1.14727 tp: 1.13464
0	12:41:13.747	'1809640': order #42602211 sell 0.01 EURUSD at 1.14311 was modified -> sl: 1.14727 tp: 1.13464
0	12:41:13.765	'1809640': modify order #42602557 sell 0.01 EURUSD at 1.14297 sl: 1.14715 tp: 1.13547 -> sl: 1.14715 tp: 1.13463
0	12:41:14.061	'1809640': order #42602557 sell 0.01 EURUSD at 1.14297 was modified -> sl: 1.14715 tp: 1.13463
0	12:41:14.061	'1809640': modify order #42602776 sell 0.01 EURUSD at 1.14329 sl: 1.14751 tp: 1.13548 -> sl: 1.14751 tp: 1.13465
0	12:41:14.341	'1809640': order #42602776 sell 0.01 EURUSD at 1.14329 was modified -> sl: 1.14751 tp: 1.13465
0	12:41:14.377	'1809640': modify order #42603282 sell 0.01 EURUSD at 1.14370 sl: 1.14790 tp: 1.13549 -> sl: 1.14790 tp: 1.13465
0	12:41:14.685	'1809640': order #42603282 sell 0.01 EURUSD at 1.14370 was modified -> sl: 1.14790 tp: 1.13465
0	12:41:14.685	'1809640': modify order #42612681 sell 0.01 EURUSD at 1.14048 sl: 1.14481 tp: 1.13568 -> sl: 1.14481 tp: 1.13465
0	12:41:15.029	'1809640': order #42612681 sell 0.01 EURUSD at 1.14048 was modified -> sl: 1.14481 tp: 1.13465
0	12:42:37.091	'1809640': modify order #42601641 sell 0.01 EURUSD at 1.14343 sl: 1.14760 tp: 1.13821 -> sl: 1.14760 tp: 1.13793
0	12:42:37.404	'1809640': order #42601641 sell 0.01 EURUSD at 1.14343 was modified -> sl: 1.14760 tp: 1.13793
0	12:42:37.424	'1809640': modify order #42613071 sell 0.01 EURUSD at 1.13905 sl: 1.14328 tp: 1.13821 -> sl: 1.14328 tp: 1.13794
0	12:42:37.724	'1809640': order #42613071 sell 0.01 EURUSD at 1.13905 was modified -> sl: 1.14328 tp: 1.13794
0	12:43:34.372	'1809640': modify order #42601080 sell 0.01 EURUSD at 1.14475 sl: 1.14894 tp: 1.13463 -> sl: 1.14894 tp: 1.13424
0	12:43:34.669	'1809640': order #42601080 sell 0.01 EURUSD at 1.14475 was modified -> sl: 1.14894 tp: 1.13424
0	12:43:34.732	'1809640': modify order #42601641 sell 0.01 EURUSD at 1.14343 sl: 1.14760 tp: 1.13793 -> sl: 1.14760 tp: 1.13757
0	12:43:35.029	'1809640': order #42601641 sell 0.01 EURUSD at 1.14343 was modified -> sl: 1.14760 tp: 1.13757
0	12:43:35.049	'1809640': modify order #42601973 sell 0.01 EURUSD at 1.14401 sl: 1.14821 tp: 1.13464 -> sl: 1.14821 tp: 1.13424
0	12:43:35.341	'1809640': order #42601973 sell 0.01 EURUSD at 1.14401 was modified -> sl: 1.14821 tp: 1.13424
0	12:43:35.377	'1809640': modify order #42602211 sell 0.01 EURUSD at 1.14311 sl: 1.14727 tp: 1.13464 -> sl: 1.14727 tp: 1.13422
0	12:43:35.669	'1809640': order #42602211 sell 0.01 EURUSD at 1.14311 was modified -> sl: 1.14727 tp: 1.13422
0	12:43:35.716	'1809640': modify order #42602557 sell 0.01 EURUSD at 1.14297 sl: 1.14715 tp: 1.13463 -> sl: 1.14715 tp: 1.13422
0	12:43:36.029	'1809640': order #42602557 sell 0.01 EURUSD at 1.14297 was modified -> sl: 1.14715 tp: 1.13422
0	12:43:36.044	'1809640': modify order #42602776 sell 0.01 EURUSD at 1.14329 sl: 1.14751 tp: 1.13465 -> sl: 1.14751 tp: 1.13423
0	12:43:36.342	'1809640': order #42602776 sell 0.01 EURUSD at 1.14329 was modified -> sl: 1.14751 tp: 1.13423
0	12:43:36.362	'1809640': modify order #42603282 sell 0.01 EURUSD at 1.14370 sl: 1.14790 tp: 1.13465 -> sl: 1.14790 tp: 1.13422
0	12:43:36.654	'1809640': order #42603282 sell 0.01 EURUSD at 1.14370 was modified -> sl: 1.14790 tp: 1.13422
0	12:43:36.701	'1809640': modify order #42612681 sell 0.01 EURUSD at 1.14048 sl: 1.14481 tp: 1.13465 -> sl: 1.14481 tp: 1.13422
0	12:43:37.031	'1809640': order #42612681 sell 0.01 EURUSD at 1.14048 was modified -> sl: 1.14481 tp: 1.13422
0	12:43:37.051	'1809640': modify order #42613071 sell 0.01 EURUSD at 1.13905 sl: 1.14328 tp: 1.13794 -> sl: 1.14328 tp: 1.13758
0	12:43:37.341	'1809640': order #42613071 sell 0.01 EURUSD at 1.13905 was modified -> sl: 1.14328 tp: 1.13758
0	12:44:11.785	'1809640': modify order #42601080 sell 0.01 EURUSD at 1.14475 sl: 1.14894 tp: 1.13424 -> sl: 1.14894 tp: 1.13384
0	12:44:12.138	'1809640': order #42601080 sell 0.01 EURUSD at 1.14475 was modified -> sl: 1.14894 tp: 1.13384
0	12:44:12.191	'1809640': modify order #42601641 sell 0.01 EURUSD at 1.14343 sl: 1.14760 tp: 1.13757 -> sl: 1.14760 tp: 1.13717
0	12:44:12.536	'1809640': order #42601641 sell 0.01 EURUSD at 1.14343 was modified -> sl: 1.14760 tp: 1.13717
0	12:44:12.591	'1809640': modify order #42601973 sell 0.01 EURUSD at 1.14401 sl: 1.14821 tp: 1.13424 -> sl: 1.14821 tp: 1.13380
0	12:44:12.889	'1809640': order #42601973 sell 0.01 EURUSD at 1.14401 was modified -> sl: 1.14821 tp: 1.13380
0	12:44:12.919	'1809640': modify order #42602211 sell 0.01 EURUSD at 1.14311 sl: 1.14727 tp: 1.13422 -> sl: 1.14727 tp: 1.13380
0	12:44:13.201	'1809640': order #42602211 sell 0.01 EURUSD at 1.14311 was modified -> sl: 1.14727 tp: 1.13380
0	12:44:13.218	'1809640': modify order #42602557 sell 0.01 EURUSD at 1.14297 sl: 1.14715 tp: 1.13422 -> sl: 1.14715 tp: 1.13381
0	12:44:13.544	'1809640': order #42602557 sell 0.01 EURUSD at 1.14297 was modified -> sl: 1.14715 tp: 1.13381
0	12:44:13.591	'1809640': modify order #42602776 sell 0.01 EURUSD at 1.14329 sl: 1.14751 tp: 1.13423 -> sl: 1.14751 tp: 1.13380
0	12:44:13.904	'1809640': order #42602776 sell 0.01 EURUSD at 1.14329 was modified -> sl: 1.14751 tp: 1.13380
0	12:44:13.966	'1809640': modify order #42603282 sell 0.01 EURUSD at 1.14370 sl: 1.14790 tp: 1.13422 -> sl: 1.14790 tp: 1.13386
0	12:44:14.326	'1809640': order #42603282 sell 0.01 EURUSD at 1.14370 was modified -> sl: 1.14790 tp: 1.13386
0	12:44:14.362	'1809640': modify order #42612681 sell 0.01 EURUSD at 1.14048 sl: 1.14481 tp: 1.13422 -> sl: 1.14481 tp: 1.13381
0	12:44:14.610	'1809640': order #42612681 sell 0.01 EURUSD at 1.14048 was modified -> sl: 1.14481 tp: 1.13381
0	12:44:14.630	'1809640': modify order #42613071 sell 0.01 EURUSD at 1.13905 sl: 1.14328 tp: 1.13758 -> sl: 1.14328 tp: 1.13715
0	12:44:14.881	'1809640': order #42613071 sell 0.01 EURUSD at 1.13905 was modified -> sl: 1.14328 tp: 1.13715
0	12:44:28.591	'1809640': order #42612029 sell 0.01 EURUSD at 1.14149 closed due take-profit at price 1.13760
0	12:44:30.863	'1809640': order #42601641 sell 0.01 EURUSD at 1.14343 closed due take-profit at price 1.13717
0	12:44:31.154	'1809640': order #42613071 sell 0.01 EURUSD at 1.13905 closed due take-profit at price 1.13715
0	12:45:28.154	'1809640': order sell market 0.01 EURUSD sl: 1.14137 tp: 1.13276
0	12:45:28.442	'1809640': order was opened : #42613713 sell 0.01 EURUSD at 1.13714 sl: 1.14137 tp: 1.13276
0	12:45:29.029	'1809640': modify order #42601080 sell 0.01 EURUSD at 1.14475 sl: 1.14894 tp: 1.13384 -> sl: 1.14894 tp: 1.13279
0	12:45:29.318	'1809640': order #42601080 sell 0.01 EURUSD at 1.14475 was modified -> sl: 1.14894 tp: 1.13279
0	12:45:29.326	'1809640': modify order #42601973 sell 0.01 EURUSD at 1.14401 sl: 1.14821 tp: 1.13380 -> sl: 1.14821 tp: 1.13280
0	12:45:29.638	'1809640': order #42601973 sell 0.01 EURUSD at 1.14401 was modified -> sl: 1.14821 tp: 1.13280
0	12:45:29.658	'1809640': modify order #42602211 sell 0.01 EURUSD at 1.14311 sl: 1.14727 tp: 1.13380 -> sl: 1.14727 tp: 1.13280
0	12:45:29.943	'1809640': order #42602211 sell 0.01 EURUSD at 1.14311 was modified -> sl: 1.14727 tp: 1.13280
0	12:45:29.966	'1809640': modify order #42602557 sell 0.01 EURUSD at 1.14297 sl: 1.14715 tp: 1.13381 -> sl: 1.14715 tp: 1.13280
0	12:45:30.283	'1809640': order #42602557 sell 0.01 EURUSD at 1.14297 was modified -> sl: 1.14715 tp: 1.13280
0	12:45:30.299	'1809640': modify order #42602776 sell 0.01 EURUSD at 1.14329 sl: 1.14751 tp: 1.13380 -> sl: 1.14751 tp: 1.13280
0	12:45:30.583	'1809640': order #42602776 sell 0.01 EURUSD at 1.14329 was modified -> sl: 1.14751 tp: 1.13280
0	12:45:30.607	'1809640': modify order #42603282 sell 0.01 EURUSD at 1.14370 sl: 1.14790 tp: 1.13386 -> sl: 1.14790 tp: 1.13281
0	12:45:30.935	'1809640': order #42603282 sell 0.01 EURUSD at 1.14370 was modified -> sl: 1.14790 tp: 1.13281
0	12:45:30.951	'1809640': modify order #42612681 sell 0.01 EURUSD at 1.14048 sl: 1.14481 tp: 1.13381 -> sl: 1.14481 tp: 1.13281
0	12:45:31.279	'1809640': order #42612681 sell 0.01 EURUSD at 1.14048 was modified -> sl: 1.14481 tp: 1.13281
0	12:50:37.611	'1809640': order sell market 0.01 EURUSD sl: 1.14234 tp: 1.13531
0	12:50:37.972	'1809640': order was opened : #42614040 sell 0.01 EURUSD at 1.13814 sl: 1.14234 tp: 1.13531
0	12:51:12.564	'1809640': modify order #42614040 sell 0.01 EURUSD at 1.13814 sl: 1.14234 tp: 1.13531 -> sl: 1.14234 tp: 1.13528
0	12:51:12.970	'1809640': order #42614040 sell 0.01 EURUSD at 1.13814 was modified -> sl: 1.14234 tp: 1.13528
0	12:52:14.623	'1809640': modify order #42614040 sell 0.01 EURUSD at 1.13814 sl: 1.14234 tp: 1.13528 -> sl: 1.14234 tp: 1.13524
0	12:52:14.988	'1809640': order #42614040 sell 0.01 EURUSD at 1.13814 was modified -> sl: 1.14234 tp: 1.13524
0	12:55:44.592	'1809640': order sell market 0.01 EURUSD sl: 1.14274 tp: 1.13417
0	12:55:44.986	'1809640': order was opened : #42614310 sell 0.01 EURUSD at 1.13860 sl: 1.14274 tp: 1.13417
0	12:59:24.116	'1809640': modify order #42614310 sell 0.01 EURUSD at 1.13860 sl: 1.14274 tp: 1.13417 -> sl: 1.14274 tp: 1.13383
0	12:59:24.392	'1809640': order #42614310 sell 0.01 EURUSD at 1.13860 was modified -> sl: 1.14274 tp: 1.13383
0	13:00:18.937	'1809640': order sell market 0.01 EURUSD sl: 1.14242 tp: 1.13380
0	13:00:19.318	'1809640': order was opened : #42614577 sell 0.01 EURUSD at 1.13820 sl: 1.14242 tp: 1.13380
0	13:00:20.145	'1809640': modify order #42614310 sell 0.01 EURUSD at 1.13860 sl: 1.14274 tp: 1.13383 -> sl: 1.14274 tp: 1.13373
0	13:00:20.498	'1809640': order #42614310 sell 0.01 EURUSD at 1.13860 was modified -> sl: 1.14274 tp: 1.13373
0	13:00:20.624	'1809640': modify order #42614577 sell 0.01 EURUSD at 1.13820 sl: 1.14242 tp: 1.13380 -> sl: 1.14242 tp: 1.13376
0	13:00:20.967	'1809640': order #42614577 sell 0.01 EURUSD at 1.13820 was modified -> sl: 1.14242 tp: 1.13376
0	13:02:11.545	'1809640': modify order #42614310 sell 0.01 EURUSD at 1.13860 sl: 1.14274 tp: 1.13373 -> sl: 1.14274 tp: 1.13365
0	13:02:11.873	'1809640': order #42614310 sell 0.01 EURUSD at 1.13860 was modified -> sl: 1.14274 tp: 1.13365
0	13:02:11.894	'1809640': modify order #42614577 sell 0.01 EURUSD at 1.13820 sl: 1.14242 tp: 1.13376 -> sl: 1.14242 tp: 1.13364
0	13:02:12.223	'1809640': order #42614577 sell 0.01 EURUSD at 1.13820 was modified -> sl: 1.14242 tp: 1.13364
0	13:03:33.282	'1809640': modify order #42614310 sell 0.01 EURUSD at 1.13860 sl: 1.14274 tp: 1.13365 -> sl: 1.14274 tp: 1.13330
0	13:03:33.610	'1809640': order #42614310 sell 0.01 EURUSD at 1.13860 was modified -> sl: 1.14274 tp: 1.13330
0	13:03:33.643	'1809640': modify order #42614577 sell 0.01 EURUSD at 1.13820 sl: 1.14242 tp: 1.13364 -> sl: 1.14242 tp: 1.13331
0	13:03:34.049	'1809640': order #42614577 sell 0.01 EURUSD at 1.13820 was modified -> sl: 1.14242 tp: 1.13331
0	13:18:12.492	'1809640': modify order #42601080 sell 0.01 EURUSD at 1.14475 sl: 1.14894 tp: 1.13279 -> sl: 1.14894 tp: 1.13267
0	13:18:12.906	'1809640': order #42601080 sell 0.01 EURUSD at 1.14475 was modified -> sl: 1.14894 tp: 1.13267
0	13:18:13.080	'1809640': modify order #42601973 sell 0.01 EURUSD at 1.14401 sl: 1.14821 tp: 1.13280 -> sl: 1.14821 tp: 1.13267
0	13:18:13.511	'1809640': order #42601973 sell 0.01 EURUSD at 1.14401 was modified -> sl: 1.14821 tp: 1.13267
0	13:18:13.644	'1809640': modify order #42602211 sell 0.01 EURUSD at 1.14311 sl: 1.14727 tp: 1.13280 -> sl: 1.14727 tp: 1.13269
0	13:18:14.054	'1809640': order #42602211 sell 0.01 EURUSD at 1.14311 was modified -> sl: 1.14727 tp: 1.13269
0	13:18:14.139	'1809640': modify order #42602557 sell 0.01 EURUSD at 1.14297 sl: 1.14715 tp: 1.13280 -> sl: 1.14715 tp: 1.13267
0	13:18:14.395	'1809640': order #42602557 sell 0.01 EURUSD at 1.14297 was modified -> sl: 1.14715 tp: 1.13267
0	13:18:14.395	'1809640': modify order #42602776 sell 0.01 EURUSD at 1.14329 sl: 1.14751 tp: 1.13280 -> sl: 1.14751 tp: 1.13267
0	13:18:14.788	'1809640': order #42602776 sell 0.01 EURUSD at 1.14329 was modified -> sl: 1.14751 tp: 1.13267
0	13:18:14.865	'1809640': modify order #42603282 sell 0.01 EURUSD at 1.14370 sl: 1.14790 tp: 1.13281 -> sl: 1.14790 tp: 1.13267
0	13:18:15.217	'1809640': order #42603282 sell 0.01 EURUSD at 1.14370 was modified -> sl: 1.14790 tp: 1.13267
0	13:18:15.283	'1809640': modify order #42612681 sell 0.01 EURUSD at 1.14048 sl: 1.14481 tp: 1.13281 -> sl: 1.14481 tp: 1.13268
0	13:18:15.612	'1809640': order #42612681 sell 0.01 EURUSD at 1.14048 was modified -> sl: 1.14481 tp: 1.13268
0	13:18:15.734	'1809640': modify order #42613713 sell 0.01 EURUSD at 1.13714 sl: 1.14137 tp: 1.13276 -> sl: 1.14137 tp: 1.13268
0	13:18:16.148	'1809640': order #42613713 sell 0.01 EURUSD at 1.13714 was modified -> sl: 1.14137 tp: 1.13268
0	13:18:16.257	'1809640': modify order #42614310 sell 0.01 EURUSD at 1.13860 sl: 1.14274 tp: 1.13330 -> sl: 1.14274 tp: 1.13269
0	13:18:16.663	'1809640': order #42614310 sell 0.01 EURUSD at 1.13860 was modified -> sl: 1.14274 tp: 1.13269
0	13:18:16.704	'1809640': modify order #42614577 sell 0.01 EURUSD at 1.13820 sl: 1.14242 tp: 1.13331 -> sl: 1.14242 tp: 1.13267
0	13:18:17.129	'1809640': order #42614577 sell 0.01 EURUSD at 1.13820 was modified -> sl: 1.14242 tp: 1.13267
0	13:19:14.100	'1809640': modify order #42601080 sell 0.01 EURUSD at 1.14475 sl: 1.14894 tp: 1.13267 -> sl: 1.14894 tp: 1.13252
0	13:19:14.530	'1809640': order #42601080 sell 0.01 EURUSD at 1.14475 was modified -> sl: 1.14894 tp: 1.13252
0	13:19:14.599	'1809640': modify order #42601973 sell 0.01 EURUSD at 1.14401 sl: 1.14821 tp: 1.13267 -> sl: 1.14821 tp: 1.13252
0	13:19:14.956	'1809640': order #42601973 sell 0.01 EURUSD at 1.14401 was modified -> sl: 1.14821 tp: 1.13252
0	13:19:14.985	'1809640': modify order #42602211 sell 0.01 EURUSD at 1.14311 sl: 1.14727 tp: 1.13269 -> sl: 1.14727 tp: 1.13252
0	13:19:15.411	'1809640': order #42602211 sell 0.01 EURUSD at 1.14311 was modified -> sl: 1.14727 tp: 1.13252
0	13:19:15.452	'1809640': modify order #42602557 sell 0.01 EURUSD at 1.14297 sl: 1.14715 tp: 1.13267 -> sl: 1.14715 tp: 1.13252
0	13:19:15.913	'1809640': order #42602557 sell 0.01 EURUSD at 1.14297 was modified -> sl: 1.14715 tp: 1.13252
0	13:19:16.019	'1809640': modify order #42602776 sell 0.01 EURUSD at 1.14329 sl: 1.14751 tp: 1.13267 -> sl: 1.14751 tp: 1.13253
0	13:19:16.396	'1809640': order #42602776 sell 0.01 EURUSD at 1.14329 was modified -> sl: 1.14751 tp: 1.13253
0	13:19:16.436	'1809640': modify order #42603282 sell 0.01 EURUSD at 1.14370 sl: 1.14790 tp: 1.13267 -> sl: 1.14790 tp: 1.13253
0	13:19:16.891	'1809640': order #42603282 sell 0.01 EURUSD at 1.14370 was modified -> sl: 1.14790 tp: 1.13253
0	13:19:17.000	'1809640': modify order #42612681 sell 0.01 EURUSD at 1.14048 sl: 1.14481 tp: 1.13268 -> sl: 1.14481 tp: 1.13252
0	13:19:17.389	'1809640': order #42612681 sell 0.01 EURUSD at 1.14048 was modified -> sl: 1.14481 tp: 1.13252
0	13:19:17.499	'1809640': modify order #42613713 sell 0.01 EURUSD at 1.13714 sl: 1.14137 tp: 1.13268 -> sl: 1.14137 tp: 1.13255
0	13:19:17.877	'1809640': order #42613713 sell 0.01 EURUSD at 1.13714 was modified -> sl: 1.14137 tp: 1.13255
0	13:19:17.945	'1809640': modify order #42614310 sell 0.01 EURUSD at 1.13860 sl: 1.14274 tp: 1.13269 -> sl: 1.14274 tp: 1.13252
0	13:19:18.315	'1809640': order #42614310 sell 0.01 EURUSD at 1.13860 was modified -> sl: 1.14274 tp: 1.13252
0	13:19:18.396	'1809640': modify order #42614577 sell 0.01 EURUSD at 1.13820 sl: 1.14242 tp: 1.13267 -> sl: 1.14242 tp: 1.13253
0	13:19:18.741	'1809640': order #42614577 sell 0.01 EURUSD at 1.13820 was modified -> sl: 1.14242 tp: 1.13253
0	13:20:36.580	'1809640': modify order #42601080 sell 0.01 EURUSD at 1.14475 sl: 1.14894 tp: 1.13252 -> sl: 1.14894 tp: 1.13251
0	13:20:36.978	'1809640': order #42601080 sell 0.01 EURUSD at 1.14475 was modified -> sl: 1.14894 tp: 1.13251
0	13:20:37.103	'1809640': modify order #42602776 sell 0.01 EURUSD at 1.14329 sl: 1.14751 tp: 1.13253 -> sl: 1.14751 tp: 1.13252
0	13:20:37.452	'1809640': order #42602776 sell 0.01 EURUSD at 1.14329 was modified -> sl: 1.14751 tp: 1.13252
0	13:20:37.452	'1809640': modify order #42603282 sell 0.01 EURUSD at 1.14370 sl: 1.14790 tp: 1.13253 -> sl: 1.14790 tp: 1.13252
0	13:20:37.704	'1809640': order #42603282 sell 0.01 EURUSD at 1.14370 was modified -> sl: 1.14790 tp: 1.13252
0	13:20:37.720	'1809640': modify order #42612681 sell 0.01 EURUSD at 1.14048 sl: 1.14481 tp: 1.13252 -> sl: 1.14481 tp: 1.13251
0	13:20:38.077	'1809640': order #42612681 sell 0.01 EURUSD at 1.14048 was modified -> sl: 1.14481 tp: 1.13251
0	13:20:38.240	'1809640': modify order #42613713 sell 0.01 EURUSD at 1.13714 sl: 1.14137 tp: 1.13255 -> sl: 1.14137 tp: 1.13252
0	13:20:38.613	'1809640': order #42613713 sell 0.01 EURUSD at 1.13714 was modified -> sl: 1.14137 tp: 1.13252
0	13:20:38.613	'1809640': modify order #42614577 sell 0.01 EURUSD at 1.13820 sl: 1.14242 tp: 1.13253 -> sl: 1.14242 tp: 1.13252
0	13:20:38.974	'1809640': order #42614577 sell 0.01 EURUSD at 1.13820 was modified -> sl: 1.14242 tp: 1.13252
0	13:45:49.287	'1809640': modify order #42601080 sell 0.01 EURUSD at 1.14475 sl: 1.14894 tp: 1.13251 -> sl: 1.14894 tp: 1.13248
0	13:45:49.774	'1809640': order #42601080 sell 0.01 EURUSD at 1.14475 was modified -> sl: 1.14894 tp: 1.13248
0	13:45:49.774	'1809640': modify order #42601973 sell 0.01 EURUSD at 1.14401 sl: 1.14821 tp: 1.13252 -> sl: 1.14821 tp: 1.13248
0	13:45:50.103	'1809640': order #42601973 sell 0.01 EURUSD at 1.14401 was modified -> sl: 1.14821 tp: 1.13248
0	13:45:50.200	'1809640': modify order #42602211 sell 0.01 EURUSD at 1.14311 sl: 1.14727 tp: 1.13252 -> sl: 1.14727 tp: 1.13248
0	13:45:50.562	'1809640': order #42602211 sell 0.01 EURUSD at 1.14311 was modified -> sl: 1.14727 tp: 1.13248
0	13:45:50.593	'1809640': modify order #42602557 sell 0.01 EURUSD at 1.14297 sl: 1.14715 tp: 1.13252 -> sl: 1.14715 tp: 1.13248
0	13:45:50.987	'1809640': order #42602557 sell 0.01 EURUSD at 1.14297 was modified -> sl: 1.14715 tp: 1.13248
0	13:45:51.019	'1809640': modify order #42602776 sell 0.01 EURUSD at 1.14329 sl: 1.14751 tp: 1.13252 -> sl: 1.14751 tp: 1.13248
0	13:45:51.409	'1809640': order #42602776 sell 0.01 EURUSD at 1.14329 was modified -> sl: 1.14751 tp: 1.13248
0	13:45:51.409	'1809640': modify order #42603282 sell 0.01 EURUSD at 1.14370 sl: 1.14790 tp: 1.13252 -> sl: 1.14790 tp: 1.13249
0	13:45:51.831	'1809640': order #42603282 sell 0.01 EURUSD at 1.14370 was modified -> sl: 1.14790 tp: 1.13249
0	13:45:51.831	'1809640': modify order #42612681 sell 0.01 EURUSD at 1.14048 sl: 1.14481 tp: 1.13251 -> sl: 1.14481 tp: 1.13248
0	13:45:52.322	'1809640': order #42612681 sell 0.01 EURUSD at 1.14048 was modified -> sl: 1.14481 tp: 1.13248
0	13:45:52.354	'1809640': modify order #42613713 sell 0.01 EURUSD at 1.13714 sl: 1.14137 tp: 1.13252 -> sl: 1.14137 tp: 1.13248
0	13:45:52.711	'1809640': order #42613713 sell 0.01 EURUSD at 1.13714 was modified -> sl: 1.14137 tp: 1.13248
0	13:45:52.809	'1809640': modify order #42614310 sell 0.01 EURUSD at 1.13860 sl: 1.14274 tp: 1.13252 -> sl: 1.14274 tp: 1.13247
0	13:45:53.198	'1809640': order #42614310 sell 0.01 EURUSD at 1.13860 was modified -> sl: 1.14274 tp: 1.13247
0	13:45:53.198	'1809640': modify order #42614577 sell 0.01 EURUSD at 1.13820 sl: 1.14242 tp: 1.13252 -> sl: 1.14242 tp: 1.13249
0	13:45:53.848	'1809640': order #42614577 sell 0.01 EURUSD at 1.13820 was modified -> sl: 1.14242 tp: 1.13249
0	13:46:27.890	'1809640': modify order #42601080 sell 0.01 EURUSD at 1.14475 sl: 1.14894 tp: 1.13248 -> sl: 1.14894 tp: 1.13244
0	13:46:28.410	'1809640': order #42601080 sell 0.01 EURUSD at 1.14475 was modified -> sl: 1.14894 tp: 1.13244
0	13:46:28.410	'1809640': modify order #42601973 sell 0.01 EURUSD at 1.14401 sl: 1.14821 tp: 1.13248 -> sl: 1.14821 tp: 1.13244
0	13:46:28.831	'1809640': order #42601973 sell 0.01 EURUSD at 1.14401 was modified -> sl: 1.14821 tp: 1.13244
0	13:46:28.901	'1809640': modify order #42602211 sell 0.01 EURUSD at 1.14311 sl: 1.14727 tp: 1.13248 -> sl: 1.14727 tp: 1.13245
0	13:46:29.489	'1809640': order #42602211 sell 0.01 EURUSD at 1.14311 was modified -> sl: 1.14727 tp: 1.13245
0	13:46:29.587	'1809640': modify order #42602557 sell 0.01 EURUSD at 1.14297 sl: 1.14715 tp: 1.13248 -> sl: 1.14715 tp: 1.13244
0	13:46:29.874	'1809640': order #42602557 sell 0.01 EURUSD at 1.14297 was modified -> sl: 1.14715 tp: 1.13244
0	13:46:29.874	'1809640': modify order #42602776 sell 0.01 EURUSD at 1.14329 sl: 1.14751 tp: 1.13248 -> sl: 1.14751 tp: 1.13244
0	13:46:30.263	'1809640': order #42602776 sell 0.01 EURUSD at 1.14329 was modified -> sl: 1.14751 tp: 1.13244
0	13:46:30.263	'1809640': modify order #42603282 sell 0.01 EURUSD at 1.14370 sl: 1.14790 tp: 1.13249 -> sl: 1.14790 tp: 1.13244
0	13:46:30.783	'1809640': order #42603282 sell 0.01 EURUSD at 1.14370 was modified -> sl: 1.14790 tp: 1.13244
0	13:46:30.783	'1809640': modify order #42612681 sell 0.01 EURUSD at 1.14048 sl: 1.14481 tp: 1.13248 -> sl: 1.14481 tp: 1.13244
0	13:46:31.274	'1809640': order #42612681 sell 0.01 EURUSD at 1.14048 was modified -> sl: 1.14481 tp: 1.13244
0	13:46:31.274	'1809640': modify order #42613713 sell 0.01 EURUSD at 1.13714 sl: 1.14137 tp: 1.13248 -> sl: 1.14137 tp: 1.13244
0	13:46:31.696	'1809640': order #42613713 sell 0.01 EURUSD at 1.13714 was modified -> sl: 1.14137 tp: 1.13244
0	13:46:31.765	'1809640': modify order #42614310 sell 0.01 EURUSD at 1.13860 sl: 1.14274 tp: 1.13247 -> sl: 1.14274 tp: 1.13244
0	13:46:32.156	'1809640': order #42614310 sell 0.01 EURUSD at 1.13860 was modified -> sl: 1.14274 tp: 1.13244
0	13:46:32.281	'1809640': modify order #42614577 sell 0.01 EURUSD at 1.13820 sl: 1.14242 tp: 1.13249 -> sl: 1.14242 tp: 1.13246
0	13:46:32.640	'1809640': order #42614577 sell 0.01 EURUSD at 1.13820 was modified -> sl: 1.14242 tp: 1.13246
0	13:47:39.462	'1809640': modify order #42601080 sell 0.01 EURUSD at 1.14475 sl: 1.14894 tp: 1.13244 -> sl: 1.14894 tp: 1.13216
0	13:47:40.075	'1809640': order #42601080 sell 0.01 EURUSD at 1.14475 was modified -> sl: 1.14894 tp: 1.13216
0	13:47:40.140	'1809640': modify order #42601973 sell 0.01 EURUSD at 1.14401 sl: 1.14821 tp: 1.13244 -> sl: 1.14821 tp: 1.13217
0	13:47:40.525	'1809640': order #42601973 sell 0.01 EURUSD at 1.14401 was modified -> sl: 1.14821 tp: 1.13217
0	13:47:40.525	'1809640': modify order #42602211 sell 0.01 EURUSD at 1.14311 sl: 1.14727 tp: 1.13245 -> sl: 1.14727 tp: 1.13216
0	13:47:40.953	'1809640': order #42602211 sell 0.01 EURUSD at 1.14311 was modified -> sl: 1.14727 tp: 1.13216
0	13:47:40.953	'1809640': modify order #42602557 sell 0.01 EURUSD at 1.14297 sl: 1.14715 tp: 1.13244 -> sl: 1.14715 tp: 1.13215
0	13:47:41.603	'1809640': order #42602557 sell 0.01 EURUSD at 1.14297 was modified -> sl: 1.14715 tp: 1.13215
0	13:47:41.603	'1809640': modify order #42602776 sell 0.01 EURUSD at 1.14329 sl: 1.14751 tp: 1.13244 -> sl: 1.14751 tp: 1.13216
0	13:47:41.993	'1809640': order #42602776 sell 0.01 EURUSD at 1.14329 was modified -> sl: 1.14751 tp: 1.13216
0	13:47:41.993	'1809640': modify order #42603282 sell 0.01 EURUSD at 1.14370 sl: 1.14790 tp: 1.13244 -> sl: 1.14790 tp: 1.13216
0	13:47:42.349	'1809640': order #42603282 sell 0.01 EURUSD at 1.14370 was modified -> sl: 1.14790 tp: 1.13216
0	13:47:42.349	'1809640': modify order #42612681 sell 0.01 EURUSD at 1.14048 sl: 1.14481 tp: 1.13244 -> sl: 1.14481 tp: 1.13216
0	13:47:42.865	'1809640': order #42612681 sell 0.01 EURUSD at 1.14048 was modified -> sl: 1.14481 tp: 1.13216
0	13:47:42.865	'1809640': modify order #42613713 sell 0.01 EURUSD at 1.13714 sl: 1.14137 tp: 1.13244 -> sl: 1.14137 tp: 1.13217
0	13:47:43.222	'1809640': order #42613713 sell 0.01 EURUSD at 1.13714 was modified -> sl: 1.14137 tp: 1.13217
0	13:47:43.222	'1809640': modify order #42614310 sell 0.01 EURUSD at 1.13860 sl: 1.14274 tp: 1.13244 -> sl: 1.14274 tp: 1.13217
0	13:47:43.806	'1809640': order #42614310 sell 0.01 EURUSD at 1.13860 was modified -> sl: 1.14274 tp: 1.13217
0	13:47:43.806	'1809640': modify order #42614577 sell 0.01 EURUSD at 1.13820 sl: 1.14242 tp: 1.13246 -> sl: 1.14242 tp: 1.13217
0	13:47:44.229	'1809640': order #42614577 sell 0.01 EURUSD at 1.13820 was modified -> sl: 1.14242 tp: 1.13217
0	14:00:17.964	'1809640': order sell market 0.01 EURUSD sl: 1.14167 tp: 1.13365
0	14:00:18.386	'1809640': order was opened : #42617229 sell 0.01 EURUSD at 1.13747 sl: 1.14167 tp: 1.13365
0	15:00:23.600	'1809640': order sell market 0.01 EURUSD sl: 1.14283 tp: 1.13632
0	15:00:24.127	'1809640': order was opened : #42619509 sell 0.01 EURUSD at 1.13865 sl: 1.14283 tp: 1.13632
0	15:03:24.363	'1809640': modify order #42619509 sell 0.01 EURUSD at 1.13865 sl: 1.14283 tp: 1.13632 -> sl: 1.14283 tp: 1.13629
0	15:03:24.768	'1809640': order #42619509 sell 0.01 EURUSD at 1.13865 was modified -> sl: 1.14283 tp: 1.13629
0	15:07:51.825	'1809640': modify order #42619509 sell 0.01 EURUSD at 1.13865 sl: 1.14283 tp: 1.13629 -> sl: 1.14283 tp: 1.13625
0	15:07:52.314	'1809640': order #42619509 sell 0.01 EURUSD at 1.13865 was modified -> sl: 1.14283 tp: 1.13625
0	15:09:43.314	'1809640': modify order #42619509 sell 0.01 EURUSD at 1.13865 sl: 1.14283 tp: 1.13625 -> sl: 1.14283 tp: 1.13624
0	15:09:43.882	'1809640': order #42619509 sell 0.01 EURUSD at 1.13865 was modified -> sl: 1.14283 tp: 1.13624
0	15:11:33.035	'1809640': modify order #42619509 sell 0.01 EURUSD at 1.13865 sl: 1.14283 tp: 1.13624 -> sl: 1.14283 tp: 1.13616
0	15:11:33.566	'1809640': order #42619509 sell 0.01 EURUSD at 1.13865 was modified -> sl: 1.14283 tp: 1.13616
0	15:12:31.054	'1809640': modify order #42619509 sell 0.01 EURUSD at 1.13865 sl: 1.14283 tp: 1.13616 -> sl: 1.14283 tp: 1.13613
0	15:12:31.541	'1809640': order #42619509 sell 0.01 EURUSD at 1.13865 was modified -> sl: 1.14283 tp: 1.13613
0	15:15:16.762	'1809640': modify order #42619509 sell 0.01 EURUSD at 1.13865 sl: 1.14283 tp: 1.13613 -> sl: 1.14283 tp: 1.13610
0	15:15:17.118	'1809640': order #42619509 sell 0.01 EURUSD at 1.13865 was modified -> sl: 1.14283 tp: 1.13610
0	15:15:45.936	'1809640': modify order #42619509 sell 0.01 EURUSD at 1.13865 sl: 1.14283 tp: 1.13610 -> sl: 1.14283 tp: 1.13598
0	15:15:46.423	'1809640': order #42619509 sell 0.01 EURUSD at 1.13865 was modified -> sl: 1.14283 tp: 1.13598
0	15:16:43.751	'1809640': modify order #42619509 sell 0.01 EURUSD at 1.13865 sl: 1.14283 tp: 1.13598 -> sl: 1.14283 tp: 1.13588
0	15:16:44.242	'1809640': order #42619509 sell 0.01 EURUSD at 1.13865 was modified -> sl: 1.14283 tp: 1.13588
0	15:17:31.309	'1809640': modify order #42619509 sell 0.01 EURUSD at 1.13865 sl: 1.14283 tp: 1.13588 -> sl: 1.14283 tp: 1.13587
0	15:17:32.040	'1809640': order #42619509 sell 0.01 EURUSD at 1.13865 was modified -> sl: 1.14283 tp: 1.13587
0	15:18:37.421	'1809640': modify order #42619509 sell 0.01 EURUSD at 1.13865 sl: 1.14283 tp: 1.13587 -> sl: 1.14283 tp: 1.13586
0	15:18:38.134	'1809640': order #42619509 sell 0.01 EURUSD at 1.13865 was modified -> sl: 1.14283 tp: 1.13586
0	15:21:01.603	'1809640': modify order #42619509 sell 0.01 EURUSD at 1.13865 sl: 1.14283 tp: 1.13586 -> sl: 1.14283 tp: 1.13559
0	15:21:02.045	'1809640': order #42619509 sell 0.01 EURUSD at 1.13865 was modified -> sl: 1.14283 tp: 1.13559
0	15:24:49.943	'1809640': order #42613713 sell 0.01 EURUSD at 1.13714 closed due stop-loss at price 1.14137
0	15:25:17.107	'1809640': order sell market 0.01 EURUSD sl: 1.14506 tp: 1.13645
0	15:25:17.452	'1809640': order was opened : #42620587 sell 0.01 EURUSD at 1.14085 sl: 1.14506 tp: 1.13645
0	15:25:19.407	'1809640': modify order #42619509 sell 0.01 EURUSD at 1.13865 sl: 1.14283 tp: 1.13559 -> sl: 1.14283 tp: 1.13552
0	15:25:19.934	'1809640': order #42619509 sell 0.01 EURUSD at 1.13865 was modified -> sl: 1.14283 tp: 1.13552
0	15:27:10.446	'1809640': modify order #42619509 sell 0.01 EURUSD at 1.13865 sl: 1.14283 tp: 1.13552 -> sl: 1.14283 tp: 1.13548
0	15:27:11.054	'1809640': order #42619509 sell 0.01 EURUSD at 1.13865 was modified -> sl: 1.14283 tp: 1.13548
0	15:27:11.054	'1809640': modify order #42620587 sell 0.01 EURUSD at 1.14085 sl: 1.14506 tp: 1.13645 -> sl: 1.14506 tp: 1.13621
0	15:27:11.629	'1809640': order #42620587 sell 0.01 EURUSD at 1.14085 was modified -> sl: 1.14506 tp: 1.13621
0	15:27:21.812	'1809640': modify order #42620587 sell 0.01 EURUSD at 1.14085 sl: 1.14506 tp: 1.13621 -> sl: 1.14506 tp: 1.13614
0	15:27:22.302	'1809640': order #42620587 sell 0.01 EURUSD at 1.14085 was modified -> sl: 1.14506 tp: 1.13614
0	15:28:41.734	'1809640': modify order #42620587 sell 0.01 EURUSD at 1.14085 sl: 1.14506 tp: 1.13614 -> sl: 1.14506 tp: 1.13582
0	15:28:42.180	'1809640': order #42620587 sell 0.01 EURUSD at 1.14085 was modified -> sl: 1.14506 tp: 1.13582
0	15:29:30.534	'1809640': modify order #42620587 sell 0.01 EURUSD at 1.14085 sl: 1.14506 tp: 1.13582 -> sl: 1.14506 tp: 1.13562
0	15:29:31.105	'1809640': order #42620587 sell 0.01 EURUSD at 1.14085 was modified -> sl: 1.14506 tp: 1.13562
0	15:44:32.816	'1809640': modify order #42620587 sell 0.01 EURUSD at 1.14085 sl: 1.14506 tp: 1.13562 -> sl: 1.14506 tp: 1.13547
0	15:44:33.336	'1809640': order #42620587 sell 0.01 EURUSD at 1.14085 was modified -> sl: 1.14506 tp: 1.13547
0	15:57:24.338	'1809640': order #42617229 sell 0.01 EURUSD at 1.13747 closed due stop-loss at price 1.14167
0	15:58:23.257	'1809640': order buy market 0.01 EURUSD sl: 1.13735 tp: 1.14222
0	15:58:23.826	'1809640': order was opened : #42621221 buy 0.01 EURUSD at 1.14158 sl: 1.13735 tp: 1.14222
0	16:00:23.272	'1809640': modify order #42621221 buy 0.01 EURUSD at 1.14158 sl: 1.13735 tp: 1.14222 -> sl: 1.13735 tp: 1.14255
0	16:00:23.629	'1809640': order #42621221 buy 0.01 EURUSD at 1.14158 was modified -> sl: 1.13735 tp: 1.14255
0	16:06:22.201	'1809640': modify order #42621221 buy 0.01 EURUSD at 1.14158 sl: 1.13735 tp: 1.14255 -> sl: 1.13735 tp: 1.14259
0	16:06:22.846	'1809640': order #42621221 buy 0.01 EURUSD at 1.14158 was modified -> sl: 1.13735 tp: 1.14259
0	16:08:51.194	'1809640': modify order #42621221 buy 0.01 EURUSD at 1.14158 sl: 1.13735 tp: 1.14259 -> sl: 1.13735 tp: 1.14260
0	16:08:51.636	'1809640': order #42621221 buy 0.01 EURUSD at 1.14158 was modified -> sl: 1.13735 tp: 1.14260
0	16:10:17.079	'1809640': modify order #42621221 buy 0.01 EURUSD at 1.14158 sl: 1.13735 tp: 1.14260 -> sl: 1.13735 tp: 1.14276
0	16:10:17.516	'1809640': order #42621221 buy 0.01 EURUSD at 1.14158 was modified -> sl: 1.13735 tp: 1.14276
0	16:11:48.506	'1809640': modify order #42621221 buy 0.01 EURUSD at 1.14158 sl: 1.13735 tp: 1.14276 -> sl: 1.13735 tp: 1.14277
0	16:11:48.880	'1809640': order #42621221 buy 0.01 EURUSD at 1.14158 was modified -> sl: 1.13735 tp: 1.14277
0	16:15:44.161	'1809640': modify order #42621221 buy 0.01 EURUSD at 1.14158 sl: 1.13735 tp: 1.14277 -> sl: 1.13735 tp: 1.14285
0	16:15:44.725	'1809640': order #42621221 buy 0.01 EURUSD at 1.14158 was modified -> sl: 1.13735 tp: 1.14285
0	16:20:13.535	'1809640': modify order #42621221 buy 0.01 EURUSD at 1.14158 sl: 1.13735 tp: 1.14285 -> sl: 1.13735 tp: 1.14286
0	16:20:13.918	'1809640': order #42621221 buy 0.01 EURUSD at 1.14158 was modified -> sl: 1.13735 tp: 1.14286
0	16:21:25.131	'1809640': modify order #42621221 buy 0.01 EURUSD at 1.14158 sl: 1.13735 tp: 1.14286 -> sl: 1.13735 tp: 1.14287
0	16:21:25.573	'1809640': order #42621221 buy 0.01 EURUSD at 1.14158 was modified -> sl: 1.13735 tp: 1.14287
0	16:22:32.334	'1809640': modify order #42621221 buy 0.01 EURUSD at 1.14158 sl: 1.13735 tp: 1.14287 -> sl: 1.13735 tp: 1.14288
0	16:22:32.926	'1809640': order #42621221 buy 0.01 EURUSD at 1.14158 was modified -> sl: 1.13735 tp: 1.14288
0	16:23:46.090	'1809640': modify order #42621221 buy 0.01 EURUSD at 1.14158 sl: 1.13735 tp: 1.14288 -> sl: 1.13735 tp: 1.14289
0	16:23:46.767	'1809640': order #42621221 buy 0.01 EURUSD at 1.14158 was modified -> sl: 1.13735 tp: 1.14289
0	16:24:20.540	'1809640': modify order #42621221 buy 0.01 EURUSD at 1.14158 sl: 1.13735 tp: 1.14289 -> sl: 1.13735 tp: 1.14293
0	16:24:20.893	'1809640': order #42621221 buy 0.01 EURUSD at 1.14158 was modified -> sl: 1.13735 tp: 1.14293
0	16:25:37.911	'1809640': modify order #42621221 buy 0.01 EURUSD at 1.14158 sl: 1.13735 tp: 1.14293 -> sl: 1.13735 tp: 1.14300
0	16:25:38.332	'1809640': order #42621221 buy 0.01 EURUSD at 1.14158 was modified -> sl: 1.13735 tp: 1.14300
0	16:30:12.037	'1809640': modify order #42621221 buy 0.01 EURUSD at 1.14158 sl: 1.13735 tp: 1.14300 -> sl: 1.13735 tp: 1.14306
0	16:30:12.418	'1809640': order #42621221 buy 0.01 EURUSD at 1.14158 was modified -> sl: 1.13735 tp: 1.14306
0	16:31:53.727	'1809640': modify order #42621221 buy 0.01 EURUSD at 1.14158 sl: 1.13735 tp: 1.14306 -> sl: 1.13735 tp: 1.14307
0	16:31:54.348	'1809640': order #42621221 buy 0.01 EURUSD at 1.14158 was modified -> sl: 1.13735 tp: 1.14307
0	16:32:34.704	'1809640': modify order #42621221 buy 0.01 EURUSD at 1.14158 sl: 1.13735 tp: 1.14307 -> sl: 1.13735 tp: 1.14308
0	16:32:35.073	'1809640': order #42621221 buy 0.01 EURUSD at 1.14158 was modified -> sl: 1.13735 tp: 1.14308
0	16:34:05.326	'1809640': modify order #42621221 buy 0.01 EURUSD at 1.14158 sl: 1.13735 tp: 1.14308 -> sl: 1.13735 tp: 1.14309
0	16:34:05.817	'1809640': order #42621221 buy 0.01 EURUSD at 1.14158 was modified -> sl: 1.13735 tp: 1.14309
0	16:35:37.880	'1809640': modify order #42621221 buy 0.01 EURUSD at 1.14158 sl: 1.13735 tp: 1.14309 -> sl: 1.13735 tp: 1.14318
0	16:35:38.421	'1809640': order #42621221 buy 0.01 EURUSD at 1.14158 was modified -> sl: 1.13735 tp: 1.14318
0	16:57:35.407	'1809640': modify order #42620587 sell 0.01 EURUSD at 1.14085 sl: 1.14506 tp: 1.13547 -> sl: 1.14506 tp: 1.13542
0	16:57:35.954	'1809640': order #42620587 sell 0.01 EURUSD at 1.14085 was modified -> sl: 1.14506 tp: 1.13542
0	16:58:34.250	'1809640': modify order #42620587 sell 0.01 EURUSD at 1.14085 sl: 1.14506 tp: 1.13542 -> sl: 1.14506 tp: 1.13523
0	16:58:34.829	'1809640': order #42620587 sell 0.01 EURUSD at 1.14085 was modified -> sl: 1.14506 tp: 1.13523
0	17:05:28.433	'1809640': modify order #42620587 sell 0.01 EURUSD at 1.14085 sl: 1.14506 tp: 1.13523 -> sl: 1.14506 tp: 1.13501
0	17:05:28.855	'1809640': order #42620587 sell 0.01 EURUSD at 1.14085 was modified -> sl: 1.14506 tp: 1.13501
0	17:06:16.635	'1809640': modify order #42620587 sell 0.01 EURUSD at 1.14085 sl: 1.14506 tp: 1.13501 -> sl: 1.14506 tp: 1.13492
0	17:06:16.971	'1809640': order #42620587 sell 0.01 EURUSD at 1.14085 was modified -> sl: 1.14506 tp: 1.13492
0	17:07:21.389	'1809640': modify order #42620587 sell 0.01 EURUSD at 1.14085 sl: 1.14506 tp: 1.13492 -> sl: 1.14506 tp: 1.13485
0	17:07:21.656	'1809640': order #42620587 sell 0.01 EURUSD at 1.14085 was modified -> sl: 1.14506 tp: 1.13485
0	17:09:49.107	'1809640': modify order #42620587 sell 0.01 EURUSD at 1.14085 sl: 1.14506 tp: 1.13485 -> sl: 1.14506 tp: 1.13449
0	17:09:49.862	'1809640': order #42620587 sell 0.01 EURUSD at 1.14085 was modified -> sl: 1.14506 tp: 1.13449
0	17:18:16.039	'1809640': modify order #42620587 sell 0.01 EURUSD at 1.14085 sl: 1.14506 tp: 1.13449 -> sl: 1.14506 tp: 1.13445
0	17:18:16.424	'1809640': order #42620587 sell 0.01 EURUSD at 1.14085 was modified -> sl: 1.14506 tp: 1.13445
0	17:46:33.679	'1809640': modify order #42620587 sell 0.01 EURUSD at 1.14085 sl: 1.14506 tp: 1.13445 -> sl: 1.14506 tp: 1.13443
0	17:46:34.331	'1809640': order #42620587 sell 0.01 EURUSD at 1.14085 was modified -> sl: 1.14506 tp: 1.13443
0	17:50:56.043	'1809640': modify order #42620587 sell 0.01 EURUSD at 1.14085 sl: 1.14506 tp: 1.13443 -> sl: 1.14506 tp: 1.13433
0	17:50:56.626	'1809640': order #42620587 sell 0.01 EURUSD at 1.14085 was modified -> sl: 1.14506 tp: 1.13433
0	17:51:32.126	'1809640': modify order #42620587 sell 0.01 EURUSD at 1.14085 sl: 1.14506 tp: 1.13433 -> sl: 1.14506 tp: 1.13409
0	17:51:32.370	'1809640': order #42620587 sell 0.01 EURUSD at 1.14085 was modified -> sl: 1.14506 tp: 1.13409
0	17:53:29.623	'1809640': modify order #42620587 sell 0.01 EURUSD at 1.14085 sl: 1.14506 tp: 1.13409 -> sl: 1.14506 tp: 1.13394
0	17:53:29.862	'1809640': order #42620587 sell 0.01 EURUSD at 1.14085 was modified -> sl: 1.14506 tp: 1.13394
0	17:56:19.494	'1809640': modify order #42620587 sell 0.01 EURUSD at 1.14085 sl: 1.14506 tp: 1.13394 -> sl: 1.14506 tp: 1.13385
0	17:56:19.804	'1809640': order #42620587 sell 0.01 EURUSD at 1.14085 was modified -> sl: 1.14506 tp: 1.13385
0	17:57:14.963	'1809640': modify order #42620587 sell 0.01 EURUSD at 1.14085 sl: 1.14506 tp: 1.13385 -> sl: 1.14506 tp: 1.13373
0	17:57:15.368	'1809640': order #42620587 sell 0.01 EURUSD at 1.14085 was modified -> sl: 1.14506 tp: 1.13373
0	17:59:04.477	'1809640': modify order #42620587 sell 0.01 EURUSD at 1.14085 sl: 1.14506 tp: 1.13373 -> sl: 1.14506 tp: 1.13354
0	17:59:04.968	'1809640': order #42620587 sell 0.01 EURUSD at 1.14085 was modified -> sl: 1.14506 tp: 1.13354
0	18:01:26.612	'1809640': order buy market 0.01 EURUSD sl: 1.13390 tp: 1.14249
0	18:01:27.116	'1809640': order was opened : #42624735 buy 0.01 EURUSD at 1.13809 sl: 1.13390 tp: 1.14249
0	18:01:29.632	'1809640': modify order #42620587 sell 0.01 EURUSD at 1.14085 sl: 1.14506 tp: 1.13354 -> sl: 1.14506 tp: 1.13349
0	18:01:30.175	'1809640': order #42620587 sell 0.01 EURUSD at 1.14085 was modified -> sl: 1.14506 tp: 1.13349
0	18:01:30.175	'1809640': modify order #42624735 buy 0.01 EURUSD at 1.13809 sl: 1.13390 tp: 1.14249 -> sl: 1.13390 tp: 1.14250
0	18:01:30.727	'1809640': order #42624735 buy 0.01 EURUSD at 1.13809 was modified -> sl: 1.13390 tp: 1.14250
0	18:02:25.101	'1809640': modify order #42620587 sell 0.01 EURUSD at 1.14085 sl: 1.14506 tp: 1.13349 -> sl: 1.14506 tp: 1.13331
0	18:02:25.640	'1809640': order #42620587 sell 0.01 EURUSD at 1.14085 was modified -> sl: 1.14506 tp: 1.13331
0	18:02:57.091	'1809640': order #42621221 buy 0.01 EURUSD at 1.14158 closed due stop-loss at price 1.13735
0	18:03:17.507	'1809640': modify order #42620587 sell 0.01 EURUSD at 1.14085 sl: 1.14506 tp: 1.13331 -> sl: 1.14506 tp: 1.13292
0	18:03:18.030	'1809640': order #42620587 sell 0.01 EURUSD at 1.14085 was modified -> sl: 1.14506 tp: 1.13292
0	18:24:51.801	'1809640': modify order #42624735 buy 0.01 EURUSD at 1.13809 sl: 1.13390 tp: 1.14250 -> sl: 1.13390 tp: 1.14264
0	18:24:52.402	'1809640': order #42624735 buy 0.01 EURUSD at 1.13809 was modified -> sl: 1.13390 tp: 1.14264
0	18:26:40.592	'1809640': modify order #42624735 buy 0.01 EURUSD at 1.13809 sl: 1.13390 tp: 1.14264 -> sl: 1.13390 tp: 1.14294
0	18:26:40.937	'1809640': order #42624735 buy 0.01 EURUSD at 1.13809 was modified -> sl: 1.13390 tp: 1.14294
0	18:32:50.804	'1809640': modify order #42624735 buy 0.01 EURUSD at 1.13809 sl: 1.13390 tp: 1.14294 -> sl: 1.13390 tp: 1.14305
0	18:32:51.121	'1809640': order #42624735 buy 0.01 EURUSD at 1.13809 was modified -> sl: 1.13390 tp: 1.14305
0	18:34:05.377	'1809640': modify order #42624735 buy 0.01 EURUSD at 1.13809 sl: 1.13390 tp: 1.14305 -> sl: 1.13390 tp: 1.14310
0	18:34:06.010	'1809640': order #42624735 buy 0.01 EURUSD at 1.13809 was modified -> sl: 1.13390 tp: 1.14310
0	18:47:33.723	'1809640': modify order #42624735 buy 0.01 EURUSD at 1.13809 sl: 1.13390 tp: 1.14310 -> sl: 1.13390 tp: 1.14315
0	18:47:34.133	'1809640': order #42624735 buy 0.01 EURUSD at 1.13809 was modified -> sl: 1.13390 tp: 1.14315
0	19:00:36.779	'1809640': order buy market 0.01 EURUSD sl: 1.13440 tp: 1.14300
0	19:00:37.290	'1809640': order was opened : #42626051 buy 0.01 EURUSD at 1.13861 sl: 1.13440 tp: 1.14300
0	19:00:37.331	'1809640': modify order #42626051 buy 0.01 EURUSD at 1.13861 sl: 1.13440 tp: 1.14300 -> sl: 1.13440 tp: 1.14302
0	19:00:37.748	'1809640': order #42626051 buy 0.01 EURUSD at 1.13861 was modified -> sl: 1.13440 tp: 1.14302
0	20:00:13.297	'1809640': order buy market 0.01 EURUSD sl: 1.13357 tp: 1.13879
0	20:00:13.674	'1809640': order was opened : #42627035 buy 0.01 EURUSD at 1.13778 sl: 1.13357 tp: 1.13879
0	20:11:21.033	'1809640': modify order #42627035 buy 0.01 EURUSD at 1.13778 sl: 1.13357 tp: 1.13879 -> sl: 1.13357 tp: 1.13920
0	20:11:21.483	'1809640': order #42627035 buy 0.01 EURUSD at 1.13778 was modified -> sl: 1.13357 tp: 1.13920
0	20:59:13.319	'1809640': modify order #42627035 buy 0.01 EURUSD at 1.13778 sl: 1.13357 tp: 1.13920 -> sl: 1.13357 tp: 1.13958
0	20:59:13.701	'1809640': order #42627035 buy 0.01 EURUSD at 1.13778 was modified -> sl: 1.13357 tp: 1.13958
0	21:02:21.925	'1809640': order buy market 0.01 EURUSD sl: 1.13493 tp: 1.14437
0	21:02:22.327	'1809640': order was opened : #42628486 buy 0.01 EURUSD at 1.13997 sl: 1.13493 tp: 1.14437
0	21:02:22.594	'1809640': modify order #42624735 buy 0.01 EURUSD at 1.13809 sl: 1.13390 tp: 1.14315 -> sl: 1.13390 tp: 1.14452
0	21:02:23.053	'1809640': order #42624735 buy 0.01 EURUSD at 1.13809 was modified -> sl: 1.13390 tp: 1.14452
0	21:02:23.107	'1809640': modify order #42626051 buy 0.01 EURUSD at 1.13861 sl: 1.13440 tp: 1.14302 -> sl: 1.13440 tp: 1.14447
0	21:02:23.532	'1809640': order #42626051 buy 0.01 EURUSD at 1.13861 was modified -> sl: 1.13440 tp: 1.14447
0	21:02:23.544	'1809640': modify order #42627035 buy 0.01 EURUSD at 1.13778 sl: 1.13357 tp: 1.13958 -> sl: 1.13357 tp: 1.14227
0	21:02:23.888	'1809640': order #42627035 buy 0.01 EURUSD at 1.13778 was modified -> sl: 1.13357 tp: 1.14227
0	21:02:23.967	'1809640': modify order #42628486 buy 0.01 EURUSD at 1.13997 sl: 1.13493 tp: 1.14437 -> sl: 1.13493 tp: 1.14463
0	21:02:24.312	'1809640': order #42628486 buy 0.01 EURUSD at 1.13997 was modified -> sl: 1.13493 tp: 1.14463
0	22:01:17.190	'1809640': order buy market 0.01 EURUSD sl: 1.13384 tp: 1.14253
0	22:01:17.567	'1809640': order was opened : #42629785 buy 0.01 EURUSD at 1.13813 sl: 1.13384 tp: 1.14253
0	22:01:18.475	'1809640': modify order #42629785 buy 0.01 EURUSD at 1.13813 sl: 1.13384 tp: 1.14253 -> sl: 1.13384 tp: 1.14254
0	22:01:18.858	'1809640': order #42629785 buy 0.01 EURUSD at 1.13813 was modified -> sl: 1.13384 tp: 1.14254
0	22:18:25.415	'1809640': modify order #42629785 buy 0.01 EURUSD at 1.13813 sl: 1.13384 tp: 1.14254 -> sl: 1.13384 tp: 1.14255
0	22:18:25.861	'1809640': order #42629785 buy 0.01 EURUSD at 1.13813 was modified -> sl: 1.13384 tp: 1.14255
0	23:18:26.798	'1809640': order sell market 0.01 EURUSD sl: 1.14155 tp: 1.13292
0	23:18:27.174	'1809640': order was opened : #42630932 sell 0.01 EURUSD at 1.13732 sl: 1.14155 tp: 1.13292
0	23:25:23.955	'1809640': modify order #42620587 sell 0.01 EURUSD at 1.14085 sl: 1.14506 tp: 1.13292 -> sl: 1.14506 tp: 1.13270
0	23:25:24.361	'1809640': order #42620587 sell 0.01 EURUSD at 1.14085 was modified -> sl: 1.14506 tp: 1.13270
0	23:25:24.381	'1809640': modify order #42630932 sell 0.01 EURUSD at 1.13732 sl: 1.14155 tp: 1.13292 -> sl: 1.14155 tp: 1.13270
0	23:25:24.705	'1809640': order #42630932 sell 0.01 EURUSD at 1.13732 was modified -> sl: 1.14155 tp: 1.13270
0	23:43:28.601	'1809640': modify order #42620587 sell 0.01 EURUSD at 1.14085 sl: 1.14506 tp: 1.13270 -> sl: 1.14506 tp: 1.13242
0	23:43:29.002	'1809640': order #42620587 sell 0.01 EURUSD at 1.14085 was modified -> sl: 1.14506 tp: 1.13242
0	23:43:29.035	'1809640': modify order #42630932 sell 0.01 EURUSD at 1.13732 sl: 1.14155 tp: 1.13270 -> sl: 1.14155 tp: 1.13242
0	23:43:29.384	'1809640': order #42630932 sell 0.01 EURUSD at 1.13732 was modified -> sl: 1.14155 tp: 1.13242
0	23:46:59.788	'1809640': modify order #42620587 sell 0.01 EURUSD at 1.14085 sl: 1.14506 tp: 1.13242 -> sl: 1.14506 tp: 1.13235
0	23:47:00.146	'1809640': order #42620587 sell 0.01 EURUSD at 1.14085 was modified -> sl: 1.14506 tp: 1.13235
0	23:47:00.182	'1809640': modify order #42630932 sell 0.01 EURUSD at 1.13732 sl: 1.14155 tp: 1.13242 -> sl: 1.14155 tp: 1.13235
0	23:47:00.565	'1809640': order #42630932 sell 0.01 EURUSD at 1.13732 was modified -> sl: 1.14155 tp: 1.13235
0	23:47:26.815	'1809640': modify order #42620587 sell 0.01 EURUSD at 1.14085 sl: 1.14506 tp: 1.13235 -> sl: 1.14506 tp: 1.13234
0	23:47:27.195	'1809640': order #42620587 sell 0.01 EURUSD at 1.14085 was modified -> sl: 1.14506 tp: 1.13234
0	23:47:27.211	'1809640': modify order #42630932 sell 0.01 EURUSD at 1.13732 sl: 1.14155 tp: 1.13235 -> sl: 1.14155 tp: 1.13232
0	23:47:27.596	'1809640': order #42630932 sell 0.01 EURUSD at 1.13732 was modified -> sl: 1.14155 tp: 1.13232
