2	00:30:21.451	Expert EA31337 EURUSD,M1: removed
2	00:30:22.759	Expert EA31337 EURUSD,M1: loaded successfully
2	00:30:43.625	Expert EA31337 EURUSD,M1: removed
2	00:31:56.315	Expert EA31337 EURUSD,M1: loaded successfully
1	06:48:27.256	'1809640': connect failed [No connection]
0	06:48:57.296	'1809640': login on Tripleafx-FX-Demo through FX-Demo-01
0	06:49:15.213	'1809640': ping to current access point FX-Demo-01 is 127.31 ms
1	06:49:47.159	MQL4 Market: failed to load products
0	08:04:23.969	'1809640': modify order #38741720 buy 0.01 EURUSD at 1.10281 sl: 1.09855 tp: 2.20629 -> sl: 1.09855 tp: 2.20661
0	08:04:24.788	'1809640': order #38741720 buy 0.01 EURUSD at 1.10281 was modified -> sl: 1.09855 tp: 2.20661
0	08:06:57.361	'1809640': order #38743630 sell 0.01 EURUSD at 1.09937 closed due stop-loss at price 1.10359
0	08:06:57.361	'1809640': order #38743631 sell 0.01 EURUSD at 1.09937 closed due stop-loss at price 1.10359
0	08:06:57.427	'1809640': order #38743632 sell 0.01 EURUSD at 1.09937 closed due stop-loss at price 1.10359
0	08:07:16.849	'1809640': modify order #38741720 buy 0.01 EURUSD at 1.10281 sl: 1.09855 tp: 2.20661 -> sl: 1.09855 tp: 2.20707
0	08:07:17.501	'1809640': order #38741720 buy 0.01 EURUSD at 1.10281 was modified -> sl: 1.09855 tp: 2.20707
0	12:30:34.430	'1809640': close order #38736931 sell 0.01 EURUSD at 1.10672 sl: 1.11095 tp: 0.00000 at price 0.00000
0	12:30:35.570	'1809640': order #38736931 sell 0.01 EURUSD at 1.10672 sl: 1.11095 tp: 0.00000 closed at price 1.09952
0	12:31:49.522	'1809640': order #38741720 buy 0.01 EURUSD at 1.10281 closed due stop-loss at price 1.09855
0	12:33:42.808	'1809640': close order #38736937 sell 0.01 EURUSD at 1.10666 sl: 1.11090 tp: 0.00000 at price 0.00000
0	12:33:46.749	'1809640': order #38736937 sell 0.01 EURUSD at 1.10666 sl: 1.11090 tp: 0.00000 closed at price 1.09800
0	12:36:46.771	'1809640': close order #38710550 buy 0.01 EURUSD at 1.09848 sl: 1.09424 tp: 1.11164 at price 0.00000
0	12:36:48.207	'1809640': order #38710550 buy 0.01 EURUSD at 1.09848 sl: 1.09424 tp: 1.11164 closed at price 1.09847
0	12:38:15.903	'1809640': close order #38710555 buy 0.01 EURUSD at 1.09849 sl: 1.09425 tp: 2.21435 at price 0.00000
0	12:38:20.628	'1809640': order #38710555 buy 0.01 EURUSD at 1.09849 sl: 1.09425 tp: 2.21435 closed at price 1.09872
0	13:01:31.195	'1809640': order #38706838 buy 0.01 EURUSD at 1.10051 closed due stop-loss at price 1.09627
0	13:01:31.195	'1809640': order #38707211 buy 0.01 EURUSD at 1.10042 closed due stop-loss at price 1.09604
0	13:01:31.195	'1809640': order #38707212 buy 0.01 EURUSD at 1.10043 closed due stop-loss at price 1.09604
0	13:01:31.195	'1809640': order #38707213 buy 0.01 EURUSD at 1.10043 closed due stop-loss at price 1.09604
0	13:01:31.195	'1809640': order #38707215 buy 0.01 EURUSD at 1.10043 closed due stop-loss at price 1.09604
0	13:01:31.195	'1809640': order #38707216 buy 0.01 EURUSD at 1.10043 closed due stop-loss at price 1.09604
0	13:02:28.013	'1809640': order sell market 0.01 EURUSD sl: 1.10066 tp: 0.00000
0	13:02:32.290	'1809640': order was opened : #38775553 sell 0.01 EURUSD at 1.09649 sl: 1.10066 tp: 0.00000
0	13:07:25.458	'1809640': order sell market 0.01 EURUSD sl: 1.10102 tp: 0.00000
0	13:07:26.338	'1809640': order was opened : #38775769 sell 0.01 EURUSD at 1.09681 sl: 1.10102 tp: 0.00000
0	13:11:29.079	'1809640': order sell market 0.01 EURUSD sl: 1.10114 tp: 0.00000
0	13:11:30.187	'1809640': order was opened : #38775915 sell 0.01 EURUSD at 1.09694 sl: 1.10114 tp: 0.00000
0	13:15:35.646	'1809640': order sell market 0.01 EURUSD sl: 1.10090 tp: 0.00000
0	13:15:39.299	'1809640': order was opened : #38776013 sell 0.01 EURUSD at 1.09661 sl: 1.10090 tp: 0.00000
0	13:20:27.124	'1809640': order #38706597 buy 0.01 EURUSD at 1.10025 closed due stop-loss at price 1.09587
0	13:21:31.897	'1809640': order sell market 0.01 EURUSD sl: 1.09999 tp: 0.00000
0	13:21:32.939	'1809640': order was opened : #38776373 sell 0.01 EURUSD at 1.09583 sl: 1.09999 tp: 0.00000
0	13:48:45.536	'1809640': order #38710042 buy 0.01 EURUSD at 1.09955 closed due stop-loss at price 1.09530
0	13:48:45.536	'1809640': order #38710050 buy 0.01 EURUSD at 1.09955 closed due stop-loss at price 1.09529
0	13:48:45.536	'1809640': order #38710053 buy 0.01 EURUSD at 1.09955 closed due stop-loss at price 1.09529
0	13:48:45.536	'1809640': order #38710319 buy 0.01 EURUSD at 1.09951 closed due stop-loss at price 1.09529
0	13:49:27.938	'1809640': order sell market 0.01 EURUSD sl: 1.09929 tp: 0.00000
0	13:49:32.916	'1809640': order was opened : #38777313 sell 0.01 EURUSD at 1.09506 sl: 1.09929 tp: 0.00000
0	13:53:40.974	'1809640': order sell market 0.01 EURUSD sl: 1.09988 tp: 0.00000
0	13:53:41.820	'1809640': order was opened : #38777560 sell 0.01 EURUSD at 1.09570 sl: 1.09988 tp: 0.00000
0	13:57:43.742	'1809640': close order #38738205 sell 0.01 EURUSD at 1.10654 sl: 1.11072 tp: 0.00000 at price 0.00000
0	13:57:44.528	'1809640': order #38738205 sell 0.01 EURUSD at 1.10654 sl: 1.11072 tp: 0.00000 closed at price 1.09623
0	14:00:24.736	'1809640': order sell market 0.01 EURUSD sl: 1.09993 tp: 0.00000
0	14:00:27.710	'1809640': order was opened : #38778003 sell 0.01 EURUSD at 1.09577 sl: 1.09993 tp: 0.00000
0	14:04:48.468	'1809640': order sell market 0.01 EURUSD sl: 1.09998 tp: 0.00000
0	14:05:08.026	'1809640': order was opened : #38778406 sell 0.01 EURUSD at 1.09574 sl: 1.09998 tp: 0.00000
0	14:09:19.548	'1809640': order sell market 0.01 EURUSD sl: 1.10018 tp: 0.00000
0	14:09:20.229	'1809640': order was opened : #38778770 sell 0.01 EURUSD at 1.09597 sl: 1.10018 tp: 0.00000
0	14:18:09.893	'1809640': order #38710384 buy 0.01 EURUSD at 1.09903 closed due stop-loss at price 1.09482
0	14:18:28.480	'1809640': order #38711497 buy 0.01 EURUSD at 1.09890 closed due stop-loss at price 1.09466
0	14:18:43.020	'1809640': order sell market 0.01 EURUSD sl: 1.09855 tp: 0.00000
0	14:18:44.322	'1809640': order was opened : #38779306 sell 0.01 EURUSD at 1.09429 sl: 1.09855 tp: 0.00000
0	14:23:31.759	'1809640': order sell market 0.01 EURUSD sl: 1.09775 tp: 0.00000
0	14:23:34.561	'1809640': order was opened : #38779697 sell 0.01 EURUSD at 1.09352 sl: 1.09775 tp: 0.00000
0	14:35:52.327	'1809640': close order #38737705 sell 0.01 EURUSD at 1.10637 sl: 1.11058 tp: 0.00000 at price 0.00000
0	14:35:54.477	'1809640': order #38737705 sell 0.01 EURUSD at 1.10637 sl: 1.11058 tp: 0.00000 closed at price 1.09704
0	14:36:15.471	'1809640': order sell market 0.01 EURUSD sl: 1.10086 tp: 0.00000
0	14:36:17.522	'1809640': order was opened : #38780458 sell 0.01 EURUSD at 1.09675 sl: 1.10086 tp: 0.00000
0	16:07:42.932	'1809640': close order #38737192 sell 0.01 EURUSD at 1.10553 sl: 1.10973 tp: 0.00000 at price 0.00000
0	16:07:44.601	'1809640': order #38737192 sell 0.01 EURUSD at 1.10553 sl: 1.10973 tp: 0.00000 closed at price 1.09599
0	16:08:35.390	'1809640': order sell market 0.01 EURUSD sl: 1.10034 tp: 0.00000
0	16:08:35.880	'1809640': order was opened : #38784966 sell 0.01 EURUSD at 1.09616 sl: 1.10034 tp: 0.00000
0	23:15:18.769	'1809640': close order #38737195 sell 0.01 EURUSD at 1.10547 sl: 1.10972 tp: 0.00000 at price 0.00000
0	23:15:23.366	'1809640': order #38737195 sell 0.01 EURUSD at 1.10547 sl: 1.10972 tp: 0.00000 closed at price 1.09520
0	23:24:18.095	'1809640': order sell market 0.01 EURUSD sl: 1.09956 tp: 0.00000
0	23:24:19.446	'1809640': order was opened : #38793548 sell 0.01 EURUSD at 1.09529 sl: 1.09956 tp: 0.00000
2	23:37:46.418	Expert EA31337 EURUSD,M1: removed
2	23:37:46.824	Expert EA31337 EURUSD,M1: loaded successfully
2	23:37:52.577	Expert EA31337 EURUSD,M1: removed
2	23:37:56.822	Expert EA31337 EURUSD,M1: loaded successfully
