0	00:15:11.881	'1809640': modify order #43537380 sell 0.01 EURUSD at 1.07363 sl: 1.07784 tp: 1.06769 -> sl: 1.07784 tp: 1.06749
0	00:15:12.303	'1809640': order #43537380 sell 0.01 EURUSD at 1.07363 was modified -> sl: 1.07784 tp: 1.06749
0	00:40:24.605	'1809640': modify order #43537380 sell 0.01 EURUSD at 1.07363 sl: 1.07784 tp: 1.06749 -> sl: 1.07784 tp: 1.06742
0	00:40:24.959	'1809640': order #43537380 sell 0.01 EURUSD at 1.07363 was modified -> sl: 1.07784 tp: 1.06742
0	00:43:10.985	'1809640': modify order #43537380 sell 0.01 EURUSD at 1.07363 sl: 1.07784 tp: 1.06742 -> sl: 1.07784 tp: 1.06732
0	00:43:11.829	'1809640': order #43537380 sell 0.01 EURUSD at 1.07363 was modified -> sl: 1.07784 tp: 1.06732
0	00:44:07.801	'1809640': modify order #43537380 sell 0.01 EURUSD at 1.07363 sl: 1.07784 tp: 1.06732 -> sl: 1.07784 tp: 1.06710
0	00:44:08.475	'1809640': order #43537380 sell 0.01 EURUSD at 1.07363 was modified -> sl: 1.07784 tp: 1.06710
0	00:44:17.519	'1809640': modify order #43537380 sell 0.01 EURUSD at 1.07363 sl: 1.07784 tp: 1.06710 -> sl: 1.07784 tp: 1.06702
0	00:44:18.492	'1809640': order #43537380 sell 0.01 EURUSD at 1.07363 was modified -> sl: 1.07784 tp: 1.06702
0	00:53:55.619	'1809640': order #43531444 buy 0.01 EURUSD at 1.07555 closed due stop-loss at price 1.07135
0	00:55:03.607	'1809640': order sell market 0.01 EURUSD sl: 1.07555 tp: 1.07084
0	00:55:04.160	'1809640': order was opened : #43540434 sell 0.01 EURUSD at 1.07133 sl: 1.07555 tp: 1.07084
0	00:56:42.435	'1809640': modify order #43537380 sell 0.01 EURUSD at 1.07363 sl: 1.07784 tp: 1.06702 -> sl: 1.07784 tp: 1.06700
0	00:56:42.890	'1809640': order #43537380 sell 0.01 EURUSD at 1.07363 was modified -> sl: 1.07784 tp: 1.06700
0	00:58:47.053	'1809640': modify order #43540434 sell 0.01 EURUSD at 1.07133 sl: 1.07555 tp: 1.07084 -> sl: 1.07555 tp: 1.07075
0	00:58:47.735	'1809640': order #43540434 sell 0.01 EURUSD at 1.07133 was modified -> sl: 1.07555 tp: 1.07075
0	01:01:17.091	'1809640': order #43532086 buy 0.01 EURUSD at 1.07546 closed due stop-loss at price 1.07119
0	01:03:06.584	'1809640': modify order #43537380 sell 0.01 EURUSD at 1.07363 sl: 1.07784 tp: 1.06700 -> sl: 1.07784 tp: 1.06678
0	01:03:07.137	'1809640': order #43537380 sell 0.01 EURUSD at 1.07363 was modified -> sl: 1.07784 tp: 1.06678
0	01:03:54.867	'1809640': order buy market 0.01 EURUSD sl: 1.06701 tp: 1.07562
0	01:03:55.256	'1809640': order was opened : #43540694 buy 0.01 EURUSD at 1.07122 sl: 1.06701 tp: 1.07562
0	01:04:26.468	'1809640': order #43531942 buy 0.01 EURUSD at 1.07518 closed due stop-loss at price 1.07097
0	01:04:54.671	'1809640': modify order #43537380 sell 0.01 EURUSD at 1.07363 sl: 1.07784 tp: 1.06678 -> sl: 1.07784 tp: 1.06669
0	01:04:55.552	'1809640': order #43537380 sell 0.01 EURUSD at 1.07363 was modified -> sl: 1.07784 tp: 1.06669
0	01:04:55.584	'1809640': modify order #43540694 buy 0.01 EURUSD at 1.07122 sl: 1.06701 tp: 1.07562 -> sl: 1.06701 tp: 1.07571
0	01:04:56.044	'1809640': order #43540694 buy 0.01 EURUSD at 1.07122 was modified -> sl: 1.06701 tp: 1.07571
0	01:06:24.503	'1809640': modify order #43540434 sell 0.01 EURUSD at 1.07133 sl: 1.07555 tp: 1.07075 -> sl: 1.07555 tp: 1.07049
0	01:06:25.059	'1809640': order #43540434 sell 0.01 EURUSD at 1.07133 was modified -> sl: 1.07555 tp: 1.07049
0	01:06:25.059	'1809640': modify order #43540694 buy 0.01 EURUSD at 1.07122 sl: 1.06701 tp: 1.07571 -> sl: 1.06701 tp: 1.07591
0	01:06:25.581	'1809640': order #43540694 buy 0.01 EURUSD at 1.07122 was modified -> sl: 1.06701 tp: 1.07591
0	01:08:45.211	'1809640': order sell market 0.01 EURUSD sl: 1.07554 tp: 1.06693
0	01:08:46.842	'1809640': order was opened : #43540736 sell 0.01 EURUSD at 1.07133 sl: 1.07554 tp: 1.06693
0	01:08:49.840	'1809640': modify order #43540694 buy 0.01 EURUSD at 1.07122 sl: 1.06701 tp: 1.07591 -> sl: 1.06701 tp: 1.07594
0	01:08:50.302	'1809640': order #43540694 buy 0.01 EURUSD at 1.07122 was modified -> sl: 1.06701 tp: 1.07594
0	01:09:25.566	'1809640': modify order #43540736 sell 0.01 EURUSD at 1.07133 sl: 1.07554 tp: 1.06693 -> sl: 1.07554 tp: 1.06682
0	01:09:26.117	'1809640': order #43540736 sell 0.01 EURUSD at 1.07133 was modified -> sl: 1.07554 tp: 1.06682
0	01:13:14.169	'1809640': modify order #43537380 sell 0.01 EURUSD at 1.07363 sl: 1.07784 tp: 1.06669 -> sl: 1.07784 tp: 1.06667
0	01:13:16.466	'1809640': order #43537380 sell 0.01 EURUSD at 1.07363 was modified -> sl: 1.07784 tp: 1.06667
0	01:13:16.529	'1809640': modify order #43540434 sell 0.01 EURUSD at 1.07133 sl: 1.07555 tp: 1.07049 -> sl: 1.07555 tp: 1.07038
0	01:13:17.114	'1809640': order #43540434 sell 0.01 EURUSD at 1.07133 was modified -> sl: 1.07555 tp: 1.07038
0	01:13:17.179	'1809640': modify order #43540736 sell 0.01 EURUSD at 1.07133 sl: 1.07554 tp: 1.06682 -> sl: 1.07554 tp: 1.06667
0	01:13:17.788	'1809640': order #43540736 sell 0.01 EURUSD at 1.07133 was modified -> sl: 1.07554 tp: 1.06667
0	01:18:21.910	'1809640': modify order #43540434 sell 0.01 EURUSD at 1.07133 sl: 1.07555 tp: 1.07038 -> sl: 1.07555 tp: 1.07031
0	01:18:22.429	'1809640': order #43540434 sell 0.01 EURUSD at 1.07133 was modified -> sl: 1.07555 tp: 1.07031
0	01:37:05.564	'1809640': modify order #43540434 sell 0.01 EURUSD at 1.07133 sl: 1.07555 tp: 1.07031 -> sl: 1.07555 tp: 1.07017
0	01:37:06.217	'1809640': order #43540434 sell 0.01 EURUSD at 1.07133 was modified -> sl: 1.07555 tp: 1.07017
0	01:38:01.261	'1809640': modify order #43540434 sell 0.01 EURUSD at 1.07133 sl: 1.07555 tp: 1.07017 -> sl: 1.07555 tp: 1.07016
0	01:38:01.941	'1809640': order #43540434 sell 0.01 EURUSD at 1.07133 was modified -> sl: 1.07555 tp: 1.07016
0	01:40:51.791	'1809640': modify order #43540694 buy 0.01 EURUSD at 1.07122 sl: 1.06701 tp: 1.07594 -> sl: 1.06701 tp: 1.07603
0	01:40:52.282	'1809640': order #43540694 buy 0.01 EURUSD at 1.07122 was modified -> sl: 1.06701 tp: 1.07603
0	01:49:34.984	'1809640': modify order #43540694 buy 0.01 EURUSD at 1.07122 sl: 1.06701 tp: 1.07603 -> sl: 1.06701 tp: 1.07605
0	01:49:35.540	'1809640': order #43540694 buy 0.01 EURUSD at 1.07122 was modified -> sl: 1.06701 tp: 1.07605
0	01:54:45.453	'1809640': modify order #43540694 buy 0.01 EURUSD at 1.07122 sl: 1.06701 tp: 1.07605 -> sl: 1.06701 tp: 1.07622
0	01:54:46.102	'1809640': order #43540694 buy 0.01 EURUSD at 1.07122 was modified -> sl: 1.06701 tp: 1.07622
0	01:57:49.639	'1809640': modify order #43540694 buy 0.01 EURUSD at 1.07122 sl: 1.06701 tp: 1.07622 -> sl: 1.06701 tp: 1.07631
0	01:57:50.029	'1809640': order #43540694 buy 0.01 EURUSD at 1.07122 was modified -> sl: 1.06701 tp: 1.07631
0	02:00:09.231	'1809640': modify order #43540694 buy 0.01 EURUSD at 1.07122 sl: 1.06701 tp: 1.07631 -> sl: 1.06701 tp: 1.07632
0	02:00:09.738	'1809640': order #43540694 buy 0.01 EURUSD at 1.07122 was modified -> sl: 1.06701 tp: 1.07632
0	02:24:11.399	'1809640': modify order #43540694 buy 0.01 EURUSD at 1.07122 sl: 1.06701 tp: 1.07632 -> sl: 1.06701 tp: 1.07633
0	02:24:12.181	'1809640': order #43540694 buy 0.01 EURUSD at 1.07122 was modified -> sl: 1.06701 tp: 1.07633
0	02:26:14.280	'1809640': modify order #43540694 buy 0.01 EURUSD at 1.07122 sl: 1.06701 tp: 1.07633 -> sl: 1.06701 tp: 1.07663
0	02:26:15.067	'1809640': order #43540694 buy 0.01 EURUSD at 1.07122 was modified -> sl: 1.06701 tp: 1.07663
0	02:30:56.389	'1809640': modify order #43540694 buy 0.01 EURUSD at 1.07122 sl: 1.06701 tp: 1.07663 -> sl: 1.06701 tp: 1.07671
0	02:30:56.746	'1809640': order #43540694 buy 0.01 EURUSD at 1.07122 was modified -> sl: 1.06701 tp: 1.07671
0	02:38:31.851	'1809640': modify order #43540694 buy 0.01 EURUSD at 1.07122 sl: 1.06701 tp: 1.07671 -> sl: 1.06701 tp: 1.07677
0	02:38:32.540	'1809640': order #43540694 buy 0.01 EURUSD at 1.07122 was modified -> sl: 1.06701 tp: 1.07677
0	02:44:14.407	'1809640': modify order #43540694 buy 0.01 EURUSD at 1.07122 sl: 1.06701 tp: 1.07677 -> sl: 1.06701 tp: 1.07679
0	02:44:15.340	'1809640': order #43540694 buy 0.01 EURUSD at 1.07122 was modified -> sl: 1.06701 tp: 1.07679
0	02:48:22.294	'1809640': modify order #43540694 buy 0.01 EURUSD at 1.07122 sl: 1.06701 tp: 1.07679 -> sl: 1.06701 tp: 1.07683
0	02:48:22.748	'1809640': order #43540694 buy 0.01 EURUSD at 1.07122 was modified -> sl: 1.06701 tp: 1.07683
0	02:53:38.337	'1809640': modify order #43540694 buy 0.01 EURUSD at 1.07122 sl: 1.06701 tp: 1.07683 -> sl: 1.06701 tp: 1.07718
0	02:53:38.925	'1809640': order #43540694 buy 0.01 EURUSD at 1.07122 was modified -> sl: 1.06701 tp: 1.07718
0	05:15:04.329	'1809640': modify order #43537380 sell 0.01 EURUSD at 1.07363 sl: 1.07784 tp: 1.06667 -> sl: 1.07784 tp: 1.06656
0	05:15:04.848	'1809640': order #43537380 sell 0.01 EURUSD at 1.07363 was modified -> sl: 1.07784 tp: 1.06656
0	05:15:04.917	'1809640': modify order #43540736 sell 0.01 EURUSD at 1.07133 sl: 1.07554 tp: 1.06667 -> sl: 1.07554 tp: 1.06656
0	05:15:05.306	'1809640': order #43540736 sell 0.01 EURUSD at 1.07133 was modified -> sl: 1.07554 tp: 1.06656
0	06:07:51.162	'1809640': modify order #43540694 buy 0.01 EURUSD at 1.07122 sl: 1.06701 tp: 1.07718 -> sl: 1.06701 tp: 1.07733
0	06:07:51.873	'1809640': order #43540694 buy 0.01 EURUSD at 1.07122 was modified -> sl: 1.06701 tp: 1.07733
0	07:02:20.426	'1809640': modify order #43537380 sell 0.01 EURUSD at 1.07363 sl: 1.07784 tp: 1.06656 -> sl: 1.07784 tp: 1.06633
0	07:02:21.339	'1809640': order #43537380 sell 0.01 EURUSD at 1.07363 was modified -> sl: 1.07784 tp: 1.06633
0	07:02:21.339	'1809640': modify order #43540736 sell 0.01 EURUSD at 1.07133 sl: 1.07554 tp: 1.06656 -> sl: 1.07554 tp: 1.06632
0	07:02:21.761	'1809640': order #43540736 sell 0.01 EURUSD at 1.07133 was modified -> sl: 1.07554 tp: 1.06632
0	07:03:02.633	'1809640': order #43530932 buy 0.01 EURUSD at 1.07477 closed due stop-loss at price 1.07050
0	07:04:31.041	'1809640': modify order #43537380 sell 0.01 EURUSD at 1.07363 sl: 1.07784 tp: 1.06633 -> sl: 1.07784 tp: 1.06615
0	07:04:31.723	'1809640': order #43537380 sell 0.01 EURUSD at 1.07363 was modified -> sl: 1.07784 tp: 1.06615
0	07:04:31.723	'1809640': modify order #43540736 sell 0.01 EURUSD at 1.07133 sl: 1.07554 tp: 1.06632 -> sl: 1.07554 tp: 1.06616
0	07:04:32.311	'1809640': order #43540736 sell 0.01 EURUSD at 1.07133 was modified -> sl: 1.07554 tp: 1.06616
0	07:06:40.206	'1809640': order buy market 0.01 EURUSD sl: 1.06675 tp: 1.07536
0	07:06:41.119	'1809640': order was opened : #43546385 buy 0.01 EURUSD at 1.07096 sl: 1.06675 tp: 1.07536
0	07:08:06.488	'1809640': modify order #43537380 sell 0.01 EURUSD at 1.07363 sl: 1.07784 tp: 1.06615 -> sl: 1.07784 tp: 1.06611
0	07:08:07.104	'1809640': order #43537380 sell 0.01 EURUSD at 1.07363 was modified -> sl: 1.07784 tp: 1.06611
0	07:08:07.430	'1809640': modify order #43540736 sell 0.01 EURUSD at 1.07133 sl: 1.07554 tp: 1.06616 -> sl: 1.07554 tp: 1.06611
0	07:08:08.018	'1809640': order #43540736 sell 0.01 EURUSD at 1.07133 was modified -> sl: 1.07554 tp: 1.06611
0	07:08:13.752	'1809640': modify order #43537380 sell 0.01 EURUSD at 1.07363 sl: 1.07784 tp: 1.06611 -> sl: 1.07784 tp: 1.06609
0	07:08:14.373	'1809640': order #43537380 sell 0.01 EURUSD at 1.07363 was modified -> sl: 1.07784 tp: 1.06609
0	07:08:14.373	'1809640': modify order #43540736 sell 0.01 EURUSD at 1.07133 sl: 1.07554 tp: 1.06611 -> sl: 1.07554 tp: 1.06609
0	07:08:14.759	'1809640': order #43540736 sell 0.01 EURUSD at 1.07133 was modified -> sl: 1.07554 tp: 1.06609
0	07:08:22.124	'1809640': modify order #43537380 sell 0.01 EURUSD at 1.07363 sl: 1.07784 tp: 1.06609 -> sl: 1.07784 tp: 1.06597
0	07:08:22.810	'1809640': order #43537380 sell 0.01 EURUSD at 1.07363 was modified -> sl: 1.07784 tp: 1.06597
0	07:08:22.810	'1809640': modify order #43540736 sell 0.01 EURUSD at 1.07133 sl: 1.07554 tp: 1.06609 -> sl: 1.07554 tp: 1.06597
0	07:08:23.329	'1809640': order #43540736 sell 0.01 EURUSD at 1.07133 was modified -> sl: 1.07554 tp: 1.06597
0	07:11:30.159	'1809640': modify order #43537380 sell 0.01 EURUSD at 1.07363 sl: 1.07784 tp: 1.06597 -> sl: 1.07784 tp: 1.06586
0	07:11:30.707	'1809640': order #43537380 sell 0.01 EURUSD at 1.07363 was modified -> sl: 1.07784 tp: 1.06586
0	07:11:30.707	'1809640': modify order #43540736 sell 0.01 EURUSD at 1.07133 sl: 1.07554 tp: 1.06597 -> sl: 1.07554 tp: 1.06588
0	07:11:31.186	'1809640': order #43540736 sell 0.01 EURUSD at 1.07133 was modified -> sl: 1.07554 tp: 1.06588
0	07:12:07.069	'1809640': order #43530594 buy 0.01 EURUSD at 1.07427 closed due stop-loss at price 1.07003
0	07:13:21.045	'1809640': modify order #43537380 sell 0.01 EURUSD at 1.07363 sl: 1.07784 tp: 1.06586 -> sl: 1.07784 tp: 1.06581
0	07:13:22.088	'1809640': order #43537380 sell 0.01 EURUSD at 1.07363 was modified -> sl: 1.07784 tp: 1.06581
0	07:13:22.153	'1809640': modify order #43540736 sell 0.01 EURUSD at 1.07133 sl: 1.07554 tp: 1.06588 -> sl: 1.07554 tp: 1.06582
0	07:13:22.514	'1809640': order #43540736 sell 0.01 EURUSD at 1.07133 was modified -> sl: 1.07554 tp: 1.06582
0	07:13:42.670	'1809640': order buy market 0.01 EURUSD sl: 1.06619 tp: 1.07353
0	07:13:43.193	'1809640': order was opened : #43546658 buy 0.01 EURUSD at 1.07040 sl: 1.06619 tp: 1.07353
0	07:13:56.290	'1809640': modify order #43537380 sell 0.01 EURUSD at 1.07363 sl: 1.07784 tp: 1.06581 -> sl: 1.07784 tp: 1.06578
0	07:13:57.165	'1809640': order #43537380 sell 0.01 EURUSD at 1.07363 was modified -> sl: 1.07784 tp: 1.06578
0	07:13:57.299	'1809640': modify order #43540736 sell 0.01 EURUSD at 1.07133 sl: 1.07554 tp: 1.06582 -> sl: 1.07554 tp: 1.06578
0	07:13:57.758	'1809640': order #43540736 sell 0.01 EURUSD at 1.07133 was modified -> sl: 1.07554 tp: 1.06578
0	07:13:57.790	'1809640': modify order #43546658 buy 0.01 EURUSD at 1.07040 sl: 1.06619 tp: 1.07353 -> sl: 1.06619 tp: 1.07354
0	07:13:58.180	'1809640': order #43546658 buy 0.01 EURUSD at 1.07040 was modified -> sl: 1.06619 tp: 1.07354
0	07:16:09.112	'1809640': modify order #43546658 buy 0.01 EURUSD at 1.07040 sl: 1.06619 tp: 1.07354 -> sl: 1.06619 tp: 1.07358
0	07:16:09.567	'1809640': order #43546658 buy 0.01 EURUSD at 1.07040 was modified -> sl: 1.06619 tp: 1.07358
0	07:16:57.805	'1809640': modify order #43546658 buy 0.01 EURUSD at 1.07040 sl: 1.06619 tp: 1.07358 -> sl: 1.06619 tp: 1.07359
0	07:16:58.128	'1809640': order #43546658 buy 0.01 EURUSD at 1.07040 was modified -> sl: 1.06619 tp: 1.07359
0	07:19:12.078	'1809640': modify order #43540434 sell 0.01 EURUSD at 1.07133 sl: 1.07555 tp: 1.07016 -> sl: 1.07555 tp: 1.06991
0	07:19:12.829	'1809640': order #43540434 sell 0.01 EURUSD at 1.07133 was modified -> sl: 1.07555 tp: 1.06991
0	07:20:31.152	'1809640': modify order #43540434 sell 0.01 EURUSD at 1.07133 sl: 1.07555 tp: 1.06991 -> sl: 1.07555 tp: 1.06990
0	07:20:32.064	'1809640': order #43540434 sell 0.01 EURUSD at 1.07133 was modified -> sl: 1.07555 tp: 1.06990
0	07:21:59.399	'1809640': modify order #43540434 sell 0.01 EURUSD at 1.07133 sl: 1.07555 tp: 1.06990 -> sl: 1.07555 tp: 1.06982
0	07:22:00.086	'1809640': order #43540434 sell 0.01 EURUSD at 1.07133 was modified -> sl: 1.07555 tp: 1.06982
0	07:22:00.211	'1809640': modify order #43546658 buy 0.01 EURUSD at 1.07040 sl: 1.06619 tp: 1.07359 -> sl: 1.06619 tp: 1.07360
0	07:22:00.502	'1809640': order #43546658 buy 0.01 EURUSD at 1.07040 was modified -> sl: 1.06619 tp: 1.07360
0	07:26:28.778	'1809640': modify order #43540434 sell 0.01 EURUSD at 1.07133 sl: 1.07555 tp: 1.06982 -> sl: 1.07555 tp: 1.06974
0	07:26:29.233	'1809640': order #43540434 sell 0.01 EURUSD at 1.07133 was modified -> sl: 1.07555 tp: 1.06974
0	07:26:29.363	'1809640': modify order #43546658 buy 0.01 EURUSD at 1.07040 sl: 1.06619 tp: 1.07360 -> sl: 1.06619 tp: 1.07364
0	07:26:29.793	'1809640': order #43546658 buy 0.01 EURUSD at 1.07040 was modified -> sl: 1.06619 tp: 1.07364
0	07:29:25.620	'1809640': modify order #43546658 buy 0.01 EURUSD at 1.07040 sl: 1.06619 tp: 1.07364 -> sl: 1.06619 tp: 1.07365
0	07:29:28.067	'1809640': order #43546658 buy 0.01 EURUSD at 1.07040 was modified -> sl: 1.06619 tp: 1.07365
0	07:31:27.305	'1809640': modify order #43527335 sell 0.01 EURUSD at 1.07219 sl: 1.07647 tp: 1.06563 -> sl: 1.07647 tp: 1.06561
0	07:31:28.212	'1809640': order #43527335 sell 0.01 EURUSD at 1.07219 was modified -> sl: 1.07647 tp: 1.06561
0	07:31:28.376	'1809640': modify order #43537380 sell 0.01 EURUSD at 1.07363 sl: 1.07784 tp: 1.06578 -> sl: 1.07784 tp: 1.06561
0	07:31:28.997	'1809640': order #43537380 sell 0.01 EURUSD at 1.07363 was modified -> sl: 1.07784 tp: 1.06561
0	07:31:29.062	'1809640': modify order #43540736 sell 0.01 EURUSD at 1.07133 sl: 1.07554 tp: 1.06578 -> sl: 1.07554 tp: 1.06561
0	07:31:29.390	'1809640': order #43540736 sell 0.01 EURUSD at 1.07133 was modified -> sl: 1.07554 tp: 1.06561
0	07:31:29.488	'1809640': modify order #43546658 buy 0.01 EURUSD at 1.07040 sl: 1.06619 tp: 1.07365 -> sl: 1.06619 tp: 1.07367
0	07:31:30.109	'1809640': order #43546658 buy 0.01 EURUSD at 1.07040 was modified -> sl: 1.06619 tp: 1.07367
0	07:34:15.509	'1809640': modify order #43540434 sell 0.01 EURUSD at 1.07133 sl: 1.07555 tp: 1.06974 -> sl: 1.07555 tp: 1.06955
0	07:34:16.349	'1809640': order #43540434 sell 0.01 EURUSD at 1.07133 was modified -> sl: 1.07555 tp: 1.06955
0	07:34:16.415	'1809640': modify order #43546658 buy 0.01 EURUSD at 1.07040 sl: 1.06619 tp: 1.07367 -> sl: 1.06619 tp: 1.07371
0	07:34:16.775	'1809640': order #43546658 buy 0.01 EURUSD at 1.07040 was modified -> sl: 1.06619 tp: 1.07371
0	07:37:20.227	'1809640': order #43531179 buy 0.01 EURUSD at 1.07417 closed due stop-loss at price 1.06994
0	07:39:10.722	'1809640': modify order #43540434 sell 0.01 EURUSD at 1.07133 sl: 1.07555 tp: 1.06955 -> sl: 1.07555 tp: 1.06938
0	07:39:11.534	'1809640': order #43540434 sell 0.01 EURUSD at 1.07133 was modified -> sl: 1.07555 tp: 1.06938
0	07:39:11.534	'1809640': modify order #43546658 buy 0.01 EURUSD at 1.07040 sl: 1.06619 tp: 1.07371 -> sl: 1.06619 tp: 1.07378
0	07:39:11.923	'1809640': order #43546658 buy 0.01 EURUSD at 1.07040 was modified -> sl: 1.06619 tp: 1.07378
0	07:41:29.168	'1809640': order buy market 0.01 EURUSD sl: 1.06614 tp: 1.07331
0	07:41:29.759	'1809640': order was opened : #43547220 buy 0.01 EURUSD at 1.07034 sl: 1.06614 tp: 1.07331
0	07:42:46.737	'1809640': modify order #43540434 sell 0.01 EURUSD at 1.07133 sl: 1.07555 tp: 1.06938 -> sl: 1.07555 tp: 1.06923
0	07:42:47.317	'1809640': order #43540434 sell 0.01 EURUSD at 1.07133 was modified -> sl: 1.07555 tp: 1.06923
0	07:42:47.382	'1809640': modify order #43546658 buy 0.01 EURUSD at 1.07040 sl: 1.06619 tp: 1.07378 -> sl: 1.06619 tp: 1.07382
0	07:42:47.804	'1809640': order #43546658 buy 0.01 EURUSD at 1.07040 was modified -> sl: 1.06619 tp: 1.07382
0	07:42:47.806	'1809640': modify order #43547220 buy 0.01 EURUSD at 1.07034 sl: 1.06614 tp: 1.07331 -> sl: 1.06614 tp: 1.07332
0	07:42:48.193	'1809640': order #43547220 buy 0.01 EURUSD at 1.07034 was modified -> sl: 1.06614 tp: 1.07332
0	07:44:08.834	'1809640': modify order #43527335 sell 0.01 EURUSD at 1.07219 sl: 1.07647 tp: 1.06561 -> sl: 1.07647 tp: 1.06531
0	07:44:09.280	'1809640': order #43527335 sell 0.01 EURUSD at 1.07219 was modified -> sl: 1.07647 tp: 1.06531
0	07:44:09.410	'1809640': modify order #43537380 sell 0.01 EURUSD at 1.07363 sl: 1.07784 tp: 1.06561 -> sl: 1.07784 tp: 1.06531
0	07:44:09.706	'1809640': order #43537380 sell 0.01 EURUSD at 1.07363 was modified -> sl: 1.07784 tp: 1.06531
0	07:44:09.706	'1809640': modify order #43540736 sell 0.01 EURUSD at 1.07133 sl: 1.07554 tp: 1.06561 -> sl: 1.07554 tp: 1.06531
0	07:44:10.092	'1809640': order #43540736 sell 0.01 EURUSD at 1.07133 was modified -> sl: 1.07554 tp: 1.06531
0	07:44:10.124	'1809640': modify order #43546658 buy 0.01 EURUSD at 1.07040 sl: 1.06619 tp: 1.07382 -> sl: 1.06619 tp: 1.07386
0	07:44:10.615	'1809640': order #43546658 buy 0.01 EURUSD at 1.07040 was modified -> sl: 1.06619 tp: 1.07386
0	07:44:10.615	'1809640': modify order #43547220 buy 0.01 EURUSD at 1.07034 sl: 1.06614 tp: 1.07332 -> sl: 1.06614 tp: 1.07336
0	07:44:11.134	'1809640': order #43547220 buy 0.01 EURUSD at 1.07034 was modified -> sl: 1.06614 tp: 1.07336
0	07:45:15.152	'1809640': order #43538104 buy 0.01 EURUSD at 1.07378 closed due stop-loss at price 1.06937
0	07:46:44.603	'1809640': modify order #43527335 sell 0.01 EURUSD at 1.07219 sl: 1.07647 tp: 1.06531 -> sl: 1.07647 tp: 1.06473
0	07:46:45.640	'1809640': order #43527335 sell 0.01 EURUSD at 1.07219 was modified -> sl: 1.07647 tp: 1.06473
0	07:46:45.673	'1809640': modify order #43537380 sell 0.01 EURUSD at 1.07363 sl: 1.07784 tp: 1.06531 -> sl: 1.07784 tp: 1.06472
0	07:46:46.066	'1809640': order #43537380 sell 0.01 EURUSD at 1.07363 was modified -> sl: 1.07784 tp: 1.06472
0	07:46:46.098	'1809640': modify order #43540736 sell 0.01 EURUSD at 1.07133 sl: 1.07554 tp: 1.06531 -> sl: 1.07554 tp: 1.06472
0	07:46:46.650	'1809640': order #43540736 sell 0.01 EURUSD at 1.07133 was modified -> sl: 1.07554 tp: 1.06472
0	07:46:46.683	'1809640': modify order #43546658 buy 0.01 EURUSD at 1.07040 sl: 1.06619 tp: 1.07386 -> sl: 1.06619 tp: 1.07394
0	07:46:47.207	'1809640': order #43546658 buy 0.01 EURUSD at 1.07040 was modified -> sl: 1.06619 tp: 1.07394
0	07:46:47.267	'1809640': modify order #43547220 buy 0.01 EURUSD at 1.07034 sl: 1.06614 tp: 1.07336 -> sl: 1.06614 tp: 1.07359
0	07:46:47.657	'1809640': order #43547220 buy 0.01 EURUSD at 1.07034 was modified -> sl: 1.06614 tp: 1.07359
0	07:47:59.113	'1809640': order sell market 0.01 EURUSD sl: 1.07346 tp: 1.06486
0	07:47:59.700	'1809640': order was opened : #43547510 sell 0.01 EURUSD at 1.06926 sl: 1.07346 tp: 1.06486
0	07:49:06.716	'1809640': modify order #43546658 buy 0.01 EURUSD at 1.07040 sl: 1.06619 tp: 1.07394 -> sl: 1.06619 tp: 1.07395
0	07:49:07.207	'1809640': order #43546658 buy 0.01 EURUSD at 1.07040 was modified -> sl: 1.06619 tp: 1.07395
0	07:49:21.369	'1809640': modify order #43546658 buy 0.01 EURUSD at 1.07040 sl: 1.06619 tp: 1.07395 -> sl: 1.06619 tp: 1.07396
0	07:49:22.009	'1809640': order #43546658 buy 0.01 EURUSD at 1.07040 was modified -> sl: 1.06619 tp: 1.07396
0	07:49:22.009	'1809640': modify order #43547220 buy 0.01 EURUSD at 1.07034 sl: 1.06614 tp: 1.07359 -> sl: 1.06614 tp: 1.07360
0	07:49:22.431	'1809640': order #43547220 buy 0.01 EURUSD at 1.07034 was modified -> sl: 1.06614 tp: 1.07360
0	07:49:22.431	'1809640': modify order #43547510 sell 0.01 EURUSD at 1.06926 sl: 1.07346 tp: 1.06486 -> sl: 1.07346 tp: 1.06475
0	07:49:22.820	'1809640': order #43547510 sell 0.01 EURUSD at 1.06926 was modified -> sl: 1.07346 tp: 1.06475
0	07:53:05.697	'1809640': modify order #43540434 sell 0.01 EURUSD at 1.07133 sl: 1.07555 tp: 1.06923 -> sl: 1.07555 tp: 1.06862
0	07:53:06.415	'1809640': order #43540434 sell 0.01 EURUSD at 1.07133 was modified -> sl: 1.07555 tp: 1.06862
0	07:53:06.415	'1809640': modify order #43546658 buy 0.01 EURUSD at 1.07040 sl: 1.06619 tp: 1.07396 -> sl: 1.06619 tp: 1.07399
0	07:53:06.709	'1809640': order #43546658 buy 0.01 EURUSD at 1.07040 was modified -> sl: 1.06619 tp: 1.07399
0	07:57:28.199	'1809640': modify order #43527335 sell 0.01 EURUSD at 1.07219 sl: 1.07647 tp: 1.06473 -> sl: 1.07647 tp: 1.06430
0	07:57:29.115	'1809640': order #43527335 sell 0.01 EURUSD at 1.07219 was modified -> sl: 1.07647 tp: 1.06430
0	07:57:34.730	'1809640': modify order #43537380 sell 0.01 EURUSD at 1.07363 sl: 1.07784 tp: 1.06472 -> sl: 1.07784 tp: 1.06432
0	07:57:35.217	'1809640': order #43537380 sell 0.01 EURUSD at 1.07363 was modified -> sl: 1.07784 tp: 1.06432
0	07:57:35.217	'1809640': modify order #43540736 sell 0.01 EURUSD at 1.07133 sl: 1.07554 tp: 1.06472 -> sl: 1.07554 tp: 1.06431
0	07:57:35.675	'1809640': order #43540736 sell 0.01 EURUSD at 1.07133 was modified -> sl: 1.07554 tp: 1.06431
0	07:57:35.675	'1809640': modify order #43546658 buy 0.01 EURUSD at 1.07040 sl: 1.06619 tp: 1.07399 -> sl: 1.06619 tp: 1.07400
0	07:57:36.129	'1809640': order #43546658 buy 0.01 EURUSD at 1.07040 was modified -> sl: 1.06619 tp: 1.07400
0	07:57:36.129	'1809640': modify order #43547510 sell 0.01 EURUSD at 1.06926 sl: 1.07346 tp: 1.06475 -> sl: 1.07346 tp: 1.06431
0	07:57:36.681	'1809640': order #43547510 sell 0.01 EURUSD at 1.06926 was modified -> sl: 1.07346 tp: 1.06431
0	08:01:21.546	'1809640': modify order #43546658 buy 0.01 EURUSD at 1.07040 sl: 1.06619 tp: 1.07400 -> sl: 1.06619 tp: 1.07403
0	08:01:22.718	'1809640': order #43546658 buy 0.01 EURUSD at 1.07040 was modified -> sl: 1.06619 tp: 1.07403
0	08:01:22.848	'1809640': modify order #43547220 buy 0.01 EURUSD at 1.07034 sl: 1.06614 tp: 1.07360 -> sl: 1.06614 tp: 1.07365
0	08:01:23.075	'1809640': order #43547220 buy 0.01 EURUSD at 1.07034 was modified -> sl: 1.06614 tp: 1.07365
0	08:04:27.635	'1809640': modify order #43540434 sell 0.01 EURUSD at 1.07133 sl: 1.07555 tp: 1.06862 -> sl: 1.07555 tp: 1.06809
0	08:04:28.057	'1809640': order #43540434 sell 0.01 EURUSD at 1.07133 was modified -> sl: 1.07555 tp: 1.06809
0	08:04:28.090	'1809640': modify order #43546658 buy 0.01 EURUSD at 1.07040 sl: 1.06619 tp: 1.07403 -> sl: 1.06619 tp: 1.07406
0	08:04:28.483	'1809640': order #43546658 buy 0.01 EURUSD at 1.07040 was modified -> sl: 1.06619 tp: 1.07406
0	08:04:28.581	'1809640': modify order #43547220 buy 0.01 EURUSD at 1.07034 sl: 1.06614 tp: 1.07365 -> sl: 1.06614 tp: 1.07388
0	08:04:28.873	'1809640': order #43547220 buy 0.01 EURUSD at 1.07034 was modified -> sl: 1.06614 tp: 1.07388
0	08:08:59.849	'1809640': modify order #43540434 sell 0.01 EURUSD at 1.07133 sl: 1.07555 tp: 1.06809 -> sl: 1.07555 tp: 1.06800
0	08:09:01.021	'1809640': order #43540434 sell 0.01 EURUSD at 1.07133 was modified -> sl: 1.07555 tp: 1.06800
0	08:12:33.423	'1809640': modify order #43540434 sell 0.01 EURUSD at 1.07133 sl: 1.07555 tp: 1.06800 -> sl: 1.07555 tp: 1.06798
0	08:12:34.044	'1809640': order #43540434 sell 0.01 EURUSD at 1.07133 was modified -> sl: 1.07555 tp: 1.06798
0	08:17:06.717	'1809640': modify order #43540434 sell 0.01 EURUSD at 1.07133 sl: 1.07555 tp: 1.06798 -> sl: 1.07555 tp: 1.06783
0	08:17:06.981	'1809640': order #43540434 sell 0.01 EURUSD at 1.07133 was modified -> sl: 1.07555 tp: 1.06783
0	08:20:40.359	'1809640': modify order #43527335 sell 0.01 EURUSD at 1.07219 sl: 1.07647 tp: 1.06430 -> sl: 1.07647 tp: 1.06417
0	08:20:40.914	'1809640': order #43527335 sell 0.01 EURUSD at 1.07219 was modified -> sl: 1.07647 tp: 1.06417
0	08:20:40.914	'1809640': modify order #43537380 sell 0.01 EURUSD at 1.07363 sl: 1.07784 tp: 1.06432 -> sl: 1.07784 tp: 1.06417
0	08:20:41.433	'1809640': order #43537380 sell 0.01 EURUSD at 1.07363 was modified -> sl: 1.07784 tp: 1.06417
0	08:20:41.433	'1809640': modify order #43540434 sell 0.01 EURUSD at 1.07133 sl: 1.07555 tp: 1.06783 -> sl: 1.07555 tp: 1.06771
0	08:20:41.887	'1809640': order #43540434 sell 0.01 EURUSD at 1.07133 was modified -> sl: 1.07555 tp: 1.06771
0	08:20:41.919	'1809640': modify order #43540736 sell 0.01 EURUSD at 1.07133 sl: 1.07554 tp: 1.06431 -> sl: 1.07554 tp: 1.06417
0	08:20:42.307	'1809640': order #43540736 sell 0.01 EURUSD at 1.07133 was modified -> sl: 1.07554 tp: 1.06417
0	08:20:42.434	'1809640': modify order #43547220 buy 0.01 EURUSD at 1.07034 sl: 1.06614 tp: 1.07388 -> sl: 1.06614 tp: 1.07399
0	08:20:42.795	'1809640': order #43547220 buy 0.01 EURUSD at 1.07034 was modified -> sl: 1.06614 tp: 1.07399
0	08:20:42.795	'1809640': modify order #43547510 sell 0.01 EURUSD at 1.06926 sl: 1.07346 tp: 1.06431 -> sl: 1.07346 tp: 1.06417
0	08:20:43.188	'1809640': order #43547510 sell 0.01 EURUSD at 1.06926 was modified -> sl: 1.07346 tp: 1.06417
0	08:22:36.261	'1809640': order #43534982 buy 0.01 EURUSD at 1.07208 closed due stop-loss at price 1.06786
0	08:22:46.269	'1809640': modify order #43527335 sell 0.01 EURUSD at 1.07219 sl: 1.07647 tp: 1.06417 -> sl: 1.07647 tp: 1.06390
0	08:22:47.271	'1809640': order #43527335 sell 0.01 EURUSD at 1.07219 was modified -> sl: 1.07647 tp: 1.06390
0	08:22:47.271	'1809640': modify order #43537380 sell 0.01 EURUSD at 1.07363 sl: 1.07784 tp: 1.06417 -> sl: 1.07784 tp: 1.06390
0	08:22:47.627	'1809640': order #43537380 sell 0.01 EURUSD at 1.07363 was modified -> sl: 1.07784 tp: 1.06390
0	08:22:47.627	'1809640': modify order #43540434 sell 0.01 EURUSD at 1.07133 sl: 1.07555 tp: 1.06771 -> sl: 1.07555 tp: 1.06747
0	08:22:47.984	'1809640': order #43540434 sell 0.01 EURUSD at 1.07133 was modified -> sl: 1.07555 tp: 1.06747
0	08:22:47.984	'1809640': modify order #43540736 sell 0.01 EURUSD at 1.07133 sl: 1.07554 tp: 1.06417 -> sl: 1.07554 tp: 1.06391
0	08:22:48.211	'1809640': order #43527165 buy 0.01 EURUSD at 1.07191 closed due stop-loss at price 1.06771
0	08:22:48.373	'1809640': order #43540736 sell 0.01 EURUSD at 1.07133 was modified -> sl: 1.07554 tp: 1.06391
0	08:22:48.373	'1809640': modify order #43547510 sell 0.01 EURUSD at 1.06926 sl: 1.07346 tp: 1.06417 -> sl: 1.07346 tp: 1.06395
0	08:22:48.726	'1809640': order #43547510 sell 0.01 EURUSD at 1.06926 was modified -> sl: 1.07346 tp: 1.06395
0	08:23:35.593	'1809640': order sell market 0.01 EURUSD sl: 1.07189 tp: 1.06327
0	08:23:35.885	'1809640': order was opened : #43549023 sell 0.01 EURUSD at 1.06770 sl: 1.07189 tp: 1.06327
0	08:26:23.803	'1809640': modify order #43527335 sell 0.01 EURUSD at 1.07219 sl: 1.07647 tp: 1.06390 -> sl: 1.07647 tp: 1.06363
0	08:26:25.141	'1809640': order #43527335 sell 0.01 EURUSD at 1.07219 was modified -> sl: 1.07647 tp: 1.06363
0	08:26:25.173	'1809640': modify order #43537380 sell 0.01 EURUSD at 1.07363 sl: 1.07784 tp: 1.06390 -> sl: 1.07784 tp: 1.06363
0	08:26:25.493	'1809640': order #43537380 sell 0.01 EURUSD at 1.07363 was modified -> sl: 1.07784 tp: 1.06363
0	08:26:25.493	'1809640': modify order #43540434 sell 0.01 EURUSD at 1.07133 sl: 1.07555 tp: 1.06747 -> sl: 1.07555 tp: 1.06742
0	08:26:25.821	'1809640': order #43540434 sell 0.01 EURUSD at 1.07133 was modified -> sl: 1.07555 tp: 1.06742
0	08:26:25.823	'1809640': modify order #43540736 sell 0.01 EURUSD at 1.07133 sl: 1.07554 tp: 1.06391 -> sl: 1.07554 tp: 1.06362
0	08:26:26.373	'1809640': order #43540736 sell 0.01 EURUSD at 1.07133 was modified -> sl: 1.07554 tp: 1.06362
0	08:26:26.373	'1809640': modify order #43547220 buy 0.01 EURUSD at 1.07034 sl: 1.06614 tp: 1.07399 -> sl: 1.06614 tp: 1.07406
0	08:26:26.953	'1809640': order #43547220 buy 0.01 EURUSD at 1.07034 was modified -> sl: 1.06614 tp: 1.07406
0	08:26:27.212	'1809640': modify order #43547510 sell 0.01 EURUSD at 1.06926 sl: 1.07346 tp: 1.06395 -> sl: 1.07346 tp: 1.06362
0	08:26:27.476	'1809640': order #43547510 sell 0.01 EURUSD at 1.06926 was modified -> sl: 1.07346 tp: 1.06362
0	08:28:58.127	'1809640': order #43540434 sell 0.01 EURUSD at 1.07133 closed due take-profit at price 1.06742
0	08:28:58.581	'1809640': order #43526192 buy 0.01 EURUSD at 1.07140 closed due stop-loss at price 1.06722
0	08:29:49.832	'1809640': modify order #43527335 sell 0.01 EURUSD at 1.07219 sl: 1.07647 tp: 1.06363 -> sl: 1.07647 tp: 1.06303
0	08:29:50.484	'1809640': order #43527335 sell 0.01 EURUSD at 1.07219 was modified -> sl: 1.07647 tp: 1.06303
0	08:29:50.484	'1809640': modify order #43537380 sell 0.01 EURUSD at 1.07363 sl: 1.07784 tp: 1.06363 -> sl: 1.07784 tp: 1.06301
0	08:29:51.004	'1809640': order #43537380 sell 0.01 EURUSD at 1.07363 was modified -> sl: 1.07784 tp: 1.06301
0	08:29:51.004	'1809640': modify order #43540736 sell 0.01 EURUSD at 1.07133 sl: 1.07554 tp: 1.06362 -> sl: 1.07554 tp: 1.06303
0	08:29:51.324	'1809640': order #43540736 sell 0.01 EURUSD at 1.07133 was modified -> sl: 1.07554 tp: 1.06303
0	08:29:51.324	'1809640': modify order #43547220 buy 0.01 EURUSD at 1.07034 sl: 1.06614 tp: 1.07406 -> sl: 1.06614 tp: 1.07407
0	08:29:51.682	'1809640': order #43547220 buy 0.01 EURUSD at 1.07034 was modified -> sl: 1.06614 tp: 1.07407
0	08:29:51.682	'1809640': modify order #43547510 sell 0.01 EURUSD at 1.06926 sl: 1.07346 tp: 1.06362 -> sl: 1.07346 tp: 1.06302
0	08:29:52.200	'1809640': order #43547510 sell 0.01 EURUSD at 1.06926 was modified -> sl: 1.07346 tp: 1.06302
0	08:29:52.200	'1809640': modify order #43549023 sell 0.01 EURUSD at 1.06770 sl: 1.07189 tp: 1.06327 -> sl: 1.07189 tp: 1.06302
0	08:29:52.719	'1809640': order #43549023 sell 0.01 EURUSD at 1.06770 was modified -> sl: 1.07189 tp: 1.06302
0	08:30:30.483	'1809640': order #43540694 buy 0.01 EURUSD at 1.07122 closed due stop-loss at price 1.06701
0	08:30:36.861	'1809640': order sell market 0.01 EURUSD sl: 1.07122 tp: 0.00000
0	08:30:37.354	'1809640': order was opened : #43549526 sell 0.01 EURUSD at 1.06698 sl: 1.07122 tp: 0.00000
0	08:31:04.586	'1809640': order #43546385 buy 0.01 EURUSD at 1.07096 closed due stop-loss at price 1.06675
0	08:32:26.612	'1809640': modify order #43527335 sell 0.01 EURUSD at 1.07219 sl: 1.07647 tp: 1.06303 -> sl: 1.07647 tp: 1.06260
0	08:32:27.071	'1809640': order #43527335 sell 0.01 EURUSD at 1.07219 was modified -> sl: 1.07647 tp: 1.06260
0	08:32:27.073	'1809640': modify order #43537380 sell 0.01 EURUSD at 1.07363 sl: 1.07784 tp: 1.06301 -> sl: 1.07784 tp: 1.06260
0	08:32:27.395	'1809640': order #43537380 sell 0.01 EURUSD at 1.07363 was modified -> sl: 1.07784 tp: 1.06260
0	08:32:27.395	'1809640': modify order #43540736 sell 0.01 EURUSD at 1.07133 sl: 1.07554 tp: 1.06303 -> sl: 1.07554 tp: 1.06261
0	08:32:27.918	'1809640': order #43540736 sell 0.01 EURUSD at 1.07133 was modified -> sl: 1.07554 tp: 1.06261
0	08:32:28.048	'1809640': modify order #43547220 buy 0.01 EURUSD at 1.07034 sl: 1.06614 tp: 1.07407 -> sl: 1.06614 tp: 1.07448
0	08:32:28.542	'1809640': order #43547220 buy 0.01 EURUSD at 1.07034 was modified -> sl: 1.06614 tp: 1.07448
0	08:32:28.568	'1809640': modify order #43547510 sell 0.01 EURUSD at 1.06926 sl: 1.07346 tp: 1.06302 -> sl: 1.07346 tp: 1.06263
0	08:32:28.892	'1809640': order #43547510 sell 0.01 EURUSD at 1.06926 was modified -> sl: 1.07346 tp: 1.06263
0	08:32:28.892	'1809640': modify order #43549023 sell 0.01 EURUSD at 1.06770 sl: 1.07189 tp: 1.06302 -> sl: 1.07189 tp: 1.06262
0	08:32:29.286	'1809640': order #43549023 sell 0.01 EURUSD at 1.06770 was modified -> sl: 1.07189 tp: 1.06262
0	08:32:29.417	'1809640': modify order #43549526 sell 0.01 EURUSD at 1.06698 sl: 1.07122 tp: 0.00000 -> sl: 1.07122 tp: 1.06640
0	08:32:29.842	'1809640': order #43549526 sell 0.01 EURUSD at 1.06698 was modified -> sl: 1.07122 tp: 1.06640
0	08:35:37.354	'1809640': modify order #43547220 buy 0.01 EURUSD at 1.07034 sl: 1.06614 tp: 1.07448 -> sl: 1.06614 tp: 1.07450
0	08:35:38.037	'1809640': order #43547220 buy 0.01 EURUSD at 1.07034 was modified -> sl: 1.06614 tp: 1.07450
0	08:35:38.037	'1809640': modify order #43549526 sell 0.01 EURUSD at 1.06698 sl: 1.07122 tp: 1.06640 -> sl: 1.07122 tp: 1.06597
0	08:35:38.495	'1809640': order #43549526 sell 0.01 EURUSD at 1.06698 was modified -> sl: 1.07122 tp: 1.06597
0	08:36:46.917	'1809640': order sell market 0.01 EURUSD sl: 1.07131 tp: 1.06271
0	08:36:57.516	'1809640': order was opened : #43549878 sell 0.01 EURUSD at 1.06708 sl: 1.07131 tp: 1.06271
0	08:39:58.258	'1809640': modify order #43527335 sell 0.01 EURUSD at 1.07219 sl: 1.07647 tp: 1.06260 -> sl: 1.07647 tp: 1.06244
0	08:39:58.582	'1809640': order #43527335 sell 0.01 EURUSD at 1.07219 was modified -> sl: 1.07647 tp: 1.06244
0	08:39:58.582	'1809640': modify order #43537380 sell 0.01 EURUSD at 1.07363 sl: 1.07784 tp: 1.06260 -> sl: 1.07784 tp: 1.06245
0	08:39:59.032	'1809640': order #43537380 sell 0.01 EURUSD at 1.07363 was modified -> sl: 1.07784 tp: 1.06245
0	08:39:59.097	'1809640': modify order #43540736 sell 0.01 EURUSD at 1.07133 sl: 1.07554 tp: 1.06261 -> sl: 1.07554 tp: 1.06244
0	08:39:59.519	'1809640': order #43540736 sell 0.01 EURUSD at 1.07133 was modified -> sl: 1.07554 tp: 1.06244
0	08:39:59.519	'1809640': modify order #43547510 sell 0.01 EURUSD at 1.06926 sl: 1.07346 tp: 1.06263 -> sl: 1.07346 tp: 1.06244
0	08:39:59.940	'1809640': order #43547510 sell 0.01 EURUSD at 1.06926 was modified -> sl: 1.07346 tp: 1.06244
0	08:40:00.005	'1809640': modify order #43549023 sell 0.01 EURUSD at 1.06770 sl: 1.07189 tp: 1.06262 -> sl: 1.07189 tp: 1.06245
0	08:40:00.362	'1809640': order #43549023 sell 0.01 EURUSD at 1.06770 was modified -> sl: 1.07189 tp: 1.06245
0	08:40:00.394	'1809640': modify order #43549526 sell 0.01 EURUSD at 1.06698 sl: 1.07122 tp: 1.06597 -> sl: 1.07122 tp: 1.06578
0	08:40:00.820	'1809640': order #43549526 sell 0.01 EURUSD at 1.06698 was modified -> sl: 1.07122 tp: 1.06578
0	08:40:00.950	'1809640': modify order #43549878 sell 0.01 EURUSD at 1.06708 sl: 1.07131 tp: 1.06271 -> sl: 1.07131 tp: 1.06247
0	08:40:01.302	'1809640': order #43549878 sell 0.01 EURUSD at 1.06708 was modified -> sl: 1.07131 tp: 1.06247
0	08:42:38.792	'1809640': modify order #43547220 buy 0.01 EURUSD at 1.07034 sl: 1.06614 tp: 1.07450 -> sl: 1.06614 tp: 1.07453
0	08:42:40.157	'1809640': order #43547220 buy 0.01 EURUSD at 1.07034 was modified -> sl: 1.06614 tp: 1.07453
0	08:42:40.222	'1809640': modify order #43549526 sell 0.01 EURUSD at 1.06698 sl: 1.07122 tp: 1.06578 -> sl: 1.07122 tp: 1.06552
0	08:42:40.583	'1809640': order #43549526 sell 0.01 EURUSD at 1.06698 was modified -> sl: 1.07122 tp: 1.06552
0	08:46:07.886	'1809640': order sell market 0.01 EURUSD sl: 1.07178 tp: 1.06318
0	08:46:08.827	'1809640': order was opened : #43550137 sell 0.01 EURUSD at 1.06756 sl: 1.07178 tp: 1.06318
0	08:46:24.678	'1809640': modify order #43550137 sell 0.01 EURUSD at 1.06756 sl: 1.07178 tp: 1.06318 -> sl: 1.07178 tp: 1.06315
0	08:46:25.201	'1809640': order #43550137 sell 0.01 EURUSD at 1.06756 was modified -> sl: 1.07178 tp: 1.06315
0	08:50:11.994	'1809640': modify order #43547220 buy 0.01 EURUSD at 1.07034 sl: 1.06614 tp: 1.07453 -> sl: 1.06614 tp: 1.07471
0	08:50:13.061	'1809640': order #43547220 buy 0.01 EURUSD at 1.07034 was modified -> sl: 1.06614 tp: 1.07471
0	08:50:13.061	'1809640': modify order #43550137 sell 0.01 EURUSD at 1.06756 sl: 1.07178 tp: 1.06315 -> sl: 1.07178 tp: 1.06262
0	08:50:13.413	'1809640': order #43550137 sell 0.01 EURUSD at 1.06756 was modified -> sl: 1.07178 tp: 1.06262
0	08:51:45.273	'1809640': order sell market 0.01 EURUSD sl: 1.07178 tp: 1.06318
0	08:51:45.630	'1809640': order was opened : #43550251 sell 0.01 EURUSD at 1.06758 sl: 1.07178 tp: 1.06318
0	08:52:09.770	'1809640': modify order #43547220 buy 0.01 EURUSD at 1.07034 sl: 1.06614 tp: 1.07471 -> sl: 1.06614 tp: 1.07473
0	08:52:10.423	'1809640': order #43547220 buy 0.01 EURUSD at 1.07034 was modified -> sl: 1.06614 tp: 1.07473
0	08:52:10.423	'1809640': modify order #43550251 sell 0.01 EURUSD at 1.06758 sl: 1.07178 tp: 1.06318 -> sl: 1.07178 tp: 1.06302
0	08:52:10.942	'1809640': order #43550251 sell 0.01 EURUSD at 1.06758 was modified -> sl: 1.07178 tp: 1.06302
0	08:56:21.771	'1809640': order sell market 0.01 EURUSD sl: 1.07199 tp: 1.06573
0	08:56:22.326	'1809640': order was opened : #43550308 sell 0.01 EURUSD at 1.06778 sl: 1.07199 tp: 1.06573
0	12:05:18.923	'1809640': modify order #43550251 sell 0.01 EURUSD at 1.06758 sl: 1.07178 tp: 1.06302 -> sl: 1.07178 tp: 1.06291
0	12:05:22.693	'1809640': order #43550251 sell 0.01 EURUSD at 1.06758 was modified -> sl: 1.07178 tp: 1.06291
1	14:19:47.892	'1809640': connect failed [No connection]
0	14:20:17.075	'1809640': login on Tripleafx-FX-Demo through FX-Demo-01
0	14:20:33.048	'1809640': ping to current access point FX-Demo-01 is 128.85 ms
1	14:21:08.450	MQL4 Market: failed to load products
0	15:22:19.712	'1809640': modify order #43550251 sell 0.01 EURUSD at 1.06758 sl: 1.07178 tp: 1.06291 -> sl: 1.07178 tp: 1.06287
0	15:22:20.101	'1809640': order #43550251 sell 0.01 EURUSD at 1.06758 was modified -> sl: 1.07178 tp: 1.06287
0	15:27:27.570	'1809640': modify order #43550251 sell 0.01 EURUSD at 1.06758 sl: 1.07178 tp: 1.06287 -> sl: 1.07178 tp: 1.06266
0	15:27:27.992	'1809640': order #43550251 sell 0.01 EURUSD at 1.06758 was modified -> sl: 1.07178 tp: 1.06266
0	15:30:04.518	'1809640': modify order #43550137 sell 0.01 EURUSD at 1.06756 sl: 1.07178 tp: 1.06262 -> sl: 1.07178 tp: 1.06252
0	15:30:05.456	'1809640': order #43550137 sell 0.01 EURUSD at 1.06756 was modified -> sl: 1.07178 tp: 1.06252
0	15:30:05.492	'1809640': modify order #43550251 sell 0.01 EURUSD at 1.06758 sl: 1.07178 tp: 1.06266 -> sl: 1.07178 tp: 1.06252
0	15:30:05.911	'1809640': order #43550251 sell 0.01 EURUSD at 1.06758 was modified -> sl: 1.07178 tp: 1.06252
0	15:31:53.311	'1809640': modify order #43527335 sell 0.01 EURUSD at 1.07219 sl: 1.07647 tp: 1.06244 -> sl: 1.07647 tp: 1.06236
0	15:31:53.996	'1809640': order #43527335 sell 0.01 EURUSD at 1.07219 was modified -> sl: 1.07647 tp: 1.06236
0	15:31:54.029	'1809640': modify order #43537380 sell 0.01 EURUSD at 1.07363 sl: 1.07784 tp: 1.06245 -> sl: 1.07784 tp: 1.06237
0	15:31:54.418	'1809640': order #43537380 sell 0.01 EURUSD at 1.07363 was modified -> sl: 1.07784 tp: 1.06237
0	15:31:54.418	'1809640': modify order #43540736 sell 0.01 EURUSD at 1.07133 sl: 1.07554 tp: 1.06244 -> sl: 1.07554 tp: 1.06237
0	15:31:54.586	'1809640': order #43540736 sell 0.01 EURUSD at 1.07133 was modified -> sl: 1.07554 tp: 1.06237
0	15:31:54.608	'1809640': modify order #43547510 sell 0.01 EURUSD at 1.06926 sl: 1.07346 tp: 1.06244 -> sl: 1.07346 tp: 1.06237
0	15:31:55.062	'1809640': order #43547510 sell 0.01 EURUSD at 1.06926 was modified -> sl: 1.07346 tp: 1.06237
0	15:31:55.062	'1809640': modify order #43549023 sell 0.01 EURUSD at 1.06770 sl: 1.07189 tp: 1.06245 -> sl: 1.07189 tp: 1.06236
0	15:31:55.484	'1809640': order #43549023 sell 0.01 EURUSD at 1.06770 was modified -> sl: 1.07189 tp: 1.06236
0	15:31:55.484	'1809640': modify order #43549878 sell 0.01 EURUSD at 1.06708 sl: 1.07131 tp: 1.06247 -> sl: 1.07131 tp: 1.06236
0	15:31:55.877	'1809640': order #43549878 sell 0.01 EURUSD at 1.06708 was modified -> sl: 1.07131 tp: 1.06236
0	15:31:55.877	'1809640': modify order #43550137 sell 0.01 EURUSD at 1.06756 sl: 1.07178 tp: 1.06252 -> sl: 1.07178 tp: 1.06236
0	15:31:56.198	'1809640': order #43550137 sell 0.01 EURUSD at 1.06756 was modified -> sl: 1.07178 tp: 1.06236
0	15:31:56.198	'1809640': modify order #43550251 sell 0.01 EURUSD at 1.06758 sl: 1.07178 tp: 1.06252 -> sl: 1.07178 tp: 1.06236
0	15:31:56.526	'1809640': order #43550251 sell 0.01 EURUSD at 1.06758 was modified -> sl: 1.07178 tp: 1.06236
0	15:34:07.313	'1809640': modify order #43527335 sell 0.01 EURUSD at 1.07219 sl: 1.07647 tp: 1.06236 -> sl: 1.07647 tp: 1.06206
0	15:34:07.739	'1809640': order #43527335 sell 0.01 EURUSD at 1.07219 was modified -> sl: 1.07647 tp: 1.06206
0	15:34:07.739	'1809640': modify order #43537380 sell 0.01 EURUSD at 1.07363 sl: 1.07784 tp: 1.06237 -> sl: 1.07784 tp: 1.06205
0	15:34:08.096	'1809640': order #43537380 sell 0.01 EURUSD at 1.07363 was modified -> sl: 1.07784 tp: 1.06205
0	15:34:08.133	'1809640': modify order #43540736 sell 0.01 EURUSD at 1.07133 sl: 1.07554 tp: 1.06237 -> sl: 1.07554 tp: 1.06205
0	15:34:08.587	'1809640': order #43540736 sell 0.01 EURUSD at 1.07133 was modified -> sl: 1.07554 tp: 1.06205
0	15:34:08.619	'1809640': modify order #43547510 sell 0.01 EURUSD at 1.06926 sl: 1.07346 tp: 1.06237 -> sl: 1.07346 tp: 1.06205
0	15:34:09.012	'1809640': order #43547510 sell 0.01 EURUSD at 1.06926 was modified -> sl: 1.07346 tp: 1.06205
0	15:34:09.012	'1809640': modify order #43549023 sell 0.01 EURUSD at 1.06770 sl: 1.07189 tp: 1.06236 -> sl: 1.07189 tp: 1.06204
0	15:34:09.406	'1809640': order #43549023 sell 0.01 EURUSD at 1.06770 was modified -> sl: 1.07189 tp: 1.06204
0	15:34:09.596	'1809640': modify order #43549878 sell 0.01 EURUSD at 1.06708 sl: 1.07131 tp: 1.06236 -> sl: 1.07131 tp: 1.06203
0	15:34:09.856	'1809640': order #43546658 buy 0.01 EURUSD at 1.07040 closed due stop-loss at price 1.06619
0	15:34:09.856	'1809640': order #43549878 sell 0.01 EURUSD at 1.06708 was modified -> sl: 1.07131 tp: 1.06203
0	15:34:09.888	'1809640': modify order #43550251 sell 0.01 EURUSD at 1.06758 sl: 1.07178 tp: 1.06236 -> sl: 1.07178 tp: 1.06206
0	15:34:10.213	'1809640': order #43547220 buy 0.01 EURUSD at 1.07034 closed due stop-loss at price 1.06614
0	15:34:10.566	'1809640': order #43550251 sell 0.01 EURUSD at 1.06758 was modified -> sl: 1.07178 tp: 1.06206
0	15:34:21.331	'1809640': order sell market 0.01 EURUSD sl: 1.07056 tp: 1.06194
0	15:34:22.114	'1809640': order was opened : #43562156 sell 0.01 EURUSD at 1.06636 sl: 1.07056 tp: 1.06194
0	15:36:19.424	'1809640': modify order #43549526 sell 0.01 EURUSD at 1.06698 sl: 1.07122 tp: 1.06552 -> sl: 1.07122 tp: 1.06542
0	15:36:20.597	'1809640': order #43549526 sell 0.01 EURUSD at 1.06698 was modified -> sl: 1.07122 tp: 1.06542
0	15:39:08.515	'1809640': modify order #43550137 sell 0.01 EURUSD at 1.06756 sl: 1.07178 tp: 1.06236 -> sl: 1.07178 tp: 1.06215
0	15:39:09.196	'1809640': order #43550137 sell 0.01 EURUSD at 1.06756 was modified -> sl: 1.07178 tp: 1.06215
0	15:40:00.086	'1809640': order sell market 0.01 EURUSD sl: 1.07106 tp: 1.06246
0	15:40:00.932	'1809640': order was opened : #43562337 sell 0.01 EURUSD at 1.06686 sl: 1.07106 tp: 1.06246
0	15:41:24.644	'1809640': modify order #43562337 sell 0.01 EURUSD at 1.06686 sl: 1.07106 tp: 1.06246 -> sl: 1.07106 tp: 1.06236
0	15:41:25.488	'1809640': order #43562337 sell 0.01 EURUSD at 1.06686 was modified -> sl: 1.07106 tp: 1.06236
0	15:46:38.970	'1809640': modify order #43562337 sell 0.01 EURUSD at 1.06686 sl: 1.07106 tp: 1.06236 -> sl: 1.07106 tp: 1.06222
0	15:46:39.295	'1809640': order #43562337 sell 0.01 EURUSD at 1.06686 was modified -> sl: 1.07106 tp: 1.06222
0	15:48:25.010	'1809640': modify order #43550308 sell 0.01 EURUSD at 1.06778 sl: 1.07199 tp: 1.06573 -> sl: 1.07199 tp: 1.06564
0	15:48:25.719	'1809640': order #43550308 sell 0.01 EURUSD at 1.06778 was modified -> sl: 1.07199 tp: 1.06564
0	15:50:24.173	'1809640': modify order #43550308 sell 0.01 EURUSD at 1.06778 sl: 1.07199 tp: 1.06564 -> sl: 1.07199 tp: 1.06552
0	15:50:24.587	'1809640': order #43550308 sell 0.01 EURUSD at 1.06778 was modified -> sl: 1.07199 tp: 1.06552
0	15:54:21.863	'1809640': modify order #43550308 sell 0.01 EURUSD at 1.06778 sl: 1.07199 tp: 1.06552 -> sl: 1.07199 tp: 1.06549
0	15:54:22.609	'1809640': order #43550308 sell 0.01 EURUSD at 1.06778 was modified -> sl: 1.07199 tp: 1.06549
0	15:59:06.892	'1809640': modify order #43550308 sell 0.01 EURUSD at 1.06778 sl: 1.07199 tp: 1.06549 -> sl: 1.07199 tp: 1.06548
0	15:59:07.281	'1809640': order #43550308 sell 0.01 EURUSD at 1.06778 was modified -> sl: 1.07199 tp: 1.06548
0	16:00:03.795	'1809640': modify order #43527335 sell 0.01 EURUSD at 1.07219 sl: 1.07647 tp: 1.06206 -> sl: 1.07647 tp: 1.06204
0	16:00:04.538	'1809640': order #43527335 sell 0.01 EURUSD at 1.07219 was modified -> sl: 1.07647 tp: 1.06204
0	16:00:04.538	'1809640': modify order #43537380 sell 0.01 EURUSD at 1.07363 sl: 1.07784 tp: 1.06205 -> sl: 1.07784 tp: 1.06204
0	16:00:04.962	'1809640': order #43537380 sell 0.01 EURUSD at 1.07363 was modified -> sl: 1.07784 tp: 1.06204
0	16:00:04.962	'1809640': modify order #43540736 sell 0.01 EURUSD at 1.07133 sl: 1.07554 tp: 1.06205 -> sl: 1.07554 tp: 1.06204
0	16:00:05.452	'1809640': order #43540736 sell 0.01 EURUSD at 1.07133 was modified -> sl: 1.07554 tp: 1.06204
0	16:00:05.452	'1809640': modify order #43547510 sell 0.01 EURUSD at 1.06926 sl: 1.07346 tp: 1.06205 -> sl: 1.07346 tp: 1.06204
0	16:00:05.809	'1809640': order #43547510 sell 0.01 EURUSD at 1.06926 was modified -> sl: 1.07346 tp: 1.06204
0	16:00:05.842	'1809640': modify order #43550137 sell 0.01 EURUSD at 1.06756 sl: 1.07178 tp: 1.06215 -> sl: 1.07178 tp: 1.06204
0	16:00:06.264	'1809640': order #43550137 sell 0.01 EURUSD at 1.06756 was modified -> sl: 1.07178 tp: 1.06204
0	16:00:06.264	'1809640': modify order #43550251 sell 0.01 EURUSD at 1.06758 sl: 1.07178 tp: 1.06206 -> sl: 1.07178 tp: 1.06204
0	16:00:06.527	'1809640': order #43550251 sell 0.01 EURUSD at 1.06758 was modified -> sl: 1.07178 tp: 1.06204
0	16:00:06.527	'1809640': modify order #43550308 sell 0.01 EURUSD at 1.06778 sl: 1.07199 tp: 1.06548 -> sl: 1.07199 tp: 1.06541
0	16:00:06.917	'1809640': order #43550308 sell 0.01 EURUSD at 1.06778 was modified -> sl: 1.07199 tp: 1.06541
0	16:00:06.917	'1809640': modify order #43562337 sell 0.01 EURUSD at 1.06686 sl: 1.07106 tp: 1.06222 -> sl: 1.07106 tp: 1.06205
0	16:00:07.375	'1809640': order #43562337 sell 0.01 EURUSD at 1.06686 was modified -> sl: 1.07106 tp: 1.06205
0	16:03:29.135	'1809640': modify order #43550308 sell 0.01 EURUSD at 1.06778 sl: 1.07199 tp: 1.06541 -> sl: 1.07199 tp: 1.06515
0	16:03:29.922	'1809640': order #43550308 sell 0.01 EURUSD at 1.06778 was modified -> sl: 1.07199 tp: 1.06515
0	16:06:17.982	'1809640': modify order #43527335 sell 0.01 EURUSD at 1.07219 sl: 1.07647 tp: 1.06204 -> sl: 1.07647 tp: 1.06145
0	16:06:18.599	'1809640': order #43527335 sell 0.01 EURUSD at 1.07219 was modified -> sl: 1.07647 tp: 1.06145
0	16:06:18.599	'1809640': modify order #43537380 sell 0.01 EURUSD at 1.07363 sl: 1.07784 tp: 1.06204 -> sl: 1.07784 tp: 1.06147
0	16:06:19.081	'1809640': order #43537380 sell 0.01 EURUSD at 1.07363 was modified -> sl: 1.07784 tp: 1.06147
0	16:06:19.081	'1809640': modify order #43540736 sell 0.01 EURUSD at 1.07133 sl: 1.07554 tp: 1.06204 -> sl: 1.07554 tp: 1.06147
0	16:06:19.438	'1809640': order #43540736 sell 0.01 EURUSD at 1.07133 was modified -> sl: 1.07554 tp: 1.06147
0	16:06:19.438	'1809640': modify order #43547510 sell 0.01 EURUSD at 1.06926 sl: 1.07346 tp: 1.06204 -> sl: 1.07346 tp: 1.06147
0	16:06:19.889	'1809640': order #43547510 sell 0.01 EURUSD at 1.06926 was modified -> sl: 1.07346 tp: 1.06147
0	16:06:19.921	'1809640': modify order #43549023 sell 0.01 EURUSD at 1.06770 sl: 1.07189 tp: 1.06204 -> sl: 1.07189 tp: 1.06148
0	16:06:20.282	'1809640': order #43549023 sell 0.01 EURUSD at 1.06770 was modified -> sl: 1.07189 tp: 1.06148
0	16:06:20.282	'1809640': modify order #43549878 sell 0.01 EURUSD at 1.06708 sl: 1.07131 tp: 1.06203 -> sl: 1.07131 tp: 1.06147
0	16:06:20.676	'1809640': order #43549878 sell 0.01 EURUSD at 1.06708 was modified -> sl: 1.07131 tp: 1.06147
0	16:06:20.708	'1809640': modify order #43550137 sell 0.01 EURUSD at 1.06756 sl: 1.07178 tp: 1.06204 -> sl: 1.07178 tp: 1.06147
0	16:06:21.130	'1809640': order #43550137 sell 0.01 EURUSD at 1.06756 was modified -> sl: 1.07178 tp: 1.06147
0	16:06:21.191	'1809640': modify order #43550251 sell 0.01 EURUSD at 1.06758 sl: 1.07178 tp: 1.06204 -> sl: 1.07178 tp: 1.06146
0	16:06:21.682	'1809640': order #43550251 sell 0.01 EURUSD at 1.06758 was modified -> sl: 1.07178 tp: 1.06146
0	16:06:21.715	'1809640': modify order #43562156 sell 0.01 EURUSD at 1.06636 sl: 1.07056 tp: 1.06194 -> sl: 1.07056 tp: 1.06147
0	16:06:22.011	'1809640': order #43562156 sell 0.01 EURUSD at 1.06636 was modified -> sl: 1.07056 tp: 1.06147
0	16:06:22.011	'1809640': modify order #43562337 sell 0.01 EURUSD at 1.06686 sl: 1.07106 tp: 1.06205 -> sl: 1.07106 tp: 1.06147
0	16:06:22.498	'1809640': order #43562337 sell 0.01 EURUSD at 1.06686 was modified -> sl: 1.07106 tp: 1.06147
0	16:08:49.182	'1809640': modify order #43527335 sell 0.01 EURUSD at 1.07219 sl: 1.07647 tp: 1.06145 -> sl: 1.07647 tp: 1.06125
0	16:08:49.701	'1809640': order #43527335 sell 0.01 EURUSD at 1.07219 was modified -> sl: 1.07647 tp: 1.06125
0	16:08:49.701	'1809640': modify order #43537380 sell 0.01 EURUSD at 1.07363 sl: 1.07784 tp: 1.06147 -> sl: 1.07784 tp: 1.06124
0	16:08:50.091	'1809640': order #43537380 sell 0.01 EURUSD at 1.07363 was modified -> sl: 1.07784 tp: 1.06124
0	16:08:50.155	'1809640': modify order #43540736 sell 0.01 EURUSD at 1.07133 sl: 1.07554 tp: 1.06147 -> sl: 1.07554 tp: 1.06125
0	16:08:50.706	'1809640': order #43540736 sell 0.01 EURUSD at 1.07133 was modified -> sl: 1.07554 tp: 1.06125
0	16:08:50.706	'1809640': modify order #43547510 sell 0.01 EURUSD at 1.06926 sl: 1.07346 tp: 1.06147 -> sl: 1.07346 tp: 1.06125
0	16:08:51.161	'1809640': order #43547510 sell 0.01 EURUSD at 1.06926 was modified -> sl: 1.07346 tp: 1.06125
0	16:08:51.161	'1809640': modify order #43549023 sell 0.01 EURUSD at 1.06770 sl: 1.07189 tp: 1.06148 -> sl: 1.07189 tp: 1.06125
0	16:08:51.518	'1809640': order #43549023 sell 0.01 EURUSD at 1.06770 was modified -> sl: 1.07189 tp: 1.06125
0	16:08:51.518	'1809640': modify order #43549878 sell 0.01 EURUSD at 1.06708 sl: 1.07131 tp: 1.06147 -> sl: 1.07131 tp: 1.06125
0	16:08:51.879	'1809640': order #43549878 sell 0.01 EURUSD at 1.06708 was modified -> sl: 1.07131 tp: 1.06125
0	16:08:51.879	'1809640': modify order #43550137 sell 0.01 EURUSD at 1.06756 sl: 1.07178 tp: 1.06147 -> sl: 1.07178 tp: 1.06125
0	16:08:52.399	'1809640': order #43550137 sell 0.01 EURUSD at 1.06756 was modified -> sl: 1.07178 tp: 1.06125
0	16:08:52.399	'1809640': modify order #43550251 sell 0.01 EURUSD at 1.06758 sl: 1.07178 tp: 1.06146 -> sl: 1.07178 tp: 1.06124
0	16:08:52.853	'1809640': order #43550251 sell 0.01 EURUSD at 1.06758 was modified -> sl: 1.07178 tp: 1.06124
0	16:08:52.853	'1809640': modify order #43550308 sell 0.01 EURUSD at 1.06778 sl: 1.07199 tp: 1.06515 -> sl: 1.07199 tp: 1.06492
0	16:08:53.181	'1809640': order #43550308 sell 0.01 EURUSD at 1.06778 was modified -> sl: 1.07199 tp: 1.06492
0	16:08:53.181	'1809640': modify order #43562156 sell 0.01 EURUSD at 1.06636 sl: 1.07056 tp: 1.06147 -> sl: 1.07056 tp: 1.06124
0	16:08:53.603	'1809640': order #43562156 sell 0.01 EURUSD at 1.06636 was modified -> sl: 1.07056 tp: 1.06124
0	16:08:53.603	'1809640': modify order #43562337 sell 0.01 EURUSD at 1.06686 sl: 1.07106 tp: 1.06147 -> sl: 1.07106 tp: 1.06126
0	16:08:54.029	'1809640': order #43562337 sell 0.01 EURUSD at 1.06686 was modified -> sl: 1.07106 tp: 1.06126
0	16:11:51.690	'1809640': modify order #43527335 sell 0.01 EURUSD at 1.07219 sl: 1.07647 tp: 1.06125 -> sl: 1.07647 tp: 1.06122
0	16:11:52.339	'1809640': order #43527335 sell 0.01 EURUSD at 1.07219 was modified -> sl: 1.07647 tp: 1.06122
0	16:11:52.339	'1809640': modify order #43537380 sell 0.01 EURUSD at 1.07363 sl: 1.07784 tp: 1.06124 -> sl: 1.07784 tp: 1.06122
0	16:11:52.571	'1809640': order #43537380 sell 0.01 EURUSD at 1.07363 was modified -> sl: 1.07784 tp: 1.06122
0	16:11:52.571	'1809640': modify order #43540736 sell 0.01 EURUSD at 1.07133 sl: 1.07554 tp: 1.06125 -> sl: 1.07554 tp: 1.06123
0	16:11:52.928	'1809640': order #43540736 sell 0.01 EURUSD at 1.07133 was modified -> sl: 1.07554 tp: 1.06123
0	16:11:52.928	'1809640': modify order #43547510 sell 0.01 EURUSD at 1.06926 sl: 1.07346 tp: 1.06125 -> sl: 1.07346 tp: 1.06122
0	16:11:53.346	'1809640': order #43547510 sell 0.01 EURUSD at 1.06926 was modified -> sl: 1.07346 tp: 1.06122
0	16:11:53.573	'1809640': modify order #43549023 sell 0.01 EURUSD at 1.06770 sl: 1.07189 tp: 1.06125 -> sl: 1.07189 tp: 1.06122
0	16:11:53.959	'1809640': order #43549023 sell 0.01 EURUSD at 1.06770 was modified -> sl: 1.07189 tp: 1.06122
0	16:11:53.959	'1809640': modify order #43549878 sell 0.01 EURUSD at 1.06708 sl: 1.07131 tp: 1.06125 -> sl: 1.07131 tp: 1.06123
0	16:11:54.385	'1809640': order #43549878 sell 0.01 EURUSD at 1.06708 was modified -> sl: 1.07131 tp: 1.06123
0	16:11:54.417	'1809640': modify order #43550137 sell 0.01 EURUSD at 1.06756 sl: 1.07178 tp: 1.06125 -> sl: 1.07178 tp: 1.06122
0	16:11:54.799	'1809640': order #43550137 sell 0.01 EURUSD at 1.06756 was modified -> sl: 1.07178 tp: 1.06122
0	16:11:54.799	'1809640': modify order #43550251 sell 0.01 EURUSD at 1.06758 sl: 1.07178 tp: 1.06124 -> sl: 1.07178 tp: 1.06122
0	16:11:55.317	'1809640': order #43550251 sell 0.01 EURUSD at 1.06758 was modified -> sl: 1.07178 tp: 1.06122
0	16:11:55.317	'1809640': modify order #43562156 sell 0.01 EURUSD at 1.06636 sl: 1.07056 tp: 1.06124 -> sl: 1.07056 tp: 1.06122
0	16:11:55.707	'1809640': order #43562156 sell 0.01 EURUSD at 1.06636 was modified -> sl: 1.07056 tp: 1.06122
0	16:11:55.707	'1809640': modify order #43562337 sell 0.01 EURUSD at 1.06686 sl: 1.07106 tp: 1.06126 -> sl: 1.07106 tp: 1.06122
0	16:11:56.129	'1809640': order #43562337 sell 0.01 EURUSD at 1.06686 was modified -> sl: 1.07106 tp: 1.06122
0	16:14:31.951	'1809640': modify order #43549526 sell 0.01 EURUSD at 1.06698 sl: 1.07122 tp: 1.06542 -> sl: 1.07122 tp: 1.06484
0	16:14:33.833	'1809640': order #43549526 sell 0.01 EURUSD at 1.06698 was modified -> sl: 1.07122 tp: 1.06484
0	16:14:33.833	'1809640': modify order #43550308 sell 0.01 EURUSD at 1.06778 sl: 1.07199 tp: 1.06492 -> sl: 1.07199 tp: 1.06460
0	16:14:34.214	'1809640': order #43550308 sell 0.01 EURUSD at 1.06778 was modified -> sl: 1.07199 tp: 1.06460
0	16:17:26.302	'1809640': modify order #43549526 sell 0.01 EURUSD at 1.06698 sl: 1.07122 tp: 1.06484 -> sl: 1.07122 tp: 1.06449
0	16:17:26.756	'1809640': order #43549526 sell 0.01 EURUSD at 1.06698 was modified -> sl: 1.07122 tp: 1.06449
0	16:21:29.658	'1809640': modify order #43527335 sell 0.01 EURUSD at 1.07219 sl: 1.07647 tp: 1.06122 -> sl: 1.07647 tp: 1.06075
0	16:21:30.019	'1809640': order #43527335 sell 0.01 EURUSD at 1.07219 was modified -> sl: 1.07647 tp: 1.06075
0	16:21:30.084	'1809640': modify order #43537380 sell 0.01 EURUSD at 1.07363 sl: 1.07784 tp: 1.06122 -> sl: 1.07784 tp: 1.06075
0	16:21:30.473	'1809640': order #43537380 sell 0.01 EURUSD at 1.07363 was modified -> sl: 1.07784 tp: 1.06075
0	16:21:30.473	'1809640': modify order #43540736 sell 0.01 EURUSD at 1.07133 sl: 1.07554 tp: 1.06123 -> sl: 1.07554 tp: 1.06075
0	16:21:30.704	'1809640': order #43540736 sell 0.01 EURUSD at 1.07133 was modified -> sl: 1.07554 tp: 1.06075
0	16:21:30.704	'1809640': modify order #43547510 sell 0.01 EURUSD at 1.06926 sl: 1.07346 tp: 1.06122 -> sl: 1.07346 tp: 1.06075
0	16:21:31.093	'1809640': order #43547510 sell 0.01 EURUSD at 1.06926 was modified -> sl: 1.07346 tp: 1.06075
0	16:21:31.259	'1809640': modify order #43549023 sell 0.01 EURUSD at 1.06770 sl: 1.07189 tp: 1.06122 -> sl: 1.07189 tp: 1.06076
0	16:21:31.681	'1809640': order #43549023 sell 0.01 EURUSD at 1.06770 was modified -> sl: 1.07189 tp: 1.06076
0	16:21:31.681	'1809640': modify order #43549526 sell 0.01 EURUSD at 1.06698 sl: 1.07122 tp: 1.06449 -> sl: 1.07122 tp: 1.06437
0	16:21:32.204	'1809640': order #43549526 sell 0.01 EURUSD at 1.06698 was modified -> sl: 1.07122 tp: 1.06437
0	16:21:32.268	'1809640': modify order #43549878 sell 0.01 EURUSD at 1.06708 sl: 1.07131 tp: 1.06123 -> sl: 1.07131 tp: 1.06075
0	16:21:32.597	'1809640': order #43549878 sell 0.01 EURUSD at 1.06708 was modified -> sl: 1.07131 tp: 1.06075
0	16:21:32.694	'1809640': modify order #43550137 sell 0.01 EURUSD at 1.06756 sl: 1.07178 tp: 1.06122 -> sl: 1.07178 tp: 1.06075
0	16:21:32.925	'1809640': order #43550137 sell 0.01 EURUSD at 1.06756 was modified -> sl: 1.07178 tp: 1.06075
0	16:21:33.056	'1809640': modify order #43550251 sell 0.01 EURUSD at 1.06758 sl: 1.07178 tp: 1.06122 -> sl: 1.07178 tp: 1.06075
0	16:21:33.513	'1809640': order #43550251 sell 0.01 EURUSD at 1.06758 was modified -> sl: 1.07178 tp: 1.06075
0	16:21:33.545	'1809640': modify order #43550308 sell 0.01 EURUSD at 1.06778 sl: 1.07199 tp: 1.06460 -> sl: 1.07199 tp: 1.06440
0	16:21:33.971	'1809640': order #43550308 sell 0.01 EURUSD at 1.06778 was modified -> sl: 1.07199 tp: 1.06440
0	16:21:34.003	'1809640': modify order #43562156 sell 0.01 EURUSD at 1.06636 sl: 1.07056 tp: 1.06122 -> sl: 1.07056 tp: 1.06074
0	16:21:34.425	'1809640': order #43562156 sell 0.01 EURUSD at 1.06636 was modified -> sl: 1.07056 tp: 1.06074
0	16:21:34.623	'1809640': modify order #43562337 sell 0.01 EURUSD at 1.06686 sl: 1.07106 tp: 1.06122 -> sl: 1.07106 tp: 1.06075
0	16:21:35.081	'1809640': order #43562337 sell 0.01 EURUSD at 1.06686 was modified -> sl: 1.07106 tp: 1.06075
0	16:25:03.936	'1809640': modify order #43527335 sell 0.01 EURUSD at 1.07219 sl: 1.07647 tp: 1.06075 -> sl: 1.07647 tp: 1.06073
0	16:25:04.686	'1809640': order #43527335 sell 0.01 EURUSD at 1.07219 was modified -> sl: 1.07647 tp: 1.06073
0	16:25:04.686	'1809640': modify order #43537380 sell 0.01 EURUSD at 1.07363 sl: 1.07784 tp: 1.06075 -> sl: 1.07784 tp: 1.06074
0	16:25:05.108	'1809640': order #43537380 sell 0.01 EURUSD at 1.07363 was modified -> sl: 1.07784 tp: 1.06074
0	16:25:05.177	'1809640': modify order #43540736 sell 0.01 EURUSD at 1.07133 sl: 1.07554 tp: 1.06075 -> sl: 1.07554 tp: 1.06073
0	16:25:05.697	'1809640': order #43540736 sell 0.01 EURUSD at 1.07133 was modified -> sl: 1.07554 tp: 1.06073
0	16:25:05.697	'1809640': modify order #43547510 sell 0.01 EURUSD at 1.06926 sl: 1.07346 tp: 1.06075 -> sl: 1.07346 tp: 1.06073
0	16:25:06.244	'1809640': order #43547510 sell 0.01 EURUSD at 1.06926 was modified -> sl: 1.07346 tp: 1.06073
0	16:25:06.244	'1809640': modify order #43549023 sell 0.01 EURUSD at 1.06770 sl: 1.07189 tp: 1.06076 -> sl: 1.07189 tp: 1.06073
0	16:25:06.667	'1809640': order #43549023 sell 0.01 EURUSD at 1.06770 was modified -> sl: 1.07189 tp: 1.06073
0	16:25:06.869	'1809640': modify order #43549526 sell 0.01 EURUSD at 1.06698 sl: 1.07122 tp: 1.06437 -> sl: 1.07122 tp: 1.06416
0	16:25:07.322	'1809640': order #43549526 sell 0.01 EURUSD at 1.06698 was modified -> sl: 1.07122 tp: 1.06416
0	16:25:07.353	'1809640': modify order #43549878 sell 0.01 EURUSD at 1.06708 sl: 1.07131 tp: 1.06075 -> sl: 1.07131 tp: 1.06072
0	16:25:07.744	'1809640': order #43549878 sell 0.01 EURUSD at 1.06708 was modified -> sl: 1.07131 tp: 1.06072
0	16:25:07.806	'1809640': modify order #43550137 sell 0.01 EURUSD at 1.06756 sl: 1.07178 tp: 1.06075 -> sl: 1.07178 tp: 1.06072
0	16:25:08.168	'1809640': order #43550137 sell 0.01 EURUSD at 1.06756 was modified -> sl: 1.07178 tp: 1.06072
0	16:25:08.233	'1809640': modify order #43550251 sell 0.01 EURUSD at 1.06758 sl: 1.07178 tp: 1.06075 -> sl: 1.07178 tp: 1.06072
0	16:25:08.561	'1809640': order #43550251 sell 0.01 EURUSD at 1.06758 was modified -> sl: 1.07178 tp: 1.06072
0	16:25:08.594	'1809640': modify order #43550308 sell 0.01 EURUSD at 1.06778 sl: 1.07199 tp: 1.06440 -> sl: 1.07199 tp: 1.06408
0	16:25:08.886	'1809640': order #43550308 sell 0.01 EURUSD at 1.06778 was modified -> sl: 1.07199 tp: 1.06408
0	16:25:08.988	'1809640': modify order #43562156 sell 0.01 EURUSD at 1.06636 sl: 1.07056 tp: 1.06074 -> sl: 1.07056 tp: 1.06071
0	16:25:09.308	'1809640': order #43562156 sell 0.01 EURUSD at 1.06636 was modified -> sl: 1.07056 tp: 1.06071
0	16:25:09.345	'1809640': modify order #43562337 sell 0.01 EURUSD at 1.06686 sl: 1.07106 tp: 1.06075 -> sl: 1.07106 tp: 1.06072
0	16:25:09.662	'1809640': order #43562337 sell 0.01 EURUSD at 1.06686 was modified -> sl: 1.07106 tp: 1.06072
0	16:27:46.933	'1809640': modify order #43527335 sell 0.01 EURUSD at 1.07219 sl: 1.07647 tp: 1.06073 -> sl: 1.07647 tp: 1.06049
0	16:27:47.424	'1809640': order #43527335 sell 0.01 EURUSD at 1.07219 was modified -> sl: 1.07647 tp: 1.06049
0	16:27:47.424	'1809640': modify order #43537380 sell 0.01 EURUSD at 1.07363 sl: 1.07784 tp: 1.06074 -> sl: 1.07784 tp: 1.06049
0	16:27:47.785	'1809640': order #43537380 sell 0.01 EURUSD at 1.07363 was modified -> sl: 1.07784 tp: 1.06049
0	16:27:47.845	'1809640': modify order #43540736 sell 0.01 EURUSD at 1.07133 sl: 1.07554 tp: 1.06073 -> sl: 1.07554 tp: 1.06049
0	16:27:48.271	'1809640': order #43540736 sell 0.01 EURUSD at 1.07133 was modified -> sl: 1.07554 tp: 1.06049
0	16:27:48.498	'1809640': modify order #43547510 sell 0.01 EURUSD at 1.06926 sl: 1.07346 tp: 1.06073 -> sl: 1.07346 tp: 1.06049
0	16:27:48.827	'1809640': order #43547510 sell 0.01 EURUSD at 1.06926 was modified -> sl: 1.07346 tp: 1.06049
0	16:27:48.859	'1809640': modify order #43549023 sell 0.01 EURUSD at 1.06770 sl: 1.07189 tp: 1.06073 -> sl: 1.07189 tp: 1.06050
0	16:27:49.183	'1809640': order #43549023 sell 0.01 EURUSD at 1.06770 was modified -> sl: 1.07189 tp: 1.06050
0	16:27:49.313	'1809640': modify order #43549526 sell 0.01 EURUSD at 1.06698 sl: 1.07122 tp: 1.06416 -> sl: 1.07122 tp: 1.06407
0	16:27:49.832	'1809640': order #43549526 sell 0.01 EURUSD at 1.06698 was modified -> sl: 1.07122 tp: 1.06407
0	16:27:50.120	'1809640': modify order #43549878 sell 0.01 EURUSD at 1.06708 sl: 1.07131 tp: 1.06072 -> sl: 1.07131 tp: 1.06049
0	16:27:50.384	'1809640': order #43549878 sell 0.01 EURUSD at 1.06708 was modified -> sl: 1.07131 tp: 1.06049
0	16:27:50.384	'1809640': modify order #43550137 sell 0.01 EURUSD at 1.06756 sl: 1.07178 tp: 1.06072 -> sl: 1.07178 tp: 1.06048
0	16:27:50.775	'1809640': order #43550137 sell 0.01 EURUSD at 1.06756 was modified -> sl: 1.07178 tp: 1.06048
0	16:27:50.838	'1809640': modify order #43550251 sell 0.01 EURUSD at 1.06758 sl: 1.07178 tp: 1.06072 -> sl: 1.07178 tp: 1.06048
0	16:27:51.292	'1809640': order #43550251 sell 0.01 EURUSD at 1.06758 was modified -> sl: 1.07178 tp: 1.06048
0	16:27:51.357	'1809640': modify order #43550308 sell 0.01 EURUSD at 1.06778 sl: 1.07199 tp: 1.06408 -> sl: 1.07199 tp: 1.06384
0	16:27:51.515	'1809640': order #43550308 sell 0.01 EURUSD at 1.06778 was modified -> sl: 1.07199 tp: 1.06384
0	16:27:51.580	'1809640': modify order #43562156 sell 0.01 EURUSD at 1.06636 sl: 1.07056 tp: 1.06071 -> sl: 1.07056 tp: 1.06049
0	16:27:51.966	'1809640': order #43562156 sell 0.01 EURUSD at 1.06636 was modified -> sl: 1.07056 tp: 1.06049
0	16:27:51.998	'1809640': modify order #43562337 sell 0.01 EURUSD at 1.06686 sl: 1.07106 tp: 1.06072 -> sl: 1.07106 tp: 1.06049
0	16:27:52.326	'1809640': order #43562337 sell 0.01 EURUSD at 1.06686 was modified -> sl: 1.07106 tp: 1.06049
0	16:28:15.065	'1809640': order #43524865 buy 0.01 EURUSD at 1.06868 closed due stop-loss at price 1.06450
0	16:30:06.634	'1809640': modify order #43549526 sell 0.01 EURUSD at 1.06698 sl: 1.07122 tp: 1.06407 -> sl: 1.07122 tp: 1.06404
0	16:30:06.984	'1809640': order #43549526 sell 0.01 EURUSD at 1.06698 was modified -> sl: 1.07122 tp: 1.06404
0	16:30:06.984	'1809640': modify order #43550308 sell 0.01 EURUSD at 1.06778 sl: 1.07199 tp: 1.06384 -> sl: 1.07199 tp: 1.06380
0	16:30:07.410	'1809640': order #43550308 sell 0.01 EURUSD at 1.06778 was modified -> sl: 1.07199 tp: 1.06380
0	16:32:19.410	'1809640': order sell market 0.01 EURUSD sl: 1.06916 tp: 1.06056
0	16:32:20.121	'1809640': order was opened : #43564468 sell 0.01 EURUSD at 1.06496 sl: 1.06916 tp: 1.06056
0	16:35:13.096	'1809640': modify order #43549526 sell 0.01 EURUSD at 1.06698 sl: 1.07122 tp: 1.06404 -> sl: 1.07122 tp: 1.06402
0	16:35:13.582	'1809640': order #43549526 sell 0.01 EURUSD at 1.06698 was modified -> sl: 1.07122 tp: 1.06402
0	16:35:13.582	'1809640': modify order #43550308 sell 0.01 EURUSD at 1.06778 sl: 1.07199 tp: 1.06380 -> sl: 1.07199 tp: 1.06363
0	16:35:13.968	'1809640': order #43550308 sell 0.01 EURUSD at 1.06778 was modified -> sl: 1.07199 tp: 1.06363
0	16:35:13.968	'1809640': modify order #43564468 sell 0.01 EURUSD at 1.06496 sl: 1.06916 tp: 1.06056 -> sl: 1.06916 tp: 1.06055
0	16:35:14.325	'1809640': order #43564468 sell 0.01 EURUSD at 1.06496 was modified -> sl: 1.06916 tp: 1.06055
0	16:38:44.335	'1809640': modify order #43549526 sell 0.01 EURUSD at 1.06698 sl: 1.07122 tp: 1.06402 -> sl: 1.07122 tp: 1.06392
0	16:38:44.822	'1809640': order #43549526 sell 0.01 EURUSD at 1.06698 was modified -> sl: 1.07122 tp: 1.06392
0	16:38:44.919	'1809640': modify order #43550308 sell 0.01 EURUSD at 1.06778 sl: 1.07199 tp: 1.06363 -> sl: 1.07199 tp: 1.06350
0	16:38:45.346	'1809640': order #43550308 sell 0.01 EURUSD at 1.06778 was modified -> sl: 1.07199 tp: 1.06350
0	16:42:36.036	'1809640': modify order #43549526 sell 0.01 EURUSD at 1.06698 sl: 1.07122 tp: 1.06392 -> sl: 1.07122 tp: 1.06389
0	16:42:37.175	'1809640': order #43549526 sell 0.01 EURUSD at 1.06698 was modified -> sl: 1.07122 tp: 1.06389
0	16:42:37.240	'1809640': modify order #43550308 sell 0.01 EURUSD at 1.06778 sl: 1.07199 tp: 1.06350 -> sl: 1.07199 tp: 1.06349
0	16:42:37.593	'1809640': order #43550308 sell 0.01 EURUSD at 1.06778 was modified -> sl: 1.07199 tp: 1.06349
0	17:14:41.043	'1809640': login on Tripleafx-FX-Demo through FX-Demo-01
0	17:15:07.225	'1809640': ping to current access point FX-Demo-01 is 158.12 ms
1	17:23:10.950	'1809640': ping failed
1	17:23:32.148	'1809640': connect failed [No connection]
0	17:26:48.560	'1809640': login on Tripleafx-FX-Demo through FX-Demo-01
0	17:35:49.081	'1809640': modify order #43527335 sell 0.01 EURUSD at 1.07219 sl: 1.07647 tp: 1.06049 -> sl: 1.07647 tp: 1.05983
0	17:35:49.669	'1809640': order #43527335 sell 0.01 EURUSD at 1.07219 was modified -> sl: 1.07647 tp: 1.05983
0	17:35:49.669	'1809640': modify order #43537380 sell 0.01 EURUSD at 1.07363 sl: 1.07784 tp: 1.06049 -> sl: 1.07784 tp: 1.05983
0	17:35:50.059	'1809640': order #43537380 sell 0.01 EURUSD at 1.07363 was modified -> sl: 1.07784 tp: 1.05983
0	17:35:50.156	'1809640': modify order #43540736 sell 0.01 EURUSD at 1.07133 sl: 1.07554 tp: 1.06049 -> sl: 1.07554 tp: 1.05983
0	17:35:50.676	'1809640': order #43540736 sell 0.01 EURUSD at 1.07133 was modified -> sl: 1.07554 tp: 1.05983
0	17:35:50.676	'1809640': modify order #43547510 sell 0.01 EURUSD at 1.06926 sl: 1.07346 tp: 1.06049 -> sl: 1.07346 tp: 1.05985
0	17:35:51.037	'1809640': order #43547510 sell 0.01 EURUSD at 1.06926 was modified -> sl: 1.07346 tp: 1.05985
0	17:35:51.134	'1809640': modify order #43549023 sell 0.01 EURUSD at 1.06770 sl: 1.07189 tp: 1.06050 -> sl: 1.07189 tp: 1.05985
0	17:35:51.361	'1809640': order #43549023 sell 0.01 EURUSD at 1.06770 was modified -> sl: 1.07189 tp: 1.05985
0	17:35:51.394	'1809640': modify order #43549878 sell 0.01 EURUSD at 1.06708 sl: 1.07131 tp: 1.06049 -> sl: 1.07131 tp: 1.05985
0	17:35:51.820	'1809640': order #43549878 sell 0.01 EURUSD at 1.06708 was modified -> sl: 1.07131 tp: 1.05985
0	17:35:51.918	'1809640': modify order #43550137 sell 0.01 EURUSD at 1.06756 sl: 1.07178 tp: 1.06048 -> sl: 1.07178 tp: 1.05985
0	17:35:52.343	'1809640': order #43550137 sell 0.01 EURUSD at 1.06756 was modified -> sl: 1.07178 tp: 1.05985
0	17:35:52.441	'1809640': modify order #43550251 sell 0.01 EURUSD at 1.06758 sl: 1.07178 tp: 1.06048 -> sl: 1.07178 tp: 1.05984
0	17:35:52.863	'1809640': order #43550251 sell 0.01 EURUSD at 1.06758 was modified -> sl: 1.07178 tp: 1.05984
0	17:35:52.896	'1809640': modify order #43562156 sell 0.01 EURUSD at 1.06636 sl: 1.07056 tp: 1.06049 -> sl: 1.07056 tp: 1.05985
0	17:35:53.415	'1809640': order #43562156 sell 0.01 EURUSD at 1.06636 was modified -> sl: 1.07056 tp: 1.05985
0	17:35:53.415	'1809640': modify order #43562337 sell 0.01 EURUSD at 1.06686 sl: 1.07106 tp: 1.06049 -> sl: 1.07106 tp: 1.05985
0	17:35:53.841	'1809640': order #43562337 sell 0.01 EURUSD at 1.06686 was modified -> sl: 1.07106 tp: 1.05985
0	17:35:53.939	'1809640': modify order #43564468 sell 0.01 EURUSD at 1.06496 sl: 1.06916 tp: 1.06055 -> sl: 1.06916 tp: 1.05984
0	17:35:54.426	'1809640': order #43564468 sell 0.01 EURUSD at 1.06496 was modified -> sl: 1.06916 tp: 1.05984
0	17:39:42.610	'1809640': modify order #43549526 sell 0.01 EURUSD at 1.06698 sl: 1.07122 tp: 1.06389 -> sl: 1.07122 tp: 1.06351
0	17:39:43.454	'1809640': order #43549526 sell 0.01 EURUSD at 1.06698 was modified -> sl: 1.07122 tp: 1.06351
0	17:40:02.652	'1809640': modify order #43549526 sell 0.01 EURUSD at 1.06698 sl: 1.07122 tp: 1.06351 -> sl: 1.07122 tp: 1.06347
0	17:40:03.983	'1809640': order #43549526 sell 0.01 EURUSD at 1.06698 was modified -> sl: 1.07122 tp: 1.06347
0	17:40:33.607	'1809640': modify order #43549526 sell 0.01 EURUSD at 1.06698 sl: 1.07122 tp: 1.06347 -> sl: 1.07122 tp: 1.06342
0	17:40:34.220	'1809640': order #43549526 sell 0.01 EURUSD at 1.06698 was modified -> sl: 1.07122 tp: 1.06342
0	17:40:34.220	'1809640': modify order #43550308 sell 0.01 EURUSD at 1.06778 sl: 1.07199 tp: 1.06349 -> sl: 1.07199 tp: 1.06348
0	17:40:34.642	'1809640': order #43550308 sell 0.01 EURUSD at 1.06778 was modified -> sl: 1.07199 tp: 1.06348
0	17:42:43.157	'1809640': modify order #43549526 sell 0.01 EURUSD at 1.06698 sl: 1.07122 tp: 1.06342 -> sl: 1.07122 tp: 1.06341
0	17:42:43.485	'1809640': order #43549526 sell 0.01 EURUSD at 1.06698 was modified -> sl: 1.07122 tp: 1.06341
0	17:46:24.451	'1809640': modify order #43549526 sell 0.01 EURUSD at 1.06698 sl: 1.07122 tp: 1.06341 -> sl: 1.07122 tp: 1.06338
0	17:46:24.970	'1809640': order #43549526 sell 0.01 EURUSD at 1.06698 was modified -> sl: 1.07122 tp: 1.06338
0	17:48:45.467	'1809640': modify order #43527335 sell 0.01 EURUSD at 1.07219 sl: 1.07647 tp: 1.05983 -> sl: 1.07647 tp: 1.05981
0	17:48:46.254	'1809640': order #43527335 sell 0.01 EURUSD at 1.07219 was modified -> sl: 1.07647 tp: 1.05981
0	17:48:46.254	'1809640': modify order #43537380 sell 0.01 EURUSD at 1.07363 sl: 1.07784 tp: 1.05983 -> sl: 1.07784 tp: 1.05981
0	17:48:46.716	'1809640': order #43537380 sell 0.01 EURUSD at 1.07363 was modified -> sl: 1.07784 tp: 1.05981
0	17:48:46.813	'1809640': modify order #43540736 sell 0.01 EURUSD at 1.07133 sl: 1.07554 tp: 1.05983 -> sl: 1.07554 tp: 1.05981
0	17:48:47.239	'1809640': order #43540736 sell 0.01 EURUSD at 1.07133 was modified -> sl: 1.07554 tp: 1.05981
0	17:48:47.365	'1809640': modify order #43547510 sell 0.01 EURUSD at 1.06926 sl: 1.07346 tp: 1.05985 -> sl: 1.07346 tp: 1.05982
0	17:48:47.762	'1809640': order #43547510 sell 0.01 EURUSD at 1.06926 was modified -> sl: 1.07346 tp: 1.05982
0	17:48:47.762	'1809640': modify order #43549023 sell 0.01 EURUSD at 1.06770 sl: 1.07189 tp: 1.05985 -> sl: 1.07189 tp: 1.05982
0	17:48:48.252	'1809640': order #43549023 sell 0.01 EURUSD at 1.06770 was modified -> sl: 1.07189 tp: 1.05982
0	17:48:48.252	'1809640': modify order #43549878 sell 0.01 EURUSD at 1.06708 sl: 1.07131 tp: 1.05985 -> sl: 1.07131 tp: 1.05982
0	17:48:48.836	'1809640': order #43549878 sell 0.01 EURUSD at 1.06708 was modified -> sl: 1.07131 tp: 1.05982
0	17:48:48.869	'1809640': modify order #43550137 sell 0.01 EURUSD at 1.06756 sl: 1.07178 tp: 1.05985 -> sl: 1.07178 tp: 1.05982
0	17:48:49.363	'1809640': order #43550137 sell 0.01 EURUSD at 1.06756 was modified -> sl: 1.07178 tp: 1.05982
0	17:48:49.363	'1809640': modify order #43550251 sell 0.01 EURUSD at 1.06758 sl: 1.07178 tp: 1.05984 -> sl: 1.07178 tp: 1.05982
0	17:48:49.817	'1809640': order #43550251 sell 0.01 EURUSD at 1.06758 was modified -> sl: 1.07178 tp: 1.05982
0	17:48:49.914	'1809640': modify order #43550308 sell 0.01 EURUSD at 1.06778 sl: 1.07199 tp: 1.06348 -> sl: 1.07199 tp: 1.06335
0	17:48:50.469	'1809640': order #43550308 sell 0.01 EURUSD at 1.06778 was modified -> sl: 1.07199 tp: 1.06335
0	17:48:50.469	'1809640': modify order #43562156 sell 0.01 EURUSD at 1.06636 sl: 1.07056 tp: 1.05985 -> sl: 1.07056 tp: 1.05982
0	17:48:50.826	'1809640': order #43562156 sell 0.01 EURUSD at 1.06636 was modified -> sl: 1.07056 tp: 1.05982
0	17:48:50.859	'1809640': modify order #43562337 sell 0.01 EURUSD at 1.06686 sl: 1.07106 tp: 1.05985 -> sl: 1.07106 tp: 1.05982
0	17:48:51.613	'1809640': order #43562337 sell 0.01 EURUSD at 1.06686 was modified -> sl: 1.07106 tp: 1.05982
0	17:48:51.613	'1809640': modify order #43564468 sell 0.01 EURUSD at 1.06496 sl: 1.06916 tp: 1.05984 -> sl: 1.06916 tp: 1.05982
0	17:48:52.233	'1809640': order #43564468 sell 0.01 EURUSD at 1.06496 was modified -> sl: 1.06916 tp: 1.05982
0	17:52:47.207	'1809640': modify order #43550308 sell 0.01 EURUSD at 1.06778 sl: 1.07199 tp: 1.06335 -> sl: 1.07199 tp: 1.06331
0	17:52:47.668	'1809640': order #43550308 sell 0.01 EURUSD at 1.06778 was modified -> sl: 1.07199 tp: 1.06331
0	18:29:06.753	'1809640': modify order #43410861 sell 0.01 EURUSD at 1.07396 sl: 1.07830 tp: 1.05680 -> sl: 1.07830 tp: 1.05675
0	18:29:09.000	'1809640': order #43410861 sell 0.01 EURUSD at 1.07396 was modified -> sl: 1.07830 tp: 1.05675
1	18:32:46.936	'1809640': connect failed [No connection]
0	18:33:16.560	'1809640': login on Tripleafx-FX-Demo through FX-Demo-01
0	18:33:29.528	'1809640': ping to current access point FX-Demo-01 is 100.96 ms
0	21:50:42.410	'1809640': modify order #43527335 sell 0.01 EURUSD at 1.07219 sl: 1.07647 tp: 1.05981 -> sl: 1.07647 tp: 1.05951
0	21:50:42.934	'1809640': order #43527335 sell 0.01 EURUSD at 1.07219 was modified -> sl: 1.07647 tp: 1.05951
0	21:50:42.999	'1809640': modify order #43537380 sell 0.01 EURUSD at 1.07363 sl: 1.07784 tp: 1.05981 -> sl: 1.07784 tp: 1.05951
0	21:50:43.389	'1809640': order #43537380 sell 0.01 EURUSD at 1.07363 was modified -> sl: 1.07784 tp: 1.05951
0	21:50:43.421	'1809640': modify order #43540736 sell 0.01 EURUSD at 1.07133 sl: 1.07554 tp: 1.05981 -> sl: 1.07554 tp: 1.05951
0	21:50:44.140	'1809640': order #43540736 sell 0.01 EURUSD at 1.07133 was modified -> sl: 1.07554 tp: 1.05951
0	21:50:44.140	'1809640': modify order #43547510 sell 0.01 EURUSD at 1.06926 sl: 1.07346 tp: 1.05982 -> sl: 1.07346 tp: 1.05951
0	21:50:44.535	'1809640': order #43547510 sell 0.01 EURUSD at 1.06926 was modified -> sl: 1.07346 tp: 1.05951
0	21:50:44.729	'1809640': modify order #43549023 sell 0.01 EURUSD at 1.06770 sl: 1.07189 tp: 1.05982 -> sl: 1.07189 tp: 1.05951
0	21:50:45.151	'1809640': order #43549023 sell 0.01 EURUSD at 1.06770 was modified -> sl: 1.07189 tp: 1.05951
0	21:50:45.285	'1809640': modify order #43549878 sell 0.01 EURUSD at 1.06708 sl: 1.07131 tp: 1.05982 -> sl: 1.07131 tp: 1.05951
0	21:50:46.162	'1809640': order #43549878 sell 0.01 EURUSD at 1.06708 was modified -> sl: 1.07131 tp: 1.05951
0	21:50:46.426	'1809640': modify order #43550137 sell 0.01 EURUSD at 1.06756 sl: 1.07178 tp: 1.05982 -> sl: 1.07178 tp: 1.05956
0	21:50:47.079	'1809640': order #43550137 sell 0.01 EURUSD at 1.06756 was modified -> sl: 1.07178 tp: 1.05956
0	21:50:47.082	'1809640': modify order #43550251 sell 0.01 EURUSD at 1.06758 sl: 1.07178 tp: 1.05982 -> sl: 1.07178 tp: 1.05957
0	21:50:47.529	'1809640': order #43550251 sell 0.01 EURUSD at 1.06758 was modified -> sl: 1.07178 tp: 1.05957
0	21:50:47.566	'1809640': modify order #43562156 sell 0.01 EURUSD at 1.06636 sl: 1.07056 tp: 1.05982 -> sl: 1.07056 tp: 1.05956
0	21:50:48.118	'1809640': order #43562156 sell 0.01 EURUSD at 1.06636 was modified -> sl: 1.07056 tp: 1.05956
0	21:50:48.150	'1809640': modify order #43562337 sell 0.01 EURUSD at 1.06686 sl: 1.07106 tp: 1.05982 -> sl: 1.07106 tp: 1.05957
0	21:50:48.577	'1809640': order #43562337 sell 0.01 EURUSD at 1.06686 was modified -> sl: 1.07106 tp: 1.05957
0	21:50:48.642	'1809640': modify order #43564468 sell 0.01 EURUSD at 1.06496 sl: 1.06916 tp: 1.05982 -> sl: 1.06916 tp: 1.05954
0	21:50:48.901	'1809640': order #43564468 sell 0.01 EURUSD at 1.06496 was modified -> sl: 1.06916 tp: 1.05954
0	21:54:23.412	'1809640': modify order #43549526 sell 0.01 EURUSD at 1.06698 sl: 1.07122 tp: 1.06338 -> sl: 1.07122 tp: 1.06331
0	21:54:23.902	'1809640': order #43549526 sell 0.01 EURUSD at 1.06698 was modified -> sl: 1.07122 tp: 1.06331
0	21:55:50.754	'1809640': modify order #43549526 sell 0.01 EURUSD at 1.06698 sl: 1.07122 tp: 1.06331 -> sl: 1.07122 tp: 1.06330
0	21:55:51.190	'1809640': order #43549526 sell 0.01 EURUSD at 1.06698 was modified -> sl: 1.07122 tp: 1.06330
0	21:58:22.843	'1809640': modify order #43549526 sell 0.01 EURUSD at 1.06698 sl: 1.07122 tp: 1.06330 -> sl: 1.07122 tp: 1.06305
0	21:58:23.289	'1809640': order #43549526 sell 0.01 EURUSD at 1.06698 was modified -> sl: 1.07122 tp: 1.06305
0	21:58:23.418	'1809640': modify order #43550308 sell 0.01 EURUSD at 1.06778 sl: 1.07199 tp: 1.06331 -> sl: 1.07199 tp: 1.06309
0	21:58:23.877	'1809640': order #43550308 sell 0.01 EURUSD at 1.06778 was modified -> sl: 1.07199 tp: 1.06309
