0	22:02:18.970	'1809640': order sell market 0.01 EURUSD sl: 1.07793 tp: 1.07117
0	22:02:19.330	'1809640': order was opened : #43410205 sell 0.01 EURUSD at 1.07332 sl: 1.07793 tp: 1.07117
0	22:02:22.095	'1809640': modify order #43410205 sell 0.01 EURUSD at 1.07332 sl: 1.07793 tp: 1.07117 -> sl: 1.07793 tp: 1.07110
0	22:02:22.423	'1809640': order #43410205 sell 0.01 EURUSD at 1.07332 was modified -> sl: 1.07793 tp: 1.07110
0	22:07:07.517	'1809640': order sell market 0.01 EURUSD sl: 1.07780 tp: 1.06900
0	22:07:07.845	'1809640': order was opened : #43410471 sell 0.01 EURUSD at 1.07340 sl: 1.07780 tp: 1.06900
0	22:11:10.267	'1809640': order sell market 0.01 EURUSD sl: 1.07781 tp: 1.06911
0	22:11:10.580	'1809640': order was opened : #43410630 sell 0.01 EURUSD at 1.07351 sl: 1.07781 tp: 1.06911
0	22:12:03.221	'1809640': modify order #43410630 sell 0.01 EURUSD at 1.07351 sl: 1.07781 tp: 1.06911 -> sl: 1.07781 tp: 1.06904
0	22:12:03.517	'1809640': order #43410630 sell 0.01 EURUSD at 1.07351 was modified -> sl: 1.07781 tp: 1.06904
0	22:16:00.393	'1809640': order sell market 0.01 EURUSD sl: 1.07791 tp: 1.06921
0	22:16:00.721	'1809640': order was opened : #43410778 sell 0.01 EURUSD at 1.07361 sl: 1.07791 tp: 1.06921
0	22:16:00.799	'1809640': modify order #43410778 sell 0.01 EURUSD at 1.07361 sl: 1.07791 tp: 1.06921 -> sl: 1.07791 tp: 1.06918
0	22:16:01.064	'1809640': order #43410778 sell 0.01 EURUSD at 1.07361 was modified -> sl: 1.07791 tp: 1.06918
0	22:20:23.721	'1809640': order sell market 0.01 EURUSD sl: 1.07830 tp: 1.06986
0	22:20:24.065	'1809640': order was opened : #43410861 sell 0.01 EURUSD at 1.07396 sl: 1.07830 tp: 1.06986
0	22:25:04.330	'1809640': order sell market 0.01 EURUSD sl: 1.07851 tp: 1.06979
0	22:25:04.659	'1809640': order was opened : #43410951 sell 0.01 EURUSD at 1.07419 sl: 1.07851 tp: 1.06979
0	22:30:37.346	'1809640': order sell market 0.01 EURUSD sl: 1.07820 tp: 1.06948
0	22:30:37.580	'1809640': order was opened : #43411189 sell 0.01 EURUSD at 1.07388 sl: 1.07820 tp: 1.06948
0	22:30:37.784	'1809640': modify order #43410951 sell 0.01 EURUSD at 1.07419 sl: 1.07851 tp: 1.06979 -> sl: 1.07851 tp: 1.06948
0	22:30:38.112	'1809640': order #43410951 sell 0.01 EURUSD at 1.07419 was modified -> sl: 1.07851 tp: 1.06948
0	22:31:34.487	'1809640': modify order #43410861 sell 0.01 EURUSD at 1.07396 sl: 1.07830 tp: 1.06986 -> sl: 1.07830 tp: 1.06938
0	22:31:34.815	'1809640': order #43410861 sell 0.01 EURUSD at 1.07396 was modified -> sl: 1.07830 tp: 1.06938
0	22:31:34.815	'1809640': modify order #43410951 sell 0.01 EURUSD at 1.07419 sl: 1.07851 tp: 1.06948 -> sl: 1.07851 tp: 1.06936
0	22:31:35.143	'1809640': order #43410951 sell 0.01 EURUSD at 1.07419 was modified -> sl: 1.07851 tp: 1.06936
0	22:31:35.174	'1809640': modify order #43411189 sell 0.01 EURUSD at 1.07388 sl: 1.07820 tp: 1.06948 -> sl: 1.07820 tp: 1.06929
0	22:31:35.487	'1809640': order #43411189 sell 0.01 EURUSD at 1.07388 was modified -> sl: 1.07820 tp: 1.06929
0	22:32:09.940	'1809640': modify order #43410861 sell 0.01 EURUSD at 1.07396 sl: 1.07830 tp: 1.06938 -> sl: 1.07830 tp: 1.06931
0	22:32:10.268	'1809640': order #43410861 sell 0.01 EURUSD at 1.07396 was modified -> sl: 1.07830 tp: 1.06931
0	22:32:10.284	'1809640': modify order #43410951 sell 0.01 EURUSD at 1.07419 sl: 1.07851 tp: 1.06936 -> sl: 1.07851 tp: 1.06928
0	22:32:10.456	'1809640': order #43410951 sell 0.01 EURUSD at 1.07419 was modified -> sl: 1.07851 tp: 1.06928
0	22:32:10.456	'1809640': modify order #43411189 sell 0.01 EURUSD at 1.07388 sl: 1.07820 tp: 1.06929 -> sl: 1.07820 tp: 1.06928
0	22:32:10.784	'1809640': order #43411189 sell 0.01 EURUSD at 1.07388 was modified -> sl: 1.07820 tp: 1.06928
0	22:34:24.565	'1809640': modify order #43410951 sell 0.01 EURUSD at 1.07419 sl: 1.07851 tp: 1.06928 -> sl: 1.07851 tp: 1.06924
0	22:34:24.878	'1809640': order #43410951 sell 0.01 EURUSD at 1.07419 was modified -> sl: 1.07851 tp: 1.06924
0	22:34:24.893	'1809640': modify order #43411189 sell 0.01 EURUSD at 1.07388 sl: 1.07820 tp: 1.06928 -> sl: 1.07820 tp: 1.06925
0	22:34:25.190	'1809640': order #43411189 sell 0.01 EURUSD at 1.07388 was modified -> sl: 1.07820 tp: 1.06925
0	22:35:56.721	'1809640': order sell market 0.01 EURUSD sl: 1.07801 tp: 1.06925
0	22:35:57.065	'1809640': order was opened : #43411231 sell 0.01 EURUSD at 1.07368 sl: 1.07801 tp: 1.06925
0	22:35:57.471	'1809640': modify order #43410861 sell 0.01 EURUSD at 1.07396 sl: 1.07830 tp: 1.06931 -> sl: 1.07830 tp: 1.06916
0	22:35:57.753	'1809640': order #43410861 sell 0.01 EURUSD at 1.07396 was modified -> sl: 1.07830 tp: 1.06916
0	22:43:45.643	'1809640': order sell market 0.01 EURUSD sl: 1.07819 tp: 1.07210
0	22:43:45.987	'1809640': order was opened : #43411324 sell 0.01 EURUSD at 1.07387 sl: 1.07819 tp: 1.07210
0	22:43:46.440	'1809640': modify order #43411324 sell 0.01 EURUSD at 1.07387 sl: 1.07819 tp: 1.07210 -> sl: 1.07819 tp: 1.07209
0	22:43:46.768	'1809640': order #43411324 sell 0.01 EURUSD at 1.07387 was modified -> sl: 1.07819 tp: 1.07209
0	22:45:17.425	'1809640': modify order #43411324 sell 0.01 EURUSD at 1.07387 sl: 1.07819 tp: 1.07209 -> sl: 1.07819 tp: 1.07206
0	22:45:17.768	'1809640': order #43411324 sell 0.01 EURUSD at 1.07387 was modified -> sl: 1.07819 tp: 1.07206
0	22:46:39.097	'1809640': modify order #43410471 sell 0.01 EURUSD at 1.07340 sl: 1.07780 tp: 1.06900 -> sl: 1.07780 tp: 1.06895
0	22:46:39.425	'1809640': order #43410471 sell 0.01 EURUSD at 1.07340 was modified -> sl: 1.07780 tp: 1.06895
0	22:46:39.456	'1809640': modify order #43410630 sell 0.01 EURUSD at 1.07351 sl: 1.07781 tp: 1.06904 -> sl: 1.07781 tp: 1.06895
0	22:46:39.784	'1809640': order #43410630 sell 0.01 EURUSD at 1.07351 was modified -> sl: 1.07781 tp: 1.06895
0	22:46:39.800	'1809640': modify order #43410778 sell 0.01 EURUSD at 1.07361 sl: 1.07791 tp: 1.06918 -> sl: 1.07791 tp: 1.06893
0	22:46:40.128	'1809640': order #43410778 sell 0.01 EURUSD at 1.07361 was modified -> sl: 1.07791 tp: 1.06893
0	22:46:40.159	'1809640': modify order #43410861 sell 0.01 EURUSD at 1.07396 sl: 1.07830 tp: 1.06916 -> sl: 1.07830 tp: 1.06912
0	22:46:40.440	'1809640': order #43410861 sell 0.01 EURUSD at 1.07396 was modified -> sl: 1.07830 tp: 1.06912
0	22:46:40.456	'1809640': modify order #43410951 sell 0.01 EURUSD at 1.07419 sl: 1.07851 tp: 1.06924 -> sl: 1.07851 tp: 1.06893
0	22:46:40.768	'1809640': order #43410951 sell 0.01 EURUSD at 1.07419 was modified -> sl: 1.07851 tp: 1.06893
0	22:46:40.784	'1809640': modify order #43411189 sell 0.01 EURUSD at 1.07388 sl: 1.07820 tp: 1.06925 -> sl: 1.07820 tp: 1.06893
0	22:46:41.097	'1809640': order #43411189 sell 0.01 EURUSD at 1.07388 was modified -> sl: 1.07820 tp: 1.06893
0	22:46:41.112	'1809640': modify order #43411231 sell 0.01 EURUSD at 1.07368 sl: 1.07801 tp: 1.06925 -> sl: 1.07801 tp: 1.06893
0	22:46:41.440	'1809640': order #43411231 sell 0.01 EURUSD at 1.07368 was modified -> sl: 1.07801 tp: 1.06893
0	22:46:41.456	'1809640': modify order #43411324 sell 0.01 EURUSD at 1.07387 sl: 1.07819 tp: 1.07206 -> sl: 1.07819 tp: 1.07202
0	22:46:41.784	'1809640': order #43411324 sell 0.01 EURUSD at 1.07387 was modified -> sl: 1.07819 tp: 1.07202
0	22:47:21.847	'1809640': modify order #43410471 sell 0.01 EURUSD at 1.07340 sl: 1.07780 tp: 1.06895 -> sl: 1.07780 tp: 1.06892
0	22:47:22.253	'1809640': order #43410471 sell 0.01 EURUSD at 1.07340 was modified -> sl: 1.07780 tp: 1.06892
0	22:47:22.331	'1809640': modify order #43410630 sell 0.01 EURUSD at 1.07351 sl: 1.07781 tp: 1.06895 -> sl: 1.07781 tp: 1.06892
0	22:47:22.628	'1809640': order #43410630 sell 0.01 EURUSD at 1.07351 was modified -> sl: 1.07781 tp: 1.06892
0	22:47:22.690	'1809640': modify order #43410778 sell 0.01 EURUSD at 1.07361 sl: 1.07791 tp: 1.06893 -> sl: 1.07791 tp: 1.06881
0	22:47:23.143	'1809640': order #43410778 sell 0.01 EURUSD at 1.07361 was modified -> sl: 1.07791 tp: 1.06881
0	22:47:23.159	'1809640': modify order #43410861 sell 0.01 EURUSD at 1.07396 sl: 1.07830 tp: 1.06912 -> sl: 1.07830 tp: 1.06880
0	22:47:23.472	'1809640': order #43410861 sell 0.01 EURUSD at 1.07396 was modified -> sl: 1.07830 tp: 1.06880
0	22:47:23.487	'1809640': modify order #43410951 sell 0.01 EURUSD at 1.07419 sl: 1.07851 tp: 1.06893 -> sl: 1.07851 tp: 1.06881
0	22:47:23.784	'1809640': order #43410951 sell 0.01 EURUSD at 1.07419 was modified -> sl: 1.07851 tp: 1.06881
0	22:47:23.800	'1809640': modify order #43411189 sell 0.01 EURUSD at 1.07388 sl: 1.07820 tp: 1.06893 -> sl: 1.07820 tp: 1.06881
0	22:47:24.097	'1809640': order #43411189 sell 0.01 EURUSD at 1.07388 was modified -> sl: 1.07820 tp: 1.06881
0	22:47:24.112	'1809640': modify order #43411231 sell 0.01 EURUSD at 1.07368 sl: 1.07801 tp: 1.06893 -> sl: 1.07801 tp: 1.06881
0	22:47:24.409	'1809640': order #43411231 sell 0.01 EURUSD at 1.07368 was modified -> sl: 1.07801 tp: 1.06881
0	22:48:49.034	'1809640': modify order #43410861 sell 0.01 EURUSD at 1.07396 sl: 1.07830 tp: 1.06880 -> sl: 1.07830 tp: 1.06876
0	22:48:49.362	'1809640': order #43410861 sell 0.01 EURUSD at 1.07396 was modified -> sl: 1.07830 tp: 1.06876
0	22:53:22.941	'1809640': modify order #43411324 sell 0.01 EURUSD at 1.07387 sl: 1.07819 tp: 1.07202 -> sl: 1.07819 tp: 1.07192
0	22:53:23.253	'1809640': order #43411324 sell 0.01 EURUSD at 1.07387 was modified -> sl: 1.07819 tp: 1.07192
0	22:55:48.535	'1809640': modify order #43410861 sell 0.01 EURUSD at 1.07396 sl: 1.07830 tp: 1.06876 -> sl: 1.07830 tp: 1.06867
0	22:55:48.753	'1809640': order #43410861 sell 0.01 EURUSD at 1.07396 was modified -> sl: 1.07830 tp: 1.06867
0	22:55:48.784	'1809640': modify order #43411324 sell 0.01 EURUSD at 1.07387 sl: 1.07819 tp: 1.07192 -> sl: 1.07819 tp: 1.07184
0	22:55:49.097	'1809640': order #43411324 sell 0.01 EURUSD at 1.07387 was modified -> sl: 1.07819 tp: 1.07184
0	23:00:07.831	'1809640': order buy market 0.01 EURUSD sl: 1.06948 tp: 1.07807
0	23:00:08.222	'1809640': order was opened : #43411606 buy 0.01 EURUSD at 1.07375 sl: 1.06948 tp: 1.07807
0	23:00:08.331	'1809640': modify order #43411324 sell 0.01 EURUSD at 1.07387 sl: 1.07819 tp: 1.07184 -> sl: 1.07819 tp: 1.07178
0	23:00:08.660	'1809640': order #43411324 sell 0.01 EURUSD at 1.07387 was modified -> sl: 1.07819 tp: 1.07178
0	23:00:08.675	'1809640': modify order #43411606 buy 0.01 EURUSD at 1.07375 sl: 1.06948 tp: 1.07807 -> sl: 1.06948 tp: 1.07812
0	23:00:09.035	'1809640': order #43411606 buy 0.01 EURUSD at 1.07375 was modified -> sl: 1.06948 tp: 1.07812
0	23:01:28.644	'1809640': modify order #43411324 sell 0.01 EURUSD at 1.07387 sl: 1.07819 tp: 1.07178 -> sl: 1.07819 tp: 1.07176
0	23:01:28.956	'1809640': order #43411324 sell 0.01 EURUSD at 1.07387 was modified -> sl: 1.07819 tp: 1.07176
0	23:02:14.160	'1809640': modify order #43410471 sell 0.01 EURUSD at 1.07340 sl: 1.07780 tp: 1.06892 -> sl: 1.07780 tp: 1.06861
0	23:02:14.566	'1809640': order #43410471 sell 0.01 EURUSD at 1.07340 was modified -> sl: 1.07780 tp: 1.06861
0	23:02:14.613	'1809640': modify order #43410630 sell 0.01 EURUSD at 1.07351 sl: 1.07781 tp: 1.06892 -> sl: 1.07781 tp: 1.06863
0	23:02:14.972	'1809640': order #43410630 sell 0.01 EURUSD at 1.07351 was modified -> sl: 1.07781 tp: 1.06863
0	23:02:15.003	'1809640': modify order #43410778 sell 0.01 EURUSD at 1.07361 sl: 1.07791 tp: 1.06881 -> sl: 1.07791 tp: 1.06861
0	23:02:15.425	'1809640': order #43410778 sell 0.01 EURUSD at 1.07361 was modified -> sl: 1.07791 tp: 1.06861
0	23:02:15.488	'1809640': modify order #43410861 sell 0.01 EURUSD at 1.07396 sl: 1.07830 tp: 1.06867 -> sl: 1.07830 tp: 1.06853
0	23:02:15.910	'1809640': order #43410861 sell 0.01 EURUSD at 1.07396 was modified -> sl: 1.07830 tp: 1.06853
0	23:02:15.910	'1809640': modify order #43410951 sell 0.01 EURUSD at 1.07419 sl: 1.07851 tp: 1.06881 -> sl: 1.07851 tp: 1.06861
0	23:02:16.410	'1809640': order #43410951 sell 0.01 EURUSD at 1.07419 was modified -> sl: 1.07851 tp: 1.06861
0	23:02:16.441	'1809640': modify order #43411189 sell 0.01 EURUSD at 1.07388 sl: 1.07820 tp: 1.06881 -> sl: 1.07820 tp: 1.06863
0	23:02:16.753	'1809640': order #43411189 sell 0.01 EURUSD at 1.07388 was modified -> sl: 1.07820 tp: 1.06863
0	23:02:16.769	'1809640': modify order #43411231 sell 0.01 EURUSD at 1.07368 sl: 1.07801 tp: 1.06881 -> sl: 1.07801 tp: 1.06861
0	23:02:17.081	'1809640': order #43411231 sell 0.01 EURUSD at 1.07368 was modified -> sl: 1.07801 tp: 1.06861
0	23:02:17.113	'1809640': modify order #43411324 sell 0.01 EURUSD at 1.07387 sl: 1.07819 tp: 1.07176 -> sl: 1.07819 tp: 1.07174
0	23:02:17.456	'1809640': order #43411324 sell 0.01 EURUSD at 1.07387 was modified -> sl: 1.07819 tp: 1.07174
0	23:03:56.410	'1809640': modify order #43410471 sell 0.01 EURUSD at 1.07340 sl: 1.07780 tp: 1.06861 -> sl: 1.07780 tp: 1.06835
0	23:03:56.738	'1809640': order #43410471 sell 0.01 EURUSD at 1.07340 was modified -> sl: 1.07780 tp: 1.06835
0	23:03:56.738	'1809640': modify order #43410630 sell 0.01 EURUSD at 1.07351 sl: 1.07781 tp: 1.06863 -> sl: 1.07781 tp: 1.06834
0	23:03:57.050	'1809640': order #43410630 sell 0.01 EURUSD at 1.07351 was modified -> sl: 1.07781 tp: 1.06834
0	23:03:57.066	'1809640': modify order #43410778 sell 0.01 EURUSD at 1.07361 sl: 1.07791 tp: 1.06861 -> sl: 1.07791 tp: 1.06834
0	23:03:57.300	'1809640': order #43410778 sell 0.01 EURUSD at 1.07361 was modified -> sl: 1.07791 tp: 1.06834
0	23:03:57.316	'1809640': modify order #43410861 sell 0.01 EURUSD at 1.07396 sl: 1.07830 tp: 1.06853 -> sl: 1.07830 tp: 1.06728
0	23:03:57.535	'1809640': order #43410861 sell 0.01 EURUSD at 1.07396 was modified -> sl: 1.07830 tp: 1.06728
0	23:03:57.550	'1809640': modify order #43410951 sell 0.01 EURUSD at 1.07419 sl: 1.07851 tp: 1.06861 -> sl: 1.07851 tp: 1.06833
0	23:03:57.863	'1809640': order #43410951 sell 0.01 EURUSD at 1.07419 was modified -> sl: 1.07851 tp: 1.06833
0	23:03:57.878	'1809640': modify order #43411189 sell 0.01 EURUSD at 1.07388 sl: 1.07820 tp: 1.06863 -> sl: 1.07820 tp: 1.06837
0	23:03:58.128	'1809640': order #43411189 sell 0.01 EURUSD at 1.07388 was modified -> sl: 1.07820 tp: 1.06837
0	23:03:58.144	'1809640': modify order #43411231 sell 0.01 EURUSD at 1.07368 sl: 1.07801 tp: 1.06861 -> sl: 1.07801 tp: 1.06837
0	23:03:58.550	'1809640': order #43411231 sell 0.01 EURUSD at 1.07368 was modified -> sl: 1.07801 tp: 1.06837
0	23:03:58.582	'1809640': modify order #43411324 sell 0.01 EURUSD at 1.07387 sl: 1.07819 tp: 1.07174 -> sl: 1.07819 tp: 1.07171
0	23:03:58.832	'1809640': order #43411324 sell 0.01 EURUSD at 1.07387 was modified -> sl: 1.07819 tp: 1.07171
0	23:04:14.144	'1809640': order buy market 0.01 EURUSD sl: 1.06859 tp: 1.07728
0	23:04:14.457	'1809640': order was opened : #43411850 buy 0.01 EURUSD at 1.07291 sl: 1.06859 tp: 1.07728
0	23:04:14.597	'1809640': modify order #43410471 sell 0.01 EURUSD at 1.07340 sl: 1.07780 tp: 1.06835 -> sl: 1.07780 tp: 1.06823
0	23:04:14.925	'1809640': order #43410471 sell 0.01 EURUSD at 1.07340 was modified -> sl: 1.07780 tp: 1.06823
0	23:04:14.925	'1809640': modify order #43410630 sell 0.01 EURUSD at 1.07351 sl: 1.07781 tp: 1.06834 -> sl: 1.07781 tp: 1.06824
0	23:04:15.207	'1809640': order #43410630 sell 0.01 EURUSD at 1.07351 was modified -> sl: 1.07781 tp: 1.06824
0	23:04:15.222	'1809640': modify order #43410778 sell 0.01 EURUSD at 1.07361 sl: 1.07791 tp: 1.06834 -> sl: 1.07791 tp: 1.06824
0	23:04:15.550	'1809640': order #43410778 sell 0.01 EURUSD at 1.07361 was modified -> sl: 1.07791 tp: 1.06824
0	23:04:15.582	'1809640': modify order #43410951 sell 0.01 EURUSD at 1.07419 sl: 1.07851 tp: 1.06833 -> sl: 1.07851 tp: 1.06824
0	23:04:15.972	'1809640': order #43410951 sell 0.01 EURUSD at 1.07419 was modified -> sl: 1.07851 tp: 1.06824
0	23:04:15.988	'1809640': modify order #43411189 sell 0.01 EURUSD at 1.07388 sl: 1.07820 tp: 1.06837 -> sl: 1.07820 tp: 1.06824
0	23:04:16.363	'1809640': order #43411189 sell 0.01 EURUSD at 1.07388 was modified -> sl: 1.07820 tp: 1.06824
0	23:04:16.425	'1809640': modify order #43411231 sell 0.01 EURUSD at 1.07368 sl: 1.07801 tp: 1.06837 -> sl: 1.07801 tp: 1.06824
0	23:04:16.753	'1809640': order #43411231 sell 0.01 EURUSD at 1.07368 was modified -> sl: 1.07801 tp: 1.06824
0	23:04:16.800	'1809640': modify order #43411850 buy 0.01 EURUSD at 1.07291 sl: 1.06859 tp: 1.07728 -> sl: 1.06859 tp: 1.07732
0	23:04:17.050	'1809640': order #43411850 buy 0.01 EURUSD at 1.07291 was modified -> sl: 1.06859 tp: 1.07732
0	23:05:57.472	'1809640': modify order #43410471 sell 0.01 EURUSD at 1.07340 sl: 1.07780 tp: 1.06823 -> sl: 1.07780 tp: 1.06822
0	23:05:57.691	'1809640': order #43410471 sell 0.01 EURUSD at 1.07340 was modified -> sl: 1.07780 tp: 1.06822
0	23:05:57.707	'1809640': modify order #43410630 sell 0.01 EURUSD at 1.07351 sl: 1.07781 tp: 1.06824 -> sl: 1.07781 tp: 1.06818
0	23:05:58.019	'1809640': order #43410630 sell 0.01 EURUSD at 1.07351 was modified -> sl: 1.07781 tp: 1.06818
0	23:05:58.035	'1809640': modify order #43410778 sell 0.01 EURUSD at 1.07361 sl: 1.07791 tp: 1.06824 -> sl: 1.07791 tp: 1.06818
0	23:05:58.347	'1809640': order #43410778 sell 0.01 EURUSD at 1.07361 was modified -> sl: 1.07791 tp: 1.06818
0	23:05:58.347	'1809640': modify order #43410951 sell 0.01 EURUSD at 1.07419 sl: 1.07851 tp: 1.06824 -> sl: 1.07851 tp: 1.06817
0	23:05:58.675	'1809640': order #43410951 sell 0.01 EURUSD at 1.07419 was modified -> sl: 1.07851 tp: 1.06817
0	23:05:58.691	'1809640': modify order #43411189 sell 0.01 EURUSD at 1.07388 sl: 1.07820 tp: 1.06824 -> sl: 1.07820 tp: 1.06817
0	23:05:59.019	'1809640': order #43411189 sell 0.01 EURUSD at 1.07388 was modified -> sl: 1.07820 tp: 1.06817
0	23:05:59.035	'1809640': modify order #43411231 sell 0.01 EURUSD at 1.07368 sl: 1.07801 tp: 1.06824 -> sl: 1.07801 tp: 1.06817
0	23:05:59.363	'1809640': order #43411231 sell 0.01 EURUSD at 1.07368 was modified -> sl: 1.07801 tp: 1.06817
0	23:05:59.363	'1809640': modify order #43411324 sell 0.01 EURUSD at 1.07387 sl: 1.07819 tp: 1.07171 -> sl: 1.07819 tp: 1.07157
0	23:05:59.644	'1809640': order #43411324 sell 0.01 EURUSD at 1.07387 was modified -> sl: 1.07819 tp: 1.07157
0	23:06:13.175	'1809640': modify order #43410471 sell 0.01 EURUSD at 1.07340 sl: 1.07780 tp: 1.06822 -> sl: 1.07780 tp: 1.06801
0	23:06:13.519	'1809640': order #43410471 sell 0.01 EURUSD at 1.07340 was modified -> sl: 1.07780 tp: 1.06801
0	23:06:13.535	'1809640': modify order #43410630 sell 0.01 EURUSD at 1.07351 sl: 1.07781 tp: 1.06818 -> sl: 1.07781 tp: 1.06800
0	23:06:13.832	'1809640': order #43410630 sell 0.01 EURUSD at 1.07351 was modified -> sl: 1.07781 tp: 1.06800
0	23:06:13.863	'1809640': modify order #43410778 sell 0.01 EURUSD at 1.07361 sl: 1.07791 tp: 1.06818 -> sl: 1.07791 tp: 1.06799
0	23:06:14.082	'1809640': order #43410778 sell 0.01 EURUSD at 1.07361 was modified -> sl: 1.07791 tp: 1.06799
0	23:06:14.113	'1809640': modify order #43410861 sell 0.01 EURUSD at 1.07396 sl: 1.07830 tp: 1.06728 -> sl: 1.07830 tp: 1.06705
0	23:06:14.410	'1809640': order #43410861 sell 0.01 EURUSD at 1.07396 was modified -> sl: 1.07830 tp: 1.06705
0	23:06:14.425	'1809640': modify order #43410951 sell 0.01 EURUSD at 1.07419 sl: 1.07851 tp: 1.06817 -> sl: 1.07851 tp: 1.06800
0	23:06:14.707	'1809640': order #43410951 sell 0.01 EURUSD at 1.07419 was modified -> sl: 1.07851 tp: 1.06800
0	23:06:14.738	'1809640': modify order #43411189 sell 0.01 EURUSD at 1.07388 sl: 1.07820 tp: 1.06817 -> sl: 1.07820 tp: 1.06800
0	23:06:15.035	'1809640': order #43411189 sell 0.01 EURUSD at 1.07388 was modified -> sl: 1.07820 tp: 1.06800
0	23:06:15.050	'1809640': modify order #43411231 sell 0.01 EURUSD at 1.07368 sl: 1.07801 tp: 1.06817 -> sl: 1.07801 tp: 1.06800
0	23:06:15.347	'1809640': order #43411231 sell 0.01 EURUSD at 1.07368 was modified -> sl: 1.07801 tp: 1.06800
0	23:06:15.363	'1809640': modify order #43411324 sell 0.01 EURUSD at 1.07387 sl: 1.07819 tp: 1.07157 -> sl: 1.07819 tp: 1.07154
0	23:06:15.660	'1809640': order #43411324 sell 0.01 EURUSD at 1.07387 was modified -> sl: 1.07819 tp: 1.07154
0	23:07:07.191	'1809640': modify order #43410471 sell 0.01 EURUSD at 1.07340 sl: 1.07780 tp: 1.06801 -> sl: 1.07780 tp: 1.06781
0	23:07:07.441	'1809640': order #43410471 sell 0.01 EURUSD at 1.07340 was modified -> sl: 1.07780 tp: 1.06781
0	23:07:07.488	'1809640': modify order #43410630 sell 0.01 EURUSD at 1.07351 sl: 1.07781 tp: 1.06800 -> sl: 1.07781 tp: 1.06781
0	23:07:07.863	'1809640': order #43410630 sell 0.01 EURUSD at 1.07351 was modified -> sl: 1.07781 tp: 1.06781
0	23:07:07.879	'1809640': modify order #43410778 sell 0.01 EURUSD at 1.07361 sl: 1.07791 tp: 1.06799 -> sl: 1.07791 tp: 1.06784
0	23:07:08.316	'1809640': order #43410778 sell 0.01 EURUSD at 1.07361 was modified -> sl: 1.07791 tp: 1.06784
0	23:07:08.347	'1809640': modify order #43410861 sell 0.01 EURUSD at 1.07396 sl: 1.07830 tp: 1.06705 -> sl: 1.07830 tp: 1.06676
0	23:07:08.925	'1809640': order #43410861 sell 0.01 EURUSD at 1.07396 was modified -> sl: 1.07830 tp: 1.06676
0	23:07:08.957	'1809640': modify order #43410951 sell 0.01 EURUSD at 1.07419 sl: 1.07851 tp: 1.06800 -> sl: 1.07851 tp: 1.06790
0	23:07:09.550	'1809640': order #43410951 sell 0.01 EURUSD at 1.07419 was modified -> sl: 1.07851 tp: 1.06790
0	23:07:09.597	'1809640': modify order #43411189 sell 0.01 EURUSD at 1.07388 sl: 1.07820 tp: 1.06800 -> sl: 1.07820 tp: 1.06786
0	23:07:09.972	'1809640': order #43411189 sell 0.01 EURUSD at 1.07388 was modified -> sl: 1.07820 tp: 1.06786
0	23:07:10.019	'1809640': modify order #43411231 sell 0.01 EURUSD at 1.07368 sl: 1.07801 tp: 1.06800 -> sl: 1.07801 tp: 1.06781
0	23:07:10.472	'1809640': order #43411231 sell 0.01 EURUSD at 1.07368 was modified -> sl: 1.07801 tp: 1.06781
0	23:07:10.488	'1809640': modify order #43411324 sell 0.01 EURUSD at 1.07387 sl: 1.07819 tp: 1.07154 -> sl: 1.07819 tp: 1.07151
0	23:07:11.019	'1809640': order #43411324 sell 0.01 EURUSD at 1.07387 was modified -> sl: 1.07819 tp: 1.07151
0	23:08:09.269	'1809640': modify order #43410471 sell 0.01 EURUSD at 1.07340 sl: 1.07780 tp: 1.06781 -> sl: 1.07780 tp: 1.06775
0	23:08:09.613	'1809640': order #43410471 sell 0.01 EURUSD at 1.07340 was modified -> sl: 1.07780 tp: 1.06775
0	23:08:09.613	'1809640': modify order #43410630 sell 0.01 EURUSD at 1.07351 sl: 1.07781 tp: 1.06781 -> sl: 1.07781 tp: 1.06775
0	23:08:09.925	'1809640': order #43410630 sell 0.01 EURUSD at 1.07351 was modified -> sl: 1.07781 tp: 1.06775
0	23:08:09.957	'1809640': modify order #43410778 sell 0.01 EURUSD at 1.07361 sl: 1.07791 tp: 1.06784 -> sl: 1.07791 tp: 1.06776
0	23:08:10.285	'1809640': order #43410778 sell 0.01 EURUSD at 1.07361 was modified -> sl: 1.07791 tp: 1.06776
0	23:08:10.316	'1809640': modify order #43410861 sell 0.01 EURUSD at 1.07396 sl: 1.07830 tp: 1.06676 -> sl: 1.07830 tp: 1.06618
0	23:08:10.613	'1809640': order #43410861 sell 0.01 EURUSD at 1.07396 was modified -> sl: 1.07830 tp: 1.06618
0	23:08:10.628	'1809640': modify order #43410951 sell 0.01 EURUSD at 1.07419 sl: 1.07851 tp: 1.06790 -> sl: 1.07851 tp: 1.06776
0	23:08:10.941	'1809640': order #43410951 sell 0.01 EURUSD at 1.07419 was modified -> sl: 1.07851 tp: 1.06776
0	23:08:10.941	'1809640': modify order #43411189 sell 0.01 EURUSD at 1.07388 sl: 1.07820 tp: 1.06786 -> sl: 1.07820 tp: 1.06773
0	23:08:11.207	'1809640': order #43411189 sell 0.01 EURUSD at 1.07388 was modified -> sl: 1.07820 tp: 1.06773
0	23:08:11.222	'1809640': modify order #43411231 sell 0.01 EURUSD at 1.07368 sl: 1.07801 tp: 1.06781 -> sl: 1.07801 tp: 1.06773
0	23:08:11.535	'1809640': order #43411231 sell 0.01 EURUSD at 1.07368 was modified -> sl: 1.07801 tp: 1.06773
0	23:09:24.613	'1809640': order sell market 0.01 EURUSD sl: 1.07646 tp: 1.07152
0	23:09:24.863	'1809640': order was opened : #43412016 sell 0.01 EURUSD at 1.07223 sl: 1.07646 tp: 1.07152
0	23:10:02.644	'1809640': modify order #43410471 sell 0.01 EURUSD at 1.07340 sl: 1.07780 tp: 1.06775 -> sl: 1.07780 tp: 1.06737
0	23:10:02.879	'1809640': order #43410471 sell 0.01 EURUSD at 1.07340 was modified -> sl: 1.07780 tp: 1.06737
0	23:10:02.894	'1809640': modify order #43410630 sell 0.01 EURUSD at 1.07351 sl: 1.07781 tp: 1.06775 -> sl: 1.07781 tp: 1.06738
0	23:10:03.285	'1809640': order #43410630 sell 0.01 EURUSD at 1.07351 was modified -> sl: 1.07781 tp: 1.06738
0	23:10:03.285	'1809640': modify order #43410778 sell 0.01 EURUSD at 1.07361 sl: 1.07791 tp: 1.06776 -> sl: 1.07791 tp: 1.06738
0	23:10:03.613	'1809640': order #43410778 sell 0.01 EURUSD at 1.07361 was modified -> sl: 1.07791 tp: 1.06738
0	23:10:03.629	'1809640': modify order #43410861 sell 0.01 EURUSD at 1.07396 sl: 1.07830 tp: 1.06618 -> sl: 1.07830 tp: 1.06574
0	23:10:03.910	'1809640': order #43410861 sell 0.01 EURUSD at 1.07396 was modified -> sl: 1.07830 tp: 1.06574
0	23:10:03.926	'1809640': modify order #43410951 sell 0.01 EURUSD at 1.07419 sl: 1.07851 tp: 1.06776 -> sl: 1.07851 tp: 1.06736
0	23:10:04.238	'1809640': order #43410951 sell 0.01 EURUSD at 1.07419 was modified -> sl: 1.07851 tp: 1.06736
0	23:10:04.254	'1809640': modify order #43411189 sell 0.01 EURUSD at 1.07388 sl: 1.07820 tp: 1.06773 -> sl: 1.07820 tp: 1.06736
0	23:10:04.566	'1809640': order #43411189 sell 0.01 EURUSD at 1.07388 was modified -> sl: 1.07820 tp: 1.06736
0	23:10:04.597	'1809640': modify order #43411231 sell 0.01 EURUSD at 1.07368 sl: 1.07801 tp: 1.06773 -> sl: 1.07801 tp: 1.06737
0	23:10:05.050	'1809640': order #43411231 sell 0.01 EURUSD at 1.07368 was modified -> sl: 1.07801 tp: 1.06737
0	23:11:32.910	'1809640': modify order #43410471 sell 0.01 EURUSD at 1.07340 sl: 1.07780 tp: 1.06737 -> sl: 1.07780 tp: 1.06716
0	23:11:33.175	'1809640': order #43410471 sell 0.01 EURUSD at 1.07340 was modified -> sl: 1.07780 tp: 1.06716
0	23:11:33.191	'1809640': modify order #43410630 sell 0.01 EURUSD at 1.07351 sl: 1.07781 tp: 1.06738 -> sl: 1.07781 tp: 1.06716
0	23:11:33.613	'1809640': order #43410630 sell 0.01 EURUSD at 1.07351 was modified -> sl: 1.07781 tp: 1.06716
0	23:11:33.644	'1809640': modify order #43410778 sell 0.01 EURUSD at 1.07361 sl: 1.07791 tp: 1.06738 -> sl: 1.07791 tp: 1.06717
0	23:11:34.004	'1809640': order #43410778 sell 0.01 EURUSD at 1.07361 was modified -> sl: 1.07791 tp: 1.06717
0	23:11:34.051	'1809640': modify order #43410861 sell 0.01 EURUSD at 1.07396 sl: 1.07830 tp: 1.06574 -> sl: 1.07830 tp: 1.06563
0	23:11:34.269	'1809640': order #43410861 sell 0.01 EURUSD at 1.07396 was modified -> sl: 1.07830 tp: 1.06563
0	23:11:34.285	'1809640': modify order #43410951 sell 0.01 EURUSD at 1.07419 sl: 1.07851 tp: 1.06736 -> sl: 1.07851 tp: 1.06715
0	23:11:34.629	'1809640': order #43410951 sell 0.01 EURUSD at 1.07419 was modified -> sl: 1.07851 tp: 1.06715
0	23:11:34.629	'1809640': modify order #43411189 sell 0.01 EURUSD at 1.07388 sl: 1.07820 tp: 1.06736 -> sl: 1.07820 tp: 1.06714
0	23:11:34.910	'1809640': order #43411189 sell 0.01 EURUSD at 1.07388 was modified -> sl: 1.07820 tp: 1.06714
0	23:11:34.988	'1809640': modify order #43411231 sell 0.01 EURUSD at 1.07368 sl: 1.07801 tp: 1.06737 -> sl: 1.07801 tp: 1.06714
0	23:11:35.285	'1809640': order #43411231 sell 0.01 EURUSD at 1.07368 was modified -> sl: 1.07801 tp: 1.06714
0	23:12:08.332	'1809640': modify order #43410471 sell 0.01 EURUSD at 1.07340 sl: 1.07780 tp: 1.06716 -> sl: 1.07780 tp: 1.06706
0	23:12:08.707	'1809640': order #43410471 sell 0.01 EURUSD at 1.07340 was modified -> sl: 1.07780 tp: 1.06706
0	23:12:08.801	'1809640': modify order #43410630 sell 0.01 EURUSD at 1.07351 sl: 1.07781 tp: 1.06716 -> sl: 1.07781 tp: 1.06707
0	23:12:09.129	'1809640': order #43410630 sell 0.01 EURUSD at 1.07351 was modified -> sl: 1.07781 tp: 1.06707
0	23:12:09.160	'1809640': modify order #43410778 sell 0.01 EURUSD at 1.07361 sl: 1.07791 tp: 1.06717 -> sl: 1.07791 tp: 1.06706
0	23:12:09.472	'1809640': order #43410778 sell 0.01 EURUSD at 1.07361 was modified -> sl: 1.07791 tp: 1.06706
0	23:12:09.488	'1809640': modify order #43410861 sell 0.01 EURUSD at 1.07396 sl: 1.07830 tp: 1.06563 -> sl: 1.07830 tp: 1.06512
0	23:12:09.832	'1809640': order #43410861 sell 0.01 EURUSD at 1.07396 was modified -> sl: 1.07830 tp: 1.06512
0	23:12:09.863	'1809640': modify order #43410951 sell 0.01 EURUSD at 1.07419 sl: 1.07851 tp: 1.06715 -> sl: 1.07851 tp: 1.06709
0	23:12:10.019	'1809640': order #43410951 sell 0.01 EURUSD at 1.07419 was modified -> sl: 1.07851 tp: 1.06709
0	23:12:10.035	'1809640': modify order #43411189 sell 0.01 EURUSD at 1.07388 sl: 1.07820 tp: 1.06714 -> sl: 1.07820 tp: 1.06709
0	23:12:10.457	'1809640': order #43411189 sell 0.01 EURUSD at 1.07388 was modified -> sl: 1.07820 tp: 1.06709
0	23:12:10.504	'1809640': modify order #43411231 sell 0.01 EURUSD at 1.07368 sl: 1.07801 tp: 1.06714 -> sl: 1.07801 tp: 1.06707
0	23:12:10.816	'1809640': order #43411231 sell 0.01 EURUSD at 1.07368 was modified -> sl: 1.07801 tp: 1.06707
0	23:13:27.691	'1809640': order sell market 0.01 EURUSD sl: 1.07572 tp: 1.06707
0	23:13:28.082	'1809640': order was opened : #43412108 sell 0.01 EURUSD at 1.07148 sl: 1.07572 tp: 1.06707
0	23:13:28.879	'1809640': modify order #43410205 sell 0.01 EURUSD at 1.07332 sl: 1.07793 tp: 1.07110 -> sl: 1.07793 tp: 1.07077
0	23:13:29.160	'1809640': order #43410205 sell 0.01 EURUSD at 1.07332 was modified -> sl: 1.07793 tp: 1.07077
0	23:13:29.176	'1809640': modify order #43410861 sell 0.01 EURUSD at 1.07396 sl: 1.07830 tp: 1.06512 -> sl: 1.07830 tp: 1.06482
0	23:13:29.551	'1809640': order #43410861 sell 0.01 EURUSD at 1.07396 was modified -> sl: 1.07830 tp: 1.06482
0	23:13:29.597	'1809640': modify order #43410951 sell 0.01 EURUSD at 1.07419 sl: 1.07851 tp: 1.06709 -> sl: 1.07851 tp: 1.06708
0	23:13:29.926	'1809640': order #43410951 sell 0.01 EURUSD at 1.07419 was modified -> sl: 1.07851 tp: 1.06708
0	23:13:30.004	'1809640': modify order #43411189 sell 0.01 EURUSD at 1.07388 sl: 1.07820 tp: 1.06709 -> sl: 1.07820 tp: 1.06708
0	23:13:30.379	'1809640': order #43411189 sell 0.01 EURUSD at 1.07388 was modified -> sl: 1.07820 tp: 1.06708
0	23:14:16.097	'1809640': modify order #43410205 sell 0.01 EURUSD at 1.07332 sl: 1.07793 tp: 1.07077 -> sl: 1.07793 tp: 1.07059
0	23:14:16.426	'1809640': order #43410205 sell 0.01 EURUSD at 1.07332 was modified -> sl: 1.07793 tp: 1.07059
0	23:14:16.457	'1809640': modify order #43410471 sell 0.01 EURUSD at 1.07340 sl: 1.07780 tp: 1.06706 -> sl: 1.07780 tp: 1.06690
0	23:14:16.769	'1809640': order #43410471 sell 0.01 EURUSD at 1.07340 was modified -> sl: 1.07780 tp: 1.06690
0	23:14:16.816	'1809640': modify order #43410630 sell 0.01 EURUSD at 1.07351 sl: 1.07781 tp: 1.06707 -> sl: 1.07781 tp: 1.06690
0	23:14:17.066	'1809640': order #43410630 sell 0.01 EURUSD at 1.07351 was modified -> sl: 1.07781 tp: 1.06690
0	23:14:17.082	'1809640': modify order #43410778 sell 0.01 EURUSD at 1.07361 sl: 1.07791 tp: 1.06706 -> sl: 1.07791 tp: 1.06689
0	23:14:17.379	'1809640': order #43410778 sell 0.01 EURUSD at 1.07361 was modified -> sl: 1.07791 tp: 1.06689
0	23:14:17.394	'1809640': modify order #43410951 sell 0.01 EURUSD at 1.07419 sl: 1.07851 tp: 1.06708 -> sl: 1.07851 tp: 1.06690
0	23:14:17.613	'1809640': order #43410951 sell 0.01 EURUSD at 1.07419 was modified -> sl: 1.07851 tp: 1.06690
0	23:14:17.629	'1809640': modify order #43411189 sell 0.01 EURUSD at 1.07388 sl: 1.07820 tp: 1.06708 -> sl: 1.07820 tp: 1.06690
0	23:14:17.894	'1809640': order #43411189 sell 0.01 EURUSD at 1.07388 was modified -> sl: 1.07820 tp: 1.06690
0	23:14:17.910	'1809640': modify order #43411231 sell 0.01 EURUSD at 1.07368 sl: 1.07801 tp: 1.06707 -> sl: 1.07801 tp: 1.06690
0	23:14:18.222	'1809640': order #43411231 sell 0.01 EURUSD at 1.07368 was modified -> sl: 1.07801 tp: 1.06690
0	23:14:18.238	'1809640': modify order #43412108 sell 0.01 EURUSD at 1.07148 sl: 1.07572 tp: 1.06707 -> sl: 1.07572 tp: 1.06690
0	23:14:18.535	'1809640': order #43412108 sell 0.01 EURUSD at 1.07148 was modified -> sl: 1.07572 tp: 1.06690
0	23:14:27.269	'1809640': order #43411324 sell 0.01 EURUSD at 1.07387 closed due take-profit at price 1.07151
0	23:14:27.269	'1809640': order #43412016 sell 0.01 EURUSD at 1.07223 closed due take-profit at price 1.07152
0	23:15:05.473	'1809640': modify order #43410471 sell 0.01 EURUSD at 1.07340 sl: 1.07780 tp: 1.06690 -> sl: 1.07780 tp: 1.06649
0	23:15:05.801	'1809640': order #43410471 sell 0.01 EURUSD at 1.07340 was modified -> sl: 1.07780 tp: 1.06649
0	23:15:05.816	'1809640': modify order #43410630 sell 0.01 EURUSD at 1.07351 sl: 1.07781 tp: 1.06690 -> sl: 1.07781 tp: 1.06648
0	23:15:06.129	'1809640': order #43410630 sell 0.01 EURUSD at 1.07351 was modified -> sl: 1.07781 tp: 1.06648
0	23:15:06.176	'1809640': modify order #43410778 sell 0.01 EURUSD at 1.07361 sl: 1.07791 tp: 1.06689 -> sl: 1.07791 tp: 1.06648
0	23:15:06.551	'1809640': order #43410778 sell 0.01 EURUSD at 1.07361 was modified -> sl: 1.07791 tp: 1.06648
0	23:15:06.582	'1809640': modify order #43410861 sell 0.01 EURUSD at 1.07396 sl: 1.07830 tp: 1.06482 -> sl: 1.07830 tp: 1.06380
0	23:15:06.926	'1809640': order #43410861 sell 0.01 EURUSD at 1.07396 was modified -> sl: 1.07830 tp: 1.06380
0	23:15:06.957	'1809640': modify order #43410951 sell 0.01 EURUSD at 1.07419 sl: 1.07851 tp: 1.06690 -> sl: 1.07851 tp: 1.06652
0	23:15:07.238	'1809640': order #43410951 sell 0.01 EURUSD at 1.07419 was modified -> sl: 1.07851 tp: 1.06652
0	23:15:07.254	'1809640': modify order #43411189 sell 0.01 EURUSD at 1.07388 sl: 1.07820 tp: 1.06690 -> sl: 1.07820 tp: 1.06652
0	23:15:07.566	'1809640': order #43411189 sell 0.01 EURUSD at 1.07388 was modified -> sl: 1.07820 tp: 1.06652
0	23:15:07.582	'1809640': modify order #43411231 sell 0.01 EURUSD at 1.07368 sl: 1.07801 tp: 1.06690 -> sl: 1.07801 tp: 1.06650
0	23:15:07.863	'1809640': order #43411231 sell 0.01 EURUSD at 1.07368 was modified -> sl: 1.07801 tp: 1.06650
0	23:15:07.879	'1809640': modify order #43412108 sell 0.01 EURUSD at 1.07148 sl: 1.07572 tp: 1.06690 -> sl: 1.07572 tp: 1.06650
0	23:15:08.176	'1809640': order #43412108 sell 0.01 EURUSD at 1.07148 was modified -> sl: 1.07572 tp: 1.06650
0	23:16:02.894	'1809640': modify order #43410471 sell 0.01 EURUSD at 1.07340 sl: 1.07780 tp: 1.06649 -> sl: 1.07780 tp: 1.06633
0	23:16:03.191	'1809640': order #43410471 sell 0.01 EURUSD at 1.07340 was modified -> sl: 1.07780 tp: 1.06633
0	23:16:03.191	'1809640': modify order #43410630 sell 0.01 EURUSD at 1.07351 sl: 1.07781 tp: 1.06648 -> sl: 1.07781 tp: 1.06634
0	23:16:03.535	'1809640': order #43410630 sell 0.01 EURUSD at 1.07351 was modified -> sl: 1.07781 tp: 1.06634
0	23:16:03.566	'1809640': modify order #43410778 sell 0.01 EURUSD at 1.07361 sl: 1.07791 tp: 1.06648 -> sl: 1.07791 tp: 1.06634
0	23:16:03.816	'1809640': order #43410778 sell 0.01 EURUSD at 1.07361 was modified -> sl: 1.07791 tp: 1.06634
0	23:16:03.879	'1809640': modify order #43410861 sell 0.01 EURUSD at 1.07396 sl: 1.07830 tp: 1.06380 -> sl: 1.07830 tp: 1.06367
0	23:16:04.144	'1809640': order #43410861 sell 0.01 EURUSD at 1.07396 was modified -> sl: 1.07830 tp: 1.06367
0	23:16:04.160	'1809640': modify order #43410951 sell 0.01 EURUSD at 1.07419 sl: 1.07851 tp: 1.06652 -> sl: 1.07851 tp: 1.06631
0	23:16:04.488	'1809640': order #43410951 sell 0.01 EURUSD at 1.07419 was modified -> sl: 1.07851 tp: 1.06631
0	23:16:04.519	'1809640': modify order #43411189 sell 0.01 EURUSD at 1.07388 sl: 1.07820 tp: 1.06652 -> sl: 1.07820 tp: 1.06631
0	23:16:04.832	'1809640': order #43411189 sell 0.01 EURUSD at 1.07388 was modified -> sl: 1.07820 tp: 1.06631
0	23:16:04.863	'1809640': modify order #43411231 sell 0.01 EURUSD at 1.07368 sl: 1.07801 tp: 1.06650 -> sl: 1.07801 tp: 1.06631
0	23:16:05.223	'1809640': order #43411231 sell 0.01 EURUSD at 1.07368 was modified -> sl: 1.07801 tp: 1.06631
0	23:16:05.285	'1809640': modify order #43412108 sell 0.01 EURUSD at 1.07148 sl: 1.07572 tp: 1.06650 -> sl: 1.07572 tp: 1.06636
0	23:16:05.644	'1809640': order #43412108 sell 0.01 EURUSD at 1.07148 was modified -> sl: 1.07572 tp: 1.06636
0	23:17:19.363	'1809640': modify order #43410205 sell 0.01 EURUSD at 1.07332 sl: 1.07793 tp: 1.07059 -> sl: 1.07793 tp: 1.06989
0	23:17:19.707	'1809640': order #43410205 sell 0.01 EURUSD at 1.07332 was modified -> sl: 1.07793 tp: 1.06989
0	23:17:19.723	'1809640': modify order #43410471 sell 0.01 EURUSD at 1.07340 sl: 1.07780 tp: 1.06633 -> sl: 1.07780 tp: 1.06617
0	23:17:20.051	'1809640': order #43410471 sell 0.01 EURUSD at 1.07340 was modified -> sl: 1.07780 tp: 1.06617
0	23:17:20.082	'1809640': modify order #43410630 sell 0.01 EURUSD at 1.07351 sl: 1.07781 tp: 1.06634 -> sl: 1.07781 tp: 1.06618
0	23:17:20.488	'1809640': order #43410630 sell 0.01 EURUSD at 1.07351 was modified -> sl: 1.07781 tp: 1.06618
0	23:17:20.551	'1809640': modify order #43410778 sell 0.01 EURUSD at 1.07361 sl: 1.07791 tp: 1.06634 -> sl: 1.07791 tp: 1.06618
0	23:17:21.066	'1809640': order #43410778 sell 0.01 EURUSD at 1.07361 was modified -> sl: 1.07791 tp: 1.06618
0	23:17:21.113	'1809640': modify order #43410951 sell 0.01 EURUSD at 1.07419 sl: 1.07851 tp: 1.06631 -> sl: 1.07851 tp: 1.06619
0	23:17:21.504	'1809640': order #43410951 sell 0.01 EURUSD at 1.07419 was modified -> sl: 1.07851 tp: 1.06619
0	23:17:21.520	'1809640': modify order #43411189 sell 0.01 EURUSD at 1.07388 sl: 1.07820 tp: 1.06631 -> sl: 1.07820 tp: 1.06619
0	23:17:22.051	'1809640': order #43411189 sell 0.01 EURUSD at 1.07388 was modified -> sl: 1.07820 tp: 1.06619
0	23:17:22.129	'1809640': modify order #43411231 sell 0.01 EURUSD at 1.07368 sl: 1.07801 tp: 1.06631 -> sl: 1.07801 tp: 1.06618
0	23:17:22.629	'1809640': order #43411231 sell 0.01 EURUSD at 1.07368 was modified -> sl: 1.07801 tp: 1.06618
0	23:17:22.629	'1809640': modify order #43412108 sell 0.01 EURUSD at 1.07148 sl: 1.07572 tp: 1.06636 -> sl: 1.07572 tp: 1.06617
0	23:17:23.113	'1809640': order #43412108 sell 0.01 EURUSD at 1.07148 was modified -> sl: 1.07572 tp: 1.06617
0	23:18:14.551	'1809640': order buy market 0.01 EURUSD sl: 1.06645 tp: 1.07509
0	23:18:14.832	'1809640': order was opened : #43412361 buy 0.01 EURUSD at 1.07070 sl: 1.06645 tp: 1.07509
0	23:18:14.926	'1809640': modify order #43410205 sell 0.01 EURUSD at 1.07332 sl: 1.07793 tp: 1.06989 -> sl: 1.07793 tp: 1.06968
0	23:18:15.254	'1809640': order #43410205 sell 0.01 EURUSD at 1.07332 was modified -> sl: 1.07793 tp: 1.06968
0	23:18:15.285	'1809640': modify order #43410471 sell 0.01 EURUSD at 1.07340 sl: 1.07780 tp: 1.06617 -> sl: 1.07780 tp: 1.06607
0	23:18:15.644	'1809640': order #43410471 sell 0.01 EURUSD at 1.07340 was modified -> sl: 1.07780 tp: 1.06607
0	23:18:15.707	'1809640': modify order #43410630 sell 0.01 EURUSD at 1.07351 sl: 1.07781 tp: 1.06618 -> sl: 1.07781 tp: 1.06607
0	23:18:16.035	'1809640': order #43410630 sell 0.01 EURUSD at 1.07351 was modified -> sl: 1.07781 tp: 1.06607
0	23:18:16.051	'1809640': modify order #43410778 sell 0.01 EURUSD at 1.07361 sl: 1.07791 tp: 1.06618 -> sl: 1.07791 tp: 1.06606
0	23:18:16.332	'1809640': order #43410778 sell 0.01 EURUSD at 1.07361 was modified -> sl: 1.07791 tp: 1.06606
0	23:18:16.348	'1809640': modify order #43410861 sell 0.01 EURUSD at 1.07396 sl: 1.07830 tp: 1.06367 -> sl: 1.07830 tp: 1.06326
0	23:18:16.691	'1809640': order #43410861 sell 0.01 EURUSD at 1.07396 was modified -> sl: 1.07830 tp: 1.06326
0	23:18:16.723	'1809640': modify order #43410951 sell 0.01 EURUSD at 1.07419 sl: 1.07851 tp: 1.06619 -> sl: 1.07851 tp: 1.06606
0	23:18:17.051	'1809640': order #43410951 sell 0.01 EURUSD at 1.07419 was modified -> sl: 1.07851 tp: 1.06606
0	23:18:17.066	'1809640': modify order #43411189 sell 0.01 EURUSD at 1.07388 sl: 1.07820 tp: 1.06619 -> sl: 1.07820 tp: 1.06606
0	23:18:17.394	'1809640': order #43411189 sell 0.01 EURUSD at 1.07388 was modified -> sl: 1.07820 tp: 1.06606
0	23:18:17.410	'1809640': modify order #43411231 sell 0.01 EURUSD at 1.07368 sl: 1.07801 tp: 1.06618 -> sl: 1.07801 tp: 1.06606
0	23:18:17.723	'1809640': order #43411231 sell 0.01 EURUSD at 1.07368 was modified -> sl: 1.07801 tp: 1.06606
0	23:18:17.738	'1809640': modify order #43412108 sell 0.01 EURUSD at 1.07148 sl: 1.07572 tp: 1.06617 -> sl: 1.07572 tp: 1.06606
0	23:18:18.035	'1809640': order #43412108 sell 0.01 EURUSD at 1.07148 was modified -> sl: 1.07572 tp: 1.06606
0	23:19:20.285	'1809640': modify order #43410205 sell 0.01 EURUSD at 1.07332 sl: 1.07793 tp: 1.06968 -> sl: 1.07793 tp: 1.06951
0	23:19:20.551	'1809640': order #43410205 sell 0.01 EURUSD at 1.07332 was modified -> sl: 1.07793 tp: 1.06951
0	23:19:20.566	'1809640': modify order #43410471 sell 0.01 EURUSD at 1.07340 sl: 1.07780 tp: 1.06607 -> sl: 1.07780 tp: 1.06601
0	23:19:20.863	'1809640': order #43410471 sell 0.01 EURUSD at 1.07340 was modified -> sl: 1.07780 tp: 1.06601
0	23:19:20.879	'1809640': modify order #43410630 sell 0.01 EURUSD at 1.07351 sl: 1.07781 tp: 1.06607 -> sl: 1.07781 tp: 1.06601
0	23:19:21.316	'1809640': order #43410630 sell 0.01 EURUSD at 1.07351 was modified -> sl: 1.07781 tp: 1.06601
0	23:19:21.332	'1809640': modify order #43410778 sell 0.01 EURUSD at 1.07361 sl: 1.07791 tp: 1.06606 -> sl: 1.07791 tp: 1.06601
0	23:19:21.645	'1809640': order #43410778 sell 0.01 EURUSD at 1.07361 was modified -> sl: 1.07791 tp: 1.06601
0	23:19:21.660	'1809640': modify order #43410861 sell 0.01 EURUSD at 1.07396 sl: 1.07830 tp: 1.06326 -> sl: 1.07830 tp: 1.06302
0	23:19:22.035	'1809640': order #43410861 sell 0.01 EURUSD at 1.07396 was modified -> sl: 1.07830 tp: 1.06302
0	23:19:22.066	'1809640': modify order #43410951 sell 0.01 EURUSD at 1.07419 sl: 1.07851 tp: 1.06606 -> sl: 1.07851 tp: 1.06601
0	23:19:22.535	'1809640': order #43410951 sell 0.01 EURUSD at 1.07419 was modified -> sl: 1.07851 tp: 1.06601
0	23:19:22.551	'1809640': modify order #43411189 sell 0.01 EURUSD at 1.07388 sl: 1.07820 tp: 1.06606 -> sl: 1.07820 tp: 1.06601
0	23:19:22.863	'1809640': order #43411189 sell 0.01 EURUSD at 1.07388 was modified -> sl: 1.07820 tp: 1.06601
0	23:19:22.879	'1809640': modify order #43411231 sell 0.01 EURUSD at 1.07368 sl: 1.07801 tp: 1.06606 -> sl: 1.07801 tp: 1.06601
0	23:19:23.191	'1809640': order #43411231 sell 0.01 EURUSD at 1.07368 was modified -> sl: 1.07801 tp: 1.06601
0	23:19:23.207	'1809640': modify order #43412108 sell 0.01 EURUSD at 1.07148 sl: 1.07572 tp: 1.06606 -> sl: 1.07572 tp: 1.06601
0	23:19:23.520	'1809640': order #43412108 sell 0.01 EURUSD at 1.07148 was modified -> sl: 1.07572 tp: 1.06601
0	23:21:15.066	'1809640': modify order #43410205 sell 0.01 EURUSD at 1.07332 sl: 1.07793 tp: 1.06951 -> sl: 1.07793 tp: 1.06908
0	23:21:15.395	'1809640': order #43410205 sell 0.01 EURUSD at 1.07332 was modified -> sl: 1.07793 tp: 1.06908
0	23:21:15.426	'1809640': modify order #43410471 sell 0.01 EURUSD at 1.07340 sl: 1.07780 tp: 1.06601 -> sl: 1.07780 tp: 1.06557
0	23:21:15.707	'1809640': order #43410471 sell 0.01 EURUSD at 1.07340 was modified -> sl: 1.07780 tp: 1.06557
0	23:21:15.723	'1809640': modify order #43410630 sell 0.01 EURUSD at 1.07351 sl: 1.07781 tp: 1.06601 -> sl: 1.07781 tp: 1.06555
0	23:21:16.176	'1809640': order #43410630 sell 0.01 EURUSD at 1.07351 was modified -> sl: 1.07781 tp: 1.06555
0	23:21:16.191	'1809640': modify order #43410778 sell 0.01 EURUSD at 1.07361 sl: 1.07791 tp: 1.06601 -> sl: 1.07791 tp: 1.06555
0	23:21:16.535	'1809640': order #43410778 sell 0.01 EURUSD at 1.07361 was modified -> sl: 1.07791 tp: 1.06555
0	23:21:16.551	'1809640': modify order #43410861 sell 0.01 EURUSD at 1.07396 sl: 1.07830 tp: 1.06302 -> sl: 1.07830 tp: 1.06202
0	23:21:16.895	'1809640': order #43410861 sell 0.01 EURUSD at 1.07396 was modified -> sl: 1.07830 tp: 1.06202
0	23:21:16.957	'1809640': modify order #43410951 sell 0.01 EURUSD at 1.07419 sl: 1.07851 tp: 1.06601 -> sl: 1.07851 tp: 1.06556
0	23:21:17.363	'1809640': order #43410951 sell 0.01 EURUSD at 1.07419 was modified -> sl: 1.07851 tp: 1.06556
0	23:21:17.426	'1809640': modify order #43411189 sell 0.01 EURUSD at 1.07388 sl: 1.07820 tp: 1.06601 -> sl: 1.07820 tp: 1.06555
0	23:21:18.129	'1809640': order #43411189 sell 0.01 EURUSD at 1.07388 was modified -> sl: 1.07820 tp: 1.06555
0	23:21:18.145	'1809640': modify order #43411231 sell 0.01 EURUSD at 1.07368 sl: 1.07801 tp: 1.06601 -> sl: 1.07801 tp: 1.06554
0	23:21:18.488	'1809640': order #43411231 sell 0.01 EURUSD at 1.07368 was modified -> sl: 1.07801 tp: 1.06554
0	23:21:18.520	'1809640': modify order #43412108 sell 0.01 EURUSD at 1.07148 sl: 1.07572 tp: 1.06601 -> sl: 1.07572 tp: 1.06551
0	23:21:18.973	'1809640': order #43412108 sell 0.01 EURUSD at 1.07148 was modified -> sl: 1.07572 tp: 1.06551
0	23:23:11.895	'1809640': order buy market 0.01 EURUSD sl: 1.06598 tp: 1.07461
0	23:23:12.160	'1809640': order was opened : #43412502 buy 0.01 EURUSD at 1.07021 sl: 1.06598 tp: 1.07461
0	23:23:12.238	'1809640': modify order #43410205 sell 0.01 EURUSD at 1.07332 sl: 1.07793 tp: 1.06908 -> sl: 1.07793 tp: 1.06872
0	23:23:12.676	'1809640': order #43410205 sell 0.01 EURUSD at 1.07332 was modified -> sl: 1.07793 tp: 1.06872
0	23:24:04.223	'1809640': modify order #43410205 sell 0.01 EURUSD at 1.07332 sl: 1.07793 tp: 1.06872 -> sl: 1.07793 tp: 1.06854
0	23:24:04.457	'1809640': order #43410205 sell 0.01 EURUSD at 1.07332 was modified -> sl: 1.07793 tp: 1.06854
0	23:24:04.473	'1809640': modify order #43410471 sell 0.01 EURUSD at 1.07340 sl: 1.07780 tp: 1.06557 -> sl: 1.07780 tp: 1.06534
0	23:24:04.801	'1809640': order #43410471 sell 0.01 EURUSD at 1.07340 was modified -> sl: 1.07780 tp: 1.06534
0	23:24:04.816	'1809640': modify order #43410630 sell 0.01 EURUSD at 1.07351 sl: 1.07781 tp: 1.06555 -> sl: 1.07781 tp: 1.06534
0	23:24:05.129	'1809640': order #43410630 sell 0.01 EURUSD at 1.07351 was modified -> sl: 1.07781 tp: 1.06534
0	23:24:05.145	'1809640': modify order #43410778 sell 0.01 EURUSD at 1.07361 sl: 1.07791 tp: 1.06555 -> sl: 1.07791 tp: 1.06534
0	23:24:05.488	'1809640': order #43410778 sell 0.01 EURUSD at 1.07361 was modified -> sl: 1.07791 tp: 1.06534
0	23:24:05.504	'1809640': modify order #43410861 sell 0.01 EURUSD at 1.07396 sl: 1.07830 tp: 1.06202 -> sl: 1.07830 tp: 1.06175
0	23:24:05.738	'1809640': order #43410861 sell 0.01 EURUSD at 1.07396 was modified -> sl: 1.07830 tp: 1.06175
0	23:24:05.785	'1809640': modify order #43410951 sell 0.01 EURUSD at 1.07419 sl: 1.07851 tp: 1.06556 -> sl: 1.07851 tp: 1.06534
0	23:24:06.098	'1809640': order #43410951 sell 0.01 EURUSD at 1.07419 was modified -> sl: 1.07851 tp: 1.06534
0	23:24:06.145	'1809640': modify order #43411189 sell 0.01 EURUSD at 1.07388 sl: 1.07820 tp: 1.06555 -> sl: 1.07820 tp: 1.06535
0	23:24:06.457	'1809640': order #43411189 sell 0.01 EURUSD at 1.07388 was modified -> sl: 1.07820 tp: 1.06535
0	23:24:06.488	'1809640': modify order #43411231 sell 0.01 EURUSD at 1.07368 sl: 1.07801 tp: 1.06554 -> sl: 1.07801 tp: 1.06532
0	23:24:06.801	'1809640': order #43411231 sell 0.01 EURUSD at 1.07368 was modified -> sl: 1.07801 tp: 1.06532
0	23:24:06.816	'1809640': modify order #43412108 sell 0.01 EURUSD at 1.07148 sl: 1.07572 tp: 1.06551 -> sl: 1.07572 tp: 1.06534
0	23:24:07.113	'1809640': order #43412108 sell 0.01 EURUSD at 1.07148 was modified -> sl: 1.07572 tp: 1.06534
0	23:24:33.957	'1809640': order #43411606 buy 0.01 EURUSD at 1.07375 closed due stop-loss at price 1.06948
0	23:25:09.770	'1809640': order #43411850 buy 0.01 EURUSD at 1.07291 closed due stop-loss at price 1.06859
0	23:25:12.113	'1809640': modify order #43410471 sell 0.01 EURUSD at 1.07340 sl: 1.07780 tp: 1.06534 -> sl: 1.07780 tp: 1.06427
0	23:25:12.535	'1809640': order #43410471 sell 0.01 EURUSD at 1.07340 was modified -> sl: 1.07780 tp: 1.06427
0	23:25:12.551	'1809640': modify order #43410630 sell 0.01 EURUSD at 1.07351 sl: 1.07781 tp: 1.06534 -> sl: 1.07781 tp: 1.06427
0	23:25:13.051	'1809640': order #43410630 sell 0.01 EURUSD at 1.07351 was modified -> sl: 1.07781 tp: 1.06427
0	23:25:13.067	'1809640': modify order #43410778 sell 0.01 EURUSD at 1.07361 sl: 1.07791 tp: 1.06534 -> sl: 1.07791 tp: 1.06427
0	23:25:13.238	'1809640': order #43410778 sell 0.01 EURUSD at 1.07361 was modified -> sl: 1.07791 tp: 1.06427
0	23:25:13.254	'1809640': modify order #43410861 sell 0.01 EURUSD at 1.07396 sl: 1.07830 tp: 1.06175 -> sl: 1.07830 tp: 1.05957
0	23:25:13.754	'1809640': order #43410861 sell 0.01 EURUSD at 1.07396 was modified -> sl: 1.07830 tp: 1.05957
0	23:25:13.770	'1809640': modify order #43410951 sell 0.01 EURUSD at 1.07419 sl: 1.07851 tp: 1.06534 -> sl: 1.07851 tp: 1.06426
0	23:25:14.317	'1809640': order #43410951 sell 0.01 EURUSD at 1.07419 was modified -> sl: 1.07851 tp: 1.06426
0	23:25:14.332	'1809640': modify order #43411189 sell 0.01 EURUSD at 1.07388 sl: 1.07820 tp: 1.06535 -> sl: 1.07820 tp: 1.06426
0	23:25:14.801	'1809640': order #43411189 sell 0.01 EURUSD at 1.07388 was modified -> sl: 1.07820 tp: 1.06426
0	23:25:14.848	'1809640': modify order #43411231 sell 0.01 EURUSD at 1.07368 sl: 1.07801 tp: 1.06532 -> sl: 1.07801 tp: 1.06428
0	23:25:15.254	'1809640': order #43411231 sell 0.01 EURUSD at 1.07368 was modified -> sl: 1.07801 tp: 1.06428
0	23:25:15.254	'1809640': modify order #43412108 sell 0.01 EURUSD at 1.07148 sl: 1.07572 tp: 1.06534 -> sl: 1.07572 tp: 1.06426
0	23:25:15.754	'1809640': order #43412108 sell 0.01 EURUSD at 1.07148 was modified -> sl: 1.07572 tp: 1.06426
0	23:26:03.848	'1809640': modify order #43410205 sell 0.01 EURUSD at 1.07332 sl: 1.07793 tp: 1.06854 -> sl: 1.07793 tp: 1.06811
0	23:26:04.207	'1809640': order #43410205 sell 0.01 EURUSD at 1.07332 was modified -> sl: 1.07793 tp: 1.06811
0	23:27:07.270	'1809640': modify order #43410205 sell 0.01 EURUSD at 1.07332 sl: 1.07793 tp: 1.06811 -> sl: 1.07793 tp: 1.06806
0	23:27:07.629	'1809640': order #43410205 sell 0.01 EURUSD at 1.07332 was modified -> sl: 1.07793 tp: 1.06806
0	23:28:33.379	'1809640': order buy market 0.01 EURUSD sl: 1.06592 tp: 1.07455
0	23:28:33.707	'1809640': order was opened : #43412760 buy 0.01 EURUSD at 1.07015 sl: 1.06592 tp: 1.07455
0	23:28:34.114	'1809640': modify order #43410205 sell 0.01 EURUSD at 1.07332 sl: 1.07793 tp: 1.06806 -> sl: 1.07793 tp: 1.06805
0	23:28:34.348	'1809640': order #43410205 sell 0.01 EURUSD at 1.07332 was modified -> sl: 1.07793 tp: 1.06805
0	23:29:20.317	'1809640': modify order #43412502 buy 0.01 EURUSD at 1.07021 sl: 1.06598 tp: 1.07461 -> sl: 1.06598 tp: 1.07486
0	23:29:20.660	'1809640': order #43412502 buy 0.01 EURUSD at 1.07021 was modified -> sl: 1.06598 tp: 1.07486
0	23:29:20.676	'1809640': modify order #43412760 buy 0.01 EURUSD at 1.07015 sl: 1.06592 tp: 1.07455 -> sl: 1.06592 tp: 1.07487
0	23:29:21.035	'1809640': order #43412760 buy 0.01 EURUSD at 1.07015 was modified -> sl: 1.06592 tp: 1.07487
0	23:33:13.817	'1809640': order sell market 0.01 EURUSD sl: 1.07370 tp: 1.06816
0	23:33:14.114	'1809640': order was opened : #43412918 sell 0.01 EURUSD at 1.06949 sl: 1.07370 tp: 1.06816
0	23:33:14.786	'1809640': modify order #43412918 sell 0.01 EURUSD at 1.06949 sl: 1.07370 tp: 1.06816 -> sl: 1.07370 tp: 1.06812
0	23:33:15.036	'1809640': order #43412918 sell 0.01 EURUSD at 1.06949 was modified -> sl: 1.07370 tp: 1.06812
0	23:37:28.786	'1809640': order buy market 0.01 EURUSD sl: 1.06606 tp: 1.07469
0	23:37:29.114	'1809640': order was opened : #43412993 buy 0.01 EURUSD at 1.07029 sl: 1.06606 tp: 1.07469
0	23:38:18.254	'1809640': modify order #43412993 buy 0.01 EURUSD at 1.07029 sl: 1.06606 tp: 1.07469 -> sl: 1.06606 tp: 1.07486
0	23:38:18.520	'1809640': order #43412993 buy 0.01 EURUSD at 1.07029 was modified -> sl: 1.06606 tp: 1.07486
0	23:41:07.176	'1809640': modify order #43412502 buy 0.01 EURUSD at 1.07021 sl: 1.06598 tp: 1.07486 -> sl: 1.06598 tp: 1.07499
0	23:41:07.442	'1809640': order #43412502 buy 0.01 EURUSD at 1.07021 was modified -> sl: 1.06598 tp: 1.07499
0	23:41:07.458	'1809640': modify order #43412760 buy 0.01 EURUSD at 1.07015 sl: 1.06592 tp: 1.07487 -> sl: 1.06592 tp: 1.07499
0	23:41:07.770	'1809640': order #43412760 buy 0.01 EURUSD at 1.07015 was modified -> sl: 1.06592 tp: 1.07499
0	23:41:07.786	'1809640': modify order #43412993 buy 0.01 EURUSD at 1.07029 sl: 1.06606 tp: 1.07486 -> sl: 1.06606 tp: 1.07499
0	23:41:08.083	'1809640': order #43412993 buy 0.01 EURUSD at 1.07029 was modified -> sl: 1.06606 tp: 1.07499
0	23:47:27.052	'1809640': order sell market 0.01 EURUSD sl: 1.07488 tp: 1.06625
0	23:47:27.348	'1809640': order was opened : #43413272 sell 0.01 EURUSD at 1.07065 sl: 1.07488 tp: 1.06625
0	23:47:27.833	'1809640': modify order #43412361 buy 0.01 EURUSD at 1.07070 sl: 1.06645 tp: 1.07509 -> sl: 1.06645 tp: 1.07528
0	23:47:28.161	'1809640': order #43412361 buy 0.01 EURUSD at 1.07070 was modified -> sl: 1.06645 tp: 1.07528
0	23:47:28.177	'1809640': modify order #43412502 buy 0.01 EURUSD at 1.07021 sl: 1.06598 tp: 1.07499 -> sl: 1.06598 tp: 1.07528
0	23:47:28.505	'1809640': order #43412502 buy 0.01 EURUSD at 1.07021 was modified -> sl: 1.06598 tp: 1.07528
0	23:47:28.520	'1809640': modify order #43412760 buy 0.01 EURUSD at 1.07015 sl: 1.06592 tp: 1.07499 -> sl: 1.06592 tp: 1.07528
0	23:47:28.848	'1809640': order #43412760 buy 0.01 EURUSD at 1.07015 was modified -> sl: 1.06592 tp: 1.07528
0	23:47:28.911	'1809640': modify order #43412993 buy 0.01 EURUSD at 1.07029 sl: 1.06606 tp: 1.07499 -> sl: 1.06606 tp: 1.07528
0	23:47:29.208	'1809640': order #43412993 buy 0.01 EURUSD at 1.07029 was modified -> sl: 1.06606 tp: 1.07528
0	23:48:51.724	'1809640': modify order #43413272 sell 0.01 EURUSD at 1.07065 sl: 1.07488 tp: 1.06625 -> sl: 1.07488 tp: 1.06591
0	23:48:52.005	'1809640': order #43413272 sell 0.01 EURUSD at 1.07065 was modified -> sl: 1.07488 tp: 1.06591
0	23:49:19.020	'1809640': modify order #43413272 sell 0.01 EURUSD at 1.07065 sl: 1.07488 tp: 1.06591 -> sl: 1.07488 tp: 1.06580
0	23:49:19.317	'1809640': order #43413272 sell 0.01 EURUSD at 1.07065 was modified -> sl: 1.07488 tp: 1.06580
0	23:53:35.083	'1809640': modify order #43413272 sell 0.01 EURUSD at 1.07065 sl: 1.07488 tp: 1.06580 -> sl: 1.07488 tp: 1.06579
0	23:53:35.411	'1809640': order #43413272 sell 0.01 EURUSD at 1.07065 was modified -> sl: 1.07488 tp: 1.06579
0	23:54:50.630	'1809640': order buy market 0.01 EURUSD sl: 1.06609 tp: 1.07469
0	23:54:50.864	'1809640': order was opened : #43413339 buy 0.01 EURUSD at 1.07026 sl: 1.06609 tp: 1.07469
0	23:54:50.911	'1809640': modify order #43413272 sell 0.01 EURUSD at 1.07065 sl: 1.07488 tp: 1.06579 -> sl: 1.07488 tp: 1.06564
0	23:54:51.193	'1809640': order #43413272 sell 0.01 EURUSD at 1.07065 was modified -> sl: 1.07488 tp: 1.06564
0	23:56:08.818	'1809640': modify order #43413272 sell 0.01 EURUSD at 1.07065 sl: 1.07488 tp: 1.06564 -> sl: 1.07488 tp: 1.06542
0	23:56:09.052	'1809640': order #43413272 sell 0.01 EURUSD at 1.07065 was modified -> sl: 1.07488 tp: 1.06542
0	23:58:01.599	'1809640': modify order #43413272 sell 0.01 EURUSD at 1.07065 sl: 1.07488 tp: 1.06542 -> sl: 1.07488 tp: 1.06536
0	23:58:01.849	'1809640': order #43413272 sell 0.01 EURUSD at 1.07065 was modified -> sl: 1.07488 tp: 1.06536
