0	01:23:31.020	'1809640': modify order #44433264 buy 0.01 EURUSD at 1.09284 sl: 1.08867 tp: 1.09828 -> sl: 1.08867 tp: 1.09845
0	01:23:31.705	'1809640': order #44433264 buy 0.01 EURUSD at 1.09284 was modified -> sl: 1.08867 tp: 1.09845
0	01:23:31.705	'1809640': modify order #44434788 buy 0.01 EURUSD at 1.09112 sl: 1.08694 tp: 1.09829 -> sl: 1.08694 tp: 1.09845
0	01:23:32.110	'1809640': order #44434788 buy 0.01 EURUSD at 1.09112 was modified -> sl: 1.08694 tp: 1.09845
0	01:25:55.290	'1809640': modify order #44433264 buy 0.01 EURUSD at 1.09284 sl: 1.08867 tp: 1.09845 -> sl: 1.08867 tp: 1.09870
0	01:25:55.643	'1809640': order #44433264 buy 0.01 EURUSD at 1.09284 was modified -> sl: 1.08867 tp: 1.09870
0	01:25:55.724	'1809640': modify order #44434788 buy 0.01 EURUSD at 1.09112 sl: 1.08694 tp: 1.09845 -> sl: 1.08694 tp: 1.09870
0	01:25:56.259	'1809640': order #44434788 buy 0.01 EURUSD at 1.09112 was modified -> sl: 1.08694 tp: 1.09870
0	01:31:11.428	'1809640': modify order #44433264 buy 0.01 EURUSD at 1.09284 sl: 1.08867 tp: 1.09870 -> sl: 1.08867 tp: 1.09871
0	01:31:12.285	'1809640': order #44433264 buy 0.01 EURUSD at 1.09284 was modified -> sl: 1.08867 tp: 1.09871
0	01:31:12.285	'1809640': modify order #44434788 buy 0.01 EURUSD at 1.09112 sl: 1.08694 tp: 1.09870 -> sl: 1.08694 tp: 1.09871
0	01:31:12.852	'1809640': order #44434788 buy 0.01 EURUSD at 1.09112 was modified -> sl: 1.08694 tp: 1.09871
0	01:34:22.270	'1809640': modify order #44433264 buy 0.01 EURUSD at 1.09284 sl: 1.08867 tp: 1.09871 -> sl: 1.08867 tp: 1.09877
0	01:34:22.826	'1809640': order #44433264 buy 0.01 EURUSD at 1.09284 was modified -> sl: 1.08867 tp: 1.09877
0	01:34:22.826	'1809640': modify order #44434788 buy 0.01 EURUSD at 1.09112 sl: 1.08694 tp: 1.09871 -> sl: 1.08694 tp: 1.09877
0	01:34:23.181	'1809640': order #44434788 buy 0.01 EURUSD at 1.09112 was modified -> sl: 1.08694 tp: 1.09877
0	01:52:34.111	'1809640': modify order #44431398 buy 0.01 EURUSD at 1.09392 sl: 1.08971 tp: 1.09879 -> sl: 1.08971 tp: 1.09893
0	01:52:34.885	'1809640': order #44431398 buy 0.01 EURUSD at 1.09392 was modified -> sl: 1.08971 tp: 1.09893
0	01:52:35.128	'1809640': modify order #44433264 buy 0.01 EURUSD at 1.09284 sl: 1.08867 tp: 1.09877 -> sl: 1.08867 tp: 1.09893
0	01:52:35.700	'1809640': order #44433264 buy 0.01 EURUSD at 1.09284 was modified -> sl: 1.08867 tp: 1.09893
0	01:52:35.700	'1809640': modify order #44434788 buy 0.01 EURUSD at 1.09112 sl: 1.08694 tp: 1.09877 -> sl: 1.08694 tp: 1.09894
0	01:52:36.186	'1809640': order #44434788 buy 0.01 EURUSD at 1.09112 was modified -> sl: 1.08694 tp: 1.09894
0	02:07:26.365	'1809640': modify order #44431398 buy 0.01 EURUSD at 1.09392 sl: 1.08971 tp: 1.09893 -> sl: 1.08971 tp: 1.09902
0	02:07:26.819	'1809640': order #44431398 buy 0.01 EURUSD at 1.09392 was modified -> sl: 1.08971 tp: 1.09902
0	02:07:26.822	'1809640': modify order #44433264 buy 0.01 EURUSD at 1.09284 sl: 1.08867 tp: 1.09893 -> sl: 1.08867 tp: 1.09902
0	02:07:27.432	'1809640': order #44433264 buy 0.01 EURUSD at 1.09284 was modified -> sl: 1.08867 tp: 1.09902
0	02:07:27.510	'1809640': modify order #44434788 buy 0.01 EURUSD at 1.09112 sl: 1.08694 tp: 1.09894 -> sl: 1.08694 tp: 1.09902
0	02:07:27.992	'1809640': order #44434788 buy 0.01 EURUSD at 1.09112 was modified -> sl: 1.08694 tp: 1.09902
0	02:10:40.595	'1809640': modify order #44431398 buy 0.01 EURUSD at 1.09392 sl: 1.08971 tp: 1.09902 -> sl: 1.08971 tp: 1.09923
0	02:10:41.114	'1809640': order #44431398 buy 0.01 EURUSD at 1.09392 was modified -> sl: 1.08971 tp: 1.09923
0	02:10:41.155	'1809640': modify order #44433264 buy 0.01 EURUSD at 1.09284 sl: 1.08867 tp: 1.09902 -> sl: 1.08867 tp: 1.09923
0	02:10:41.479	'1809640': order #44433264 buy 0.01 EURUSD at 1.09284 was modified -> sl: 1.08867 tp: 1.09923
0	02:10:41.520	'1809640': modify order #44434788 buy 0.01 EURUSD at 1.09112 sl: 1.08694 tp: 1.09902 -> sl: 1.08694 tp: 1.09923
0	02:10:42.043	'1809640': order #44434788 buy 0.01 EURUSD at 1.09112 was modified -> sl: 1.08694 tp: 1.09923
0	06:59:45.707	'1809640': modify order #44431398 buy 0.01 EURUSD at 1.09392 sl: 1.08971 tp: 1.09923 -> sl: 1.08971 tp: 1.09924
0	06:59:47.818	'1809640': order #44431398 buy 0.01 EURUSD at 1.09392 was modified -> sl: 1.08971 tp: 1.09924
0	06:59:48.082	'1809640': modify order #44433264 buy 0.01 EURUSD at 1.09284 sl: 1.08867 tp: 1.09923 -> sl: 1.08867 tp: 1.09924
0	06:59:48.568	'1809640': order #44433264 buy 0.01 EURUSD at 1.09284 was modified -> sl: 1.08867 tp: 1.09924
0	06:59:48.601	'1809640': modify order #44434788 buy 0.01 EURUSD at 1.09112 sl: 1.08694 tp: 1.09923 -> sl: 1.08694 tp: 1.09924
0	06:59:48.995	'1809640': order #44434788 buy 0.01 EURUSD at 1.09112 was modified -> sl: 1.08694 tp: 1.09924
0	07:15:39.941	'1809640': modify order #44431398 buy 0.01 EURUSD at 1.09392 sl: 1.08971 tp: 1.09924 -> sl: 1.08971 tp: 1.09936
0	07:15:40.492	'1809640': order #44431398 buy 0.01 EURUSD at 1.09392 was modified -> sl: 1.08971 tp: 1.09936
0	07:15:40.492	'1809640': modify order #44433264 buy 0.01 EURUSD at 1.09284 sl: 1.08867 tp: 1.09924 -> sl: 1.08867 tp: 1.09934
0	07:15:40.788	'1809640': order #44433264 buy 0.01 EURUSD at 1.09284 was modified -> sl: 1.08867 tp: 1.09934
0	07:15:40.788	'1809640': modify order #44434788 buy 0.01 EURUSD at 1.09112 sl: 1.08694 tp: 1.09924 -> sl: 1.08694 tp: 1.09933
0	07:15:41.015	'1809640': order #44434788 buy 0.01 EURUSD at 1.09112 was modified -> sl: 1.08694 tp: 1.09933
0	07:18:29.254	'1809640': modify order #44431398 buy 0.01 EURUSD at 1.09392 sl: 1.08971 tp: 1.09936 -> sl: 1.08971 tp: 1.09994
0	07:18:29.644	'1809640': order #44431398 buy 0.01 EURUSD at 1.09392 was modified -> sl: 1.08971 tp: 1.09994
0	07:18:29.804	'1809640': modify order #44433264 buy 0.01 EURUSD at 1.09284 sl: 1.08867 tp: 1.09934 -> sl: 1.08867 tp: 1.09994
0	07:18:30.915	'1809640': order #44433264 buy 0.01 EURUSD at 1.09284 was modified -> sl: 1.08867 tp: 1.09994
0	07:18:31.176	'1809640': modify order #44434788 buy 0.01 EURUSD at 1.09112 sl: 1.08694 tp: 1.09933 -> sl: 1.08694 tp: 1.09994
0	07:18:32.212	'1809640': order #44434788 buy 0.01 EURUSD at 1.09112 was modified -> sl: 1.08694 tp: 1.09994
0	07:36:56.532	'1809640': modify order #44431398 buy 0.01 EURUSD at 1.09392 sl: 1.08971 tp: 1.09994 -> sl: 1.08971 tp: 1.09995
0	07:36:56.954	'1809640': order #44431398 buy 0.01 EURUSD at 1.09392 was modified -> sl: 1.08971 tp: 1.09995
0	07:36:57.020	'1809640': modify order #44433264 buy 0.01 EURUSD at 1.09284 sl: 1.08867 tp: 1.09994 -> sl: 1.08867 tp: 1.09995
0	07:36:57.538	'1809640': order #44433264 buy 0.01 EURUSD at 1.09284 was modified -> sl: 1.08867 tp: 1.09995
0	07:36:57.570	'1809640': modify order #44434788 buy 0.01 EURUSD at 1.09112 sl: 1.08694 tp: 1.09994 -> sl: 1.08694 tp: 1.09995
0	07:36:57.895	'1809640': order #44434788 buy 0.01 EURUSD at 1.09112 was modified -> sl: 1.08694 tp: 1.09995
1	15:32:35.070	'1809640': connect failed [No connection]
0	15:33:05.161	'1809640': login on Tripleafx-FX-Demo through FX-Demo-01
0	15:33:19.984	'1809640': ping to current access point FX-Demo-01 is 99.56 ms
1	15:33:57.995	MQL4 Market: failed to load products
0	18:37:53.010	'1809640': modify order #44431398 buy 0.01 EURUSD at 1.09392 sl: 1.08971 tp: 1.09995 -> sl: 1.08971 tp: 1.10038
0	18:37:53.598	'1809640': order #44431398 buy 0.01 EURUSD at 1.09392 was modified -> sl: 1.08971 tp: 1.10038
0	18:37:53.631	'1809640': modify order #44433264 buy 0.01 EURUSD at 1.09284 sl: 1.08867 tp: 1.09995 -> sl: 1.08867 tp: 1.10038
0	18:37:54.113	'1809640': order #44433264 buy 0.01 EURUSD at 1.09284 was modified -> sl: 1.08867 tp: 1.10038
0	18:37:54.113	'1809640': modify order #44434788 buy 0.01 EURUSD at 1.09112 sl: 1.08694 tp: 1.09995 -> sl: 1.08694 tp: 1.10037
0	18:37:54.478	'1809640': order #44434788 buy 0.01 EURUSD at 1.09112 was modified -> sl: 1.08694 tp: 1.10037
0	18:41:00.850	'1809640': modify order #44431398 buy 0.01 EURUSD at 1.09392 sl: 1.08971 tp: 1.10038 -> sl: 1.08971 tp: 1.10044
0	18:41:01.170	'1809640': order #44431398 buy 0.01 EURUSD at 1.09392 was modified -> sl: 1.08971 tp: 1.10044
0	18:41:01.202	'1809640': modify order #44433264 buy 0.01 EURUSD at 1.09284 sl: 1.08867 tp: 1.10038 -> sl: 1.08867 tp: 1.10045
0	18:41:01.689	'1809640': order #44433264 buy 0.01 EURUSD at 1.09284 was modified -> sl: 1.08867 tp: 1.10045
0	18:41:01.689	'1809640': modify order #44434788 buy 0.01 EURUSD at 1.09112 sl: 1.08694 tp: 1.10037 -> sl: 1.08694 tp: 1.10044
0	18:41:02.074	'1809640': order #44434788 buy 0.01 EURUSD at 1.09112 was modified -> sl: 1.08694 tp: 1.10044
0	18:43:05.749	'1809640': modify order #44431398 buy 0.01 EURUSD at 1.09392 sl: 1.08971 tp: 1.10044 -> sl: 1.08971 tp: 1.10057
0	18:43:06.207	'1809640': order #44431398 buy 0.01 EURUSD at 1.09392 was modified -> sl: 1.08971 tp: 1.10057
0	18:43:06.207	'1809640': modify order #44433264 buy 0.01 EURUSD at 1.09284 sl: 1.08867 tp: 1.10045 -> sl: 1.08867 tp: 1.10057
0	18:43:06.723	'1809640': order #44433264 buy 0.01 EURUSD at 1.09284 was modified -> sl: 1.08867 tp: 1.10057
0	18:43:06.755	'1809640': modify order #44434788 buy 0.01 EURUSD at 1.09112 sl: 1.08694 tp: 1.10044 -> sl: 1.08694 tp: 1.10057
0	18:43:07.079	'1809640': order #44434788 buy 0.01 EURUSD at 1.09112 was modified -> sl: 1.08694 tp: 1.10057
0	19:00:28.390	'1809640': order #44431398 buy 0.01 EURUSD at 1.09392 closed due stop-loss at price 1.08971
0	19:00:29.173	'1809640': order #44251636 buy 0.01 EURUSD at 1.09363 closed due stop-loss at price 1.08944
0	19:01:28.914	'1809640': order buy market 0.01 EURUSD sl: 1.08808 tp: 1.09680
0	19:01:29.142	'1809640': order was opened : #44477207 buy 0.01 EURUSD at 1.09291 sl: 1.08808 tp: 1.09680
0	19:02:56.400	'1809640': modify order #44477207 buy 0.01 EURUSD at 1.09291 sl: 1.08808 tp: 1.09680 -> sl: 1.08808 tp: 1.09746
0	19:02:56.692	'1809640': order #44477207 buy 0.01 EURUSD at 1.09291 was modified -> sl: 1.08808 tp: 1.09746
0	19:07:49.388	'1809640': modify order #44387470 sell 0.01 EURUSD at 1.10209 sl: 1.10628 tp: 1.08611 -> sl: 1.10628 tp: 1.08515
0	19:07:49.874	'1809640': order #44387470 sell 0.01 EURUSD at 1.10209 was modified -> sl: 1.10628 tp: 1.08515
0	19:07:49.874	'1809640': modify order #44387879 sell 0.01 EURUSD at 1.10265 sl: 1.10683 tp: 1.08611 -> sl: 1.10683 tp: 1.08515
0	19:07:50.264	'1809640': order #44387879 sell 0.01 EURUSD at 1.10265 was modified -> sl: 1.10683 tp: 1.08515
0	19:07:50.264	'1809640': modify order #44388753 sell 0.01 EURUSD at 1.10326 sl: 1.10737 tp: 1.08611 -> sl: 1.10737 tp: 1.08513
0	19:07:50.588	'1809640': order #44388753 sell 0.01 EURUSD at 1.10326 was modified -> sl: 1.10737 tp: 1.08513
0	19:07:50.588	'1809640': modify order #44389057 sell 0.01 EURUSD at 1.10282 sl: 1.10702 tp: 1.08612 -> sl: 1.10702 tp: 1.08520
0	19:07:50.974	'1809640': order #44389057 sell 0.01 EURUSD at 1.10282 was modified -> sl: 1.10702 tp: 1.08520
0	19:07:51.104	'1809640': modify order #44389425 sell 0.01 EURUSD at 1.10245 sl: 1.10662 tp: 1.08611 -> sl: 1.10662 tp: 1.08520
0	19:07:51.334	'1809640': order #44389425 sell 0.01 EURUSD at 1.10245 was modified -> sl: 1.10662 tp: 1.08520
0	19:07:51.334	'1809640': modify order #44390336 sell 0.01 EURUSD at 1.10236 sl: 1.10657 tp: 1.08610 -> sl: 1.10657 tp: 1.08512
0	19:07:51.724	'1809640': order #44390336 sell 0.01 EURUSD at 1.10236 was modified -> sl: 1.10657 tp: 1.08512
0	19:07:51.724	'1809640': modify order #44391728 sell 0.01 EURUSD at 1.10467 sl: 1.10889 tp: 1.08610 -> sl: 1.10889 tp: 1.08512
0	19:07:52.146	'1809640': order #44391728 sell 0.01 EURUSD at 1.10467 was modified -> sl: 1.10889 tp: 1.08512
0	19:07:52.211	'1809640': modify order #44391960 sell 0.01 EURUSD at 1.10399 sl: 1.10819 tp: 1.08609 -> sl: 1.10819 tp: 1.08513
0	19:07:52.567	'1809640': order #44391960 sell 0.01 EURUSD at 1.10399 was modified -> sl: 1.10819 tp: 1.08513
0	19:07:52.600	'1809640': modify order #44414591 sell 0.01 EURUSD at 1.10526 sl: 1.10947 tp: 1.08609 -> sl: 1.10947 tp: 1.08515
0	19:07:52.888	'1809640': order #44414591 sell 0.01 EURUSD at 1.10526 was modified -> sl: 1.10947 tp: 1.08515
0	19:07:52.985	'1809640': modify order #44418287 sell 0.01 EURUSD at 1.10163 sl: 1.10581 tp: 1.08609 -> sl: 1.10581 tp: 1.08515
0	19:07:53.467	'1809640': order #44418287 sell 0.01 EURUSD at 1.10163 was modified -> sl: 1.10581 tp: 1.08515
0	19:07:59.197	'1809640': order #44433264 buy 0.01 EURUSD at 1.09284 closed due stop-loss at price 1.08867
0	19:08:22.918	'1809640': order sell market 0.01 EURUSD sl: 1.09404 tp: 1.08533
0	19:08:23.474	'1809640': order was opened : #44480693 sell 0.01 EURUSD at 1.08982 sl: 1.09404 tp: 1.08533
0	19:12:22.278	'1809640': order #44480693 sell 0.01 EURUSD at 1.08982 closed due stop-loss at price 1.09404
0	19:12:52.402	'1809640': modify order #44477207 buy 0.01 EURUSD at 1.09291 sl: 1.08808 tp: 1.09746 -> sl: 1.08808 tp: 1.09830
0	19:12:53.794	'1809640': order #44477207 buy 0.01 EURUSD at 1.09291 was modified -> sl: 1.08808 tp: 1.09830
0	19:13:14.161	'1809640': order buy market 0.01 EURUSD sl: 1.09092 tp: 1.09697
0	19:13:14.684	'1809640': order was opened : #44482332 buy 0.01 EURUSD at 1.09516 sl: 1.09092 tp: 1.09697
0	19:15:43.309	'1809640': modify order #44477207 buy 0.01 EURUSD at 1.09291 sl: 1.08808 tp: 1.09830 -> sl: 1.08808 tp: 1.09864
0	19:15:43.796	'1809640': order #44477207 buy 0.01 EURUSD at 1.09291 was modified -> sl: 1.08808 tp: 1.09864
0	19:15:43.796	'1809640': modify order #44482332 buy 0.01 EURUSD at 1.09516 sl: 1.09092 tp: 1.09697 -> sl: 1.09092 tp: 1.09698
0	19:15:44.182	'1809640': order #44482332 buy 0.01 EURUSD at 1.09516 was modified -> sl: 1.09092 tp: 1.09698
0	19:17:33.252	'1809640': modify order #44482332 buy 0.01 EURUSD at 1.09516 sl: 1.09092 tp: 1.09698 -> sl: 1.09092 tp: 1.09700
0	19:17:33.905	'1809640': order #44482332 buy 0.01 EURUSD at 1.09516 was modified -> sl: 1.09092 tp: 1.09700
0	19:18:05.596	'1809640': order buy market 0.01 EURUSD sl: 1.08979 tp: 1.09697
0	19:18:06.245	'1809640': order was opened : #44483540 buy 0.01 EURUSD at 1.09403 sl: 1.08979 tp: 1.09697
0	19:19:42.481	'1809640': modify order #44477207 buy 0.01 EURUSD at 1.09291 sl: 1.08808 tp: 1.09864 -> sl: 1.08808 tp: 1.10030
0	19:19:42.773	'1809640': order #44477207 buy 0.01 EURUSD at 1.09291 was modified -> sl: 1.08808 tp: 1.10030
0	19:19:42.773	'1809640': modify order #44483540 buy 0.01 EURUSD at 1.09403 sl: 1.08979 tp: 1.09697 -> sl: 1.08979 tp: 1.09699
0	19:19:43.297	'1809640': order #44483540 buy 0.01 EURUSD at 1.09403 was modified -> sl: 1.08979 tp: 1.09699
0	19:21:43.521	'1809640': modify order #44483540 buy 0.01 EURUSD at 1.09403 sl: 1.08979 tp: 1.09699 -> sl: 1.08979 tp: 1.09700
0	19:21:44.073	'1809640': order #44483540 buy 0.01 EURUSD at 1.09403 was modified -> sl: 1.08979 tp: 1.09700
0	19:25:43.130	'1809640': modify order #44482332 buy 0.01 EURUSD at 1.09516 sl: 1.09092 tp: 1.09700 -> sl: 1.09092 tp: 1.09709
0	19:25:43.585	'1809640': order #44482332 buy 0.01 EURUSD at 1.09516 was modified -> sl: 1.09092 tp: 1.09709
0	19:25:43.585	'1809640': modify order #44483540 buy 0.01 EURUSD at 1.09403 sl: 1.08979 tp: 1.09700 -> sl: 1.08979 tp: 1.09707
0	19:25:43.974	'1809640': order #44483540 buy 0.01 EURUSD at 1.09403 was modified -> sl: 1.08979 tp: 1.09707
0	19:32:07.417	'1809640': modify order #44482332 buy 0.01 EURUSD at 1.09516 sl: 1.09092 tp: 1.09709 -> sl: 1.09092 tp: 1.09714
0	19:32:07.773	'1809640': order #44482332 buy 0.01 EURUSD at 1.09516 was modified -> sl: 1.09092 tp: 1.09714
0	19:32:07.808	'1809640': modify order #44483540 buy 0.01 EURUSD at 1.09403 sl: 1.08979 tp: 1.09707 -> sl: 1.08979 tp: 1.09716
0	19:32:08.098	'1809640': order #44483540 buy 0.01 EURUSD at 1.09403 was modified -> sl: 1.08979 tp: 1.09716
0	19:32:50.873	'1809640': order #44482332 buy 0.01 EURUSD at 1.09516 closed due take-profit at price 1.09714
0	19:32:50.873	'1809640': order #44483540 buy 0.01 EURUSD at 1.09403 closed due take-profit at price 1.09716
0	19:34:58.138	'1809640': modify order #44434788 buy 0.01 EURUSD at 1.09112 sl: 1.08694 tp: 1.10057 -> sl: 1.08694 tp: 1.10153
0	19:34:58.625	'1809640': order #44434788 buy 0.01 EURUSD at 1.09112 was modified -> sl: 1.08694 tp: 1.10153
0	19:34:58.625	'1809640': modify order #44477207 buy 0.01 EURUSD at 1.09291 sl: 1.08808 tp: 1.10030 -> sl: 1.08808 tp: 1.10152
0	19:35:05.581	'1809640': order #44477207 buy 0.01 EURUSD at 1.09291 was modified -> sl: 1.08808 tp: 1.10152
0	19:35:30.763	'1809640': order buy market 0.01 EURUSD sl: 1.09167 tp: 1.10031
0	19:35:31.342	'1809640': order was opened : #44486410 buy 0.01 EURUSD at 1.09592 sl: 1.09167 tp: 1.10031
0	19:37:24.367	'1809640': modify order #44486410 buy 0.01 EURUSD at 1.09592 sl: 1.09167 tp: 1.10031 -> sl: 1.09167 tp: 1.10037
0	19:37:24.724	'1809640': order #44486410 buy 0.01 EURUSD at 1.09592 was modified -> sl: 1.09167 tp: 1.10037
0	19:40:24.233	'1809640': modify order #44486410 buy 0.01 EURUSD at 1.09592 sl: 1.09167 tp: 1.10037 -> sl: 1.09167 tp: 1.10107
0	19:40:24.822	'1809640': order #44486410 buy 0.01 EURUSD at 1.09592 was modified -> sl: 1.09167 tp: 1.10107
0	19:40:50.757	'1809640': order sell market 0.01 EURUSD sl: 1.10175 tp: 1.09024
0	19:40:51.114	'1809640': order was opened : #44487603 sell 0.01 EURUSD at 1.09748 sl: 1.10175 tp: 1.09024
0	19:42:16.567	'1809640': modify order #44486410 buy 0.01 EURUSD at 1.09592 sl: 1.09167 tp: 1.10107 -> sl: 1.09167 tp: 1.10128
0	19:42:17.216	'1809640': order #44486410 buy 0.01 EURUSD at 1.09592 was modified -> sl: 1.09167 tp: 1.10128
0	19:44:42.199	'1809640': modify order #44434788 buy 0.01 EURUSD at 1.09112 sl: 1.08694 tp: 1.10153 -> sl: 1.08694 tp: 1.10317
0	19:44:43.685	'1809640': order #44434788 buy 0.01 EURUSD at 1.09112 was modified -> sl: 1.08694 tp: 1.10317
0	19:44:43.685	'1809640': modify order #44477207 buy 0.01 EURUSD at 1.09291 sl: 1.08808 tp: 1.10152 -> sl: 1.08808 tp: 1.10319
0	19:44:44.107	'1809640': order #44477207 buy 0.01 EURUSD at 1.09291 was modified -> sl: 1.08808 tp: 1.10319
0	19:44:44.107	'1809640': modify order #44486410 buy 0.01 EURUSD at 1.09592 sl: 1.09167 tp: 1.10128 -> sl: 1.09167 tp: 1.10317
0	19:44:44.400	'1809640': order #44486410 buy 0.01 EURUSD at 1.09592 was modified -> sl: 1.09167 tp: 1.10317
0	19:46:33.605	'1809640': modify order #44487603 sell 0.01 EURUSD at 1.09748 sl: 1.10175 tp: 1.09024 -> sl: 1.10175 tp: 1.08999
0	19:46:33.991	'1809640': order #44487603 sell 0.01 EURUSD at 1.09748 was modified -> sl: 1.10175 tp: 1.08999
0	19:48:32.584	'1809640': modify order #44434788 buy 0.01 EURUSD at 1.09112 sl: 1.08694 tp: 1.10317 -> sl: 1.08694 tp: 1.10343
0	19:48:33.105	'1809640': order #44434788 buy 0.01 EURUSD at 1.09112 was modified -> sl: 1.08694 tp: 1.10343
0	19:48:33.105	'1809640': modify order #44477207 buy 0.01 EURUSD at 1.09291 sl: 1.08808 tp: 1.10319 -> sl: 1.08808 tp: 1.10347
0	19:48:33.485	'1809640': order #44477207 buy 0.01 EURUSD at 1.09291 was modified -> sl: 1.08808 tp: 1.10347
0	19:48:33.485	'1809640': modify order #44486410 buy 0.01 EURUSD at 1.09592 sl: 1.09167 tp: 1.10317 -> sl: 1.09167 tp: 1.10344
0	19:48:33.874	'1809640': order #44486410 buy 0.01 EURUSD at 1.09592 was modified -> sl: 1.09167 tp: 1.10344
0	19:48:33.907	'1809640': modify order #44487603 sell 0.01 EURUSD at 1.09748 sl: 1.10175 tp: 1.08999 -> sl: 1.10175 tp: 1.08993
0	19:48:34.231	'1809640': order #44487603 sell 0.01 EURUSD at 1.09748 was modified -> sl: 1.10175 tp: 1.08993
0	19:54:01.990	'1809640': modify order #44487603 sell 0.01 EURUSD at 1.09748 sl: 1.10175 tp: 1.08993 -> sl: 1.10175 tp: 1.08988
0	19:54:02.472	'1809640': order #44487603 sell 0.01 EURUSD at 1.09748 was modified -> sl: 1.10175 tp: 1.08988
0	19:56:20.316	'1809640': modify order #44434788 buy 0.01 EURUSD at 1.09112 sl: 1.08694 tp: 1.10343 -> sl: 1.08694 tp: 1.10357
0	19:56:20.673	'1809640': order #44434788 buy 0.01 EURUSD at 1.09112 was modified -> sl: 1.08694 tp: 1.10357
0	19:56:20.673	'1809640': modify order #44477207 buy 0.01 EURUSD at 1.09291 sl: 1.08808 tp: 1.10347 -> sl: 1.08808 tp: 1.10355
0	19:56:21.163	'1809640': order #44477207 buy 0.01 EURUSD at 1.09291 was modified -> sl: 1.08808 tp: 1.10355
0	19:56:21.163	'1809640': modify order #44486410 buy 0.01 EURUSD at 1.09592 sl: 1.09167 tp: 1.10344 -> sl: 1.09167 tp: 1.10355
0	19:56:21.553	'1809640': order #44486410 buy 0.01 EURUSD at 1.09592 was modified -> sl: 1.09167 tp: 1.10355
0	19:56:21.553	'1809640': modify order #44487603 sell 0.01 EURUSD at 1.09748 sl: 1.10175 tp: 1.08988 -> sl: 1.10175 tp: 1.08969
0	19:56:21.881	'1809640': order #44487603 sell 0.01 EURUSD at 1.09748 was modified -> sl: 1.10175 tp: 1.08969
0	19:59:53.889	'1809640': modify order #44487603 sell 0.01 EURUSD at 1.09748 sl: 1.10175 tp: 1.08969 -> sl: 1.10175 tp: 1.08967
0	19:59:54.511	'1809640': order #44487603 sell 0.01 EURUSD at 1.09748 was modified -> sl: 1.10175 tp: 1.08967
0	20:21:04.920	'1809640': order #44486410 buy 0.01 EURUSD at 1.09592 closed due stop-loss at price 1.09167
0	20:24:08.843	'1809640': order sell market 0.01 EURUSD sl: 1.09569 tp: 1.08704
0	20:24:09.812	'1809640': order was opened : #44494682 sell 0.01 EURUSD at 1.09124 sl: 1.09569 tp: 1.08704
0	20:25:24.341	'1809640': modify order #44494682 sell 0.01 EURUSD at 1.09124 sl: 1.09569 tp: 1.08704 -> sl: 1.09569 tp: 1.08576
0	20:25:24.820	'1809640': order #44494682 sell 0.01 EURUSD at 1.09124 was modified -> sl: 1.09569 tp: 1.08576
0	20:26:55.012	'1809640': modify order #44494682 sell 0.01 EURUSD at 1.09124 sl: 1.09569 tp: 1.08576 -> sl: 1.09569 tp: 1.08541
0	20:26:55.688	'1809640': order #44494682 sell 0.01 EURUSD at 1.09124 was modified -> sl: 1.09569 tp: 1.08541
0	20:28:42.516	'1809640': modify order #44487603 sell 0.01 EURUSD at 1.09748 sl: 1.10175 tp: 1.08967 -> sl: 1.10175 tp: 1.08948
0	20:28:43.592	'1809640': order #44487603 sell 0.01 EURUSD at 1.09748 was modified -> sl: 1.10175 tp: 1.08948
0	20:30:38.075	'1809640': modify order #44494682 sell 0.01 EURUSD at 1.09124 sl: 1.09569 tp: 1.08541 -> sl: 1.09569 tp: 1.08539
0	20:30:38.528	'1809640': order #44494682 sell 0.01 EURUSD at 1.09124 was modified -> sl: 1.09569 tp: 1.08539
0	20:33:56.560	'1809640': modify order #44487603 sell 0.01 EURUSD at 1.09748 sl: 1.10175 tp: 1.08948 -> sl: 1.10175 tp: 1.08900
0	20:33:57.051	'1809640': order #44487603 sell 0.01 EURUSD at 1.09748 was modified -> sl: 1.10175 tp: 1.08900
0	20:36:31.140	'1809640': modify order #44487603 sell 0.01 EURUSD at 1.09748 sl: 1.10175 tp: 1.08900 -> sl: 1.10175 tp: 1.08898
0	20:36:31.883	'1809640': order #44487603 sell 0.01 EURUSD at 1.09748 was modified -> sl: 1.10175 tp: 1.08898
0	20:36:31.883	'1809640': modify order #44494682 sell 0.01 EURUSD at 1.09124 sl: 1.09569 tp: 1.08539 -> sl: 1.09569 tp: 1.08531
0	20:36:32.305	'1809640': order #44494682 sell 0.01 EURUSD at 1.09124 was modified -> sl: 1.09569 tp: 1.08531
0	20:38:52.398	'1809640': modify order #44487603 sell 0.01 EURUSD at 1.09748 sl: 1.10175 tp: 1.08898 -> sl: 1.10175 tp: 1.08853
0	20:38:52.913	'1809640': order #44487603 sell 0.01 EURUSD at 1.09748 was modified -> sl: 1.10175 tp: 1.08853
0	20:41:24.457	'1809640': modify order #44487603 sell 0.01 EURUSD at 1.09748 sl: 1.10175 tp: 1.08853 -> sl: 1.10175 tp: 1.08850
0	20:41:24.878	'1809640': order #44487603 sell 0.01 EURUSD at 1.09748 was modified -> sl: 1.10175 tp: 1.08850
0	20:44:10.669	'1809640': modify order #44487603 sell 0.01 EURUSD at 1.09748 sl: 1.10175 tp: 1.08850 -> sl: 1.10175 tp: 1.08817
0	20:44:11.317	'1809640': order #44487603 sell 0.01 EURUSD at 1.09748 was modified -> sl: 1.10175 tp: 1.08817
0	20:48:22.854	'1809640': modify order #44487603 sell 0.01 EURUSD at 1.09748 sl: 1.10175 tp: 1.08817 -> sl: 1.10175 tp: 1.08808
0	20:48:23.439	'1809640': order #44487603 sell 0.01 EURUSD at 1.09748 was modified -> sl: 1.10175 tp: 1.08808
0	20:50:59.607	'1809640': modify order #44487603 sell 0.01 EURUSD at 1.09748 sl: 1.10175 tp: 1.08808 -> sl: 1.10175 tp: 1.08803
0	20:51:00.380	'1809640': order #44487603 sell 0.01 EURUSD at 1.09748 was modified -> sl: 1.10175 tp: 1.08803
0	20:54:03.719	'1809640': modify order #44487603 sell 0.01 EURUSD at 1.09748 sl: 1.10175 tp: 1.08803 -> sl: 1.10175 tp: 1.08779
0	20:54:03.946	'1809640': order #44487603 sell 0.01 EURUSD at 1.09748 was modified -> sl: 1.10175 tp: 1.08779
0	20:59:39.045	'1809640': modify order #44487603 sell 0.01 EURUSD at 1.09748 sl: 1.10175 tp: 1.08779 -> sl: 1.10175 tp: 1.08760
0	20:59:39.532	'1809640': order #44487603 sell 0.01 EURUSD at 1.09748 was modified -> sl: 1.10175 tp: 1.08760
0	21:02:09.102	'1809640': modify order #44487603 sell 0.01 EURUSD at 1.09748 sl: 1.10175 tp: 1.08760 -> sl: 1.10175 tp: 1.08758
0	21:02:09.780	'1809640': order #44487603 sell 0.01 EURUSD at 1.09748 was modified -> sl: 1.10175 tp: 1.08758
0	21:03:38.311	'1809640': close order #44075555 buy 0.01 EURUSD at 1.08353 sl: 1.07935 tp: 1.11018 at price 0.00000
0	21:03:38.924	'1809640': order #44075555 buy 0.01 EURUSD at 1.08353 sl: 1.07935 tp: 1.11018 closed at price 1.09062
0	21:04:38.954	'1809640': close order #44075806 buy 0.01 EURUSD at 1.08340 sl: 1.07922 tp: 1.11021 at price 0.00000
0	21:04:39.506	'1809640': order #44075806 buy 0.01 EURUSD at 1.08340 sl: 1.07922 tp: 1.11021 closed at price 1.09057
0	21:05:33.046	'1809640': close order #44076360 buy 0.01 EURUSD at 1.08239 sl: 1.07818 tp: 1.11020 at price 0.00000
0	21:05:33.889	'1809640': order #44076360 buy 0.01 EURUSD at 1.08239 sl: 1.07818 tp: 1.11020 closed at price 1.09049
0	21:05:34.048	'1809640': close order #44076635 buy 0.01 EURUSD at 1.08255 sl: 1.07838 tp: 1.11020 at price 0.00000
0	21:05:34.372	'1809640': order #44076635 buy 0.01 EURUSD at 1.08255 sl: 1.07838 tp: 1.11020 closed at price 1.09049
0	21:05:34.373	'1809640': close order #44106086 buy 0.01 EURUSD at 1.08508 sl: 1.08086 tp: 1.11019 at price 0.00000
0	21:05:34.798	'1809640': order #44106086 buy 0.01 EURUSD at 1.08508 sl: 1.08086 tp: 1.11019 closed at price 1.09049
0	21:05:41.038	'1809640': close order #44077241 buy 0.01 EURUSD at 1.08229 sl: 1.07809 tp: 1.11020 at price 0.00000
0	21:05:42.956	'1809640': order #44077241 buy 0.01 EURUSD at 1.08229 sl: 1.07809 tp: 1.11020 closed at price 1.09028
0	21:06:26.045	'1809640': modify order #44487603 sell 0.01 EURUSD at 1.09748 sl: 1.10175 tp: 1.08758 -> sl: 1.10175 tp: 1.08733
0	21:06:26.764	'1809640': order #44487603 sell 0.01 EURUSD at 1.09748 was modified -> sl: 1.10175 tp: 1.08733
0	21:06:54.054	'1809640': order buy market 0.01 EURUSD sl: 1.08590 tp: 1.09808
0	21:06:54.894	'1809640': order was opened : #44498154 buy 0.01 EURUSD at 1.09011 sl: 1.08590 tp: 1.09808
0	21:09:29.503	'1809640': modify order #44487603 sell 0.01 EURUSD at 1.09748 sl: 1.10175 tp: 1.08733 -> sl: 1.10175 tp: 1.08694
0	21:09:30.087	'1809640': order #44487603 sell 0.01 EURUSD at 1.09748 was modified -> sl: 1.10175 tp: 1.08694
0	21:09:30.124	'1809640': modify order #44498154 buy 0.01 EURUSD at 1.09011 sl: 1.08590 tp: 1.09808 -> sl: 1.08590 tp: 1.09810
0	21:09:30.514	'1809640': order #44498154 buy 0.01 EURUSD at 1.09011 was modified -> sl: 1.08590 tp: 1.09810
0	21:10:22.305	'1809640': close order #44144912 buy 0.01 EURUSD at 1.09077 sl: 1.08655 tp: 1.11019 at price 0.00000
0	21:10:22.690	'1809640': order #44144912 buy 0.01 EURUSD at 1.09077 sl: 1.08655 tp: 1.11019 closed at price 1.09057
0	21:12:43.115	'1809640': modify order #44487603 sell 0.01 EURUSD at 1.09748 sl: 1.10175 tp: 1.08694 -> sl: 1.10175 tp: 1.08680
0	21:12:43.630	'1809640': order #44487603 sell 0.01 EURUSD at 1.09748 was modified -> sl: 1.10175 tp: 1.08680
0	21:13:00.373	'1809640': order sell market 0.01 EURUSD sl: 1.09470 tp: 1.08927
0	21:13:01.119	'1809640': order was opened : #44498327 sell 0.01 EURUSD at 1.09048 sl: 1.09470 tp: 1.08927
0	21:15:22.598	'1809640': close order #44147164 buy 0.01 EURUSD at 1.09094 sl: 1.08673 tp: 1.11020 at price 0.00000
0	21:15:22.987	'1809640': order #44147164 buy 0.01 EURUSD at 1.09094 sl: 1.08673 tp: 1.11020 closed at price 1.09079
0	21:15:37.323	'1809640': modify order #44498154 buy 0.01 EURUSD at 1.09011 sl: 1.08590 tp: 1.09810 -> sl: 1.08590 tp: 1.09812
0	21:15:37.905	'1809640': order #44498154 buy 0.01 EURUSD at 1.09011 was modified -> sl: 1.08590 tp: 1.09812
0	21:15:37.968	'1809640': modify order #44498327 sell 0.01 EURUSD at 1.09048 sl: 1.09470 tp: 1.08927 -> sl: 1.09470 tp: 1.08924
0	21:15:38.329	'1809640': order #44498327 sell 0.01 EURUSD at 1.09048 was modified -> sl: 1.09470 tp: 1.08924
0	21:16:17.387	'1809640': modify order #44487603 sell 0.01 EURUSD at 1.09748 sl: 1.10175 tp: 1.08680 -> sl: 1.10175 tp: 1.08678
0	21:16:17.797	'1809640': order #44487603 sell 0.01 EURUSD at 1.09748 was modified -> sl: 1.10175 tp: 1.08678
0	21:16:17.927	'1809640': modify order #44498154 buy 0.01 EURUSD at 1.09011 sl: 1.08590 tp: 1.09812 -> sl: 1.08590 tp: 1.09822
0	21:16:18.385	'1809640': order #44498154 buy 0.01 EURUSD at 1.09011 was modified -> sl: 1.08590 tp: 1.09822
0	21:16:18.417	'1809640': modify order #44498327 sell 0.01 EURUSD at 1.09048 sl: 1.09470 tp: 1.08924 -> sl: 1.09470 tp: 1.08918
0	21:16:18.875	'1809640': order #44498327 sell 0.01 EURUSD at 1.09048 was modified -> sl: 1.09470 tp: 1.08918
0	21:17:25.728	'1809640': order sell market 0.01 EURUSD sl: 1.09493 tp: 1.08680
0	21:17:26.182	'1809640': order was opened : #44498451 sell 0.01 EURUSD at 1.09069 sl: 1.09493 tp: 1.08680
0	21:17:26.248	'1809640': modify order #44498327 sell 0.01 EURUSD at 1.09048 sl: 1.09470 tp: 1.08918 -> sl: 1.09470 tp: 1.08916
0	21:17:26.632	'1809640': order #44498327 sell 0.01 EURUSD at 1.09048 was modified -> sl: 1.09470 tp: 1.08916
0	21:18:51.186	'1809640': modify order #44498327 sell 0.01 EURUSD at 1.09048 sl: 1.09470 tp: 1.08916 -> sl: 1.09470 tp: 1.08914
0	21:18:51.673	'1809640': order #44498327 sell 0.01 EURUSD at 1.09048 was modified -> sl: 1.09470 tp: 1.08914
0	21:18:51.741	'1809640': modify order #44498451 sell 0.01 EURUSD at 1.09069 sl: 1.09493 tp: 1.08680 -> sl: 1.09493 tp: 1.08679
0	21:18:52.126	'1809640': order #44498451 sell 0.01 EURUSD at 1.09069 was modified -> sl: 1.09493 tp: 1.08679
0	21:23:09.402	'1809640': modify order #44487603 sell 0.01 EURUSD at 1.09748 sl: 1.10175 tp: 1.08678 -> sl: 1.10175 tp: 1.08659
0	21:23:10.732	'1809640': order #44487603 sell 0.01 EURUSD at 1.09748 was modified -> sl: 1.10175 tp: 1.08659
0	21:23:10.862	'1809640': modify order #44498154 buy 0.01 EURUSD at 1.09011 sl: 1.08590 tp: 1.09822 -> sl: 1.08590 tp: 1.09823
0	21:23:11.377	'1809640': order #44498154 buy 0.01 EURUSD at 1.09011 was modified -> sl: 1.08590 tp: 1.09823
0	21:23:11.474	'1809640': modify order #44498327 sell 0.01 EURUSD at 1.09048 sl: 1.09470 tp: 1.08914 -> sl: 1.09470 tp: 1.08911
0	21:23:11.767	'1809640': order #44498327 sell 0.01 EURUSD at 1.09048 was modified -> sl: 1.09470 tp: 1.08911
0	21:23:11.832	'1809640': modify order #44498451 sell 0.01 EURUSD at 1.09069 sl: 1.09493 tp: 1.08679 -> sl: 1.09493 tp: 1.08659
0	21:23:12.258	'1809640': order #44498451 sell 0.01 EURUSD at 1.09069 was modified -> sl: 1.09493 tp: 1.08659
0	21:23:25.100	'1809640': close order #44498154 buy 0.01 EURUSD at 1.09011 sl: 1.08590 tp: 1.09823 at price 0.00000
0	21:23:25.713	'1809640': order #44498154 buy 0.01 EURUSD at 1.09011 sl: 1.08590 tp: 1.09823 closed at price 1.09023
0	21:24:03.350	'1809640': order buy market 0.01 EURUSD sl: 1.08637 tp: 1.09498
0	21:24:03.939	'1809640': order was opened : #44498540 buy 0.01 EURUSD at 1.09058 sl: 1.08637 tp: 1.09498
0	21:24:27.456	'1809640': modify order #44498327 sell 0.01 EURUSD at 1.09048 sl: 1.09470 tp: 1.08911 -> sl: 1.09470 tp: 1.08907
0	21:24:27.894	'1809640': order #44498327 sell 0.01 EURUSD at 1.09048 was modified -> sl: 1.09470 tp: 1.08907
0	21:24:40.276	'1809640': modify order #44498540 buy 0.01 EURUSD at 1.09058 sl: 1.08637 tp: 1.09498 -> sl: 1.08637 tp: 1.09502
0	21:24:40.632	'1809640': order #44498540 buy 0.01 EURUSD at 1.09058 was modified -> sl: 1.08637 tp: 1.09502
0	21:25:17.095	'1809640': modify order #44487603 sell 0.01 EURUSD at 1.09748 sl: 1.10175 tp: 1.08659 -> sl: 1.10175 tp: 1.08635
0	21:25:18.112	'1809640': order #44487603 sell 0.01 EURUSD at 1.09748 was modified -> sl: 1.10175 tp: 1.08635
0	21:25:18.112	'1809640': modify order #44498451 sell 0.01 EURUSD at 1.09069 sl: 1.09493 tp: 1.08659 -> sl: 1.09493 tp: 1.08635
0	21:25:18.761	'1809640': order #44498451 sell 0.01 EURUSD at 1.09069 was modified -> sl: 1.09493 tp: 1.08635
0	21:25:18.761	'1809640': modify order #44498540 buy 0.01 EURUSD at 1.09058 sl: 1.08637 tp: 1.09502 -> sl: 1.08637 tp: 1.09517
0	21:25:19.118	'1809640': order #44498540 buy 0.01 EURUSD at 1.09058 was modified -> sl: 1.08637 tp: 1.09517
0	21:28:36.311	'1809640': close order #44498540 buy 0.01 EURUSD at 1.09058 sl: 1.08637 tp: 1.09517 at price 0.00000
0	21:28:37.023	'1809640': order #44498540 buy 0.01 EURUSD at 1.09058 sl: 1.08637 tp: 1.09517 closed at price 1.09073
0	21:29:48.787	'1809640': close order #44145230 buy 0.01 EURUSD at 1.09106 sl: 1.08686 tp: 1.11019 at price 0.00000
0	21:29:49.405	'1809640': order #44145230 buy 0.01 EURUSD at 1.09106 sl: 1.08686 tp: 1.11019 closed at price 1.09098
0	21:31:02.624	'1809640': order sell market 0.01 EURUSD sl: 1.09514 tp: 1.08648
0	21:31:03.253	'1809640': order was opened : #44498684 sell 0.01 EURUSD at 1.09088 sl: 1.09514 tp: 1.08648
0	21:31:34.671	'1809640': modify order #44498684 sell 0.01 EURUSD at 1.09088 sl: 1.09514 tp: 1.08648 -> sl: 1.09514 tp: 1.08638
0	21:31:35.481	'1809640': order #44498684 sell 0.01 EURUSD at 1.09088 was modified -> sl: 1.09514 tp: 1.08638
0	21:33:50.129	'1809640': modify order #44487603 sell 0.01 EURUSD at 1.09748 sl: 1.10175 tp: 1.08635 -> sl: 1.10175 tp: 1.08616
0	21:33:50.648	'1809640': order #44487603 sell 0.01 EURUSD at 1.09748 was modified -> sl: 1.10175 tp: 1.08616
0	21:33:50.676	'1809640': modify order #44498451 sell 0.01 EURUSD at 1.09069 sl: 1.09493 tp: 1.08635 -> sl: 1.09493 tp: 1.08616
0	21:33:51.264	'1809640': order #44498451 sell 0.01 EURUSD at 1.09069 was modified -> sl: 1.09493 tp: 1.08616
0	21:33:51.329	'1809640': modify order #44498684 sell 0.01 EURUSD at 1.09088 sl: 1.09514 tp: 1.08638 -> sl: 1.09514 tp: 1.08637
0	21:33:51.718	'1809640': order #44498684 sell 0.01 EURUSD at 1.09088 was modified -> sl: 1.09514 tp: 1.08637
0	21:37:48.148	'1809640': order sell market 0.01 EURUSD sl: 1.09522 tp: 1.08022
0	21:37:48.894	'1809640': order was opened : #44498747 sell 0.01 EURUSD at 1.09099 sl: 1.09522 tp: 1.08022
0	21:39:08.782	'1809640': modify order #44487603 sell 0.01 EURUSD at 1.09748 sl: 1.10175 tp: 1.08616 -> sl: 1.10175 tp: 1.08598
0	21:39:09.241	'1809640': order #44487603 sell 0.01 EURUSD at 1.09748 was modified -> sl: 1.10175 tp: 1.08598
0	21:39:09.273	'1809640': modify order #44498451 sell 0.01 EURUSD at 1.09069 sl: 1.09493 tp: 1.08616 -> sl: 1.09493 tp: 1.08598
0	21:39:09.821	'1809640': order #44498451 sell 0.01 EURUSD at 1.09069 was modified -> sl: 1.09493 tp: 1.08598
0	21:42:28.894	'1809640': modify order #44487603 sell 0.01 EURUSD at 1.09748 sl: 1.10175 tp: 1.08598 -> sl: 1.10175 tp: 1.08586
0	21:42:30.219	'1809640': order #44487603 sell 0.01 EURUSD at 1.09748 was modified -> sl: 1.10175 tp: 1.08586
0	21:42:30.447	'1809640': modify order #44498451 sell 0.01 EURUSD at 1.09069 sl: 1.09493 tp: 1.08598 -> sl: 1.09493 tp: 1.08586
0	21:42:30.804	'1809640': order #44498451 sell 0.01 EURUSD at 1.09069 was modified -> sl: 1.09493 tp: 1.08586
0	21:54:16.751	'1809640': modify order #44487603 sell 0.01 EURUSD at 1.09748 sl: 1.10175 tp: 1.08586 -> sl: 1.10175 tp: 1.08571
0	21:54:17.367	'1809640': order #44487603 sell 0.01 EURUSD at 1.09748 was modified -> sl: 1.10175 tp: 1.08571
0	21:54:17.367	'1809640': modify order #44498451 sell 0.01 EURUSD at 1.09069 sl: 1.09493 tp: 1.08586 -> sl: 1.09493 tp: 1.08571
0	21:54:17.886	'1809640': order #44498451 sell 0.01 EURUSD at 1.09069 was modified -> sl: 1.09493 tp: 1.08571
0	21:54:17.886	'1809640': modify order #44498684 sell 0.01 EURUSD at 1.09088 sl: 1.09514 tp: 1.08637 -> sl: 1.09514 tp: 1.08634
0	21:54:18.312	'1809640': order #44498684 sell 0.01 EURUSD at 1.09088 was modified -> sl: 1.09514 tp: 1.08634
0	21:54:18.474	'1809640': modify order #44498747 sell 0.01 EURUSD at 1.09099 sl: 1.09522 tp: 1.08022 -> sl: 1.09522 tp: 1.07978
0	21:54:18.965	'1809640': order #44498747 sell 0.01 EURUSD at 1.09099 was modified -> sl: 1.09522 tp: 1.07978
0	21:58:24.645	'1809640': close order #44434788 buy 0.01 EURUSD at 1.09112 sl: 1.08694 tp: 1.10357 at price 0.00000
0	21:58:25.850	'1809640': order #44434788 buy 0.01 EURUSD at 1.09112 sl: 1.08694 tp: 1.10357 closed at price 1.09114
0	22:00:17.318	'1809640': modify order #44487603 sell 0.01 EURUSD at 1.09748 sl: 1.10175 tp: 1.08571 -> sl: 1.10175 tp: 1.08541
0	22:00:24.346	'1809640': order #44487603 sell 0.01 EURUSD at 1.09748 was modified -> sl: 1.10175 tp: 1.08541
0	22:00:24.378	'1809640': modify order #44498451 sell 0.01 EURUSD at 1.09069 sl: 1.09493 tp: 1.08571 -> sl: 1.09493 tp: 1.08560
0	22:00:28.386	'1809640': order #44498451 sell 0.01 EURUSD at 1.09069 was modified -> sl: 1.09493 tp: 1.08560
0	22:00:28.453	'1809640': modify order #44498747 sell 0.01 EURUSD at 1.09099 sl: 1.09522 tp: 1.07978 -> sl: 1.09522 tp: 1.07975
0	22:00:28.808	'1809640': order #44498747 sell 0.01 EURUSD at 1.09099 was modified -> sl: 1.09522 tp: 1.07975
0	22:00:44.352	'1809640': order sell market 0.01 EURUSD sl: 1.09541 tp: 1.08666
0	22:00:45.000	'1809640': order was opened : #44499166 sell 0.01 EURUSD at 1.09106 sl: 1.09541 tp: 1.08666
0	22:01:24.429	'1809640': modify order #44498451 sell 0.01 EURUSD at 1.09069 sl: 1.09493 tp: 1.08560 -> sl: 1.09493 tp: 1.08557
0	22:01:25.147	'1809640': order #44498451 sell 0.01 EURUSD at 1.09069 was modified -> sl: 1.09493 tp: 1.08557
0	22:01:25.313	'1809640': modify order #44499166 sell 0.01 EURUSD at 1.09106 sl: 1.09541 tp: 1.08666 -> sl: 1.09541 tp: 1.08665
0	22:01:25.767	'1809640': order #44499166 sell 0.01 EURUSD at 1.09106 was modified -> sl: 1.09541 tp: 1.08665
0	22:07:49.935	'1809640': order sell market 0.01 EURUSD sl: 1.09528 tp: 1.08665
0	22:07:50.250	'1809640': order was opened : #44499305 sell 0.01 EURUSD at 1.09105 sl: 1.09528 tp: 1.08665
0	22:08:33.969	'1809640': modify order #44499166 sell 0.01 EURUSD at 1.09106 sl: 1.09541 tp: 1.08665 -> sl: 1.09541 tp: 1.08664
0	22:08:34.426	'1809640': order #44499166 sell 0.01 EURUSD at 1.09106 was modified -> sl: 1.09541 tp: 1.08664
0	22:08:34.426	'1809640': modify order #44499305 sell 0.01 EURUSD at 1.09105 sl: 1.09528 tp: 1.08665 -> sl: 1.09528 tp: 1.08664
0	22:08:34.977	'1809640': order #44499305 sell 0.01 EURUSD at 1.09105 was modified -> sl: 1.09528 tp: 1.08664
0	22:09:41.375	'1809640': modify order #44499166 sell 0.01 EURUSD at 1.09106 sl: 1.09541 tp: 1.08664 -> sl: 1.09541 tp: 1.08659
0	22:09:41.959	'1809640': order #44499166 sell 0.01 EURUSD at 1.09106 was modified -> sl: 1.09541 tp: 1.08659
0	22:09:42.187	'1809640': modify order #44499305 sell 0.01 EURUSD at 1.09105 sl: 1.09528 tp: 1.08664 -> sl: 1.09528 tp: 1.08659
0	22:09:42.705	'1809640': order #44499305 sell 0.01 EURUSD at 1.09105 was modified -> sl: 1.09528 tp: 1.08659
0	22:10:22.144	'1809640': modify order #44499166 sell 0.01 EURUSD at 1.09106 sl: 1.09541 tp: 1.08659 -> sl: 1.09541 tp: 1.08648
0	22:10:22.858	'1809640': order #44499166 sell 0.01 EURUSD at 1.09106 was modified -> sl: 1.09541 tp: 1.08648
0	22:10:22.923	'1809640': modify order #44499305 sell 0.01 EURUSD at 1.09105 sl: 1.09528 tp: 1.08659 -> sl: 1.09528 tp: 1.08648
0	22:10:23.803	'1809640': order #44499305 sell 0.01 EURUSD at 1.09105 was modified -> sl: 1.09528 tp: 1.08648
0	22:12:40.376	'1809640': order sell market 0.01 EURUSD sl: 1.09535 tp: 1.08925
0	22:12:40.964	'1809640': order was opened : #44499408 sell 0.01 EURUSD at 1.09088 sl: 1.09535 tp: 1.08925
0	22:12:53.960	'1809640': modify order #44498684 sell 0.01 EURUSD at 1.09088 sl: 1.09514 tp: 1.08634 -> sl: 1.09514 tp: 1.08625
0	22:12:54.609	'1809640': order #44498684 sell 0.01 EURUSD at 1.09088 was modified -> sl: 1.09514 tp: 1.08625
0	22:12:54.641	'1809640': modify order #44498747 sell 0.01 EURUSD at 1.09099 sl: 1.09522 tp: 1.07975 -> sl: 1.09522 tp: 1.07969
0	22:12:55.100	'1809640': order #44498747 sell 0.01 EURUSD at 1.09099 was modified -> sl: 1.09522 tp: 1.07969
0	22:12:55.132	'1809640': modify order #44499166 sell 0.01 EURUSD at 1.09106 sl: 1.09541 tp: 1.08648 -> sl: 1.09541 tp: 1.08625
0	22:12:55.486	'1809640': order #44499166 sell 0.01 EURUSD at 1.09106 was modified -> sl: 1.09541 tp: 1.08625
0	22:12:55.616	'1809640': modify order #44499305 sell 0.01 EURUSD at 1.09105 sl: 1.09528 tp: 1.08648 -> sl: 1.09528 tp: 1.08625
0	22:12:56.139	'1809640': order #44499305 sell 0.01 EURUSD at 1.09105 was modified -> sl: 1.09528 tp: 1.08625
0	22:12:56.167	'1809640': modify order #44499408 sell 0.01 EURUSD at 1.09088 sl: 1.09535 tp: 1.08925 -> sl: 1.09535 tp: 1.08902
0	22:12:56.658	'1809640': order #44499408 sell 0.01 EURUSD at 1.09088 was modified -> sl: 1.09535 tp: 1.08902
0	22:13:25.476	'1809640': modify order #44498684 sell 0.01 EURUSD at 1.09088 sl: 1.09514 tp: 1.08625 -> sl: 1.09514 tp: 1.08589
0	22:13:26.546	'1809640': order #44498684 sell 0.01 EURUSD at 1.09088 was modified -> sl: 1.09514 tp: 1.08589
0	22:13:26.611	'1809640': modify order #44498747 sell 0.01 EURUSD at 1.09099 sl: 1.09522 tp: 1.07969 -> sl: 1.09522 tp: 1.07850
0	22:13:26.870	'1809640': order #44498747 sell 0.01 EURUSD at 1.09099 was modified -> sl: 1.09522 tp: 1.07850
0	22:13:26.870	'1809640': modify order #44499166 sell 0.01 EURUSD at 1.09106 sl: 1.09541 tp: 1.08625 -> sl: 1.09541 tp: 1.08594
0	22:13:27.199	'1809640': order #44499166 sell 0.01 EURUSD at 1.09106 was modified -> sl: 1.09541 tp: 1.08594
0	22:13:27.266	'1809640': modify order #44499305 sell 0.01 EURUSD at 1.09105 sl: 1.09528 tp: 1.08625 -> sl: 1.09528 tp: 1.08590
0	22:13:27.621	'1809640': order #44499305 sell 0.01 EURUSD at 1.09105 was modified -> sl: 1.09528 tp: 1.08590
0	22:13:27.621	'1809640': modify order #44499408 sell 0.01 EURUSD at 1.09088 sl: 1.09535 tp: 1.08902 -> sl: 1.09535 tp: 1.08828
0	22:13:28.141	'1809640': order #44499408 sell 0.01 EURUSD at 1.09088 was modified -> sl: 1.09535 tp: 1.08828
0	22:21:16.429	'1809640': order sell market 0.01 EURUSD sl: 1.09513 tp: 1.08627
0	22:21:16.887	'1809640': order was opened : #44499555 sell 0.01 EURUSD at 1.09067 sl: 1.09513 tp: 1.08627
0	22:35:37.456	'1809640': order sell market 0.01 EURUSD sl: 1.09512 tp: 1.08638
0	22:35:37.975	'1809640': order was opened : #44499732 sell 0.01 EURUSD at 1.09078 sl: 1.09512 tp: 1.08638
0	22:43:22.888	'1809640': order sell market 0.01 EURUSD sl: 1.09479 tp: 1.08612
0	22:43:23.338	'1809640': order was opened : #44499864 sell 0.01 EURUSD at 1.09052 sl: 1.09479 tp: 1.08612
0	22:43:23.886	'1809640': modify order #44499555 sell 0.01 EURUSD at 1.09067 sl: 1.09513 tp: 1.08627 -> sl: 1.09513 tp: 1.08612
0	22:43:24.210	'1809640': order #44499555 sell 0.01 EURUSD at 1.09067 was modified -> sl: 1.09513 tp: 1.08612
0	22:43:24.275	'1809640': modify order #44499732 sell 0.01 EURUSD at 1.09078 sl: 1.09512 tp: 1.08638 -> sl: 1.09512 tp: 1.08612
0	22:43:24.664	'1809640': order #44499732 sell 0.01 EURUSD at 1.09078 was modified -> sl: 1.09512 tp: 1.08612
0	22:46:19.479	'1809640': modify order #44498684 sell 0.01 EURUSD at 1.09088 sl: 1.09514 tp: 1.08589 -> sl: 1.09514 tp: 1.08588
0	22:46:20.254	'1809640': order #44498684 sell 0.01 EURUSD at 1.09088 was modified -> sl: 1.09514 tp: 1.08588
0	22:46:20.351	'1809640': modify order #44499166 sell 0.01 EURUSD at 1.09106 sl: 1.09541 tp: 1.08594 -> sl: 1.09541 tp: 1.08588
0	22:46:20.712	'1809640': order #44499166 sell 0.01 EURUSD at 1.09106 was modified -> sl: 1.09541 tp: 1.08588
0	22:46:20.777	'1809640': modify order #44499305 sell 0.01 EURUSD at 1.09105 sl: 1.09528 tp: 1.08590 -> sl: 1.09528 tp: 1.08588
0	22:46:21.455	'1809640': order #44499305 sell 0.01 EURUSD at 1.09105 was modified -> sl: 1.09528 tp: 1.08588
0	22:46:21.487	'1809640': modify order #44499555 sell 0.01 EURUSD at 1.09067 sl: 1.09513 tp: 1.08612 -> sl: 1.09513 tp: 1.08588
0	22:46:21.909	'1809640': order #44499555 sell 0.01 EURUSD at 1.09067 was modified -> sl: 1.09513 tp: 1.08588
0	22:46:21.941	'1809640': modify order #44499732 sell 0.01 EURUSD at 1.09078 sl: 1.09512 tp: 1.08612 -> sl: 1.09512 tp: 1.08589
0	22:46:22.360	'1809640': order #44499732 sell 0.01 EURUSD at 1.09078 was modified -> sl: 1.09512 tp: 1.08589
0	22:46:22.392	'1809640': modify order #44499864 sell 0.01 EURUSD at 1.09052 sl: 1.09479 tp: 1.08612 -> sl: 1.09479 tp: 1.08587
0	22:46:22.716	'1809640': order #44499864 sell 0.01 EURUSD at 1.09052 was modified -> sl: 1.09479 tp: 1.08587
0	22:48:23.303	'1809640': modify order #44498684 sell 0.01 EURUSD at 1.09088 sl: 1.09514 tp: 1.08588 -> sl: 1.09514 tp: 1.08587
0	22:48:23.827	'1809640': order #44498684 sell 0.01 EURUSD at 1.09088 was modified -> sl: 1.09514 tp: 1.08587
0	22:48:23.827	'1809640': modify order #44499166 sell 0.01 EURUSD at 1.09106 sl: 1.09541 tp: 1.08588 -> sl: 1.09541 tp: 1.08587
0	22:48:24.152	'1809640': order #44499166 sell 0.01 EURUSD at 1.09106 was modified -> sl: 1.09541 tp: 1.08587
0	22:48:24.184	'1809640': modify order #44499305 sell 0.01 EURUSD at 1.09105 sl: 1.09528 tp: 1.08588 -> sl: 1.09528 tp: 1.08587
0	22:48:24.606	'1809640': order #44499305 sell 0.01 EURUSD at 1.09105 was modified -> sl: 1.09528 tp: 1.08587
0	22:48:24.673	'1809640': modify order #44499555 sell 0.01 EURUSD at 1.09067 sl: 1.09513 tp: 1.08588 -> sl: 1.09513 tp: 1.08587
0	22:48:25.028	'1809640': order #44499555 sell 0.01 EURUSD at 1.09067 was modified -> sl: 1.09513 tp: 1.08587
0	22:48:25.095	'1809640': modify order #44499732 sell 0.01 EURUSD at 1.09078 sl: 1.09512 tp: 1.08589 -> sl: 1.09512 tp: 1.08587
0	22:48:25.353	'1809640': order #44499732 sell 0.01 EURUSD at 1.09078 was modified -> sl: 1.09512 tp: 1.08587
0	22:49:41.728	'1809640': modify order #44498684 sell 0.01 EURUSD at 1.09088 sl: 1.09514 tp: 1.08587 -> sl: 1.09514 tp: 1.08582
0	22:49:42.414	'1809640': order #44498684 sell 0.01 EURUSD at 1.09088 was modified -> sl: 1.09514 tp: 1.08582
0	22:49:42.479	'1809640': modify order #44499166 sell 0.01 EURUSD at 1.09106 sl: 1.09541 tp: 1.08587 -> sl: 1.09541 tp: 1.08582
0	22:49:42.961	'1809640': order #44499166 sell 0.01 EURUSD at 1.09106 was modified -> sl: 1.09541 tp: 1.08582
0	22:49:42.961	'1809640': modify order #44499305 sell 0.01 EURUSD at 1.09105 sl: 1.09528 tp: 1.08587 -> sl: 1.09528 tp: 1.08582
0	22:49:43.253	'1809640': order #44499305 sell 0.01 EURUSD at 1.09105 was modified -> sl: 1.09528 tp: 1.08582
0	22:49:43.318	'1809640': modify order #44499555 sell 0.01 EURUSD at 1.09067 sl: 1.09513 tp: 1.08587 -> sl: 1.09513 tp: 1.08582
0	22:49:43.643	'1809640': order #44499555 sell 0.01 EURUSD at 1.09067 was modified -> sl: 1.09513 tp: 1.08582
0	22:49:43.675	'1809640': modify order #44499732 sell 0.01 EURUSD at 1.09078 sl: 1.09512 tp: 1.08587 -> sl: 1.09512 tp: 1.08582
0	22:49:44.198	'1809640': order #44499732 sell 0.01 EURUSD at 1.09078 was modified -> sl: 1.09512 tp: 1.08582
0	22:49:44.263	'1809640': modify order #44499864 sell 0.01 EURUSD at 1.09052 sl: 1.09479 tp: 1.08587 -> sl: 1.09479 tp: 1.08582
0	22:49:44.685	'1809640': order #44499864 sell 0.01 EURUSD at 1.09052 was modified -> sl: 1.09479 tp: 1.08582
0	22:57:13.226	'1809640': modify order #44387470 sell 0.01 EURUSD at 1.10209 sl: 1.10628 tp: 1.08515 -> sl: 1.10628 tp: 1.08513
0	22:57:14.008	'1809640': order #44387470 sell 0.01 EURUSD at 1.10209 was modified -> sl: 1.10628 tp: 1.08513
0	22:57:14.267	'1809640': modify order #44387879 sell 0.01 EURUSD at 1.10265 sl: 1.10683 tp: 1.08515 -> sl: 1.10683 tp: 1.08510
0	22:57:14.689	'1809640': order #44387879 sell 0.01 EURUSD at 1.10265 was modified -> sl: 1.10683 tp: 1.08510
0	22:57:14.754	'1809640': modify order #44388753 sell 0.01 EURUSD at 1.10326 sl: 1.10737 tp: 1.08513 -> sl: 1.10737 tp: 1.08510
0	22:57:15.171	'1809640': order #44388753 sell 0.01 EURUSD at 1.10326 was modified -> sl: 1.10737 tp: 1.08510
0	22:57:15.237	'1809640': modify order #44389057 sell 0.01 EURUSD at 1.10282 sl: 1.10702 tp: 1.08520 -> sl: 1.10702 tp: 1.08510
0	22:57:15.682	'1809640': order #44389057 sell 0.01 EURUSD at 1.10282 was modified -> sl: 1.10702 tp: 1.08510
0	22:57:15.751	'1809640': modify order #44389425 sell 0.01 EURUSD at 1.10245 sl: 1.10662 tp: 1.08520 -> sl: 1.10662 tp: 1.08510
0	22:57:16.071	'1809640': order #44389425 sell 0.01 EURUSD at 1.10245 was modified -> sl: 1.10662 tp: 1.08510
0	22:57:16.201	'1809640': modify order #44390336 sell 0.01 EURUSD at 1.10236 sl: 1.10657 tp: 1.08512 -> sl: 1.10657 tp: 1.08510
0	22:57:16.558	'1809640': order #44390336 sell 0.01 EURUSD at 1.10236 was modified -> sl: 1.10657 tp: 1.08510
0	22:57:16.689	'1809640': modify order #44391728 sell 0.01 EURUSD at 1.10467 sl: 1.10889 tp: 1.08512 -> sl: 1.10889 tp: 1.08510
0	22:57:16.979	'1809640': order #44391728 sell 0.01 EURUSD at 1.10467 was modified -> sl: 1.10889 tp: 1.08510
0	22:57:16.979	'1809640': modify order #44391960 sell 0.01 EURUSD at 1.10399 sl: 1.10819 tp: 1.08513 -> sl: 1.10819 tp: 1.08510
0	22:57:17.498	'1809640': order #44391960 sell 0.01 EURUSD at 1.10399 was modified -> sl: 1.10819 tp: 1.08510
0	22:57:17.595	'1809640': modify order #44414591 sell 0.01 EURUSD at 1.10526 sl: 1.10947 tp: 1.08515 -> sl: 1.10947 tp: 1.08510
0	22:57:18.053	'1809640': order #44414591 sell 0.01 EURUSD at 1.10526 was modified -> sl: 1.10947 tp: 1.08510
0	22:57:18.053	'1809640': modify order #44418287 sell 0.01 EURUSD at 1.10163 sl: 1.10581 tp: 1.08515 -> sl: 1.10581 tp: 1.08512
0	22:57:18.479	'1809640': order #44418287 sell 0.01 EURUSD at 1.10163 was modified -> sl: 1.10581 tp: 1.08512
0	22:57:18.511	'1809640': modify order #44494682 sell 0.01 EURUSD at 1.09124 sl: 1.09569 tp: 1.08531 -> sl: 1.09569 tp: 1.08512
0	22:57:18.872	'1809640': order #44494682 sell 0.01 EURUSD at 1.09124 was modified -> sl: 1.09569 tp: 1.08512
0	22:57:18.904	'1809640': modify order #44498684 sell 0.01 EURUSD at 1.09088 sl: 1.09514 tp: 1.08582 -> sl: 1.09514 tp: 1.08512
0	22:57:19.294	'1809640': order #44498684 sell 0.01 EURUSD at 1.09088 was modified -> sl: 1.09514 tp: 1.08512
0	22:57:19.330	'1809640': modify order #44498747 sell 0.01 EURUSD at 1.09099 sl: 1.09522 tp: 1.07850 -> sl: 1.09522 tp: 1.07814
0	22:57:19.687	'1809640': order #44498747 sell 0.01 EURUSD at 1.09099 was modified -> sl: 1.09522 tp: 1.07814
0	22:57:19.689	'1809640': modify order #44499166 sell 0.01 EURUSD at 1.09106 sl: 1.09541 tp: 1.08582 -> sl: 1.09541 tp: 1.08512
0	22:57:20.080	'1809640': order #44499166 sell 0.01 EURUSD at 1.09106 was modified -> sl: 1.09541 tp: 1.08512
0	22:57:20.112	'1809640': modify order #44499305 sell 0.01 EURUSD at 1.09105 sl: 1.09528 tp: 1.08582 -> sl: 1.09528 tp: 1.08512
0	22:57:20.631	'1809640': order #44499305 sell 0.01 EURUSD at 1.09105 was modified -> sl: 1.09528 tp: 1.08512
0	22:57:20.663	'1809640': modify order #44499408 sell 0.01 EURUSD at 1.09088 sl: 1.09535 tp: 1.08828 -> sl: 1.09535 tp: 1.08786
0	22:57:20.991	'1809640': order #44499408 sell 0.01 EURUSD at 1.09088 was modified -> sl: 1.09535 tp: 1.08786
0	22:57:21.024	'1809640': modify order #44499555 sell 0.01 EURUSD at 1.09067 sl: 1.09513 tp: 1.08582 -> sl: 1.09513 tp: 1.08512
0	22:57:21.283	'1809640': order #44499555 sell 0.01 EURUSD at 1.09067 was modified -> sl: 1.09513 tp: 1.08512
0	22:57:21.348	'1809640': modify order #44499732 sell 0.01 EURUSD at 1.09078 sl: 1.09512 tp: 1.08582 -> sl: 1.09512 tp: 1.08513
0	22:57:21.672	'1809640': order #44499732 sell 0.01 EURUSD at 1.09078 was modified -> sl: 1.09512 tp: 1.08513
0	22:57:21.705	'1809640': modify order #44499864 sell 0.01 EURUSD at 1.09052 sl: 1.09479 tp: 1.08582 -> sl: 1.09479 tp: 1.08510
0	22:57:22.033	'1809640': order #44499864 sell 0.01 EURUSD at 1.09052 was modified -> sl: 1.09479 tp: 1.08510
0	23:00:04.960	'1809640': modify order #44387470 sell 0.01 EURUSD at 1.10209 sl: 1.10628 tp: 1.08513 -> sl: 1.10628 tp: 1.08472
0	23:00:05.446	'1809640': order #44387470 sell 0.01 EURUSD at 1.10209 was modified -> sl: 1.10628 tp: 1.08472
0	23:00:05.479	'1809640': modify order #44387879 sell 0.01 EURUSD at 1.10265 sl: 1.10683 tp: 1.08510 -> sl: 1.10683 tp: 1.08472
0	23:00:06.062	'1809640': order #44387879 sell 0.01 EURUSD at 1.10265 was modified -> sl: 1.10683 tp: 1.08472
0	23:00:06.064	'1809640': modify order #44388753 sell 0.01 EURUSD at 1.10326 sl: 1.10737 tp: 1.08510 -> sl: 1.10737 tp: 1.08473
0	23:00:06.484	'1809640': order #44388753 sell 0.01 EURUSD at 1.10326 was modified -> sl: 1.10737 tp: 1.08473
0	23:00:06.484	'1809640': modify order #44389057 sell 0.01 EURUSD at 1.10282 sl: 1.10702 tp: 1.08510 -> sl: 1.10702 tp: 1.08476
0	23:00:06.971	'1809640': order #44389057 sell 0.01 EURUSD at 1.10282 was modified -> sl: 1.10702 tp: 1.08476
0	23:00:07.068	'1809640': modify order #44389425 sell 0.01 EURUSD at 1.10245 sl: 1.10662 tp: 1.08510 -> sl: 1.10662 tp: 1.08472
0	23:00:07.423	'1809640': order #44389425 sell 0.01 EURUSD at 1.10245 was modified -> sl: 1.10662 tp: 1.08472
0	23:00:07.551	'1809640': modify order #44390336 sell 0.01 EURUSD at 1.10236 sl: 1.10657 tp: 1.08510 -> sl: 1.10657 tp: 1.08468
0	23:00:09.186	'1809640': order #44390336 sell 0.01 EURUSD at 1.10236 was modified -> sl: 1.10657 tp: 1.08468
0	23:00:13.435	'1809640': modify order #44391728 sell 0.01 EURUSD at 1.10467 sl: 1.10889 tp: 1.08510 -> sl: 1.10889 tp: 1.08472
0	23:00:13.893	'1809640': order #44391728 sell 0.01 EURUSD at 1.10467 was modified -> sl: 1.10889 tp: 1.08472
0	23:00:13.925	'1809640': modify order #44391960 sell 0.01 EURUSD at 1.10399 sl: 1.10819 tp: 1.08510 -> sl: 1.10819 tp: 1.08470
0	23:00:14.379	'1809640': order #44391960 sell 0.01 EURUSD at 1.10399 was modified -> sl: 1.10819 tp: 1.08470
0	23:00:14.379	'1809640': modify order #44414591 sell 0.01 EURUSD at 1.10526 sl: 1.10947 tp: 1.08510 -> sl: 1.10947 tp: 1.08471
0	23:00:17.830	'1809640': order #44414591 sell 0.01 EURUSD at 1.10526 was modified -> sl: 1.10947 tp: 1.08471
0	23:00:17.830	'1809640': modify order #44418287 sell 0.01 EURUSD at 1.10163 sl: 1.10581 tp: 1.08512 -> sl: 1.10581 tp: 1.08472
0	23:00:18.287	'1809640': order #44418287 sell 0.01 EURUSD at 1.10163 was modified -> sl: 1.10581 tp: 1.08472
0	23:00:18.287	'1809640': modify order #44494682 sell 0.01 EURUSD at 1.09124 sl: 1.09569 tp: 1.08512 -> sl: 1.09569 tp: 1.08470
0	23:00:18.583	'1809640': order #44494682 sell 0.01 EURUSD at 1.09124 was modified -> sl: 1.09569 tp: 1.08470
0	23:00:18.583	'1809640': modify order #44498684 sell 0.01 EURUSD at 1.09088 sl: 1.09514 tp: 1.08512 -> sl: 1.09514 tp: 1.08472
0	23:00:19.001	'1809640': order #44498684 sell 0.01 EURUSD at 1.09088 was modified -> sl: 1.09514 tp: 1.08472
0	23:00:19.001	'1809640': modify order #44498747 sell 0.01 EURUSD at 1.09099 sl: 1.09522 tp: 1.07814 -> sl: 1.09522 tp: 1.07660
0	23:00:19.458	'1809640': order #44498747 sell 0.01 EURUSD at 1.09099 was modified -> sl: 1.09522 tp: 1.07660
0	23:00:19.458	'1809640': modify order #44499166 sell 0.01 EURUSD at 1.09106 sl: 1.09541 tp: 1.08512 -> sl: 1.09541 tp: 1.08471
0	23:00:19.783	'1809640': order #44499166 sell 0.01 EURUSD at 1.09106 was modified -> sl: 1.09541 tp: 1.08471
0	23:00:19.783	'1809640': modify order #44499305 sell 0.01 EURUSD at 1.09105 sl: 1.09528 tp: 1.08512 -> sl: 1.09528 tp: 1.08470
0	23:00:20.107	'1809640': order #44499305 sell 0.01 EURUSD at 1.09105 was modified -> sl: 1.09528 tp: 1.08470
0	23:00:20.107	'1809640': modify order #44499408 sell 0.01 EURUSD at 1.09088 sl: 1.09535 tp: 1.08786 -> sl: 1.09535 tp: 1.08631
0	23:00:20.528	'1809640': order #44499408 sell 0.01 EURUSD at 1.09088 was modified -> sl: 1.09535 tp: 1.08631
0	23:00:20.528	'1809640': modify order #44499555 sell 0.01 EURUSD at 1.09067 sl: 1.09513 tp: 1.08512 -> sl: 1.09513 tp: 1.08468
0	23:00:20.986	'1809640': order #44499555 sell 0.01 EURUSD at 1.09067 was modified -> sl: 1.09513 tp: 1.08468
0	23:00:20.986	'1809640': modify order #44499732 sell 0.01 EURUSD at 1.09078 sl: 1.09512 tp: 1.08513 -> sl: 1.09512 tp: 1.08472
0	23:00:21.149	'1809640': order #44499732 sell 0.01 EURUSD at 1.09078 was modified -> sl: 1.09512 tp: 1.08472
0	23:00:21.149	'1809640': modify order #44499864 sell 0.01 EURUSD at 1.09052 sl: 1.09479 tp: 1.08510 -> sl: 1.09479 tp: 1.08472
0	23:00:21.477	'1809640': order #44499864 sell 0.01 EURUSD at 1.09052 was modified -> sl: 1.09479 tp: 1.08472
0	23:02:20.673	'1809640': order #44498327 sell 0.01 EURUSD at 1.09048 closed due take-profit at price 1.08907
0	23:03:07.565	'1809640': modify order #44387470 sell 0.01 EURUSD at 1.10209 sl: 1.10628 tp: 1.08472 -> sl: 1.10628 tp: 1.08370
0	23:03:08.145	'1809640': order #44477207 buy 0.01 EURUSD at 1.09291 closed due stop-loss at price 1.08808
0	23:03:08.505	'1809640': order #44387470 sell 0.01 EURUSD at 1.10209 was modified -> sl: 1.10628 tp: 1.08370
0	23:03:08.505	'1809640': modify order #44387879 sell 0.01 EURUSD at 1.10265 sl: 1.10683 tp: 1.08472 -> sl: 1.10683 tp: 1.08373
0	23:03:08.862	'1809640': order #44387879 sell 0.01 EURUSD at 1.10265 was modified -> sl: 1.10683 tp: 1.08373
0	23:03:08.862	'1809640': modify order #44388753 sell 0.01 EURUSD at 1.10326 sl: 1.10737 tp: 1.08473 -> sl: 1.10737 tp: 1.08374
0	23:03:09.381	'1809640': order #44388753 sell 0.01 EURUSD at 1.10326 was modified -> sl: 1.10737 tp: 1.08374
0	23:03:09.381	'1809640': modify order #44389057 sell 0.01 EURUSD at 1.10282 sl: 1.10702 tp: 1.08476 -> sl: 1.10702 tp: 1.08373
0	23:03:09.835	'1809640': order #44148039 buy 0.01 EURUSD at 1.09218 closed due stop-loss at price 1.08796
0	23:03:09.835	'1809640': order #44389057 sell 0.01 EURUSD at 1.10282 was modified -> sl: 1.10702 tp: 1.08373
0	23:03:09.835	'1809640': modify order #44390336 sell 0.01 EURUSD at 1.10236 sl: 1.10657 tp: 1.08468 -> sl: 1.10657 tp: 1.08371
0	23:03:10.605	'1809640': order #44390336 sell 0.01 EURUSD at 1.10236 was modified -> sl: 1.10657 tp: 1.08371
0	23:03:10.771	'1809640': modify order #44391728 sell 0.01 EURUSD at 1.10467 sl: 1.10889 tp: 1.08472 -> sl: 1.10889 tp: 1.08373
0	23:03:11.254	'1809640': order #44391728 sell 0.01 EURUSD at 1.10467 was modified -> sl: 1.10889 tp: 1.08373
0	23:03:11.254	'1809640': modify order #44391960 sell 0.01 EURUSD at 1.10399 sl: 1.10819 tp: 1.08470 -> sl: 1.10819 tp: 1.08373
0	23:03:11.967	'1809640': order #44391960 sell 0.01 EURUSD at 1.10399 was modified -> sl: 1.10819 tp: 1.08373
0	23:03:11.967	'1809640': modify order #44414591 sell 0.01 EURUSD at 1.10526 sl: 1.10947 tp: 1.08471 -> sl: 1.10947 tp: 1.08373
0	23:03:12.356	'1809640': order #44414591 sell 0.01 EURUSD at 1.10526 was modified -> sl: 1.10947 tp: 1.08373
0	23:03:12.421	'1809640': modify order #44418287 sell 0.01 EURUSD at 1.10163 sl: 1.10581 tp: 1.08472 -> sl: 1.10581 tp: 1.08373
0	23:03:12.846	'1809640': order #44418287 sell 0.01 EURUSD at 1.10163 was modified -> sl: 1.10581 tp: 1.08373
0	23:03:13.009	'1809640': modify order #44494682 sell 0.01 EURUSD at 1.09124 sl: 1.09569 tp: 1.08470 -> sl: 1.09569 tp: 1.08373
0	23:03:13.560	'1809640': order #44494682 sell 0.01 EURUSD at 1.09124 was modified -> sl: 1.09569 tp: 1.08373
0	23:03:13.560	'1809640': modify order #44498684 sell 0.01 EURUSD at 1.09088 sl: 1.09514 tp: 1.08472 -> sl: 1.09514 tp: 1.08372
0	23:03:13.981	'1809640': order #44498684 sell 0.01 EURUSD at 1.09088 was modified -> sl: 1.09514 tp: 1.08372
0	23:03:14.402	'1809640': modify order #44498747 sell 0.01 EURUSD at 1.09099 sl: 1.09522 tp: 1.07660 -> sl: 1.09522 tp: 1.07623
0	23:03:14.893	'1809640': order #44498747 sell 0.01 EURUSD at 1.09099 was modified -> sl: 1.09522 tp: 1.07623
0	23:03:14.893	'1809640': modify order #44499166 sell 0.01 EURUSD at 1.09106 sl: 1.09541 tp: 1.08471 -> sl: 1.09541 tp: 1.08373
0	23:03:15.379	'1809640': order #44499166 sell 0.01 EURUSD at 1.09106 was modified -> sl: 1.09541 tp: 1.08373
0	23:03:15.412	'1809640': modify order #44499305 sell 0.01 EURUSD at 1.09105 sl: 1.09528 tp: 1.08470 -> sl: 1.09528 tp: 1.08374
0	23:03:15.866	'1809640': order #44499305 sell 0.01 EURUSD at 1.09105 was modified -> sl: 1.09528 tp: 1.08374
0	23:03:15.866	'1809640': modify order #44499408 sell 0.01 EURUSD at 1.09088 sl: 1.09535 tp: 1.08631 -> sl: 1.09535 tp: 1.08597
0	23:03:16.482	'1809640': order #44499408 sell 0.01 EURUSD at 1.09088 was modified -> sl: 1.09535 tp: 1.08597
0	23:03:16.482	'1809640': modify order #44499555 sell 0.01 EURUSD at 1.09067 sl: 1.09513 tp: 1.08468 -> sl: 1.09513 tp: 1.08374
0	23:03:16.972	'1809640': order #44499555 sell 0.01 EURUSD at 1.09067 was modified -> sl: 1.09513 tp: 1.08374
0	23:03:16.972	'1809640': modify order #44499732 sell 0.01 EURUSD at 1.09078 sl: 1.09512 tp: 1.08472 -> sl: 1.09512 tp: 1.08374
0	23:03:17.357	'1809640': order #44499732 sell 0.01 EURUSD at 1.09078 was modified -> sl: 1.09512 tp: 1.08374
0	23:03:17.487	'1809640': modify order #44499864 sell 0.01 EURUSD at 1.09052 sl: 1.09479 tp: 1.08472 -> sl: 1.09479 tp: 1.08374
0	23:03:18.066	'1809640': order #44499864 sell 0.01 EURUSD at 1.09052 was modified -> sl: 1.09479 tp: 1.08374
0	23:03:36.070	'1809640': order #44148564 buy 0.01 EURUSD at 1.09206 closed due stop-loss at price 1.08787
0	23:03:36.070	'1809640': order #44148633 buy 0.01 EURUSD at 1.09205 closed due stop-loss at price 1.08784
0	23:03:44.650	'1809640': order #44146899 buy 0.01 EURUSD at 1.09174 closed due stop-loss at price 1.08754
0	23:03:44.998	'1809640': order sell market 0.01 EURUSD sl: 1.09183 tp: 1.08313
0	23:03:45.517	'1809640': order was opened : #44500841 sell 0.01 EURUSD at 1.08754 sl: 1.09183 tp: 1.08313
0	23:04:40.798	'1809640': modify order #44387470 sell 0.01 EURUSD at 1.10209 sl: 1.10628 tp: 1.08370 -> sl: 1.10628 tp: 1.08334
0	23:04:41.223	'1809640': order #44387470 sell 0.01 EURUSD at 1.10209 was modified -> sl: 1.10628 tp: 1.08334
0	23:04:41.223	'1809640': modify order #44387879 sell 0.01 EURUSD at 1.10265 sl: 1.10683 tp: 1.08373 -> sl: 1.10683 tp: 1.08333
0	23:04:41.705	'1809640': order #44387879 sell 0.01 EURUSD at 1.10265 was modified -> sl: 1.10683 tp: 1.08333
0	23:04:41.767	'1809640': modify order #44388753 sell 0.01 EURUSD at 1.10326 sl: 1.10737 tp: 1.08374 -> sl: 1.10737 tp: 1.08332
0	23:04:42.216	'1809640': order #44388753 sell 0.01 EURUSD at 1.10326 was modified -> sl: 1.10737 tp: 1.08332
0	23:04:42.216	'1809640': modify order #44389057 sell 0.01 EURUSD at 1.10282 sl: 1.10702 tp: 1.08373 -> sl: 1.10702 tp: 1.08332
0	23:04:42.605	'1809640': order #44389057 sell 0.01 EURUSD at 1.10282 was modified -> sl: 1.10702 tp: 1.08332
0	23:04:42.868	'1809640': modify order #44389425 sell 0.01 EURUSD at 1.10245 sl: 1.10662 tp: 1.08472 -> sl: 1.10662 tp: 1.08333
0	23:04:43.225	'1809640': order #44389425 sell 0.01 EURUSD at 1.10245 was modified -> sl: 1.10662 tp: 1.08333
0	23:04:43.322	'1809640': modify order #44390336 sell 0.01 EURUSD at 1.10236 sl: 1.10657 tp: 1.08371 -> sl: 1.10657 tp: 1.08334
0	23:04:43.679	'1809640': order #44390336 sell 0.01 EURUSD at 1.10236 was modified -> sl: 1.10657 tp: 1.08334
0	23:04:43.841	'1809640': modify order #44391728 sell 0.01 EURUSD at 1.10467 sl: 1.10889 tp: 1.08373 -> sl: 1.10889 tp: 1.08333
0	23:04:44.236	'1809640': order #44391728 sell 0.01 EURUSD at 1.10467 was modified -> sl: 1.10889 tp: 1.08333
0	23:04:44.360	'1809640': modify order #44391960 sell 0.01 EURUSD at 1.10399 sl: 1.10819 tp: 1.08373 -> sl: 1.10819 tp: 1.08334
0	23:04:44.716	'1809640': order #44391960 sell 0.01 EURUSD at 1.10399 was modified -> sl: 1.10819 tp: 1.08334
0	23:04:44.783	'1809640': modify order #44414591 sell 0.01 EURUSD at 1.10526 sl: 1.10947 tp: 1.08373 -> sl: 1.10947 tp: 1.08333
0	23:04:45.138	'1809640': order #44414591 sell 0.01 EURUSD at 1.10526 was modified -> sl: 1.10947 tp: 1.08333
0	23:04:45.170	'1809640': modify order #44418287 sell 0.01 EURUSD at 1.10163 sl: 1.10581 tp: 1.08373 -> sl: 1.10581 tp: 1.08334
0	23:04:45.628	'1809640': order #44418287 sell 0.01 EURUSD at 1.10163 was modified -> sl: 1.10581 tp: 1.08334
0	23:04:45.628	'1809640': modify order #44494682 sell 0.01 EURUSD at 1.09124 sl: 1.09569 tp: 1.08373 -> sl: 1.09569 tp: 1.08334
0	23:04:45.989	'1809640': order #44494682 sell 0.01 EURUSD at 1.09124 was modified -> sl: 1.09569 tp: 1.08334
0	23:04:45.989	'1809640': modify order #44498684 sell 0.01 EURUSD at 1.09088 sl: 1.09514 tp: 1.08372 -> sl: 1.09514 tp: 1.08334
0	23:04:46.447	'1809640': order #44498684 sell 0.01 EURUSD at 1.09088 was modified -> sl: 1.09514 tp: 1.08334
0	23:04:46.447	'1809640': modify order #44498747 sell 0.01 EURUSD at 1.09099 sl: 1.09522 tp: 1.07623 -> sl: 1.09522 tp: 1.07373
0	23:04:46.832	'1809640': order #44498747 sell 0.01 EURUSD at 1.09099 was modified -> sl: 1.09522 tp: 1.07373
0	23:04:46.832	'1809640': modify order #44499166 sell 0.01 EURUSD at 1.09106 sl: 1.09541 tp: 1.08373 -> sl: 1.09541 tp: 1.08333
0	23:04:47.188	'1809640': order #44499166 sell 0.01 EURUSD at 1.09106 was modified -> sl: 1.09541 tp: 1.08333
0	23:04:47.189	'1809640': modify order #44499305 sell 0.01 EURUSD at 1.09105 sl: 1.09528 tp: 1.08374 -> sl: 1.09528 tp: 1.08333
0	23:04:47.772	'1809640': order #44499305 sell 0.01 EURUSD at 1.09105 was modified -> sl: 1.09528 tp: 1.08333
0	23:04:47.772	'1809640': modify order #44499408 sell 0.01 EURUSD at 1.09088 sl: 1.09535 tp: 1.08597 -> sl: 1.09535 tp: 1.08344
0	23:04:48.128	'1809640': order #44499408 sell 0.01 EURUSD at 1.09088 was modified -> sl: 1.09535 tp: 1.08344
0	23:04:48.161	'1809640': modify order #44499555 sell 0.01 EURUSD at 1.09067 sl: 1.09513 tp: 1.08374 -> sl: 1.09513 tp: 1.08333
0	23:04:48.643	'1809640': order #44499555 sell 0.01 EURUSD at 1.09067 was modified -> sl: 1.09513 tp: 1.08333
0	23:04:48.643	'1809640': modify order #44499732 sell 0.01 EURUSD at 1.09078 sl: 1.09512 tp: 1.08374 -> sl: 1.09512 tp: 1.08333
0	23:04:49.000	'1809640': order #44499732 sell 0.01 EURUSD at 1.09078 was modified -> sl: 1.09512 tp: 1.08333
0	23:04:49.097	'1809640': modify order #44499864 sell 0.01 EURUSD at 1.09052 sl: 1.09479 tp: 1.08374 -> sl: 1.09479 tp: 1.08333
0	23:04:49.389	'1809640': order #44499864 sell 0.01 EURUSD at 1.09052 was modified -> sl: 1.09479 tp: 1.08333
0	23:08:51.503	'1809640': order sell market 0.01 EURUSD sl: 1.09240 tp: 1.08375
0	23:08:51.990	'1809640': order was opened : #44500970 sell 0.01 EURUSD at 1.08814 sl: 1.09240 tp: 1.08375
0	23:11:06.558	'1809640': modify order #44500970 sell 0.01 EURUSD at 1.08814 sl: 1.09240 tp: 1.08375 -> sl: 1.09240 tp: 1.08342
0	23:11:06.919	'1809640': order #44500970 sell 0.01 EURUSD at 1.08814 was modified -> sl: 1.09240 tp: 1.08342
0	23:11:20.515	'1809640': order #44146946 buy 0.01 EURUSD at 1.09156 closed due stop-loss at price 1.08734
0	23:11:20.515	'1809640': order #44147075 buy 0.01 EURUSD at 1.09157 closed due stop-loss at price 1.08736
0	23:11:47.096	'1809640': order #44147308 buy 0.01 EURUSD at 1.09128 closed due stop-loss at price 1.08706
0	23:14:45.592	'1809640': modify order #44387470 sell 0.01 EURUSD at 1.10209 sl: 1.10628 tp: 1.08334 -> sl: 1.10628 tp: 1.08276
0	23:14:45.993	'1809640': order #44387470 sell 0.01 EURUSD at 1.10209 was modified -> sl: 1.10628 tp: 1.08276
0	23:14:46.026	'1809640': modify order #44387879 sell 0.01 EURUSD at 1.10265 sl: 1.10683 tp: 1.08333 -> sl: 1.10683 tp: 1.08276
0	23:14:46.481	'1809640': order #44387879 sell 0.01 EURUSD at 1.10265 was modified -> sl: 1.10683 tp: 1.08276
0	23:14:46.582	'1809640': modify order #44388753 sell 0.01 EURUSD at 1.10326 sl: 1.10737 tp: 1.08332 -> sl: 1.10737 tp: 1.08276
0	23:14:47.002	'1809640': order #44388753 sell 0.01 EURUSD at 1.10326 was modified -> sl: 1.10737 tp: 1.08276
0	23:14:47.033	'1809640': modify order #44389057 sell 0.01 EURUSD at 1.10282 sl: 1.10702 tp: 1.08332 -> sl: 1.10702 tp: 1.08276
0	23:14:47.293	'1809640': order #44389057 sell 0.01 EURUSD at 1.10282 was modified -> sl: 1.10702 tp: 1.08276
0	23:14:47.390	'1809640': modify order #44389425 sell 0.01 EURUSD at 1.10245 sl: 1.10662 tp: 1.08333 -> sl: 1.10662 tp: 1.08277
0	23:14:47.873	'1809640': order #44389425 sell 0.01 EURUSD at 1.10245 was modified -> sl: 1.10662 tp: 1.08277
0	23:14:47.938	'1809640': modify order #44390336 sell 0.01 EURUSD at 1.10236 sl: 1.10657 tp: 1.08334 -> sl: 1.10657 tp: 1.08277
0	23:14:48.197	'1809640': order #44390336 sell 0.01 EURUSD at 1.10236 was modified -> sl: 1.10657 tp: 1.08277
0	23:14:48.197	'1809640': modify order #44391728 sell 0.01 EURUSD at 1.10467 sl: 1.10889 tp: 1.08333 -> sl: 1.10889 tp: 1.08277
0	23:14:48.489	'1809640': order #44391728 sell 0.01 EURUSD at 1.10467 was modified -> sl: 1.10889 tp: 1.08277
0	23:14:48.522	'1809640': modify order #44391960 sell 0.01 EURUSD at 1.10399 sl: 1.10819 tp: 1.08334 -> sl: 1.10819 tp: 1.08279
0	23:14:48.879	'1809640': order #44391960 sell 0.01 EURUSD at 1.10399 was modified -> sl: 1.10819 tp: 1.08279
0	23:14:49.008	'1809640': modify order #44414591 sell 0.01 EURUSD at 1.10526 sl: 1.10947 tp: 1.08333 -> sl: 1.10947 tp: 1.08277
0	23:14:49.268	'1809640': order #44414591 sell 0.01 EURUSD at 1.10526 was modified -> sl: 1.10947 tp: 1.08277
0	23:14:49.337	'1809640': modify order #44418287 sell 0.01 EURUSD at 1.10163 sl: 1.10581 tp: 1.08334 -> sl: 1.10581 tp: 1.08278
0	23:14:49.694	'1809640': order #44418287 sell 0.01 EURUSD at 1.10163 was modified -> sl: 1.10581 tp: 1.08278
0	23:14:49.694	'1809640': modify order #44494682 sell 0.01 EURUSD at 1.09124 sl: 1.09569 tp: 1.08334 -> sl: 1.09569 tp: 1.08277
0	23:14:50.080	'1809640': order #44494682 sell 0.01 EURUSD at 1.09124 was modified -> sl: 1.09569 tp: 1.08277
0	23:14:50.144	'1809640': modify order #44498684 sell 0.01 EURUSD at 1.09088 sl: 1.09514 tp: 1.08334 -> sl: 1.09514 tp: 1.08277
0	23:14:50.571	'1809640': order #44498684 sell 0.01 EURUSD at 1.09088 was modified -> sl: 1.09514 tp: 1.08277
0	23:14:50.636	'1809640': modify order #44498747 sell 0.01 EURUSD at 1.09099 sl: 1.09522 tp: 1.07373 -> sl: 1.09522 tp: 1.07260
0	23:14:51.025	'1809640': order #44498747 sell 0.01 EURUSD at 1.09099 was modified -> sl: 1.09522 tp: 1.07260
0	23:14:51.090	'1809640': modify order #44499166 sell 0.01 EURUSD at 1.09106 sl: 1.09541 tp: 1.08333 -> sl: 1.09541 tp: 1.08277
0	23:14:51.601	'1809640': order #44499166 sell 0.01 EURUSD at 1.09106 was modified -> sl: 1.09541 tp: 1.08277
0	23:14:51.601	'1809640': modify order #44499305 sell 0.01 EURUSD at 1.09105 sl: 1.09528 tp: 1.08333 -> sl: 1.09528 tp: 1.08277
0	23:14:51.995	'1809640': order #44499305 sell 0.01 EURUSD at 1.09105 was modified -> sl: 1.09528 tp: 1.08277
0	23:14:52.060	'1809640': modify order #44499408 sell 0.01 EURUSD at 1.09088 sl: 1.09535 tp: 1.08344 -> sl: 1.09535 tp: 1.08232
0	23:14:52.381	'1809640': order #44499408 sell 0.01 EURUSD at 1.09088 was modified -> sl: 1.09535 tp: 1.08232
0	23:14:52.413	'1809640': modify order #44499555 sell 0.01 EURUSD at 1.09067 sl: 1.09513 tp: 1.08333 -> sl: 1.09513 tp: 1.08277
0	23:14:52.939	'1809640': order #44499555 sell 0.01 EURUSD at 1.09067 was modified -> sl: 1.09513 tp: 1.08277
0	23:14:52.997	'1809640': modify order #44499732 sell 0.01 EURUSD at 1.09078 sl: 1.09512 tp: 1.08333 -> sl: 1.09512 tp: 1.08277
0	23:14:53.326	'1809640': order #44499732 sell 0.01 EURUSD at 1.09078 was modified -> sl: 1.09512 tp: 1.08277
0	23:14:53.391	'1809640': modify order #44499864 sell 0.01 EURUSD at 1.09052 sl: 1.09479 tp: 1.08333 -> sl: 1.09479 tp: 1.08277
0	23:14:53.684	'1809640': order #44499864 sell 0.01 EURUSD at 1.09052 was modified -> sl: 1.09479 tp: 1.08277
0	23:14:53.716	'1809640': modify order #44500841 sell 0.01 EURUSD at 1.08754 sl: 1.09183 tp: 1.08313 -> sl: 1.09183 tp: 1.08277
0	23:14:54.073	'1809640': order #44500841 sell 0.01 EURUSD at 1.08754 was modified -> sl: 1.09183 tp: 1.08277
0	23:14:54.138	'1809640': modify order #44500970 sell 0.01 EURUSD at 1.08814 sl: 1.09240 tp: 1.08342 -> sl: 1.09240 tp: 1.08277
0	23:14:54.495	'1809640': order #44500970 sell 0.01 EURUSD at 1.08814 was modified -> sl: 1.09240 tp: 1.08277
0	23:15:27.225	'1809640': order sell market 0.01 EURUSD sl: 1.09121 tp: 1.08565
0	23:15:27.878	'1809640': order was opened : #44501244 sell 0.01 EURUSD at 1.08679 sl: 1.09121 tp: 1.08565
0	23:17:18.229	'1809640': modify order #44387470 sell 0.01 EURUSD at 1.10209 sl: 1.10628 tp: 1.08276 -> sl: 1.10628 tp: 1.08257
0	23:17:18.745	'1809640': order #44387470 sell 0.01 EURUSD at 1.10209 was modified -> sl: 1.10628 tp: 1.08257
0	23:17:18.777	'1809640': modify order #44387879 sell 0.01 EURUSD at 1.10265 sl: 1.10683 tp: 1.08276 -> sl: 1.10683 tp: 1.08257
0	23:17:19.127	'1809640': order #44387879 sell 0.01 EURUSD at 1.10265 was modified -> sl: 1.10683 tp: 1.08257
0	23:17:19.333	'1809640': modify order #44388753 sell 0.01 EURUSD at 1.10326 sl: 1.10737 tp: 1.08276 -> sl: 1.10737 tp: 1.08257
0	23:17:19.787	'1809640': order #44388753 sell 0.01 EURUSD at 1.10326 was modified -> sl: 1.10737 tp: 1.08257
0	23:17:19.819	'1809640': modify order #44389057 sell 0.01 EURUSD at 1.10282 sl: 1.10702 tp: 1.08276 -> sl: 1.10702 tp: 1.08257
0	23:17:20.236	'1809640': order #44389057 sell 0.01 EURUSD at 1.10282 was modified -> sl: 1.10702 tp: 1.08257
0	23:17:20.268	'1809640': modify order #44389425 sell 0.01 EURUSD at 1.10245 sl: 1.10662 tp: 1.08277 -> sl: 1.10662 tp: 1.08257
0	23:17:20.650	'1809640': order #44389425 sell 0.01 EURUSD at 1.10245 was modified -> sl: 1.10662 tp: 1.08257
0	23:17:20.748	'1809640': modify order #44390336 sell 0.01 EURUSD at 1.10236 sl: 1.10657 tp: 1.08277 -> sl: 1.10657 tp: 1.08257
0	23:17:21.072	'1809640': order #44390336 sell 0.01 EURUSD at 1.10236 was modified -> sl: 1.10657 tp: 1.08257
0	23:17:21.101	'1809640': modify order #44391728 sell 0.01 EURUSD at 1.10467 sl: 1.10889 tp: 1.08277 -> sl: 1.10889 tp: 1.08257
0	23:17:21.526	'1809640': order #44391728 sell 0.01 EURUSD at 1.10467 was modified -> sl: 1.10889 tp: 1.08257
0	23:17:21.591	'1809640': modify order #44391960 sell 0.01 EURUSD at 1.10399 sl: 1.10819 tp: 1.08279 -> sl: 1.10819 tp: 1.08257
0	23:17:21.948	'1809640': order #44391960 sell 0.01 EURUSD at 1.10399 was modified -> sl: 1.10819 tp: 1.08257
0	23:17:22.046	'1809640': modify order #44414591 sell 0.01 EURUSD at 1.10526 sl: 1.10947 tp: 1.08277 -> sl: 1.10947 tp: 1.08257
0	23:17:22.467	'1809640': order #44414591 sell 0.01 EURUSD at 1.10526 was modified -> sl: 1.10947 tp: 1.08257
0	23:17:22.467	'1809640': modify order #44418287 sell 0.01 EURUSD at 1.10163 sl: 1.10581 tp: 1.08278 -> sl: 1.10581 tp: 1.08257
0	23:17:23.052	'1809640': order #44418287 sell 0.01 EURUSD at 1.10163 was modified -> sl: 1.10581 tp: 1.08257
0	23:17:23.080	'1809640': modify order #44494682 sell 0.01 EURUSD at 1.09124 sl: 1.09569 tp: 1.08277 -> sl: 1.09569 tp: 1.08257
0	23:17:23.372	'1809640': order #44494682 sell 0.01 EURUSD at 1.09124 was modified -> sl: 1.09569 tp: 1.08257
0	23:17:23.439	'1809640': modify order #44498684 sell 0.01 EURUSD at 1.09088 sl: 1.09514 tp: 1.08277 -> sl: 1.09514 tp: 1.08257
0	23:17:23.793	'1809640': order #44498684 sell 0.01 EURUSD at 1.09088 was modified -> sl: 1.09514 tp: 1.08257
0	23:17:23.924	'1809640': modify order #44498747 sell 0.01 EURUSD at 1.09099 sl: 1.09522 tp: 1.07260 -> sl: 1.09522 tp: 1.07250
0	23:17:24.183	'1809640': order #44498747 sell 0.01 EURUSD at 1.09099 was modified -> sl: 1.09522 tp: 1.07250
0	23:17:24.215	'1809640': modify order #44499166 sell 0.01 EURUSD at 1.09106 sl: 1.09541 tp: 1.08277 -> sl: 1.09541 tp: 1.08257
0	23:17:25.083	'1809640': order #44499166 sell 0.01 EURUSD at 1.09106 was modified -> sl: 1.09541 tp: 1.08257
0	23:17:25.148	'1809640': modify order #44499305 sell 0.01 EURUSD at 1.09105 sl: 1.09528 tp: 1.08277 -> sl: 1.09528 tp: 1.08257
0	23:17:25.574	'1809640': order #44499305 sell 0.01 EURUSD at 1.09105 was modified -> sl: 1.09528 tp: 1.08257
0	23:17:25.574	'1809640': modify order #44499408 sell 0.01 EURUSD at 1.09088 sl: 1.09535 tp: 1.08232 -> sl: 1.09535 tp: 1.08223
0	23:17:26.097	'1809640': order #44499408 sell 0.01 EURUSD at 1.09088 was modified -> sl: 1.09535 tp: 1.08223
0	23:17:26.162	'1809640': modify order #44499555 sell 0.01 EURUSD at 1.09067 sl: 1.09513 tp: 1.08277 -> sl: 1.09513 tp: 1.08258
0	23:17:26.588	'1809640': order #44499555 sell 0.01 EURUSD at 1.09067 was modified -> sl: 1.09513 tp: 1.08258
0	23:17:26.620	'1809640': modify order #44499732 sell 0.01 EURUSD at 1.09078 sl: 1.09512 tp: 1.08277 -> sl: 1.09512 tp: 1.08258
0	23:17:27.075	'1809640': order #44499732 sell 0.01 EURUSD at 1.09078 was modified -> sl: 1.09512 tp: 1.08258
0	23:17:27.140	'1809640': modify order #44499864 sell 0.01 EURUSD at 1.09052 sl: 1.09479 tp: 1.08277 -> sl: 1.09479 tp: 1.08257
0	23:17:27.596	'1809640': order #44499864 sell 0.01 EURUSD at 1.09052 was modified -> sl: 1.09479 tp: 1.08257
0	23:17:27.659	'1809640': modify order #44500841 sell 0.01 EURUSD at 1.08754 sl: 1.09183 tp: 1.08277 -> sl: 1.09183 tp: 1.08257
0	23:17:27.951	'1809640': order #44500841 sell 0.01 EURUSD at 1.08754 was modified -> sl: 1.09183 tp: 1.08257
0	23:17:28.049	'1809640': modify order #44500970 sell 0.01 EURUSD at 1.08814 sl: 1.09240 tp: 1.08277 -> sl: 1.09240 tp: 1.08257
0	23:17:28.377	'1809640': order #44500970 sell 0.01 EURUSD at 1.08814 was modified -> sl: 1.09240 tp: 1.08257
0	23:17:28.474	'1809640': modify order #44501244 sell 0.01 EURUSD at 1.08679 sl: 1.09121 tp: 1.08565 -> sl: 1.09121 tp: 1.08564
0	23:17:28.864	'1809640': order #44501244 sell 0.01 EURUSD at 1.08679 was modified -> sl: 1.09121 tp: 1.08564
0	23:18:37.042	'1809640': modify order #44501244 sell 0.01 EURUSD at 1.08679 sl: 1.09121 tp: 1.08564 -> sl: 1.09121 tp: 1.08546
0	23:18:37.399	'1809640': order #44501244 sell 0.01 EURUSD at 1.08679 was modified -> sl: 1.09121 tp: 1.08546
0	23:22:25.094	'1809640': modify order #44498747 sell 0.01 EURUSD at 1.09099 sl: 1.09522 tp: 1.07250 -> sl: 1.09522 tp: 1.07235
0	23:22:25.877	'1809640': order #44498747 sell 0.01 EURUSD at 1.09099 was modified -> sl: 1.09522 tp: 1.07235
0	23:22:25.877	'1809640': modify order #44501244 sell 0.01 EURUSD at 1.08679 sl: 1.09121 tp: 1.08546 -> sl: 1.09121 tp: 1.08543
0	23:22:26.201	'1809640': order #44501244 sell 0.01 EURUSD at 1.08679 was modified -> sl: 1.09121 tp: 1.08543
0	23:22:56.253	'1809640': order sell market 0.01 EURUSD sl: 1.09177 tp: 1.08312
0	23:22:56.643	'1809640': order was opened : #44501439 sell 0.01 EURUSD at 1.08752 sl: 1.09177 tp: 1.08312
0	23:24:23.491	'1809640': modify order #44501244 sell 0.01 EURUSD at 1.08679 sl: 1.09121 tp: 1.08543 -> sl: 1.09121 tp: 1.08542
0	23:24:23.949	'1809640': order #44501244 sell 0.01 EURUSD at 1.08679 was modified -> sl: 1.09121 tp: 1.08542
0	23:24:24.042	'1809640': modify order #44501439 sell 0.01 EURUSD at 1.08752 sl: 1.09177 tp: 1.08312 -> sl: 1.09177 tp: 1.08308
0	23:24:24.502	'1809640': order #44501439 sell 0.01 EURUSD at 1.08752 was modified -> sl: 1.09177 tp: 1.08308
0	23:28:30.800	'1809640': modify order #44498747 sell 0.01 EURUSD at 1.09099 sl: 1.09522 tp: 1.07235 -> sl: 1.09522 tp: 1.07206
0	23:28:31.518	'1809640': order #44498747 sell 0.01 EURUSD at 1.09099 was modified -> sl: 1.09522 tp: 1.07206
0	23:28:31.583	'1809640': modify order #44499408 sell 0.01 EURUSD at 1.09088 sl: 1.09535 tp: 1.08223 -> sl: 1.09535 tp: 1.08203
0	23:28:31.877	'1809640': order #44499408 sell 0.01 EURUSD at 1.09088 was modified -> sl: 1.09535 tp: 1.08203
0	23:28:31.940	'1809640': modify order #44501439 sell 0.01 EURUSD at 1.08752 sl: 1.09177 tp: 1.08308 -> sl: 1.09177 tp: 1.08264
0	23:28:32.265	'1809640': order #44501439 sell 0.01 EURUSD at 1.08752 was modified -> sl: 1.09177 tp: 1.08264
0	23:30:00.946	'1809640': order sell market 0.01 EURUSD sl: 1.09126 tp: 1.08264
0	23:30:03.377	'1809640': order was opened : #44501524 sell 0.01 EURUSD at 1.08704 sl: 1.09126 tp: 1.08264
0	23:31:12.707	'1809640': modify order #44387470 sell 0.01 EURUSD at 1.10209 sl: 1.10628 tp: 1.08257 -> sl: 1.10628 tp: 1.08227
0	23:31:13.129	'1809640': order #44387470 sell 0.01 EURUSD at 1.10209 was modified -> sl: 1.10628 tp: 1.08227
0	23:31:13.129	'1809640': modify order #44387879 sell 0.01 EURUSD at 1.10265 sl: 1.10683 tp: 1.08257 -> sl: 1.10683 tp: 1.08227
0	23:31:14.005	'1809640': order #44387879 sell 0.01 EURUSD at 1.10265 was modified -> sl: 1.10683 tp: 1.08227
0	23:31:14.038	'1809640': modify order #44388753 sell 0.01 EURUSD at 1.10326 sl: 1.10737 tp: 1.08257 -> sl: 1.10737 tp: 1.08233
0	23:31:14.330	'1809640': order #44388753 sell 0.01 EURUSD at 1.10326 was modified -> sl: 1.10737 tp: 1.08233
0	23:31:14.330	'1809640': modify order #44389057 sell 0.01 EURUSD at 1.10282 sl: 1.10702 tp: 1.08257 -> sl: 1.10702 tp: 1.08229
0	23:31:14.654	'1809640': order #44389057 sell 0.01 EURUSD at 1.10282 was modified -> sl: 1.10702 tp: 1.08229
0	23:31:14.654	'1809640': modify order #44389425 sell 0.01 EURUSD at 1.10245 sl: 1.10662 tp: 1.08257 -> sl: 1.10662 tp: 1.08230
0	23:31:15.077	'1809640': order #44389425 sell 0.01 EURUSD at 1.10245 was modified -> sl: 1.10662 tp: 1.08230
0	23:31:15.077	'1809640': modify order #44390336 sell 0.01 EURUSD at 1.10236 sl: 1.10657 tp: 1.08257 -> sl: 1.10657 tp: 1.08229
0	23:31:15.440	'1809640': order #44390336 sell 0.01 EURUSD at 1.10236 was modified -> sl: 1.10657 tp: 1.08229
0	23:31:15.661	'1809640': modify order #44391728 sell 0.01 EURUSD at 1.10467 sl: 1.10889 tp: 1.08257 -> sl: 1.10889 tp: 1.08228
0	23:31:15.987	'1809640': order #44391728 sell 0.01 EURUSD at 1.10467 was modified -> sl: 1.10889 tp: 1.08228
0	23:31:16.148	'1809640': modify order #44391960 sell 0.01 EURUSD at 1.10399 sl: 1.10819 tp: 1.08257 -> sl: 1.10819 tp: 1.08228
0	23:31:16.472	'1809640': order #44391960 sell 0.01 EURUSD at 1.10399 was modified -> sl: 1.10819 tp: 1.08228
0	23:31:16.472	'1809640': modify order #44414591 sell 0.01 EURUSD at 1.10526 sl: 1.10947 tp: 1.08257 -> sl: 1.10947 tp: 1.08228
0	23:31:16.862	'1809640': order #44414591 sell 0.01 EURUSD at 1.10526 was modified -> sl: 1.10947 tp: 1.08228
0	23:31:17.089	'1809640': modify order #44418287 sell 0.01 EURUSD at 1.10163 sl: 1.10581 tp: 1.08257 -> sl: 1.10581 tp: 1.08227
0	23:31:17.673	'1809640': order #44418287 sell 0.01 EURUSD at 1.10163 was modified -> sl: 1.10581 tp: 1.08227
0	23:31:17.705	'1809640': modify order #44494682 sell 0.01 EURUSD at 1.09124 sl: 1.09569 tp: 1.08257 -> sl: 1.09569 tp: 1.08228
0	23:31:18.030	'1809640': order #44494682 sell 0.01 EURUSD at 1.09124 was modified -> sl: 1.09569 tp: 1.08228
0	23:31:18.030	'1809640': modify order #44498684 sell 0.01 EURUSD at 1.09088 sl: 1.09514 tp: 1.08257 -> sl: 1.09514 tp: 1.08229
0	23:31:18.451	'1809640': order #44498684 sell 0.01 EURUSD at 1.09088 was modified -> sl: 1.09514 tp: 1.08229
0	23:31:18.484	'1809640': modify order #44499166 sell 0.01 EURUSD at 1.09106 sl: 1.09541 tp: 1.08257 -> sl: 1.09541 tp: 1.08228
0	23:31:18.771	'1809640': order #44499166 sell 0.01 EURUSD at 1.09106 was modified -> sl: 1.09541 tp: 1.08228
0	23:31:18.869	'1809640': modify order #44499305 sell 0.01 EURUSD at 1.09105 sl: 1.09528 tp: 1.08257 -> sl: 1.09528 tp: 1.08228
0	23:31:19.356	'1809640': order #44499305 sell 0.01 EURUSD at 1.09105 was modified -> sl: 1.09528 tp: 1.08228
0	23:31:19.518	'1809640': modify order #44499555 sell 0.01 EURUSD at 1.09067 sl: 1.09513 tp: 1.08258 -> sl: 1.09513 tp: 1.08229
0	23:31:19.838	'1809640': order #44499555 sell 0.01 EURUSD at 1.09067 was modified -> sl: 1.09513 tp: 1.08229
0	23:31:19.838	'1809640': modify order #44499732 sell 0.01 EURUSD at 1.09078 sl: 1.09512 tp: 1.08258 -> sl: 1.09512 tp: 1.08229
0	23:31:20.167	'1809640': order #44499732 sell 0.01 EURUSD at 1.09078 was modified -> sl: 1.09512 tp: 1.08229
0	23:31:20.199	'1809640': modify order #44499864 sell 0.01 EURUSD at 1.09052 sl: 1.09479 tp: 1.08257 -> sl: 1.09479 tp: 1.08228
0	23:31:20.548	'1809640': order #44499864 sell 0.01 EURUSD at 1.09052 was modified -> sl: 1.09479 tp: 1.08228
0	23:31:20.613	'1809640': modify order #44500841 sell 0.01 EURUSD at 1.08754 sl: 1.09183 tp: 1.08257 -> sl: 1.09183 tp: 1.08229
0	23:31:20.974	'1809640': order #44500841 sell 0.01 EURUSD at 1.08754 was modified -> sl: 1.09183 tp: 1.08229
0	23:31:21.104	'1809640': modify order #44500970 sell 0.01 EURUSD at 1.08814 sl: 1.09240 tp: 1.08257 -> sl: 1.09240 tp: 1.08229
0	23:31:21.461	'1809640': order #44500970 sell 0.01 EURUSD at 1.08814 was modified -> sl: 1.09240 tp: 1.08229
0	23:31:21.461	'1809640': modify order #44501439 sell 0.01 EURUSD at 1.08752 sl: 1.09177 tp: 1.08264 -> sl: 1.09177 tp: 1.08230
0	23:31:21.851	'1809640': order #44501439 sell 0.01 EURUSD at 1.08752 was modified -> sl: 1.09177 tp: 1.08230
0	23:31:21.883	'1809640': modify order #44501524 sell 0.01 EURUSD at 1.08704 sl: 1.09126 tp: 1.08264 -> sl: 1.09126 tp: 1.08227
0	23:31:22.273	'1809640': order #44501524 sell 0.01 EURUSD at 1.08704 was modified -> sl: 1.09126 tp: 1.08227
0	23:34:18.996	'1809640': order buy market 0.01 EURUSD sl: 1.08338 tp: 1.09200
0	23:34:19.381	'1809640': order was opened : #44501649 buy 0.01 EURUSD at 1.08760 sl: 1.08338 tp: 1.09200
0	23:41:25.137	'1809640': order sell market 0.01 EURUSD sl: 1.09104 tp: 1.08241
0	23:41:25.565	'1809640': order was opened : #44501774 sell 0.01 EURUSD at 1.08681 sl: 1.09104 tp: 1.08241
0	23:41:43.894	'1809640': modify order #44498451 sell 0.01 EURUSD at 1.09069 sl: 1.09493 tp: 1.08557 -> sl: 1.09493 tp: 1.08550
0	23:41:44.332	'1809640': order #44498451 sell 0.01 EURUSD at 1.09069 was modified -> sl: 1.09493 tp: 1.08550
0	23:41:44.332	'1809640': modify order #44498747 sell 0.01 EURUSD at 1.09099 sl: 1.09522 tp: 1.07206 -> sl: 1.09522 tp: 1.07203
0	23:41:44.786	'1809640': order #44498747 sell 0.01 EURUSD at 1.09099 was modified -> sl: 1.09522 tp: 1.07203
0	23:42:04.210	'1809640': modify order #44501774 sell 0.01 EURUSD at 1.08681 sl: 1.09104 tp: 1.08241 -> sl: 1.09104 tp: 1.08234
0	23:42:05.602	'1809640': order #44501774 sell 0.01 EURUSD at 1.08681 was modified -> sl: 1.09104 tp: 1.08234
0	23:42:10.427	'1809640': modify order #44387470 sell 0.01 EURUSD at 1.10209 sl: 1.10628 tp: 1.08227 -> sl: 1.10628 tp: 1.08213
0	23:42:10.784	'1809640': order #44387470 sell 0.01 EURUSD at 1.10209 was modified -> sl: 1.10628 tp: 1.08213
0	23:42:10.784	'1809640': modify order #44387879 sell 0.01 EURUSD at 1.10265 sl: 1.10683 tp: 1.08227 -> sl: 1.10683 tp: 1.08212
0	23:42:11.175	'1809640': order #44387879 sell 0.01 EURUSD at 1.10265 was modified -> sl: 1.10683 tp: 1.08212
0	23:42:11.238	'1809640': modify order #44388753 sell 0.01 EURUSD at 1.10326 sl: 1.10737 tp: 1.08233 -> sl: 1.10737 tp: 1.08213
0	23:42:11.663	'1809640': order #44388753 sell 0.01 EURUSD at 1.10326 was modified -> sl: 1.10737 tp: 1.08213
0	23:42:11.728	'1809640': modify order #44389057 sell 0.01 EURUSD at 1.10282 sl: 1.10702 tp: 1.08229 -> sl: 1.10702 tp: 1.08214
0	23:42:17.034	'1809640': order #44389057 sell 0.01 EURUSD at 1.10282 was modified -> sl: 1.10702 tp: 1.08214
0	23:42:26.355	'1809640': modify order #44389425 sell 0.01 EURUSD at 1.10245 sl: 1.10662 tp: 1.08230 -> sl: 1.10662 tp: 1.08210
0	23:42:26.967	'1809640': order #44389425 sell 0.01 EURUSD at 1.10245 was modified -> sl: 1.10662 tp: 1.08210
0	23:42:26.967	'1809640': modify order #44390336 sell 0.01 EURUSD at 1.10236 sl: 1.10657 tp: 1.08229 -> sl: 1.10657 tp: 1.08210
0	23:42:27.393	'1809640': order #44390336 sell 0.01 EURUSD at 1.10236 was modified -> sl: 1.10657 tp: 1.08210
0	23:42:27.393	'1809640': modify order #44391728 sell 0.01 EURUSD at 1.10467 sl: 1.10889 tp: 1.08228 -> sl: 1.10889 tp: 1.08210
0	23:42:27.949	'1809640': order #44391728 sell 0.01 EURUSD at 1.10467 was modified -> sl: 1.10889 tp: 1.08210
0	23:42:27.949	'1809640': modify order #44391960 sell 0.01 EURUSD at 1.10399 sl: 1.10819 tp: 1.08228 -> sl: 1.10819 tp: 1.08210
0	23:42:28.306	'1809640': order #44391960 sell 0.01 EURUSD at 1.10399 was modified -> sl: 1.10819 tp: 1.08210
0	23:42:28.306	'1809640': modify order #44414591 sell 0.01 EURUSD at 1.10526 sl: 1.10947 tp: 1.08228 -> sl: 1.10947 tp: 1.08210
0	23:42:28.728	'1809640': order #44414591 sell 0.01 EURUSD at 1.10526 was modified -> sl: 1.10947 tp: 1.08210
0	23:42:28.761	'1809640': modify order #44418287 sell 0.01 EURUSD at 1.10163 sl: 1.10581 tp: 1.08227 -> sl: 1.10581 tp: 1.08210
0	23:42:29.187	'1809640': order #44418287 sell 0.01 EURUSD at 1.10163 was modified -> sl: 1.10581 tp: 1.08210
0	23:42:29.190	'1809640': modify order #44494682 sell 0.01 EURUSD at 1.09124 sl: 1.09569 tp: 1.08228 -> sl: 1.09569 tp: 1.08210
0	23:42:29.643	'1809640': order #44494682 sell 0.01 EURUSD at 1.09124 was modified -> sl: 1.09569 tp: 1.08210
0	23:42:29.643	'1809640': modify order #44498684 sell 0.01 EURUSD at 1.09088 sl: 1.09514 tp: 1.08229 -> sl: 1.09514 tp: 1.08210
0	23:42:29.966	'1809640': order #44498684 sell 0.01 EURUSD at 1.09088 was modified -> sl: 1.09514 tp: 1.08210
0	23:42:29.966	'1809640': modify order #44498747 sell 0.01 EURUSD at 1.09099 sl: 1.09522 tp: 1.07203 -> sl: 1.09522 tp: 1.07170
0	23:42:30.290	'1809640': order #44498747 sell 0.01 EURUSD at 1.09099 was modified -> sl: 1.09522 tp: 1.07170
0	23:42:30.290	'1809640': modify order #44499166 sell 0.01 EURUSD at 1.09106 sl: 1.09541 tp: 1.08228 -> sl: 1.09541 tp: 1.08208
0	23:42:30.615	'1809640': order #44499166 sell 0.01 EURUSD at 1.09106 was modified -> sl: 1.09541 tp: 1.08208
0	23:42:30.615	'1809640': modify order #44499305 sell 0.01 EURUSD at 1.09105 sl: 1.09528 tp: 1.08228 -> sl: 1.09528 tp: 1.08208
0	23:42:30.968	'1809640': order #44499305 sell 0.01 EURUSD at 1.09105 was modified -> sl: 1.09528 tp: 1.08208
0	23:42:30.968	'1809640': modify order #44499555 sell 0.01 EURUSD at 1.09067 sl: 1.09513 tp: 1.08229 -> sl: 1.09513 tp: 1.08208
0	23:42:31.325	'1809640': order #44499555 sell 0.01 EURUSD at 1.09067 was modified -> sl: 1.09513 tp: 1.08208
0	23:42:31.520	'1809640': modify order #44499732 sell 0.01 EURUSD at 1.09078 sl: 1.09512 tp: 1.08229 -> sl: 1.09512 tp: 1.08208
0	23:42:32.104	'1809640': order #44499732 sell 0.01 EURUSD at 1.09078 was modified -> sl: 1.09512 tp: 1.08208
0	23:42:32.104	'1809640': modify order #44499864 sell 0.01 EURUSD at 1.09052 sl: 1.09479 tp: 1.08228 -> sl: 1.09479 tp: 1.08208
0	23:42:32.563	'1809640': order #44499864 sell 0.01 EURUSD at 1.09052 was modified -> sl: 1.09479 tp: 1.08208
0	23:42:32.628	'1809640': modify order #44500841 sell 0.01 EURUSD at 1.08754 sl: 1.09183 tp: 1.08229 -> sl: 1.09183 tp: 1.08208
0	23:42:32.989	'1809640': order #44500841 sell 0.01 EURUSD at 1.08754 was modified -> sl: 1.09183 tp: 1.08208
0	23:42:32.989	'1809640': modify order #44500970 sell 0.01 EURUSD at 1.08814 sl: 1.09240 tp: 1.08229 -> sl: 1.09240 tp: 1.08208
0	23:42:33.378	'1809640': order #44500970 sell 0.01 EURUSD at 1.08814 was modified -> sl: 1.09240 tp: 1.08208
0	23:42:33.378	'1809640': modify order #44501439 sell 0.01 EURUSD at 1.08752 sl: 1.09177 tp: 1.08230 -> sl: 1.09177 tp: 1.08209
0	23:42:33.671	'1809640': order #44501439 sell 0.01 EURUSD at 1.08752 was modified -> sl: 1.09177 tp: 1.08209
0	23:42:33.671	'1809640': modify order #44501524 sell 0.01 EURUSD at 1.08704 sl: 1.09126 tp: 1.08227 -> sl: 1.09126 tp: 1.08209
0	23:42:34.093	'1809640': order #44501524 sell 0.01 EURUSD at 1.08704 was modified -> sl: 1.09126 tp: 1.08209
0	23:42:34.093	'1809640': modify order #44501774 sell 0.01 EURUSD at 1.08681 sl: 1.09104 tp: 1.08234 -> sl: 1.09104 tp: 1.08209
0	23:42:34.482	'1809640': order #44501774 sell 0.01 EURUSD at 1.08681 was modified -> sl: 1.09104 tp: 1.08209
0	23:49:26.579	'1809640': order sell market 0.01 EURUSD sl: 1.09107 tp: 1.08245
0	23:49:26.969	'1809640': order was opened : #44501895 sell 0.01 EURUSD at 1.08685 sl: 1.09107 tp: 1.08245
0	23:49:31.146	'1809640': modify order #44487603 sell 0.01 EURUSD at 1.09748 sl: 1.10175 tp: 1.08541 -> sl: 1.10175 tp: 1.08524
0	23:49:31.697	'1809640': order #44487603 sell 0.01 EURUSD at 1.09748 was modified -> sl: 1.10175 tp: 1.08524
0	23:49:31.762	'1809640': modify order #44498451 sell 0.01 EURUSD at 1.09069 sl: 1.09493 tp: 1.08550 -> sl: 1.09493 tp: 1.08524
0	23:49:32.184	'1809640': order #44498451 sell 0.01 EURUSD at 1.09069 was modified -> sl: 1.09493 tp: 1.08524
0	23:53:46.902	'1809640': modify order #44487603 sell 0.01 EURUSD at 1.09748 sl: 1.10175 tp: 1.08524 -> sl: 1.10175 tp: 1.08506
0	23:53:47.416	'1809640': order #44487603 sell 0.01 EURUSD at 1.09748 was modified -> sl: 1.10175 tp: 1.08506
0	23:53:47.546	'1809640': modify order #44498451 sell 0.01 EURUSD at 1.09069 sl: 1.09493 tp: 1.08524 -> sl: 1.09493 tp: 1.08506
0	23:53:48.034	'1809640': order #44498451 sell 0.01 EURUSD at 1.09069 was modified -> sl: 1.09493 tp: 1.08506
0	23:55:04.071	'1809640': order buy market 0.01 EURUSD sl: 1.08320 tp: 1.08899
0	23:55:04.460	'1809640': order was opened : #44502054 buy 0.01 EURUSD at 1.08740 sl: 1.08320 tp: 1.08899
0	23:55:35.003	'1809640': modify order #44502054 buy 0.01 EURUSD at 1.08740 sl: 1.08320 tp: 1.08899 -> sl: 1.08320 tp: 1.08900
0	23:55:35.619	'1809640': order #44502054 buy 0.01 EURUSD at 1.08740 was modified -> sl: 1.08320 tp: 1.08900
0	23:59:46.298	'1809640': modify order #44487603 sell 0.01 EURUSD at 1.09748 sl: 1.10175 tp: 1.08506 -> sl: 1.10175 tp: 1.08490
0	23:59:46.817	'1809640': order #44487603 sell 0.01 EURUSD at 1.09748 was modified -> sl: 1.10175 tp: 1.08490
0	23:59:46.882	'1809640': modify order #44498451 sell 0.01 EURUSD at 1.09069 sl: 1.09493 tp: 1.08506 -> sl: 1.09493 tp: 1.08490
0	23:59:47.272	'1809640': order #44498451 sell 0.01 EURUSD at 1.09069 was modified -> sl: 1.09493 tp: 1.08490
