0	00:19:47.160	'1809640': modify order #42870356 sell 0.01 EURUSD at 1.10079 sl: 1.10504 tp: 1.09898 -> sl: 1.10504 tp: 1.09897
0	00:19:47.629	'1809640': order #42870356 sell 0.01 EURUSD at 1.10079 was modified -> sl: 1.10504 tp: 1.09897
0	00:24:50.801	'1809640': modify order #42870356 sell 0.01 EURUSD at 1.10079 sl: 1.10504 tp: 1.09897 -> sl: 1.10504 tp: 1.09896
0	00:24:51.207	'1809640': order #42870356 sell 0.01 EURUSD at 1.10079 was modified -> sl: 1.10504 tp: 1.09896
0	00:29:13.942	'1809640': modify order #42870356 sell 0.01 EURUSD at 1.10079 sl: 1.10504 tp: 1.09896 -> sl: 1.10504 tp: 1.09895
0	00:29:14.270	'1809640': order #42870356 sell 0.01 EURUSD at 1.10079 was modified -> sl: 1.10504 tp: 1.09895
0	00:30:16.739	'1809640': modify order #42870356 sell 0.01 EURUSD at 1.10079 sl: 1.10504 tp: 1.09895 -> sl: 1.10504 tp: 1.09885
0	00:30:17.160	'1809640': order #42870356 sell 0.01 EURUSD at 1.10079 was modified -> sl: 1.10504 tp: 1.09885
0	00:51:16.161	'1809640': modify order #42871175 sell 0.01 EURUSD at 1.10219 sl: 1.10641 tp: 1.09715 -> sl: 1.10641 tp: 1.09705
0	00:51:16.395	'1809640': order #42871175 sell 0.01 EURUSD at 1.10219 was modified -> sl: 1.10641 tp: 1.09705
1	07:41:24.143	'1809640': connect failed [No connection]
0	07:41:54.796	'1809640': login on Tripleafx-FX-Demo through FX-Demo-01
0	07:42:08.307	'1809640': ping to current access point FX-Demo-01 is 97.65 ms
1	07:42:51.424	MQL4 Market: failed to load products
0	07:47:52.102	'1809640': order #42869736 sell 0.01 EURUSD at 1.10032 closed due stop-loss at price 1.10473
0	07:48:22.123	'1809640': order #42869447 sell 0.01 EURUSD at 1.10041 closed due stop-loss at price 1.10476
0	07:48:22.123	'1809640': order #42869482 sell 0.01 EURUSD at 1.10019 closed due stop-loss at price 1.10475
0	07:48:22.318	'1809640': order #42869659 sell 0.01 EURUSD at 1.10027 closed due stop-loss at price 1.10477
0	07:48:22.318	'1809640': order #42869681 sell 0.01 EURUSD at 1.10032 closed due stop-loss at price 1.10478
0	07:48:34.225	'1809640': order #42869626 sell 0.01 EURUSD at 1.10032 closed due stop-loss at price 1.10485
0	07:48:41.958	'1809640': order #42869357 sell 0.01 EURUSD at 1.10032 closed due stop-loss at price 1.10493
0	07:49:09.007	'1809640': order #42869401 sell 0.01 EURUSD at 1.10071 closed due stop-loss at price 1.10495
0	07:49:09.072	'1809640': order #42869522 sell 0.01 EURUSD at 1.10046 closed due stop-loss at price 1.10494
0	07:49:09.072	'1809640': order #42869870 sell 0.01 EURUSD at 1.10056 closed due stop-loss at price 1.10494
0	07:49:09.822	'1809640': order #42869802 sell 0.01 EURUSD at 1.10059 closed due stop-loss at price 1.10500
0	07:49:45.440	'1809640': order sell market 0.01 EURUSD sl: 1.10894 tp: 1.10276
0	07:49:46.096	'1809640': order was opened : #42882043 sell 0.01 EURUSD at 1.10469 sl: 1.10894 tp: 1.10276
0	07:51:21.952	'1809640': modify order #42882043 sell 0.01 EURUSD at 1.10469 sl: 1.10894 tp: 1.10276 -> sl: 1.10894 tp: 1.10274
0	07:51:22.248	'1809640': order #42882043 sell 0.01 EURUSD at 1.10469 was modified -> sl: 1.10894 tp: 1.10274
0	07:55:22.257	'1809640': order sell market 0.01 EURUSD sl: 1.10872 tp: 1.10213
0	07:55:22.878	'1809640': order was opened : #42882419 sell 0.01 EURUSD at 1.10450 sl: 1.10872 tp: 1.10213
0	07:59:29.887	'1809640': order sell market 0.01 EURUSD sl: 1.10826 tp: 1.10168
0	07:59:30.341	'1809640': order was opened : #42882507 sell 0.01 EURUSD at 1.10405 sl: 1.10826 tp: 1.10168
0	08:03:01.706	'1809640': modify order #42882507 sell 0.01 EURUSD at 1.10405 sl: 1.10826 tp: 1.10168 -> sl: 1.10826 tp: 1.10166
0	08:03:02.523	'1809640': order #42882507 sell 0.01 EURUSD at 1.10405 was modified -> sl: 1.10826 tp: 1.10166
0	08:05:13.737	'1809640': order buy market 0.01 EURUSD sl: 1.10039 tp: 1.10978
0	08:05:14.161	'1809640': order was opened : #42882966 buy 0.01 EURUSD at 1.10460 sl: 1.10039 tp: 1.10978
0	08:06:32.546	'1809640': modify order #42882966 buy 0.01 EURUSD at 1.10460 sl: 1.10039 tp: 1.10978 -> sl: 1.10039 tp: 1.11025
0	08:06:33.198	'1809640': order #42882966 buy 0.01 EURUSD at 1.10460 was modified -> sl: 1.10039 tp: 1.11025
0	08:09:49.690	'1809640': order #42869922 sell 0.01 EURUSD at 1.10082 closed due stop-loss at price 1.10507
0	08:09:49.690	'1809640': order #42870356 sell 0.01 EURUSD at 1.10079 closed due stop-loss at price 1.10504
0	08:09:49.690	'1809640': order #42870245 sell 0.01 EURUSD at 1.10087 closed due stop-loss at price 1.10510
0	08:09:50.568	'1809640': order #42869968 sell 0.01 EURUSD at 1.10087 closed due stop-loss at price 1.10514
0	08:09:51.648	'1809640': order #42870013 sell 0.01 EURUSD at 1.10114 closed due stop-loss at price 1.10542
0	08:09:53.077	'1809640': order #42870175 sell 0.01 EURUSD at 1.10127 closed due stop-loss at price 1.10553
0	08:10:19.727	'1809640': order #42870118 sell 0.01 EURUSD at 1.10145 closed due stop-loss at price 1.10569
0	08:10:50.650	'1809640': modify order #42882966 buy 0.01 EURUSD at 1.10460 sl: 1.10039 tp: 1.11025 -> sl: 1.10039 tp: 1.11169
0	08:10:51.007	'1809640': order #42882966 buy 0.01 EURUSD at 1.10460 was modified -> sl: 1.10039 tp: 1.11169
0	08:11:38.321	'1809640': order buy market 0.01 EURUSD sl: 1.10118 tp: 1.10980
0	08:11:38.845	'1809640': order was opened : #42883427 buy 0.01 EURUSD at 1.10543 sl: 1.10118 tp: 1.10980
0	08:13:14.826	'1809640': modify order #42882419 sell 0.01 EURUSD at 1.10450 sl: 1.10872 tp: 1.10213 -> sl: 1.10872 tp: 1.10196
0	08:13:15.349	'1809640': order #42882419 sell 0.01 EURUSD at 1.10450 was modified -> sl: 1.10872 tp: 1.10196
0	08:13:15.349	'1809640': modify order #42882966 buy 0.01 EURUSD at 1.10460 sl: 1.10039 tp: 1.11169 -> sl: 1.10039 tp: 1.11186
0	08:13:15.643	'1809640': order #42882966 buy 0.01 EURUSD at 1.10460 was modified -> sl: 1.10039 tp: 1.11186
0	08:16:59.607	'1809640': order buy market 0.01 EURUSD sl: 1.10082 tp: 1.10943
0	08:17:01.072	'1809640': order was opened : #42883728 buy 0.01 EURUSD at 1.10503 sl: 1.10082 tp: 1.10943
0	08:18:58.979	'1809640': modify order #42882419 sell 0.01 EURUSD at 1.10450 sl: 1.10872 tp: 1.10196 -> sl: 1.10872 tp: 1.10189
0	08:18:59.304	'1809640': order #42882419 sell 0.01 EURUSD at 1.10450 was modified -> sl: 1.10872 tp: 1.10189
0	08:21:20.626	'1809640': modify order #42883728 buy 0.01 EURUSD at 1.10503 sl: 1.10082 tp: 1.10943 -> sl: 1.10082 tp: 1.10954
0	08:21:20.951	'1809640': order #42883728 buy 0.01 EURUSD at 1.10503 was modified -> sl: 1.10082 tp: 1.10954
0	08:21:36.391	'1809640': order buy market 0.01 EURUSD sl: 1.10109 tp: 1.10971
0	08:21:36.879	'1809640': order was opened : #42883970 buy 0.01 EURUSD at 1.10532 sl: 1.10109 tp: 1.10971
0	08:25:49.608	'1809640': modify order #42883728 buy 0.01 EURUSD at 1.10503 sl: 1.10082 tp: 1.10954 -> sl: 1.10082 tp: 1.10968
0	08:25:50.975	'1809640': order #42883728 buy 0.01 EURUSD at 1.10503 was modified -> sl: 1.10082 tp: 1.10968
0	08:27:51.561	'1809640': order buy market 0.01 EURUSD sl: 1.10096 tp: 1.10959
0	08:27:53.087	'1809640': order was opened : #42884278 buy 0.01 EURUSD at 1.10519 sl: 1.10096 tp: 1.10959
0	08:33:46.444	'1809640': order buy market 0.01 EURUSD sl: 1.10080 tp: 1.10940
0	08:33:47.519	'1809640': order was opened : #42884607 buy 0.01 EURUSD at 1.10500 sl: 1.10080 tp: 1.10940
0	08:39:25.132	'1809640': order buy market 0.01 EURUSD sl: 1.09945 tp: 1.10600
0	08:39:25.521	'1809640': order was opened : #42884983 buy 0.01 EURUSD at 1.10359 sl: 1.09945 tp: 1.10600
0	08:45:42.989	'1809640': order buy market 0.01 EURUSD sl: 1.09978 tp: 1.10837
0	08:45:43.610	'1809640': order was opened : #42885287 buy 0.01 EURUSD at 1.10398 sl: 1.09978 tp: 1.10837
0	08:52:30.226	'1809640': modify order #42882043 sell 0.01 EURUSD at 1.10469 sl: 1.10894 tp: 1.10274 -> sl: 1.10894 tp: 1.10232
0	08:52:31.240	'1809640': order #42882043 sell 0.01 EURUSD at 1.10469 was modified -> sl: 1.10894 tp: 1.10232
0	08:53:18.336	'1809640': modify order #42882043 sell 0.01 EURUSD at 1.10469 sl: 1.10894 tp: 1.10232 -> sl: 1.10894 tp: 1.10228
0	08:53:18.957	'1809640': order #42882043 sell 0.01 EURUSD at 1.10469 was modified -> sl: 1.10894 tp: 1.10228
0	08:53:18.990	'1809640': modify order #42885287 buy 0.01 EURUSD at 1.10398 sl: 1.09978 tp: 1.10837 -> sl: 1.09978 tp: 1.10854
0	08:53:19.379	'1809640': order #42885287 buy 0.01 EURUSD at 1.10398 was modified -> sl: 1.09978 tp: 1.10854
0	08:59:10.913	'1809640': modify order #42885287 buy 0.01 EURUSD at 1.10398 sl: 1.09978 tp: 1.10854 -> sl: 1.09978 tp: 1.10866
0	08:59:11.693	'1809640': order #42885287 buy 0.01 EURUSD at 1.10398 was modified -> sl: 1.09978 tp: 1.10866
0	09:02:39.368	'1809640': order buy market 0.01 EURUSD sl: 1.10007 tp: 1.10869
0	09:02:40.400	'1809640': order was opened : #42886121 buy 0.01 EURUSD at 1.10429 sl: 1.10007 tp: 1.10869
0	09:14:31.085	'1809640': modify order #42882043 sell 0.01 EURUSD at 1.10469 sl: 1.10894 tp: 1.10228 -> sl: 1.10894 tp: 1.10162
0	09:14:31.727	'1809640': order #42882043 sell 0.01 EURUSD at 1.10469 was modified -> sl: 1.10894 tp: 1.10162
0	09:14:31.759	'1809640': modify order #42884983 buy 0.01 EURUSD at 1.10359 sl: 1.09945 tp: 1.10600 -> sl: 1.09945 tp: 1.10605
0	09:14:32.153	'1809640': order #42884983 buy 0.01 EURUSD at 1.10359 was modified -> sl: 1.09945 tp: 1.10605
0	09:15:12.263	'1809640': modify order #42882043 sell 0.01 EURUSD at 1.10469 sl: 1.10894 tp: 1.10162 -> sl: 1.10894 tp: 1.10146
0	09:15:13.074	'1809640': order #42882043 sell 0.01 EURUSD at 1.10469 was modified -> sl: 1.10894 tp: 1.10146
0	09:15:23.665	'1809640': modify order #42882043 sell 0.01 EURUSD at 1.10469 sl: 1.10894 tp: 1.10146 -> sl: 1.10894 tp: 1.10141
0	09:15:23.989	'1809640': order #42882043 sell 0.01 EURUSD at 1.10469 was modified -> sl: 1.10894 tp: 1.10141
0	09:15:23.989	'1809640': modify order #42884983 buy 0.01 EURUSD at 1.10359 sl: 1.09945 tp: 1.10605 -> sl: 1.09945 tp: 1.10613
0	09:15:24.473	'1809640': order #42884983 buy 0.01 EURUSD at 1.10359 was modified -> sl: 1.09945 tp: 1.10613
0	09:17:34.726	'1809640': modify order #42882043 sell 0.01 EURUSD at 1.10469 sl: 1.10894 tp: 1.10141 -> sl: 1.10894 tp: 1.10130
0	09:17:35.448	'1809640': order #42882043 sell 0.01 EURUSD at 1.10469 was modified -> sl: 1.10894 tp: 1.10130
0	09:22:10.292	'1809640': modify order #42882043 sell 0.01 EURUSD at 1.10469 sl: 1.10894 tp: 1.10130 -> sl: 1.10894 tp: 1.10108
0	09:22:10.654	'1809640': order #42882043 sell 0.01 EURUSD at 1.10469 was modified -> sl: 1.10894 tp: 1.10108
0	09:22:10.654	'1809640': modify order #42884983 buy 0.01 EURUSD at 1.10359 sl: 1.09945 tp: 1.10613 -> sl: 1.09945 tp: 1.10619
0	09:22:11.043	'1809640': order #42884983 buy 0.01 EURUSD at 1.10359 was modified -> sl: 1.09945 tp: 1.10619
0	09:24:26.928	'1809640': modify order #42882043 sell 0.01 EURUSD at 1.10469 sl: 1.10894 tp: 1.10108 -> sl: 1.10894 tp: 1.10103
0	09:24:27.838	'1809640': order #42882043 sell 0.01 EURUSD at 1.10469 was modified -> sl: 1.10894 tp: 1.10103
0	09:28:47.536	'1809640': modify order #42882043 sell 0.01 EURUSD at 1.10469 sl: 1.10894 tp: 1.10103 -> sl: 1.10894 tp: 1.10102
0	09:28:48.123	'1809640': order #42882043 sell 0.01 EURUSD at 1.10469 was modified -> sl: 1.10894 tp: 1.10102
0	09:28:48.123	'1809640': modify order #42882419 sell 0.01 EURUSD at 1.10450 sl: 1.10872 tp: 1.10189 -> sl: 1.10872 tp: 1.10169
0	09:28:48.577	'1809640': order #42882419 sell 0.01 EURUSD at 1.10450 was modified -> sl: 1.10872 tp: 1.10169
0	09:28:48.906	'1809640': modify order #42884983 buy 0.01 EURUSD at 1.10359 sl: 1.09945 tp: 1.10619 -> sl: 1.09945 tp: 1.10622
0	09:28:50.366	'1809640': order #42884983 buy 0.01 EURUSD at 1.10359 was modified -> sl: 1.09945 tp: 1.10622
0	09:33:16.177	'1809640': modify order #42882419 sell 0.01 EURUSD at 1.10450 sl: 1.10872 tp: 1.10169 -> sl: 1.10872 tp: 1.10160
0	09:33:16.571	'1809640': order #42882419 sell 0.01 EURUSD at 1.10450 was modified -> sl: 1.10872 tp: 1.10160
0	09:37:31.397	'1809640': modify order #42882419 sell 0.01 EURUSD at 1.10450 sl: 1.10872 tp: 1.10160 -> sl: 1.10872 tp: 1.10152
0	09:37:32.695	'1809640': order #42882419 sell 0.01 EURUSD at 1.10450 was modified -> sl: 1.10872 tp: 1.10152
0	09:37:32.695	'1809640': modify order #42884983 buy 0.01 EURUSD at 1.10359 sl: 1.09945 tp: 1.10622 -> sl: 1.09945 tp: 1.10623
0	09:37:33.085	'1809640': order #42884983 buy 0.01 EURUSD at 1.10359 was modified -> sl: 1.09945 tp: 1.10623
0	09:43:13.102	'1809640': modify order #42882419 sell 0.01 EURUSD at 1.10450 sl: 1.10872 tp: 1.10152 -> sl: 1.10872 tp: 1.10145
0	09:43:13.561	'1809640': order #42882419 sell 0.01 EURUSD at 1.10450 was modified -> sl: 1.10872 tp: 1.10145
0	09:44:03.253	'1809640': modify order #42882419 sell 0.01 EURUSD at 1.10450 sl: 1.10872 tp: 1.10145 -> sl: 1.10872 tp: 1.10144
0	09:44:03.674	'1809640': order #42882419 sell 0.01 EURUSD at 1.10450 was modified -> sl: 1.10872 tp: 1.10144
0	09:44:03.674	'1809640': modify order #42884983 buy 0.01 EURUSD at 1.10359 sl: 1.09945 tp: 1.10623 -> sl: 1.09945 tp: 1.10625
0	09:44:04.063	'1809640': order #42884983 buy 0.01 EURUSD at 1.10359 was modified -> sl: 1.09945 tp: 1.10625
0	09:44:19.407	'1809640': modify order #42882419 sell 0.01 EURUSD at 1.10450 sl: 1.10872 tp: 1.10144 -> sl: 1.10872 tp: 1.10143
0	09:44:19.765	'1809640': order #42882419 sell 0.01 EURUSD at 1.10450 was modified -> sl: 1.10872 tp: 1.10143
0	09:47:10.634	'1809640': modify order #42882419 sell 0.01 EURUSD at 1.10450 sl: 1.10872 tp: 1.10143 -> sl: 1.10872 tp: 1.10132
0	09:47:11.056	'1809640': order #42882419 sell 0.01 EURUSD at 1.10450 was modified -> sl: 1.10872 tp: 1.10132
0	09:47:11.121	'1809640': modify order #42884983 buy 0.01 EURUSD at 1.10359 sl: 1.09945 tp: 1.10625 -> sl: 1.09945 tp: 1.10626
0	09:47:11.741	'1809640': order #42884983 buy 0.01 EURUSD at 1.10359 was modified -> sl: 1.09945 tp: 1.10626
0	09:50:57.805	'1809640': modify order #42882419 sell 0.01 EURUSD at 1.10450 sl: 1.10872 tp: 1.10132 -> sl: 1.10872 tp: 1.10130
0	09:50:58.386	'1809640': order #42882419 sell 0.01 EURUSD at 1.10450 was modified -> sl: 1.10872 tp: 1.10130
0	09:50:58.386	'1809640': modify order #42884983 buy 0.01 EURUSD at 1.10359 sl: 1.09945 tp: 1.10626 -> sl: 1.09945 tp: 1.10627
0	09:50:58.714	'1809640': order #42884983 buy 0.01 EURUSD at 1.10359 was modified -> sl: 1.09945 tp: 1.10627
0	09:52:57.147	'1809640': modify order #42882419 sell 0.01 EURUSD at 1.10450 sl: 1.10872 tp: 1.10130 -> sl: 1.10872 tp: 1.10119
0	09:52:58.032	'1809640': order #42882419 sell 0.01 EURUSD at 1.10450 was modified -> sl: 1.10872 tp: 1.10119
0	09:52:58.064	'1809640': modify order #42884983 buy 0.01 EURUSD at 1.10359 sl: 1.09945 tp: 1.10627 -> sl: 1.09945 tp: 1.10628
0	09:52:58.483	'1809640': order #42884983 buy 0.01 EURUSD at 1.10359 was modified -> sl: 1.09945 tp: 1.10628
0	09:58:27.120	'1809640': modify order #42882419 sell 0.01 EURUSD at 1.10450 sl: 1.10872 tp: 1.10119 -> sl: 1.10872 tp: 1.10112
0	09:58:28.065	'1809640': order #42882419 sell 0.01 EURUSD at 1.10450 was modified -> sl: 1.10872 tp: 1.10112
0	10:01:10.100	'1809640': modify order #42882419 sell 0.01 EURUSD at 1.10450 sl: 1.10872 tp: 1.10112 -> sl: 1.10872 tp: 1.10110
0	10:01:10.716	'1809640': order #42882419 sell 0.01 EURUSD at 1.10450 was modified -> sl: 1.10872 tp: 1.10110
0	10:03:13.498	'1809640': order buy market 0.01 EURUSD sl: 1.09899 tp: 1.10416
0	10:03:14.796	'1809640': order was opened : #42887801 buy 0.01 EURUSD at 1.10329 sl: 1.09899 tp: 1.10416
0	10:04:16.944	'1809640': modify order #42882419 sell 0.01 EURUSD at 1.10450 sl: 1.10872 tp: 1.10110 -> sl: 1.10872 tp: 1.10101
0	10:04:17.365	'1809640': order #42882419 sell 0.01 EURUSD at 1.10450 was modified -> sl: 1.10872 tp: 1.10101
0	10:04:17.365	'1809640': modify order #42887801 buy 0.01 EURUSD at 1.10329 sl: 1.09899 tp: 1.10416 -> sl: 1.09899 tp: 1.10417
0	10:04:17.760	'1809640': order #42887801 buy 0.01 EURUSD at 1.10329 was modified -> sl: 1.09899 tp: 1.10417
0	10:06:52.866	'1809640': modify order #42882419 sell 0.01 EURUSD at 1.10450 sl: 1.10872 tp: 1.10101 -> sl: 1.10872 tp: 1.10100
0	10:06:53.546	'1809640': order #42882419 sell 0.01 EURUSD at 1.10450 was modified -> sl: 1.10872 tp: 1.10100
0	10:06:53.616	'1809640': modify order #42887801 buy 0.01 EURUSD at 1.10329 sl: 1.09899 tp: 1.10417 -> sl: 1.09899 tp: 1.10512
0	10:06:53.971	'1809640': order #42887801 buy 0.01 EURUSD at 1.10329 was modified -> sl: 1.09899 tp: 1.10512
0	10:12:06.518	'1809640': modify order #42882419 sell 0.01 EURUSD at 1.10450 sl: 1.10872 tp: 1.10100 -> sl: 1.10872 tp: 1.10092
0	10:12:06.810	'1809640': order #42882419 sell 0.01 EURUSD at 1.10450 was modified -> sl: 1.10872 tp: 1.10092
0	10:16:34.183	'1809640': modify order #42882419 sell 0.01 EURUSD at 1.10450 sl: 1.10872 tp: 1.10092 -> sl: 1.10872 tp: 1.10091
0	10:16:34.710	'1809640': order #42882419 sell 0.01 EURUSD at 1.10450 was modified -> sl: 1.10872 tp: 1.10091
0	10:25:32.065	'1809640': modify order #42882419 sell 0.01 EURUSD at 1.10450 sl: 1.10872 tp: 1.10091 -> sl: 1.10872 tp: 1.10089
0	10:25:32.653	'1809640': order #42882419 sell 0.01 EURUSD at 1.10450 was modified -> sl: 1.10872 tp: 1.10089
0	10:34:42.994	'1809640': modify order #42887801 buy 0.01 EURUSD at 1.10329 sl: 1.09899 tp: 1.10512 -> sl: 1.09899 tp: 1.10524
0	10:34:43.976	'1809640': order #42887801 buy 0.01 EURUSD at 1.10329 was modified -> sl: 1.09899 tp: 1.10524
0	10:48:43.205	'1809640': close order #42882043 sell 0.01 EURUSD at 1.10469 sl: 1.10894 tp: 1.10102 at price 0.00000
0	10:48:43.530	'1809640': order #42882043 sell 0.01 EURUSD at 1.10469 sl: 1.10894 tp: 1.10102 closed at price 1.10398
0	10:48:43.659	'1809640': close order #42882419 sell 0.01 EURUSD at 1.10450 sl: 1.10872 tp: 1.10089 at price 0.00000
0	10:48:44.048	'1809640': order #42882419 sell 0.01 EURUSD at 1.10450 sl: 1.10872 tp: 1.10089 closed at price 1.10398
0	10:48:44.081	'1809640': close order #42882507 sell 0.01 EURUSD at 1.10405 sl: 1.10826 tp: 1.10166 at price 0.00000
0	10:48:44.637	'1809640': order #42882507 sell 0.01 EURUSD at 1.10405 sl: 1.10826 tp: 1.10166 closed at price 1.10400
0	10:48:58.829	'1809640': order sell market 0.01 EURUSD sl: 1.10798 tp: 1.09937
0	10:48:59.248	'1809640': order was opened : #42888899 sell 0.01 EURUSD at 1.10377 sl: 1.10798 tp: 1.09937
0	10:49:17.313	'1809640': modify order #42887801 buy 0.01 EURUSD at 1.10329 sl: 1.09899 tp: 1.10524 -> sl: 1.09899 tp: 1.10591
0	10:49:17.930	'1809640': order #42887801 buy 0.01 EURUSD at 1.10329 was modified -> sl: 1.09899 tp: 1.10591
0	10:50:20.142	'1809640': modify order #42887801 buy 0.01 EURUSD at 1.10329 sl: 1.09899 tp: 1.10591 -> sl: 1.09899 tp: 1.10602
0	10:50:20.695	'1809640': order #42887801 buy 0.01 EURUSD at 1.10329 was modified -> sl: 1.09899 tp: 1.10602
0	10:51:16.666	'1809640': modify order #42887801 buy 0.01 EURUSD at 1.10329 sl: 1.09899 tp: 1.10602 -> sl: 1.09899 tp: 1.10610
0	10:51:17.023	'1809640': order #42887801 buy 0.01 EURUSD at 1.10329 was modified -> sl: 1.09899 tp: 1.10610
0	10:55:31.936	'1809640': order sell market 0.01 EURUSD sl: 1.10803 tp: 1.09943
0	10:55:32.618	'1809640': order was opened : #42889083 sell 0.01 EURUSD at 1.10383 sl: 1.10803 tp: 1.09943
0	10:55:37.235	'1809640': modify order #42888899 sell 0.01 EURUSD at 1.10377 sl: 1.10798 tp: 1.09937 -> sl: 1.10798 tp: 1.09936
0	10:55:37.852	'1809640': order #42888899 sell 0.01 EURUSD at 1.10377 was modified -> sl: 1.10798 tp: 1.09936
0	10:55:37.852	'1809640': modify order #42889083 sell 0.01 EURUSD at 1.10383 sl: 1.10803 tp: 1.09943 -> sl: 1.10803 tp: 1.09936
0	10:55:38.306	'1809640': order #42889083 sell 0.01 EURUSD at 1.10383 was modified -> sl: 1.10803 tp: 1.09936
0	10:58:56.428	'1809640': modify order #42888899 sell 0.01 EURUSD at 1.10377 sl: 1.10798 tp: 1.09936 -> sl: 1.10798 tp: 1.09902
0	10:58:57.569	'1809640': order #42888899 sell 0.01 EURUSD at 1.10377 was modified -> sl: 1.10798 tp: 1.09902
0	10:59:01.246	'1809640': modify order #42889083 sell 0.01 EURUSD at 1.10383 sl: 1.10803 tp: 1.09936 -> sl: 1.10803 tp: 1.09902
0	10:59:01.636	'1809640': order #42889083 sell 0.01 EURUSD at 1.10383 was modified -> sl: 1.10803 tp: 1.09902
0	11:02:28.642	'1809640': order sell market 0.01 EURUSD sl: 1.10728 tp: 1.09867
0	11:02:29.068	'1809640': order was opened : #42889348 sell 0.01 EURUSD at 1.10307 sl: 1.10728 tp: 1.09867
0	11:02:41.988	'1809640': modify order #42888899 sell 0.01 EURUSD at 1.10377 sl: 1.10798 tp: 1.09902 -> sl: 1.10798 tp: 1.09869
0	11:02:42.669	'1809640': order #42888899 sell 0.01 EURUSD at 1.10377 was modified -> sl: 1.10798 tp: 1.09869
0	11:02:42.702	'1809640': modify order #42889083 sell 0.01 EURUSD at 1.10383 sl: 1.10803 tp: 1.09902 -> sl: 1.10803 tp: 1.09869
0	11:02:43.059	'1809640': order #42889083 sell 0.01 EURUSD at 1.10383 was modified -> sl: 1.10803 tp: 1.09869
0	11:04:27.771	'1809640': modify order #42888899 sell 0.01 EURUSD at 1.10377 sl: 1.10798 tp: 1.09869 -> sl: 1.10798 tp: 1.09863
0	11:04:28.480	'1809640': order #42888899 sell 0.01 EURUSD at 1.10377 was modified -> sl: 1.10798 tp: 1.09863
0	11:04:28.513	'1809640': modify order #42889083 sell 0.01 EURUSD at 1.10383 sl: 1.10803 tp: 1.09869 -> sl: 1.10803 tp: 1.09863
0	11:04:28.841	'1809640': order #42889083 sell 0.01 EURUSD at 1.10383 was modified -> sl: 1.10803 tp: 1.09863
0	11:04:28.938	'1809640': modify order #42889348 sell 0.01 EURUSD at 1.10307 sl: 1.10728 tp: 1.09867 -> sl: 1.10728 tp: 1.09863
0	11:04:29.263	'1809640': order #42889348 sell 0.01 EURUSD at 1.10307 was modified -> sl: 1.10728 tp: 1.09863
0	11:08:43.806	'1809640': order sell market 0.01 EURUSD sl: 1.10736 tp: 1.09875
0	11:08:44.180	'1809640': order was opened : #42889479 sell 0.01 EURUSD at 1.10315 sl: 1.10736 tp: 1.09875
0	11:09:08.742	'1809640': modify order #42889479 sell 0.01 EURUSD at 1.10315 sl: 1.10736 tp: 1.09875 -> sl: 1.10736 tp: 1.09869
0	11:09:09.227	'1809640': order #42889479 sell 0.01 EURUSD at 1.10315 was modified -> sl: 1.10736 tp: 1.09869
0	11:14:51.334	'1809640': modify order #42888899 sell 0.01 EURUSD at 1.10377 sl: 1.10798 tp: 1.09863 -> sl: 1.10798 tp: 1.09835
0	11:14:51.950	'1809640': order #42888899 sell 0.01 EURUSD at 1.10377 was modified -> sl: 1.10798 tp: 1.09835
0	11:14:51.950	'1809640': modify order #42889083 sell 0.01 EURUSD at 1.10383 sl: 1.10803 tp: 1.09863 -> sl: 1.10803 tp: 1.09834
0	11:14:52.372	'1809640': order #42889083 sell 0.01 EURUSD at 1.10383 was modified -> sl: 1.10803 tp: 1.09834
0	11:14:52.571	'1809640': modify order #42889348 sell 0.01 EURUSD at 1.10307 sl: 1.10728 tp: 1.09863 -> sl: 1.10728 tp: 1.09834
0	11:14:52.830	'1809640': order #42889348 sell 0.01 EURUSD at 1.10307 was modified -> sl: 1.10728 tp: 1.09834
0	11:14:52.931	'1809640': modify order #42889479 sell 0.01 EURUSD at 1.10315 sl: 1.10736 tp: 1.09869 -> sl: 1.10736 tp: 1.09834
0	11:14:53.223	'1809640': order #42889479 sell 0.01 EURUSD at 1.10315 was modified -> sl: 1.10736 tp: 1.09834
0	11:20:56.153	'1809640': modify order #42888899 sell 0.01 EURUSD at 1.10377 sl: 1.10798 tp: 1.09835 -> sl: 1.10798 tp: 1.09823
0	11:20:57.359	'1809640': order #42888899 sell 0.01 EURUSD at 1.10377 was modified -> sl: 1.10798 tp: 1.09823
0	11:20:57.521	'1809640': modify order #42889083 sell 0.01 EURUSD at 1.10383 sl: 1.10803 tp: 1.09834 -> sl: 1.10803 tp: 1.09823
0	11:20:57.846	'1809640': order #42889083 sell 0.01 EURUSD at 1.10383 was modified -> sl: 1.10803 tp: 1.09823
0	11:20:57.846	'1809640': modify order #42889348 sell 0.01 EURUSD at 1.10307 sl: 1.10728 tp: 1.09834 -> sl: 1.10728 tp: 1.09823
0	11:20:58.305	'1809640': order #42889348 sell 0.01 EURUSD at 1.10307 was modified -> sl: 1.10728 tp: 1.09823
0	11:20:58.305	'1809640': modify order #42889479 sell 0.01 EURUSD at 1.10315 sl: 1.10736 tp: 1.09834 -> sl: 1.10736 tp: 1.09823
0	11:20:58.727	'1809640': order #42889479 sell 0.01 EURUSD at 1.10315 was modified -> sl: 1.10736 tp: 1.09823
0	11:22:13.332	'1809640': modify order #42888899 sell 0.01 EURUSD at 1.10377 sl: 1.10798 tp: 1.09823 -> sl: 1.10798 tp: 1.09806
0	11:22:14.407	'1809640': order #42888899 sell 0.01 EURUSD at 1.10377 was modified -> sl: 1.10798 tp: 1.09806
0	11:22:14.732	'1809640': modify order #42889083 sell 0.01 EURUSD at 1.10383 sl: 1.10803 tp: 1.09823 -> sl: 1.10803 tp: 1.09806
0	11:22:15.218	'1809640': order #42889083 sell 0.01 EURUSD at 1.10383 was modified -> sl: 1.10803 tp: 1.09806
0	11:22:15.218	'1809640': modify order #42889348 sell 0.01 EURUSD at 1.10307 sl: 1.10728 tp: 1.09823 -> sl: 1.10728 tp: 1.09806
0	11:22:15.510	'1809640': order #42889348 sell 0.01 EURUSD at 1.10307 was modified -> sl: 1.10728 tp: 1.09806
0	11:22:15.575	'1809640': modify order #42889479 sell 0.01 EURUSD at 1.10315 sl: 1.10736 tp: 1.09823 -> sl: 1.10736 tp: 1.09806
0	11:22:16.180	'1809640': order #42889479 sell 0.01 EURUSD at 1.10315 was modified -> sl: 1.10736 tp: 1.09806
0	11:46:29.470	'1809640': modify order #42888899 sell 0.01 EURUSD at 1.10377 sl: 1.10798 tp: 1.09806 -> sl: 1.10798 tp: 1.09800
0	11:46:30.481	'1809640': order #42888899 sell 0.01 EURUSD at 1.10377 was modified -> sl: 1.10798 tp: 1.09800
0	11:46:30.481	'1809640': modify order #42889083 sell 0.01 EURUSD at 1.10383 sl: 1.10803 tp: 1.09806 -> sl: 1.10803 tp: 1.09800
0	11:46:30.806	'1809640': order #42889083 sell 0.01 EURUSD at 1.10383 was modified -> sl: 1.10803 tp: 1.09800
0	11:46:30.806	'1809640': modify order #42889348 sell 0.01 EURUSD at 1.10307 sl: 1.10728 tp: 1.09806 -> sl: 1.10728 tp: 1.09800
0	11:46:31.260	'1809640': order #42889348 sell 0.01 EURUSD at 1.10307 was modified -> sl: 1.10728 tp: 1.09800
0	11:46:32.530	'1809640': modify order #42889479 sell 0.01 EURUSD at 1.10315 sl: 1.10736 tp: 1.09806 -> sl: 1.10736 tp: 1.09800
0	11:46:32.989	'1809640': order #42889479 sell 0.01 EURUSD at 1.10315 was modified -> sl: 1.10736 tp: 1.09800
0	11:52:50.857	'1809640': modify order #42888899 sell 0.01 EURUSD at 1.10377 sl: 1.10798 tp: 1.09800 -> sl: 1.10798 tp: 1.09784
0	11:52:51.380	'1809640': order #42888899 sell 0.01 EURUSD at 1.10377 was modified -> sl: 1.10798 tp: 1.09784
0	11:52:51.445	'1809640': modify order #42889083 sell 0.01 EURUSD at 1.10383 sl: 1.10803 tp: 1.09800 -> sl: 1.10803 tp: 1.09781
0	11:52:51.775	'1809640': order #42889083 sell 0.01 EURUSD at 1.10383 was modified -> sl: 1.10803 tp: 1.09781
0	11:52:51.806	'1809640': modify order #42889348 sell 0.01 EURUSD at 1.10307 sl: 1.10728 tp: 1.09800 -> sl: 1.10728 tp: 1.09782
0	11:52:52.228	'1809640': order #42889348 sell 0.01 EURUSD at 1.10307 was modified -> sl: 1.10728 tp: 1.09782
0	11:52:52.228	'1809640': modify order #42889479 sell 0.01 EURUSD at 1.10315 sl: 1.10736 tp: 1.09800 -> sl: 1.10736 tp: 1.09783
0	11:52:52.588	'1809640': order #42889479 sell 0.01 EURUSD at 1.10315 was modified -> sl: 1.10736 tp: 1.09783
0	11:54:50.779	'1809640': modify order #42888899 sell 0.01 EURUSD at 1.10377 sl: 1.10798 tp: 1.09784 -> sl: 1.10798 tp: 1.09777
0	11:54:51.266	'1809640': order #42888899 sell 0.01 EURUSD at 1.10377 was modified -> sl: 1.10798 tp: 1.09777
0	11:54:51.266	'1809640': modify order #42889083 sell 0.01 EURUSD at 1.10383 sl: 1.10803 tp: 1.09781 -> sl: 1.10803 tp: 1.09778
0	11:54:51.784	'1809640': order #42889083 sell 0.01 EURUSD at 1.10383 was modified -> sl: 1.10803 tp: 1.09778
0	11:54:51.784	'1809640': modify order #42889348 sell 0.01 EURUSD at 1.10307 sl: 1.10728 tp: 1.09782 -> sl: 1.10728 tp: 1.09778
0	11:54:52.113	'1809640': order #42889348 sell 0.01 EURUSD at 1.10307 was modified -> sl: 1.10728 tp: 1.09778
0	11:54:52.113	'1809640': modify order #42889479 sell 0.01 EURUSD at 1.10315 sl: 1.10736 tp: 1.09783 -> sl: 1.10736 tp: 1.09777
0	11:54:52.470	'1809640': order #42889479 sell 0.01 EURUSD at 1.10315 was modified -> sl: 1.10736 tp: 1.09777
0	11:57:10.979	'1809640': modify order #42888899 sell 0.01 EURUSD at 1.10377 sl: 1.10798 tp: 1.09777 -> sl: 1.10798 tp: 1.09775
0	11:57:11.628	'1809640': order #42888899 sell 0.01 EURUSD at 1.10377 was modified -> sl: 1.10798 tp: 1.09775
0	11:57:11.728	'1809640': modify order #42889083 sell 0.01 EURUSD at 1.10383 sl: 1.10803 tp: 1.09778 -> sl: 1.10803 tp: 1.09775
0	11:57:12.208	'1809640': order #42889083 sell 0.01 EURUSD at 1.10383 was modified -> sl: 1.10803 tp: 1.09775
0	11:57:12.240	'1809640': modify order #42889348 sell 0.01 EURUSD at 1.10307 sl: 1.10728 tp: 1.09778 -> sl: 1.10728 tp: 1.09775
0	11:57:12.597	'1809640': order #42889348 sell 0.01 EURUSD at 1.10307 was modified -> sl: 1.10728 tp: 1.09775
0	11:57:12.791	'1809640': modify order #42889479 sell 0.01 EURUSD at 1.10315 sl: 1.10736 tp: 1.09777 -> sl: 1.10736 tp: 1.09775
0	11:57:13.217	'1809640': order #42889479 sell 0.01 EURUSD at 1.10315 was modified -> sl: 1.10736 tp: 1.09775
0	12:02:19.088	'1809640': modify order #42888899 sell 0.01 EURUSD at 1.10377 sl: 1.10798 tp: 1.09775 -> sl: 1.10798 tp: 1.09746
0	12:02:19.575	'1809640': order #42888899 sell 0.01 EURUSD at 1.10377 was modified -> sl: 1.10798 tp: 1.09746
0	12:02:19.575	'1809640': modify order #42889083 sell 0.01 EURUSD at 1.10383 sl: 1.10803 tp: 1.09775 -> sl: 1.10803 tp: 1.09745
0	12:02:19.904	'1809640': order #42889083 sell 0.01 EURUSD at 1.10383 was modified -> sl: 1.10803 tp: 1.09745
0	12:02:19.904	'1809640': modify order #42889348 sell 0.01 EURUSD at 1.10307 sl: 1.10728 tp: 1.09775 -> sl: 1.10728 tp: 1.09747
0	12:02:20.362	'1809640': order #42889348 sell 0.01 EURUSD at 1.10307 was modified -> sl: 1.10728 tp: 1.09747
0	12:02:20.362	'1809640': modify order #42889479 sell 0.01 EURUSD at 1.10315 sl: 1.10736 tp: 1.09775 -> sl: 1.10736 tp: 1.09746
0	12:02:20.791	'1809640': order #42889479 sell 0.01 EURUSD at 1.10315 was modified -> sl: 1.10736 tp: 1.09746
0	12:05:57.252	'1809640': modify order #42888899 sell 0.01 EURUSD at 1.10377 sl: 1.10798 tp: 1.09746 -> sl: 1.10798 tp: 1.09723
0	12:05:57.699	'1809640': order #42888899 sell 0.01 EURUSD at 1.10377 was modified -> sl: 1.10798 tp: 1.09723
0	12:05:57.699	'1809640': modify order #42889083 sell 0.01 EURUSD at 1.10383 sl: 1.10803 tp: 1.09745 -> sl: 1.10803 tp: 1.09725
0	12:05:58.088	'1809640': order #42889083 sell 0.01 EURUSD at 1.10383 was modified -> sl: 1.10803 tp: 1.09725
0	12:05:58.286	'1809640': modify order #42889348 sell 0.01 EURUSD at 1.10307 sl: 1.10728 tp: 1.09747 -> sl: 1.10728 tp: 1.09724
0	12:05:58.682	'1809640': order #42889348 sell 0.01 EURUSD at 1.10307 was modified -> sl: 1.10728 tp: 1.09724
0	12:05:58.741	'1809640': modify order #42889479 sell 0.01 EURUSD at 1.10315 sl: 1.10736 tp: 1.09746 -> sl: 1.10736 tp: 1.09725
0	12:05:59.069	'1809640': order #42889479 sell 0.01 EURUSD at 1.10315 was modified -> sl: 1.10736 tp: 1.09725
0	12:16:19.927	'1809640': order buy market 0.01 EURUSD sl: 1.09861 tp: 1.10722
0	12:16:20.581	'1809640': order was opened : #42891730 buy 0.01 EURUSD at 1.10282 sl: 1.09861 tp: 1.10722
0	12:51:59.602	'1809640': modify order #42889083 sell 0.01 EURUSD at 1.10383 sl: 1.10803 tp: 1.09725 -> sl: 1.10803 tp: 1.09723
0	12:52:00.449	'1809640': order #42889083 sell 0.01 EURUSD at 1.10383 was modified -> sl: 1.10803 tp: 1.09723
0	12:52:00.449	'1809640': modify order #42889348 sell 0.01 EURUSD at 1.10307 sl: 1.10728 tp: 1.09724 -> sl: 1.10728 tp: 1.09723
0	12:52:00.773	'1809640': order #42889348 sell 0.01 EURUSD at 1.10307 was modified -> sl: 1.10728 tp: 1.09723
0	12:52:00.773	'1809640': modify order #42889479 sell 0.01 EURUSD at 1.10315 sl: 1.10736 tp: 1.09725 -> sl: 1.10736 tp: 1.09722
0	12:52:01.490	'1809640': order #42889479 sell 0.01 EURUSD at 1.10315 was modified -> sl: 1.10736 tp: 1.09722
0	12:54:14.387	'1809640': modify order #42888899 sell 0.01 EURUSD at 1.10377 sl: 1.10798 tp: 1.09723 -> sl: 1.10798 tp: 1.09713
0	12:54:15.371	'1809640': order #42888899 sell 0.01 EURUSD at 1.10377 was modified -> sl: 1.10798 tp: 1.09713
0	12:54:15.396	'1809640': modify order #42889083 sell 0.01 EURUSD at 1.10383 sl: 1.10803 tp: 1.09723 -> sl: 1.10803 tp: 1.09713
0	12:54:15.854	'1809640': order #42889083 sell 0.01 EURUSD at 1.10383 was modified -> sl: 1.10803 tp: 1.09713
0	12:54:15.855	'1809640': modify order #42889348 sell 0.01 EURUSD at 1.10307 sl: 1.10728 tp: 1.09723 -> sl: 1.10728 tp: 1.09713
0	12:54:16.312	'1809640': order #42889348 sell 0.01 EURUSD at 1.10307 was modified -> sl: 1.10728 tp: 1.09713
0	12:54:16.344	'1809640': modify order #42889479 sell 0.01 EURUSD at 1.10315 sl: 1.10736 tp: 1.09722 -> sl: 1.10736 tp: 1.09713
0	12:54:16.769	'1809640': order #42889479 sell 0.01 EURUSD at 1.10315 was modified -> sl: 1.10736 tp: 1.09713
0	12:58:36.462	'1809640': order #42883427 buy 0.01 EURUSD at 1.10543 closed due stop-loss at price 1.10118
0	13:00:33.910	'1809640': order buy market 0.01 EURUSD sl: 1.09728 tp: 1.10588
0	13:00:35.758	'1809640': order was opened : #42892975 buy 0.01 EURUSD at 1.10148 sl: 1.09728 tp: 1.10588
0	13:01:39.508	'1809640': modify order #42888899 sell 0.01 EURUSD at 1.10377 sl: 1.10798 tp: 1.09713 -> sl: 1.10798 tp: 1.09707
0	13:01:40.125	'1809640': order #42888899 sell 0.01 EURUSD at 1.10377 was modified -> sl: 1.10798 tp: 1.09707
0	13:01:40.158	'1809640': modify order #42889083 sell 0.01 EURUSD at 1.10383 sl: 1.10803 tp: 1.09713 -> sl: 1.10803 tp: 1.09707
0	13:01:40.612	'1809640': order #42889083 sell 0.01 EURUSD at 1.10383 was modified -> sl: 1.10803 tp: 1.09707
0	13:01:40.709	'1809640': modify order #42889348 sell 0.01 EURUSD at 1.10307 sl: 1.10728 tp: 1.09713 -> sl: 1.10728 tp: 1.09708
0	13:01:41.058	'1809640': order #42889348 sell 0.01 EURUSD at 1.10307 was modified -> sl: 1.10728 tp: 1.09708
0	13:01:41.156	'1809640': modify order #42889479 sell 0.01 EURUSD at 1.10315 sl: 1.10736 tp: 1.09713 -> sl: 1.10736 tp: 1.09708
0	13:01:41.545	'1809640': order #42889479 sell 0.01 EURUSD at 1.10315 was modified -> sl: 1.10736 tp: 1.09708
0	13:01:41.610	'1809640': modify order #42892975 buy 0.01 EURUSD at 1.10148 sl: 1.09728 tp: 1.10588 -> sl: 1.09728 tp: 1.10608
0	13:01:41.871	'1809640': order #42892975 buy 0.01 EURUSD at 1.10148 was modified -> sl: 1.09728 tp: 1.10608
0	13:02:40.769	'1809640': modify order #42871175 sell 0.01 EURUSD at 1.10219 sl: 1.10641 tp: 1.09705 -> sl: 1.10641 tp: 1.09702
0	13:02:41.450	'1809640': order #42871175 sell 0.01 EURUSD at 1.10219 was modified -> sl: 1.10641 tp: 1.09702
0	13:02:41.450	'1809640': modify order #42888899 sell 0.01 EURUSD at 1.10377 sl: 1.10798 tp: 1.09707 -> sl: 1.10798 tp: 1.09702
0	13:02:41.875	'1809640': order #42888899 sell 0.01 EURUSD at 1.10377 was modified -> sl: 1.10798 tp: 1.09702
0	13:02:41.973	'1809640': modify order #42889083 sell 0.01 EURUSD at 1.10383 sl: 1.10803 tp: 1.09707 -> sl: 1.10803 tp: 1.09702
0	13:02:42.232	'1809640': order #42889083 sell 0.01 EURUSD at 1.10383 was modified -> sl: 1.10803 tp: 1.09702
0	13:02:42.232	'1809640': modify order #42889348 sell 0.01 EURUSD at 1.10307 sl: 1.10728 tp: 1.09708 -> sl: 1.10728 tp: 1.09702
0	13:02:42.621	'1809640': order #42889348 sell 0.01 EURUSD at 1.10307 was modified -> sl: 1.10728 tp: 1.09702
0	13:02:42.718	'1809640': modify order #42889479 sell 0.01 EURUSD at 1.10315 sl: 1.10736 tp: 1.09708 -> sl: 1.10736 tp: 1.09702
0	13:02:42.945	'1809640': order #42889479 sell 0.01 EURUSD at 1.10315 was modified -> sl: 1.10736 tp: 1.09702
0	13:05:13.709	'1809640': modify order #42870469 sell 0.01 EURUSD at 1.10152 sl: 1.10576 tp: 1.09697 -> sl: 1.10576 tp: 1.09689
0	13:05:14.521	'1809640': order #42870469 sell 0.01 EURUSD at 1.10152 was modified -> sl: 1.10576 tp: 1.09689
0	13:05:14.553	'1809640': modify order #42870772 sell 0.01 EURUSD at 1.10175 sl: 1.10599 tp: 1.09697 -> sl: 1.10599 tp: 1.09688
0	13:05:14.967	'1809640': order #42870772 sell 0.01 EURUSD at 1.10175 was modified -> sl: 1.10599 tp: 1.09688
0	13:05:15.000	'1809640': modify order #42870816 sell 0.01 EURUSD at 1.10202 sl: 1.10627 tp: 1.09697 -> sl: 1.10627 tp: 1.09688
0	13:05:15.458	'1809640': order #42870816 sell 0.01 EURUSD at 1.10202 was modified -> sl: 1.10627 tp: 1.09688
0	13:05:15.491	'1809640': modify order #42870932 sell 0.01 EURUSD at 1.10176 sl: 1.10599 tp: 1.09697 -> sl: 1.10599 tp: 1.09689
0	13:05:15.815	'1809640': order #42870932 sell 0.01 EURUSD at 1.10176 was modified -> sl: 1.10599 tp: 1.09689
0	13:05:15.847	'1809640': modify order #42871043 sell 0.01 EURUSD at 1.10194 sl: 1.10618 tp: 1.09697 -> sl: 1.10618 tp: 1.09689
0	13:05:16.204	'1809640': order #42871043 sell 0.01 EURUSD at 1.10194 was modified -> sl: 1.10618 tp: 1.09689
0	13:05:16.204	'1809640': modify order #42871175 sell 0.01 EURUSD at 1.10219 sl: 1.10641 tp: 1.09702 -> sl: 1.10641 tp: 1.09689
0	13:05:16.630	'1809640': order #42871175 sell 0.01 EURUSD at 1.10219 was modified -> sl: 1.10641 tp: 1.09689
0	13:05:16.760	'1809640': modify order #42888899 sell 0.01 EURUSD at 1.10377 sl: 1.10798 tp: 1.09702 -> sl: 1.10798 tp: 1.09689
0	13:05:17.085	'1809640': order #42888899 sell 0.01 EURUSD at 1.10377 was modified -> sl: 1.10798 tp: 1.09689
0	13:05:17.085	'1809640': modify order #42889083 sell 0.01 EURUSD at 1.10383 sl: 1.10803 tp: 1.09702 -> sl: 1.10803 tp: 1.09689
0	13:05:17.543	'1809640': order #42889083 sell 0.01 EURUSD at 1.10383 was modified -> sl: 1.10803 tp: 1.09689
0	13:05:17.543	'1809640': modify order #42889348 sell 0.01 EURUSD at 1.10307 sl: 1.10728 tp: 1.09702 -> sl: 1.10728 tp: 1.09688
0	13:05:17.868	'1809640': order #42889348 sell 0.01 EURUSD at 1.10307 was modified -> sl: 1.10728 tp: 1.09688
0	13:05:17.997	'1809640': modify order #42889479 sell 0.01 EURUSD at 1.10315 sl: 1.10736 tp: 1.09702 -> sl: 1.10736 tp: 1.09688
0	13:05:18.387	'1809640': order #42889479 sell 0.01 EURUSD at 1.10315 was modified -> sl: 1.10736 tp: 1.09688
0	13:06:19.560	'1809640': order #42883970 buy 0.01 EURUSD at 1.10532 closed due stop-loss at price 1.10109
0	13:06:32.893	'1809640': order #42884278 buy 0.01 EURUSD at 1.10519 closed due stop-loss at price 1.10096
0	13:07:17.351	'1809640': order buy market 0.01 EURUSD sl: 1.09707 tp: 1.10568
0	13:07:17.712	'1809640': order was opened : #42893137 buy 0.01 EURUSD at 1.10129 sl: 1.09707 tp: 1.10568
0	13:07:46.324	'1809640': modify order #42870469 sell 0.01 EURUSD at 1.10152 sl: 1.10576 tp: 1.09689 -> sl: 1.10576 tp: 1.09662
0	13:07:46.840	'1809640': order #42870469 sell 0.01 EURUSD at 1.10152 was modified -> sl: 1.10576 tp: 1.09662
0	13:07:46.871	'1809640': modify order #42870772 sell 0.01 EURUSD at 1.10175 sl: 1.10599 tp: 1.09688 -> sl: 1.10599 tp: 1.09662
0	13:07:47.293	'1809640': order #42870772 sell 0.01 EURUSD at 1.10175 was modified -> sl: 1.10599 tp: 1.09662
0	13:07:47.293	'1809640': modify order #42870816 sell 0.01 EURUSD at 1.10202 sl: 1.10627 tp: 1.09688 -> sl: 1.10627 tp: 1.09662
0	13:07:47.621	'1809640': order #42870816 sell 0.01 EURUSD at 1.10202 was modified -> sl: 1.10627 tp: 1.09662
0	13:07:47.780	'1809640': modify order #42870932 sell 0.01 EURUSD at 1.10176 sl: 1.10599 tp: 1.09689 -> sl: 1.10599 tp: 1.09662
0	13:07:48.174	'1809640': order #42870932 sell 0.01 EURUSD at 1.10176 was modified -> sl: 1.10599 tp: 1.09662
0	13:07:48.174	'1809640': modify order #42871043 sell 0.01 EURUSD at 1.10194 sl: 1.10618 tp: 1.09689 -> sl: 1.10618 tp: 1.09662
0	13:07:48.466	'1809640': order #42871043 sell 0.01 EURUSD at 1.10194 was modified -> sl: 1.10618 tp: 1.09662
0	13:07:48.466	'1809640': modify order #42871175 sell 0.01 EURUSD at 1.10219 sl: 1.10641 tp: 1.09689 -> sl: 1.10641 tp: 1.09661
0	13:07:48.860	'1809640': order #42871175 sell 0.01 EURUSD at 1.10219 was modified -> sl: 1.10641 tp: 1.09661
0	13:07:48.957	'1809640': modify order #42888899 sell 0.01 EURUSD at 1.10377 sl: 1.10798 tp: 1.09689 -> sl: 1.10798 tp: 1.09662
0	13:07:49.282	'1809640': order #42888899 sell 0.01 EURUSD at 1.10377 was modified -> sl: 1.10798 tp: 1.09662
0	13:07:49.282	'1809640': modify order #42889083 sell 0.01 EURUSD at 1.10383 sl: 1.10803 tp: 1.09689 -> sl: 1.10803 tp: 1.09662
0	13:07:49.672	'1809640': order #42889083 sell 0.01 EURUSD at 1.10383 was modified -> sl: 1.10803 tp: 1.09662
0	13:07:49.769	'1809640': modify order #42889348 sell 0.01 EURUSD at 1.10307 sl: 1.10728 tp: 1.09688 -> sl: 1.10728 tp: 1.09662
0	13:07:50.371	'1809640': order #42889348 sell 0.01 EURUSD at 1.10307 was modified -> sl: 1.10728 tp: 1.09662
0	13:07:50.402	'1809640': modify order #42889479 sell 0.01 EURUSD at 1.10315 sl: 1.10736 tp: 1.09688 -> sl: 1.10736 tp: 1.09662
0	13:07:50.921	'1809640': order #42889479 sell 0.01 EURUSD at 1.10315 was modified -> sl: 1.10736 tp: 1.09662
0	13:10:34.894	'1809640': order #42883728 buy 0.01 EURUSD at 1.10503 closed due stop-loss at price 1.10082
0	13:10:37.398	'1809640': modify order #42870469 sell 0.01 EURUSD at 1.10152 sl: 1.10576 tp: 1.09662 -> sl: 1.10576 tp: 1.09659
0	13:10:41.257	'1809640': order #42870469 sell 0.01 EURUSD at 1.10152 was modified -> sl: 1.10576 tp: 1.09659
0	13:10:41.684	'1809640': modify order #42870772 sell 0.01 EURUSD at 1.10175 sl: 1.10599 tp: 1.09662 -> sl: 1.10599 tp: 1.09660
0	13:10:42.235	'1809640': order #42870772 sell 0.01 EURUSD at 1.10175 was modified -> sl: 1.10599 tp: 1.09660
0	13:10:42.365	'1809640': modify order #42870816 sell 0.01 EURUSD at 1.10202 sl: 1.10627 tp: 1.09662 -> sl: 1.10627 tp: 1.09659
0	13:10:42.628	'1809640': order #42870816 sell 0.01 EURUSD at 1.10202 was modified -> sl: 1.10627 tp: 1.09659
0	13:10:42.628	'1809640': modify order #42870932 sell 0.01 EURUSD at 1.10176 sl: 1.10599 tp: 1.09662 -> sl: 1.10599 tp: 1.09660
0	13:10:43.111	'1809640': order #42870932 sell 0.01 EURUSD at 1.10176 was modified -> sl: 1.10599 tp: 1.09660
0	13:10:43.184	'1809640': modify order #42871043 sell 0.01 EURUSD at 1.10194 sl: 1.10618 tp: 1.09662 -> sl: 1.10618 tp: 1.09660
0	13:10:43.663	'1809640': order #42871043 sell 0.01 EURUSD at 1.10194 was modified -> sl: 1.10618 tp: 1.09660
0	13:10:43.728	'1809640': modify order #42871175 sell 0.01 EURUSD at 1.10219 sl: 1.10641 tp: 1.09661 -> sl: 1.10641 tp: 1.09660
0	13:10:44.056	'1809640': order #42871175 sell 0.01 EURUSD at 1.10219 was modified -> sl: 1.10641 tp: 1.09660
0	13:10:44.121	'1809640': modify order #42888899 sell 0.01 EURUSD at 1.10377 sl: 1.10798 tp: 1.09662 -> sl: 1.10798 tp: 1.09658
0	13:10:44.575	'1809640': order #42888899 sell 0.01 EURUSD at 1.10377 was modified -> sl: 1.10798 tp: 1.09658
0	13:10:44.705	'1809640': modify order #42889083 sell 0.01 EURUSD at 1.10383 sl: 1.10803 tp: 1.09662 -> sl: 1.10803 tp: 1.09659
0	13:10:45.062	'1809640': order #42889083 sell 0.01 EURUSD at 1.10383 was modified -> sl: 1.10803 tp: 1.09659
0	13:10:45.159	'1809640': modify order #42889348 sell 0.01 EURUSD at 1.10307 sl: 1.10728 tp: 1.09662 -> sl: 1.10728 tp: 1.09658
0	13:10:45.484	'1809640': order #42889348 sell 0.01 EURUSD at 1.10307 was modified -> sl: 1.10728 tp: 1.09658
0	13:10:45.614	'1809640': modify order #42889479 sell 0.01 EURUSD at 1.10315 sl: 1.10736 tp: 1.09662 -> sl: 1.10736 tp: 1.09658
0	13:10:46.035	'1809640': order #42889479 sell 0.01 EURUSD at 1.10315 was modified -> sl: 1.10736 tp: 1.09658
0	13:16:00.269	'1809640': order #42884607 buy 0.01 EURUSD at 1.10500 closed due stop-loss at price 1.10080
0	13:16:01.863	'1809640': order buy market 0.01 EURUSD sl: 1.09673 tp: 1.10534
0	13:16:02.192	'1809640': order was opened : #42893422 buy 0.01 EURUSD at 1.10095 sl: 1.09673 tp: 1.10534
0	13:16:02.224	'1809640': modify order #42870469 sell 0.01 EURUSD at 1.10152 sl: 1.10576 tp: 1.09659 -> sl: 1.10576 tp: 1.09633
0	13:16:02.614	'1809640': order #42870469 sell 0.01 EURUSD at 1.10152 was modified -> sl: 1.10576 tp: 1.09633
0	13:16:02.614	'1809640': modify order #42870772 sell 0.01 EURUSD at 1.10175 sl: 1.10599 tp: 1.09660 -> sl: 1.10599 tp: 1.09633
0	13:16:03.068	'1809640': order #42870772 sell 0.01 EURUSD at 1.10175 was modified -> sl: 1.10599 tp: 1.09633
0	13:16:03.068	'1809640': modify order #42870816 sell 0.01 EURUSD at 1.10202 sl: 1.10627 tp: 1.09659 -> sl: 1.10627 tp: 1.09634
0	13:16:03.591	'1809640': order #42870816 sell 0.01 EURUSD at 1.10202 was modified -> sl: 1.10627 tp: 1.09634
0	13:16:03.656	'1809640': modify order #42870932 sell 0.01 EURUSD at 1.10176 sl: 1.10599 tp: 1.09660 -> sl: 1.10599 tp: 1.09635
0	13:16:04.204	'1809640': order #42870932 sell 0.01 EURUSD at 1.10176 was modified -> sl: 1.10599 tp: 1.09635
0	13:16:04.301	'1809640': modify order #42871043 sell 0.01 EURUSD at 1.10194 sl: 1.10618 tp: 1.09660 -> sl: 1.10618 tp: 1.09635
0	13:16:04.723	'1809640': order #42871043 sell 0.01 EURUSD at 1.10194 was modified -> sl: 1.10618 tp: 1.09635
0	13:16:04.755	'1809640': modify order #42871175 sell 0.01 EURUSD at 1.10219 sl: 1.10641 tp: 1.09660 -> sl: 1.10641 tp: 1.09634
0	13:16:05.084	'1809640': order #42871175 sell 0.01 EURUSD at 1.10219 was modified -> sl: 1.10641 tp: 1.09634
0	13:16:05.116	'1809640': modify order #42888899 sell 0.01 EURUSD at 1.10377 sl: 1.10798 tp: 1.09658 -> sl: 1.10798 tp: 1.09634
0	13:16:05.505	'1809640': order #42888899 sell 0.01 EURUSD at 1.10377 was modified -> sl: 1.10798 tp: 1.09634
0	13:16:05.570	'1809640': modify order #42889083 sell 0.01 EURUSD at 1.10383 sl: 1.10803 tp: 1.09659 -> sl: 1.10803 tp: 1.09634
0	13:16:05.960	'1809640': order #42889083 sell 0.01 EURUSD at 1.10383 was modified -> sl: 1.10803 tp: 1.09634
0	13:16:05.992	'1809640': modify order #42889348 sell 0.01 EURUSD at 1.10307 sl: 1.10728 tp: 1.09658 -> sl: 1.10728 tp: 1.09636
0	13:16:06.341	'1809640': order #42889348 sell 0.01 EURUSD at 1.10307 was modified -> sl: 1.10728 tp: 1.09636
0	13:16:06.439	'1809640': modify order #42889479 sell 0.01 EURUSD at 1.10315 sl: 1.10736 tp: 1.09658 -> sl: 1.10736 tp: 1.09635
0	13:16:06.731	'1809640': order #42889479 sell 0.01 EURUSD at 1.10315 was modified -> sl: 1.10736 tp: 1.09635
0	13:18:48.250	'1809640': modify order #42870469 sell 0.01 EURUSD at 1.10152 sl: 1.10576 tp: 1.09633 -> sl: 1.10576 tp: 1.09610
0	13:18:48.871	'1809640': order #42870469 sell 0.01 EURUSD at 1.10152 was modified -> sl: 1.10576 tp: 1.09610
0	13:18:48.903	'1809640': modify order #42870772 sell 0.01 EURUSD at 1.10175 sl: 1.10599 tp: 1.09633 -> sl: 1.10599 tp: 1.09612
0	13:18:49.352	'1809640': order #42870772 sell 0.01 EURUSD at 1.10175 was modified -> sl: 1.10599 tp: 1.09612
0	13:18:49.482	'1809640': modify order #42870816 sell 0.01 EURUSD at 1.10202 sl: 1.10627 tp: 1.09634 -> sl: 1.10627 tp: 1.09612
0	13:18:49.903	'1809640': order #42870816 sell 0.01 EURUSD at 1.10202 was modified -> sl: 1.10627 tp: 1.09612
0	13:18:49.903	'1809640': modify order #42870932 sell 0.01 EURUSD at 1.10176 sl: 1.10599 tp: 1.09635 -> sl: 1.10599 tp: 1.09612
0	13:18:50.585	'1809640': order #42870932 sell 0.01 EURUSD at 1.10176 was modified -> sl: 1.10599 tp: 1.09612
0	13:18:50.621	'1809640': modify order #42871043 sell 0.01 EURUSD at 1.10194 sl: 1.10618 tp: 1.09635 -> sl: 1.10618 tp: 1.09612
0	13:18:51.075	'1809640': order #42871043 sell 0.01 EURUSD at 1.10194 was modified -> sl: 1.10618 tp: 1.09612
0	13:18:51.075	'1809640': modify order #42871175 sell 0.01 EURUSD at 1.10219 sl: 1.10641 tp: 1.09634 -> sl: 1.10641 tp: 1.09612
0	13:18:51.434	'1809640': order #42871175 sell 0.01 EURUSD at 1.10219 was modified -> sl: 1.10641 tp: 1.09612
0	13:18:51.594	'1809640': modify order #42888899 sell 0.01 EURUSD at 1.10377 sl: 1.10798 tp: 1.09634 -> sl: 1.10798 tp: 1.09612
0	13:18:52.048	'1809640': order #42888899 sell 0.01 EURUSD at 1.10377 was modified -> sl: 1.10798 tp: 1.09612
0	13:18:52.178	'1809640': modify order #42889083 sell 0.01 EURUSD at 1.10383 sl: 1.10803 tp: 1.09634 -> sl: 1.10803 tp: 1.09612
0	13:18:52.535	'1809640': order #42889083 sell 0.01 EURUSD at 1.10383 was modified -> sl: 1.10803 tp: 1.09612
0	13:18:52.632	'1809640': modify order #42889348 sell 0.01 EURUSD at 1.10307 sl: 1.10728 tp: 1.09636 -> sl: 1.10728 tp: 1.09612
0	13:18:53.155	'1809640': order #42889348 sell 0.01 EURUSD at 1.10307 was modified -> sl: 1.10728 tp: 1.09612
0	13:18:53.155	'1809640': modify order #42889479 sell 0.01 EURUSD at 1.10315 sl: 1.10736 tp: 1.09635 -> sl: 1.10736 tp: 1.09611
0	13:18:53.609	'1809640': order #42889479 sell 0.01 EURUSD at 1.10315 was modified -> sl: 1.10736 tp: 1.09611
0	13:19:18.559	'1809640': modify order #42870701 sell 0.01 EURUSD at 1.10184 sl: 1.10604 tp: 1.09990 -> sl: 1.10604 tp: 1.09988
0	13:19:19.114	'1809640': order #42870701 sell 0.01 EURUSD at 1.10184 was modified -> sl: 1.10604 tp: 1.09988
0	13:19:19.114	'1809640': modify order #42870772 sell 0.01 EURUSD at 1.10175 sl: 1.10599 tp: 1.09612 -> sl: 1.10599 tp: 1.09611
0	13:19:19.406	'1809640': order #42870772 sell 0.01 EURUSD at 1.10175 was modified -> sl: 1.10599 tp: 1.09611
0	13:21:51.785	'1809640': order buy market 0.01 EURUSD sl: 1.09648 tp: 1.10508
0	13:21:53.048	'1809640': order was opened : #42893778 buy 0.01 EURUSD at 1.10068 sl: 1.09648 tp: 1.10508
0	13:22:00.497	'1809640': modify order #42870701 sell 0.01 EURUSD at 1.10184 sl: 1.10604 tp: 1.09988 -> sl: 1.10604 tp: 1.09984
0	13:22:00.981	'1809640': order #42870701 sell 0.01 EURUSD at 1.10184 was modified -> sl: 1.10604 tp: 1.09984
0	13:22:01.180	'1809640': modify order #42870816 sell 0.01 EURUSD at 1.10202 sl: 1.10627 tp: 1.09612 -> sl: 1.10627 tp: 1.09611
0	13:22:01.565	'1809640': order #42870816 sell 0.01 EURUSD at 1.10202 was modified -> sl: 1.10627 tp: 1.09611
0	13:22:01.598	'1809640': modify order #42870932 sell 0.01 EURUSD at 1.10176 sl: 1.10599 tp: 1.09612 -> sl: 1.10599 tp: 1.09611
0	13:22:01.959	'1809640': order #42870932 sell 0.01 EURUSD at 1.10176 was modified -> sl: 1.10599 tp: 1.09611
0	13:22:01.991	'1809640': modify order #42871043 sell 0.01 EURUSD at 1.10194 sl: 1.10618 tp: 1.09612 -> sl: 1.10618 tp: 1.09611
0	13:22:02.345	'1809640': order #42871043 sell 0.01 EURUSD at 1.10194 was modified -> sl: 1.10618 tp: 1.09611
0	13:22:02.377	'1809640': modify order #42893778 buy 0.01 EURUSD at 1.10068 sl: 1.09648 tp: 1.10508 -> sl: 1.09648 tp: 1.10510
0	13:22:02.738	'1809640': order #42893778 buy 0.01 EURUSD at 1.10068 was modified -> sl: 1.09648 tp: 1.10510
0	13:22:32.975	'1809640': order #42882966 buy 0.01 EURUSD at 1.10460 closed due stop-loss at price 1.10039
0	13:23:55.081	'1809640': modify order #42870701 sell 0.01 EURUSD at 1.10184 sl: 1.10604 tp: 1.09984 -> sl: 1.10604 tp: 1.09976
0	13:23:55.961	'1809640': order #42870701 sell 0.01 EURUSD at 1.10184 was modified -> sl: 1.10604 tp: 1.09976
0	13:23:56.026	'1809640': modify order #42893778 buy 0.01 EURUSD at 1.10068 sl: 1.09648 tp: 1.10510 -> sl: 1.09648 tp: 1.10519
0	13:23:56.517	'1809640': order #42893778 buy 0.01 EURUSD at 1.10068 was modified -> sl: 1.09648 tp: 1.10519
0	13:26:26.304	'1809640': modify order #42870701 sell 0.01 EURUSD at 1.10184 sl: 1.10604 tp: 1.09976 -> sl: 1.10604 tp: 1.09974
0	13:26:26.763	'1809640': order #42870701 sell 0.01 EURUSD at 1.10184 was modified -> sl: 1.10604 tp: 1.09974
0	13:26:26.763	'1809640': modify order #42893422 buy 0.01 EURUSD at 1.10095 sl: 1.09673 tp: 1.10534 -> sl: 1.09673 tp: 1.10538
0	13:26:27.056	'1809640': order #42893422 buy 0.01 EURUSD at 1.10095 was modified -> sl: 1.09673 tp: 1.10538
0	13:26:27.056	'1809640': modify order #42893778 buy 0.01 EURUSD at 1.10068 sl: 1.09648 tp: 1.10519 -> sl: 1.09648 tp: 1.10538
0	13:26:27.413	'1809640': order #42893778 buy 0.01 EURUSD at 1.10068 was modified -> sl: 1.09648 tp: 1.10538
0	13:30:04.071	'1809640': modify order #42870701 sell 0.01 EURUSD at 1.10184 sl: 1.10604 tp: 1.09974 -> sl: 1.10604 tp: 1.09972
0	13:30:04.529	'1809640': order #42870701 sell 0.01 EURUSD at 1.10184 was modified -> sl: 1.10604 tp: 1.09972
0	13:30:04.529	'1809640': modify order #42893422 buy 0.01 EURUSD at 1.10095 sl: 1.09673 tp: 1.10538 -> sl: 1.09673 tp: 1.10541
0	13:30:04.821	'1809640': order #42893422 buy 0.01 EURUSD at 1.10095 was modified -> sl: 1.09673 tp: 1.10541
0	13:30:04.821	'1809640': modify order #42893778 buy 0.01 EURUSD at 1.10068 sl: 1.09648 tp: 1.10538 -> sl: 1.09648 tp: 1.10540
0	13:30:05.150	'1809640': order #42893778 buy 0.01 EURUSD at 1.10068 was modified -> sl: 1.09648 tp: 1.10540
0	13:31:34.007	'1809640': order buy market 0.01 EURUSD sl: 1.09693 tp: 1.10555
0	13:31:34.530	'1809640': order was opened : #42894187 buy 0.01 EURUSD at 1.10112 sl: 1.09693 tp: 1.10555
0	13:32:35.430	'1809640': modify order #42893422 buy 0.01 EURUSD at 1.10095 sl: 1.09673 tp: 1.10541 -> sl: 1.09673 tp: 1.10551
0	13:32:36.566	'1809640': order #42893422 buy 0.01 EURUSD at 1.10095 was modified -> sl: 1.09673 tp: 1.10551
0	13:32:36.663	'1809640': modify order #42893778 buy 0.01 EURUSD at 1.10068 sl: 1.09648 tp: 1.10540 -> sl: 1.09648 tp: 1.10552
0	13:32:37.118	'1809640': order #42893778 buy 0.01 EURUSD at 1.10068 was modified -> sl: 1.09648 tp: 1.10552
0	13:35:52.127	'1809640': modify order #42893137 buy 0.01 EURUSD at 1.10129 sl: 1.09707 tp: 1.10568 -> sl: 1.09707 tp: 1.10570
0	13:35:52.647	'1809640': order #42893137 buy 0.01 EURUSD at 1.10129 was modified -> sl: 1.09707 tp: 1.10570
0	13:35:52.679	'1809640': modify order #42893422 buy 0.01 EURUSD at 1.10095 sl: 1.09673 tp: 1.10551 -> sl: 1.09673 tp: 1.10568
0	13:35:53.101	'1809640': order #42893422 buy 0.01 EURUSD at 1.10095 was modified -> sl: 1.09673 tp: 1.10568
0	13:35:53.134	'1809640': modify order #42893778 buy 0.01 EURUSD at 1.10068 sl: 1.09648 tp: 1.10552 -> sl: 1.09648 tp: 1.10568
0	13:35:53.430	'1809640': order #42893778 buy 0.01 EURUSD at 1.10068 was modified -> sl: 1.09648 tp: 1.10568
0	13:35:53.559	'1809640': modify order #42894187 buy 0.01 EURUSD at 1.10112 sl: 1.09693 tp: 1.10555 -> sl: 1.09693 tp: 1.10568
0	13:35:53.819	'1809640': order #42894187 buy 0.01 EURUSD at 1.10112 was modified -> sl: 1.09693 tp: 1.10568
0	13:37:16.665	'1809640': order buy market 0.01 EURUSD sl: 1.09746 tp: 1.10608
0	13:37:17.120	'1809640': order was opened : #42894394 buy 0.01 EURUSD at 1.10168 sl: 1.09746 tp: 1.10608
0	13:37:30.292	'1809640': modify order #42893137 buy 0.01 EURUSD at 1.10129 sl: 1.09707 tp: 1.10570 -> sl: 1.09707 tp: 1.10606
0	13:37:30.716	'1809640': order #42893137 buy 0.01 EURUSD at 1.10129 was modified -> sl: 1.09707 tp: 1.10606
0	13:37:30.716	'1809640': modify order #42893422 buy 0.01 EURUSD at 1.10095 sl: 1.09673 tp: 1.10568 -> sl: 1.09673 tp: 1.10606
0	13:37:31.107	'1809640': order #42893422 buy 0.01 EURUSD at 1.10095 was modified -> sl: 1.09673 tp: 1.10606
0	13:37:31.107	'1809640': modify order #42893778 buy 0.01 EURUSD at 1.10068 sl: 1.09648 tp: 1.10568 -> sl: 1.09648 tp: 1.10606
0	13:37:31.529	'1809640': order #42893778 buy 0.01 EURUSD at 1.10068 was modified -> sl: 1.09648 tp: 1.10606
0	13:37:31.562	'1809640': modify order #42894187 buy 0.01 EURUSD at 1.10112 sl: 1.09693 tp: 1.10568 -> sl: 1.09693 tp: 1.10606
0	13:37:31.891	'1809640': order #42894187 buy 0.01 EURUSD at 1.10112 was modified -> sl: 1.09693 tp: 1.10606
0	13:40:56.740	'1809640': modify order #42892975 buy 0.01 EURUSD at 1.10148 sl: 1.09728 tp: 1.10608 -> sl: 1.09728 tp: 1.10626
0	13:40:58.334	'1809640': order #42892975 buy 0.01 EURUSD at 1.10148 was modified -> sl: 1.09728 tp: 1.10626
0	13:40:58.334	'1809640': modify order #42893137 buy 0.01 EURUSD at 1.10129 sl: 1.09707 tp: 1.10606 -> sl: 1.09707 tp: 1.10627
0	13:40:58.821	'1809640': order #42893137 buy 0.01 EURUSD at 1.10129 was modified -> sl: 1.09707 tp: 1.10627
0	13:40:58.821	'1809640': modify order #42893422 buy 0.01 EURUSD at 1.10095 sl: 1.09673 tp: 1.10606 -> sl: 1.09673 tp: 1.10628
0	13:40:59.275	'1809640': order #42893422 buy 0.01 EURUSD at 1.10095 was modified -> sl: 1.09673 tp: 1.10628
0	13:40:59.279	'1809640': modify order #42893778 buy 0.01 EURUSD at 1.10068 sl: 1.09648 tp: 1.10606 -> sl: 1.09648 tp: 1.10627
0	13:40:59.729	'1809640': order #42893778 buy 0.01 EURUSD at 1.10068 was modified -> sl: 1.09648 tp: 1.10627
0	13:40:59.826	'1809640': modify order #42894187 buy 0.01 EURUSD at 1.10112 sl: 1.09693 tp: 1.10606 -> sl: 1.09693 tp: 1.10627
0	13:41:00.285	'1809640': order #42894187 buy 0.01 EURUSD at 1.10112 was modified -> sl: 1.09693 tp: 1.10627
0	13:41:00.317	'1809640': modify order #42894394 buy 0.01 EURUSD at 1.10168 sl: 1.09746 tp: 1.10608 -> sl: 1.09746 tp: 1.10627
0	13:41:00.678	'1809640': order #42894394 buy 0.01 EURUSD at 1.10168 was modified -> sl: 1.09746 tp: 1.10627
0	13:43:17.908	'1809640': order buy market 0.01 EURUSD sl: 1.09803 tp: 1.10664
0	13:43:18.265	'1809640': order was opened : #42894640 buy 0.01 EURUSD at 1.10223 sl: 1.09803 tp: 1.10664
0	13:43:23.342	'1809640': modify order #42870701 sell 0.01 EURUSD at 1.10184 sl: 1.10604 tp: 1.09972 -> sl: 1.10604 tp: 1.09955
0	13:43:23.735	'1809640': order #42870701 sell 0.01 EURUSD at 1.10184 was modified -> sl: 1.10604 tp: 1.09955
0	13:43:23.735	'1809640': modify order #42892975 buy 0.01 EURUSD at 1.10148 sl: 1.09728 tp: 1.10626 -> sl: 1.09728 tp: 1.10664
0	13:43:24.156	'1809640': order #42892975 buy 0.01 EURUSD at 1.10148 was modified -> sl: 1.09728 tp: 1.10664
0	13:43:24.156	'1809640': modify order #42893137 buy 0.01 EURUSD at 1.10129 sl: 1.09707 tp: 1.10627 -> sl: 1.09707 tp: 1.10664
0	13:43:24.517	'1809640': order #42893137 buy 0.01 EURUSD at 1.10129 was modified -> sl: 1.09707 tp: 1.10664
0	13:43:24.517	'1809640': modify order #42893422 buy 0.01 EURUSD at 1.10095 sl: 1.09673 tp: 1.10628 -> sl: 1.09673 tp: 1.10664
0	13:43:24.938	'1809640': order #42893422 buy 0.01 EURUSD at 1.10095 was modified -> sl: 1.09673 tp: 1.10664
0	13:43:24.938	'1809640': modify order #42893778 buy 0.01 EURUSD at 1.10068 sl: 1.09648 tp: 1.10627 -> sl: 1.09648 tp: 1.10664
0	13:43:25.332	'1809640': order #42893778 buy 0.01 EURUSD at 1.10068 was modified -> sl: 1.09648 tp: 1.10664
0	13:43:25.332	'1809640': modify order #42894187 buy 0.01 EURUSD at 1.10112 sl: 1.09693 tp: 1.10627 -> sl: 1.09693 tp: 1.10664
0	13:43:25.850	'1809640': order #42894187 buy 0.01 EURUSD at 1.10112 was modified -> sl: 1.09693 tp: 1.10664
0	13:43:25.850	'1809640': modify order #42894394 buy 0.01 EURUSD at 1.10168 sl: 1.09746 tp: 1.10627 -> sl: 1.09746 tp: 1.10663
0	13:43:26.240	'1809640': order #42894394 buy 0.01 EURUSD at 1.10168 was modified -> sl: 1.09746 tp: 1.10663
0	13:47:47.615	'1809640': modify order #42892975 buy 0.01 EURUSD at 1.10148 sl: 1.09728 tp: 1.10664 -> sl: 1.09728 tp: 1.10681
0	13:47:48.171	'1809640': order #42892975 buy 0.01 EURUSD at 1.10148 was modified -> sl: 1.09728 tp: 1.10681
0	13:47:48.204	'1809640': modify order #42893137 buy 0.01 EURUSD at 1.10129 sl: 1.09707 tp: 1.10664 -> sl: 1.09707 tp: 1.10683
0	13:47:48.626	'1809640': order #42893137 buy 0.01 EURUSD at 1.10129 was modified -> sl: 1.09707 tp: 1.10683
0	13:47:48.723	'1809640': modify order #42893422 buy 0.01 EURUSD at 1.10095 sl: 1.09673 tp: 1.10664 -> sl: 1.09673 tp: 1.10682
0	13:47:49.113	'1809640': order #42893422 buy 0.01 EURUSD at 1.10095 was modified -> sl: 1.09673 tp: 1.10682
0	13:47:49.210	'1809640': modify order #42893778 buy 0.01 EURUSD at 1.10068 sl: 1.09648 tp: 1.10664 -> sl: 1.09648 tp: 1.10682
0	13:47:49.564	'1809640': order #42893778 buy 0.01 EURUSD at 1.10068 was modified -> sl: 1.09648 tp: 1.10682
0	13:47:49.661	'1809640': modify order #42894187 buy 0.01 EURUSD at 1.10112 sl: 1.09693 tp: 1.10664 -> sl: 1.09693 tp: 1.10682
0	13:47:50.185	'1809640': order #42894187 buy 0.01 EURUSD at 1.10112 was modified -> sl: 1.09693 tp: 1.10682
0	13:47:50.412	'1809640': modify order #42894394 buy 0.01 EURUSD at 1.10168 sl: 1.09746 tp: 1.10663 -> sl: 1.09746 tp: 1.10682
0	13:47:50.936	'1809640': order #42894394 buy 0.01 EURUSD at 1.10168 was modified -> sl: 1.09746 tp: 1.10682
0	13:47:50.936	'1809640': modify order #42894640 buy 0.01 EURUSD at 1.10223 sl: 1.09803 tp: 1.10664 -> sl: 1.09803 tp: 1.10681
0	13:47:51.362	'1809640': order #42894640 buy 0.01 EURUSD at 1.10223 was modified -> sl: 1.09803 tp: 1.10681
0	13:50:24.914	'1809640': modify order #42887801 buy 0.01 EURUSD at 1.10329 sl: 1.09899 tp: 1.10610 -> sl: 1.09899 tp: 1.10662
0	13:50:25.535	'1809640': order #42887801 buy 0.01 EURUSD at 1.10329 was modified -> sl: 1.09899 tp: 1.10662
0	13:50:25.535	'1809640': modify order #42891730 buy 0.01 EURUSD at 1.10282 sl: 1.09861 tp: 1.10722 -> sl: 1.09861 tp: 1.10752
0	13:50:25.957	'1809640': order #42891730 buy 0.01 EURUSD at 1.10282 was modified -> sl: 1.09861 tp: 1.10752
0	13:50:25.957	'1809640': modify order #42892975 buy 0.01 EURUSD at 1.10148 sl: 1.09728 tp: 1.10681 -> sl: 1.09728 tp: 1.10751
0	13:50:26.315	'1809640': order #42892975 buy 0.01 EURUSD at 1.10148 was modified -> sl: 1.09728 tp: 1.10751
0	13:50:26.315	'1809640': modify order #42893137 buy 0.01 EURUSD at 1.10129 sl: 1.09707 tp: 1.10683 -> sl: 1.09707 tp: 1.10753
0	13:50:26.834	'1809640': order #42893137 buy 0.01 EURUSD at 1.10129 was modified -> sl: 1.09707 tp: 1.10753
0	13:50:26.900	'1809640': modify order #42893422 buy 0.01 EURUSD at 1.10095 sl: 1.09673 tp: 1.10682 -> sl: 1.09673 tp: 1.10753
0	13:50:27.257	'1809640': order #42893422 buy 0.01 EURUSD at 1.10095 was modified -> sl: 1.09673 tp: 1.10753
0	13:50:27.293	'1809640': modify order #42893778 buy 0.01 EURUSD at 1.10068 sl: 1.09648 tp: 1.10682 -> sl: 1.09648 tp: 1.10751
0	13:50:27.638	'1809640': order #42893778 buy 0.01 EURUSD at 1.10068 was modified -> sl: 1.09648 tp: 1.10751
0	13:50:27.638	'1809640': modify order #42894187 buy 0.01 EURUSD at 1.10112 sl: 1.09693 tp: 1.10682 -> sl: 1.09693 tp: 1.10754
0	13:50:28.125	'1809640': order #42894187 buy 0.01 EURUSD at 1.10112 was modified -> sl: 1.09693 tp: 1.10754
0	13:50:28.222	'1809640': modify order #42894394 buy 0.01 EURUSD at 1.10168 sl: 1.09746 tp: 1.10682 -> sl: 1.09746 tp: 1.10753
0	13:50:28.648	'1809640': order #42894394 buy 0.01 EURUSD at 1.10168 was modified -> sl: 1.09746 tp: 1.10753
0	13:50:28.713	'1809640': modify order #42894640 buy 0.01 EURUSD at 1.10223 sl: 1.09803 tp: 1.10681 -> sl: 1.09803 tp: 1.10755
0	13:50:29.010	'1809640': order #42894640 buy 0.01 EURUSD at 1.10223 was modified -> sl: 1.09803 tp: 1.10755
0	13:59:20.541	'1809640': modify order #42891730 buy 0.01 EURUSD at 1.10282 sl: 1.09861 tp: 1.10752 -> sl: 1.09861 tp: 1.10769
0	13:59:23.114	'1809640': order #42891730 buy 0.01 EURUSD at 1.10282 was modified -> sl: 1.09861 tp: 1.10769
0	13:59:27.238	'1809640': modify order #42892975 buy 0.01 EURUSD at 1.10148 sl: 1.09728 tp: 1.10751 -> sl: 1.09728 tp: 1.10769
0	13:59:27.725	'1809640': order #42892975 buy 0.01 EURUSD at 1.10148 was modified -> sl: 1.09728 tp: 1.10769
0	13:59:27.725	'1809640': modify order #42893137 buy 0.01 EURUSD at 1.10129 sl: 1.09707 tp: 1.10753 -> sl: 1.09707 tp: 1.10769
0	13:59:28.114	'1809640': order #42893137 buy 0.01 EURUSD at 1.10129 was modified -> sl: 1.09707 tp: 1.10769
0	13:59:28.244	'1809640': modify order #42893422 buy 0.01 EURUSD at 1.10095 sl: 1.09673 tp: 1.10753 -> sl: 1.09673 tp: 1.10770
0	13:59:28.634	'1809640': order #42893422 buy 0.01 EURUSD at 1.10095 was modified -> sl: 1.09673 tp: 1.10770
0	13:59:28.634	'1809640': modify order #42893778 buy 0.01 EURUSD at 1.10068 sl: 1.09648 tp: 1.10751 -> sl: 1.09648 tp: 1.10770
0	13:59:28.926	'1809640': order #42893778 buy 0.01 EURUSD at 1.10068 was modified -> sl: 1.09648 tp: 1.10770
0	13:59:28.926	'1809640': modify order #42894187 buy 0.01 EURUSD at 1.10112 sl: 1.09693 tp: 1.10754 -> sl: 1.09693 tp: 1.10770
0	13:59:29.348	'1809640': order #42894187 buy 0.01 EURUSD at 1.10112 was modified -> sl: 1.09693 tp: 1.10770
0	13:59:29.348	'1809640': modify order #42894394 buy 0.01 EURUSD at 1.10168 sl: 1.09746 tp: 1.10753 -> sl: 1.09746 tp: 1.10770
0	13:59:29.706	'1809640': order #42894394 buy 0.01 EURUSD at 1.10168 was modified -> sl: 1.09746 tp: 1.10770
0	13:59:29.706	'1809640': modify order #42894640 buy 0.01 EURUSD at 1.10223 sl: 1.09803 tp: 1.10755 -> sl: 1.09803 tp: 1.10770
0	13:59:30.030	'1809640': order #42894640 buy 0.01 EURUSD at 1.10223 was modified -> sl: 1.09803 tp: 1.10770
0	14:01:30.022	'1809640': modify order #42887801 buy 0.01 EURUSD at 1.10329 sl: 1.09899 tp: 1.10662 -> sl: 1.09899 tp: 1.10759
0	14:01:30.643	'1809640': order #42887801 buy 0.01 EURUSD at 1.10329 was modified -> sl: 1.09899 tp: 1.10759
0	14:01:30.643	'1809640': modify order #42891730 buy 0.01 EURUSD at 1.10282 sl: 1.09861 tp: 1.10769 -> sl: 1.09861 tp: 1.10816
0	14:01:31.098	'1809640': order #42891730 buy 0.01 EURUSD at 1.10282 was modified -> sl: 1.09861 tp: 1.10816
0	14:01:31.163	'1809640': modify order #42892975 buy 0.01 EURUSD at 1.10148 sl: 1.09728 tp: 1.10769 -> sl: 1.09728 tp: 1.10817
0	14:01:31.524	'1809640': order #42892975 buy 0.01 EURUSD at 1.10148 was modified -> sl: 1.09728 tp: 1.10817
0	14:01:31.524	'1809640': modify order #42893137 buy 0.01 EURUSD at 1.10129 sl: 1.09707 tp: 1.10769 -> sl: 1.09707 tp: 1.10814
0	14:01:31.946	'1809640': order #42893137 buy 0.01 EURUSD at 1.10129 was modified -> sl: 1.09707 tp: 1.10814
0	14:01:31.978	'1809640': modify order #42893422 buy 0.01 EURUSD at 1.10095 sl: 1.09673 tp: 1.10770 -> sl: 1.09673 tp: 1.10815
0	14:01:32.335	'1809640': order #42893422 buy 0.01 EURUSD at 1.10095 was modified -> sl: 1.09673 tp: 1.10815
0	14:01:32.400	'1809640': modify order #42893778 buy 0.01 EURUSD at 1.10068 sl: 1.09648 tp: 1.10770 -> sl: 1.09648 tp: 1.10817
0	14:01:32.725	'1809640': order #42893778 buy 0.01 EURUSD at 1.10068 was modified -> sl: 1.09648 tp: 1.10817
0	14:01:32.725	'1809640': modify order #42894187 buy 0.01 EURUSD at 1.10112 sl: 1.09693 tp: 1.10770 -> sl: 1.09693 tp: 1.10818
0	14:01:33.175	'1809640': order #42894187 buy 0.01 EURUSD at 1.10112 was modified -> sl: 1.09693 tp: 1.10818
0	14:01:33.309	'1809640': modify order #42894394 buy 0.01 EURUSD at 1.10168 sl: 1.09746 tp: 1.10770 -> sl: 1.09746 tp: 1.10816
0	14:01:33.634	'1809640': order #42894394 buy 0.01 EURUSD at 1.10168 was modified -> sl: 1.09746 tp: 1.10816
0	14:01:33.666	'1809640': modify order #42894640 buy 0.01 EURUSD at 1.10223 sl: 1.09803 tp: 1.10770 -> sl: 1.09803 tp: 1.10817
0	14:01:34.158	'1809640': order #42894640 buy 0.01 EURUSD at 1.10223 was modified -> sl: 1.09803 tp: 1.10817
0	14:04:05.007	'1809640': modify order #42887801 buy 0.01 EURUSD at 1.10329 sl: 1.09899 tp: 1.10759 -> sl: 1.09899 tp: 1.10818
0	14:04:05.728	'1809640': order #42887801 buy 0.01 EURUSD at 1.10329 was modified -> sl: 1.09899 tp: 1.10818
0	14:04:05.728	'1809640': modify order #42891730 buy 0.01 EURUSD at 1.10282 sl: 1.09861 tp: 1.10816 -> sl: 1.09861 tp: 1.10849
0	14:04:05.889	'1809640': order #42891730 buy 0.01 EURUSD at 1.10282 was modified -> sl: 1.09861 tp: 1.10849
0	14:04:05.915	'1809640': modify order #42892975 buy 0.01 EURUSD at 1.10148 sl: 1.09728 tp: 1.10817 -> sl: 1.09728 tp: 1.10850
0	14:04:06.406	'1809640': order #42892975 buy 0.01 EURUSD at 1.10148 was modified -> sl: 1.09728 tp: 1.10850
0	14:04:06.536	'1809640': modify order #42893137 buy 0.01 EURUSD at 1.10129 sl: 1.09707 tp: 1.10814 -> sl: 1.09707 tp: 1.10848
0	14:04:06.832	'1809640': order #42893137 buy 0.01 EURUSD at 1.10129 was modified -> sl: 1.09707 tp: 1.10848
0	14:04:06.864	'1809640': modify order #42893422 buy 0.01 EURUSD at 1.10095 sl: 1.09673 tp: 1.10815 -> sl: 1.09673 tp: 1.10847
0	14:04:07.254	'1809640': order #42893422 buy 0.01 EURUSD at 1.10095 was modified -> sl: 1.09673 tp: 1.10847
0	14:04:07.254	'1809640': modify order #42893778 buy 0.01 EURUSD at 1.10068 sl: 1.09648 tp: 1.10817 -> sl: 1.09648 tp: 1.10849
0	14:04:07.615	'1809640': order #42893778 buy 0.01 EURUSD at 1.10068 was modified -> sl: 1.09648 tp: 1.10849
0	14:04:07.712	'1809640': modify order #42894187 buy 0.01 EURUSD at 1.10112 sl: 1.09693 tp: 1.10818 -> sl: 1.09693 tp: 1.10848
0	14:04:08.102	'1809640': order #42894187 buy 0.01 EURUSD at 1.10112 was modified -> sl: 1.09693 tp: 1.10848
0	14:04:08.167	'1809640': modify order #42894394 buy 0.01 EURUSD at 1.10168 sl: 1.09746 tp: 1.10816 -> sl: 1.09746 tp: 1.10847
0	14:04:08.524	'1809640': order #42894394 buy 0.01 EURUSD at 1.10168 was modified -> sl: 1.09746 tp: 1.10847
0	14:04:08.524	'1809640': modify order #42894640 buy 0.01 EURUSD at 1.10223 sl: 1.09803 tp: 1.10817 -> sl: 1.09803 tp: 1.10848
0	14:04:08.951	'1809640': order #42894640 buy 0.01 EURUSD at 1.10223 was modified -> sl: 1.09803 tp: 1.10848
0	14:19:54.967	'1809640': modify order #42885287 buy 0.01 EURUSD at 1.10398 sl: 1.09978 tp: 1.10866 -> sl: 1.09978 tp: 1.10894
0	14:19:55.292	'1809640': order #42885287 buy 0.01 EURUSD at 1.10398 was modified -> sl: 1.09978 tp: 1.10894
0	14:19:55.292	'1809640': modify order #42886121 buy 0.01 EURUSD at 1.10429 sl: 1.10007 tp: 1.10869 -> sl: 1.10007 tp: 1.10894
0	14:19:55.681	'1809640': order #42886121 buy 0.01 EURUSD at 1.10429 was modified -> sl: 1.10007 tp: 1.10894
0	14:19:55.847	'1809640': modify order #42891730 buy 0.01 EURUSD at 1.10282 sl: 1.09861 tp: 1.10849 -> sl: 1.09861 tp: 1.10894
0	14:19:56.269	'1809640': order #42891730 buy 0.01 EURUSD at 1.10282 was modified -> sl: 1.09861 tp: 1.10894
0	14:19:56.338	'1809640': modify order #42892975 buy 0.01 EURUSD at 1.10148 sl: 1.09728 tp: 1.10850 -> sl: 1.09728 tp: 1.10892
0	14:19:56.727	'1809640': order #42892975 buy 0.01 EURUSD at 1.10148 was modified -> sl: 1.09728 tp: 1.10892
0	14:19:56.727	'1809640': modify order #42893137 buy 0.01 EURUSD at 1.10129 sl: 1.09707 tp: 1.10848 -> sl: 1.09707 tp: 1.10893
0	14:19:57.024	'1809640': order #42893137 buy 0.01 EURUSD at 1.10129 was modified -> sl: 1.09707 tp: 1.10893
0	14:19:57.024	'1809640': modify order #42893422 buy 0.01 EURUSD at 1.10095 sl: 1.09673 tp: 1.10847 -> sl: 1.09673 tp: 1.10894
0	14:19:57.446	'1809640': order #42893422 buy 0.01 EURUSD at 1.10095 was modified -> sl: 1.09673 tp: 1.10894
0	14:19:57.478	'1809640': modify order #42893778 buy 0.01 EURUSD at 1.10068 sl: 1.09648 tp: 1.10849 -> sl: 1.09648 tp: 1.10894
0	14:19:57.969	'1809640': order #42893778 buy 0.01 EURUSD at 1.10068 was modified -> sl: 1.09648 tp: 1.10894
0	14:19:58.034	'1809640': modify order #42894187 buy 0.01 EURUSD at 1.10112 sl: 1.09693 tp: 1.10848 -> sl: 1.09693 tp: 1.10895
0	14:19:58.293	'1809640': order #42894187 buy 0.01 EURUSD at 1.10112 was modified -> sl: 1.09693 tp: 1.10895
0	14:19:58.295	'1809640': modify order #42894394 buy 0.01 EURUSD at 1.10168 sl: 1.09746 tp: 1.10847 -> sl: 1.09746 tp: 1.10894
0	14:19:58.456	'1809640': order #42894394 buy 0.01 EURUSD at 1.10168 was modified -> sl: 1.09746 tp: 1.10894
0	14:19:58.456	'1809640': modify order #42894640 buy 0.01 EURUSD at 1.10223 sl: 1.09803 tp: 1.10848 -> sl: 1.09803 tp: 1.10894
0	14:19:58.845	'1809640': order #42894640 buy 0.01 EURUSD at 1.10223 was modified -> sl: 1.09803 tp: 1.10894
0	14:21:49.330	'1809640': modify order #42887801 buy 0.01 EURUSD at 1.10329 sl: 1.09899 tp: 1.10818 -> sl: 1.09899 tp: 1.10856
0	14:21:49.720	'1809640': order #42887801 buy 0.01 EURUSD at 1.10329 was modified -> sl: 1.09899 tp: 1.10856
0	14:23:20.892	'1809640': modify order #42885287 buy 0.01 EURUSD at 1.10398 sl: 1.09978 tp: 1.10894 -> sl: 1.09978 tp: 1.10927
0	14:23:21.903	'1809640': order #42885287 buy 0.01 EURUSD at 1.10398 was modified -> sl: 1.09978 tp: 1.10927
0	14:23:21.936	'1809640': modify order #42886121 buy 0.01 EURUSD at 1.10429 sl: 1.10007 tp: 1.10894 -> sl: 1.10007 tp: 1.10928
0	14:23:22.232	'1809640': order #42886121 buy 0.01 EURUSD at 1.10429 was modified -> sl: 1.10007 tp: 1.10928
0	14:23:22.232	'1809640': modify order #42887801 buy 0.01 EURUSD at 1.10329 sl: 1.09899 tp: 1.10856 -> sl: 1.09899 tp: 1.10927
0	14:23:22.556	'1809640': order #42887801 buy 0.01 EURUSD at 1.10329 was modified -> sl: 1.09899 tp: 1.10927
0	14:23:22.556	'1809640': modify order #42891730 buy 0.01 EURUSD at 1.10282 sl: 1.09861 tp: 1.10894 -> sl: 1.09861 tp: 1.10928
0	14:23:22.751	'1809640': order #42891730 buy 0.01 EURUSD at 1.10282 was modified -> sl: 1.09861 tp: 1.10928
0	14:23:22.751	'1809640': modify order #42892975 buy 0.01 EURUSD at 1.10148 sl: 1.09728 tp: 1.10892 -> sl: 1.09728 tp: 1.10928
0	14:23:23.045	'1809640': order #42892975 buy 0.01 EURUSD at 1.10148 was modified -> sl: 1.09728 tp: 1.10928
0	14:23:23.045	'1809640': modify order #42893137 buy 0.01 EURUSD at 1.10129 sl: 1.09707 tp: 1.10893 -> sl: 1.09707 tp: 1.10927
0	14:23:23.335	'1809640': order #42893137 buy 0.01 EURUSD at 1.10129 was modified -> sl: 1.09707 tp: 1.10927
0	14:23:23.335	'1809640': modify order #42893422 buy 0.01 EURUSD at 1.10095 sl: 1.09673 tp: 1.10894 -> sl: 1.09673 tp: 1.10927
0	14:23:23.631	'1809640': order #42893422 buy 0.01 EURUSD at 1.10095 was modified -> sl: 1.09673 tp: 1.10927
0	14:23:23.631	'1809640': modify order #42893778 buy 0.01 EURUSD at 1.10068 sl: 1.09648 tp: 1.10894 -> sl: 1.09648 tp: 1.10927
0	14:23:24.025	'1809640': order #42893778 buy 0.01 EURUSD at 1.10068 was modified -> sl: 1.09648 tp: 1.10927
0	14:23:24.057	'1809640': modify order #42894187 buy 0.01 EURUSD at 1.10112 sl: 1.09693 tp: 1.10895 -> sl: 1.09693 tp: 1.10927
0	14:23:24.248	'1809640': order #42894187 buy 0.01 EURUSD at 1.10112 was modified -> sl: 1.09693 tp: 1.10927
0	14:23:24.248	'1809640': modify order #42894394 buy 0.01 EURUSD at 1.10168 sl: 1.09746 tp: 1.10894 -> sl: 1.09746 tp: 1.10927
0	14:23:24.670	'1809640': order #42894394 buy 0.01 EURUSD at 1.10168 was modified -> sl: 1.09746 tp: 1.10927
0	14:23:24.670	'1809640': modify order #42894640 buy 0.01 EURUSD at 1.10223 sl: 1.09803 tp: 1.10894 -> sl: 1.09803 tp: 1.10927
0	14:23:25.129	'1809640': order #42894640 buy 0.01 EURUSD at 1.10223 was modified -> sl: 1.09803 tp: 1.10927
0	14:25:59.788	'1809640': modify order #42885287 buy 0.01 EURUSD at 1.10398 sl: 1.09978 tp: 1.10927 -> sl: 1.09978 tp: 1.10951
0	14:26:00.868	'1809640': order #42885287 buy 0.01 EURUSD at 1.10398 was modified -> sl: 1.09978 tp: 1.10951
0	14:26:00.868	'1809640': modify order #42886121 buy 0.01 EURUSD at 1.10429 sl: 1.10007 tp: 1.10928 -> sl: 1.10007 tp: 1.10952
0	14:26:01.229	'1809640': order #42886121 buy 0.01 EURUSD at 1.10429 was modified -> sl: 1.10007 tp: 1.10952
0	14:26:01.229	'1809640': modify order #42887801 buy 0.01 EURUSD at 1.10329 sl: 1.09899 tp: 1.10927 -> sl: 1.09899 tp: 1.10945
0	14:26:01.554	'1809640': order #42887801 buy 0.01 EURUSD at 1.10329 was modified -> sl: 1.09899 tp: 1.10945
0	14:26:01.554	'1809640': modify order #42891730 buy 0.01 EURUSD at 1.10282 sl: 1.09861 tp: 1.10928 -> sl: 1.09861 tp: 1.10950
0	14:26:01.911	'1809640': order #42891730 buy 0.01 EURUSD at 1.10282 was modified -> sl: 1.09861 tp: 1.10950
0	14:26:01.911	'1809640': modify order #42892975 buy 0.01 EURUSD at 1.10148 sl: 1.09728 tp: 1.10928 -> sl: 1.09728 tp: 1.10951
0	14:26:02.240	'1809640': order #42892975 buy 0.01 EURUSD at 1.10148 was modified -> sl: 1.09728 tp: 1.10951
0	14:26:02.240	'1809640': modify order #42893137 buy 0.01 EURUSD at 1.10129 sl: 1.09707 tp: 1.10927 -> sl: 1.09707 tp: 1.10951
0	14:26:02.630	'1809640': order #42893137 buy 0.01 EURUSD at 1.10129 was modified -> sl: 1.09707 tp: 1.10951
0	14:26:02.630	'1809640': modify order #42893422 buy 0.01 EURUSD at 1.10095 sl: 1.09673 tp: 1.10927 -> sl: 1.09673 tp: 1.10949
0	14:26:02.987	'1809640': order #42893422 buy 0.01 EURUSD at 1.10095 was modified -> sl: 1.09673 tp: 1.10949
0	14:26:03.056	'1809640': modify order #42893778 buy 0.01 EURUSD at 1.10068 sl: 1.09648 tp: 1.10927 -> sl: 1.09648 tp: 1.10950
0	14:26:03.348	'1809640': order #42893778 buy 0.01 EURUSD at 1.10068 was modified -> sl: 1.09648 tp: 1.10950
0	14:26:03.446	'1809640': modify order #42894187 buy 0.01 EURUSD at 1.10112 sl: 1.09693 tp: 1.10927 -> sl: 1.09693 tp: 1.10950
0	14:26:03.738	'1809640': order #42894187 buy 0.01 EURUSD at 1.10112 was modified -> sl: 1.09693 tp: 1.10950
0	14:26:03.738	'1809640': modify order #42894394 buy 0.01 EURUSD at 1.10168 sl: 1.09746 tp: 1.10927 -> sl: 1.09746 tp: 1.10950
0	14:26:04.460	'1809640': order #42894394 buy 0.01 EURUSD at 1.10168 was modified -> sl: 1.09746 tp: 1.10950
0	14:26:05.014	'1809640': modify order #42894640 buy 0.01 EURUSD at 1.10223 sl: 1.09803 tp: 1.10927 -> sl: 1.09803 tp: 1.10950
0	14:26:05.532	'1809640': order #42894640 buy 0.01 EURUSD at 1.10223 was modified -> sl: 1.09803 tp: 1.10950
0	15:01:19.434	'1809640': modify order #42884983 buy 0.01 EURUSD at 1.10359 sl: 1.09945 tp: 1.10628 -> sl: 1.09945 tp: 1.10634
0	15:01:20.407	'1809640': order #42884983 buy 0.01 EURUSD at 1.10359 was modified -> sl: 1.09945 tp: 1.10634
0	15:09:11.566	'1809640': modify order #42884983 buy 0.01 EURUSD at 1.10359 sl: 1.09945 tp: 1.10634 -> sl: 1.09945 tp: 1.10645
0	15:09:11.793	'1809640': order #42884983 buy 0.01 EURUSD at 1.10359 was modified -> sl: 1.09945 tp: 1.10645
0	15:14:41.229	'1809640': modify order #42884983 buy 0.01 EURUSD at 1.10359 sl: 1.09945 tp: 1.10645 -> sl: 1.09945 tp: 1.10658
0	15:14:41.590	'1809640': order #42884983 buy 0.01 EURUSD at 1.10359 was modified -> sl: 1.09945 tp: 1.10658
0	15:19:26.993	'1809640': modify order #42884983 buy 0.01 EURUSD at 1.10359 sl: 1.09945 tp: 1.10658 -> sl: 1.09945 tp: 1.10667
0	15:19:27.322	'1809640': order #42884983 buy 0.01 EURUSD at 1.10359 was modified -> sl: 1.09945 tp: 1.10667
0	15:19:27.322	'1809640': modify order #42885287 buy 0.01 EURUSD at 1.10398 sl: 1.09978 tp: 1.10951 -> sl: 1.09978 tp: 1.10958
0	15:19:27.614	'1809640': order #42885287 buy 0.01 EURUSD at 1.10398 was modified -> sl: 1.09978 tp: 1.10958
0	15:19:27.614	'1809640': modify order #42886121 buy 0.01 EURUSD at 1.10429 sl: 1.10007 tp: 1.10952 -> sl: 1.10007 tp: 1.10958
0	15:19:27.971	'1809640': order #42886121 buy 0.01 EURUSD at 1.10429 was modified -> sl: 1.10007 tp: 1.10958
0	15:19:27.971	'1809640': modify order #42891730 buy 0.01 EURUSD at 1.10282 sl: 1.09861 tp: 1.10950 -> sl: 1.09861 tp: 1.10958
0	15:19:31.135	'1809640': order #42891730 buy 0.01 EURUSD at 1.10282 was modified -> sl: 1.09861 tp: 1.10958
0	15:19:36.639	'1809640': modify order #42892975 buy 0.01 EURUSD at 1.10148 sl: 1.09728 tp: 1.10951 -> sl: 1.09728 tp: 1.10957
0	15:19:37.024	'1809640': order #42892975 buy 0.01 EURUSD at 1.10148 was modified -> sl: 1.09728 tp: 1.10957
0	15:19:37.089	'1809640': modify order #42893137 buy 0.01 EURUSD at 1.10129 sl: 1.09707 tp: 1.10951 -> sl: 1.09707 tp: 1.10957
0	15:19:37.446	'1809640': order #42893137 buy 0.01 EURUSD at 1.10129 was modified -> sl: 1.09707 tp: 1.10957
0	15:19:37.608	'1809640': modify order #42893422 buy 0.01 EURUSD at 1.10095 sl: 1.09673 tp: 1.10949 -> sl: 1.09673 tp: 1.10957
0	15:19:37.868	'1809640': order #42893422 buy 0.01 EURUSD at 1.10095 was modified -> sl: 1.09673 tp: 1.10957
0	15:19:37.868	'1809640': modify order #42893778 buy 0.01 EURUSD at 1.10068 sl: 1.09648 tp: 1.10950 -> sl: 1.09648 tp: 1.10957
0	15:19:38.221	'1809640': order #42893778 buy 0.01 EURUSD at 1.10068 was modified -> sl: 1.09648 tp: 1.10957
0	15:19:38.221	'1809640': modify order #42894187 buy 0.01 EURUSD at 1.10112 sl: 1.09693 tp: 1.10950 -> sl: 1.09693 tp: 1.10957
0	15:19:38.517	'1809640': order #42894187 buy 0.01 EURUSD at 1.10112 was modified -> sl: 1.09693 tp: 1.10957
0	15:19:38.615	'1809640': modify order #42894394 buy 0.01 EURUSD at 1.10168 sl: 1.09746 tp: 1.10950 -> sl: 1.09746 tp: 1.10957
0	15:19:38.940	'1809640': order #42894394 buy 0.01 EURUSD at 1.10168 was modified -> sl: 1.09746 tp: 1.10957
0	15:19:38.940	'1809640': modify order #42894640 buy 0.01 EURUSD at 1.10223 sl: 1.09803 tp: 1.10950 -> sl: 1.09803 tp: 1.10957
0	15:19:39.232	'1809640': order #42894640 buy 0.01 EURUSD at 1.10223 was modified -> sl: 1.09803 tp: 1.10957
0	15:20:57.617	'1809640': modify order #42884983 buy 0.01 EURUSD at 1.10359 sl: 1.09945 tp: 1.10667 -> sl: 1.09945 tp: 1.10671
0	15:20:58.762	'1809640': order #42884983 buy 0.01 EURUSD at 1.10359 was modified -> sl: 1.09945 tp: 1.10671
0	15:20:58.762	'1809640': modify order #42885287 buy 0.01 EURUSD at 1.10398 sl: 1.09978 tp: 1.10958 -> sl: 1.09978 tp: 1.10966
0	15:20:59.087	'1809640': order #42885287 buy 0.01 EURUSD at 1.10398 was modified -> sl: 1.09978 tp: 1.10966
0	15:20:59.087	'1809640': modify order #42886121 buy 0.01 EURUSD at 1.10429 sl: 1.10007 tp: 1.10958 -> sl: 1.10007 tp: 1.10965
0	15:20:59.411	'1809640': order #42886121 buy 0.01 EURUSD at 1.10429 was modified -> sl: 1.10007 tp: 1.10965
0	15:20:59.411	'1809640': modify order #42891730 buy 0.01 EURUSD at 1.10282 sl: 1.09861 tp: 1.10958 -> sl: 1.09861 tp: 1.10966
0	15:20:59.736	'1809640': order #42891730 buy 0.01 EURUSD at 1.10282 was modified -> sl: 1.09861 tp: 1.10966
0	15:20:59.736	'1809640': modify order #42892975 buy 0.01 EURUSD at 1.10148 sl: 1.09728 tp: 1.10957 -> sl: 1.09728 tp: 1.10966
0	15:21:00.162	'1809640': order #42892975 buy 0.01 EURUSD at 1.10148 was modified -> sl: 1.09728 tp: 1.10966
0	15:21:00.162	'1809640': modify order #42893137 buy 0.01 EURUSD at 1.10129 sl: 1.09707 tp: 1.10957 -> sl: 1.09707 tp: 1.10966
0	15:21:00.685	'1809640': order #42893137 buy 0.01 EURUSD at 1.10129 was modified -> sl: 1.09707 tp: 1.10966
0	15:21:00.750	'1809640': modify order #42893422 buy 0.01 EURUSD at 1.10095 sl: 1.09673 tp: 1.10957 -> sl: 1.09673 tp: 1.10966
0	15:21:01.302	'1809640': order #42893422 buy 0.01 EURUSD at 1.10095 was modified -> sl: 1.09673 tp: 1.10966
0	15:21:01.366	'1809640': modify order #42893778 buy 0.01 EURUSD at 1.10068 sl: 1.09648 tp: 1.10957 -> sl: 1.09648 tp: 1.10965
0	15:21:01.825	'1809640': order #42893778 buy 0.01 EURUSD at 1.10068 was modified -> sl: 1.09648 tp: 1.10965
0	15:21:01.860	'1809640': modify order #42894187 buy 0.01 EURUSD at 1.10112 sl: 1.09693 tp: 1.10957 -> sl: 1.09693 tp: 1.10966
0	15:21:02.215	'1809640': order #42894187 buy 0.01 EURUSD at 1.10112 was modified -> sl: 1.09693 tp: 1.10966
0	15:21:02.248	'1809640': modify order #42894394 buy 0.01 EURUSD at 1.10168 sl: 1.09746 tp: 1.10957 -> sl: 1.09746 tp: 1.10965
0	15:21:02.637	'1809640': order #42894394 buy 0.01 EURUSD at 1.10168 was modified -> sl: 1.09746 tp: 1.10965
0	15:21:02.767	'1809640': modify order #42894640 buy 0.01 EURUSD at 1.10223 sl: 1.09803 tp: 1.10957 -> sl: 1.09803 tp: 1.10965
0	15:21:02.998	'1809640': order #42894640 buy 0.01 EURUSD at 1.10223 was modified -> sl: 1.09803 tp: 1.10965
0	15:22:21.214	'1809640': modify order #42884983 buy 0.01 EURUSD at 1.10359 sl: 1.09945 tp: 1.10671 -> sl: 1.09945 tp: 1.10683
0	15:22:21.636	'1809640': order #42884983 buy 0.01 EURUSD at 1.10359 was modified -> sl: 1.09945 tp: 1.10683
0	15:22:21.636	'1809640': modify order #42885287 buy 0.01 EURUSD at 1.10398 sl: 1.09978 tp: 1.10966 -> sl: 1.09978 tp: 1.10984
0	15:22:22.063	'1809640': order #42885287 buy 0.01 EURUSD at 1.10398 was modified -> sl: 1.09978 tp: 1.10984
0	15:22:22.095	'1809640': modify order #42886121 buy 0.01 EURUSD at 1.10429 sl: 1.10007 tp: 1.10965 -> sl: 1.10007 tp: 1.10984
0	15:22:22.387	'1809640': order #42886121 buy 0.01 EURUSD at 1.10429 was modified -> sl: 1.10007 tp: 1.10984
0	15:22:22.387	'1809640': modify order #42891730 buy 0.01 EURUSD at 1.10282 sl: 1.09861 tp: 1.10966 -> sl: 1.09861 tp: 1.10985
0	15:22:22.903	'1809640': order #42891730 buy 0.01 EURUSD at 1.10282 was modified -> sl: 1.09861 tp: 1.10985
0	15:22:22.903	'1809640': modify order #42892975 buy 0.01 EURUSD at 1.10148 sl: 1.09728 tp: 1.10966 -> sl: 1.09728 tp: 1.10985
0	15:22:23.329	'1809640': order #42892975 buy 0.01 EURUSD at 1.10148 was modified -> sl: 1.09728 tp: 1.10985
0	15:22:23.329	'1809640': modify order #42893137 buy 0.01 EURUSD at 1.10129 sl: 1.09707 tp: 1.10966 -> sl: 1.09707 tp: 1.10984
0	15:22:23.719	'1809640': order #42893137 buy 0.01 EURUSD at 1.10129 was modified -> sl: 1.09707 tp: 1.10984
0	15:22:23.719	'1809640': modify order #42893422 buy 0.01 EURUSD at 1.10095 sl: 1.09673 tp: 1.10966 -> sl: 1.09673 tp: 1.10985
0	15:22:24.271	'1809640': order #42893422 buy 0.01 EURUSD at 1.10095 was modified -> sl: 1.09673 tp: 1.10985
0	15:22:24.271	'1809640': modify order #42893778 buy 0.01 EURUSD at 1.10068 sl: 1.09648 tp: 1.10965 -> sl: 1.09648 tp: 1.10986
0	15:22:24.725	'1809640': order #42893778 buy 0.01 EURUSD at 1.10068 was modified -> sl: 1.09648 tp: 1.10986
0	15:22:24.725	'1809640': modify order #42894187 buy 0.01 EURUSD at 1.10112 sl: 1.09693 tp: 1.10966 -> sl: 1.09693 tp: 1.10984
0	15:22:24.952	'1809640': order #42894187 buy 0.01 EURUSD at 1.10112 was modified -> sl: 1.09693 tp: 1.10984
0	15:22:25.017	'1809640': modify order #42894394 buy 0.01 EURUSD at 1.10168 sl: 1.09746 tp: 1.10965 -> sl: 1.09746 tp: 1.10984
0	15:22:25.248	'1809640': order #42894394 buy 0.01 EURUSD at 1.10168 was modified -> sl: 1.09746 tp: 1.10984
0	15:22:25.248	'1809640': modify order #42894640 buy 0.01 EURUSD at 1.10223 sl: 1.09803 tp: 1.10965 -> sl: 1.09803 tp: 1.10984
0	15:22:25.641	'1809640': order #42894640 buy 0.01 EURUSD at 1.10223 was modified -> sl: 1.09803 tp: 1.10984
0	16:13:17.682	'1809640': order #42870469 sell 0.01 EURUSD at 1.10152 closed due stop-loss at price 1.10576
0	16:13:17.715	'1809640': order #42870772 sell 0.01 EURUSD at 1.10175 closed due stop-loss at price 1.10599
0	16:13:17.715	'1809640': order #42870932 sell 0.01 EURUSD at 1.10176 closed due stop-loss at price 1.10599
0	16:14:54.512	'1809640': modify order #42885287 buy 0.01 EURUSD at 1.10398 sl: 1.09978 tp: 1.10984 -> sl: 1.09978 tp: 1.10999
0	16:14:54.967	'1809640': order #42885287 buy 0.01 EURUSD at 1.10398 was modified -> sl: 1.09978 tp: 1.10999
0	16:14:54.999	'1809640': modify order #42886121 buy 0.01 EURUSD at 1.10429 sl: 1.10007 tp: 1.10984 -> sl: 1.10007 tp: 1.10999
0	16:14:55.620	'1809640': order #42886121 buy 0.01 EURUSD at 1.10429 was modified -> sl: 1.10007 tp: 1.10999
0	16:14:55.620	'1809640': modify order #42891730 buy 0.01 EURUSD at 1.10282 sl: 1.09861 tp: 1.10985 -> sl: 1.09861 tp: 1.10999
0	16:14:56.075	'1809640': order #42891730 buy 0.01 EURUSD at 1.10282 was modified -> sl: 1.09861 tp: 1.10999
0	16:14:56.144	'1809640': modify order #42892975 buy 0.01 EURUSD at 1.10148 sl: 1.09728 tp: 1.10985 -> sl: 1.09728 tp: 1.11000
0	16:14:56.696	'1809640': order #42892975 buy 0.01 EURUSD at 1.10148 was modified -> sl: 1.09728 tp: 1.11000
0	16:14:56.728	'1809640': modify order #42893137 buy 0.01 EURUSD at 1.10129 sl: 1.09707 tp: 1.10984 -> sl: 1.09707 tp: 1.11000
0	16:14:57.090	'1809640': order #42893137 buy 0.01 EURUSD at 1.10129 was modified -> sl: 1.09707 tp: 1.11000
0	16:14:57.154	'1809640': modify order #42893422 buy 0.01 EURUSD at 1.10095 sl: 1.09673 tp: 1.10985 -> sl: 1.09673 tp: 1.11000
0	16:14:57.512	'1809640': order #42893422 buy 0.01 EURUSD at 1.10095 was modified -> sl: 1.09673 tp: 1.11000
0	16:14:57.577	'1809640': modify order #42893778 buy 0.01 EURUSD at 1.10068 sl: 1.09648 tp: 1.10986 -> sl: 1.09648 tp: 1.11000
0	16:14:57.967	'1809640': order #42893778 buy 0.01 EURUSD at 1.10068 was modified -> sl: 1.09648 tp: 1.11000
0	16:14:57.999	'1809640': modify order #42894187 buy 0.01 EURUSD at 1.10112 sl: 1.09693 tp: 1.10984 -> sl: 1.09693 tp: 1.11000
0	16:14:58.291	'1809640': order #42894187 buy 0.01 EURUSD at 1.10112 was modified -> sl: 1.09693 tp: 1.11000
0	16:14:58.421	'1809640': modify order #42894394 buy 0.01 EURUSD at 1.10168 sl: 1.09746 tp: 1.10984 -> sl: 1.09746 tp: 1.11000
0	16:14:58.681	'1809640': order #42894394 buy 0.01 EURUSD at 1.10168 was modified -> sl: 1.09746 tp: 1.11000
0	16:14:58.746	'1809640': modify order #42894640 buy 0.01 EURUSD at 1.10223 sl: 1.09803 tp: 1.10984 -> sl: 1.09803 tp: 1.11000
0	16:14:59.140	'1809640': order #42894640 buy 0.01 EURUSD at 1.10223 was modified -> sl: 1.09803 tp: 1.11000
0	17:02:28.836	'1809640': order #42870701 sell 0.01 EURUSD at 1.10184 closed due stop-loss at price 1.10604
0	17:03:54.617	'1809640': modify order #42885287 buy 0.01 EURUSD at 1.10398 sl: 1.09978 tp: 1.10999 -> sl: 1.09978 tp: 1.11027
0	17:03:55.007	'1809640': order #42885287 buy 0.01 EURUSD at 1.10398 was modified -> sl: 1.09978 tp: 1.11027
0	17:03:55.429	'1809640': modify order #42886121 buy 0.01 EURUSD at 1.10429 sl: 1.10007 tp: 1.10999 -> sl: 1.10007 tp: 1.11027
0	17:03:55.790	'1809640': order #42886121 buy 0.01 EURUSD at 1.10429 was modified -> sl: 1.10007 tp: 1.11027
0	17:03:55.823	'1809640': modify order #42891730 buy 0.01 EURUSD at 1.10282 sl: 1.09861 tp: 1.10999 -> sl: 1.09861 tp: 1.11027
0	17:03:56.245	'1809640': order #42891730 buy 0.01 EURUSD at 1.10282 was modified -> sl: 1.09861 tp: 1.11027
0	17:03:56.245	'1809640': modify order #42892975 buy 0.01 EURUSD at 1.10148 sl: 1.09728 tp: 1.11000 -> sl: 1.09728 tp: 1.11027
0	17:03:56.541	'1809640': order #42892975 buy 0.01 EURUSD at 1.10148 was modified -> sl: 1.09728 tp: 1.11027
0	17:03:56.638	'1809640': modify order #42893137 buy 0.01 EURUSD at 1.10129 sl: 1.09707 tp: 1.11000 -> sl: 1.09707 tp: 1.11027
0	17:03:56.996	'1809640': order #42893137 buy 0.01 EURUSD at 1.10129 was modified -> sl: 1.09707 tp: 1.11027
0	17:03:56.996	'1809640': modify order #42893422 buy 0.01 EURUSD at 1.10095 sl: 1.09673 tp: 1.11000 -> sl: 1.09673 tp: 1.11028
0	17:03:57.357	'1809640': order #42893422 buy 0.01 EURUSD at 1.10095 was modified -> sl: 1.09673 tp: 1.11028
0	17:03:57.357	'1809640': modify order #42893778 buy 0.01 EURUSD at 1.10068 sl: 1.09648 tp: 1.11000 -> sl: 1.09648 tp: 1.11027
0	17:03:57.747	'1809640': order #42893778 buy 0.01 EURUSD at 1.10068 was modified -> sl: 1.09648 tp: 1.11027
0	17:03:57.747	'1809640': modify order #42894187 buy 0.01 EURUSD at 1.10112 sl: 1.09693 tp: 1.11000 -> sl: 1.09693 tp: 1.11027
0	17:03:58.201	'1809640': order #42894187 buy 0.01 EURUSD at 1.10112 was modified -> sl: 1.09693 tp: 1.11027
0	17:03:58.234	'1809640': modify order #42894394 buy 0.01 EURUSD at 1.10168 sl: 1.09746 tp: 1.11000 -> sl: 1.09746 tp: 1.11028
0	17:03:58.655	'1809640': order #42894394 buy 0.01 EURUSD at 1.10168 was modified -> sl: 1.09746 tp: 1.11028
0	17:03:58.688	'1809640': modify order #42894640 buy 0.01 EURUSD at 1.10223 sl: 1.09803 tp: 1.11000 -> sl: 1.09803 tp: 1.11027
0	17:03:59.077	'1809640': order #42894640 buy 0.01 EURUSD at 1.10223 was modified -> sl: 1.09803 tp: 1.11027
0	17:05:33.216	'1809640': order #42871043 sell 0.01 EURUSD at 1.10194 closed due stop-loss at price 1.10618
0	17:05:40.238	'1809640': order #42870816 sell 0.01 EURUSD at 1.10202 closed due stop-loss at price 1.10627
0	17:05:41.799	'1809640': order #42871175 sell 0.01 EURUSD at 1.10219 closed due stop-loss at price 1.10641
0	17:06:58.687	'1809640': modify order #42885287 buy 0.01 EURUSD at 1.10398 sl: 1.09978 tp: 1.11027 -> sl: 1.09978 tp: 1.11088
0	17:06:59.271	'1809640': order #42885287 buy 0.01 EURUSD at 1.10398 was modified -> sl: 1.09978 tp: 1.11088
0	17:06:59.304	'1809640': modify order #42886121 buy 0.01 EURUSD at 1.10429 sl: 1.10007 tp: 1.11027 -> sl: 1.10007 tp: 1.11088
0	17:06:59.596	'1809640': order #42886121 buy 0.01 EURUSD at 1.10429 was modified -> sl: 1.10007 tp: 1.11088
0	17:06:59.758	'1809640': modify order #42891730 buy 0.01 EURUSD at 1.10282 sl: 1.09861 tp: 1.11027 -> sl: 1.09861 tp: 1.11088
0	17:06:59.953	'1809640': order #42891730 buy 0.01 EURUSD at 1.10282 was modified -> sl: 1.09861 tp: 1.11088
0	17:06:59.990	'1809640': modify order #42892975 buy 0.01 EURUSD at 1.10148 sl: 1.09728 tp: 1.11027 -> sl: 1.09728 tp: 1.11088
0	17:07:00.316	'1809640': order #42892975 buy 0.01 EURUSD at 1.10148 was modified -> sl: 1.09728 tp: 1.11088
0	17:07:00.316	'1809640': modify order #42893137 buy 0.01 EURUSD at 1.10129 sl: 1.09707 tp: 1.11027 -> sl: 1.09707 tp: 1.11088
0	17:07:01.033	'1809640': order #42893137 buy 0.01 EURUSD at 1.10129 was modified -> sl: 1.09707 tp: 1.11088
0	17:07:01.097	'1809640': modify order #42893422 buy 0.01 EURUSD at 1.10095 sl: 1.09673 tp: 1.11028 -> sl: 1.09673 tp: 1.11088
0	17:07:01.394	'1809640': order #42893422 buy 0.01 EURUSD at 1.10095 was modified -> sl: 1.09673 tp: 1.11088
0	17:07:01.459	'1809640': modify order #42893778 buy 0.01 EURUSD at 1.10068 sl: 1.09648 tp: 1.11027 -> sl: 1.09648 tp: 1.11088
0	17:07:01.848	'1809640': order #42893778 buy 0.01 EURUSD at 1.10068 was modified -> sl: 1.09648 tp: 1.11088
0	17:07:01.946	'1809640': modify order #42894187 buy 0.01 EURUSD at 1.10112 sl: 1.09693 tp: 1.11027 -> sl: 1.09693 tp: 1.11088
0	17:07:02.209	'1809640': order #42894187 buy 0.01 EURUSD at 1.10112 was modified -> sl: 1.09693 tp: 1.11088
0	17:07:02.209	'1809640': modify order #42894394 buy 0.01 EURUSD at 1.10168 sl: 1.09746 tp: 1.11028 -> sl: 1.09746 tp: 1.11088
0	17:07:02.729	'1809640': order #42894394 buy 0.01 EURUSD at 1.10168 was modified -> sl: 1.09746 tp: 1.11088
0	17:07:02.858	'1809640': modify order #42894640 buy 0.01 EURUSD at 1.10223 sl: 1.09803 tp: 1.11027 -> sl: 1.09803 tp: 1.11088
0	17:07:03.378	'1809640': order #42894640 buy 0.01 EURUSD at 1.10223 was modified -> sl: 1.09803 tp: 1.11088
0	17:08:54.498	'1809640': modify order #42885287 buy 0.01 EURUSD at 1.10398 sl: 1.09978 tp: 1.11088 -> sl: 1.09978 tp: 1.11093
0	17:08:55.050	'1809640': order #42885287 buy 0.01 EURUSD at 1.10398 was modified -> sl: 1.09978 tp: 1.11093
0	17:08:55.050	'1809640': modify order #42886121 buy 0.01 EURUSD at 1.10429 sl: 1.10007 tp: 1.11088 -> sl: 1.10007 tp: 1.11093
0	17:08:55.277	'1809640': order #42886121 buy 0.01 EURUSD at 1.10429 was modified -> sl: 1.10007 tp: 1.11093
0	17:08:55.309	'1809640': modify order #42891730 buy 0.01 EURUSD at 1.10282 sl: 1.09861 tp: 1.11088 -> sl: 1.09861 tp: 1.11093
0	17:08:55.601	'1809640': order #42891730 buy 0.01 EURUSD at 1.10282 was modified -> sl: 1.09861 tp: 1.11093
0	17:08:55.634	'1809640': modify order #42892975 buy 0.01 EURUSD at 1.10148 sl: 1.09728 tp: 1.11088 -> sl: 1.09728 tp: 1.11093
0	17:08:56.113	'1809640': order #42892975 buy 0.01 EURUSD at 1.10148 was modified -> sl: 1.09728 tp: 1.11093
0	17:08:56.113	'1809640': modify order #42893137 buy 0.01 EURUSD at 1.10129 sl: 1.09707 tp: 1.11088 -> sl: 1.09707 tp: 1.11093
0	17:08:56.571	'1809640': order #42893137 buy 0.01 EURUSD at 1.10129 was modified -> sl: 1.09707 tp: 1.11093
0	17:08:56.604	'1809640': modify order #42893422 buy 0.01 EURUSD at 1.10095 sl: 1.09673 tp: 1.11088 -> sl: 1.09673 tp: 1.11093
0	17:08:57.129	'1809640': order #42893422 buy 0.01 EURUSD at 1.10095 was modified -> sl: 1.09673 tp: 1.11093
0	17:08:57.160	'1809640': modify order #42893778 buy 0.01 EURUSD at 1.10068 sl: 1.09648 tp: 1.11088 -> sl: 1.09648 tp: 1.11093
0	17:08:57.582	'1809640': order #42893778 buy 0.01 EURUSD at 1.10068 was modified -> sl: 1.09648 tp: 1.11093
0	17:08:57.614	'1809640': modify order #42894187 buy 0.01 EURUSD at 1.10112 sl: 1.09693 tp: 1.11088 -> sl: 1.09693 tp: 1.11093
0	17:08:58.036	'1809640': order #42894187 buy 0.01 EURUSD at 1.10112 was modified -> sl: 1.09693 tp: 1.11093
0	17:08:58.133	'1809640': modify order #42894394 buy 0.01 EURUSD at 1.10168 sl: 1.09746 tp: 1.11088 -> sl: 1.09746 tp: 1.11093
0	17:08:58.490	'1809640': order #42894394 buy 0.01 EURUSD at 1.10168 was modified -> sl: 1.09746 tp: 1.11093
0	17:08:58.620	'1809640': modify order #42894640 buy 0.01 EURUSD at 1.10223 sl: 1.09803 tp: 1.11088 -> sl: 1.09803 tp: 1.11092
0	17:08:58.912	'1809640': order #42894640 buy 0.01 EURUSD at 1.10223 was modified -> sl: 1.09803 tp: 1.11092
0	17:11:55.019	'1809640': modify order #42885287 buy 0.01 EURUSD at 1.10398 sl: 1.09978 tp: 1.11093 -> sl: 1.09978 tp: 1.11101
0	17:11:56.545	'1809640': order #42885287 buy 0.01 EURUSD at 1.10398 was modified -> sl: 1.09978 tp: 1.11101
0	17:11:56.545	'1809640': modify order #42886121 buy 0.01 EURUSD at 1.10429 sl: 1.10007 tp: 1.11093 -> sl: 1.10007 tp: 1.11101
0	17:11:56.935	'1809640': order #42886121 buy 0.01 EURUSD at 1.10429 was modified -> sl: 1.10007 tp: 1.11101
0	17:11:57.004	'1809640': modify order #42891730 buy 0.01 EURUSD at 1.10282 sl: 1.09861 tp: 1.11093 -> sl: 1.09861 tp: 1.11101
0	17:11:57.296	'1809640': order #42891730 buy 0.01 EURUSD at 1.10282 was modified -> sl: 1.09861 tp: 1.11101
0	17:11:57.296	'1809640': modify order #42892975 buy 0.01 EURUSD at 1.10148 sl: 1.09728 tp: 1.11093 -> sl: 1.09728 tp: 1.11101
0	17:11:57.723	'1809640': order #42892975 buy 0.01 EURUSD at 1.10148 was modified -> sl: 1.09728 tp: 1.11101
0	17:11:57.755	'1809640': modify order #42893137 buy 0.01 EURUSD at 1.10129 sl: 1.09707 tp: 1.11093 -> sl: 1.09707 tp: 1.11101
0	17:11:58.149	'1809640': order #42893137 buy 0.01 EURUSD at 1.10129 was modified -> sl: 1.09707 tp: 1.11101
0	17:11:58.279	'1809640': modify order #42893422 buy 0.01 EURUSD at 1.10095 sl: 1.09673 tp: 1.11093 -> sl: 1.09673 tp: 1.11100
0	17:11:58.733	'1809640': order #42893422 buy 0.01 EURUSD at 1.10095 was modified -> sl: 1.09673 tp: 1.11100
0	17:11:58.832	'1809640': modify order #42893778 buy 0.01 EURUSD at 1.10068 sl: 1.09648 tp: 1.11093 -> sl: 1.09648 tp: 1.11100
0	17:11:59.282	'1809640': order #42893778 buy 0.01 EURUSD at 1.10068 was modified -> sl: 1.09648 tp: 1.11100
0	17:11:59.444	'1809640': modify order #42894187 buy 0.01 EURUSD at 1.10112 sl: 1.09693 tp: 1.11093 -> sl: 1.09693 tp: 1.11101
0	17:11:59.870	'1809640': order #42894187 buy 0.01 EURUSD at 1.10112 was modified -> sl: 1.09693 tp: 1.11101
0	17:12:00.001	'1809640': modify order #42894394 buy 0.01 EURUSD at 1.10168 sl: 1.09746 tp: 1.11093 -> sl: 1.09746 tp: 1.11096
0	17:12:00.459	'1809640': order #42894394 buy 0.01 EURUSD at 1.10168 was modified -> sl: 1.09746 tp: 1.11096
0	17:12:00.459	'1809640': modify order #42894640 buy 0.01 EURUSD at 1.10223 sl: 1.09803 tp: 1.11092 -> sl: 1.09803 tp: 1.11101
0	17:12:00.849	'1809640': order #42894640 buy 0.01 EURUSD at 1.10223 was modified -> sl: 1.09803 tp: 1.11101
0	23:00:37.763	'1809640': order sell market 0.01 EURUSD sl: 1.10994 tp: 1.10479
0	23:00:39.837	'1809640': order was opened : #42907905 sell 0.01 EURUSD at 1.10571 sl: 1.10994 tp: 1.10479
0	23:01:53.673	'1809640': modify order #42907905 sell 0.01 EURUSD at 1.10571 sl: 1.10994 tp: 1.10479 -> sl: 1.10994 tp: 1.10478
0	23:01:54.610	'1809640': order #42907905 sell 0.01 EURUSD at 1.10571 was modified -> sl: 1.10994 tp: 1.10478
0	23:15:31.271	'1809640': modify order #42907905 sell 0.01 EURUSD at 1.10571 sl: 1.10994 tp: 1.10478 -> sl: 1.10994 tp: 1.10464
0	23:15:31.693	'1809640': order #42907905 sell 0.01 EURUSD at 1.10571 was modified -> sl: 1.10994 tp: 1.10464
