0	00:24:15.378	'1809640': order #39407122 sell 0.01 EURUSD at 1.08772 closed due stop-loss at price 1.09194
0	00:24:20.854	'1809640': order #39406445 sell 0.01 EURUSD at 1.08782 closed due stop-loss at price 1.09202
0	00:24:26.107	'1809640': order #39401083 sell 0.01 EURUSD at 1.08893 closed due stop-loss at price 1.09311
0	00:25:28.324	'1809640': order sell market 0.01 EURUSD sl: 1.09636 tp: 1.08943
0	00:25:30.735	'1809640': order was opened : #39426935 sell 0.01 EURUSD at 1.09199 sl: 1.09636 tp: 1.08943
0	00:30:43.345	'1809640': order sell market 0.01 EURUSD sl: 1.09613 tp: 1.08749
0	00:30:43.876	'1809640': order was opened : #39427149 sell 0.01 EURUSD at 1.09189 sl: 1.09613 tp: 1.08749
0	00:34:34.692	'1809640': modify order #39427149 sell 0.01 EURUSD at 1.09189 sl: 1.09613 tp: 1.08749 -> sl: 1.09613 tp: 1.08731
0	00:34:35.057	'1809640': order #39427149 sell 0.01 EURUSD at 1.09189 was modified -> sl: 1.09613 tp: 1.08731
0	00:36:59.955	'1809640': order sell market 0.01 EURUSD sl: 1.09596 tp: 1.08733
0	00:37:00.506	'1809640': order was opened : #39427299 sell 0.01 EURUSD at 1.09173 sl: 1.09596 tp: 1.08733
0	00:37:10.362	'1809640': modify order #39427149 sell 0.01 EURUSD at 1.09189 sl: 1.09613 tp: 1.08731 -> sl: 1.09613 tp: 1.08730
0	00:37:10.752	'1809640': order #39427149 sell 0.01 EURUSD at 1.09189 was modified -> sl: 1.09613 tp: 1.08730
0	00:37:10.784	'1809640': modify order #39427299 sell 0.01 EURUSD at 1.09173 sl: 1.09596 tp: 1.08733 -> sl: 1.09596 tp: 1.08730
0	00:37:11.145	'1809640': order #39427299 sell 0.01 EURUSD at 1.09173 was modified -> sl: 1.09596 tp: 1.08730
0	00:37:21.967	'1809640': modify order #39427149 sell 0.01 EURUSD at 1.09189 sl: 1.09613 tp: 1.08730 -> sl: 1.09613 tp: 1.08723
0	00:37:22.453	'1809640': order #39427149 sell 0.01 EURUSD at 1.09189 was modified -> sl: 1.09613 tp: 1.08723
0	00:37:22.453	'1809640': modify order #39427299 sell 0.01 EURUSD at 1.09173 sl: 1.09596 tp: 1.08730 -> sl: 1.09596 tp: 1.08723
0	00:37:23.564	'1809640': order #39427299 sell 0.01 EURUSD at 1.09173 was modified -> sl: 1.09596 tp: 1.08723
0	00:41:49.826	'1809640': modify order #39427149 sell 0.01 EURUSD at 1.09189 sl: 1.09613 tp: 1.08723 -> sl: 1.09613 tp: 1.08716
0	00:41:50.560	'1809640': order #39427149 sell 0.01 EURUSD at 1.09189 was modified -> sl: 1.09613 tp: 1.08716
0	00:41:50.560	'1809640': modify order #39427299 sell 0.01 EURUSD at 1.09173 sl: 1.09596 tp: 1.08723 -> sl: 1.09596 tp: 1.08715
0	00:41:51.011	'1809640': order #39427299 sell 0.01 EURUSD at 1.09173 was modified -> sl: 1.09596 tp: 1.08715
0	00:47:06.093	'1809640': modify order #39427149 sell 0.01 EURUSD at 1.09189 sl: 1.09613 tp: 1.08716 -> sl: 1.09613 tp: 1.08715
0	00:47:06.706	'1809640': order #39427149 sell 0.01 EURUSD at 1.09189 was modified -> sl: 1.09613 tp: 1.08715
0	00:50:16.757	'1809640': modify order #39427149 sell 0.01 EURUSD at 1.09189 sl: 1.09613 tp: 1.08715 -> sl: 1.09613 tp: 1.08691
0	00:50:17.275	'1809640': order #39427149 sell 0.01 EURUSD at 1.09189 was modified -> sl: 1.09613 tp: 1.08691
0	00:50:17.502	'1809640': modify order #39427299 sell 0.01 EURUSD at 1.09173 sl: 1.09596 tp: 1.08715 -> sl: 1.09596 tp: 1.08691
0	00:50:18.646	'1809640': order #39427299 sell 0.01 EURUSD at 1.09173 was modified -> sl: 1.09596 tp: 1.08691
0	00:51:12.622	'1809640': modify order #39427149 sell 0.01 EURUSD at 1.09189 sl: 1.09613 tp: 1.08691 -> sl: 1.09613 tp: 1.08680
0	00:51:13.243	'1809640': order #39427149 sell 0.01 EURUSD at 1.09189 was modified -> sl: 1.09613 tp: 1.08680
0	00:51:13.243	'1809640': modify order #39427299 sell 0.01 EURUSD at 1.09173 sl: 1.09596 tp: 1.08691 -> sl: 1.09596 tp: 1.08680
0	00:51:13.573	'1809640': order #39427299 sell 0.01 EURUSD at 1.09173 was modified -> sl: 1.09596 tp: 1.08680
0	00:59:39.091	'1809640': modify order #39427149 sell 0.01 EURUSD at 1.09189 sl: 1.09613 tp: 1.08680 -> sl: 1.09613 tp: 1.08678
0	00:59:39.581	'1809640': order #39427149 sell 0.01 EURUSD at 1.09189 was modified -> sl: 1.09613 tp: 1.08678
0	00:59:39.581	'1809640': modify order #39427299 sell 0.01 EURUSD at 1.09173 sl: 1.09596 tp: 1.08680 -> sl: 1.09596 tp: 1.08678
0	00:59:40.073	'1809640': order #39427299 sell 0.01 EURUSD at 1.09173 was modified -> sl: 1.09596 tp: 1.08678
0	01:00:13.882	'1809640': modify order #39427149 sell 0.01 EURUSD at 1.09189 sl: 1.09613 tp: 1.08678 -> sl: 1.09613 tp: 1.08671
0	01:00:14.167	'1809640': order #39427149 sell 0.01 EURUSD at 1.09189 was modified -> sl: 1.09613 tp: 1.08671
0	01:00:14.248	'1809640': modify order #39427299 sell 0.01 EURUSD at 1.09173 sl: 1.09596 tp: 1.08678 -> sl: 1.09596 tp: 1.08671
0	01:00:14.576	'1809640': order #39427299 sell 0.01 EURUSD at 1.09173 was modified -> sl: 1.09596 tp: 1.08671
0	01:02:22.964	'1809640': modify order #39427149 sell 0.01 EURUSD at 1.09189 sl: 1.09613 tp: 1.08671 -> sl: 1.09613 tp: 1.08668
0	01:02:23.856	'1809640': order #39427149 sell 0.01 EURUSD at 1.09189 was modified -> sl: 1.09613 tp: 1.08668
0	01:02:23.897	'1809640': modify order #39427299 sell 0.01 EURUSD at 1.09173 sl: 1.09596 tp: 1.08671 -> sl: 1.09596 tp: 1.08668
0	01:02:24.265	'1809640': order #39427299 sell 0.01 EURUSD at 1.09173 was modified -> sl: 1.09596 tp: 1.08668
0	01:16:47.137	'1809640': modify order #39427149 sell 0.01 EURUSD at 1.09189 sl: 1.09613 tp: 1.08668 -> sl: 1.09613 tp: 1.08666
0	01:16:47.664	'1809640': order #39427149 sell 0.01 EURUSD at 1.09189 was modified -> sl: 1.09613 tp: 1.08666
0	01:16:47.745	'1809640': modify order #39427299 sell 0.01 EURUSD at 1.09173 sl: 1.09596 tp: 1.08668 -> sl: 1.09596 tp: 1.08666
0	01:16:48.033	'1809640': order #39427299 sell 0.01 EURUSD at 1.09173 was modified -> sl: 1.09596 tp: 1.08666
0	01:17:55.350	'1809640': modify order #39427149 sell 0.01 EURUSD at 1.09189 sl: 1.09613 tp: 1.08666 -> sl: 1.09613 tp: 1.08645
0	01:17:56.286	'1809640': order #39427149 sell 0.01 EURUSD at 1.09189 was modified -> sl: 1.09613 tp: 1.08645
0	01:17:56.286	'1809640': modify order #39427299 sell 0.01 EURUSD at 1.09173 sl: 1.09596 tp: 1.08666 -> sl: 1.09596 tp: 1.08644
0	01:17:56.692	'1809640': order #39427299 sell 0.01 EURUSD at 1.09173 was modified -> sl: 1.09596 tp: 1.08644
0	01:19:09.402	'1809640': modify order #39427149 sell 0.01 EURUSD at 1.09189 sl: 1.09613 tp: 1.08645 -> sl: 1.09613 tp: 1.08634
0	01:19:10.050	'1809640': order #39427149 sell 0.01 EURUSD at 1.09189 was modified -> sl: 1.09613 tp: 1.08634
0	01:19:10.050	'1809640': modify order #39427299 sell 0.01 EURUSD at 1.09173 sl: 1.09596 tp: 1.08644 -> sl: 1.09596 tp: 1.08635
0	01:19:10.171	'1809640': order #39427299 sell 0.01 EURUSD at 1.09173 was modified -> sl: 1.09596 tp: 1.08635
0	01:31:21.404	'1809640': modify order #39427149 sell 0.01 EURUSD at 1.09189 sl: 1.09613 tp: 1.08634 -> sl: 1.09613 tp: 1.08622
0	01:31:21.992	'1809640': order #39427149 sell 0.01 EURUSD at 1.09189 was modified -> sl: 1.09613 tp: 1.08622
0	01:31:22.024	'1809640': modify order #39427299 sell 0.01 EURUSD at 1.09173 sl: 1.09596 tp: 1.08635 -> sl: 1.09596 tp: 1.08622
0	01:31:22.316	'1809640': order #39427299 sell 0.01 EURUSD at 1.09173 was modified -> sl: 1.09596 tp: 1.08622
0	01:42:34.065	'1809640': modify order #39427149 sell 0.01 EURUSD at 1.09189 sl: 1.09613 tp: 1.08622 -> sl: 1.09613 tp: 1.08609
0	01:42:34.677	'1809640': order #39427149 sell 0.01 EURUSD at 1.09189 was modified -> sl: 1.09613 tp: 1.08609
0	01:42:34.763	'1809640': modify order #39427299 sell 0.01 EURUSD at 1.09173 sl: 1.09596 tp: 1.08622 -> sl: 1.09596 tp: 1.08609
0	01:42:35.741	'1809640': order #39427299 sell 0.01 EURUSD at 1.09173 was modified -> sl: 1.09596 tp: 1.08609
0	01:48:48.524	'1809640': modify order #39427149 sell 0.01 EURUSD at 1.09189 sl: 1.09613 tp: 1.08609 -> sl: 1.09613 tp: 1.08586
0	01:48:49.055	'1809640': order #39427149 sell 0.01 EURUSD at 1.09189 was modified -> sl: 1.09613 tp: 1.08586
0	01:48:49.055	'1809640': modify order #39427299 sell 0.01 EURUSD at 1.09173 sl: 1.09596 tp: 1.08609 -> sl: 1.09596 tp: 1.08587
0	01:48:49.663	'1809640': order #39427299 sell 0.01 EURUSD at 1.09173 was modified -> sl: 1.09596 tp: 1.08587
0	06:00:19.023	'1809640': order #39400564 sell 0.01 EURUSD at 1.08938 closed due stop-loss at price 1.09364
0	06:00:19.088	'1809640': order #39401509 sell 0.01 EURUSD at 1.08945 closed due stop-loss at price 1.09366
0	06:00:23.896	'1809640': order #39370414 sell 0.01 EURUSD at 1.09022 closed due stop-loss at price 1.09434
0	06:00:24.058	'1809640': order #39370973 sell 0.01 EURUSD at 1.09020 closed due stop-loss at price 1.09440
0	06:00:24.091	'1809640': order #39416672 sell 0.01 EURUSD at 1.09027 closed due stop-loss at price 1.09447
0	06:01:24.012	'1809640': order buy market 0.01 EURUSD sl: 1.08947 tp: 1.09805
0	06:01:25.808	'1809640': order was opened : #39440070 buy 0.01 EURUSD at 1.09374 sl: 1.08947 tp: 1.09805
0	06:05:42.502	'1809640': order buy market 0.01 EURUSD sl: 1.08920 tp: 1.09406
0	06:05:42.925	'1809640': order was opened : #39440245 buy 0.01 EURUSD at 1.09342 sl: 1.08920 tp: 1.09406
0	06:07:32.874	'1809640': modify order #39440245 buy 0.01 EURUSD at 1.09342 sl: 1.08920 tp: 1.09406 -> sl: 1.08920 tp: 1.09416
0	06:07:33.657	'1809640': order #39440245 buy 0.01 EURUSD at 1.09342 was modified -> sl: 1.08920 tp: 1.09416
0	06:08:47.817	'1809640': modify order #39440245 buy 0.01 EURUSD at 1.09342 sl: 1.08920 tp: 1.09416 -> sl: 1.08920 tp: 1.09421
0	06:08:48.398	'1809640': order #39440245 buy 0.01 EURUSD at 1.09342 was modified -> sl: 1.08920 tp: 1.09421
0	06:09:36.496	'1809640': modify order #39440245 buy 0.01 EURUSD at 1.09342 sl: 1.08920 tp: 1.09421 -> sl: 1.08920 tp: 1.09424
0	06:09:37.405	'1809640': order #39440245 buy 0.01 EURUSD at 1.09342 was modified -> sl: 1.08920 tp: 1.09424
0	06:11:32.884	'1809640': order buy market 0.01 EURUSD sl: 1.08881 tp: 1.09743
0	06:11:33.411	'1809640': order was opened : #39440304 buy 0.01 EURUSD at 1.09302 sl: 1.08881 tp: 1.09743
0	06:11:38.433	'1809640': modify order #39440245 buy 0.01 EURUSD at 1.09342 sl: 1.08920 tp: 1.09424 -> sl: 1.08920 tp: 1.09430
0	06:11:38.790	'1809640': order #39440245 buy 0.01 EURUSD at 1.09342 was modified -> sl: 1.08920 tp: 1.09430
0	06:16:13.997	'1809640': order sell market 0.01 EURUSD sl: 1.09680 tp: 1.08821
0	06:16:14.456	'1809640': order was opened : #39440433 sell 0.01 EURUSD at 1.09259 sl: 1.09680 tp: 1.08821
0	06:16:14.458	'1809640': modify order #39440433 sell 0.01 EURUSD at 1.09259 sl: 1.09680 tp: 1.08821 -> sl: 1.09680 tp: 1.08819
0	06:16:14.846	'1809640': order #39440433 sell 0.01 EURUSD at 1.09259 was modified -> sl: 1.09680 tp: 1.08819
0	06:17:25.007	'1809640': modify order #39440433 sell 0.01 EURUSD at 1.09259 sl: 1.09680 tp: 1.08819 -> sl: 1.09680 tp: 1.08782
0	06:17:25.755	'1809640': order #39440433 sell 0.01 EURUSD at 1.09259 was modified -> sl: 1.09680 tp: 1.08782
0	06:20:17.525	'1809640': order sell market 0.01 EURUSD sl: 1.09653 tp: 1.08791
0	06:20:18.376	'1809640': order was opened : #39440496 sell 0.01 EURUSD at 1.09231 sl: 1.09653 tp: 1.08791
0	06:26:07.161	'1809640': modify order #39440496 sell 0.01 EURUSD at 1.09231 sl: 1.09653 tp: 1.08791 -> sl: 1.09653 tp: 1.08790
0	06:26:08.192	'1809640': order #39440496 sell 0.01 EURUSD at 1.09231 was modified -> sl: 1.09653 tp: 1.08790
0	06:26:13.475	'1809640': modify order #39440433 sell 0.01 EURUSD at 1.09259 sl: 1.09680 tp: 1.08782 -> sl: 1.09680 tp: 1.08781
0	06:26:13.901	'1809640': order #39440433 sell 0.01 EURUSD at 1.09259 was modified -> sl: 1.09680 tp: 1.08781
0	06:26:13.901	'1809640': modify order #39440496 sell 0.01 EURUSD at 1.09231 sl: 1.09653 tp: 1.08790 -> sl: 1.09653 tp: 1.08780
0	06:26:14.327	'1809640': order #39440496 sell 0.01 EURUSD at 1.09231 was modified -> sl: 1.09653 tp: 1.08780
0	06:29:20.208	'1809640': modify order #39440433 sell 0.01 EURUSD at 1.09259 sl: 1.09680 tp: 1.08781 -> sl: 1.09680 tp: 1.08765
0	06:29:20.837	'1809640': order #39440433 sell 0.01 EURUSD at 1.09259 was modified -> sl: 1.09680 tp: 1.08765
0	06:29:20.934	'1809640': modify order #39440496 sell 0.01 EURUSD at 1.09231 sl: 1.09653 tp: 1.08780 -> sl: 1.09653 tp: 1.08765
0	06:29:21.328	'1809640': order #39440496 sell 0.01 EURUSD at 1.09231 was modified -> sl: 1.09653 tp: 1.08765
0	06:31:08.656	'1809640': modify order #39440433 sell 0.01 EURUSD at 1.09259 sl: 1.09680 tp: 1.08765 -> sl: 1.09680 tp: 1.08751
0	06:31:09.408	'1809640': order #39440433 sell 0.01 EURUSD at 1.09259 was modified -> sl: 1.09680 tp: 1.08751
0	06:31:09.570	'1809640': modify order #39440496 sell 0.01 EURUSD at 1.09231 sl: 1.09653 tp: 1.08765 -> sl: 1.09653 tp: 1.08750
0	06:31:10.029	'1809640': order #39440496 sell 0.01 EURUSD at 1.09231 was modified -> sl: 1.09653 tp: 1.08750
0	06:34:36.847	'1809640': modify order #39440433 sell 0.01 EURUSD at 1.09259 sl: 1.09680 tp: 1.08751 -> sl: 1.09680 tp: 1.08719
0	06:34:37.305	'1809640': order #39440433 sell 0.01 EURUSD at 1.09259 was modified -> sl: 1.09680 tp: 1.08719
0	06:34:37.338	'1809640': modify order #39440496 sell 0.01 EURUSD at 1.09231 sl: 1.09653 tp: 1.08750 -> sl: 1.09653 tp: 1.08719
0	06:34:37.763	'1809640': order #39440496 sell 0.01 EURUSD at 1.09231 was modified -> sl: 1.09653 tp: 1.08719
0	06:35:45.819	'1809640': modify order #39440433 sell 0.01 EURUSD at 1.09259 sl: 1.09680 tp: 1.08719 -> sl: 1.09680 tp: 1.08711
0	06:35:46.403	'1809640': order #39440433 sell 0.01 EURUSD at 1.09259 was modified -> sl: 1.09680 tp: 1.08711
0	06:35:46.403	'1809640': modify order #39440496 sell 0.01 EURUSD at 1.09231 sl: 1.09653 tp: 1.08719 -> sl: 1.09653 tp: 1.08711
0	06:35:46.829	'1809640': order #39440496 sell 0.01 EURUSD at 1.09231 was modified -> sl: 1.09653 tp: 1.08711
0	06:43:42.437	'1809640': modify order #39440433 sell 0.01 EURUSD at 1.09259 sl: 1.09680 tp: 1.08711 -> sl: 1.09680 tp: 1.08691
0	06:43:43.187	'1809640': order #39440433 sell 0.01 EURUSD at 1.09259 was modified -> sl: 1.09680 tp: 1.08691
0	06:43:43.187	'1809640': modify order #39440496 sell 0.01 EURUSD at 1.09231 sl: 1.09653 tp: 1.08711 -> sl: 1.09653 tp: 1.08691
0	06:43:43.740	'1809640': order #39440496 sell 0.01 EURUSD at 1.09231 was modified -> sl: 1.09653 tp: 1.08691
0	06:44:19.521	'1809640': modify order #39440433 sell 0.01 EURUSD at 1.09259 sl: 1.09680 tp: 1.08691 -> sl: 1.09680 tp: 1.08679
0	06:44:20.792	'1809640': order #39440433 sell 0.01 EURUSD at 1.09259 was modified -> sl: 1.09680 tp: 1.08679
0	06:44:21.023	'1809640': modify order #39440496 sell 0.01 EURUSD at 1.09231 sl: 1.09653 tp: 1.08691 -> sl: 1.09653 tp: 1.08679
0	06:44:21.741	'1809640': order #39440496 sell 0.01 EURUSD at 1.09231 was modified -> sl: 1.09653 tp: 1.08679
0	06:44:47.890	'1809640': modify order #39440433 sell 0.01 EURUSD at 1.09259 sl: 1.09680 tp: 1.08679 -> sl: 1.09680 tp: 1.08671
0	06:44:48.899	'1809640': order #39440433 sell 0.01 EURUSD at 1.09259 was modified -> sl: 1.09680 tp: 1.08671
0	06:44:48.932	'1809640': modify order #39440496 sell 0.01 EURUSD at 1.09231 sl: 1.09653 tp: 1.08679 -> sl: 1.09653 tp: 1.08671
0	06:44:49.257	'1809640': order #39440496 sell 0.01 EURUSD at 1.09231 was modified -> sl: 1.09653 tp: 1.08671
0	06:48:26.330	'1809640': modify order #39440433 sell 0.01 EURUSD at 1.09259 sl: 1.09680 tp: 1.08671 -> sl: 1.09680 tp: 1.08664
0	06:48:27.178	'1809640': order #39440433 sell 0.01 EURUSD at 1.09259 was modified -> sl: 1.09680 tp: 1.08664
0	06:48:27.210	'1809640': modify order #39440496 sell 0.01 EURUSD at 1.09231 sl: 1.09653 tp: 1.08671 -> sl: 1.09653 tp: 1.08661
0	06:48:27.795	'1809640': order #39440496 sell 0.01 EURUSD at 1.09231 was modified -> sl: 1.09653 tp: 1.08661
0	06:49:46.093	'1809640': modify order #39440433 sell 0.01 EURUSD at 1.09259 sl: 1.09680 tp: 1.08664 -> sl: 1.09680 tp: 1.08637
0	06:49:46.451	'1809640': order #39440433 sell 0.01 EURUSD at 1.09259 was modified -> sl: 1.09680 tp: 1.08637
0	06:49:46.451	'1809640': modify order #39440496 sell 0.01 EURUSD at 1.09231 sl: 1.09653 tp: 1.08661 -> sl: 1.09653 tp: 1.08637
0	06:49:47.006	'1809640': order #39440496 sell 0.01 EURUSD at 1.09231 was modified -> sl: 1.09653 tp: 1.08637
0	06:54:05.582	'1809640': modify order #39440433 sell 0.01 EURUSD at 1.09259 sl: 1.09680 tp: 1.08637 -> sl: 1.09680 tp: 1.08635
0	06:54:07.011	'1809640': order #39440433 sell 0.01 EURUSD at 1.09259 was modified -> sl: 1.09680 tp: 1.08635
0	06:54:07.202	'1809640': modify order #39440496 sell 0.01 EURUSD at 1.09231 sl: 1.09653 tp: 1.08637 -> sl: 1.09653 tp: 1.08634
0	06:54:07.591	'1809640': order #39440496 sell 0.01 EURUSD at 1.09231 was modified -> sl: 1.09653 tp: 1.08634
0	07:21:16.849	'1809640': modify order #39440433 sell 0.01 EURUSD at 1.09259 sl: 1.09680 tp: 1.08635 -> sl: 1.09680 tp: 1.08622
0	07:21:17.339	'1809640': order #39440433 sell 0.01 EURUSD at 1.09259 was modified -> sl: 1.09680 tp: 1.08622
0	07:21:17.533	'1809640': modify order #39440496 sell 0.01 EURUSD at 1.09231 sl: 1.09653 tp: 1.08634 -> sl: 1.09653 tp: 1.08622
0	07:21:17.922	'1809640': order #39440496 sell 0.01 EURUSD at 1.09231 was modified -> sl: 1.09653 tp: 1.08622
0	07:24:37.050	'1809640': modify order #39440433 sell 0.01 EURUSD at 1.09259 sl: 1.09680 tp: 1.08622 -> sl: 1.09680 tp: 1.08616
0	07:24:38.585	'1809640': order #39440433 sell 0.01 EURUSD at 1.09259 was modified -> sl: 1.09680 tp: 1.08616
0	07:24:38.747	'1809640': modify order #39440496 sell 0.01 EURUSD at 1.09231 sl: 1.09653 tp: 1.08622 -> sl: 1.09653 tp: 1.08616
0	07:24:39.108	'1809640': order #39440496 sell 0.01 EURUSD at 1.09231 was modified -> sl: 1.09653 tp: 1.08616
0	07:26:27.129	'1809640': modify order #39440433 sell 0.01 EURUSD at 1.09259 sl: 1.09680 tp: 1.08616 -> sl: 1.09680 tp: 1.08614
0	07:26:27.880	'1809640': order #39440433 sell 0.01 EURUSD at 1.09259 was modified -> sl: 1.09680 tp: 1.08614
0	07:26:27.913	'1809640': modify order #39440496 sell 0.01 EURUSD at 1.09231 sl: 1.09653 tp: 1.08616 -> sl: 1.09653 tp: 1.08613
0	07:26:28.403	'1809640': order #39440496 sell 0.01 EURUSD at 1.09231 was modified -> sl: 1.09653 tp: 1.08613
0	07:26:31.046	'1809640': modify order #39440433 sell 0.01 EURUSD at 1.09259 sl: 1.09680 tp: 1.08614 -> sl: 1.09680 tp: 1.08606
0	07:26:31.598	'1809640': order #39440433 sell 0.01 EURUSD at 1.09259 was modified -> sl: 1.09680 tp: 1.08606
0	07:26:31.598	'1809640': modify order #39440496 sell 0.01 EURUSD at 1.09231 sl: 1.09653 tp: 1.08613 -> sl: 1.09653 tp: 1.08606
0	07:26:32.218	'1809640': order #39440496 sell 0.01 EURUSD at 1.09231 was modified -> sl: 1.09653 tp: 1.08606
0	07:28:00.328	'1809640': modify order #39427149 sell 0.01 EURUSD at 1.09189 sl: 1.09613 tp: 1.08586 -> sl: 1.09613 tp: 1.08561
0	07:28:00.880	'1809640': order #39427149 sell 0.01 EURUSD at 1.09189 was modified -> sl: 1.09613 tp: 1.08561
0	07:28:00.882	'1809640': modify order #39427299 sell 0.01 EURUSD at 1.09173 sl: 1.09596 tp: 1.08587 -> sl: 1.09596 tp: 1.08562
0	07:28:01.404	'1809640': order #39427299 sell 0.01 EURUSD at 1.09173 was modified -> sl: 1.09596 tp: 1.08562
0	07:28:01.404	'1809640': modify order #39440433 sell 0.01 EURUSD at 1.09259 sl: 1.09680 tp: 1.08606 -> sl: 1.09680 tp: 1.08567
0	07:28:01.797	'1809640': order #39440433 sell 0.01 EURUSD at 1.09259 was modified -> sl: 1.09680 tp: 1.08567
0	07:28:01.797	'1809640': modify order #39440496 sell 0.01 EURUSD at 1.09231 sl: 1.09653 tp: 1.08606 -> sl: 1.09653 tp: 1.08564
0	07:28:02.219	'1809640': order #39440496 sell 0.01 EURUSD at 1.09231 was modified -> sl: 1.09653 tp: 1.08564
0	07:28:57.569	'1809640': modify order #39427299 sell 0.01 EURUSD at 1.09173 sl: 1.09596 tp: 1.08562 -> sl: 1.09596 tp: 1.08561
0	07:28:58.055	'1809640': order #39427299 sell 0.01 EURUSD at 1.09173 was modified -> sl: 1.09596 tp: 1.08561
0	07:28:58.055	'1809640': modify order #39440433 sell 0.01 EURUSD at 1.09259 sl: 1.09680 tp: 1.08567 -> sl: 1.09680 tp: 1.08561
0	07:28:58.482	'1809640': order #39440433 sell 0.01 EURUSD at 1.09259 was modified -> sl: 1.09680 tp: 1.08561
0	07:28:58.514	'1809640': modify order #39440496 sell 0.01 EURUSD at 1.09231 sl: 1.09653 tp: 1.08564 -> sl: 1.09653 tp: 1.08561
0	07:28:58.973	'1809640': order #39440496 sell 0.01 EURUSD at 1.09231 was modified -> sl: 1.09653 tp: 1.08561
0	07:30:29.528	'1809640': modify order #39426935 sell 0.01 EURUSD at 1.09199 sl: 1.09636 tp: 1.08943 -> sl: 1.09636 tp: 1.08941
0	07:30:29.987	'1809640': order #39426935 sell 0.01 EURUSD at 1.09199 was modified -> sl: 1.09636 tp: 1.08941
0	07:32:37.673	'1809640': modify order #39426935 sell 0.01 EURUSD at 1.09199 sl: 1.09636 tp: 1.08941 -> sl: 1.09636 tp: 1.08936
0	07:32:38.517	'1809640': order #39426935 sell 0.01 EURUSD at 1.09199 was modified -> sl: 1.09636 tp: 1.08936
0	07:34:35.635	'1809640': modify order #39426935 sell 0.01 EURUSD at 1.09199 sl: 1.09636 tp: 1.08936 -> sl: 1.09636 tp: 1.08926
0	07:34:36.257	'1809640': order #39426935 sell 0.01 EURUSD at 1.09199 was modified -> sl: 1.09636 tp: 1.08926
0	07:34:36.320	'1809640': modify order #39427149 sell 0.01 EURUSD at 1.09189 sl: 1.09613 tp: 1.08561 -> sl: 1.09613 tp: 1.08556
0	07:34:36.679	'1809640': order #39427149 sell 0.01 EURUSD at 1.09189 was modified -> sl: 1.09613 tp: 1.08556
0	07:34:36.843	'1809640': modify order #39427299 sell 0.01 EURUSD at 1.09173 sl: 1.09596 tp: 1.08561 -> sl: 1.09596 tp: 1.08556
0	07:34:37.265	'1809640': order #39427299 sell 0.01 EURUSD at 1.09173 was modified -> sl: 1.09596 tp: 1.08556
0	07:34:37.298	'1809640': modify order #39440433 sell 0.01 EURUSD at 1.09259 sl: 1.09680 tp: 1.08561 -> sl: 1.09680 tp: 1.08556
0	07:34:37.821	'1809640': order #39440433 sell 0.01 EURUSD at 1.09259 was modified -> sl: 1.09680 tp: 1.08556
0	07:34:37.821	'1809640': modify order #39440496 sell 0.01 EURUSD at 1.09231 sl: 1.09653 tp: 1.08561 -> sl: 1.09653 tp: 1.08556
0	07:34:38.275	'1809640': order #39440496 sell 0.01 EURUSD at 1.09231 was modified -> sl: 1.09653 tp: 1.08556
0	07:35:09.007	'1809640': modify order #39426935 sell 0.01 EURUSD at 1.09199 sl: 1.09636 tp: 1.08926 -> sl: 1.09636 tp: 1.08923
0	07:35:09.753	'1809640': order #39426935 sell 0.01 EURUSD at 1.09199 was modified -> sl: 1.09636 tp: 1.08923
0	07:37:11.638	'1809640': modify order #39426935 sell 0.01 EURUSD at 1.09199 sl: 1.09636 tp: 1.08923 -> sl: 1.09636 tp: 1.08921
0	07:37:13.073	'1809640': order #39426935 sell 0.01 EURUSD at 1.09199 was modified -> sl: 1.09636 tp: 1.08921
0	07:51:35.749	'1809640': order #39440070 buy 0.01 EURUSD at 1.09374 closed due stop-loss at price 1.08947
0	07:51:43.730	'1809640': modify order #39427149 sell 0.01 EURUSD at 1.09189 sl: 1.09613 tp: 1.08556 -> sl: 1.09613 tp: 1.08504
0	07:51:44.870	'1809640': order #39427149 sell 0.01 EURUSD at 1.09189 was modified -> sl: 1.09613 tp: 1.08504
0	07:51:44.870	'1809640': modify order #39427299 sell 0.01 EURUSD at 1.09173 sl: 1.09596 tp: 1.08556 -> sl: 1.09596 tp: 1.08504
0	07:51:45.295	'1809640': order #39427299 sell 0.01 EURUSD at 1.09173 was modified -> sl: 1.09596 tp: 1.08504
0	07:51:45.328	'1809640': modify order #39440433 sell 0.01 EURUSD at 1.09259 sl: 1.09680 tp: 1.08556 -> sl: 1.09680 tp: 1.08503
0	07:51:45.949	'1809640': order #39440433 sell 0.01 EURUSD at 1.09259 was modified -> sl: 1.09680 tp: 1.08503
0	07:51:46.014	'1809640': modify order #39440496 sell 0.01 EURUSD at 1.09231 sl: 1.09653 tp: 1.08556 -> sl: 1.09653 tp: 1.08503
0	07:51:46.501	'1809640': order #39440496 sell 0.01 EURUSD at 1.09231 was modified -> sl: 1.09653 tp: 1.08503
0	07:52:12.445	'1809640': order sell market 0.01 EURUSD sl: 1.09367 tp: 1.08505
0	07:52:13.224	'1809640': order was opened : #39443251 sell 0.01 EURUSD at 1.08945 sl: 1.09367 tp: 1.08505
0	07:52:33.147	'1809640': order #39440245 buy 0.01 EURUSD at 1.09342 closed due stop-loss at price 1.08920
0	07:53:07.763	'1809640': modify order #39427149 sell 0.01 EURUSD at 1.09189 sl: 1.09613 tp: 1.08504 -> sl: 1.09613 tp: 1.08483
0	07:53:08.514	'1809640': order #39427149 sell 0.01 EURUSD at 1.09189 was modified -> sl: 1.09613 tp: 1.08483
0	07:53:08.579	'1809640': modify order #39427299 sell 0.01 EURUSD at 1.09173 sl: 1.09596 tp: 1.08504 -> sl: 1.09596 tp: 1.08483
0	07:53:09.008	'1809640': order #39427299 sell 0.01 EURUSD at 1.09173 was modified -> sl: 1.09596 tp: 1.08483
0	07:53:09.135	'1809640': modify order #39440433 sell 0.01 EURUSD at 1.09259 sl: 1.09680 tp: 1.08503 -> sl: 1.09680 tp: 1.08483
0	07:53:09.524	'1809640': order #39440433 sell 0.01 EURUSD at 1.09259 was modified -> sl: 1.09680 tp: 1.08483
0	07:53:09.556	'1809640': modify order #39440496 sell 0.01 EURUSD at 1.09231 sl: 1.09653 tp: 1.08503 -> sl: 1.09653 tp: 1.08483
0	07:53:09.983	'1809640': order #39440496 sell 0.01 EURUSD at 1.09231 was modified -> sl: 1.09653 tp: 1.08483
0	07:53:10.148	'1809640': modify order #39443251 sell 0.01 EURUSD at 1.08945 sl: 1.09367 tp: 1.08505 -> sl: 1.09367 tp: 1.08483
0	07:53:10.665	'1809640': order #39443251 sell 0.01 EURUSD at 1.08945 was modified -> sl: 1.09367 tp: 1.08483
0	07:57:22.155	'1809640': order #39426935 sell 0.01 EURUSD at 1.09199 closed due take-profit at price 1.08921
0	07:57:22.711	'1809640': order #39440304 buy 0.01 EURUSD at 1.09302 closed due stop-loss at price 1.08881
0	07:57:28.127	'1809640': order sell market 0.01 EURUSD sl: 1.09308 tp: 0.00000
0	07:57:28.521	'1809640': order was opened : #39443498 sell 0.01 EURUSD at 1.08885 sl: 1.09308 tp: 0.00000
0	07:57:39.514	'1809640': modify order #39427149 sell 0.01 EURUSD at 1.09189 sl: 1.09613 tp: 1.08483 -> sl: 1.09613 tp: 1.08433
0	07:57:40.071	'1809640': order #39427149 sell 0.01 EURUSD at 1.09189 was modified -> sl: 1.09613 tp: 1.08433
0	07:57:40.071	'1809640': modify order #39427299 sell 0.01 EURUSD at 1.09173 sl: 1.09596 tp: 1.08483 -> sl: 1.09596 tp: 1.08433
0	07:57:40.461	'1809640': order #39427299 sell 0.01 EURUSD at 1.09173 was modified -> sl: 1.09596 tp: 1.08433
0	07:57:40.461	'1809640': modify order #39440433 sell 0.01 EURUSD at 1.09259 sl: 1.09680 tp: 1.08483 -> sl: 1.09680 tp: 1.08433
0	07:57:40.886	'1809640': order #39440433 sell 0.01 EURUSD at 1.09259 was modified -> sl: 1.09680 tp: 1.08433
0	07:57:40.886	'1809640': modify order #39440496 sell 0.01 EURUSD at 1.09231 sl: 1.09653 tp: 1.08483 -> sl: 1.09653 tp: 1.08433
0	07:57:41.341	'1809640': order #39440496 sell 0.01 EURUSD at 1.09231 was modified -> sl: 1.09653 tp: 1.08433
0	07:57:41.406	'1809640': modify order #39443251 sell 0.01 EURUSD at 1.08945 sl: 1.09367 tp: 1.08483 -> sl: 1.09367 tp: 1.08432
0	07:57:41.828	'1809640': order #39443251 sell 0.01 EURUSD at 1.08945 was modified -> sl: 1.09367 tp: 1.08432
0	07:57:41.860	'1809640': modify order #39443498 sell 0.01 EURUSD at 1.08885 sl: 1.09308 tp: 0.00000 -> sl: 1.09308 tp: 1.08494
0	07:57:42.384	'1809640': order #39443498 sell 0.01 EURUSD at 1.08885 was modified -> sl: 1.09308 tp: 1.08494
0	08:02:01.911	'1809640': order sell market 0.01 EURUSD sl: 1.09286 tp: 1.08425
0	08:02:02.369	'1809640': order was opened : #39443967 sell 0.01 EURUSD at 1.08865 sl: 1.09286 tp: 1.08425
0	09:00:12.870	'1809640': modify order #39427149 sell 0.01 EURUSD at 1.09189 sl: 1.09613 tp: 1.08433 -> sl: 1.09613 tp: 1.08415
0	09:00:13.227	'1809640': order #39427149 sell 0.01 EURUSD at 1.09189 was modified -> sl: 1.09613 tp: 1.08415
0	09:00:13.228	'1809640': modify order #39427299 sell 0.01 EURUSD at 1.09173 sl: 1.09596 tp: 1.08433 -> sl: 1.09596 tp: 1.08417
0	09:00:13.620	'1809640': order #39427299 sell 0.01 EURUSD at 1.09173 was modified -> sl: 1.09596 tp: 1.08417
0	09:00:13.620	'1809640': modify order #39440433 sell 0.01 EURUSD at 1.09259 sl: 1.09680 tp: 1.08433 -> sl: 1.09680 tp: 1.08416
0	09:00:14.107	'1809640': order #39440433 sell 0.01 EURUSD at 1.09259 was modified -> sl: 1.09680 tp: 1.08416
0	09:00:14.139	'1809640': modify order #39440496 sell 0.01 EURUSD at 1.09231 sl: 1.09653 tp: 1.08433 -> sl: 1.09653 tp: 1.08417
0	09:00:14.533	'1809640': order #39440496 sell 0.01 EURUSD at 1.09231 was modified -> sl: 1.09653 tp: 1.08417
0	09:00:14.533	'1809640': modify order #39443251 sell 0.01 EURUSD at 1.08945 sl: 1.09367 tp: 1.08432 -> sl: 1.09367 tp: 1.08416
0	09:00:14.987	'1809640': order #39443251 sell 0.01 EURUSD at 1.08945 was modified -> sl: 1.09367 tp: 1.08416
0	09:00:14.987	'1809640': modify order #39443967 sell 0.01 EURUSD at 1.08865 sl: 1.09286 tp: 1.08425 -> sl: 1.09286 tp: 1.08417
0	09:00:15.447	'1809640': order #39443967 sell 0.01 EURUSD at 1.08865 was modified -> sl: 1.09286 tp: 1.08417
0	09:00:26.487	'1809640': order buy market 0.01 EURUSD sl: 1.08445 tp: 1.09051
0	09:00:27.007	'1809640': order was opened : #39445296 buy 0.01 EURUSD at 1.08855 sl: 1.08445 tp: 1.09051
0	09:03:51.779	'1809640': modify order #39427299 sell 0.01 EURUSD at 1.09173 sl: 1.09596 tp: 1.08417 -> sl: 1.09596 tp: 1.08416
0	09:03:52.136	'1809640': order #39427299 sell 0.01 EURUSD at 1.09173 was modified -> sl: 1.09596 tp: 1.08416
0	09:44:10.308	'1809640': modify order #39445296 buy 0.01 EURUSD at 1.08855 sl: 1.08445 tp: 1.09051 -> sl: 1.08445 tp: 1.09063
0	09:44:11.155	'1809640': order #39445296 buy 0.01 EURUSD at 1.08855 was modified -> sl: 1.08445 tp: 1.09063
0	09:48:20.930	'1809640': modify order #39445296 buy 0.01 EURUSD at 1.08855 sl: 1.08445 tp: 1.09063 -> sl: 1.08445 tp: 1.09077
0	09:48:21.712	'1809640': order #39445296 buy 0.01 EURUSD at 1.08855 was modified -> sl: 1.08445 tp: 1.09077
0	09:50:17.195	'1809640': modify order #39445296 buy 0.01 EURUSD at 1.08855 sl: 1.08445 tp: 1.09077 -> sl: 1.08445 tp: 1.09079
0	09:50:17.527	'1809640': order #39445296 buy 0.01 EURUSD at 1.08855 was modified -> sl: 1.08445 tp: 1.09079
0	10:53:48.294	'1809640': modify order #39445296 buy 0.01 EURUSD at 1.08855 sl: 1.08445 tp: 1.09079 -> sl: 1.08445 tp: 1.09121
0	10:53:48.752	'1809640': order #39445296 buy 0.01 EURUSD at 1.08855 was modified -> sl: 1.08445 tp: 1.09121
0	10:54:15.827	'1809640': modify order #39445296 buy 0.01 EURUSD at 1.08855 sl: 1.08445 tp: 1.09121 -> sl: 1.08445 tp: 1.09124
0	10:54:16.221	'1809640': order #39445296 buy 0.01 EURUSD at 1.08855 was modified -> sl: 1.08445 tp: 1.09124
0	10:55:22.641	'1809640': modify order #39445296 buy 0.01 EURUSD at 1.08855 sl: 1.08445 tp: 1.09124 -> sl: 1.08445 tp: 1.09128
0	10:55:22.938	'1809640': order #39445296 buy 0.01 EURUSD at 1.08855 was modified -> sl: 1.08445 tp: 1.09128
0	10:56:39.891	'1809640': modify order #39445296 buy 0.01 EURUSD at 1.08855 sl: 1.08445 tp: 1.09128 -> sl: 1.08445 tp: 1.09131
0	10:56:40.482	'1809640': order #39445296 buy 0.01 EURUSD at 1.08855 was modified -> sl: 1.08445 tp: 1.09131
0	10:57:15.733	'1809640': modify order #39445296 buy 0.01 EURUSD at 1.08855 sl: 1.08445 tp: 1.09131 -> sl: 1.08445 tp: 1.09134
0	10:57:16.290	'1809640': order #39445296 buy 0.01 EURUSD at 1.08855 was modified -> sl: 1.08445 tp: 1.09134
0	10:59:59.150	'1809640': modify order #39445296 buy 0.01 EURUSD at 1.08855 sl: 1.08445 tp: 1.09134 -> sl: 1.08445 tp: 1.09136
0	10:59:59.609	'1809640': order #39445296 buy 0.01 EURUSD at 1.08855 was modified -> sl: 1.08445 tp: 1.09136
0	11:00:25.090	'1809640': order #39445296 buy 0.01 EURUSD at 1.08855 closed due take-profit at price 1.09136
0	11:01:31.421	'1809640': order buy market 0.01 EURUSD sl: 1.08663 tp: 1.09523
0	11:01:31.977	'1809640': order was opened : #39448541 buy 0.01 EURUSD at 1.09083 sl: 1.08663 tp: 1.09523
0	11:03:15.779	'1809640': modify order #39448541 buy 0.01 EURUSD at 1.09083 sl: 1.08663 tp: 1.09523 -> sl: 1.08663 tp: 1.09610
0	11:03:16.556	'1809640': order #39448541 buy 0.01 EURUSD at 1.09083 was modified -> sl: 1.08663 tp: 1.09610
0	12:14:37.266	'1809640': modify order #39427149 sell 0.01 EURUSD at 1.09189 sl: 1.09613 tp: 1.08415 -> sl: 1.09613 tp: 1.08391
0	12:14:39.156	'1809640': order #39427149 sell 0.01 EURUSD at 1.09189 was modified -> sl: 1.09613 tp: 1.08391
0	12:14:39.188	'1809640': modify order #39427299 sell 0.01 EURUSD at 1.09173 sl: 1.09596 tp: 1.08416 -> sl: 1.09596 tp: 1.08394
0	12:14:39.614	'1809640': order #39427299 sell 0.01 EURUSD at 1.09173 was modified -> sl: 1.09596 tp: 1.08394
0	12:14:39.614	'1809640': modify order #39440433 sell 0.01 EURUSD at 1.09259 sl: 1.09680 tp: 1.08416 -> sl: 1.09680 tp: 1.08392
0	12:14:40.364	'1809640': order #39440433 sell 0.01 EURUSD at 1.09259 was modified -> sl: 1.09680 tp: 1.08392
0	12:14:40.400	'1809640': modify order #39440496 sell 0.01 EURUSD at 1.09231 sl: 1.09653 tp: 1.08417 -> sl: 1.09653 tp: 1.08391
0	12:14:40.790	'1809640': order #39440496 sell 0.01 EURUSD at 1.09231 was modified -> sl: 1.09653 tp: 1.08391
0	12:14:40.887	'1809640': modify order #39443251 sell 0.01 EURUSD at 1.08945 sl: 1.09367 tp: 1.08416 -> sl: 1.09367 tp: 1.08392
0	12:14:41.219	'1809640': order #39443251 sell 0.01 EURUSD at 1.08945 was modified -> sl: 1.09367 tp: 1.08392
0	12:14:41.250	'1809640': modify order #39443967 sell 0.01 EURUSD at 1.08865 sl: 1.09286 tp: 1.08417 -> sl: 1.09286 tp: 1.08392
0	12:14:41.675	'1809640': order #39443967 sell 0.01 EURUSD at 1.08865 was modified -> sl: 1.09286 tp: 1.08392
0	12:16:56.504	'1809640': modify order #39427149 sell 0.01 EURUSD at 1.09189 sl: 1.09613 tp: 1.08391 -> sl: 1.09613 tp: 1.08363
0	12:16:56.995	'1809640': order #39427149 sell 0.01 EURUSD at 1.09189 was modified -> sl: 1.09613 tp: 1.08363
0	12:16:56.995	'1809640': modify order #39427299 sell 0.01 EURUSD at 1.09173 sl: 1.09596 tp: 1.08394 -> sl: 1.09596 tp: 1.08363
0	12:16:57.421	'1809640': order #39427299 sell 0.01 EURUSD at 1.09173 was modified -> sl: 1.09596 tp: 1.08363
0	12:16:57.421	'1809640': modify order #39440433 sell 0.01 EURUSD at 1.09259 sl: 1.09680 tp: 1.08392 -> sl: 1.09680 tp: 1.08364
0	12:16:57.875	'1809640': order #39440433 sell 0.01 EURUSD at 1.09259 was modified -> sl: 1.09680 tp: 1.08364
0	12:16:57.875	'1809640': modify order #39440496 sell 0.01 EURUSD at 1.09231 sl: 1.09653 tp: 1.08391 -> sl: 1.09653 tp: 1.08364
0	12:16:58.236	'1809640': order #39440496 sell 0.01 EURUSD at 1.09231 was modified -> sl: 1.09653 tp: 1.08364
0	12:16:58.236	'1809640': modify order #39443251 sell 0.01 EURUSD at 1.08945 sl: 1.09367 tp: 1.08392 -> sl: 1.09367 tp: 1.08365
0	12:16:58.625	'1809640': order #39443251 sell 0.01 EURUSD at 1.08945 was modified -> sl: 1.09367 tp: 1.08365
0	12:16:58.625	'1809640': modify order #39443967 sell 0.01 EURUSD at 1.08865 sl: 1.09286 tp: 1.08392 -> sl: 1.09286 tp: 1.08364
0	12:16:59.047	'1809640': order #39443967 sell 0.01 EURUSD at 1.08865 was modified -> sl: 1.09286 tp: 1.08364
0	12:31:58.133	'1809640': modify order #39427149 sell 0.01 EURUSD at 1.09189 sl: 1.09613 tp: 1.08363 -> sl: 1.09613 tp: 1.08342
0	12:31:58.880	'1809640': order #39427149 sell 0.01 EURUSD at 1.09189 was modified -> sl: 1.09613 tp: 1.08342
0	12:31:58.880	'1809640': modify order #39427299 sell 0.01 EURUSD at 1.09173 sl: 1.09596 tp: 1.08363 -> sl: 1.09596 tp: 1.08341
0	12:31:59.144	'1809640': order #39427299 sell 0.01 EURUSD at 1.09173 was modified -> sl: 1.09596 tp: 1.08341
0	12:31:59.144	'1809640': modify order #39440433 sell 0.01 EURUSD at 1.09259 sl: 1.09680 tp: 1.08364 -> sl: 1.09680 tp: 1.08343
0	12:31:59.563	'1809640': order #39440433 sell 0.01 EURUSD at 1.09259 was modified -> sl: 1.09680 tp: 1.08343
0	12:31:59.563	'1809640': modify order #39440496 sell 0.01 EURUSD at 1.09231 sl: 1.09653 tp: 1.08364 -> sl: 1.09653 tp: 1.08344
0	12:31:59.956	'1809640': order #39440496 sell 0.01 EURUSD at 1.09231 was modified -> sl: 1.09653 tp: 1.08344
0	12:31:59.988	'1809640': modify order #39443251 sell 0.01 EURUSD at 1.08945 sl: 1.09367 tp: 1.08365 -> sl: 1.09367 tp: 1.08344
0	12:32:00.150	'1809640': order #39443251 sell 0.01 EURUSD at 1.08945 was modified -> sl: 1.09367 tp: 1.08344
0	12:32:00.215	'1809640': modify order #39443967 sell 0.01 EURUSD at 1.08865 sl: 1.09286 tp: 1.08364 -> sl: 1.09286 tp: 1.08344
0	12:32:00.544	'1809640': order #39443967 sell 0.01 EURUSD at 1.08865 was modified -> sl: 1.09286 tp: 1.08344
0	13:10:15.621	'1809640': modify order #39427149 sell 0.01 EURUSD at 1.09189 sl: 1.09613 tp: 1.08342 -> sl: 1.09613 tp: 1.08337
0	13:10:18.522	'1809640': order #39427149 sell 0.01 EURUSD at 1.09189 was modified -> sl: 1.09613 tp: 1.08337
0	13:10:18.883	'1809640': modify order #39427299 sell 0.01 EURUSD at 1.09173 sl: 1.09596 tp: 1.08341 -> sl: 1.09596 tp: 1.08335
0	13:10:19.472	'1809640': order #39427299 sell 0.01 EURUSD at 1.09173 was modified -> sl: 1.09596 tp: 1.08335
0	13:10:19.504	'1809640': modify order #39440433 sell 0.01 EURUSD at 1.09259 sl: 1.09680 tp: 1.08343 -> sl: 1.09680 tp: 1.08335
0	13:10:19.832	'1809640': order #39440433 sell 0.01 EURUSD at 1.09259 was modified -> sl: 1.09680 tp: 1.08335
0	13:10:19.832	'1809640': modify order #39440496 sell 0.01 EURUSD at 1.09231 sl: 1.09653 tp: 1.08344 -> sl: 1.09653 tp: 1.08334
0	13:10:20.424	'1809640': order #39440496 sell 0.01 EURUSD at 1.09231 was modified -> sl: 1.09653 tp: 1.08334
0	13:10:20.452	'1809640': modify order #39443251 sell 0.01 EURUSD at 1.08945 sl: 1.09367 tp: 1.08344 -> sl: 1.09367 tp: 1.08334
0	13:10:20.911	'1809640': order #39443251 sell 0.01 EURUSD at 1.08945 was modified -> sl: 1.09367 tp: 1.08334
0	13:10:20.976	'1809640': modify order #39443967 sell 0.01 EURUSD at 1.08865 sl: 1.09286 tp: 1.08344 -> sl: 1.09286 tp: 1.08335
0	13:10:21.369	'1809640': order #39443967 sell 0.01 EURUSD at 1.08865 was modified -> sl: 1.09286 tp: 1.08335
0	13:12:39.866	'1809640': modify order #39427149 sell 0.01 EURUSD at 1.09189 sl: 1.09613 tp: 1.08337 -> sl: 1.09613 tp: 1.08325
0	13:12:40.812	'1809640': order #39427149 sell 0.01 EURUSD at 1.09189 was modified -> sl: 1.09613 tp: 1.08325
0	13:12:40.814	'1809640': modify order #39427299 sell 0.01 EURUSD at 1.09173 sl: 1.09596 tp: 1.08335 -> sl: 1.09596 tp: 1.08325
0	13:12:41.201	'1809640': order #39427299 sell 0.01 EURUSD at 1.09173 was modified -> sl: 1.09596 tp: 1.08325
0	13:12:41.201	'1809640': modify order #39440433 sell 0.01 EURUSD at 1.09259 sl: 1.09680 tp: 1.08335 -> sl: 1.09680 tp: 1.08325
0	13:12:41.822	'1809640': order #39440433 sell 0.01 EURUSD at 1.09259 was modified -> sl: 1.09680 tp: 1.08325
0	13:12:41.822	'1809640': modify order #39440496 sell 0.01 EURUSD at 1.09231 sl: 1.09653 tp: 1.08334 -> sl: 1.09653 tp: 1.08325
0	13:12:42.211	'1809640': order #39440496 sell 0.01 EURUSD at 1.09231 was modified -> sl: 1.09653 tp: 1.08325
0	13:12:42.211	'1809640': modify order #39443251 sell 0.01 EURUSD at 1.08945 sl: 1.09367 tp: 1.08334 -> sl: 1.09367 tp: 1.08325
0	13:12:42.674	'1809640': order #39443251 sell 0.01 EURUSD at 1.08945 was modified -> sl: 1.09367 tp: 1.08325
0	13:12:42.767	'1809640': modify order #39443967 sell 0.01 EURUSD at 1.08865 sl: 1.09286 tp: 1.08335 -> sl: 1.09286 tp: 1.08324
0	13:12:43.486	'1809640': order #39443967 sell 0.01 EURUSD at 1.08865 was modified -> sl: 1.09286 tp: 1.08324
0	13:57:51.561	'1809640': modify order #39448541 buy 0.01 EURUSD at 1.09083 sl: 1.08663 tp: 1.09610 -> sl: 1.08663 tp: 1.09642
0	13:57:52.441	'1809640': order #39448541 buy 0.01 EURUSD at 1.09083 was modified -> sl: 1.08663 tp: 1.09642
0	14:02:00.272	'1809640': close order #39291569 sell 0.01 EURUSD at 1.09736 sl: 1.10159 tp: 1.08055 at price 0.00000
0	14:02:00.566	'1809640': order #39291569 sell 0.01 EURUSD at 1.09736 sl: 1.10159 tp: 1.08055 closed at price 1.09133
0	14:02:00.597	'1809640': order buy market 0.01 EURUSD sl: 1.08712 tp: 1.09595
0	14:02:01.087	'1809640': order was opened : #39460165 buy 0.01 EURUSD at 1.09133 sl: 1.08712 tp: 1.09595
0	14:02:01.087	'1809640': close order #39290624 sell 0.01 EURUSD at 1.09712 sl: 1.10169 tp: 1.08055 at price 0.00000
0	14:02:01.449	'1809640': order #39290624 sell 0.01 EURUSD at 1.09712 sl: 1.10169 tp: 1.08055 closed at price 1.09133
0	14:02:01.449	'1809640': close order #39369587 sell 0.01 EURUSD at 1.09150 sl: 1.09571 tp: 1.08056 at price 0.00000
0	14:02:01.936	'1809640': order #39369587 sell 0.01 EURUSD at 1.09150 sl: 1.09571 tp: 1.08056 closed at price 1.09133
0	14:02:02.066	'1809640': close order #39301259 sell 0.01 EURUSD at 1.09718 sl: 1.10139 tp: 1.08056 at price 0.00000
0	14:02:02.722	'1809640': order #39301259 sell 0.01 EURUSD at 1.09718 sl: 1.10139 tp: 1.08056 closed at price 1.09133
0	14:02:02.753	'1809640': close order #39369334 sell 0.01 EURUSD at 1.09147 sl: 1.09568 tp: 1.08056 at price 0.00000
0	14:02:03.109	'1809640': order #39369334 sell 0.01 EURUSD at 1.09147 sl: 1.09568 tp: 1.08056 closed at price 1.09133
0	14:02:03.109	'1809640': close order #39301577 sell 0.01 EURUSD at 1.09629 sl: 1.10048 tp: 1.08056 at price 0.00000
0	14:02:03.600	'1809640': order #39301577 sell 0.01 EURUSD at 1.09629 sl: 1.10048 tp: 1.08056 closed at price 1.09133
0	14:02:03.794	'1809640': close order #39427299 sell 0.01 EURUSD at 1.09173 sl: 1.09596 tp: 1.08325 at price 0.00000
0	14:02:04.222	'1809640': order #39427299 sell 0.01 EURUSD at 1.09173 sl: 1.09596 tp: 1.08325 closed at price 1.09133
0	14:02:04.253	'1809640': close order #39440433 sell 0.01 EURUSD at 1.09259 sl: 1.09680 tp: 1.08325 at price 0.00000
0	14:02:04.708	'1809640': order #39440433 sell 0.01 EURUSD at 1.09259 sl: 1.09680 tp: 1.08325 closed at price 1.09133
0	14:02:04.708	'1809640': close order #39440496 sell 0.01 EURUSD at 1.09231 sl: 1.09653 tp: 1.08325 at price 0.00000
0	14:02:05.097	'1809640': order #39440496 sell 0.01 EURUSD at 1.09231 sl: 1.09653 tp: 1.08325 closed at price 1.09133
0	14:02:05.130	'1809640': close order #39291639 sell 0.01 EURUSD at 1.09722 sl: 1.10144 tp: 1.08055 at price 0.00000
0	14:02:05.361	'1809640': order #39291639 sell 0.01 EURUSD at 1.09722 sl: 1.10144 tp: 1.08055 closed at price 1.09133
0	14:02:05.426	'1809640': close order #39291459 sell 0.01 EURUSD at 1.09781 sl: 1.10211 tp: 1.08055 at price 0.00000
0	14:02:05.812	'1809640': order #39291459 sell 0.01 EURUSD at 1.09781 sl: 1.10211 tp: 1.08055 closed at price 1.09133
0	14:02:05.844	'1809640': close order #39310661 sell 0.01 EURUSD at 1.09536 sl: 1.09958 tp: 1.08056 at price 0.00000
0	14:02:06.368	'1809640': order #39310661 sell 0.01 EURUSD at 1.09536 sl: 1.09958 tp: 1.08056 closed at price 1.09134
0	14:02:06.368	'1809640': close order #39291517 sell 0.01 EURUSD at 1.09801 sl: 1.10227 tp: 1.08055 at price 0.00000
0	14:02:06.730	'1809640': order #39291517 sell 0.01 EURUSD at 1.09801 sl: 1.10227 tp: 1.08055 closed at price 1.09133
0	14:02:06.795	'1809640': close order #39290911 sell 0.01 EURUSD at 1.09691 sl: 1.10181 tp: 1.08056 at price 0.00000
0	14:02:07.249	'1809640': order #39290911 sell 0.01 EURUSD at 1.09691 sl: 1.10181 tp: 1.08056 closed at price 1.09133
0	14:02:29.124	'1809640': close order #39292175 sell 0.01 EURUSD at 1.09731 sl: 1.10153 tp: 1.07810 at price 0.00000
0	14:02:29.777	'1809640': order #39292175 sell 0.01 EURUSD at 1.09731 sl: 1.10153 tp: 1.07810 closed at price 1.09122
0	14:02:29.777	'1809640': close order #39291656 sell 0.01 EURUSD at 1.09745 sl: 1.10166 tp: 1.08055 at price 0.00000
0	14:02:30.203	'1809640': order #39291656 sell 0.01 EURUSD at 1.09745 sl: 1.10166 tp: 1.08055 closed at price 1.09123
0	14:02:30.269	'1809640': close order #39427149 sell 0.01 EURUSD at 1.09189 sl: 1.09613 tp: 1.08325 at price 0.00000
0	14:02:30.662	'1809640': order #39427149 sell 0.01 EURUSD at 1.09189 sl: 1.09613 tp: 1.08325 closed at price 1.09123
0	14:02:30.662	'1809640': close order #39291731 sell 0.01 EURUSD at 1.09746 sl: 1.10169 tp: 1.08055 at price 0.00000
0	14:02:31.019	'1809640': order #39291731 sell 0.01 EURUSD at 1.09746 sl: 1.10169 tp: 1.08055 closed at price 1.09124
0	14:02:59.253	'1809640': close order #39348361 sell 0.01 EURUSD at 1.09727 sl: 1.10148 tp: 1.08056 at price 0.00000
0	14:02:59.840	'1809640': order #39348361 sell 0.01 EURUSD at 1.09727 sl: 1.10148 tp: 1.08056 closed at price 1.09104
0	14:03:05.217	'1809640': close order #39291840 sell 0.01 EURUSD at 1.09748 sl: 1.10170 tp: 1.08056 at price 0.00000
0	14:03:05.676	'1809640': order #39291840 sell 0.01 EURUSD at 1.09748 sl: 1.10170 tp: 1.08056 closed at price 1.09103
0	14:03:05.676	'1809640': close order #39292055 sell 0.01 EURUSD at 1.09737 sl: 1.10157 tp: 1.08056 at price 0.00000
0	14:03:06.070	'1809640': order #39292055 sell 0.01 EURUSD at 1.09737 sl: 1.10157 tp: 1.08056 closed at price 1.09105
0	14:03:06.070	'1809640': close order #39292367 sell 0.01 EURUSD at 1.09698 sl: 1.10120 tp: 1.08056 at price 0.00000
0	14:03:06.528	'1809640': order #39292367 sell 0.01 EURUSD at 1.09698 sl: 1.10120 tp: 1.08056 closed at price 1.09104
0	14:03:06.691	'1809640': close order #39292116 sell 0.01 EURUSD at 1.09739 sl: 1.10161 tp: 1.08056 at price 0.00000
0	14:03:07.052	'1809640': order #39292116 sell 0.01 EURUSD at 1.09739 sl: 1.10161 tp: 1.08056 closed at price 1.09102
0	14:03:12.433	'1809640': close order #39296094 sell 0.01 EURUSD at 1.09807 sl: 1.10228 tp: 1.08056 at price 0.00000
0	14:03:13.086	'1809640': order #39296094 sell 0.01 EURUSD at 1.09807 sl: 1.10228 tp: 1.08056 closed at price 1.09103
0	14:03:13.086	'1809640': close order #39293489 sell 0.01 EURUSD at 1.09771 sl: 1.10192 tp: 1.08056 at price 0.00000
0	14:03:13.508	'1809640': order #39293489 sell 0.01 EURUSD at 1.09771 sl: 1.10192 tp: 1.08056 closed at price 1.09103
0	14:17:13.986	'1809640': modify order #39460165 buy 0.01 EURUSD at 1.09133 sl: 1.08712 tp: 1.09595 -> sl: 1.08712 tp: 1.09615
0	14:17:14.574	'1809640': order #39460165 buy 0.01 EURUSD at 1.09133 was modified -> sl: 1.08712 tp: 1.09615
0	14:26:04.804	'1809640': modify order #39448541 buy 0.01 EURUSD at 1.09083 sl: 1.08663 tp: 1.09642 -> sl: 1.08663 tp: 1.09643
0	14:26:05.592	'1809640': order #39448541 buy 0.01 EURUSD at 1.09083 was modified -> sl: 1.08663 tp: 1.09643
0	14:26:05.657	'1809640': modify order #39460165 buy 0.01 EURUSD at 1.09133 sl: 1.08712 tp: 1.09615 -> sl: 1.08712 tp: 1.09675
0	14:26:06.046	'1809640': order #39460165 buy 0.01 EURUSD at 1.09133 was modified -> sl: 1.08712 tp: 1.09675
0	14:26:59.154	'1809640': modify order #39460165 buy 0.01 EURUSD at 1.09133 sl: 1.08712 tp: 1.09675 -> sl: 1.08712 tp: 1.09682
0	14:26:59.775	'1809640': order #39460165 buy 0.01 EURUSD at 1.09133 was modified -> sl: 1.08712 tp: 1.09682
0	14:35:53.510	'1809640': modify order #39460165 buy 0.01 EURUSD at 1.09133 sl: 1.08712 tp: 1.09682 -> sl: 1.08712 tp: 1.09690
0	14:35:53.937	'1809640': order #39460165 buy 0.01 EURUSD at 1.09133 was modified -> sl: 1.08712 tp: 1.09690
0	14:36:35.111	'1809640': modify order #39460165 buy 0.01 EURUSD at 1.09133 sl: 1.08712 tp: 1.09690 -> sl: 1.08712 tp: 1.09731
0	14:36:35.663	'1809640': order #39460165 buy 0.01 EURUSD at 1.09133 was modified -> sl: 1.08712 tp: 1.09731
0	15:12:34.514	'1809640': modify order #39448541 buy 0.01 EURUSD at 1.09083 sl: 1.08663 tp: 1.09643 -> sl: 1.08663 tp: 1.09671
0	15:12:35.654	'1809640': order #39448541 buy 0.01 EURUSD at 1.09083 was modified -> sl: 1.08663 tp: 1.09671
0	15:12:35.654	'1809640': modify order #39460165 buy 0.01 EURUSD at 1.09133 sl: 1.08712 tp: 1.09731 -> sl: 1.08712 tp: 1.09750
0	15:12:35.982	'1809640': order #39460165 buy 0.01 EURUSD at 1.09133 was modified -> sl: 1.08712 tp: 1.09750
0	15:57:38.024	'1809640': modify order #39460165 buy 0.01 EURUSD at 1.09133 sl: 1.08712 tp: 1.09750 -> sl: 1.08712 tp: 1.09765
0	15:57:38.544	'1809640': order #39460165 buy 0.01 EURUSD at 1.09133 was modified -> sl: 1.08712 tp: 1.09765
0	15:59:06.656	'1809640': modify order #39448541 buy 0.01 EURUSD at 1.09083 sl: 1.08663 tp: 1.09671 -> sl: 1.08663 tp: 1.09672
0	15:59:07.175	'1809640': order #39448541 buy 0.01 EURUSD at 1.09083 was modified -> sl: 1.08663 tp: 1.09672
0	15:59:35.198	'1809640': modify order #39448541 buy 0.01 EURUSD at 1.09083 sl: 1.08663 tp: 1.09672 -> sl: 1.08663 tp: 1.09686
0	15:59:35.749	'1809640': order #39448541 buy 0.01 EURUSD at 1.09083 was modified -> sl: 1.08663 tp: 1.09686
0	15:59:35.847	'1809640': modify order #39460165 buy 0.01 EURUSD at 1.09133 sl: 1.08712 tp: 1.09765 -> sl: 1.08712 tp: 1.09789
0	15:59:36.529	'1809640': order #39460165 buy 0.01 EURUSD at 1.09133 was modified -> sl: 1.08712 tp: 1.09789
0	16:07:40.687	'1809640': order #39443967 sell 0.01 EURUSD at 1.08865 closed due stop-loss at price 1.09286
0	16:07:48.398	'1809640': modify order #39448541 buy 0.01 EURUSD at 1.09083 sl: 1.08663 tp: 1.09686 -> sl: 1.08663 tp: 1.09719
0	16:07:48.950	'1809640': order #39448541 buy 0.01 EURUSD at 1.09083 was modified -> sl: 1.08663 tp: 1.09719
0	16:07:48.982	'1809640': modify order #39460165 buy 0.01 EURUSD at 1.09133 sl: 1.08712 tp: 1.09789 -> sl: 1.08712 tp: 1.09799
0	16:07:49.372	'1809640': order #39460165 buy 0.01 EURUSD at 1.09133 was modified -> sl: 1.08712 tp: 1.09799
0	16:08:14.669	'1809640': modify order #39460165 buy 0.01 EURUSD at 1.09133 sl: 1.08712 tp: 1.09799 -> sl: 1.08712 tp: 1.09859
0	16:08:15.095	'1809640': order #39460165 buy 0.01 EURUSD at 1.09133 was modified -> sl: 1.08712 tp: 1.09859
0	16:09:36.901	'1809640': modify order #39448541 buy 0.01 EURUSD at 1.09083 sl: 1.08663 tp: 1.09719 -> sl: 1.08663 tp: 1.09735
0	16:09:37.684	'1809640': order #39448541 buy 0.01 EURUSD at 1.09083 was modified -> sl: 1.08663 tp: 1.09735
0	16:09:37.684	'1809640': modify order #39460165 buy 0.01 EURUSD at 1.09133 sl: 1.08712 tp: 1.09859 -> sl: 1.08712 tp: 1.09913
0	16:09:37.915	'1809640': order #39460165 buy 0.01 EURUSD at 1.09133 was modified -> sl: 1.08712 tp: 1.09913
0	16:09:45.798	'1809640': order #39443498 sell 0.01 EURUSD at 1.08885 closed due stop-loss at price 1.09308
0	16:11:49.259	'1809640': modify order #39448541 buy 0.01 EURUSD at 1.09083 sl: 1.08663 tp: 1.09735 -> sl: 1.08663 tp: 1.09788
0	16:11:49.811	'1809640': order #39448541 buy 0.01 EURUSD at 1.09083 was modified -> sl: 1.08663 tp: 1.09788
0	16:11:49.843	'1809640': modify order #39460165 buy 0.01 EURUSD at 1.09133 sl: 1.08712 tp: 1.09913 -> sl: 1.08712 tp: 1.10013
0	16:11:50.298	'1809640': order #39460165 buy 0.01 EURUSD at 1.09133 was modified -> sl: 1.08712 tp: 1.10013
0	16:17:22.509	'1809640': order #39443251 sell 0.01 EURUSD at 1.08945 closed due stop-loss at price 1.09367
0	16:17:50.676	'1809640': modify order #39460165 buy 0.01 EURUSD at 1.09133 sl: 1.08712 tp: 1.10013 -> sl: 1.08712 tp: 1.10016
0	16:17:51.461	'1809640': order #39460165 buy 0.01 EURUSD at 1.09133 was modified -> sl: 1.08712 tp: 1.10016
1	17:58:13.598	'1809640': connect failed [No connection]
0	17:58:42.235	'1809640': login on Tripleafx-FX-Demo through FX-Demo-01
0	17:58:56.126	'1809640': ping to current access point FX-Demo-01 is 97.52 ms
1	18:00:02.995	MQL4 Market: failed to load products
0	19:25:27.079	'1809640': modify order #39448541 buy 0.01 EURUSD at 1.09083 sl: 1.08663 tp: 1.09788 -> sl: 1.08663 tp: 1.09800
0	19:25:27.895	'1809640': order #39448541 buy 0.01 EURUSD at 1.09083 was modified -> sl: 1.08663 tp: 1.09800
0	23:00:17.194	'1809640': order sell market 0.01 EURUSD sl: 1.09668 tp: 1.09193
0	23:00:19.145	'1809640': order was opened : #39469198 sell 0.01 EURUSD at 1.09245 sl: 1.09668 tp: 1.09193
0	23:25:28.630	'1809640': order sell market 0.01 EURUSD sl: 1.09677 tp: 1.08814
0	23:25:29.281	'1809640': order was opened : #39469656 sell 0.01 EURUSD at 1.09254 sl: 1.09677 tp: 1.08814
0	23:38:34.102	'1809640': order sell market 0.01 EURUSD sl: 1.09679 tp: 1.08816
0	23:38:34.917	'1809640': order was opened : #39469731 sell 0.01 EURUSD at 1.09256 sl: 1.09679 tp: 1.08816
0	23:38:51.291	'1809640': modify order #39469198 sell 0.01 EURUSD at 1.09245 sl: 1.09668 tp: 1.09193 -> sl: 1.09668 tp: 1.09187
0	23:38:51.713	'1809640': order #39469198 sell 0.01 EURUSD at 1.09245 was modified -> sl: 1.09668 tp: 1.09187
0	23:40:04.318	'1809640': modify order #39469656 sell 0.01 EURUSD at 1.09254 sl: 1.09677 tp: 1.08814 -> sl: 1.09677 tp: 1.08778
0	23:40:04.677	'1809640': order #39469656 sell 0.01 EURUSD at 1.09254 was modified -> sl: 1.09677 tp: 1.08778
0	23:40:04.677	'1809640': modify order #39469731 sell 0.01 EURUSD at 1.09256 sl: 1.09679 tp: 1.08816 -> sl: 1.09679 tp: 1.08785
0	23:40:05.033	'1809640': order #39469731 sell 0.01 EURUSD at 1.09256 was modified -> sl: 1.09679 tp: 1.08785
0	23:56:51.050	'1809640': order sell market 0.01 EURUSD sl: 1.09667 tp: 1.08806
0	23:56:51.573	'1809640': order was opened : #39469860 sell 0.01 EURUSD at 1.09246 sl: 1.09667 tp: 1.08806
0	23:57:13.175	'1809640': modify order #39469198 sell 0.01 EURUSD at 1.09245 sl: 1.09668 tp: 1.09187 -> sl: 1.09668 tp: 1.09158
0	23:57:13.601	'1809640': order #39469198 sell 0.01 EURUSD at 1.09245 was modified -> sl: 1.09668 tp: 1.09158
0	23:57:13.633	'1809640': modify order #39469860 sell 0.01 EURUSD at 1.09246 sl: 1.09667 tp: 1.08806 -> sl: 1.09667 tp: 1.08803
0	23:57:13.763	'1809640': order #39469860 sell 0.01 EURUSD at 1.09246 was modified -> sl: 1.09667 tp: 1.08803
0	23:58:30.343	'1809640': modify order #39469860 sell 0.01 EURUSD at 1.09246 sl: 1.09667 tp: 1.08803 -> sl: 1.09667 tp: 1.08794
0	23:58:30.996	'1809640': order #39469860 sell 0.01 EURUSD at 1.09246 was modified -> sl: 1.09667 tp: 1.08794
