0	02:03:41.355	'1809640': close order #44009526 sell 0.01 EURUSD at 1.09255 sl: 1.09690 tp: 1.07066 at price 0.00000
0	02:03:42.167	'1809640': order #44009526 sell 0.01 EURUSD at 1.09255 sl: 1.09690 tp: 1.07066 closed at price 1.08508
0	02:03:42.589	'1809640': order buy market 0.01 EURUSD sl: 1.08086 tp: 1.08948
0	02:03:43.107	'1809640': order was opened : #44106086 buy 0.01 EURUSD at 1.08508 sl: 1.08086 tp: 1.08948
0	02:03:43.274	'1809640': close order #44056438 sell 0.01 EURUSD at 1.08713 sl: 1.09159 tp: 1.07067 at price 0.00000
0	02:03:43.886	'1809640': order #44056438 sell 0.01 EURUSD at 1.08713 sl: 1.09159 tp: 1.07067 closed at price 1.08508
0	02:03:43.951	'1809640': close order #44063435 sell 0.01 EURUSD at 1.08683 sl: 1.09105 tp: 1.06373 at price 0.00000
0	02:03:45.183	'1809640': order #44063435 sell 0.01 EURUSD at 1.08683 sl: 1.09105 tp: 1.06373 closed at price 1.08515
0	02:04:30.579	'1809640': modify order #44106086 buy 0.01 EURUSD at 1.08508 sl: 1.08086 tp: 1.08948 -> sl: 1.08086 tp: 1.08959
0	02:04:31.228	'1809640': order #44106086 buy 0.01 EURUSD at 1.08508 was modified -> sl: 1.08086 tp: 1.08959
0	02:10:42.715	'1809640': order buy market 0.01 EURUSD sl: 1.08081 tp: 1.08592
0	02:10:43.137	'1809640': order was opened : #44106220 buy 0.01 EURUSD at 1.08502 sl: 1.08081 tp: 1.08592
0	02:13:57.416	'1809640': modify order #44106220 buy 0.01 EURUSD at 1.08502 sl: 1.08081 tp: 1.08592 -> sl: 1.08081 tp: 1.08596
0	02:13:58.043	'1809640': order #44106220 buy 0.01 EURUSD at 1.08502 was modified -> sl: 1.08081 tp: 1.08596
0	02:15:29.904	'1809640': order sell market 0.01 EURUSD sl: 1.08889 tp: 1.08215
0	02:15:30.330	'1809640': order was opened : #44106260 sell 0.01 EURUSD at 1.08469 sl: 1.08889 tp: 1.08215
0	02:16:07.890	'1809640': modify order #44106220 buy 0.01 EURUSD at 1.08502 sl: 1.08081 tp: 1.08596 -> sl: 1.08081 tp: 1.08597
0	02:16:08.276	'1809640': order #44106220 buy 0.01 EURUSD at 1.08502 was modified -> sl: 1.08081 tp: 1.08597
0	02:16:08.276	'1809640': modify order #44106260 sell 0.01 EURUSD at 1.08469 sl: 1.08889 tp: 1.08215 -> sl: 1.08889 tp: 1.08213
0	02:16:08.799	'1809640': order #44106260 sell 0.01 EURUSD at 1.08469 was modified -> sl: 1.08889 tp: 1.08213
0	02:20:18.420	'1809640': modify order #44106260 sell 0.01 EURUSD at 1.08469 sl: 1.08889 tp: 1.08213 -> sl: 1.08889 tp: 1.08212
0	02:20:19.073	'1809640': order #44106260 sell 0.01 EURUSD at 1.08469 was modified -> sl: 1.08889 tp: 1.08212
0	02:20:50.192	'1809640': modify order #44106260 sell 0.01 EURUSD at 1.08469 sl: 1.08889 tp: 1.08212 -> sl: 1.08889 tp: 1.08211
0	02:20:50.991	'1809640': order #44106260 sell 0.01 EURUSD at 1.08469 was modified -> sl: 1.08889 tp: 1.08211
0	02:22:32.059	'1809640': modify order #44106086 buy 0.01 EURUSD at 1.08508 sl: 1.08086 tp: 1.08959 -> sl: 1.08086 tp: 1.08974
0	02:22:32.682	'1809640': order #44106086 buy 0.01 EURUSD at 1.08508 was modified -> sl: 1.08086 tp: 1.08974
0	02:23:16.177	'1809640': modify order #44106086 buy 0.01 EURUSD at 1.08508 sl: 1.08086 tp: 1.08974 -> sl: 1.08086 tp: 1.08995
0	02:23:16.698	'1809640': order #44106086 buy 0.01 EURUSD at 1.08508 was modified -> sl: 1.08086 tp: 1.08995
0	02:23:16.793	'1809640': modify order #44106260 sell 0.01 EURUSD at 1.08469 sl: 1.08889 tp: 1.08211 -> sl: 1.08889 tp: 1.08210
0	02:23:17.247	'1809640': order #44106260 sell 0.01 EURUSD at 1.08469 was modified -> sl: 1.08889 tp: 1.08210
0	02:27:26.644	'1809640': modify order #44106086 buy 0.01 EURUSD at 1.08508 sl: 1.08086 tp: 1.08995 -> sl: 1.08086 tp: 1.08996
0	02:27:27.183	'1809640': order #44106086 buy 0.01 EURUSD at 1.08508 was modified -> sl: 1.08086 tp: 1.08996
0	02:27:27.183	'1809640': modify order #44106260 sell 0.01 EURUSD at 1.08469 sl: 1.08889 tp: 1.08210 -> sl: 1.08889 tp: 1.08209
0	02:27:27.637	'1809640': order #44106260 sell 0.01 EURUSD at 1.08469 was modified -> sl: 1.08889 tp: 1.08209
0	02:28:15.398	'1809640': modify order #44106086 buy 0.01 EURUSD at 1.08508 sl: 1.08086 tp: 1.08996 -> sl: 1.08086 tp: 1.08999
0	02:28:15.982	'1809640': order #44106086 buy 0.01 EURUSD at 1.08508 was modified -> sl: 1.08086 tp: 1.08999
0	02:28:15.982	'1809640': modify order #44106260 sell 0.01 EURUSD at 1.08469 sl: 1.08889 tp: 1.08209 -> sl: 1.08889 tp: 1.08208
0	02:28:16.404	'1809640': order #44106260 sell 0.01 EURUSD at 1.08469 was modified -> sl: 1.08889 tp: 1.08208
0	02:30:44.104	'1809640': modify order #44106220 buy 0.01 EURUSD at 1.08502 sl: 1.08081 tp: 1.08597 -> sl: 1.08081 tp: 1.08612
0	02:30:44.582	'1809640': order #44106220 buy 0.01 EURUSD at 1.08502 was modified -> sl: 1.08081 tp: 1.08612
0	02:30:44.582	'1809640': modify order #44106260 sell 0.01 EURUSD at 1.08469 sl: 1.08889 tp: 1.08208 -> sl: 1.08889 tp: 1.08201
0	02:30:45.031	'1809640': order #44106260 sell 0.01 EURUSD at 1.08469 was modified -> sl: 1.08889 tp: 1.08201
0	02:33:59.450	'1809640': modify order #44106220 buy 0.01 EURUSD at 1.08502 sl: 1.08081 tp: 1.08612 -> sl: 1.08081 tp: 1.08622
0	02:34:00.746	'1809640': order #44106220 buy 0.01 EURUSD at 1.08502 was modified -> sl: 1.08081 tp: 1.08622
0	02:34:00.811	'1809640': modify order #44106260 sell 0.01 EURUSD at 1.08469 sl: 1.08889 tp: 1.08201 -> sl: 1.08889 tp: 1.08200
0	02:34:01.104	'1809640': order #44106260 sell 0.01 EURUSD at 1.08469 was modified -> sl: 1.08889 tp: 1.08200
0	02:34:54.924	'1809640': modify order #44106220 buy 0.01 EURUSD at 1.08502 sl: 1.08081 tp: 1.08622 -> sl: 1.08081 tp: 1.08625
0	02:34:55.605	'1809640': order #44106220 buy 0.01 EURUSD at 1.08502 was modified -> sl: 1.08081 tp: 1.08625
0	02:34:55.638	'1809640': modify order #44106260 sell 0.01 EURUSD at 1.08469 sl: 1.08889 tp: 1.08200 -> sl: 1.08889 tp: 1.08199
0	02:34:55.991	'1809640': order #44106260 sell 0.01 EURUSD at 1.08469 was modified -> sl: 1.08889 tp: 1.08199
0	03:10:11.111	'1809640': modify order #44106086 buy 0.01 EURUSD at 1.08508 sl: 1.08086 tp: 1.08999 -> sl: 1.08086 tp: 1.09004
0	03:10:11.735	'1809640': order #44106086 buy 0.01 EURUSD at 1.08508 was modified -> sl: 1.08086 tp: 1.09004
0	03:10:11.800	'1809640': modify order #44106260 sell 0.01 EURUSD at 1.08469 sl: 1.08889 tp: 1.08199 -> sl: 1.08889 tp: 1.08193
0	03:10:12.287	'1809640': order #44106260 sell 0.01 EURUSD at 1.08469 was modified -> sl: 1.08889 tp: 1.08193
0	03:11:59.466	'1809640': modify order #44106086 buy 0.01 EURUSD at 1.08508 sl: 1.08086 tp: 1.09004 -> sl: 1.08086 tp: 1.09005
0	03:12:00.371	'1809640': order #44106086 buy 0.01 EURUSD at 1.08508 was modified -> sl: 1.08086 tp: 1.09005
0	03:12:00.533	'1809640': modify order #44106260 sell 0.01 EURUSD at 1.08469 sl: 1.08889 tp: 1.08193 -> sl: 1.08889 tp: 1.08192
0	03:12:00.991	'1809640': order #44106260 sell 0.01 EURUSD at 1.08469 was modified -> sl: 1.08889 tp: 1.08192
0	03:19:18.896	'1809640': modify order #44106086 buy 0.01 EURUSD at 1.08508 sl: 1.08086 tp: 1.09005 -> sl: 1.08086 tp: 1.09027
0	03:19:19.610	'1809640': order #44106086 buy 0.01 EURUSD at 1.08508 was modified -> sl: 1.08086 tp: 1.09027
0	03:19:19.642	'1809640': modify order #44106260 sell 0.01 EURUSD at 1.08469 sl: 1.08889 tp: 1.08192 -> sl: 1.08889 tp: 1.08178
0	03:19:20.036	'1809640': order #44106260 sell 0.01 EURUSD at 1.08469 was modified -> sl: 1.08889 tp: 1.08178
0	03:19:45.939	'1809640': modify order #44106220 buy 0.01 EURUSD at 1.08502 sl: 1.08081 tp: 1.08625 -> sl: 1.08081 tp: 1.08646
0	03:19:47.014	'1809640': order #44106220 buy 0.01 EURUSD at 1.08502 was modified -> sl: 1.08081 tp: 1.08646
0	03:22:44.727	'1809640': modify order #44106220 buy 0.01 EURUSD at 1.08502 sl: 1.08081 tp: 1.08646 -> sl: 1.08081 tp: 1.08653
0	03:22:45.064	'1809640': order #44106220 buy 0.01 EURUSD at 1.08502 was modified -> sl: 1.08081 tp: 1.08653
0	03:24:56.306	'1809640': modify order #44106220 buy 0.01 EURUSD at 1.08502 sl: 1.08081 tp: 1.08653 -> sl: 1.08081 tp: 1.08655
0	03:24:56.662	'1809640': order #44106220 buy 0.01 EURUSD at 1.08502 was modified -> sl: 1.08081 tp: 1.08655
0	03:32:29.228	'1809640': modify order #44106260 sell 0.01 EURUSD at 1.08469 sl: 1.08889 tp: 1.08178 -> sl: 1.08889 tp: 1.08173
0	03:32:30.242	'1809640': order #44106260 sell 0.01 EURUSD at 1.08469 was modified -> sl: 1.08889 tp: 1.08173
0	05:58:22.861	'1809640': modify order #44106086 buy 0.01 EURUSD at 1.08508 sl: 1.08086 tp: 1.09027 -> sl: 1.08086 tp: 1.09033
0	05:58:25.261	'1809640': order #44106086 buy 0.01 EURUSD at 1.08508 was modified -> sl: 1.08086 tp: 1.09033
0	06:01:01.826	'1809640': modify order #44106086 buy 0.01 EURUSD at 1.08508 sl: 1.08086 tp: 1.09033 -> sl: 1.08086 tp: 1.09041
0	06:01:02.767	'1809640': order #44106086 buy 0.01 EURUSD at 1.08508 was modified -> sl: 1.08086 tp: 1.09041
0	06:02:37.381	'1809640': modify order #44106220 buy 0.01 EURUSD at 1.08502 sl: 1.08081 tp: 1.08655 -> sl: 1.08081 tp: 1.08658
0	06:02:37.993	'1809640': order #44106220 buy 0.01 EURUSD at 1.08502 was modified -> sl: 1.08081 tp: 1.08658
0	07:03:41.894	'1809640': modify order #44075555 buy 0.01 EURUSD at 1.08353 sl: 1.07935 tp: 1.09041 -> sl: 1.07935 tp: 1.09064
0	07:03:42.347	'1809640': order #44075555 buy 0.01 EURUSD at 1.08353 was modified -> sl: 1.07935 tp: 1.09064
0	07:03:42.378	'1809640': modify order #44075806 buy 0.01 EURUSD at 1.08340 sl: 1.07922 tp: 1.09043 -> sl: 1.07922 tp: 1.09064
0	07:03:42.769	'1809640': order #44075806 buy 0.01 EURUSD at 1.08340 was modified -> sl: 1.07922 tp: 1.09064
0	07:03:42.800	'1809640': modify order #44076360 buy 0.01 EURUSD at 1.08239 sl: 1.07818 tp: 1.09043 -> sl: 1.07818 tp: 1.09064
0	07:03:43.156	'1809640': order #44076360 buy 0.01 EURUSD at 1.08239 was modified -> sl: 1.07818 tp: 1.09064
0	07:03:43.188	'1809640': modify order #44076635 buy 0.01 EURUSD at 1.08255 sl: 1.07838 tp: 1.09043 -> sl: 1.07838 tp: 1.09064
0	07:03:43.644	'1809640': order #44076635 buy 0.01 EURUSD at 1.08255 was modified -> sl: 1.07838 tp: 1.09064
0	07:03:43.837	'1809640': modify order #44077241 buy 0.01 EURUSD at 1.08229 sl: 1.07809 tp: 1.09043 -> sl: 1.07809 tp: 1.09063
0	07:03:44.263	'1809640': order #44077241 buy 0.01 EURUSD at 1.08229 was modified -> sl: 1.07809 tp: 1.09063
0	07:03:44.453	'1809640': modify order #44079706 buy 0.01 EURUSD at 1.08086 sl: 1.07666 tp: 1.09042 -> sl: 1.07666 tp: 1.09063
0	07:03:44.810	'1809640': order #44079706 buy 0.01 EURUSD at 1.08086 was modified -> sl: 1.07666 tp: 1.09063
0	07:03:44.875	'1809640': modify order #44106086 buy 0.01 EURUSD at 1.08508 sl: 1.08086 tp: 1.09041 -> sl: 1.08086 tp: 1.09063
0	07:03:45.292	'1809640': order #44106086 buy 0.01 EURUSD at 1.08508 was modified -> sl: 1.08086 tp: 1.09063
0	07:04:21.817	'1809640': order #44106220 buy 0.01 EURUSD at 1.08502 closed due take-profit at price 1.08658
0	07:07:02.680	'1809640': modify order #44075555 buy 0.01 EURUSD at 1.08353 sl: 1.07935 tp: 1.09064 -> sl: 1.07935 tp: 1.09106
0	07:07:03.128	'1809640': order #44075555 buy 0.01 EURUSD at 1.08353 was modified -> sl: 1.07935 tp: 1.09106
0	07:07:03.192	'1809640': modify order #44075806 buy 0.01 EURUSD at 1.08340 sl: 1.07922 tp: 1.09064 -> sl: 1.07922 tp: 1.09106
0	07:07:03.545	'1809640': order #44075806 buy 0.01 EURUSD at 1.08340 was modified -> sl: 1.07922 tp: 1.09106
0	07:07:03.577	'1809640': modify order #44076360 buy 0.01 EURUSD at 1.08239 sl: 1.07818 tp: 1.09064 -> sl: 1.07818 tp: 1.09106
0	07:07:04.031	'1809640': order #44076360 buy 0.01 EURUSD at 1.08239 was modified -> sl: 1.07818 tp: 1.09106
0	07:07:04.157	'1809640': modify order #44076635 buy 0.01 EURUSD at 1.08255 sl: 1.07838 tp: 1.09064 -> sl: 1.07838 tp: 1.09107
0	07:07:04.546	'1809640': order #44076635 buy 0.01 EURUSD at 1.08255 was modified -> sl: 1.07838 tp: 1.09107
0	07:07:04.546	'1809640': modify order #44077241 buy 0.01 EURUSD at 1.08229 sl: 1.07809 tp: 1.09063 -> sl: 1.07809 tp: 1.09106
0	07:07:04.964	'1809640': order #44077241 buy 0.01 EURUSD at 1.08229 was modified -> sl: 1.07809 tp: 1.09106
0	07:07:05.062	'1809640': modify order #44079706 buy 0.01 EURUSD at 1.08086 sl: 1.07666 tp: 1.09063 -> sl: 1.07666 tp: 1.09106
0	07:07:05.321	'1809640': order #44079706 buy 0.01 EURUSD at 1.08086 was modified -> sl: 1.07666 tp: 1.09106
0	07:07:05.354	'1809640': modify order #44106086 buy 0.01 EURUSD at 1.08508 sl: 1.08086 tp: 1.09063 -> sl: 1.08086 tp: 1.09106
0	07:07:05.909	'1809640': order #44106086 buy 0.01 EURUSD at 1.08508 was modified -> sl: 1.08086 tp: 1.09106
0	07:08:02.431	'1809640': order sell market 0.01 EURUSD sl: 1.09088 tp: 1.08226
0	07:08:02.881	'1809640': order was opened : #44110934 sell 0.01 EURUSD at 1.08671 sl: 1.09088 tp: 1.08226
0	07:10:02.280	'1809640': modify order #44075555 buy 0.01 EURUSD at 1.08353 sl: 1.07935 tp: 1.09106 -> sl: 1.07935 tp: 1.09117
0	07:10:03.319	'1809640': order #44075555 buy 0.01 EURUSD at 1.08353 was modified -> sl: 1.07935 tp: 1.09117
0	07:10:03.615	'1809640': modify order #44075806 buy 0.01 EURUSD at 1.08340 sl: 1.07922 tp: 1.09106 -> sl: 1.07922 tp: 1.09116
0	07:10:04.134	'1809640': order #44075806 buy 0.01 EURUSD at 1.08340 was modified -> sl: 1.07922 tp: 1.09116
0	07:10:04.231	'1809640': modify order #44076360 buy 0.01 EURUSD at 1.08239 sl: 1.07818 tp: 1.09106 -> sl: 1.07818 tp: 1.09115
0	07:10:04.624	'1809640': order #44076360 buy 0.01 EURUSD at 1.08239 was modified -> sl: 1.07818 tp: 1.09115
0	07:10:04.660	'1809640': modify order #44076635 buy 0.01 EURUSD at 1.08255 sl: 1.07838 tp: 1.09107 -> sl: 1.07838 tp: 1.09115
0	07:10:05.111	'1809640': order #44076635 buy 0.01 EURUSD at 1.08255 was modified -> sl: 1.07838 tp: 1.09115
0	07:10:05.176	'1809640': modify order #44077241 buy 0.01 EURUSD at 1.08229 sl: 1.07809 tp: 1.09106 -> sl: 1.07809 tp: 1.09115
0	07:10:05.537	'1809640': order #44077241 buy 0.01 EURUSD at 1.08229 was modified -> sl: 1.07809 tp: 1.09115
0	07:10:05.537	'1809640': modify order #44079706 buy 0.01 EURUSD at 1.08086 sl: 1.07666 tp: 1.09106 -> sl: 1.07666 tp: 1.09115
0	07:10:06.734	'1809640': order #44079706 buy 0.01 EURUSD at 1.08086 was modified -> sl: 1.07666 tp: 1.09115
0	07:10:06.800	'1809640': modify order #44106086 buy 0.01 EURUSD at 1.08508 sl: 1.08086 tp: 1.09106 -> sl: 1.08086 tp: 1.09115
0	07:10:07.123	'1809640': order #44106086 buy 0.01 EURUSD at 1.08508 was modified -> sl: 1.08086 tp: 1.09115
0	07:10:07.123	'1809640': modify order #44110934 sell 0.01 EURUSD at 1.08671 sl: 1.09088 tp: 1.08226 -> sl: 1.09088 tp: 1.08216
0	07:10:07.512	'1809640': order #44110934 sell 0.01 EURUSD at 1.08671 was modified -> sl: 1.09088 tp: 1.08216
0	07:12:37.234	'1809640': modify order #44110934 sell 0.01 EURUSD at 1.08671 sl: 1.09088 tp: 1.08216 -> sl: 1.09088 tp: 1.08203
0	07:12:38.207	'1809640': order #44110934 sell 0.01 EURUSD at 1.08671 was modified -> sl: 1.09088 tp: 1.08203
0	07:13:39.083	'1809640': modify order #44076360 buy 0.01 EURUSD at 1.08239 sl: 1.07818 tp: 1.09115 -> sl: 1.07818 tp: 1.09116
0	07:13:39.509	'1809640': order #44076360 buy 0.01 EURUSD at 1.08239 was modified -> sl: 1.07818 tp: 1.09116
0	07:14:44.796	'1809640': modify order #44075555 buy 0.01 EURUSD at 1.08353 sl: 1.07935 tp: 1.09117 -> sl: 1.07935 tp: 1.09124
0	07:14:45.225	'1809640': order #44075555 buy 0.01 EURUSD at 1.08353 was modified -> sl: 1.07935 tp: 1.09124
0	07:14:45.322	'1809640': modify order #44075806 buy 0.01 EURUSD at 1.08340 sl: 1.07922 tp: 1.09116 -> sl: 1.07922 tp: 1.09124
0	07:14:45.845	'1809640': order #44075806 buy 0.01 EURUSD at 1.08340 was modified -> sl: 1.07922 tp: 1.09124
0	07:14:45.877	'1809640': modify order #44076360 buy 0.01 EURUSD at 1.08239 sl: 1.07818 tp: 1.09116 -> sl: 1.07818 tp: 1.09124
0	07:14:46.234	'1809640': order #44076360 buy 0.01 EURUSD at 1.08239 was modified -> sl: 1.07818 tp: 1.09124
0	07:14:46.234	'1809640': modify order #44076635 buy 0.01 EURUSD at 1.08255 sl: 1.07838 tp: 1.09115 -> sl: 1.07838 tp: 1.09124
0	07:14:46.757	'1809640': order #44076635 buy 0.01 EURUSD at 1.08255 was modified -> sl: 1.07838 tp: 1.09124
0	07:14:46.789	'1809640': modify order #44077241 buy 0.01 EURUSD at 1.08229 sl: 1.07809 tp: 1.09115 -> sl: 1.07809 tp: 1.09124
0	07:14:47.308	'1809640': order #44077241 buy 0.01 EURUSD at 1.08229 was modified -> sl: 1.07809 tp: 1.09124
0	07:14:47.308	'1809640': modify order #44079706 buy 0.01 EURUSD at 1.08086 sl: 1.07666 tp: 1.09115 -> sl: 1.07666 tp: 1.09124
0	07:14:47.832	'1809640': order #44079706 buy 0.01 EURUSD at 1.08086 was modified -> sl: 1.07666 tp: 1.09124
0	07:14:47.997	'1809640': modify order #44106086 buy 0.01 EURUSD at 1.08508 sl: 1.08086 tp: 1.09115 -> sl: 1.08086 tp: 1.09124
0	07:14:48.419	'1809640': order #44106086 buy 0.01 EURUSD at 1.08508 was modified -> sl: 1.08086 tp: 1.09124
0	07:16:53.718	'1809640': modify order #44110934 sell 0.01 EURUSD at 1.08671 sl: 1.09088 tp: 1.08203 -> sl: 1.09088 tp: 1.08186
0	07:16:54.270	'1809640': order #44110934 sell 0.01 EURUSD at 1.08671 was modified -> sl: 1.09088 tp: 1.08186
0	07:20:47.538	'1809640': modify order #44110934 sell 0.01 EURUSD at 1.08671 sl: 1.09088 tp: 1.08186 -> sl: 1.09088 tp: 1.08184
0	07:20:48.280	'1809640': order #44110934 sell 0.01 EURUSD at 1.08671 was modified -> sl: 1.09088 tp: 1.08184
0	07:26:44.193	'1809640': modify order #44110934 sell 0.01 EURUSD at 1.08671 sl: 1.09088 tp: 1.08184 -> sl: 1.09088 tp: 1.08156
0	07:26:44.744	'1809640': order #44110934 sell 0.01 EURUSD at 1.08671 was modified -> sl: 1.09088 tp: 1.08156
0	07:34:36.177	'1809640': modify order #44110934 sell 0.01 EURUSD at 1.08671 sl: 1.09088 tp: 1.08156 -> sl: 1.09088 tp: 1.08132
0	07:34:36.535	'1809640': order #44110934 sell 0.01 EURUSD at 1.08671 was modified -> sl: 1.09088 tp: 1.08132
0	08:01:59.299	'1809640': modify order #44075555 buy 0.01 EURUSD at 1.08353 sl: 1.07935 tp: 1.09124 -> sl: 1.07935 tp: 1.09181
0	08:01:59.717	'1809640': order #44075555 buy 0.01 EURUSD at 1.08353 was modified -> sl: 1.07935 tp: 1.09181
0	08:01:59.786	'1809640': modify order #44075806 buy 0.01 EURUSD at 1.08340 sl: 1.07922 tp: 1.09124 -> sl: 1.07922 tp: 1.09180
0	08:02:00.438	'1809640': order #44075806 buy 0.01 EURUSD at 1.08340 was modified -> sl: 1.07922 tp: 1.09180
0	08:02:00.438	'1809640': modify order #44076360 buy 0.01 EURUSD at 1.08239 sl: 1.07818 tp: 1.09124 -> sl: 1.07818 tp: 1.09181
0	08:02:00.860	'1809640': order #44076360 buy 0.01 EURUSD at 1.08239 was modified -> sl: 1.07818 tp: 1.09181
0	08:02:00.860	'1809640': modify order #44076635 buy 0.01 EURUSD at 1.08255 sl: 1.07838 tp: 1.09124 -> sl: 1.07838 tp: 1.09181
0	08:02:01.239	'1809640': order #44076635 buy 0.01 EURUSD at 1.08255 was modified -> sl: 1.07838 tp: 1.09181
0	08:02:01.271	'1809640': modify order #44077241 buy 0.01 EURUSD at 1.08229 sl: 1.07809 tp: 1.09124 -> sl: 1.07809 tp: 1.09181
0	08:02:01.755	'1809640': order #44077241 buy 0.01 EURUSD at 1.08229 was modified -> sl: 1.07809 tp: 1.09181
0	08:02:01.755	'1809640': modify order #44079706 buy 0.01 EURUSD at 1.08086 sl: 1.07666 tp: 1.09124 -> sl: 1.07666 tp: 1.09181
0	08:02:02.177	'1809640': order #44079706 buy 0.01 EURUSD at 1.08086 was modified -> sl: 1.07666 tp: 1.09181
0	08:02:02.209	'1809640': modify order #44106086 buy 0.01 EURUSD at 1.08508 sl: 1.08086 tp: 1.09124 -> sl: 1.08086 tp: 1.09182
0	08:02:02.567	'1809640': order #44106086 buy 0.01 EURUSD at 1.08508 was modified -> sl: 1.08086 tp: 1.09182
0	08:06:30.052	'1809640': modify order #44075555 buy 0.01 EURUSD at 1.08353 sl: 1.07935 tp: 1.09181 -> sl: 1.07935 tp: 1.09189
0	08:06:30.730	'1809640': order #44075555 buy 0.01 EURUSD at 1.08353 was modified -> sl: 1.07935 tp: 1.09189
0	08:06:30.730	'1809640': modify order #44075806 buy 0.01 EURUSD at 1.08340 sl: 1.07922 tp: 1.09180 -> sl: 1.07922 tp: 1.09189
0	08:06:31.151	'1809640': order #44075806 buy 0.01 EURUSD at 1.08340 was modified -> sl: 1.07922 tp: 1.09189
0	08:06:31.151	'1809640': modify order #44076360 buy 0.01 EURUSD at 1.08239 sl: 1.07818 tp: 1.09181 -> sl: 1.07818 tp: 1.09190
0	08:06:31.541	'1809640': order #44076360 buy 0.01 EURUSD at 1.08239 was modified -> sl: 1.07818 tp: 1.09190
0	08:06:31.541	'1809640': modify order #44076635 buy 0.01 EURUSD at 1.08255 sl: 1.07838 tp: 1.09181 -> sl: 1.07838 tp: 1.09191
0	08:06:32.068	'1809640': order #44076635 buy 0.01 EURUSD at 1.08255 was modified -> sl: 1.07838 tp: 1.09191
0	08:06:32.096	'1809640': modify order #44077241 buy 0.01 EURUSD at 1.08229 sl: 1.07809 tp: 1.09181 -> sl: 1.07809 tp: 1.09190
0	08:06:32.453	'1809640': order #44077241 buy 0.01 EURUSD at 1.08229 was modified -> sl: 1.07809 tp: 1.09190
0	08:06:32.453	'1809640': modify order #44079706 buy 0.01 EURUSD at 1.08086 sl: 1.07666 tp: 1.09181 -> sl: 1.07666 tp: 1.09190
0	08:06:32.880	'1809640': order #44079706 buy 0.01 EURUSD at 1.08086 was modified -> sl: 1.07666 tp: 1.09190
0	08:06:32.880	'1809640': modify order #44106086 buy 0.01 EURUSD at 1.08508 sl: 1.08086 tp: 1.09182 -> sl: 1.08086 tp: 1.09190
0	08:06:33.325	'1809640': order #44106086 buy 0.01 EURUSD at 1.08508 was modified -> sl: 1.08086 tp: 1.09190
0	08:08:55.855	'1809640': modify order #44075555 buy 0.01 EURUSD at 1.08353 sl: 1.07935 tp: 1.09189 -> sl: 1.07935 tp: 1.09203
0	08:08:56.931	'1809640': order #44075555 buy 0.01 EURUSD at 1.08353 was modified -> sl: 1.07935 tp: 1.09203
0	08:08:56.931	'1809640': modify order #44075806 buy 0.01 EURUSD at 1.08340 sl: 1.07922 tp: 1.09189 -> sl: 1.07922 tp: 1.09202
0	08:08:57.381	'1809640': order #44075806 buy 0.01 EURUSD at 1.08340 was modified -> sl: 1.07922 tp: 1.09202
0	08:08:57.450	'1809640': modify order #44076360 buy 0.01 EURUSD at 1.08239 sl: 1.07818 tp: 1.09190 -> sl: 1.07818 tp: 1.09201
0	08:08:57.969	'1809640': order #44076360 buy 0.01 EURUSD at 1.08239 was modified -> sl: 1.07818 tp: 1.09201
0	08:08:58.036	'1809640': modify order #44076635 buy 0.01 EURUSD at 1.08255 sl: 1.07838 tp: 1.09191 -> sl: 1.07838 tp: 1.09201
0	08:08:58.456	'1809640': order #44076635 buy 0.01 EURUSD at 1.08255 was modified -> sl: 1.07838 tp: 1.09201
0	08:08:58.488	'1809640': modify order #44077241 buy 0.01 EURUSD at 1.08229 sl: 1.07809 tp: 1.09190 -> sl: 1.07809 tp: 1.09202
0	08:08:58.849	'1809640': order #44077241 buy 0.01 EURUSD at 1.08229 was modified -> sl: 1.07809 tp: 1.09202
0	08:08:58.914	'1809640': modify order #44079706 buy 0.01 EURUSD at 1.08086 sl: 1.07666 tp: 1.09190 -> sl: 1.07666 tp: 1.09202
0	08:08:59.595	'1809640': order #44079706 buy 0.01 EURUSD at 1.08086 was modified -> sl: 1.07666 tp: 1.09202
0	08:08:59.595	'1809640': modify order #44106086 buy 0.01 EURUSD at 1.08508 sl: 1.08086 tp: 1.09190 -> sl: 1.08086 tp: 1.09203
0	08:09:00.054	'1809640': order #44106086 buy 0.01 EURUSD at 1.08508 was modified -> sl: 1.08086 tp: 1.09203
0	08:15:28.115	'1809640': modify order #44075555 buy 0.01 EURUSD at 1.08353 sl: 1.07935 tp: 1.09203 -> sl: 1.07935 tp: 1.09215
0	08:15:28.666	'1809640': order #44075555 buy 0.01 EURUSD at 1.08353 was modified -> sl: 1.07935 tp: 1.09215
0	08:15:28.893	'1809640': modify order #44075806 buy 0.01 EURUSD at 1.08340 sl: 1.07922 tp: 1.09202 -> sl: 1.07922 tp: 1.09216
0	08:15:29.339	'1809640': order #44075806 buy 0.01 EURUSD at 1.08340 was modified -> sl: 1.07922 tp: 1.09216
0	08:15:29.469	'1809640': modify order #44076360 buy 0.01 EURUSD at 1.08239 sl: 1.07818 tp: 1.09201 -> sl: 1.07818 tp: 1.09215
0	08:15:29.761	'1809640': order #44076360 buy 0.01 EURUSD at 1.08239 was modified -> sl: 1.07818 tp: 1.09215
0	08:15:29.761	'1809640': modify order #44076635 buy 0.01 EURUSD at 1.08255 sl: 1.07838 tp: 1.09201 -> sl: 1.07838 tp: 1.09214
0	08:15:30.154	'1809640': order #44076635 buy 0.01 EURUSD at 1.08255 was modified -> sl: 1.07838 tp: 1.09214
0	08:15:30.318	'1809640': modify order #44077241 buy 0.01 EURUSD at 1.08229 sl: 1.07809 tp: 1.09202 -> sl: 1.07809 tp: 1.09214
0	08:15:30.771	'1809640': order #44077241 buy 0.01 EURUSD at 1.08229 was modified -> sl: 1.07809 tp: 1.09214
0	08:15:30.803	'1809640': modify order #44079706 buy 0.01 EURUSD at 1.08086 sl: 1.07666 tp: 1.09202 -> sl: 1.07666 tp: 1.09214
0	08:15:31.287	'1809640': order #44079706 buy 0.01 EURUSD at 1.08086 was modified -> sl: 1.07666 tp: 1.09214
0	08:15:31.346	'1809640': modify order #44106086 buy 0.01 EURUSD at 1.08508 sl: 1.08086 tp: 1.09203 -> sl: 1.08086 tp: 1.09214
0	08:15:31.736	'1809640': order #44106086 buy 0.01 EURUSD at 1.08508 was modified -> sl: 1.08086 tp: 1.09214
0	08:21:31.448	'1809640': modify order #44075555 buy 0.01 EURUSD at 1.08353 sl: 1.07935 tp: 1.09215 -> sl: 1.07935 tp: 1.09235
0	08:21:32.522	'1809640': order #44075555 buy 0.01 EURUSD at 1.08353 was modified -> sl: 1.07935 tp: 1.09235
0	08:21:32.522	'1809640': modify order #44075806 buy 0.01 EURUSD at 1.08340 sl: 1.07922 tp: 1.09216 -> sl: 1.07922 tp: 1.09236
0	08:21:32.948	'1809640': order #44075806 buy 0.01 EURUSD at 1.08340 was modified -> sl: 1.07922 tp: 1.09236
0	08:21:33.013	'1809640': modify order #44076360 buy 0.01 EURUSD at 1.08239 sl: 1.07818 tp: 1.09215 -> sl: 1.07818 tp: 1.09234
0	08:21:33.435	'1809640': order #44076360 buy 0.01 EURUSD at 1.08239 was modified -> sl: 1.07818 tp: 1.09234
0	08:21:33.435	'1809640': modify order #44076635 buy 0.01 EURUSD at 1.08255 sl: 1.07838 tp: 1.09214 -> sl: 1.07838 tp: 1.09235
0	08:21:33.795	'1809640': order #44076635 buy 0.01 EURUSD at 1.08255 was modified -> sl: 1.07838 tp: 1.09235
0	08:21:33.795	'1809640': modify order #44077241 buy 0.01 EURUSD at 1.08229 sl: 1.07809 tp: 1.09214 -> sl: 1.07809 tp: 1.09234
0	08:21:34.250	'1809640': order #44077241 buy 0.01 EURUSD at 1.08229 was modified -> sl: 1.07809 tp: 1.09234
0	08:21:34.250	'1809640': modify order #44079706 buy 0.01 EURUSD at 1.08086 sl: 1.07666 tp: 1.09214 -> sl: 1.07666 tp: 1.09234
0	08:21:34.631	'1809640': order #44079706 buy 0.01 EURUSD at 1.08086 was modified -> sl: 1.07666 tp: 1.09234
0	08:21:34.631	'1809640': modify order #44106086 buy 0.01 EURUSD at 1.08508 sl: 1.08086 tp: 1.09214 -> sl: 1.08086 tp: 1.09235
0	08:21:35.287	'1809640': order #44106086 buy 0.01 EURUSD at 1.08508 was modified -> sl: 1.08086 tp: 1.09235
0	09:29:46.343	'1809640': modify order #44110934 sell 0.01 EURUSD at 1.08671 sl: 1.09088 tp: 1.08132 -> sl: 1.09088 tp: 1.08126
0	09:29:47.220	'1809640': order #44110934 sell 0.01 EURUSD at 1.08671 was modified -> sl: 1.09088 tp: 1.08126
0	10:00:13.496	'1809640': modify order #44110934 sell 0.01 EURUSD at 1.08671 sl: 1.09088 tp: 1.08126 -> sl: 1.09088 tp: 1.08095
0	10:00:14.010	'1809640': order #44110934 sell 0.01 EURUSD at 1.08671 was modified -> sl: 1.09088 tp: 1.08095
0	10:15:02.760	'1809640': modify order #44110934 sell 0.01 EURUSD at 1.08671 sl: 1.09088 tp: 1.08095 -> sl: 1.09088 tp: 1.08083
0	10:15:03.636	'1809640': order #44110934 sell 0.01 EURUSD at 1.08671 was modified -> sl: 1.09088 tp: 1.08083
0	10:17:36.250	'1809640': modify order #44110934 sell 0.01 EURUSD at 1.08671 sl: 1.09088 tp: 1.08083 -> sl: 1.09088 tp: 1.08075
0	10:17:37.029	'1809640': order #44110934 sell 0.01 EURUSD at 1.08671 was modified -> sl: 1.09088 tp: 1.08075
0	10:22:54.942	'1809640': modify order #44110934 sell 0.01 EURUSD at 1.08671 sl: 1.09088 tp: 1.08075 -> sl: 1.09088 tp: 1.08063
0	10:22:55.720	'1809640': order #44110934 sell 0.01 EURUSD at 1.08671 was modified -> sl: 1.09088 tp: 1.08063
0	10:25:58.488	'1809640': modify order #44110934 sell 0.01 EURUSD at 1.08671 sl: 1.09088 tp: 1.08063 -> sl: 1.09088 tp: 1.07984
0	10:25:59.578	'1809640': order #44110934 sell 0.01 EURUSD at 1.08671 was modified -> sl: 1.09088 tp: 1.07984
0	10:31:05.562	'1809640': modify order #44110934 sell 0.01 EURUSD at 1.08671 sl: 1.09088 tp: 1.07984 -> sl: 1.09088 tp: 1.07980
0	10:31:06.429	'1809640': order #44110934 sell 0.01 EURUSD at 1.08671 was modified -> sl: 1.09088 tp: 1.07980
0	11:07:20.600	'1809640': modify order #44110934 sell 0.01 EURUSD at 1.08671 sl: 1.09088 tp: 1.07980 -> sl: 1.09088 tp: 1.07976
0	11:07:21.054	'1809640': order #44110934 sell 0.01 EURUSD at 1.08671 was modified -> sl: 1.09088 tp: 1.07976
0	13:17:16.752	'1809640': modify order #44075555 buy 0.01 EURUSD at 1.08353 sl: 1.07935 tp: 1.09235 -> sl: 1.07935 tp: 1.09291
0	13:17:17.171	'1809640': order #44075555 buy 0.01 EURUSD at 1.08353 was modified -> sl: 1.07935 tp: 1.09291
0	13:17:17.171	'1809640': modify order #44075806 buy 0.01 EURUSD at 1.08340 sl: 1.07922 tp: 1.09236 -> sl: 1.07922 tp: 1.09291
0	13:17:17.558	'1809640': order #44075806 buy 0.01 EURUSD at 1.08340 was modified -> sl: 1.07922 tp: 1.09291
0	13:17:17.720	'1809640': modify order #44076360 buy 0.01 EURUSD at 1.08239 sl: 1.07818 tp: 1.09234 -> sl: 1.07818 tp: 1.09291
0	13:17:18.275	'1809640': order #44076360 buy 0.01 EURUSD at 1.08239 was modified -> sl: 1.07818 tp: 1.09291
0	13:17:18.275	'1809640': modify order #44076635 buy 0.01 EURUSD at 1.08255 sl: 1.07838 tp: 1.09235 -> sl: 1.07838 tp: 1.09290
0	13:17:18.660	'1809640': order #44076635 buy 0.01 EURUSD at 1.08255 was modified -> sl: 1.07838 tp: 1.09290
0	13:17:18.693	'1809640': modify order #44077241 buy 0.01 EURUSD at 1.08229 sl: 1.07809 tp: 1.09234 -> sl: 1.07809 tp: 1.09289
0	13:17:19.114	'1809640': order #44077241 buy 0.01 EURUSD at 1.08229 was modified -> sl: 1.07809 tp: 1.09289
0	13:17:19.211	'1809640': modify order #44079706 buy 0.01 EURUSD at 1.08086 sl: 1.07666 tp: 1.09234 -> sl: 1.07666 tp: 1.09289
0	13:17:19.669	'1809640': order #44079706 buy 0.01 EURUSD at 1.08086 was modified -> sl: 1.07666 tp: 1.09289
0	13:17:19.671	'1809640': modify order #44106086 buy 0.01 EURUSD at 1.08508 sl: 1.08086 tp: 1.09235 -> sl: 1.08086 tp: 1.09291
0	13:17:20.095	'1809640': order #44106086 buy 0.01 EURUSD at 1.08508 was modified -> sl: 1.08086 tp: 1.09291
0	13:17:47.111	'1809640': order #44074580 sell 0.01 EURUSD at 1.08453 closed due stop-loss at price 1.08873
0	13:23:22.916	'1809640': order sell market 0.01 EURUSD sl: 1.09191 tp: 1.08330
0	13:23:23.370	'1809640': order was opened : #44126301 sell 0.01 EURUSD at 1.08764 sl: 1.09191 tp: 1.08330
0	13:23:23.370	'1809640': modify order #44126301 sell 0.01 EURUSD at 1.08764 sl: 1.09191 tp: 1.08330 -> sl: 1.09191 tp: 1.08328
0	13:23:23.759	'1809640': order #44126301 sell 0.01 EURUSD at 1.08764 was modified -> sl: 1.09191 tp: 1.08328
0	13:26:29.837	'1809640': modify order #44126301 sell 0.01 EURUSD at 1.08764 sl: 1.09191 tp: 1.08328 -> sl: 1.09191 tp: 1.08271
0	13:26:31.156	'1809640': order #44126301 sell 0.01 EURUSD at 1.08764 was modified -> sl: 1.09191 tp: 1.08271
0	13:37:24.697	'1809640': modify order #44075555 buy 0.01 EURUSD at 1.08353 sl: 1.07935 tp: 1.09291 -> sl: 1.07935 tp: 1.09298
0	13:37:25.310	'1809640': order #44075555 buy 0.01 EURUSD at 1.08353 was modified -> sl: 1.07935 tp: 1.09298
0	13:37:25.407	'1809640': modify order #44075806 buy 0.01 EURUSD at 1.08340 sl: 1.07922 tp: 1.09291 -> sl: 1.07922 tp: 1.09297
0	13:37:25.824	'1809640': order #44075806 buy 0.01 EURUSD at 1.08340 was modified -> sl: 1.07922 tp: 1.09297
0	13:37:25.824	'1809640': modify order #44076360 buy 0.01 EURUSD at 1.08239 sl: 1.07818 tp: 1.09291 -> sl: 1.07818 tp: 1.09297
0	13:37:26.281	'1809640': order #44076360 buy 0.01 EURUSD at 1.08239 was modified -> sl: 1.07818 tp: 1.09297
0	13:37:26.372	'1809640': modify order #44076635 buy 0.01 EURUSD at 1.08255 sl: 1.07838 tp: 1.09290 -> sl: 1.07838 tp: 1.09297
0	13:37:26.696	'1809640': order #44076635 buy 0.01 EURUSD at 1.08255 was modified -> sl: 1.07838 tp: 1.09297
0	13:37:26.696	'1809640': modify order #44077241 buy 0.01 EURUSD at 1.08229 sl: 1.07809 tp: 1.09289 -> sl: 1.07809 tp: 1.09295
0	13:37:27.150	'1809640': order #44077241 buy 0.01 EURUSD at 1.08229 was modified -> sl: 1.07809 tp: 1.09295
0	13:37:27.183	'1809640': modify order #44079706 buy 0.01 EURUSD at 1.08086 sl: 1.07666 tp: 1.09289 -> sl: 1.07666 tp: 1.09297
0	13:37:27.466	'1809640': order #44079706 buy 0.01 EURUSD at 1.08086 was modified -> sl: 1.07666 tp: 1.09297
0	13:37:27.469	'1809640': modify order #44106086 buy 0.01 EURUSD at 1.08508 sl: 1.08086 tp: 1.09291 -> sl: 1.08086 tp: 1.09296
0	13:37:27.969	'1809640': order #44106086 buy 0.01 EURUSD at 1.08508 was modified -> sl: 1.08086 tp: 1.09296
0	13:39:15.953	'1809640': order #44106260 sell 0.01 EURUSD at 1.08469 closed due stop-loss at price 1.08889
0	13:39:17.805	'1809640': modify order #44075555 buy 0.01 EURUSD at 1.08353 sl: 1.07935 tp: 1.09298 -> sl: 1.07935 tp: 1.09348
0	13:39:18.259	'1809640': order #44075555 buy 0.01 EURUSD at 1.08353 was modified -> sl: 1.07935 tp: 1.09348
0	13:39:18.324	'1809640': modify order #44075806 buy 0.01 EURUSD at 1.08340 sl: 1.07922 tp: 1.09297 -> sl: 1.07922 tp: 1.09345
0	13:39:18.718	'1809640': order #44075806 buy 0.01 EURUSD at 1.08340 was modified -> sl: 1.07922 tp: 1.09345
0	13:39:18.718	'1809640': modify order #44076360 buy 0.01 EURUSD at 1.08239 sl: 1.07818 tp: 1.09297 -> sl: 1.07818 tp: 1.09345
0	13:39:19.172	'1809640': order #44076360 buy 0.01 EURUSD at 1.08239 was modified -> sl: 1.07818 tp: 1.09345
0	13:39:19.172	'1809640': modify order #44076635 buy 0.01 EURUSD at 1.08255 sl: 1.07838 tp: 1.09297 -> sl: 1.07838 tp: 1.09345
0	13:39:19.562	'1809640': order #44076635 buy 0.01 EURUSD at 1.08255 was modified -> sl: 1.07838 tp: 1.09345
0	13:39:19.593	'1809640': modify order #44077241 buy 0.01 EURUSD at 1.08229 sl: 1.07809 tp: 1.09295 -> sl: 1.07809 tp: 1.09348
0	13:39:20.120	'1809640': order #44077241 buy 0.01 EURUSD at 1.08229 was modified -> sl: 1.07809 tp: 1.09348
0	13:39:20.152	'1809640': modify order #44079706 buy 0.01 EURUSD at 1.08086 sl: 1.07666 tp: 1.09297 -> sl: 1.07666 tp: 1.09345
0	13:39:20.513	'1809640': order #44079706 buy 0.01 EURUSD at 1.08086 was modified -> sl: 1.07666 tp: 1.09345
0	13:39:20.515	'1809640': modify order #44106086 buy 0.01 EURUSD at 1.08508 sl: 1.08086 tp: 1.09296 -> sl: 1.08086 tp: 1.09347
0	13:39:20.902	'1809640': order #44106086 buy 0.01 EURUSD at 1.08508 was modified -> sl: 1.08086 tp: 1.09347
0	13:39:44.881	'1809640': order sell market 0.01 EURUSD sl: 1.09285 tp: 1.08424
0	13:39:45.631	'1809640': order was opened : #44127060 sell 0.01 EURUSD at 1.08863 sl: 1.09285 tp: 1.08424
0	13:41:52.666	'1809640': modify order #44127060 sell 0.01 EURUSD at 1.08863 sl: 1.09285 tp: 1.08424 -> sl: 1.09285 tp: 1.08356
0	13:41:53.187	'1809640': order #44127060 sell 0.01 EURUSD at 1.08863 was modified -> sl: 1.09285 tp: 1.08356
0	13:47:41.828	'1809640': modify order #44075806 buy 0.01 EURUSD at 1.08340 sl: 1.07922 tp: 1.09345 -> sl: 1.07922 tp: 1.09347
0	13:47:42.188	'1809640': order #44075806 buy 0.01 EURUSD at 1.08340 was modified -> sl: 1.07922 tp: 1.09347
0	13:47:42.188	'1809640': modify order #44076360 buy 0.01 EURUSD at 1.08239 sl: 1.07818 tp: 1.09345 -> sl: 1.07818 tp: 1.09347
0	13:47:42.570	'1809640': order #44076360 buy 0.01 EURUSD at 1.08239 was modified -> sl: 1.07818 tp: 1.09347
0	13:47:42.570	'1809640': modify order #44076635 buy 0.01 EURUSD at 1.08255 sl: 1.07838 tp: 1.09345 -> sl: 1.07838 tp: 1.09348
0	13:47:43.060	'1809640': order #44076635 buy 0.01 EURUSD at 1.08255 was modified -> sl: 1.07838 tp: 1.09348
0	13:47:43.060	'1809640': modify order #44079706 buy 0.01 EURUSD at 1.08086 sl: 1.07666 tp: 1.09345 -> sl: 1.07666 tp: 1.09348
0	13:47:43.516	'1809640': order #44079706 buy 0.01 EURUSD at 1.08086 was modified -> sl: 1.07666 tp: 1.09348
0	13:47:43.516	'1809640': modify order #44106086 buy 0.01 EURUSD at 1.08508 sl: 1.08086 tp: 1.09347 -> sl: 1.08086 tp: 1.09348
0	13:47:43.997	'1809640': order #44106086 buy 0.01 EURUSD at 1.08508 was modified -> sl: 1.08086 tp: 1.09348
0	13:57:47.665	'1809640': modify order #44075555 buy 0.01 EURUSD at 1.08353 sl: 1.07935 tp: 1.09348 -> sl: 1.07935 tp: 1.09372
0	13:57:49.896	'1809640': order #44075555 buy 0.01 EURUSD at 1.08353 was modified -> sl: 1.07935 tp: 1.09372
0	13:57:49.896	'1809640': modify order #44075806 buy 0.01 EURUSD at 1.08340 sl: 1.07922 tp: 1.09347 -> sl: 1.07922 tp: 1.09373
0	13:57:50.285	'1809640': order #44075806 buy 0.01 EURUSD at 1.08340 was modified -> sl: 1.07922 tp: 1.09373
0	13:57:50.285	'1809640': modify order #44076360 buy 0.01 EURUSD at 1.08239 sl: 1.07818 tp: 1.09347 -> sl: 1.07818 tp: 1.09373
0	13:57:50.711	'1809640': order #44076360 buy 0.01 EURUSD at 1.08239 was modified -> sl: 1.07818 tp: 1.09373
0	13:57:50.711	'1809640': modify order #44076635 buy 0.01 EURUSD at 1.08255 sl: 1.07838 tp: 1.09348 -> sl: 1.07838 tp: 1.09374
0	13:57:51.235	'1809640': order #44076635 buy 0.01 EURUSD at 1.08255 was modified -> sl: 1.07838 tp: 1.09374
0	13:57:51.267	'1809640': modify order #44077241 buy 0.01 EURUSD at 1.08229 sl: 1.07809 tp: 1.09348 -> sl: 1.07809 tp: 1.09373
0	13:57:51.625	'1809640': order #44077241 buy 0.01 EURUSD at 1.08229 was modified -> sl: 1.07809 tp: 1.09373
0	13:57:51.625	'1809640': modify order #44079706 buy 0.01 EURUSD at 1.08086 sl: 1.07666 tp: 1.09348 -> sl: 1.07666 tp: 1.09373
0	13:57:51.985	'1809640': order #44079706 buy 0.01 EURUSD at 1.08086 was modified -> sl: 1.07666 tp: 1.09373
0	13:57:52.047	'1809640': modify order #44106086 buy 0.01 EURUSD at 1.08508 sl: 1.08086 tp: 1.09348 -> sl: 1.08086 tp: 1.09373
0	13:57:52.403	'1809640': order #44106086 buy 0.01 EURUSD at 1.08508 was modified -> sl: 1.08086 tp: 1.09373
0	14:01:38.438	'1809640': modify order #44075555 buy 0.01 EURUSD at 1.08353 sl: 1.07935 tp: 1.09372 -> sl: 1.07935 tp: 1.09406
0	14:01:38.925	'1809640': order #44075555 buy 0.01 EURUSD at 1.08353 was modified -> sl: 1.07935 tp: 1.09406
0	14:01:38.925	'1809640': modify order #44075806 buy 0.01 EURUSD at 1.08340 sl: 1.07922 tp: 1.09373 -> sl: 1.07922 tp: 1.09405
0	14:01:39.675	'1809640': order #44075806 buy 0.01 EURUSD at 1.08340 was modified -> sl: 1.07922 tp: 1.09405
0	14:01:39.740	'1809640': modify order #44076360 buy 0.01 EURUSD at 1.08239 sl: 1.07818 tp: 1.09373 -> sl: 1.07818 tp: 1.09405
0	14:01:40.158	'1809640': order #44076360 buy 0.01 EURUSD at 1.08239 was modified -> sl: 1.07818 tp: 1.09405
0	14:01:40.158	'1809640': modify order #44076635 buy 0.01 EURUSD at 1.08255 sl: 1.07838 tp: 1.09374 -> sl: 1.07838 tp: 1.09406
0	14:01:40.575	'1809640': order #44076635 buy 0.01 EURUSD at 1.08255 was modified -> sl: 1.07838 tp: 1.09406
0	14:01:40.641	'1809640': modify order #44077241 buy 0.01 EURUSD at 1.08229 sl: 1.07809 tp: 1.09373 -> sl: 1.07809 tp: 1.09404
0	14:01:41.001	'1809640': order #44077241 buy 0.01 EURUSD at 1.08229 was modified -> sl: 1.07809 tp: 1.09404
0	14:01:41.131	'1809640': modify order #44079706 buy 0.01 EURUSD at 1.08086 sl: 1.07666 tp: 1.09373 -> sl: 1.07666 tp: 1.09406
0	14:01:41.585	'1809640': order #44079706 buy 0.01 EURUSD at 1.08086 was modified -> sl: 1.07666 tp: 1.09406
0	14:01:41.650	'1809640': modify order #44106086 buy 0.01 EURUSD at 1.08508 sl: 1.08086 tp: 1.09373 -> sl: 1.08086 tp: 1.09405
0	14:01:42.008	'1809640': order #44106086 buy 0.01 EURUSD at 1.08508 was modified -> sl: 1.08086 tp: 1.09405
0	14:13:36.626	'1809640': modify order #44075555 buy 0.01 EURUSD at 1.08353 sl: 1.07935 tp: 1.09406 -> sl: 1.07935 tp: 1.09408
0	14:13:37.283	'1809640': order #44075555 buy 0.01 EURUSD at 1.08353 was modified -> sl: 1.07935 tp: 1.09408
0	14:13:37.283	'1809640': modify order #44075806 buy 0.01 EURUSD at 1.08340 sl: 1.07922 tp: 1.09405 -> sl: 1.07922 tp: 1.09409
0	14:13:37.704	'1809640': order #44075806 buy 0.01 EURUSD at 1.08340 was modified -> sl: 1.07922 tp: 1.09409
0	14:13:37.737	'1809640': modify order #44076360 buy 0.01 EURUSD at 1.08239 sl: 1.07818 tp: 1.09405 -> sl: 1.07818 tp: 1.09409
0	14:13:38.159	'1809640': order #44076360 buy 0.01 EURUSD at 1.08239 was modified -> sl: 1.07818 tp: 1.09409
0	14:13:38.159	'1809640': modify order #44076635 buy 0.01 EURUSD at 1.08255 sl: 1.07838 tp: 1.09406 -> sl: 1.07838 tp: 1.09409
0	14:13:38.601	'1809640': order #44076635 buy 0.01 EURUSD at 1.08255 was modified -> sl: 1.07838 tp: 1.09409
0	14:13:38.601	'1809640': modify order #44077241 buy 0.01 EURUSD at 1.08229 sl: 1.07809 tp: 1.09404 -> sl: 1.07809 tp: 1.09408
0	14:13:39.054	'1809640': order #44077241 buy 0.01 EURUSD at 1.08229 was modified -> sl: 1.07809 tp: 1.09408
0	14:13:39.184	'1809640': modify order #44079706 buy 0.01 EURUSD at 1.08086 sl: 1.07666 tp: 1.09406 -> sl: 1.07666 tp: 1.09409
0	14:13:39.707	'1809640': order #44079706 buy 0.01 EURUSD at 1.08086 was modified -> sl: 1.07666 tp: 1.09409
0	14:13:39.740	'1809640': modify order #44106086 buy 0.01 EURUSD at 1.08508 sl: 1.08086 tp: 1.09405 -> sl: 1.08086 tp: 1.09408
0	14:13:40.162	'1809640': order #44106086 buy 0.01 EURUSD at 1.08508 was modified -> sl: 1.08086 tp: 1.09408
0	14:43:26.105	'1809640': modify order #44127060 sell 0.01 EURUSD at 1.08863 sl: 1.09285 tp: 1.08356 -> sl: 1.09285 tp: 1.08342
0	14:43:28.566	'1809640': order #44127060 sell 0.01 EURUSD at 1.08863 was modified -> sl: 1.09285 tp: 1.08342
0	14:46:11.653	'1809640': modify order #44127060 sell 0.01 EURUSD at 1.08863 sl: 1.09285 tp: 1.08342 -> sl: 1.09285 tp: 1.08298
0	14:46:12.233	'1809640': order #44127060 sell 0.01 EURUSD at 1.08863 was modified -> sl: 1.09285 tp: 1.08298
0	14:48:07.198	'1809640': modify order #44127060 sell 0.01 EURUSD at 1.08863 sl: 1.09285 tp: 1.08298 -> sl: 1.09285 tp: 1.08293
0	14:48:07.623	'1809640': order #44127060 sell 0.01 EURUSD at 1.08863 was modified -> sl: 1.09285 tp: 1.08293
0	14:50:31.889	'1809640': modify order #44127060 sell 0.01 EURUSD at 1.08863 sl: 1.09285 tp: 1.08293 -> sl: 1.09285 tp: 1.08277
0	14:50:33.036	'1809640': order #44127060 sell 0.01 EURUSD at 1.08863 was modified -> sl: 1.09285 tp: 1.08277
0	15:21:16.021	'1809640': modify order #44075555 buy 0.01 EURUSD at 1.08353 sl: 1.07935 tp: 1.09408 -> sl: 1.07935 tp: 1.09423
0	15:21:16.644	'1809640': order #44075555 buy 0.01 EURUSD at 1.08353 was modified -> sl: 1.07935 tp: 1.09423
0	15:21:16.644	'1809640': modify order #44075806 buy 0.01 EURUSD at 1.08340 sl: 1.07922 tp: 1.09409 -> sl: 1.07922 tp: 1.09424
0	15:21:17.096	'1809640': order #44075806 buy 0.01 EURUSD at 1.08340 was modified -> sl: 1.07922 tp: 1.09424
0	15:21:17.096	'1809640': modify order #44076360 buy 0.01 EURUSD at 1.08239 sl: 1.07818 tp: 1.09409 -> sl: 1.07818 tp: 1.09425
0	15:21:17.578	'1809640': order #44076360 buy 0.01 EURUSD at 1.08239 was modified -> sl: 1.07818 tp: 1.09425
0	15:21:17.578	'1809640': modify order #44076635 buy 0.01 EURUSD at 1.08255 sl: 1.07838 tp: 1.09409 -> sl: 1.07838 tp: 1.09425
0	15:21:17.935	'1809640': order #44076635 buy 0.01 EURUSD at 1.08255 was modified -> sl: 1.07838 tp: 1.09425
0	15:21:18.000	'1809640': modify order #44077241 buy 0.01 EURUSD at 1.08229 sl: 1.07809 tp: 1.09408 -> sl: 1.07809 tp: 1.09425
0	15:21:18.421	'1809640': order #44077241 buy 0.01 EURUSD at 1.08229 was modified -> sl: 1.07809 tp: 1.09425
0	15:21:18.421	'1809640': modify order #44079706 buy 0.01 EURUSD at 1.08086 sl: 1.07666 tp: 1.09409 -> sl: 1.07666 tp: 1.09425
0	15:21:18.843	'1809640': order #44079706 buy 0.01 EURUSD at 1.08086 was modified -> sl: 1.07666 tp: 1.09425
0	15:21:18.843	'1809640': modify order #44106086 buy 0.01 EURUSD at 1.08508 sl: 1.08086 tp: 1.09408 -> sl: 1.08086 tp: 1.09425
0	15:21:19.398	'1809640': order #44106086 buy 0.01 EURUSD at 1.08508 was modified -> sl: 1.08086 tp: 1.09425
0	16:02:25.962	'1809640': modify order #44126301 sell 0.01 EURUSD at 1.08764 sl: 1.09191 tp: 1.08271 -> sl: 1.09191 tp: 1.08241
0	16:02:27.004	'1809640': order #44126301 sell 0.01 EURUSD at 1.08764 was modified -> sl: 1.09191 tp: 1.08241
0	16:02:27.037	'1809640': modify order #44127060 sell 0.01 EURUSD at 1.08863 sl: 1.09285 tp: 1.08277 -> sl: 1.09285 tp: 1.08241
0	16:02:27.621	'1809640': order #44127060 sell 0.01 EURUSD at 1.08863 was modified -> sl: 1.09285 tp: 1.08241
0	18:26:30.647	'1809640': modify order #44075555 buy 0.01 EURUSD at 1.08353 sl: 1.07935 tp: 1.09423 -> sl: 1.07935 tp: 1.09442
0	18:26:31.264	'1809640': order #44075555 buy 0.01 EURUSD at 1.08353 was modified -> sl: 1.07935 tp: 1.09442
0	18:26:31.297	'1809640': modify order #44075806 buy 0.01 EURUSD at 1.08340 sl: 1.07922 tp: 1.09424 -> sl: 1.07922 tp: 1.09442
0	18:26:31.686	'1809640': order #44075806 buy 0.01 EURUSD at 1.08340 was modified -> sl: 1.07922 tp: 1.09442
0	18:26:31.837	'1809640': modify order #44076360 buy 0.01 EURUSD at 1.08239 sl: 1.07818 tp: 1.09425 -> sl: 1.07818 tp: 1.09442
0	18:26:32.258	'1809640': order #44076360 buy 0.01 EURUSD at 1.08239 was modified -> sl: 1.07818 tp: 1.09442
0	18:26:32.388	'1809640': modify order #44076635 buy 0.01 EURUSD at 1.08255 sl: 1.07838 tp: 1.09425 -> sl: 1.07838 tp: 1.09442
0	18:26:32.879	'1809640': order #44076635 buy 0.01 EURUSD at 1.08255 was modified -> sl: 1.07838 tp: 1.09442
0	18:26:32.911	'1809640': modify order #44077241 buy 0.01 EURUSD at 1.08229 sl: 1.07809 tp: 1.09425 -> sl: 1.07809 tp: 1.09442
0	18:26:33.430	'1809640': order #44077241 buy 0.01 EURUSD at 1.08229 was modified -> sl: 1.07809 tp: 1.09442
0	18:26:33.495	'1809640': modify order #44079706 buy 0.01 EURUSD at 1.08086 sl: 1.07666 tp: 1.09425 -> sl: 1.07666 tp: 1.09445
0	18:26:33.978	'1809640': order #44079706 buy 0.01 EURUSD at 1.08086 was modified -> sl: 1.07666 tp: 1.09445
0	18:26:33.978	'1809640': modify order #44106086 buy 0.01 EURUSD at 1.08508 sl: 1.08086 tp: 1.09425 -> sl: 1.08086 tp: 1.09442
0	18:26:34.521	'1809640': order #44106086 buy 0.01 EURUSD at 1.08508 was modified -> sl: 1.08086 tp: 1.09442
0	18:45:59.802	'1809640': modify order #44075555 buy 0.01 EURUSD at 1.08353 sl: 1.07935 tp: 1.09442 -> sl: 1.07935 tp: 1.09448
0	18:46:00.259	'1809640': order #44075555 buy 0.01 EURUSD at 1.08353 was modified -> sl: 1.07935 tp: 1.09448
0	18:46:00.386	'1809640': modify order #44075806 buy 0.01 EURUSD at 1.08340 sl: 1.07922 tp: 1.09442 -> sl: 1.07922 tp: 1.09448
0	18:46:00.844	'1809640': order #44075806 buy 0.01 EURUSD at 1.08340 was modified -> sl: 1.07922 tp: 1.09448
0	18:46:00.942	'1809640': modify order #44076360 buy 0.01 EURUSD at 1.08239 sl: 1.07818 tp: 1.09442 -> sl: 1.07818 tp: 1.09448
0	18:46:01.388	'1809640': order #44076360 buy 0.01 EURUSD at 1.08239 was modified -> sl: 1.07818 tp: 1.09448
0	18:46:01.481	'1809640': modify order #44076635 buy 0.01 EURUSD at 1.08255 sl: 1.07838 tp: 1.09442 -> sl: 1.07838 tp: 1.09448
0	18:46:02.057	'1809640': order #44076635 buy 0.01 EURUSD at 1.08255 was modified -> sl: 1.07838 tp: 1.09448
0	18:46:02.447	'1809640': modify order #44077241 buy 0.01 EURUSD at 1.08229 sl: 1.07809 tp: 1.09442 -> sl: 1.07809 tp: 1.09448
0	18:46:02.934	'1809640': order #44077241 buy 0.01 EURUSD at 1.08229 was modified -> sl: 1.07809 tp: 1.09448
0	18:46:02.966	'1809640': modify order #44079706 buy 0.01 EURUSD at 1.08086 sl: 1.07666 tp: 1.09445 -> sl: 1.07666 tp: 1.09448
0	18:46:03.323	'1809640': order #44079706 buy 0.01 EURUSD at 1.08086 was modified -> sl: 1.07666 tp: 1.09448
0	18:46:03.356	'1809640': modify order #44106086 buy 0.01 EURUSD at 1.08508 sl: 1.08086 tp: 1.09442 -> sl: 1.08086 tp: 1.09448
0	18:46:03.778	'1809640': order #44106086 buy 0.01 EURUSD at 1.08508 was modified -> sl: 1.08086 tp: 1.09448
0	18:50:07.930	'1809640': modify order #44075555 buy 0.01 EURUSD at 1.08353 sl: 1.07935 tp: 1.09448 -> sl: 1.07935 tp: 1.09465
0	18:50:08.445	'1809640': order #44075555 buy 0.01 EURUSD at 1.08353 was modified -> sl: 1.07935 tp: 1.09465
0	18:50:08.445	'1809640': modify order #44075806 buy 0.01 EURUSD at 1.08340 sl: 1.07922 tp: 1.09448 -> sl: 1.07922 tp: 1.09464
0	18:50:09.053	'1809640': order #44075806 buy 0.01 EURUSD at 1.08340 was modified -> sl: 1.07922 tp: 1.09464
0	18:50:09.053	'1809640': modify order #44076360 buy 0.01 EURUSD at 1.08239 sl: 1.07818 tp: 1.09448 -> sl: 1.07818 tp: 1.09465
0	18:50:09.447	'1809640': order #44076360 buy 0.01 EURUSD at 1.08239 was modified -> sl: 1.07818 tp: 1.09465
0	18:50:09.447	'1809640': modify order #44076635 buy 0.01 EURUSD at 1.08255 sl: 1.07838 tp: 1.09448 -> sl: 1.07838 tp: 1.09465
0	18:50:09.837	'1809640': order #44076635 buy 0.01 EURUSD at 1.08255 was modified -> sl: 1.07838 tp: 1.09465
0	18:50:09.837	'1809640': modify order #44077241 buy 0.01 EURUSD at 1.08229 sl: 1.07809 tp: 1.09448 -> sl: 1.07809 tp: 1.09464
0	18:50:10.229	'1809640': order #44077241 buy 0.01 EURUSD at 1.08229 was modified -> sl: 1.07809 tp: 1.09464
0	18:50:10.229	'1809640': modify order #44079706 buy 0.01 EURUSD at 1.08086 sl: 1.07666 tp: 1.09448 -> sl: 1.07666 tp: 1.09465
0	18:50:10.623	'1809640': order #44079706 buy 0.01 EURUSD at 1.08086 was modified -> sl: 1.07666 tp: 1.09465
0	18:50:10.655	'1809640': modify order #44106086 buy 0.01 EURUSD at 1.08508 sl: 1.08086 tp: 1.09448 -> sl: 1.08086 tp: 1.09465
0	18:50:11.114	'1809640': order #44106086 buy 0.01 EURUSD at 1.08508 was modified -> sl: 1.08086 tp: 1.09465
