0	01:03:28.491	'1809640': order buy market 0.01 EURUSD sl: 1.11495 tp: 1.12357
0	01:03:30.646	'1809640': order was opened : #40860199 buy 0.01 EURUSD at 1.11914 sl: 1.11495 tp: 1.12357
0	01:04:48.733	'1809640': modify order #40860199 buy 0.01 EURUSD at 1.11914 sl: 1.11495 tp: 1.12357 -> sl: 1.11495 tp: 1.12360
0	01:04:49.223	'1809640': order #40860199 buy 0.01 EURUSD at 1.11914 was modified -> sl: 1.11495 tp: 1.12360
0	01:08:24.064	'1809640': modify order #40860199 buy 0.01 EURUSD at 1.11914 sl: 1.11495 tp: 1.12360 -> sl: 1.11495 tp: 1.12388
0	01:08:24.879	'1809640': order #40860199 buy 0.01 EURUSD at 1.11914 was modified -> sl: 1.11495 tp: 1.12388
0	01:09:49.189	'1809640': modify order #40860199 buy 0.01 EURUSD at 1.11914 sl: 1.11495 tp: 1.12388 -> sl: 1.11495 tp: 1.12397
0	01:09:50.090	'1809640': order #40860199 buy 0.01 EURUSD at 1.11914 was modified -> sl: 1.11495 tp: 1.12397
0	01:15:51.558	'1809640': modify order #40860199 buy 0.01 EURUSD at 1.11914 sl: 1.11495 tp: 1.12397 -> sl: 1.11495 tp: 1.12400
0	01:15:52.374	'1809640': order #40860199 buy 0.01 EURUSD at 1.11914 was modified -> sl: 1.11495 tp: 1.12400
0	01:37:28.647	'1809640': modify order #40860199 buy 0.01 EURUSD at 1.11914 sl: 1.11495 tp: 1.12400 -> sl: 1.11495 tp: 1.12407
0	01:37:29.300	'1809640': order #40860199 buy 0.01 EURUSD at 1.11914 was modified -> sl: 1.11495 tp: 1.12407
0	01:48:03.110	'1809640': modify order #40860199 buy 0.01 EURUSD at 1.11914 sl: 1.11495 tp: 1.12407 -> sl: 1.11495 tp: 1.12439
0	01:48:03.730	'1809640': order #40860199 buy 0.01 EURUSD at 1.11914 was modified -> sl: 1.11495 tp: 1.12439
0	01:56:09.185	'1809640': modify order #40860199 buy 0.01 EURUSD at 1.11914 sl: 1.11495 tp: 1.12439 -> sl: 1.11495 tp: 1.12514
0	01:56:09.960	'1809640': order #40860199 buy 0.01 EURUSD at 1.11914 was modified -> sl: 1.11495 tp: 1.12514
0	02:02:10.191	'1809640': order buy market 0.01 EURUSD sl: 1.11555 tp: 1.12089
0	02:02:10.597	'1809640': order was opened : #40861337 buy 0.01 EURUSD at 1.11974 sl: 1.11555 tp: 1.12089
0	02:02:43.138	'1809640': modify order #40861337 buy 0.01 EURUSD at 1.11974 sl: 1.11555 tp: 1.12089 -> sl: 1.11555 tp: 1.12090
0	02:02:43.707	'1809640': order #40861337 buy 0.01 EURUSD at 1.11974 was modified -> sl: 1.11555 tp: 1.12090
0	03:03:03.672	'1809640': order sell market 0.01 EURUSD sl: 1.12186 tp: 1.11325
0	03:03:04.277	'1809640': order was opened : #40862722 sell 0.01 EURUSD at 1.11765 sl: 1.12186 tp: 1.11325
0	03:08:07.356	'1809640': modify order #40862722 sell 0.01 EURUSD at 1.11765 sl: 1.12186 tp: 1.11325 -> sl: 1.12186 tp: 1.11319
0	03:08:09.353	'1809640': order #40862722 sell 0.01 EURUSD at 1.11765 was modified -> sl: 1.12186 tp: 1.11319
0	03:08:14.609	'1809640': modify order #40862722 sell 0.01 EURUSD at 1.11765 sl: 1.12186 tp: 1.11319 -> sl: 1.12186 tp: 1.11296
0	03:08:15.221	'1809640': order #40862722 sell 0.01 EURUSD at 1.11765 was modified -> sl: 1.12186 tp: 1.11296
0	04:01:54.489	'1809640': order sell market 0.01 EURUSD sl: 1.12072 tp: 1.11577
0	04:01:57.176	'1809640': order was opened : #40863483 sell 0.01 EURUSD at 1.11639 sl: 1.12072 tp: 1.11577
0	04:02:55.597	'1809640': modify order #40862722 sell 0.01 EURUSD at 1.11765 sl: 1.12186 tp: 1.11296 -> sl: 1.12186 tp: 1.11240
0	04:02:56.413	'1809640': order #40862722 sell 0.01 EURUSD at 1.11765 was modified -> sl: 1.12186 tp: 1.11240
0	04:25:53.097	'1809640': modify order #40862722 sell 0.01 EURUSD at 1.11765 sl: 1.12186 tp: 1.11240 -> sl: 1.12186 tp: 1.11238
0	04:25:53.872	'1809640': order #40862722 sell 0.01 EURUSD at 1.11765 was modified -> sl: 1.12186 tp: 1.11238
0	04:44:33.851	'1809640': modify order #40862722 sell 0.01 EURUSD at 1.11765 sl: 1.12186 tp: 1.11238 -> sl: 1.12186 tp: 1.11235
0	04:44:34.894	'1809640': order #40862722 sell 0.01 EURUSD at 1.11765 was modified -> sl: 1.12186 tp: 1.11235
0	04:48:06.521	'1809640': modify order #40862722 sell 0.01 EURUSD at 1.11765 sl: 1.12186 tp: 1.11235 -> sl: 1.12186 tp: 1.11188
0	04:48:07.007	'1809640': order #40862722 sell 0.01 EURUSD at 1.11765 was modified -> sl: 1.12186 tp: 1.11188
0	04:48:18.012	'1809640': modify order #40862722 sell 0.01 EURUSD at 1.11765 sl: 1.12186 tp: 1.11188 -> sl: 1.12186 tp: 1.11184
0	04:48:18.373	'1809640': order #40862722 sell 0.01 EURUSD at 1.11765 was modified -> sl: 1.12186 tp: 1.11184
0	04:56:41.025	'1809640': modify order #40863483 sell 0.01 EURUSD at 1.11639 sl: 1.12072 tp: 1.11577 -> sl: 1.12072 tp: 1.11575
0	04:56:41.707	'1809640': order #40863483 sell 0.01 EURUSD at 1.11639 was modified -> sl: 1.12072 tp: 1.11575
0	05:01:27.842	'1809640': order sell market 0.01 EURUSD sl: 1.12084 tp: 1.11223
0	05:01:28.329	'1809640': order was opened : #40864356 sell 0.01 EURUSD at 1.11664 sl: 1.12084 tp: 1.11223
0	05:01:51.233	'1809640': modify order #40863483 sell 0.01 EURUSD at 1.11639 sl: 1.12072 tp: 1.11575 -> sl: 1.12072 tp: 1.11572
0	05:01:51.784	'1809640': order #40863483 sell 0.01 EURUSD at 1.11639 was modified -> sl: 1.12072 tp: 1.11572
0	05:01:51.784	'1809640': modify order #40864356 sell 0.01 EURUSD at 1.11664 sl: 1.12084 tp: 1.11223 -> sl: 1.12084 tp: 1.11217
0	05:01:52.404	'1809640': order #40864356 sell 0.01 EURUSD at 1.11664 was modified -> sl: 1.12084 tp: 1.11217
0	05:06:09.705	'1809640': modify order #40863483 sell 0.01 EURUSD at 1.11639 sl: 1.12072 tp: 1.11572 -> sl: 1.12072 tp: 1.11566
0	05:06:10.196	'1809640': order #40863483 sell 0.01 EURUSD at 1.11639 was modified -> sl: 1.12072 tp: 1.11566
0	05:10:45.364	'1809640': modify order #40863483 sell 0.01 EURUSD at 1.11639 sl: 1.12072 tp: 1.11566 -> sl: 1.12072 tp: 1.11564
0	05:10:46.340	'1809640': order #40863483 sell 0.01 EURUSD at 1.11639 was modified -> sl: 1.12072 tp: 1.11564
0	05:12:57.934	'1809640': modify order #40863483 sell 0.01 EURUSD at 1.11639 sl: 1.12072 tp: 1.11564 -> sl: 1.12072 tp: 1.11562
0	05:12:58.521	'1809640': order #40863483 sell 0.01 EURUSD at 1.11639 was modified -> sl: 1.12072 tp: 1.11562
0	05:12:58.521	'1809640': modify order #40864356 sell 0.01 EURUSD at 1.11664 sl: 1.12084 tp: 1.11217 -> sl: 1.12084 tp: 1.11204
0	05:12:59.043	'1809640': order #40864356 sell 0.01 EURUSD at 1.11664 was modified -> sl: 1.12084 tp: 1.11204
0	05:16:13.983	'1809640': modify order #40863483 sell 0.01 EURUSD at 1.11639 sl: 1.12072 tp: 1.11562 -> sl: 1.12072 tp: 1.11558
0	05:16:14.505	'1809640': order #40863483 sell 0.01 EURUSD at 1.11639 was modified -> sl: 1.12072 tp: 1.11558
0	05:20:54.591	'1809640': modify order #40863483 sell 0.01 EURUSD at 1.11639 sl: 1.12072 tp: 1.11558 -> sl: 1.12072 tp: 1.11552
0	05:20:55.102	'1809640': order #40863483 sell 0.01 EURUSD at 1.11639 was modified -> sl: 1.12072 tp: 1.11552
0	05:21:32.661	'1809640': modify order #40863483 sell 0.01 EURUSD at 1.11639 sl: 1.12072 tp: 1.11552 -> sl: 1.12072 tp: 1.11551
0	05:21:33.148	'1809640': order #40863483 sell 0.01 EURUSD at 1.11639 was modified -> sl: 1.12072 tp: 1.11551
0	05:29:36.407	'1809640': modify order #40863483 sell 0.01 EURUSD at 1.11639 sl: 1.12072 tp: 1.11551 -> sl: 1.12072 tp: 1.11549
0	05:29:36.958	'1809640': order #40863483 sell 0.01 EURUSD at 1.11639 was modified -> sl: 1.12072 tp: 1.11549
0	05:29:36.958	'1809640': modify order #40864356 sell 0.01 EURUSD at 1.11664 sl: 1.12084 tp: 1.11204 -> sl: 1.12084 tp: 1.11195
0	05:29:37.413	'1809640': order #40864356 sell 0.01 EURUSD at 1.11664 was modified -> sl: 1.12084 tp: 1.11195
0	05:30:51.990	'1809640': modify order #40863483 sell 0.01 EURUSD at 1.11639 sl: 1.12072 tp: 1.11549 -> sl: 1.12072 tp: 1.11542
0	05:30:52.346	'1809640': order #40863483 sell 0.01 EURUSD at 1.11639 was modified -> sl: 1.12072 tp: 1.11542
0	05:30:52.443	'1809640': modify order #40864356 sell 0.01 EURUSD at 1.11664 sl: 1.12084 tp: 1.11195 -> sl: 1.12084 tp: 1.11184
0	05:30:52.739	'1809640': order #40864356 sell 0.01 EURUSD at 1.11664 was modified -> sl: 1.12084 tp: 1.11184
0	05:33:11.520	'1809640': modify order #40862722 sell 0.01 EURUSD at 1.11765 sl: 1.12186 tp: 1.11184 -> sl: 1.12186 tp: 1.11173
0	05:33:12.169	'1809640': order #40862722 sell 0.01 EURUSD at 1.11765 was modified -> sl: 1.12186 tp: 1.11173
0	05:33:12.169	'1809640': modify order #40863483 sell 0.01 EURUSD at 1.11639 sl: 1.12072 tp: 1.11542 -> sl: 1.12072 tp: 1.11540
0	05:33:12.591	'1809640': order #40863483 sell 0.01 EURUSD at 1.11639 was modified -> sl: 1.12072 tp: 1.11540
0	05:33:12.591	'1809640': modify order #40864356 sell 0.01 EURUSD at 1.11664 sl: 1.12084 tp: 1.11184 -> sl: 1.12084 tp: 1.11173
0	05:33:13.665	'1809640': order #40864356 sell 0.01 EURUSD at 1.11664 was modified -> sl: 1.12084 tp: 1.11173
0	05:33:20.317	'1809640': modify order #40862722 sell 0.01 EURUSD at 1.11765 sl: 1.12186 tp: 1.11173 -> sl: 1.12186 tp: 1.11156
0	05:33:21.489	'1809640': order #40862722 sell 0.01 EURUSD at 1.11765 was modified -> sl: 1.12186 tp: 1.11156
0	05:33:21.554	'1809640': modify order #40864356 sell 0.01 EURUSD at 1.11664 sl: 1.12084 tp: 1.11173 -> sl: 1.12084 tp: 1.11156
0	05:33:21.976	'1809640': order #40864356 sell 0.01 EURUSD at 1.11664 was modified -> sl: 1.12084 tp: 1.11156
0	05:35:48.294	'1809640': modify order #40863483 sell 0.01 EURUSD at 1.11639 sl: 1.12072 tp: 1.11540 -> sl: 1.12072 tp: 1.11533
0	05:35:49.209	'1809640': order #40863483 sell 0.01 EURUSD at 1.11639 was modified -> sl: 1.12072 tp: 1.11533
0	05:36:02.065	'1809640': modify order #40862722 sell 0.01 EURUSD at 1.11765 sl: 1.12186 tp: 1.11156 -> sl: 1.12186 tp: 1.11155
0	05:36:02.519	'1809640': order #40862722 sell 0.01 EURUSD at 1.11765 was modified -> sl: 1.12186 tp: 1.11155
0	05:36:02.519	'1809640': modify order #40863483 sell 0.01 EURUSD at 1.11639 sl: 1.12072 tp: 1.11533 -> sl: 1.12072 tp: 1.11532
0	05:36:02.909	'1809640': order #40863483 sell 0.01 EURUSD at 1.11639 was modified -> sl: 1.12072 tp: 1.11532
0	05:36:02.909	'1809640': modify order #40864356 sell 0.01 EURUSD at 1.11664 sl: 1.12084 tp: 1.11156 -> sl: 1.12084 tp: 1.11155
0	05:36:03.331	'1809640': order #40864356 sell 0.01 EURUSD at 1.11664 was modified -> sl: 1.12084 tp: 1.11155
0	05:36:21.077	'1809640': modify order #40862722 sell 0.01 EURUSD at 1.11765 sl: 1.12186 tp: 1.11155 -> sl: 1.12186 tp: 1.11131
0	05:36:22.249	'1809640': order #40862722 sell 0.01 EURUSD at 1.11765 was modified -> sl: 1.12186 tp: 1.11131
0	05:36:22.249	'1809640': modify order #40864356 sell 0.01 EURUSD at 1.11664 sl: 1.12084 tp: 1.11155 -> sl: 1.12084 tp: 1.11131
0	05:36:22.801	'1809640': order #40864356 sell 0.01 EURUSD at 1.11664 was modified -> sl: 1.12084 tp: 1.11131
0	05:40:42.656	'1809640': modify order #40862722 sell 0.01 EURUSD at 1.11765 sl: 1.12186 tp: 1.11131 -> sl: 1.12186 tp: 1.11128
0	05:40:43.211	'1809640': order #40862722 sell 0.01 EURUSD at 1.11765 was modified -> sl: 1.12186 tp: 1.11128
0	05:40:43.272	'1809640': modify order #40864356 sell 0.01 EURUSD at 1.11664 sl: 1.12084 tp: 1.11131 -> sl: 1.12084 tp: 1.11128
0	05:40:43.665	'1809640': order #40864356 sell 0.01 EURUSD at 1.11664 was modified -> sl: 1.12084 tp: 1.11128
0	05:41:38.149	'1809640': modify order #40863483 sell 0.01 EURUSD at 1.11639 sl: 1.12072 tp: 1.11532 -> sl: 1.12072 tp: 1.11517
0	05:41:38.733	'1809640': order #40863483 sell 0.01 EURUSD at 1.11639 was modified -> sl: 1.12072 tp: 1.11517
0	05:47:00.446	'1809640': modify order #40863483 sell 0.01 EURUSD at 1.11639 sl: 1.12072 tp: 1.11517 -> sl: 1.12072 tp: 1.11512
0	05:47:01.263	'1809640': order #40863483 sell 0.01 EURUSD at 1.11639 was modified -> sl: 1.12072 tp: 1.11512
0	05:51:51.728	'1809640': order #40861337 buy 0.01 EURUSD at 1.11974 closed due stop-loss at price 1.11555
0	05:52:34.467	'1809640': modify order #40862722 sell 0.01 EURUSD at 1.11765 sl: 1.12186 tp: 1.11128 -> sl: 1.12186 tp: 1.11104
0	05:52:35.416	'1809640': order #40862722 sell 0.01 EURUSD at 1.11765 was modified -> sl: 1.12186 tp: 1.11104
0	05:52:35.741	'1809640': modify order #40864356 sell 0.01 EURUSD at 1.11664 sl: 1.12084 tp: 1.11128 -> sl: 1.12084 tp: 1.11104
0	05:52:36.201	'1809640': order #40864356 sell 0.01 EURUSD at 1.11664 was modified -> sl: 1.12084 tp: 1.11104
0	05:53:59.729	'1809640': order sell market 0.01 EURUSD sl: 1.11972 tp: 1.11486
0	05:54:00.171	'1809640': order was opened : #40865206 sell 0.01 EURUSD at 1.11552 sl: 1.11972 tp: 1.11486
0	05:54:25.068	'1809640': modify order #40865206 sell 0.01 EURUSD at 1.11552 sl: 1.11972 tp: 1.11486 -> sl: 1.11972 tp: 1.11485
0	05:54:26.326	'1809640': order #40865206 sell 0.01 EURUSD at 1.11552 was modified -> sl: 1.11972 tp: 1.11485
0	05:58:54.260	'1809640': modify order #40830934 sell 0.01 EURUSD at 1.11791 sl: 1.12247 tp: 1.11100 -> sl: 1.12247 tp: 1.11088
0	05:58:55.040	'1809640': order #40830934 sell 0.01 EURUSD at 1.11791 was modified -> sl: 1.12247 tp: 1.11088
0	05:58:55.040	'1809640': modify order #40862722 sell 0.01 EURUSD at 1.11765 sl: 1.12186 tp: 1.11104 -> sl: 1.12186 tp: 1.11088
0	05:58:55.429	'1809640': order #40862722 sell 0.01 EURUSD at 1.11765 was modified -> sl: 1.12186 tp: 1.11088
0	05:58:55.429	'1809640': modify order #40864356 sell 0.01 EURUSD at 1.11664 sl: 1.12084 tp: 1.11104 -> sl: 1.12084 tp: 1.11088
0	05:58:55.851	'1809640': order #40864356 sell 0.01 EURUSD at 1.11664 was modified -> sl: 1.12084 tp: 1.11088
0	06:00:47.173	'1809640': order sell market 0.01 EURUSD sl: 1.11928 tp: 1.11068
0	06:00:47.692	'1809640': order was opened : #40865533 sell 0.01 EURUSD at 1.11506 sl: 1.11928 tp: 1.11068
0	06:01:26.595	'1809640': modify order #40830934 sell 0.01 EURUSD at 1.11791 sl: 1.12247 tp: 1.11088 -> sl: 1.12247 tp: 1.11063
0	06:01:26.952	'1809640': order #40830934 sell 0.01 EURUSD at 1.11791 was modified -> sl: 1.12247 tp: 1.11063
0	06:01:27.049	'1809640': modify order #40862722 sell 0.01 EURUSD at 1.11765 sl: 1.12186 tp: 1.11088 -> sl: 1.12186 tp: 1.11063
0	06:01:27.378	'1809640': order #40862722 sell 0.01 EURUSD at 1.11765 was modified -> sl: 1.12186 tp: 1.11063
0	06:01:27.508	'1809640': modify order #40864356 sell 0.01 EURUSD at 1.11664 sl: 1.12084 tp: 1.11088 -> sl: 1.12084 tp: 1.11063
0	06:01:27.934	'1809640': order #40864356 sell 0.01 EURUSD at 1.11664 was modified -> sl: 1.12084 tp: 1.11063
0	06:01:27.967	'1809640': modify order #40865533 sell 0.01 EURUSD at 1.11506 sl: 1.11928 tp: 1.11068 -> sl: 1.11928 tp: 1.11063
0	06:01:28.356	'1809640': order #40865533 sell 0.01 EURUSD at 1.11506 was modified -> sl: 1.11928 tp: 1.11063
0	06:04:29.681	'1809640': order #40860199 buy 0.01 EURUSD at 1.11914 closed due stop-loss at price 1.11495
0	06:04:31.085	'1809640': order #40863483 sell 0.01 EURUSD at 1.11639 closed due take-profit at price 1.11512
0	06:05:34.988	'1809640': order sell market 0.01 EURUSD sl: 1.11936 tp: 0.00000
0	06:05:35.443	'1809640': order was opened : #40865788 sell 0.01 EURUSD at 1.11519 sl: 1.11936 tp: 0.00000
0	06:06:12.147	'1809640': modify order #40821296 sell 0.01 EURUSD at 1.11852 sl: 1.12312 tp: 1.11450 -> sl: 1.12312 tp: 1.11442
0	06:06:12.541	'1809640': order #40821296 sell 0.01 EURUSD at 1.11852 was modified -> sl: 1.12312 tp: 1.11442
0	06:06:12.541	'1809640': modify order #40865206 sell 0.01 EURUSD at 1.11552 sl: 1.11972 tp: 1.11485 -> sl: 1.11972 tp: 1.11442
0	06:06:12.967	'1809640': order #40865206 sell 0.01 EURUSD at 1.11552 was modified -> sl: 1.11972 tp: 1.11442
0	06:06:12.967	'1809640': modify order #40865788 sell 0.01 EURUSD at 1.11519 sl: 1.11936 tp: 0.00000 -> sl: 1.11936 tp: 1.11466
0	06:06:13.421	'1809640': order #40865788 sell 0.01 EURUSD at 1.11519 was modified -> sl: 1.11936 tp: 1.11466
0	06:09:59.592	'1809640': modify order #40821296 sell 0.01 EURUSD at 1.11852 sl: 1.12312 tp: 1.11442 -> sl: 1.12312 tp: 1.11437
0	06:10:00.307	'1809640': order #40821296 sell 0.01 EURUSD at 1.11852 was modified -> sl: 1.12312 tp: 1.11437
0	06:10:00.307	'1809640': modify order #40865206 sell 0.01 EURUSD at 1.11552 sl: 1.11972 tp: 1.11442 -> sl: 1.11972 tp: 1.11437
0	06:10:00.798	'1809640': order #40865206 sell 0.01 EURUSD at 1.11552 was modified -> sl: 1.11972 tp: 1.11437
0	06:11:05.020	'1809640': order sell market 0.01 EURUSD sl: 1.11993 tp: 1.11131
0	06:11:05.905	'1809640': order was opened : #40865966 sell 0.01 EURUSD at 1.11571 sl: 1.11993 tp: 1.11131
0	06:11:42.417	'1809640': modify order #40821296 sell 0.01 EURUSD at 1.11852 sl: 1.12312 tp: 1.11437 -> sl: 1.12312 tp: 1.11435
0	06:11:42.968	'1809640': order #40821296 sell 0.01 EURUSD at 1.11852 was modified -> sl: 1.12312 tp: 1.11435
0	06:11:42.968	'1809640': modify order #40865206 sell 0.01 EURUSD at 1.11552 sl: 1.11972 tp: 1.11437 -> sl: 1.11972 tp: 1.11435
0	06:11:43.394	'1809640': order #40865206 sell 0.01 EURUSD at 1.11552 was modified -> sl: 1.11972 tp: 1.11435
0	06:11:43.491	'1809640': modify order #40865788 sell 0.01 EURUSD at 1.11519 sl: 1.11936 tp: 1.11466 -> sl: 1.11936 tp: 1.11458
0	06:11:43.751	'1809640': order #40865788 sell 0.01 EURUSD at 1.11519 was modified -> sl: 1.11936 tp: 1.11458
0	06:13:37.882	'1809640': modify order #40865966 sell 0.01 EURUSD at 1.11571 sl: 1.11993 tp: 1.11131 -> sl: 1.11993 tp: 1.11122
0	06:13:38.860	'1809640': order #40865966 sell 0.01 EURUSD at 1.11571 was modified -> sl: 1.11993 tp: 1.11122
0	06:17:17.170	'1809640': modify order #40821296 sell 0.01 EURUSD at 1.11852 sl: 1.12312 tp: 1.11435 -> sl: 1.12312 tp: 1.11432
0	06:17:17.623	'1809640': order #40821296 sell 0.01 EURUSD at 1.11852 was modified -> sl: 1.12312 tp: 1.11432
0	06:17:17.688	'1809640': modify order #40865206 sell 0.01 EURUSD at 1.11552 sl: 1.11972 tp: 1.11435 -> sl: 1.11972 tp: 1.11432
0	06:17:18.536	'1809640': order #40865206 sell 0.01 EURUSD at 1.11552 was modified -> sl: 1.11972 tp: 1.11432
0	06:17:31.436	'1809640': modify order #40821296 sell 0.01 EURUSD at 1.11852 sl: 1.12312 tp: 1.11432 -> sl: 1.12312 tp: 1.11429
0	06:17:32.147	'1809640': order #40821296 sell 0.01 EURUSD at 1.11852 was modified -> sl: 1.12312 tp: 1.11429
0	06:17:32.248	'1809640': modify order #40865206 sell 0.01 EURUSD at 1.11552 sl: 1.11972 tp: 1.11432 -> sl: 1.11972 tp: 1.11429
0	06:17:32.577	'1809640': order #40865206 sell 0.01 EURUSD at 1.11552 was modified -> sl: 1.11972 tp: 1.11429
0	06:18:12.755	'1809640': modify order #40821296 sell 0.01 EURUSD at 1.11852 sl: 1.12312 tp: 1.11429 -> sl: 1.12312 tp: 1.11428
0	06:18:13.047	'1809640': order #40821296 sell 0.01 EURUSD at 1.11852 was modified -> sl: 1.12312 tp: 1.11428
0	06:18:13.047	'1809640': modify order #40865206 sell 0.01 EURUSD at 1.11552 sl: 1.11972 tp: 1.11429 -> sl: 1.11972 tp: 1.11428
0	06:18:13.440	'1809640': order #40865206 sell 0.01 EURUSD at 1.11552 was modified -> sl: 1.11972 tp: 1.11428
0	06:20:11.697	'1809640': modify order #40821296 sell 0.01 EURUSD at 1.11852 sl: 1.12312 tp: 1.11428 -> sl: 1.12312 tp: 1.11425
0	06:20:12.314	'1809640': order #40821296 sell 0.01 EURUSD at 1.11852 was modified -> sl: 1.12312 tp: 1.11425
0	06:20:12.314	'1809640': modify order #40865206 sell 0.01 EURUSD at 1.11552 sl: 1.11972 tp: 1.11428 -> sl: 1.11972 tp: 1.11425
0	06:20:12.671	'1809640': order #40865206 sell 0.01 EURUSD at 1.11552 was modified -> sl: 1.11972 tp: 1.11425
0	06:22:38.071	'1809640': modify order #40821296 sell 0.01 EURUSD at 1.11852 sl: 1.12312 tp: 1.11425 -> sl: 1.12312 tp: 1.11420
0	06:22:38.461	'1809640': order #40821296 sell 0.01 EURUSD at 1.11852 was modified -> sl: 1.12312 tp: 1.11420
0	06:22:38.493	'1809640': modify order #40865206 sell 0.01 EURUSD at 1.11552 sl: 1.11972 tp: 1.11425 -> sl: 1.11972 tp: 1.11420
0	06:22:38.952	'1809640': order #40865206 sell 0.01 EURUSD at 1.11552 was modified -> sl: 1.11972 tp: 1.11420
0	06:30:54.822	'1809640': modify order #40865788 sell 0.01 EURUSD at 1.11519 sl: 1.11936 tp: 1.11458 -> sl: 1.11936 tp: 1.11456
0	06:30:55.345	'1809640': order #40865788 sell 0.01 EURUSD at 1.11519 was modified -> sl: 1.11936 tp: 1.11456
0	06:31:00.346	'1809640': modify order #40865966 sell 0.01 EURUSD at 1.11571 sl: 1.11993 tp: 1.11122 -> sl: 1.11993 tp: 1.11116
0	06:31:01.587	'1809640': order #40865966 sell 0.01 EURUSD at 1.11571 was modified -> sl: 1.11993 tp: 1.11116
0	06:31:08.049	'1809640': modify order #40865966 sell 0.01 EURUSD at 1.11571 sl: 1.11993 tp: 1.11116 -> sl: 1.11993 tp: 1.11110
0	06:31:08.405	'1809640': order #40865966 sell 0.01 EURUSD at 1.11571 was modified -> sl: 1.11993 tp: 1.11110
0	06:33:21.934	'1809640': modify order #40865788 sell 0.01 EURUSD at 1.11519 sl: 1.11936 tp: 1.11456 -> sl: 1.11936 tp: 1.11455
0	06:33:22.388	'1809640': order #40865788 sell 0.01 EURUSD at 1.11519 was modified -> sl: 1.11936 tp: 1.11455
0	06:34:06.581	'1809640': modify order #40865966 sell 0.01 EURUSD at 1.11571 sl: 1.11993 tp: 1.11110 -> sl: 1.11993 tp: 1.11096
0	06:34:06.975	'1809640': order #40865966 sell 0.01 EURUSD at 1.11571 was modified -> sl: 1.11993 tp: 1.11096
0	06:34:11.832	'1809640': modify order #40865966 sell 0.01 EURUSD at 1.11571 sl: 1.11993 tp: 1.11096 -> sl: 1.11993 tp: 1.11085
0	06:34:12.355	'1809640': order #40865966 sell 0.01 EURUSD at 1.11571 was modified -> sl: 1.11993 tp: 1.11085
0	06:36:28.702	'1809640': modify order #40865788 sell 0.01 EURUSD at 1.11519 sl: 1.11936 tp: 1.11455 -> sl: 1.11936 tp: 1.11446
0	06:36:29.808	'1809640': order #40865788 sell 0.01 EURUSD at 1.11519 was modified -> sl: 1.11936 tp: 1.11446
0	06:36:30.072	'1809640': modify order #40865966 sell 0.01 EURUSD at 1.11571 sl: 1.11993 tp: 1.11085 -> sl: 1.11993 tp: 1.11072
0	06:36:30.461	'1809640': order #40865966 sell 0.01 EURUSD at 1.11571 was modified -> sl: 1.11993 tp: 1.11072
0	06:39:58.772	'1809640': modify order #40865788 sell 0.01 EURUSD at 1.11519 sl: 1.11936 tp: 1.11446 -> sl: 1.11936 tp: 1.11445
0	06:39:59.944	'1809640': order #40865788 sell 0.01 EURUSD at 1.11519 was modified -> sl: 1.11936 tp: 1.11445
0	06:42:02.448	'1809640': modify order #40865788 sell 0.01 EURUSD at 1.11519 sl: 1.11936 tp: 1.11445 -> sl: 1.11936 tp: 1.11440
0	06:42:03.609	'1809640': order #40865788 sell 0.01 EURUSD at 1.11519 was modified -> sl: 1.11936 tp: 1.11440
0	06:43:17.869	'1809640': modify order #40865966 sell 0.01 EURUSD at 1.11571 sl: 1.11993 tp: 1.11072 -> sl: 1.11993 tp: 1.11069
0	06:43:18.421	'1809640': order #40865966 sell 0.01 EURUSD at 1.11571 was modified -> sl: 1.11993 tp: 1.11069
0	06:45:54.025	'1809640': modify order #40865788 sell 0.01 EURUSD at 1.11519 sl: 1.11936 tp: 1.11440 -> sl: 1.11936 tp: 1.11432
0	06:45:54.359	'1809640': order #40865788 sell 0.01 EURUSD at 1.11519 was modified -> sl: 1.11936 tp: 1.11432
0	06:47:59.047	'1809640': modify order #40830934 sell 0.01 EURUSD at 1.11791 sl: 1.12247 tp: 1.11063 -> sl: 1.12247 tp: 1.11054
0	06:47:59.734	'1809640': order #40830934 sell 0.01 EURUSD at 1.11791 was modified -> sl: 1.12247 tp: 1.11054
0	06:47:59.765	'1809640': modify order #40862722 sell 0.01 EURUSD at 1.11765 sl: 1.12186 tp: 1.11063 -> sl: 1.12186 tp: 1.11054
0	06:48:00.350	'1809640': order #40862722 sell 0.01 EURUSD at 1.11765 was modified -> sl: 1.12186 tp: 1.11054
0	06:48:00.386	'1809640': modify order #40864356 sell 0.01 EURUSD at 1.11664 sl: 1.12084 tp: 1.11063 -> sl: 1.12084 tp: 1.11054
0	06:48:00.841	'1809640': order #40864356 sell 0.01 EURUSD at 1.11664 was modified -> sl: 1.12084 tp: 1.11054
0	06:48:00.841	'1809640': modify order #40865533 sell 0.01 EURUSD at 1.11506 sl: 1.11928 tp: 1.11063 -> sl: 1.11928 tp: 1.11054
0	06:48:01.328	'1809640': order #40865533 sell 0.01 EURUSD at 1.11506 was modified -> sl: 1.11928 tp: 1.11054
0	06:48:01.328	'1809640': modify order #40865966 sell 0.01 EURUSD at 1.11571 sl: 1.11993 tp: 1.11069 -> sl: 1.11993 tp: 1.11054
0	06:48:01.656	'1809640': order #40865966 sell 0.01 EURUSD at 1.11571 was modified -> sl: 1.11993 tp: 1.11054
0	06:49:30.397	'1809640': modify order #40830934 sell 0.01 EURUSD at 1.11791 sl: 1.12247 tp: 1.11054 -> sl: 1.12247 tp: 1.11031
0	06:49:30.824	'1809640': order #40830934 sell 0.01 EURUSD at 1.11791 was modified -> sl: 1.12247 tp: 1.11031
0	06:49:30.859	'1809640': modify order #40862722 sell 0.01 EURUSD at 1.11765 sl: 1.12186 tp: 1.11054 -> sl: 1.12186 tp: 1.11031
0	06:49:31.281	'1809640': order #40862722 sell 0.01 EURUSD at 1.11765 was modified -> sl: 1.12186 tp: 1.11031
0	06:49:31.281	'1809640': modify order #40864356 sell 0.01 EURUSD at 1.11664 sl: 1.12084 tp: 1.11054 -> sl: 1.12084 tp: 1.11032
0	06:49:31.705	'1809640': order #40864356 sell 0.01 EURUSD at 1.11664 was modified -> sl: 1.12084 tp: 1.11032
0	06:49:31.705	'1809640': modify order #40865533 sell 0.01 EURUSD at 1.11506 sl: 1.11928 tp: 1.11054 -> sl: 1.11928 tp: 1.11031
0	06:49:32.127	'1809640': order #40865533 sell 0.01 EURUSD at 1.11506 was modified -> sl: 1.11928 tp: 1.11031
0	06:49:32.160	'1809640': modify order #40865966 sell 0.01 EURUSD at 1.11571 sl: 1.11993 tp: 1.11054 -> sl: 1.11993 tp: 1.11032
0	06:49:32.517	'1809640': order #40865966 sell 0.01 EURUSD at 1.11571 was modified -> sl: 1.11993 tp: 1.11032
0	06:50:26.015	'1809640': modify order #40821296 sell 0.01 EURUSD at 1.11852 sl: 1.12312 tp: 1.11420 -> sl: 1.12312 tp: 1.11408
0	06:50:26.696	'1809640': order #40821296 sell 0.01 EURUSD at 1.11852 was modified -> sl: 1.12312 tp: 1.11408
0	06:50:26.696	'1809640': modify order #40865206 sell 0.01 EURUSD at 1.11552 sl: 1.11972 tp: 1.11420 -> sl: 1.11972 tp: 1.11410
0	06:50:27.219	'1809640': order #40865206 sell 0.01 EURUSD at 1.11552 was modified -> sl: 1.11972 tp: 1.11410
0	06:50:43.614	'1809640': modify order #40865788 sell 0.01 EURUSD at 1.11519 sl: 1.11936 tp: 1.11432 -> sl: 1.11936 tp: 1.11421
0	06:50:44.036	'1809640': order #40865788 sell 0.01 EURUSD at 1.11519 was modified -> sl: 1.11936 tp: 1.11421
0	06:56:37.500	'1809640': modify order #40865788 sell 0.01 EURUSD at 1.11519 sl: 1.11936 tp: 1.11421 -> sl: 1.11936 tp: 1.11419
0	06:56:38.797	'1809640': order #40865788 sell 0.01 EURUSD at 1.11519 was modified -> sl: 1.11936 tp: 1.11419
0	06:56:55.534	'1809640': modify order #40865788 sell 0.01 EURUSD at 1.11519 sl: 1.11936 tp: 1.11419 -> sl: 1.11936 tp: 1.11418
0	06:56:56.594	'1809640': order #40865788 sell 0.01 EURUSD at 1.11519 was modified -> sl: 1.11936 tp: 1.11418
0	07:00:43.241	'1809640': order sell market 0.01 EURUSD sl: 1.11965 tp: 1.11103
0	07:00:44.321	'1809640': order was opened : #40867549 sell 0.01 EURUSD at 1.11543 sl: 1.11965 tp: 1.11103
0	07:01:14.292	'1809640': modify order #40865788 sell 0.01 EURUSD at 1.11519 sl: 1.11936 tp: 1.11418 -> sl: 1.11936 tp: 1.11415
0	07:01:15.109	'1809640': order #40865788 sell 0.01 EURUSD at 1.11519 was modified -> sl: 1.11936 tp: 1.11415
0	07:04:12.694	'1809640': modify order #40821296 sell 0.01 EURUSD at 1.11852 sl: 1.12312 tp: 1.11408 -> sl: 1.12312 tp: 1.11398
0	07:04:14.422	'1809640': order #40821296 sell 0.01 EURUSD at 1.11852 was modified -> sl: 1.12312 tp: 1.11398
0	07:04:14.422	'1809640': modify order #40865206 sell 0.01 EURUSD at 1.11552 sl: 1.11972 tp: 1.11410 -> sl: 1.11972 tp: 1.11398
0	07:04:14.978	'1809640': order #40865206 sell 0.01 EURUSD at 1.11552 was modified -> sl: 1.11972 tp: 1.11398
0	07:08:14.754	'1809640': modify order #40821296 sell 0.01 EURUSD at 1.11852 sl: 1.12312 tp: 1.11398 -> sl: 1.12312 tp: 1.11395
0	07:08:15.209	'1809640': order #40821296 sell 0.01 EURUSD at 1.11852 was modified -> sl: 1.12312 tp: 1.11395
0	07:08:15.209	'1809640': modify order #40865206 sell 0.01 EURUSD at 1.11552 sl: 1.11972 tp: 1.11398 -> sl: 1.11972 tp: 1.11394
0	07:08:15.703	'1809640': order #40865206 sell 0.01 EURUSD at 1.11552 was modified -> sl: 1.11972 tp: 1.11394
0	07:09:42.229	'1809640': modify order #40821296 sell 0.01 EURUSD at 1.11852 sl: 1.12312 tp: 1.11395 -> sl: 1.12312 tp: 1.11392
0	07:09:42.781	'1809640': order #40821296 sell 0.01 EURUSD at 1.11852 was modified -> sl: 1.12312 tp: 1.11392
0	07:09:42.814	'1809640': modify order #40865206 sell 0.01 EURUSD at 1.11552 sl: 1.11972 tp: 1.11394 -> sl: 1.11972 tp: 1.11392
0	07:09:43.175	'1809640': order #40865206 sell 0.01 EURUSD at 1.11552 was modified -> sl: 1.11972 tp: 1.11392
0	07:17:41.031	'1809640': modify order #40865788 sell 0.01 EURUSD at 1.11519 sl: 1.11936 tp: 1.11415 -> sl: 1.11936 tp: 1.11413
0	07:17:41.681	'1809640': order #40865788 sell 0.01 EURUSD at 1.11519 was modified -> sl: 1.11936 tp: 1.11413
0	07:20:14.021	'1809640': modify order #40865788 sell 0.01 EURUSD at 1.11519 sl: 1.11936 tp: 1.11413 -> sl: 1.11936 tp: 1.11412
0	07:20:15.032	'1809640': order #40865788 sell 0.01 EURUSD at 1.11519 was modified -> sl: 1.11936 tp: 1.11412
0	07:21:31.525	'1809640': modify order #40865788 sell 0.01 EURUSD at 1.11519 sl: 1.11936 tp: 1.11412 -> sl: 1.11936 tp: 1.11407
0	07:21:32.142	'1809640': order #40865788 sell 0.01 EURUSD at 1.11519 was modified -> sl: 1.11936 tp: 1.11407
0	07:26:36.041	'1809640': modify order #40865788 sell 0.01 EURUSD at 1.11519 sl: 1.11936 tp: 1.11407 -> sl: 1.11936 tp: 1.11394
0	07:26:36.662	'1809640': order #40865788 sell 0.01 EURUSD at 1.11519 was modified -> sl: 1.11936 tp: 1.11394
0	07:31:55.408	'1809640': modify order #40865788 sell 0.01 EURUSD at 1.11519 sl: 1.11936 tp: 1.11394 -> sl: 1.11936 tp: 1.11385
0	07:31:55.766	'1809640': order #40865788 sell 0.01 EURUSD at 1.11519 was modified -> sl: 1.11936 tp: 1.11385
0	07:33:13.096	'1809640': modify order #40865788 sell 0.01 EURUSD at 1.11519 sl: 1.11936 tp: 1.11385 -> sl: 1.11936 tp: 1.11378
0	07:33:13.356	'1809640': order #40865788 sell 0.01 EURUSD at 1.11519 was modified -> sl: 1.11936 tp: 1.11378
0	07:38:44.086	'1809640': modify order #40865788 sell 0.01 EURUSD at 1.11519 sl: 1.11936 tp: 1.11378 -> sl: 1.11936 tp: 1.11363
0	07:38:44.572	'1809640': order #40865788 sell 0.01 EURUSD at 1.11519 was modified -> sl: 1.11936 tp: 1.11363
0	07:38:53.075	'1809640': modify order #40865788 sell 0.01 EURUSD at 1.11519 sl: 1.11936 tp: 1.11363 -> sl: 1.11936 tp: 1.11362
0	07:38:53.399	'1809640': order #40865788 sell 0.01 EURUSD at 1.11519 was modified -> sl: 1.11936 tp: 1.11362
0	07:42:19.927	'1809640': modify order #40865788 sell 0.01 EURUSD at 1.11519 sl: 1.11936 tp: 1.11362 -> sl: 1.11936 tp: 1.11343
0	07:42:20.284	'1809640': order #40865788 sell 0.01 EURUSD at 1.11519 was modified -> sl: 1.11936 tp: 1.11343
0	08:00:49.043	'1809640': order sell market 0.01 EURUSD sl: 1.12201 tp: 1.11340
0	08:00:49.628	'1809640': order was opened : #40870035 sell 0.01 EURUSD at 1.11785 sl: 1.12201 tp: 1.11340
0	08:16:41.821	'1809640': modify order #40870035 sell 0.01 EURUSD at 1.11785 sl: 1.12201 tp: 1.11340 -> sl: 1.12201 tp: 1.11332
0	08:16:42.340	'1809640': order #40870035 sell 0.01 EURUSD at 1.11785 was modified -> sl: 1.12201 tp: 1.11332
0	08:22:51.764	'1809640': modify order #40870035 sell 0.01 EURUSD at 1.11785 sl: 1.12201 tp: 1.11332 -> sl: 1.12201 tp: 1.11322
0	08:22:53.059	'1809640': order #40870035 sell 0.01 EURUSD at 1.11785 was modified -> sl: 1.12201 tp: 1.11322
0	08:25:25.727	'1809640': modify order #40870035 sell 0.01 EURUSD at 1.11785 sl: 1.12201 tp: 1.11322 -> sl: 1.12201 tp: 1.11317
0	08:25:26.453	'1809640': order #40870035 sell 0.01 EURUSD at 1.11785 was modified -> sl: 1.12201 tp: 1.11317
0	08:29:20.658	'1809640': modify order #40870035 sell 0.01 EURUSD at 1.11785 sl: 1.12201 tp: 1.11317 -> sl: 1.12201 tp: 1.11311
0	08:29:21.181	'1809640': order #40870035 sell 0.01 EURUSD at 1.11785 was modified -> sl: 1.12201 tp: 1.11311
0	08:44:58.870	'1809640': order #40865533 sell 0.01 EURUSD at 1.11506 closed due stop-loss at price 1.11928
0	08:45:17.121	'1809640': order #40865788 sell 0.01 EURUSD at 1.11519 closed due stop-loss at price 1.11936
0	08:45:28.679	'1809640': order #40867549 sell 0.01 EURUSD at 1.11543 closed due stop-loss at price 1.11965
0	08:45:49.335	'1809640': order #40865206 sell 0.01 EURUSD at 1.11552 closed due stop-loss at price 1.11972
0	08:46:34.311	'1809640': order #40865966 sell 0.01 EURUSD at 1.11571 closed due stop-loss at price 1.11993
0	08:47:24.546	'1809640': order buy market 0.01 EURUSD sl: 1.11577 tp: 1.12051
0	08:47:25.264	'1809640': order was opened : #40872121 buy 0.01 EURUSD at 1.11999 sl: 1.11577 tp: 1.12051
0	08:50:24.254	'1809640': order #40872121 buy 0.01 EURUSD at 1.11999 closed due take-profit at price 1.12051
0	08:50:24.384	'1809640': order #40864356 sell 0.01 EURUSD at 1.11664 closed due stop-loss at price 1.12084
0	08:51:39.608	'1809640': order sell market 0.01 EURUSD sl: 1.12430 tp: 1.11427
0	08:51:40.034	'1809640': order was opened : #40872466 sell 0.01 EURUSD at 1.12008 sl: 1.12430 tp: 1.11427
0	08:52:29.832	'1809640': modify order #40872466 sell 0.01 EURUSD at 1.12008 sl: 1.12430 tp: 1.11427 -> sl: 1.12430 tp: 1.11426
0	08:52:30.222	'1809640': order #40872466 sell 0.01 EURUSD at 1.12008 was modified -> sl: 1.12430 tp: 1.11426
0	08:56:44.021	'1809640': order buy market 0.01 EURUSD sl: 1.11575 tp: 1.12152
0	08:56:45.296	'1809640': order was opened : #40872697 buy 0.01 EURUSD at 1.11995 sl: 1.11575 tp: 1.12152
0	08:57:12.108	'1809640': modify order #40872697 buy 0.01 EURUSD at 1.11995 sl: 1.11575 tp: 1.12152 -> sl: 1.11575 tp: 1.12153
0	08:57:13.415	'1809640': order #40872697 buy 0.01 EURUSD at 1.11995 was modified -> sl: 1.11575 tp: 1.12153
0	08:59:09.184	'1809640': modify order #40872697 buy 0.01 EURUSD at 1.11995 sl: 1.11575 tp: 1.12153 -> sl: 1.11575 tp: 1.12156
0	08:59:09.931	'1809640': order #40872697 buy 0.01 EURUSD at 1.11995 was modified -> sl: 1.11575 tp: 1.12156
0	09:02:19.886	'1809640': order sell market 0.01 EURUSD sl: 1.12338 tp: 1.11477
0	09:02:21.192	'1809640': order was opened : #40873150 sell 0.01 EURUSD at 1.11917 sl: 1.12338 tp: 1.11477
0	09:04:06.503	'1809640': modify order #40873150 sell 0.01 EURUSD at 1.11917 sl: 1.12338 tp: 1.11477 -> sl: 1.12338 tp: 1.11476
0	09:04:07.222	'1809640': order #40873150 sell 0.01 EURUSD at 1.11917 was modified -> sl: 1.12338 tp: 1.11476
0	09:06:57.691	'1809640': modify order #40873150 sell 0.01 EURUSD at 1.11917 sl: 1.12338 tp: 1.11476 -> sl: 1.12338 tp: 1.11447
0	09:06:58.379	'1809640': order #40873150 sell 0.01 EURUSD at 1.11917 was modified -> sl: 1.12338 tp: 1.11447
0	09:08:48.963	'1809640': modify order #40873150 sell 0.01 EURUSD at 1.11917 sl: 1.12338 tp: 1.11447 -> sl: 1.12338 tp: 1.11436
0	09:08:49.552	'1809640': order #40873150 sell 0.01 EURUSD at 1.11917 was modified -> sl: 1.12338 tp: 1.11436
0	09:43:13.116	'1809640': modify order #40873150 sell 0.01 EURUSD at 1.11917 sl: 1.12338 tp: 1.11436 -> sl: 1.12338 tp: 1.11422
0	09:43:14.057	'1809640': order #40873150 sell 0.01 EURUSD at 1.11917 was modified -> sl: 1.12338 tp: 1.11422
0	09:43:24.945	'1809640': modify order #40873150 sell 0.01 EURUSD at 1.11917 sl: 1.12338 tp: 1.11422 -> sl: 1.12338 tp: 1.11404
0	09:43:25.435	'1809640': order #40873150 sell 0.01 EURUSD at 1.11917 was modified -> sl: 1.12338 tp: 1.11404
0	09:45:28.133	'1809640': modify order #40873150 sell 0.01 EURUSD at 1.11917 sl: 1.12338 tp: 1.11404 -> sl: 1.12338 tp: 1.11391
0	09:45:28.624	'1809640': order #40873150 sell 0.01 EURUSD at 1.11917 was modified -> sl: 1.12338 tp: 1.11391
0	09:50:29.361	'1809640': modify order #40873150 sell 0.01 EURUSD at 1.11917 sl: 1.12338 tp: 1.11391 -> sl: 1.12338 tp: 1.11375
0	09:50:29.787	'1809640': order #40873150 sell 0.01 EURUSD at 1.11917 was modified -> sl: 1.12338 tp: 1.11375
0	09:52:48.099	'1809640': modify order #40873150 sell 0.01 EURUSD at 1.11917 sl: 1.12338 tp: 1.11375 -> sl: 1.12338 tp: 1.11352
0	09:52:48.747	'1809640': order #40873150 sell 0.01 EURUSD at 1.11917 was modified -> sl: 1.12338 tp: 1.11352
0	09:59:56.185	'1809640': modify order #40873150 sell 0.01 EURUSD at 1.11917 sl: 1.12338 tp: 1.11352 -> sl: 1.12338 tp: 1.11325
0	09:59:56.705	'1809640': order #40873150 sell 0.01 EURUSD at 1.11917 was modified -> sl: 1.12338 tp: 1.11325
0	10:00:59.302	'1809640': modify order #40873150 sell 0.01 EURUSD at 1.11917 sl: 1.12338 tp: 1.11325 -> sl: 1.12338 tp: 1.11322
0	10:00:59.821	'1809640': order #40873150 sell 0.01 EURUSD at 1.11917 was modified -> sl: 1.12338 tp: 1.11322
0	10:01:50.697	'1809640': order sell market 0.01 EURUSD sl: 1.12191 tp: 1.11335
0	10:01:51.119	'1809640': order was opened : #40875058 sell 0.01 EURUSD at 1.11775 sl: 1.12191 tp: 1.11335
0	10:02:53.887	'1809640': modify order #40873150 sell 0.01 EURUSD at 1.11917 sl: 1.12338 tp: 1.11322 -> sl: 1.12338 tp: 1.11314
0	10:02:54.670	'1809640': order #40873150 sell 0.01 EURUSD at 1.11917 was modified -> sl: 1.12338 tp: 1.11314
0	10:02:54.670	'1809640': modify order #40875058 sell 0.01 EURUSD at 1.11775 sl: 1.12191 tp: 1.11335 -> sl: 1.12191 tp: 1.11314
0	10:02:54.898	'1809640': order #40875058 sell 0.01 EURUSD at 1.11775 was modified -> sl: 1.12191 tp: 1.11314
0	10:08:46.335	'1809640': modify order #40870035 sell 0.01 EURUSD at 1.11785 sl: 1.12201 tp: 1.11311 -> sl: 1.12201 tp: 1.11303
0	10:08:46.923	'1809640': order #40870035 sell 0.01 EURUSD at 1.11785 was modified -> sl: 1.12201 tp: 1.11303
0	10:08:46.956	'1809640': modify order #40873150 sell 0.01 EURUSD at 1.11917 sl: 1.12338 tp: 1.11314 -> sl: 1.12338 tp: 1.11303
0	10:08:47.280	'1809640': order #40873150 sell 0.01 EURUSD at 1.11917 was modified -> sl: 1.12338 tp: 1.11303
0	10:08:47.313	'1809640': modify order #40875058 sell 0.01 EURUSD at 1.11775 sl: 1.12191 tp: 1.11314 -> sl: 1.12191 tp: 1.11303
0	10:08:48.484	'1809640': order #40875058 sell 0.01 EURUSD at 1.11775 was modified -> sl: 1.12191 tp: 1.11303
0	10:10:20.916	'1809640': modify order #40870035 sell 0.01 EURUSD at 1.11785 sl: 1.12201 tp: 1.11303 -> sl: 1.12201 tp: 1.11259
0	10:10:21.306	'1809640': order #40870035 sell 0.01 EURUSD at 1.11785 was modified -> sl: 1.12201 tp: 1.11259
0	10:10:21.306	'1809640': modify order #40873150 sell 0.01 EURUSD at 1.11917 sl: 1.12338 tp: 1.11303 -> sl: 1.12338 tp: 1.11260
0	10:10:21.700	'1809640': order #40873150 sell 0.01 EURUSD at 1.11917 was modified -> sl: 1.12338 tp: 1.11260
0	10:10:21.700	'1809640': modify order #40875058 sell 0.01 EURUSD at 1.11775 sl: 1.12191 tp: 1.11303 -> sl: 1.12191 tp: 1.11260
0	10:10:22.154	'1809640': order #40875058 sell 0.01 EURUSD at 1.11775 was modified -> sl: 1.12191 tp: 1.11260
0	10:12:06.913	'1809640': modify order #40870035 sell 0.01 EURUSD at 1.11785 sl: 1.12201 tp: 1.11259 -> sl: 1.12201 tp: 1.11246
0	10:12:07.339	'1809640': order #40870035 sell 0.01 EURUSD at 1.11785 was modified -> sl: 1.12201 tp: 1.11246
0	10:12:07.339	'1809640': modify order #40873150 sell 0.01 EURUSD at 1.11917 sl: 1.12338 tp: 1.11260 -> sl: 1.12338 tp: 1.11241
0	10:12:07.790	'1809640': order #40873150 sell 0.01 EURUSD at 1.11917 was modified -> sl: 1.12338 tp: 1.11241
0	10:12:07.790	'1809640': modify order #40875058 sell 0.01 EURUSD at 1.11775 sl: 1.12191 tp: 1.11260 -> sl: 1.12191 tp: 1.11245
0	10:12:08.183	'1809640': order #40875058 sell 0.01 EURUSD at 1.11775 was modified -> sl: 1.12191 tp: 1.11245
0	10:14:14.437	'1809640': modify order #40870035 sell 0.01 EURUSD at 1.11785 sl: 1.12201 tp: 1.11246 -> sl: 1.12201 tp: 1.11233
0	10:14:14.895	'1809640': order #40870035 sell 0.01 EURUSD at 1.11785 was modified -> sl: 1.12201 tp: 1.11233
0	10:14:14.993	'1809640': modify order #40873150 sell 0.01 EURUSD at 1.11917 sl: 1.12338 tp: 1.11241 -> sl: 1.12338 tp: 1.11233
0	10:14:15.386	'1809640': order #40873150 sell 0.01 EURUSD at 1.11917 was modified -> sl: 1.12338 tp: 1.11233
0	10:14:15.419	'1809640': modify order #40875058 sell 0.01 EURUSD at 1.11775 sl: 1.12191 tp: 1.11245 -> sl: 1.12191 tp: 1.11233
0	10:14:15.845	'1809640': order #40875058 sell 0.01 EURUSD at 1.11775 was modified -> sl: 1.12191 tp: 1.11233
0	10:15:58.436	'1809640': modify order #40870035 sell 0.01 EURUSD at 1.11785 sl: 1.12201 tp: 1.11233 -> sl: 1.12201 tp: 1.11205
0	10:15:58.959	'1809640': order #40870035 sell 0.01 EURUSD at 1.11785 was modified -> sl: 1.12201 tp: 1.11205
0	10:15:58.988	'1809640': modify order #40873150 sell 0.01 EURUSD at 1.11917 sl: 1.12338 tp: 1.11233 -> sl: 1.12338 tp: 1.11205
0	10:15:59.381	'1809640': order #40873150 sell 0.01 EURUSD at 1.11917 was modified -> sl: 1.12338 tp: 1.11205
0	10:15:59.446	'1809640': modify order #40875058 sell 0.01 EURUSD at 1.11775 sl: 1.12191 tp: 1.11233 -> sl: 1.12191 tp: 1.11205
0	10:15:59.970	'1809640': order #40875058 sell 0.01 EURUSD at 1.11775 was modified -> sl: 1.12191 tp: 1.11205
0	10:17:04.545	'1809640': modify order #40870035 sell 0.01 EURUSD at 1.11785 sl: 1.12201 tp: 1.11205 -> sl: 1.12201 tp: 1.11202
0	10:17:05.945	'1809640': order #40870035 sell 0.01 EURUSD at 1.11785 was modified -> sl: 1.12201 tp: 1.11202
0	10:17:05.945	'1809640': modify order #40873150 sell 0.01 EURUSD at 1.11917 sl: 1.12338 tp: 1.11205 -> sl: 1.12338 tp: 1.11204
0	10:17:06.335	'1809640': order #40873150 sell 0.01 EURUSD at 1.11917 was modified -> sl: 1.12338 tp: 1.11204
0	10:17:06.367	'1809640': modify order #40875058 sell 0.01 EURUSD at 1.11775 sl: 1.12191 tp: 1.11205 -> sl: 1.12191 tp: 1.11202
0	10:17:06.696	'1809640': order #40875058 sell 0.01 EURUSD at 1.11775 was modified -> sl: 1.12191 tp: 1.11202
0	10:19:36.663	'1809640': modify order #40870035 sell 0.01 EURUSD at 1.11785 sl: 1.12201 tp: 1.11202 -> sl: 1.12201 tp: 1.11174
0	10:19:37.118	'1809640': order #40870035 sell 0.01 EURUSD at 1.11785 was modified -> sl: 1.12201 tp: 1.11174
0	10:19:37.182	'1809640': modify order #40873150 sell 0.01 EURUSD at 1.11917 sl: 1.12338 tp: 1.11204 -> sl: 1.12338 tp: 1.11174
0	10:19:37.706	'1809640': order #40873150 sell 0.01 EURUSD at 1.11917 was modified -> sl: 1.12338 tp: 1.11174
0	10:19:37.804	'1809640': modify order #40875058 sell 0.01 EURUSD at 1.11775 sl: 1.12191 tp: 1.11202 -> sl: 1.12191 tp: 1.11174
0	10:19:38.388	'1809640': order #40875058 sell 0.01 EURUSD at 1.11775 was modified -> sl: 1.12191 tp: 1.11174
0	10:24:03.734	'1809640': modify order #40870035 sell 0.01 EURUSD at 1.11785 sl: 1.12201 tp: 1.11174 -> sl: 1.12201 tp: 1.11168
0	10:24:04.092	'1809640': order #40870035 sell 0.01 EURUSD at 1.11785 was modified -> sl: 1.12201 tp: 1.11168
0	10:24:04.092	'1809640': modify order #40873150 sell 0.01 EURUSD at 1.11917 sl: 1.12338 tp: 1.11174 -> sl: 1.12338 tp: 1.11170
0	10:24:04.485	'1809640': order #40873150 sell 0.01 EURUSD at 1.11917 was modified -> sl: 1.12338 tp: 1.11170
0	10:24:04.485	'1809640': modify order #40875058 sell 0.01 EURUSD at 1.11775 sl: 1.12191 tp: 1.11174 -> sl: 1.12191 tp: 1.11168
0	10:24:04.847	'1809640': order #40875058 sell 0.01 EURUSD at 1.11775 was modified -> sl: 1.12191 tp: 1.11168
0	10:29:40.715	'1809640': modify order #40870035 sell 0.01 EURUSD at 1.11785 sl: 1.12201 tp: 1.11168 -> sl: 1.12201 tp: 1.11144
0	10:29:41.299	'1809640': order #40870035 sell 0.01 EURUSD at 1.11785 was modified -> sl: 1.12201 tp: 1.11144
0	10:29:41.397	'1809640': modify order #40873150 sell 0.01 EURUSD at 1.11917 sl: 1.12338 tp: 1.11170 -> sl: 1.12338 tp: 1.11144
0	10:29:41.791	'1809640': order #40873150 sell 0.01 EURUSD at 1.11917 was modified -> sl: 1.12338 tp: 1.11144
0	10:29:41.856	'1809640': modify order #40875058 sell 0.01 EURUSD at 1.11775 sl: 1.12191 tp: 1.11168 -> sl: 1.12191 tp: 1.11144
0	10:29:42.213	'1809640': order #40875058 sell 0.01 EURUSD at 1.11775 was modified -> sl: 1.12191 tp: 1.11144
0	10:30:16.350	'1809640': order #40872697 buy 0.01 EURUSD at 1.11995 closed due stop-loss at price 1.11575
0	10:30:42.812	'1809640': modify order #40870035 sell 0.01 EURUSD at 1.11785 sl: 1.12201 tp: 1.11144 -> sl: 1.12201 tp: 1.11139
0	10:30:43.462	'1809640': order #40870035 sell 0.01 EURUSD at 1.11785 was modified -> sl: 1.12201 tp: 1.11139
0	10:30:43.494	'1809640': modify order #40873150 sell 0.01 EURUSD at 1.11917 sl: 1.12338 tp: 1.11144 -> sl: 1.12338 tp: 1.11140
0	10:30:43.819	'1809640': order #40873150 sell 0.01 EURUSD at 1.11917 was modified -> sl: 1.12338 tp: 1.11140
0	10:30:43.819	'1809640': modify order #40875058 sell 0.01 EURUSD at 1.11775 sl: 1.12191 tp: 1.11144 -> sl: 1.12191 tp: 1.11141
0	10:30:44.311	'1809640': order #40875058 sell 0.01 EURUSD at 1.11775 was modified -> sl: 1.12191 tp: 1.11141
0	10:31:03.553	'1809640': order sell market 0.01 EURUSD sl: 1.11997 tp: 1.11490
0	10:31:04.433	'1809640': order was opened : #40876197 sell 0.01 EURUSD at 1.11584 sl: 1.11997 tp: 1.11490
0	10:31:30.022	'1809640': modify order #40870035 sell 0.01 EURUSD at 1.11785 sl: 1.12201 tp: 1.11139 -> sl: 1.12201 tp: 1.11126
0	10:31:30.475	'1809640': order #40870035 sell 0.01 EURUSD at 1.11785 was modified -> sl: 1.12201 tp: 1.11126
0	10:31:30.576	'1809640': modify order #40873150 sell 0.01 EURUSD at 1.11917 sl: 1.12338 tp: 1.11140 -> sl: 1.12338 tp: 1.11126
0	10:31:30.835	'1809640': order #40873150 sell 0.01 EURUSD at 1.11917 was modified -> sl: 1.12338 tp: 1.11126
0	10:31:30.835	'1809640': modify order #40875058 sell 0.01 EURUSD at 1.11775 sl: 1.12191 tp: 1.11141 -> sl: 1.12191 tp: 1.11126
0	10:31:31.354	'1809640': order #40875058 sell 0.01 EURUSD at 1.11775 was modified -> sl: 1.12191 tp: 1.11126
0	10:31:31.419	'1809640': modify order #40876197 sell 0.01 EURUSD at 1.11584 sl: 1.11997 tp: 1.11490 -> sl: 1.11997 tp: 1.11489
0	10:31:31.878	'1809640': order #40876197 sell 0.01 EURUSD at 1.11584 was modified -> sl: 1.11997 tp: 1.11489
0	10:31:37.279	'1809640': modify order #40876197 sell 0.01 EURUSD at 1.11584 sl: 1.11997 tp: 1.11489 -> sl: 1.11997 tp: 1.11487
0	10:31:37.672	'1809640': order #40876197 sell 0.01 EURUSD at 1.11584 was modified -> sl: 1.11997 tp: 1.11487
0	10:34:10.581	'1809640': modify order #40870035 sell 0.01 EURUSD at 1.11785 sl: 1.12201 tp: 1.11126 -> sl: 1.12201 tp: 1.11100
0	10:34:11.164	'1809640': order #40870035 sell 0.01 EURUSD at 1.11785 was modified -> sl: 1.12201 tp: 1.11100
0	10:34:11.164	'1809640': modify order #40873150 sell 0.01 EURUSD at 1.11917 sl: 1.12338 tp: 1.11126 -> sl: 1.12338 tp: 1.11099
0	10:34:11.655	'1809640': order #40873150 sell 0.01 EURUSD at 1.11917 was modified -> sl: 1.12338 tp: 1.11099
0	10:34:11.655	'1809640': modify order #40875058 sell 0.01 EURUSD at 1.11775 sl: 1.12191 tp: 1.11126 -> sl: 1.12191 tp: 1.11100
0	10:34:12.045	'1809640': order #40875058 sell 0.01 EURUSD at 1.11775 was modified -> sl: 1.12191 tp: 1.11100
0	10:35:24.904	'1809640': order #40876197 sell 0.01 EURUSD at 1.11584 closed due take-profit at price 1.11487
0	10:36:28.606	'1809640': modify order #40870035 sell 0.01 EURUSD at 1.11785 sl: 1.12201 tp: 1.11100 -> sl: 1.12201 tp: 1.11048
0	10:36:29.421	'1809640': order #40870035 sell 0.01 EURUSD at 1.11785 was modified -> sl: 1.12201 tp: 1.11048
0	10:36:29.421	'1809640': modify order #40873150 sell 0.01 EURUSD at 1.11917 sl: 1.12338 tp: 1.11099 -> sl: 1.12338 tp: 1.11048
0	10:36:29.881	'1809640': order #40873150 sell 0.01 EURUSD at 1.11917 was modified -> sl: 1.12338 tp: 1.11048
0	10:36:29.881	'1809640': modify order #40875058 sell 0.01 EURUSD at 1.11775 sl: 1.12191 tp: 1.11100 -> sl: 1.12191 tp: 1.11048
0	10:36:30.334	'1809640': order #40875058 sell 0.01 EURUSD at 1.11775 was modified -> sl: 1.12191 tp: 1.11048
0	10:37:32.469	'1809640': order sell market 0.01 EURUSD sl: 1.11901 tp: 1.11040
0	10:37:33.122	'1809640': order was opened : #40876540 sell 0.01 EURUSD at 1.11480 sl: 1.11901 tp: 1.11040
0	10:38:54.218	'1809640': modify order #40870035 sell 0.01 EURUSD at 1.11785 sl: 1.12201 tp: 1.11048 -> sl: 1.12201 tp: 1.11037
0	10:38:54.839	'1809640': order #40870035 sell 0.01 EURUSD at 1.11785 was modified -> sl: 1.12201 tp: 1.11037
0	10:38:54.839	'1809640': modify order #40873150 sell 0.01 EURUSD at 1.11917 sl: 1.12338 tp: 1.11048 -> sl: 1.12338 tp: 1.11037
0	10:38:55.131	'1809640': order #40873150 sell 0.01 EURUSD at 1.11917 was modified -> sl: 1.12338 tp: 1.11037
0	10:38:55.131	'1809640': modify order #40875058 sell 0.01 EURUSD at 1.11775 sl: 1.12191 tp: 1.11048 -> sl: 1.12191 tp: 1.11037
0	10:38:55.590	'1809640': order #40875058 sell 0.01 EURUSD at 1.11775 was modified -> sl: 1.12191 tp: 1.11037
0	10:38:55.590	'1809640': modify order #40876540 sell 0.01 EURUSD at 1.11480 sl: 1.11901 tp: 1.11040 -> sl: 1.11901 tp: 1.11037
0	10:38:55.980	'1809640': order #40876540 sell 0.01 EURUSD at 1.11480 was modified -> sl: 1.11901 tp: 1.11037
0	10:42:35.391	'1809640': modify order #40821296 sell 0.01 EURUSD at 1.11852 sl: 1.12312 tp: 1.11392 -> sl: 1.12312 tp: 1.11389
0	10:42:35.846	'1809640': order #40821296 sell 0.01 EURUSD at 1.11852 was modified -> sl: 1.12312 tp: 1.11389
0	10:45:00.954	'1809640': modify order #40821296 sell 0.01 EURUSD at 1.11852 sl: 1.12312 tp: 1.11389 -> sl: 1.12312 tp: 1.11380
0	10:45:01.571	'1809640': order #40821296 sell 0.01 EURUSD at 1.11852 was modified -> sl: 1.12312 tp: 1.11380
0	10:46:15.579	'1809640': modify order #40821296 sell 0.01 EURUSD at 1.11852 sl: 1.12312 tp: 1.11380 -> sl: 1.12312 tp: 1.11375
0	10:46:16.232	'1809640': order #40821296 sell 0.01 EURUSD at 1.11852 was modified -> sl: 1.12312 tp: 1.11375
0	10:46:16.232	'1809640': modify order #40872466 sell 0.01 EURUSD at 1.12008 sl: 1.12430 tp: 1.11426 -> sl: 1.12430 tp: 1.11399
0	10:46:16.585	'1809640': order #40872466 sell 0.01 EURUSD at 1.12008 was modified -> sl: 1.12430 tp: 1.11399
0	10:49:17.633	'1809640': modify order #40821296 sell 0.01 EURUSD at 1.11852 sl: 1.12312 tp: 1.11375 -> sl: 1.12312 tp: 1.11370
0	10:49:18.449	'1809640': order #40821296 sell 0.01 EURUSD at 1.11852 was modified -> sl: 1.12312 tp: 1.11370
0	10:49:18.482	'1809640': modify order #40872466 sell 0.01 EURUSD at 1.12008 sl: 1.12430 tp: 1.11399 -> sl: 1.12430 tp: 1.11396
0	10:49:18.810	'1809640': order #40872466 sell 0.01 EURUSD at 1.12008 was modified -> sl: 1.12430 tp: 1.11396
0	10:51:19.899	'1809640': modify order #40870035 sell 0.01 EURUSD at 1.11785 sl: 1.12201 tp: 1.11037 -> sl: 1.12201 tp: 1.11036
0	10:51:20.358	'1809640': order #40870035 sell 0.01 EURUSD at 1.11785 was modified -> sl: 1.12201 tp: 1.11036
0	10:51:20.390	'1809640': modify order #40872466 sell 0.01 EURUSD at 1.12008 sl: 1.12430 tp: 1.11396 -> sl: 1.12430 tp: 1.11363
0	10:51:20.780	'1809640': order #40872466 sell 0.01 EURUSD at 1.12008 was modified -> sl: 1.12430 tp: 1.11363
0	10:51:20.812	'1809640': modify order #40873150 sell 0.01 EURUSD at 1.11917 sl: 1.12338 tp: 1.11037 -> sl: 1.12338 tp: 1.11036
0	10:51:21.141	'1809640': order #40873150 sell 0.01 EURUSD at 1.11917 was modified -> sl: 1.12338 tp: 1.11036
0	10:51:21.141	'1809640': modify order #40875058 sell 0.01 EURUSD at 1.11775 sl: 1.12191 tp: 1.11037 -> sl: 1.12191 tp: 1.11036
0	10:51:21.758	'1809640': order #40875058 sell 0.01 EURUSD at 1.11775 was modified -> sl: 1.12191 tp: 1.11036
0	10:51:21.859	'1809640': modify order #40876540 sell 0.01 EURUSD at 1.11480 sl: 1.11901 tp: 1.11037 -> sl: 1.11901 tp: 1.11036
0	10:51:22.151	'1809640': order #40876540 sell 0.01 EURUSD at 1.11480 was modified -> sl: 1.11901 tp: 1.11036
0	10:51:45.391	'1809640': modify order #40821296 sell 0.01 EURUSD at 1.11852 sl: 1.12312 tp: 1.11370 -> sl: 1.12312 tp: 1.11368
0	10:51:46.241	'1809640': order #40821296 sell 0.01 EURUSD at 1.11852 was modified -> sl: 1.12312 tp: 1.11368
0	10:54:12.913	'1809640': modify order #40830934 sell 0.01 EURUSD at 1.11791 sl: 1.12247 tp: 1.11031 -> sl: 1.12247 tp: 1.11005
0	10:54:13.432	'1809640': order #40830934 sell 0.01 EURUSD at 1.11791 was modified -> sl: 1.12247 tp: 1.11005
0	10:54:13.432	'1809640': modify order #40862722 sell 0.01 EURUSD at 1.11765 sl: 1.12186 tp: 1.11031 -> sl: 1.12186 tp: 1.11005
0	10:54:13.821	'1809640': order #40862722 sell 0.01 EURUSD at 1.11765 was modified -> sl: 1.12186 tp: 1.11005
0	10:54:13.821	'1809640': modify order #40870035 sell 0.01 EURUSD at 1.11785 sl: 1.12201 tp: 1.11036 -> sl: 1.12201 tp: 1.11003
0	10:54:14.344	'1809640': order #40870035 sell 0.01 EURUSD at 1.11785 was modified -> sl: 1.12201 tp: 1.11003
0	10:54:14.476	'1809640': modify order #40872466 sell 0.01 EURUSD at 1.12008 sl: 1.12430 tp: 1.11363 -> sl: 1.12430 tp: 1.11361
0	10:54:14.863	'1809640': order #40872466 sell 0.01 EURUSD at 1.12008 was modified -> sl: 1.12430 tp: 1.11361
0	10:54:14.929	'1809640': modify order #40873150 sell 0.01 EURUSD at 1.11917 sl: 1.12338 tp: 1.11036 -> sl: 1.12338 tp: 1.11006
0	10:54:15.451	'1809640': order #40873150 sell 0.01 EURUSD at 1.11917 was modified -> sl: 1.12338 tp: 1.11006
0	10:54:15.516	'1809640': modify order #40875058 sell 0.01 EURUSD at 1.11775 sl: 1.12191 tp: 1.11036 -> sl: 1.12191 tp: 1.11006
0	10:54:15.841	'1809640': order #40875058 sell 0.01 EURUSD at 1.11775 was modified -> sl: 1.12191 tp: 1.11006
0	10:54:15.841	'1809640': modify order #40876540 sell 0.01 EURUSD at 1.11480 sl: 1.11901 tp: 1.11036 -> sl: 1.11901 tp: 1.11005
0	10:54:16.201	'1809640': order #40876540 sell 0.01 EURUSD at 1.11480 was modified -> sl: 1.11901 tp: 1.11005
0	10:54:21.030	'1809640': modify order #40830934 sell 0.01 EURUSD at 1.11791 sl: 1.12247 tp: 1.11005 -> sl: 1.12247 tp: 1.11004
0	10:54:21.777	'1809640': order #40830934 sell 0.01 EURUSD at 1.11791 was modified -> sl: 1.12247 tp: 1.11004
0	10:54:21.777	'1809640': modify order #40862722 sell 0.01 EURUSD at 1.11765 sl: 1.12186 tp: 1.11005 -> sl: 1.12186 tp: 1.11004
0	10:54:22.268	'1809640': order #40862722 sell 0.01 EURUSD at 1.11765 was modified -> sl: 1.12186 tp: 1.11004
0	10:54:22.268	'1809640': modify order #40872466 sell 0.01 EURUSD at 1.12008 sl: 1.12430 tp: 1.11361 -> sl: 1.12430 tp: 1.11356
0	10:54:22.663	'1809640': order #40872466 sell 0.01 EURUSD at 1.12008 was modified -> sl: 1.12430 tp: 1.11356
0	10:54:22.663	'1809640': modify order #40873150 sell 0.01 EURUSD at 1.11917 sl: 1.12338 tp: 1.11006 -> sl: 1.12338 tp: 1.11004
0	10:54:23.054	'1809640': order #40873150 sell 0.01 EURUSD at 1.11917 was modified -> sl: 1.12338 tp: 1.11004
0	10:54:23.054	'1809640': modify order #40875058 sell 0.01 EURUSD at 1.11775 sl: 1.12191 tp: 1.11006 -> sl: 1.12191 tp: 1.11003
0	10:54:23.542	'1809640': order #40875058 sell 0.01 EURUSD at 1.11775 was modified -> sl: 1.12191 tp: 1.11003
0	10:54:23.542	'1809640': modify order #40876540 sell 0.01 EURUSD at 1.11480 sl: 1.11901 tp: 1.11005 -> sl: 1.11901 tp: 1.11004
0	10:54:23.903	'1809640': order #40876540 sell 0.01 EURUSD at 1.11480 was modified -> sl: 1.11901 tp: 1.11004
0	10:56:57.519	'1809640': modify order #40872466 sell 0.01 EURUSD at 1.12008 sl: 1.12430 tp: 1.11356 -> sl: 1.12430 tp: 1.11328
0	10:56:58.173	'1809640': order #40872466 sell 0.01 EURUSD at 1.12008 was modified -> sl: 1.12430 tp: 1.11328
0	11:03:10.646	'1809640': modify order #40872466 sell 0.01 EURUSD at 1.12008 sl: 1.12430 tp: 1.11328 -> sl: 1.12430 tp: 1.11313
0	11:03:11.036	'1809640': order #40872466 sell 0.01 EURUSD at 1.12008 was modified -> sl: 1.12430 tp: 1.11313
0	11:04:15.642	'1809640': modify order #40872466 sell 0.01 EURUSD at 1.12008 sl: 1.12430 tp: 1.11313 -> sl: 1.12430 tp: 1.11312
0	11:04:16.851	'1809640': order #40872466 sell 0.01 EURUSD at 1.12008 was modified -> sl: 1.12430 tp: 1.11312
0	11:04:29.784	'1809640': modify order #40872466 sell 0.01 EURUSD at 1.12008 sl: 1.12430 tp: 1.11312 -> sl: 1.12430 tp: 1.11310
0	11:04:30.226	'1809640': order #40872466 sell 0.01 EURUSD at 1.12008 was modified -> sl: 1.12430 tp: 1.11310
0	11:05:13.261	'1809640': modify order #40872466 sell 0.01 EURUSD at 1.12008 sl: 1.12430 tp: 1.11310 -> sl: 1.12430 tp: 1.11293
0	11:05:13.650	'1809640': order #40872466 sell 0.01 EURUSD at 1.12008 was modified -> sl: 1.12430 tp: 1.11293
0	11:06:08.352	'1809640': modify order #40872466 sell 0.01 EURUSD at 1.12008 sl: 1.12430 tp: 1.11293 -> sl: 1.12430 tp: 1.11292
0	11:06:09.565	'1809640': order #40872466 sell 0.01 EURUSD at 1.12008 was modified -> sl: 1.12430 tp: 1.11292
0	11:11:27.907	'1809640': modify order #40872466 sell 0.01 EURUSD at 1.12008 sl: 1.12430 tp: 1.11292 -> sl: 1.12430 tp: 1.11282
0	11:11:28.264	'1809640': order #40872466 sell 0.01 EURUSD at 1.12008 was modified -> sl: 1.12430 tp: 1.11282
0	11:15:44.109	'1809640': modify order #40872466 sell 0.01 EURUSD at 1.12008 sl: 1.12430 tp: 1.11282 -> sl: 1.12430 tp: 1.11275
0	11:15:44.698	'1809640': order #40872466 sell 0.01 EURUSD at 1.12008 was modified -> sl: 1.12430 tp: 1.11275
0	11:17:57.295	'1809640': modify order #40872466 sell 0.01 EURUSD at 1.12008 sl: 1.12430 tp: 1.11275 -> sl: 1.12430 tp: 1.11273
0	11:17:58.242	'1809640': order #40872466 sell 0.01 EURUSD at 1.12008 was modified -> sl: 1.12430 tp: 1.11273
0	11:19:36.353	'1809640': modify order #40872466 sell 0.01 EURUSD at 1.12008 sl: 1.12430 tp: 1.11273 -> sl: 1.12430 tp: 1.11272
0	11:19:36.775	'1809640': order #40872466 sell 0.01 EURUSD at 1.12008 was modified -> sl: 1.12430 tp: 1.11272
0	11:20:38.789	'1809640': modify order #40872466 sell 0.01 EURUSD at 1.12008 sl: 1.12430 tp: 1.11272 -> sl: 1.12430 tp: 1.11260
0	11:20:39.738	'1809640': order #40872466 sell 0.01 EURUSD at 1.12008 was modified -> sl: 1.12430 tp: 1.11260
0	11:25:46.276	'1809640': modify order #40830934 sell 0.01 EURUSD at 1.11791 sl: 1.12247 tp: 1.11004 -> sl: 1.12247 tp: 1.10942
0	11:25:46.767	'1809640': order #40830934 sell 0.01 EURUSD at 1.11791 was modified -> sl: 1.12247 tp: 1.10942
0	11:25:46.767	'1809640': modify order #40862722 sell 0.01 EURUSD at 1.11765 sl: 1.12186 tp: 1.11004 -> sl: 1.12186 tp: 1.10942
0	11:25:47.255	'1809640': order #40862722 sell 0.01 EURUSD at 1.11765 was modified -> sl: 1.12186 tp: 1.10942
0	11:25:47.255	'1809640': modify order #40870035 sell 0.01 EURUSD at 1.11785 sl: 1.12201 tp: 1.11003 -> sl: 1.12201 tp: 1.10940
0	11:25:47.644	'1809640': order #40870035 sell 0.01 EURUSD at 1.11785 was modified -> sl: 1.12201 tp: 1.10940
0	11:25:47.676	'1809640': modify order #40872466 sell 0.01 EURUSD at 1.12008 sl: 1.12430 tp: 1.11260 -> sl: 1.12430 tp: 1.11256
0	11:25:48.102	'1809640': order #40872466 sell 0.01 EURUSD at 1.12008 was modified -> sl: 1.12430 tp: 1.11256
0	11:25:48.102	'1809640': modify order #40873150 sell 0.01 EURUSD at 1.11917 sl: 1.12338 tp: 1.11004 -> sl: 1.12338 tp: 1.10939
0	11:25:48.658	'1809640': order #40873150 sell 0.01 EURUSD at 1.11917 was modified -> sl: 1.12338 tp: 1.10939
0	11:25:48.658	'1809640': modify order #40875058 sell 0.01 EURUSD at 1.11775 sl: 1.12191 tp: 1.11003 -> sl: 1.12191 tp: 1.10939
0	11:25:49.016	'1809640': order #40875058 sell 0.01 EURUSD at 1.11775 was modified -> sl: 1.12191 tp: 1.10939
0	11:25:49.016	'1809640': modify order #40876540 sell 0.01 EURUSD at 1.11480 sl: 1.11901 tp: 1.11004 -> sl: 1.11901 tp: 1.10940
0	11:25:49.340	'1809640': order #40876540 sell 0.01 EURUSD at 1.11480 was modified -> sl: 1.11901 tp: 1.10940
0	11:27:18.067	'1809640': modify order #40872466 sell 0.01 EURUSD at 1.12008 sl: 1.12430 tp: 1.11256 -> sl: 1.12430 tp: 1.11232
0	11:27:18.749	'1809640': order #40872466 sell 0.01 EURUSD at 1.12008 was modified -> sl: 1.12430 tp: 1.11232
0	11:28:59.348	'1809640': modify order #40821296 sell 0.01 EURUSD at 1.11852 sl: 1.12312 tp: 1.11368 -> sl: 1.12312 tp: 1.11352
0	11:28:59.969	'1809640': order #40821296 sell 0.01 EURUSD at 1.11852 was modified -> sl: 1.12312 tp: 1.11352
0	11:31:00.930	'1809640': modify order #40821296 sell 0.01 EURUSD at 1.11852 sl: 1.12312 tp: 1.11352 -> sl: 1.12312 tp: 1.11347
0	11:31:01.612	'1809640': order #40821296 sell 0.01 EURUSD at 1.11852 was modified -> sl: 1.12312 tp: 1.11347
0	11:31:42.644	'1809640': modify order #40821296 sell 0.01 EURUSD at 1.11852 sl: 1.12312 tp: 1.11347 -> sl: 1.12312 tp: 1.11335
0	11:31:43.461	'1809640': order #40821296 sell 0.01 EURUSD at 1.11852 was modified -> sl: 1.12312 tp: 1.11335
0	11:31:43.618	'1809640': modify order #40872466 sell 0.01 EURUSD at 1.12008 sl: 1.12430 tp: 1.11232 -> sl: 1.12430 tp: 1.11224
0	11:31:44.011	'1809640': order #40872466 sell 0.01 EURUSD at 1.12008 was modified -> sl: 1.12430 tp: 1.11224
0	11:33:26.710	'1809640': modify order #40821296 sell 0.01 EURUSD at 1.11852 sl: 1.12312 tp: 1.11335 -> sl: 1.12312 tp: 1.11322
0	11:33:27.559	'1809640': order #40821296 sell 0.01 EURUSD at 1.11852 was modified -> sl: 1.12312 tp: 1.11322
0	11:33:27.559	'1809640': modify order #40872466 sell 0.01 EURUSD at 1.12008 sl: 1.12430 tp: 1.11224 -> sl: 1.12430 tp: 1.11222
0	11:33:27.985	'1809640': order #40872466 sell 0.01 EURUSD at 1.12008 was modified -> sl: 1.12430 tp: 1.11222
0	11:33:42.867	'1809640': modify order #40821296 sell 0.01 EURUSD at 1.11852 sl: 1.12312 tp: 1.11322 -> sl: 1.12312 tp: 1.11312
0	11:33:43.320	'1809640': order #40821296 sell 0.01 EURUSD at 1.11852 was modified -> sl: 1.12312 tp: 1.11312
0	11:34:22.217	'1809640': modify order #40821296 sell 0.01 EURUSD at 1.11852 sl: 1.12312 tp: 1.11312 -> sl: 1.12312 tp: 1.11302
0	11:34:22.611	'1809640': order #40821296 sell 0.01 EURUSD at 1.11852 was modified -> sl: 1.12312 tp: 1.11302
0	11:38:53.568	'1809640': modify order #40821296 sell 0.01 EURUSD at 1.11852 sl: 1.12312 tp: 1.11302 -> sl: 1.12312 tp: 1.11271
0	11:38:54.087	'1809640': order #40821296 sell 0.01 EURUSD at 1.11852 was modified -> sl: 1.12312 tp: 1.11271
0	11:38:54.087	'1809640': modify order #40872466 sell 0.01 EURUSD at 1.12008 sl: 1.12430 tp: 1.11222 -> sl: 1.12430 tp: 1.11208
0	11:38:54.473	'1809640': order #40872466 sell 0.01 EURUSD at 1.12008 was modified -> sl: 1.12430 tp: 1.11208
0	11:39:55.321	'1809640': modify order #40821296 sell 0.01 EURUSD at 1.11852 sl: 1.12312 tp: 1.11271 -> sl: 1.12312 tp: 1.11263
0	11:39:55.835	'1809640': order #40821296 sell 0.01 EURUSD at 1.11852 was modified -> sl: 1.12312 tp: 1.11263
0	11:39:55.965	'1809640': modify order #40830934 sell 0.01 EURUSD at 1.11791 sl: 1.12247 tp: 1.10942 -> sl: 1.12247 tp: 1.10925
0	11:39:56.290	'1809640': order #40830934 sell 0.01 EURUSD at 1.11791 was modified -> sl: 1.12247 tp: 1.10925
0	11:39:56.359	'1809640': modify order #40862722 sell 0.01 EURUSD at 1.11765 sl: 1.12186 tp: 1.10942 -> sl: 1.12186 tp: 1.10925
0	11:39:56.716	'1809640': order #40862722 sell 0.01 EURUSD at 1.11765 was modified -> sl: 1.12186 tp: 1.10925
0	11:39:56.947	'1809640': modify order #40870035 sell 0.01 EURUSD at 1.11785 sl: 1.12201 tp: 1.10940 -> sl: 1.12201 tp: 1.10925
0	11:39:57.337	'1809640': order #40870035 sell 0.01 EURUSD at 1.11785 was modified -> sl: 1.12201 tp: 1.10925
0	11:39:57.402	'1809640': modify order #40873150 sell 0.01 EURUSD at 1.11917 sl: 1.12338 tp: 1.10939 -> sl: 1.12338 tp: 1.10925
0	11:39:57.698	'1809640': order #40873150 sell 0.01 EURUSD at 1.11917 was modified -> sl: 1.12338 tp: 1.10925
0	11:39:57.698	'1809640': modify order #40875058 sell 0.01 EURUSD at 1.11775 sl: 1.12191 tp: 1.10939 -> sl: 1.12191 tp: 1.10925
0	11:39:58.120	'1809640': order #40875058 sell 0.01 EURUSD at 1.11775 was modified -> sl: 1.12191 tp: 1.10925
0	11:39:58.120	'1809640': modify order #40876540 sell 0.01 EURUSD at 1.11480 sl: 1.11901 tp: 1.10940 -> sl: 1.11901 tp: 1.10925
0	11:39:58.611	'1809640': order #40876540 sell 0.01 EURUSD at 1.11480 was modified -> sl: 1.11901 tp: 1.10925
0	11:40:16.583	'1809640': modify order #40821296 sell 0.01 EURUSD at 1.11852 sl: 1.12312 tp: 1.11263 -> sl: 1.12312 tp: 1.11259
0	11:40:17.042	'1809640': order #40821296 sell 0.01 EURUSD at 1.11852 was modified -> sl: 1.12312 tp: 1.11259
0	11:40:17.042	'1809640': modify order #40872466 sell 0.01 EURUSD at 1.12008 sl: 1.12430 tp: 1.11208 -> sl: 1.12430 tp: 1.11203
0	11:40:17.431	'1809640': order #40872466 sell 0.01 EURUSD at 1.12008 was modified -> sl: 1.12430 tp: 1.11203
0	11:42:16.783	'1809640': modify order #40821296 sell 0.01 EURUSD at 1.11852 sl: 1.12312 tp: 1.11259 -> sl: 1.12312 tp: 1.11258
0	11:42:17.144	'1809640': order #40821296 sell 0.01 EURUSD at 1.11852 was modified -> sl: 1.12312 tp: 1.11258
0	12:00:46.781	'1809640': order sell market 0.01 EURUSD sl: 1.11771 tp: 1.11220
0	12:00:47.624	'1809640': order was opened : #40879491 sell 0.01 EURUSD at 1.11350 sl: 1.11771 tp: 1.11220
0	12:01:44.511	'1809640': modify order #40830934 sell 0.01 EURUSD at 1.11791 sl: 1.12247 tp: 1.10925 -> sl: 1.12247 tp: 1.10902
0	12:01:45.095	'1809640': order #40830934 sell 0.01 EURUSD at 1.11791 was modified -> sl: 1.12247 tp: 1.10902
0	12:01:45.229	'1809640': modify order #40862722 sell 0.01 EURUSD at 1.11765 sl: 1.12186 tp: 1.10925 -> sl: 1.12186 tp: 1.10901
0	12:01:45.525	'1809640': order #40862722 sell 0.01 EURUSD at 1.11765 was modified -> sl: 1.12186 tp: 1.10901
0	12:01:45.619	'1809640': modify order #40870035 sell 0.01 EURUSD at 1.11785 sl: 1.12201 tp: 1.10925 -> sl: 1.12201 tp: 1.10901
0	12:01:45.915	'1809640': order #40870035 sell 0.01 EURUSD at 1.11785 was modified -> sl: 1.12201 tp: 1.10901
0	12:01:45.948	'1809640': modify order #40873150 sell 0.01 EURUSD at 1.11917 sl: 1.12338 tp: 1.10925 -> sl: 1.12338 tp: 1.10901
0	12:01:46.338	'1809640': order #40873150 sell 0.01 EURUSD at 1.11917 was modified -> sl: 1.12338 tp: 1.10901
0	12:01:46.370	'1809640': modify order #40875058 sell 0.01 EURUSD at 1.11775 sl: 1.12191 tp: 1.10925 -> sl: 1.12191 tp: 1.10901
0	12:01:46.731	'1809640': order #40875058 sell 0.01 EURUSD at 1.11775 was modified -> sl: 1.12191 tp: 1.10901
0	12:01:46.764	'1809640': modify order #40876540 sell 0.01 EURUSD at 1.11480 sl: 1.11901 tp: 1.10925 -> sl: 1.11901 tp: 1.10901
0	12:01:47.185	'1809640': order #40876540 sell 0.01 EURUSD at 1.11480 was modified -> sl: 1.11901 tp: 1.10901
0	12:04:39.259	'1809640': modify order #40845302 sell 0.01 EURUSD at 1.11757 sl: 1.12180 tp: 1.11318 -> sl: 1.12180 tp: 1.11291
0	12:04:39.713	'1809640': order #40845302 sell 0.01 EURUSD at 1.11757 was modified -> sl: 1.12180 tp: 1.11291
0	12:06:16.325	'1809640': modify order #40845302 sell 0.01 EURUSD at 1.11757 sl: 1.12180 tp: 1.11291 -> sl: 1.12180 tp: 1.11287
0	12:06:17.275	'1809640': order #40845302 sell 0.01 EURUSD at 1.11757 was modified -> sl: 1.12180 tp: 1.11287
0	12:31:28.285	'1809640': modify order #40845302 sell 0.01 EURUSD at 1.11757 sl: 1.12180 tp: 1.11287 -> sl: 1.12180 tp: 1.11282
0	12:31:31.116	'1809640': order #40845302 sell 0.01 EURUSD at 1.11757 was modified -> sl: 1.12180 tp: 1.11282
0	12:32:46.389	'1809640': modify order #40845302 sell 0.01 EURUSD at 1.11757 sl: 1.12180 tp: 1.11282 -> sl: 1.12180 tp: 1.11279
0	12:32:46.750	'1809640': order #40845302 sell 0.01 EURUSD at 1.11757 was modified -> sl: 1.12180 tp: 1.11279
0	12:36:47.166	'1809640': modify order #40845302 sell 0.01 EURUSD at 1.11757 sl: 1.12180 tp: 1.11279 -> sl: 1.12180 tp: 1.11277
0	12:36:47.557	'1809640': order #40845302 sell 0.01 EURUSD at 1.11757 was modified -> sl: 1.12180 tp: 1.11277
0	12:39:33.030	'1809640': modify order #40845302 sell 0.01 EURUSD at 1.11757 sl: 1.12180 tp: 1.11277 -> sl: 1.12180 tp: 1.11276
0	12:39:33.813	'1809640': order #40845302 sell 0.01 EURUSD at 1.11757 was modified -> sl: 1.12180 tp: 1.11276
0	12:42:56.457	'1809640': modify order #40845302 sell 0.01 EURUSD at 1.11757 sl: 1.12180 tp: 1.11276 -> sl: 1.12180 tp: 1.11273
0	12:42:57.371	'1809640': order #40845302 sell 0.01 EURUSD at 1.11757 was modified -> sl: 1.12180 tp: 1.11273
0	12:47:28.215	'1809640': modify order #40830934 sell 0.01 EURUSD at 1.11791 sl: 1.12247 tp: 1.10902 -> sl: 1.12247 tp: 1.10898
0	12:47:28.609	'1809640': order #40830934 sell 0.01 EURUSD at 1.11791 was modified -> sl: 1.12247 tp: 1.10898
0	12:47:28.609	'1809640': modify order #40862722 sell 0.01 EURUSD at 1.11765 sl: 1.12186 tp: 1.10901 -> sl: 1.12186 tp: 1.10899
0	12:47:29.096	'1809640': order #40862722 sell 0.01 EURUSD at 1.11765 was modified -> sl: 1.12186 tp: 1.10899
0	12:47:29.096	'1809640': modify order #40870035 sell 0.01 EURUSD at 1.11785 sl: 1.12201 tp: 1.10901 -> sl: 1.12201 tp: 1.10899
0	12:47:29.490	'1809640': order #40870035 sell 0.01 EURUSD at 1.11785 was modified -> sl: 1.12201 tp: 1.10899
0	12:47:29.490	'1809640': modify order #40873150 sell 0.01 EURUSD at 1.11917 sl: 1.12338 tp: 1.10901 -> sl: 1.12338 tp: 1.10899
0	12:47:29.945	'1809640': order #40873150 sell 0.01 EURUSD at 1.11917 was modified -> sl: 1.12338 tp: 1.10899
0	12:47:29.945	'1809640': modify order #40875058 sell 0.01 EURUSD at 1.11775 sl: 1.12191 tp: 1.10901 -> sl: 1.12191 tp: 1.10898
0	12:47:30.338	'1809640': order #40875058 sell 0.01 EURUSD at 1.11775 was modified -> sl: 1.12191 tp: 1.10898
0	12:47:30.338	'1809640': modify order #40876540 sell 0.01 EURUSD at 1.11480 sl: 1.11901 tp: 1.10901 -> sl: 1.11901 tp: 1.10899
0	12:47:30.729	'1809640': order #40876540 sell 0.01 EURUSD at 1.11480 was modified -> sl: 1.11901 tp: 1.10899
0	12:48:18.108	'1809640': modify order #40845302 sell 0.01 EURUSD at 1.11757 sl: 1.12180 tp: 1.11273 -> sl: 1.12180 tp: 1.11272
0	12:48:18.696	'1809640': order #40845302 sell 0.01 EURUSD at 1.11757 was modified -> sl: 1.12180 tp: 1.11272
0	12:54:08.430	'1809640': modify order #40845302 sell 0.01 EURUSD at 1.11757 sl: 1.12180 tp: 1.11272 -> sl: 1.12180 tp: 1.11271
0	12:54:09.014	'1809640': order #40845302 sell 0.01 EURUSD at 1.11757 was modified -> sl: 1.12180 tp: 1.11271
0	12:56:30.377	'1809640': modify order #40830934 sell 0.01 EURUSD at 1.11791 sl: 1.12247 tp: 1.10898 -> sl: 1.12247 tp: 1.10896
0	12:56:31.258	'1809640': order #40830934 sell 0.01 EURUSD at 1.11791 was modified -> sl: 1.12247 tp: 1.10896
0	12:56:31.258	'1809640': modify order #40845302 sell 0.01 EURUSD at 1.11757 sl: 1.12180 tp: 1.11271 -> sl: 1.12180 tp: 1.11270
0	12:56:31.648	'1809640': order #40845302 sell 0.01 EURUSD at 1.11757 was modified -> sl: 1.12180 tp: 1.11270
0	12:56:31.648	'1809640': modify order #40862722 sell 0.01 EURUSD at 1.11765 sl: 1.12186 tp: 1.10899 -> sl: 1.12186 tp: 1.10896
0	12:56:32.037	'1809640': order #40862722 sell 0.01 EURUSD at 1.11765 was modified -> sl: 1.12186 tp: 1.10896
0	12:56:32.037	'1809640': modify order #40870035 sell 0.01 EURUSD at 1.11785 sl: 1.12201 tp: 1.10899 -> sl: 1.12201 tp: 1.10896
0	12:56:32.496	'1809640': order #40870035 sell 0.01 EURUSD at 1.11785 was modified -> sl: 1.12201 tp: 1.10896
0	12:56:32.496	'1809640': modify order #40873150 sell 0.01 EURUSD at 1.11917 sl: 1.12338 tp: 1.10899 -> sl: 1.12338 tp: 1.10897
0	12:56:32.820	'1809640': order #40873150 sell 0.01 EURUSD at 1.11917 was modified -> sl: 1.12338 tp: 1.10897
0	12:56:32.820	'1809640': modify order #40875058 sell 0.01 EURUSD at 1.11775 sl: 1.12191 tp: 1.10898 -> sl: 1.12191 tp: 1.10897
0	12:56:33.141	'1809640': order #40875058 sell 0.01 EURUSD at 1.11775 was modified -> sl: 1.12191 tp: 1.10897
0	12:56:33.141	'1809640': modify order #40876540 sell 0.01 EURUSD at 1.11480 sl: 1.11901 tp: 1.10899 -> sl: 1.11901 tp: 1.10897
0	12:56:33.664	'1809640': order #40876540 sell 0.01 EURUSD at 1.11480 was modified -> sl: 1.11901 tp: 1.10897
0	12:58:49.561	'1809640': modify order #40873150 sell 0.01 EURUSD at 1.11917 sl: 1.12338 tp: 1.10897 -> sl: 1.12338 tp: 1.10896
0	12:58:50.117	'1809640': order #40873150 sell 0.01 EURUSD at 1.11917 was modified -> sl: 1.12338 tp: 1.10896
0	12:58:50.117	'1809640': modify order #40875058 sell 0.01 EURUSD at 1.11775 sl: 1.12191 tp: 1.10897 -> sl: 1.12191 tp: 1.10892
0	12:58:50.442	'1809640': order #40875058 sell 0.01 EURUSD at 1.11775 was modified -> sl: 1.12191 tp: 1.10892
0	12:58:50.442	'1809640': modify order #40876540 sell 0.01 EURUSD at 1.11480 sl: 1.11901 tp: 1.10897 -> sl: 1.11901 tp: 1.10894
0	12:58:50.799	'1809640': order #40876540 sell 0.01 EURUSD at 1.11480 was modified -> sl: 1.11901 tp: 1.10894
0	13:00:38.894	'1809640': modify order #40821296 sell 0.01 EURUSD at 1.11852 sl: 1.12312 tp: 1.11258 -> sl: 1.12312 tp: 1.11256
0	13:00:40.326	'1809640': order #40821296 sell 0.01 EURUSD at 1.11852 was modified -> sl: 1.12312 tp: 1.11256
0	13:00:40.358	'1809640': modify order #40830934 sell 0.01 EURUSD at 1.11791 sl: 1.12247 tp: 1.10896 -> sl: 1.12247 tp: 1.10877
0	13:00:40.715	'1809640': order #40830934 sell 0.01 EURUSD at 1.11791 was modified -> sl: 1.12247 tp: 1.10877
0	13:00:40.715	'1809640': modify order #40862722 sell 0.01 EURUSD at 1.11765 sl: 1.12186 tp: 1.10896 -> sl: 1.12186 tp: 1.10877
0	13:00:41.170	'1809640': order #40862722 sell 0.01 EURUSD at 1.11765 was modified -> sl: 1.12186 tp: 1.10877
0	13:00:41.235	'1809640': modify order #40870035 sell 0.01 EURUSD at 1.11785 sl: 1.12201 tp: 1.10896 -> sl: 1.12201 tp: 1.10878
0	13:00:41.657	'1809640': order #40870035 sell 0.01 EURUSD at 1.11785 was modified -> sl: 1.12201 tp: 1.10878
0	13:00:41.657	'1809640': modify order #40873150 sell 0.01 EURUSD at 1.11917 sl: 1.12338 tp: 1.10896 -> sl: 1.12338 tp: 1.10877
0	13:00:42.051	'1809640': order #40873150 sell 0.01 EURUSD at 1.11917 was modified -> sl: 1.12338 tp: 1.10877
0	13:00:42.051	'1809640': modify order #40875058 sell 0.01 EURUSD at 1.11775 sl: 1.12191 tp: 1.10892 -> sl: 1.12191 tp: 1.10877
0	13:00:42.343	'1809640': order #40875058 sell 0.01 EURUSD at 1.11775 was modified -> sl: 1.12191 tp: 1.10877
0	13:00:42.343	'1809640': modify order #40876540 sell 0.01 EURUSD at 1.11480 sl: 1.11901 tp: 1.10894 -> sl: 1.11901 tp: 1.10877
0	13:00:42.863	'1809640': order #40876540 sell 0.01 EURUSD at 1.11480 was modified -> sl: 1.11901 tp: 1.10877
0	13:01:56.358	'1809640': order buy market 0.01 EURUSD sl: 1.10935 tp: 1.11796
0	13:01:57.276	'1809640': order was opened : #40882025 buy 0.01 EURUSD at 1.11355 sl: 1.10935 tp: 1.11796
0	13:02:44.467	'1809640': modify order #40821296 sell 0.01 EURUSD at 1.11852 sl: 1.12312 tp: 1.11256 -> sl: 1.12312 tp: 1.11249
0	13:02:45.113	'1809640': order #40821296 sell 0.01 EURUSD at 1.11852 was modified -> sl: 1.12312 tp: 1.11249
0	13:02:45.169	'1809640': modify order #40845302 sell 0.01 EURUSD at 1.11757 sl: 1.12180 tp: 1.11270 -> sl: 1.12180 tp: 1.11232
0	13:02:45.462	'1809640': order #40845302 sell 0.01 EURUSD at 1.11757 was modified -> sl: 1.12180 tp: 1.11232
0	13:06:16.972	'1809640': modify order #40845302 sell 0.01 EURUSD at 1.11757 sl: 1.12180 tp: 1.11232 -> sl: 1.12180 tp: 1.11231
0	13:06:17.399	'1809640': order #40845302 sell 0.01 EURUSD at 1.11757 was modified -> sl: 1.12180 tp: 1.11231
0	13:07:10.138	'1809640': modify order #40882025 buy 0.01 EURUSD at 1.11355 sl: 1.10935 tp: 1.11796 -> sl: 1.10935 tp: 1.11818
0	13:07:10.754	'1809640': order #40882025 buy 0.01 EURUSD at 1.11355 was modified -> sl: 1.10935 tp: 1.11818
0	13:10:21.565	'1809640': modify order #40882025 buy 0.01 EURUSD at 1.11355 sl: 1.10935 tp: 1.11818 -> sl: 1.10935 tp: 1.11819
0	13:10:22.641	'1809640': order #40882025 buy 0.01 EURUSD at 1.11355 was modified -> sl: 1.10935 tp: 1.11819
0	13:14:25.397	'1809640': modify order #40882025 buy 0.01 EURUSD at 1.11355 sl: 1.10935 tp: 1.11819 -> sl: 1.10935 tp: 1.11838
0	13:14:25.917	'1809640': order #40882025 buy 0.01 EURUSD at 1.11355 was modified -> sl: 1.10935 tp: 1.11838
0	13:23:05.024	'1809640': modify order #40882025 buy 0.01 EURUSD at 1.11355 sl: 1.10935 tp: 1.11838 -> sl: 1.10935 tp: 1.11844
0	13:23:05.576	'1809640': order #40882025 buy 0.01 EURUSD at 1.11355 was modified -> sl: 1.10935 tp: 1.11844
0	13:23:32.141	'1809640': modify order #40882025 buy 0.01 EURUSD at 1.11355 sl: 1.10935 tp: 1.11844 -> sl: 1.10935 tp: 1.11867
0	13:23:33.480	'1809640': order #40882025 buy 0.01 EURUSD at 1.11355 was modified -> sl: 1.10935 tp: 1.11867
0	13:30:57.169	'1809640': modify order #40845302 sell 0.01 EURUSD at 1.11757 sl: 1.12180 tp: 1.11231 -> sl: 1.12180 tp: 1.11214
0	13:30:57.985	'1809640': order #40845302 sell 0.01 EURUSD at 1.11757 was modified -> sl: 1.12180 tp: 1.11214
0	13:30:57.985	'1809640': modify order #40882025 buy 0.01 EURUSD at 1.11355 sl: 1.10935 tp: 1.11867 -> sl: 1.10935 tp: 1.11868
0	13:30:58.313	'1809640': order #40882025 buy 0.01 EURUSD at 1.11355 was modified -> sl: 1.10935 tp: 1.11868
1	13:33:21.100	'1809640': connect failed [No connection]
0	13:33:49.803	'1809640': login on Tripleafx-FX-Demo through FX-Demo-01
0	13:34:06.237	'1809640': ping to current access point FX-Demo-01 is 95.00 ms
1	13:34:38.863	MQL4 Market: failed to load products
0	13:35:20.532	'1809640': modify order #40845302 sell 0.01 EURUSD at 1.11757 sl: 1.12180 tp: 1.11214 -> sl: 1.12180 tp: 1.11211
0	13:35:21.023	'1809640': order #40845302 sell 0.01 EURUSD at 1.11757 was modified -> sl: 1.12180 tp: 1.11211
0	13:39:08.597	'1809640': modify order #40845302 sell 0.01 EURUSD at 1.11757 sl: 1.12180 tp: 1.11211 -> sl: 1.12180 tp: 1.11207
0	13:39:08.954	'1809640': order #40845302 sell 0.01 EURUSD at 1.11757 was modified -> sl: 1.12180 tp: 1.11207
0	13:41:13.903	'1809640': modify order #40882025 buy 0.01 EURUSD at 1.11355 sl: 1.10935 tp: 1.11868 -> sl: 1.10935 tp: 1.11888
0	13:41:14.556	'1809640': order #40882025 buy 0.01 EURUSD at 1.11355 was modified -> sl: 1.10935 tp: 1.11888
0	13:41:24.814	'1809640': modify order #40882025 buy 0.01 EURUSD at 1.11355 sl: 1.10935 tp: 1.11888 -> sl: 1.10935 tp: 1.11906
0	13:41:25.171	'1809640': order #40882025 buy 0.01 EURUSD at 1.11355 was modified -> sl: 1.10935 tp: 1.11906
0	13:49:41.779	'1809640': modify order #40882025 buy 0.01 EURUSD at 1.11355 sl: 1.10935 tp: 1.11906 -> sl: 1.10935 tp: 1.11927
0	13:49:42.497	'1809640': order #40882025 buy 0.01 EURUSD at 1.11355 was modified -> sl: 1.10935 tp: 1.11927
0	13:51:34.090	'1809640': modify order #40882025 buy 0.01 EURUSD at 1.11355 sl: 1.10935 tp: 1.11927 -> sl: 1.10935 tp: 1.11940
0	13:51:34.900	'1809640': order #40882025 buy 0.01 EURUSD at 1.11355 was modified -> sl: 1.10935 tp: 1.11940
0	13:54:11.460	'1809640': modify order #40882025 buy 0.01 EURUSD at 1.11355 sl: 1.10935 tp: 1.11940 -> sl: 1.10935 tp: 1.11958
0	13:54:11.687	'1809640': order #40882025 buy 0.01 EURUSD at 1.11355 was modified -> sl: 1.10935 tp: 1.11958
0	14:01:08.716	'1809640': order sell market 0.01 EURUSD sl: 1.11828 tp: 1.11263
0	14:01:09.586	'1809640': order was opened : #40884688 sell 0.01 EURUSD at 1.11409 sl: 1.11828 tp: 1.11263
0	14:01:16.101	'1809640': modify order #40845302 sell 0.01 EURUSD at 1.11757 sl: 1.12180 tp: 1.11207 -> sl: 1.12180 tp: 1.11203
0	14:01:16.788	'1809640': order #40845302 sell 0.01 EURUSD at 1.11757 was modified -> sl: 1.12180 tp: 1.11203
0	14:01:17.019	'1809640': modify order #40884688 sell 0.01 EURUSD at 1.11409 sl: 1.11828 tp: 1.11263 -> sl: 1.11828 tp: 1.11251
0	14:01:17.408	'1809640': order #40884688 sell 0.01 EURUSD at 1.11409 was modified -> sl: 1.11828 tp: 1.11251
0	14:02:47.716	'1809640': modify order #40884688 sell 0.01 EURUSD at 1.11409 sl: 1.11828 tp: 1.11251 -> sl: 1.11828 tp: 1.11250
0	14:02:48.171	'1809640': order #40884688 sell 0.01 EURUSD at 1.11409 was modified -> sl: 1.11828 tp: 1.11250
0	14:05:37.642	'1809640': modify order #40845302 sell 0.01 EURUSD at 1.11757 sl: 1.12180 tp: 1.11203 -> sl: 1.12180 tp: 1.11201
0	14:05:38.649	'1809640': order #40845302 sell 0.01 EURUSD at 1.11757 was modified -> sl: 1.12180 tp: 1.11201
0	14:08:43.279	'1809640': modify order #40882025 buy 0.01 EURUSD at 1.11355 sl: 1.10935 tp: 1.11958 -> sl: 1.10935 tp: 1.11961
0	14:08:43.766	'1809640': order #40882025 buy 0.01 EURUSD at 1.11355 was modified -> sl: 1.10935 tp: 1.11961
0	14:13:45.284	'1809640': modify order #40882025 buy 0.01 EURUSD at 1.11355 sl: 1.10935 tp: 1.11961 -> sl: 1.10935 tp: 1.11998
0	14:13:45.933	'1809640': order #40882025 buy 0.01 EURUSD at 1.11355 was modified -> sl: 1.10935 tp: 1.11998
0	14:18:13.841	'1809640': modify order #40882025 buy 0.01 EURUSD at 1.11355 sl: 1.10935 tp: 1.11998 -> sl: 1.10935 tp: 1.12078
0	14:18:14.585	'1809640': order #40882025 buy 0.01 EURUSD at 1.11355 was modified -> sl: 1.10935 tp: 1.12078
0	14:20:13.234	'1809640': modify order #40882025 buy 0.01 EURUSD at 1.11355 sl: 1.10935 tp: 1.12078 -> sl: 1.10935 tp: 1.12117
0	14:20:14.182	'1809640': order #40882025 buy 0.01 EURUSD at 1.11355 was modified -> sl: 1.10935 tp: 1.12117
0	14:20:55.166	'1809640': modify order #40872466 sell 0.01 EURUSD at 1.12008 sl: 1.12430 tp: 1.11203 -> sl: 1.12430 tp: 1.11201
0	14:20:55.654	'1809640': order #40872466 sell 0.01 EURUSD at 1.12008 was modified -> sl: 1.12430 tp: 1.11201
0	14:20:55.718	'1809640': modify order #40879491 sell 0.01 EURUSD at 1.11350 sl: 1.11771 tp: 1.11220 -> sl: 1.11771 tp: 1.11203
0	14:20:56.044	'1809640': order #40879491 sell 0.01 EURUSD at 1.11350 was modified -> sl: 1.11771 tp: 1.11203
0	14:20:56.044	'1809640': modify order #40882025 buy 0.01 EURUSD at 1.11355 sl: 1.10935 tp: 1.12117 -> sl: 1.10935 tp: 1.12130
0	14:20:56.205	'1809640': order #40882025 buy 0.01 EURUSD at 1.11355 was modified -> sl: 1.10935 tp: 1.12130
0	14:22:45.963	'1809640': modify order #40879491 sell 0.01 EURUSD at 1.11350 sl: 1.11771 tp: 1.11203 -> sl: 1.11771 tp: 1.11202
0	14:22:46.454	'1809640': order #40879491 sell 0.01 EURUSD at 1.11350 was modified -> sl: 1.11771 tp: 1.11202
0	14:26:33.013	'1809640': modify order #40872466 sell 0.01 EURUSD at 1.12008 sl: 1.12430 tp: 1.11201 -> sl: 1.12430 tp: 1.11188
0	14:26:33.438	'1809640': order #40872466 sell 0.01 EURUSD at 1.12008 was modified -> sl: 1.12430 tp: 1.11188
0	14:26:33.438	'1809640': modify order #40879491 sell 0.01 EURUSD at 1.11350 sl: 1.11771 tp: 1.11202 -> sl: 1.11771 tp: 1.11188
0	14:26:33.795	'1809640': order #40879491 sell 0.01 EURUSD at 1.11350 was modified -> sl: 1.11771 tp: 1.11188
0	14:31:04.479	'1809640': modify order #40872466 sell 0.01 EURUSD at 1.12008 sl: 1.12430 tp: 1.11188 -> sl: 1.12430 tp: 1.11182
0	14:31:05.457	'1809640': order #40872466 sell 0.01 EURUSD at 1.12008 was modified -> sl: 1.12430 tp: 1.11182
0	14:31:05.457	'1809640': modify order #40879491 sell 0.01 EURUSD at 1.11350 sl: 1.11771 tp: 1.11188 -> sl: 1.11771 tp: 1.11182
0	14:31:05.810	'1809640': order #40879491 sell 0.01 EURUSD at 1.11350 was modified -> sl: 1.11771 tp: 1.11182
0	14:36:15.801	'1809640': modify order #40882025 buy 0.01 EURUSD at 1.11355 sl: 1.10935 tp: 1.12130 -> sl: 1.10935 tp: 1.12167
0	14:36:16.293	'1809640': order #40882025 buy 0.01 EURUSD at 1.11355 was modified -> sl: 1.10935 tp: 1.12167
0	14:36:43.863	'1809640': order #40879491 sell 0.01 EURUSD at 1.11350 closed due stop-loss at price 1.11771
0	14:38:02.072	'1809640': modify order #40872466 sell 0.01 EURUSD at 1.12008 sl: 1.12430 tp: 1.11182 -> sl: 1.12430 tp: 1.11167
0	14:38:02.951	'1809640': order #40872466 sell 0.01 EURUSD at 1.12008 was modified -> sl: 1.12430 tp: 1.11167
0	14:38:02.951	'1809640': modify order #40882025 buy 0.01 EURUSD at 1.11355 sl: 1.10935 tp: 1.12167 -> sl: 1.10935 tp: 1.12218
0	14:38:03.373	'1809640': order #40882025 buy 0.01 EURUSD at 1.11355 was modified -> sl: 1.10935 tp: 1.12218
0	14:38:27.953	'1809640': order sell market 0.01 EURUSD sl: 1.12168 tp: 1.11099
0	14:38:28.472	'1809640': order was opened : #40887040 sell 0.01 EURUSD at 1.11747 sl: 1.12168 tp: 1.11099
0	14:39:39.143	'1809640': modify order #40872466 sell 0.01 EURUSD at 1.12008 sl: 1.12430 tp: 1.11167 -> sl: 1.12430 tp: 1.11165
0	14:39:39.926	'1809640': order #40872466 sell 0.01 EURUSD at 1.12008 was modified -> sl: 1.12430 tp: 1.11165
0	14:41:33.189	'1809640': modify order #40872466 sell 0.01 EURUSD at 1.12008 sl: 1.12430 tp: 1.11165 -> sl: 1.12430 tp: 1.11150
0	14:41:33.578	'1809640': order #40872466 sell 0.01 EURUSD at 1.12008 was modified -> sl: 1.12430 tp: 1.11150
0	14:42:36.526	'1809640': modify order #40872466 sell 0.01 EURUSD at 1.12008 sl: 1.12430 tp: 1.11150 -> sl: 1.12430 tp: 1.11149
0	14:42:37.858	'1809640': order #40872466 sell 0.01 EURUSD at 1.12008 was modified -> sl: 1.12430 tp: 1.11149
0	14:46:47.045	'1809640': modify order #40872466 sell 0.01 EURUSD at 1.12008 sl: 1.12430 tp: 1.11149 -> sl: 1.12430 tp: 1.11141
0	14:46:47.957	'1809640': order #40872466 sell 0.01 EURUSD at 1.12008 was modified -> sl: 1.12430 tp: 1.11141
0	15:19:11.063	'1809640': modify order #40884688 sell 0.01 EURUSD at 1.11409 sl: 1.11828 tp: 1.11250 -> sl: 1.11828 tp: 1.11195
0	15:19:11.745	'1809640': order #40884688 sell 0.01 EURUSD at 1.11409 was modified -> sl: 1.11828 tp: 1.11195
0	15:34:00.703	'1809640': modify order #40884688 sell 0.01 EURUSD at 1.11409 sl: 1.11828 tp: 1.11195 -> sl: 1.11828 tp: 1.11189
0	15:34:01.288	'1809640': order #40884688 sell 0.01 EURUSD at 1.11409 was modified -> sl: 1.11828 tp: 1.11189
0	16:00:48.108	'1809640': order sell market 0.01 EURUSD sl: 1.12048 tp: 1.11348
0	16:00:48.563	'1809640': order was opened : #40890052 sell 0.01 EURUSD at 1.11628 sl: 1.12048 tp: 1.11348
0	16:01:24.347	'1809640': modify order #40890052 sell 0.01 EURUSD at 1.11628 sl: 1.12048 tp: 1.11348 -> sl: 1.12048 tp: 1.11347
0	16:01:24.963	'1809640': order #40890052 sell 0.01 EURUSD at 1.11628 was modified -> sl: 1.12048 tp: 1.11347
0	16:03:45.933	'1809640': modify order #40890052 sell 0.01 EURUSD at 1.11628 sl: 1.12048 tp: 1.11347 -> sl: 1.12048 tp: 1.11346
0	16:03:47.008	'1809640': order #40890052 sell 0.01 EURUSD at 1.11628 was modified -> sl: 1.12048 tp: 1.11346
0	17:01:35.600	'1809640': order sell market 0.01 EURUSD sl: 1.12009 tp: 1.11147
0	17:01:36.933	'1809640': order was opened : #40891550 sell 0.01 EURUSD at 1.11587 sl: 1.12009 tp: 1.11147
0	17:02:46.974	'1809640': modify order #40891550 sell 0.01 EURUSD at 1.11587 sl: 1.12009 tp: 1.11147 -> sl: 1.12009 tp: 1.11117
0	17:02:47.855	'1809640': order #40891550 sell 0.01 EURUSD at 1.11587 was modified -> sl: 1.12009 tp: 1.11117
0	17:03:57.900	'1809640': modify order #40891550 sell 0.01 EURUSD at 1.11587 sl: 1.12009 tp: 1.11117 -> sl: 1.12009 tp: 1.11105
0	17:03:58.453	'1809640': order #40891550 sell 0.01 EURUSD at 1.11587 was modified -> sl: 1.12009 tp: 1.11105
0	17:04:35.516	'1809640': modify order #40891550 sell 0.01 EURUSD at 1.11587 sl: 1.12009 tp: 1.11105 -> sl: 1.12009 tp: 1.11098
0	17:04:35.971	'1809640': order #40891550 sell 0.01 EURUSD at 1.11587 was modified -> sl: 1.12009 tp: 1.11098
0	17:09:33.254	'1809640': modify order #40891550 sell 0.01 EURUSD at 1.11587 sl: 1.12009 tp: 1.11098 -> sl: 1.12009 tp: 1.11084
0	17:09:33.546	'1809640': order #40891550 sell 0.01 EURUSD at 1.11587 was modified -> sl: 1.12009 tp: 1.11084
0	18:01:42.892	'1809640': order sell market 0.01 EURUSD sl: 1.12116 tp: 1.11547
0	18:01:43.282	'1809640': order was opened : #40893207 sell 0.01 EURUSD at 1.11700 sl: 1.12116 tp: 1.11547
0	18:17:01.686	'1809640': modify order #40882025 buy 0.01 EURUSD at 1.11355 sl: 1.10935 tp: 1.12218 -> sl: 1.10935 tp: 1.12238
0	18:17:02.222	'1809640': order #40882025 buy 0.01 EURUSD at 1.11355 was modified -> sl: 1.10935 tp: 1.12238
0	18:19:37.449	'1809640': modify order #40882025 buy 0.01 EURUSD at 1.11355 sl: 1.10935 tp: 1.12238 -> sl: 1.10935 tp: 1.12247
0	18:19:38.298	'1809640': order #40882025 buy 0.01 EURUSD at 1.11355 was modified -> sl: 1.10935 tp: 1.12247
0	18:20:11.380	'1809640': modify order #40882025 buy 0.01 EURUSD at 1.11355 sl: 1.10935 tp: 1.12247 -> sl: 1.10935 tp: 1.12248
0	18:20:12.026	'1809640': order #40882025 buy 0.01 EURUSD at 1.11355 was modified -> sl: 1.10935 tp: 1.12248
0	18:20:15.422	'1809640': order #40884688 sell 0.01 EURUSD at 1.11409 closed due stop-loss at price 1.11828
0	18:22:24.755	'1809640': modify order #40882025 buy 0.01 EURUSD at 1.11355 sl: 1.10935 tp: 1.12248 -> sl: 1.10935 tp: 1.12289
0	18:22:25.271	'1809640': order #40882025 buy 0.01 EURUSD at 1.11355 was modified -> sl: 1.10935 tp: 1.12289
0	18:23:25.293	'1809640': modify order #40882025 buy 0.01 EURUSD at 1.11355 sl: 1.10935 tp: 1.12289 -> sl: 1.10935 tp: 1.12329
0	18:23:26.109	'1809640': order #40882025 buy 0.01 EURUSD at 1.11355 was modified -> sl: 1.10935 tp: 1.12329
0	18:23:26.239	'1809640': order #40876540 sell 0.01 EURUSD at 1.11480 closed due stop-loss at price 1.11901
0	18:27:27.555	'1809640': modify order #40882025 buy 0.01 EURUSD at 1.11355 sl: 1.10935 tp: 1.12329 -> sl: 1.10935 tp: 1.12345
0	18:27:28.338	'1809640': order #40882025 buy 0.01 EURUSD at 1.11355 was modified -> sl: 1.10935 tp: 1.12345
0	18:30:02.323	'1809640': modify order #40882025 buy 0.01 EURUSD at 1.11355 sl: 1.10935 tp: 1.12345 -> sl: 1.10935 tp: 1.12357
0	18:30:03.071	'1809640': order #40882025 buy 0.01 EURUSD at 1.11355 was modified -> sl: 1.10935 tp: 1.12357
0	18:31:44.516	'1809640': modify order #40882025 buy 0.01 EURUSD at 1.11355 sl: 1.10935 tp: 1.12357 -> sl: 1.10935 tp: 1.12402
0	18:31:44.971	'1809640': order #40882025 buy 0.01 EURUSD at 1.11355 was modified -> sl: 1.10935 tp: 1.12402
0	18:33:25.430	'1809640': modify order #40890052 sell 0.01 EURUSD at 1.11628 sl: 1.12048 tp: 1.11346 -> sl: 1.12048 tp: 1.11344
0	18:33:26.214	'1809640': order #40890052 sell 0.01 EURUSD at 1.11628 was modified -> sl: 1.12048 tp: 1.11344
0	18:37:14.664	'1809640': modify order #40890052 sell 0.01 EURUSD at 1.11628 sl: 1.12048 tp: 1.11344 -> sl: 1.12048 tp: 1.11343
0	18:37:15.212	'1809640': order #40890052 sell 0.01 EURUSD at 1.11628 was modified -> sl: 1.12048 tp: 1.11343
0	18:37:51.535	'1809640': modify order #40890052 sell 0.01 EURUSD at 1.11628 sl: 1.12048 tp: 1.11343 -> sl: 1.12048 tp: 1.11339
0	18:37:52.318	'1809640': order #40890052 sell 0.01 EURUSD at 1.11628 was modified -> sl: 1.12048 tp: 1.11339
0	18:42:35.077	'1809640': modify order #40882025 buy 0.01 EURUSD at 1.11355 sl: 1.10935 tp: 1.12402 -> sl: 1.10935 tp: 1.12427
0	18:42:35.596	'1809640': order #40882025 buy 0.01 EURUSD at 1.11355 was modified -> sl: 1.10935 tp: 1.12427
0	18:42:35.596	'1809640': modify order #40890052 sell 0.01 EURUSD at 1.11628 sl: 1.12048 tp: 1.11339 -> sl: 1.12048 tp: 1.11337
0	18:42:35.989	'1809640': order #40890052 sell 0.01 EURUSD at 1.11628 was modified -> sl: 1.12048 tp: 1.11337
0	18:43:21.423	'1809640': order #40891550 sell 0.01 EURUSD at 1.11587 closed due stop-loss at price 1.12009
0	18:44:53.966	'1809640': modify order #40882025 buy 0.01 EURUSD at 1.11355 sl: 1.10935 tp: 1.12427 -> sl: 1.10935 tp: 1.12477
0	18:44:55.074	'1809640': order #40882025 buy 0.01 EURUSD at 1.11355 was modified -> sl: 1.10935 tp: 1.12477
0	18:46:19.486	'1809640': modify order #40890052 sell 0.01 EURUSD at 1.11628 sl: 1.12048 tp: 1.11337 -> sl: 1.12048 tp: 1.11333
0	18:46:20.431	'1809640': order #40890052 sell 0.01 EURUSD at 1.11628 was modified -> sl: 1.12048 tp: 1.11333
0	18:49:11.388	'1809640': modify order #40882025 buy 0.01 EURUSD at 1.11355 sl: 1.10935 tp: 1.12477 -> sl: 1.10935 tp: 1.12486
0	18:49:12.008	'1809640': order #40882025 buy 0.01 EURUSD at 1.11355 was modified -> sl: 1.10935 tp: 1.12486
0	18:49:43.761	'1809640': order #40890052 sell 0.01 EURUSD at 1.11628 closed due stop-loss at price 1.12048
0	18:50:46.026	'1809640': modify order #40882025 buy 0.01 EURUSD at 1.11355 sl: 1.10935 tp: 1.12486 -> sl: 1.10935 tp: 1.12488
0	18:50:47.070	'1809640': order #40882025 buy 0.01 EURUSD at 1.11355 was modified -> sl: 1.10935 tp: 1.12488
0	18:51:17.494	'1809640': modify order #40882025 buy 0.01 EURUSD at 1.11355 sl: 1.10935 tp: 1.12488 -> sl: 1.10935 tp: 1.12496
0	18:51:18.574	'1809640': order #40882025 buy 0.01 EURUSD at 1.11355 was modified -> sl: 1.10935 tp: 1.12496
0	19:03:13.704	'1809640': modify order #40845302 sell 0.01 EURUSD at 1.11757 sl: 1.12180 tp: 1.11201 -> sl: 1.12180 tp: 1.11195
0	19:03:14.817	'1809640': order #40845302 sell 0.01 EURUSD at 1.11757 was modified -> sl: 1.12180 tp: 1.11195
0	19:32:11.593	'1809640': modify order #40845302 sell 0.01 EURUSD at 1.11757 sl: 1.12180 tp: 1.11195 -> sl: 1.12180 tp: 1.11193
0	19:32:12.701	'1809640': order #40845302 sell 0.01 EURUSD at 1.11757 was modified -> sl: 1.12180 tp: 1.11193
0	19:32:19.388	'1809640': modify order #40845302 sell 0.01 EURUSD at 1.11757 sl: 1.12180 tp: 1.11193 -> sl: 1.12180 tp: 1.11192
0	19:32:19.810	'1809640': order #40845302 sell 0.01 EURUSD at 1.11757 was modified -> sl: 1.12180 tp: 1.11192
0	19:47:16.092	'1809640': modify order #40845302 sell 0.01 EURUSD at 1.11757 sl: 1.12180 tp: 1.11192 -> sl: 1.12180 tp: 1.11190
0	19:47:16.583	'1809640': order #40845302 sell 0.01 EURUSD at 1.11757 was modified -> sl: 1.12180 tp: 1.11190
0	19:51:32.650	'1809640': modify order #40882025 buy 0.01 EURUSD at 1.11355 sl: 1.10935 tp: 1.12496 -> sl: 1.10935 tp: 1.12498
0	19:51:32.979	'1809640': order #40882025 buy 0.01 EURUSD at 1.11355 was modified -> sl: 1.10935 tp: 1.12498
0	19:54:55.993	'1809640': modify order #40845302 sell 0.01 EURUSD at 1.11757 sl: 1.12180 tp: 1.11190 -> sl: 1.12180 tp: 1.11189
0	19:54:56.581	'1809640': order #40845302 sell 0.01 EURUSD at 1.11757 was modified -> sl: 1.12180 tp: 1.11189
0	19:56:27.980	'1809640': modify order #40882025 buy 0.01 EURUSD at 1.11355 sl: 1.10935 tp: 1.12498 -> sl: 1.10935 tp: 1.12499
0	19:56:28.698	'1809640': order #40882025 buy 0.01 EURUSD at 1.11355 was modified -> sl: 1.10935 tp: 1.12499
0	19:57:10.236	'1809640': modify order #40882025 buy 0.01 EURUSD at 1.11355 sl: 1.10935 tp: 1.12499 -> sl: 1.10935 tp: 1.12507
0	19:57:10.922	'1809640': order #40882025 buy 0.01 EURUSD at 1.11355 was modified -> sl: 1.10935 tp: 1.12507
0	19:59:27.510	'1809640': modify order #40882025 buy 0.01 EURUSD at 1.11355 sl: 1.10935 tp: 1.12507 -> sl: 1.10935 tp: 1.12520
0	19:59:27.993	'1809640': order #40882025 buy 0.01 EURUSD at 1.11355 was modified -> sl: 1.10935 tp: 1.12520
0	20:02:15.003	'1809640': modify order #40845302 sell 0.01 EURUSD at 1.11757 sl: 1.12180 tp: 1.11189 -> sl: 1.12180 tp: 1.11176
0	20:02:15.587	'1809640': order #40845302 sell 0.01 EURUSD at 1.11757 was modified -> sl: 1.12180 tp: 1.11176
0	20:15:12.165	'1809640': modify order #40845302 sell 0.01 EURUSD at 1.11757 sl: 1.12180 tp: 1.11176 -> sl: 1.12180 tp: 1.11175
0	20:15:12.619	'1809640': order #40845302 sell 0.01 EURUSD at 1.11757 was modified -> sl: 1.12180 tp: 1.11175
0	20:15:12.821	'1809640': modify order #40882025 buy 0.01 EURUSD at 1.11355 sl: 1.10935 tp: 1.12520 -> sl: 1.10935 tp: 1.12526
0	20:15:13.237	'1809640': order #40882025 buy 0.01 EURUSD at 1.11355 was modified -> sl: 1.10935 tp: 1.12526
0	20:19:05.169	'1809640': modify order #40845302 sell 0.01 EURUSD at 1.11757 sl: 1.12180 tp: 1.11175 -> sl: 1.12180 tp: 1.11174
0	20:19:05.689	'1809640': order #40845302 sell 0.01 EURUSD at 1.11757 was modified -> sl: 1.12180 tp: 1.11174
0	20:34:05.801	'1809640': modify order #40845302 sell 0.01 EURUSD at 1.11757 sl: 1.12180 tp: 1.11174 -> sl: 1.12180 tp: 1.11166
0	20:34:06.320	'1809640': order #40845302 sell 0.01 EURUSD at 1.11757 was modified -> sl: 1.12180 tp: 1.11166
0	20:39:13.440	'1809640': modify order #40845302 sell 0.01 EURUSD at 1.11757 sl: 1.12180 tp: 1.11166 -> sl: 1.12180 tp: 1.11165
0	20:39:13.962	'1809640': order #40845302 sell 0.01 EURUSD at 1.11757 was modified -> sl: 1.12180 tp: 1.11165
0	20:39:27.369	'1809640': modify order #40845302 sell 0.01 EURUSD at 1.11757 sl: 1.12180 tp: 1.11165 -> sl: 1.12180 tp: 1.11163
0	20:39:27.920	'1809640': order #40845302 sell 0.01 EURUSD at 1.11757 was modified -> sl: 1.12180 tp: 1.11163
0	20:51:34.236	'1809640': modify order #40845302 sell 0.01 EURUSD at 1.11757 sl: 1.12180 tp: 1.11163 -> sl: 1.12180 tp: 1.11161
0	20:51:35.279	'1809640': order #40845302 sell 0.01 EURUSD at 1.11757 was modified -> sl: 1.12180 tp: 1.11161
0	20:51:59.356	'1809640': modify order #40845302 sell 0.01 EURUSD at 1.11757 sl: 1.12180 tp: 1.11161 -> sl: 1.12180 tp: 1.11160
0	20:51:59.880	'1809640': order #40845302 sell 0.01 EURUSD at 1.11757 was modified -> sl: 1.12180 tp: 1.11160
0	20:59:15.782	'1809640': modify order #40845302 sell 0.01 EURUSD at 1.11757 sl: 1.12180 tp: 1.11160 -> sl: 1.12180 tp: 1.11154
0	20:59:16.670	'1809640': order #40845302 sell 0.01 EURUSD at 1.11757 was modified -> sl: 1.12180 tp: 1.11154
0	20:59:17.161	'1809640': modify order #40882025 buy 0.01 EURUSD at 1.11355 sl: 1.10935 tp: 1.12526 -> sl: 1.10935 tp: 1.12533
0	20:59:17.819	'1809640': order #40882025 buy 0.01 EURUSD at 1.11355 was modified -> sl: 1.10935 tp: 1.12533
0	21:00:30.487	'1809640': modify order #40845302 sell 0.01 EURUSD at 1.11757 sl: 1.12180 tp: 1.11154 -> sl: 1.12180 tp: 1.11140
0	21:00:30.840	'1809640': order #40845302 sell 0.01 EURUSD at 1.11757 was modified -> sl: 1.12180 tp: 1.11140
0	21:04:46.403	'1809640': order #40893207 sell 0.01 EURUSD at 1.11700 closed due stop-loss at price 1.12116
0	21:08:21.616	'1809640': modify order #40882025 buy 0.01 EURUSD at 1.11355 sl: 1.10935 tp: 1.12533 -> sl: 1.10935 tp: 1.12541
0	21:08:22.886	'1809640': order #40882025 buy 0.01 EURUSD at 1.11355 was modified -> sl: 1.10935 tp: 1.12541
0	21:17:29.464	'1809640': modify order #40845302 sell 0.01 EURUSD at 1.11757 sl: 1.12180 tp: 1.11140 -> sl: 1.12180 tp: 1.11110
0	21:17:29.854	'1809640': order #40845302 sell 0.01 EURUSD at 1.11757 was modified -> sl: 1.12180 tp: 1.11110
0	21:45:46.781	'1809640': modify order #40882025 buy 0.01 EURUSD at 1.11355 sl: 1.10935 tp: 1.12541 -> sl: 1.10935 tp: 1.12592
0	21:45:47.271	'1809640': order #40882025 buy 0.01 EURUSD at 1.11355 was modified -> sl: 1.10935 tp: 1.12592
0	21:53:11.183	'1809640': order #40887040 sell 0.01 EURUSD at 1.11747 closed due stop-loss at price 1.12168
0	21:53:16.794	'1809640': modify order #40882025 buy 0.01 EURUSD at 1.11355 sl: 1.10935 tp: 1.12592 -> sl: 1.10935 tp: 1.12610
0	21:53:17.513	'1809640': order #40882025 buy 0.01 EURUSD at 1.11355 was modified -> sl: 1.10935 tp: 1.12610
0	21:53:34.636	'1809640': order #40845302 sell 0.01 EURUSD at 1.11757 closed due stop-loss at price 1.12180
0	21:53:34.730	'1809640': order #40862722 sell 0.01 EURUSD at 1.11765 closed due stop-loss at price 1.12186
0	21:53:34.730	'1809640': order #40875058 sell 0.01 EURUSD at 1.11775 closed due stop-loss at price 1.12191
0	21:53:44.631	'1809640': order #40870035 sell 0.01 EURUSD at 1.11785 closed due stop-loss at price 1.12201
0	21:55:12.459	'1809640': modify order #40882025 buy 0.01 EURUSD at 1.11355 sl: 1.10935 tp: 1.12610 -> sl: 1.10935 tp: 1.12680
0	21:55:12.820	'1809640': order #40882025 buy 0.01 EURUSD at 1.11355 was modified -> sl: 1.10935 tp: 1.12680
0	21:55:21.491	'1809640': order #40830934 sell 0.01 EURUSD at 1.11791 closed due stop-loss at price 1.12247
0	22:51:43.064	'1809640': modify order #40882025 buy 0.01 EURUSD at 1.11355 sl: 1.10935 tp: 1.12680 -> sl: 1.10935 tp: 1.12681
0	22:51:43.555	'1809640': order #40882025 buy 0.01 EURUSD at 1.11355 was modified -> sl: 1.10935 tp: 1.12681
0	22:52:19.646	'1809640': modify order #40721101 buy 0.01 EURUSD at 1.11231 sl: 1.10810 tp: 1.12685 -> sl: 1.10810 tp: 1.12688
0	22:52:20.689	'1809640': order #40721101 buy 0.01 EURUSD at 1.11231 was modified -> sl: 1.10810 tp: 1.12688
0	22:52:20.689	'1809640': modify order #40724942 buy 0.01 EURUSD at 1.11271 sl: 1.10852 tp: 1.12685 -> sl: 1.10852 tp: 1.12687
0	22:52:21.115	'1809640': order #40724942 buy 0.01 EURUSD at 1.11271 was modified -> sl: 1.10852 tp: 1.12687
0	22:52:21.115	'1809640': modify order #40736270 buy 0.01 EURUSD at 1.11261 sl: 1.10839 tp: 1.12686 -> sl: 1.10839 tp: 1.12687
0	22:52:21.570	'1809640': order #40736270 buy 0.01 EURUSD at 1.11261 was modified -> sl: 1.10839 tp: 1.12687
0	22:52:21.570	'1809640': modify order #40760132 buy 0.01 EURUSD at 1.11123 sl: 1.10670 tp: 1.12686 -> sl: 1.10670 tp: 1.12687
0	22:52:22.155	'1809640': order #40760132 buy 0.01 EURUSD at 1.11123 was modified -> sl: 1.10670 tp: 1.12687
0	22:52:22.155	'1809640': modify order #40761052 buy 0.01 EURUSD at 1.11002 sl: 1.10578 tp: 1.12686 -> sl: 1.10578 tp: 1.12687
0	22:52:22.512	'1809640': order #40761052 buy 0.01 EURUSD at 1.11002 was modified -> sl: 1.10578 tp: 1.12687
0	22:52:22.512	'1809640': modify order #40761863 buy 0.01 EURUSD at 1.11114 sl: 1.10693 tp: 1.12685 -> sl: 1.10693 tp: 1.12687
0	22:52:22.971	'1809640': order #40761863 buy 0.01 EURUSD at 1.11114 was modified -> sl: 1.10693 tp: 1.12687
0	22:52:22.971	'1809640': modify order #40764769 buy 0.01 EURUSD at 1.11302 sl: 1.10883 tp: 1.12685 -> sl: 1.10883 tp: 1.12687
0	22:52:23.360	'1809640': order #40764769 buy 0.01 EURUSD at 1.11302 was modified -> sl: 1.10883 tp: 1.12687
0	22:52:23.360	'1809640': modify order #40798279 buy 0.01 EURUSD at 1.11575 sl: 1.11154 tp: 1.12687 -> sl: 1.11154 tp: 1.12689
0	22:52:23.685	'1809640': order #40798279 buy 0.01 EURUSD at 1.11575 was modified -> sl: 1.11154 tp: 1.12689
0	22:52:23.685	'1809640': modify order #40882025 buy 0.01 EURUSD at 1.11355 sl: 1.10935 tp: 1.12681 -> sl: 1.10935 tp: 1.12687
0	22:52:24.111	'1809640': order #40882025 buy 0.01 EURUSD at 1.11355 was modified -> sl: 1.10935 tp: 1.12687
