0	02:42:57.466	'1809640': modify order #41236444 buy 0.01 EURUSD at 1.12335 sl: 1.11915 tp: 1.13251 -> sl: 1.11915 tp: 1.13254
0	02:42:59.849	'1809640': order #41236444 buy 0.01 EURUSD at 1.12335 was modified -> sl: 1.11915 tp: 1.13254
0	02:48:57.305	'1809640': modify order #41236444 buy 0.01 EURUSD at 1.12335 sl: 1.11915 tp: 1.13254 -> sl: 1.11915 tp: 1.13255
0	02:48:57.725	'1809640': order #41236444 buy 0.01 EURUSD at 1.12335 was modified -> sl: 1.11915 tp: 1.13255
0	02:54:45.077	'1809640': modify order #41236444 buy 0.01 EURUSD at 1.12335 sl: 1.11915 tp: 1.13255 -> sl: 1.11915 tp: 1.13256
0	02:54:46.255	'1809640': order #41236444 buy 0.01 EURUSD at 1.12335 was modified -> sl: 1.11915 tp: 1.13256
0	07:51:10.268	'1809640': modify order #41235316 buy 0.01 EURUSD at 1.12402 sl: 1.11982 tp: 1.13636 -> sl: 1.11982 tp: 1.13647
0	07:51:11.503	'1809640': order #41235316 buy 0.01 EURUSD at 1.12402 was modified -> sl: 1.11982 tp: 1.13647
0	07:51:11.697	'1809640': modify order #41235655 buy 0.01 EURUSD at 1.12387 sl: 1.11966 tp: 1.13634 -> sl: 1.11966 tp: 1.13646
0	07:51:12.252	'1809640': order #41235655 buy 0.01 EURUSD at 1.12387 was modified -> sl: 1.11966 tp: 1.13646
0	07:51:12.282	'1809640': modify order #41235909 buy 0.01 EURUSD at 1.12378 sl: 1.11958 tp: 1.13635 -> sl: 1.11958 tp: 1.13646
0	07:51:12.639	'1809640': order #41235909 buy 0.01 EURUSD at 1.12378 was modified -> sl: 1.11958 tp: 1.13646
0	07:51:12.671	'1809640': modify order #41236783 buy 0.01 EURUSD at 1.12314 sl: 1.11892 tp: 1.13635 -> sl: 1.11892 tp: 1.13646
0	07:51:13.061	'1809640': order #41236783 buy 0.01 EURUSD at 1.12314 was modified -> sl: 1.11892 tp: 1.13646
0	07:51:13.094	'1809640': modify order #41247405 buy 0.01 EURUSD at 1.12380 sl: 1.11957 tp: 1.13637 -> sl: 1.11957 tp: 1.13647
0	07:51:13.422	'1809640': order #41247405 buy 0.01 EURUSD at 1.12380 was modified -> sl: 1.11957 tp: 1.13647
0	07:53:19.489	'1809640': modify order #41235316 buy 0.01 EURUSD at 1.12402 sl: 1.11982 tp: 1.13647 -> sl: 1.11982 tp: 1.13682
0	07:53:19.684	'1809640': order #41235316 buy 0.01 EURUSD at 1.12402 was modified -> sl: 1.11982 tp: 1.13682
0	07:53:19.716	'1809640': modify order #41235655 buy 0.01 EURUSD at 1.12387 sl: 1.11966 tp: 1.13646 -> sl: 1.11966 tp: 1.13682
0	07:53:20.138	'1809640': order #41235655 buy 0.01 EURUSD at 1.12387 was modified -> sl: 1.11966 tp: 1.13682
0	07:53:20.138	'1809640': modify order #41235909 buy 0.01 EURUSD at 1.12378 sl: 1.11958 tp: 1.13646 -> sl: 1.11958 tp: 1.13682
0	07:53:20.565	'1809640': order #41235909 buy 0.01 EURUSD at 1.12378 was modified -> sl: 1.11958 tp: 1.13682
0	07:53:20.662	'1809640': modify order #41236783 buy 0.01 EURUSD at 1.12314 sl: 1.11892 tp: 1.13646 -> sl: 1.11892 tp: 1.13683
0	07:53:21.051	'1809640': order #41236783 buy 0.01 EURUSD at 1.12314 was modified -> sl: 1.11892 tp: 1.13683
0	07:53:21.217	'1809640': modify order #41247405 buy 0.01 EURUSD at 1.12380 sl: 1.11957 tp: 1.13647 -> sl: 1.11957 tp: 1.13682
0	07:53:21.542	'1809640': order #41247405 buy 0.01 EURUSD at 1.12380 was modified -> sl: 1.11957 tp: 1.13682
0	08:00:40.475	'1809640': order #41236444 buy 0.01 EURUSD at 1.12335 closed due take-profit at price 1.13256
0	08:00:45.951	'1809640': modify order #41235316 buy 0.01 EURUSD at 1.12402 sl: 1.11982 tp: 1.13682 -> sl: 1.11982 tp: 1.13723
0	08:00:47.123	'1809640': order #41235316 buy 0.01 EURUSD at 1.12402 was modified -> sl: 1.11982 tp: 1.13723
0	08:00:47.123	'1809640': modify order #41235655 buy 0.01 EURUSD at 1.12387 sl: 1.11966 tp: 1.13682 -> sl: 1.11966 tp: 1.13724
0	08:00:47.549	'1809640': order #41235655 buy 0.01 EURUSD at 1.12387 was modified -> sl: 1.11966 tp: 1.13724
0	08:00:47.549	'1809640': modify order #41235909 buy 0.01 EURUSD at 1.12378 sl: 1.11958 tp: 1.13682 -> sl: 1.11958 tp: 1.13723
0	08:00:47.938	'1809640': order #41235909 buy 0.01 EURUSD at 1.12378 was modified -> sl: 1.11958 tp: 1.13723
0	08:00:47.938	'1809640': modify order #41236783 buy 0.01 EURUSD at 1.12314 sl: 1.11892 tp: 1.13683 -> sl: 1.11892 tp: 1.13723
0	08:00:48.328	'1809640': order #41236783 buy 0.01 EURUSD at 1.12314 was modified -> sl: 1.11892 tp: 1.13723
0	08:00:48.625	'1809640': modify order #41247405 buy 0.01 EURUSD at 1.12380 sl: 1.11957 tp: 1.13682 -> sl: 1.11957 tp: 1.13723
0	08:00:48.940	'1809640': order #41247405 buy 0.01 EURUSD at 1.12380 was modified -> sl: 1.11957 tp: 1.13723
0	08:02:18.003	'1809640': order sell market 0.01 EURUSD sl: 1.13707 tp: 1.12848
0	08:02:18.459	'1809640': order was opened : #41301291 sell 0.01 EURUSD at 1.13287 sl: 1.13707 tp: 1.12848
0	08:03:25.255	'1809640': modify order #41235316 buy 0.01 EURUSD at 1.12402 sl: 1.11982 tp: 1.13723 -> sl: 1.11982 tp: 1.13769
0	08:03:25.648	'1809640': order #41235316 buy 0.01 EURUSD at 1.12402 was modified -> sl: 1.11982 tp: 1.13769
0	08:03:25.778	'1809640': modify order #41235655 buy 0.01 EURUSD at 1.12387 sl: 1.11966 tp: 1.13724 -> sl: 1.11966 tp: 1.13769
0	08:03:26.237	'1809640': order #41235655 buy 0.01 EURUSD at 1.12387 was modified -> sl: 1.11966 tp: 1.13769
0	08:03:26.237	'1809640': modify order #41235909 buy 0.01 EURUSD at 1.12378 sl: 1.11958 tp: 1.13723 -> sl: 1.11958 tp: 1.13768
0	08:03:26.692	'1809640': order #41235909 buy 0.01 EURUSD at 1.12378 was modified -> sl: 1.11958 tp: 1.13768
0	08:03:26.692	'1809640': modify order #41236783 buy 0.01 EURUSD at 1.12314 sl: 1.11892 tp: 1.13723 -> sl: 1.11892 tp: 1.13768
0	08:03:27.082	'1809640': order #41236783 buy 0.01 EURUSD at 1.12314 was modified -> sl: 1.11892 tp: 1.13768
0	08:03:27.082	'1809640': modify order #41247405 buy 0.01 EURUSD at 1.12380 sl: 1.11957 tp: 1.13723 -> sl: 1.11957 tp: 1.13768
0	08:03:27.702	'1809640': order #41247405 buy 0.01 EURUSD at 1.12380 was modified -> sl: 1.11957 tp: 1.13768
0	08:04:45.561	'1809640': modify order #41235316 buy 0.01 EURUSD at 1.12402 sl: 1.11982 tp: 1.13769 -> sl: 1.11982 tp: 1.13779
0	08:04:46.803	'1809640': order #41235316 buy 0.01 EURUSD at 1.12402 was modified -> sl: 1.11982 tp: 1.13779
0	08:04:46.868	'1809640': modify order #41235655 buy 0.01 EURUSD at 1.12387 sl: 1.11966 tp: 1.13769 -> sl: 1.11966 tp: 1.13779
0	08:04:47.355	'1809640': order #41235655 buy 0.01 EURUSD at 1.12387 was modified -> sl: 1.11966 tp: 1.13779
0	08:04:47.355	'1809640': modify order #41235909 buy 0.01 EURUSD at 1.12378 sl: 1.11958 tp: 1.13768 -> sl: 1.11958 tp: 1.13779
0	08:04:47.784	'1809640': order #41235909 buy 0.01 EURUSD at 1.12378 was modified -> sl: 1.11958 tp: 1.13779
0	08:04:47.879	'1809640': modify order #41236783 buy 0.01 EURUSD at 1.12314 sl: 1.11892 tp: 1.13768 -> sl: 1.11892 tp: 1.13779
0	08:04:48.338	'1809640': order #41236783 buy 0.01 EURUSD at 1.12314 was modified -> sl: 1.11892 tp: 1.13779
0	08:04:48.435	'1809640': modify order #41247405 buy 0.01 EURUSD at 1.12380 sl: 1.11957 tp: 1.13768 -> sl: 1.11957 tp: 1.13779
0	08:04:48.727	'1809640': order #41247405 buy 0.01 EURUSD at 1.12380 was modified -> sl: 1.11957 tp: 1.13779
0	08:07:32.380	'1809640': modify order #41301291 sell 0.01 EURUSD at 1.13287 sl: 1.13707 tp: 1.12848 -> sl: 1.13707 tp: 1.12831
0	08:07:33.003	'1809640': order #41301291 sell 0.01 EURUSD at 1.13287 was modified -> sl: 1.13707 tp: 1.12831
0	08:08:26.129	'1809640': modify order #41301291 sell 0.01 EURUSD at 1.13287 sl: 1.13707 tp: 1.12831 -> sl: 1.13707 tp: 1.12828
0	08:08:26.551	'1809640': order #41301291 sell 0.01 EURUSD at 1.13287 was modified -> sl: 1.13707 tp: 1.12828
0	08:14:33.909	'1809640': modify order #41235316 buy 0.01 EURUSD at 1.12402 sl: 1.11982 tp: 1.13779 -> sl: 1.11982 tp: 1.13792
0	08:14:34.297	'1809640': order #41235316 buy 0.01 EURUSD at 1.12402 was modified -> sl: 1.11982 tp: 1.13792
0	08:14:34.297	'1809640': modify order #41235655 buy 0.01 EURUSD at 1.12387 sl: 1.11966 tp: 1.13779 -> sl: 1.11966 tp: 1.13792
0	08:14:34.787	'1809640': order #41235655 buy 0.01 EURUSD at 1.12387 was modified -> sl: 1.11966 tp: 1.13792
0	08:14:34.787	'1809640': modify order #41235909 buy 0.01 EURUSD at 1.12378 sl: 1.11958 tp: 1.13779 -> sl: 1.11958 tp: 1.13792
0	08:14:35.080	'1809640': order #41235909 buy 0.01 EURUSD at 1.12378 was modified -> sl: 1.11958 tp: 1.13792
0	08:14:35.080	'1809640': modify order #41236783 buy 0.01 EURUSD at 1.12314 sl: 1.11892 tp: 1.13779 -> sl: 1.11892 tp: 1.13792
0	08:14:35.501	'1809640': order #41236783 buy 0.01 EURUSD at 1.12314 was modified -> sl: 1.11892 tp: 1.13792
0	08:14:35.501	'1809640': modify order #41247405 buy 0.01 EURUSD at 1.12380 sl: 1.11957 tp: 1.13779 -> sl: 1.11957 tp: 1.13792
0	08:14:35.862	'1809640': order #41247405 buy 0.01 EURUSD at 1.12380 was modified -> sl: 1.11957 tp: 1.13792
0	08:19:44.740	'1809640': modify order #41235316 buy 0.01 EURUSD at 1.12402 sl: 1.11982 tp: 1.13792 -> sl: 1.11982 tp: 1.13803
0	08:19:45.260	'1809640': order #41235316 buy 0.01 EURUSD at 1.12402 was modified -> sl: 1.11982 tp: 1.13803
0	08:19:45.292	'1809640': modify order #41235655 buy 0.01 EURUSD at 1.12387 sl: 1.11966 tp: 1.13792 -> sl: 1.11966 tp: 1.13803
0	08:19:45.682	'1809640': order #41235655 buy 0.01 EURUSD at 1.12387 was modified -> sl: 1.11966 tp: 1.13803
0	08:19:45.682	'1809640': modify order #41235909 buy 0.01 EURUSD at 1.12378 sl: 1.11958 tp: 1.13792 -> sl: 1.11958 tp: 1.13803
0	08:19:45.909	'1809640': order #41235909 buy 0.01 EURUSD at 1.12378 was modified -> sl: 1.11958 tp: 1.13803
0	08:19:45.979	'1809640': modify order #41236783 buy 0.01 EURUSD at 1.12314 sl: 1.11892 tp: 1.13792 -> sl: 1.11892 tp: 1.13803
0	08:19:46.272	'1809640': order #41236783 buy 0.01 EURUSD at 1.12314 was modified -> sl: 1.11892 tp: 1.13803
0	08:19:46.364	'1809640': modify order #41247405 buy 0.01 EURUSD at 1.12380 sl: 1.11957 tp: 1.13792 -> sl: 1.11957 tp: 1.13803
0	08:19:46.691	'1809640': order #41247405 buy 0.01 EURUSD at 1.12380 was modified -> sl: 1.11957 tp: 1.13803
0	08:26:54.759	'1809640': modify order #41235316 buy 0.01 EURUSD at 1.12402 sl: 1.11982 tp: 1.13803 -> sl: 1.11982 tp: 1.13807
0	08:26:55.445	'1809640': order #41235316 buy 0.01 EURUSD at 1.12402 was modified -> sl: 1.11982 tp: 1.13807
0	08:26:55.445	'1809640': modify order #41235655 buy 0.01 EURUSD at 1.12387 sl: 1.11966 tp: 1.13803 -> sl: 1.11966 tp: 1.13806
0	08:26:55.964	'1809640': order #41235655 buy 0.01 EURUSD at 1.12387 was modified -> sl: 1.11966 tp: 1.13806
0	08:26:55.964	'1809640': modify order #41235909 buy 0.01 EURUSD at 1.12378 sl: 1.11958 tp: 1.13803 -> sl: 1.11958 tp: 1.13806
0	08:26:56.321	'1809640': order #41235909 buy 0.01 EURUSD at 1.12378 was modified -> sl: 1.11958 tp: 1.13806
0	08:26:56.321	'1809640': modify order #41236783 buy 0.01 EURUSD at 1.12314 sl: 1.11892 tp: 1.13803 -> sl: 1.11892 tp: 1.13806
0	08:26:56.748	'1809640': order #41236783 buy 0.01 EURUSD at 1.12314 was modified -> sl: 1.11892 tp: 1.13806
0	08:26:56.748	'1809640': modify order #41247405 buy 0.01 EURUSD at 1.12380 sl: 1.11957 tp: 1.13803 -> sl: 1.11957 tp: 1.13806
0	08:26:57.234	'1809640': order #41247405 buy 0.01 EURUSD at 1.12380 was modified -> sl: 1.11957 tp: 1.13806
0	08:35:28.066	'1809640': modify order #41301291 sell 0.01 EURUSD at 1.13287 sl: 1.13707 tp: 1.12828 -> sl: 1.13707 tp: 1.12824
0	08:35:29.371	'1809640': order #41301291 sell 0.01 EURUSD at 1.13287 was modified -> sl: 1.13707 tp: 1.12824
0	08:38:36.821	'1809640': modify order #41301291 sell 0.01 EURUSD at 1.13287 sl: 1.13707 tp: 1.12824 -> sl: 1.13707 tp: 1.12806
0	08:38:37.118	'1809640': order #41301291 sell 0.01 EURUSD at 1.13287 was modified -> sl: 1.13707 tp: 1.12806
0	08:40:54.639	'1809640': modify order #41301291 sell 0.01 EURUSD at 1.13287 sl: 1.13707 tp: 1.12806 -> sl: 1.13707 tp: 1.12790
0	08:40:55.256	'1809640': order #41301291 sell 0.01 EURUSD at 1.13287 was modified -> sl: 1.13707 tp: 1.12790
0	09:31:06.024	'1809640': modify order #41301291 sell 0.01 EURUSD at 1.13287 sl: 1.13707 tp: 1.12790 -> sl: 1.13707 tp: 1.12773
0	09:31:06.576	'1809640': order #41301291 sell 0.01 EURUSD at 1.13287 was modified -> sl: 1.13707 tp: 1.12773
0	09:31:12.542	'1809640': modify order #41301291 sell 0.01 EURUSD at 1.13287 sl: 1.13707 tp: 1.12773 -> sl: 1.13707 tp: 1.12768
0	09:31:13.259	'1809640': order #41301291 sell 0.01 EURUSD at 1.13287 was modified -> sl: 1.13707 tp: 1.12768
0	09:43:44.789	'1809640': modify order #41301291 sell 0.01 EURUSD at 1.13287 sl: 1.13707 tp: 1.12768 -> sl: 1.13707 tp: 1.12758
0	09:43:45.443	'1809640': order #41301291 sell 0.01 EURUSD at 1.13287 was modified -> sl: 1.13707 tp: 1.12758
0	09:44:27.010	'1809640': modify order #41301291 sell 0.01 EURUSD at 1.13287 sl: 1.13707 tp: 1.12758 -> sl: 1.13707 tp: 1.12744
0	09:44:27.566	'1809640': order #41301291 sell 0.01 EURUSD at 1.13287 was modified -> sl: 1.13707 tp: 1.12744
0	09:46:32.239	'1809640': modify order #41301291 sell 0.01 EURUSD at 1.13287 sl: 1.13707 tp: 1.12744 -> sl: 1.13707 tp: 1.12719
0	09:46:32.628	'1809640': order #41301291 sell 0.01 EURUSD at 1.13287 was modified -> sl: 1.13707 tp: 1.12719
0	09:46:55.777	'1809640': modify order #41301291 sell 0.01 EURUSD at 1.13287 sl: 1.13707 tp: 1.12719 -> sl: 1.13707 tp: 1.12717
0	09:46:56.200	'1809640': order #41301291 sell 0.01 EURUSD at 1.13287 was modified -> sl: 1.13707 tp: 1.12717
0	09:47:21.142	'1809640': modify order #41301291 sell 0.01 EURUSD at 1.13287 sl: 1.13707 tp: 1.12717 -> sl: 1.13707 tp: 1.12706
0	09:47:21.698	'1809640': order #41301291 sell 0.01 EURUSD at 1.13287 was modified -> sl: 1.13707 tp: 1.12706
0	09:53:56.162	'1809640': modify order #41301291 sell 0.01 EURUSD at 1.13287 sl: 1.13707 tp: 1.12706 -> sl: 1.13707 tp: 1.12697
0	09:53:56.421	'1809640': order #41301291 sell 0.01 EURUSD at 1.13287 was modified -> sl: 1.13707 tp: 1.12697
0	09:54:15.887	'1809640': modify order #41301291 sell 0.01 EURUSD at 1.13287 sl: 1.13707 tp: 1.12697 -> sl: 1.13707 tp: 1.12688
0	09:54:16.674	'1809640': order #41301291 sell 0.01 EURUSD at 1.13287 was modified -> sl: 1.13707 tp: 1.12688
0	09:54:47.649	'1809640': modify order #41301291 sell 0.01 EURUSD at 1.13287 sl: 1.13707 tp: 1.12688 -> sl: 1.13707 tp: 1.12683
0	09:54:48.566	'1809640': order #41301291 sell 0.01 EURUSD at 1.13287 was modified -> sl: 1.13707 tp: 1.12683
0	09:57:34.389	'1809640': modify order #41301291 sell 0.01 EURUSD at 1.13287 sl: 1.13707 tp: 1.12683 -> sl: 1.13707 tp: 1.12681
0	09:57:34.823	'1809640': order #41301291 sell 0.01 EURUSD at 1.13287 was modified -> sl: 1.13707 tp: 1.12681
0	10:01:15.500	'1809640': modify order #41301291 sell 0.01 EURUSD at 1.13287 sl: 1.13707 tp: 1.12681 -> sl: 1.13707 tp: 1.12668
0	10:01:15.928	'1809640': order #41301291 sell 0.01 EURUSD at 1.13287 was modified -> sl: 1.13707 tp: 1.12668
0	14:47:19.942	'1809640': modify order #41301291 sell 0.01 EURUSD at 1.13287 sl: 1.13707 tp: 1.12668 -> sl: 1.13707 tp: 1.12653
0	14:47:22.188	'1809640': order #41301291 sell 0.01 EURUSD at 1.13287 was modified -> sl: 1.13707 tp: 1.12653
0	15:08:26.336	'1809640': modify order #41301291 sell 0.01 EURUSD at 1.13287 sl: 1.13707 tp: 1.12653 -> sl: 1.13707 tp: 1.12636
0	15:08:27.804	'1809640': order #41301291 sell 0.01 EURUSD at 1.13287 was modified -> sl: 1.13707 tp: 1.12636
0	15:15:59.836	'1809640': modify order #41301291 sell 0.01 EURUSD at 1.13287 sl: 1.13707 tp: 1.12636 -> sl: 1.13707 tp: 1.12625
0	15:16:00.290	'1809640': order #41301291 sell 0.01 EURUSD at 1.13287 was modified -> sl: 1.13707 tp: 1.12625
0	15:18:17.262	'1809640': modify order #41301291 sell 0.01 EURUSD at 1.13287 sl: 1.13707 tp: 1.12625 -> sl: 1.13707 tp: 1.12619
0	15:18:17.814	'1809640': order #41301291 sell 0.01 EURUSD at 1.13287 was modified -> sl: 1.13707 tp: 1.12619
0	15:37:09.790	'1809640': modify order #41301291 sell 0.01 EURUSD at 1.13287 sl: 1.13707 tp: 1.12619 -> sl: 1.13707 tp: 1.12616
0	15:37:10.504	'1809640': order #41301291 sell 0.01 EURUSD at 1.13287 was modified -> sl: 1.13707 tp: 1.12616
0	15:48:05.990	'1809640': modify order #41301291 sell 0.01 EURUSD at 1.13287 sl: 1.13707 tp: 1.12616 -> sl: 1.13707 tp: 1.12596
0	15:48:06.412	'1809640': order #41301291 sell 0.01 EURUSD at 1.13287 was modified -> sl: 1.13707 tp: 1.12596
0	15:53:58.986	'1809640': modify order #41301291 sell 0.01 EURUSD at 1.13287 sl: 1.13707 tp: 1.12596 -> sl: 1.13707 tp: 1.12593
0	15:53:59.536	'1809640': order #41301291 sell 0.01 EURUSD at 1.13287 was modified -> sl: 1.13707 tp: 1.12593
0	16:13:22.508	'1809640': modify order #41301291 sell 0.01 EURUSD at 1.13287 sl: 1.13707 tp: 1.12593 -> sl: 1.13707 tp: 1.12572
0	16:13:23.193	'1809640': order #41301291 sell 0.01 EURUSD at 1.13287 was modified -> sl: 1.13707 tp: 1.12572
0	16:14:44.971	'1809640': modify order #41301291 sell 0.01 EURUSD at 1.13287 sl: 1.13707 tp: 1.12572 -> sl: 1.13707 tp: 1.12545
0	16:14:45.816	'1809640': order #41301291 sell 0.01 EURUSD at 1.13287 was modified -> sl: 1.13707 tp: 1.12545
0	16:16:09.623	'1809640': modify order #41301291 sell 0.01 EURUSD at 1.13287 sl: 1.13707 tp: 1.12545 -> sl: 1.13707 tp: 1.12503
0	16:16:10.994	'1809640': order #41301291 sell 0.01 EURUSD at 1.13287 was modified -> sl: 1.13707 tp: 1.12503
0	17:54:10.865	'1809640': order #41254250 sell 0.01 EURUSD at 1.12984 closed due stop-loss at price 1.13407
0	17:54:59.626	'1809640': modify order #41235316 buy 0.01 EURUSD at 1.12402 sl: 1.11982 tp: 1.13807 -> sl: 1.11982 tp: 1.13840
0	17:55:00.404	'1809640': order #41235316 buy 0.01 EURUSD at 1.12402 was modified -> sl: 1.11982 tp: 1.13840
0	17:55:00.404	'1809640': modify order #41235655 buy 0.01 EURUSD at 1.12387 sl: 1.11966 tp: 1.13806 -> sl: 1.11966 tp: 1.13842
0	17:55:00.798	'1809640': order #41235655 buy 0.01 EURUSD at 1.12387 was modified -> sl: 1.11966 tp: 1.13842
0	17:55:00.798	'1809640': modify order #41235909 buy 0.01 EURUSD at 1.12378 sl: 1.11958 tp: 1.13806 -> sl: 1.11958 tp: 1.13841
0	17:55:01.219	'1809640': order #41235909 buy 0.01 EURUSD at 1.12378 was modified -> sl: 1.11958 tp: 1.13841
0	17:55:01.318	'1809640': modify order #41236783 buy 0.01 EURUSD at 1.12314 sl: 1.11892 tp: 1.13806 -> sl: 1.11892 tp: 1.13841
0	17:55:01.868	'1809640': order #41236783 buy 0.01 EURUSD at 1.12314 was modified -> sl: 1.11892 tp: 1.13841
0	17:55:01.901	'1809640': modify order #41247405 buy 0.01 EURUSD at 1.12380 sl: 1.11957 tp: 1.13806 -> sl: 1.11957 tp: 1.13843
0	17:55:02.225	'1809640': order #41247405 buy 0.01 EURUSD at 1.12380 was modified -> sl: 1.11957 tp: 1.13843
0	17:55:26.208	'1809640': order buy market 0.01 EURUSD sl: 1.12985 tp: 0.00000
0	17:55:26.694	'1809640': order was opened : #41332911 buy 0.01 EURUSD at 1.13413 sl: 1.12985 tp: 0.00000
0	17:57:25.334	'1809640': modify order #41332911 buy 0.01 EURUSD at 1.13413 sl: 1.12985 tp: 0.00000 -> sl: 1.12985 tp: 1.13441
0	17:57:25.979	'1809640': order #41332911 buy 0.01 EURUSD at 1.13413 was modified -> sl: 1.12985 tp: 1.13441
0	17:58:58.549	'1809640': modify order #41332911 buy 0.01 EURUSD at 1.13413 sl: 1.12985 tp: 1.13441 -> sl: 1.12985 tp: 1.13451
0	17:58:58.938	'1809640': order #41332911 buy 0.01 EURUSD at 1.13413 was modified -> sl: 1.12985 tp: 1.13451
0	17:59:57.731	'1809640': order #41332911 buy 0.01 EURUSD at 1.13413 closed due take-profit at price 1.13451
0	18:00:03.231	'1809640': order #41301291 sell 0.01 EURUSD at 1.13287 closed due stop-loss at price 1.13707
0	18:00:11.970	'1809640': order #41063403 sell 0.01 EURUSD at 1.13352 closed due stop-loss at price 1.13784
0	18:00:11.970	'1809640': order #41063465 sell 0.01 EURUSD at 1.13343 closed due stop-loss at price 1.13771
0	18:00:11.970	'1809640': order #41063509 sell 0.01 EURUSD at 1.13341 closed due stop-loss at price 1.13768
0	18:00:11.970	'1809640': order #41063767 sell 0.01 EURUSD at 1.13358 closed due stop-loss at price 1.13786
0	18:00:11.970	'1809640': order #41064038 sell 0.01 EURUSD at 1.13349 closed due stop-loss at price 1.13774
0	18:00:12.037	'1809640': order #41063689 sell 0.01 EURUSD at 1.13356 closed due stop-loss at price 1.13796
0	18:00:12.037	'1809640': order #41064315 sell 0.01 EURUSD at 1.13371 closed due stop-loss at price 1.13800
0	18:00:12.037	'1809640': order #41085795 sell 0.01 EURUSD at 1.13389 closed due stop-loss at price 1.13812
0	18:00:12.037	'1809640': order #41085997 sell 0.01 EURUSD at 1.13393 closed due stop-loss at price 1.13815
0	18:00:13.081	'1809640': order #41066067 sell 0.01 EURUSD at 1.13465 closed due stop-loss at price 1.13889
0	18:00:29.349	'1809640': order #41235316 buy 0.01 EURUSD at 1.12402 closed due take-profit at price 1.13840
0	18:00:29.349	'1809640': order #41235655 buy 0.01 EURUSD at 1.12387 closed due take-profit at price 1.13842
0	18:00:29.349	'1809640': order #41235909 buy 0.01 EURUSD at 1.12378 closed due take-profit at price 1.13841
0	18:00:29.349	'1809640': order #41236783 buy 0.01 EURUSD at 1.12314 closed due take-profit at price 1.13841
0	18:00:29.349	'1809640': order #41247405 buy 0.01 EURUSD at 1.12380 closed due take-profit at price 1.13843
0	18:00:31.204	'1809640': order #41065797 sell 0.01 EURUSD at 1.13497 closed due stop-loss at price 1.13922
0	18:00:32.899	'1809640': order #41091172 sell 0.01 EURUSD at 1.13506 closed due stop-loss at price 1.13935
0	18:01:09.655	'1809640': modify order #40799831 buy 0.01 EURUSD at 1.11556 sl: 1.11134 tp: 1.14042 -> sl: 1.11134 tp: 1.14081
0	18:01:10.081	'1809640': order #40799831 buy 0.01 EURUSD at 1.11556 was modified -> sl: 1.11134 tp: 1.14081
0	18:01:19.558	'1809640': order sell market 0.01 EURUSD sl: 1.13815 tp: 1.12943
0	18:01:20.115	'1809640': order was opened : #41334910 sell 0.01 EURUSD at 1.13384 sl: 1.13815 tp: 1.12943
0	18:02:35.635	'1809640': order #41334910 sell 0.01 EURUSD at 1.13384 closed due stop-loss at price 1.13815
0	18:03:15.662	'1809640': modify order #40798279 buy 0.01 EURUSD at 1.11575 sl: 1.11154 tp: 1.14125 -> sl: 1.11154 tp: 1.14310
0	18:03:16.215	'1809640': order #40798279 buy 0.01 EURUSD at 1.11575 was modified -> sl: 1.11154 tp: 1.14310
0	18:03:16.215	'1809640': modify order #40799831 buy 0.01 EURUSD at 1.11556 sl: 1.11134 tp: 1.14081 -> sl: 1.11134 tp: 1.14759
0	18:03:16.701	'1809640': order #40799831 buy 0.01 EURUSD at 1.11556 was modified -> sl: 1.11134 tp: 1.14759
0	18:03:16.701	'1809640': modify order #40815726 buy 0.01 EURUSD at 1.11699 sl: 1.11275 tp: 1.14340 -> sl: 1.11275 tp: 1.14909
0	18:03:17.062	'1809640': order #40815726 buy 0.01 EURUSD at 1.11699 was modified -> sl: 1.11275 tp: 1.14909
0	18:03:17.127	'1809640': modify order #40918976 buy 0.01 EURUSD at 1.11935 sl: 1.11503 tp: 1.14125 -> sl: 1.11503 tp: 1.14306
0	18:03:17.488	'1809640': order #40918976 buy 0.01 EURUSD at 1.11935 was modified -> sl: 1.11503 tp: 1.14306
0	18:03:17.553	'1809640': modify order #40921178 buy 0.01 EURUSD at 1.11892 sl: 1.11469 tp: 1.14124 -> sl: 1.11469 tp: 1.14309
0	18:03:17.910	'1809640': order #40921178 buy 0.01 EURUSD at 1.11892 was modified -> sl: 1.11469 tp: 1.14309
0	18:03:17.975	'1809640': modify order #40938428 buy 0.01 EURUSD at 1.12132 sl: 1.11712 tp: 1.14338 -> sl: 1.11712 tp: 1.14909
0	18:03:18.401	'1809640': order #40938428 buy 0.01 EURUSD at 1.12132 was modified -> sl: 1.11712 tp: 1.14909
0	18:04:53.897	'1809640': order #41065630 sell 0.01 EURUSD at 1.13547 closed due stop-loss at price 1.13972
0	18:04:54.486	'1809640': order #41065420 sell 0.01 EURUSD at 1.13552 closed due stop-loss at price 1.13977
0	18:05:08.712	'1809640': modify order #40798279 buy 0.01 EURUSD at 1.11575 sl: 1.11154 tp: 1.14310 -> sl: 1.11154 tp: 1.14406
0	18:05:08.939	'1809640': order #40798279 buy 0.01 EURUSD at 1.11575 was modified -> sl: 1.11154 tp: 1.14406
0	18:05:08.939	'1809640': modify order #40918976 buy 0.01 EURUSD at 1.11935 sl: 1.11503 tp: 1.14306 -> sl: 1.11503 tp: 1.14407
0	18:05:09.459	'1809640': order #40918976 buy 0.01 EURUSD at 1.11935 was modified -> sl: 1.11503 tp: 1.14407
0	18:05:09.459	'1809640': modify order #40921178 buy 0.01 EURUSD at 1.11892 sl: 1.11469 tp: 1.14309 -> sl: 1.11469 tp: 1.14408
0	18:05:09.917	'1809640': order #40921178 buy 0.01 EURUSD at 1.11892 was modified -> sl: 1.11469 tp: 1.14408
0	18:05:24.696	'1809640': order #41090759 sell 0.01 EURUSD at 1.13599 closed due stop-loss at price 1.14022
0	18:08:17.263	'1809640': order sell market 0.01 EURUSD sl: 1.14127 tp: 1.13263
0	18:08:17.887	'1809640': order was opened : #41337370 sell 0.01 EURUSD at 1.13702 sl: 1.14127 tp: 1.13263
0	18:12:50.460	'1809640': modify order #40798279 buy 0.01 EURUSD at 1.11575 sl: 1.11154 tp: 1.14406 -> sl: 1.11154 tp: 1.14415
0	18:12:51.109	'1809640': order #40798279 buy 0.01 EURUSD at 1.11575 was modified -> sl: 1.11154 tp: 1.14415
0	18:12:51.109	'1809640': modify order #40799831 buy 0.01 EURUSD at 1.11556 sl: 1.11134 tp: 1.14759 -> sl: 1.11134 tp: 1.14762
0	18:12:51.535	'1809640': order #40799831 buy 0.01 EURUSD at 1.11556 was modified -> sl: 1.11134 tp: 1.14762
0	18:12:51.535	'1809640': modify order #40815726 buy 0.01 EURUSD at 1.11699 sl: 1.11275 tp: 1.14909 -> sl: 1.11275 tp: 1.14962
0	18:12:51.924	'1809640': order #40815726 buy 0.01 EURUSD at 1.11699 was modified -> sl: 1.11275 tp: 1.14962
0	18:12:51.924	'1809640': modify order #40918976 buy 0.01 EURUSD at 1.11935 sl: 1.11503 tp: 1.14407 -> sl: 1.11503 tp: 1.14418
0	18:12:52.337	'1809640': order #40918976 buy 0.01 EURUSD at 1.11935 was modified -> sl: 1.11503 tp: 1.14418
0	18:12:52.337	'1809640': modify order #40921178 buy 0.01 EURUSD at 1.11892 sl: 1.11469 tp: 1.14408 -> sl: 1.11469 tp: 1.14415
0	18:12:52.763	'1809640': order #40921178 buy 0.01 EURUSD at 1.11892 was modified -> sl: 1.11469 tp: 1.14415
0	18:12:52.763	'1809640': modify order #40938428 buy 0.01 EURUSD at 1.12132 sl: 1.11712 tp: 1.14909 -> sl: 1.11712 tp: 1.14968
0	18:12:53.087	'1809640': order #40938428 buy 0.01 EURUSD at 1.12132 was modified -> sl: 1.11712 tp: 1.14968
0	18:12:58.986	'1809640': order sell market 0.01 EURUSD sl: 1.14429 tp: 1.13562
0	18:12:59.441	'1809640': order was opened : #41338342 sell 0.01 EURUSD at 1.13998 sl: 1.14429 tp: 1.13562
0	18:13:01.883	'1809640': order #41089034 sell 0.01 EURUSD at 1.13640 closed due stop-loss at price 1.14046
0	18:13:05.858	'1809640': order #41088642 sell 0.01 EURUSD at 1.13642 closed due stop-loss at price 1.14064
0	18:13:41.714	'1809640': order #41337370 sell 0.01 EURUSD at 1.13702 closed due stop-loss at price 1.14127
0	18:14:40.886	'1809640': modify order #40798279 buy 0.01 EURUSD at 1.11575 sl: 1.11154 tp: 1.14415 -> sl: 1.11154 tp: 1.14617
0	18:14:41.665	'1809640': order #40798279 buy 0.01 EURUSD at 1.11575 was modified -> sl: 1.11154 tp: 1.14617
0	18:14:41.665	'1809640': modify order #40799831 buy 0.01 EURUSD at 1.11556 sl: 1.11134 tp: 1.14762 -> sl: 1.11134 tp: 1.15246
0	18:14:41.929	'1809640': order #40799831 buy 0.01 EURUSD at 1.11556 was modified -> sl: 1.11134 tp: 1.15246
0	18:14:41.929	'1809640': modify order #40815726 buy 0.01 EURUSD at 1.11699 sl: 1.11275 tp: 1.14962 -> sl: 1.11275 tp: 1.15468
0	18:14:42.221	'1809640': order #40815726 buy 0.01 EURUSD at 1.11699 was modified -> sl: 1.11275 tp: 1.15468
0	18:14:42.221	'1809640': modify order #40918976 buy 0.01 EURUSD at 1.11935 sl: 1.11503 tp: 1.14418 -> sl: 1.11503 tp: 1.14617
0	18:14:42.545	'1809640': order #40918976 buy 0.01 EURUSD at 1.11935 was modified -> sl: 1.11503 tp: 1.14617
0	18:14:42.545	'1809640': modify order #40921178 buy 0.01 EURUSD at 1.11892 sl: 1.11469 tp: 1.14415 -> sl: 1.11469 tp: 1.14620
0	18:14:42.906	'1809640': order #40921178 buy 0.01 EURUSD at 1.11892 was modified -> sl: 1.11469 tp: 1.14620
0	18:14:42.906	'1809640': modify order #40938428 buy 0.01 EURUSD at 1.12132 sl: 1.11712 tp: 1.14968 -> sl: 1.11712 tp: 1.15471
0	18:14:43.393	'1809640': order #40938428 buy 0.01 EURUSD at 1.12132 was modified -> sl: 1.11712 tp: 1.15471
0	18:18:11.210	'1809640': modify order #41338342 sell 0.01 EURUSD at 1.13998 sl: 1.14429 tp: 1.13562 -> sl: 1.14429 tp: 1.13535
0	18:18:11.600	'1809640': order #41338342 sell 0.01 EURUSD at 1.13998 was modified -> sl: 1.14429 tp: 1.13535
0	18:19:01.752	'1809640': order sell market 0.01 EURUSD sl: 1.14344 tp: 1.13482
0	18:19:02.115	'1809640': order was opened : #41339725 sell 0.01 EURUSD at 1.13928 sl: 1.14344 tp: 1.13482
0	18:19:58.558	'1809640': modify order #41338342 sell 0.01 EURUSD at 1.13998 sl: 1.14429 tp: 1.13535 -> sl: 1.14429 tp: 1.13398
0	18:19:59.114	'1809640': order #41338342 sell 0.01 EURUSD at 1.13998 was modified -> sl: 1.14429 tp: 1.13398
0	18:19:59.147	'1809640': modify order #41339725 sell 0.01 EURUSD at 1.13928 sl: 1.14344 tp: 1.13482 -> sl: 1.14344 tp: 1.13396
0	18:19:59.503	'1809640': order #41339725 sell 0.01 EURUSD at 1.13928 was modified -> sl: 1.14344 tp: 1.13396
0	18:24:07.444	'1809640': order sell market 0.01 EURUSD sl: 1.14307 tp: 1.13440
0	18:24:08.225	'1809640': order was opened : #41340410 sell 0.01 EURUSD at 1.13886 sl: 1.14307 tp: 1.13440
0	18:27:08.214	'1809640': modify order #41340410 sell 0.01 EURUSD at 1.13886 sl: 1.14307 tp: 1.13440 -> sl: 1.14307 tp: 1.13398
0	18:27:08.664	'1809640': order #41340410 sell 0.01 EURUSD at 1.13886 was modified -> sl: 1.14307 tp: 1.13398
0	18:29:38.986	'1809640': modify order #41338342 sell 0.01 EURUSD at 1.13998 sl: 1.14429 tp: 1.13398 -> sl: 1.14429 tp: 1.13332
0	18:29:39.505	'1809640': order #41338342 sell 0.01 EURUSD at 1.13998 was modified -> sl: 1.14429 tp: 1.13332
0	18:29:39.602	'1809640': modify order #41339725 sell 0.01 EURUSD at 1.13928 sl: 1.14344 tp: 1.13396 -> sl: 1.14344 tp: 1.13331
0	18:29:40.024	'1809640': order #41339725 sell 0.01 EURUSD at 1.13928 was modified -> sl: 1.14344 tp: 1.13331
0	18:29:40.056	'1809640': modify order #41340410 sell 0.01 EURUSD at 1.13886 sl: 1.14307 tp: 1.13398 -> sl: 1.14307 tp: 1.13335
0	18:29:40.417	'1809640': order #41340410 sell 0.01 EURUSD at 1.13886 was modified -> sl: 1.14307 tp: 1.13335
0	18:30:27.513	'1809640': order buy market 0.01 EURUSD sl: 1.13346 tp: 1.14823
0	18:30:28.000	'1809640': order was opened : #41341230 buy 0.01 EURUSD at 1.13774 sl: 1.13346 tp: 1.14823
0	18:31:03.264	'1809640': modify order #41338342 sell 0.01 EURUSD at 1.13998 sl: 1.14429 tp: 1.13332 -> sl: 1.14429 tp: 1.13320
0	18:31:03.690	'1809640': order #41338342 sell 0.01 EURUSD at 1.13998 was modified -> sl: 1.14429 tp: 1.13320
0	18:31:03.690	'1809640': modify order #41339725 sell 0.01 EURUSD at 1.13928 sl: 1.14344 tp: 1.13331 -> sl: 1.14344 tp: 1.13326
0	18:31:04.116	'1809640': order #41339725 sell 0.01 EURUSD at 1.13928 was modified -> sl: 1.14344 tp: 1.13326
0	18:31:04.116	'1809640': modify order #41340410 sell 0.01 EURUSD at 1.13886 sl: 1.14307 tp: 1.13335 -> sl: 1.14307 tp: 1.13327
0	18:31:04.602	'1809640': order #41340410 sell 0.01 EURUSD at 1.13886 was modified -> sl: 1.14307 tp: 1.13327
0	18:32:37.048	'1809640': modify order #41341230 buy 0.01 EURUSD at 1.13774 sl: 1.13346 tp: 1.14823 -> sl: 1.13346 tp: 1.14934
0	18:32:37.831	'1809640': order #41341230 buy 0.01 EURUSD at 1.13774 was modified -> sl: 1.13346 tp: 1.14934
0	18:33:57.379	'1809640': modify order #41341230 buy 0.01 EURUSD at 1.13774 sl: 1.13346 tp: 1.14934 -> sl: 1.13346 tp: 1.15023
0	18:33:57.898	'1809640': order #41341230 buy 0.01 EURUSD at 1.13774 was modified -> sl: 1.13346 tp: 1.15023
0	18:35:27.648	'1809640': modify order #41341230 buy 0.01 EURUSD at 1.13774 sl: 1.13346 tp: 1.15023 -> sl: 1.13346 tp: 1.15285
0	18:35:28.135	'1809640': order #41341230 buy 0.01 EURUSD at 1.13774 was modified -> sl: 1.13346 tp: 1.15285
0	18:35:55.253	'1809640': order sell market 0.01 EURUSD sl: 1.14383 tp: 1.13596
0	18:35:55.610	'1809640': order was opened : #41342080 sell 0.01 EURUSD at 1.13957 sl: 1.14383 tp: 1.13596
0	18:37:14.432	'1809640': close order #41342080 sell 0.01 EURUSD at 1.13957 sl: 1.14383 tp: 1.13596 at price 0.00000
0	18:37:14.915	'1809640': order #41342080 sell 0.01 EURUSD at 1.13957 sl: 1.14383 tp: 1.13596 closed at price 1.13895
0	18:39:37.228	'1809640': modify order #41341230 buy 0.01 EURUSD at 1.13774 sl: 1.13346 tp: 1.15285 -> sl: 1.13346 tp: 1.15296
0	18:39:37.819	'1809640': order #41341230 buy 0.01 EURUSD at 1.13774 was modified -> sl: 1.13346 tp: 1.15296
0	18:43:22.184	'1809640': order sell market 0.01 EURUSD sl: 1.14353 tp: 1.13486
0	18:43:22.739	'1809640': order was opened : #41343175 sell 0.01 EURUSD at 1.13926 sl: 1.14353 tp: 1.13486
0	18:44:46.872	'1809640': modify order #41343175 sell 0.01 EURUSD at 1.13926 sl: 1.14353 tp: 1.13486 -> sl: 1.14353 tp: 1.13479
0	18:44:47.887	'1809640': order #41343175 sell 0.01 EURUSD at 1.13926 was modified -> sl: 1.14353 tp: 1.13479
0	18:47:44.184	'1809640': order buy market 0.01 EURUSD sl: 1.13582 tp: 1.14255
0	18:47:44.512	'1809640': order was opened : #41343940 buy 0.01 EURUSD at 1.13967 sl: 1.13582 tp: 1.14255
0	18:48:08.674	'1809640': modify order #41341230 buy 0.01 EURUSD at 1.13774 sl: 1.13346 tp: 1.15296 -> sl: 1.13346 tp: 1.15453
0	18:48:09.096	'1809640': order #41341230 buy 0.01 EURUSD at 1.13774 was modified -> sl: 1.13346 tp: 1.15453
0	18:48:09.128	'1809640': modify order #41343175 sell 0.01 EURUSD at 1.13926 sl: 1.14353 tp: 1.13479 -> sl: 1.14353 tp: 1.13463
0	18:48:09.583	'1809640': order #41343175 sell 0.01 EURUSD at 1.13926 was modified -> sl: 1.14353 tp: 1.13463
0	18:48:09.585	'1809640': modify order #41343940 buy 0.01 EURUSD at 1.13967 sl: 1.13582 tp: 1.14255 -> sl: 1.13582 tp: 1.14258
0	18:48:10.009	'1809640': order #41343940 buy 0.01 EURUSD at 1.13967 was modified -> sl: 1.13582 tp: 1.14258
0	18:49:22.140	'1809640': modify order #41343175 sell 0.01 EURUSD at 1.13926 sl: 1.14353 tp: 1.13463 -> sl: 1.14353 tp: 1.13392
0	18:49:22.891	'1809640': order #41343175 sell 0.01 EURUSD at 1.13926 was modified -> sl: 1.14353 tp: 1.13392
0	18:51:15.660	'1809640': modify order #41343940 buy 0.01 EURUSD at 1.13967 sl: 1.13582 tp: 1.14258 -> sl: 1.13582 tp: 1.14285
0	18:51:16.086	'1809640': order #41343940 buy 0.01 EURUSD at 1.13967 was modified -> sl: 1.13582 tp: 1.14285
0	18:52:37.290	'1809640': order buy market 0.01 EURUSD sl: 1.13469 tp: 1.14096
0	18:52:37.781	'1809640': order was opened : #41344622 buy 0.01 EURUSD at 1.13891 sl: 1.13469 tp: 1.14096
0	18:53:59.448	'1809640': modify order #41344622 buy 0.01 EURUSD at 1.13891 sl: 1.13469 tp: 1.14096 -> sl: 1.13469 tp: 1.14100
0	18:53:59.902	'1809640': order #41344622 buy 0.01 EURUSD at 1.13891 was modified -> sl: 1.13469 tp: 1.14100
0	18:54:31.786	'1809640': modify order #41343940 buy 0.01 EURUSD at 1.13967 sl: 1.13582 tp: 1.14285 -> sl: 1.13582 tp: 1.14287
0	18:54:32.210	'1809640': order #41343940 buy 0.01 EURUSD at 1.13967 was modified -> sl: 1.13582 tp: 1.14287
0	18:54:32.210	'1809640': modify order #41344622 buy 0.01 EURUSD at 1.13891 sl: 1.13469 tp: 1.14100 -> sl: 1.13469 tp: 1.14113
0	18:54:32.633	'1809640': order #41344622 buy 0.01 EURUSD at 1.13891 was modified -> sl: 1.13469 tp: 1.14113
0	18:56:17.126	'1809640': modify order #41343940 buy 0.01 EURUSD at 1.13967 sl: 1.13582 tp: 1.14287 -> sl: 1.13582 tp: 1.14289
0	18:56:18.136	'1809640': order #41343940 buy 0.01 EURUSD at 1.13967 was modified -> sl: 1.13582 tp: 1.14289
0	18:58:19.710	'1809640': modify order #41343940 buy 0.01 EURUSD at 1.13967 sl: 1.13582 tp: 1.14289 -> sl: 1.13582 tp: 1.14330
0	18:58:20.097	'1809640': order #41343940 buy 0.01 EURUSD at 1.13967 was modified -> sl: 1.13582 tp: 1.14330
0	18:58:20.097	'1809640': modify order #41344622 buy 0.01 EURUSD at 1.13891 sl: 1.13469 tp: 1.14113 -> sl: 1.13469 tp: 1.14115
0	18:58:20.491	'1809640': order #41344622 buy 0.01 EURUSD at 1.13891 was modified -> sl: 1.13469 tp: 1.14115
0	19:00:30.593	'1809640': order sell market 0.01 EURUSD sl: 1.14332 tp: 1.13468
0	19:00:31.704	'1809640': order was opened : #41345528 sell 0.01 EURUSD at 1.13904 sl: 1.14332 tp: 1.13468
0	19:03:50.541	'1809640': modify order #41343940 buy 0.01 EURUSD at 1.13967 sl: 1.13582 tp: 1.14330 -> sl: 1.13582 tp: 1.14354
0	19:03:51.028	'1809640': order #41343940 buy 0.01 EURUSD at 1.13967 was modified -> sl: 1.13582 tp: 1.14354
0	19:04:34.340	'1809640': modify order #41343940 buy 0.01 EURUSD at 1.13967 sl: 1.13582 tp: 1.14354 -> sl: 1.13582 tp: 1.14355
0	19:04:34.689	'1809640': order #41343940 buy 0.01 EURUSD at 1.13967 was modified -> sl: 1.13582 tp: 1.14355
0	19:04:34.721	'1809640': modify order #41345528 sell 0.01 EURUSD at 1.13904 sl: 1.14332 tp: 1.13468 -> sl: 1.14332 tp: 1.13457
0	19:04:35.111	'1809640': order #41345528 sell 0.01 EURUSD at 1.13904 was modified -> sl: 1.14332 tp: 1.13457
0	19:05:10.420	'1809640': order sell market 0.01 EURUSD sl: 1.14242 tp: 1.13591
0	19:05:11.020	'1809640': order was opened : #41346005 sell 0.01 EURUSD at 1.13804 sl: 1.14242 tp: 1.13591
0	19:05:40.777	'1809640': modify order #41343940 buy 0.01 EURUSD at 1.13967 sl: 1.13582 tp: 1.14355 -> sl: 1.13582 tp: 1.14357
0	19:05:41.410	'1809640': order #41343940 buy 0.01 EURUSD at 1.13967 was modified -> sl: 1.13582 tp: 1.14357
0	19:05:41.410	'1809640': modify order #41345528 sell 0.01 EURUSD at 1.13904 sl: 1.14332 tp: 1.13457 -> sl: 1.14332 tp: 1.13418
0	19:05:41.893	'1809640': order #41345528 sell 0.01 EURUSD at 1.13904 was modified -> sl: 1.14332 tp: 1.13418
0	19:05:42.092	'1809640': modify order #41346005 sell 0.01 EURUSD at 1.13804 sl: 1.14242 tp: 1.13591 -> sl: 1.14242 tp: 1.13463
0	19:05:42.481	'1809640': order #41346005 sell 0.01 EURUSD at 1.13804 was modified -> sl: 1.14242 tp: 1.13463
0	19:05:56.486	'1809640': modify order #41343940 buy 0.01 EURUSD at 1.13967 sl: 1.13582 tp: 1.14357 -> sl: 1.13582 tp: 1.14358
0	19:05:57.034	'1809640': order #41343940 buy 0.01 EURUSD at 1.13967 was modified -> sl: 1.13582 tp: 1.14358
0	19:09:26.489	'1809640': modify order #41343940 buy 0.01 EURUSD at 1.13967 sl: 1.13582 tp: 1.14358 -> sl: 1.13582 tp: 1.14362
0	19:09:29.028	'1809640': order #41343940 buy 0.01 EURUSD at 1.13967 was modified -> sl: 1.13582 tp: 1.14362
0	19:09:29.060	'1809640': modify order #41345528 sell 0.01 EURUSD at 1.13904 sl: 1.14332 tp: 1.13418 -> sl: 1.14332 tp: 1.13410
0	19:09:29.519	'1809640': order #41345528 sell 0.01 EURUSD at 1.13904 was modified -> sl: 1.14332 tp: 1.13410
0	19:10:49.206	'1809640': order sell market 0.01 EURUSD sl: 1.14343 tp: 1.13479
0	19:10:49.595	'1809640': order was opened : #41346643 sell 0.01 EURUSD at 1.13913 sl: 1.14343 tp: 1.13479
0	19:11:56.543	'1809640': modify order #41343940 buy 0.01 EURUSD at 1.13967 sl: 1.13582 tp: 1.14362 -> sl: 1.13582 tp: 1.14366
0	19:11:57.226	'1809640': order #41343940 buy 0.01 EURUSD at 1.13967 was modified -> sl: 1.13582 tp: 1.14366
0	19:12:17.695	'1809640': modify order #41343940 buy 0.01 EURUSD at 1.13967 sl: 1.13582 tp: 1.14366 -> sl: 1.13582 tp: 1.14369
0	19:12:18.310	'1809640': order #41343940 buy 0.01 EURUSD at 1.13967 was modified -> sl: 1.13582 tp: 1.14369
0	19:12:18.310	'1809640': modify order #41346643 sell 0.01 EURUSD at 1.13913 sl: 1.14343 tp: 1.13479 -> sl: 1.14343 tp: 1.13459
0	19:12:18.699	'1809640': order #41346643 sell 0.01 EURUSD at 1.13913 was modified -> sl: 1.14343 tp: 1.13459
0	19:15:12.898	'1809640': order sell market 0.01 EURUSD sl: 1.14365 tp: 1.13498
0	19:15:13.578	'1809640': order was opened : #41347052 sell 0.01 EURUSD at 1.13937 sl: 1.14365 tp: 1.13498
0	19:17:31.360	'1809640': modify order #41343940 buy 0.01 EURUSD at 1.13967 sl: 1.13582 tp: 1.14369 -> sl: 1.13582 tp: 1.14376
0	19:17:31.782	'1809640': order #41343940 buy 0.01 EURUSD at 1.13967 was modified -> sl: 1.13582 tp: 1.14376
0	19:17:32.402	'1809640': close order #40799831 buy 0.01 EURUSD at 1.11556 sl: 1.11134 tp: 1.15246 at price 0.00000
0	19:17:32.925	'1809640': order #40799831 buy 0.01 EURUSD at 1.11556 sl: 1.11134 tp: 1.15246 closed at price 1.14036
0	19:19:52.392	'1809640': modify order #41343940 buy 0.01 EURUSD at 1.13967 sl: 1.13582 tp: 1.14376 -> sl: 1.13582 tp: 1.14378
0	19:19:53.042	'1809640': order #41343940 buy 0.01 EURUSD at 1.13967 was modified -> sl: 1.13582 tp: 1.14378
0	19:19:58.516	'1809640': order sell market 0.01 EURUSD sl: 1.14460 tp: 1.13597
0	19:19:59.008	'1809640': order was opened : #41347557 sell 0.01 EURUSD at 1.14028 sl: 1.14460 tp: 1.13597
0	19:21:47.233	'1809640': modify order #41341230 buy 0.01 EURUSD at 1.13774 sl: 1.13346 tp: 1.15453 -> sl: 1.13346 tp: 1.15515
0	19:21:47.691	'1809640': order #41341230 buy 0.01 EURUSD at 1.13774 was modified -> sl: 1.13346 tp: 1.15515
0	19:21:47.691	'1809640': modify order #41343940 buy 0.01 EURUSD at 1.13967 sl: 1.13582 tp: 1.14378 -> sl: 1.13582 tp: 1.14395
0	19:21:48.081	'1809640': order #41343940 buy 0.01 EURUSD at 1.13967 was modified -> sl: 1.13582 tp: 1.14395
0	19:22:04.219	'1809640': modify order #41341230 buy 0.01 EURUSD at 1.13774 sl: 1.13346 tp: 1.15515 -> sl: 1.13346 tp: 1.15518
0	19:22:04.612	'1809640': order #41341230 buy 0.01 EURUSD at 1.13774 was modified -> sl: 1.13346 tp: 1.15518
0	19:22:04.612	'1809640': modify order #41343940 buy 0.01 EURUSD at 1.13967 sl: 1.13582 tp: 1.14395 -> sl: 1.13582 tp: 1.14397
0	19:22:05.039	'1809640': order #41343940 buy 0.01 EURUSD at 1.13967 was modified -> sl: 1.13582 tp: 1.14397
0	19:22:05.593	'1809640': order #41344622 buy 0.01 EURUSD at 1.13891 closed due take-profit at price 1.14115
0	19:23:28.472	'1809640': modify order #40798279 buy 0.01 EURUSD at 1.11575 sl: 1.11154 tp: 1.14617 -> sl: 1.11154 tp: 1.14645
0	19:23:28.992	'1809640': order #40798279 buy 0.01 EURUSD at 1.11575 was modified -> sl: 1.11154 tp: 1.14645
0	19:23:29.024	'1809640': modify order #40918976 buy 0.01 EURUSD at 1.11935 sl: 1.11503 tp: 1.14617 -> sl: 1.11503 tp: 1.14645
0	19:23:29.547	'1809640': order #40918976 buy 0.01 EURUSD at 1.11935 was modified -> sl: 1.11503 tp: 1.14645
0	19:23:29.547	'1809640': modify order #40921178 buy 0.01 EURUSD at 1.11892 sl: 1.11469 tp: 1.14620 -> sl: 1.11469 tp: 1.14646
0	19:23:29.937	'1809640': order #40921178 buy 0.01 EURUSD at 1.11892 was modified -> sl: 1.11469 tp: 1.14646
0	19:23:29.937	'1809640': modify order #41341230 buy 0.01 EURUSD at 1.13774 sl: 1.13346 tp: 1.15518 -> sl: 1.13346 tp: 1.15624
0	19:23:30.293	'1809640': order #41341230 buy 0.01 EURUSD at 1.13774 was modified -> sl: 1.13346 tp: 1.15624
0	19:23:30.293	'1809640': modify order #41343940 buy 0.01 EURUSD at 1.13967 sl: 1.13582 tp: 1.14397 -> sl: 1.13582 tp: 1.14403
0	19:23:30.682	'1809640': order #41343940 buy 0.01 EURUSD at 1.13967 was modified -> sl: 1.13582 tp: 1.14403
0	19:27:34.628	'1809640': order sell market 0.01 EURUSD sl: 1.14430 tp: 1.13566
0	19:27:34.855	'1809640': order was opened : #41348643 sell 0.01 EURUSD at 1.13999 sl: 1.14430 tp: 1.13566
0	19:27:40.958	'1809640': modify order #41343940 buy 0.01 EURUSD at 1.13967 sl: 1.13582 tp: 1.14403 -> sl: 1.13582 tp: 1.14413
0	19:27:41.712	'1809640': order #41343940 buy 0.01 EURUSD at 1.13967 was modified -> sl: 1.13582 tp: 1.14413
0	19:27:41.712	'1809640': modify order #41347557 sell 0.01 EURUSD at 1.14028 sl: 1.14460 tp: 1.13597 -> sl: 1.14460 tp: 1.13558
0	19:27:42.133	'1809640': order #41347557 sell 0.01 EURUSD at 1.14028 was modified -> sl: 1.14460 tp: 1.13558
0	19:27:42.198	'1809640': modify order #41348643 sell 0.01 EURUSD at 1.13999 sl: 1.14430 tp: 1.13566 -> sl: 1.14430 tp: 1.13560
0	19:27:42.624	'1809640': order #41348643 sell 0.01 EURUSD at 1.13999 was modified -> sl: 1.14430 tp: 1.13560
0	19:33:45.882	'1809640': order #41346005 sell 0.01 EURUSD at 1.13804 closed due stop-loss at price 1.14242
0	19:34:59.974	'1809640': modify order #40798279 buy 0.01 EURUSD at 1.11575 sl: 1.11154 tp: 1.14645 -> sl: 1.11154 tp: 1.14660
0	19:35:00.758	'1809640': order #40798279 buy 0.01 EURUSD at 1.11575 was modified -> sl: 1.11154 tp: 1.14660
0	19:35:00.758	'1809640': modify order #40815726 buy 0.01 EURUSD at 1.11699 sl: 1.11275 tp: 1.15468 -> sl: 1.11275 tp: 1.15553
0	19:35:01.082	'1809640': order #40815726 buy 0.01 EURUSD at 1.11699 was modified -> sl: 1.11275 tp: 1.15553
0	19:35:01.082	'1809640': modify order #40918976 buy 0.01 EURUSD at 1.11935 sl: 1.11503 tp: 1.14645 -> sl: 1.11503 tp: 1.14661
0	19:35:01.704	'1809640': order #40918976 buy 0.01 EURUSD at 1.11935 was modified -> sl: 1.11503 tp: 1.14661
0	19:35:01.704	'1809640': modify order #40921178 buy 0.01 EURUSD at 1.11892 sl: 1.11469 tp: 1.14646 -> sl: 1.11469 tp: 1.14661
0	19:35:02.093	'1809640': order #40921178 buy 0.01 EURUSD at 1.11892 was modified -> sl: 1.11469 tp: 1.14661
0	19:35:02.093	'1809640': modify order #40938428 buy 0.01 EURUSD at 1.12132 sl: 1.11712 tp: 1.15471 -> sl: 1.11712 tp: 1.15552
0	19:35:02.552	'1809640': order #40938428 buy 0.01 EURUSD at 1.12132 was modified -> sl: 1.11712 tp: 1.15552
0	19:35:02.552	'1809640': modify order #41341230 buy 0.01 EURUSD at 1.13774 sl: 1.13346 tp: 1.15624 -> sl: 1.13346 tp: 1.15748
0	19:35:02.941	'1809640': order #41341230 buy 0.01 EURUSD at 1.13774 was modified -> sl: 1.13346 tp: 1.15748
0	19:36:23.845	'1809640': modify order #41343940 buy 0.01 EURUSD at 1.13967 sl: 1.13582 tp: 1.14413 -> sl: 1.13582 tp: 1.14432
0	19:36:24.624	'1809640': order #41343940 buy 0.01 EURUSD at 1.13967 was modified -> sl: 1.13582 tp: 1.14432
0	19:37:29.586	'1809640': modify order #40815726 buy 0.01 EURUSD at 1.11699 sl: 1.11275 tp: 1.15553 -> sl: 1.11275 tp: 1.15563
0	19:37:30.400	'1809640': order #40815726 buy 0.01 EURUSD at 1.11699 was modified -> sl: 1.11275 tp: 1.15563
0	19:37:30.433	'1809640': modify order #40938428 buy 0.01 EURUSD at 1.12132 sl: 1.11712 tp: 1.15552 -> sl: 1.11712 tp: 1.15561
0	19:37:30.790	'1809640': order #40938428 buy 0.01 EURUSD at 1.12132 was modified -> sl: 1.11712 tp: 1.15561
0	19:37:30.887	'1809640': modify order #41341230 buy 0.01 EURUSD at 1.13774 sl: 1.13346 tp: 1.15748 -> sl: 1.13346 tp: 1.15759
0	19:37:31.281	'1809640': order #41341230 buy 0.01 EURUSD at 1.13774 was modified -> sl: 1.13346 tp: 1.15759
0	19:37:31.346	'1809640': modify order #41343940 buy 0.01 EURUSD at 1.13967 sl: 1.13582 tp: 1.14432 -> sl: 1.13582 tp: 1.14436
0	19:37:31.731	'1809640': order #41343940 buy 0.01 EURUSD at 1.13967 was modified -> sl: 1.13582 tp: 1.14436
0	19:39:32.774	'1809640': modify order #40798279 buy 0.01 EURUSD at 1.11575 sl: 1.11154 tp: 1.14660 -> sl: 1.11154 tp: 1.14665
0	19:39:38.933	'1809640': order #40798279 buy 0.01 EURUSD at 1.11575 was modified -> sl: 1.11154 tp: 1.14665
0	19:39:38.933	'1809640': modify order #40918976 buy 0.01 EURUSD at 1.11935 sl: 1.11503 tp: 1.14661 -> sl: 1.11503 tp: 1.14667
0	19:39:39.547	'1809640': order #40918976 buy 0.01 EURUSD at 1.11935 was modified -> sl: 1.11503 tp: 1.14667
0	19:39:39.547	'1809640': modify order #40921178 buy 0.01 EURUSD at 1.11892 sl: 1.11469 tp: 1.14661 -> sl: 1.11469 tp: 1.14666
0	19:39:39.932	'1809640': order #40921178 buy 0.01 EURUSD at 1.11892 was modified -> sl: 1.11469 tp: 1.14666
0	19:39:39.932	'1809640': modify order #41343940 buy 0.01 EURUSD at 1.13967 sl: 1.13582 tp: 1.14436 -> sl: 1.13582 tp: 1.14437
0	19:39:40.321	'1809640': order #41343940 buy 0.01 EURUSD at 1.13967 was modified -> sl: 1.13582 tp: 1.14437
0	19:40:21.062	'1809640': order #41340410 sell 0.01 EURUSD at 1.13886 closed due stop-loss at price 1.14307
0	19:41:51.025	'1809640': modify order #40798279 buy 0.01 EURUSD at 1.11575 sl: 1.11154 tp: 1.14665 -> sl: 1.11154 tp: 1.14752
0	19:41:51.706	'1809640': order #40798279 buy 0.01 EURUSD at 1.11575 was modified -> sl: 1.11154 tp: 1.14752
0	19:41:51.706	'1809640': modify order #40815726 buy 0.01 EURUSD at 1.11699 sl: 1.11275 tp: 1.15563 -> sl: 1.11275 tp: 1.15674
0	19:41:52.196	'1809640': order #40815726 buy 0.01 EURUSD at 1.11699 was modified -> sl: 1.11275 tp: 1.15674
0	19:41:52.258	'1809640': modify order #40918976 buy 0.01 EURUSD at 1.11935 sl: 1.11503 tp: 1.14667 -> sl: 1.11503 tp: 1.14752
0	19:41:52.940	'1809640': order #40918976 buy 0.01 EURUSD at 1.11935 was modified -> sl: 1.11503 tp: 1.14752
0	19:41:52.973	'1809640': modify order #40921178 buy 0.01 EURUSD at 1.11892 sl: 1.11469 tp: 1.14666 -> sl: 1.11469 tp: 1.14752
0	19:41:53.298	'1809640': order #40921178 buy 0.01 EURUSD at 1.11892 was modified -> sl: 1.11469 tp: 1.14752
0	19:41:53.688	'1809640': modify order #40938428 buy 0.01 EURUSD at 1.12132 sl: 1.11712 tp: 1.15561 -> sl: 1.11712 tp: 1.15677
0	19:41:54.244	'1809640': order #40938428 buy 0.01 EURUSD at 1.12132 was modified -> sl: 1.11712 tp: 1.15677
0	19:41:54.277	'1809640': modify order #41341230 buy 0.01 EURUSD at 1.13774 sl: 1.13346 tp: 1.15759 -> sl: 1.13346 tp: 1.15872
0	19:41:54.602	'1809640': order #41341230 buy 0.01 EURUSD at 1.13774 was modified -> sl: 1.13346 tp: 1.15872
0	19:41:54.703	'1809640': modify order #41343940 buy 0.01 EURUSD at 1.13967 sl: 1.13582 tp: 1.14437 -> sl: 1.13582 tp: 1.14470
0	19:41:55.028	'1809640': order #41343940 buy 0.01 EURUSD at 1.13967 was modified -> sl: 1.13582 tp: 1.14470
0	19:43:03.161	'1809640': modify order #40815726 buy 0.01 EURUSD at 1.11699 sl: 1.11275 tp: 1.15674 -> sl: 1.11275 tp: 1.15741
0	19:43:03.814	'1809640': order #40815726 buy 0.01 EURUSD at 1.11699 was modified -> sl: 1.11275 tp: 1.15741
0	19:43:03.814	'1809640': modify order #40938428 buy 0.01 EURUSD at 1.12132 sl: 1.11712 tp: 1.15677 -> sl: 1.11712 tp: 1.15740
0	19:43:04.203	'1809640': order #40938428 buy 0.01 EURUSD at 1.12132 was modified -> sl: 1.11712 tp: 1.15740
0	19:43:04.203	'1809640': modify order #41341230 buy 0.01 EURUSD at 1.13774 sl: 1.13346 tp: 1.15872 -> sl: 1.13346 tp: 1.15936
0	19:43:04.593	'1809640': order #41341230 buy 0.01 EURUSD at 1.13774 was modified -> sl: 1.13346 tp: 1.15936
0	19:43:38.243	'1809640': modify order #40798279 buy 0.01 EURUSD at 1.11575 sl: 1.11154 tp: 1.14752 -> sl: 1.11154 tp: 1.14755
0	19:43:38.697	'1809640': order #40798279 buy 0.01 EURUSD at 1.11575 was modified -> sl: 1.11154 tp: 1.14755
0	19:43:38.697	'1809640': modify order #40918976 buy 0.01 EURUSD at 1.11935 sl: 1.11503 tp: 1.14752 -> sl: 1.11503 tp: 1.14756
0	19:43:39.091	'1809640': order #40918976 buy 0.01 EURUSD at 1.11935 was modified -> sl: 1.11503 tp: 1.14756
0	19:43:39.091	'1809640': modify order #40921178 buy 0.01 EURUSD at 1.11892 sl: 1.11469 tp: 1.14752 -> sl: 1.11469 tp: 1.14757
0	19:43:39.581	'1809640': order #40921178 buy 0.01 EURUSD at 1.11892 was modified -> sl: 1.11469 tp: 1.14757
0	19:44:24.795	'1809640': order #41345528 sell 0.01 EURUSD at 1.13904 closed due stop-loss at price 1.14332
0	19:44:46.794	'1809640': order #41346643 sell 0.01 EURUSD at 1.13913 closed due stop-loss at price 1.14343
0	19:44:47.252	'1809640': order #41339725 sell 0.01 EURUSD at 1.13928 closed due stop-loss at price 1.14344
0	19:45:06.759	'1809640': order #41343175 sell 0.01 EURUSD at 1.13926 closed due stop-loss at price 1.14353
0	19:45:50.838	'1809640': modify order #40798279 buy 0.01 EURUSD at 1.11575 sl: 1.11154 tp: 1.14755 -> sl: 1.11154 tp: 1.14774
0	19:45:51.293	'1809640': order #40798279 buy 0.01 EURUSD at 1.11575 was modified -> sl: 1.11154 tp: 1.14774
0	19:45:51.293	'1809640': modify order #40815726 buy 0.01 EURUSD at 1.11699 sl: 1.11275 tp: 1.15741 -> sl: 1.11275 tp: 1.15791
0	19:45:51.686	'1809640': order #40815726 buy 0.01 EURUSD at 1.11699 was modified -> sl: 1.11275 tp: 1.15791
0	19:45:51.686	'1809640': modify order #40918976 buy 0.01 EURUSD at 1.11935 sl: 1.11503 tp: 1.14756 -> sl: 1.11503 tp: 1.14771
0	19:45:52.108	'1809640': order #40918976 buy 0.01 EURUSD at 1.11935 was modified -> sl: 1.11503 tp: 1.14771
0	19:45:52.108	'1809640': modify order #40921178 buy 0.01 EURUSD at 1.11892 sl: 1.11469 tp: 1.14757 -> sl: 1.11469 tp: 1.14773
0	19:45:52.693	'1809640': order #40921178 buy 0.01 EURUSD at 1.11892 was modified -> sl: 1.11469 tp: 1.14773
0	19:45:52.725	'1809640': modify order #40938428 buy 0.01 EURUSD at 1.12132 sl: 1.11712 tp: 1.15740 -> sl: 1.11712 tp: 1.15794
0	19:45:53.115	'1809640': order #40938428 buy 0.01 EURUSD at 1.12132 was modified -> sl: 1.11712 tp: 1.15794
0	19:45:53.180	'1809640': modify order #41341230 buy 0.01 EURUSD at 1.13774 sl: 1.13346 tp: 1.15936 -> sl: 1.13346 tp: 1.15989
0	19:45:53.504	'1809640': order #41341230 buy 0.01 EURUSD at 1.13774 was modified -> sl: 1.13346 tp: 1.15989
0	19:45:53.602	'1809640': modify order #41343940 buy 0.01 EURUSD at 1.13967 sl: 1.13582 tp: 1.14470 -> sl: 1.13582 tp: 1.14471
0	19:45:53.963	'1809640': order #41343940 buy 0.01 EURUSD at 1.13967 was modified -> sl: 1.13582 tp: 1.14471
0	19:46:10.230	'1809640': modify order #40815726 buy 0.01 EURUSD at 1.11699 sl: 1.11275 tp: 1.15791 -> sl: 1.11275 tp: 1.15796
0	19:46:10.786	'1809640': order #40815726 buy 0.01 EURUSD at 1.11699 was modified -> sl: 1.11275 tp: 1.15796
0	19:46:10.786	'1809640': modify order #40938428 buy 0.01 EURUSD at 1.12132 sl: 1.11712 tp: 1.15794 -> sl: 1.11712 tp: 1.15797
0	19:46:11.337	'1809640': order #40938428 buy 0.01 EURUSD at 1.12132 was modified -> sl: 1.11712 tp: 1.15797
0	19:46:11.337	'1809640': modify order #41341230 buy 0.01 EURUSD at 1.13774 sl: 1.13346 tp: 1.15989 -> sl: 1.13346 tp: 1.15991
0	19:46:11.795	'1809640': order #41341230 buy 0.01 EURUSD at 1.13774 was modified -> sl: 1.13346 tp: 1.15991
0	19:46:11.827	'1809640': modify order #41343940 buy 0.01 EURUSD at 1.13967 sl: 1.13582 tp: 1.14471 -> sl: 1.13582 tp: 1.14493
0	19:46:12.278	'1809640': order #41343940 buy 0.01 EURUSD at 1.13967 was modified -> sl: 1.13582 tp: 1.14493
0	19:48:10.959	'1809640': modify order #40798279 buy 0.01 EURUSD at 1.11575 sl: 1.11154 tp: 1.14774 -> sl: 1.11154 tp: 1.14777
0	19:48:11.547	'1809640': order #40798279 buy 0.01 EURUSD at 1.11575 was modified -> sl: 1.11154 tp: 1.14777
0	19:48:11.547	'1809640': modify order #40918976 buy 0.01 EURUSD at 1.11935 sl: 1.11503 tp: 1.14771 -> sl: 1.11503 tp: 1.14777
0	19:48:12.034	'1809640': order #40918976 buy 0.01 EURUSD at 1.11935 was modified -> sl: 1.11503 tp: 1.14777
0	19:48:12.134	'1809640': modify order #40921178 buy 0.01 EURUSD at 1.11892 sl: 1.11469 tp: 1.14773 -> sl: 1.11469 tp: 1.14776
0	19:48:12.587	'1809640': order #40921178 buy 0.01 EURUSD at 1.11892 was modified -> sl: 1.11469 tp: 1.14776
0	19:48:33.194	'1809640': modify order #40798279 buy 0.01 EURUSD at 1.11575 sl: 1.11154 tp: 1.14777 -> sl: 1.11154 tp: 1.14783
0	19:48:34.335	'1809640': order #40798279 buy 0.01 EURUSD at 1.11575 was modified -> sl: 1.11154 tp: 1.14783
0	19:48:34.335	'1809640': modify order #40918976 buy 0.01 EURUSD at 1.11935 sl: 1.11503 tp: 1.14777 -> sl: 1.11503 tp: 1.14783
0	19:48:34.696	'1809640': order #40918976 buy 0.01 EURUSD at 1.11935 was modified -> sl: 1.11503 tp: 1.14783
0	19:48:34.696	'1809640': modify order #40921178 buy 0.01 EURUSD at 1.11892 sl: 1.11469 tp: 1.14776 -> sl: 1.11469 tp: 1.14785
0	19:48:35.187	'1809640': order #40921178 buy 0.01 EURUSD at 1.11892 was modified -> sl: 1.11469 tp: 1.14785
0	19:51:50.497	'1809640': modify order #40798279 buy 0.01 EURUSD at 1.11575 sl: 1.11154 tp: 1.14783 -> sl: 1.11154 tp: 1.14798
0	19:51:50.983	'1809640': order #40798279 buy 0.01 EURUSD at 1.11575 was modified -> sl: 1.11154 tp: 1.14798
0	19:51:50.983	'1809640': modify order #40918976 buy 0.01 EURUSD at 1.11935 sl: 1.11503 tp: 1.14783 -> sl: 1.11503 tp: 1.14798
0	19:51:51.433	'1809640': order #40918976 buy 0.01 EURUSD at 1.11935 was modified -> sl: 1.11503 tp: 1.14798
0	19:51:51.433	'1809640': modify order #40921178 buy 0.01 EURUSD at 1.11892 sl: 1.11469 tp: 1.14785 -> sl: 1.11469 tp: 1.14798
0	19:51:51.790	'1809640': order #40921178 buy 0.01 EURUSD at 1.11892 was modified -> sl: 1.11469 tp: 1.14798
0	19:51:51.790	'1809640': modify order #41343940 buy 0.01 EURUSD at 1.13967 sl: 1.13582 tp: 1.14493 -> sl: 1.13582 tp: 1.14506
0	19:51:52.215	'1809640': order #41343940 buy 0.01 EURUSD at 1.13967 was modified -> sl: 1.13582 tp: 1.14506
0	19:51:52.215	'1809640': order #41347052 sell 0.01 EURUSD at 1.13937 closed due stop-loss at price 1.14365
0	19:53:36.831	'1809640': modify order #40798279 buy 0.01 EURUSD at 1.11575 sl: 1.11154 tp: 1.14798 -> sl: 1.11154 tp: 1.14824
0	19:53:37.610	'1809640': order #40798279 buy 0.01 EURUSD at 1.11575 was modified -> sl: 1.11154 tp: 1.14824
0	19:53:37.610	'1809640': modify order #40815726 buy 0.01 EURUSD at 1.11699 sl: 1.11275 tp: 1.15796 -> sl: 1.11275 tp: 1.15827
0	19:53:38.004	'1809640': order #40815726 buy 0.01 EURUSD at 1.11699 was modified -> sl: 1.11275 tp: 1.15827
0	19:53:38.069	'1809640': modify order #40918976 buy 0.01 EURUSD at 1.11935 sl: 1.11503 tp: 1.14798 -> sl: 1.11503 tp: 1.14825
0	19:53:38.556	'1809640': order #40918976 buy 0.01 EURUSD at 1.11935 was modified -> sl: 1.11503 tp: 1.14825
0	19:53:38.587	'1809640': modify order #40921178 buy 0.01 EURUSD at 1.11892 sl: 1.11469 tp: 1.14798 -> sl: 1.11469 tp: 1.14824
0	19:53:38.979	'1809640': order #40921178 buy 0.01 EURUSD at 1.11892 was modified -> sl: 1.11469 tp: 1.14824
0	19:53:39.011	'1809640': modify order #40938428 buy 0.01 EURUSD at 1.12132 sl: 1.11712 tp: 1.15797 -> sl: 1.11712 tp: 1.15826
0	19:53:39.304	'1809640': order #40938428 buy 0.01 EURUSD at 1.12132 was modified -> sl: 1.11712 tp: 1.15826
0	19:53:39.369	'1809640': modify order #41341230 buy 0.01 EURUSD at 1.13774 sl: 1.13346 tp: 1.15991 -> sl: 1.13346 tp: 1.16021
0	19:53:39.731	'1809640': order #41341230 buy 0.01 EURUSD at 1.13774 was modified -> sl: 1.13346 tp: 1.16021
0	19:53:39.759	'1809640': modify order #41343940 buy 0.01 EURUSD at 1.13967 sl: 1.13582 tp: 1.14506 -> sl: 1.13582 tp: 1.14509
0	19:53:40.120	'1809640': order #41343940 buy 0.01 EURUSD at 1.13967 was modified -> sl: 1.13582 tp: 1.14509
0	19:54:46.360	'1809640': modify order #40815726 buy 0.01 EURUSD at 1.11699 sl: 1.11275 tp: 1.15827 -> sl: 1.11275 tp: 1.15882
0	19:54:47.111	'1809640': order #40815726 buy 0.01 EURUSD at 1.11699 was modified -> sl: 1.11275 tp: 1.15882
0	19:54:47.143	'1809640': modify order #40938428 buy 0.01 EURUSD at 1.12132 sl: 1.11712 tp: 1.15826 -> sl: 1.11712 tp: 1.15882
0	19:54:47.602	'1809640': order #40938428 buy 0.01 EURUSD at 1.12132 was modified -> sl: 1.11712 tp: 1.15882
0	19:54:47.634	'1809640': modify order #41341230 buy 0.01 EURUSD at 1.13774 sl: 1.13346 tp: 1.16021 -> sl: 1.13346 tp: 1.16077
0	19:54:47.993	'1809640': order #41341230 buy 0.01 EURUSD at 1.13774 was modified -> sl: 1.13346 tp: 1.16077
0	19:58:22.966	'1809640': modify order #40798279 buy 0.01 EURUSD at 1.11575 sl: 1.11154 tp: 1.14824 -> sl: 1.11154 tp: 1.14833
0	19:58:23.815	'1809640': order #40798279 buy 0.01 EURUSD at 1.11575 was modified -> sl: 1.11154 tp: 1.14833
0	19:58:23.815	'1809640': modify order #40815726 buy 0.01 EURUSD at 1.11699 sl: 1.11275 tp: 1.15882 -> sl: 1.11275 tp: 1.15886
0	19:58:24.330	'1809640': order #40815726 buy 0.01 EURUSD at 1.11699 was modified -> sl: 1.11275 tp: 1.15886
0	19:58:24.395	'1809640': modify order #40918976 buy 0.01 EURUSD at 1.11935 sl: 1.11503 tp: 1.14825 -> sl: 1.11503 tp: 1.14833
0	19:58:24.853	'1809640': order #40918976 buy 0.01 EURUSD at 1.11935 was modified -> sl: 1.11503 tp: 1.14833
0	19:58:24.918	'1809640': modify order #40921178 buy 0.01 EURUSD at 1.11892 sl: 1.11469 tp: 1.14824 -> sl: 1.11469 tp: 1.14833
0	19:58:25.215	'1809640': order #40921178 buy 0.01 EURUSD at 1.11892 was modified -> sl: 1.11469 tp: 1.14833
0	19:58:25.280	'1809640': modify order #40938428 buy 0.01 EURUSD at 1.12132 sl: 1.11712 tp: 1.15882 -> sl: 1.11712 tp: 1.15885
0	19:58:25.739	'1809640': order #40938428 buy 0.01 EURUSD at 1.12132 was modified -> sl: 1.11712 tp: 1.15885
0	19:58:25.804	'1809640': modify order #41341230 buy 0.01 EURUSD at 1.13774 sl: 1.13346 tp: 1.16077 -> sl: 1.13346 tp: 1.16079
0	19:58:26.194	'1809640': order #41341230 buy 0.01 EURUSD at 1.13774 was modified -> sl: 1.13346 tp: 1.16079
0	19:58:26.194	'1809640': modify order #41343940 buy 0.01 EURUSD at 1.13967 sl: 1.13582 tp: 1.14509 -> sl: 1.13582 tp: 1.14515
0	19:58:26.652	'1809640': order #41343940 buy 0.01 EURUSD at 1.13967 was modified -> sl: 1.13582 tp: 1.14515
0	19:59:23.105	'1809640': modify order #40798279 buy 0.01 EURUSD at 1.11575 sl: 1.11154 tp: 1.14833 -> sl: 1.11154 tp: 1.14853
0	19:59:23.624	'1809640': order #40798279 buy 0.01 EURUSD at 1.11575 was modified -> sl: 1.11154 tp: 1.14853
0	19:59:23.624	'1809640': modify order #40815726 buy 0.01 EURUSD at 1.11699 sl: 1.11275 tp: 1.15886 -> sl: 1.11275 tp: 1.15901
0	19:59:23.852	'1809640': order #40815726 buy 0.01 EURUSD at 1.11699 was modified -> sl: 1.11275 tp: 1.15901
0	19:59:23.852	'1809640': modify order #40918976 buy 0.01 EURUSD at 1.11935 sl: 1.11503 tp: 1.14833 -> sl: 1.11503 tp: 1.14851
0	19:59:24.404	'1809640': order #40918976 buy 0.01 EURUSD at 1.11935 was modified -> sl: 1.11503 tp: 1.14851
0	19:59:24.404	'1809640': modify order #40921178 buy 0.01 EURUSD at 1.11892 sl: 1.11469 tp: 1.14833 -> sl: 1.11469 tp: 1.14852
0	19:59:24.830	'1809640': order #40921178 buy 0.01 EURUSD at 1.11892 was modified -> sl: 1.11469 tp: 1.14852
0	19:59:24.830	'1809640': modify order #40938428 buy 0.01 EURUSD at 1.12132 sl: 1.11712 tp: 1.15885 -> sl: 1.11712 tp: 1.15901
0	19:59:25.252	'1809640': order #40938428 buy 0.01 EURUSD at 1.12132 was modified -> sl: 1.11712 tp: 1.15901
0	19:59:25.252	'1809640': modify order #41341230 buy 0.01 EURUSD at 1.13774 sl: 1.13346 tp: 1.16079 -> sl: 1.13346 tp: 1.16096
0	19:59:25.581	'1809640': order #41341230 buy 0.01 EURUSD at 1.13774 was modified -> sl: 1.13346 tp: 1.16096
0	19:59:25.614	'1809640': modify order #41343940 buy 0.01 EURUSD at 1.13967 sl: 1.13582 tp: 1.14515 -> sl: 1.13582 tp: 1.14516
0	19:59:26.036	'1809640': order #41343940 buy 0.01 EURUSD at 1.13967 was modified -> sl: 1.13582 tp: 1.14516
0	20:05:37.707	'1809640': modify order #41343940 buy 0.01 EURUSD at 1.13967 sl: 1.13582 tp: 1.14516 -> sl: 1.13582 tp: 1.14517
0	20:05:38.259	'1809640': order #41343940 buy 0.01 EURUSD at 1.13967 was modified -> sl: 1.13582 tp: 1.14517
0	20:27:31.735	'1809640': modify order #41343940 buy 0.01 EURUSD at 1.13967 sl: 1.13582 tp: 1.14517 -> sl: 1.13582 tp: 1.14531
0	20:27:32.092	'1809640': order #41343940 buy 0.01 EURUSD at 1.13967 was modified -> sl: 1.13582 tp: 1.14531
0	20:27:44.330	'1809640': modify order #41343940 buy 0.01 EURUSD at 1.13967 sl: 1.13582 tp: 1.14531 -> sl: 1.13582 tp: 1.14535
0	20:27:45.864	'1809640': order #41343940 buy 0.01 EURUSD at 1.13967 was modified -> sl: 1.13582 tp: 1.14535
0	20:28:53.265	'1809640': modify order #41343940 buy 0.01 EURUSD at 1.13967 sl: 1.13582 tp: 1.14535 -> sl: 1.13582 tp: 1.14536
0	20:28:54.177	'1809640': order #41343940 buy 0.01 EURUSD at 1.13967 was modified -> sl: 1.13582 tp: 1.14536
0	20:31:00.031	'1809640': modify order #41343940 buy 0.01 EURUSD at 1.13967 sl: 1.13582 tp: 1.14536 -> sl: 1.13582 tp: 1.14541
0	20:31:00.682	'1809640': order #41343940 buy 0.01 EURUSD at 1.13967 was modified -> sl: 1.13582 tp: 1.14541
0	20:34:28.725	'1809640': modify order #41343940 buy 0.01 EURUSD at 1.13967 sl: 1.13582 tp: 1.14541 -> sl: 1.13582 tp: 1.14543
0	20:34:29.198	'1809640': order #41343940 buy 0.01 EURUSD at 1.13967 was modified -> sl: 1.13582 tp: 1.14543
0	20:39:24.041	'1809640': modify order #41343940 buy 0.01 EURUSD at 1.13967 sl: 1.13582 tp: 1.14543 -> sl: 1.13582 tp: 1.14547
0	20:39:24.693	'1809640': order #41343940 buy 0.01 EURUSD at 1.13967 was modified -> sl: 1.13582 tp: 1.14547
0	20:41:18.659	'1809640': modify order #41343940 buy 0.01 EURUSD at 1.13967 sl: 1.13582 tp: 1.14547 -> sl: 1.13582 tp: 1.14559
0	20:41:19.234	'1809640': order #41343940 buy 0.01 EURUSD at 1.13967 was modified -> sl: 1.13582 tp: 1.14559
0	20:45:26.057	'1809640': modify order #41343940 buy 0.01 EURUSD at 1.13967 sl: 1.13582 tp: 1.14559 -> sl: 1.13582 tp: 1.14574
0	20:45:26.637	'1809640': order #41343940 buy 0.01 EURUSD at 1.13967 was modified -> sl: 1.13582 tp: 1.14574
0	20:57:27.841	'1809640': modify order #41343940 buy 0.01 EURUSD at 1.13967 sl: 1.13582 tp: 1.14574 -> sl: 1.13582 tp: 1.14586
0	20:57:28.591	'1809640': order #41343940 buy 0.01 EURUSD at 1.13967 was modified -> sl: 1.13582 tp: 1.14586
0	20:58:18.355	'1809640': modify order #41343940 buy 0.01 EURUSD at 1.13967 sl: 1.13582 tp: 1.14586 -> sl: 1.13582 tp: 1.14587
0	20:58:18.649	'1809640': order #41343940 buy 0.01 EURUSD at 1.13967 was modified -> sl: 1.13582 tp: 1.14587
0	20:59:44.313	'1809640': modify order #41343940 buy 0.01 EURUSD at 1.13967 sl: 1.13582 tp: 1.14587 -> sl: 1.13582 tp: 1.14605
0	20:59:44.787	'1809640': order #41343940 buy 0.01 EURUSD at 1.13967 was modified -> sl: 1.13582 tp: 1.14605
1	21:43:41.231	'1809640': connect failed [No connection]
0	21:44:10.726	'1809640': login on Tripleafx-FX-Demo through FX-Demo-01
0	21:44:25.443	'1809640': ping to current access point FX-Demo-01 is 124.74 ms
1	21:45:02.494	MQL4 Market: failed to load products
0	23:03:25.103	'1809640': order buy market 0.01 EURUSD sl: 1.13738 tp: 1.14918
0	23:03:25.790	'1809640': order was opened : #41360326 buy 0.01 EURUSD at 1.14164 sl: 1.13738 tp: 1.14918
0	23:07:44.168	'1809640': order buy market 0.01 EURUSD sl: 1.13703 tp: 1.14400
0	23:07:44.752	'1809640': order was opened : #41360552 buy 0.01 EURUSD at 1.14128 sl: 1.13703 tp: 1.14400
0	23:12:37.310	'1809640': order buy market 0.01 EURUSD sl: 1.13715 tp: 1.14579
0	23:12:37.671	'1809640': order was opened : #41360754 buy 0.01 EURUSD at 1.14140 sl: 1.13715 tp: 1.14579
0	23:12:37.833	'1809640': modify order #41360754 buy 0.01 EURUSD at 1.14140 sl: 1.13715 tp: 1.14579 -> sl: 1.13715 tp: 1.14582
0	23:12:38.353	'1809640': order #41360754 buy 0.01 EURUSD at 1.14140 was modified -> sl: 1.13715 tp: 1.14582
0	23:16:54.921	'1809640': order buy market 0.01 EURUSD sl: 1.13660 tp: 1.14524
0	23:16:55.698	'1809640': order was opened : #41360963 buy 0.01 EURUSD at 1.14084 sl: 1.13660 tp: 1.14524
0	23:19:16.070	'1809640': modify order #41347557 sell 0.01 EURUSD at 1.14028 sl: 1.14460 tp: 1.13558 -> sl: 1.14460 tp: 1.13539
0	23:19:16.468	'1809640': order #41347557 sell 0.01 EURUSD at 1.14028 was modified -> sl: 1.14460 tp: 1.13539
0	23:19:16.760	'1809640': modify order #41348643 sell 0.01 EURUSD at 1.13999 sl: 1.14430 tp: 1.13560 -> sl: 1.14430 tp: 1.13539
0	23:19:17.156	'1809640': order #41348643 sell 0.01 EURUSD at 1.13999 was modified -> sl: 1.14430 tp: 1.13539
0	23:21:47.526	'1809640': modify order #41347557 sell 0.01 EURUSD at 1.14028 sl: 1.14460 tp: 1.13539 -> sl: 1.14460 tp: 1.13498
0	23:21:48.752	'1809640': order #41347557 sell 0.01 EURUSD at 1.14028 was modified -> sl: 1.14460 tp: 1.13498
0	23:21:49.211	'1809640': modify order #41348643 sell 0.01 EURUSD at 1.13999 sl: 1.14430 tp: 1.13539 -> sl: 1.14430 tp: 1.13499
0	23:21:49.564	'1809640': order #41348643 sell 0.01 EURUSD at 1.13999 was modified -> sl: 1.14430 tp: 1.13499
0	23:23:38.725	'1809640': modify order #41347557 sell 0.01 EURUSD at 1.14028 sl: 1.14460 tp: 1.13498 -> sl: 1.14460 tp: 1.13472
0	23:23:39.276	'1809640': order #41347557 sell 0.01 EURUSD at 1.14028 was modified -> sl: 1.14460 tp: 1.13472
0	23:23:39.341	'1809640': modify order #41348643 sell 0.01 EURUSD at 1.13999 sl: 1.14430 tp: 1.13499 -> sl: 1.14430 tp: 1.13472
0	23:23:39.532	'1809640': order #41348643 sell 0.01 EURUSD at 1.13999 was modified -> sl: 1.14430 tp: 1.13472
0	23:24:32.127	'1809640': modify order #41347557 sell 0.01 EURUSD at 1.14028 sl: 1.14460 tp: 1.13472 -> sl: 1.14460 tp: 1.13469
0	23:24:32.521	'1809640': order #41347557 sell 0.01 EURUSD at 1.14028 was modified -> sl: 1.14460 tp: 1.13469
0	23:24:32.619	'1809640': modify order #41348643 sell 0.01 EURUSD at 1.13999 sl: 1.14430 tp: 1.13472 -> sl: 1.14430 tp: 1.13469
0	23:24:33.073	'1809640': order #41348643 sell 0.01 EURUSD at 1.13999 was modified -> sl: 1.14430 tp: 1.13469
0	23:25:02.584	'1809640': modify order #41347557 sell 0.01 EURUSD at 1.14028 sl: 1.14460 tp: 1.13469 -> sl: 1.14460 tp: 1.13465
0	23:25:03.107	'1809640': order #41347557 sell 0.01 EURUSD at 1.14028 was modified -> sl: 1.14460 tp: 1.13465
0	23:25:03.107	'1809640': modify order #41348643 sell 0.01 EURUSD at 1.13999 sl: 1.14430 tp: 1.13469 -> sl: 1.14430 tp: 1.13465
0	23:25:03.437	'1809640': order #41348643 sell 0.01 EURUSD at 1.13999 was modified -> sl: 1.14430 tp: 1.13465
