1	01:11:19.764	'1809640': connect failed [No connection]
1	01:11:33.125	'1809640': modification of order #41700584 sell 0.01 EURUSD at 1.11981 sl: 1.12402 tp: 1.11311 -> sl: 1.12402 tp: 1.11266 failed [Common error]
1	01:11:34.205	'1809640': modification of order #41701364 sell 0.01 EURUSD at 1.11966 sl: 1.12387 tp: 1.11311 -> sl: 1.12387 tp: 1.11266 failed [Common error]
1	01:11:34.205	'1809640': modification of order #41703563 sell 0.01 EURUSD at 1.12086 sl: 1.12505 tp: 1.11311 -> sl: 1.12505 tp: 1.11266 failed [Common error]
1	01:11:34.205	'1809640': modification of order #41703742 sell 0.01 EURUSD at 1.12094 sl: 1.12518 tp: 1.11311 -> sl: 1.12518 tp: 1.11266 failed [Common error]
1	01:11:34.205	'1809640': modification of order #41703945 sell 0.01 EURUSD at 1.12098 sl: 1.12528 tp: 1.11311 -> sl: 1.12528 tp: 1.11266 failed [Common error]
0	01:11:48.699	'1809640': login on Tripleafx-FX-Demo through FX-Demo-01
0	01:12:01.657	'1809640': ping to current access point FX-Demo-01 is 94.82 ms
1	01:12:41.049	MQL4 Market: failed to load products
0	01:13:02.281	'1809640': modify order #41700584 sell 0.01 EURUSD at 1.11981 sl: 1.12402 tp: 1.11311 -> sl: 1.12402 tp: 1.11260
0	01:13:03.256	'1809640': order #41700584 sell 0.01 EURUSD at 1.11981 was modified -> sl: 1.12402 tp: 1.11260
0	01:13:03.483	'1809640': modify order #41701364 sell 0.01 EURUSD at 1.11966 sl: 1.12387 tp: 1.11311 -> sl: 1.12387 tp: 1.11260
0	01:13:03.970	'1809640': order #41701364 sell 0.01 EURUSD at 1.11966 was modified -> sl: 1.12387 tp: 1.11260
0	01:13:04.003	'1809640': modify order #41703563 sell 0.01 EURUSD at 1.12086 sl: 1.12505 tp: 1.11311 -> sl: 1.12505 tp: 1.11260
0	01:13:04.424	'1809640': order #41703563 sell 0.01 EURUSD at 1.12086 was modified -> sl: 1.12505 tp: 1.11260
0	01:13:04.424	'1809640': modify order #41703742 sell 0.01 EURUSD at 1.12094 sl: 1.12518 tp: 1.11311 -> sl: 1.12518 tp: 1.11261
0	01:13:04.846	'1809640': order #41703742 sell 0.01 EURUSD at 1.12094 was modified -> sl: 1.12518 tp: 1.11261
0	01:13:04.879	'1809640': modify order #41703945 sell 0.01 EURUSD at 1.12098 sl: 1.12528 tp: 1.11311 -> sl: 1.12528 tp: 1.11260
0	01:13:05.240	'1809640': order #41703945 sell 0.01 EURUSD at 1.12098 was modified -> sl: 1.12528 tp: 1.11260
0	01:26:43.421	'1809640': modify order #41700584 sell 0.01 EURUSD at 1.11981 sl: 1.12402 tp: 1.11260 -> sl: 1.12402 tp: 1.11239
0	01:26:44.134	'1809640': order #41700584 sell 0.01 EURUSD at 1.11981 was modified -> sl: 1.12402 tp: 1.11239
0	01:26:44.167	'1809640': modify order #41701364 sell 0.01 EURUSD at 1.11966 sl: 1.12387 tp: 1.11260 -> sl: 1.12387 tp: 1.11241
0	01:26:44.523	'1809640': order #41701364 sell 0.01 EURUSD at 1.11966 was modified -> sl: 1.12387 tp: 1.11241
0	01:26:44.588	'1809640': modify order #41703563 sell 0.01 EURUSD at 1.12086 sl: 1.12505 tp: 1.11260 -> sl: 1.12505 tp: 1.11240
0	01:26:45.038	'1809640': order #41703563 sell 0.01 EURUSD at 1.12086 was modified -> sl: 1.12505 tp: 1.11240
0	01:26:45.171	'1809640': modify order #41703742 sell 0.01 EURUSD at 1.12094 sl: 1.12518 tp: 1.11261 -> sl: 1.12518 tp: 1.11240
0	01:26:45.723	'1809640': order #41703742 sell 0.01 EURUSD at 1.12094 was modified -> sl: 1.12518 tp: 1.11240
0	01:26:45.723	'1809640': modify order #41703945 sell 0.01 EURUSD at 1.12098 sl: 1.12528 tp: 1.11260 -> sl: 1.12528 tp: 1.11239
0	01:26:46.274	'1809640': order #41703945 sell 0.01 EURUSD at 1.12098 was modified -> sl: 1.12528 tp: 1.11239
0	01:31:12.198	'1809640': modify order #41700584 sell 0.01 EURUSD at 1.11981 sl: 1.12402 tp: 1.11239 -> sl: 1.12402 tp: 1.11201
0	01:31:12.949	'1809640': order #41700584 sell 0.01 EURUSD at 1.11981 was modified -> sl: 1.12402 tp: 1.11201
0	01:31:12.949	'1809640': modify order #41701364 sell 0.01 EURUSD at 1.11966 sl: 1.12387 tp: 1.11241 -> sl: 1.12387 tp: 1.11201
0	01:31:13.405	'1809640': order #41701364 sell 0.01 EURUSD at 1.11966 was modified -> sl: 1.12387 tp: 1.11201
0	01:31:13.405	'1809640': modify order #41703563 sell 0.01 EURUSD at 1.12086 sl: 1.12505 tp: 1.11240 -> sl: 1.12505 tp: 1.11201
0	01:31:13.765	'1809640': order #41703563 sell 0.01 EURUSD at 1.12086 was modified -> sl: 1.12505 tp: 1.11201
0	01:31:13.765	'1809640': modify order #41703742 sell 0.01 EURUSD at 1.12094 sl: 1.12518 tp: 1.11240 -> sl: 1.12518 tp: 1.11200
0	01:31:14.216	'1809640': order #41703742 sell 0.01 EURUSD at 1.12094 was modified -> sl: 1.12518 tp: 1.11200
0	01:31:14.216	'1809640': modify order #41703945 sell 0.01 EURUSD at 1.12098 sl: 1.12528 tp: 1.11239 -> sl: 1.12528 tp: 1.11201
0	01:31:14.711	'1809640': order #41703945 sell 0.01 EURUSD at 1.12098 was modified -> sl: 1.12528 tp: 1.11201
0	06:39:53.933	'1809640': modify order #41668254 buy 0.01 EURUSD at 1.11570 sl: 1.11141 tp: 1.12555 -> sl: 1.11141 tp: 1.12596
0	06:39:56.238	'1809640': order #41668254 buy 0.01 EURUSD at 1.11570 was modified -> sl: 1.11141 tp: 1.12596
0	06:39:56.266	'1809640': modify order #41677547 buy 0.01 EURUSD at 1.11315 sl: 1.10883 tp: 1.12553 -> sl: 1.10883 tp: 1.12599
0	06:39:56.720	'1809640': order #41677547 buy 0.01 EURUSD at 1.11315 was modified -> sl: 1.10883 tp: 1.12599
0	06:39:56.753	'1809640': modify order #41700323 buy 0.01 EURUSD at 1.12014 sl: 1.11583 tp: 1.12555 -> sl: 1.11583 tp: 1.12599
0	06:39:57.141	'1809640': order #41700323 buy 0.01 EURUSD at 1.12014 was modified -> sl: 1.11583 tp: 1.12599
0	06:39:57.437	'1809640': modify order #41701079 buy 0.01 EURUSD at 1.11968 sl: 1.11547 tp: 1.12555 -> sl: 1.11547 tp: 1.12597
0	06:39:57.859	'1809640': order #41701079 buy 0.01 EURUSD at 1.11968 was modified -> sl: 1.11547 tp: 1.12597
0	06:48:28.110	'1809640': modify order #41700914 buy 0.01 EURUSD at 1.11956 sl: 1.11533 tp: 1.12248 -> sl: 1.11533 tp: 1.12251
0	06:48:28.634	'1809640': order #41700914 buy 0.01 EURUSD at 1.11956 was modified -> sl: 1.11533 tp: 1.12251
0	07:26:47.271	'1809640': modify order #41668254 buy 0.01 EURUSD at 1.11570 sl: 1.11141 tp: 1.12596 -> sl: 1.11141 tp: 1.12602
0	07:26:47.887	'1809640': order #41668254 buy 0.01 EURUSD at 1.11570 was modified -> sl: 1.11141 tp: 1.12602
0	07:26:47.887	'1809640': modify order #41677547 buy 0.01 EURUSD at 1.11315 sl: 1.10883 tp: 1.12599 -> sl: 1.10883 tp: 1.12604
0	07:26:48.345	'1809640': order #41677547 buy 0.01 EURUSD at 1.11315 was modified -> sl: 1.10883 tp: 1.12604
0	07:26:48.345	'1809640': modify order #41700323 buy 0.01 EURUSD at 1.12014 sl: 1.11583 tp: 1.12599 -> sl: 1.11583 tp: 1.12601
0	07:26:48.702	'1809640': order #41700323 buy 0.01 EURUSD at 1.12014 was modified -> sl: 1.11583 tp: 1.12601
0	07:26:48.702	'1809640': modify order #41701079 buy 0.01 EURUSD at 1.11968 sl: 1.11547 tp: 1.12597 -> sl: 1.11547 tp: 1.12603
0	07:26:49.091	'1809640': order #41701079 buy 0.01 EURUSD at 1.11968 was modified -> sl: 1.11547 tp: 1.12603
0	07:36:06.186	'1809640': modify order #41668254 buy 0.01 EURUSD at 1.11570 sl: 1.11141 tp: 1.12602 -> sl: 1.11141 tp: 1.12606
0	07:36:06.802	'1809640': order #41668254 buy 0.01 EURUSD at 1.11570 was modified -> sl: 1.11141 tp: 1.12606
0	07:36:06.901	'1809640': modify order #41677547 buy 0.01 EURUSD at 1.11315 sl: 1.10883 tp: 1.12604 -> sl: 1.10883 tp: 1.12608
0	07:36:07.350	'1809640': order #41677547 buy 0.01 EURUSD at 1.11315 was modified -> sl: 1.10883 tp: 1.12608
0	07:36:07.350	'1809640': modify order #41700323 buy 0.01 EURUSD at 1.12014 sl: 1.11583 tp: 1.12601 -> sl: 1.11583 tp: 1.12608
0	07:36:07.807	'1809640': order #41700323 buy 0.01 EURUSD at 1.12014 was modified -> sl: 1.11583 tp: 1.12608
0	07:36:07.870	'1809640': modify order #41701079 buy 0.01 EURUSD at 1.11968 sl: 1.11547 tp: 1.12603 -> sl: 1.11547 tp: 1.12608
0	07:36:08.454	'1809640': order #41701079 buy 0.01 EURUSD at 1.11968 was modified -> sl: 1.11547 tp: 1.12608
0	07:36:15.557	'1809640': modify order #41668254 buy 0.01 EURUSD at 1.11570 sl: 1.11141 tp: 1.12606 -> sl: 1.11141 tp: 1.12624
0	07:36:16.276	'1809640': order #41668254 buy 0.01 EURUSD at 1.11570 was modified -> sl: 1.11141 tp: 1.12624
0	07:36:16.276	'1809640': modify order #41677547 buy 0.01 EURUSD at 1.11315 sl: 1.10883 tp: 1.12608 -> sl: 1.10883 tp: 1.12623
0	07:36:16.692	'1809640': order #41677547 buy 0.01 EURUSD at 1.11315 was modified -> sl: 1.10883 tp: 1.12623
0	07:36:16.692	'1809640': modify order #41700323 buy 0.01 EURUSD at 1.12014 sl: 1.11583 tp: 1.12608 -> sl: 1.11583 tp: 1.12622
0	07:36:17.085	'1809640': order #41700323 buy 0.01 EURUSD at 1.12014 was modified -> sl: 1.11583 tp: 1.12622
0	07:36:17.085	'1809640': modify order #41701079 buy 0.01 EURUSD at 1.11968 sl: 1.11547 tp: 1.12608 -> sl: 1.11547 tp: 1.12622
0	07:36:17.474	'1809640': order #41701079 buy 0.01 EURUSD at 1.11968 was modified -> sl: 1.11547 tp: 1.12622
0	07:45:09.042	'1809640': modify order #41700914 buy 0.01 EURUSD at 1.11956 sl: 1.11533 tp: 1.12251 -> sl: 1.11533 tp: 1.12253
0	07:45:09.692	'1809640': order #41700914 buy 0.01 EURUSD at 1.11956 was modified -> sl: 1.11533 tp: 1.12253
0	08:01:50.580	'1809640': order #41683215 sell 0.01 EURUSD at 1.11819 closed due stop-loss at price 1.12236
0	08:02:35.606	'1809640': modify order #41668254 buy 0.01 EURUSD at 1.11570 sl: 1.11141 tp: 1.12624 -> sl: 1.11141 tp: 1.12641
0	08:02:36.130	'1809640': order #41668254 buy 0.01 EURUSD at 1.11570 was modified -> sl: 1.11141 tp: 1.12641
0	08:02:36.130	'1809640': modify order #41677547 buy 0.01 EURUSD at 1.11315 sl: 1.10883 tp: 1.12623 -> sl: 1.10883 tp: 1.12642
0	08:02:36.451	'1809640': order #41677547 buy 0.01 EURUSD at 1.11315 was modified -> sl: 1.10883 tp: 1.12642
0	08:02:36.451	'1809640': modify order #41700323 buy 0.01 EURUSD at 1.12014 sl: 1.11583 tp: 1.12622 -> sl: 1.11583 tp: 1.12642
0	08:02:36.902	'1809640': order #41700323 buy 0.01 EURUSD at 1.12014 was modified -> sl: 1.11583 tp: 1.12642
0	08:02:36.966	'1809640': modify order #41701079 buy 0.01 EURUSD at 1.11968 sl: 1.11547 tp: 1.12622 -> sl: 1.11547 tp: 1.12642
0	08:02:37.261	'1809640': order #41701079 buy 0.01 EURUSD at 1.11968 was modified -> sl: 1.11547 tp: 1.12642
0	08:03:09.265	'1809640': order sell market 0.01 EURUSD sl: 1.12551 tp: 1.12024
0	08:03:09.683	'1809640': order was opened : #41740894 sell 0.01 EURUSD at 1.12127 sl: 1.12551 tp: 1.12024
0	08:05:04.064	'1809640': order #41740894 sell 0.01 EURUSD at 1.12127 closed due take-profit at price 1.12024
0	08:08:43.456	'1809640': order sell market 0.01 EURUSD sl: 1.12428 tp: 1.11755
0	08:08:44.629	'1809640': order was opened : #41741357 sell 0.01 EURUSD at 1.11998 sl: 1.12428 tp: 1.11755
0	08:09:05.051	'1809640': modify order #41700914 buy 0.01 EURUSD at 1.11956 sl: 1.11533 tp: 1.12253 -> sl: 1.11533 tp: 1.12254
0	08:09:05.575	'1809640': order #41700914 buy 0.01 EURUSD at 1.11956 was modified -> sl: 1.11533 tp: 1.12254
0	08:10:54.074	'1809640': modify order #41700914 buy 0.01 EURUSD at 1.11956 sl: 1.11533 tp: 1.12254 -> sl: 1.11533 tp: 1.12264
0	08:10:54.435	'1809640': order #41700914 buy 0.01 EURUSD at 1.11956 was modified -> sl: 1.11533 tp: 1.12264
0	08:10:54.435	'1809640': modify order #41741357 sell 0.01 EURUSD at 1.11998 sl: 1.12428 tp: 1.11755 -> sl: 1.12428 tp: 1.11684
0	08:10:54.954	'1809640': order #41741357 sell 0.01 EURUSD at 1.11998 was modified -> sl: 1.12428 tp: 1.11684
0	08:13:50.105	'1809640': modify order #41700914 buy 0.01 EURUSD at 1.11956 sl: 1.11533 tp: 1.12264 -> sl: 1.11533 tp: 1.12279
0	08:13:51.406	'1809640': order #41700914 buy 0.01 EURUSD at 1.11956 was modified -> sl: 1.11533 tp: 1.12279
0	08:13:51.439	'1809640': modify order #41741357 sell 0.01 EURUSD at 1.11998 sl: 1.12428 tp: 1.11684 -> sl: 1.12428 tp: 1.11621
0	08:13:51.763	'1809640': order #41741357 sell 0.01 EURUSD at 1.11998 was modified -> sl: 1.12428 tp: 1.11621
0	08:15:43.497	'1809640': modify order #41700914 buy 0.01 EURUSD at 1.11956 sl: 1.11533 tp: 1.12279 -> sl: 1.11533 tp: 1.12284
0	08:15:44.053	'1809640': order #41700914 buy 0.01 EURUSD at 1.11956 was modified -> sl: 1.11533 tp: 1.12284
0	08:18:04.581	'1809640': modify order #41741357 sell 0.01 EURUSD at 1.11998 sl: 1.12428 tp: 1.11621 -> sl: 1.12428 tp: 1.11599
0	08:18:05.689	'1809640': order #41741357 sell 0.01 EURUSD at 1.11998 was modified -> sl: 1.12428 tp: 1.11599
0	08:20:43.133	'1809640': modify order #41741357 sell 0.01 EURUSD at 1.11998 sl: 1.12428 tp: 1.11599 -> sl: 1.12428 tp: 1.11472
0	08:20:44.205	'1809640': order #41741357 sell 0.01 EURUSD at 1.11998 was modified -> sl: 1.12428 tp: 1.11472
0	08:22:18.529	'1809640': modify order #41741357 sell 0.01 EURUSD at 1.11998 sl: 1.12428 tp: 1.11472 -> sl: 1.12428 tp: 1.11459
0	08:22:19.019	'1809640': order #41741357 sell 0.01 EURUSD at 1.11998 was modified -> sl: 1.12428 tp: 1.11459
0	08:33:58.159	'1809640': modify order #41741357 sell 0.01 EURUSD at 1.11998 sl: 1.12428 tp: 1.11459 -> sl: 1.12428 tp: 1.11458
0	08:33:58.715	'1809640': order #41741357 sell 0.01 EURUSD at 1.11998 was modified -> sl: 1.12428 tp: 1.11458
0	10:48:56.516	'1809640': order #41682819 sell 0.01 EURUSD at 1.11853 closed due stop-loss at price 1.12256
0	10:48:56.549	'1809640': order #41684125 sell 0.01 EURUSD at 1.11831 closed due stop-loss at price 1.12253
0	10:48:59.960	'1809640': order #41700914 buy 0.01 EURUSD at 1.11956 closed due take-profit at price 1.12284
0	10:49:09.758	'1809640': order #41538289 sell 0.01 EURUSD at 1.11947 closed due stop-loss at price 1.12369
0	10:49:45.289	'1809640': order buy market 0.01 EURUSD sl: 1.11912 tp: 1.12774
0	10:49:48.051	'1809640': order was opened : #41752104 buy 0.01 EURUSD at 1.12332 sl: 1.11912 tp: 1.12774
0	10:50:12.772	'1809640': order #41701364 sell 0.01 EURUSD at 1.11966 closed due stop-loss at price 1.12387
0	10:51:00.056	'1809640': modify order #41668254 buy 0.01 EURUSD at 1.11570 sl: 1.11141 tp: 1.12641 -> sl: 1.11141 tp: 1.12813
0	10:51:01.132	'1809640': order #41668254 buy 0.01 EURUSD at 1.11570 was modified -> sl: 1.11141 tp: 1.12813
0	10:51:01.197	'1809640': modify order #41677547 buy 0.01 EURUSD at 1.11315 sl: 1.10883 tp: 1.12642 -> sl: 1.10883 tp: 1.12812
0	10:51:01.619	'1809640': order #41677547 buy 0.01 EURUSD at 1.11315 was modified -> sl: 1.10883 tp: 1.12812
0	10:51:01.813	'1809640': modify order #41700323 buy 0.01 EURUSD at 1.12014 sl: 1.11583 tp: 1.12642 -> sl: 1.11583 tp: 1.12813
0	10:51:02.142	'1809640': order #41700323 buy 0.01 EURUSD at 1.12014 was modified -> sl: 1.11583 tp: 1.12813
0	10:51:02.142	'1809640': modify order #41701079 buy 0.01 EURUSD at 1.11968 sl: 1.11547 tp: 1.12642 -> sl: 1.11547 tp: 1.12812
0	10:51:02.597	'1809640': order #41701079 buy 0.01 EURUSD at 1.11968 was modified -> sl: 1.11547 tp: 1.12812
0	10:51:02.662	'1809640': modify order #41752104 buy 0.01 EURUSD at 1.12332 sl: 1.11912 tp: 1.12774 -> sl: 1.11912 tp: 1.12813
0	10:51:03.182	'1809640': order #41752104 buy 0.01 EURUSD at 1.12332 was modified -> sl: 1.11912 tp: 1.12813
0	10:55:18.342	'1809640': order buy market 0.01 EURUSD sl: 1.11860 tp: 1.12411
0	10:55:18.898	'1809640': order was opened : #41752729 buy 0.01 EURUSD at 1.12281 sl: 1.11860 tp: 1.12411
0	10:55:25.590	'1809640': modify order #41752729 buy 0.01 EURUSD at 1.12281 sl: 1.11860 tp: 1.12411 -> sl: 1.11860 tp: 1.12412
0	10:55:26.114	'1809640': order #41752729 buy 0.01 EURUSD at 1.12281 was modified -> sl: 1.11860 tp: 1.12412
0	10:56:54.210	'1809640': modify order #41752729 buy 0.01 EURUSD at 1.12281 sl: 1.11860 tp: 1.12412 -> sl: 1.11860 tp: 1.12422
0	10:56:54.927	'1809640': order #41752729 buy 0.01 EURUSD at 1.12281 was modified -> sl: 1.11860 tp: 1.12422
0	11:00:00.444	'1809640': modify order #41752729 buy 0.01 EURUSD at 1.12281 sl: 1.11860 tp: 1.12422 -> sl: 1.11860 tp: 1.12444
0	11:00:01.185	'1809640': order #41752729 buy 0.01 EURUSD at 1.12281 was modified -> sl: 1.11860 tp: 1.12444
0	11:00:46.051	'1809640': order sell market 0.01 EURUSD sl: 1.12713 tp: 1.11851
0	11:00:46.891	'1809640': order was opened : #41753302 sell 0.01 EURUSD at 1.12291 sl: 1.12713 tp: 1.11851
0	11:03:08.733	'1809640': modify order #41752729 buy 0.01 EURUSD at 1.12281 sl: 1.11860 tp: 1.12444 -> sl: 1.11860 tp: 1.12465
0	11:03:09.220	'1809640': order #41752729 buy 0.01 EURUSD at 1.12281 was modified -> sl: 1.11860 tp: 1.12465
0	11:03:09.220	'1809640': modify order #41753302 sell 0.01 EURUSD at 1.12291 sl: 1.12713 tp: 1.11851 -> sl: 1.12713 tp: 1.11834
0	11:03:09.706	'1809640': order #41753302 sell 0.01 EURUSD at 1.12291 was modified -> sl: 1.12713 tp: 1.11834
0	11:04:11.805	'1809640': modify order #41752729 buy 0.01 EURUSD at 1.12281 sl: 1.11860 tp: 1.12465 -> sl: 1.11860 tp: 1.12479
0	11:04:12.626	'1809640': order #41752729 buy 0.01 EURUSD at 1.12281 was modified -> sl: 1.11860 tp: 1.12479
0	11:05:45.534	'1809640': modify order #41752729 buy 0.01 EURUSD at 1.12281 sl: 1.11860 tp: 1.12479 -> sl: 1.11860 tp: 1.12487
0	11:05:46.183	'1809640': order #41752729 buy 0.01 EURUSD at 1.12281 was modified -> sl: 1.11860 tp: 1.12487
0	11:06:35.461	'1809640': order sell market 0.01 EURUSD sl: 1.12751 tp: 1.11890
0	11:06:36.638	'1809640': order was opened : #41753761 sell 0.01 EURUSD at 1.12330 sl: 1.12751 tp: 1.11890
0	11:07:51.502	'1809640': modify order #41752729 buy 0.01 EURUSD at 1.12281 sl: 1.11860 tp: 1.12487 -> sl: 1.11860 tp: 1.12491
0	11:07:52.642	'1809640': order #41752729 buy 0.01 EURUSD at 1.12281 was modified -> sl: 1.11860 tp: 1.12491
0	11:07:52.671	'1809640': modify order #41753761 sell 0.01 EURUSD at 1.12330 sl: 1.12751 tp: 1.11890 -> sl: 1.12751 tp: 1.11877
0	11:07:53.450	'1809640': order #41753761 sell 0.01 EURUSD at 1.12330 was modified -> sl: 1.12751 tp: 1.11877
0	11:08:24.069	'1809640': order #41700584 sell 0.01 EURUSD at 1.11981 closed due stop-loss at price 1.12402
0	11:08:26.353	'1809640': order #41741357 sell 0.01 EURUSD at 1.11998 closed due stop-loss at price 1.12428
0	11:08:28.244	'1809640': order #41566518 sell 0.01 EURUSD at 1.12012 closed due stop-loss at price 1.12437
0	11:11:16.559	'1809640': modify order #41668254 buy 0.01 EURUSD at 1.11570 sl: 1.11141 tp: 1.12813 -> sl: 1.11141 tp: 1.12859
0	11:11:17.796	'1809640': order #41668254 buy 0.01 EURUSD at 1.11570 was modified -> sl: 1.11141 tp: 1.12859
0	11:11:17.796	'1809640': modify order #41677547 buy 0.01 EURUSD at 1.11315 sl: 1.10883 tp: 1.12812 -> sl: 1.10883 tp: 1.12859
0	11:11:18.510	'1809640': order #41677547 buy 0.01 EURUSD at 1.11315 was modified -> sl: 1.10883 tp: 1.12859
0	11:11:18.510	'1809640': modify order #41700323 buy 0.01 EURUSD at 1.12014 sl: 1.11583 tp: 1.12813 -> sl: 1.11583 tp: 1.12859
0	11:11:18.903	'1809640': order #41700323 buy 0.01 EURUSD at 1.12014 was modified -> sl: 1.11583 tp: 1.12859
0	11:11:18.903	'1809640': modify order #41701079 buy 0.01 EURUSD at 1.11968 sl: 1.11547 tp: 1.12812 -> sl: 1.11547 tp: 1.12859
0	11:11:19.298	'1809640': order #41701079 buy 0.01 EURUSD at 1.11968 was modified -> sl: 1.11547 tp: 1.12859
0	11:11:19.394	'1809640': modify order #41752104 buy 0.01 EURUSD at 1.12332 sl: 1.11912 tp: 1.12813 -> sl: 1.11912 tp: 1.12859
0	11:11:19.654	'1809640': order #41752104 buy 0.01 EURUSD at 1.12332 was modified -> sl: 1.11912 tp: 1.12859
0	11:11:59.419	'1809640': order sell market 0.01 EURUSD sl: 1.12808 tp: 1.11949
0	11:12:00.170	'1809640': order was opened : #41754372 sell 0.01 EURUSD at 1.12389 sl: 1.12808 tp: 1.11949
0	11:13:07.510	'1809640': modify order #41752729 buy 0.01 EURUSD at 1.12281 sl: 1.11860 tp: 1.12491 -> sl: 1.11860 tp: 1.12513
0	11:13:07.939	'1809640': order #41752729 buy 0.01 EURUSD at 1.12281 was modified -> sl: 1.11860 tp: 1.12513
0	11:13:07.939	'1809640': modify order #41754372 sell 0.01 EURUSD at 1.12389 sl: 1.12808 tp: 1.11949 -> sl: 1.12808 tp: 1.11943
0	11:13:08.427	'1809640': order #41754372 sell 0.01 EURUSD at 1.12389 was modified -> sl: 1.12808 tp: 1.11943
0	11:15:55.289	'1809640': modify order #41754372 sell 0.01 EURUSD at 1.12389 sl: 1.12808 tp: 1.11943 -> sl: 1.12808 tp: 1.11923
0	11:15:55.808	'1809640': order #41754372 sell 0.01 EURUSD at 1.12389 was modified -> sl: 1.12808 tp: 1.11923
0	11:16:08.498	'1809640': order sell market 0.01 EURUSD sl: 1.12804 tp: 1.11944
0	11:16:09.115	'1809640': order was opened : #41754692 sell 0.01 EURUSD at 1.12384 sl: 1.12804 tp: 1.11944
0	11:17:04.340	'1809640': modify order #41668254 buy 0.01 EURUSD at 1.11570 sl: 1.11141 tp: 1.12859 -> sl: 1.11141 tp: 1.12882
0	11:17:04.854	'1809640': order #41668254 buy 0.01 EURUSD at 1.11570 was modified -> sl: 1.11141 tp: 1.12882
0	11:17:04.919	'1809640': modify order #41677547 buy 0.01 EURUSD at 1.11315 sl: 1.10883 tp: 1.12859 -> sl: 1.10883 tp: 1.12881
0	11:17:05.216	'1809640': order #41677547 buy 0.01 EURUSD at 1.11315 was modified -> sl: 1.10883 tp: 1.12881
0	11:17:05.345	'1809640': modify order #41700323 buy 0.01 EURUSD at 1.12014 sl: 1.11583 tp: 1.12859 -> sl: 1.11583 tp: 1.12883
0	11:17:05.638	'1809640': order #41700323 buy 0.01 EURUSD at 1.12014 was modified -> sl: 1.11583 tp: 1.12883
0	11:17:05.638	'1809640': modify order #41701079 buy 0.01 EURUSD at 1.11968 sl: 1.11547 tp: 1.12859 -> sl: 1.11547 tp: 1.12882
0	11:17:06.060	'1809640': order #41701079 buy 0.01 EURUSD at 1.11968 was modified -> sl: 1.11547 tp: 1.12882
0	11:17:06.194	'1809640': modify order #41752104 buy 0.01 EURUSD at 1.12332 sl: 1.11912 tp: 1.12859 -> sl: 1.11912 tp: 1.12882
0	11:17:06.616	'1809640': order #41752104 buy 0.01 EURUSD at 1.12332 was modified -> sl: 1.11912 tp: 1.12882
0	11:18:57.065	'1809640': modify order #41754692 sell 0.01 EURUSD at 1.12384 sl: 1.12804 tp: 1.11944 -> sl: 1.12804 tp: 1.11939
0	11:18:57.978	'1809640': order #41754692 sell 0.01 EURUSD at 1.12384 was modified -> sl: 1.12804 tp: 1.11939
0	11:19:31.799	'1809640': modify order #41752729 buy 0.01 EURUSD at 1.12281 sl: 1.11860 tp: 1.12513 -> sl: 1.11860 tp: 1.12514
0	11:19:32.354	'1809640': order #41752729 buy 0.01 EURUSD at 1.12281 was modified -> sl: 1.11860 tp: 1.12514
0	11:19:32.354	'1809640': modify order #41754692 sell 0.01 EURUSD at 1.12384 sl: 1.12804 tp: 1.11939 -> sl: 1.12804 tp: 1.11937
0	11:19:32.743	'1809640': order #41754692 sell 0.01 EURUSD at 1.12384 was modified -> sl: 1.12804 tp: 1.11937
0	11:20:18.451	'1809640': order sell market 0.01 EURUSD sl: 1.12784 tp: 1.11925
0	11:20:19.040	'1809640': order was opened : #41754994 sell 0.01 EURUSD at 1.12369 sl: 1.12784 tp: 1.11925
0	11:20:19.040	'1809640': modify order #41754692 sell 0.01 EURUSD at 1.12384 sl: 1.12804 tp: 1.11937 -> sl: 1.12804 tp: 1.11929
0	11:20:19.461	'1809640': order #41754692 sell 0.01 EURUSD at 1.12384 was modified -> sl: 1.12804 tp: 1.11929
0	11:22:04.669	'1809640': modify order #41752729 buy 0.01 EURUSD at 1.12281 sl: 1.11860 tp: 1.12514 -> sl: 1.11860 tp: 1.12515
0	11:22:05.550	'1809640': order #41752729 buy 0.01 EURUSD at 1.12281 was modified -> sl: 1.11860 tp: 1.12515
0	11:24:10.159	'1809640': modify order #41754372 sell 0.01 EURUSD at 1.12389 sl: 1.12808 tp: 1.11923 -> sl: 1.12808 tp: 1.11921
0	11:24:10.841	'1809640': order #41754372 sell 0.01 EURUSD at 1.12389 was modified -> sl: 1.12808 tp: 1.11921
0	11:24:10.841	'1809640': modify order #41754692 sell 0.01 EURUSD at 1.12384 sl: 1.12804 tp: 1.11929 -> sl: 1.12804 tp: 1.11921
0	11:24:11.361	'1809640': order #41754692 sell 0.01 EURUSD at 1.12384 was modified -> sl: 1.12804 tp: 1.11921
0	11:24:11.425	'1809640': modify order #41754994 sell 0.01 EURUSD at 1.12369 sl: 1.12784 tp: 1.11925 -> sl: 1.12784 tp: 1.11920
0	11:24:11.850	'1809640': order #41754994 sell 0.01 EURUSD at 1.12369 was modified -> sl: 1.12784 tp: 1.11920
0	11:25:19.020	'1809640': modify order #41752729 buy 0.01 EURUSD at 1.12281 sl: 1.11860 tp: 1.12515 -> sl: 1.11860 tp: 1.12519
0	11:25:19.783	'1809640': order #41752729 buy 0.01 EURUSD at 1.12281 was modified -> sl: 1.11860 tp: 1.12519
0	11:27:39.736	'1809640': modify order #41668254 buy 0.01 EURUSD at 1.11570 sl: 1.11141 tp: 1.12882 -> sl: 1.11141 tp: 1.12883
0	11:27:40.676	'1809640': order #41668254 buy 0.01 EURUSD at 1.11570 was modified -> sl: 1.11141 tp: 1.12883
0	11:27:40.740	'1809640': modify order #41677547 buy 0.01 EURUSD at 1.11315 sl: 1.10883 tp: 1.12881 -> sl: 1.10883 tp: 1.12882
0	11:27:41.199	'1809640': order #41677547 buy 0.01 EURUSD at 1.11315 was modified -> sl: 1.10883 tp: 1.12882
0	11:28:53.032	'1809640': modify order #41668254 buy 0.01 EURUSD at 1.11570 sl: 1.11141 tp: 1.12883 -> sl: 1.11141 tp: 1.12896
0	11:28:53.583	'1809640': order #41668254 buy 0.01 EURUSD at 1.11570 was modified -> sl: 1.11141 tp: 1.12896
0	11:28:53.583	'1809640': modify order #41677547 buy 0.01 EURUSD at 1.11315 sl: 1.10883 tp: 1.12882 -> sl: 1.10883 tp: 1.12896
0	11:28:54.005	'1809640': order #41677547 buy 0.01 EURUSD at 1.11315 was modified -> sl: 1.10883 tp: 1.12896
0	11:28:54.037	'1809640': modify order #41700323 buy 0.01 EURUSD at 1.12014 sl: 1.11583 tp: 1.12883 -> sl: 1.11583 tp: 1.12896
0	11:28:54.556	'1809640': order #41700323 buy 0.01 EURUSD at 1.12014 was modified -> sl: 1.11583 tp: 1.12896
0	11:28:54.556	'1809640': modify order #41701079 buy 0.01 EURUSD at 1.11968 sl: 1.11547 tp: 1.12882 -> sl: 1.11547 tp: 1.12897
0	11:28:54.982	'1809640': order #41701079 buy 0.01 EURUSD at 1.11968 was modified -> sl: 1.11547 tp: 1.12897
0	11:28:54.982	'1809640': modify order #41752104 buy 0.01 EURUSD at 1.12332 sl: 1.11912 tp: 1.12882 -> sl: 1.11912 tp: 1.12898
0	11:28:55.404	'1809640': order #41752104 buy 0.01 EURUSD at 1.12332 was modified -> sl: 1.11912 tp: 1.12898
0	11:30:29.656	'1809640': modify order #41668254 buy 0.01 EURUSD at 1.11570 sl: 1.11141 tp: 1.12896 -> sl: 1.11141 tp: 1.12902
0	11:30:32.222	'1809640': order #41668254 buy 0.01 EURUSD at 1.11570 was modified -> sl: 1.11141 tp: 1.12902
0	11:30:32.222	'1809640': modify order #41677547 buy 0.01 EURUSD at 1.11315 sl: 1.10883 tp: 1.12896 -> sl: 1.10883 tp: 1.12900
0	11:30:32.549	'1809640': order #41677547 buy 0.01 EURUSD at 1.11315 was modified -> sl: 1.10883 tp: 1.12900
0	11:30:32.549	'1809640': modify order #41700323 buy 0.01 EURUSD at 1.12014 sl: 1.11583 tp: 1.12896 -> sl: 1.11583 tp: 1.12900
0	11:30:32.908	'1809640': order #41700323 buy 0.01 EURUSD at 1.12014 was modified -> sl: 1.11583 tp: 1.12900
0	11:30:32.908	'1809640': modify order #41701079 buy 0.01 EURUSD at 1.11968 sl: 1.11547 tp: 1.12897 -> sl: 1.11547 tp: 1.12900
0	11:30:33.459	'1809640': order #41701079 buy 0.01 EURUSD at 1.11968 was modified -> sl: 1.11547 tp: 1.12900
0	11:30:33.459	'1809640': modify order #41752104 buy 0.01 EURUSD at 1.12332 sl: 1.11912 tp: 1.12898 -> sl: 1.11912 tp: 1.12900
0	11:30:33.784	'1809640': order #41752104 buy 0.01 EURUSD at 1.12332 was modified -> sl: 1.11912 tp: 1.12900
0	11:33:55.658	'1809640': modify order #41668254 buy 0.01 EURUSD at 1.11570 sl: 1.11141 tp: 1.12902 -> sl: 1.11141 tp: 1.12904
0	11:33:56.270	'1809640': order #41668254 buy 0.01 EURUSD at 1.11570 was modified -> sl: 1.11141 tp: 1.12904
0	11:33:56.270	'1809640': modify order #41677547 buy 0.01 EURUSD at 1.11315 sl: 1.10883 tp: 1.12900 -> sl: 1.10883 tp: 1.12905
0	11:33:56.663	'1809640': order #41677547 buy 0.01 EURUSD at 1.11315 was modified -> sl: 1.10883 tp: 1.12905
0	11:33:56.728	'1809640': modify order #41700323 buy 0.01 EURUSD at 1.12014 sl: 1.11583 tp: 1.12900 -> sl: 1.11583 tp: 1.12903
0	11:33:57.182	'1809640': order #41700323 buy 0.01 EURUSD at 1.12014 was modified -> sl: 1.11583 tp: 1.12903
0	11:33:57.247	'1809640': modify order #41701079 buy 0.01 EURUSD at 1.11968 sl: 1.11547 tp: 1.12900 -> sl: 1.11547 tp: 1.12904
0	11:33:57.702	'1809640': order #41701079 buy 0.01 EURUSD at 1.11968 was modified -> sl: 1.11547 tp: 1.12904
0	11:33:57.702	'1809640': modify order #41752104 buy 0.01 EURUSD at 1.12332 sl: 1.11912 tp: 1.12900 -> sl: 1.11912 tp: 1.12904
0	11:33:58.091	'1809640': order #41752104 buy 0.01 EURUSD at 1.12332 was modified -> sl: 1.11912 tp: 1.12904
0	11:33:58.258	'1809640': modify order #41752729 buy 0.01 EURUSD at 1.12281 sl: 1.11860 tp: 1.12519 -> sl: 1.11860 tp: 1.12532
0	11:33:58.647	'1809640': order #41752729 buy 0.01 EURUSD at 1.12281 was modified -> sl: 1.11860 tp: 1.12532
0	11:35:26.615	'1809640': modify order #41752729 buy 0.01 EURUSD at 1.12281 sl: 1.11860 tp: 1.12532 -> sl: 1.11860 tp: 1.12534
0	11:35:27.134	'1809640': order #41752729 buy 0.01 EURUSD at 1.12281 was modified -> sl: 1.11860 tp: 1.12534
0	11:37:29.399	'1809640': modify order #41752729 buy 0.01 EURUSD at 1.12281 sl: 1.11860 tp: 1.12534 -> sl: 1.11860 tp: 1.12536
0	11:37:29.982	'1809640': order #41752729 buy 0.01 EURUSD at 1.12281 was modified -> sl: 1.11860 tp: 1.12536
0	11:38:54.131	'1809640': modify order #41668254 buy 0.01 EURUSD at 1.11570 sl: 1.11141 tp: 1.12904 -> sl: 1.11141 tp: 1.12909
0	11:38:54.553	'1809640': order #41668254 buy 0.01 EURUSD at 1.11570 was modified -> sl: 1.11141 tp: 1.12909
0	11:38:54.682	'1809640': modify order #41677547 buy 0.01 EURUSD at 1.11315 sl: 1.10883 tp: 1.12905 -> sl: 1.10883 tp: 1.12909
0	11:38:55.136	'1809640': order #41677547 buy 0.01 EURUSD at 1.11315 was modified -> sl: 1.10883 tp: 1.12909
0	11:38:55.136	'1809640': modify order #41700323 buy 0.01 EURUSD at 1.12014 sl: 1.11583 tp: 1.12903 -> sl: 1.11583 tp: 1.12909
0	11:38:55.596	'1809640': order #41700323 buy 0.01 EURUSD at 1.12014 was modified -> sl: 1.11583 tp: 1.12909
0	11:38:55.720	'1809640': modify order #41701079 buy 0.01 EURUSD at 1.11968 sl: 1.11547 tp: 1.12904 -> sl: 1.11547 tp: 1.12909
0	11:38:56.243	'1809640': order #41701079 buy 0.01 EURUSD at 1.11968 was modified -> sl: 1.11547 tp: 1.12909
0	11:38:56.308	'1809640': modify order #41752104 buy 0.01 EURUSD at 1.12332 sl: 1.11912 tp: 1.12904 -> sl: 1.11912 tp: 1.12909
0	11:38:56.702	'1809640': order #41752104 buy 0.01 EURUSD at 1.12332 was modified -> sl: 1.11912 tp: 1.12909
0	11:38:56.737	'1809640': modify order #41752729 buy 0.01 EURUSD at 1.12281 sl: 1.11860 tp: 1.12536 -> sl: 1.11860 tp: 1.12547
0	11:38:57.059	'1809640': order #41752729 buy 0.01 EURUSD at 1.12281 was modified -> sl: 1.11860 tp: 1.12547
0	11:42:01.534	'1809640': modify order #41668254 buy 0.01 EURUSD at 1.11570 sl: 1.11141 tp: 1.12909 -> sl: 1.11141 tp: 1.12915
0	11:42:02.508	'1809640': order #41668254 buy 0.01 EURUSD at 1.11570 was modified -> sl: 1.11141 tp: 1.12915
0	11:42:02.508	'1809640': modify order #41677547 buy 0.01 EURUSD at 1.11315 sl: 1.10883 tp: 1.12909 -> sl: 1.10883 tp: 1.12917
0	11:42:02.837	'1809640': order #41677547 buy 0.01 EURUSD at 1.11315 was modified -> sl: 1.10883 tp: 1.12917
0	11:42:02.837	'1809640': modify order #41700323 buy 0.01 EURUSD at 1.12014 sl: 1.11583 tp: 1.12909 -> sl: 1.11583 tp: 1.12917
0	11:42:03.247	'1809640': order #41700323 buy 0.01 EURUSD at 1.12014 was modified -> sl: 1.11583 tp: 1.12917
0	11:42:03.247	'1809640': modify order #41701079 buy 0.01 EURUSD at 1.11968 sl: 1.11547 tp: 1.12909 -> sl: 1.11547 tp: 1.12918
0	11:42:03.738	'1809640': order #41701079 buy 0.01 EURUSD at 1.11968 was modified -> sl: 1.11547 tp: 1.12918
0	11:42:03.738	'1809640': modify order #41752104 buy 0.01 EURUSD at 1.12332 sl: 1.11912 tp: 1.12909 -> sl: 1.11912 tp: 1.12918
0	11:42:04.063	'1809640': order #41752104 buy 0.01 EURUSD at 1.12332 was modified -> sl: 1.11912 tp: 1.12918
0	11:42:04.065	'1809640': modify order #41752729 buy 0.01 EURUSD at 1.12281 sl: 1.11860 tp: 1.12547 -> sl: 1.11860 tp: 1.12556
0	11:42:04.615	'1809640': order #41752729 buy 0.01 EURUSD at 1.12281 was modified -> sl: 1.11860 tp: 1.12556
0	11:44:02.922	'1809640': order #41703563 sell 0.01 EURUSD at 1.12086 closed due stop-loss at price 1.12505
0	11:44:40.909	'1809640': modify order #41668254 buy 0.01 EURUSD at 1.11570 sl: 1.11141 tp: 1.12915 -> sl: 1.11141 tp: 1.12930
0	11:44:41.493	'1809640': order #41668254 buy 0.01 EURUSD at 1.11570 was modified -> sl: 1.11141 tp: 1.12930
0	11:44:41.493	'1809640': modify order #41677547 buy 0.01 EURUSD at 1.11315 sl: 1.10883 tp: 1.12917 -> sl: 1.10883 tp: 1.12930
0	11:44:41.850	'1809640': order #41677547 buy 0.01 EURUSD at 1.11315 was modified -> sl: 1.10883 tp: 1.12930
0	11:44:41.980	'1809640': modify order #41700323 buy 0.01 EURUSD at 1.12014 sl: 1.11583 tp: 1.12917 -> sl: 1.11583 tp: 1.12930
0	11:44:42.409	'1809640': order #41700323 buy 0.01 EURUSD at 1.12014 was modified -> sl: 1.11583 tp: 1.12930
0	11:44:42.409	'1809640': modify order #41701079 buy 0.01 EURUSD at 1.11968 sl: 1.11547 tp: 1.12918 -> sl: 1.11547 tp: 1.12930
0	11:44:42.828	'1809640': order #41701079 buy 0.01 EURUSD at 1.11968 was modified -> sl: 1.11547 tp: 1.12930
0	11:44:43.022	'1809640': modify order #41752104 buy 0.01 EURUSD at 1.12332 sl: 1.11912 tp: 1.12918 -> sl: 1.11912 tp: 1.12930
0	11:44:43.573	'1809640': order #41752104 buy 0.01 EURUSD at 1.12332 was modified -> sl: 1.11912 tp: 1.12930
0	11:44:43.606	'1809640': modify order #41752729 buy 0.01 EURUSD at 1.12281 sl: 1.11860 tp: 1.12556 -> sl: 1.11860 tp: 1.12559
0	11:44:44.060	'1809640': order #41752729 buy 0.01 EURUSD at 1.12281 was modified -> sl: 1.11860 tp: 1.12559
0	11:45:16.244	'1809640': order buy market 0.01 EURUSD sl: 1.12082 tp: 1.12941
0	11:45:16.730	'1809640': order was opened : #41756871 buy 0.01 EURUSD at 1.12493 sl: 1.12082 tp: 1.12941
0	11:45:27.487	'1809640': modify order #41668254 buy 0.01 EURUSD at 1.11570 sl: 1.11141 tp: 1.12930 -> sl: 1.11141 tp: 1.12934
0	11:45:28.367	'1809640': order #41668254 buy 0.01 EURUSD at 1.11570 was modified -> sl: 1.11141 tp: 1.12934
0	11:45:28.469	'1809640': modify order #41677547 buy 0.01 EURUSD at 1.11315 sl: 1.10883 tp: 1.12930 -> sl: 1.10883 tp: 1.12934
0	11:45:28.890	'1809640': order #41677547 buy 0.01 EURUSD at 1.11315 was modified -> sl: 1.10883 tp: 1.12934
0	11:45:29.121	'1809640': modify order #41700323 buy 0.01 EURUSD at 1.12014 sl: 1.11583 tp: 1.12930 -> sl: 1.11583 tp: 1.12934
0	11:45:29.608	'1809640': order #41700323 buy 0.01 EURUSD at 1.12014 was modified -> sl: 1.11583 tp: 1.12934
0	11:45:29.674	'1809640': modify order #41701079 buy 0.01 EURUSD at 1.11968 sl: 1.11547 tp: 1.12930 -> sl: 1.11547 tp: 1.12934
0	11:45:30.034	'1809640': order #41701079 buy 0.01 EURUSD at 1.11968 was modified -> sl: 1.11547 tp: 1.12934
0	11:45:30.200	'1809640': modify order #41752104 buy 0.01 EURUSD at 1.12332 sl: 1.11912 tp: 1.12930 -> sl: 1.11912 tp: 1.12934
0	11:45:30.621	'1809640': order #41752104 buy 0.01 EURUSD at 1.12332 was modified -> sl: 1.11912 tp: 1.12934
0	11:45:30.621	'1809640': modify order #41752729 buy 0.01 EURUSD at 1.12281 sl: 1.11860 tp: 1.12559 -> sl: 1.11860 tp: 1.12565
0	11:45:31.049	'1809640': order #41752729 buy 0.01 EURUSD at 1.12281 was modified -> sl: 1.11860 tp: 1.12565
0	11:45:35.940	'1809640': modify order #41668254 buy 0.01 EURUSD at 1.11570 sl: 1.11141 tp: 1.12934 -> sl: 1.11141 tp: 1.12950
0	11:45:36.494	'1809640': order #41668254 buy 0.01 EURUSD at 1.11570 was modified -> sl: 1.11141 tp: 1.12950
0	11:45:36.559	'1809640': modify order #41677547 buy 0.01 EURUSD at 1.11315 sl: 1.10883 tp: 1.12934 -> sl: 1.10883 tp: 1.12950
0	11:45:37.241	'1809640': order #41677547 buy 0.01 EURUSD at 1.11315 was modified -> sl: 1.10883 tp: 1.12950
0	11:45:37.277	'1809640': modify order #41700323 buy 0.01 EURUSD at 1.12014 sl: 1.11583 tp: 1.12934 -> sl: 1.11583 tp: 1.12950
0	11:45:37.634	'1809640': order #41700323 buy 0.01 EURUSD at 1.12014 was modified -> sl: 1.11583 tp: 1.12950
0	11:45:37.666	'1809640': modify order #41701079 buy 0.01 EURUSD at 1.11968 sl: 1.11547 tp: 1.12934 -> sl: 1.11547 tp: 1.12950
0	11:45:38.055	'1809640': order #41701079 buy 0.01 EURUSD at 1.11968 was modified -> sl: 1.11547 tp: 1.12950
0	11:45:38.124	'1809640': modify order #41752104 buy 0.01 EURUSD at 1.12332 sl: 1.11912 tp: 1.12934 -> sl: 1.11912 tp: 1.12950
0	11:45:38.612	'1809640': order #41752104 buy 0.01 EURUSD at 1.12332 was modified -> sl: 1.11912 tp: 1.12950
0	11:45:38.676	'1809640': modify order #41756871 buy 0.01 EURUSD at 1.12493 sl: 1.12082 tp: 1.12941 -> sl: 1.12082 tp: 1.12950
0	11:45:39.231	'1809640': order #41756871 buy 0.01 EURUSD at 1.12493 was modified -> sl: 1.12082 tp: 1.12950
0	11:46:43.605	'1809640': modify order #41668254 buy 0.01 EURUSD at 1.11570 sl: 1.11141 tp: 1.12950 -> sl: 1.11141 tp: 1.12957
0	11:46:43.897	'1809640': order #41668254 buy 0.01 EURUSD at 1.11570 was modified -> sl: 1.11141 tp: 1.12957
0	11:46:43.897	'1809640': modify order #41677547 buy 0.01 EURUSD at 1.11315 sl: 1.10883 tp: 1.12950 -> sl: 1.10883 tp: 1.12957
0	11:46:43.930	'1809640': order #41703742 sell 0.01 EURUSD at 1.12094 closed due stop-loss at price 1.12518
0	11:46:44.351	'1809640': order #41677547 buy 0.01 EURUSD at 1.11315 was modified -> sl: 1.10883 tp: 1.12957
0	11:46:44.351	'1809640': modify order #41700323 buy 0.01 EURUSD at 1.12014 sl: 1.11583 tp: 1.12950 -> sl: 1.11583 tp: 1.12958
0	11:46:44.384	'1809640': order #41703945 sell 0.01 EURUSD at 1.12098 closed due stop-loss at price 1.12528
0	11:46:44.773	'1809640': order #41700323 buy 0.01 EURUSD at 1.12014 was modified -> sl: 1.11583 tp: 1.12958
0	11:46:44.773	'1809640': modify order #41701079 buy 0.01 EURUSD at 1.11968 sl: 1.11547 tp: 1.12950 -> sl: 1.11547 tp: 1.12958
0	11:46:45.227	'1809640': order #41701079 buy 0.01 EURUSD at 1.11968 was modified -> sl: 1.11547 tp: 1.12958
0	11:46:45.259	'1809640': modify order #41752104 buy 0.01 EURUSD at 1.12332 sl: 1.11912 tp: 1.12950 -> sl: 1.11912 tp: 1.12957
0	11:46:45.684	'1809640': order #41752104 buy 0.01 EURUSD at 1.12332 was modified -> sl: 1.11912 tp: 1.12957
0	11:46:45.684	'1809640': modify order #41756871 buy 0.01 EURUSD at 1.12493 sl: 1.12082 tp: 1.12950 -> sl: 1.12082 tp: 1.12958
0	11:46:46.074	'1809640': order #41756871 buy 0.01 EURUSD at 1.12493 was modified -> sl: 1.12082 tp: 1.12958
0	11:49:29.668	'1809640': modify order #41752729 buy 0.01 EURUSD at 1.12281 sl: 1.11860 tp: 1.12565 -> sl: 1.11860 tp: 1.12588
0	11:49:30.321	'1809640': order #41752729 buy 0.01 EURUSD at 1.12281 was modified -> sl: 1.11860 tp: 1.12588
0	11:49:57.482	'1809640': order buy market 0.01 EURUSD sl: 1.12117 tp: 1.12646
0	11:49:57.969	'1809640': order was opened : #41757140 buy 0.01 EURUSD at 1.12538 sl: 1.12117 tp: 1.12646
0	11:50:50.241	'1809640': modify order #41668254 buy 0.01 EURUSD at 1.11570 sl: 1.11141 tp: 1.12957 -> sl: 1.11141 tp: 1.12984
0	11:50:50.951	'1809640': order #41668254 buy 0.01 EURUSD at 1.11570 was modified -> sl: 1.11141 tp: 1.12984
0	11:50:50.951	'1809640': modify order #41677547 buy 0.01 EURUSD at 1.11315 sl: 1.10883 tp: 1.12957 -> sl: 1.10883 tp: 1.12985
0	11:50:51.507	'1809640': order #41677547 buy 0.01 EURUSD at 1.11315 was modified -> sl: 1.10883 tp: 1.12985
0	11:50:51.572	'1809640': modify order #41700323 buy 0.01 EURUSD at 1.12014 sl: 1.11583 tp: 1.12958 -> sl: 1.11583 tp: 1.12985
0	11:50:51.929	'1809640': order #41700323 buy 0.01 EURUSD at 1.12014 was modified -> sl: 1.11583 tp: 1.12985
0	11:50:51.962	'1809640': modify order #41701079 buy 0.01 EURUSD at 1.11968 sl: 1.11547 tp: 1.12958 -> sl: 1.11547 tp: 1.12986
0	11:50:52.352	'1809640': order #41701079 buy 0.01 EURUSD at 1.11968 was modified -> sl: 1.11547 tp: 1.12986
0	11:50:52.352	'1809640': modify order #41752104 buy 0.01 EURUSD at 1.12332 sl: 1.11912 tp: 1.12957 -> sl: 1.11912 tp: 1.12986
0	11:50:52.806	'1809640': order #41752104 buy 0.01 EURUSD at 1.12332 was modified -> sl: 1.11912 tp: 1.12986
0	11:50:52.871	'1809640': modify order #41756871 buy 0.01 EURUSD at 1.12493 sl: 1.12082 tp: 1.12958 -> sl: 1.12082 tp: 1.12982
0	11:50:53.265	'1809640': order #41756871 buy 0.01 EURUSD at 1.12493 was modified -> sl: 1.12082 tp: 1.12982
0	11:53:13.364	'1809640': modify order #41668254 buy 0.01 EURUSD at 1.11570 sl: 1.11141 tp: 1.12984 -> sl: 1.11141 tp: 1.13002
0	11:53:13.953	'1809640': order #41668254 buy 0.01 EURUSD at 1.11570 was modified -> sl: 1.11141 tp: 1.13002
0	11:53:13.953	'1809640': modify order #41677547 buy 0.01 EURUSD at 1.11315 sl: 1.10883 tp: 1.12985 -> sl: 1.10883 tp: 1.13003
0	11:53:14.180	'1809640': order #41677547 buy 0.01 EURUSD at 1.11315 was modified -> sl: 1.10883 tp: 1.13003
0	11:53:14.180	'1809640': modify order #41700323 buy 0.01 EURUSD at 1.12014 sl: 1.11583 tp: 1.12985 -> sl: 1.11583 tp: 1.13002
0	11:53:14.542	'1809640': order #41700323 buy 0.01 EURUSD at 1.12014 was modified -> sl: 1.11583 tp: 1.13002
0	11:53:14.574	'1809640': modify order #41701079 buy 0.01 EURUSD at 1.11968 sl: 1.11547 tp: 1.12986 -> sl: 1.11547 tp: 1.13003
0	11:53:14.903	'1809640': order #41701079 buy 0.01 EURUSD at 1.11968 was modified -> sl: 1.11547 tp: 1.13003
0	11:53:14.968	'1809640': modify order #41752104 buy 0.01 EURUSD at 1.12332 sl: 1.11912 tp: 1.12986 -> sl: 1.11912 tp: 1.13004
0	11:53:15.357	'1809640': order #41752104 buy 0.01 EURUSD at 1.12332 was modified -> sl: 1.11912 tp: 1.13004
0	11:53:15.422	'1809640': modify order #41756871 buy 0.01 EURUSD at 1.12493 sl: 1.12082 tp: 1.12982 -> sl: 1.12082 tp: 1.13004
0	11:53:15.909	'1809640': order #41756871 buy 0.01 EURUSD at 1.12493 was modified -> sl: 1.12082 tp: 1.13004
0	11:53:16.071	'1809640': modify order #41757140 buy 0.01 EURUSD at 1.12538 sl: 1.12117 tp: 1.12646 -> sl: 1.12117 tp: 1.12681
0	11:53:16.493	'1809640': order #41757140 buy 0.01 EURUSD at 1.12538 was modified -> sl: 1.12117 tp: 1.12681
0	11:54:11.129	'1809640': modify order #41668254 buy 0.01 EURUSD at 1.11570 sl: 1.11141 tp: 1.13002 -> sl: 1.11141 tp: 1.13018
0	11:54:11.685	'1809640': order #41668254 buy 0.01 EURUSD at 1.11570 was modified -> sl: 1.11141 tp: 1.13018
0	11:54:11.717	'1809640': modify order #41677547 buy 0.01 EURUSD at 1.11315 sl: 1.10883 tp: 1.13003 -> sl: 1.10883 tp: 1.13018
0	11:54:12.107	'1809640': order #41677547 buy 0.01 EURUSD at 1.11315 was modified -> sl: 1.10883 tp: 1.13018
0	11:54:12.206	'1809640': modify order #41700323 buy 0.01 EURUSD at 1.12014 sl: 1.11583 tp: 1.13002 -> sl: 1.11583 tp: 1.13018
0	11:54:12.597	'1809640': order #41700323 buy 0.01 EURUSD at 1.12014 was modified -> sl: 1.11583 tp: 1.13018
0	11:54:12.760	'1809640': modify order #41701079 buy 0.01 EURUSD at 1.11968 sl: 1.11547 tp: 1.13003 -> sl: 1.11547 tp: 1.13018
0	11:54:13.153	'1809640': order #41701079 buy 0.01 EURUSD at 1.11968 was modified -> sl: 1.11547 tp: 1.13018
0	11:54:13.186	'1809640': modify order #41752104 buy 0.01 EURUSD at 1.12332 sl: 1.11912 tp: 1.13004 -> sl: 1.11912 tp: 1.13018
0	11:54:13.543	'1809640': order #41752104 buy 0.01 EURUSD at 1.12332 was modified -> sl: 1.11912 tp: 1.13018
0	11:54:13.675	'1809640': modify order #41756871 buy 0.01 EURUSD at 1.12493 sl: 1.12082 tp: 1.13004 -> sl: 1.12082 tp: 1.13018
0	11:54:14.063	'1809640': order #41756871 buy 0.01 EURUSD at 1.12493 was modified -> sl: 1.12082 tp: 1.13018
0	11:54:25.933	'1809640': order sell market 0.01 EURUSD sl: 1.12958 tp: 1.12098
0	11:54:26.453	'1809640': order was opened : #41757503 sell 0.01 EURUSD at 1.12541 sl: 1.12958 tp: 1.12098
0	11:54:26.550	'1809640': modify order #41752729 buy 0.01 EURUSD at 1.12281 sl: 1.11860 tp: 1.12588 -> sl: 1.11860 tp: 1.12624
0	11:54:26.814	'1809640': order #41752729 buy 0.01 EURUSD at 1.12281 was modified -> sl: 1.11860 tp: 1.12624
0	11:56:38.493	'1809640': modify order #41752729 buy 0.01 EURUSD at 1.12281 sl: 1.11860 tp: 1.12624 -> sl: 1.11860 tp: 1.12628
0	11:56:38.944	'1809640': order #41752729 buy 0.01 EURUSD at 1.12281 was modified -> sl: 1.11860 tp: 1.12628
0	11:56:38.944	'1809640': modify order #41757140 buy 0.01 EURUSD at 1.12538 sl: 1.12117 tp: 1.12681 -> sl: 1.12117 tp: 1.12708
0	11:56:39.337	'1809640': order #41757140 buy 0.01 EURUSD at 1.12538 was modified -> sl: 1.12117 tp: 1.12708
0	11:58:25.164	'1809640': modify order #41752729 buy 0.01 EURUSD at 1.12281 sl: 1.11860 tp: 1.12628 -> sl: 1.11860 tp: 1.12639
0	11:58:26.077	'1809640': order #41752729 buy 0.01 EURUSD at 1.12281 was modified -> sl: 1.11860 tp: 1.12639
0	11:58:26.077	'1809640': modify order #41757503 sell 0.01 EURUSD at 1.12541 sl: 1.12958 tp: 1.12098 -> sl: 1.12958 tp: 1.12067
0	11:58:26.499	'1809640': order #41757503 sell 0.01 EURUSD at 1.12541 was modified -> sl: 1.12958 tp: 1.12067
0	12:00:09.706	'1809640': modify order #41757503 sell 0.01 EURUSD at 1.12541 sl: 1.12958 tp: 1.12067 -> sl: 1.12958 tp: 1.12056
0	12:00:10.224	'1809640': order #41757503 sell 0.01 EURUSD at 1.12541 was modified -> sl: 1.12958 tp: 1.12056
0	12:01:20.085	'1809640': modify order #41752729 buy 0.01 EURUSD at 1.12281 sl: 1.11860 tp: 1.12639 -> sl: 1.11860 tp: 1.12640
0	12:01:20.540	'1809640': order #41752729 buy 0.01 EURUSD at 1.12281 was modified -> sl: 1.11860 tp: 1.12640
0	12:01:20.637	'1809640': modify order #41757140 buy 0.01 EURUSD at 1.12538 sl: 1.12117 tp: 1.12708 -> sl: 1.12117 tp: 1.12724
0	12:01:20.901	'1809640': order #41757140 buy 0.01 EURUSD at 1.12538 was modified -> sl: 1.12117 tp: 1.12724
0	12:02:06.222	'1809640': order sell market 0.01 EURUSD sl: 1.12940 tp: 1.12080
0	12:02:06.749	'1809640': order was opened : #41758270 sell 0.01 EURUSD at 1.12520 sl: 1.12940 tp: 1.12080
0	12:03:31.450	'1809640': modify order #41752729 buy 0.01 EURUSD at 1.12281 sl: 1.11860 tp: 1.12640 -> sl: 1.11860 tp: 1.12641
0	12:03:32.752	'1809640': order #41752729 buy 0.01 EURUSD at 1.12281 was modified -> sl: 1.11860 tp: 1.12641
0	12:03:32.752	'1809640': modify order #41757140 buy 0.01 EURUSD at 1.12538 sl: 1.12117 tp: 1.12724 -> sl: 1.12117 tp: 1.12727
0	12:03:33.109	'1809640': order #41757140 buy 0.01 EURUSD at 1.12538 was modified -> sl: 1.12117 tp: 1.12727
0	12:04:43.825	'1809640': modify order #41758270 sell 0.01 EURUSD at 1.12520 sl: 1.12940 tp: 1.12080 -> sl: 1.12940 tp: 1.12059
0	12:04:44.344	'1809640': order #41758270 sell 0.01 EURUSD at 1.12520 was modified -> sl: 1.12940 tp: 1.12059
0	12:06:21.340	'1809640': modify order #41752729 buy 0.01 EURUSD at 1.12281 sl: 1.11860 tp: 1.12641 -> sl: 1.11860 tp: 1.12643
0	12:06:22.122	'1809640': order #41752729 buy 0.01 EURUSD at 1.12281 was modified -> sl: 1.11860 tp: 1.12643
0	12:06:22.253	'1809640': modify order #41757140 buy 0.01 EURUSD at 1.12538 sl: 1.12117 tp: 1.12727 -> sl: 1.12117 tp: 1.12740
0	12:06:22.675	'1809640': order #41757140 buy 0.01 EURUSD at 1.12538 was modified -> sl: 1.12117 tp: 1.12740
0	12:06:22.707	'1809640': modify order #41757503 sell 0.01 EURUSD at 1.12541 sl: 1.12958 tp: 1.12056 -> sl: 1.12958 tp: 1.12055
0	12:06:23.129	'1809640': order #41757503 sell 0.01 EURUSD at 1.12541 was modified -> sl: 1.12958 tp: 1.12055
0	12:06:23.129	'1809640': modify order #41758270 sell 0.01 EURUSD at 1.12520 sl: 1.12940 tp: 1.12059 -> sl: 1.12940 tp: 1.12055
0	12:06:23.652	'1809640': order #41758270 sell 0.01 EURUSD at 1.12520 was modified -> sl: 1.12940 tp: 1.12055
0	12:08:27.206	'1809640': modify order #41757503 sell 0.01 EURUSD at 1.12541 sl: 1.12958 tp: 1.12055 -> sl: 1.12958 tp: 1.12006
0	12:08:27.854	'1809640': order #41757503 sell 0.01 EURUSD at 1.12541 was modified -> sl: 1.12958 tp: 1.12006
0	12:08:27.886	'1809640': modify order #41758270 sell 0.01 EURUSD at 1.12520 sl: 1.12940 tp: 1.12055 -> sl: 1.12940 tp: 1.12006
0	12:08:28.211	'1809640': order #41758270 sell 0.01 EURUSD at 1.12520 was modified -> sl: 1.12940 tp: 1.12006
0	12:14:00.749	'1809640': modify order #41757140 buy 0.01 EURUSD at 1.12538 sl: 1.12117 tp: 1.12740 -> sl: 1.12117 tp: 1.12743
0	12:14:01.629	'1809640': order #41757140 buy 0.01 EURUSD at 1.12538 was modified -> sl: 1.12117 tp: 1.12743
0	12:14:01.694	'1809640': modify order #41757503 sell 0.01 EURUSD at 1.12541 sl: 1.12958 tp: 1.12006 -> sl: 1.12958 tp: 1.11954
0	12:14:02.180	'1809640': order #41757503 sell 0.01 EURUSD at 1.12541 was modified -> sl: 1.12958 tp: 1.11954
0	12:14:02.213	'1809640': modify order #41758270 sell 0.01 EURUSD at 1.12520 sl: 1.12940 tp: 1.12006 -> sl: 1.12940 tp: 1.11954
0	12:14:02.602	'1809640': order #41758270 sell 0.01 EURUSD at 1.12520 was modified -> sl: 1.12940 tp: 1.11954
0	12:16:03.275	'1809640': modify order #41752729 buy 0.01 EURUSD at 1.12281 sl: 1.11860 tp: 1.12643 -> sl: 1.11860 tp: 1.12648
0	12:16:03.697	'1809640': order #41752729 buy 0.01 EURUSD at 1.12281 was modified -> sl: 1.11860 tp: 1.12648
0	12:18:03.885	'1809640': modify order #41752729 buy 0.01 EURUSD at 1.12281 sl: 1.11860 tp: 1.12648 -> sl: 1.11860 tp: 1.12655
0	12:18:04.762	'1809640': order #41752729 buy 0.01 EURUSD at 1.12281 was modified -> sl: 1.11860 tp: 1.12655
0	12:23:10.238	'1809640': modify order #41757503 sell 0.01 EURUSD at 1.12541 sl: 1.12958 tp: 1.11954 -> sl: 1.12958 tp: 1.11944
0	12:23:10.789	'1809640': order #41757503 sell 0.01 EURUSD at 1.12541 was modified -> sl: 1.12958 tp: 1.11944
0	12:23:10.789	'1809640': modify order #41758270 sell 0.01 EURUSD at 1.12520 sl: 1.12940 tp: 1.11954 -> sl: 1.12940 tp: 1.11945
0	12:23:11.211	'1809640': order #41758270 sell 0.01 EURUSD at 1.12520 was modified -> sl: 1.12940 tp: 1.11945
0	12:30:10.879	'1809640': modify order #41757140 buy 0.01 EURUSD at 1.12538 sl: 1.12117 tp: 1.12743 -> sl: 1.12117 tp: 1.12753
0	12:30:11.271	'1809640': order #41757140 buy 0.01 EURUSD at 1.12538 was modified -> sl: 1.12117 tp: 1.12753
0	12:30:11.336	'1809640': modify order #41757503 sell 0.01 EURUSD at 1.12541 sl: 1.12958 tp: 1.11944 -> sl: 1.12958 tp: 1.11926
0	12:30:11.887	'1809640': order #41757503 sell 0.01 EURUSD at 1.12541 was modified -> sl: 1.12958 tp: 1.11926
0	12:30:11.887	'1809640': modify order #41758270 sell 0.01 EURUSD at 1.12520 sl: 1.12940 tp: 1.11945 -> sl: 1.12940 tp: 1.11931
0	12:30:12.379	'1809640': order #41758270 sell 0.01 EURUSD at 1.12520 was modified -> sl: 1.12940 tp: 1.11931
1	12:50:06.781	'1809640': connect failed [No connection]
0	12:50:35.848	'1809640': login on Tripleafx-FX-Demo through FX-Demo-01
0	12:50:48.386	'1809640': ping to current access point FX-Demo-01 is 98.00 ms
1	12:51:33.275	MQL4 Market: failed to load products
0	13:01:33.406	'1809640': modify order #41668254 buy 0.01 EURUSD at 1.11570 sl: 1.11141 tp: 1.13018 -> sl: 1.11141 tp: 1.13034
0	13:01:33.864	'1809640': order #41668254 buy 0.01 EURUSD at 1.11570 was modified -> sl: 1.11141 tp: 1.13034
0	13:01:33.929	'1809640': modify order #41677547 buy 0.01 EURUSD at 1.11315 sl: 1.10883 tp: 1.13018 -> sl: 1.10883 tp: 1.13031
0	13:01:34.416	'1809640': order #41677547 buy 0.01 EURUSD at 1.11315 was modified -> sl: 1.10883 tp: 1.13031
0	13:01:34.513	'1809640': modify order #41700323 buy 0.01 EURUSD at 1.12014 sl: 1.11583 tp: 1.13018 -> sl: 1.11583 tp: 1.13031
0	13:01:34.903	'1809640': order #41700323 buy 0.01 EURUSD at 1.12014 was modified -> sl: 1.11583 tp: 1.13031
0	13:01:34.935	'1809640': modify order #41701079 buy 0.01 EURUSD at 1.11968 sl: 1.11547 tp: 1.13018 -> sl: 1.11547 tp: 1.13033
0	13:01:35.394	'1809640': order #41701079 buy 0.01 EURUSD at 1.11968 was modified -> sl: 1.11547 tp: 1.13033
0	13:01:35.427	'1809640': modify order #41752104 buy 0.01 EURUSD at 1.12332 sl: 1.11912 tp: 1.13018 -> sl: 1.11912 tp: 1.13033
0	13:01:35.817	'1809640': order #41752104 buy 0.01 EURUSD at 1.12332 was modified -> sl: 1.11912 tp: 1.13033
0	13:01:35.817	'1809640': modify order #41756871 buy 0.01 EURUSD at 1.12493 sl: 1.12082 tp: 1.13018 -> sl: 1.12082 tp: 1.13032
0	13:01:36.209	'1809640': order #41756871 buy 0.01 EURUSD at 1.12493 was modified -> sl: 1.12082 tp: 1.13032
0	13:01:56.804	'1809640': order #41752729 buy 0.01 EURUSD at 1.12281 closed due take-profit at price 1.12655
0	13:02:55.559	'1809640': modify order #41668254 buy 0.01 EURUSD at 1.11570 sl: 1.11141 tp: 1.13034 -> sl: 1.11141 tp: 1.13123
0	13:02:56.050	'1809640': order #41668254 buy 0.01 EURUSD at 1.11570 was modified -> sl: 1.11141 tp: 1.13123
0	13:02:56.050	'1809640': modify order #41677547 buy 0.01 EURUSD at 1.11315 sl: 1.10883 tp: 1.13031 -> sl: 1.10883 tp: 1.13122
0	13:02:56.442	'1809640': order #41677547 buy 0.01 EURUSD at 1.11315 was modified -> sl: 1.10883 tp: 1.13122
0	13:02:56.442	'1809640': modify order #41700323 buy 0.01 EURUSD at 1.12014 sl: 1.11583 tp: 1.13031 -> sl: 1.11583 tp: 1.13122
0	13:02:56.896	'1809640': order #41700323 buy 0.01 EURUSD at 1.12014 was modified -> sl: 1.11583 tp: 1.13122
0	13:02:56.896	'1809640': modify order #41701079 buy 0.01 EURUSD at 1.11968 sl: 1.11547 tp: 1.13033 -> sl: 1.11547 tp: 1.13120
0	13:02:57.286	'1809640': order #41701079 buy 0.01 EURUSD at 1.11968 was modified -> sl: 1.11547 tp: 1.13120
0	13:02:57.286	'1809640': modify order #41752104 buy 0.01 EURUSD at 1.12332 sl: 1.11912 tp: 1.13033 -> sl: 1.11912 tp: 1.13119
0	13:02:57.704	'1809640': order #41752104 buy 0.01 EURUSD at 1.12332 was modified -> sl: 1.11912 tp: 1.13119
0	13:02:57.704	'1809640': modify order #41756871 buy 0.01 EURUSD at 1.12493 sl: 1.12082 tp: 1.13032 -> sl: 1.12082 tp: 1.13121
0	13:02:58.293	'1809640': order #41756871 buy 0.01 EURUSD at 1.12493 was modified -> sl: 1.12082 tp: 1.13121
0	13:03:18.271	'1809640': order buy market 0.01 EURUSD sl: 1.12239 tp: 0.00000
0	13:03:18.696	'1809640': order was opened : #41763710 buy 0.01 EURUSD at 1.12649 sl: 1.12239 tp: 0.00000
0	13:04:15.663	'1809640': modify order #41763710 buy 0.01 EURUSD at 1.12649 sl: 1.12239 tp: 0.00000 -> sl: 1.12239 tp: 1.13045
0	13:04:16.446	'1809640': order #41763710 buy 0.01 EURUSD at 1.12649 was modified -> sl: 1.12239 tp: 1.13045
0	13:09:13.183	'1809640': order #41753302 sell 0.01 EURUSD at 1.12291 closed due stop-loss at price 1.12713
0	13:09:35.197	'1809640': order buy market 0.01 EURUSD sl: 1.12317 tp: 0.00000
0	13:09:35.526	'1809640': order was opened : #41764235 buy 0.01 EURUSD at 1.12734 sl: 1.12317 tp: 0.00000
0	13:09:37.307	'1809640': order #41753761 sell 0.01 EURUSD at 1.12330 closed due stop-loss at price 1.12751
0	13:11:39.480	'1809640': modify order #41668254 buy 0.01 EURUSD at 1.11570 sl: 1.11141 tp: 1.13123 -> sl: 1.11141 tp: 1.13127
0	13:11:40.166	'1809640': order #41668254 buy 0.01 EURUSD at 1.11570 was modified -> sl: 1.11141 tp: 1.13127
0	13:11:40.203	'1809640': modify order #41677547 buy 0.01 EURUSD at 1.11315 sl: 1.10883 tp: 1.13122 -> sl: 1.10883 tp: 1.13128
0	13:11:40.589	'1809640': order #41677547 buy 0.01 EURUSD at 1.11315 was modified -> sl: 1.10883 tp: 1.13128
0	13:11:40.589	'1809640': modify order #41700323 buy 0.01 EURUSD at 1.12014 sl: 1.11583 tp: 1.13122 -> sl: 1.11583 tp: 1.13127
0	13:11:40.982	'1809640': order #41700323 buy 0.01 EURUSD at 1.12014 was modified -> sl: 1.11583 tp: 1.13127
0	13:11:40.982	'1809640': modify order #41701079 buy 0.01 EURUSD at 1.11968 sl: 1.11547 tp: 1.13120 -> sl: 1.11547 tp: 1.13128
0	13:11:41.404	'1809640': order #41701079 buy 0.01 EURUSD at 1.11968 was modified -> sl: 1.11547 tp: 1.13128
0	13:11:41.538	'1809640': modify order #41752104 buy 0.01 EURUSD at 1.12332 sl: 1.11912 tp: 1.13119 -> sl: 1.11912 tp: 1.13127
0	13:11:42.123	'1809640': order #41752104 buy 0.01 EURUSD at 1.12332 was modified -> sl: 1.11912 tp: 1.13127
0	13:11:42.123	'1809640': modify order #41756871 buy 0.01 EURUSD at 1.12493 sl: 1.12082 tp: 1.13121 -> sl: 1.12082 tp: 1.13127
0	13:11:42.484	'1809640': order #41756871 buy 0.01 EURUSD at 1.12493 was modified -> sl: 1.12082 tp: 1.13127
0	13:11:42.516	'1809640': modify order #41764235 buy 0.01 EURUSD at 1.12734 sl: 1.12317 tp: 0.00000 -> sl: 1.12317 tp: 1.12795
0	13:11:42.845	'1809640': order #41764235 buy 0.01 EURUSD at 1.12734 was modified -> sl: 1.12317 tp: 1.12795
0	13:13:11.361	'1809640': modify order #41764235 buy 0.01 EURUSD at 1.12734 sl: 1.12317 tp: 1.12795 -> sl: 1.12317 tp: 1.12828
0	13:13:12.459	'1809640': order #41764235 buy 0.01 EURUSD at 1.12734 was modified -> sl: 1.12317 tp: 1.12828
0	13:15:23.962	'1809640': modify order #41764235 buy 0.01 EURUSD at 1.12734 sl: 1.12317 tp: 1.12828 -> sl: 1.12317 tp: 1.12844
0	13:15:24.481	'1809640': order #41764235 buy 0.01 EURUSD at 1.12734 was modified -> sl: 1.12317 tp: 1.12844
0	13:15:46.220	'1809640': order buy market 0.01 EURUSD sl: 1.12185 tp: 1.12849
0	13:15:46.577	'1809640': order was opened : #41764831 buy 0.01 EURUSD at 1.12586 sl: 1.12185 tp: 1.12849
0	13:17:03.339	'1809640': modify order #41764235 buy 0.01 EURUSD at 1.12734 sl: 1.12317 tp: 1.12844 -> sl: 1.12317 tp: 1.12846
0	13:17:05.809	'1809640': order #41764235 buy 0.01 EURUSD at 1.12734 was modified -> sl: 1.12317 tp: 1.12846
0	13:42:01.303	'1809640': modify order #41757140 buy 0.01 EURUSD at 1.12538 sl: 1.12117 tp: 1.12753 -> sl: 1.12117 tp: 1.12763
0	13:42:01.917	'1809640': order #41757140 buy 0.01 EURUSD at 1.12538 was modified -> sl: 1.12117 tp: 1.12763
0	13:45:36.412	'1809640': modify order #41668254 buy 0.01 EURUSD at 1.11570 sl: 1.11141 tp: 1.13127 -> sl: 1.11141 tp: 1.13138
0	13:45:36.768	'1809640': order #41668254 buy 0.01 EURUSD at 1.11570 was modified -> sl: 1.11141 tp: 1.13138
0	13:45:36.768	'1809640': modify order #41677547 buy 0.01 EURUSD at 1.11315 sl: 1.10883 tp: 1.13128 -> sl: 1.10883 tp: 1.13134
0	13:45:37.226	'1809640': order #41677547 buy 0.01 EURUSD at 1.11315 was modified -> sl: 1.10883 tp: 1.13134
0	13:45:37.258	'1809640': modify order #41700323 buy 0.01 EURUSD at 1.12014 sl: 1.11583 tp: 1.13127 -> sl: 1.11583 tp: 1.13134
0	13:45:37.583	'1809640': order #41700323 buy 0.01 EURUSD at 1.12014 was modified -> sl: 1.11583 tp: 1.13134
0	13:45:37.680	'1809640': modify order #41701079 buy 0.01 EURUSD at 1.11968 sl: 1.11547 tp: 1.13128 -> sl: 1.11547 tp: 1.13134
0	13:45:37.975	'1809640': order #41701079 buy 0.01 EURUSD at 1.11968 was modified -> sl: 1.11547 tp: 1.13134
0	13:45:38.006	'1809640': modify order #41752104 buy 0.01 EURUSD at 1.12332 sl: 1.11912 tp: 1.13127 -> sl: 1.11912 tp: 1.13134
0	13:45:38.459	'1809640': order #41752104 buy 0.01 EURUSD at 1.12332 was modified -> sl: 1.11912 tp: 1.13134
0	13:45:38.556	'1809640': modify order #41756871 buy 0.01 EURUSD at 1.12493 sl: 1.12082 tp: 1.13127 -> sl: 1.12082 tp: 1.13136
0	13:45:39.011	'1809640': order #41756871 buy 0.01 EURUSD at 1.12493 was modified -> sl: 1.12082 tp: 1.13136
0	13:46:27.606	'1809640': modify order #41668254 buy 0.01 EURUSD at 1.11570 sl: 1.11141 tp: 1.13138 -> sl: 1.11141 tp: 1.13162
0	13:46:27.967	'1809640': order #41668254 buy 0.01 EURUSD at 1.11570 was modified -> sl: 1.11141 tp: 1.13162
0	13:46:28.032	'1809640': modify order #41677547 buy 0.01 EURUSD at 1.11315 sl: 1.10883 tp: 1.13134 -> sl: 1.10883 tp: 1.13162
0	13:46:28.388	'1809640': order #41677547 buy 0.01 EURUSD at 1.11315 was modified -> sl: 1.10883 tp: 1.13162
0	13:46:28.388	'1809640': modify order #41700323 buy 0.01 EURUSD at 1.12014 sl: 1.11583 tp: 1.13134 -> sl: 1.11583 tp: 1.13161
0	13:46:28.782	'1809640': order #41700323 buy 0.01 EURUSD at 1.12014 was modified -> sl: 1.11583 tp: 1.13161
0	13:46:28.847	'1809640': modify order #41701079 buy 0.01 EURUSD at 1.11968 sl: 1.11547 tp: 1.13134 -> sl: 1.11547 tp: 1.13162
0	13:46:29.237	'1809640': order #41701079 buy 0.01 EURUSD at 1.11968 was modified -> sl: 1.11547 tp: 1.13162
0	13:46:29.303	'1809640': modify order #41752104 buy 0.01 EURUSD at 1.12332 sl: 1.11912 tp: 1.13134 -> sl: 1.11912 tp: 1.13161
0	13:46:29.565	'1809640': order #41752104 buy 0.01 EURUSD at 1.12332 was modified -> sl: 1.11912 tp: 1.13161
0	13:46:29.565	'1809640': modify order #41756871 buy 0.01 EURUSD at 1.12493 sl: 1.12082 tp: 1.13136 -> sl: 1.12082 tp: 1.13161
0	13:46:29.922	'1809640': order #41756871 buy 0.01 EURUSD at 1.12493 was modified -> sl: 1.12082 tp: 1.13161
0	13:49:07.429	'1809640': modify order #41757140 buy 0.01 EURUSD at 1.12538 sl: 1.12117 tp: 1.12763 -> sl: 1.12117 tp: 1.12774
0	13:49:08.013	'1809640': order #41757140 buy 0.01 EURUSD at 1.12538 was modified -> sl: 1.12117 tp: 1.12774
0	13:51:21.745	'1809640': modify order #41668254 buy 0.01 EURUSD at 1.11570 sl: 1.11141 tp: 1.13162 -> sl: 1.11141 tp: 1.13181
0	13:51:22.459	'1809640': order #41668254 buy 0.01 EURUSD at 1.11570 was modified -> sl: 1.11141 tp: 1.13181
0	13:51:22.459	'1809640': modify order #41677547 buy 0.01 EURUSD at 1.11315 sl: 1.10883 tp: 1.13162 -> sl: 1.10883 tp: 1.13181
0	13:51:23.011	'1809640': order #41677547 buy 0.01 EURUSD at 1.11315 was modified -> sl: 1.10883 tp: 1.13181
0	13:51:23.011	'1809640': modify order #41700323 buy 0.01 EURUSD at 1.12014 sl: 1.11583 tp: 1.13161 -> sl: 1.11583 tp: 1.13181
0	13:51:23.433	'1809640': order #41700323 buy 0.01 EURUSD at 1.12014 was modified -> sl: 1.11583 tp: 1.13181
0	13:51:23.433	'1809640': modify order #41701079 buy 0.01 EURUSD at 1.11968 sl: 1.11547 tp: 1.13162 -> sl: 1.11547 tp: 1.13181
0	13:51:23.826	'1809640': order #41701079 buy 0.01 EURUSD at 1.11968 was modified -> sl: 1.11547 tp: 1.13181
0	13:51:23.826	'1809640': modify order #41752104 buy 0.01 EURUSD at 1.12332 sl: 1.11912 tp: 1.13161 -> sl: 1.11912 tp: 1.13181
0	13:51:24.183	'1809640': order #41752104 buy 0.01 EURUSD at 1.12332 was modified -> sl: 1.11912 tp: 1.13181
0	13:51:24.183	'1809640': modify order #41756871 buy 0.01 EURUSD at 1.12493 sl: 1.12082 tp: 1.13161 -> sl: 1.12082 tp: 1.13182
0	13:51:24.609	'1809640': order #41756871 buy 0.01 EURUSD at 1.12493 was modified -> sl: 1.12082 tp: 1.13182
0	13:51:59.100	'1809640': modify order #41668254 buy 0.01 EURUSD at 1.11570 sl: 1.11141 tp: 1.13181 -> sl: 1.11141 tp: 1.13185
0	13:51:59.784	'1809640': order #41668254 buy 0.01 EURUSD at 1.11570 was modified -> sl: 1.11141 tp: 1.13185
0	13:51:59.784	'1809640': modify order #41677547 buy 0.01 EURUSD at 1.11315 sl: 1.10883 tp: 1.13181 -> sl: 1.10883 tp: 1.13184
0	13:52:00.205	'1809640': order #41677547 buy 0.01 EURUSD at 1.11315 was modified -> sl: 1.10883 tp: 1.13184
0	13:52:00.205	'1809640': modify order #41700323 buy 0.01 EURUSD at 1.12014 sl: 1.11583 tp: 1.13181 -> sl: 1.11583 tp: 1.13185
0	13:52:00.631	'1809640': order #41700323 buy 0.01 EURUSD at 1.12014 was modified -> sl: 1.11583 tp: 1.13185
0	13:52:00.696	'1809640': modify order #41701079 buy 0.01 EURUSD at 1.11968 sl: 1.11547 tp: 1.13181 -> sl: 1.11547 tp: 1.13184
0	13:52:00.991	'1809640': order #41701079 buy 0.01 EURUSD at 1.11968 was modified -> sl: 1.11547 tp: 1.13184
0	13:52:01.085	'1809640': modify order #41752104 buy 0.01 EURUSD at 1.12332 sl: 1.11912 tp: 1.13181 -> sl: 1.11912 tp: 1.13183
0	13:52:01.444	'1809640': order #41752104 buy 0.01 EURUSD at 1.12332 was modified -> sl: 1.11912 tp: 1.13183
0	13:52:01.538	'1809640': modify order #41756871 buy 0.01 EURUSD at 1.12493 sl: 1.12082 tp: 1.13182 -> sl: 1.12082 tp: 1.13184
0	13:52:01.899	'1809640': order #41756871 buy 0.01 EURUSD at 1.12493 was modified -> sl: 1.12082 tp: 1.13184
0	13:53:19.723	'1809640': modify order #41757140 buy 0.01 EURUSD at 1.12538 sl: 1.12117 tp: 1.12774 -> sl: 1.12117 tp: 1.12799
0	13:53:20.567	'1809640': order #41757140 buy 0.01 EURUSD at 1.12538 was modified -> sl: 1.12117 tp: 1.12799
0	13:58:09.210	'1809640': modify order #41757140 buy 0.01 EURUSD at 1.12538 sl: 1.12117 tp: 1.12799 -> sl: 1.12117 tp: 1.12802
0	13:58:09.664	'1809640': order #41757140 buy 0.01 EURUSD at 1.12538 was modified -> sl: 1.12117 tp: 1.12802
0	13:59:37.397	'1809640': modify order #41757140 buy 0.01 EURUSD at 1.12538 sl: 1.12117 tp: 1.12802 -> sl: 1.12117 tp: 1.12805
0	13:59:37.823	'1809640': order #41757140 buy 0.01 EURUSD at 1.12538 was modified -> sl: 1.12117 tp: 1.12805
0	14:00:21.197	'1809640': modify order #41757140 buy 0.01 EURUSD at 1.12538 sl: 1.12117 tp: 1.12805 -> sl: 1.12117 tp: 1.12822
0	14:00:21.717	'1809640': order #41757140 buy 0.01 EURUSD at 1.12538 was modified -> sl: 1.12117 tp: 1.12822
0	14:37:41.117	'1809640': modify order #41668254 buy 0.01 EURUSD at 1.11570 sl: 1.11141 tp: 1.13185 -> sl: 1.11141 tp: 1.13214
0	14:37:41.506	'1809640': order #41668254 buy 0.01 EURUSD at 1.11570 was modified -> sl: 1.11141 tp: 1.13214
0	14:37:41.506	'1809640': modify order #41677547 buy 0.01 EURUSD at 1.11315 sl: 1.10883 tp: 1.13184 -> sl: 1.10883 tp: 1.13215
0	14:37:41.928	'1809640': order #41677547 buy 0.01 EURUSD at 1.11315 was modified -> sl: 1.10883 tp: 1.13215
0	14:37:41.928	'1809640': modify order #41700323 buy 0.01 EURUSD at 1.12014 sl: 1.11583 tp: 1.13185 -> sl: 1.11583 tp: 1.13215
0	14:37:42.448	'1809640': order #41700323 buy 0.01 EURUSD at 1.12014 was modified -> sl: 1.11583 tp: 1.13215
0	14:37:42.578	'1809640': modify order #41701079 buy 0.01 EURUSD at 1.11968 sl: 1.11547 tp: 1.13184 -> sl: 1.11547 tp: 1.13215
0	14:37:43.492	'1809640': order #41701079 buy 0.01 EURUSD at 1.11968 was modified -> sl: 1.11547 tp: 1.13215
0	14:37:43.492	'1809640': modify order #41752104 buy 0.01 EURUSD at 1.12332 sl: 1.11912 tp: 1.13183 -> sl: 1.11912 tp: 1.13215
0	14:37:43.843	'1809640': order #41752104 buy 0.01 EURUSD at 1.12332 was modified -> sl: 1.11912 tp: 1.13215
0	14:37:43.843	'1809640': modify order #41756871 buy 0.01 EURUSD at 1.12493 sl: 1.12082 tp: 1.13184 -> sl: 1.12082 tp: 1.13214
0	14:37:44.305	'1809640': order #41756871 buy 0.01 EURUSD at 1.12493 was modified -> sl: 1.12082 tp: 1.13214
0	14:38:38.955	'1809640': order #41754994 sell 0.01 EURUSD at 1.12369 closed due stop-loss at price 1.12784
0	14:40:39.098	'1809640': order buy market 0.01 EURUSD sl: 1.12355 tp: 1.13215
0	14:40:40.196	'1809640': order was opened : #41771932 buy 0.01 EURUSD at 1.12778 sl: 1.12355 tp: 1.13215
0	14:41:05.629	'1809640': modify order #41668254 buy 0.01 EURUSD at 1.11570 sl: 1.11141 tp: 1.13214 -> sl: 1.11141 tp: 1.13221
0	14:41:06.372	'1809640': order #41668254 buy 0.01 EURUSD at 1.11570 was modified -> sl: 1.11141 tp: 1.13221
0	14:41:06.372	'1809640': modify order #41677547 buy 0.01 EURUSD at 1.11315 sl: 1.10883 tp: 1.13215 -> sl: 1.10883 tp: 1.13220
0	14:41:06.762	'1809640': order #41677547 buy 0.01 EURUSD at 1.11315 was modified -> sl: 1.10883 tp: 1.13220
0	14:41:06.762	'1809640': modify order #41700323 buy 0.01 EURUSD at 1.12014 sl: 1.11583 tp: 1.13215 -> sl: 1.11583 tp: 1.13219
0	14:41:07.119	'1809640': order #41700323 buy 0.01 EURUSD at 1.12014 was modified -> sl: 1.11583 tp: 1.13219
0	14:41:07.119	'1809640': modify order #41701079 buy 0.01 EURUSD at 1.11968 sl: 1.11547 tp: 1.13215 -> sl: 1.11547 tp: 1.13219
0	14:41:07.577	'1809640': order #41701079 buy 0.01 EURUSD at 1.11968 was modified -> sl: 1.11547 tp: 1.13219
0	14:41:07.577	'1809640': modify order #41752104 buy 0.01 EURUSD at 1.12332 sl: 1.11912 tp: 1.13215 -> sl: 1.11912 tp: 1.13221
0	14:41:07.902	'1809640': order #41752104 buy 0.01 EURUSD at 1.12332 was modified -> sl: 1.11912 tp: 1.13221
0	14:41:07.902	'1809640': modify order #41756871 buy 0.01 EURUSD at 1.12493 sl: 1.12082 tp: 1.13214 -> sl: 1.12082 tp: 1.13221
0	14:41:08.356	'1809640': order #41756871 buy 0.01 EURUSD at 1.12493 was modified -> sl: 1.12082 tp: 1.13221
0	14:41:08.454	'1809640': modify order #41764235 buy 0.01 EURUSD at 1.12734 sl: 1.12317 tp: 1.12846 -> sl: 1.12317 tp: 1.12863
0	14:41:08.746	'1809640': order #41764235 buy 0.01 EURUSD at 1.12734 was modified -> sl: 1.12317 tp: 1.12863
0	14:41:08.746	'1809640': modify order #41764831 buy 0.01 EURUSD at 1.12586 sl: 1.12185 tp: 1.12849 -> sl: 1.12185 tp: 1.12862
0	14:41:09.038	'1809640': order #41764831 buy 0.01 EURUSD at 1.12586 was modified -> sl: 1.12185 tp: 1.12862
0	14:41:09.039	'1809640': modify order #41771932 buy 0.01 EURUSD at 1.12778 sl: 1.12355 tp: 1.13215 -> sl: 1.12355 tp: 1.13220
0	14:41:09.464	'1809640': order #41771932 buy 0.01 EURUSD at 1.12778 was modified -> sl: 1.12355 tp: 1.13220
0	14:41:26.329	'1809640': order #41754692 sell 0.01 EURUSD at 1.12384 closed due stop-loss at price 1.12804
0	14:41:55.519	'1809640': order #41754372 sell 0.01 EURUSD at 1.12389 closed due stop-loss at price 1.12808
0	14:42:38.637	'1809640': order #41757140 buy 0.01 EURUSD at 1.12538 closed due take-profit at price 1.12822
0	14:43:40.242	'1809640': modify order #41668254 buy 0.01 EURUSD at 1.11570 sl: 1.11141 tp: 1.13221 -> sl: 1.11141 tp: 1.13251
0	14:43:40.699	'1809640': order #41668254 buy 0.01 EURUSD at 1.11570 was modified -> sl: 1.11141 tp: 1.13251
0	14:43:40.699	'1809640': modify order #41677547 buy 0.01 EURUSD at 1.11315 sl: 1.10883 tp: 1.13220 -> sl: 1.10883 tp: 1.13251
0	14:43:41.089	'1809640': order #41677547 buy 0.01 EURUSD at 1.11315 was modified -> sl: 1.10883 tp: 1.13251
0	14:43:41.122	'1809640': modify order #41700323 buy 0.01 EURUSD at 1.12014 sl: 1.11583 tp: 1.13219 -> sl: 1.11583 tp: 1.13252
0	14:43:41.414	'1809640': order #41700323 buy 0.01 EURUSD at 1.12014 was modified -> sl: 1.11583 tp: 1.13252
0	14:43:41.414	'1809640': modify order #41701079 buy 0.01 EURUSD at 1.11968 sl: 1.11547 tp: 1.13219 -> sl: 1.11547 tp: 1.13252
0	14:43:41.738	'1809640': order #41701079 buy 0.01 EURUSD at 1.11968 was modified -> sl: 1.11547 tp: 1.13252
0	14:43:41.771	'1809640': modify order #41752104 buy 0.01 EURUSD at 1.12332 sl: 1.11912 tp: 1.13221 -> sl: 1.11912 tp: 1.13252
0	14:43:42.384	'1809640': order #41752104 buy 0.01 EURUSD at 1.12332 was modified -> sl: 1.11912 tp: 1.13252
0	14:43:42.384	'1809640': modify order #41756871 buy 0.01 EURUSD at 1.12493 sl: 1.12082 tp: 1.13221 -> sl: 1.12082 tp: 1.13253
0	14:43:42.842	'1809640': order #41756871 buy 0.01 EURUSD at 1.12493 was modified -> sl: 1.12082 tp: 1.13253
0	14:43:42.842	'1809640': modify order #41764235 buy 0.01 EURUSD at 1.12734 sl: 1.12317 tp: 1.12863 -> sl: 1.12317 tp: 1.12873
0	14:43:43.264	'1809640': order #41764235 buy 0.01 EURUSD at 1.12734 was modified -> sl: 1.12317 tp: 1.12873
0	14:43:43.264	'1809640': modify order #41764831 buy 0.01 EURUSD at 1.12586 sl: 1.12185 tp: 1.12862 -> sl: 1.12185 tp: 1.12873
0	14:43:43.718	'1809640': order #41764831 buy 0.01 EURUSD at 1.12586 was modified -> sl: 1.12185 tp: 1.12873
0	14:43:43.718	'1809640': modify order #41771932 buy 0.01 EURUSD at 1.12778 sl: 1.12355 tp: 1.13220 -> sl: 1.12355 tp: 1.13252
0	14:43:44.047	'1809640': order #41771932 buy 0.01 EURUSD at 1.12778 was modified -> sl: 1.12355 tp: 1.13252
0	14:45:35.322	'1809640': order #41764235 buy 0.01 EURUSD at 1.12734 closed due take-profit at price 1.12873
0	14:45:35.322	'1809640': order #41764831 buy 0.01 EURUSD at 1.12586 closed due take-profit at price 1.12873
0	14:45:54.878	'1809640': order #41758270 sell 0.01 EURUSD at 1.12520 closed due stop-loss at price 1.12940
0	14:45:59.261	'1809640': order #41757503 sell 0.01 EURUSD at 1.12541 closed due stop-loss at price 1.12958
0	14:46:03.166	'1809640': modify order #41668254 buy 0.01 EURUSD at 1.11570 sl: 1.11141 tp: 1.13251 -> sl: 1.11141 tp: 1.13399
0	14:46:03.621	'1809640': order #41668254 buy 0.01 EURUSD at 1.11570 was modified -> sl: 1.11141 tp: 1.13399
0	14:46:03.621	'1809640': modify order #41677547 buy 0.01 EURUSD at 1.11315 sl: 1.10883 tp: 1.13251 -> sl: 1.10883 tp: 1.13402
0	14:46:04.043	'1809640': order #41677547 buy 0.01 EURUSD at 1.11315 was modified -> sl: 1.10883 tp: 1.13402
0	14:46:04.075	'1809640': modify order #41700323 buy 0.01 EURUSD at 1.12014 sl: 1.11583 tp: 1.13252 -> sl: 1.11583 tp: 1.13402
0	14:46:04.404	'1809640': order #41700323 buy 0.01 EURUSD at 1.12014 was modified -> sl: 1.11583 tp: 1.13402
0	14:46:04.404	'1809640': modify order #41701079 buy 0.01 EURUSD at 1.11968 sl: 1.11547 tp: 1.13252 -> sl: 1.11547 tp: 1.13402
0	14:46:04.761	'1809640': order #41701079 buy 0.01 EURUSD at 1.11968 was modified -> sl: 1.11547 tp: 1.13402
0	14:46:04.923	'1809640': modify order #41752104 buy 0.01 EURUSD at 1.12332 sl: 1.11912 tp: 1.13252 -> sl: 1.11912 tp: 1.13402
0	14:46:05.414	'1809640': order #41752104 buy 0.01 EURUSD at 1.12332 was modified -> sl: 1.11912 tp: 1.13402
0	14:46:05.414	'1809640': modify order #41756871 buy 0.01 EURUSD at 1.12493 sl: 1.12082 tp: 1.13253 -> sl: 1.12082 tp: 1.13403
0	14:46:05.901	'1809640': order #41756871 buy 0.01 EURUSD at 1.12493 was modified -> sl: 1.12082 tp: 1.13403
0	14:46:05.934	'1809640': modify order #41771932 buy 0.01 EURUSD at 1.12778 sl: 1.12355 tp: 1.13252 -> sl: 1.12355 tp: 1.13403
0	14:46:06.324	'1809640': order #41771932 buy 0.01 EURUSD at 1.12778 was modified -> sl: 1.12355 tp: 1.13403
0	14:46:48.792	'1809640': order buy market 0.01 EURUSD sl: 1.12520 tp: 1.13381
0	14:46:49.344	'1809640': order was opened : #41772671 buy 0.01 EURUSD at 1.12957 sl: 1.12520 tp: 1.13381
0	14:47:28.946	'1809640': modify order #41772671 buy 0.01 EURUSD at 1.12957 sl: 1.12520 tp: 1.13381 -> sl: 1.12520 tp: 1.13393
0	14:47:29.535	'1809640': order #41772671 buy 0.01 EURUSD at 1.12957 was modified -> sl: 1.12520 tp: 1.13393
0	14:51:51.573	'1809640': order buy market 0.01 EURUSD sl: 1.12454 tp: 1.13036
0	14:51:52.292	'1809640': order was opened : #41773148 buy 0.01 EURUSD at 1.12876 sl: 1.12454 tp: 1.13036
0	14:53:41.019	'1809640': modify order #41773148 buy 0.01 EURUSD at 1.12876 sl: 1.12454 tp: 1.13036 -> sl: 1.12454 tp: 1.13048
0	14:53:41.441	'1809640': order #41773148 buy 0.01 EURUSD at 1.12876 was modified -> sl: 1.12454 tp: 1.13048
0	14:55:31.051	'1809640': modify order #41773148 buy 0.01 EURUSD at 1.12876 sl: 1.12454 tp: 1.13048 -> sl: 1.12454 tp: 1.13066
0	14:55:31.441	'1809640': order #41773148 buy 0.01 EURUSD at 1.12876 was modified -> sl: 1.12454 tp: 1.13066
0	14:56:50.790	'1809640': modify order #41773148 buy 0.01 EURUSD at 1.12876 sl: 1.12454 tp: 1.13066 -> sl: 1.12454 tp: 1.13076
0	14:56:51.372	'1809640': order #41773148 buy 0.01 EURUSD at 1.12876 was modified -> sl: 1.12454 tp: 1.13076
0	14:57:33.010	'1809640': order buy market 0.01 EURUSD sl: 1.12529 tp: 1.13388
0	14:57:33.330	'1809640': order was opened : #41773611 buy 0.01 EURUSD at 1.12948 sl: 1.12529 tp: 1.13388
0	14:57:49.149	'1809640': modify order #41773148 buy 0.01 EURUSD at 1.12876 sl: 1.12454 tp: 1.13076 -> sl: 1.12454 tp: 1.13083
0	14:57:49.540	'1809640': order #41773148 buy 0.01 EURUSD at 1.12876 was modified -> sl: 1.12454 tp: 1.13083
0	14:57:49.540	'1809640': modify order #41773611 buy 0.01 EURUSD at 1.12948 sl: 1.12529 tp: 1.13388 -> sl: 1.12529 tp: 1.13390
0	14:57:49.929	'1809640': order #41773611 buy 0.01 EURUSD at 1.12948 was modified -> sl: 1.12529 tp: 1.13390
0	14:59:44.521	'1809640': modify order #41773148 buy 0.01 EURUSD at 1.12876 sl: 1.12454 tp: 1.13083 -> sl: 1.12454 tp: 1.13093
0	14:59:45.040	'1809640': order #41773148 buy 0.01 EURUSD at 1.12876 was modified -> sl: 1.12454 tp: 1.13093
0	15:03:48.251	'1809640': order buy market 0.01 EURUSD sl: 1.12467 tp: 1.13328
0	15:03:48.673	'1809640': order was opened : #41774416 buy 0.01 EURUSD at 1.12898 sl: 1.12467 tp: 1.13328
0	15:04:02.776	'1809640': modify order #41774416 buy 0.01 EURUSD at 1.12898 sl: 1.12467 tp: 1.13328 -> sl: 1.12467 tp: 1.13338
0	15:04:03.595	'1809640': order #41774416 buy 0.01 EURUSD at 1.12898 was modified -> sl: 1.12467 tp: 1.13338
0	15:13:45.862	'1809640': modify order #41774416 buy 0.01 EURUSD at 1.12898 sl: 1.12467 tp: 1.13338 -> sl: 1.12467 tp: 1.13357
0	15:13:46.478	'1809640': order #41774416 buy 0.01 EURUSD at 1.12898 was modified -> sl: 1.12467 tp: 1.13357
0	15:59:26.671	'1809640': order #41773611 buy 0.01 EURUSD at 1.12948 closed due stop-loss at price 1.12529
0	15:59:26.902	'1809640': order #41772671 buy 0.01 EURUSD at 1.12957 closed due stop-loss at price 1.12520
0	16:00:20.338	'1809640': order buy market 0.01 EURUSD sl: 1.12107 tp: 1.12969
0	16:00:20.925	'1809640': order was opened : #41778689 buy 0.01 EURUSD at 1.12527 sl: 1.12107 tp: 1.12969
0	16:00:37.645	'1809640': order #41774416 buy 0.01 EURUSD at 1.12898 closed due stop-loss at price 1.12467
0	16:05:10.912	'1809640': order buy market 0.01 EURUSD sl: 1.12072 tp: 1.12930
0	16:05:11.629	'1809640': order was opened : #41779120 buy 0.01 EURUSD at 1.12489 sl: 1.12072 tp: 1.12930
0	16:05:15.745	'1809640': order #41773148 buy 0.01 EURUSD at 1.12876 closed due stop-loss at price 1.12454
0	16:08:56.120	'1809640': modify order #41779120 buy 0.01 EURUSD at 1.12489 sl: 1.12072 tp: 1.12930 -> sl: 1.12072 tp: 1.12932
0	16:08:56.606	'1809640': order #41779120 buy 0.01 EURUSD at 1.12489 was modified -> sl: 1.12072 tp: 1.12932
0	16:11:19.460	'1809640': order buy market 0.01 EURUSD sl: 1.12077 tp: 1.12937
0	16:11:20.016	'1809640': order was opened : #41779597 buy 0.01 EURUSD at 1.12499 sl: 1.12077 tp: 1.12937
0	16:11:20.374	'1809640': modify order #41779120 buy 0.01 EURUSD at 1.12489 sl: 1.12072 tp: 1.12932 -> sl: 1.12072 tp: 1.12939
0	16:11:20.832	'1809640': order #41779120 buy 0.01 EURUSD at 1.12489 was modified -> sl: 1.12072 tp: 1.12939
0	16:11:20.832	'1809640': modify order #41779597 buy 0.01 EURUSD at 1.12499 sl: 1.12077 tp: 1.12937 -> sl: 1.12077 tp: 1.12939
0	16:11:21.258	'1809640': order #41779597 buy 0.01 EURUSD at 1.12499 was modified -> sl: 1.12077 tp: 1.12939
0	16:13:35.842	'1809640': modify order #41779120 buy 0.01 EURUSD at 1.12489 sl: 1.12072 tp: 1.12939 -> sl: 1.12072 tp: 1.12941
0	16:13:36.422	'1809640': order #41779120 buy 0.01 EURUSD at 1.12489 was modified -> sl: 1.12072 tp: 1.12941
0	16:13:36.487	'1809640': modify order #41779597 buy 0.01 EURUSD at 1.12499 sl: 1.12077 tp: 1.12939 -> sl: 1.12077 tp: 1.12941
0	16:13:36.881	'1809640': order #41779597 buy 0.01 EURUSD at 1.12499 was modified -> sl: 1.12077 tp: 1.12941
0	16:14:18.599	'1809640': modify order #41779120 buy 0.01 EURUSD at 1.12489 sl: 1.12072 tp: 1.12941 -> sl: 1.12072 tp: 1.12954
0	16:14:19.025	'1809640': order #41779120 buy 0.01 EURUSD at 1.12489 was modified -> sl: 1.12072 tp: 1.12954
0	16:14:19.187	'1809640': modify order #41779597 buy 0.01 EURUSD at 1.12499 sl: 1.12077 tp: 1.12941 -> sl: 1.12077 tp: 1.12954
0	16:14:19.544	'1809640': order #41779597 buy 0.01 EURUSD at 1.12499 was modified -> sl: 1.12077 tp: 1.12954
0	16:16:18.574	'1809640': order buy market 0.01 EURUSD sl: 1.12090 tp: 1.13046
0	16:16:19.288	'1809640': order was opened : #41779814 buy 0.01 EURUSD at 1.12509 sl: 1.12090 tp: 1.13046
0	16:17:30.667	'1809640': modify order #41779814 buy 0.01 EURUSD at 1.12509 sl: 1.12090 tp: 1.13046 -> sl: 1.12090 tp: 1.13048
0	16:17:31.317	'1809640': order #41779814 buy 0.01 EURUSD at 1.12509 was modified -> sl: 1.12090 tp: 1.13048
0	16:24:56.125	'1809640': modify order #41763710 buy 0.01 EURUSD at 1.12649 sl: 1.12239 tp: 1.13045 -> sl: 1.12239 tp: 1.13046
0	16:24:56.742	'1809640': order #41763710 buy 0.01 EURUSD at 1.12649 was modified -> sl: 1.12239 tp: 1.13046
0	16:25:22.042	'1809640': modify order #41763710 buy 0.01 EURUSD at 1.12649 sl: 1.12239 tp: 1.13046 -> sl: 1.12239 tp: 1.13052
0	16:25:22.726	'1809640': order #41763710 buy 0.01 EURUSD at 1.12649 was modified -> sl: 1.12239 tp: 1.13052
0	16:25:22.758	'1809640': modify order #41779814 buy 0.01 EURUSD at 1.12509 sl: 1.12090 tp: 1.13048 -> sl: 1.12090 tp: 1.13049
0	16:25:23.244	'1809640': order #41779814 buy 0.01 EURUSD at 1.12509 was modified -> sl: 1.12090 tp: 1.13049
0	16:27:02.433	'1809640': modify order #41763710 buy 0.01 EURUSD at 1.12649 sl: 1.12239 tp: 1.13052 -> sl: 1.12239 tp: 1.13055
0	16:27:02.887	'1809640': order #41763710 buy 0.01 EURUSD at 1.12649 was modified -> sl: 1.12239 tp: 1.13055
0	16:27:03.016	'1809640': modify order #41779814 buy 0.01 EURUSD at 1.12509 sl: 1.12090 tp: 1.13049 -> sl: 1.12090 tp: 1.13050
0	16:27:03.471	'1809640': order #41779814 buy 0.01 EURUSD at 1.12509 was modified -> sl: 1.12090 tp: 1.13050
0	16:31:23.058	'1809640': modify order #41763710 buy 0.01 EURUSD at 1.12649 sl: 1.12239 tp: 1.13055 -> sl: 1.12239 tp: 1.13065
0	16:31:23.516	'1809640': order #41763710 buy 0.01 EURUSD at 1.12649 was modified -> sl: 1.12239 tp: 1.13065
0	16:36:06.643	'1809640': modify order #41763710 buy 0.01 EURUSD at 1.12649 sl: 1.12239 tp: 1.13065 -> sl: 1.12239 tp: 1.13073
0	16:36:07.136	'1809640': order #41763710 buy 0.01 EURUSD at 1.12649 was modified -> sl: 1.12239 tp: 1.13073
0	16:44:05.440	'1809640': modify order #41763710 buy 0.01 EURUSD at 1.12649 sl: 1.12239 tp: 1.13073 -> sl: 1.12239 tp: 1.13076
0	16:44:06.094	'1809640': order #41763710 buy 0.01 EURUSD at 1.12649 was modified -> sl: 1.12239 tp: 1.13076
0	16:58:09.643	'1809640': modify order #41778689 buy 0.01 EURUSD at 1.12527 sl: 1.12107 tp: 1.12969 -> sl: 1.12107 tp: 1.12971
0	16:58:10.094	'1809640': order #41778689 buy 0.01 EURUSD at 1.12527 was modified -> sl: 1.12107 tp: 1.12971
0	16:58:10.126	'1809640': modify order #41779120 buy 0.01 EURUSD at 1.12489 sl: 1.12072 tp: 1.12954 -> sl: 1.12072 tp: 1.12971
0	16:58:10.552	'1809640': order #41779120 buy 0.01 EURUSD at 1.12489 was modified -> sl: 1.12072 tp: 1.12971
0	16:58:10.552	'1809640': modify order #41779597 buy 0.01 EURUSD at 1.12499 sl: 1.12077 tp: 1.12954 -> sl: 1.12077 tp: 1.12971
0	16:58:10.942	'1809640': order #41779597 buy 0.01 EURUSD at 1.12499 was modified -> sl: 1.12077 tp: 1.12971
0	16:58:41.918	'1809640': modify order #41778689 buy 0.01 EURUSD at 1.12527 sl: 1.12107 tp: 1.12971 -> sl: 1.12107 tp: 1.12980
0	16:58:42.375	'1809640': order #41778689 buy 0.01 EURUSD at 1.12527 was modified -> sl: 1.12107 tp: 1.12980
0	16:58:42.375	'1809640': modify order #41779120 buy 0.01 EURUSD at 1.12489 sl: 1.12072 tp: 1.12971 -> sl: 1.12072 tp: 1.12981
0	16:58:42.732	'1809640': order #41779120 buy 0.01 EURUSD at 1.12489 was modified -> sl: 1.12072 tp: 1.12981
0	16:58:42.797	'1809640': modify order #41779597 buy 0.01 EURUSD at 1.12499 sl: 1.12077 tp: 1.12971 -> sl: 1.12077 tp: 1.12981
0	16:58:43.153	'1809640': order #41779597 buy 0.01 EURUSD at 1.12499 was modified -> sl: 1.12077 tp: 1.12981
0	17:01:06.960	'1809640': modify order #41778689 buy 0.01 EURUSD at 1.12527 sl: 1.12107 tp: 1.12980 -> sl: 1.12107 tp: 1.12998
0	17:01:07.475	'1809640': order #41778689 buy 0.01 EURUSD at 1.12527 was modified -> sl: 1.12107 tp: 1.12998
0	17:01:07.508	'1809640': modify order #41779120 buy 0.01 EURUSD at 1.12489 sl: 1.12072 tp: 1.12981 -> sl: 1.12072 tp: 1.12998
0	17:01:08.059	'1809640': order #41779120 buy 0.01 EURUSD at 1.12489 was modified -> sl: 1.12072 tp: 1.12998
0	17:01:08.059	'1809640': modify order #41779597 buy 0.01 EURUSD at 1.12499 sl: 1.12077 tp: 1.12981 -> sl: 1.12077 tp: 1.12998
0	17:01:08.450	'1809640': order #41779597 buy 0.01 EURUSD at 1.12499 was modified -> sl: 1.12077 tp: 1.12998
0	17:02:55.398	'1809640': modify order #41778689 buy 0.01 EURUSD at 1.12527 sl: 1.12107 tp: 1.12998 -> sl: 1.12107 tp: 1.13011
0	17:02:55.950	'1809640': order #41778689 buy 0.01 EURUSD at 1.12527 was modified -> sl: 1.12107 tp: 1.13011
0	17:02:55.950	'1809640': modify order #41779120 buy 0.01 EURUSD at 1.12489 sl: 1.12072 tp: 1.12998 -> sl: 1.12072 tp: 1.13011
0	17:02:56.404	'1809640': order #41779120 buy 0.01 EURUSD at 1.12489 was modified -> sl: 1.12072 tp: 1.13011
0	17:02:56.469	'1809640': modify order #41779597 buy 0.01 EURUSD at 1.12499 sl: 1.12077 tp: 1.12998 -> sl: 1.12077 tp: 1.13011
0	17:02:56.859	'1809640': order #41779597 buy 0.01 EURUSD at 1.12499 was modified -> sl: 1.12077 tp: 1.13011
0	17:49:17.014	'1809640': order #41771932 buy 0.01 EURUSD at 1.12778 closed due stop-loss at price 1.12355
0	17:51:10.016	'1809640': order sell market 0.01 EURUSD sl: 1.12755 tp: 0.00000
0	17:51:10.572	'1809640': order was opened : #41785094 sell 0.01 EURUSD at 1.12336 sl: 1.12755 tp: 0.00000
0	17:51:40.914	'1809640': modify order #41785094 sell 0.01 EURUSD at 1.12336 sl: 1.12755 tp: 0.00000 -> sl: 1.12755 tp: 1.11967
0	17:51:41.498	'1809640': order #41785094 sell 0.01 EURUSD at 1.12336 was modified -> sl: 1.12755 tp: 1.11967
0	18:16:32.498	'1809640': order #41763710 buy 0.01 EURUSD at 1.12649 closed due stop-loss at price 1.12239
0	20:02:29.403	'1809640': order buy market 0.01 EURUSD sl: 1.11836 tp: 1.12698
0	20:02:31.484	'1809640': order was opened : #41793329 buy 0.01 EURUSD at 1.12260 sl: 1.11836 tp: 1.12698
0	20:36:59.932	'1809640': modify order #41793329 buy 0.01 EURUSD at 1.12260 sl: 1.11836 tp: 1.12698 -> sl: 1.11836 tp: 1.12712
0	20:37:00.582	'1809640': order #41793329 buy 0.01 EURUSD at 1.12260 was modified -> sl: 1.11836 tp: 1.12712
0	20:39:26.195	'1809640': modify order #41793329 buy 0.01 EURUSD at 1.12260 sl: 1.11836 tp: 1.12712 -> sl: 1.11836 tp: 1.12732
0	20:39:26.753	'1809640': order #41793329 buy 0.01 EURUSD at 1.12260 was modified -> sl: 1.11836 tp: 1.12732
0	20:56:58.235	'1809640': modify order #41793329 buy 0.01 EURUSD at 1.12260 sl: 1.11836 tp: 1.12732 -> sl: 1.11836 tp: 1.12767
0	20:56:58.787	'1809640': order #41793329 buy 0.01 EURUSD at 1.12260 was modified -> sl: 1.11836 tp: 1.12767
0	20:57:14.747	'1809640': modify order #41793329 buy 0.01 EURUSD at 1.12260 sl: 1.11836 tp: 1.12767 -> sl: 1.11836 tp: 1.12768
0	20:57:16.277	'1809640': order #41793329 buy 0.01 EURUSD at 1.12260 was modified -> sl: 1.11836 tp: 1.12768
0	20:57:21.066	'1809640': modify order #41793329 buy 0.01 EURUSD at 1.12260 sl: 1.11836 tp: 1.12768 -> sl: 1.11836 tp: 1.12795
0	20:57:21.652	'1809640': order #41793329 buy 0.01 EURUSD at 1.12260 was modified -> sl: 1.11836 tp: 1.12795
0	20:59:30.837	'1809640': modify order #41793329 buy 0.01 EURUSD at 1.12260 sl: 1.11836 tp: 1.12795 -> sl: 1.11836 tp: 1.12798
0	20:59:31.458	'1809640': order #41793329 buy 0.01 EURUSD at 1.12260 was modified -> sl: 1.11836 tp: 1.12798
0	21:00:20.186	'1809640': order buy market 0.01 EURUSD sl: 1.11899 tp: 1.12666
0	21:00:20.742	'1809640': order was opened : #41795347 buy 0.01 EURUSD at 1.12362 sl: 1.11899 tp: 1.12666
0	21:00:20.807	'1809640': modify order #41793329 buy 0.01 EURUSD at 1.12260 sl: 1.11836 tp: 1.12798 -> sl: 1.11836 tp: 1.12802
0	21:00:21.233	'1809640': order #41793329 buy 0.01 EURUSD at 1.12260 was modified -> sl: 1.11836 tp: 1.12802
0	21:00:21.233	'1809640': modify order #41795347 buy 0.01 EURUSD at 1.12362 sl: 1.11899 tp: 1.12666 -> sl: 1.11899 tp: 1.12674
0	21:00:21.817	'1809640': order #41795347 buy 0.01 EURUSD at 1.12362 was modified -> sl: 1.11899 tp: 1.12674
0	21:01:06.171	'1809640': order #41778689 buy 0.01 EURUSD at 1.12527 closed due stop-loss at price 1.12107
0	21:01:06.171	'1809640': order #41779814 buy 0.01 EURUSD at 1.12509 closed due stop-loss at price 1.12090
0	21:01:11.248	'1809640': order #41756871 buy 0.01 EURUSD at 1.12493 closed due stop-loss at price 1.12082
0	21:01:11.248	'1809640': order #41779120 buy 0.01 EURUSD at 1.12489 closed due stop-loss at price 1.12072
0	21:01:11.248	'1809640': order #41779597 buy 0.01 EURUSD at 1.12499 closed due stop-loss at price 1.12077
0	21:01:11.670	'1809640': modify order #41795347 buy 0.01 EURUSD at 1.12362 sl: 1.11899 tp: 1.12674 -> sl: 1.11899 tp: 1.12751
0	21:01:11.929	'1809640': order #41795347 buy 0.01 EURUSD at 1.12362 was modified -> sl: 1.11899 tp: 1.12751
0	21:09:29.017	'1809640': order #41785094 sell 0.01 EURUSD at 1.12336 closed due take-profit at price 1.11967
0	21:17:30.551	'1809640': order #41752104 buy 0.01 EURUSD at 1.12332 closed due stop-loss at price 1.11912
0	21:18:14.309	'1809640': order #41795347 buy 0.01 EURUSD at 1.12362 closed due stop-loss at price 1.11899
0	21:23:41.922	'1809640': order #41793329 buy 0.01 EURUSD at 1.12260 closed due stop-loss at price 1.11836
