0	00:06:37.344	'14158': close order #36104493 sell 0.01 EURUSD at 1.10741 sl: 1.10880 tp: 0.00000 at price 0.00000
0	00:06:40.084	'14158': order #36104493 sell 0.01 EURUSD at 1.10741 sl: 1.10880 tp: 0.00000 closed at price 1.10392
2	00:12:37.747	Expert 31337 EURUSD,M1: removed
2	00:12:38.788	Expert 31337 EURUSD,M1: loaded successfully
2	00:12:43.899	Expert 31337 EURUSD,M1: removed
2	00:13:42.820	Expert 31337 EURUSD,M1: loaded successfully
0	00:15:22.681	'14158': order sell market 0.01 EURUSD sl: 1.10871 tp: 0.00000
0	00:15:23.918	'14158': order was opened : #36107305 sell 0.01 EURUSD at 1.10463 sl: 1.10871 tp: 0.00000
0	00:15:24.299	'14158': close order #36105349 sell 0.01 EURUSD at 1.10628 sl: 1.10985 tp: 0.00000 at price 0.00000
0	00:15:25.541	'14158': order #36105349 sell 0.01 EURUSD at 1.10628 sl: 1.10985 tp: 0.00000 closed at price 1.10474
0	00:33:08.098	'14158': order sell market 0.01 EURUSD sl: 1.10898 tp: 0.00000
0	00:33:21.109	'14158': order was opened : #36107325 sell 0.01 EURUSD at 1.10492 sl: 1.10898 tp: 0.00000
0	00:33:21.174	'14158': close order #36106340 sell 0.01 EURUSD at 1.10542 sl: 1.10953 tp: 0.00000 at price 0.00000
0	00:33:21.762	'14158': order #36106340 sell 0.01 EURUSD at 1.10542 sl: 1.10953 tp: 0.00000 closed at price 1.10493
0	00:37:25.764	'14158': order sell market 0.01 EURUSD sl: 1.10889 tp: 0.00000
0	00:37:28.785	'14158': order was opened : #36107331 sell 0.01 EURUSD at 1.10484 sl: 1.10889 tp: 0.00000
0	00:37:29.860	'14158': close order #36107325 sell 0.01 EURUSD at 1.10492 sl: 1.10898 tp: 0.00000 at price 0.00000
0	00:37:33.679	'14158': order #36107325 sell 0.01 EURUSD at 1.10492 sl: 1.10898 tp: 0.00000 closed at price 1.10489
0	01:22:15.676	'14158': order buy market 0.01 EURUSD sl: 1.10084 tp: 1.10548
0	01:22:16.588	'14158': order was opened : #36107541 buy 0.01 EURUSD at 1.10491 sl: 1.10084 tp: 1.10548
0	01:22:18.950	'14158': close order #36107331 sell 0.01 EURUSD at 1.10484 sl: 1.10889 tp: 0.00000 at price 0.00000
0	01:22:19.761	'14158': order #36107331 sell 0.01 EURUSD at 1.10484 sl: 1.10889 tp: 0.00000 closed at price 1.10491
0	01:43:11.869	'14158': order buy market 0.01 EURUSD sl: 1.10012 tp: 1.10509
0	01:43:12.813	'14158': order was opened : #36107656 buy 0.01 EURUSD at 1.10413 sl: 1.10012 tp: 1.10509
0	01:43:12.910	'14158': close order #36107305 sell 0.01 EURUSD at 1.10463 sl: 1.10871 tp: 0.00000 at price 0.00000
0	01:43:14.114	'14158': order #36107305 sell 0.01 EURUSD at 1.10463 sl: 1.10871 tp: 0.00000 closed at price 1.10413
0	01:56:49.820	'14158': order buy market 0.01 EURUSD sl: 1.09983 tp: 1.10827
0	01:56:50.988	'14158': order was opened : #36107709 buy 0.01 EURUSD at 1.10390 sl: 1.09983 tp: 1.10827
0	01:56:51.737	'14158': close order #36107709 buy 0.01 EURUSD at 1.10390 sl: 1.09983 tp: 1.10827 at price 0.00000
0	01:56:55.704	'14158': order #36107709 buy 0.01 EURUSD at 1.10390 sl: 1.09983 tp: 1.10827 closed at price 1.10380
0	01:58:51.113	'14158': order buy market 0.01 EURUSD sl: 1.09994 tp: 1.10838
0	01:58:52.979	'14158': order was opened : #36107716 buy 0.01 EURUSD at 1.10401 sl: 1.09994 tp: 1.10838
0	01:58:53.953	'14158': close order #36107716 buy 0.01 EURUSD at 1.10401 sl: 1.09994 tp: 1.10838 at price 0.00000
0	01:58:56.206	'14158': order #36107716 buy 0.01 EURUSD at 1.10401 sl: 1.09994 tp: 1.10838 closed at price 1.10390
0	01:59:36.197	'14158': order buy market 0.01 EURUSD sl: 1.09997 tp: 1.10835
0	01:59:49.542	'14158': order was opened : #36107717 buy 0.01 EURUSD at 1.10401 sl: 1.09997 tp: 1.10835
0	01:59:49.740	'14158': modify order #36107717 buy 0.01 EURUSD at 1.10401 sl: 1.09997 tp: 1.10835 -> sl: 1.09997 tp: 1.10839
0	01:59:58.345	'14158': order #36107717 buy 0.01 EURUSD at 1.10401 was modified -> sl: 1.09997 tp: 1.10839
0	01:59:59.781	'14158': close order #36107717 buy 0.01 EURUSD at 1.10401 sl: 1.09997 tp: 1.10839 at price 0.00000
0	02:00:00.369	'14158': order #36107717 buy 0.01 EURUSD at 1.10401 sl: 1.09997 tp: 1.10839 closed at price 1.10382
0	02:00:20.349	'14158': order buy market 0.01 EURUSD sl: 1.09981 tp: 1.10826
0	02:00:35.472	'14158': order was opened : #36107720 buy 0.01 EURUSD at 1.10399 sl: 1.09981 tp: 1.10826
0	02:00:35.635	'14158': close order #36107720 buy 0.01 EURUSD at 1.10399 sl: 1.09981 tp: 1.10826 at price 0.00000
0	02:00:44.934	'14158': order #36107720 buy 0.01 EURUSD at 1.10399 sl: 1.09981 tp: 1.10826 closed at price 1.10388
0	02:01:27.829	'14158': order buy market 0.01 EURUSD sl: 1.09984 tp: 1.10828
0	02:01:31.520	'14158': order was opened : #36107721 buy 0.01 EURUSD at 1.10401 sl: 1.09984 tp: 1.10828
0	02:01:31.715	'14158': modify order #36107721 buy 0.01 EURUSD at 1.10401 sl: 1.09984 tp: 1.10828 -> sl: 1.09984 tp: 1.10829
0	02:01:34.292	'14158': order #36107721 buy 0.01 EURUSD at 1.10401 was modified -> sl: 1.09984 tp: 1.10829
0	02:01:34.491	'14158': close order #36107721 buy 0.01 EURUSD at 1.10401 sl: 1.09984 tp: 1.10829 at price 0.00000
0	02:01:36.776	'14158': order #36107721 buy 0.01 EURUSD at 1.10401 sl: 1.09984 tp: 1.10829 closed at price 1.10390
0	02:23:31.272	'14158': order sell market 0.01 EURUSD sl: 1.10789 tp: 0.00000
0	02:23:32.160	'14158': order was opened : #36107813 sell 0.01 EURUSD at 1.10385 sl: 1.10789 tp: 0.00000
0	02:23:32.942	'14158': close order #36107813 sell 0.01 EURUSD at 1.10385 sl: 1.10789 tp: 0.00000 at price 0.00000
0	02:23:34.096	'14158': order #36107813 sell 0.01 EURUSD at 1.10385 sl: 1.10789 tp: 0.00000 closed at price 1.10389
0	02:37:01.955	'14158': order sell market 0.01 EURUSD sl: 1.10798 tp: 0.00000
0	02:37:02.803	'14158': order was opened : #36107838 sell 0.01 EURUSD at 1.10392 sl: 1.10798 tp: 0.00000
0	02:37:03.387	'14158': close order #36107838 sell 0.01 EURUSD at 1.10392 sl: 1.10798 tp: 0.00000 at price 0.00000
0	02:37:04.609	'14158': order #36107838 sell 0.01 EURUSD at 1.10392 sl: 1.10798 tp: 0.00000 closed at price 1.10401
0	02:37:37.374	'14158': order sell market 0.01 EURUSD sl: 1.10816 tp: 0.00000
0	02:37:39.073	'14158': order was opened : #36107839 sell 0.01 EURUSD at 1.10410 sl: 1.10816 tp: 0.00000
0	02:37:39.434	'14158': close order #36107656 buy 0.01 EURUSD at 1.10413 sl: 1.10012 tp: 1.10509 at price 0.00000
0	02:37:42.308	'14158': order #36107656 buy 0.01 EURUSD at 1.10413 sl: 1.10012 tp: 1.10509 closed at price 1.10410
0	02:53:04.439	'14158': modify order #36107839 sell 0.01 EURUSD at 1.10410 sl: 1.10816 tp: 0.00000 -> sl: 1.10813 tp: 0.00000
0	02:53:05.188	'14158': order #36107839 sell 0.01 EURUSD at 1.10410 was modified -> sl: 1.10813 tp: 0.00000
0	02:56:38.003	'14158': modify order #36107839 sell 0.01 EURUSD at 1.10410 sl: 1.10813 tp: 0.00000 -> sl: 1.10812 tp: 0.00000
0	02:56:38.773	'14158': order #36107839 sell 0.01 EURUSD at 1.10410 was modified -> sl: 1.10812 tp: 0.00000
0	02:58:39.222	'14158': modify order #36107839 sell 0.01 EURUSD at 1.10410 sl: 1.10812 tp: 0.00000 -> sl: 1.10810 tp: 0.00000
0	02:58:41.249	'14158': order #36107839 sell 0.01 EURUSD at 1.10410 was modified -> sl: 1.10810 tp: 0.00000
0	03:00:34.605	'14158': modify order #36107839 sell 0.01 EURUSD at 1.10410 sl: 1.10810 tp: 0.00000 -> sl: 1.10807 tp: 0.00000
0	03:00:34.963	'14158': order #36107839 sell 0.01 EURUSD at 1.10410 was modified -> sl: 1.10807 tp: 0.00000
0	03:05:42.623	'14158': order #36104220 buy 0.01 EURUSD at 1.10617 closed due stop-loss at price 1.10296
0	03:06:01.008	'14158': modify order #36107839 sell 0.01 EURUSD at 1.10410 sl: 1.10807 tp: 0.00000 -> sl: 1.10801 tp: 0.00000
0	03:06:09.451	'14158': order #36107839 sell 0.01 EURUSD at 1.10410 was modified -> sl: 1.10801 tp: 0.00000
0	03:07:05.496	'14158': modify order #36107839 sell 0.01 EURUSD at 1.10410 sl: 1.10801 tp: 0.00000 -> sl: 1.10796 tp: 0.00000
0	03:07:06.408	'14158': order #36107839 sell 0.01 EURUSD at 1.10410 was modified -> sl: 1.10796 tp: 0.00000
0	03:07:17.864	'14158': modify order #36107839 sell 0.01 EURUSD at 1.10410 sl: 1.10796 tp: 0.00000 -> sl: 1.10793 tp: 0.00000
0	03:07:24.680	'14158': order #36107839 sell 0.01 EURUSD at 1.10410 was modified -> sl: 1.10793 tp: 0.00000
0	03:08:40.575	'14158': modify order #36107839 sell 0.01 EURUSD at 1.10410 sl: 1.10793 tp: 0.00000 -> sl: 1.10792 tp: 0.00000
0	03:08:41.423	'14158': order #36107839 sell 0.01 EURUSD at 1.10410 was modified -> sl: 1.10792 tp: 0.00000
0	03:09:14.030	'14158': modify order #36107839 sell 0.01 EURUSD at 1.10410 sl: 1.10792 tp: 0.00000 -> sl: 1.10789 tp: 0.00000
0	03:09:22.621	'14158': order #36107839 sell 0.01 EURUSD at 1.10410 was modified -> sl: 1.10789 tp: 0.00000
0	03:11:38.215	'14158': modify order #36107839 sell 0.01 EURUSD at 1.10410 sl: 1.10789 tp: 0.00000 -> sl: 1.10783 tp: 0.00000
0	03:11:40.830	'14158': order #36107839 sell 0.01 EURUSD at 1.10410 was modified -> sl: 1.10783 tp: 0.00000
0	03:12:29.835	'14158': order buy market 0.01 EURUSD sl: 1.09892 tp: 1.10397
0	03:12:33.000	'14158': order was opened : #36108059 buy 0.01 EURUSD at 1.10284 sl: 1.09892 tp: 1.10397
0	03:12:33.097	'14158': modify order #36107839 sell 0.01 EURUSD at 1.10410 sl: 1.10783 tp: 0.00000 -> sl: 1.10778 tp: 0.00000
0	03:12:34.438	'14158': order #36107839 sell 0.01 EURUSD at 1.10410 was modified -> sl: 1.10778 tp: 0.00000
0	03:12:34.600	'14158': modify order #36108059 buy 0.01 EURUSD at 1.10284 sl: 1.09892 tp: 1.10397 -> sl: 1.09894 tp: 1.10397
0	03:12:36.006	'14158': order #36108059 buy 0.01 EURUSD at 1.10284 was modified -> sl: 1.09894 tp: 1.10397
0	03:28:26.274	'14158': modify order #36107839 sell 0.01 EURUSD at 1.10410 sl: 1.10778 tp: 0.00000 -> sl: 1.10739 tp: 0.00000
0	03:28:26.575	'14158': order #36107839 sell 0.01 EURUSD at 1.10410 was modified -> sl: 1.10739 tp: 0.00000
0	03:31:10.013	'14158': modify order #36107839 sell 0.01 EURUSD at 1.10410 sl: 1.10739 tp: 0.00000 -> sl: 1.10736 tp: 0.00000
0	03:31:10.874	'14158': order #36107839 sell 0.01 EURUSD at 1.10410 was modified -> sl: 1.10736 tp: 0.00000
0	03:31:11.660	'14158': modify order #36107839 sell 0.01 EURUSD at 1.10410 sl: 1.10736 tp: 0.00000 -> sl: 1.10735 tp: 0.00000
0	03:31:12.638	'14158': order #36107839 sell 0.01 EURUSD at 1.10410 was modified -> sl: 1.10735 tp: 0.00000
0	03:37:29.741	'14158': modify order #36107839 sell 0.01 EURUSD at 1.10410 sl: 1.10735 tp: 0.00000 -> sl: 1.10731 tp: 0.00000
0	03:37:30.004	'14158': order #36107839 sell 0.01 EURUSD at 1.10410 was modified -> sl: 1.10731 tp: 0.00000
0	03:39:30.204	'14158': modify order #36107839 sell 0.01 EURUSD at 1.10410 sl: 1.10731 tp: 0.00000 -> sl: 1.10730 tp: 0.00000
0	03:39:31.039	'14158': order #36107839 sell 0.01 EURUSD at 1.10410 was modified -> sl: 1.10730 tp: 0.00000
0	04:30:40.205	'14158': modify order #36108059 buy 0.01 EURUSD at 1.10284 sl: 1.09894 tp: 1.10397 -> sl: 1.09895 tp: 1.10397
0	04:30:40.530	'14158': order #36108059 buy 0.01 EURUSD at 1.10284 was modified -> sl: 1.09895 tp: 1.10397
0	04:34:18.530	'14158': modify order #36108059 buy 0.01 EURUSD at 1.10284 sl: 1.09895 tp: 1.10397 -> sl: 1.09896 tp: 1.10397
0	04:34:23.621	'14158': order #36108059 buy 0.01 EURUSD at 1.10284 was modified -> sl: 1.09896 tp: 1.10397
0	04:36:58.569	'14158': close order #36107839 sell 0.01 EURUSD at 1.10410 sl: 1.10730 tp: 0.00000 at price 0.00000
0	04:36:59.728	'14158': order #36107839 sell 0.01 EURUSD at 1.10410 sl: 1.10730 tp: 0.00000 closed at price 1.10323
0	04:56:01.470	'14158': order sell market 0.01 EURUSD sl: 1.10708 tp: 0.00000
0	04:56:02.090	'14158': order was opened : #36109527 sell 0.01 EURUSD at 1.10302 sl: 1.10708 tp: 0.00000
0	05:59:42.047	'14158': order #36108059 buy 0.01 EURUSD at 1.10284 closed due take-profit at price 1.10397
0	06:00:52.064	'14158': order buy market 0.01 EURUSD sl: 1.09974 tp: 1.10818
0	06:00:52.892	'14158': order was opened : #36110559 buy 0.01 EURUSD at 1.10381 sl: 1.09974 tp: 1.10818
0	06:09:29.230	'14158': modify order #36110559 buy 0.01 EURUSD at 1.10381 sl: 1.09974 tp: 1.10818 -> sl: 1.09974 tp: 1.10838
0	06:09:29.611	'14158': order #36110559 buy 0.01 EURUSD at 1.10381 was modified -> sl: 1.09974 tp: 1.10838
0	06:10:26.494	'14158': modify order #36110559 buy 0.01 EURUSD at 1.10381 sl: 1.09974 tp: 1.10838 -> sl: 1.09974 tp: 1.10849
0	06:10:26.972	'14158': order #36110559 buy 0.01 EURUSD at 1.10381 was modified -> sl: 1.09974 tp: 1.10849
0	06:11:35.694	'14158': modify order #36110559 buy 0.01 EURUSD at 1.10381 sl: 1.09974 tp: 1.10849 -> sl: 1.09974 tp: 1.10865
0	06:11:52.722	'14158': order #36110559 buy 0.01 EURUSD at 1.10381 was modified -> sl: 1.09974 tp: 1.10865
0	06:16:36.612	'14158': modify order #36110559 buy 0.01 EURUSD at 1.10381 sl: 1.09974 tp: 1.10865 -> sl: 1.09974 tp: 1.10868
0	06:17:03.600	'14158': order #36110559 buy 0.01 EURUSD at 1.10381 was modified -> sl: 1.09974 tp: 1.10868
0	06:30:57.661	'14158': close order #36109527 sell 0.01 EURUSD at 1.10302 sl: 1.10708 tp: 0.00000 at price 0.00000
0	06:30:58.087	'14158': order #36109527 sell 0.01 EURUSD at 1.10302 sl: 1.10708 tp: 0.00000 closed at price 1.10200
0	06:31:08.559	'14158': order buy market 0.01 EURUSD sl: 1.09898 tp: 1.10414
0	06:31:08.888	'14158': order was opened : #36111026 buy 0.01 EURUSD at 1.10200 sl: 1.09898 tp: 1.10414
0	06:31:08.888	'14158': close order #36111026 buy 0.01 EURUSD at 1.10200 sl: 1.09898 tp: 1.10414 at price 0.00000
0	06:31:09.151	'14158': order #36111026 buy 0.01 EURUSD at 1.10200 sl: 1.09898 tp: 1.10414 closed at price 1.10190
0	06:37:05.985	'14158': order buy market 0.01 EURUSD sl: 1.09871 tp: 1.10394
0	06:37:27.622	'14158': order was opened : #36111165 buy 0.01 EURUSD at 1.10216 sl: 1.09871 tp: 1.10394
0	06:37:29.355	'14158': close order #36111165 buy 0.01 EURUSD at 1.10216 sl: 1.09871 tp: 1.10394 at price 0.00000
0	06:38:09.012	'14158': order #36111165 buy 0.01 EURUSD at 1.10216 sl: 1.09871 tp: 1.10394 closed at price 1.10198
0	06:38:09.077	'14158': order buy market 0.01 EURUSD sl: 1.09867 tp: 1.10387
0	06:38:09.402	'14158': order was opened : #36111211 buy 0.01 EURUSD at 1.10192 sl: 1.09867 tp: 1.10387
0	06:38:09.434	'14158': close order #36111211 buy 0.01 EURUSD at 1.10192 sl: 1.09867 tp: 1.10387 at price 0.00000
0	06:38:09.796	'14158': order #36111211 buy 0.01 EURUSD at 1.10192 sl: 1.09867 tp: 1.10387 closed at price 1.10183
0	06:38:19.295	'14158': order buy market 0.01 EURUSD sl: 1.09860 tp: 1.10382
0	06:38:21.193	'14158': order was opened : #36111212 buy 0.01 EURUSD at 1.10191 sl: 1.09860 tp: 1.10382
0	06:38:21.193	'14158': modify order #36111212 buy 0.01 EURUSD at 1.10191 sl: 1.09860 tp: 1.10382 -> sl: 1.09860 tp: 1.10383
0	06:38:21.749	'14158': order #36111212 buy 0.01 EURUSD at 1.10191 was modified -> sl: 1.09860 tp: 1.10383
0	06:38:21.749	'14158': close order #36111212 buy 0.01 EURUSD at 1.10191 sl: 1.09860 tp: 1.10383 at price 0.00000
0	06:38:22.107	'14158': order #36111212 buy 0.01 EURUSD at 1.10191 sl: 1.09860 tp: 1.10383 closed at price 1.10180
0	06:41:38.887	'14158': order sell market 0.01 EURUSD sl: 1.10608 tp: 0.00000
0	06:42:14.839	'14158': order was opened : #36111257 sell 0.01 EURUSD at 1.10222 sl: 1.10608 tp: 0.00000
0	06:42:19.603	'14158': close order #36111257 sell 0.01 EURUSD at 1.10222 sl: 1.10608 tp: 0.00000 at price 0.00000
0	06:42:23.652	'14158': order #36111257 sell 0.01 EURUSD at 1.10222 sl: 1.10608 tp: 0.00000 closed at price 1.10254
0	06:42:29.788	'14158': order sell market 0.01 EURUSD sl: 1.10651 tp: 0.00000
0	06:42:31.719	'14158': order was opened : #36111260 sell 0.01 EURUSD at 1.10238 sl: 1.10651 tp: 0.00000
0	06:42:31.849	'14158': close order #36111260 sell 0.01 EURUSD at 1.10238 sl: 1.10651 tp: 0.00000 at price 0.00000
0	06:42:32.438	'14158': order #36111260 sell 0.01 EURUSD at 1.10238 sl: 1.10651 tp: 0.00000 closed at price 1.10247
0	06:45:24.538	'14158': order buy market 0.01 EURUSD sl: 1.09856 tp: 1.10696
1	06:48:45.550	'14158': order buy 0.01 EURUSD opening at market sl: 1.09856 tp: 1.10696 failed [Trade timeout]
0	06:48:45.577	'14158': order sell market 0.01 EURUSD sl: 1.10651 tp: 0.00000
1	06:52:06.581	'14158': order sell 0.01 EURUSD opening at market sl: 1.10651 tp: 0.00000 failed [Trade timeout]
0	06:55:05.944	'14158': login on Tripleafx-FX-Real through FX-Real-01
0	06:58:12.311	'14158': login on Tripleafx-FX-Real through FX-Real-01
0	07:03:36.238	'14158': login on Tripleafx-FX-Real through FX-Real-01
0	07:03:59.050	'14158': ping to current access point FX-Real-01 is 93.09 ms
1	07:04:10.629	MQL4 Market: failed to load products
0	07:05:55.113	'14158': modify order #36111277 buy 0.01 EURUSD at 1.10253 sl: 1.09856 tp: 1.10696 -> sl: 1.09856 tp: 1.10710
0	07:05:55.583	'14158': order #36111277 buy 0.01 EURUSD at 1.10253 was modified -> sl: 1.09856 tp: 1.10710
0	07:05:55.624	'14158': close order #36111277 buy 0.01 EURUSD at 1.10253 sl: 1.09856 tp: 1.10710 at price 0.00000
0	07:05:55.973	'14158': order #36111277 buy 0.01 EURUSD at 1.10253 sl: 1.09856 tp: 1.10710 closed at price 1.10258
0	07:06:18.223	'14158': order sell market 0.01 EURUSD sl: 1.10519 tp: 0.00000
0	07:06:18.697	'14158': order was opened : #36111690 sell 0.01 EURUSD at 1.10245 sl: 1.10519 tp: 0.00000
0	07:06:18.900	'14158': close order #36111690 sell 0.01 EURUSD at 1.10245 sl: 1.10519 tp: 0.00000 at price 0.00000
0	07:06:19.399	'14158': order #36111690 sell 0.01 EURUSD at 1.10245 sl: 1.10519 tp: 0.00000 closed at price 1.10255
0	07:07:50.227	'14158': order sell market 0.01 EURUSD sl: 1.10647 tp: 0.00000
0	07:07:50.778	'14158': order was opened : #36111779 sell 0.01 EURUSD at 1.10240 sl: 1.10647 tp: 0.00000
0	07:07:50.801	'14158': close order #36111779 sell 0.01 EURUSD at 1.10240 sl: 1.10647 tp: 0.00000 at price 0.00000
0	07:07:51.257	'14158': order #36111779 sell 0.01 EURUSD at 1.10240 sl: 1.10647 tp: 0.00000 closed at price 1.10251
0	07:08:06.363	'14158': order sell market 0.01 EURUSD sl: 1.10632 tp: 0.00000
0	07:08:07.280	'14158': order was opened : #36111829 sell 0.01 EURUSD at 1.10225 sl: 1.10632 tp: 0.00000
0	07:08:07.300	'14158': close order #36111829 sell 0.01 EURUSD at 1.10225 sl: 1.10632 tp: 0.00000 at price 0.00000
0	07:08:07.941	'14158': order #36111829 sell 0.01 EURUSD at 1.10225 sl: 1.10632 tp: 0.00000 closed at price 1.10236
0	07:09:07.691	'14158': order sell market 0.01 EURUSD sl: 1.10673 tp: 0.00000
0	07:09:08.113	'14158': order was opened : #36111840 sell 0.01 EURUSD at 1.10266 sl: 1.10673 tp: 0.00000
0	07:09:08.149	'14158': close order #36111840 sell 0.01 EURUSD at 1.10266 sl: 1.10673 tp: 0.00000 at price 0.00000
0	07:09:08.895	'14158': order #36111840 sell 0.01 EURUSD at 1.10266 sl: 1.10673 tp: 0.00000 closed at price 1.10274
0	07:12:36.771	'14158': order sell market 0.01 EURUSD sl: 1.10518 tp: 0.00000
0	07:12:37.910	'14158': order was opened : #36111853 sell 0.01 EURUSD at 1.10293 sl: 1.10518 tp: 0.00000
0	07:12:37.950	'14158': close order #36111853 sell 0.01 EURUSD at 1.10293 sl: 1.10518 tp: 0.00000 at price 0.00000
0	07:12:39.317	'14158': order #36111853 sell 0.01 EURUSD at 1.10293 sl: 1.10518 tp: 0.00000 closed at price 1.10303
0	07:13:11.690	'14158': order sell market 0.01 EURUSD sl: 1.10665 tp: 0.00000
0	07:13:12.545	'14158': order was opened : #36111871 sell 0.01 EURUSD at 1.10256 sl: 1.10665 tp: 0.00000
0	07:13:12.606	'14158': close order #36111871 sell 0.01 EURUSD at 1.10256 sl: 1.10665 tp: 0.00000 at price 0.00000
0	07:13:13.360	'14158': order #36111871 sell 0.01 EURUSD at 1.10256 sl: 1.10665 tp: 0.00000 closed at price 1.10266
0	07:14:21.226	'14158': order sell market 0.01 EURUSD sl: 1.10680 tp: 0.00000
0	07:14:22.085	'14158': order was opened : #36111887 sell 0.01 EURUSD at 1.10273 sl: 1.10680 tp: 0.00000
0	07:14:22.145	'14158': close order #36111887 sell 0.01 EURUSD at 1.10273 sl: 1.10680 tp: 0.00000 at price 0.00000
0	07:14:22.838	'14158': order #36111887 sell 0.01 EURUSD at 1.10273 sl: 1.10680 tp: 0.00000 closed at price 1.10284
0	07:15:20.271	'14158': order sell market 0.01 EURUSD sl: 1.10693 tp: 0.00000
0	07:15:26.191	'14158': order was opened : #36111902 sell 0.01 EURUSD at 1.10298 sl: 1.10693 tp: 0.00000
0	07:15:26.271	'14158': close order #36111902 sell 0.01 EURUSD at 1.10298 sl: 1.10693 tp: 0.00000 at price 0.00000
0	07:15:26.798	'14158': order #36111902 sell 0.01 EURUSD at 1.10298 sl: 1.10693 tp: 0.00000 closed at price 1.10310
0	07:16:55.652	'14158': order sell market 0.01 EURUSD sl: 1.10692 tp: 0.00000
0	07:16:57.855	'14158': order was opened : #36111925 sell 0.01 EURUSD at 1.10284 sl: 1.10692 tp: 0.00000
0	07:16:57.977	'14158': close order #36111925 sell 0.01 EURUSD at 1.10284 sl: 1.10692 tp: 0.00000 at price 0.00000
0	07:17:01.851	'14158': order #36111925 sell 0.01 EURUSD at 1.10284 sl: 1.10692 tp: 0.00000 closed at price 1.10295
0	07:17:56.616	'14158': order sell market 0.01 EURUSD sl: 1.10690 tp: 0.00000
0	07:17:57.711	'14158': order was opened : #36111929 sell 0.01 EURUSD at 1.10282 sl: 1.10690 tp: 0.00000
0	07:17:58.365	'14158': close order #36111929 sell 0.01 EURUSD at 1.10282 sl: 1.10690 tp: 0.00000 at price 0.00000
0	07:17:59.594	'14158': order #36111929 sell 0.01 EURUSD at 1.10282 sl: 1.10690 tp: 0.00000 closed at price 1.10290
0	07:18:39.807	'14158': order sell market 0.01 EURUSD sl: 1.10687 tp: 0.00000
0	07:18:44.216	'14158': order was opened : #36111934 sell 0.01 EURUSD at 1.10282 sl: 1.10687 tp: 0.00000
0	07:18:44.338	'14158': close order #36111934 sell 0.01 EURUSD at 1.10282 sl: 1.10687 tp: 0.00000 at price 0.00000
0	07:18:48.779	'14158': order #36111934 sell 0.01 EURUSD at 1.10282 sl: 1.10687 tp: 0.00000 closed at price 1.10293
0	07:19:51.588	'14158': order sell market 0.01 EURUSD sl: 1.10699 tp: 0.00000
0	07:19:55.548	'14158': order was opened : #36111951 sell 0.01 EURUSD at 1.10285 sl: 1.10699 tp: 0.00000
0	07:19:55.629	'14158': close order #36111951 sell 0.01 EURUSD at 1.10285 sl: 1.10699 tp: 0.00000 at price 0.00000
0	07:19:58.405	'14158': order #36111951 sell 0.01 EURUSD at 1.10285 sl: 1.10699 tp: 0.00000 closed at price 1.10294
0	07:21:25.009	'14158': order sell market 0.01 EURUSD sl: 1.10500 tp: 0.00000
0	07:21:26.071	'14158': order was opened : #36111970 sell 0.01 EURUSD at 1.10267 sl: 1.10500 tp: 0.00000
0	07:21:26.193	'14158': close order #36111970 sell 0.01 EURUSD at 1.10267 sl: 1.10500 tp: 0.00000 at price 0.00000
0	07:21:27.332	'14158': order #36111970 sell 0.01 EURUSD at 1.10267 sl: 1.10500 tp: 0.00000 closed at price 1.10276
0	07:22:44.854	'14158': order sell market 0.01 EURUSD sl: 1.10678 tp: 0.00000
0	07:22:47.707	'14158': order was opened : #36111979 sell 0.01 EURUSD at 1.10273 sl: 1.10678 tp: 0.00000
0	07:22:47.872	'14158': close order #36111979 sell 0.01 EURUSD at 1.10273 sl: 1.10678 tp: 0.00000 at price 0.00000
0	07:22:52.153	'14158': order #36111979 sell 0.01 EURUSD at 1.10273 sl: 1.10678 tp: 0.00000 closed at price 1.10292
0	07:23:41.108	'14158': order sell market 0.01 EURUSD sl: 1.10666 tp: 0.00000
0	07:23:42.575	'14158': order was opened : #36111994 sell 0.01 EURUSD at 1.10260 sl: 1.10666 tp: 0.00000
0	07:23:42.697	'14158': close order #36111994 sell 0.01 EURUSD at 1.10260 sl: 1.10666 tp: 0.00000 at price 0.00000
0	07:23:43.795	'14158': order #36111994 sell 0.01 EURUSD at 1.10260 sl: 1.10666 tp: 0.00000 closed at price 1.10270
0	07:25:40.375	'14158': order buy market 0.01 EURUSD sl: 1.09827 tp: 1.10665
0	07:25:42.171	'14158': order was opened : #36112023 buy 0.01 EURUSD at 1.10232 sl: 1.09827 tp: 1.10665
0	07:25:42.248	'14158': modify order #36112023 buy 0.01 EURUSD at 1.10232 sl: 1.09827 tp: 1.10665 -> sl: 1.09828 tp: 1.10665
0	07:25:43.642	'14158': order #36112023 buy 0.01 EURUSD at 1.10232 was modified -> sl: 1.09828 tp: 1.10665
0	07:25:43.763	'14158': close order #36112023 buy 0.01 EURUSD at 1.10232 sl: 1.09828 tp: 1.10665 at price 0.00000
0	07:25:45.397	'14158': order #36112023 buy 0.01 EURUSD at 1.10232 sl: 1.09828 tp: 1.10665 closed at price 1.10219
0	07:25:45.518	'14158': order sell market 0.01 EURUSD sl: 1.10623 tp: 0.00000
0	07:25:47.026	'14158': order was opened : #36112024 sell 0.01 EURUSD at 1.10217 sl: 1.10623 tp: 0.00000
0	07:25:47.152	'14158': close order #36112024 sell 0.01 EURUSD at 1.10217 sl: 1.10623 tp: 0.00000 at price 0.00000
0	07:25:48.700	'14158': order #36112024 sell 0.01 EURUSD at 1.10217 sl: 1.10623 tp: 0.00000 closed at price 1.10221
0	07:26:13.712	'14158': order sell market 0.01 EURUSD sl: 1.10503 tp: 0.00000
1	07:26:16.979	'14158': order sell 0.01 EURUSD opening at market sl: 1.10503 tp: 0.00000 failed [Not enough money]
0	07:28:25.817	'14158': order sell market 0.01 EURUSD sl: 1.10643 tp: 0.00000
0	07:28:32.994	'14158': order was opened : #36112156 sell 0.01 EURUSD at 1.10231 sl: 1.10643 tp: 0.00000
0	07:28:33.115	'14158': close order #36112156 sell 0.01 EURUSD at 1.10231 sl: 1.10643 tp: 0.00000 at price 0.00000
0	07:28:33.565	'14158': order #36112156 sell 0.01 EURUSD at 1.10231 sl: 1.10643 tp: 0.00000 closed at price 1.10246
0	07:31:44.307	'14158': order sell market 0.01 EURUSD sl: 1.10489 tp: 0.00000
0	07:31:45.614	'14158': order was opened : #36112190 sell 0.01 EURUSD at 1.10221 sl: 1.10489 tp: 0.00000
0	07:31:45.739	'14158': close order #36112190 sell 0.01 EURUSD at 1.10221 sl: 1.10489 tp: 0.00000 at price 0.00000
0	07:31:48.186	'14158': order #36112190 sell 0.01 EURUSD at 1.10221 sl: 1.10489 tp: 0.00000 closed at price 1.10231
0	07:35:00.760	'14158': order sell market 0.01 EURUSD sl: 1.10649 tp: 0.00000
0	07:35:01.942	'14158': order was opened : #36112205 sell 0.01 EURUSD at 1.10245 sl: 1.10649 tp: 0.00000
0	07:35:02.880	'14158': close order #36112205 sell 0.01 EURUSD at 1.10245 sl: 1.10649 tp: 0.00000 at price 0.00000
0	07:35:06.264	'14158': order #36112205 sell 0.01 EURUSD at 1.10245 sl: 1.10649 tp: 0.00000 closed at price 1.10257
0	07:36:13.131	'14158': order sell market 0.01 EURUSD sl: 1.10662 tp: 0.00000
0	07:36:15.288	'14158': order was opened : #36112214 sell 0.01 EURUSD at 1.10256 sl: 1.10662 tp: 0.00000
0	07:36:15.385	'14158': close order #36112214 sell 0.01 EURUSD at 1.10256 sl: 1.10662 tp: 0.00000 at price 0.00000
0	07:36:16.659	'14158': order #36112214 sell 0.01 EURUSD at 1.10256 sl: 1.10662 tp: 0.00000 closed at price 1.10262
0	07:51:19.859	'14158': order #36107541 buy 0.01 EURUSD at 1.10491 closed due stop-loss at price 1.10084
0	07:51:26.014	'14158': order sell market 0.01 EURUSD sl: 1.10486 tp: 0.00000
0	07:51:29.931	'14158': order was opened : #36112520 sell 0.01 EURUSD at 1.10072 sl: 1.10486 tp: 0.00000
0	08:05:38.439	'14158': order #36110559 buy 0.01 EURUSD at 1.10381 closed due stop-loss at price 1.09974
0	08:05:46.234	'14158': order buy market 0.01 EURUSD sl: 1.09672 tp: 1.10196
0	08:05:48.188	'14158': order was opened : #36113183 buy 0.01 EURUSD at 1.09943 sl: 1.09672 tp: 1.10196
0	08:05:48.309	'14158': modify order #36113183 buy 0.01 EURUSD at 1.09943 sl: 1.09672 tp: 1.10196 -> sl: 1.09672 tp: 1.10197
0	08:05:48.638	'14158': order #36113183 buy 0.01 EURUSD at 1.09943 was modified -> sl: 1.09672 tp: 1.10197
0	08:46:34.932	'14158': order #36113183 buy 0.01 EURUSD at 1.09943 closed due stop-loss at price 1.09672
0	08:47:17.953	'14158': order buy market 0.01 EURUSD sl: 1.09403 tp: 1.09940
0	08:47:18.407	'14158': order was opened : #36113978 buy 0.01 EURUSD at 1.09671 sl: 1.09403 tp: 1.09940
0	08:47:18.703	'14158': modify order #36113978 buy 0.01 EURUSD at 1.09671 sl: 1.09403 tp: 1.09940 -> sl: 1.09405 tp: 1.09940
0	08:47:22.618	'14158': order #36113978 buy 0.01 EURUSD at 1.09671 was modified -> sl: 1.09405 tp: 1.09940
0	08:47:25.653	'14158': close order #36112520 sell 0.01 EURUSD at 1.10072 sl: 1.10486 tp: 0.00000 at price 0.00000
0	08:47:26.111	'14158': order #36112520 sell 0.01 EURUSD at 1.10072 sl: 1.10486 tp: 0.00000 closed at price 1.09685
0	08:48:10.203	'14158': order buy market 0.01 EURUSD sl: 0.00000 tp: 1.10262
0	08:48:10.592	'14158': order was opened : #36114016 buy 0.01 EURUSD at 1.09662 sl: 0.00000 tp: 1.10262
0	08:48:10.592	'14158': modify order #36114016 buy 0.01 EURUSD at 1.09662 sl: 0.00000 tp: 1.10262 -> sl: 1.09255 tp: 1.10262
0	08:48:11.444	'14158': order #36114016 buy 0.01 EURUSD at 1.09662 was modified -> sl: 1.09255 tp: 1.10262
0	08:56:41.032	'14158': modify order #36114016 buy 0.01 EURUSD at 1.09662 sl: 1.09255 tp: 1.10262 -> sl: 1.09632 tp: 1.10262
0	08:56:42.411	'14158': order #36114016 buy 0.01 EURUSD at 1.09662 was modified -> sl: 1.09632 tp: 1.10262
0	08:57:27.206	'14158': modify order #36114016 buy 0.01 EURUSD at 1.09662 sl: 1.09632 tp: 1.10262 -> sl: 1.09633 tp: 1.10262
0	08:57:27.656	'14158': order #36114016 buy 0.01 EURUSD at 1.09662 was modified -> sl: 1.09633 tp: 1.10262
0	09:01:16.287	'14158': order #36114016 buy 0.01 EURUSD at 1.09662 closed due stop-loss at price 1.09633
0	09:02:14.070	'14158': order sell market 0.01 EURUSD sl: 1.10003 tp: 0.00000
0	09:02:14.559	'14158': order was opened : #36114209 sell 0.01 EURUSD at 1.09594 sl: 1.10003 tp: 0.00000
0	09:02:15.211	'14158': close order #36114209 sell 0.01 EURUSD at 1.09594 sl: 1.10003 tp: 0.00000 at price 0.00000
0	09:02:19.328	'14158': order #36114209 sell 0.01 EURUSD at 1.09594 sl: 1.10003 tp: 0.00000 closed at price 1.09598
0	09:03:44.921	'14158': order sell market 0.01 EURUSD sl: 1.10082 tp: 0.00000
0	09:03:45.327	'14158': order was opened : #36114240 sell 0.01 EURUSD at 1.09677 sl: 1.10082 tp: 0.00000
0	09:03:45.327	'14158': close order #36113978 buy 0.01 EURUSD at 1.09671 sl: 1.09405 tp: 1.09940 at price 0.00000
0	09:03:45.853	'14158': order #36113978 buy 0.01 EURUSD at 1.09671 sl: 1.09405 tp: 1.09940 closed at price 1.09682
0	09:04:54.780	'14158': order buy market 0.01 EURUSD sl: 1.09610 tp: 1.10214
0	09:04:55.347	'14158': order was opened : #36114248 buy 0.01 EURUSD at 1.09696 sl: 1.09610 tp: 1.10214
0	09:04:55.388	'14158': close order #36114248 buy 0.01 EURUSD at 1.09696 sl: 1.09610 tp: 1.10214 at price 0.00000
0	09:04:55.756	'14158': order #36114248 buy 0.01 EURUSD at 1.09696 sl: 1.09610 tp: 1.10214 closed at price 1.09686
0	09:05:23.493	'14158': order buy market 0.01 EURUSD sl: 0.00000 tp: 1.10403
0	09:05:23.857	'14158': order was opened : #36114251 buy 0.01 EURUSD at 1.09684 sl: 0.00000 tp: 1.10403
0	09:05:23.857	'14158': modify order #36114251 buy 0.01 EURUSD at 1.09684 sl: 0.00000 tp: 1.10403 -> sl: 1.09277 tp: 1.10403
0	09:05:24.226	'14158': order #36114251 buy 0.01 EURUSD at 1.09684 was modified -> sl: 1.09277 tp: 1.10403
0	09:05:24.226	'14158': close order #36114240 sell 0.01 EURUSD at 1.09677 sl: 1.10082 tp: 0.00000 at price 0.00000
0	09:05:24.757	'14158': order #36114240 sell 0.01 EURUSD at 1.09677 sl: 1.10082 tp: 0.00000 closed at price 1.09686
0	09:07:20.891	'14158': order sell market 0.01 EURUSD sl: 1.10100 tp: 0.00000
0	09:07:35.359	'14158': order was opened : #36114268 sell 0.01 EURUSD at 1.09693 sl: 1.10100 tp: 0.00000
0	09:07:35.606	'14158': close order #36114251 buy 0.01 EURUSD at 1.09684 sl: 1.09277 tp: 1.10403 at price 0.00000
0	09:07:36.377	'14158': order #36114251 buy 0.01 EURUSD at 1.09684 sl: 1.09277 tp: 1.10403 closed at price 1.09693
0	09:09:21.950	'14158': order buy market 0.01 EURUSD sl: 0.00000 tp: 1.10401
0	09:09:22.359	'14158': order was opened : #36114278 buy 0.01 EURUSD at 1.09742 sl: 0.00000 tp: 1.10401
0	09:09:22.359	'14158': modify order #36114278 buy 0.01 EURUSD at 1.09742 sl: 0.00000 tp: 1.10401 -> sl: 1.09342 tp: 1.10402
0	09:09:22.764	'14158': order #36114278 buy 0.01 EURUSD at 1.09742 was modified -> sl: 1.09342 tp: 1.10402
0	09:09:22.764	'14158': close order #36114278 buy 0.01 EURUSD at 1.09742 sl: 1.09342 tp: 1.10402 at price 0.00000
0	09:09:23.173	'14158': order #36114278 buy 0.01 EURUSD at 1.09742 sl: 1.09342 tp: 1.10402 closed at price 1.09737
0	09:10:31.267	'14158': order sell market 0.01 EURUSD sl: 1.10157 tp: 0.00000
0	09:10:31.721	'14158': order was opened : #36114286 sell 0.01 EURUSD at 1.09750 sl: 1.10157 tp: 0.00000
0	09:10:31.721	'14158': close order #36114286 sell 0.01 EURUSD at 1.09750 sl: 1.10157 tp: 0.00000 at price 0.00000
0	09:10:32.114	'14158': order #36114286 sell 0.01 EURUSD at 1.09750 sl: 1.10157 tp: 0.00000 closed at price 1.09766
0	09:12:10.884	'14158': order sell market 0.01 EURUSD sl: 1.10160 tp: 0.00000
0	09:12:36.955	'14158': order was opened : #36114299 sell 0.01 EURUSD at 1.09775 sl: 1.10160 tp: 0.00000
0	09:12:37.344	'14158': close order #36114299 sell 0.01 EURUSD at 1.09775 sl: 1.10160 tp: 0.00000 at price 0.00000
0	09:13:46.211	'14158': order #36114299 sell 0.01 EURUSD at 1.09775 sl: 1.10160 tp: 0.00000 closed at price 1.09786
0	09:14:00.922	'14158': order sell market 0.01 EURUSD sl: 1.10163 tp: 0.00000
0	09:14:01.900	'14158': order was opened : #36114313 sell 0.01 EURUSD at 1.09763 sl: 1.10163 tp: 0.00000
0	09:14:01.900	'14158': close order #36114313 sell 0.01 EURUSD at 1.09763 sl: 1.10163 tp: 0.00000 at price 0.00000
0	09:14:02.326	'14158': order #36114313 sell 0.01 EURUSD at 1.09763 sl: 1.10163 tp: 0.00000 closed at price 1.09771
0	09:16:18.495	'14158': order sell market 0.01 EURUSD sl: 1.10159 tp: 0.00000
0	09:16:18.985	'14158': order was opened : #36114324 sell 0.01 EURUSD at 1.09752 sl: 1.10159 tp: 0.00000
0	09:16:19.107	'14158': close order #36114324 sell 0.01 EURUSD at 1.09752 sl: 1.10159 tp: 0.00000 at price 0.00000
0	09:16:19.597	'14158': order #36114324 sell 0.01 EURUSD at 1.09752 sl: 1.10159 tp: 0.00000 closed at price 1.09761
0	09:17:59.604	'14158': order sell market 0.01 EURUSD sl: 1.10167 tp: 0.00000
0	09:18:00.296	'14158': order was opened : #36114343 sell 0.01 EURUSD at 1.09764 sl: 1.10167 tp: 0.00000
0	09:18:00.296	'14158': close order #36114343 sell 0.01 EURUSD at 1.09764 sl: 1.10167 tp: 0.00000 at price 0.00000
0	09:18:01.196	'14158': order #36114343 sell 0.01 EURUSD at 1.09764 sl: 1.10167 tp: 0.00000 closed at price 1.09771
0	09:20:44.903	'14158': order sell market 0.01 EURUSD sl: 1.10172 tp: 0.00000
0	09:20:45.433	'14158': order was opened : #36114349 sell 0.01 EURUSD at 1.09767 sl: 1.10172 tp: 0.00000
0	09:20:45.433	'14158': close order #36114349 sell 0.01 EURUSD at 1.09767 sl: 1.10172 tp: 0.00000 at price 0.00000
0	09:20:45.920	'14158': order #36114349 sell 0.01 EURUSD at 1.09767 sl: 1.10172 tp: 0.00000 closed at price 1.09776
0	09:21:47.349	'14158': order sell market 0.01 EURUSD sl: 1.10164 tp: 0.00000
0	09:21:47.920	'14158': order was opened : #36114352 sell 0.01 EURUSD at 1.09761 sl: 1.10164 tp: 0.00000
0	09:21:47.920	'14158': close order #36114352 sell 0.01 EURUSD at 1.09761 sl: 1.10164 tp: 0.00000 at price 0.00000
0	09:21:48.532	'14158': order #36114352 sell 0.01 EURUSD at 1.09761 sl: 1.10164 tp: 0.00000 closed at price 1.09772
0	09:23:08.245	'14158': order sell market 0.01 EURUSD sl: 1.10169 tp: 0.00000
0	09:23:08.650	'14158': order was opened : #36114408 sell 0.01 EURUSD at 1.09762 sl: 1.10169 tp: 0.00000
0	09:23:08.650	'14158': close order #36114408 sell 0.01 EURUSD at 1.09762 sl: 1.10169 tp: 0.00000 at price 0.00000
0	09:23:09.675	'14158': order #36114408 sell 0.01 EURUSD at 1.09762 sl: 1.10169 tp: 0.00000 closed at price 1.09772
0	09:31:08.748	'14158': order buy market 0.01 EURUSD sl: 0.00000 tp: 1.10372
0	09:31:09.321	'14158': order was opened : #36114523 buy 0.01 EURUSD at 1.09700 sl: 0.00000 tp: 1.10372
0	09:31:09.321	'14158': modify order #36114523 buy 0.01 EURUSD at 1.09700 sl: 0.00000 tp: 1.10372 -> sl: 1.09294 tp: 1.10372
0	09:31:10.826	'14158': order #36114523 buy 0.01 EURUSD at 1.09700 was modified -> sl: 1.09294 tp: 1.10372
0	09:31:10.826	'14158': close order #36114523 buy 0.01 EURUSD at 1.09700 sl: 1.09294 tp: 1.10372 at price 0.00000
0	09:31:13.113	'14158': order #36114523 buy 0.01 EURUSD at 1.09700 sl: 1.09294 tp: 1.10372 closed at price 1.09691
0	09:35:03.097	'14158': order buy market 0.01 EURUSD sl: 0.00000 tp: 1.10371
0	09:35:04.729	'14158': order was opened : #36114567 buy 0.01 EURUSD at 1.09723 sl: 0.00000 tp: 1.10371
0	09:35:04.729	'14158': modify order #36114567 buy 0.01 EURUSD at 1.09723 sl: 0.00000 tp: 1.10371 -> sl: 1.09329 tp: 1.10371
0	09:35:05.017	'14158': order #36114567 buy 0.01 EURUSD at 1.09723 was modified -> sl: 1.09329 tp: 1.10371
0	09:35:05.017	'14158': close order #36114567 buy 0.01 EURUSD at 1.09723 sl: 1.09329 tp: 1.10371 at price 0.00000
0	09:35:05.953	'14158': order #36114567 buy 0.01 EURUSD at 1.09723 sl: 1.09329 tp: 1.10371 closed at price 1.09713
0	09:37:14.379	'14158': order buy market 0.01 EURUSD sl: 1.09310 tp: 1.10151
0	09:37:14.748	'14158': order was opened : #36114576 buy 0.01 EURUSD at 1.09714 sl: 1.09310 tp: 1.10151
0	09:37:14.748	'14158': close order #36114576 buy 0.01 EURUSD at 1.09714 sl: 1.09310 tp: 1.10151 at price 0.00000
0	09:37:15.279	'14158': order #36114576 buy 0.01 EURUSD at 1.09714 sl: 1.09310 tp: 1.10151 closed at price 1.09703
0	09:39:09.432	'14158': order buy market 0.01 EURUSD sl: 1.09286 tp: 1.10130
0	09:39:10.694	'14158': order was opened : #36114586 buy 0.01 EURUSD at 1.09693 sl: 1.09286 tp: 1.10130
0	09:39:10.897	'14158': close order #36114268 sell 0.01 EURUSD at 1.09693 sl: 1.10100 tp: 0.00000 at price 0.00000
0	09:39:12.325	'14158': order #36114268 sell 0.01 EURUSD at 1.09693 sl: 1.10100 tp: 0.00000 closed at price 1.09693
0	09:41:05.631	'14158': modify order #36114586 buy 0.01 EURUSD at 1.09693 sl: 1.09286 tp: 1.10130 -> sl: 1.09286 tp: 1.10171
0	09:41:06.937	'14158': order #36114586 buy 0.01 EURUSD at 1.09693 was modified -> sl: 1.09286 tp: 1.10171
0	09:42:31.111	'14158': order buy market 0.01 EURUSD sl: 0.00000 tp: 1.10369
0	09:42:33.524	'14158': order was opened : #36114611 buy 0.01 EURUSD at 1.09713 sl: 0.00000 tp: 1.10369
0	09:42:33.620	'14158': modify order #36114611 buy 0.01 EURUSD at 1.09713 sl: 0.00000 tp: 1.10369 -> sl: 1.09317 tp: 1.10371
0	09:42:35.580	'14158': order #36114611 buy 0.01 EURUSD at 1.09713 was modified -> sl: 1.09317 tp: 1.10371
0	09:42:35.677	'14158': close order #36114586 buy 0.01 EURUSD at 1.09693 sl: 1.09286 tp: 1.10171 at price 0.00000
0	09:42:37.961	'14158': order #36114586 buy 0.01 EURUSD at 1.09693 sl: 1.09286 tp: 1.10171 closed at price 1.09714
0	09:46:59.738	'14158': order sell market 0.01 EURUSD sl: 1.10184 tp: 0.00000
0	09:47:01.123	'14158': order was opened : #36114655 sell 0.01 EURUSD at 1.09778 sl: 1.10184 tp: 0.00000
0	09:47:01.290	'14158': modify order #36114611 buy 0.01 EURUSD at 1.09713 sl: 1.09317 tp: 1.10371 -> sl: 1.09718 tp: 1.10371
0	09:47:02.352	'14158': order #36114611 buy 0.01 EURUSD at 1.09713 was modified -> sl: 1.09718 tp: 1.10371
0	09:47:02.473	'14158': close order #36114611 buy 0.01 EURUSD at 1.09713 sl: 1.09718 tp: 1.10371 at price 0.00000
0	09:47:04.717	'14158': order #36114611 buy 0.01 EURUSD at 1.09713 sl: 1.09718 tp: 1.10371 closed at price 1.09778
0	09:56:11.720	'14158': order sell market 0.01 EURUSD sl: 1.10189 tp: 0.00000
0	09:56:14.853	'14158': order was opened : #36114785 sell 0.01 EURUSD at 1.09807 sl: 1.10189 tp: 0.00000
0	09:56:14.974	'14158': close order #36114785 sell 0.01 EURUSD at 1.09807 sl: 1.10189 tp: 0.00000 at price 0.00000
0	09:56:16.604	'14158': order #36114785 sell 0.01 EURUSD at 1.09807 sl: 1.10189 tp: 0.00000 closed at price 1.09817
0	10:10:46.609	'14158': order buy market 0.01 EURUSD sl: 1.09706 tp: 1.10268
0	10:10:48.443	'14158': order was opened : #36115050 buy 0.01 EURUSD at 1.09830 sl: 1.09706 tp: 1.10268
0	10:10:49.587	'14158': modify order #36115050 buy 0.01 EURUSD at 1.09830 sl: 1.09706 tp: 1.10268 -> sl: 1.09706 tp: 1.10269
0	10:10:49.951	'14158': order #36115050 buy 0.01 EURUSD at 1.09830 was modified -> sl: 1.09706 tp: 1.10269
0	10:10:49.996	'14158': close order #36115050 buy 0.01 EURUSD at 1.09830 sl: 1.09706 tp: 1.10269 at price 0.00000
0	10:10:50.608	'14158': order #36115050 buy 0.01 EURUSD at 1.09830 sl: 1.09706 tp: 1.10269 closed at price 1.09824
0	10:15:52.671	'14158': order buy market 0.01 EURUSD sl: 1.09686 tp: 1.10220
0	10:15:56.178	'14158': order was opened : #36115094 buy 0.01 EURUSD at 1.09780 sl: 1.09686 tp: 1.10220
0	10:15:56.299	'14158': close order #36114655 sell 0.01 EURUSD at 1.09778 sl: 1.10184 tp: 0.00000 at price 0.00000
0	10:15:59.853	'14158': order #36114655 sell 0.01 EURUSD at 1.09778 sl: 1.10184 tp: 0.00000 closed at price 1.09780
0	10:16:58.739	'14158': modify order #36115094 buy 0.01 EURUSD at 1.09780 sl: 1.09686 tp: 1.10220 -> sl: 1.09686 tp: 1.10227
0	10:16:59.721	'14158': order #36115094 buy 0.01 EURUSD at 1.09780 was modified -> sl: 1.09686 tp: 1.10227
0	10:18:36.970	'14158': order #36115094 buy 0.01 EURUSD at 1.09780 closed due stop-loss at price 1.09686
0	10:19:22.518	'14158': order sell market 0.01 EURUSD sl: 1.10071 tp: 0.00000
0	10:19:24.065	'14158': order was opened : #36115134 sell 0.01 EURUSD at 1.09665 sl: 1.10071 tp: 0.00000
0	10:33:49.722	'14158': order buy market 0.01 EURUSD sl: 1.09299 tp: 1.09819
0	10:33:50.959	'14158': order was opened : #36115303 buy 0.01 EURUSD at 1.09536 sl: 1.09299 tp: 1.09819
0	10:33:50.994	'14158': modify order #36115303 buy 0.01 EURUSD at 1.09536 sl: 1.09299 tp: 1.09819 -> sl: 1.09299 tp: 1.09823
0	10:33:51.479	'14158': order #36115303 buy 0.01 EURUSD at 1.09536 was modified -> sl: 1.09299 tp: 1.09823
0	10:33:51.514	'14158': close order #36115134 sell 0.01 EURUSD at 1.09665 sl: 1.10071 tp: 0.00000 at price 0.00000
0	10:33:51.871	'14158': order #36115134 sell 0.01 EURUSD at 1.09665 sl: 1.10071 tp: 0.00000 closed at price 1.09531
0	10:40:30.276	'14158': order sell market 0.01 EURUSD sl: 1.10058 tp: 0.00000
0	10:40:31.832	'14158': order was opened : #36115365 sell 0.01 EURUSD at 1.09655 sl: 1.10058 tp: 0.00000
0	10:40:31.916	'14158': close order #36115303 buy 0.01 EURUSD at 1.09536 sl: 1.09299 tp: 1.09823 at price 0.00000
0	10:40:32.894	'14158': order #36115303 buy 0.01 EURUSD at 1.09536 sl: 1.09299 tp: 1.09823 closed at price 1.09655
0	10:42:50.968	'14158': order buy market 0.01 EURUSD sl: 1.09658 tp: 1.10148
0	10:42:52.156	'14158': order was opened : #36115386 buy 0.01 EURUSD at 1.09711 sl: 1.09658 tp: 1.10148
0	10:42:52.889	'14158': close order #36115386 buy 0.01 EURUSD at 1.09711 sl: 1.09658 tp: 1.10148 at price 0.00000
0	10:42:55.179	'14158': order #36115386 buy 0.01 EURUSD at 1.09711 sl: 1.09658 tp: 1.10148 closed at price 1.09713
0	10:43:13.908	'14158': order buy market 0.01 EURUSD sl: 1.09659 tp: 1.10153
0	10:43:16.562	'14158': order was opened : #36115389 buy 0.01 EURUSD at 1.09719 sl: 1.09659 tp: 1.10153
0	10:43:16.643	'14158': modify order #36115389 buy 0.01 EURUSD at 1.09719 sl: 1.09659 tp: 1.10153 -> sl: 1.09661 tp: 1.10153
0	10:43:18.528	'14158': order #36115389 buy 0.01 EURUSD at 1.09719 was modified -> sl: 1.09661 tp: 1.10153
0	10:43:18.609	'14158': close order #36115389 buy 0.01 EURUSD at 1.09719 sl: 1.09661 tp: 1.10153 at price 0.00000
0	10:43:20.364	'14158': order #36115389 buy 0.01 EURUSD at 1.09719 sl: 1.09661 tp: 1.10153 closed at price 1.09721
0	10:45:48.878	'14158': order sell market 0.01 EURUSD sl: 1.10113 tp: 0.00000
0	10:45:50.599	'14158': order was opened : #36115461 sell 0.01 EURUSD at 1.09708 sl: 1.10113 tp: 0.00000
0	10:45:50.761	'14158': close order #36115461 sell 0.01 EURUSD at 1.09708 sl: 1.10113 tp: 0.00000 at price 0.00000
0	10:45:53.745	'14158': order #36115461 sell 0.01 EURUSD at 1.09708 sl: 1.10113 tp: 0.00000 closed at price 1.09701
0	10:47:31.433	'14158': order sell market 0.01 EURUSD sl: 1.10089 tp: 0.00000
0	10:47:33.760	'14158': order was opened : #36115496 sell 0.01 EURUSD at 1.09685 sl: 1.10089 tp: 0.00000
0	10:47:33.885	'14158': close order #36115496 sell 0.01 EURUSD at 1.09685 sl: 1.10089 tp: 0.00000 at price 0.00000
0	10:47:38.461	'14158': order #36115496 sell 0.01 EURUSD at 1.09685 sl: 1.10089 tp: 0.00000 closed at price 1.09692
0	11:32:34.482	'14158': order buy market 0.01 EURUSD sl: 1.09241 tp: 1.10081
0	11:32:38.938	'14158': order was opened : #36115937 buy 0.01 EURUSD at 1.09643 sl: 1.09241 tp: 1.10081
0	11:32:40.694	'14158': modify order #36115937 buy 0.01 EURUSD at 1.09643 sl: 1.09241 tp: 1.10081 -> sl: 1.09241 tp: 1.10083
0	11:32:44.044	'14158': order #36115937 buy 0.01 EURUSD at 1.09643 was modified -> sl: 1.09241 tp: 1.10083
0	11:32:44.109	'14158': close order #36115365 sell 0.01 EURUSD at 1.09655 sl: 1.10058 tp: 0.00000 at price 0.00000
0	11:32:44.701	'14158': order #36115365 sell 0.01 EURUSD at 1.09655 sl: 1.10058 tp: 0.00000 closed at price 1.09634
0	11:35:10.586	'14158': order buy market 0.01 EURUSD sl: 1.09293 tp: 1.09819
0	11:35:13.208	'14158': order was opened : #36115950 buy 0.01 EURUSD at 1.09664 sl: 1.09293 tp: 1.09819
0	11:35:13.293	'14158': modify order #36115937 buy 0.01 EURUSD at 1.09643 sl: 1.09241 tp: 1.10083 -> sl: 1.09241 tp: 1.10100
0	11:35:19.457	'14158': order #36115937 buy 0.01 EURUSD at 1.09643 was modified -> sl: 1.09241 tp: 1.10100
0	11:35:19.457	'14158': modify order #36115950 buy 0.01 EURUSD at 1.09664 sl: 1.09293 tp: 1.09819 -> sl: 1.09294 tp: 1.09819
0	11:35:23.128	'14158': order #36115950 buy 0.01 EURUSD at 1.09664 was modified -> sl: 1.09294 tp: 1.09819
0	11:35:23.621	'14158': close order #36115937 buy 0.01 EURUSD at 1.09643 sl: 1.09241 tp: 1.10100 at price 0.00000
0	11:35:24.109	'14158': order #36115937 buy 0.01 EURUSD at 1.09643 sl: 1.09241 tp: 1.10100 closed at price 1.09634
0	11:37:17.137	'14158': modify order #36115950 buy 0.01 EURUSD at 1.09664 sl: 1.09294 tp: 1.09819 -> sl: 1.09294 tp: 1.09820
0	11:37:18.405	'14158': order #36115950 buy 0.01 EURUSD at 1.09664 was modified -> sl: 1.09294 tp: 1.09820
0	12:10:02.301	'14158': order #36115950 buy 0.01 EURUSD at 1.09664 closed due stop-loss at price 1.09294
0	12:10:17.673	'14158': order buy market 0.01 EURUSD sl: 1.09071 tp: 1.09612
0	12:10:18.042	'14158': order was opened : #36116305 buy 0.01 EURUSD at 1.09323 sl: 1.09071 tp: 1.09612
0	13:59:47.390	'14158': close order #36116305 buy 0.01 EURUSD at 1.09323 sl: 1.09071 tp: 1.09612 at price 0.00000
0	13:59:59.006	'14158': order #36116305 buy 0.01 EURUSD at 1.09323 sl: 1.09071 tp: 1.09612 closed at price 1.09518
0	14:00:25.178	'14158': order buy market 0.01 EURUSD sl: 1.09300 tp: 1.09899
0	14:00:26.688	'14158': order was opened : #36117228 buy 0.01 EURUSD at 1.09465 sl: 1.09300 tp: 1.09899
0	14:00:26.891	'14158': modify order #36117228 buy 0.01 EURUSD at 1.09465 sl: 1.09300 tp: 1.09899 -> sl: 1.09301 tp: 1.09899
0	14:00:27.341	'14158': order #36117228 buy 0.01 EURUSD at 1.09465 was modified -> sl: 1.09301 tp: 1.09899
0	14:01:22.860	'14158': modify order #36117228 buy 0.01 EURUSD at 1.09465 sl: 1.09301 tp: 1.09899 -> sl: 1.09302 tp: 1.09941
0	14:01:25.180	'14158': order #36117228 buy 0.01 EURUSD at 1.09465 was modified -> sl: 1.09302 tp: 1.09941
0	14:04:52.823	'14158': modify order #36117228 buy 0.01 EURUSD at 1.09465 sl: 1.09302 tp: 1.09941 -> sl: 1.09304 tp: 1.09941
0	14:04:57.759	'14158': order #36117228 buy 0.01 EURUSD at 1.09465 was modified -> sl: 1.09304 tp: 1.09941
0	14:05:26.042	'14158': modify order #36117228 buy 0.01 EURUSD at 1.09465 sl: 1.09304 tp: 1.09941 -> sl: 1.09304 tp: 1.09953
0	14:05:27.144	'14158': order #36117228 buy 0.01 EURUSD at 1.09465 was modified -> sl: 1.09304 tp: 1.09953
0	14:06:15.309	'14158': modify order #36117228 buy 0.01 EURUSD at 1.09465 sl: 1.09304 tp: 1.09953 -> sl: 1.09306 tp: 1.09953
0	14:06:17.829	'14158': order #36117228 buy 0.01 EURUSD at 1.09465 was modified -> sl: 1.09306 tp: 1.09953
0	14:27:13.027	'14158': order #36117228 buy 0.01 EURUSD at 1.09465 closed due stop-loss at price 1.09306
0	14:27:19.018	'14158': order buy market 0.01 EURUSD sl: 0.00000 tp: 1.09736
0	14:27:20.364	'14158': order was opened : #36117498 buy 0.01 EURUSD at 1.09301 sl: 0.00000 tp: 1.09736
0	14:27:20.445	'14158': modify order #36117498 buy 0.01 EURUSD at 1.09301 sl: 0.00000 tp: 1.09736 -> sl: 1.08895 tp: 1.09737
0	14:27:21.341	'14158': order #36117498 buy 0.01 EURUSD at 1.09301 was modified -> sl: 1.08895 tp: 1.09737
0	14:27:21.463	'14158': modify order #36117498 buy 0.01 EURUSD at 1.09301 sl: 1.08895 tp: 1.09737 -> sl: 1.08895 tp: 1.09742
0	14:27:22.197	'14158': order #36117498 buy 0.01 EURUSD at 1.09301 was modified -> sl: 1.08895 tp: 1.09742
0	14:28:50.527	'14158': modify order #36117498 buy 0.01 EURUSD at 1.09301 sl: 1.08895 tp: 1.09742 -> sl: 1.09277 tp: 1.09764
0	14:28:52.970	'14158': order #36117498 buy 0.01 EURUSD at 1.09301 was modified -> sl: 1.09277 tp: 1.09764
0	14:32:59.681	'14158': modify order #36117498 buy 0.01 EURUSD at 1.09301 sl: 1.09277 tp: 1.09764 -> sl: 1.09277 tp: 1.09767
0	14:33:01.111	'14158': order #36117498 buy 0.01 EURUSD at 1.09301 was modified -> sl: 1.09277 tp: 1.09767
0	14:33:27.699	'14158': modify order #36117498 buy 0.01 EURUSD at 1.09301 sl: 1.09277 tp: 1.09767 -> sl: 1.09277 tp: 1.09800
0	14:33:28.600	'14158': order #36117498 buy 0.01 EURUSD at 1.09301 was modified -> sl: 1.09277 tp: 1.09800
0	14:34:16.020	'14158': modify order #36117498 buy 0.01 EURUSD at 1.09301 sl: 1.09277 tp: 1.09800 -> sl: 1.09277 tp: 1.09825
0	14:34:18.673	'14158': order #36117498 buy 0.01 EURUSD at 1.09301 was modified -> sl: 1.09277 tp: 1.09825
0	14:35:41.220	'14158': modify order #36117498 buy 0.01 EURUSD at 1.09301 sl: 1.09277 tp: 1.09825 -> sl: 1.09277 tp: 1.09881
0	14:35:42.647	'14158': order #36117498 buy 0.01 EURUSD at 1.09301 was modified -> sl: 1.09277 tp: 1.09881
0	14:46:39.986	'14158': order #36117498 buy 0.01 EURUSD at 1.09301 closed due stop-loss at price 1.09277
0	14:47:14.523	'14158': order sell market 0.01 EURUSD sl: 1.09689 tp: 0.00000
0	14:47:16.806	'14158': order was opened : #36117879 sell 0.01 EURUSD at 1.09277 sl: 1.09689 tp: 0.00000
0	15:50:49.357	'14158': login on Tripleafx-FX-Real through FX-Real-01
0	15:51:17.978	'14158': ping to current access point FX-Real-01 is 109.25 ms
1	15:52:46.926	MQL4 Market: failed to load products
0	16:00:55.639	'14158': login on Tripleafx-FX-Real through FX-Real-01
0	16:11:13.770	'14158': order #36117879 sell 0.01 EURUSD at 1.09277 closed due stop-loss at price 1.09689
0	16:11:46.007	'14158': order buy market 0.01 EURUSD sl: 1.09238 tp: 1.10081
0	16:12:02.382	'14158': order was opened : #36118568 buy 0.01 EURUSD at 1.09651 sl: 1.09238 tp: 1.10081
0	16:12:02.423	'14158': modify order #36118568 buy 0.01 EURUSD at 1.09651 sl: 1.09238 tp: 1.10081 -> sl: 1.09238 tp: 1.10084
0	16:12:05.192	'14158': order #36118568 buy 0.01 EURUSD at 1.09651 was modified -> sl: 1.09238 tp: 1.10084
0	16:12:05.434	'14158': close order #36118568 buy 0.01 EURUSD at 1.09651 sl: 1.09238 tp: 1.10084 at price 0.00000
0	16:12:06.295	'14158': order #36118568 buy 0.01 EURUSD at 1.09651 sl: 1.09238 tp: 1.10084 closed at price 1.09631
0	16:12:16.661	'14158': order buy market 0.01 EURUSD sl: 1.09258 tp: 1.10101
0	16:12:18.617	'14158': order was opened : #36118586 buy 0.01 EURUSD at 1.09646 sl: 1.09258 tp: 1.10101
0	16:12:18.617	'14158': modify order #36118586 buy 0.01 EURUSD at 1.09646 sl: 1.09258 tp: 1.10101 -> sl: 1.09258 tp: 1.10103
0	16:12:19.103	'14158': order #36118586 buy 0.01 EURUSD at 1.09646 was modified -> sl: 1.09258 tp: 1.10103
0	16:12:19.103	'14158': close order #36118586 buy 0.01 EURUSD at 1.09646 sl: 1.09258 tp: 1.10103 at price 0.00000
0	16:12:19.508	'14158': order #36118586 buy 0.01 EURUSD at 1.09646 sl: 1.09258 tp: 1.10103 closed at price 1.09636
0	16:14:47.967	'14158': order buy market 0.01 EURUSD sl: 1.09330 tp: 1.10173
0	16:14:50.005	'14158': order was opened : #36118611 buy 0.01 EURUSD at 1.09736 sl: 1.09330 tp: 1.10173
0	16:14:50.005	'14158': modify order #36118611 buy 0.01 EURUSD at 1.09736 sl: 1.09330 tp: 1.10173 -> sl: 1.09330 tp: 1.10174
0	16:14:51.545	'14158': order #36118611 buy 0.01 EURUSD at 1.09736 was modified -> sl: 1.09330 tp: 1.10174
0	16:14:51.545	'14158': close order #36118611 buy 0.01 EURUSD at 1.09736 sl: 1.09330 tp: 1.10174 at price 0.00000
0	16:14:52.072	'14158': order #36118611 buy 0.01 EURUSD at 1.09736 sl: 1.09330 tp: 1.10174 closed at price 1.09721
0	16:15:24.491	'14158': order sell market 0.01 EURUSD sl: 1.09994 tp: 0.00000
0	16:15:25.911	'14158': order was opened : #36118642 sell 0.01 EURUSD at 1.09741 sl: 1.09994 tp: 0.00000
0	16:15:25.911	'14158': close order #36118642 sell 0.01 EURUSD at 1.09741 sl: 1.09994 tp: 0.00000 at price 0.00000
0	16:15:26.603	'14158': order #36118642 sell 0.01 EURUSD at 1.09741 sl: 1.09994 tp: 0.00000 closed at price 1.09752
0	16:16:23.824	'14158': order sell market 0.01 EURUSD sl: 1.09999 tp: 0.00000
0	16:16:24.837	'14158': order was opened : #36118712 sell 0.01 EURUSD at 1.09724 sl: 1.09999 tp: 0.00000
0	16:16:24.837	'14158': close order #36118712 sell 0.01 EURUSD at 1.09724 sl: 1.09999 tp: 0.00000 at price 0.00000
0	16:16:26.067	'14158': order #36118712 sell 0.01 EURUSD at 1.09724 sl: 1.09999 tp: 0.00000 closed at price 1.09727
2	18:37:27.290	Expert 31337 EURUSD,M1: removed
0	18:37:45.998	'1809640': one click trading has been disabled
0	18:37:46.400	Automated trading disabled
3	18:37:46.400	Automated trading disabled because the account has been changed
0	18:37:47.686	'1809640': login on Tripleafx-FX-Demo through FX-Demo-01
1	18:39:12.416	'1809640': connect failed [No connection]
0	18:39:17.879	'1809640': auto connecting to a better access point FX-Demo-01 (ping is 119.61 ms)
0	18:39:19.975	'1809640': login on Tripleafx-FX-Demo through FX-Demo-01
1	18:42:50.088	MetaEditor not found
2	18:47:54.713	Expert EA31337 EURUSD,M1: loaded successfully
2	18:48:43.501	Expert EA31337 EURUSD,M1: removed
2	18:49:53.732	Expert EA31337 EURUSD,M1: loaded successfully
2	20:14:59.481	Expert EA31337 EURUSD,M1: removed
2	20:14:59.739	Expert EA31337 EURUSD,M1: loaded successfully
0	20:20:59.846	'1809640': order sell market 0.02 EURUSD sl: 1.10535 tp: 0.00000
0	20:21:00.203	'1809640': order was opened : #38547931 sell 0.02 EURUSD at 1.10134 sl: 1.10535 tp: 0.00000
0	20:23:36.794	'1809640': modify order #38547931 sell 0.02 EURUSD at 1.10134 sl: 1.10535 tp: 0.00000 -> sl: 1.10533 tp: 0.00000
0	20:23:37.188	'1809640': order #38547931 sell 0.02 EURUSD at 1.10134 was modified -> sl: 1.10533 tp: 0.00000
0	20:30:09.798	'1809640': order sell market 0.01 EURUSD sl: 1.10515 tp: 0.00000
0	20:30:10.321	'1809640': order was opened : #38548073 sell 0.01 EURUSD at 1.10093 sl: 1.10515 tp: 0.00000
0	20:33:25.601	'1809640': order sell market 0.01 EURUSD sl: 1.10146 tp: 0.00000
0	20:33:26.013	'1809640': order was opened : #38548181 sell 0.01 EURUSD at 1.09998 sl: 1.10146 tp: 0.00000
0	20:35:18.208	'1809640': order sell market 0.01 EURUSD sl: 1.10082 tp: 0.00000
0	20:35:19.068	'1809640': order was opened : #38548265 sell 0.01 EURUSD at 1.09956 sl: 1.10082 tp: 0.00000
0	20:35:19.068	'1809640': modify order #38548181 sell 0.01 EURUSD at 1.09998 sl: 1.10146 tp: 0.00000 -> sl: 1.10144 tp: 0.00000
0	20:35:19.433	'1809640': order #38548181 sell 0.01 EURUSD at 1.09998 was modified -> sl: 1.10144 tp: 0.00000
0	20:35:19.554	'1809640': modify order #38548265 sell 0.01 EURUSD at 1.09956 sl: 1.10082 tp: 0.00000 -> sl: 1.10081 tp: 0.00000
0	20:35:19.964	'1809640': order #38548265 sell 0.01 EURUSD at 1.09956 was modified -> sl: 1.10081 tp: 0.00000
0	20:36:31.972	'1809640': modify order #38548181 sell 0.01 EURUSD at 1.09998 sl: 1.10144 tp: 0.00000 -> sl: 1.10143 tp: 0.00000
0	20:36:32.503	'1809640': order #38548181 sell 0.01 EURUSD at 1.09998 was modified -> sl: 1.10143 tp: 0.00000
0	20:39:14.234	'1809640': modify order #38548265 sell 0.01 EURUSD at 1.09956 sl: 1.10081 tp: 0.00000 -> sl: 1.10079 tp: 0.00000
0	20:39:14.888	'1809640': order #38548265 sell 0.01 EURUSD at 1.09956 was modified -> sl: 1.10079 tp: 0.00000
0	20:50:59.328	'1809640': order #38548265 sell 0.01 EURUSD at 1.09956 closed due stop-loss at price 1.10079
0	20:52:09.600	'1809640': order sell market 0.01 EURUSD sl: 1.10162 tp: 0.00000
0	20:52:10.051	'1809640': order was opened : #38548477 sell 0.01 EURUSD at 1.10059 sl: 1.10162 tp: 0.00000
0	20:53:24.449	'1809640': modify order #38548477 sell 0.01 EURUSD at 1.10059 sl: 1.10162 tp: 0.00000 -> sl: 1.10160 tp: 0.00000
0	20:53:25.183	'1809640': order #38548477 sell 0.01 EURUSD at 1.10059 was modified -> sl: 1.10160 tp: 0.00000
0	20:56:22.102	'1809640': order sell market 0.01 EURUSD sl: 1.10486 tp: 0.00000
0	20:56:22.514	'1809640': order was opened : #38548498 sell 0.01 EURUSD at 1.10061 sl: 1.10486 tp: 0.00000
0	20:58:06.996	'1809640': modify order #38548477 sell 0.01 EURUSD at 1.10059 sl: 1.10160 tp: 0.00000 -> sl: 1.10156 tp: 0.00000
0	20:58:07.402	'1809640': order #38548477 sell 0.01 EURUSD at 1.10059 was modified -> sl: 1.10156 tp: 0.00000
0	20:59:20.877	'1809640': order #38548181 sell 0.01 EURUSD at 1.09998 closed due stop-loss at price 1.10143
0	21:00:08.603	'1809640': order sell market 0.01 EURUSD sl: 1.10190 tp: 0.00000
0	21:00:09.422	'1809640': order was opened : #38548546 sell 0.01 EURUSD at 1.10099 sl: 1.10190 tp: 0.00000
0	21:00:14.630	'1809640': order #38548477 sell 0.01 EURUSD at 1.10059 closed due stop-loss at price 1.10156
0	21:01:20.686	'1809640': order buy market 0.01 EURUSD sl: 1.09681 tp: 1.10570
0	21:01:21.537	'1809640': order was opened : #38548597 buy 0.01 EURUSD at 1.10130 sl: 1.09681 tp: 1.10570
0	21:02:11.695	'1809640': modify order #38548597 buy 0.01 EURUSD at 1.10130 sl: 1.09681 tp: 1.10570 -> sl: 1.09681 tp: 1.10588
0	21:02:12.185	'1809640': order #38548597 buy 0.01 EURUSD at 1.10130 was modified -> sl: 1.09681 tp: 1.10588
0	21:06:59.721	'1809640': modify order #38548546 sell 0.01 EURUSD at 1.10099 sl: 1.10190 tp: 0.00000 -> sl: 1.10181 tp: 0.00000
0	21:07:00.232	'1809640': order #38548546 sell 0.01 EURUSD at 1.10099 was modified -> sl: 1.10181 tp: 0.00000
0	21:12:08.226	'1809640': order buy market 0.01 EURUSD sl: 1.09644 tp: 1.10509
0	21:12:08.655	'1809640': order was opened : #38548677 buy 0.01 EURUSD at 1.10069 sl: 1.09644 tp: 1.10509
0	21:18:09.643	'1809640': order sell market 0.01 EURUSD sl: 1.10196 tp: 0.00000
0	21:18:09.866	'1809640': order was opened : #38548746 sell 0.01 EURUSD at 1.09994 sl: 1.10196 tp: 0.00000
0	21:21:47.382	'1809640': order sell market 0.01 EURUSD sl: 1.10283 tp: 0.00000
0	21:21:47.625	'1809640': order was opened : #38548805 sell 0.01 EURUSD at 1.09981 sl: 1.10283 tp: 0.00000
0	21:24:23.032	'1809640': modify order #38548805 sell 0.01 EURUSD at 1.09981 sl: 1.10283 tp: 0.00000 -> sl: 1.10281 tp: 0.00000
0	21:24:23.357	'1809640': order #38548805 sell 0.01 EURUSD at 1.09981 was modified -> sl: 1.10281 tp: 0.00000
0	21:28:17.485	'1809640': modify order #38548498 sell 0.01 EURUSD at 1.10061 sl: 1.10486 tp: 0.00000 -> sl: 1.10485 tp: 0.00000
0	21:28:17.995	'1809640': order #38548498 sell 0.01 EURUSD at 1.10061 was modified -> sl: 1.10485 tp: 0.00000
0	21:28:17.995	'1809640': modify order #38548805 sell 0.01 EURUSD at 1.09981 sl: 1.10281 tp: 0.00000 -> sl: 1.10276 tp: 0.00000
0	21:28:18.483	'1809640': order #38548805 sell 0.01 EURUSD at 1.09981 was modified -> sl: 1.10276 tp: 0.00000
0	21:29:23.078	'1809640': modify order #38548498 sell 0.01 EURUSD at 1.10061 sl: 1.10485 tp: 0.00000 -> sl: 1.10478 tp: 0.00000
0	21:29:23.463	'1809640': order #38548498 sell 0.01 EURUSD at 1.10061 was modified -> sl: 1.10478 tp: 0.00000
0	21:30:18.572	'1809640': order buy market 0.01 EURUSD sl: 1.09529 tp: 0.00000
0	21:30:19.140	'1809640': order was opened : #38548996 buy 0.01 EURUSD at 1.09952 sl: 1.09529 tp: 0.00000
0	21:30:19.266	'1809640': modify order #38548498 sell 0.01 EURUSD at 1.10061 sl: 1.10478 tp: 0.00000 -> sl: 1.10475 tp: 0.00000
0	21:30:19.577	'1809640': order #38548498 sell 0.01 EURUSD at 1.10061 was modified -> sl: 1.10475 tp: 0.00000
0	21:30:19.577	'1809640': modify order #38548996 buy 0.01 EURUSD at 1.09952 sl: 1.09529 tp: 0.00000 -> sl: 1.09533 tp: 0.00000
0	21:30:20.046	'1809640': order #38548996 buy 0.01 EURUSD at 1.09952 was modified -> sl: 1.09533 tp: 0.00000
0	21:32:57.978	'1809640': order buy market 0.01 EURUSD sl: 1.09624 tp: 0.00000
0	21:32:58.375	'1809640': order was opened : #38549094 buy 0.01 EURUSD at 1.09951 sl: 1.09624 tp: 0.00000
0	21:32:58.561	'1809640': modify order #38548498 sell 0.01 EURUSD at 1.10061 sl: 1.10475 tp: 0.00000 -> sl: 1.10460 tp: 0.00000
0	21:32:59.207	'1809640': order #38548498 sell 0.01 EURUSD at 1.10061 was modified -> sl: 1.10460 tp: 0.00000
0	21:32:59.316	'1809640': modify order #38549094 buy 0.01 EURUSD at 1.09951 sl: 1.09624 tp: 0.00000 -> sl: 1.09625 tp: 0.00000
0	21:32:59.754	'1809640': order #38549094 buy 0.01 EURUSD at 1.09951 was modified -> sl: 1.09625 tp: 0.00000
0	21:34:10.756	'1809640': order buy market 0.01 EURUSD sl: 1.09506 tp: 1.10115
0	21:34:11.100	'1809640': order was opened : #38549114 buy 0.01 EURUSD at 1.09946 sl: 1.09506 tp: 1.10115
0	21:36:11.481	'1809640': order sell market 0.01 EURUSD sl: 1.10213 tp: 0.00000
0	21:36:11.821	'1809640': order was opened : #38549160 sell 0.01 EURUSD at 1.09886 sl: 1.10213 tp: 0.00000
0	21:36:11.943	'1809640': modify order #38548498 sell 0.01 EURUSD at 1.10061 sl: 1.10460 tp: 0.00000 -> sl: 1.10438 tp: 0.00000
0	21:36:12.276	'1809640': order #38548498 sell 0.01 EURUSD at 1.10061 was modified -> sl: 1.10438 tp: 0.00000
0	21:36:12.359	'1809640': modify order #38549114 buy 0.01 EURUSD at 1.09946 sl: 1.09506 tp: 1.10115 -> sl: 1.09510 tp: 1.10115
0	21:36:12.796	'1809640': order #38549114 buy 0.01 EURUSD at 1.09946 was modified -> sl: 1.09510 tp: 1.10115
0	21:37:25.878	'1809640': order buy market 0.01 EURUSD sl: 1.09485 tp: 1.10377
0	21:37:26.583	'1809640': order was opened : #38549182 buy 0.01 EURUSD at 1.09937 sl: 1.09485 tp: 1.10377
0	21:38:22.278	'1809640': modify order #38548498 sell 0.01 EURUSD at 1.10061 sl: 1.10438 tp: 0.00000 -> sl: 1.10424 tp: 0.00000
0	21:38:24.301	'1809640': order #38548498 sell 0.01 EURUSD at 1.10061 was modified -> sl: 1.10424 tp: 0.00000
0	21:39:25.056	'1809640': modify order #38548498 sell 0.01 EURUSD at 1.10061 sl: 1.10424 tp: 0.00000 -> sl: 1.10417 tp: 0.00000
0	21:39:27.054	'1809640': order #38548498 sell 0.01 EURUSD at 1.10061 was modified -> sl: 1.10417 tp: 0.00000
0	21:40:24.384	'1809640': modify order #38548498 sell 0.01 EURUSD at 1.10061 sl: 1.10417 tp: 0.00000 -> sl: 1.10402 tp: 0.00000
0	21:40:25.921	'1809640': order #38548498 sell 0.01 EURUSD at 1.10061 was modified -> sl: 1.10402 tp: 0.00000
0	21:40:25.989	'1809640': modify order #38549160 sell 0.01 EURUSD at 1.09886 sl: 1.10213 tp: 0.00000 -> sl: 1.10205 tp: 0.00000
0	21:40:26.597	'1809640': order #38549160 sell 0.01 EURUSD at 1.09886 was modified -> sl: 1.10205 tp: 0.00000
0	21:40:26.784	'1809640': modify order #38549182 buy 0.01 EURUSD at 1.09937 sl: 1.09485 tp: 1.10377 -> sl: 1.09485 tp: 1.10379
0	21:40:27.246	'1809640': order #38549182 buy 0.01 EURUSD at 1.09937 was modified -> sl: 1.09485 tp: 1.10379
0	21:44:25.718	'1809640': modify order #38548498 sell 0.01 EURUSD at 1.10061 sl: 1.10402 tp: 0.00000 -> sl: 1.10399 tp: 0.00000
0	21:44:34.285	'1809640': order #38548498 sell 0.01 EURUSD at 1.10061 was modified -> sl: 1.10399 tp: 0.00000
0	21:45:33.005	'1809640': order buy market 0.01 EURUSD sl: 1.09524 tp: 1.10394
0	21:45:45.831	'1809640': order was opened : #38549267 buy 0.01 EURUSD at 1.09945 sl: 1.09524 tp: 1.10394
0	21:45:46.354	'1809640': modify order #38547931 sell 0.02 EURUSD at 1.10134 sl: 1.10533 tp: 0.00000 -> sl: 1.10532 tp: 0.00000
0	21:46:15.897	'1809640': order #38547931 sell 0.02 EURUSD at 1.10134 was modified -> sl: 1.10532 tp: 0.00000
0	21:46:16.254	'1809640': modify order #38548498 sell 0.01 EURUSD at 1.10061 sl: 1.10399 tp: 0.00000 -> sl: 1.10385 tp: 0.00000
0	21:46:54.594	'1809640': order #38548498 sell 0.01 EURUSD at 1.10061 was modified -> sl: 1.10385 tp: 0.00000
0	21:46:54.757	'1809640': modify order #38549182 buy 0.01 EURUSD at 1.09937 sl: 1.09485 tp: 1.10379 -> sl: 1.09485 tp: 1.10392
0	21:47:44.120	'1809640': order #38549182 buy 0.01 EURUSD at 1.09937 was modified -> sl: 1.09485 tp: 1.10392
0	21:47:44.448	'1809640': modify order #38548498 sell 0.01 EURUSD at 1.10061 sl: 1.10385 tp: 0.00000 -> sl: 1.10381 tp: 0.00000
0	21:48:09.543	'1809640': order #38548498 sell 0.01 EURUSD at 1.10061 was modified -> sl: 1.10381 tp: 0.00000
0	21:52:47.641	'1809640': modify order #38547931 sell 0.02 EURUSD at 1.10134 sl: 1.10532 tp: 0.00000 -> sl: 1.10523 tp: 0.00000
0	21:52:48.500	'1809640': order #38547931 sell 0.02 EURUSD at 1.10134 was modified -> sl: 1.10523 tp: 0.00000
0	21:52:48.500	'1809640': modify order #38548498 sell 0.01 EURUSD at 1.10061 sl: 1.10381 tp: 0.00000 -> sl: 1.10375 tp: 0.00000
0	21:52:50.946	'1809640': order #38548498 sell 0.01 EURUSD at 1.10061 was modified -> sl: 1.10375 tp: 0.00000
0	21:52:50.946	'1809640': modify order #38549182 buy 0.01 EURUSD at 1.09937 sl: 1.09485 tp: 1.10392 -> sl: 1.09485 tp: 1.10395
0	21:52:51.473	'1809640': order #38549182 buy 0.01 EURUSD at 1.09937 was modified -> sl: 1.09485 tp: 1.10395
0	21:52:51.473	'1809640': modify order #38549267 buy 0.01 EURUSD at 1.09945 sl: 1.09524 tp: 1.10394 -> sl: 1.09524 tp: 1.10396
0	21:52:52.086	'1809640': order #38549267 buy 0.01 EURUSD at 1.09945 was modified -> sl: 1.09524 tp: 1.10396
2	22:13:34.509	Expert EA31337 EURUSD,M1: removed
2	22:13:34.878	Expert EA31337 EURUSD,M1: loaded successfully
2	22:13:43.726	Expert EA31337 EURUSD,M1: removed
2	22:14:34.220	Expert EA31337 EURUSD,M1: loaded successfully
0	22:43:52.556	'1809640': order buy market 0.01 EURUSD sl: 1.09566 tp: 1.10431
0	22:43:53.954	'1809640': order was opened : #38549791 buy 0.01 EURUSD at 1.09991 sl: 1.09566 tp: 1.10431
0	22:43:55.487	'1809640': order buy market 0.01 EURUSD sl: 1.09566 tp: 1.10430
0	22:43:56.086	'1809640': order was opened : #38549792 buy 0.01 EURUSD at 1.09990 sl: 1.09566 tp: 1.10430
0	22:43:57.001	'1809640': modify order #38547931 sell 0.02 EURUSD at 1.10134 sl: 1.10523 tp: 0.00000 -> sl: 1.10470 tp: 0.00000
0	22:43:58.596	'1809640': order #38547931 sell 0.02 EURUSD at 1.10134 was modified -> sl: 1.10470 tp: 0.00000
0	22:43:58.823	'1809640': modify order #38548073 sell 0.01 EURUSD at 1.10093 sl: 1.10515 tp: 0.00000 -> sl: 1.10470 tp: 0.00000
0	22:43:59.345	'1809640': order #38548073 sell 0.01 EURUSD at 1.10093 was modified -> sl: 1.10470 tp: 0.00000
0	22:43:59.606	'1809640': modify order #38549182 buy 0.01 EURUSD at 1.09937 sl: 1.09485 tp: 1.10395 -> sl: 1.09488 tp: 1.10431
0	22:44:00.517	'1809640': order #38549182 buy 0.01 EURUSD at 1.09937 was modified -> sl: 1.09488 tp: 1.10431
0	22:44:00.907	'1809640': modify order #38549267 buy 0.01 EURUSD at 1.09945 sl: 1.09524 tp: 1.10396 -> sl: 1.09524 tp: 1.10431
0	22:44:01.662	'1809640': order #38549267 buy 0.01 EURUSD at 1.09945 was modified -> sl: 1.09524 tp: 1.10431
0	22:44:01.856	'1809640': modify order #38549792 buy 0.01 EURUSD at 1.09990 sl: 1.09566 tp: 1.10430 -> sl: 1.09566 tp: 1.10431
0	22:44:02.870	'1809640': order #38549792 buy 0.01 EURUSD at 1.09990 was modified -> sl: 1.09566 tp: 1.10431
0	23:04:39.588	'1809640': modify order #38547931 sell 0.02 EURUSD at 1.10134 sl: 1.10470 tp: 0.00000 -> sl: 1.10418 tp: 0.00000
0	23:04:40.038	'1809640': order #38547931 sell 0.02 EURUSD at 1.10134 was modified -> sl: 1.10418 tp: 0.00000
0	23:04:40.119	'1809640': modify order #38548073 sell 0.01 EURUSD at 1.10093 sl: 1.10470 tp: 0.00000 -> sl: 1.10417 tp: 0.00000
0	23:04:40.812	'1809640': order #38548073 sell 0.01 EURUSD at 1.10093 was modified -> sl: 1.10417 tp: 0.00000
0	23:04:40.812	'1809640': modify order #38548996 buy 0.01 EURUSD at 1.09952 sl: 1.09533 tp: 0.00000 -> sl: 1.09536 tp: 0.00000
0	23:04:41.501	'1809640': order #38548996 buy 0.01 EURUSD at 1.09952 was modified -> sl: 1.09536 tp: 0.00000
0	23:04:41.502	'1809640': modify order #38549114 buy 0.01 EURUSD at 1.09946 sl: 1.09510 tp: 1.10115 -> sl: 1.09518 tp: 1.10115
0	23:04:41.870	'1809640': order #38549114 buy 0.01 EURUSD at 1.09946 was modified -> sl: 1.09518 tp: 1.10115
0	23:04:41.870	'1809640': modify order #38549182 buy 0.01 EURUSD at 1.09937 sl: 1.09488 tp: 1.10431 -> sl: 1.09558 tp: 1.10470
0	23:04:44.361	'1809640': order #38549182 buy 0.01 EURUSD at 1.09937 was modified -> sl: 1.09558 tp: 1.10470
0	23:04:44.361	'1809640': modify order #38549267 buy 0.01 EURUSD at 1.09945 sl: 1.09524 tp: 1.10431 -> sl: 1.09536 tp: 1.10470
0	23:04:44.643	'1809640': order #38549267 buy 0.01 EURUSD at 1.09945 was modified -> sl: 1.09536 tp: 1.10470
0	23:04:44.643	'1809640': modify order #38549791 buy 0.01 EURUSD at 1.09991 sl: 1.09566 tp: 1.10431 -> sl: 1.09566 tp: 1.10470
0	23:04:45.012	'1809640': order #38549791 buy 0.01 EURUSD at 1.09991 was modified -> sl: 1.09566 tp: 1.10470
0	23:04:45.012	'1809640': modify order #38549792 buy 0.01 EURUSD at 1.09990 sl: 1.09566 tp: 1.10431 -> sl: 1.09566 tp: 1.10470
0	23:04:45.665	'1809640': order #38549792 buy 0.01 EURUSD at 1.09990 was modified -> sl: 1.09566 tp: 1.10470
0	23:07:02.224	'1809640': modify order #38547931 sell 0.02 EURUSD at 1.10134 sl: 1.10418 tp: 0.00000 -> sl: 1.10402 tp: 0.00000
0	23:07:02.427	'1809640': order #38547931 sell 0.02 EURUSD at 1.10134 was modified -> sl: 1.10402 tp: 0.00000
0	23:07:02.427	'1809640': modify order #38548073 sell 0.01 EURUSD at 1.10093 sl: 1.10417 tp: 0.00000 -> sl: 1.10402 tp: 0.00000
0	23:07:02.918	'1809640': order #38548073 sell 0.01 EURUSD at 1.10093 was modified -> sl: 1.10402 tp: 0.00000
0	23:07:02.958	'1809640': modify order #38548996 buy 0.01 EURUSD at 1.09952 sl: 1.09536 tp: 0.00000 -> sl: 1.09548 tp: 0.00000
0	23:07:03.611	'1809640': order #38548996 buy 0.01 EURUSD at 1.09952 was modified -> sl: 1.09548 tp: 0.00000
0	23:07:03.611	'1809640': modify order #38549114 buy 0.01 EURUSD at 1.09946 sl: 1.09518 tp: 1.10115 -> sl: 1.09526 tp: 1.10115
0	23:07:04.346	'1809640': order #38549114 buy 0.01 EURUSD at 1.09946 was modified -> sl: 1.09526 tp: 1.10115
0	23:07:04.346	'1809640': modify order #38549182 buy 0.01 EURUSD at 1.09937 sl: 1.09558 tp: 1.10470 -> sl: 1.09562 tp: 1.10490
0	23:07:04.835	'1809640': order #38549182 buy 0.01 EURUSD at 1.09937 was modified -> sl: 1.09562 tp: 1.10490
0	23:07:04.835	'1809640': modify order #38549267 buy 0.01 EURUSD at 1.09945 sl: 1.09536 tp: 1.10470 -> sl: 1.09546 tp: 1.10492
0	23:07:05.164	'1809640': order #38549267 buy 0.01 EURUSD at 1.09945 was modified -> sl: 1.09546 tp: 1.10492
0	23:07:05.164	'1809640': modify order #38549791 buy 0.01 EURUSD at 1.09991 sl: 1.09566 tp: 1.10470 -> sl: 1.09566 tp: 1.10492
0	23:07:05.983	'1809640': order #38549791 buy 0.01 EURUSD at 1.09991 was modified -> sl: 1.09566 tp: 1.10492
0	23:07:05.983	'1809640': modify order #38549792 buy 0.01 EURUSD at 1.09990 sl: 1.09566 tp: 1.10470 -> sl: 1.09566 tp: 1.10492
0	23:07:06.960	'1809640': order #38549792 buy 0.01 EURUSD at 1.09990 was modified -> sl: 1.09566 tp: 1.10492
0	23:12:33.207	'1809640': modify order #38548677 buy 0.01 EURUSD at 1.10069 sl: 1.09644 tp: 1.10509 -> sl: 1.09644 tp: 1.10528
0	23:12:50.834	'1809640': order #38548677 buy 0.01 EURUSD at 1.10069 was modified -> sl: 1.09644 tp: 1.10528
0	23:12:50.932	'1809640': modify order #38548996 buy 0.01 EURUSD at 1.09952 sl: 1.09548 tp: 0.00000 -> sl: 1.09558 tp: 0.00000
0	23:13:14.757	'1809640': order #38548996 buy 0.01 EURUSD at 1.09952 was modified -> sl: 1.09558 tp: 0.00000
0	23:13:14.854	'1809640': modify order #38549114 buy 0.01 EURUSD at 1.09946 sl: 1.09526 tp: 1.10115 -> sl: 1.09540 tp: 1.10115
0	23:13:42.960	'1809640': order #38549114 buy 0.01 EURUSD at 1.09946 was modified -> sl: 1.09540 tp: 1.10115
0	23:13:43.710	'1809640': modify order #38549182 buy 0.01 EURUSD at 1.09937 sl: 1.09562 tp: 1.10490 -> sl: 1.09575 tp: 1.10528
0	23:14:02.057	'1809640': order #38549182 buy 0.01 EURUSD at 1.09937 was modified -> sl: 1.09575 tp: 1.10528
0	23:14:02.154	'1809640': modify order #38549267 buy 0.01 EURUSD at 1.09945 sl: 1.09546 tp: 1.10492 -> sl: 1.09557 tp: 1.10528
0	23:14:06.237	'1809640': order #38549267 buy 0.01 EURUSD at 1.09945 was modified -> sl: 1.09557 tp: 1.10528
0	23:14:06.566	'1809640': modify order #38549791 buy 0.01 EURUSD at 1.09991 sl: 1.09566 tp: 1.10492 -> sl: 1.09566 tp: 1.10528
0	23:14:06.951	'1809640': order #38549791 buy 0.01 EURUSD at 1.09991 was modified -> sl: 1.09566 tp: 1.10528
0	23:14:07.052	'1809640': modify order #38549792 buy 0.01 EURUSD at 1.09990 sl: 1.09566 tp: 1.10492 -> sl: 1.09566 tp: 1.10527
0	23:14:07.705	'1809640': order #38549792 buy 0.01 EURUSD at 1.09990 was modified -> sl: 1.09566 tp: 1.10527
0	23:14:08.065	'1809640': modify order #38548677 buy 0.01 EURUSD at 1.10069 sl: 1.09644 tp: 1.10528 -> sl: 1.09644 tp: 1.10568
0	23:14:09.537	'1809640': order #38548677 buy 0.01 EURUSD at 1.10069 was modified -> sl: 1.09644 tp: 1.10568
0	23:14:09.602	'1809640': modify order #38548996 buy 0.01 EURUSD at 1.09952 sl: 1.09558 tp: 0.00000 -> sl: 1.09559 tp: 0.00000
0	23:14:13.565	'1809640': order #38548996 buy 0.01 EURUSD at 1.09952 was modified -> sl: 1.09559 tp: 0.00000
0	23:14:14.119	'1809640': modify order #38549114 buy 0.01 EURUSD at 1.09946 sl: 1.09540 tp: 1.10115 -> sl: 1.09548 tp: 1.10115
0	23:14:17.158	'1809640': order #38549114 buy 0.01 EURUSD at 1.09946 was modified -> sl: 1.09548 tp: 1.10115
0	23:14:17.221	'1809640': modify order #38549182 buy 0.01 EURUSD at 1.09937 sl: 1.09575 tp: 1.10528 -> sl: 1.09595 tp: 1.10568
0	23:14:18.559	'1809640': order #38549182 buy 0.01 EURUSD at 1.09937 was modified -> sl: 1.09595 tp: 1.10568
0	23:14:18.693	'1809640': modify order #38549267 buy 0.01 EURUSD at 1.09945 sl: 1.09557 tp: 1.10528 -> sl: 1.09559 tp: 1.10568
0	23:14:19.475	'1809640': order #38549267 buy 0.01 EURUSD at 1.09945 was modified -> sl: 1.09559 tp: 1.10568
0	23:14:19.572	'1809640': modify order #38549791 buy 0.01 EURUSD at 1.09991 sl: 1.09566 tp: 1.10528 -> sl: 1.09566 tp: 1.10568
0	23:14:20.294	'1809640': order #38549791 buy 0.01 EURUSD at 1.09991 was modified -> sl: 1.09566 tp: 1.10568
0	23:14:20.393	'1809640': modify order #38549792 buy 0.01 EURUSD at 1.09990 sl: 1.09566 tp: 1.10527 -> sl: 1.09566 tp: 1.10568
0	23:14:21.080	'1809640': order #38549792 buy 0.01 EURUSD at 1.09990 was modified -> sl: 1.09566 tp: 1.10568
0	23:14:31.896	'1809640': modify order #38547931 sell 0.02 EURUSD at 1.10134 sl: 1.10402 tp: 0.00000 -> sl: 1.10401 tp: 0.00000
0	23:14:33.332	'1809640': order #38547931 sell 0.02 EURUSD at 1.10134 was modified -> sl: 1.10401 tp: 0.00000
0	23:14:33.430	'1809640': modify order #38548996 buy 0.01 EURUSD at 1.09952 sl: 1.09559 tp: 0.00000 -> sl: 1.09562 tp: 0.00000
0	23:14:34.671	'1809640': order #38548996 buy 0.01 EURUSD at 1.09952 was modified -> sl: 1.09562 tp: 0.00000
0	23:14:35.027	'1809640': modify order #38549114 buy 0.01 EURUSD at 1.09946 sl: 1.09548 tp: 1.10115 -> sl: 1.09553 tp: 1.10115
0	23:14:39.824	'1809640': order #38549114 buy 0.01 EURUSD at 1.09946 was modified -> sl: 1.09553 tp: 1.10115
0	23:14:40.344	'1809640': modify order #38549182 buy 0.01 EURUSD at 1.09937 sl: 1.09595 tp: 1.10568 -> sl: 1.09606 tp: 1.10568
0	23:14:43.666	'1809640': order #38549182 buy 0.01 EURUSD at 1.09937 was modified -> sl: 1.09606 tp: 1.10568
0	23:14:44.878	'1809640': modify order #38549267 buy 0.01 EURUSD at 1.09945 sl: 1.09559 tp: 1.10568 -> sl: 1.09562 tp: 1.10568
0	23:14:45.458	'1809640': order #38549267 buy 0.01 EURUSD at 1.09945 was modified -> sl: 1.09562 tp: 1.10568
0	23:33:34.202	'1809640': modify order #38548996 buy 0.01 EURUSD at 1.09952 sl: 1.09562 tp: 0.00000 -> sl: 1.09623 tp: 0.00000
0	23:33:37.340	'1809640': order #38548996 buy 0.01 EURUSD at 1.09952 was modified -> sl: 1.09623 tp: 0.00000
0	23:33:37.530	'1809640': modify order #38549114 buy 0.01 EURUSD at 1.09946 sl: 1.09553 tp: 1.10115 -> sl: 1.09604 tp: 1.10147
0	23:33:39.598	'1809640': order #38549114 buy 0.01 EURUSD at 1.09946 was modified -> sl: 1.09604 tp: 1.10147
0	23:33:40.364	'1809640': modify order #38549182 buy 0.01 EURUSD at 1.09937 sl: 1.09606 tp: 1.10568 -> sl: 1.09614 tp: 1.10568
0	23:33:42.161	'1809640': order #38549182 buy 0.01 EURUSD at 1.09937 was modified -> sl: 1.09614 tp: 1.10568
0	23:33:42.294	'1809640': modify order #38549267 buy 0.01 EURUSD at 1.09945 sl: 1.09562 tp: 1.10568 -> sl: 1.09623 tp: 1.10568
0	23:33:42.837	'1809640': order #38549267 buy 0.01 EURUSD at 1.09945 was modified -> sl: 1.09623 tp: 1.10568
0	23:40:24.316	'1809640': modify order #38548677 buy 0.01 EURUSD at 1.10069 sl: 1.09644 tp: 1.10568 -> sl: 1.09644 tp: 1.10577
0	23:40:27.859	'1809640': order #38548677 buy 0.01 EURUSD at 1.10069 was modified -> sl: 1.09644 tp: 1.10577
0	23:40:27.972	'1809640': modify order #38549114 buy 0.01 EURUSD at 1.09946 sl: 1.09604 tp: 1.10147 -> sl: 1.09617 tp: 1.10147
0	23:40:29.185	'1809640': order #38549114 buy 0.01 EURUSD at 1.09946 was modified -> sl: 1.09617 tp: 1.10147
0	23:40:29.234	'1809640': modify order #38549182 buy 0.01 EURUSD at 1.09937 sl: 1.09614 tp: 1.10568 -> sl: 1.09635 tp: 1.10578
0	23:40:30.613	'1809640': order #38549182 buy 0.01 EURUSD at 1.09937 was modified -> sl: 1.09635 tp: 1.10578
0	23:40:31.128	'1809640': modify order #38549267 buy 0.01 EURUSD at 1.09945 sl: 1.09623 tp: 1.10568 -> sl: 1.09623 tp: 1.10578
0	23:40:31.690	'1809640': order #38549267 buy 0.01 EURUSD at 1.09945 was modified -> sl: 1.09623 tp: 1.10578
0	23:40:31.756	'1809640': modify order #38549791 buy 0.01 EURUSD at 1.09991 sl: 1.09566 tp: 1.10568 -> sl: 1.09566 tp: 1.10578
0	23:40:32.433	'1809640': order #38549791 buy 0.01 EURUSD at 1.09991 was modified -> sl: 1.09566 tp: 1.10578
0	23:40:32.620	'1809640': modify order #38549792 buy 0.01 EURUSD at 1.09990 sl: 1.09566 tp: 1.10568 -> sl: 1.09566 tp: 1.10578
0	23:40:33.881	'1809640': order #38549792 buy 0.01 EURUSD at 1.09990 was modified -> sl: 1.09566 tp: 1.10578
