0	01:02:01.387	'1809640': order sell market 0.01 EURUSD sl: 1.11386 tp: 1.10856
0	01:02:04.187	'1809640': order was opened : #39113825 sell 0.01 EURUSD at 1.10966 sl: 1.11386 tp: 1.10856
0	01:07:25.992	'1809640': modify order #39113825 sell 0.01 EURUSD at 1.10966 sl: 1.11386 tp: 1.10856 -> sl: 1.11386 tp: 1.10855
0	01:07:26.776	'1809640': order #39113825 sell 0.01 EURUSD at 1.10966 was modified -> sl: 1.11386 tp: 1.10855
0	01:18:17.015	'1809640': close order #39113825 sell 0.01 EURUSD at 1.10966 sl: 1.11386 tp: 1.10855 at price 0.00000
0	01:18:17.374	'1809640': order #39113825 sell 0.01 EURUSD at 1.10966 sl: 1.11386 tp: 1.10855 closed at price 1.10956
0	01:18:18.710	'1809640': order sell market 0.01 EURUSD sl: 1.11356 tp: 1.10494
0	01:18:20.460	'1809640': order was opened : #39114306 sell 0.01 EURUSD at 1.10934 sl: 1.11356 tp: 1.10494
0	01:20:14.990	'1809640': modify order #39114306 sell 0.01 EURUSD at 1.10934 sl: 1.11356 tp: 1.10494 -> sl: 1.11356 tp: 1.10487
0	01:20:15.639	'1809640': order #39114306 sell 0.01 EURUSD at 1.10934 was modified -> sl: 1.11356 tp: 1.10487
0	01:20:30.843	'1809640': modify order #39114306 sell 0.01 EURUSD at 1.10934 sl: 1.11356 tp: 1.10487 -> sl: 1.11356 tp: 1.10476
0	01:20:31.360	'1809640': order #39114306 sell 0.01 EURUSD at 1.10934 was modified -> sl: 1.11356 tp: 1.10476
0	01:21:50.358	'1809640': modify order #39114306 sell 0.01 EURUSD at 1.10934 sl: 1.11356 tp: 1.10476 -> sl: 1.11356 tp: 1.10465
0	01:21:50.780	'1809640': order #39114306 sell 0.01 EURUSD at 1.10934 was modified -> sl: 1.11356 tp: 1.10465
0	01:26:53.811	'1809640': modify order #39114306 sell 0.01 EURUSD at 1.10934 sl: 1.11356 tp: 1.10465 -> sl: 1.11356 tp: 1.10445
0	01:26:54.431	'1809640': order #39114306 sell 0.01 EURUSD at 1.10934 was modified -> sl: 1.11356 tp: 1.10445
0	01:28:46.718	'1809640': modify order #39114306 sell 0.01 EURUSD at 1.10934 sl: 1.11356 tp: 1.10445 -> sl: 1.11356 tp: 1.10413
0	01:28:47.635	'1809640': order #39114306 sell 0.01 EURUSD at 1.10934 was modified -> sl: 1.11356 tp: 1.10413
0	01:42:56.396	'1809640': modify order #39114306 sell 0.01 EURUSD at 1.10934 sl: 1.11356 tp: 1.10413 -> sl: 1.11356 tp: 1.10394
0	01:42:56.916	'1809640': order #39114306 sell 0.01 EURUSD at 1.10934 was modified -> sl: 1.11356 tp: 1.10394
0	02:01:19.940	'1809640': order sell market 0.01 EURUSD sl: 1.11329 tp: 1.10467
0	02:01:20.333	'1809640': order was opened : #39115975 sell 0.01 EURUSD at 1.10907 sl: 1.11329 tp: 1.10467
0	02:02:08.475	'1809640': modify order #39115975 sell 0.01 EURUSD at 1.10907 sl: 1.11329 tp: 1.10467 -> sl: 1.11329 tp: 1.10448
0	02:02:08.962	'1809640': order #39115975 sell 0.01 EURUSD at 1.10907 was modified -> sl: 1.11329 tp: 1.10448
0	02:11:59.712	'1809640': modify order #39115975 sell 0.01 EURUSD at 1.10907 sl: 1.11329 tp: 1.10448 -> sl: 1.11329 tp: 1.10447
0	02:12:00.620	'1809640': order #39115975 sell 0.01 EURUSD at 1.10907 was modified -> sl: 1.11329 tp: 1.10447
0	02:16:38.049	'1809640': modify order #39115975 sell 0.01 EURUSD at 1.10907 sl: 1.11329 tp: 1.10447 -> sl: 1.11329 tp: 1.10445
0	02:16:38.438	'1809640': order #39115975 sell 0.01 EURUSD at 1.10907 was modified -> sl: 1.11329 tp: 1.10445
0	02:17:47.351	'1809640': modify order #39115975 sell 0.01 EURUSD at 1.10907 sl: 1.11329 tp: 1.10445 -> sl: 1.11329 tp: 1.10423
0	02:17:47.806	'1809640': order #39115975 sell 0.01 EURUSD at 1.10907 was modified -> sl: 1.11329 tp: 1.10423
0	02:18:43.132	'1809640': modify order #39115975 sell 0.01 EURUSD at 1.10907 sl: 1.11329 tp: 1.10423 -> sl: 1.11329 tp: 1.10411
0	02:18:43.554	'1809640': order #39115975 sell 0.01 EURUSD at 1.10907 was modified -> sl: 1.11329 tp: 1.10411
0	02:44:19.186	'1809640': modify order #39115975 sell 0.01 EURUSD at 1.10907 sl: 1.11329 tp: 1.10411 -> sl: 1.11329 tp: 1.10410
0	02:44:19.941	'1809640': order #39115975 sell 0.01 EURUSD at 1.10907 was modified -> sl: 1.11329 tp: 1.10410
0	02:45:08.811	'1809640': modify order #39115975 sell 0.01 EURUSD at 1.10907 sl: 1.11329 tp: 1.10410 -> sl: 1.11329 tp: 1.10398
0	02:45:09.399	'1809640': order #39115975 sell 0.01 EURUSD at 1.10907 was modified -> sl: 1.11329 tp: 1.10398
0	02:46:22.722	'1809640': modify order #39114306 sell 0.01 EURUSD at 1.10934 sl: 1.11356 tp: 1.10394 -> sl: 1.11356 tp: 1.10386
0	02:46:23.115	'1809640': order #39114306 sell 0.01 EURUSD at 1.10934 was modified -> sl: 1.11356 tp: 1.10386
0	02:46:23.115	'1809640': modify order #39115975 sell 0.01 EURUSD at 1.10907 sl: 1.11329 tp: 1.10398 -> sl: 1.11329 tp: 1.10383
0	02:46:23.533	'1809640': order #39115975 sell 0.01 EURUSD at 1.10907 was modified -> sl: 1.11329 tp: 1.10383
0	02:51:18.946	'1809640': modify order #39114306 sell 0.01 EURUSD at 1.10934 sl: 1.11356 tp: 1.10386 -> sl: 1.11356 tp: 1.10377
0	02:51:19.989	'1809640': order #39114306 sell 0.01 EURUSD at 1.10934 was modified -> sl: 1.11356 tp: 1.10377
0	02:51:20.053	'1809640': modify order #39115975 sell 0.01 EURUSD at 1.10907 sl: 1.11329 tp: 1.10383 -> sl: 1.11329 tp: 1.10377
0	02:51:20.281	'1809640': order #39115975 sell 0.01 EURUSD at 1.10907 was modified -> sl: 1.11329 tp: 1.10377
0	02:55:57.219	'1809640': modify order #39114306 sell 0.01 EURUSD at 1.10934 sl: 1.11356 tp: 1.10377 -> sl: 1.11356 tp: 1.10374
0	02:55:57.808	'1809640': order #39114306 sell 0.01 EURUSD at 1.10934 was modified -> sl: 1.11356 tp: 1.10374
0	02:55:57.840	'1809640': modify order #39115975 sell 0.01 EURUSD at 1.10907 sl: 1.11329 tp: 1.10377 -> sl: 1.11329 tp: 1.10374
0	02:55:58.267	'1809640': order #39115975 sell 0.01 EURUSD at 1.10907 was modified -> sl: 1.11329 tp: 1.10374
0	03:02:19.800	'1809640': order sell market 0.01 EURUSD sl: 1.11206 tp: 1.10712
0	03:02:20.518	'1809640': order was opened : #39118142 sell 0.01 EURUSD at 1.10784 sl: 1.11206 tp: 1.10712
0	03:02:29.540	'1809640': modify order #39114306 sell 0.01 EURUSD at 1.10934 sl: 1.11356 tp: 1.10374 -> sl: 1.11356 tp: 1.10347
0	03:02:30.226	'1809640': order #39114306 sell 0.01 EURUSD at 1.10934 was modified -> sl: 1.11356 tp: 1.10347
0	03:02:30.226	'1809640': modify order #39115975 sell 0.01 EURUSD at 1.10907 sl: 1.11329 tp: 1.10374 -> sl: 1.11329 tp: 1.10347
0	03:02:30.615	'1809640': order #39115975 sell 0.01 EURUSD at 1.10907 was modified -> sl: 1.11329 tp: 1.10347
0	03:03:59.408	'1809640': modify order #39114306 sell 0.01 EURUSD at 1.10934 sl: 1.11356 tp: 1.10347 -> sl: 1.11356 tp: 1.10337
0	03:03:59.899	'1809640': order #39114306 sell 0.01 EURUSD at 1.10934 was modified -> sl: 1.11356 tp: 1.10337
0	03:03:59.899	'1809640': modify order #39115975 sell 0.01 EURUSD at 1.10907 sl: 1.11329 tp: 1.10347 -> sl: 1.11329 tp: 1.10337
0	03:04:00.289	'1809640': order #39115975 sell 0.01 EURUSD at 1.10907 was modified -> sl: 1.11329 tp: 1.10337
0	03:04:00.289	'1809640': modify order #39118142 sell 0.01 EURUSD at 1.10784 sl: 1.11206 tp: 1.10712 -> sl: 1.11206 tp: 1.10708
0	03:04:00.771	'1809640': order #39118142 sell 0.01 EURUSD at 1.10784 was modified -> sl: 1.11206 tp: 1.10708
0	03:05:17.005	'1809640': modify order #39118142 sell 0.01 EURUSD at 1.10784 sl: 1.11206 tp: 1.10708 -> sl: 1.11206 tp: 1.10707
0	03:05:17.642	'1809640': order #39118142 sell 0.01 EURUSD at 1.10784 was modified -> sl: 1.11206 tp: 1.10707
0	03:06:32.981	'1809640': modify order #39114306 sell 0.01 EURUSD at 1.10934 sl: 1.11356 tp: 1.10337 -> sl: 1.11356 tp: 1.10327
0	03:06:33.435	'1809640': order #39114306 sell 0.01 EURUSD at 1.10934 was modified -> sl: 1.11356 tp: 1.10327
0	03:06:33.467	'1809640': modify order #39115975 sell 0.01 EURUSD at 1.10907 sl: 1.11329 tp: 1.10337 -> sl: 1.11329 tp: 1.10327
0	03:06:33.893	'1809640': order #39115975 sell 0.01 EURUSD at 1.10907 was modified -> sl: 1.11329 tp: 1.10327
0	03:06:33.924	'1809640': modify order #39118142 sell 0.01 EURUSD at 1.10784 sl: 1.11206 tp: 1.10707 -> sl: 1.11206 tp: 1.10706
0	03:06:34.445	'1809640': order #39118142 sell 0.01 EURUSD at 1.10784 was modified -> sl: 1.11206 tp: 1.10706
0	03:07:30.252	'1809640': modify order #39114306 sell 0.01 EURUSD at 1.10934 sl: 1.11356 tp: 1.10327 -> sl: 1.11356 tp: 1.10316
0	03:07:30.775	'1809640': order #39114306 sell 0.01 EURUSD at 1.10934 was modified -> sl: 1.11356 tp: 1.10316
0	03:07:30.775	'1809640': modify order #39115975 sell 0.01 EURUSD at 1.10907 sl: 1.11329 tp: 1.10327 -> sl: 1.11329 tp: 1.10316
0	03:07:31.299	'1809640': order #39115975 sell 0.01 EURUSD at 1.10907 was modified -> sl: 1.11329 tp: 1.10316
0	03:08:07.887	'1809640': modify order #39114306 sell 0.01 EURUSD at 1.10934 sl: 1.11356 tp: 1.10316 -> sl: 1.11356 tp: 1.10303
0	03:08:08.508	'1809640': order #39114306 sell 0.01 EURUSD at 1.10934 was modified -> sl: 1.11356 tp: 1.10303
0	03:08:08.508	'1809640': modify order #39115975 sell 0.01 EURUSD at 1.10907 sl: 1.11329 tp: 1.10316 -> sl: 1.11329 tp: 1.10303
0	03:08:08.832	'1809640': order #39115975 sell 0.01 EURUSD at 1.10907 was modified -> sl: 1.11329 tp: 1.10303
0	03:12:44.118	'1809640': modify order #39118142 sell 0.01 EURUSD at 1.10784 sl: 1.11206 tp: 1.10706 -> sl: 1.11206 tp: 1.10671
0	03:12:45.393	'1809640': order #39118142 sell 0.01 EURUSD at 1.10784 was modified -> sl: 1.11206 tp: 1.10671
0	03:13:10.623	'1809640': modify order #39118142 sell 0.01 EURUSD at 1.10784 sl: 1.11206 tp: 1.10671 -> sl: 1.11206 tp: 1.10669
0	03:13:11.113	'1809640': order #39118142 sell 0.01 EURUSD at 1.10784 was modified -> sl: 1.11206 tp: 1.10669
0	03:17:06.237	'1809640': modify order #39118142 sell 0.01 EURUSD at 1.10784 sl: 1.11206 tp: 1.10669 -> sl: 1.11206 tp: 1.10668
0	03:17:06.582	'1809640': order #39118142 sell 0.01 EURUSD at 1.10784 was modified -> sl: 1.11206 tp: 1.10668
0	03:51:34.753	'1809640': modify order #39114306 sell 0.01 EURUSD at 1.10934 sl: 1.11356 tp: 1.10303 -> sl: 1.11356 tp: 1.10299
0	03:51:36.660	'1809640': order #39114306 sell 0.01 EURUSD at 1.10934 was modified -> sl: 1.11356 tp: 1.10299
0	03:51:36.660	'1809640': modify order #39115975 sell 0.01 EURUSD at 1.10907 sl: 1.11329 tp: 1.10303 -> sl: 1.11329 tp: 1.10299
0	03:51:36.957	'1809640': order #39115975 sell 0.01 EURUSD at 1.10907 was modified -> sl: 1.11329 tp: 1.10299
0	03:54:52.732	'1809640': modify order #39114306 sell 0.01 EURUSD at 1.10934 sl: 1.11356 tp: 1.10299 -> sl: 1.11356 tp: 1.10294
0	03:54:53.312	'1809640': order #39114306 sell 0.01 EURUSD at 1.10934 was modified -> sl: 1.11356 tp: 1.10294
0	03:54:53.347	'1809640': modify order #39115975 sell 0.01 EURUSD at 1.10907 sl: 1.11329 tp: 1.10299 -> sl: 1.11329 tp: 1.10294
0	03:54:53.604	'1809640': order #39115975 sell 0.01 EURUSD at 1.10907 was modified -> sl: 1.11329 tp: 1.10294
0	03:55:54.219	'1809640': modify order #39114306 sell 0.01 EURUSD at 1.10934 sl: 1.11356 tp: 1.10294 -> sl: 1.11356 tp: 1.10286
0	03:55:54.835	'1809640': order #39114306 sell 0.01 EURUSD at 1.10934 was modified -> sl: 1.11356 tp: 1.10286
0	03:55:54.872	'1809640': modify order #39115975 sell 0.01 EURUSD at 1.10907 sl: 1.11329 tp: 1.10294 -> sl: 1.11329 tp: 1.10286
0	03:55:55.748	'1809640': order #39115975 sell 0.01 EURUSD at 1.10907 was modified -> sl: 1.11329 tp: 1.10286
0	03:57:48.941	'1809640': modify order #39114306 sell 0.01 EURUSD at 1.10934 sl: 1.11356 tp: 1.10286 -> sl: 1.11356 tp: 1.10277
0	03:57:49.428	'1809640': order #39114306 sell 0.01 EURUSD at 1.10934 was modified -> sl: 1.11356 tp: 1.10277
0	03:57:49.497	'1809640': modify order #39115975 sell 0.01 EURUSD at 1.10907 sl: 1.11329 tp: 1.10286 -> sl: 1.11329 tp: 1.10276
0	03:57:49.854	'1809640': order #39115975 sell 0.01 EURUSD at 1.10907 was modified -> sl: 1.11329 tp: 1.10276
0	04:01:19.539	'1809640': order buy market 0.01 EURUSD sl: 1.10313 tp: 1.11174
0	04:01:20.160	'1809640': order was opened : #39119597 buy 0.01 EURUSD at 1.10734 sl: 1.10313 tp: 1.11174
0	04:01:28.261	'1809640': modify order #39114306 sell 0.01 EURUSD at 1.10934 sl: 1.11356 tp: 1.10277 -> sl: 1.11356 tp: 1.10275
0	04:01:28.848	'1809640': order #39114306 sell 0.01 EURUSD at 1.10934 was modified -> sl: 1.11356 tp: 1.10275
0	04:01:29.008	'1809640': modify order #39115975 sell 0.01 EURUSD at 1.10907 sl: 1.11329 tp: 1.10276 -> sl: 1.11329 tp: 1.10275
0	04:01:29.301	'1809640': order #39115975 sell 0.01 EURUSD at 1.10907 was modified -> sl: 1.11329 tp: 1.10275
0	04:01:29.660	'1809640': modify order #39119597 buy 0.01 EURUSD at 1.10734 sl: 1.10313 tp: 1.11174 -> sl: 1.10313 tp: 1.11178
0	04:01:30.083	'1809640': order #39119597 buy 0.01 EURUSD at 1.10734 was modified -> sl: 1.10313 tp: 1.11178
0	04:02:33.218	'1809640': modify order #39118142 sell 0.01 EURUSD at 1.10784 sl: 1.11206 tp: 1.10668 -> sl: 1.11206 tp: 1.10656
0	04:02:33.770	'1809640': order #39118142 sell 0.01 EURUSD at 1.10784 was modified -> sl: 1.11206 tp: 1.10656
0	04:02:33.770	'1809640': modify order #39119597 buy 0.01 EURUSD at 1.10734 sl: 1.10313 tp: 1.11178 -> sl: 1.10313 tp: 1.11188
0	04:02:34.257	'1809640': order #39119597 buy 0.01 EURUSD at 1.10734 was modified -> sl: 1.10313 tp: 1.11188
0	04:03:58.901	'1809640': modify order #39118142 sell 0.01 EURUSD at 1.10784 sl: 1.11206 tp: 1.10656 -> sl: 1.11206 tp: 1.10653
0	04:03:59.583	'1809640': order #39118142 sell 0.01 EURUSD at 1.10784 was modified -> sl: 1.11206 tp: 1.10653
0	04:04:54.457	'1809640': modify order #39119597 buy 0.01 EURUSD at 1.10734 sl: 1.10313 tp: 1.11188 -> sl: 1.10313 tp: 1.11206
0	04:04:55.202	'1809640': order #39119597 buy 0.01 EURUSD at 1.10734 was modified -> sl: 1.10313 tp: 1.11206
0	04:05:25.004	'1809640': modify order #39118142 sell 0.01 EURUSD at 1.10784 sl: 1.11206 tp: 1.10653 -> sl: 1.11206 tp: 1.10652
0	04:05:25.625	'1809640': order #39118142 sell 0.01 EURUSD at 1.10784 was modified -> sl: 1.11206 tp: 1.10652
0	04:12:06.059	'1809640': modify order #39118142 sell 0.01 EURUSD at 1.10784 sl: 1.11206 tp: 1.10652 -> sl: 1.11206 tp: 1.10650
0	04:12:06.611	'1809640': order #39118142 sell 0.01 EURUSD at 1.10784 was modified -> sl: 1.11206 tp: 1.10650
0	04:12:06.708	'1809640': modify order #39119597 buy 0.01 EURUSD at 1.10734 sl: 1.10313 tp: 1.11206 -> sl: 1.10313 tp: 1.11207
0	04:12:07.064	'1809640': order #39119597 buy 0.01 EURUSD at 1.10734 was modified -> sl: 1.10313 tp: 1.11207
0	04:19:52.132	'1809640': modify order #39119597 buy 0.01 EURUSD at 1.10734 sl: 1.10313 tp: 1.11207 -> sl: 1.10313 tp: 1.11209
0	04:19:52.684	'1809640': order #39119597 buy 0.01 EURUSD at 1.10734 was modified -> sl: 1.10313 tp: 1.11209
0	04:20:08.582	'1809640': modify order #39119597 buy 0.01 EURUSD at 1.10734 sl: 1.10313 tp: 1.11209 -> sl: 1.10313 tp: 1.11216
0	04:20:09.003	'1809640': order #39119597 buy 0.01 EURUSD at 1.10734 was modified -> sl: 1.10313 tp: 1.11216
0	04:46:13.249	'1809640': modify order #39119597 buy 0.01 EURUSD at 1.10734 sl: 1.10313 tp: 1.11216 -> sl: 1.10313 tp: 1.11217
0	04:46:14.221	'1809640': order #39119597 buy 0.01 EURUSD at 1.10734 was modified -> sl: 1.10313 tp: 1.11217
0	04:50:20.625	'1809640': modify order #39119597 buy 0.01 EURUSD at 1.10734 sl: 1.10313 tp: 1.11217 -> sl: 1.10313 tp: 1.11233
0	04:50:21.019	'1809640': order #39119597 buy 0.01 EURUSD at 1.10734 was modified -> sl: 1.10313 tp: 1.11233
0	04:53:13.865	'1809640': modify order #39119597 buy 0.01 EURUSD at 1.10734 sl: 1.10313 tp: 1.11233 -> sl: 1.10313 tp: 1.11238
0	04:53:14.553	'1809640': order #39119597 buy 0.01 EURUSD at 1.10734 was modified -> sl: 1.10313 tp: 1.11238
0	04:57:02.142	'1809640': modify order #39119597 buy 0.01 EURUSD at 1.10734 sl: 1.10313 tp: 1.11238 -> sl: 1.10313 tp: 1.11246
0	04:57:02.527	'1809640': order #39119597 buy 0.01 EURUSD at 1.10734 was modified -> sl: 1.10313 tp: 1.11246
0	04:58:41.641	'1809640': modify order #39119597 buy 0.01 EURUSD at 1.10734 sl: 1.10313 tp: 1.11246 -> sl: 1.10313 tp: 1.11255
0	04:58:42.063	'1809640': order #39119597 buy 0.01 EURUSD at 1.10734 was modified -> sl: 1.10313 tp: 1.11255
0	05:00:17.080	'1809640': order sell market 0.01 EURUSD sl: 1.11196 tp: 1.10647
0	05:00:17.501	'1809640': order was opened : #39121115 sell 0.01 EURUSD at 1.10774 sl: 1.11196 tp: 1.10647
0	05:00:17.501	'1809640': modify order #39121115 sell 0.01 EURUSD at 1.10774 sl: 1.11196 tp: 1.10647 -> sl: 1.11196 tp: 1.10646
0	05:00:17.895	'1809640': order #39121115 sell 0.01 EURUSD at 1.10774 was modified -> sl: 1.11196 tp: 1.10646
0	05:05:12.940	'1809640': modify order #39119597 buy 0.01 EURUSD at 1.10734 sl: 1.10313 tp: 1.11255 -> sl: 1.10313 tp: 1.11276
0	05:05:13.362	'1809640': order #39119597 buy 0.01 EURUSD at 1.10734 was modified -> sl: 1.10313 tp: 1.11276
0	05:12:46.951	'1809640': modify order #39119597 buy 0.01 EURUSD at 1.10734 sl: 1.10313 tp: 1.11276 -> sl: 1.10313 tp: 1.11278
0	05:12:47.795	'1809640': order #39119597 buy 0.01 EURUSD at 1.10734 was modified -> sl: 1.10313 tp: 1.11278
0	05:14:20.772	'1809640': modify order #39119597 buy 0.01 EURUSD at 1.10734 sl: 1.10313 tp: 1.11278 -> sl: 1.10313 tp: 1.11290
0	05:14:21.840	'1809640': order #39119597 buy 0.01 EURUSD at 1.10734 was modified -> sl: 1.10313 tp: 1.11290
0	05:40:18.197	'1809640': modify order #39121115 sell 0.01 EURUSD at 1.10774 sl: 1.11196 tp: 1.10646 -> sl: 1.11196 tp: 1.10644
0	05:40:18.452	'1809640': order #39121115 sell 0.01 EURUSD at 1.10774 was modified -> sl: 1.11196 tp: 1.10644
0	05:47:24.050	'1809640': modify order #39121115 sell 0.01 EURUSD at 1.10774 sl: 1.11196 tp: 1.10644 -> sl: 1.11196 tp: 1.10643
0	05:47:24.528	'1809640': order #39121115 sell 0.01 EURUSD at 1.10774 was modified -> sl: 1.11196 tp: 1.10643
0	05:49:23.912	'1809640': modify order #39118142 sell 0.01 EURUSD at 1.10784 sl: 1.11206 tp: 1.10650 -> sl: 1.11206 tp: 1.10646
0	05:49:24.561	'1809640': order #39118142 sell 0.01 EURUSD at 1.10784 was modified -> sl: 1.11206 tp: 1.10646
0	05:52:52.851	'1809640': modify order #39118142 sell 0.01 EURUSD at 1.10784 sl: 1.11206 tp: 1.10646 -> sl: 1.11206 tp: 1.10640
0	05:52:53.698	'1809640': order #39118142 sell 0.01 EURUSD at 1.10784 was modified -> sl: 1.11206 tp: 1.10640
0	05:54:03.327	'1809640': modify order #39118142 sell 0.01 EURUSD at 1.10784 sl: 1.11206 tp: 1.10640 -> sl: 1.11206 tp: 1.10639
0	05:54:03.781	'1809640': order #39118142 sell 0.01 EURUSD at 1.10784 was modified -> sl: 1.11206 tp: 1.10639
0	05:54:03.781	'1809640': modify order #39121115 sell 0.01 EURUSD at 1.10774 sl: 1.11196 tp: 1.10643 -> sl: 1.11196 tp: 1.10642
0	05:54:04.138	'1809640': order #39121115 sell 0.01 EURUSD at 1.10774 was modified -> sl: 1.11196 tp: 1.10642
0	06:00:27.188	'1809640': order buy market 0.01 EURUSD sl: 1.10417 tp: 1.10915
0	06:00:29.273	'1809640': order was opened : #39123256 buy 0.01 EURUSD at 1.10839 sl: 1.10417 tp: 1.10915
0	06:01:09.188	'1809640': modify order #39123256 buy 0.01 EURUSD at 1.10839 sl: 1.10417 tp: 1.10915 -> sl: 1.10417 tp: 1.10974
0	06:01:09.581	'1809640': order #39123256 buy 0.01 EURUSD at 1.10839 was modified -> sl: 1.10417 tp: 1.10974
0	06:03:16.919	'1809640': modify order #39114306 sell 0.01 EURUSD at 1.10934 sl: 1.11356 tp: 1.10275 -> sl: 1.11356 tp: 1.10246
0	06:03:17.377	'1809640': order #39114306 sell 0.01 EURUSD at 1.10934 was modified -> sl: 1.11356 tp: 1.10246
0	06:03:17.377	'1809640': modify order #39115975 sell 0.01 EURUSD at 1.10907 sl: 1.11329 tp: 1.10275 -> sl: 1.11329 tp: 1.10246
0	06:03:17.799	'1809640': order #39115975 sell 0.01 EURUSD at 1.10907 was modified -> sl: 1.11329 tp: 1.10246
0	06:05:20.553	'1809640': modify order #39114306 sell 0.01 EURUSD at 1.10934 sl: 1.11356 tp: 1.10246 -> sl: 1.11356 tp: 1.10223
0	06:05:21.072	'1809640': order #39114306 sell 0.01 EURUSD at 1.10934 was modified -> sl: 1.11356 tp: 1.10223
0	06:05:21.299	'1809640': modify order #39115975 sell 0.01 EURUSD at 1.10907 sl: 1.11329 tp: 1.10246 -> sl: 1.11329 tp: 1.10223
0	06:05:21.660	'1809640': order #39115975 sell 0.01 EURUSD at 1.10907 was modified -> sl: 1.11329 tp: 1.10223
0	06:05:27.774	'1809640': modify order #39118142 sell 0.01 EURUSD at 1.10784 sl: 1.11206 tp: 1.10639 -> sl: 1.11206 tp: 1.10623
0	06:05:28.358	'1809640': order #39118142 sell 0.01 EURUSD at 1.10784 was modified -> sl: 1.11206 tp: 1.10623
0	06:08:07.363	'1809640': modify order #39118142 sell 0.01 EURUSD at 1.10784 sl: 1.11206 tp: 1.10623 -> sl: 1.11206 tp: 1.10596
0	06:08:07.984	'1809640': order #39118142 sell 0.01 EURUSD at 1.10784 was modified -> sl: 1.11206 tp: 1.10596
0	06:09:53.644	'1809640': modify order #39118142 sell 0.01 EURUSD at 1.10784 sl: 1.11206 tp: 1.10596 -> sl: 1.11206 tp: 1.10587
0	06:09:54.160	'1809640': order #39118142 sell 0.01 EURUSD at 1.10784 was modified -> sl: 1.11206 tp: 1.10587
0	06:10:11.452	'1809640': modify order #39114306 sell 0.01 EURUSD at 1.10934 sl: 1.11356 tp: 1.10223 -> sl: 1.11356 tp: 1.10214
0	06:10:12.041	'1809640': order #39114306 sell 0.01 EURUSD at 1.10934 was modified -> sl: 1.11356 tp: 1.10214
0	06:10:12.073	'1809640': modify order #39115975 sell 0.01 EURUSD at 1.10907 sl: 1.11329 tp: 1.10223 -> sl: 1.11329 tp: 1.10213
0	06:10:12.402	'1809640': order #39115975 sell 0.01 EURUSD at 1.10907 was modified -> sl: 1.11329 tp: 1.10213
0	06:10:12.402	'1809640': modify order #39118142 sell 0.01 EURUSD at 1.10784 sl: 1.11206 tp: 1.10587 -> sl: 1.11206 tp: 1.10579
0	06:10:12.698	'1809640': order #39118142 sell 0.01 EURUSD at 1.10784 was modified -> sl: 1.11206 tp: 1.10579
0	06:11:27.008	'1809640': modify order #39118142 sell 0.01 EURUSD at 1.10784 sl: 1.11206 tp: 1.10579 -> sl: 1.11206 tp: 1.10573
0	06:11:28.439	'1809640': order #39118142 sell 0.01 EURUSD at 1.10784 was modified -> sl: 1.11206 tp: 1.10573
0	06:12:30.310	'1809640': modify order #39121115 sell 0.01 EURUSD at 1.10774 sl: 1.11196 tp: 1.10642 -> sl: 1.11196 tp: 1.10622
0	06:12:30.894	'1809640': order #39121115 sell 0.01 EURUSD at 1.10774 was modified -> sl: 1.11196 tp: 1.10622
0	06:14:44.799	'1809640': modify order #39118142 sell 0.01 EURUSD at 1.10784 sl: 1.11206 tp: 1.10573 -> sl: 1.11206 tp: 1.10572
0	06:14:45.890	'1809640': order #39118142 sell 0.01 EURUSD at 1.10784 was modified -> sl: 1.11206 tp: 1.10572
0	06:16:13.093	'1809640': modify order #39118142 sell 0.01 EURUSD at 1.10784 sl: 1.11206 tp: 1.10572 -> sl: 1.11206 tp: 1.10571
0	06:16:13.580	'1809640': order #39118142 sell 0.01 EURUSD at 1.10784 was modified -> sl: 1.11206 tp: 1.10571
0	06:18:40.067	'1809640': modify order #39118142 sell 0.01 EURUSD at 1.10784 sl: 1.11206 tp: 1.10571 -> sl: 1.11206 tp: 1.10569
0	06:18:40.976	'1809640': order #39118142 sell 0.01 EURUSD at 1.10784 was modified -> sl: 1.11206 tp: 1.10569
0	06:20:05.124	'1809640': modify order #39118142 sell 0.01 EURUSD at 1.10784 sl: 1.11206 tp: 1.10569 -> sl: 1.11206 tp: 1.10567
0	06:20:05.712	'1809640': order #39118142 sell 0.01 EURUSD at 1.10784 was modified -> sl: 1.11206 tp: 1.10567
0	06:20:26.032	'1809640': modify order #39118142 sell 0.01 EURUSD at 1.10784 sl: 1.11206 tp: 1.10567 -> sl: 1.11206 tp: 1.10565
0	06:20:26.583	'1809640': order #39118142 sell 0.01 EURUSD at 1.10784 was modified -> sl: 1.11206 tp: 1.10565
0	06:20:26.810	'1809640': modify order #39121115 sell 0.01 EURUSD at 1.10774 sl: 1.11196 tp: 1.10622 -> sl: 1.11196 tp: 1.10615
0	06:20:27.106	'1809640': order #39121115 sell 0.01 EURUSD at 1.10774 was modified -> sl: 1.11196 tp: 1.10615
0	06:25:31.744	'1809640': modify order #39121115 sell 0.01 EURUSD at 1.10774 sl: 1.11196 tp: 1.10615 -> sl: 1.11196 tp: 1.10604
0	06:25:32.268	'1809640': order #39121115 sell 0.01 EURUSD at 1.10774 was modified -> sl: 1.11196 tp: 1.10604
0	06:26:20.941	'1809640': modify order #39114306 sell 0.01 EURUSD at 1.10934 sl: 1.11356 tp: 1.10214 -> sl: 1.11356 tp: 1.10195
0	06:26:21.562	'1809640': order #39114306 sell 0.01 EURUSD at 1.10934 was modified -> sl: 1.11356 tp: 1.10195
0	06:26:21.562	'1809640': modify order #39115975 sell 0.01 EURUSD at 1.10907 sl: 1.11329 tp: 1.10213 -> sl: 1.11329 tp: 1.10195
0	06:26:22.049	'1809640': order #39115975 sell 0.01 EURUSD at 1.10907 was modified -> sl: 1.11329 tp: 1.10195
0	06:27:40.167	'1809640': modify order #39121115 sell 0.01 EURUSD at 1.10774 sl: 1.11196 tp: 1.10604 -> sl: 1.11196 tp: 1.10602
0	06:27:40.789	'1809640': order #39121115 sell 0.01 EURUSD at 1.10774 was modified -> sl: 1.11196 tp: 1.10602
0	06:28:18.286	'1809640': modify order #39121115 sell 0.01 EURUSD at 1.10774 sl: 1.11196 tp: 1.10602 -> sl: 1.11196 tp: 1.10601
0	06:28:18.712	'1809640': order #39121115 sell 0.01 EURUSD at 1.10774 was modified -> sl: 1.11196 tp: 1.10601
0	06:31:13.683	'1809640': modify order #39121115 sell 0.01 EURUSD at 1.10774 sl: 1.11196 tp: 1.10601 -> sl: 1.11196 tp: 1.10593
0	06:31:14.693	'1809640': order #39121115 sell 0.01 EURUSD at 1.10774 was modified -> sl: 1.11196 tp: 1.10593
0	06:32:42.871	'1809640': modify order #39114306 sell 0.01 EURUSD at 1.10934 sl: 1.11356 tp: 1.10195 -> sl: 1.11356 tp: 1.10184
0	06:32:43.391	'1809640': order #39114306 sell 0.01 EURUSD at 1.10934 was modified -> sl: 1.11356 tp: 1.10184
0	06:32:43.423	'1809640': modify order #39115975 sell 0.01 EURUSD at 1.10907 sl: 1.11329 tp: 1.10195 -> sl: 1.11329 tp: 1.10189
0	06:32:43.747	'1809640': order #39115975 sell 0.01 EURUSD at 1.10907 was modified -> sl: 1.11329 tp: 1.10189
0	06:34:29.832	'1809640': modify order #39114306 sell 0.01 EURUSD at 1.10934 sl: 1.11356 tp: 1.10184 -> sl: 1.11356 tp: 1.10160
0	06:34:30.550	'1809640': order #39114306 sell 0.01 EURUSD at 1.10934 was modified -> sl: 1.11356 tp: 1.10160
0	06:34:30.550	'1809640': modify order #39115975 sell 0.01 EURUSD at 1.10907 sl: 1.11329 tp: 1.10189 -> sl: 1.11329 tp: 1.10160
0	06:34:30.842	'1809640': order #39115975 sell 0.01 EURUSD at 1.10907 was modified -> sl: 1.11329 tp: 1.10160
0	06:35:27.500	'1809640': modify order #39114306 sell 0.01 EURUSD at 1.10934 sl: 1.11356 tp: 1.10160 -> sl: 1.11356 tp: 1.10156
0	06:35:28.121	'1809640': order #39114306 sell 0.01 EURUSD at 1.10934 was modified -> sl: 1.11356 tp: 1.10156
0	06:35:28.121	'1809640': modify order #39115975 sell 0.01 EURUSD at 1.10907 sl: 1.11329 tp: 1.10160 -> sl: 1.11329 tp: 1.10156
0	06:35:28.547	'1809640': order #39115975 sell 0.01 EURUSD at 1.10907 was modified -> sl: 1.11329 tp: 1.10156
0	06:36:08.393	'1809640': modify order #39114306 sell 0.01 EURUSD at 1.10934 sl: 1.11356 tp: 1.10156 -> sl: 1.11356 tp: 1.10142
0	06:36:09.098	'1809640': order #39114306 sell 0.01 EURUSD at 1.10934 was modified -> sl: 1.11356 tp: 1.10142
0	06:36:09.098	'1809640': modify order #39115975 sell 0.01 EURUSD at 1.10907 sl: 1.11329 tp: 1.10156 -> sl: 1.11329 tp: 1.10142
0	06:36:09.589	'1809640': order #39115975 sell 0.01 EURUSD at 1.10907 was modified -> sl: 1.11329 tp: 1.10142
0	06:37:35.062	'1809640': modify order #39118142 sell 0.01 EURUSD at 1.10784 sl: 1.11206 tp: 1.10565 -> sl: 1.11206 tp: 1.10523
0	06:37:35.451	'1809640': order #39118142 sell 0.01 EURUSD at 1.10784 was modified -> sl: 1.11206 tp: 1.10523
0	06:38:10.035	'1809640': modify order #39118142 sell 0.01 EURUSD at 1.10784 sl: 1.11206 tp: 1.10523 -> sl: 1.11206 tp: 1.10516
0	06:38:10.721	'1809640': order #39118142 sell 0.01 EURUSD at 1.10784 was modified -> sl: 1.11206 tp: 1.10516
0	06:39:38.370	'1809640': modify order #39118142 sell 0.01 EURUSD at 1.10784 sl: 1.11206 tp: 1.10516 -> sl: 1.11206 tp: 1.10510
0	06:39:39.641	'1809640': order #39118142 sell 0.01 EURUSD at 1.10784 was modified -> sl: 1.11206 tp: 1.10510
0	06:40:35.585	'1809640': modify order #39121115 sell 0.01 EURUSD at 1.10774 sl: 1.11196 tp: 1.10593 -> sl: 1.11196 tp: 1.10551
0	06:40:36.011	'1809640': order #39121115 sell 0.01 EURUSD at 1.10774 was modified -> sl: 1.11196 tp: 1.10551
0	06:45:09.231	'1809640': modify order #39121115 sell 0.01 EURUSD at 1.10774 sl: 1.11196 tp: 1.10551 -> sl: 1.11196 tp: 1.10538
0	06:45:09.750	'1809640': order #39121115 sell 0.01 EURUSD at 1.10774 was modified -> sl: 1.11196 tp: 1.10538
0	06:50:23.075	'1809640': modify order #39121115 sell 0.01 EURUSD at 1.10774 sl: 1.11196 tp: 1.10538 -> sl: 1.11196 tp: 1.10533
0	06:50:23.761	'1809640': order #39121115 sell 0.01 EURUSD at 1.10774 was modified -> sl: 1.11196 tp: 1.10533
0	06:55:50.297	'1809640': modify order #39121115 sell 0.01 EURUSD at 1.10774 sl: 1.11196 tp: 1.10533 -> sl: 1.11196 tp: 1.10524
0	06:55:51.498	'1809640': order #39121115 sell 0.01 EURUSD at 1.10774 was modified -> sl: 1.11196 tp: 1.10524
0	06:56:17.127	'1809640': modify order #39121115 sell 0.01 EURUSD at 1.10774 sl: 1.11196 tp: 1.10524 -> sl: 1.11196 tp: 1.10522
0	06:56:17.646	'1809640': order #39121115 sell 0.01 EURUSD at 1.10774 was modified -> sl: 1.11196 tp: 1.10522
0	06:58:10.771	'1809640': modify order #39121115 sell 0.01 EURUSD at 1.10774 sl: 1.11196 tp: 1.10522 -> sl: 1.11196 tp: 1.10520
0	06:58:11.282	'1809640': order #39121115 sell 0.01 EURUSD at 1.10774 was modified -> sl: 1.11196 tp: 1.10520
0	06:59:33.753	'1809640': modify order #39114306 sell 0.01 EURUSD at 1.10934 sl: 1.11356 tp: 1.10142 -> sl: 1.11356 tp: 1.10114
0	06:59:34.175	'1809640': order #39114306 sell 0.01 EURUSD at 1.10934 was modified -> sl: 1.11356 tp: 1.10114
0	06:59:34.240	'1809640': modify order #39115975 sell 0.01 EURUSD at 1.10907 sl: 1.11329 tp: 1.10142 -> sl: 1.11329 tp: 1.10114
0	06:59:34.666	'1809640': order #39115975 sell 0.01 EURUSD at 1.10907 was modified -> sl: 1.11329 tp: 1.10114
0	07:00:18.917	'1809640': order buy market 0.01 EURUSD sl: 1.10135 tp: 1.10750
0	07:00:19.375	'1809640': order was opened : #39125464 buy 0.01 EURUSD at 1.10558 sl: 1.10135 tp: 1.10750
0	07:01:25.577	'1809640': modify order #39114306 sell 0.01 EURUSD at 1.10934 sl: 1.11356 tp: 1.10114 -> sl: 1.11356 tp: 1.10096
0	07:01:26.619	'1809640': order #39114306 sell 0.01 EURUSD at 1.10934 was modified -> sl: 1.11356 tp: 1.10096
0	07:01:26.716	'1809640': modify order #39115975 sell 0.01 EURUSD at 1.10907 sl: 1.11329 tp: 1.10114 -> sl: 1.11329 tp: 1.10096
0	07:01:27.138	'1809640': order #39115975 sell 0.01 EURUSD at 1.10907 was modified -> sl: 1.11329 tp: 1.10096
0	07:01:27.170	'1809640': modify order #39125464 buy 0.01 EURUSD at 1.10558 sl: 1.10135 tp: 1.10750 -> sl: 1.10135 tp: 1.10753
0	07:01:27.466	'1809640': order #39125464 buy 0.01 EURUSD at 1.10558 was modified -> sl: 1.10135 tp: 1.10753
0	07:02:01.595	'1809640': modify order #39125464 buy 0.01 EURUSD at 1.10558 sl: 1.10135 tp: 1.10753 -> sl: 1.10135 tp: 1.10754
0	07:02:03.027	'1809640': order #39125464 buy 0.01 EURUSD at 1.10558 was modified -> sl: 1.10135 tp: 1.10754
0	07:02:17.660	'1809640': modify order #39118142 sell 0.01 EURUSD at 1.10784 sl: 1.11206 tp: 1.10510 -> sl: 1.11206 tp: 1.10488
0	07:02:18.114	'1809640': order #39118142 sell 0.01 EURUSD at 1.10784 was modified -> sl: 1.11206 tp: 1.10488
0	07:02:18.114	'1809640': modify order #39125464 buy 0.01 EURUSD at 1.10558 sl: 1.10135 tp: 1.10754 -> sl: 1.10135 tp: 1.10757
0	07:02:18.666	'1809640': order #39125464 buy 0.01 EURUSD at 1.10558 was modified -> sl: 1.10135 tp: 1.10757
0	07:03:20.763	'1809640': modify order #39118142 sell 0.01 EURUSD at 1.10784 sl: 1.11206 tp: 1.10488 -> sl: 1.11206 tp: 1.10475
0	07:03:21.546	'1809640': order #39118142 sell 0.01 EURUSD at 1.10784 was modified -> sl: 1.11206 tp: 1.10475
0	07:03:21.546	'1809640': modify order #39125464 buy 0.01 EURUSD at 1.10558 sl: 1.10135 tp: 1.10757 -> sl: 1.10135 tp: 1.10763
0	07:03:21.972	'1809640': order #39125464 buy 0.01 EURUSD at 1.10558 was modified -> sl: 1.10135 tp: 1.10763
0	07:06:24.197	'1809640': modify order #39118142 sell 0.01 EURUSD at 1.10784 sl: 1.11206 tp: 1.10475 -> sl: 1.11206 tp: 1.10466
0	07:06:24.844	'1809640': order #39118142 sell 0.01 EURUSD at 1.10784 was modified -> sl: 1.11206 tp: 1.10466
0	07:06:24.844	'1809640': modify order #39121115 sell 0.01 EURUSD at 1.10774 sl: 1.11196 tp: 1.10520 -> sl: 1.11196 tp: 1.10470
0	07:06:25.233	'1809640': order #39121115 sell 0.01 EURUSD at 1.10774 was modified -> sl: 1.11196 tp: 1.10470
0	07:06:25.331	'1809640': modify order #39125464 buy 0.01 EURUSD at 1.10558 sl: 1.10135 tp: 1.10763 -> sl: 1.10135 tp: 1.10767
0	07:06:25.691	'1809640': order #39125464 buy 0.01 EURUSD at 1.10558 was modified -> sl: 1.10135 tp: 1.10767
0	07:07:32.860	'1809640': modify order #39118142 sell 0.01 EURUSD at 1.10784 sl: 1.11206 tp: 1.10466 -> sl: 1.11206 tp: 1.10455
0	07:07:33.675	'1809640': order #39118142 sell 0.01 EURUSD at 1.10784 was modified -> sl: 1.11206 tp: 1.10455
0	07:09:19.667	'1809640': modify order #39118142 sell 0.01 EURUSD at 1.10784 sl: 1.11206 tp: 1.10455 -> sl: 1.11206 tp: 1.10454
0	07:09:20.572	'1809640': order #39118142 sell 0.01 EURUSD at 1.10784 was modified -> sl: 1.11206 tp: 1.10454
0	07:10:24.415	'1809640': modify order #39118142 sell 0.01 EURUSD at 1.10784 sl: 1.11206 tp: 1.10454 -> sl: 1.11206 tp: 1.10453
0	07:10:24.739	'1809640': order #39118142 sell 0.01 EURUSD at 1.10784 was modified -> sl: 1.11206 tp: 1.10453
0	07:11:53.459	'1809640': modify order #39118142 sell 0.01 EURUSD at 1.10784 sl: 1.11206 tp: 1.10453 -> sl: 1.11206 tp: 1.10452
0	07:11:53.978	'1809640': order #39118142 sell 0.01 EURUSD at 1.10784 was modified -> sl: 1.11206 tp: 1.10452
0	07:11:53.978	'1809640': modify order #39121115 sell 0.01 EURUSD at 1.10774 sl: 1.11196 tp: 1.10470 -> sl: 1.11196 tp: 1.10467
0	07:11:54.563	'1809640': order #39121115 sell 0.01 EURUSD at 1.10774 was modified -> sl: 1.11196 tp: 1.10467
0	07:12:20.784	'1809640': modify order #39118142 sell 0.01 EURUSD at 1.10784 sl: 1.11206 tp: 1.10452 -> sl: 1.11206 tp: 1.10451
0	07:12:21.043	'1809640': order #39118142 sell 0.01 EURUSD at 1.10784 was modified -> sl: 1.11206 tp: 1.10451
0	07:12:21.043	'1809640': modify order #39121115 sell 0.01 EURUSD at 1.10774 sl: 1.11196 tp: 1.10467 -> sl: 1.11196 tp: 1.10466
0	07:12:21.432	'1809640': order #39121115 sell 0.01 EURUSD at 1.10774 was modified -> sl: 1.11196 tp: 1.10466
0	07:15:55.638	'1809640': modify order #39121115 sell 0.01 EURUSD at 1.10774 sl: 1.11196 tp: 1.10466 -> sl: 1.11196 tp: 1.10461
0	07:15:56.194	'1809640': order #39121115 sell 0.01 EURUSD at 1.10774 was modified -> sl: 1.11196 tp: 1.10461
0	07:19:06.429	'1809640': modify order #39121115 sell 0.01 EURUSD at 1.10774 sl: 1.11196 tp: 1.10461 -> sl: 1.11196 tp: 1.10458
0	07:19:06.916	'1809640': order #39121115 sell 0.01 EURUSD at 1.10774 was modified -> sl: 1.11196 tp: 1.10458
0	07:24:29.526	'1809640': modify order #39118142 sell 0.01 EURUSD at 1.10784 sl: 1.11206 tp: 1.10451 -> sl: 1.11206 tp: 1.10447
0	07:24:30.108	'1809640': order #39118142 sell 0.01 EURUSD at 1.10784 was modified -> sl: 1.11206 tp: 1.10447
0	07:36:58.464	'1809640': modify order #39123256 buy 0.01 EURUSD at 1.10839 sl: 1.10417 tp: 1.10974 -> sl: 1.10417 tp: 1.10996
0	07:36:59.075	'1809640': order #39123256 buy 0.01 EURUSD at 1.10839 was modified -> sl: 1.10417 tp: 1.10996
0	07:37:31.388	'1809640': modify order #39125464 buy 0.01 EURUSD at 1.10558 sl: 1.10135 tp: 1.10767 -> sl: 1.10135 tp: 1.10784
0	07:37:32.069	'1809640': order #39125464 buy 0.01 EURUSD at 1.10558 was modified -> sl: 1.10135 tp: 1.10784
0	07:38:08.349	'1809640': modify order #39125464 buy 0.01 EURUSD at 1.10558 sl: 1.10135 tp: 1.10784 -> sl: 1.10135 tp: 1.10787
0	07:38:08.776	'1809640': order #39125464 buy 0.01 EURUSD at 1.10558 was modified -> sl: 1.10135 tp: 1.10787
0	07:40:13.952	'1809640': modify order #39123256 buy 0.01 EURUSD at 1.10839 sl: 1.10417 tp: 1.10996 -> sl: 1.10417 tp: 1.11020
0	07:40:14.573	'1809640': order #39123256 buy 0.01 EURUSD at 1.10839 was modified -> sl: 1.10417 tp: 1.11020
0	07:40:56.930	'1809640': modify order #39125464 buy 0.01 EURUSD at 1.10558 sl: 1.10135 tp: 1.10787 -> sl: 1.10135 tp: 1.10803
0	07:40:58.687	'1809640': order #39125464 buy 0.01 EURUSD at 1.10558 was modified -> sl: 1.10135 tp: 1.10803
0	07:44:01.573	'1809640': modify order #39125464 buy 0.01 EURUSD at 1.10558 sl: 1.10135 tp: 1.10803 -> sl: 1.10135 tp: 1.10812
0	07:44:01.995	'1809640': order #39125464 buy 0.01 EURUSD at 1.10558 was modified -> sl: 1.10135 tp: 1.10812
0	08:00:50.808	'1809640': modify order #39125464 buy 0.01 EURUSD at 1.10558 sl: 1.10135 tp: 1.10812 -> sl: 1.10135 tp: 1.10816
0	08:00:51.392	'1809640': order #39125464 buy 0.01 EURUSD at 1.10558 was modified -> sl: 1.10135 tp: 1.10816
0	08:01:43.652	'1809640': order buy market 0.01 EURUSD sl: 1.10157 tp: 1.11019
0	08:01:44.273	'1809640': order was opened : #39128022 buy 0.01 EURUSD at 1.10579 sl: 1.10157 tp: 1.11019
0	08:02:16.091	'1809640': modify order #39125464 buy 0.01 EURUSD at 1.10558 sl: 1.10135 tp: 1.10816 -> sl: 1.10135 tp: 1.10819
0	08:02:16.578	'1809640': order #39125464 buy 0.01 EURUSD at 1.10558 was modified -> sl: 1.10135 tp: 1.10819
0	08:02:16.578	'1809640': modify order #39128022 buy 0.01 EURUSD at 1.10579 sl: 1.10157 tp: 1.11019 -> sl: 1.10157 tp: 1.11028
0	08:02:16.934	'1809640': order #39128022 buy 0.01 EURUSD at 1.10579 was modified -> sl: 1.10157 tp: 1.11028
0	08:03:07.996	'1809640': modify order #39125464 buy 0.01 EURUSD at 1.10558 sl: 1.10135 tp: 1.10819 -> sl: 1.10135 tp: 1.10822
0	08:03:08.350	'1809640': order #39125464 buy 0.01 EURUSD at 1.10558 was modified -> sl: 1.10135 tp: 1.10822
0	08:03:08.350	'1809640': modify order #39128022 buy 0.01 EURUSD at 1.10579 sl: 1.10157 tp: 1.11028 -> sl: 1.10157 tp: 1.11058
0	08:03:08.777	'1809640': order #39128022 buy 0.01 EURUSD at 1.10579 was modified -> sl: 1.10157 tp: 1.11058
0	08:05:32.788	'1809640': modify order #39128022 buy 0.01 EURUSD at 1.10579 sl: 1.10157 tp: 1.11058 -> sl: 1.10157 tp: 1.11071
0	08:05:33.372	'1809640': order #39128022 buy 0.01 EURUSD at 1.10579 was modified -> sl: 1.10157 tp: 1.11071
0	08:07:09.657	'1809640': modify order #39128022 buy 0.01 EURUSD at 1.10579 sl: 1.10157 tp: 1.11071 -> sl: 1.10157 tp: 1.11092
0	08:07:10.079	'1809640': order #39128022 buy 0.01 EURUSD at 1.10579 was modified -> sl: 1.10157 tp: 1.11092
0	08:20:35.566	'1809640': modify order #39128022 buy 0.01 EURUSD at 1.10579 sl: 1.10157 tp: 1.11092 -> sl: 1.10157 tp: 1.11107
0	08:20:36.122	'1809640': order #39128022 buy 0.01 EURUSD at 1.10579 was modified -> sl: 1.10157 tp: 1.11107
0	08:21:02.399	'1809640': modify order #39128022 buy 0.01 EURUSD at 1.10579 sl: 1.10157 tp: 1.11107 -> sl: 1.10157 tp: 1.11108
0	08:21:02.955	'1809640': order #39128022 buy 0.01 EURUSD at 1.10579 was modified -> sl: 1.10157 tp: 1.11108
0	08:21:13.155	'1809640': modify order #39128022 buy 0.01 EURUSD at 1.10579 sl: 1.10157 tp: 1.11108 -> sl: 1.10157 tp: 1.11117
0	08:21:13.481	'1809640': order #39128022 buy 0.01 EURUSD at 1.10579 was modified -> sl: 1.10157 tp: 1.11117
0	08:23:35.532	'1809640': modify order #39128022 buy 0.01 EURUSD at 1.10579 sl: 1.10157 tp: 1.11117 -> sl: 1.10157 tp: 1.11130
0	08:23:35.921	'1809640': order #39128022 buy 0.01 EURUSD at 1.10579 was modified -> sl: 1.10157 tp: 1.11130
0	09:01:02.884	'1809640': order sell market 0.01 EURUSD sl: 1.11076 tp: 1.10494
0	09:01:04.061	'1809640': order was opened : #39130880 sell 0.01 EURUSD at 1.10659 sl: 1.11076 tp: 1.10494
0	09:04:47.696	'1809640': modify order #39128022 buy 0.01 EURUSD at 1.10579 sl: 1.10157 tp: 1.11130 -> sl: 1.10157 tp: 1.11132
0	09:04:52.484	'1809640': order #39128022 buy 0.01 EURUSD at 1.10579 was modified -> sl: 1.10157 tp: 1.11132
0	09:05:32.955	'1809640': modify order #39128022 buy 0.01 EURUSD at 1.10579 sl: 1.10157 tp: 1.11132 -> sl: 1.10157 tp: 1.11182
0	09:05:33.674	'1809640': order #39128022 buy 0.01 EURUSD at 1.10579 was modified -> sl: 1.10157 tp: 1.11182
0	10:00:55.675	'1809640': order sell market 0.01 EURUSD sl: 1.10996 tp: 1.10136
0	10:00:58.052	'1809640': order was opened : #39132757 sell 0.01 EURUSD at 1.10576 sl: 1.10996 tp: 1.10136
0	10:01:40.972	'1809640': modify order #39132757 sell 0.01 EURUSD at 1.10576 sl: 1.10996 tp: 1.10136 -> sl: 1.10996 tp: 1.10123
0	10:01:41.945	'1809640': order #39132757 sell 0.01 EURUSD at 1.10576 was modified -> sl: 1.10996 tp: 1.10123
0	10:02:42.987	'1809640': modify order #39132757 sell 0.01 EURUSD at 1.10576 sl: 1.10996 tp: 1.10123 -> sl: 1.10996 tp: 1.10096
0	10:02:54.429	'1809640': order #39132757 sell 0.01 EURUSD at 1.10576 was modified -> sl: 1.10996 tp: 1.10096
0	10:05:46.022	'1809640': modify order #39114306 sell 0.01 EURUSD at 1.10934 sl: 1.11356 tp: 1.10096 -> sl: 1.11356 tp: 1.10076
0	10:05:47.653	'1809640': order #39114306 sell 0.01 EURUSD at 1.10934 was modified -> sl: 1.11356 tp: 1.10076
0	10:05:47.656	'1809640': modify order #39115975 sell 0.01 EURUSD at 1.10907 sl: 1.11329 tp: 1.10096 -> sl: 1.11329 tp: 1.10076
0	10:05:49.307	'1809640': order #39115975 sell 0.01 EURUSD at 1.10907 was modified -> sl: 1.11329 tp: 1.10076
0	10:05:49.307	'1809640': modify order #39132757 sell 0.01 EURUSD at 1.10576 sl: 1.10996 tp: 1.10096 -> sl: 1.10996 tp: 1.10076
0	10:05:49.538	'1809640': order #39132757 sell 0.01 EURUSD at 1.10576 was modified -> sl: 1.10996 tp: 1.10076
0	10:07:09.579	'1809640': modify order #39114306 sell 0.01 EURUSD at 1.10934 sl: 1.11356 tp: 1.10076 -> sl: 1.11356 tp: 1.10067
0	10:07:11.821	'1809640': order #39114306 sell 0.01 EURUSD at 1.10934 was modified -> sl: 1.11356 tp: 1.10067
0	10:07:15.625	'1809640': modify order #39115975 sell 0.01 EURUSD at 1.10907 sl: 1.11329 tp: 1.10076 -> sl: 1.11329 tp: 1.10067
0	10:07:16.829	'1809640': order #39115975 sell 0.01 EURUSD at 1.10907 was modified -> sl: 1.11329 tp: 1.10067
0	10:07:16.829	'1809640': modify order #39132757 sell 0.01 EURUSD at 1.10576 sl: 1.10996 tp: 1.10076 -> sl: 1.10996 tp: 1.10067
0	10:07:17.515	'1809640': order #39132757 sell 0.01 EURUSD at 1.10576 was modified -> sl: 1.10996 tp: 1.10067
0	10:07:29.783	'1809640': order #39130880 sell 0.01 EURUSD at 1.10659 closed due take-profit at price 1.10494
0	10:07:29.783	'1809640': order #39121115 sell 0.01 EURUSD at 1.10774 closed due take-profit at price 1.10458
0	10:07:34.951	'1809640': order #39118142 sell 0.01 EURUSD at 1.10784 closed due take-profit at price 1.10447
0	10:07:34.951	'1809640': order #39123256 buy 0.01 EURUSD at 1.10839 closed due stop-loss at price 1.10417
0	10:08:14.593	'1809640': order sell market 0.01 EURUSD sl: 1.10821 tp: 1.09960
0	10:08:17.551	'1809640': order was opened : #39133166 sell 0.01 EURUSD at 1.10406 sl: 1.10821 tp: 1.09960
0	10:09:20.652	'1809640': modify order #39114306 sell 0.01 EURUSD at 1.10934 sl: 1.11356 tp: 1.10067 -> sl: 1.11356 tp: 1.09991
0	10:09:22.121	'1809640': order #39114306 sell 0.01 EURUSD at 1.10934 was modified -> sl: 1.11356 tp: 1.09991
0	10:09:22.121	'1809640': modify order #39115975 sell 0.01 EURUSD at 1.10907 sl: 1.11329 tp: 1.10067 -> sl: 1.11329 tp: 1.09992
0	10:09:22.796	'1809640': order #39115975 sell 0.01 EURUSD at 1.10907 was modified -> sl: 1.11329 tp: 1.09992
0	10:09:22.859	'1809640': modify order #39132757 sell 0.01 EURUSD at 1.10576 sl: 1.10996 tp: 1.10067 -> sl: 1.10996 tp: 1.09993
0	10:09:23.346	'1809640': order #39132757 sell 0.01 EURUSD at 1.10576 was modified -> sl: 1.10996 tp: 1.09993
0	10:11:22.984	'1809640': modify order #39114306 sell 0.01 EURUSD at 1.10934 sl: 1.11356 tp: 1.09991 -> sl: 1.11356 tp: 1.09959
0	10:11:31.249	'1809640': order #39114306 sell 0.01 EURUSD at 1.10934 was modified -> sl: 1.11356 tp: 1.09959
0	10:11:33.883	'1809640': modify order #39115975 sell 0.01 EURUSD at 1.10907 sl: 1.11329 tp: 1.09992 -> sl: 1.11329 tp: 1.09959
0	10:11:35.836	'1809640': order #39115975 sell 0.01 EURUSD at 1.10907 was modified -> sl: 1.11329 tp: 1.09959
0	10:11:35.836	'1809640': modify order #39132757 sell 0.01 EURUSD at 1.10576 sl: 1.10996 tp: 1.09993 -> sl: 1.10996 tp: 1.09961
0	10:11:36.943	'1809640': order #39132757 sell 0.01 EURUSD at 1.10576 was modified -> sl: 1.10996 tp: 1.09961
0	10:11:59.449	'1809640': modify order #39114306 sell 0.01 EURUSD at 1.10934 sl: 1.11356 tp: 1.09959 -> sl: 1.11356 tp: 1.09907
0	10:12:00.094	'1809640': order #39114306 sell 0.01 EURUSD at 1.10934 was modified -> sl: 1.11356 tp: 1.09907
0	10:12:00.094	'1809640': modify order #39115975 sell 0.01 EURUSD at 1.10907 sl: 1.11329 tp: 1.09959 -> sl: 1.11329 tp: 1.09907
0	10:12:01.850	'1809640': order #39115975 sell 0.01 EURUSD at 1.10907 was modified -> sl: 1.11329 tp: 1.09907
0	10:12:01.850	'1809640': modify order #39132757 sell 0.01 EURUSD at 1.10576 sl: 1.10996 tp: 1.09961 -> sl: 1.10996 tp: 1.09905
0	10:12:02.828	'1809640': order #39132757 sell 0.01 EURUSD at 1.10576 was modified -> sl: 1.10996 tp: 1.09905
0	10:12:02.828	'1809640': modify order #39133166 sell 0.01 EURUSD at 1.10406 sl: 1.10821 tp: 1.09960 -> sl: 1.10821 tp: 1.09905
0	10:12:04.224	'1809640': order #39133166 sell 0.01 EURUSD at 1.10406 was modified -> sl: 1.10821 tp: 1.09905
0	10:12:18.216	'1809640': order #39119597 buy 0.01 EURUSD at 1.10734 closed due stop-loss at price 1.10313
0	10:12:58.141	'1809640': modify order #39114306 sell 0.01 EURUSD at 1.10934 sl: 1.11356 tp: 1.09907 -> sl: 1.11356 tp: 1.09886
0	10:13:00.287	'1809640': order #39114306 sell 0.01 EURUSD at 1.10934 was modified -> sl: 1.11356 tp: 1.09886
0	10:13:00.287	'1809640': modify order #39115975 sell 0.01 EURUSD at 1.10907 sl: 1.11329 tp: 1.09907 -> sl: 1.11329 tp: 1.09884
0	10:13:01.297	'1809640': order #39115975 sell 0.01 EURUSD at 1.10907 was modified -> sl: 1.11329 tp: 1.09884
0	10:13:01.297	'1809640': modify order #39132757 sell 0.01 EURUSD at 1.10576 sl: 1.10996 tp: 1.09905 -> sl: 1.10996 tp: 1.09885
0	10:13:01.752	'1809640': order #39132757 sell 0.01 EURUSD at 1.10576 was modified -> sl: 1.10996 tp: 1.09885
0	10:13:01.752	'1809640': modify order #39133166 sell 0.01 EURUSD at 1.10406 sl: 1.10821 tp: 1.09905 -> sl: 1.10821 tp: 1.09885
0	10:13:02.303	'1809640': order #39133166 sell 0.01 EURUSD at 1.10406 was modified -> sl: 1.10821 tp: 1.09885
0	10:14:26.174	'1809640': order sell market 0.01 EURUSD sl: 1.10740 tp: 1.09883
0	10:14:29.144	'1809640': order was opened : #39133471 sell 0.01 EURUSD at 1.10317 sl: 1.10740 tp: 1.09883
0	10:15:03.687	'1809640': modify order #39114306 sell 0.01 EURUSD at 1.10934 sl: 1.11356 tp: 1.09886 -> sl: 1.11356 tp: 1.09855
0	10:15:05.410	'1809640': order #39114306 sell 0.01 EURUSD at 1.10934 was modified -> sl: 1.11356 tp: 1.09855
0	10:15:05.410	'1809640': modify order #39115975 sell 0.01 EURUSD at 1.10907 sl: 1.11329 tp: 1.09884 -> sl: 1.11329 tp: 1.09855
0	10:15:05.994	'1809640': order #39115975 sell 0.01 EURUSD at 1.10907 was modified -> sl: 1.11329 tp: 1.09855
0	10:15:05.994	'1809640': modify order #39132757 sell 0.01 EURUSD at 1.10576 sl: 1.10996 tp: 1.09885 -> sl: 1.10996 tp: 1.09855
0	10:15:06.712	'1809640': order #39132757 sell 0.01 EURUSD at 1.10576 was modified -> sl: 1.10996 tp: 1.09855
0	10:15:06.712	'1809640': modify order #39133166 sell 0.01 EURUSD at 1.10406 sl: 1.10821 tp: 1.09885 -> sl: 1.10821 tp: 1.09857
0	10:15:07.526	'1809640': order #39133166 sell 0.01 EURUSD at 1.10406 was modified -> sl: 1.10821 tp: 1.09857
0	10:15:07.526	'1809640': modify order #39133471 sell 0.01 EURUSD at 1.10317 sl: 1.10740 tp: 1.09883 -> sl: 1.10740 tp: 1.09857
0	10:15:08.272	'1809640': order #39133471 sell 0.01 EURUSD at 1.10317 was modified -> sl: 1.10740 tp: 1.09857
0	10:17:51.728	'1809640': modify order #39114306 sell 0.01 EURUSD at 1.10934 sl: 1.11356 tp: 1.09855 -> sl: 1.11356 tp: 1.09844
0	10:17:53.127	'1809640': order #39114306 sell 0.01 EURUSD at 1.10934 was modified -> sl: 1.11356 tp: 1.09844
0	10:17:53.127	'1809640': modify order #39115975 sell 0.01 EURUSD at 1.10907 sl: 1.11329 tp: 1.09855 -> sl: 1.11329 tp: 1.09843
0	10:17:54.689	'1809640': order #39115975 sell 0.01 EURUSD at 1.10907 was modified -> sl: 1.11329 tp: 1.09843
0	10:17:54.689	'1809640': modify order #39132757 sell 0.01 EURUSD at 1.10576 sl: 1.10996 tp: 1.09855 -> sl: 1.10996 tp: 1.09843
0	10:17:55.277	'1809640': order #39132757 sell 0.01 EURUSD at 1.10576 was modified -> sl: 1.10996 tp: 1.09843
0	10:17:55.277	'1809640': modify order #39133166 sell 0.01 EURUSD at 1.10406 sl: 1.10821 tp: 1.09857 -> sl: 1.10821 tp: 1.09843
0	10:17:55.829	'1809640': order #39133166 sell 0.01 EURUSD at 1.10406 was modified -> sl: 1.10821 tp: 1.09843
0	10:17:55.829	'1809640': modify order #39133471 sell 0.01 EURUSD at 1.10317 sl: 1.10740 tp: 1.09857 -> sl: 1.10740 tp: 1.09843
0	10:17:57.095	'1809640': order #39133471 sell 0.01 EURUSD at 1.10317 was modified -> sl: 1.10740 tp: 1.09843
0	10:19:16.134	'1809640': order sell market 0.01 EURUSD sl: 1.10740 tp: 1.10170
0	10:19:17.014	'1809640': order was opened : #39133639 sell 0.01 EURUSD at 1.10320 sl: 1.10740 tp: 1.10170
0	10:20:45.169	'1809640': modify order #39133639 sell 0.01 EURUSD at 1.10320 sl: 1.10740 tp: 1.10170 -> sl: 1.10740 tp: 1.10162
0	10:20:46.794	'1809640': order #39133639 sell 0.01 EURUSD at 1.10320 was modified -> sl: 1.10740 tp: 1.10162
0	10:21:50.551	'1809640': modify order #39133639 sell 0.01 EURUSD at 1.10320 sl: 1.10740 tp: 1.10162 -> sl: 1.10740 tp: 1.10150
0	10:21:51.695	'1809640': order #39133639 sell 0.01 EURUSD at 1.10320 was modified -> sl: 1.10740 tp: 1.10150
0	10:22:37.352	'1809640': modify order #39133639 sell 0.01 EURUSD at 1.10320 sl: 1.10740 tp: 1.10150 -> sl: 1.10740 tp: 1.10145
0	10:22:37.778	'1809640': order #39133639 sell 0.01 EURUSD at 1.10320 was modified -> sl: 1.10740 tp: 1.10145
0	10:23:51.890	'1809640': order sell market 0.01 EURUSD sl: 1.10779 tp: 1.09920
0	10:23:56.062	'1809640': order was opened : #39133724 sell 0.01 EURUSD at 1.10345 sl: 1.10779 tp: 1.09920
0	10:24:28.340	'1809640': modify order #39133639 sell 0.01 EURUSD at 1.10320 sl: 1.10740 tp: 1.10145 -> sl: 1.10740 tp: 1.10141
0	10:24:29.931	'1809640': order #39133639 sell 0.01 EURUSD at 1.10320 was modified -> sl: 1.10740 tp: 1.10141
0	10:24:29.931	'1809640': modify order #39133724 sell 0.01 EURUSD at 1.10345 sl: 1.10779 tp: 1.09920 -> sl: 1.10779 tp: 1.09918
0	10:24:30.616	'1809640': order #39133724 sell 0.01 EURUSD at 1.10345 was modified -> sl: 1.10779 tp: 1.09918
0	10:26:32.393	'1809640': modify order #39133724 sell 0.01 EURUSD at 1.10345 sl: 1.10779 tp: 1.09918 -> sl: 1.10779 tp: 1.09917
0	10:26:35.840	'1809640': order #39133724 sell 0.01 EURUSD at 1.10345 was modified -> sl: 1.10779 tp: 1.09917
0	10:27:42.790	'1809640': modify order #39133724 sell 0.01 EURUSD at 1.10345 sl: 1.10779 tp: 1.09917 -> sl: 1.10779 tp: 1.09915
0	10:27:43.690	'1809640': order #39133724 sell 0.01 EURUSD at 1.10345 was modified -> sl: 1.10779 tp: 1.09915
0	10:28:48.167	'1809640': order sell market 0.01 EURUSD sl: 1.10783 tp: 1.09922
0	10:28:50.728	'1809640': order was opened : #39133817 sell 0.01 EURUSD at 1.10363 sl: 1.10783 tp: 1.09922
0	10:31:43.696	'1809640': modify order #39133724 sell 0.01 EURUSD at 1.10345 sl: 1.10779 tp: 1.09915 -> sl: 1.10779 tp: 1.09886
0	10:31:44.317	'1809640': order #39133724 sell 0.01 EURUSD at 1.10345 was modified -> sl: 1.10779 tp: 1.09886
0	10:31:44.317	'1809640': modify order #39133817 sell 0.01 EURUSD at 1.10363 sl: 1.10783 tp: 1.09922 -> sl: 1.10783 tp: 1.09885
0	10:31:44.706	'1809640': order #39133817 sell 0.01 EURUSD at 1.10363 was modified -> sl: 1.10783 tp: 1.09885
0	10:43:53.349	'1809640': modify order #39133724 sell 0.01 EURUSD at 1.10345 sl: 1.10779 tp: 1.09886 -> sl: 1.10779 tp: 1.09875
0	10:43:54.489	'1809640': order #39133724 sell 0.01 EURUSD at 1.10345 was modified -> sl: 1.10779 tp: 1.09875
0	10:43:54.489	'1809640': modify order #39133817 sell 0.01 EURUSD at 1.10363 sl: 1.10783 tp: 1.09885 -> sl: 1.10783 tp: 1.09875
0	10:43:55.922	'1809640': order #39133817 sell 0.01 EURUSD at 1.10363 was modified -> sl: 1.10783 tp: 1.09875
0	10:45:00.908	'1809640': modify order #39133724 sell 0.01 EURUSD at 1.10345 sl: 1.10779 tp: 1.09875 -> sl: 1.10779 tp: 1.09856
0	10:45:01.395	'1809640': order #39133724 sell 0.01 EURUSD at 1.10345 was modified -> sl: 1.10779 tp: 1.09856
0	10:45:01.557	'1809640': modify order #39133817 sell 0.01 EURUSD at 1.10363 sl: 1.10783 tp: 1.09875 -> sl: 1.10783 tp: 1.09856
0	10:45:03.152	'1809640': order #39133817 sell 0.01 EURUSD at 1.10363 was modified -> sl: 1.10783 tp: 1.09856
0	10:46:11.626	'1809640': modify order #39133724 sell 0.01 EURUSD at 1.10345 sl: 1.10779 tp: 1.09856 -> sl: 1.10779 tp: 1.09855
0	10:46:12.602	'1809640': order #39133724 sell 0.01 EURUSD at 1.10345 was modified -> sl: 1.10779 tp: 1.09855
0	10:46:12.602	'1809640': modify order #39133817 sell 0.01 EURUSD at 1.10363 sl: 1.10783 tp: 1.09856 -> sl: 1.10783 tp: 1.09855
0	10:46:13.190	'1809640': order #39133817 sell 0.01 EURUSD at 1.10363 was modified -> sl: 1.10783 tp: 1.09855
0	10:47:48.493	'1809640': modify order #39114306 sell 0.01 EURUSD at 1.10934 sl: 1.11356 tp: 1.09844 -> sl: 1.11356 tp: 1.09827
0	10:47:50.086	'1809640': order #39114306 sell 0.01 EURUSD at 1.10934 was modified -> sl: 1.11356 tp: 1.09827
0	10:47:50.086	'1809640': modify order #39115975 sell 0.01 EURUSD at 1.10907 sl: 1.11329 tp: 1.09843 -> sl: 1.11329 tp: 1.09826
0	10:47:51.614	'1809640': order #39115975 sell 0.01 EURUSD at 1.10907 was modified -> sl: 1.11329 tp: 1.09826
0	10:47:51.614	'1809640': modify order #39132757 sell 0.01 EURUSD at 1.10576 sl: 1.10996 tp: 1.09843 -> sl: 1.10996 tp: 1.09828
0	10:47:53.045	'1809640': order #39132757 sell 0.01 EURUSD at 1.10576 was modified -> sl: 1.10996 tp: 1.09828
0	10:47:53.045	'1809640': modify order #39133166 sell 0.01 EURUSD at 1.10406 sl: 1.10821 tp: 1.09843 -> sl: 1.10821 tp: 1.09829
0	10:47:55.056	'1809640': order #39133166 sell 0.01 EURUSD at 1.10406 was modified -> sl: 1.10821 tp: 1.09829
0	10:47:55.121	'1809640': modify order #39133471 sell 0.01 EURUSD at 1.10317 sl: 1.10740 tp: 1.09843 -> sl: 1.10740 tp: 1.09827
0	10:47:55.641	'1809640': order #39133471 sell 0.01 EURUSD at 1.10317 was modified -> sl: 1.10740 tp: 1.09827
0	10:47:57.422	'1809640': modify order #39133724 sell 0.01 EURUSD at 1.10345 sl: 1.10779 tp: 1.09855 -> sl: 1.10779 tp: 1.09826
0	10:47:58.397	'1809640': order #39133724 sell 0.01 EURUSD at 1.10345 was modified -> sl: 1.10779 tp: 1.09826
0	10:47:58.498	'1809640': modify order #39133817 sell 0.01 EURUSD at 1.10363 sl: 1.10783 tp: 1.09855 -> sl: 1.10783 tp: 1.09826
0	10:47:59.148	'1809640': order #39133817 sell 0.01 EURUSD at 1.10363 was modified -> sl: 1.10783 tp: 1.09826
0	10:59:04.205	'1809640': modify order #39132757 sell 0.01 EURUSD at 1.10576 sl: 1.10996 tp: 1.09828 -> sl: 1.10996 tp: 1.09827
0	10:59:04.631	'1809640': order #39132757 sell 0.01 EURUSD at 1.10576 was modified -> sl: 1.10996 tp: 1.09827
0	10:59:04.732	'1809640': modify order #39133166 sell 0.01 EURUSD at 1.10406 sl: 1.10821 tp: 1.09829 -> sl: 1.10821 tp: 1.09827
0	10:59:05.085	'1809640': order #39133166 sell 0.01 EURUSD at 1.10406 was modified -> sl: 1.10821 tp: 1.09827
0	11:00:36.335	'1809640': order sell market 0.01 EURUSD sl: 1.10727 tp: 1.10121
0	11:00:38.938	'1809640': order was opened : #39134876 sell 0.01 EURUSD at 1.10306 sl: 1.10727 tp: 1.10121
0	11:05:18.076	'1809640': modify order #39134876 sell 0.01 EURUSD at 1.10306 sl: 1.10727 tp: 1.10121 -> sl: 1.10727 tp: 1.10110
0	11:05:32.215	'1809640': order #39134876 sell 0.01 EURUSD at 1.10306 was modified -> sl: 1.10727 tp: 1.10110
0	11:10:33.814	'1809640': modify order #39134876 sell 0.01 EURUSD at 1.10306 sl: 1.10727 tp: 1.10110 -> sl: 1.10727 tp: 1.10100
0	11:10:34.330	'1809640': order #39134876 sell 0.01 EURUSD at 1.10306 was modified -> sl: 1.10727 tp: 1.10100
0	11:16:15.861	'1809640': modify order #39134876 sell 0.01 EURUSD at 1.10306 sl: 1.10727 tp: 1.10100 -> sl: 1.10727 tp: 1.10098
0	11:16:20.837	'1809640': order #39134876 sell 0.01 EURUSD at 1.10306 was modified -> sl: 1.10727 tp: 1.10098
0	11:16:38.560	'1809640': modify order #39134876 sell 0.01 EURUSD at 1.10306 sl: 1.10727 tp: 1.10098 -> sl: 1.10727 tp: 1.10097
0	11:16:39.310	'1809640': order #39134876 sell 0.01 EURUSD at 1.10306 was modified -> sl: 1.10727 tp: 1.10097
0	11:21:29.595	'1809640': modify order #39134876 sell 0.01 EURUSD at 1.10306 sl: 1.10727 tp: 1.10097 -> sl: 1.10727 tp: 1.10095
0	11:21:30.002	'1809640': order #39134876 sell 0.01 EURUSD at 1.10306 was modified -> sl: 1.10727 tp: 1.10095
0	11:22:49.346	'1809640': modify order #39134876 sell 0.01 EURUSD at 1.10306 sl: 1.10727 tp: 1.10095 -> sl: 1.10727 tp: 1.10094
0	11:22:50.089	'1809640': order #39134876 sell 0.01 EURUSD at 1.10306 was modified -> sl: 1.10727 tp: 1.10094
0	11:25:18.553	'1809640': modify order #39134876 sell 0.01 EURUSD at 1.10306 sl: 1.10727 tp: 1.10094 -> sl: 1.10727 tp: 1.10089
0	11:25:21.351	'1809640': order #39134876 sell 0.01 EURUSD at 1.10306 was modified -> sl: 1.10727 tp: 1.10089
0	11:30:22.377	'1809640': modify order #39134876 sell 0.01 EURUSD at 1.10306 sl: 1.10727 tp: 1.10089 -> sl: 1.10727 tp: 1.10084
0	11:30:23.030	'1809640': order #39134876 sell 0.01 EURUSD at 1.10306 was modified -> sl: 1.10727 tp: 1.10084
0	11:40:38.109	'1809640': modify order #39114306 sell 0.01 EURUSD at 1.10934 sl: 1.11356 tp: 1.09827 -> sl: 1.11356 tp: 1.09798
0	11:40:39.212	'1809640': order #39114306 sell 0.01 EURUSD at 1.10934 was modified -> sl: 1.11356 tp: 1.09798
0	11:40:39.212	'1809640': modify order #39115975 sell 0.01 EURUSD at 1.10907 sl: 1.11329 tp: 1.09826 -> sl: 1.11329 tp: 1.09797
0	11:40:41.199	'1809640': order #39115975 sell 0.01 EURUSD at 1.10907 was modified -> sl: 1.11329 tp: 1.09797
0	11:40:41.199	'1809640': modify order #39132757 sell 0.01 EURUSD at 1.10576 sl: 1.10996 tp: 1.09827 -> sl: 1.10996 tp: 1.09798
0	11:40:42.493	'1809640': order #39132757 sell 0.01 EURUSD at 1.10576 was modified -> sl: 1.10996 tp: 1.09798
0	11:40:42.688	'1809640': modify order #39133166 sell 0.01 EURUSD at 1.10406 sl: 1.10821 tp: 1.09827 -> sl: 1.10821 tp: 1.09797
0	11:40:43.796	'1809640': order #39133166 sell 0.01 EURUSD at 1.10406 was modified -> sl: 1.10821 tp: 1.09797
0	11:40:44.213	'1809640': modify order #39133471 sell 0.01 EURUSD at 1.10317 sl: 1.10740 tp: 1.09827 -> sl: 1.10740 tp: 1.09798
0	11:40:45.831	'1809640': order #39133471 sell 0.01 EURUSD at 1.10317 was modified -> sl: 1.10740 tp: 1.09798
0	11:40:46.702	'1809640': modify order #39133724 sell 0.01 EURUSD at 1.10345 sl: 1.10779 tp: 1.09826 -> sl: 1.10779 tp: 1.09796
0	11:40:47.123	'1809640': order #39133724 sell 0.01 EURUSD at 1.10345 was modified -> sl: 1.10779 tp: 1.09796
0	11:40:47.190	'1809640': modify order #39133817 sell 0.01 EURUSD at 1.10363 sl: 1.10783 tp: 1.09826 -> sl: 1.10783 tp: 1.09798
0	11:40:49.263	'1809640': order #39133817 sell 0.01 EURUSD at 1.10363 was modified -> sl: 1.10783 tp: 1.09798
0	11:43:15.119	'1809640': modify order #39114306 sell 0.01 EURUSD at 1.10934 sl: 1.11356 tp: 1.09798 -> sl: 1.11356 tp: 1.09796
0	11:43:15.846	'1809640': order #39114306 sell 0.01 EURUSD at 1.10934 was modified -> sl: 1.11356 tp: 1.09796
0	11:43:15.877	'1809640': modify order #39115975 sell 0.01 EURUSD at 1.10907 sl: 1.11329 tp: 1.09797 -> sl: 1.11329 tp: 1.09796
0	11:43:16.362	'1809640': order #39115975 sell 0.01 EURUSD at 1.10907 was modified -> sl: 1.11329 tp: 1.09796
0	11:43:16.518	'1809640': modify order #39132757 sell 0.01 EURUSD at 1.10576 sl: 1.10996 tp: 1.09798 -> sl: 1.10996 tp: 1.09796
0	11:43:17.162	'1809640': order #39132757 sell 0.01 EURUSD at 1.10576 was modified -> sl: 1.10996 tp: 1.09796
0	11:43:17.357	'1809640': modify order #39133166 sell 0.01 EURUSD at 1.10406 sl: 1.10821 tp: 1.09797 -> sl: 1.10821 tp: 1.09796
0	11:43:17.973	'1809640': order #39133166 sell 0.01 EURUSD at 1.10406 was modified -> sl: 1.10821 tp: 1.09796
0	11:43:18.139	'1809640': modify order #39133471 sell 0.01 EURUSD at 1.10317 sl: 1.10740 tp: 1.09798 -> sl: 1.10740 tp: 1.09796
0	11:43:18.659	'1809640': order #39133471 sell 0.01 EURUSD at 1.10317 was modified -> sl: 1.10740 tp: 1.09796
0	11:43:20.511	'1809640': modify order #39133817 sell 0.01 EURUSD at 1.10363 sl: 1.10783 tp: 1.09798 -> sl: 1.10783 tp: 1.09796
0	11:43:21.065	'1809640': order #39133817 sell 0.01 EURUSD at 1.10363 was modified -> sl: 1.10783 tp: 1.09796
0	11:44:33.318	'1809640': modify order #39114306 sell 0.01 EURUSD at 1.10934 sl: 1.11356 tp: 1.09796 -> sl: 1.11356 tp: 1.09792
0	11:44:33.963	'1809640': order #39114306 sell 0.01 EURUSD at 1.10934 was modified -> sl: 1.11356 tp: 1.09792
0	11:44:33.963	'1809640': modify order #39115975 sell 0.01 EURUSD at 1.10907 sl: 1.11329 tp: 1.09796 -> sl: 1.11329 tp: 1.09792
0	11:44:34.482	'1809640': order #39115975 sell 0.01 EURUSD at 1.10907 was modified -> sl: 1.11329 tp: 1.09792
0	11:44:34.482	'1809640': modify order #39132757 sell 0.01 EURUSD at 1.10576 sl: 1.10996 tp: 1.09796 -> sl: 1.10996 tp: 1.09791
0	11:44:35.622	'1809640': order #39132757 sell 0.01 EURUSD at 1.10576 was modified -> sl: 1.10996 tp: 1.09791
0	11:44:35.622	'1809640': modify order #39133166 sell 0.01 EURUSD at 1.10406 sl: 1.10821 tp: 1.09796 -> sl: 1.10821 tp: 1.09791
0	11:44:36.307	'1809640': order #39133166 sell 0.01 EURUSD at 1.10406 was modified -> sl: 1.10821 tp: 1.09791
0	11:44:36.307	'1809640': modify order #39133471 sell 0.01 EURUSD at 1.10317 sl: 1.10740 tp: 1.09796 -> sl: 1.10740 tp: 1.09792
0	11:44:37.787	'1809640': order #39133471 sell 0.01 EURUSD at 1.10317 was modified -> sl: 1.10740 tp: 1.09792
0	11:44:37.787	'1809640': modify order #39133724 sell 0.01 EURUSD at 1.10345 sl: 1.10779 tp: 1.09796 -> sl: 1.10779 tp: 1.09790
0	11:44:38.144	'1809640': order #39133724 sell 0.01 EURUSD at 1.10345 was modified -> sl: 1.10779 tp: 1.09790
0	11:44:38.144	'1809640': modify order #39133817 sell 0.01 EURUSD at 1.10363 sl: 1.10783 tp: 1.09796 -> sl: 1.10783 tp: 1.09790
0	11:44:38.858	'1809640': order #39133817 sell 0.01 EURUSD at 1.10363 was modified -> sl: 1.10783 tp: 1.09790
0	11:46:52.360	'1809640': modify order #39114306 sell 0.01 EURUSD at 1.10934 sl: 1.11356 tp: 1.09792 -> sl: 1.11356 tp: 1.09780
0	11:46:54.273	'1809640': order #39114306 sell 0.01 EURUSD at 1.10934 was modified -> sl: 1.11356 tp: 1.09780
0	11:46:55.960	'1809640': modify order #39115975 sell 0.01 EURUSD at 1.10907 sl: 1.11329 tp: 1.09792 -> sl: 1.11329 tp: 1.09778
0	11:46:56.252	'1809640': order #39115975 sell 0.01 EURUSD at 1.10907 was modified -> sl: 1.11329 tp: 1.09778
0	11:46:56.252	'1809640': modify order #39132757 sell 0.01 EURUSD at 1.10576 sl: 1.10996 tp: 1.09791 -> sl: 1.10996 tp: 1.09778
0	11:46:57.230	'1809640': order #39132757 sell 0.01 EURUSD at 1.10576 was modified -> sl: 1.10996 tp: 1.09778
0	11:46:57.230	'1809640': modify order #39133166 sell 0.01 EURUSD at 1.10406 sl: 1.10821 tp: 1.09791 -> sl: 1.10821 tp: 1.09778
0	11:46:59.534	'1809640': order #39133166 sell 0.01 EURUSD at 1.10406 was modified -> sl: 1.10821 tp: 1.09778
0	11:46:59.534	'1809640': modify order #39133471 sell 0.01 EURUSD at 1.10317 sl: 1.10740 tp: 1.09792 -> sl: 1.10740 tp: 1.09778
0	11:47:00.961	'1809640': order #39133471 sell 0.01 EURUSD at 1.10317 was modified -> sl: 1.10740 tp: 1.09778
0	11:47:00.961	'1809640': modify order #39133724 sell 0.01 EURUSD at 1.10345 sl: 1.10779 tp: 1.09790 -> sl: 1.10779 tp: 1.09778
0	11:47:02.457	'1809640': order #39133724 sell 0.01 EURUSD at 1.10345 was modified -> sl: 1.10779 tp: 1.09778
0	11:47:02.457	'1809640': modify order #39133817 sell 0.01 EURUSD at 1.10363 sl: 1.10783 tp: 1.09790 -> sl: 1.10783 tp: 1.09778
0	11:47:03.434	'1809640': order #39133817 sell 0.01 EURUSD at 1.10363 was modified -> sl: 1.10783 tp: 1.09778
0	11:48:30.676	'1809640': modify order #39133639 sell 0.01 EURUSD at 1.10320 sl: 1.10740 tp: 1.10141 -> sl: 1.10740 tp: 1.10140
0	11:48:32.043	'1809640': order #39133639 sell 0.01 EURUSD at 1.10320 was modified -> sl: 1.10740 tp: 1.10140
0	11:51:25.622	'1809640': modify order #39133639 sell 0.01 EURUSD at 1.10320 sl: 1.10740 tp: 1.10140 -> sl: 1.10740 tp: 1.10137
0	11:51:26.055	'1809640': order #39133639 sell 0.01 EURUSD at 1.10320 was modified -> sl: 1.10740 tp: 1.10137
0	12:00:50.090	'1809640': order sell market 0.01 EURUSD sl: 1.10708 tp: 1.09848
0	12:00:50.597	'1809640': order was opened : #39136356 sell 0.01 EURUSD at 1.10288 sl: 1.10708 tp: 1.09848
0	12:01:15.678	'1809640': modify order #39136356 sell 0.01 EURUSD at 1.10288 sl: 1.10708 tp: 1.09848 -> sl: 1.10708 tp: 1.09847
0	12:01:19.915	'1809640': order #39136356 sell 0.01 EURUSD at 1.10288 was modified -> sl: 1.10708 tp: 1.09847
0	12:01:28.025	'1809640': modify order #39136356 sell 0.01 EURUSD at 1.10288 sl: 1.10708 tp: 1.09847 -> sl: 1.10708 tp: 1.09846
0	12:01:28.451	'1809640': order #39136356 sell 0.01 EURUSD at 1.10288 was modified -> sl: 1.10708 tp: 1.09846
0	12:03:57.348	'1809640': modify order #39136356 sell 0.01 EURUSD at 1.10288 sl: 1.10708 tp: 1.09846 -> sl: 1.10708 tp: 1.09836
0	12:04:00.433	'1809640': order #39136356 sell 0.01 EURUSD at 1.10288 was modified -> sl: 1.10708 tp: 1.09836
0	12:05:02.098	'1809640': modify order #39136356 sell 0.01 EURUSD at 1.10288 sl: 1.10708 tp: 1.09836 -> sl: 1.10708 tp: 1.09829
0	12:05:02.686	'1809640': order #39136356 sell 0.01 EURUSD at 1.10288 was modified -> sl: 1.10708 tp: 1.09829
0	12:08:17.461	'1809640': modify order #39136356 sell 0.01 EURUSD at 1.10288 sl: 1.10708 tp: 1.09829 -> sl: 1.10708 tp: 1.09827
0	12:08:20.476	'1809640': order #39136356 sell 0.01 EURUSD at 1.10288 was modified -> sl: 1.10708 tp: 1.09827
0	12:09:33.849	'1809640': modify order #39136356 sell 0.01 EURUSD at 1.10288 sl: 1.10708 tp: 1.09827 -> sl: 1.10708 tp: 1.09816
0	12:09:34.851	'1809640': order #39136356 sell 0.01 EURUSD at 1.10288 was modified -> sl: 1.10708 tp: 1.09816
0	12:11:30.918	'1809640': modify order #39136356 sell 0.01 EURUSD at 1.10288 sl: 1.10708 tp: 1.09816 -> sl: 1.10708 tp: 1.09805
0	12:11:31.960	'1809640': order #39136356 sell 0.01 EURUSD at 1.10288 was modified -> sl: 1.10708 tp: 1.09805
0	12:18:09.805	'1809640': modify order #39136356 sell 0.01 EURUSD at 1.10288 sl: 1.10708 tp: 1.09805 -> sl: 1.10708 tp: 1.09804
0	12:18:21.541	'1809640': order #39136356 sell 0.01 EURUSD at 1.10288 was modified -> sl: 1.10708 tp: 1.09804
0	13:01:18.845	'1809640': order sell market 0.01 EURUSD sl: 1.10752 tp: 1.09892
0	13:01:24.586	'1809640': order was opened : #39137964 sell 0.01 EURUSD at 1.10338 sl: 1.10752 tp: 1.09892
0	13:04:57.127	'1809640': modify order #39137964 sell 0.01 EURUSD at 1.10338 sl: 1.10752 tp: 1.09892 -> sl: 1.10752 tp: 1.09887
0	13:04:57.561	'1809640': order #39137964 sell 0.01 EURUSD at 1.10338 was modified -> sl: 1.10752 tp: 1.09887
0	13:05:14.274	'1809640': modify order #39137964 sell 0.01 EURUSD at 1.10338 sl: 1.10752 tp: 1.09887 -> sl: 1.10752 tp: 1.09877
0	13:05:14.635	'1809640': order #39137964 sell 0.01 EURUSD at 1.10338 was modified -> sl: 1.10752 tp: 1.09877
0	13:09:35.399	'1809640': modify order #39137964 sell 0.01 EURUSD at 1.10338 sl: 1.10752 tp: 1.09877 -> sl: 1.10752 tp: 1.09860
0	13:09:35.805	'1809640': order #39137964 sell 0.01 EURUSD at 1.10338 was modified -> sl: 1.10752 tp: 1.09860
0	13:11:09.489	'1809640': modify order #39137964 sell 0.01 EURUSD at 1.10338 sl: 1.10752 tp: 1.09860 -> sl: 1.10752 tp: 1.09842
0	13:11:10.303	'1809640': order #39137964 sell 0.01 EURUSD at 1.10338 was modified -> sl: 1.10752 tp: 1.09842
0	14:00:42.319	'1809640': order sell market 0.01 EURUSD sl: 1.10891 tp: 1.10063
0	14:00:43.292	'1809640': order was opened : #39139394 sell 0.01 EURUSD at 1.10470 sl: 1.10891 tp: 1.10063
0	14:00:50.354	'1809640': modify order #39139394 sell 0.01 EURUSD at 1.10470 sl: 1.10891 tp: 1.10063 -> sl: 1.10891 tp: 1.10060
0	14:00:51.104	'1809640': order #39139394 sell 0.01 EURUSD at 1.10470 was modified -> sl: 1.10891 tp: 1.10060
0	14:06:58.179	'1809640': modify order #39139394 sell 0.01 EURUSD at 1.10470 sl: 1.10891 tp: 1.10060 -> sl: 1.10891 tp: 1.10059
0	14:07:00.784	'1809640': order #39139394 sell 0.01 EURUSD at 1.10470 was modified -> sl: 1.10891 tp: 1.10059
0	15:06:22.391	'1809640': order sell market 0.01 EURUSD sl: 1.10809 tp: 1.09950
0	15:06:22.743	'1809640': order was opened : #39142572 sell 0.01 EURUSD at 1.10390 sl: 1.10809 tp: 1.09950
0	15:10:55.683	'1809640': modify order #39142572 sell 0.01 EURUSD at 1.10390 sl: 1.10809 tp: 1.09950 -> sl: 1.10809 tp: 1.09938
0	15:10:56.593	'1809640': order #39142572 sell 0.01 EURUSD at 1.10390 was modified -> sl: 1.10809 tp: 1.09938
0	15:11:45.196	'1809640': modify order #39142572 sell 0.01 EURUSD at 1.10390 sl: 1.10809 tp: 1.09938 -> sl: 1.10809 tp: 1.09906
0	15:11:45.849	'1809640': order #39142572 sell 0.01 EURUSD at 1.10390 was modified -> sl: 1.10809 tp: 1.09906
0	16:01:08.186	'1809640': order buy market 0.01 EURUSD sl: 1.10139 tp: 1.11000
0	16:01:10.465	'1809640': order was opened : #39144643 buy 0.01 EURUSD at 1.10559 sl: 1.10139 tp: 1.11000
0	16:01:42.937	'1809640': modify order #39144643 buy 0.01 EURUSD at 1.10559 sl: 1.10139 tp: 1.11000 -> sl: 1.10139 tp: 1.11010
0	16:01:44.790	'1809640': order #39144643 buy 0.01 EURUSD at 1.10559 was modified -> sl: 1.10139 tp: 1.11010
0	16:13:53.513	'1809640': modify order #39144643 buy 0.01 EURUSD at 1.10559 sl: 1.10139 tp: 1.11010 -> sl: 1.10139 tp: 1.11024
0	16:13:55.147	'1809640': order #39144643 buy 0.01 EURUSD at 1.10559 was modified -> sl: 1.10139 tp: 1.11024
0	16:16:36.445	'1809640': modify order #39144643 buy 0.01 EURUSD at 1.10559 sl: 1.10139 tp: 1.11024 -> sl: 1.10139 tp: 1.11036
0	16:16:37.219	'1809640': order #39144643 buy 0.01 EURUSD at 1.10559 was modified -> sl: 1.10139 tp: 1.11036
0	16:22:22.205	'1809640': modify order #39144643 buy 0.01 EURUSD at 1.10559 sl: 1.10139 tp: 1.11036 -> sl: 1.10139 tp: 1.11049
0	16:22:22.987	'1809640': order #39144643 buy 0.01 EURUSD at 1.10559 was modified -> sl: 1.10139 tp: 1.11049
0	17:01:12.391	'1809640': order sell market 0.01 EURUSD sl: 1.10896 tp: 1.10123
0	17:01:12.911	'1809640': order was opened : #39146723 sell 0.01 EURUSD at 1.10475 sl: 1.10896 tp: 1.10123
0	17:01:17.602	'1809640': modify order #39146723 sell 0.01 EURUSD at 1.10475 sl: 1.10896 tp: 1.10123 -> sl: 1.10896 tp: 1.10122
0	17:01:18.093	'1809640': order #39146723 sell 0.01 EURUSD at 1.10475 was modified -> sl: 1.10896 tp: 1.10122
0	17:46:43.579	'1809640': modify order #39144643 buy 0.01 EURUSD at 1.10559 sl: 1.10139 tp: 1.11049 -> sl: 1.10139 tp: 1.11059
0	17:46:44.066	'1809640': order #39144643 buy 0.01 EURUSD at 1.10559 was modified -> sl: 1.10139 tp: 1.11059
0	18:00:40.522	'1809640': order sell market 0.01 EURUSD sl: 1.10959 tp: 1.10424
0	18:00:42.315	'1809640': order was opened : #39147808 sell 0.01 EURUSD at 1.10538 sl: 1.10959 tp: 1.10424
0	18:00:47.663	'1809640': modify order #39147808 sell 0.01 EURUSD at 1.10538 sl: 1.10959 tp: 1.10424 -> sl: 1.10959 tp: 1.10423
0	18:00:48.551	'1809640': order #39147808 sell 0.01 EURUSD at 1.10538 was modified -> sl: 1.10959 tp: 1.10423
0	18:02:25.292	'1809640': modify order #39147808 sell 0.01 EURUSD at 1.10538 sl: 1.10959 tp: 1.10423 -> sl: 1.10959 tp: 1.10372
0	18:02:26.132	'1809640': order #39147808 sell 0.01 EURUSD at 1.10538 was modified -> sl: 1.10959 tp: 1.10372
0	18:20:12.573	'1809640': modify order #39147808 sell 0.01 EURUSD at 1.10538 sl: 1.10959 tp: 1.10372 -> sl: 1.10959 tp: 1.10370
0	18:20:13.015	'1809640': order #39147808 sell 0.01 EURUSD at 1.10538 was modified -> sl: 1.10959 tp: 1.10370
0	18:32:11.328	'1809640': modify order #39147808 sell 0.01 EURUSD at 1.10538 sl: 1.10959 tp: 1.10370 -> sl: 1.10959 tp: 1.10360
0	18:32:14.351	'1809640': order #39147808 sell 0.01 EURUSD at 1.10538 was modified -> sl: 1.10959 tp: 1.10360
0	18:35:12.366	'1809640': modify order #39147808 sell 0.01 EURUSD at 1.10538 sl: 1.10959 tp: 1.10360 -> sl: 1.10959 tp: 1.10319
0	18:35:12.796	'1809640': order #39147808 sell 0.01 EURUSD at 1.10538 was modified -> sl: 1.10959 tp: 1.10319
0	18:38:33.196	'1809640': modify order #39147808 sell 0.01 EURUSD at 1.10538 sl: 1.10959 tp: 1.10319 -> sl: 1.10959 tp: 1.10300
0	18:38:33.578	'1809640': order #39147808 sell 0.01 EURUSD at 1.10538 was modified -> sl: 1.10959 tp: 1.10300
0	18:58:20.102	'1809640': modify order #39147808 sell 0.01 EURUSD at 1.10538 sl: 1.10959 tp: 1.10300 -> sl: 1.10959 tp: 1.10257
0	18:58:20.784	'1809640': order #39147808 sell 0.01 EURUSD at 1.10538 was modified -> sl: 1.10959 tp: 1.10257
0	19:00:22.110	'1809640': order sell market 0.01 EURUSD sl: 1.10850 tp: 1.10165
0	19:00:22.487	'1809640': order was opened : #39148864 sell 0.01 EURUSD at 1.10429 sl: 1.10850 tp: 1.10165
0	19:00:26.364	'1809640': modify order #39147808 sell 0.01 EURUSD at 1.10538 sl: 1.10959 tp: 1.10257 -> sl: 1.10959 tp: 1.10191
0	19:00:26.896	'1809640': order #39147808 sell 0.01 EURUSD at 1.10538 was modified -> sl: 1.10959 tp: 1.10191
0	19:00:27.094	'1809640': modify order #39148864 sell 0.01 EURUSD at 1.10429 sl: 1.10850 tp: 1.10165 -> sl: 1.10850 tp: 1.10164
0	19:00:27.419	'1809640': order #39148864 sell 0.01 EURUSD at 1.10429 was modified -> sl: 1.10850 tp: 1.10164
0	20:01:33.236	'1809640': order buy market 0.01 EURUSD sl: 1.10172 tp: 1.10770
0	20:01:33.949	'1809640': order was opened : #39149785 buy 0.01 EURUSD at 1.10594 sl: 1.10172 tp: 1.10770
0	20:06:27.467	'1809640': modify order #39149785 buy 0.01 EURUSD at 1.10594 sl: 1.10172 tp: 1.10770 -> sl: 1.10172 tp: 1.10775
0	20:06:27.926	'1809640': order #39149785 buy 0.01 EURUSD at 1.10594 was modified -> sl: 1.10172 tp: 1.10775
0	20:08:06.849	'1809640': modify order #39149785 buy 0.01 EURUSD at 1.10594 sl: 1.10172 tp: 1.10775 -> sl: 1.10172 tp: 1.10783
0	20:08:07.498	'1809640': order #39149785 buy 0.01 EURUSD at 1.10594 was modified -> sl: 1.10172 tp: 1.10783
0	20:16:57.576	'1809640': modify order #39149785 buy 0.01 EURUSD at 1.10594 sl: 1.10172 tp: 1.10783 -> sl: 1.10172 tp: 1.10789
0	20:16:57.901	'1809640': order #39149785 buy 0.01 EURUSD at 1.10594 was modified -> sl: 1.10172 tp: 1.10789
0	20:17:10.964	'1809640': modify order #39149785 buy 0.01 EURUSD at 1.10594 sl: 1.10172 tp: 1.10789 -> sl: 1.10172 tp: 1.10819
0	20:17:11.422	'1809640': order #39149785 buy 0.01 EURUSD at 1.10594 was modified -> sl: 1.10172 tp: 1.10819
0	20:19:03.566	'1809640': modify order #39149785 buy 0.01 EURUSD at 1.10594 sl: 1.10172 tp: 1.10819 -> sl: 1.10172 tp: 1.10838
0	20:19:04.807	'1809640': order #39149785 buy 0.01 EURUSD at 1.10594 was modified -> sl: 1.10172 tp: 1.10838
0	20:59:19.529	'1809640': modify order #39144643 buy 0.01 EURUSD at 1.10559 sl: 1.10139 tp: 1.11059 -> sl: 1.10139 tp: 1.11063
0	20:59:20.767	'1809640': order #39144643 buy 0.01 EURUSD at 1.10559 was modified -> sl: 1.10139 tp: 1.11063
0	20:59:20.827	'1809640': modify order #39149785 buy 0.01 EURUSD at 1.10594 sl: 1.10172 tp: 1.10838 -> sl: 1.10172 tp: 1.10856
0	20:59:21.253	'1809640': order #39149785 buy 0.01 EURUSD at 1.10594 was modified -> sl: 1.10172 tp: 1.10856
0	21:14:22.217	'1809640': modify order #39144643 buy 0.01 EURUSD at 1.10559 sl: 1.10139 tp: 1.11063 -> sl: 1.10139 tp: 1.11068
0	21:14:22.676	'1809640': order #39144643 buy 0.01 EURUSD at 1.10559 was modified -> sl: 1.10139 tp: 1.11068
0	21:23:55.657	'1809640': modify order #39144643 buy 0.01 EURUSD at 1.10559 sl: 1.10139 tp: 1.11068 -> sl: 1.10139 tp: 1.11077
0	21:23:56.209	'1809640': order #39144643 buy 0.01 EURUSD at 1.10559 was modified -> sl: 1.10139 tp: 1.11077
0	21:23:56.209	'1809640': modify order #39149785 buy 0.01 EURUSD at 1.10594 sl: 1.10172 tp: 1.10856 -> sl: 1.10172 tp: 1.10869
0	21:23:56.501	'1809640': order #39149785 buy 0.01 EURUSD at 1.10594 was modified -> sl: 1.10172 tp: 1.10869
0	21:29:07.408	'1809640': modify order #39144643 buy 0.01 EURUSD at 1.10559 sl: 1.10139 tp: 1.11077 -> sl: 1.10139 tp: 1.11093
0	21:29:07.964	'1809640': order #39144643 buy 0.01 EURUSD at 1.10559 was modified -> sl: 1.10139 tp: 1.11093
0	21:29:08.126	'1809640': modify order #39149785 buy 0.01 EURUSD at 1.10594 sl: 1.10172 tp: 1.10869 -> sl: 1.10172 tp: 1.10888
0	21:29:08.942	'1809640': order #39149785 buy 0.01 EURUSD at 1.10594 was modified -> sl: 1.10172 tp: 1.10888
0	21:30:20.862	'1809640': modify order #39149785 buy 0.01 EURUSD at 1.10594 sl: 1.10172 tp: 1.10888 -> sl: 1.10172 tp: 1.10904
0	21:30:23.613	'1809640': order #39149785 buy 0.01 EURUSD at 1.10594 was modified -> sl: 1.10172 tp: 1.10904
0	22:55:21.074	'1809640': modify order #39149785 buy 0.01 EURUSD at 1.10594 sl: 1.10172 tp: 1.10904 -> sl: 1.10172 tp: 1.10912
0	22:55:21.529	'1809640': order #39149785 buy 0.01 EURUSD at 1.10594 was modified -> sl: 1.10172 tp: 1.10912
0	22:56:27.393	'1809640': modify order #39149785 buy 0.01 EURUSD at 1.10594 sl: 1.10172 tp: 1.10912 -> sl: 1.10172 tp: 1.10931
0	22:56:27.685	'1809640': order #39149785 buy 0.01 EURUSD at 1.10594 was modified -> sl: 1.10172 tp: 1.10931
0	23:15:21.625	'1809640': modify order #39144643 buy 0.01 EURUSD at 1.10559 sl: 1.10139 tp: 1.11093 -> sl: 1.10139 tp: 1.11096
0	23:15:22.080	'1809640': order #39144643 buy 0.01 EURUSD at 1.10559 was modified -> sl: 1.10139 tp: 1.11096
0	23:25:32.305	'1809640': modify order #39144643 buy 0.01 EURUSD at 1.10559 sl: 1.10139 tp: 1.11096 -> sl: 1.10139 tp: 1.11098
0	23:25:32.629	'1809640': order #39144643 buy 0.01 EURUSD at 1.10559 was modified -> sl: 1.10139 tp: 1.11098
0	23:58:44.134	'1809640': modify order #39144643 buy 0.01 EURUSD at 1.10559 sl: 1.10139 tp: 1.11098 -> sl: 1.10139 tp: 1.11099
0	23:58:44.625	'1809640': order #39144643 buy 0.01 EURUSD at 1.10559 was modified -> sl: 1.10139 tp: 1.11099
