0	01:55:45.340	'1809640': login on Tripleafx-FX-Demo through FX-Demo-01
0	01:55:59.348	'1809640': ping to current access point FX-Demo-01 is 98.62 ms
1	01:56:44.104	MQL4 Market: failed to load products
0	04:26:33.870	'1809640': modify order #44535860 buy 0.01 EURUSD at 1.08138 sl: 1.07716 tp: 1.08909 -> sl: 1.07716 tp: 1.08951
0	04:26:35.659	'1809640': order #44535860 buy 0.01 EURUSD at 1.08138 was modified -> sl: 1.07716 tp: 1.08951
0	05:09:36.676	'1809640': modify order #44535860 buy 0.01 EURUSD at 1.08138 sl: 1.07716 tp: 1.08951 -> sl: 1.07716 tp: 1.08968
0	05:09:37.260	'1809640': order #44535860 buy 0.01 EURUSD at 1.08138 was modified -> sl: 1.07716 tp: 1.08968
0	05:58:58.996	'1809640': modify order #44535860 buy 0.01 EURUSD at 1.08138 sl: 1.07716 tp: 1.08968 -> sl: 1.07716 tp: 1.08973
0	05:58:59.446	'1809640': order #44535860 buy 0.01 EURUSD at 1.08138 was modified -> sl: 1.07716 tp: 1.08973
0	06:17:01.410	'1809640': modify order #44535860 buy 0.01 EURUSD at 1.08138 sl: 1.07716 tp: 1.08973 -> sl: 1.07716 tp: 1.08979
0	06:17:01.868	'1809640': order #44535860 buy 0.01 EURUSD at 1.08138 was modified -> sl: 1.07716 tp: 1.08979
0	06:19:18.552	'1809640': modify order #44535860 buy 0.01 EURUSD at 1.08138 sl: 1.07716 tp: 1.08979 -> sl: 1.07716 tp: 1.08982
0	06:19:19.335	'1809640': order #44535860 buy 0.01 EURUSD at 1.08138 was modified -> sl: 1.07716 tp: 1.08982
0	06:22:24.346	'1809640': modify order #44535860 buy 0.01 EURUSD at 1.08138 sl: 1.07716 tp: 1.08982 -> sl: 1.07716 tp: 1.09007
0	06:22:24.735	'1809640': order #44535860 buy 0.01 EURUSD at 1.08138 was modified -> sl: 1.07716 tp: 1.09007
0	06:26:12.181	'1809640': order #44532410 sell 0.01 EURUSD at 1.08184 closed due stop-loss at price 1.08609
0	06:26:44.046	'1809640': modify order #44535860 buy 0.01 EURUSD at 1.08138 sl: 1.07716 tp: 1.09007 -> sl: 1.07716 tp: 1.09045
0	06:26:44.408	'1809640': order #44535860 buy 0.01 EURUSD at 1.08138 was modified -> sl: 1.07716 tp: 1.09045
0	06:27:13.207	'1809640': order sell market 0.01 EURUSD sl: 1.08998 tp: 1.08138
0	06:27:14.153	'1809640': order was opened : #44552046 sell 0.01 EURUSD at 1.08576 sl: 1.08998 tp: 1.08138
0	06:31:37.263	'1809640': modify order #44535860 buy 0.01 EURUSD at 1.08138 sl: 1.07716 tp: 1.09045 -> sl: 1.07716 tp: 1.09048
0	06:31:37.780	'1809640': order #44535860 buy 0.01 EURUSD at 1.08138 was modified -> sl: 1.07716 tp: 1.09048
0	06:34:04.185	'1809640': modify order #44552046 sell 0.01 EURUSD at 1.08576 sl: 1.08998 tp: 1.08138 -> sl: 1.08998 tp: 1.08126
0	06:34:04.866	'1809640': order #44552046 sell 0.01 EURUSD at 1.08576 was modified -> sl: 1.08998 tp: 1.08126
0	06:37:19.294	'1809640': modify order #44552046 sell 0.01 EURUSD at 1.08576 sl: 1.08998 tp: 1.08126 -> sl: 1.08998 tp: 1.08102
0	06:37:19.982	'1809640': order #44552046 sell 0.01 EURUSD at 1.08576 was modified -> sl: 1.08998 tp: 1.08102
0	06:53:31.010	'1809640': modify order #44535860 buy 0.01 EURUSD at 1.08138 sl: 1.07716 tp: 1.09048 -> sl: 1.07716 tp: 1.09057
0	06:53:31.436	'1809640': order #44535860 buy 0.01 EURUSD at 1.08138 was modified -> sl: 1.07716 tp: 1.09057
0	06:54:23.969	'1809640': order #44532713 sell 0.01 EURUSD at 1.08193 closed due stop-loss at price 1.08624
0	06:56:24.229	'1809640': modify order #44535860 buy 0.01 EURUSD at 1.08138 sl: 1.07716 tp: 1.09057 -> sl: 1.07716 tp: 1.09076
0	06:56:24.748	'1809640': order #44535860 buy 0.01 EURUSD at 1.08138 was modified -> sl: 1.07716 tp: 1.09076
0	06:57:44.442	'1809640': order buy market 0.01 EURUSD sl: 1.08216 tp: 0.00000
0	06:57:45.933	'1809640': order was opened : #44553050 buy 0.01 EURUSD at 1.08636 sl: 1.08216 tp: 0.00000
0	06:58:37.042	'1809640': modify order #44535860 buy 0.01 EURUSD at 1.08138 sl: 1.07716 tp: 1.09076 -> sl: 1.07716 tp: 1.09084
0	06:58:38.066	'1809640': order #44535860 buy 0.01 EURUSD at 1.08138 was modified -> sl: 1.07716 tp: 1.09084
0	06:58:38.427	'1809640': modify order #44553050 buy 0.01 EURUSD at 1.08636 sl: 1.08216 tp: 0.00000 -> sl: 1.08216 tp: 1.09023
0	06:58:39.627	'1809640': order #44553050 buy 0.01 EURUSD at 1.08636 was modified -> sl: 1.08216 tp: 1.09023
0	07:05:16.893	'1809640': modify order #44552046 sell 0.01 EURUSD at 1.08576 sl: 1.08998 tp: 1.08102 -> sl: 1.08998 tp: 1.08100
0	07:05:17.379	'1809640': order #44552046 sell 0.01 EURUSD at 1.08576 was modified -> sl: 1.08998 tp: 1.08100
0	07:19:22.608	'1809640': modify order #44535860 buy 0.01 EURUSD at 1.08138 sl: 1.07716 tp: 1.09084 -> sl: 1.07716 tp: 1.09088
0	07:19:23.134	'1809640': order #44535860 buy 0.01 EURUSD at 1.08138 was modified -> sl: 1.07716 tp: 1.09088
0	07:55:46.620	'1809640': modify order #44535860 buy 0.01 EURUSD at 1.08138 sl: 1.07716 tp: 1.09088 -> sl: 1.07716 tp: 1.09107
0	07:55:47.692	'1809640': order #44535860 buy 0.01 EURUSD at 1.08138 was modified -> sl: 1.07716 tp: 1.09107
0	08:00:23.528	'1809640': modify order #44535860 buy 0.01 EURUSD at 1.08138 sl: 1.07716 tp: 1.09107 -> sl: 1.07716 tp: 1.09119
0	08:00:23.853	'1809640': order #44535860 buy 0.01 EURUSD at 1.08138 was modified -> sl: 1.07716 tp: 1.09119
0	08:11:57.378	'1809640': modify order #44552046 sell 0.01 EURUSD at 1.08576 sl: 1.08998 tp: 1.08100 -> sl: 1.08998 tp: 1.08075
0	08:11:58.291	'1809640': order #44552046 sell 0.01 EURUSD at 1.08576 was modified -> sl: 1.08998 tp: 1.08075
0	08:14:31.221	'1809640': modify order #44552046 sell 0.01 EURUSD at 1.08576 sl: 1.08998 tp: 1.08075 -> sl: 1.08998 tp: 1.08010
0	08:14:32.130	'1809640': order #44552046 sell 0.01 EURUSD at 1.08576 was modified -> sl: 1.08998 tp: 1.08010
0	08:17:32.608	'1809640': modify order #44552046 sell 0.01 EURUSD at 1.08576 sl: 1.08998 tp: 1.08010 -> sl: 1.08998 tp: 1.07930
0	08:17:33.350	'1809640': order #44552046 sell 0.01 EURUSD at 1.08576 was modified -> sl: 1.08998 tp: 1.07930
0	08:19:29.803	'1809640': modify order #44552046 sell 0.01 EURUSD at 1.08576 sl: 1.08998 tp: 1.07930 -> sl: 1.08998 tp: 1.07894
0	08:19:30.549	'1809640': order #44552046 sell 0.01 EURUSD at 1.08576 was modified -> sl: 1.08998 tp: 1.07894
0	08:22:46.442	'1809640': modify order #44552046 sell 0.01 EURUSD at 1.08576 sl: 1.08998 tp: 1.07894 -> sl: 1.08998 tp: 1.07860
0	08:22:46.962	'1809640': order #44552046 sell 0.01 EURUSD at 1.08576 was modified -> sl: 1.08998 tp: 1.07860
0	08:23:38.047	'1809640': order #44553050 buy 0.01 EURUSD at 1.08636 closed due stop-loss at price 1.08216
0	08:24:13.407	'1809640': modify order #44552046 sell 0.01 EURUSD at 1.08576 sl: 1.08998 tp: 1.07860 -> sl: 1.08998 tp: 1.07747
0	08:24:14.188	'1809640': order #44552046 sell 0.01 EURUSD at 1.08576 was modified -> sl: 1.08998 tp: 1.07747
0	08:25:02.235	'1809640': order sell market 0.01 EURUSD sl: 1.08549 tp: 0.00000
0	08:25:02.678	'1809640': order was opened : #44556178 sell 0.01 EURUSD at 1.08126 sl: 1.08549 tp: 0.00000
0	08:27:13.759	'1809640': modify order #44552046 sell 0.01 EURUSD at 1.08576 sl: 1.08998 tp: 1.07747 -> sl: 1.08998 tp: 1.07657
0	08:27:14.219	'1809640': order #44552046 sell 0.01 EURUSD at 1.08576 was modified -> sl: 1.08998 tp: 1.07657
0	08:27:14.219	'1809640': modify order #44556178 sell 0.01 EURUSD at 1.08126 sl: 1.08549 tp: 0.00000 -> sl: 1.08549 tp: 1.07718
0	08:27:14.736	'1809640': order #44556178 sell 0.01 EURUSD at 1.08126 was modified -> sl: 1.08549 tp: 1.07718
0	08:29:04.972	'1809640': modify order #44499408 sell 0.01 EURUSD at 1.09088 sl: 1.09535 tp: 1.07452 -> sl: 1.09535 tp: 1.07417
0	08:29:05.427	'1809640': order #44499408 sell 0.01 EURUSD at 1.09088 was modified -> sl: 1.09535 tp: 1.07417
0	08:44:54.835	'1809640': modify order #44552046 sell 0.01 EURUSD at 1.08576 sl: 1.08998 tp: 1.07657 -> sl: 1.08998 tp: 1.07641
0	08:44:55.392	'1809640': order #44552046 sell 0.01 EURUSD at 1.08576 was modified -> sl: 1.08998 tp: 1.07641
0	08:48:08.174	'1809640': modify order #44499408 sell 0.01 EURUSD at 1.09088 sl: 1.09535 tp: 1.07417 -> sl: 1.09535 tp: 1.07384
0	08:48:08.923	'1809640': order #44499408 sell 0.01 EURUSD at 1.09088 was modified -> sl: 1.09535 tp: 1.07384
0	08:49:46.131	'1809640': modify order #44552046 sell 0.01 EURUSD at 1.08576 sl: 1.08998 tp: 1.07641 -> sl: 1.08998 tp: 1.07640
0	08:49:46.655	'1809640': order #44552046 sell 0.01 EURUSD at 1.08576 was modified -> sl: 1.08998 tp: 1.07640
0	09:01:46.926	'1809640': close order #44535860 buy 0.01 EURUSD at 1.08138 sl: 1.07716 tp: 1.09119 at price 0.00000
0	09:01:47.579	'1809640': order #44535860 buy 0.01 EURUSD at 1.08138 sl: 1.07716 tp: 1.09119 closed at price 1.08218
0	09:02:12.049	'1809640': order sell market 0.01 EURUSD sl: 1.08620 tp: 1.07759
0	09:02:12.658	'1809640': order was opened : #44558247 sell 0.01 EURUSD at 1.08202 sl: 1.08620 tp: 1.07759
0	09:04:35.248	'1809640': modify order #44558247 sell 0.01 EURUSD at 1.08202 sl: 1.08620 tp: 1.07759 -> sl: 1.08620 tp: 1.07725
0	09:04:35.637	'1809640': order #44558247 sell 0.01 EURUSD at 1.08202 was modified -> sl: 1.08620 tp: 1.07725
0	09:12:49.665	'1809640': modify order #44558247 sell 0.01 EURUSD at 1.08202 sl: 1.08620 tp: 1.07725 -> sl: 1.08620 tp: 1.07674
0	09:12:50.218	'1809640': order #44558247 sell 0.01 EURUSD at 1.08202 was modified -> sl: 1.08620 tp: 1.07674
0	09:19:18.577	'1809640': modify order #44558247 sell 0.01 EURUSD at 1.08202 sl: 1.08620 tp: 1.07674 -> sl: 1.08620 tp: 1.07671
0	09:19:19.031	'1809640': order #44558247 sell 0.01 EURUSD at 1.08202 was modified -> sl: 1.08620 tp: 1.07671
0	14:16:29.255	'1809640': modify order #44558247 sell 0.01 EURUSD at 1.08202 sl: 1.08620 tp: 1.07671 -> sl: 1.08620 tp: 1.07661
0	14:16:31.627	'1809640': order #44558247 sell 0.01 EURUSD at 1.08202 was modified -> sl: 1.08620 tp: 1.07661
0	15:10:59.735	'1809640': order #44556178 sell 0.01 EURUSD at 1.08126 closed due stop-loss at price 1.08549
0	15:11:35.381	'1809640': order #44558247 sell 0.01 EURUSD at 1.08202 closed due stop-loss at price 1.08620
0	15:12:36.535	'1809640': order buy market 0.01 EURUSD sl: 1.08175 tp: 1.08672
0	15:12:37.249	'1809640': order was opened : #44570223 buy 0.01 EURUSD at 1.08596 sl: 1.08175 tp: 1.08672
0	15:17:35.570	'1809640': modify order #44570223 buy 0.01 EURUSD at 1.08596 sl: 1.08175 tp: 1.08672 -> sl: 1.08175 tp: 1.08719
0	15:17:35.998	'1809640': order #44570223 buy 0.01 EURUSD at 1.08596 was modified -> sl: 1.08175 tp: 1.08719
0	15:18:47.778	'1809640': order buy market 0.01 EURUSD sl: 1.08217 tp: 1.09076
0	15:18:48.037	'1809640': order was opened : #44570497 buy 0.01 EURUSD at 1.08631 sl: 1.08217 tp: 1.09076
0	15:20:52.914	'1809640': modify order #44570223 buy 0.01 EURUSD at 1.08596 sl: 1.08175 tp: 1.08719 -> sl: 1.08175 tp: 1.08732
0	15:20:53.791	'1809640': order #44570223 buy 0.01 EURUSD at 1.08596 was modified -> sl: 1.08175 tp: 1.08732
0	15:23:55.754	'1809640': modify order #44570223 buy 0.01 EURUSD at 1.08596 sl: 1.08175 tp: 1.08732 -> sl: 1.08175 tp: 1.08750
0	15:24:04.497	'1809640': order #44570223 buy 0.01 EURUSD at 1.08596 was modified -> sl: 1.08175 tp: 1.08750
0	20:00:37.709	'1809640': modify order #44570497 buy 0.01 EURUSD at 1.08631 sl: 1.08217 tp: 1.09076 -> sl: 1.08217 tp: 1.09077
0	20:00:38.652	'1809640': order #44570497 buy 0.01 EURUSD at 1.08631 was modified -> sl: 1.08217 tp: 1.09077
0	20:08:08.189	'1809640': modify order #44570497 buy 0.01 EURUSD at 1.08631 sl: 1.08217 tp: 1.09077 -> sl: 1.08217 tp: 1.09079
0	20:08:09.194	'1809640': order #44570497 buy 0.01 EURUSD at 1.08631 was modified -> sl: 1.08217 tp: 1.09079
0	20:09:38.780	'1809640': modify order #44570497 buy 0.01 EURUSD at 1.08631 sl: 1.08217 tp: 1.09079 -> sl: 1.08217 tp: 1.09090
0	20:09:39.242	'1809640': order #44570497 buy 0.01 EURUSD at 1.08631 was modified -> sl: 1.08217 tp: 1.09090
0	20:10:11.757	'1809640': modify order #44570497 buy 0.01 EURUSD at 1.08631 sl: 1.08217 tp: 1.09090 -> sl: 1.08217 tp: 1.09101
0	20:10:12.294	'1809640': order #44570497 buy 0.01 EURUSD at 1.08631 was modified -> sl: 1.08217 tp: 1.09101
0	20:13:32.522	'1809640': modify order #44570497 buy 0.01 EURUSD at 1.08631 sl: 1.08217 tp: 1.09101 -> sl: 1.08217 tp: 1.09117
0	20:13:33.625	'1809640': order #44570497 buy 0.01 EURUSD at 1.08631 was modified -> sl: 1.08217 tp: 1.09117
0	20:14:40.110	'1809640': modify order #44570223 buy 0.01 EURUSD at 1.08596 sl: 1.08175 tp: 1.08750 -> sl: 1.08175 tp: 1.08759
0	20:14:40.569	'1809640': order #44570223 buy 0.01 EURUSD at 1.08596 was modified -> sl: 1.08175 tp: 1.08759
0	20:14:40.601	'1809640': modify order #44570497 buy 0.01 EURUSD at 1.08631 sl: 1.08217 tp: 1.09117 -> sl: 1.08217 tp: 1.09127
0	20:14:41.024	'1809640': order #44570497 buy 0.01 EURUSD at 1.08631 was modified -> sl: 1.08217 tp: 1.09127
0	20:15:26.179	'1809640': modify order #44570223 buy 0.01 EURUSD at 1.08596 sl: 1.08175 tp: 1.08759 -> sl: 1.08175 tp: 1.08764
0	20:15:26.601	'1809640': order #44570223 buy 0.01 EURUSD at 1.08596 was modified -> sl: 1.08175 tp: 1.08764
0	20:21:05.752	'1809640': modify order #44570223 buy 0.01 EURUSD at 1.08596 sl: 1.08175 tp: 1.08764 -> sl: 1.08175 tp: 1.08778
0	20:21:06.335	'1809640': order #44570223 buy 0.01 EURUSD at 1.08596 was modified -> sl: 1.08175 tp: 1.08778
0	20:23:51.507	'1809640': modify order #44570497 buy 0.01 EURUSD at 1.08631 sl: 1.08217 tp: 1.09127 -> sl: 1.08217 tp: 1.09178
0	20:23:52.373	'1809640': order #44570497 buy 0.01 EURUSD at 1.08631 was modified -> sl: 1.08217 tp: 1.09178
0	20:28:27.993	'1809640': modify order #44570223 buy 0.01 EURUSD at 1.08596 sl: 1.08175 tp: 1.08778 -> sl: 1.08175 tp: 1.08794
0	20:28:28.484	'1809640': order #44570223 buy 0.01 EURUSD at 1.08596 was modified -> sl: 1.08175 tp: 1.08794
