0	06:44:47.697	'1809640': close order #38737198 sell 0.01 EURUSD at 1.10530 sl: 1.10966 tp: 0.00000 at price 0.00000
0	06:44:48.865	'1809640': order #38737198 sell 0.01 EURUSD at 1.10530 sl: 1.10966 tp: 0.00000 closed at price 1.09438
0	06:45:29.157	'1809640': order sell market 0.01 EURUSD sl: 1.09824 tp: 0.00000
0	06:45:31.657	'1809640': order was opened : #38801974 sell 0.01 EURUSD at 1.09405 sl: 1.09824 tp: 0.00000
0	10:19:31.207	'1809640': close order #38740389 sell 0.01 EURUSD at 1.10399 sl: 1.10831 tp: 0.00000 at price 0.00000
0	10:19:39.720	'1809640': order #38740389 sell 0.01 EURUSD at 1.10399 sl: 1.10831 tp: 0.00000 closed at price 1.08908
0	10:20:27.256	'1809640': order sell market 0.01 EURUSD sl: 1.09300 tp: 0.00000
0	10:20:27.617	'1809640': order was opened : #38808008 sell 0.01 EURUSD at 1.08891 sl: 1.09300 tp: 0.00000
0	12:06:30.811	'1809640': close order #38742384 sell 0.01 EURUSD at 1.10164 sl: 1.10590 tp: 0.00000 at price 0.00000
0	12:06:32.207	'1809640': order #38742384 sell 0.01 EURUSD at 1.10164 sl: 1.10590 tp: 0.00000 closed at price 1.08687
0	12:07:33.811	'1809640': order sell market 0.01 EURUSD sl: 1.09097 tp: 0.00000
0	12:07:35.770	'1809640': order was opened : #38811085 sell 0.01 EURUSD at 1.08671 sl: 1.09097 tp: 0.00000
0	12:35:38.059	'1809640': close order #38742504 sell 0.01 EURUSD at 1.10130 sl: 1.10553 tp: 0.00000 at price 0.00000
0	12:35:40.802	'1809640': order #38742504 sell 0.01 EURUSD at 1.10130 sl: 1.10553 tp: 0.00000 closed at price 1.08786
0	12:36:45.220	'1809640': order sell market 0.01 EURUSD sl: 1.09265 tp: 0.00000
0	12:36:46.202	'1809640': order was opened : #38812067 sell 0.01 EURUSD at 1.08844 sl: 1.09265 tp: 0.00000
0	12:39:40.873	'1809640': close order #38742918 sell 0.01 EURUSD at 1.10075 sl: 1.10496 tp: 0.00000 at price 0.00000
0	12:39:43.420	'1809640': order #38742918 sell 0.01 EURUSD at 1.10075 sl: 1.10496 tp: 0.00000 closed at price 1.08914
0	12:40:49.890	'1809640': order sell market 0.01 EURUSD sl: 1.09338 tp: 0.00000
0	12:40:51.099	'1809640': order was opened : #38812331 sell 0.01 EURUSD at 1.08922 sl: 1.09338 tp: 0.00000
0	12:46:40.559	'1809640': close order #38775915 sell 0.01 EURUSD at 1.09694 sl: 1.10114 tp: 0.00000 at price 0.00000
0	12:46:45.092	'1809640': order #38775915 sell 0.01 EURUSD at 1.09694 sl: 1.10114 tp: 0.00000 closed at price 1.08812
0	12:49:33.622	'1809640': order sell market 0.01 EURUSD sl: 1.09133 tp: 0.00000
0	12:49:34.699	'1809640': order was opened : #38812826 sell 0.01 EURUSD at 1.08709 sl: 1.09133 tp: 0.00000
0	12:50:56.179	'1809640': close order #38775769 sell 0.01 EURUSD at 1.09681 sl: 1.10102 tp: 0.00000 at price 0.00000
0	12:50:57.612	'1809640': order #38775769 sell 0.01 EURUSD at 1.09681 sl: 1.10102 tp: 0.00000 closed at price 1.08692
0	12:53:40.681	'1809640': order sell market 0.01 EURUSD sl: 1.09068 tp: 0.00000
0	12:53:43.878	'1809640': order was opened : #38812997 sell 0.01 EURUSD at 1.08659 sl: 1.09068 tp: 0.00000
0	13:38:49.640	'1809640': close order #38780458 sell 0.01 EURUSD at 1.09675 sl: 1.10086 tp: 0.00000 at price 0.00000
0	13:39:00.077	'1809640': order #38780458 sell 0.01 EURUSD at 1.09675 sl: 1.10086 tp: 0.00000 closed at price 1.08988
0	13:39:56.181	'1809640': order sell market 0.01 EURUSD sl: 1.09383 tp: 0.00000
0	13:39:56.834	'1809640': order was opened : #38815274 sell 0.01 EURUSD at 1.08960 sl: 1.09383 tp: 0.00000
0	13:48:43.748	'1809640': order #38812997 sell 0.01 EURUSD at 1.08659 closed due stop-loss at price 1.09068
0	13:48:59.538	'1809640': order #38811085 sell 0.01 EURUSD at 1.08671 closed due stop-loss at price 1.09097
0	13:49:44.722	'1809640': order #38812826 sell 0.01 EURUSD at 1.08709 closed due stop-loss at price 1.09133
0	13:49:53.193	'1809640': order sell market 0.01 EURUSD sl: 1.09505 tp: 0.00000
0	13:49:54.889	'1809640': order was opened : #38815822 sell 0.01 EURUSD at 1.09084 sl: 1.09505 tp: 0.00000
0	13:55:37.195	'1809640': order sell market 0.04 EURUSD sl: 1.09502 tp: 0.00000
0	13:55:39.078	'1809640': order was opened : #38815988 sell 0.04 EURUSD at 1.09081 sl: 1.09502 tp: 0.00000
0	14:00:29.937	'1809640': order sell market 0.01 EURUSD sl: 1.09559 tp: 0.00000
0	14:00:32.256	'1809640': order was opened : #38816263 sell 0.01 EURUSD at 1.09131 sl: 1.09559 tp: 0.00000
0	14:06:15.828	'1809640': order #38812067 sell 0.01 EURUSD at 1.08844 closed due stop-loss at price 1.09265
0	14:06:46.920	'1809640': order sell market 0.01 EURUSD sl: 1.09655 tp: 0.00000
0	14:06:47.865	'1809640': order was opened : #38816827 sell 0.01 EURUSD at 1.09231 sl: 1.09655 tp: 0.00000
0	14:19:59.332	'1809640': close order #38776013 sell 0.01 EURUSD at 1.09661 sl: 1.10090 tp: 0.00000 at price 0.00000
0	14:19:59.656	'1809640': order #38776013 sell 0.01 EURUSD at 1.09661 sl: 1.10090 tp: 0.00000 closed at price 1.09197
0	14:20:39.183	'1809640': order sell market 0.01 EURUSD sl: 1.09600 tp: 0.00000
0	14:20:40.291	'1809640': order was opened : #38817314 sell 0.01 EURUSD at 1.09180 sl: 1.09600 tp: 0.00000
1	16:28:22.221	'1809640': connect failed [No connection]
0	16:28:51.593	'1809640': login on Tripleafx-FX-Demo through FX-Demo-01
0	16:29:06.071	'1809640': ping to current access point FX-Demo-01 is 97.21 ms
1	16:29:43.847	MQL4 Market: failed to load products
