0	02:51:52.144	'1809640': order #44667394 sell 0.01 EURUSD at 1.08836 closed due stop-loss at price 1.09256
0	02:51:56.440	'1809640': order sell market 0.01 EURUSD sl: 1.09679 tp: 1.08817
0	02:52:00.910	'1809640': order was opened : #44676032 sell 0.01 EURUSD at 1.09287 sl: 1.09679 tp: 1.08817
0	03:01:47.029	'1809640': order #44672642 buy 0.01 EURUSD at 1.09206 closed due take-profit at price 1.09338
0	03:01:50.512	'1809640': order sell market 0.01 EURUSD sl: 1.09763 tp: 1.09030
0	03:01:51.088	'1809640': order was opened : #44676270 sell 0.01 EURUSD at 1.09342 sl: 1.09763 tp: 1.09030
0	03:02:47.792	'1809640': modify order #44676270 sell 0.01 EURUSD at 1.09342 sl: 1.09763 tp: 1.09030 -> sl: 1.09763 tp: 1.09028
0	03:02:48.312	'1809640': order #44676270 sell 0.01 EURUSD at 1.09342 was modified -> sl: 1.09763 tp: 1.09028
0	03:06:40.177	'1809640': modify order #44676270 sell 0.01 EURUSD at 1.09342 sl: 1.09763 tp: 1.09028 -> sl: 1.09763 tp: 1.09021
0	03:06:40.757	'1809640': order #44676270 sell 0.01 EURUSD at 1.09342 was modified -> sl: 1.09763 tp: 1.09021
0	03:10:15.768	'1809640': modify order #44676270 sell 0.01 EURUSD at 1.09342 sl: 1.09763 tp: 1.09021 -> sl: 1.09763 tp: 1.09019
0	03:10:17.750	'1809640': order #44676270 sell 0.01 EURUSD at 1.09342 was modified -> sl: 1.09763 tp: 1.09019
0	03:12:48.474	'1809640': modify order #44676270 sell 0.01 EURUSD at 1.09342 sl: 1.09763 tp: 1.09019 -> sl: 1.09763 tp: 1.09011
0	03:12:48.925	'1809640': order #44676270 sell 0.01 EURUSD at 1.09342 was modified -> sl: 1.09763 tp: 1.09011
0	03:16:16.354	'1809640': modify order #44676270 sell 0.01 EURUSD at 1.09342 sl: 1.09763 tp: 1.09011 -> sl: 1.09763 tp: 1.09004
0	03:16:16.823	'1809640': order #44676270 sell 0.01 EURUSD at 1.09342 was modified -> sl: 1.09763 tp: 1.09004
0	07:55:12.318	'1809640': order #44662120 sell 0.01 EURUSD at 1.09083 closed due stop-loss at price 1.09502
0	08:00:30.253	'1809640': order sell market 0.01 EURUSD sl: 1.09892 tp: 1.09030
0	08:00:33.253	'1809640': order was opened : #44681221 sell 0.01 EURUSD at 1.09471 sl: 1.09892 tp: 1.09030
0	08:02:05.402	'1809640': modify order #44681221 sell 0.01 EURUSD at 1.09471 sl: 1.09892 tp: 1.09030 -> sl: 1.09892 tp: 1.09021
0	08:02:05.646	'1809640': order #44681221 sell 0.01 EURUSD at 1.09471 was modified -> sl: 1.09892 tp: 1.09021
0	08:04:30.926	'1809640': modify order #44681221 sell 0.01 EURUSD at 1.09471 sl: 1.09892 tp: 1.09021 -> sl: 1.09892 tp: 1.08978
0	08:04:31.372	'1809640': order #44681221 sell 0.01 EURUSD at 1.09471 was modified -> sl: 1.09892 tp: 1.08978
0	08:09:43.431	'1809640': modify order #44681221 sell 0.01 EURUSD at 1.09471 sl: 1.09892 tp: 1.08978 -> sl: 1.09892 tp: 1.08961
0	08:09:43.857	'1809640': order #44681221 sell 0.01 EURUSD at 1.09471 was modified -> sl: 1.09892 tp: 1.08961
0	09:19:18.104	'1809640': order #44676032 sell 0.01 EURUSD at 1.09287 closed due stop-loss at price 1.09679
0	09:19:39.680	'1809640': order buy market 0.01 EURUSD sl: 1.09240 tp: 0.00000
0	09:19:40.285	'1809640': order was opened : #44683112 buy 0.01 EURUSD at 1.09664 sl: 1.09240 tp: 0.00000
0	09:21:49.574	'1809640': modify order #44683112 buy 0.01 EURUSD at 1.09664 sl: 1.09240 tp: 0.00000 -> sl: 1.09240 tp: 1.09696
0	09:21:50.106	'1809640': order #44683112 buy 0.01 EURUSD at 1.09664 was modified -> sl: 1.09240 tp: 1.09696
0	09:29:46.854	'1809640': modify order #44683112 buy 0.01 EURUSD at 1.09664 sl: 1.09240 tp: 1.09696 -> sl: 1.09240 tp: 1.09734
0	09:29:47.459	'1809640': order #44683112 buy 0.01 EURUSD at 1.09664 was modified -> sl: 1.09240 tp: 1.09734
0	12:17:12.345	'1809640': modify order #44681221 sell 0.01 EURUSD at 1.09471 sl: 1.09892 tp: 1.08961 -> sl: 1.09892 tp: 1.08930
0	12:17:13.237	'1809640': order #44681221 sell 0.01 EURUSD at 1.09471 was modified -> sl: 1.09892 tp: 1.08930
0	12:20:50.816	'1809640': modify order #44681221 sell 0.01 EURUSD at 1.09471 sl: 1.09892 tp: 1.08930 -> sl: 1.09892 tp: 1.08892
0	12:20:51.586	'1809640': order #44681221 sell 0.01 EURUSD at 1.09471 was modified -> sl: 1.09892 tp: 1.08892
0	12:30:46.592	'1809640': modify order #44681221 sell 0.01 EURUSD at 1.09471 sl: 1.09892 tp: 1.08892 -> sl: 1.09892 tp: 1.08882
0	12:30:47.038	'1809640': order #44681221 sell 0.01 EURUSD at 1.09471 was modified -> sl: 1.09892 tp: 1.08882
