0	10:03:40.529	'1809640': modify order #43786851 sell 0.01 EURUSD at 1.06228 sl: 1.06651 tp: 1.05617 -> sl: 1.06651 tp: 1.05589
0	10:03:48.418	'1809640': order #43786851 sell 0.01 EURUSD at 1.06228 was modified -> sl: 1.06651 tp: 1.05589
0	10:03:48.453	'1809640': modify order #43786995 sell 0.01 EURUSD at 1.06208 sl: 1.06627 tp: 1.05617 -> sl: 1.06627 tp: 1.05586
0	10:03:49.234	'1809640': order #43786995 sell 0.01 EURUSD at 1.06208 was modified -> sl: 1.06627 tp: 1.05586
0	10:03:49.234	'1809640': modify order #43787239 sell 0.01 EURUSD at 1.06191 sl: 1.06605 tp: 1.05615 -> sl: 1.06605 tp: 1.05587
0	10:03:49.687	'1809640': order #43787239 sell 0.01 EURUSD at 1.06191 was modified -> sl: 1.06605 tp: 1.05587
0	10:03:49.687	'1809640': modify order #43787382 sell 0.01 EURUSD at 1.06143 sl: 1.06552 tp: 1.05615 -> sl: 1.06552 tp: 1.05587
0	10:03:49.979	'1809640': order #43787382 sell 0.01 EURUSD at 1.06143 was modified -> sl: 1.06552 tp: 1.05587
0	10:03:49.979	'1809640': modify order #43787597 sell 0.01 EURUSD at 1.06131 sl: 1.06551 tp: 1.05616 -> sl: 1.06551 tp: 1.05588
0	10:03:50.372	'1809640': order #43787597 sell 0.01 EURUSD at 1.06131 was modified -> sl: 1.06551 tp: 1.05588
0	10:03:54.578	'1809640': modify order #43788641 sell 0.01 EURUSD at 1.06275 sl: 1.06697 tp: 1.05616 -> sl: 1.06697 tp: 1.05589
0	10:03:55.000	'1809640': order #43788641 sell 0.01 EURUSD at 1.06275 was modified -> sl: 1.06697 tp: 1.05589
0	10:06:03.910	'1809640': order #43787709 sell 0.01 EURUSD at 1.06115 closed due take-profit at price 1.05961
0	10:06:03.910	'1809640': order #43788256 sell 0.01 EURUSD at 1.06191 closed due take-profit at price 1.05961
0	10:08:15.863	'1809640': modify order #43786851 sell 0.01 EURUSD at 1.06228 sl: 1.06651 tp: 1.05589 -> sl: 1.06651 tp: 1.05482
0	10:08:16.418	'1809640': order #43786851 sell 0.01 EURUSD at 1.06228 was modified -> sl: 1.06651 tp: 1.05482
0	10:08:16.447	'1809640': modify order #43786995 sell 0.01 EURUSD at 1.06208 sl: 1.06627 tp: 1.05586 -> sl: 1.06627 tp: 1.05487
0	10:08:16.613	'1809640': order #43786995 sell 0.01 EURUSD at 1.06208 was modified -> sl: 1.06627 tp: 1.05487
0	10:08:16.645	'1809640': modify order #43787239 sell 0.01 EURUSD at 1.06191 sl: 1.06605 tp: 1.05587 -> sl: 1.06605 tp: 1.05484
0	10:08:16.905	'1809640': order #43787239 sell 0.01 EURUSD at 1.06191 was modified -> sl: 1.06605 tp: 1.05484
0	10:08:17.067	'1809640': modify order #43787382 sell 0.01 EURUSD at 1.06143 sl: 1.06552 tp: 1.05587 -> sl: 1.06552 tp: 1.05487
0	10:08:17.196	'1809640': order #43787382 sell 0.01 EURUSD at 1.06143 was modified -> sl: 1.06552 tp: 1.05487
0	10:08:17.229	'1809640': modify order #43787597 sell 0.01 EURUSD at 1.06131 sl: 1.06551 tp: 1.05588 -> sl: 1.06551 tp: 1.05487
0	10:08:17.492	'1809640': order #43787597 sell 0.01 EURUSD at 1.06131 was modified -> sl: 1.06551 tp: 1.05487
0	10:08:17.557	'1809640': modify order #43788641 sell 0.01 EURUSD at 1.06275 sl: 1.06697 tp: 1.05589 -> sl: 1.06697 tp: 1.05487
0	10:08:17.978	'1809640': order #43788641 sell 0.01 EURUSD at 1.06275 was modified -> sl: 1.06697 tp: 1.05487
0	10:09:38.614	'1809640': order sell market 0.01 EURUSD sl: 1.06346 tp: 1.05486
0	10:09:39.133	'1809640': order was opened : #43864049 sell 0.01 EURUSD at 1.05927 sl: 1.06346 tp: 1.05486
0	10:12:09.984	'1809640': modify order #43786851 sell 0.01 EURUSD at 1.06228 sl: 1.06651 tp: 1.05482 -> sl: 1.06651 tp: 1.05461
0	10:12:10.636	'1809640': order #43786851 sell 0.01 EURUSD at 1.06228 was modified -> sl: 1.06651 tp: 1.05461
0	10:12:10.636	'1809640': modify order #43786995 sell 0.01 EURUSD at 1.06208 sl: 1.06627 tp: 1.05487 -> sl: 1.06627 tp: 1.05460
0	10:12:11.122	'1809640': order #43786995 sell 0.01 EURUSD at 1.06208 was modified -> sl: 1.06627 tp: 1.05460
0	10:12:11.156	'1809640': modify order #43787239 sell 0.01 EURUSD at 1.06191 sl: 1.06605 tp: 1.05484 -> sl: 1.06605 tp: 1.05460
0	10:12:11.516	'1809640': order #43787239 sell 0.01 EURUSD at 1.06191 was modified -> sl: 1.06605 tp: 1.05460
0	10:12:11.516	'1809640': modify order #43787382 sell 0.01 EURUSD at 1.06143 sl: 1.06552 tp: 1.05487 -> sl: 1.06552 tp: 1.05461
0	10:12:11.970	'1809640': order #43787382 sell 0.01 EURUSD at 1.06143 was modified -> sl: 1.06552 tp: 1.05461
0	10:12:11.970	'1809640': modify order #43787597 sell 0.01 EURUSD at 1.06131 sl: 1.06551 tp: 1.05487 -> sl: 1.06551 tp: 1.05462
0	10:12:12.295	'1809640': order #43787597 sell 0.01 EURUSD at 1.06131 was modified -> sl: 1.06551 tp: 1.05462
0	10:12:12.297	'1809640': modify order #43788641 sell 0.01 EURUSD at 1.06275 sl: 1.06697 tp: 1.05487 -> sl: 1.06697 tp: 1.05463
0	10:12:12.750	'1809640': order #43788641 sell 0.01 EURUSD at 1.06275 was modified -> sl: 1.06697 tp: 1.05463
0	10:12:12.781	'1809640': modify order #43864049 sell 0.01 EURUSD at 1.05927 sl: 1.06346 tp: 1.05486 -> sl: 1.06346 tp: 1.05462
0	10:12:13.142	'1809640': order #43864049 sell 0.01 EURUSD at 1.05927 was modified -> sl: 1.06346 tp: 1.05462
0	10:16:21.617	'1809640': order sell market 0.01 EURUSD sl: 1.06278 tp: 1.05702
0	10:16:22.267	'1809640': order was opened : #43864454 sell 0.01 EURUSD at 1.05861 sl: 1.06278 tp: 1.05702
0	10:18:40.817	'1809640': modify order #43786851 sell 0.01 EURUSD at 1.06228 sl: 1.06651 tp: 1.05461 -> sl: 1.06651 tp: 1.05428
0	10:18:41.596	'1809640': order #43786851 sell 0.01 EURUSD at 1.06228 was modified -> sl: 1.06651 tp: 1.05428
0	10:18:41.596	'1809640': modify order #43786995 sell 0.01 EURUSD at 1.06208 sl: 1.06627 tp: 1.05460 -> sl: 1.06627 tp: 1.05426
0	10:18:41.891	'1809640': order #43786995 sell 0.01 EURUSD at 1.06208 was modified -> sl: 1.06627 tp: 1.05426
0	10:18:41.891	'1809640': modify order #43787239 sell 0.01 EURUSD at 1.06191 sl: 1.06605 tp: 1.05460 -> sl: 1.06605 tp: 1.05427
0	10:18:42.180	'1809640': order #43787239 sell 0.01 EURUSD at 1.06191 was modified -> sl: 1.06605 tp: 1.05427
0	10:18:42.213	'1809640': modify order #43787382 sell 0.01 EURUSD at 1.06143 sl: 1.06552 tp: 1.05461 -> sl: 1.06552 tp: 1.05428
0	10:18:42.344	'1809640': order #43787382 sell 0.01 EURUSD at 1.06143 was modified -> sl: 1.06552 tp: 1.05428
0	10:18:42.344	'1809640': modify order #43787597 sell 0.01 EURUSD at 1.06131 sl: 1.06551 tp: 1.05462 -> sl: 1.06551 tp: 1.05428
0	10:18:42.735	'1809640': order #43787597 sell 0.01 EURUSD at 1.06131 was modified -> sl: 1.06551 tp: 1.05428
0	10:18:42.735	'1809640': modify order #43788641 sell 0.01 EURUSD at 1.06275 sl: 1.06697 tp: 1.05463 -> sl: 1.06697 tp: 1.05428
0	10:18:43.188	'1809640': order #43788641 sell 0.01 EURUSD at 1.06275 was modified -> sl: 1.06697 tp: 1.05428
0	10:18:43.188	'1809640': modify order #43864049 sell 0.01 EURUSD at 1.05927 sl: 1.06346 tp: 1.05462 -> sl: 1.06346 tp: 1.05428
0	10:18:43.612	'1809640': order #43864049 sell 0.01 EURUSD at 1.05927 was modified -> sl: 1.06346 tp: 1.05428
0	10:21:52.494	'1809640': modify order #43779165 sell 0.01 EURUSD at 1.06095 sl: 1.06516 tp: 1.05425 -> sl: 1.06516 tp: 1.05393
0	10:21:52.685	'1809640': order #43779165 sell 0.01 EURUSD at 1.06095 was modified -> sl: 1.06516 tp: 1.05393
0	10:21:52.685	'1809640': modify order #43786851 sell 0.01 EURUSD at 1.06228 sl: 1.06651 tp: 1.05428 -> sl: 1.06651 tp: 1.05392
0	10:21:53.075	'1809640': order #43786851 sell 0.01 EURUSD at 1.06228 was modified -> sl: 1.06651 tp: 1.05392
0	10:21:53.075	'1809640': modify order #43786995 sell 0.01 EURUSD at 1.06208 sl: 1.06627 tp: 1.05426 -> sl: 1.06627 tp: 1.05393
0	10:21:53.399	'1809640': order #43786995 sell 0.01 EURUSD at 1.06208 was modified -> sl: 1.06627 tp: 1.05393
0	10:21:53.399	'1809640': modify order #43787239 sell 0.01 EURUSD at 1.06191 sl: 1.06605 tp: 1.05427 -> sl: 1.06605 tp: 1.05393
0	10:21:54.281	'1809640': order #43787239 sell 0.01 EURUSD at 1.06191 was modified -> sl: 1.06605 tp: 1.05393
0	10:21:54.281	'1809640': modify order #43787382 sell 0.01 EURUSD at 1.06143 sl: 1.06552 tp: 1.05428 -> sl: 1.06552 tp: 1.05393
0	10:21:54.703	'1809640': order #43787382 sell 0.01 EURUSD at 1.06143 was modified -> sl: 1.06552 tp: 1.05393
0	10:21:54.735	'1809640': modify order #43787597 sell 0.01 EURUSD at 1.06131 sl: 1.06551 tp: 1.05428 -> sl: 1.06551 tp: 1.05393
0	10:21:55.254	'1809640': order #43787597 sell 0.01 EURUSD at 1.06131 was modified -> sl: 1.06551 tp: 1.05393
0	10:21:55.254	'1809640': modify order #43788641 sell 0.01 EURUSD at 1.06275 sl: 1.06697 tp: 1.05428 -> sl: 1.06697 tp: 1.05393
0	10:21:55.582	'1809640': order #43788641 sell 0.01 EURUSD at 1.06275 was modified -> sl: 1.06697 tp: 1.05393
0	10:21:55.582	'1809640': modify order #43864049 sell 0.01 EURUSD at 1.05927 sl: 1.06346 tp: 1.05428 -> sl: 1.06346 tp: 1.05392
0	10:21:56.009	'1809640': order #43864049 sell 0.01 EURUSD at 1.05927 was modified -> sl: 1.06346 tp: 1.05392
0	10:21:56.041	'1809640': modify order #43864454 sell 0.01 EURUSD at 1.05861 sl: 1.06278 tp: 1.05702 -> sl: 1.06278 tp: 1.05678
0	10:21:56.398	'1809640': order #43864454 sell 0.01 EURUSD at 1.05861 was modified -> sl: 1.06278 tp: 1.05678
0	10:26:31.172	'1809640': modify order #43864454 sell 0.01 EURUSD at 1.05861 sl: 1.06278 tp: 1.05678 -> sl: 1.06278 tp: 1.05666
0	10:26:31.891	'1809640': order #43864454 sell 0.01 EURUSD at 1.05861 was modified -> sl: 1.06278 tp: 1.05666
0	10:42:54.585	'1809640': close order #43716674 buy 0.01 EURUSD at 1.05880 sl: 1.05453 tp: 1.06828 at price 0.00000
0	10:42:55.548	'1809640': order #43716674 buy 0.01 EURUSD at 1.05880 sl: 1.05453 tp: 1.06828 closed at price 1.05868
0	10:42:55.742	'1809640': order sell market 0.01 EURUSD sl: 1.06287 tp: 1.05427
0	10:42:56.131	'1809640': order was opened : #43865495 sell 0.01 EURUSD at 1.05867 sl: 1.06287 tp: 1.05427
0	10:57:59.856	'1809640': close order #43720109 buy 0.01 EURUSD at 1.05906 sl: 1.05485 tp: 1.06828 at price 0.00000
0	10:58:00.836	'1809640': order #43720109 buy 0.01 EURUSD at 1.05906 sl: 1.05485 tp: 1.06828 closed at price 1.05905
0	10:58:18.107	'1809640': order sell market 0.01 EURUSD sl: 1.06312 tp: 1.05453
0	10:58:18.759	'1809640': order was opened : #43865901 sell 0.01 EURUSD at 1.05893 sl: 1.06312 tp: 1.05453
0	11:07:40.084	'1809640': modify order #43865901 sell 0.01 EURUSD at 1.05893 sl: 1.06312 tp: 1.05453 -> sl: 1.06312 tp: 1.05445
0	11:07:40.470	'1809640': order #43865901 sell 0.01 EURUSD at 1.05893 was modified -> sl: 1.06312 tp: 1.05445
0	11:08:43.655	'1809640': modify order #43865901 sell 0.01 EURUSD at 1.05893 sl: 1.06312 tp: 1.05445 -> sl: 1.06312 tp: 1.05443
0	11:08:44.076	'1809640': order #43865901 sell 0.01 EURUSD at 1.05893 was modified -> sl: 1.06312 tp: 1.05443
0	11:11:43.939	'1809640': modify order #43865901 sell 0.01 EURUSD at 1.05893 sl: 1.06312 tp: 1.05443 -> sl: 1.06312 tp: 1.05435
0	11:11:44.365	'1809640': order #43865901 sell 0.01 EURUSD at 1.05893 was modified -> sl: 1.06312 tp: 1.05435
0	13:27:18.471	'1809640': modify order #43865495 sell 0.01 EURUSD at 1.05867 sl: 1.06287 tp: 1.05427 -> sl: 1.06287 tp: 1.05411
0	13:27:19.318	'1809640': order #43865495 sell 0.01 EURUSD at 1.05867 was modified -> sl: 1.06287 tp: 1.05411
0	13:27:19.318	'1809640': modify order #43865901 sell 0.01 EURUSD at 1.05893 sl: 1.06312 tp: 1.05435 -> sl: 1.06312 tp: 1.05411
0	13:27:19.674	'1809640': order #43865901 sell 0.01 EURUSD at 1.05893 was modified -> sl: 1.06312 tp: 1.05411
0	13:30:52.783	'1809640': modify order #43779165 sell 0.01 EURUSD at 1.06095 sl: 1.06516 tp: 1.05393 -> sl: 1.06516 tp: 1.05358
0	13:30:53.034	'1809640': order #43779165 sell 0.01 EURUSD at 1.06095 was modified -> sl: 1.06516 tp: 1.05358
0	13:30:53.034	'1809640': modify order #43786851 sell 0.01 EURUSD at 1.06228 sl: 1.06651 tp: 1.05392 -> sl: 1.06651 tp: 1.05357
0	13:30:53.391	'1809640': order #43786851 sell 0.01 EURUSD at 1.06228 was modified -> sl: 1.06651 tp: 1.05357
0	13:30:53.391	'1809640': modify order #43786995 sell 0.01 EURUSD at 1.06208 sl: 1.06627 tp: 1.05393 -> sl: 1.06627 tp: 1.05357
0	13:30:53.756	'1809640': order #43786995 sell 0.01 EURUSD at 1.06208 was modified -> sl: 1.06627 tp: 1.05357
0	13:30:53.979	'1809640': modify order #43787239 sell 0.01 EURUSD at 1.06191 sl: 1.06605 tp: 1.05393 -> sl: 1.06605 tp: 1.05359
0	13:30:54.243	'1809640': order #43787239 sell 0.01 EURUSD at 1.06191 was modified -> sl: 1.06605 tp: 1.05359
0	13:30:54.275	'1809640': modify order #43787382 sell 0.01 EURUSD at 1.06143 sl: 1.06552 tp: 1.05393 -> sl: 1.06552 tp: 1.05356
0	13:30:54.633	'1809640': order #43787382 sell 0.01 EURUSD at 1.06143 was modified -> sl: 1.06552 tp: 1.05356
0	13:30:54.665	'1809640': modify order #43787597 sell 0.01 EURUSD at 1.06131 sl: 1.06551 tp: 1.05393 -> sl: 1.06551 tp: 1.05356
0	13:30:55.087	'1809640': order #43787597 sell 0.01 EURUSD at 1.06131 was modified -> sl: 1.06551 tp: 1.05356
0	13:30:55.152	'1809640': modify order #43788641 sell 0.01 EURUSD at 1.06275 sl: 1.06697 tp: 1.05393 -> sl: 1.06697 tp: 1.05356
0	13:30:55.449	'1809640': order #43788641 sell 0.01 EURUSD at 1.06275 was modified -> sl: 1.06697 tp: 1.05356
0	13:30:55.449	'1809640': modify order #43864049 sell 0.01 EURUSD at 1.05927 sl: 1.06346 tp: 1.05392 -> sl: 1.06346 tp: 1.05357
0	13:30:55.741	'1809640': order #43864049 sell 0.01 EURUSD at 1.05927 was modified -> sl: 1.06346 tp: 1.05357
0	13:30:55.741	'1809640': modify order #43865495 sell 0.01 EURUSD at 1.05867 sl: 1.06287 tp: 1.05411 -> sl: 1.06287 tp: 1.05359
0	13:30:56.102	'1809640': order #43865495 sell 0.01 EURUSD at 1.05867 was modified -> sl: 1.06287 tp: 1.05359
0	13:30:56.199	'1809640': modify order #43865901 sell 0.01 EURUSD at 1.05893 sl: 1.06312 tp: 1.05411 -> sl: 1.06312 tp: 1.05358
0	13:30:56.459	'1809640': order #43865901 sell 0.01 EURUSD at 1.05893 was modified -> sl: 1.06312 tp: 1.05358
0	14:55:21.511	'1809640': modify order #43779165 sell 0.01 EURUSD at 1.06095 sl: 1.06516 tp: 1.05358 -> sl: 1.06516 tp: 1.05317
0	14:55:21.933	'1809640': order #43779165 sell 0.01 EURUSD at 1.06095 was modified -> sl: 1.06516 tp: 1.05317
0	14:55:21.966	'1809640': modify order #43786851 sell 0.01 EURUSD at 1.06228 sl: 1.06651 tp: 1.05357 -> sl: 1.06651 tp: 1.05317
0	14:55:22.453	'1809640': order #43786851 sell 0.01 EURUSD at 1.06228 was modified -> sl: 1.06651 tp: 1.05317
0	14:55:22.485	'1809640': modify order #43786995 sell 0.01 EURUSD at 1.06208 sl: 1.06627 tp: 1.05357 -> sl: 1.06627 tp: 1.05317
0	14:55:22.907	'1809640': order #43786995 sell 0.01 EURUSD at 1.06208 was modified -> sl: 1.06627 tp: 1.05317
0	14:55:22.907	'1809640': modify order #43787239 sell 0.01 EURUSD at 1.06191 sl: 1.06605 tp: 1.05359 -> sl: 1.06605 tp: 1.05319
0	14:55:23.236	'1809640': order #43787239 sell 0.01 EURUSD at 1.06191 was modified -> sl: 1.06605 tp: 1.05319
0	14:55:23.236	'1809640': modify order #43787382 sell 0.01 EURUSD at 1.06143 sl: 1.06552 tp: 1.05356 -> sl: 1.06552 tp: 1.05318
0	14:55:23.658	'1809640': order #43787382 sell 0.01 EURUSD at 1.06143 was modified -> sl: 1.06552 tp: 1.05318
0	14:55:23.755	'1809640': modify order #43787597 sell 0.01 EURUSD at 1.06131 sl: 1.06551 tp: 1.05356 -> sl: 1.06551 tp: 1.05318
0	14:55:24.212	'1809640': order #43787597 sell 0.01 EURUSD at 1.06131 was modified -> sl: 1.06551 tp: 1.05318
0	14:55:24.306	'1809640': modify order #43788641 sell 0.01 EURUSD at 1.06275 sl: 1.06697 tp: 1.05356 -> sl: 1.06697 tp: 1.05318
0	14:55:24.696	'1809640': order #43788641 sell 0.01 EURUSD at 1.06275 was modified -> sl: 1.06697 tp: 1.05318
0	14:55:24.696	'1809640': modify order #43864049 sell 0.01 EURUSD at 1.05927 sl: 1.06346 tp: 1.05357 -> sl: 1.06346 tp: 1.05319
0	14:55:25.248	'1809640': order #43864049 sell 0.01 EURUSD at 1.05927 was modified -> sl: 1.06346 tp: 1.05319
0	14:55:25.248	'1809640': modify order #43865495 sell 0.01 EURUSD at 1.05867 sl: 1.06287 tp: 1.05359 -> sl: 1.06287 tp: 1.05317
0	14:55:25.739	'1809640': order #43865495 sell 0.01 EURUSD at 1.05867 was modified -> sl: 1.06287 tp: 1.05317
0	14:55:25.774	'1809640': modify order #43865901 sell 0.01 EURUSD at 1.05893 sl: 1.06312 tp: 1.05358 -> sl: 1.06312 tp: 1.05318
0	14:55:26.254	'1809640': order #43865901 sell 0.01 EURUSD at 1.05893 was modified -> sl: 1.06312 tp: 1.05318
0	14:56:40.471	'1809640': order #43778486 buy 0.01 EURUSD at 1.06124 closed due stop-loss at price 1.05704
0	14:57:17.284	'1809640': modify order #43779165 sell 0.01 EURUSD at 1.06095 sl: 1.06516 tp: 1.05317 -> sl: 1.06516 tp: 1.05273
0	14:57:18.583	'1809640': order #43779165 sell 0.01 EURUSD at 1.06095 was modified -> sl: 1.06516 tp: 1.05273
0	14:57:18.745	'1809640': modify order #43786851 sell 0.01 EURUSD at 1.06228 sl: 1.06651 tp: 1.05317 -> sl: 1.06651 tp: 1.05272
0	14:57:19.038	'1809640': order #43786851 sell 0.01 EURUSD at 1.06228 was modified -> sl: 1.06651 tp: 1.05272
0	14:57:19.038	'1809640': modify order #43786995 sell 0.01 EURUSD at 1.06208 sl: 1.06627 tp: 1.05317 -> sl: 1.06627 tp: 1.05273
0	14:57:19.428	'1809640': order #43786995 sell 0.01 EURUSD at 1.06208 was modified -> sl: 1.06627 tp: 1.05273
0	14:57:19.428	'1809640': modify order #43787239 sell 0.01 EURUSD at 1.06191 sl: 1.06605 tp: 1.05319 -> sl: 1.06605 tp: 1.05273
0	14:57:19.854	'1809640': order #43787239 sell 0.01 EURUSD at 1.06191 was modified -> sl: 1.06605 tp: 1.05273
0	14:57:19.854	'1809640': modify order #43787382 sell 0.01 EURUSD at 1.06143 sl: 1.06552 tp: 1.05318 -> sl: 1.06552 tp: 1.05272
0	14:57:20.114	'1809640': order #43787382 sell 0.01 EURUSD at 1.06143 was modified -> sl: 1.06552 tp: 1.05272
0	14:57:20.146	'1809640': modify order #43787597 sell 0.01 EURUSD at 1.06131 sl: 1.06551 tp: 1.05318 -> sl: 1.06551 tp: 1.05272
0	14:57:20.471	'1809640': order #43787597 sell 0.01 EURUSD at 1.06131 was modified -> sl: 1.06551 tp: 1.05272
0	14:57:20.536	'1809640': modify order #43788641 sell 0.01 EURUSD at 1.06275 sl: 1.06697 tp: 1.05318 -> sl: 1.06697 tp: 1.05273
0	14:57:20.861	'1809640': order #43788641 sell 0.01 EURUSD at 1.06275 was modified -> sl: 1.06697 tp: 1.05273
0	14:57:20.954	'1809640': modify order #43864049 sell 0.01 EURUSD at 1.05927 sl: 1.06346 tp: 1.05319 -> sl: 1.06346 tp: 1.05273
0	14:57:21.339	'1809640': order #43864049 sell 0.01 EURUSD at 1.05927 was modified -> sl: 1.06346 tp: 1.05273
0	14:57:21.436	'1809640': modify order #43865495 sell 0.01 EURUSD at 1.05867 sl: 1.06287 tp: 1.05317 -> sl: 1.06287 tp: 1.05274
0	14:57:21.761	'1809640': order #43865495 sell 0.01 EURUSD at 1.05867 was modified -> sl: 1.06287 tp: 1.05274
0	14:57:21.794	'1809640': modify order #43865901 sell 0.01 EURUSD at 1.05893 sl: 1.06312 tp: 1.05318 -> sl: 1.06312 tp: 1.05273
0	14:57:22.188	'1809640': order #43865901 sell 0.01 EURUSD at 1.05893 was modified -> sl: 1.06312 tp: 1.05273
0	14:59:43.566	'1809640': order sell market 0.01 EURUSD sl: 1.06149 tp: 0.00000
0	14:59:44.220	'1809640': order was opened : #43876486 sell 0.01 EURUSD at 1.05729 sl: 1.06149 tp: 0.00000
0	15:02:32.954	'1809640': modify order #43864454 sell 0.01 EURUSD at 1.05861 sl: 1.06278 tp: 1.05666 -> sl: 1.06278 tp: 1.05659
0	15:02:33.251	'1809640': order #43864454 sell 0.01 EURUSD at 1.05861 was modified -> sl: 1.06278 tp: 1.05659
0	15:02:33.348	'1809640': modify order #43876486 sell 0.01 EURUSD at 1.05729 sl: 1.06149 tp: 0.00000 -> sl: 1.06149 tp: 1.05342
0	15:02:33.734	'1809640': order #43876486 sell 0.01 EURUSD at 1.05729 was modified -> sl: 1.06149 tp: 1.05342
0	15:05:28.282	'1809640': modify order #43779165 sell 0.01 EURUSD at 1.06095 sl: 1.06516 tp: 1.05273 -> sl: 1.06516 tp: 1.05218
0	15:05:28.643	'1809640': order #43779165 sell 0.01 EURUSD at 1.06095 was modified -> sl: 1.06516 tp: 1.05218
0	15:05:28.643	'1809640': modify order #43786851 sell 0.01 EURUSD at 1.06228 sl: 1.06651 tp: 1.05272 -> sl: 1.06651 tp: 1.05216
0	15:05:29.069	'1809640': order #43786851 sell 0.01 EURUSD at 1.06228 was modified -> sl: 1.06651 tp: 1.05216
0	15:05:29.069	'1809640': modify order #43786995 sell 0.01 EURUSD at 1.06208 sl: 1.06627 tp: 1.05273 -> sl: 1.06627 tp: 1.05217
0	15:05:29.657	'1809640': order #43786995 sell 0.01 EURUSD at 1.06208 was modified -> sl: 1.06627 tp: 1.05217
0	15:05:29.689	'1809640': modify order #43787239 sell 0.01 EURUSD at 1.06191 sl: 1.06605 tp: 1.05273 -> sl: 1.06605 tp: 1.05217
0	15:05:29.953	'1809640': order #43787239 sell 0.01 EURUSD at 1.06191 was modified -> sl: 1.06605 tp: 1.05217
0	15:05:30.050	'1809640': modify order #43787382 sell 0.01 EURUSD at 1.06143 sl: 1.06552 tp: 1.05272 -> sl: 1.06552 tp: 1.05217
0	15:05:30.342	'1809640': order #43787382 sell 0.01 EURUSD at 1.06143 was modified -> sl: 1.06552 tp: 1.05217
0	15:05:30.374	'1809640': modify order #43787597 sell 0.01 EURUSD at 1.06131 sl: 1.06551 tp: 1.05272 -> sl: 1.06551 tp: 1.05217
0	15:05:30.763	'1809640': order #43787597 sell 0.01 EURUSD at 1.06131 was modified -> sl: 1.06551 tp: 1.05217
0	15:05:30.828	'1809640': modify order #43788641 sell 0.01 EURUSD at 1.06275 sl: 1.06697 tp: 1.05273 -> sl: 1.06697 tp: 1.05217
0	15:05:31.152	'1809640': order #43788641 sell 0.01 EURUSD at 1.06275 was modified -> sl: 1.06697 tp: 1.05217
0	15:05:31.319	'1809640': modify order #43864049 sell 0.01 EURUSD at 1.05927 sl: 1.06346 tp: 1.05273 -> sl: 1.06346 tp: 1.05216
0	15:05:31.740	'1809640': order #43864049 sell 0.01 EURUSD at 1.05927 was modified -> sl: 1.06346 tp: 1.05216
0	15:05:31.773	'1809640': modify order #43865495 sell 0.01 EURUSD at 1.05867 sl: 1.06287 tp: 1.05274 -> sl: 1.06287 tp: 1.05215
0	15:05:32.165	'1809640': order #43865495 sell 0.01 EURUSD at 1.05867 was modified -> sl: 1.06287 tp: 1.05215
0	15:05:32.260	'1809640': modify order #43865901 sell 0.01 EURUSD at 1.05893 sl: 1.06312 tp: 1.05273 -> sl: 1.06312 tp: 1.05216
0	15:05:32.653	'1809640': order #43865901 sell 0.01 EURUSD at 1.05893 was modified -> sl: 1.06312 tp: 1.05216
0	15:05:40.397	'1809640': order #43864454 sell 0.01 EURUSD at 1.05861 closed due take-profit at price 1.05659
0	15:06:44.700	'1809640': modify order #43779165 sell 0.01 EURUSD at 1.06095 sl: 1.06516 tp: 1.05218 -> sl: 1.06516 tp: 1.05185
0	15:06:45.053	'1809640': order #43779165 sell 0.01 EURUSD at 1.06095 was modified -> sl: 1.06516 tp: 1.05185
0	15:06:45.053	'1809640': modify order #43786851 sell 0.01 EURUSD at 1.06228 sl: 1.06651 tp: 1.05216 -> sl: 1.06651 tp: 1.05187
0	15:06:45.476	'1809640': order #43786851 sell 0.01 EURUSD at 1.06228 was modified -> sl: 1.06651 tp: 1.05187
0	15:06:45.476	'1809640': modify order #43786995 sell 0.01 EURUSD at 1.06208 sl: 1.06627 tp: 1.05217 -> sl: 1.06627 tp: 1.05187
0	15:06:45.900	'1809640': order #43786995 sell 0.01 EURUSD at 1.06208 was modified -> sl: 1.06627 tp: 1.05187
0	15:06:45.931	'1809640': modify order #43787239 sell 0.01 EURUSD at 1.06191 sl: 1.06605 tp: 1.05217 -> sl: 1.06605 tp: 1.05187
0	15:06:46.290	'1809640': order #43787239 sell 0.01 EURUSD at 1.06191 was modified -> sl: 1.06605 tp: 1.05187
0	15:06:46.319	'1809640': modify order #43787382 sell 0.01 EURUSD at 1.06143 sl: 1.06552 tp: 1.05217 -> sl: 1.06552 tp: 1.05187
0	15:06:46.636	'1809640': order #43787382 sell 0.01 EURUSD at 1.06143 was modified -> sl: 1.06552 tp: 1.05187
0	15:06:46.668	'1809640': modify order #43787597 sell 0.01 EURUSD at 1.06131 sl: 1.06551 tp: 1.05217 -> sl: 1.06551 tp: 1.05187
0	15:06:47.256	'1809640': order #43787597 sell 0.01 EURUSD at 1.06131 was modified -> sl: 1.06551 tp: 1.05187
0	15:06:47.290	'1809640': modify order #43788641 sell 0.01 EURUSD at 1.06275 sl: 1.06697 tp: 1.05217 -> sl: 1.06697 tp: 1.05186
0	15:06:47.613	'1809640': order #43788641 sell 0.01 EURUSD at 1.06275 was modified -> sl: 1.06697 tp: 1.05186
0	15:06:47.650	'1809640': modify order #43864049 sell 0.01 EURUSD at 1.05927 sl: 1.06346 tp: 1.05216 -> sl: 1.06346 tp: 1.05186
0	15:06:47.974	'1809640': order #43864049 sell 0.01 EURUSD at 1.05927 was modified -> sl: 1.06346 tp: 1.05186
0	15:06:48.137	'1809640': modify order #43865495 sell 0.01 EURUSD at 1.05867 sl: 1.06287 tp: 1.05215 -> sl: 1.06287 tp: 1.05185
0	15:06:48.559	'1809640': order #43865495 sell 0.01 EURUSD at 1.05867 was modified -> sl: 1.06287 tp: 1.05185
0	15:06:48.591	'1809640': modify order #43865901 sell 0.01 EURUSD at 1.05893 sl: 1.06312 tp: 1.05216 -> sl: 1.06312 tp: 1.05185
0	15:06:49.013	'1809640': order #43865901 sell 0.01 EURUSD at 1.05893 was modified -> sl: 1.06312 tp: 1.05185
0	15:07:32.532	'1809640': order sell market 0.01 EURUSD sl: 1.06067 tp: 1.05531
0	15:07:33.509	'1809640': order was opened : #43877417 sell 0.01 EURUSD at 1.05666 sl: 1.06067 tp: 1.05531
0	15:10:47.317	'1809640': modify order #43877417 sell 0.01 EURUSD at 1.05666 sl: 1.06067 tp: 1.05531 -> sl: 1.06067 tp: 1.05523
0	15:10:48.452	'1809640': order #43877417 sell 0.01 EURUSD at 1.05666 was modified -> sl: 1.06067 tp: 1.05523
0	15:15:27.814	'1809640': modify order #43877417 sell 0.01 EURUSD at 1.05666 sl: 1.06067 tp: 1.05523 -> sl: 1.06067 tp: 1.05517
0	15:15:29.896	'1809640': order #43877417 sell 0.01 EURUSD at 1.05666 was modified -> sl: 1.06067 tp: 1.05517
0	15:17:59.640	'1809640': modify order #43778999 sell 0.01 EURUSD at 1.06129 sl: 1.06554 tp: 1.05590 -> sl: 1.06554 tp: 1.05588
0	15:18:00.063	'1809640': order #43778999 sell 0.01 EURUSD at 1.06129 was modified -> sl: 1.06554 tp: 1.05588
0	15:18:00.063	'1809640': modify order #43877417 sell 0.01 EURUSD at 1.05666 sl: 1.06067 tp: 1.05517 -> sl: 1.06067 tp: 1.05512
0	15:18:00.452	'1809640': order #43877417 sell 0.01 EURUSD at 1.05666 was modified -> sl: 1.06067 tp: 1.05512
0	15:31:11.037	'1809640': modify order #43786851 sell 0.01 EURUSD at 1.06228 sl: 1.06651 tp: 1.05187 -> sl: 1.06651 tp: 1.05185
0	15:31:11.293	'1809640': order #43786851 sell 0.01 EURUSD at 1.06228 was modified -> sl: 1.06651 tp: 1.05185
0	15:31:11.293	'1809640': modify order #43786995 sell 0.01 EURUSD at 1.06208 sl: 1.06627 tp: 1.05187 -> sl: 1.06627 tp: 1.05185
0	15:31:11.687	'1809640': order #43786995 sell 0.01 EURUSD at 1.06208 was modified -> sl: 1.06627 tp: 1.05185
0	15:31:11.687	'1809640': modify order #43787239 sell 0.01 EURUSD at 1.06191 sl: 1.06605 tp: 1.05187 -> sl: 1.06605 tp: 1.05185
0	15:31:12.044	'1809640': order #43787239 sell 0.01 EURUSD at 1.06191 was modified -> sl: 1.06605 tp: 1.05185
0	15:31:12.044	'1809640': modify order #43787382 sell 0.01 EURUSD at 1.06143 sl: 1.06552 tp: 1.05187 -> sl: 1.06552 tp: 1.05185
0	15:31:12.466	'1809640': order #43787382 sell 0.01 EURUSD at 1.06143 was modified -> sl: 1.06552 tp: 1.05185
0	15:31:12.466	'1809640': modify order #43787597 sell 0.01 EURUSD at 1.06131 sl: 1.06551 tp: 1.05187 -> sl: 1.06551 tp: 1.05184
0	15:31:12.892	'1809640': order #43787597 sell 0.01 EURUSD at 1.06131 was modified -> sl: 1.06551 tp: 1.05184
0	15:31:12.892	'1809640': modify order #43788641 sell 0.01 EURUSD at 1.06275 sl: 1.06697 tp: 1.05186 -> sl: 1.06697 tp: 1.05185
0	15:31:13.250	'1809640': order #43788641 sell 0.01 EURUSD at 1.06275 was modified -> sl: 1.06697 tp: 1.05185
0	15:31:13.250	'1809640': modify order #43864049 sell 0.01 EURUSD at 1.05927 sl: 1.06346 tp: 1.05186 -> sl: 1.06346 tp: 1.05185
0	15:31:13.575	'1809640': order #43864049 sell 0.01 EURUSD at 1.05927 was modified -> sl: 1.06346 tp: 1.05185
0	15:33:40.109	'1809640': modify order #43778999 sell 0.01 EURUSD at 1.06129 sl: 1.06554 tp: 1.05588 -> sl: 1.06554 tp: 1.05556
0	15:33:40.794	'1809640': order #43778999 sell 0.01 EURUSD at 1.06129 was modified -> sl: 1.06554 tp: 1.05556
0	15:36:42.009	'1809640': modify order #43655313 sell 0.01 EURUSD at 1.06720 sl: 1.07143 tp: 1.05267 -> sl: 1.07143 tp: 1.05260
0	15:36:43.084	'1809640': order #43655313 sell 0.01 EURUSD at 1.06720 was modified -> sl: 1.07143 tp: 1.05260
0	15:36:43.084	'1809640': modify order #43779165 sell 0.01 EURUSD at 1.06095 sl: 1.06516 tp: 1.05185 -> sl: 1.06516 tp: 1.05183
0	15:36:43.441	'1809640': order #43779165 sell 0.01 EURUSD at 1.06095 was modified -> sl: 1.06516 tp: 1.05183
0	15:36:43.441	'1809640': modify order #43786851 sell 0.01 EURUSD at 1.06228 sl: 1.06651 tp: 1.05185 -> sl: 1.06651 tp: 1.05182
0	15:36:43.896	'1809640': order #43786851 sell 0.01 EURUSD at 1.06228 was modified -> sl: 1.06651 tp: 1.05182
0	15:36:43.896	'1809640': modify order #43786995 sell 0.01 EURUSD at 1.06208 sl: 1.06627 tp: 1.05185 -> sl: 1.06627 tp: 1.05182
0	15:36:44.285	'1809640': order #43786995 sell 0.01 EURUSD at 1.06208 was modified -> sl: 1.06627 tp: 1.05182
0	15:36:44.385	'1809640': modify order #43787239 sell 0.01 EURUSD at 1.06191 sl: 1.06605 tp: 1.05185 -> sl: 1.06605 tp: 1.05182
0	15:36:45.231	'1809640': order #43787239 sell 0.01 EURUSD at 1.06191 was modified -> sl: 1.06605 tp: 1.05182
0	15:36:45.231	'1809640': modify order #43787382 sell 0.01 EURUSD at 1.06143 sl: 1.06552 tp: 1.05185 -> sl: 1.06552 tp: 1.05182
0	15:36:45.685	'1809640': order #43787382 sell 0.01 EURUSD at 1.06143 was modified -> sl: 1.06552 tp: 1.05182
0	15:36:45.819	'1809640': modify order #43787597 sell 0.01 EURUSD at 1.06131 sl: 1.06551 tp: 1.05184 -> sl: 1.06551 tp: 1.05182
0	15:36:46.144	'1809640': order #43787597 sell 0.01 EURUSD at 1.06131 was modified -> sl: 1.06551 tp: 1.05182
0	15:36:46.144	'1809640': modify order #43788641 sell 0.01 EURUSD at 1.06275 sl: 1.06697 tp: 1.05185 -> sl: 1.06697 tp: 1.05181
0	15:36:46.700	'1809640': order #43788641 sell 0.01 EURUSD at 1.06275 was modified -> sl: 1.06697 tp: 1.05181
0	15:36:46.765	'1809640': modify order #43864049 sell 0.01 EURUSD at 1.05927 sl: 1.06346 tp: 1.05185 -> sl: 1.06346 tp: 1.05182
0	15:36:47.126	'1809640': order #43864049 sell 0.01 EURUSD at 1.05927 was modified -> sl: 1.06346 tp: 1.05182
0	15:36:47.159	'1809640': modify order #43865495 sell 0.01 EURUSD at 1.05867 sl: 1.06287 tp: 1.05185 -> sl: 1.06287 tp: 1.05182
0	15:36:47.484	'1809640': order #43865495 sell 0.01 EURUSD at 1.05867 was modified -> sl: 1.06287 tp: 1.05182
0	15:36:47.516	'1809640': modify order #43865901 sell 0.01 EURUSD at 1.05893 sl: 1.06312 tp: 1.05185 -> sl: 1.06312 tp: 1.05182
0	15:36:47.934	'1809640': order #43865901 sell 0.01 EURUSD at 1.05893 was modified -> sl: 1.06312 tp: 1.05182
0	15:38:17.038	'1809640': modify order #43779165 sell 0.01 EURUSD at 1.06095 sl: 1.06516 tp: 1.05183 -> sl: 1.06516 tp: 1.05178
0	15:38:17.558	'1809640': order #43779165 sell 0.01 EURUSD at 1.06095 was modified -> sl: 1.06516 tp: 1.05178
0	15:38:17.558	'1809640': modify order #43786851 sell 0.01 EURUSD at 1.06228 sl: 1.06651 tp: 1.05182 -> sl: 1.06651 tp: 1.05179
0	15:38:17.854	'1809640': order #43786851 sell 0.01 EURUSD at 1.06228 was modified -> sl: 1.06651 tp: 1.05179
0	15:38:18.081	'1809640': modify order #43786995 sell 0.01 EURUSD at 1.06208 sl: 1.06627 tp: 1.05182 -> sl: 1.06627 tp: 1.05178
0	15:38:18.439	'1809640': order #43786995 sell 0.01 EURUSD at 1.06208 was modified -> sl: 1.06627 tp: 1.05178
0	15:38:18.471	'1809640': modify order #43787239 sell 0.01 EURUSD at 1.06191 sl: 1.06605 tp: 1.05182 -> sl: 1.06605 tp: 1.05178
0	15:38:18.865	'1809640': order #43787239 sell 0.01 EURUSD at 1.06191 was modified -> sl: 1.06605 tp: 1.05178
0	15:38:18.865	'1809640': modify order #43787382 sell 0.01 EURUSD at 1.06143 sl: 1.06552 tp: 1.05182 -> sl: 1.06552 tp: 1.05178
0	15:38:19.286	'1809640': order #43787382 sell 0.01 EURUSD at 1.06143 was modified -> sl: 1.06552 tp: 1.05178
0	15:38:19.323	'1809640': modify order #43787597 sell 0.01 EURUSD at 1.06131 sl: 1.06551 tp: 1.05182 -> sl: 1.06551 tp: 1.05178
0	15:38:19.648	'1809640': order #43787597 sell 0.01 EURUSD at 1.06131 was modified -> sl: 1.06551 tp: 1.05178
0	15:38:19.648	'1809640': modify order #43788641 sell 0.01 EURUSD at 1.06275 sl: 1.06697 tp: 1.05181 -> sl: 1.06697 tp: 1.05177
0	15:38:20.199	'1809640': order #43788641 sell 0.01 EURUSD at 1.06275 was modified -> sl: 1.06697 tp: 1.05177
0	15:38:20.268	'1809640': modify order #43864049 sell 0.01 EURUSD at 1.05927 sl: 1.06346 tp: 1.05182 -> sl: 1.06346 tp: 1.05177
0	15:38:20.561	'1809640': order #43864049 sell 0.01 EURUSD at 1.05927 was modified -> sl: 1.06346 tp: 1.05177
0	15:38:20.626	'1809640': modify order #43865495 sell 0.01 EURUSD at 1.05867 sl: 1.06287 tp: 1.05182 -> sl: 1.06287 tp: 1.05177
0	15:38:21.181	'1809640': order #43865495 sell 0.01 EURUSD at 1.05867 was modified -> sl: 1.06287 tp: 1.05177
0	15:38:21.182	'1809640': modify order #43865901 sell 0.01 EURUSD at 1.05893 sl: 1.06312 tp: 1.05182 -> sl: 1.06312 tp: 1.05177
0	15:38:21.571	'1809640': order #43865901 sell 0.01 EURUSD at 1.05893 was modified -> sl: 1.06312 tp: 1.05177
0	15:48:03.835	'1809640': modify order #43778999 sell 0.01 EURUSD at 1.06129 sl: 1.06554 tp: 1.05556 -> sl: 1.06554 tp: 1.05535
0	15:48:04.773	'1809640': order #43778999 sell 0.01 EURUSD at 1.06129 was modified -> sl: 1.06554 tp: 1.05535
0	15:48:04.773	'1809640': modify order #43779165 sell 0.01 EURUSD at 1.06095 sl: 1.06516 tp: 1.05178 -> sl: 1.06516 tp: 1.05155
0	15:48:05.199	'1809640': order #43779165 sell 0.01 EURUSD at 1.06095 was modified -> sl: 1.06516 tp: 1.05155
0	15:48:05.199	'1809640': modify order #43786851 sell 0.01 EURUSD at 1.06228 sl: 1.06651 tp: 1.05179 -> sl: 1.06651 tp: 1.05155
0	15:48:05.651	'1809640': order #43786851 sell 0.01 EURUSD at 1.06228 was modified -> sl: 1.06651 tp: 1.05155
0	15:48:05.651	'1809640': modify order #43786995 sell 0.01 EURUSD at 1.06208 sl: 1.06627 tp: 1.05178 -> sl: 1.06627 tp: 1.05155
0	15:48:05.941	'1809640': order #43786995 sell 0.01 EURUSD at 1.06208 was modified -> sl: 1.06627 tp: 1.05155
0	15:48:05.941	'1809640': modify order #43787239 sell 0.01 EURUSD at 1.06191 sl: 1.06605 tp: 1.05178 -> sl: 1.06605 tp: 1.05155
0	15:48:06.432	'1809640': order #43787239 sell 0.01 EURUSD at 1.06191 was modified -> sl: 1.06605 tp: 1.05155
0	15:48:06.497	'1809640': modify order #43787382 sell 0.01 EURUSD at 1.06143 sl: 1.06552 tp: 1.05178 -> sl: 1.06552 tp: 1.05155
0	15:48:06.923	'1809640': order #43787382 sell 0.01 EURUSD at 1.06143 was modified -> sl: 1.06552 tp: 1.05155
0	15:48:06.987	'1809640': modify order #43787597 sell 0.01 EURUSD at 1.06131 sl: 1.06551 tp: 1.05178 -> sl: 1.06551 tp: 1.05155
0	15:48:07.214	'1809640': order #43787597 sell 0.01 EURUSD at 1.06131 was modified -> sl: 1.06551 tp: 1.05155
0	15:48:07.247	'1809640': modify order #43788641 sell 0.01 EURUSD at 1.06275 sl: 1.06697 tp: 1.05177 -> sl: 1.06697 tp: 1.05155
0	15:48:07.733	'1809640': order #43788641 sell 0.01 EURUSD at 1.06275 was modified -> sl: 1.06697 tp: 1.05155
0	15:48:07.863	'1809640': modify order #43864049 sell 0.01 EURUSD at 1.05927 sl: 1.06346 tp: 1.05177 -> sl: 1.06346 tp: 1.05155
0	15:48:08.224	'1809640': order #43864049 sell 0.01 EURUSD at 1.05927 was modified -> sl: 1.06346 tp: 1.05155
0	15:48:08.256	'1809640': modify order #43865495 sell 0.01 EURUSD at 1.05867 sl: 1.06287 tp: 1.05177 -> sl: 1.06287 tp: 1.05155
0	15:48:08.745	'1809640': order #43865495 sell 0.01 EURUSD at 1.05867 was modified -> sl: 1.06287 tp: 1.05155
0	15:48:08.937	'1809640': modify order #43865901 sell 0.01 EURUSD at 1.05893 sl: 1.06312 tp: 1.05177 -> sl: 1.06312 tp: 1.05155
0	15:48:09.201	'1809640': order #43865901 sell 0.01 EURUSD at 1.05893 was modified -> sl: 1.06312 tp: 1.05155
0	15:51:38.604	'1809640': modify order #43778999 sell 0.01 EURUSD at 1.06129 sl: 1.06554 tp: 1.05535 -> sl: 1.06554 tp: 1.05533
0	15:51:38.831	'1809640': order #43778999 sell 0.01 EURUSD at 1.06129 was modified -> sl: 1.06554 tp: 1.05533
0	17:17:41.374	'1809640': modify order #43778999 sell 0.01 EURUSD at 1.06129 sl: 1.06554 tp: 1.05533 -> sl: 1.06554 tp: 1.05530
0	17:17:43.654	'1809640': order #43778999 sell 0.01 EURUSD at 1.06129 was modified -> sl: 1.06554 tp: 1.05530
0	17:26:30.335	'1809640': order #43778999 sell 0.01 EURUSD at 1.06129 closed due take-profit at price 1.05530
0	17:26:45.083	'1809640': modify order #43612596 sell 0.01 EURUSD at 1.06643 sl: 1.07101 tp: 1.05141 -> sl: 1.07101 tp: 1.05073
0	17:26:45.670	'1809640': order #43612596 sell 0.01 EURUSD at 1.06643 was modified -> sl: 1.07101 tp: 1.05073
0	17:26:45.670	'1809640': modify order #43613263 sell 0.01 EURUSD at 1.06555 sl: 1.06988 tp: 1.05141 -> sl: 1.06988 tp: 1.05073
0	17:26:46.061	'1809640': order #43613263 sell 0.01 EURUSD at 1.06555 was modified -> sl: 1.06988 tp: 1.05073
0	17:26:46.126	'1809640': modify order #43648671 sell 0.01 EURUSD at 1.06723 sl: 1.07145 tp: 1.05141 -> sl: 1.07145 tp: 1.05075
0	17:26:46.420	'1809640': order #43648671 sell 0.01 EURUSD at 1.06723 was modified -> sl: 1.07145 tp: 1.05075
0	17:26:46.420	'1809640': modify order #43649383 sell 0.01 EURUSD at 1.06706 sl: 1.07126 tp: 1.05141 -> sl: 1.07126 tp: 1.05074
0	17:26:46.841	'1809640': order #43649383 sell 0.01 EURUSD at 1.06706 was modified -> sl: 1.07126 tp: 1.05074
0	17:26:46.841	'1809640': modify order #43651829 sell 0.01 EURUSD at 1.06564 sl: 1.06984 tp: 1.05141 -> sl: 1.06984 tp: 1.05074
0	17:26:47.230	'1809640': order #43651829 sell 0.01 EURUSD at 1.06564 was modified -> sl: 1.06984 tp: 1.05074
0	17:26:47.232	'1809640': modify order #43653879 sell 0.01 EURUSD at 1.06773 sl: 1.07200 tp: 1.05141 -> sl: 1.07200 tp: 1.05073
0	17:26:47.624	'1809640': order #43653879 sell 0.01 EURUSD at 1.06773 was modified -> sl: 1.07200 tp: 1.05073
0	17:26:47.624	'1809640': modify order #43656788 sell 0.01 EURUSD at 1.06578 sl: 1.06997 tp: 1.05141 -> sl: 1.06997 tp: 1.05074
0	17:26:48.018	'1809640': order #43656788 sell 0.01 EURUSD at 1.06578 was modified -> sl: 1.06997 tp: 1.05074
0	17:26:48.078	'1809640': modify order #43657142 sell 0.01 EURUSD at 1.06448 sl: 1.06866 tp: 1.05141 -> sl: 1.06866 tp: 1.05073
0	17:26:48.338	'1809640': order #43657142 sell 0.01 EURUSD at 1.06448 was modified -> sl: 1.06866 tp: 1.05073
0	17:26:48.338	'1809640': modify order #43657681 sell 0.01 EURUSD at 1.06344 sl: 1.06767 tp: 1.05141 -> sl: 1.06767 tp: 1.05074
0	17:26:48.797	'1809640': order #43657681 sell 0.01 EURUSD at 1.06344 was modified -> sl: 1.06767 tp: 1.05074
0	17:26:48.797	'1809640': modify order #43658246 sell 0.01 EURUSD at 1.06258 sl: 1.06678 tp: 1.05141 -> sl: 1.06678 tp: 1.05072
0	17:26:49.223	'1809640': order #43658246 sell 0.01 EURUSD at 1.06258 was modified -> sl: 1.06678 tp: 1.05072
0	17:26:49.451	'1809640': modify order #43682839 sell 0.01 EURUSD at 1.06192 sl: 1.06614 tp: 1.05141 -> sl: 1.06614 tp: 1.05074
0	17:26:49.779	'1809640': order #43682839 sell 0.01 EURUSD at 1.06192 was modified -> sl: 1.06614 tp: 1.05074
0	17:26:49.810	'1809640': modify order #43693924 sell 0.01 EURUSD at 1.06147 sl: 1.06568 tp: 1.05142 -> sl: 1.06568 tp: 1.05074
0	17:26:50.170	'1809640': order #43693924 sell 0.01 EURUSD at 1.06147 was modified -> sl: 1.06568 tp: 1.05074
0	17:26:50.170	'1809640': modify order #43696892 sell 0.01 EURUSD at 1.06166 sl: 1.06587 tp: 1.05142 -> sl: 1.06587 tp: 1.05073
0	17:26:50.492	'1809640': order #43696892 sell 0.01 EURUSD at 1.06166 was modified -> sl: 1.06587 tp: 1.05073
0	17:26:50.492	'1809640': modify order #43698058 sell 0.01 EURUSD at 1.06181 sl: 1.06602 tp: 1.05142 -> sl: 1.06602 tp: 1.05072
0	17:26:50.788	'1809640': order #43698058 sell 0.01 EURUSD at 1.06181 was modified -> sl: 1.06602 tp: 1.05072
0	17:26:50.788	'1809640': modify order #43710229 sell 0.01 EURUSD at 1.06286 sl: 1.06707 tp: 1.05141 -> sl: 1.06707 tp: 1.05073
0	17:26:51.116	'1809640': order #43710229 sell 0.01 EURUSD at 1.06286 was modified -> sl: 1.06707 tp: 1.05073
0	17:26:51.116	'1809640': modify order #43712149 sell 0.01 EURUSD at 1.06252 sl: 1.06672 tp: 1.05141 -> sl: 1.06672 tp: 1.05073
0	17:26:51.701	'1809640': order #43712149 sell 0.01 EURUSD at 1.06252 was modified -> sl: 1.06672 tp: 1.05073
0	17:26:51.701	'1809640': modify order #43779165 sell 0.01 EURUSD at 1.06095 sl: 1.06516 tp: 1.05155 -> sl: 1.06516 tp: 1.05073
0	17:26:52.187	'1809640': order #43779165 sell 0.01 EURUSD at 1.06095 was modified -> sl: 1.06516 tp: 1.05073
0	17:26:52.252	'1809640': modify order #43786851 sell 0.01 EURUSD at 1.06228 sl: 1.06651 tp: 1.05155 -> sl: 1.06651 tp: 1.05073
0	17:26:52.609	'1809640': order #43786851 sell 0.01 EURUSD at 1.06228 was modified -> sl: 1.06651 tp: 1.05073
0	17:26:52.609	'1809640': modify order #43786995 sell 0.01 EURUSD at 1.06208 sl: 1.06627 tp: 1.05155 -> sl: 1.06627 tp: 1.05075
0	17:26:52.776	'1809640': order #43786995 sell 0.01 EURUSD at 1.06208 was modified -> sl: 1.06627 tp: 1.05075
0	17:26:52.776	'1809640': modify order #43787239 sell 0.01 EURUSD at 1.06191 sl: 1.06605 tp: 1.05155 -> sl: 1.06605 tp: 1.05075
0	17:26:53.100	'1809640': order #43787239 sell 0.01 EURUSD at 1.06191 was modified -> sl: 1.06605 tp: 1.05075
0	17:26:53.100	'1809640': modify order #43787382 sell 0.01 EURUSD at 1.06143 sl: 1.06552 tp: 1.05155 -> sl: 1.06552 tp: 1.05075
0	17:26:53.489	'1809640': order #43787382 sell 0.01 EURUSD at 1.06143 was modified -> sl: 1.06552 tp: 1.05075
0	17:26:53.522	'1809640': modify order #43787597 sell 0.01 EURUSD at 1.06131 sl: 1.06551 tp: 1.05155 -> sl: 1.06551 tp: 1.05072
0	17:26:54.013	'1809640': order #43787597 sell 0.01 EURUSD at 1.06131 was modified -> sl: 1.06551 tp: 1.05072
0	17:26:54.077	'1809640': modify order #43788641 sell 0.01 EURUSD at 1.06275 sl: 1.06697 tp: 1.05155 -> sl: 1.06697 tp: 1.05073
0	17:26:54.401	'1809640': order #43788641 sell 0.01 EURUSD at 1.06275 was modified -> sl: 1.06697 tp: 1.05073
0	17:26:54.401	'1809640': modify order #43864049 sell 0.01 EURUSD at 1.05927 sl: 1.06346 tp: 1.05155 -> sl: 1.06346 tp: 1.05074
0	17:26:54.892	'1809640': order #43864049 sell 0.01 EURUSD at 1.05927 was modified -> sl: 1.06346 tp: 1.05074
0	17:26:54.925	'1809640': modify order #43865495 sell 0.01 EURUSD at 1.05867 sl: 1.06287 tp: 1.05155 -> sl: 1.06287 tp: 1.05075
0	17:26:55.379	'1809640': order #43865495 sell 0.01 EURUSD at 1.05867 was modified -> sl: 1.06287 tp: 1.05075
0	17:26:55.411	'1809640': modify order #43865901 sell 0.01 EURUSD at 1.05893 sl: 1.06312 tp: 1.05155 -> sl: 1.06312 tp: 1.05073
0	17:26:55.901	'1809640': order #43865901 sell 0.01 EURUSD at 1.05893 was modified -> sl: 1.06312 tp: 1.05073
0	17:27:11.187	'1809640': order sell market 0.01 EURUSD sl: 1.05990 tp: 1.05131
0	17:27:11.642	'1809640': order was opened : #43885451 sell 0.01 EURUSD at 1.05583 sl: 1.05990 tp: 1.05131
0	17:40:33.460	'1809640': modify order #43877417 sell 0.01 EURUSD at 1.05666 sl: 1.06067 tp: 1.05512 -> sl: 1.06067 tp: 1.05497
0	17:40:33.883	'1809640': order #43877417 sell 0.01 EURUSD at 1.05666 was modified -> sl: 1.06067 tp: 1.05497
0	17:44:01.344	'1809640': modify order #43877417 sell 0.01 EURUSD at 1.05666 sl: 1.06067 tp: 1.05497 -> sl: 1.06067 tp: 1.05494
0	17:44:02.188	'1809640': order #43877417 sell 0.01 EURUSD at 1.05666 was modified -> sl: 1.06067 tp: 1.05494
0	17:46:03.056	'1809640': modify order #43877417 sell 0.01 EURUSD at 1.05666 sl: 1.06067 tp: 1.05494 -> sl: 1.06067 tp: 1.05475
0	17:46:03.900	'1809640': order #43877417 sell 0.01 EURUSD at 1.05666 was modified -> sl: 1.06067 tp: 1.05475
0	17:50:28.894	'1809640': modify order #43877417 sell 0.01 EURUSD at 1.05666 sl: 1.06067 tp: 1.05475 -> sl: 1.06067 tp: 1.05464
0	17:50:29.710	'1809640': order #43877417 sell 0.01 EURUSD at 1.05666 was modified -> sl: 1.06067 tp: 1.05464
0	17:52:37.190	'1809640': modify order #43877417 sell 0.01 EURUSD at 1.05666 sl: 1.06067 tp: 1.05464 -> sl: 1.06067 tp: 1.05453
0	17:52:38.010	'1809640': order #43877417 sell 0.01 EURUSD at 1.05666 was modified -> sl: 1.06067 tp: 1.05453
0	17:55:02.204	'1809640': modify order #43877417 sell 0.01 EURUSD at 1.05666 sl: 1.06067 tp: 1.05453 -> sl: 1.06067 tp: 1.05451
0	17:55:02.756	'1809640': order #43877417 sell 0.01 EURUSD at 1.05666 was modified -> sl: 1.06067 tp: 1.05451
0	17:56:53.415	'1809640': order #43885451 sell 0.01 EURUSD at 1.05583 closed due stop-loss at price 1.05990
0	18:00:43.584	'1809640': order buy market 0.01 EURUSD sl: 1.05442 tp: 1.06251
0	18:00:43.941	'1809640': order was opened : #43888094 buy 0.01 EURUSD at 1.05862 sl: 1.05442 tp: 1.06251
0	18:12:54.303	'1809640': modify order #43888094 buy 0.01 EURUSD at 1.05862 sl: 1.05442 tp: 1.06251 -> sl: 1.05442 tp: 1.06292
0	18:12:54.721	'1809640': order #43888094 buy 0.01 EURUSD at 1.05862 was modified -> sl: 1.05442 tp: 1.06292
0	18:14:31.202	'1809640': modify order #43888094 buy 0.01 EURUSD at 1.05862 sl: 1.05442 tp: 1.06292 -> sl: 1.05442 tp: 1.06367
0	18:14:31.915	'1809640': order #43888094 buy 0.01 EURUSD at 1.05862 was modified -> sl: 1.05442 tp: 1.06367
0	18:18:14.599	'1809640': order #43877417 sell 0.01 EURUSD at 1.05666 closed due stop-loss at price 1.06067
0	18:21:32.838	'1809640': modify order #43888094 buy 0.01 EURUSD at 1.05862 sl: 1.05442 tp: 1.06367 -> sl: 1.05442 tp: 1.06574
0	18:21:33.844	'1809640': order #43888094 buy 0.01 EURUSD at 1.05862 was modified -> sl: 1.05442 tp: 1.06574
0	18:22:19.581	'1809640': order buy market 0.01 EURUSD sl: 1.05632 tp: 1.06493
0	18:22:20.295	'1809640': order was opened : #43889031 buy 0.01 EURUSD at 1.06053 sl: 1.05632 tp: 1.06493
0	18:52:59.588	'1809640': modify order #43888094 buy 0.01 EURUSD at 1.05862 sl: 1.05442 tp: 1.06574 -> sl: 1.05442 tp: 1.06721
0	18:53:02.125	'1809640': order #43888094 buy 0.01 EURUSD at 1.05862 was modified -> sl: 1.05442 tp: 1.06721
0	18:53:02.551	'1809640': modify order #43889031 buy 0.01 EURUSD at 1.06053 sl: 1.05632 tp: 1.06493 -> sl: 1.05632 tp: 1.06526
0	18:53:02.973	'1809640': order #43889031 buy 0.01 EURUSD at 1.06053 was modified -> sl: 1.05632 tp: 1.06526
0	18:57:26.620	'1809640': modify order #43889031 buy 0.01 EURUSD at 1.06053 sl: 1.05632 tp: 1.06526 -> sl: 1.05632 tp: 1.06537
0	18:57:27.204	'1809640': order #43889031 buy 0.01 EURUSD at 1.06053 was modified -> sl: 1.05632 tp: 1.06537
0	18:58:36.931	'1809640': order #43876486 sell 0.01 EURUSD at 1.05729 closed due stop-loss at price 1.06149
0	18:58:40.610	'1809640': modify order #43888094 buy 0.01 EURUSD at 1.05862 sl: 1.05442 tp: 1.06721 -> sl: 1.05442 tp: 1.06797
0	18:58:41.095	'1809640': order #43888094 buy 0.01 EURUSD at 1.05862 was modified -> sl: 1.05442 tp: 1.06797
0	18:58:41.257	'1809640': modify order #43889031 buy 0.01 EURUSD at 1.06053 sl: 1.05632 tp: 1.06537 -> sl: 1.05632 tp: 1.06574
0	18:58:41.808	'1809640': order #43889031 buy 0.01 EURUSD at 1.06053 was modified -> sl: 1.05632 tp: 1.06574
0	18:59:37.652	'1809640': order buy market 0.01 EURUSD sl: 1.05710 tp: 0.00000
0	18:59:38.432	'1809640': order was opened : #43890475 buy 0.01 EURUSD at 1.06155 sl: 1.05710 tp: 0.00000
0	19:01:59.919	'1809640': modify order #43888094 buy 0.01 EURUSD at 1.05862 sl: 1.05442 tp: 1.06797 -> sl: 1.05442 tp: 1.06914
0	19:02:01.158	'1809640': order #43888094 buy 0.01 EURUSD at 1.05862 was modified -> sl: 1.05442 tp: 1.06914
0	19:02:01.190	'1809640': modify order #43889031 buy 0.01 EURUSD at 1.06053 sl: 1.05632 tp: 1.06574 -> sl: 1.05632 tp: 1.06600
0	19:02:01.552	'1809640': order #43889031 buy 0.01 EURUSD at 1.06053 was modified -> sl: 1.05632 tp: 1.06600
0	19:02:01.584	'1809640': modify order #43890475 buy 0.01 EURUSD at 1.06155 sl: 1.05710 tp: 0.00000 -> sl: 1.05710 tp: 1.06542
0	19:02:01.876	'1809640': order #43890475 buy 0.01 EURUSD at 1.06155 was modified -> sl: 1.05710 tp: 1.06542
0	19:08:35.950	'1809640': modify order #43889031 buy 0.01 EURUSD at 1.06053 sl: 1.05632 tp: 1.06600 -> sl: 1.05632 tp: 1.06611
0	19:08:36.437	'1809640': order #43889031 buy 0.01 EURUSD at 1.06053 was modified -> sl: 1.05632 tp: 1.06611
0	19:44:52.763	'1809640': modify order #43888094 buy 0.01 EURUSD at 1.05862 sl: 1.05442 tp: 1.06914 -> sl: 1.05442 tp: 1.06970
0	19:44:54.135	'1809640': order #43888094 buy 0.01 EURUSD at 1.05862 was modified -> sl: 1.05442 tp: 1.06970
0	19:44:57.707	'1809640': modify order #43889031 buy 0.01 EURUSD at 1.06053 sl: 1.05632 tp: 1.06611 -> sl: 1.05632 tp: 1.06658
0	19:44:58.296	'1809640': order #43889031 buy 0.01 EURUSD at 1.06053 was modified -> sl: 1.05632 tp: 1.06658
0	19:46:54.112	'1809640': modify order #43888094 buy 0.01 EURUSD at 1.05862 sl: 1.05442 tp: 1.06970 -> sl: 1.05442 tp: 1.07076
0	19:46:54.567	'1809640': order #43888094 buy 0.01 EURUSD at 1.05862 was modified -> sl: 1.05442 tp: 1.07076
0	19:46:54.567	'1809640': modify order #43889031 buy 0.01 EURUSD at 1.06053 sl: 1.05632 tp: 1.06658 -> sl: 1.05632 tp: 1.06705
0	19:46:54.924	'1809640': order #43889031 buy 0.01 EURUSD at 1.06053 was modified -> sl: 1.05632 tp: 1.06705
