0	00:00:06.232	'1809640': modify order #42483474 buy 0.01 EURUSD at 1.13634 sl: 1.13202 tp: 1.13748 -> sl: 1.13202 tp: 1.13752
0	00:00:06.529	'1809640': order #42483474 buy 0.01 EURUSD at 1.13634 was modified -> sl: 1.13202 tp: 1.13752
0	00:04:50.295	'1809640': modify order #42483474 buy 0.01 EURUSD at 1.13634 sl: 1.13202 tp: 1.13752 -> sl: 1.13202 tp: 1.13760
0	00:04:50.607	'1809640': order #42483474 buy 0.01 EURUSD at 1.13634 was modified -> sl: 1.13202 tp: 1.13760
0	00:06:31.232	'1809640': modify order #42483030 buy 0.01 EURUSD at 1.13679 sl: 1.13185 tp: 1.14130 -> sl: 1.13185 tp: 1.14142
0	00:06:31.560	'1809640': order #42483030 buy 0.01 EURUSD at 1.13679 was modified -> sl: 1.13185 tp: 1.14142
0	00:06:31.576	'1809640': modify order #42483585 buy 0.01 EURUSD at 1.13653 sl: 1.13199 tp: 1.14130 -> sl: 1.13199 tp: 1.14142
0	00:06:31.873	'1809640': order #42483585 buy 0.01 EURUSD at 1.13653 was modified -> sl: 1.13199 tp: 1.14142
0	00:06:31.888	'1809640': modify order #42483668 buy 0.01 EURUSD at 1.13647 sl: 1.13200 tp: 1.14131 -> sl: 1.13200 tp: 1.14142
0	00:06:32.185	'1809640': order #42483668 buy 0.01 EURUSD at 1.13647 was modified -> sl: 1.13200 tp: 1.14142
0	00:06:32.201	'1809640': modify order #42483713 buy 0.01 EURUSD at 1.13662 sl: 1.13208 tp: 1.14131 -> sl: 1.13208 tp: 1.14140
0	00:06:32.498	'1809640': order #42483713 buy 0.01 EURUSD at 1.13662 was modified -> sl: 1.13208 tp: 1.14140
0	00:06:32.513	'1809640': modify order #42484053 buy 0.01 EURUSD at 1.13604 sl: 1.13162 tp: 1.14131 -> sl: 1.13162 tp: 1.14141
0	00:06:32.810	'1809640': order #42484053 buy 0.01 EURUSD at 1.13604 was modified -> sl: 1.13162 tp: 1.14141
0	00:06:32.826	'1809640': modify order #42484218 buy 0.01 EURUSD at 1.13658 sl: 1.13237 tp: 1.14131 -> sl: 1.13237 tp: 1.14141
0	00:06:33.123	'1809640': order #42484218 buy 0.01 EURUSD at 1.13658 was modified -> sl: 1.13237 tp: 1.14141
0	00:06:33.138	'1809640': modify order #42484261 buy 0.01 EURUSD at 1.13661 sl: 1.13234 tp: 1.14131 -> sl: 1.13234 tp: 1.14141
0	00:06:33.451	'1809640': order #42484261 buy 0.01 EURUSD at 1.13661 was modified -> sl: 1.13234 tp: 1.14141
0	00:06:33.466	'1809640': modify order #42484537 buy 0.01 EURUSD at 1.13675 sl: 1.13251 tp: 1.14131 -> sl: 1.13251 tp: 1.14141
0	00:06:33.779	'1809640': order #42484537 buy 0.01 EURUSD at 1.13675 was modified -> sl: 1.13251 tp: 1.14141
0	00:07:02.310	'1809640': modify order #42483030 buy 0.01 EURUSD at 1.13679 sl: 1.13185 tp: 1.14142 -> sl: 1.13185 tp: 1.14172
0	00:07:02.638	'1809640': order #42483030 buy 0.01 EURUSD at 1.13679 was modified -> sl: 1.13185 tp: 1.14172
0	00:07:02.670	'1809640': modify order #42483528 buy 0.01 EURUSD at 1.13634 sl: 1.13209 tp: 1.13899 -> sl: 1.13209 tp: 1.13962
0	00:07:02.967	'1809640': order #42483528 buy 0.01 EURUSD at 1.13634 was modified -> sl: 1.13209 tp: 1.13962
0	00:07:02.982	'1809640': modify order #42483585 buy 0.01 EURUSD at 1.13653 sl: 1.13199 tp: 1.14142 -> sl: 1.13199 tp: 1.14173
0	00:07:03.295	'1809640': order #42483585 buy 0.01 EURUSD at 1.13653 was modified -> sl: 1.13199 tp: 1.14173
0	00:07:03.310	'1809640': modify order #42483668 buy 0.01 EURUSD at 1.13647 sl: 1.13200 tp: 1.14142 -> sl: 1.13200 tp: 1.14173
0	00:07:03.591	'1809640': order #42483668 buy 0.01 EURUSD at 1.13647 was modified -> sl: 1.13200 tp: 1.14173
0	00:07:03.607	'1809640': modify order #42483713 buy 0.01 EURUSD at 1.13662 sl: 1.13208 tp: 1.14140 -> sl: 1.13208 tp: 1.14173
0	00:07:03.842	'1809640': order #42483713 buy 0.01 EURUSD at 1.13662 was modified -> sl: 1.13208 tp: 1.14173
0	00:07:03.857	'1809640': modify order #42484053 buy 0.01 EURUSD at 1.13604 sl: 1.13162 tp: 1.14141 -> sl: 1.13162 tp: 1.14173
0	00:07:04.154	'1809640': order #42484053 buy 0.01 EURUSD at 1.13604 was modified -> sl: 1.13162 tp: 1.14173
0	00:07:04.170	'1809640': modify order #42484218 buy 0.01 EURUSD at 1.13658 sl: 1.13237 tp: 1.14141 -> sl: 1.13237 tp: 1.14173
0	00:07:04.482	'1809640': order #42484218 buy 0.01 EURUSD at 1.13658 was modified -> sl: 1.13237 tp: 1.14173
0	00:07:04.482	'1809640': modify order #42484261 buy 0.01 EURUSD at 1.13661 sl: 1.13234 tp: 1.14141 -> sl: 1.13234 tp: 1.14173
0	00:07:04.779	'1809640': order #42484261 buy 0.01 EURUSD at 1.13661 was modified -> sl: 1.13234 tp: 1.14173
0	00:07:04.795	'1809640': modify order #42484297 buy 0.01 EURUSD at 1.13656 sl: 1.13233 tp: 1.14068 -> sl: 1.13233 tp: 1.14136
0	00:07:05.045	'1809640': order #42484297 buy 0.01 EURUSD at 1.13656 was modified -> sl: 1.13233 tp: 1.14136
0	00:07:05.045	'1809640': modify order #42484537 buy 0.01 EURUSD at 1.13675 sl: 1.13251 tp: 1.14141 -> sl: 1.13251 tp: 1.14173
0	00:07:05.373	'1809640': order #42484537 buy 0.01 EURUSD at 1.13675 was modified -> sl: 1.13251 tp: 1.14173
0	00:08:12.467	'1809640': modify order #42483528 buy 0.01 EURUSD at 1.13634 sl: 1.13209 tp: 1.13962 -> sl: 1.13209 tp: 1.13978
0	00:08:12.717	'1809640': order #42483528 buy 0.01 EURUSD at 1.13634 was modified -> sl: 1.13209 tp: 1.13978
0	00:08:12.732	'1809640': modify order #42484297 buy 0.01 EURUSD at 1.13656 sl: 1.13233 tp: 1.14136 -> sl: 1.13233 tp: 1.14153
0	00:08:13.029	'1809640': order #42484297 buy 0.01 EURUSD at 1.13656 was modified -> sl: 1.13233 tp: 1.14153
0	00:11:45.623	'1809640': modify order #42483474 buy 0.01 EURUSD at 1.13634 sl: 1.13202 tp: 1.13760 -> sl: 1.13202 tp: 1.13789
0	00:11:45.951	'1809640': order #42483474 buy 0.01 EURUSD at 1.13634 was modified -> sl: 1.13202 tp: 1.13789
0	00:11:45.982	'1809640': modify order #42483528 buy 0.01 EURUSD at 1.13634 sl: 1.13209 tp: 1.13978 -> sl: 1.13209 tp: 1.13993
0	00:11:46.279	'1809640': order #42483528 buy 0.01 EURUSD at 1.13634 was modified -> sl: 1.13209 tp: 1.13993
0	00:11:46.295	'1809640': modify order #42484297 buy 0.01 EURUSD at 1.13656 sl: 1.13233 tp: 1.14153 -> sl: 1.13233 tp: 1.14166
0	00:11:46.607	'1809640': order #42484297 buy 0.01 EURUSD at 1.13656 was modified -> sl: 1.13233 tp: 1.14166
0	00:14:17.436	'1809640': modify order #42483474 buy 0.01 EURUSD at 1.13634 sl: 1.13202 tp: 1.13789 -> sl: 1.13202 tp: 1.13800
0	00:14:17.748	'1809640': order #42483474 buy 0.01 EURUSD at 1.13634 was modified -> sl: 1.13202 tp: 1.13800
0	00:20:23.436	'1809640': modify order #42483030 buy 0.01 EURUSD at 1.13679 sl: 1.13185 tp: 1.14172 -> sl: 1.13185 tp: 1.14197
0	00:20:23.748	'1809640': order #42483030 buy 0.01 EURUSD at 1.13679 was modified -> sl: 1.13185 tp: 1.14197
0	00:20:23.779	'1809640': modify order #42483474 buy 0.01 EURUSD at 1.13634 sl: 1.13202 tp: 1.13800 -> sl: 1.13202 tp: 1.13829
0	00:20:24.076	'1809640': order #42483474 buy 0.01 EURUSD at 1.13634 was modified -> sl: 1.13202 tp: 1.13829
0	00:20:24.108	'1809640': modify order #42483528 buy 0.01 EURUSD at 1.13634 sl: 1.13209 tp: 1.13993 -> sl: 1.13209 tp: 1.14039
0	00:20:24.389	'1809640': order #42483528 buy 0.01 EURUSD at 1.13634 was modified -> sl: 1.13209 tp: 1.14039
0	00:20:24.420	'1809640': modify order #42483585 buy 0.01 EURUSD at 1.13653 sl: 1.13199 tp: 1.14173 -> sl: 1.13199 tp: 1.14199
0	00:20:24.733	'1809640': order #42483585 buy 0.01 EURUSD at 1.13653 was modified -> sl: 1.13199 tp: 1.14199
0	00:20:24.764	'1809640': modify order #42483668 buy 0.01 EURUSD at 1.13647 sl: 1.13200 tp: 1.14173 -> sl: 1.13200 tp: 1.14198
0	00:20:25.076	'1809640': order #42483668 buy 0.01 EURUSD at 1.13647 was modified -> sl: 1.13200 tp: 1.14198
0	00:20:25.108	'1809640': modify order #42483713 buy 0.01 EURUSD at 1.13662 sl: 1.13208 tp: 1.14173 -> sl: 1.13208 tp: 1.14197
0	00:20:25.436	'1809640': order #42483713 buy 0.01 EURUSD at 1.13662 was modified -> sl: 1.13208 tp: 1.14197
0	00:20:25.467	'1809640': modify order #42484053 buy 0.01 EURUSD at 1.13604 sl: 1.13162 tp: 1.14173 -> sl: 1.13162 tp: 1.14198
0	00:20:25.748	'1809640': order #42484053 buy 0.01 EURUSD at 1.13604 was modified -> sl: 1.13162 tp: 1.14198
0	00:20:25.764	'1809640': modify order #42484218 buy 0.01 EURUSD at 1.13658 sl: 1.13237 tp: 1.14173 -> sl: 1.13237 tp: 1.14200
0	00:20:26.092	'1809640': order #42484218 buy 0.01 EURUSD at 1.13658 was modified -> sl: 1.13237 tp: 1.14200
0	00:20:26.108	'1809640': modify order #42484261 buy 0.01 EURUSD at 1.13661 sl: 1.13234 tp: 1.14173 -> sl: 1.13234 tp: 1.14200
0	00:20:26.404	'1809640': order #42484261 buy 0.01 EURUSD at 1.13661 was modified -> sl: 1.13234 tp: 1.14200
0	00:20:26.420	'1809640': modify order #42484297 buy 0.01 EURUSD at 1.13656 sl: 1.13233 tp: 1.14166 -> sl: 1.13233 tp: 1.14211
0	00:20:26.717	'1809640': order #42484297 buy 0.01 EURUSD at 1.13656 was modified -> sl: 1.13233 tp: 1.14211
0	00:20:26.748	'1809640': modify order #42484537 buy 0.01 EURUSD at 1.13675 sl: 1.13251 tp: 1.14173 -> sl: 1.13251 tp: 1.14201
0	00:20:27.076	'1809640': order #42484537 buy 0.01 EURUSD at 1.13675 was modified -> sl: 1.13251 tp: 1.14201
0	00:36:35.702	'1809640': modify order #42483030 buy 0.01 EURUSD at 1.13679 sl: 1.13185 tp: 1.14197 -> sl: 1.13185 tp: 1.14205
0	00:36:36.077	'1809640': order #42483030 buy 0.01 EURUSD at 1.13679 was modified -> sl: 1.13185 tp: 1.14205
0	00:36:36.092	'1809640': modify order #42483585 buy 0.01 EURUSD at 1.13653 sl: 1.13199 tp: 1.14199 -> sl: 1.13199 tp: 1.14206
0	00:36:36.405	'1809640': order #42483585 buy 0.01 EURUSD at 1.13653 was modified -> sl: 1.13199 tp: 1.14206
0	00:36:36.421	'1809640': modify order #42483668 buy 0.01 EURUSD at 1.13647 sl: 1.13200 tp: 1.14198 -> sl: 1.13200 tp: 1.14206
0	00:36:36.717	'1809640': order #42483668 buy 0.01 EURUSD at 1.13647 was modified -> sl: 1.13200 tp: 1.14206
0	00:36:36.733	'1809640': modify order #42483713 buy 0.01 EURUSD at 1.13662 sl: 1.13208 tp: 1.14197 -> sl: 1.13208 tp: 1.14206
0	00:36:37.061	'1809640': order #42483713 buy 0.01 EURUSD at 1.13662 was modified -> sl: 1.13208 tp: 1.14206
0	00:36:37.077	'1809640': modify order #42484053 buy 0.01 EURUSD at 1.13604 sl: 1.13162 tp: 1.14198 -> sl: 1.13162 tp: 1.14206
0	00:36:37.374	'1809640': order #42484053 buy 0.01 EURUSD at 1.13604 was modified -> sl: 1.13162 tp: 1.14206
0	00:36:37.389	'1809640': modify order #42484218 buy 0.01 EURUSD at 1.13658 sl: 1.13237 tp: 1.14200 -> sl: 1.13237 tp: 1.14206
0	00:36:37.717	'1809640': order #42484218 buy 0.01 EURUSD at 1.13658 was modified -> sl: 1.13237 tp: 1.14206
0	00:36:37.733	'1809640': modify order #42484261 buy 0.01 EURUSD at 1.13661 sl: 1.13234 tp: 1.14200 -> sl: 1.13234 tp: 1.14206
0	00:36:38.030	'1809640': order #42484261 buy 0.01 EURUSD at 1.13661 was modified -> sl: 1.13234 tp: 1.14206
0	00:36:38.046	'1809640': modify order #42484537 buy 0.01 EURUSD at 1.13675 sl: 1.13251 tp: 1.14201 -> sl: 1.13251 tp: 1.14206
0	00:36:38.374	'1809640': order #42484537 buy 0.01 EURUSD at 1.13675 was modified -> sl: 1.13251 tp: 1.14206
0	00:38:59.936	'1809640': modify order #42483030 buy 0.01 EURUSD at 1.13679 sl: 1.13185 tp: 1.14205 -> sl: 1.13185 tp: 1.14206
0	00:39:00.249	'1809640': order #42483030 buy 0.01 EURUSD at 1.13679 was modified -> sl: 1.13185 tp: 1.14206
0	00:39:00.264	'1809640': modify order #42483528 buy 0.01 EURUSD at 1.13634 sl: 1.13209 tp: 1.14039 -> sl: 1.13209 tp: 1.14044
0	00:39:00.561	'1809640': order #42483528 buy 0.01 EURUSD at 1.13634 was modified -> sl: 1.13209 tp: 1.14044
0	00:39:00.577	'1809640': modify order #42483585 buy 0.01 EURUSD at 1.13653 sl: 1.13199 tp: 1.14206 -> sl: 1.13199 tp: 1.14208
0	00:39:00.874	'1809640': order #42483585 buy 0.01 EURUSD at 1.13653 was modified -> sl: 1.13199 tp: 1.14208
0	00:39:00.889	'1809640': modify order #42483668 buy 0.01 EURUSD at 1.13647 sl: 1.13200 tp: 1.14206 -> sl: 1.13200 tp: 1.14208
0	00:39:01.233	'1809640': order #42483668 buy 0.01 EURUSD at 1.13647 was modified -> sl: 1.13200 tp: 1.14208
0	00:39:01.249	'1809640': modify order #42483713 buy 0.01 EURUSD at 1.13662 sl: 1.13208 tp: 1.14206 -> sl: 1.13208 tp: 1.14208
0	00:39:01.546	'1809640': order #42483713 buy 0.01 EURUSD at 1.13662 was modified -> sl: 1.13208 tp: 1.14208
0	00:39:01.561	'1809640': modify order #42484053 buy 0.01 EURUSD at 1.13604 sl: 1.13162 tp: 1.14206 -> sl: 1.13162 tp: 1.14208
0	00:39:01.874	'1809640': order #42484053 buy 0.01 EURUSD at 1.13604 was modified -> sl: 1.13162 tp: 1.14208
0	00:39:01.889	'1809640': modify order #42484218 buy 0.01 EURUSD at 1.13658 sl: 1.13237 tp: 1.14206 -> sl: 1.13237 tp: 1.14207
0	00:39:02.202	'1809640': order #42484218 buy 0.01 EURUSD at 1.13658 was modified -> sl: 1.13237 tp: 1.14207
0	00:39:02.217	'1809640': modify order #42484261 buy 0.01 EURUSD at 1.13661 sl: 1.13234 tp: 1.14206 -> sl: 1.13234 tp: 1.14207
0	00:39:02.530	'1809640': order #42484261 buy 0.01 EURUSD at 1.13661 was modified -> sl: 1.13234 tp: 1.14207
0	00:39:02.546	'1809640': modify order #42484297 buy 0.01 EURUSD at 1.13656 sl: 1.13233 tp: 1.14211 -> sl: 1.13233 tp: 1.14216
0	00:39:02.843	'1809640': order #42484297 buy 0.01 EURUSD at 1.13656 was modified -> sl: 1.13233 tp: 1.14216
0	00:39:02.858	'1809640': modify order #42484537 buy 0.01 EURUSD at 1.13675 sl: 1.13251 tp: 1.14206 -> sl: 1.13251 tp: 1.14207
0	00:39:03.171	'1809640': order #42484537 buy 0.01 EURUSD at 1.13675 was modified -> sl: 1.13251 tp: 1.14207
0	00:49:13.093	'1809640': modify order #42483030 buy 0.01 EURUSD at 1.13679 sl: 1.13185 tp: 1.14206 -> sl: 1.13185 tp: 1.14217
0	00:49:13.358	'1809640': order #42483030 buy 0.01 EURUSD at 1.13679 was modified -> sl: 1.13185 tp: 1.14217
0	00:49:13.374	'1809640': modify order #42483474 buy 0.01 EURUSD at 1.13634 sl: 1.13202 tp: 1.13829 -> sl: 1.13202 tp: 1.13842
0	00:49:13.671	'1809640': order #42483474 buy 0.01 EURUSD at 1.13634 was modified -> sl: 1.13202 tp: 1.13842
0	00:49:13.687	'1809640': modify order #42483528 buy 0.01 EURUSD at 1.13634 sl: 1.13209 tp: 1.14044 -> sl: 1.13209 tp: 1.14082
0	00:49:13.983	'1809640': order #42483528 buy 0.01 EURUSD at 1.13634 was modified -> sl: 1.13209 tp: 1.14082
0	00:49:13.999	'1809640': modify order #42483585 buy 0.01 EURUSD at 1.13653 sl: 1.13199 tp: 1.14208 -> sl: 1.13199 tp: 1.14217
0	00:49:14.296	'1809640': order #42483585 buy 0.01 EURUSD at 1.13653 was modified -> sl: 1.13199 tp: 1.14217
0	00:49:14.312	'1809640': modify order #42483668 buy 0.01 EURUSD at 1.13647 sl: 1.13200 tp: 1.14208 -> sl: 1.13200 tp: 1.14217
0	00:49:14.624	'1809640': order #42483668 buy 0.01 EURUSD at 1.13647 was modified -> sl: 1.13200 tp: 1.14217
0	00:49:14.624	'1809640': modify order #42483713 buy 0.01 EURUSD at 1.13662 sl: 1.13208 tp: 1.14208 -> sl: 1.13208 tp: 1.14217
0	00:49:14.952	'1809640': order #42483713 buy 0.01 EURUSD at 1.13662 was modified -> sl: 1.13208 tp: 1.14217
0	00:49:14.968	'1809640': modify order #42484053 buy 0.01 EURUSD at 1.13604 sl: 1.13162 tp: 1.14208 -> sl: 1.13162 tp: 1.14217
0	00:49:15.280	'1809640': order #42484053 buy 0.01 EURUSD at 1.13604 was modified -> sl: 1.13162 tp: 1.14217
0	00:49:15.296	'1809640': modify order #42484218 buy 0.01 EURUSD at 1.13658 sl: 1.13237 tp: 1.14207 -> sl: 1.13237 tp: 1.14217
0	00:49:15.624	'1809640': order #42484218 buy 0.01 EURUSD at 1.13658 was modified -> sl: 1.13237 tp: 1.14217
0	00:49:15.640	'1809640': modify order #42484261 buy 0.01 EURUSD at 1.13661 sl: 1.13234 tp: 1.14207 -> sl: 1.13234 tp: 1.14217
0	00:49:15.952	'1809640': order #42484261 buy 0.01 EURUSD at 1.13661 was modified -> sl: 1.13234 tp: 1.14217
0	00:49:15.968	'1809640': modify order #42484297 buy 0.01 EURUSD at 1.13656 sl: 1.13233 tp: 1.14216 -> sl: 1.13233 tp: 1.14255
0	00:49:16.265	'1809640': order #42484297 buy 0.01 EURUSD at 1.13656 was modified -> sl: 1.13233 tp: 1.14255
0	00:49:16.280	'1809640': modify order #42484537 buy 0.01 EURUSD at 1.13675 sl: 1.13251 tp: 1.14207 -> sl: 1.13251 tp: 1.14217
0	00:49:16.593	'1809640': order #42484537 buy 0.01 EURUSD at 1.13675 was modified -> sl: 1.13251 tp: 1.14217
0	07:38:52.777	'1809640': modify order #42483030 buy 0.01 EURUSD at 1.13679 sl: 1.13185 tp: 1.14217 -> sl: 1.13185 tp: 1.14221
0	07:38:53.090	'1809640': order #42483030 buy 0.01 EURUSD at 1.13679 was modified -> sl: 1.13185 tp: 1.14221
0	07:38:53.090	'1809640': modify order #42483585 buy 0.01 EURUSD at 1.13653 sl: 1.13199 tp: 1.14217 -> sl: 1.13199 tp: 1.14219
0	07:38:53.402	'1809640': order #42483585 buy 0.01 EURUSD at 1.13653 was modified -> sl: 1.13199 tp: 1.14219
0	07:38:53.433	'1809640': modify order #42483668 buy 0.01 EURUSD at 1.13647 sl: 1.13200 tp: 1.14217 -> sl: 1.13200 tp: 1.14220
0	07:38:53.746	'1809640': order #42483668 buy 0.01 EURUSD at 1.13647 was modified -> sl: 1.13200 tp: 1.14220
0	07:38:53.762	'1809640': modify order #42483713 buy 0.01 EURUSD at 1.13662 sl: 1.13208 tp: 1.14217 -> sl: 1.13208 tp: 1.14220
0	07:38:54.043	'1809640': order #42483713 buy 0.01 EURUSD at 1.13662 was modified -> sl: 1.13208 tp: 1.14220
0	07:38:54.058	'1809640': modify order #42484053 buy 0.01 EURUSD at 1.13604 sl: 1.13162 tp: 1.14217 -> sl: 1.13162 tp: 1.14220
0	07:38:54.355	'1809640': order #42484053 buy 0.01 EURUSD at 1.13604 was modified -> sl: 1.13162 tp: 1.14220
0	07:38:54.371	'1809640': modify order #42484218 buy 0.01 EURUSD at 1.13658 sl: 1.13237 tp: 1.14217 -> sl: 1.13237 tp: 1.14219
0	07:38:54.668	'1809640': order #42484218 buy 0.01 EURUSD at 1.13658 was modified -> sl: 1.13237 tp: 1.14219
0	07:38:54.684	'1809640': modify order #42484261 buy 0.01 EURUSD at 1.13661 sl: 1.13234 tp: 1.14217 -> sl: 1.13234 tp: 1.14219
0	07:38:54.996	'1809640': order #42484261 buy 0.01 EURUSD at 1.13661 was modified -> sl: 1.13234 tp: 1.14219
0	07:38:55.012	'1809640': modify order #42484537 buy 0.01 EURUSD at 1.13675 sl: 1.13251 tp: 1.14217 -> sl: 1.13251 tp: 1.14220
0	07:38:55.293	'1809640': order #42484537 buy 0.01 EURUSD at 1.13675 was modified -> sl: 1.13251 tp: 1.14220
0	07:48:16.684	'1809640': modify order #42483030 buy 0.01 EURUSD at 1.13679 sl: 1.13185 tp: 1.14221 -> sl: 1.13185 tp: 1.14231
0	07:48:16.996	'1809640': order #42483030 buy 0.01 EURUSD at 1.13679 was modified -> sl: 1.13185 tp: 1.14231
0	07:48:17.028	'1809640': modify order #42483474 buy 0.01 EURUSD at 1.13634 sl: 1.13202 tp: 1.13842 -> sl: 1.13202 tp: 1.13877
0	07:48:17.293	'1809640': order #42483474 buy 0.01 EURUSD at 1.13634 was modified -> sl: 1.13202 tp: 1.13877
0	07:48:17.309	'1809640': modify order #42483585 buy 0.01 EURUSD at 1.13653 sl: 1.13199 tp: 1.14219 -> sl: 1.13199 tp: 1.14235
0	07:48:17.606	'1809640': order #42483585 buy 0.01 EURUSD at 1.13653 was modified -> sl: 1.13199 tp: 1.14235
0	07:48:17.637	'1809640': modify order #42483668 buy 0.01 EURUSD at 1.13647 sl: 1.13200 tp: 1.14220 -> sl: 1.13200 tp: 1.14234
0	07:48:17.918	'1809640': order #42483668 buy 0.01 EURUSD at 1.13647 was modified -> sl: 1.13200 tp: 1.14234
0	07:48:17.949	'1809640': modify order #42483713 buy 0.01 EURUSD at 1.13662 sl: 1.13208 tp: 1.14220 -> sl: 1.13208 tp: 1.14234
0	07:48:18.262	'1809640': order #42483713 buy 0.01 EURUSD at 1.13662 was modified -> sl: 1.13208 tp: 1.14234
0	07:48:18.278	'1809640': modify order #42484053 buy 0.01 EURUSD at 1.13604 sl: 1.13162 tp: 1.14220 -> sl: 1.13162 tp: 1.14233
0	07:48:18.574	'1809640': order #42484053 buy 0.01 EURUSD at 1.13604 was modified -> sl: 1.13162 tp: 1.14233
0	07:48:18.606	'1809640': modify order #42484218 buy 0.01 EURUSD at 1.13658 sl: 1.13237 tp: 1.14219 -> sl: 1.13237 tp: 1.14233
0	07:48:18.902	'1809640': order #42484218 buy 0.01 EURUSD at 1.13658 was modified -> sl: 1.13237 tp: 1.14233
0	07:48:18.918	'1809640': modify order #42484261 buy 0.01 EURUSD at 1.13661 sl: 1.13234 tp: 1.14219 -> sl: 1.13234 tp: 1.14233
0	07:48:19.231	'1809640': order #42484261 buy 0.01 EURUSD at 1.13661 was modified -> sl: 1.13234 tp: 1.14233
0	07:48:19.231	'1809640': modify order #42484537 buy 0.01 EURUSD at 1.13675 sl: 1.13251 tp: 1.14220 -> sl: 1.13251 tp: 1.14233
0	07:48:19.543	'1809640': order #42484537 buy 0.01 EURUSD at 1.13675 was modified -> sl: 1.13251 tp: 1.14233
0	07:55:30.012	'1809640': modify order #42483030 buy 0.01 EURUSD at 1.13679 sl: 1.13185 tp: 1.14231 -> sl: 1.13185 tp: 1.14269
0	07:55:30.262	'1809640': order #42483030 buy 0.01 EURUSD at 1.13679 was modified -> sl: 1.13185 tp: 1.14269
0	07:55:30.262	'1809640': modify order #42483585 buy 0.01 EURUSD at 1.13653 sl: 1.13199 tp: 1.14235 -> sl: 1.13199 tp: 1.14271
0	07:55:30.575	'1809640': order #42483585 buy 0.01 EURUSD at 1.13653 was modified -> sl: 1.13199 tp: 1.14271
0	07:55:30.590	'1809640': modify order #42483668 buy 0.01 EURUSD at 1.13647 sl: 1.13200 tp: 1.14234 -> sl: 1.13200 tp: 1.14271
0	07:55:30.903	'1809640': order #42483668 buy 0.01 EURUSD at 1.13647 was modified -> sl: 1.13200 tp: 1.14271
0	07:55:30.903	'1809640': modify order #42483713 buy 0.01 EURUSD at 1.13662 sl: 1.13208 tp: 1.14234 -> sl: 1.13208 tp: 1.14271
0	07:55:31.200	'1809640': order #42483713 buy 0.01 EURUSD at 1.13662 was modified -> sl: 1.13208 tp: 1.14271
0	07:55:31.231	'1809640': modify order #42484053 buy 0.01 EURUSD at 1.13604 sl: 1.13162 tp: 1.14233 -> sl: 1.13162 tp: 1.14269
0	07:55:31.481	'1809640': order #42484053 buy 0.01 EURUSD at 1.13604 was modified -> sl: 1.13162 tp: 1.14269
0	07:55:31.512	'1809640': modify order #42484218 buy 0.01 EURUSD at 1.13658 sl: 1.13237 tp: 1.14233 -> sl: 1.13237 tp: 1.14267
0	07:55:31.762	'1809640': order #42484218 buy 0.01 EURUSD at 1.13658 was modified -> sl: 1.13237 tp: 1.14267
0	07:55:31.762	'1809640': modify order #42484261 buy 0.01 EURUSD at 1.13661 sl: 1.13234 tp: 1.14233 -> sl: 1.13234 tp: 1.14271
0	07:55:32.075	'1809640': order #42484261 buy 0.01 EURUSD at 1.13661 was modified -> sl: 1.13234 tp: 1.14271
0	07:55:32.075	'1809640': modify order #42484537 buy 0.01 EURUSD at 1.13675 sl: 1.13251 tp: 1.14233 -> sl: 1.13251 tp: 1.14270
0	07:55:32.387	'1809640': order #42484537 buy 0.01 EURUSD at 1.13675 was modified -> sl: 1.13251 tp: 1.14270
0	07:56:04.309	'1809640': modify order #42483030 buy 0.01 EURUSD at 1.13679 sl: 1.13185 tp: 1.14269 -> sl: 1.13185 tp: 1.14272
0	07:56:04.590	'1809640': order #42483030 buy 0.01 EURUSD at 1.13679 was modified -> sl: 1.13185 tp: 1.14272
0	07:56:04.606	'1809640': modify order #42483528 buy 0.01 EURUSD at 1.13634 sl: 1.13209 tp: 1.14082 -> sl: 1.13209 tp: 1.14135
0	07:56:04.903	'1809640': order #42483528 buy 0.01 EURUSD at 1.13634 was modified -> sl: 1.13209 tp: 1.14135
0	07:56:04.934	'1809640': modify order #42483585 buy 0.01 EURUSD at 1.13653 sl: 1.13199 tp: 1.14271 -> sl: 1.13199 tp: 1.14276
0	07:56:05.215	'1809640': order #42483585 buy 0.01 EURUSD at 1.13653 was modified -> sl: 1.13199 tp: 1.14276
0	07:56:05.231	'1809640': modify order #42483668 buy 0.01 EURUSD at 1.13647 sl: 1.13200 tp: 1.14271 -> sl: 1.13200 tp: 1.14273
0	07:56:05.528	'1809640': order #42483668 buy 0.01 EURUSD at 1.13647 was modified -> sl: 1.13200 tp: 1.14273
0	07:56:05.543	'1809640': modify order #42483713 buy 0.01 EURUSD at 1.13662 sl: 1.13208 tp: 1.14271 -> sl: 1.13208 tp: 1.14273
0	07:56:05.825	'1809640': order #42483713 buy 0.01 EURUSD at 1.13662 was modified -> sl: 1.13208 tp: 1.14273
0	07:56:05.840	'1809640': modify order #42484053 buy 0.01 EURUSD at 1.13604 sl: 1.13162 tp: 1.14269 -> sl: 1.13162 tp: 1.14274
0	07:56:06.137	'1809640': order #42484053 buy 0.01 EURUSD at 1.13604 was modified -> sl: 1.13162 tp: 1.14274
0	07:56:06.153	'1809640': modify order #42484218 buy 0.01 EURUSD at 1.13658 sl: 1.13237 tp: 1.14267 -> sl: 1.13237 tp: 1.14274
0	07:56:06.450	'1809640': order #42484218 buy 0.01 EURUSD at 1.13658 was modified -> sl: 1.13237 tp: 1.14274
0	07:56:06.481	'1809640': modify order #42484261 buy 0.01 EURUSD at 1.13661 sl: 1.13234 tp: 1.14271 -> sl: 1.13234 tp: 1.14273
0	07:56:06.793	'1809640': order #42484261 buy 0.01 EURUSD at 1.13661 was modified -> sl: 1.13234 tp: 1.14273
0	07:56:06.809	'1809640': modify order #42484537 buy 0.01 EURUSD at 1.13675 sl: 1.13251 tp: 1.14270 -> sl: 1.13251 tp: 1.14273
0	07:56:07.106	'1809640': order #42484537 buy 0.01 EURUSD at 1.13675 was modified -> sl: 1.13251 tp: 1.14273
0	07:59:56.153	'1809640': modify order #42483474 buy 0.01 EURUSD at 1.13634 sl: 1.13202 tp: 1.13877 -> sl: 1.13202 tp: 1.13906
0	07:59:56.481	'1809640': order #42483474 buy 0.01 EURUSD at 1.13634 was modified -> sl: 1.13202 tp: 1.13906
0	08:21:01.076	'1809640': modify order #42483474 buy 0.01 EURUSD at 1.13634 sl: 1.13202 tp: 1.13906 -> sl: 1.13202 tp: 1.13907
0	08:21:01.326	'1809640': order #42483474 buy 0.01 EURUSD at 1.13634 was modified -> sl: 1.13202 tp: 1.13907
0	08:21:04.638	'1809640': modify order #42483474 buy 0.01 EURUSD at 1.13634 sl: 1.13202 tp: 1.13907 -> sl: 1.13202 tp: 1.13909
0	08:21:04.950	'1809640': order #42483474 buy 0.01 EURUSD at 1.13634 was modified -> sl: 1.13202 tp: 1.13909
0	08:35:19.935	'1809640': modify order #42483030 buy 0.01 EURUSD at 1.13679 sl: 1.13185 tp: 1.14272 -> sl: 1.13185 tp: 1.14284
0	08:35:20.232	'1809640': order #42483030 buy 0.01 EURUSD at 1.13679 was modified -> sl: 1.13185 tp: 1.14284
0	08:35:20.248	'1809640': modify order #42483585 buy 0.01 EURUSD at 1.13653 sl: 1.13199 tp: 1.14276 -> sl: 1.13199 tp: 1.14282
0	08:35:20.560	'1809640': order #42483585 buy 0.01 EURUSD at 1.13653 was modified -> sl: 1.13199 tp: 1.14282
0	08:35:20.592	'1809640': modify order #42483668 buy 0.01 EURUSD at 1.13647 sl: 1.13200 tp: 1.14273 -> sl: 1.13200 tp: 1.14285
0	08:35:20.935	'1809640': order #42483668 buy 0.01 EURUSD at 1.13647 was modified -> sl: 1.13200 tp: 1.14285
0	08:35:20.951	'1809640': modify order #42483713 buy 0.01 EURUSD at 1.13662 sl: 1.13208 tp: 1.14273 -> sl: 1.13208 tp: 1.14284
0	08:35:21.248	'1809640': order #42483713 buy 0.01 EURUSD at 1.13662 was modified -> sl: 1.13208 tp: 1.14284
0	08:35:21.263	'1809640': modify order #42484053 buy 0.01 EURUSD at 1.13604 sl: 1.13162 tp: 1.14274 -> sl: 1.13162 tp: 1.14284
0	08:35:21.560	'1809640': order #42484053 buy 0.01 EURUSD at 1.13604 was modified -> sl: 1.13162 tp: 1.14284
0	08:35:21.576	'1809640': modify order #42484218 buy 0.01 EURUSD at 1.13658 sl: 1.13237 tp: 1.14274 -> sl: 1.13237 tp: 1.14285
0	08:35:21.904	'1809640': order #42484218 buy 0.01 EURUSD at 1.13658 was modified -> sl: 1.13237 tp: 1.14285
0	08:35:21.920	'1809640': modify order #42484261 buy 0.01 EURUSD at 1.13661 sl: 1.13234 tp: 1.14273 -> sl: 1.13234 tp: 1.14284
0	08:35:22.217	'1809640': order #42484261 buy 0.01 EURUSD at 1.13661 was modified -> sl: 1.13234 tp: 1.14284
0	08:35:22.232	'1809640': modify order #42484537 buy 0.01 EURUSD at 1.13675 sl: 1.13251 tp: 1.14273 -> sl: 1.13251 tp: 1.14285
0	08:35:22.529	'1809640': order #42484537 buy 0.01 EURUSD at 1.13675 was modified -> sl: 1.13251 tp: 1.14285
0	09:08:22.983	'1809640': modify order #42472174 buy 0.01 EURUSD at 1.13686 sl: 1.13287 tp: 1.13935 -> sl: 1.13287 tp: 1.13938
0	09:08:23.296	'1809640': order #42472174 buy 0.01 EURUSD at 1.13686 was modified -> sl: 1.13287 tp: 1.13938
0	09:14:41.452	'1809640': order #42483474 buy 0.01 EURUSD at 1.13634 closed due take-profit at price 1.13909
0	09:14:41.546	'1809640': modify order #42253709 buy 0.01 EURUSD at 1.12142 sl: 1.11708 tp: 1.14321 -> sl: 1.11708 tp: 1.14368
0	09:14:41.796	'1809640': order #42253709 buy 0.01 EURUSD at 1.12142 was modified -> sl: 1.11708 tp: 1.14368
0	09:14:41.811	'1809640': modify order #42253811 buy 0.01 EURUSD at 1.12122 sl: 1.11701 tp: 1.14321 -> sl: 1.11701 tp: 1.14368
0	09:14:42.108	'1809640': order #42253811 buy 0.01 EURUSD at 1.12122 was modified -> sl: 1.11701 tp: 1.14368
0	09:14:42.124	'1809640': modify order #42304416 buy 0.01 EURUSD at 1.11861 sl: 1.11433 tp: 1.14321 -> sl: 1.11433 tp: 1.14370
0	09:14:42.452	'1809640': order #42304416 buy 0.01 EURUSD at 1.11861 was modified -> sl: 1.11433 tp: 1.14370
0	09:14:42.468	'1809640': modify order #42318299 buy 0.01 EURUSD at 1.12187 sl: 1.11766 tp: 1.14322 -> sl: 1.11766 tp: 1.14370
0	09:14:42.718	'1809640': order #42318299 buy 0.01 EURUSD at 1.12187 was modified -> sl: 1.11766 tp: 1.14370
0	09:14:42.733	'1809640': modify order #42319511 buy 0.01 EURUSD at 1.12265 sl: 1.11843 tp: 1.14323 -> sl: 1.11843 tp: 1.14370
0	09:14:43.046	'1809640': order #42319511 buy 0.01 EURUSD at 1.12265 was modified -> sl: 1.11843 tp: 1.14370
0	09:14:43.061	'1809640': modify order #42349320 buy 0.01 EURUSD at 1.12418 sl: 1.11998 tp: 1.14322 -> sl: 1.11998 tp: 1.14370
0	09:14:43.358	'1809640': order #42349320 buy 0.01 EURUSD at 1.12418 was modified -> sl: 1.11998 tp: 1.14370
0	09:14:43.358	'1809640': modify order #42350132 buy 0.01 EURUSD at 1.12382 sl: 1.11959 tp: 1.14322 -> sl: 1.11959 tp: 1.14370
0	09:14:43.671	'1809640': order #42350132 buy 0.01 EURUSD at 1.12382 was modified -> sl: 1.11959 tp: 1.14370
0	09:14:43.671	'1809640': modify order #42375504 buy 0.01 EURUSD at 1.12368 sl: 1.11946 tp: 1.14322 -> sl: 1.11946 tp: 1.14370
0	09:14:43.983	'1809640': order #42375504 buy 0.01 EURUSD at 1.12368 was modified -> sl: 1.11946 tp: 1.14370
0	09:14:44.030	'1809640': modify order #42379217 buy 0.01 EURUSD at 1.12539 sl: 1.12113 tp: 1.14322 -> sl: 1.12113 tp: 1.14370
0	09:14:44.311	'1809640': order #42379217 buy 0.01 EURUSD at 1.12539 was modified -> sl: 1.12113 tp: 1.14370
0	09:14:44.327	'1809640': modify order #42386701 buy 0.01 EURUSD at 1.12590 sl: 1.12166 tp: 1.14321 -> sl: 1.12166 tp: 1.14369
0	09:14:44.624	'1809640': order #42386701 buy 0.01 EURUSD at 1.12590 was modified -> sl: 1.12166 tp: 1.14369
0	09:14:44.655	'1809640': modify order #42402706 buy 0.01 EURUSD at 1.12780 sl: 1.12361 tp: 1.14322 -> sl: 1.12361 tp: 1.14370
0	09:14:44.968	'1809640': order #42402706 buy 0.01 EURUSD at 1.12780 was modified -> sl: 1.12361 tp: 1.14370
0	09:14:44.999	'1809640': modify order #42483030 buy 0.01 EURUSD at 1.13679 sl: 1.13185 tp: 1.14284 -> sl: 1.13185 tp: 1.14370
0	09:14:45.249	'1809640': order #42483030 buy 0.01 EURUSD at 1.13679 was modified -> sl: 1.13185 tp: 1.14370
0	09:14:45.265	'1809640': modify order #42483528 buy 0.01 EURUSD at 1.13634 sl: 1.13209 tp: 1.14135 -> sl: 1.13209 tp: 1.14246
0	09:14:45.561	'1809640': order #42483528 buy 0.01 EURUSD at 1.13634 was modified -> sl: 1.13209 tp: 1.14246
0	09:14:45.577	'1809640': modify order #42483585 buy 0.01 EURUSD at 1.13653 sl: 1.13199 tp: 1.14282 -> sl: 1.13199 tp: 1.14369
0	09:14:45.874	'1809640': order #42483585 buy 0.01 EURUSD at 1.13653 was modified -> sl: 1.13199 tp: 1.14369
0	09:14:45.890	'1809640': modify order #42483668 buy 0.01 EURUSD at 1.13647 sl: 1.13200 tp: 1.14285 -> sl: 1.13200 tp: 1.14369
0	09:14:46.187	'1809640': order #42483668 buy 0.01 EURUSD at 1.13647 was modified -> sl: 1.13200 tp: 1.14369
0	09:14:46.202	'1809640': modify order #42483713 buy 0.01 EURUSD at 1.13662 sl: 1.13208 tp: 1.14284 -> sl: 1.13208 tp: 1.14369
0	09:14:46.499	'1809640': order #42483713 buy 0.01 EURUSD at 1.13662 was modified -> sl: 1.13208 tp: 1.14369
0	09:14:46.515	'1809640': modify order #42484053 buy 0.01 EURUSD at 1.13604 sl: 1.13162 tp: 1.14284 -> sl: 1.13162 tp: 1.14370
0	09:14:46.827	'1809640': order #42484053 buy 0.01 EURUSD at 1.13604 was modified -> sl: 1.13162 tp: 1.14370
0	09:14:46.843	'1809640': modify order #42484218 buy 0.01 EURUSD at 1.13658 sl: 1.13237 tp: 1.14285 -> sl: 1.13237 tp: 1.14370
0	09:14:47.171	'1809640': order #42484218 buy 0.01 EURUSD at 1.13658 was modified -> sl: 1.13237 tp: 1.14370
0	09:14:47.171	'1809640': modify order #42484261 buy 0.01 EURUSD at 1.13661 sl: 1.13234 tp: 1.14284 -> sl: 1.13234 tp: 1.14370
0	09:14:47.483	'1809640': order #42484261 buy 0.01 EURUSD at 1.13661 was modified -> sl: 1.13234 tp: 1.14370
0	09:14:47.499	'1809640': modify order #42484297 buy 0.01 EURUSD at 1.13656 sl: 1.13233 tp: 1.14255 -> sl: 1.13233 tp: 1.14303
0	09:14:47.796	'1809640': order #42484297 buy 0.01 EURUSD at 1.13656 was modified -> sl: 1.13233 tp: 1.14303
0	09:14:47.811	'1809640': modify order #42484537 buy 0.01 EURUSD at 1.13675 sl: 1.13251 tp: 1.14285 -> sl: 1.13251 tp: 1.14370
0	09:14:48.108	'1809640': order #42484537 buy 0.01 EURUSD at 1.13675 was modified -> sl: 1.13251 tp: 1.14370
0	09:16:41.280	'1809640': order #42473865 sell 0.01 EURUSD at 1.13519 closed due stop-loss at price 1.13937
0	09:16:41.437	'1809640': order #42468372 sell 0.01 EURUSD at 1.13521 closed due stop-loss at price 1.13941
0	09:16:41.483	'1809640': order buy market 0.01 EURUSD sl: 1.13523 tp: 0.00000
0	09:16:41.765	'1809640': order was opened : #42494681 buy 0.01 EURUSD at 1.13951 sl: 1.13523 tp: 0.00000
0	09:16:42.015	'1809640': modify order #42253709 buy 0.01 EURUSD at 1.12142 sl: 1.11708 tp: 1.14368 -> sl: 1.11708 tp: 1.14391
0	09:16:42.343	'1809640': order #42253709 buy 0.01 EURUSD at 1.12142 was modified -> sl: 1.11708 tp: 1.14391
0	09:16:42.358	'1809640': modify order #42253811 buy 0.01 EURUSD at 1.12122 sl: 1.11701 tp: 1.14368 -> sl: 1.11701 tp: 1.14390
0	09:16:42.499	'1809640': order #42472174 buy 0.01 EURUSD at 1.13686 closed due take-profit at price 1.13938
0	09:16:42.671	'1809640': order #42253811 buy 0.01 EURUSD at 1.12122 was modified -> sl: 1.11701 tp: 1.14390
0	09:16:42.671	'1809640': modify order #42304416 buy 0.01 EURUSD at 1.11861 sl: 1.11433 tp: 1.14370 -> sl: 1.11433 tp: 1.14389
0	09:16:43.030	'1809640': order #42304416 buy 0.01 EURUSD at 1.11861 was modified -> sl: 1.11433 tp: 1.14389
0	09:16:43.062	'1809640': modify order #42318299 buy 0.01 EURUSD at 1.12187 sl: 1.11766 tp: 1.14370 -> sl: 1.11766 tp: 1.14388
0	09:16:43.327	'1809640': order #42318299 buy 0.01 EURUSD at 1.12187 was modified -> sl: 1.11766 tp: 1.14388
0	09:16:43.327	'1809640': modify order #42319511 buy 0.01 EURUSD at 1.12265 sl: 1.11843 tp: 1.14370 -> sl: 1.11843 tp: 1.14387
0	09:16:43.640	'1809640': order #42319511 buy 0.01 EURUSD at 1.12265 was modified -> sl: 1.11843 tp: 1.14387
0	09:16:43.671	'1809640': modify order #42349320 buy 0.01 EURUSD at 1.12418 sl: 1.11998 tp: 1.14370 -> sl: 1.11998 tp: 1.14390
0	09:16:43.983	'1809640': order #42349320 buy 0.01 EURUSD at 1.12418 was modified -> sl: 1.11998 tp: 1.14390
0	09:16:43.983	'1809640': modify order #42350132 buy 0.01 EURUSD at 1.12382 sl: 1.11959 tp: 1.14370 -> sl: 1.11959 tp: 1.14390
0	09:16:44.280	'1809640': order #42350132 buy 0.01 EURUSD at 1.12382 was modified -> sl: 1.11959 tp: 1.14390
0	09:16:44.311	'1809640': modify order #42375504 buy 0.01 EURUSD at 1.12368 sl: 1.11946 tp: 1.14370 -> sl: 1.11946 tp: 1.14390
0	09:16:44.624	'1809640': order #42375504 buy 0.01 EURUSD at 1.12368 was modified -> sl: 1.11946 tp: 1.14390
0	09:16:44.624	'1809640': modify order #42379217 buy 0.01 EURUSD at 1.12539 sl: 1.12113 tp: 1.14370 -> sl: 1.12113 tp: 1.14390
0	09:16:44.937	'1809640': order #42379217 buy 0.01 EURUSD at 1.12539 was modified -> sl: 1.12113 tp: 1.14390
0	09:16:44.968	'1809640': modify order #42386701 buy 0.01 EURUSD at 1.12590 sl: 1.12166 tp: 1.14369 -> sl: 1.12166 tp: 1.14390
0	09:16:45.311	'1809640': order #42386701 buy 0.01 EURUSD at 1.12590 was modified -> sl: 1.12166 tp: 1.14390
0	09:16:45.343	'1809640': modify order #42402706 buy 0.01 EURUSD at 1.12780 sl: 1.12361 tp: 1.14370 -> sl: 1.12361 tp: 1.14391
0	09:16:45.608	'1809640': order #42402706 buy 0.01 EURUSD at 1.12780 was modified -> sl: 1.12361 tp: 1.14391
0	09:16:45.608	'1809640': modify order #42483030 buy 0.01 EURUSD at 1.13679 sl: 1.13185 tp: 1.14370 -> sl: 1.13185 tp: 1.14390
0	09:16:45.921	'1809640': order #42483030 buy 0.01 EURUSD at 1.13679 was modified -> sl: 1.13185 tp: 1.14390
0	09:16:45.952	'1809640': modify order #42483528 buy 0.01 EURUSD at 1.13634 sl: 1.13209 tp: 1.14246 -> sl: 1.13209 tp: 1.14287
0	09:16:46.280	'1809640': order #42483528 buy 0.01 EURUSD at 1.13634 was modified -> sl: 1.13209 tp: 1.14287
0	09:16:46.312	'1809640': modify order #42483585 buy 0.01 EURUSD at 1.13653 sl: 1.13199 tp: 1.14369 -> sl: 1.13199 tp: 1.14388
0	09:16:46.624	'1809640': order #42483585 buy 0.01 EURUSD at 1.13653 was modified -> sl: 1.13199 tp: 1.14388
0	09:16:46.624	'1809640': modify order #42483668 buy 0.01 EURUSD at 1.13647 sl: 1.13200 tp: 1.14369 -> sl: 1.13200 tp: 1.14386
0	09:16:46.937	'1809640': order #42483668 buy 0.01 EURUSD at 1.13647 was modified -> sl: 1.13200 tp: 1.14386
0	09:16:46.983	'1809640': modify order #42483713 buy 0.01 EURUSD at 1.13662 sl: 1.13208 tp: 1.14369 -> sl: 1.13208 tp: 1.14390
0	09:16:47.280	'1809640': order #42483713 buy 0.01 EURUSD at 1.13662 was modified -> sl: 1.13208 tp: 1.14390
0	09:16:47.296	'1809640': modify order #42484053 buy 0.01 EURUSD at 1.13604 sl: 1.13162 tp: 1.14370 -> sl: 1.13162 tp: 1.14391
0	09:16:47.546	'1809640': order #42484053 buy 0.01 EURUSD at 1.13604 was modified -> sl: 1.13162 tp: 1.14391
0	09:16:47.546	'1809640': modify order #42484218 buy 0.01 EURUSD at 1.13658 sl: 1.13237 tp: 1.14370 -> sl: 1.13237 tp: 1.14390
0	09:16:47.858	'1809640': order #42484218 buy 0.01 EURUSD at 1.13658 was modified -> sl: 1.13237 tp: 1.14390
0	09:16:47.874	'1809640': modify order #42484261 buy 0.01 EURUSD at 1.13661 sl: 1.13234 tp: 1.14370 -> sl: 1.13234 tp: 1.14390
0	09:16:48.171	'1809640': order #42484261 buy 0.01 EURUSD at 1.13661 was modified -> sl: 1.13234 tp: 1.14390
0	09:16:48.187	'1809640': modify order #42484297 buy 0.01 EURUSD at 1.13656 sl: 1.13233 tp: 1.14303 -> sl: 1.13233 tp: 1.14343
0	09:16:48.483	'1809640': order #42484297 buy 0.01 EURUSD at 1.13656 was modified -> sl: 1.13233 tp: 1.14343
0	09:16:48.483	'1809640': modify order #42484537 buy 0.01 EURUSD at 1.13675 sl: 1.13251 tp: 1.14370 -> sl: 1.13251 tp: 1.14390
0	09:16:48.812	'1809640': order #42484537 buy 0.01 EURUSD at 1.13675 was modified -> sl: 1.13251 tp: 1.14390
0	09:16:48.812	'1809640': modify order #42494681 buy 0.01 EURUSD at 1.13951 sl: 1.13523 tp: 0.00000 -> sl: 1.13523 tp: 1.14329
0	09:16:49.108	'1809640': order #42494681 buy 0.01 EURUSD at 1.13951 was modified -> sl: 1.13523 tp: 1.14329
0	09:20:56.515	'1809640': order buy market 0.01 EURUSD sl: 1.13545 tp: 1.14403
0	09:20:56.796	'1809640': order was opened : #42494794 buy 0.01 EURUSD at 1.13967 sl: 1.13545 tp: 1.14403
0	09:20:57.046	'1809640': modify order #42253709 buy 0.01 EURUSD at 1.12142 sl: 1.11708 tp: 1.14391 -> sl: 1.11708 tp: 1.14407
0	09:20:57.312	'1809640': order #42253709 buy 0.01 EURUSD at 1.12142 was modified -> sl: 1.11708 tp: 1.14407
0	09:20:57.312	'1809640': modify order #42253811 buy 0.01 EURUSD at 1.12122 sl: 1.11701 tp: 1.14390 -> sl: 1.11701 tp: 1.14407
0	09:20:57.624	'1809640': order #42253811 buy 0.01 EURUSD at 1.12122 was modified -> sl: 1.11701 tp: 1.14407
0	09:20:57.640	'1809640': modify order #42304416 buy 0.01 EURUSD at 1.11861 sl: 1.11433 tp: 1.14389 -> sl: 1.11433 tp: 1.14408
0	09:20:57.952	'1809640': order #42304416 buy 0.01 EURUSD at 1.11861 was modified -> sl: 1.11433 tp: 1.14408
0	09:20:57.968	'1809640': modify order #42318299 buy 0.01 EURUSD at 1.12187 sl: 1.11766 tp: 1.14388 -> sl: 1.11766 tp: 1.14408
0	09:20:58.265	'1809640': order #42318299 buy 0.01 EURUSD at 1.12187 was modified -> sl: 1.11766 tp: 1.14408
0	09:20:58.296	'1809640': modify order #42319511 buy 0.01 EURUSD at 1.12265 sl: 1.11843 tp: 1.14387 -> sl: 1.11843 tp: 1.14407
0	09:20:58.609	'1809640': order #42319511 buy 0.01 EURUSD at 1.12265 was modified -> sl: 1.11843 tp: 1.14407
0	09:20:58.624	'1809640': modify order #42349320 buy 0.01 EURUSD at 1.12418 sl: 1.11998 tp: 1.14390 -> sl: 1.11998 tp: 1.14407
0	09:20:58.921	'1809640': order #42349320 buy 0.01 EURUSD at 1.12418 was modified -> sl: 1.11998 tp: 1.14407
0	09:20:58.937	'1809640': modify order #42350132 buy 0.01 EURUSD at 1.12382 sl: 1.11959 tp: 1.14390 -> sl: 1.11959 tp: 1.14407
0	09:20:59.265	'1809640': order #42350132 buy 0.01 EURUSD at 1.12382 was modified -> sl: 1.11959 tp: 1.14407
0	09:20:59.265	'1809640': modify order #42375504 buy 0.01 EURUSD at 1.12368 sl: 1.11946 tp: 1.14390 -> sl: 1.11946 tp: 1.14407
0	09:20:59.577	'1809640': order #42375504 buy 0.01 EURUSD at 1.12368 was modified -> sl: 1.11946 tp: 1.14407
0	09:20:59.609	'1809640': modify order #42379217 buy 0.01 EURUSD at 1.12539 sl: 1.12113 tp: 1.14390 -> sl: 1.12113 tp: 1.14408
0	09:20:59.921	'1809640': order #42379217 buy 0.01 EURUSD at 1.12539 was modified -> sl: 1.12113 tp: 1.14408
0	09:20:59.937	'1809640': modify order #42386701 buy 0.01 EURUSD at 1.12590 sl: 1.12166 tp: 1.14390 -> sl: 1.12166 tp: 1.14408
0	09:21:00.233	'1809640': order #42386701 buy 0.01 EURUSD at 1.12590 was modified -> sl: 1.12166 tp: 1.14408
0	09:21:00.249	'1809640': modify order #42402706 buy 0.01 EURUSD at 1.12780 sl: 1.12361 tp: 1.14391 -> sl: 1.12361 tp: 1.14408
0	09:21:00.577	'1809640': order #42402706 buy 0.01 EURUSD at 1.12780 was modified -> sl: 1.12361 tp: 1.14408
0	09:21:00.593	'1809640': modify order #42483030 buy 0.01 EURUSD at 1.13679 sl: 1.13185 tp: 1.14390 -> sl: 1.13185 tp: 1.14408
0	09:21:00.890	'1809640': order #42483030 buy 0.01 EURUSD at 1.13679 was modified -> sl: 1.13185 tp: 1.14408
0	09:21:00.905	'1809640': modify order #42483528 buy 0.01 EURUSD at 1.13634 sl: 1.13209 tp: 1.14287 -> sl: 1.13209 tp: 1.14353
0	09:21:01.233	'1809640': order #42483528 buy 0.01 EURUSD at 1.13634 was modified -> sl: 1.13209 tp: 1.14353
0	09:21:01.249	'1809640': modify order #42483585 buy 0.01 EURUSD at 1.13653 sl: 1.13199 tp: 1.14388 -> sl: 1.13199 tp: 1.14408
0	09:21:01.546	'1809640': order #42483585 buy 0.01 EURUSD at 1.13653 was modified -> sl: 1.13199 tp: 1.14408
0	09:21:01.562	'1809640': modify order #42483668 buy 0.01 EURUSD at 1.13647 sl: 1.13200 tp: 1.14386 -> sl: 1.13200 tp: 1.14408
0	09:21:01.890	'1809640': order #42483668 buy 0.01 EURUSD at 1.13647 was modified -> sl: 1.13200 tp: 1.14408
0	09:21:01.890	'1809640': modify order #42483713 buy 0.01 EURUSD at 1.13662 sl: 1.13208 tp: 1.14390 -> sl: 1.13208 tp: 1.14408
0	09:21:02.202	'1809640': order #42483713 buy 0.01 EURUSD at 1.13662 was modified -> sl: 1.13208 tp: 1.14408
0	09:21:02.218	'1809640': modify order #42484053 buy 0.01 EURUSD at 1.13604 sl: 1.13162 tp: 1.14391 -> sl: 1.13162 tp: 1.14408
0	09:21:02.530	'1809640': order #42484053 buy 0.01 EURUSD at 1.13604 was modified -> sl: 1.13162 tp: 1.14408
0	09:21:02.562	'1809640': modify order #42484218 buy 0.01 EURUSD at 1.13658 sl: 1.13237 tp: 1.14390 -> sl: 1.13237 tp: 1.14407
0	09:21:02.859	'1809640': order #42484218 buy 0.01 EURUSD at 1.13658 was modified -> sl: 1.13237 tp: 1.14407
0	09:21:02.874	'1809640': modify order #42484261 buy 0.01 EURUSD at 1.13661 sl: 1.13234 tp: 1.14390 -> sl: 1.13234 tp: 1.14408
0	09:21:03.171	'1809640': order #42484261 buy 0.01 EURUSD at 1.13661 was modified -> sl: 1.13234 tp: 1.14408
0	09:21:03.187	'1809640': modify order #42484297 buy 0.01 EURUSD at 1.13656 sl: 1.13233 tp: 1.14343 -> sl: 1.13233 tp: 1.14409
0	09:21:03.483	'1809640': order #42484297 buy 0.01 EURUSD at 1.13656 was modified -> sl: 1.13233 tp: 1.14409
0	09:21:03.499	'1809640': modify order #42484537 buy 0.01 EURUSD at 1.13675 sl: 1.13251 tp: 1.14390 -> sl: 1.13251 tp: 1.14408
0	09:21:03.796	'1809640': order #42484537 buy 0.01 EURUSD at 1.13675 was modified -> sl: 1.13251 tp: 1.14408
0	09:21:03.812	'1809640': modify order #42494794 buy 0.01 EURUSD at 1.13967 sl: 1.13545 tp: 1.14403 -> sl: 1.13545 tp: 1.14408
0	09:21:04.108	'1809640': order #42494794 buy 0.01 EURUSD at 1.13967 was modified -> sl: 1.13545 tp: 1.14408
0	09:25:31.484	'1809640': order buy market 0.01 EURUSD sl: 1.13554 tp: 1.14055
0	09:25:31.796	'1809640': order was opened : #42494865 buy 0.01 EURUSD at 1.13971 sl: 1.13554 tp: 1.14055
0	09:25:32.062	'1809640': modify order #42253709 buy 0.01 EURUSD at 1.12142 sl: 1.11708 tp: 1.14407 -> sl: 1.11708 tp: 1.14410
0	09:25:32.296	'1809640': order #42253709 buy 0.01 EURUSD at 1.12142 was modified -> sl: 1.11708 tp: 1.14410
0	09:25:32.296	'1809640': modify order #42253811 buy 0.01 EURUSD at 1.12122 sl: 1.11701 tp: 1.14407 -> sl: 1.11701 tp: 1.14410
0	09:25:32.609	'1809640': order #42253811 buy 0.01 EURUSD at 1.12122 was modified -> sl: 1.11701 tp: 1.14410
0	09:25:32.624	'1809640': modify order #42304416 buy 0.01 EURUSD at 1.11861 sl: 1.11433 tp: 1.14408 -> sl: 1.11433 tp: 1.14410
0	09:25:32.921	'1809640': order #42304416 buy 0.01 EURUSD at 1.11861 was modified -> sl: 1.11433 tp: 1.14410
0	09:25:32.937	'1809640': modify order #42318299 buy 0.01 EURUSD at 1.12187 sl: 1.11766 tp: 1.14408 -> sl: 1.11766 tp: 1.14410
0	09:25:33.265	'1809640': order #42318299 buy 0.01 EURUSD at 1.12187 was modified -> sl: 1.11766 tp: 1.14410
0	09:25:33.281	'1809640': modify order #42319511 buy 0.01 EURUSD at 1.12265 sl: 1.11843 tp: 1.14407 -> sl: 1.11843 tp: 1.14410
0	09:25:33.577	'1809640': order #42319511 buy 0.01 EURUSD at 1.12265 was modified -> sl: 1.11843 tp: 1.14410
0	09:25:33.593	'1809640': modify order #42349320 buy 0.01 EURUSD at 1.12418 sl: 1.11998 tp: 1.14407 -> sl: 1.11998 tp: 1.14410
0	09:25:33.890	'1809640': order #42349320 buy 0.01 EURUSD at 1.12418 was modified -> sl: 1.11998 tp: 1.14410
0	09:25:33.906	'1809640': modify order #42350132 buy 0.01 EURUSD at 1.12382 sl: 1.11959 tp: 1.14407 -> sl: 1.11959 tp: 1.14410
0	09:25:34.202	'1809640': order #42350132 buy 0.01 EURUSD at 1.12382 was modified -> sl: 1.11959 tp: 1.14410
0	09:25:34.234	'1809640': modify order #42375504 buy 0.01 EURUSD at 1.12368 sl: 1.11946 tp: 1.14407 -> sl: 1.11946 tp: 1.14409
0	09:25:34.546	'1809640': order #42375504 buy 0.01 EURUSD at 1.12368 was modified -> sl: 1.11946 tp: 1.14409
0	09:25:34.562	'1809640': modify order #42379217 buy 0.01 EURUSD at 1.12539 sl: 1.12113 tp: 1.14408 -> sl: 1.12113 tp: 1.14409
0	09:25:34.859	'1809640': order #42379217 buy 0.01 EURUSD at 1.12539 was modified -> sl: 1.12113 tp: 1.14409
0	09:25:34.874	'1809640': modify order #42386701 buy 0.01 EURUSD at 1.12590 sl: 1.12166 tp: 1.14408 -> sl: 1.12166 tp: 1.14410
0	09:25:35.171	'1809640': order #42386701 buy 0.01 EURUSD at 1.12590 was modified -> sl: 1.12166 tp: 1.14410
0	09:25:35.187	'1809640': modify order #42402706 buy 0.01 EURUSD at 1.12780 sl: 1.12361 tp: 1.14408 -> sl: 1.12361 tp: 1.14410
0	09:25:35.468	'1809640': order #42402706 buy 0.01 EURUSD at 1.12780 was modified -> sl: 1.12361 tp: 1.14410
0	09:25:35.499	'1809640': modify order #42483030 buy 0.01 EURUSD at 1.13679 sl: 1.13185 tp: 1.14408 -> sl: 1.13185 tp: 1.14411
0	09:25:35.796	'1809640': order #42483030 buy 0.01 EURUSD at 1.13679 was modified -> sl: 1.13185 tp: 1.14411
0	09:25:35.812	'1809640': modify order #42483585 buy 0.01 EURUSD at 1.13653 sl: 1.13199 tp: 1.14408 -> sl: 1.13199 tp: 1.14410
0	09:25:36.109	'1809640': order #42483585 buy 0.01 EURUSD at 1.13653 was modified -> sl: 1.13199 tp: 1.14410
0	09:25:36.124	'1809640': modify order #42483668 buy 0.01 EURUSD at 1.13647 sl: 1.13200 tp: 1.14408 -> sl: 1.13200 tp: 1.14411
0	09:25:36.421	'1809640': order #42483668 buy 0.01 EURUSD at 1.13647 was modified -> sl: 1.13200 tp: 1.14411
0	09:25:36.437	'1809640': modify order #42483713 buy 0.01 EURUSD at 1.13662 sl: 1.13208 tp: 1.14408 -> sl: 1.13208 tp: 1.14411
0	09:25:36.749	'1809640': order #42483713 buy 0.01 EURUSD at 1.13662 was modified -> sl: 1.13208 tp: 1.14411
0	09:25:36.765	'1809640': modify order #42484218 buy 0.01 EURUSD at 1.13658 sl: 1.13237 tp: 1.14407 -> sl: 1.13237 tp: 1.14408
0	09:25:37.093	'1809640': order #42484218 buy 0.01 EURUSD at 1.13658 was modified -> sl: 1.13237 tp: 1.14408
0	09:25:37.109	'1809640': modify order #42494865 buy 0.01 EURUSD at 1.13971 sl: 1.13554 tp: 1.14055 -> sl: 1.13554 tp: 1.14056
0	09:25:37.406	'1809640': order #42494865 buy 0.01 EURUSD at 1.13971 was modified -> sl: 1.13554 tp: 1.14056
0	09:26:09.765	'1809640': modify order #42494865 buy 0.01 EURUSD at 1.13971 sl: 1.13554 tp: 1.14056 -> sl: 1.13554 tp: 1.14063
0	09:26:10.046	'1809640': order #42494865 buy 0.01 EURUSD at 1.13971 was modified -> sl: 1.13554 tp: 1.14063
0	09:29:50.375	'1809640': order buy market 0.01 EURUSD sl: 1.13534 tp: 1.14393
0	09:29:50.640	'1809640': order was opened : #42494907 buy 0.01 EURUSD at 1.13957 sl: 1.13534 tp: 1.14393
0	09:29:50.687	'1809640': modify order #42483528 buy 0.01 EURUSD at 1.13634 sl: 1.13209 tp: 1.14353 -> sl: 1.13209 tp: 1.14364
0	09:29:50.937	'1809640': order #42483528 buy 0.01 EURUSD at 1.13634 was modified -> sl: 1.13209 tp: 1.14364
0	09:29:50.953	'1809640': modify order #42484297 buy 0.01 EURUSD at 1.13656 sl: 1.13233 tp: 1.14409 -> sl: 1.13233 tp: 1.14421
0	09:29:51.249	'1809640': order #42484297 buy 0.01 EURUSD at 1.13656 was modified -> sl: 1.13233 tp: 1.14421
0	09:29:51.281	'1809640': modify order #42494865 buy 0.01 EURUSD at 1.13971 sl: 1.13554 tp: 1.14063 -> sl: 1.13554 tp: 1.14073
0	09:29:51.578	'1809640': order #42494865 buy 0.01 EURUSD at 1.13971 was modified -> sl: 1.13554 tp: 1.14073
0	09:29:51.609	'1809640': modify order #42494907 buy 0.01 EURUSD at 1.13957 sl: 1.13534 tp: 1.14393 -> sl: 1.13534 tp: 1.14397
0	09:29:51.906	'1809640': order #42494907 buy 0.01 EURUSD at 1.13957 was modified -> sl: 1.13534 tp: 1.14397
0	09:34:46.468	'1809640': modify order #42483528 buy 0.01 EURUSD at 1.13634 sl: 1.13209 tp: 1.14364 -> sl: 1.13209 tp: 1.14375
0	09:34:46.796	'1809640': order #42483528 buy 0.01 EURUSD at 1.13634 was modified -> sl: 1.13209 tp: 1.14375
0	09:34:46.812	'1809640': modify order #42484297 buy 0.01 EURUSD at 1.13656 sl: 1.13233 tp: 1.14421 -> sl: 1.13233 tp: 1.14431
0	09:34:47.125	'1809640': order #42484297 buy 0.01 EURUSD at 1.13656 was modified -> sl: 1.13233 tp: 1.14431
0	20:59:13.849	'1809640': order #42494865 buy 0.01 EURUSD at 1.13971 closed due stop-loss at price 1.13554
0	21:00:09.958	'1809640': order buy market 0.01 EURUSD sl: 1.13180 tp: 1.13732
0	21:00:10.286	'1809640': order was opened : #42506571 buy 0.01 EURUSD at 1.13616 sl: 1.13180 tp: 1.13732
0	21:05:36.958	'1809640': modify order #42506571 buy 0.01 EURUSD at 1.13616 sl: 1.13180 tp: 1.13732 -> sl: 1.13180 tp: 1.13734
0	21:05:37.286	'1809640': order #42506571 buy 0.01 EURUSD at 1.13616 was modified -> sl: 1.13180 tp: 1.13734
0	21:08:43.021	'1809640': order #42494794 buy 0.01 EURUSD at 1.13967 closed due stop-loss at price 1.13545
0	21:33:42.022	'1809640': order #42494907 buy 0.01 EURUSD at 1.13957 closed due stop-loss at price 1.13534
0	21:40:21.428	'1809640': order sell market 0.01 EURUSD sl: 1.13975 tp: 1.13106
0	21:40:21.741	'1809640': order was opened : #42506944 sell 0.01 EURUSD at 1.13546 sl: 1.13975 tp: 1.13106
0	22:10:23.179	'1809640': modify order #42506944 sell 0.01 EURUSD at 1.13546 sl: 1.13975 tp: 1.13106 -> sl: 1.13975 tp: 1.13099
0	22:10:23.429	'1809640': order #42506944 sell 0.01 EURUSD at 1.13546 was modified -> sl: 1.13975 tp: 1.13099
0	22:15:42.460	'1809640': order sell market 0.01 EURUSD sl: 1.13954 tp: 1.13466
0	22:15:42.789	'1809640': order was opened : #42507334 sell 0.01 EURUSD at 1.13531 sl: 1.13954 tp: 1.13466
0	22:15:43.039	'1809640': modify order #42506944 sell 0.01 EURUSD at 1.13546 sl: 1.13975 tp: 1.13099 -> sl: 1.13975 tp: 1.13090
0	22:15:43.273	'1809640': order #42506944 sell 0.01 EURUSD at 1.13546 was modified -> sl: 1.13975 tp: 1.13090
0	22:15:43.289	'1809640': modify order #42507334 sell 0.01 EURUSD at 1.13531 sl: 1.13954 tp: 1.13466 -> sl: 1.13954 tp: 1.13465
0	22:15:43.601	'1809640': order #42507334 sell 0.01 EURUSD at 1.13531 was modified -> sl: 1.13954 tp: 1.13465
0	22:21:47.226	'1809640': order #42494681 buy 0.01 EURUSD at 1.13951 closed due stop-loss at price 1.13523
0	22:22:23.195	'1809640': order sell market 0.01 EURUSD sl: 1.13952 tp: 1.13091
0	22:22:23.492	'1809640': order was opened : #42507379 sell 0.01 EURUSD at 1.13530 sl: 1.13952 tp: 1.13091
0	22:22:23.711	'1809640': modify order #42507334 sell 0.01 EURUSD at 1.13531 sl: 1.13954 tp: 1.13465 -> sl: 1.13954 tp: 1.13457
0	22:22:23.961	'1809640': order #42507334 sell 0.01 EURUSD at 1.13531 was modified -> sl: 1.13954 tp: 1.13457
0	22:22:23.976	'1809640': modify order #42507379 sell 0.01 EURUSD at 1.13530 sl: 1.13952 tp: 1.13091 -> sl: 1.13952 tp: 1.13090
0	22:22:24.273	'1809640': order #42507379 sell 0.01 EURUSD at 1.13530 was modified -> sl: 1.13952 tp: 1.13090
0	22:29:35.711	'1809640': modify order #42506944 sell 0.01 EURUSD at 1.13546 sl: 1.13975 tp: 1.13090 -> sl: 1.13975 tp: 1.13086
0	22:29:36.008	'1809640': order #42506944 sell 0.01 EURUSD at 1.13546 was modified -> sl: 1.13975 tp: 1.13086
0	22:29:36.008	'1809640': modify order #42507334 sell 0.01 EURUSD at 1.13531 sl: 1.13954 tp: 1.13457 -> sl: 1.13954 tp: 1.13455
0	22:29:36.320	'1809640': order #42507334 sell 0.01 EURUSD at 1.13531 was modified -> sl: 1.13954 tp: 1.13455
0	22:29:36.336	'1809640': modify order #42507379 sell 0.01 EURUSD at 1.13530 sl: 1.13952 tp: 1.13090 -> sl: 1.13952 tp: 1.13088
0	22:29:36.633	'1809640': order #42507379 sell 0.01 EURUSD at 1.13530 was modified -> sl: 1.13952 tp: 1.13088
0	22:36:21.117	'1809640': modify order #42507334 sell 0.01 EURUSD at 1.13531 sl: 1.13954 tp: 1.13455 -> sl: 1.13954 tp: 1.13447
0	22:36:21.461	'1809640': order #42507334 sell 0.01 EURUSD at 1.13531 was modified -> sl: 1.13954 tp: 1.13447
