0	22:02:25.732	'1809640': order sell market 0.01 EURUSD sl: 1.12872 tp: 1.11938
0	22:02:26.139	'1809640': order was opened : #46337221 sell 0.01 EURUSD at 1.12377 sl: 1.12872 tp: 1.11938
0	22:10:50.967	'1809640': order sell market 0.01 EURUSD sl: 1.12850 tp: 1.12216
0	22:10:51.248	'1809640': order was opened : #46337469 sell 0.01 EURUSD at 1.12407 sl: 1.12850 tp: 1.12216
0	22:18:49.421	'1809640': order sell market 0.01 EURUSD sl: 1.12855 tp: 1.12281
0	22:18:49.733	'1809640': order was opened : #46337666 sell 0.01 EURUSD at 1.12431 sl: 1.12855 tp: 1.12281
0	22:20:24.827	'1809640': modify order #46337469 sell 0.01 EURUSD at 1.12407 sl: 1.12850 tp: 1.12216 -> sl: 1.12850 tp: 1.12210
0	22:20:25.155	'1809640': order #46337469 sell 0.01 EURUSD at 1.12407 was modified -> sl: 1.12850 tp: 1.12210
0	22:20:25.186	'1809640': modify order #46337666 sell 0.01 EURUSD at 1.12431 sl: 1.12855 tp: 1.12281 -> sl: 1.12855 tp: 1.12238
0	22:20:25.483	'1809640': order #46337666 sell 0.01 EURUSD at 1.12431 was modified -> sl: 1.12855 tp: 1.12238
0	22:23:47.967	'1809640': order sell market 0.01 EURUSD sl: 1.12874 tp: 1.12009
0	22:23:48.249	'1809640': order was opened : #46337764 sell 0.01 EURUSD at 1.12449 sl: 1.12874 tp: 1.12009
0	22:25:41.936	'1809640': modify order #46337764 sell 0.01 EURUSD at 1.12449 sl: 1.12874 tp: 1.12009 -> sl: 1.12874 tp: 1.12007
0	22:25:42.264	'1809640': order #46337764 sell 0.01 EURUSD at 1.12449 was modified -> sl: 1.12874 tp: 1.12007
0	22:28:17.436	'1809640': order sell market 0.01 EURUSD sl: 1.12918 tp: 1.11813
0	22:28:17.718	'1809640': order was opened : #46337836 sell 0.01 EURUSD at 1.12449 sl: 1.12918 tp: 1.11813
0	22:28:18.061	'1809640': modify order #46337666 sell 0.01 EURUSD at 1.12431 sl: 1.12855 tp: 1.12238 -> sl: 1.12855 tp: 1.12229
0	22:28:18.390	'1809640': order #46337666 sell 0.01 EURUSD at 1.12431 was modified -> sl: 1.12855 tp: 1.12229
0	22:30:02.921	'1809640': modify order #46337764 sell 0.01 EURUSD at 1.12449 sl: 1.12874 tp: 1.12007 -> sl: 1.12874 tp: 1.11999
0	22:30:03.483	'1809640': order #46337764 sell 0.01 EURUSD at 1.12449 was modified -> sl: 1.12874 tp: 1.11999
0	22:32:30.124	'1809640': order sell market 0.01 EURUSD sl: 1.12875 tp: 1.11976
0	22:32:30.390	'1809640': order was opened : #46337880 sell 0.01 EURUSD at 1.12416 sl: 1.12875 tp: 1.11976
0	22:32:30.421	'1809640': modify order #46337764 sell 0.01 EURUSD at 1.12449 sl: 1.12874 tp: 1.11999 -> sl: 1.12874 tp: 1.11976
0	22:32:30.702	'1809640': order #46337764 sell 0.01 EURUSD at 1.12449 was modified -> sl: 1.12874 tp: 1.11976
0	22:33:47.983	'1809640': modify order #46337836 sell 0.01 EURUSD at 1.12449 sl: 1.12918 tp: 1.11813 -> sl: 1.12918 tp: 1.11793
0	22:33:48.296	'1809640': order #46337836 sell 0.01 EURUSD at 1.12449 was modified -> sl: 1.12918 tp: 1.11793
0	22:36:14.983	'1809640': modify order #46337764 sell 0.01 EURUSD at 1.12449 sl: 1.12874 tp: 1.11976 -> sl: 1.12874 tp: 1.11957
0	22:36:15.218	'1809640': order #46337764 sell 0.01 EURUSD at 1.12449 was modified -> sl: 1.12874 tp: 1.11957
0	22:36:15.233	'1809640': modify order #46337836 sell 0.01 EURUSD at 1.12449 sl: 1.12918 tp: 1.11793 -> sl: 1.12918 tp: 1.11715
0	22:36:15.530	'1809640': order #46337836 sell 0.01 EURUSD at 1.12449 was modified -> sl: 1.12918 tp: 1.11715
0	22:36:15.546	'1809640': modify order #46337880 sell 0.01 EURUSD at 1.12416 sl: 1.12875 tp: 1.11976 -> sl: 1.12875 tp: 1.11957
0	22:36:15.843	'1809640': order #46337880 sell 0.01 EURUSD at 1.12416 was modified -> sl: 1.12875 tp: 1.11957
0	22:37:26.233	'1809640': order sell market 0.01 EURUSD sl: 1.12805 tp: 1.11933
0	22:37:26.499	'1809640': order was opened : #46337977 sell 0.01 EURUSD at 1.12373 sl: 1.12805 tp: 1.11933
0	22:37:27.468	'1809640': modify order #46337221 sell 0.01 EURUSD at 1.12377 sl: 1.12872 tp: 1.11938 -> sl: 1.12872 tp: 1.11933
0	22:37:27.702	'1809640': order #46337221 sell 0.01 EURUSD at 1.12377 was modified -> sl: 1.12872 tp: 1.11933
0	22:37:27.702	'1809640': modify order #46337764 sell 0.01 EURUSD at 1.12449 sl: 1.12874 tp: 1.11957 -> sl: 1.12874 tp: 1.11933
0	22:37:28.030	'1809640': order #46337764 sell 0.01 EURUSD at 1.12449 was modified -> sl: 1.12874 tp: 1.11933
0	22:37:28.030	'1809640': modify order #46337836 sell 0.01 EURUSD at 1.12449 sl: 1.12918 tp: 1.11715 -> sl: 1.12918 tp: 1.11670
0	22:37:28.358	'1809640': order #46337836 sell 0.01 EURUSD at 1.12449 was modified -> sl: 1.12918 tp: 1.11670
0	22:37:28.390	'1809640': modify order #46337880 sell 0.01 EURUSD at 1.12416 sl: 1.12875 tp: 1.11957 -> sl: 1.12875 tp: 1.11932
0	22:37:28.687	'1809640': order #46337880 sell 0.01 EURUSD at 1.12416 was modified -> sl: 1.12875 tp: 1.11932
0	22:40:02.796	'1809640': modify order #46337666 sell 0.01 EURUSD at 1.12431 sl: 1.12855 tp: 1.12229 -> sl: 1.12855 tp: 1.12214
0	22:40:03.124	'1809640': order #46337666 sell 0.01 EURUSD at 1.12431 was modified -> sl: 1.12855 tp: 1.12214
0	22:41:18.406	'1809640': modify order #46337221 sell 0.01 EURUSD at 1.12377 sl: 1.12872 tp: 1.11933 -> sl: 1.12872 tp: 1.11931
0	22:41:18.702	'1809640': order #46337221 sell 0.01 EURUSD at 1.12377 was modified -> sl: 1.12872 tp: 1.11931
0	22:41:18.718	'1809640': modify order #46337666 sell 0.01 EURUSD at 1.12431 sl: 1.12855 tp: 1.12214 -> sl: 1.12855 tp: 1.12207
0	22:41:19.046	'1809640': order #46337666 sell 0.01 EURUSD at 1.12431 was modified -> sl: 1.12855 tp: 1.12207
0	22:41:19.062	'1809640': modify order #46337764 sell 0.01 EURUSD at 1.12449 sl: 1.12874 tp: 1.11933 -> sl: 1.12874 tp: 1.11931
0	22:41:19.374	'1809640': order #46337764 sell 0.01 EURUSD at 1.12449 was modified -> sl: 1.12874 tp: 1.11931
0	22:41:19.374	'1809640': modify order #46337836 sell 0.01 EURUSD at 1.12449 sl: 1.12918 tp: 1.11670 -> sl: 1.12918 tp: 1.11661
0	22:41:19.687	'1809640': order #46337836 sell 0.01 EURUSD at 1.12449 was modified -> sl: 1.12918 tp: 1.11661
0	22:41:19.734	'1809640': modify order #46337880 sell 0.01 EURUSD at 1.12416 sl: 1.12875 tp: 1.11932 -> sl: 1.12875 tp: 1.11931
0	22:41:20.046	'1809640': order #46337880 sell 0.01 EURUSD at 1.12416 was modified -> sl: 1.12875 tp: 1.11931
0	22:42:14.702	'1809640': order sell market 0.01 EURUSD sl: 1.12841 tp: 1.11950
0	22:42:15.031	'1809640': order was opened : #46338061 sell 0.01 EURUSD at 1.12382 sl: 1.12841 tp: 1.11950
0	22:42:15.109	'1809640': modify order #46338061 sell 0.01 EURUSD at 1.12382 sl: 1.12841 tp: 1.11950 -> sl: 1.12841 tp: 1.11942
0	22:42:15.327	'1809640': order #46338061 sell 0.01 EURUSD at 1.12382 was modified -> sl: 1.12841 tp: 1.11942
0	22:44:22.499	'1809640': modify order #46338061 sell 0.01 EURUSD at 1.12382 sl: 1.12841 tp: 1.11942 -> sl: 1.12841 tp: 1.11939
0	22:44:22.827	'1809640': order #46338061 sell 0.01 EURUSD at 1.12382 was modified -> sl: 1.12841 tp: 1.11939
0	22:45:39.093	'1809640': modify order #46337977 sell 0.01 EURUSD at 1.12373 sl: 1.12805 tp: 1.11933 -> sl: 1.12805 tp: 1.11931
0	22:45:39.468	'1809640': order #46337977 sell 0.01 EURUSD at 1.12373 was modified -> sl: 1.12805 tp: 1.11931
0	22:45:39.484	'1809640': modify order #46338061 sell 0.01 EURUSD at 1.12382 sl: 1.12841 tp: 1.11939 -> sl: 1.12841 tp: 1.11931
0	22:45:39.796	'1809640': order #46338061 sell 0.01 EURUSD at 1.12382 was modified -> sl: 1.12841 tp: 1.11931
0	22:46:04.531	'1809640': modify order #46337221 sell 0.01 EURUSD at 1.12377 sl: 1.12872 tp: 1.11931 -> sl: 1.12872 tp: 1.11866
0	22:46:04.843	'1809640': order #46337221 sell 0.01 EURUSD at 1.12377 was modified -> sl: 1.12872 tp: 1.11866
0	22:46:04.859	'1809640': modify order #46337764 sell 0.01 EURUSD at 1.12449 sl: 1.12874 tp: 1.11931 -> sl: 1.12874 tp: 1.11866
0	22:46:05.156	'1809640': order #46337764 sell 0.01 EURUSD at 1.12449 was modified -> sl: 1.12874 tp: 1.11866
0	22:46:05.265	'1809640': modify order #46337836 sell 0.01 EURUSD at 1.12449 sl: 1.12918 tp: 1.11661 -> sl: 1.12918 tp: 1.11650
0	22:46:05.515	'1809640': order #46337836 sell 0.01 EURUSD at 1.12449 was modified -> sl: 1.12918 tp: 1.11650
0	22:46:05.531	'1809640': modify order #46337880 sell 0.01 EURUSD at 1.12416 sl: 1.12875 tp: 1.11931 -> sl: 1.12875 tp: 1.11871
0	22:46:05.843	'1809640': order #46337880 sell 0.01 EURUSD at 1.12416 was modified -> sl: 1.12875 tp: 1.11871
0	22:46:05.874	'1809640': modify order #46337977 sell 0.01 EURUSD at 1.12373 sl: 1.12805 tp: 1.11931 -> sl: 1.12805 tp: 1.11877
0	22:46:06.140	'1809640': order #46337977 sell 0.01 EURUSD at 1.12373 was modified -> sl: 1.12805 tp: 1.11877
0	22:46:06.140	'1809640': modify order #46338061 sell 0.01 EURUSD at 1.12382 sl: 1.12841 tp: 1.11931 -> sl: 1.12841 tp: 1.11864
0	22:46:06.468	'1809640': order #46338061 sell 0.01 EURUSD at 1.12382 was modified -> sl: 1.12841 tp: 1.11864
0	22:47:12.343	'1809640': order buy market 0.01 EURUSD sl: 1.11950 tp: 1.12838
0	22:47:12.718	'1809640': order was opened : #46338252 buy 0.01 EURUSD at 1.12398 sl: 1.11950 tp: 1.12838
0	22:48:24.640	'1809640': modify order #46338252 buy 0.01 EURUSD at 1.12398 sl: 1.11950 tp: 1.12838 -> sl: 1.11950 tp: 1.12839
0	22:48:24.968	'1809640': order #46338252 buy 0.01 EURUSD at 1.12398 was modified -> sl: 1.11950 tp: 1.12839
0	22:49:30.109	'1809640': modify order #46337836 sell 0.01 EURUSD at 1.12449 sl: 1.12918 tp: 1.11650 -> sl: 1.12918 tp: 1.11633
0	22:49:30.484	'1809640': order #46337836 sell 0.01 EURUSD at 1.12449 was modified -> sl: 1.12918 tp: 1.11633
0	22:51:14.656	'1809640': order buy market 0.01 EURUSD sl: 1.11934 tp: 1.12811
0	22:51:14.968	'1809640': order was opened : #46338285 buy 0.01 EURUSD at 1.12371 sl: 1.11934 tp: 1.12811
0	22:51:15.234	'1809640': modify order #46338285 buy 0.01 EURUSD at 1.12371 sl: 1.11934 tp: 1.12811 -> sl: 1.11934 tp: 1.12815
0	22:51:15.515	'1809640': order #46338285 buy 0.01 EURUSD at 1.12371 was modified -> sl: 1.11934 tp: 1.12815
0	22:54:05.343	'1809640': modify order #46337836 sell 0.01 EURUSD at 1.12449 sl: 1.12918 tp: 1.11633 -> sl: 1.12918 tp: 1.11614
0	22:54:05.687	'1809640': order #46337836 sell 0.01 EURUSD at 1.12449 was modified -> sl: 1.12918 tp: 1.11614
0	22:54:05.703	'1809640': modify order #46337880 sell 0.01 EURUSD at 1.12416 sl: 1.12875 tp: 1.11871 -> sl: 1.12875 tp: 1.11868
0	22:54:06.015	'1809640': order #46337880 sell 0.01 EURUSD at 1.12416 was modified -> sl: 1.12875 tp: 1.11868
0	22:54:06.031	'1809640': modify order #46337977 sell 0.01 EURUSD at 1.12373 sl: 1.12805 tp: 1.11877 -> sl: 1.12805 tp: 1.11868
0	22:54:06.328	'1809640': order #46337977 sell 0.01 EURUSD at 1.12373 was modified -> sl: 1.12805 tp: 1.11868
0	22:56:16.328	'1809640': modify order #46337221 sell 0.01 EURUSD at 1.12377 sl: 1.12872 tp: 1.11866 -> sl: 1.12872 tp: 1.11858
0	22:56:16.609	'1809640': order #46337221 sell 0.01 EURUSD at 1.12377 was modified -> sl: 1.12872 tp: 1.11858
0	22:56:16.625	'1809640': modify order #46337666 sell 0.01 EURUSD at 1.12431 sl: 1.12855 tp: 1.12207 -> sl: 1.12855 tp: 1.12204
0	22:56:16.922	'1809640': order #46337666 sell 0.01 EURUSD at 1.12431 was modified -> sl: 1.12855 tp: 1.12204
0	22:56:16.937	'1809640': modify order #46337764 sell 0.01 EURUSD at 1.12449 sl: 1.12874 tp: 1.11866 -> sl: 1.12874 tp: 1.11858
0	22:56:17.218	'1809640': order #46337764 sell 0.01 EURUSD at 1.12449 was modified -> sl: 1.12874 tp: 1.11858
0	22:56:17.218	'1809640': modify order #46337836 sell 0.01 EURUSD at 1.12449 sl: 1.12918 tp: 1.11614 -> sl: 1.12918 tp: 1.11598
0	22:56:17.547	'1809640': order #46337836 sell 0.01 EURUSD at 1.12449 was modified -> sl: 1.12918 tp: 1.11598
0	22:56:17.562	'1809640': modify order #46337880 sell 0.01 EURUSD at 1.12416 sl: 1.12875 tp: 1.11868 -> sl: 1.12875 tp: 1.11858
0	22:56:17.875	'1809640': order #46337880 sell 0.01 EURUSD at 1.12416 was modified -> sl: 1.12875 tp: 1.11858
0	22:56:17.890	'1809640': modify order #46337977 sell 0.01 EURUSD at 1.12373 sl: 1.12805 tp: 1.11868 -> sl: 1.12805 tp: 1.11858
0	22:56:18.187	'1809640': order #46337977 sell 0.01 EURUSD at 1.12373 was modified -> sl: 1.12805 tp: 1.11858
0	22:56:18.203	'1809640': modify order #46338061 sell 0.01 EURUSD at 1.12382 sl: 1.12841 tp: 1.11864 -> sl: 1.12841 tp: 1.11858
0	22:56:18.515	'1809640': order #46338061 sell 0.01 EURUSD at 1.12382 was modified -> sl: 1.12841 tp: 1.11858
0	22:58:11.859	'1809640': modify order #46337666 sell 0.01 EURUSD at 1.12431 sl: 1.12855 tp: 1.12204 -> sl: 1.12855 tp: 1.12196
0	22:58:12.203	'1809640': order #46337666 sell 0.01 EURUSD at 1.12431 was modified -> sl: 1.12855 tp: 1.12196
0	22:58:12.219	'1809640': modify order #46337836 sell 0.01 EURUSD at 1.12449 sl: 1.12918 tp: 1.11598 -> sl: 1.12918 tp: 1.11572
0	22:58:12.515	'1809640': order #46337836 sell 0.01 EURUSD at 1.12449 was modified -> sl: 1.12918 tp: 1.11572
0	22:59:08.328	'1809640': modify order #46338285 buy 0.01 EURUSD at 1.12371 sl: 1.11934 tp: 1.12815 -> sl: 1.11934 tp: 1.12830
0	22:59:08.562	'1809640': order #46338285 buy 0.01 EURUSD at 1.12371 was modified -> sl: 1.11934 tp: 1.12830
0	23:00:06.187	'1809640': order buy market 0.01 EURUSD sl: 1.11993 tp: 1.12871
0	23:00:15.422	'1809640': order was opened : #46338461 buy 0.01 EURUSD at 1.12431 sl: 1.11993 tp: 1.12871
0	23:00:15.516	'1809640': modify order #46338252 buy 0.01 EURUSD at 1.12398 sl: 1.11950 tp: 1.12839 -> sl: 1.11950 tp: 1.12872
0	23:00:16.125	'1809640': order #46338252 buy 0.01 EURUSD at 1.12398 was modified -> sl: 1.11950 tp: 1.12872
0	23:00:16.141	'1809640': modify order #46338285 buy 0.01 EURUSD at 1.12371 sl: 1.11934 tp: 1.12830 -> sl: 1.11934 tp: 1.12872
0	23:00:16.891	'1809640': order #46338285 buy 0.01 EURUSD at 1.12371 was modified -> sl: 1.11934 tp: 1.12872
0	23:08:41.984	'1809640': order buy market 0.01 EURUSD sl: 1.11910 tp: 1.12779
0	23:08:42.250	'1809640': order was opened : #46338678 buy 0.01 EURUSD at 1.12339 sl: 1.11910 tp: 1.12779
0	23:09:48.016	'1809640': modify order #46338678 buy 0.01 EURUSD at 1.12339 sl: 1.11910 tp: 1.12779 -> sl: 1.11910 tp: 1.12783
0	23:09:48.313	'1809640': order #46338678 buy 0.01 EURUSD at 1.12339 was modified -> sl: 1.11910 tp: 1.12783
0	23:11:59.391	'1809640': modify order #46337221 sell 0.01 EURUSD at 1.12377 sl: 1.12872 tp: 1.11858 -> sl: 1.12872 tp: 1.11838
0	23:11:59.703	'1809640': order #46337221 sell 0.01 EURUSD at 1.12377 was modified -> sl: 1.12872 tp: 1.11838
0	23:11:59.703	'1809640': modify order #46337666 sell 0.01 EURUSD at 1.12431 sl: 1.12855 tp: 1.12196 -> sl: 1.12855 tp: 1.12195
0	23:12:00.016	'1809640': order #46337666 sell 0.01 EURUSD at 1.12431 was modified -> sl: 1.12855 tp: 1.12195
0	23:12:00.047	'1809640': modify order #46337764 sell 0.01 EURUSD at 1.12449 sl: 1.12874 tp: 1.11858 -> sl: 1.12874 tp: 1.11837
0	23:12:00.422	'1809640': order #46337764 sell 0.01 EURUSD at 1.12449 was modified -> sl: 1.12874 tp: 1.11837
0	23:12:00.438	'1809640': modify order #46337880 sell 0.01 EURUSD at 1.12416 sl: 1.12875 tp: 1.11858 -> sl: 1.12875 tp: 1.11838
0	23:12:00.703	'1809640': order #46337880 sell 0.01 EURUSD at 1.12416 was modified -> sl: 1.12875 tp: 1.11838
0	23:12:00.719	'1809640': modify order #46337977 sell 0.01 EURUSD at 1.12373 sl: 1.12805 tp: 1.11858 -> sl: 1.12805 tp: 1.11837
0	23:12:01.000	'1809640': order #46337977 sell 0.01 EURUSD at 1.12373 was modified -> sl: 1.12805 tp: 1.11837
0	23:12:01.016	'1809640': modify order #46338061 sell 0.01 EURUSD at 1.12382 sl: 1.12841 tp: 1.11858 -> sl: 1.12841 tp: 1.11837
0	23:12:01.297	'1809640': order #46338061 sell 0.01 EURUSD at 1.12382 was modified -> sl: 1.12841 tp: 1.11837
0	23:12:32.000	'1809640': modify order #46337836 sell 0.01 EURUSD at 1.12449 sl: 1.12918 tp: 1.11572 -> sl: 1.12918 tp: 1.11567
0	23:12:32.266	'1809640': order #46337836 sell 0.01 EURUSD at 1.12449 was modified -> sl: 1.12918 tp: 1.11567
0	23:13:03.453	'1809640': order sell market 0.01 EURUSD sl: 1.12698 tp: 1.12218
0	23:13:03.828	'1809640': order was opened : #46338806 sell 0.01 EURUSD at 1.12271 sl: 1.12698 tp: 1.12218
0	23:13:05.922	'1809640': modify order #46337221 sell 0.01 EURUSD at 1.12377 sl: 1.12872 tp: 1.11838 -> sl: 1.12872 tp: 1.11833
0	23:13:06.422	'1809640': order #46337221 sell 0.01 EURUSD at 1.12377 was modified -> sl: 1.12872 tp: 1.11833
0	23:13:06.422	'1809640': modify order #46337764 sell 0.01 EURUSD at 1.12449 sl: 1.12874 tp: 1.11837 -> sl: 1.12874 tp: 1.11832
0	23:13:06.797	'1809640': order #46337764 sell 0.01 EURUSD at 1.12449 was modified -> sl: 1.12874 tp: 1.11832
0	23:13:06.813	'1809640': modify order #46337880 sell 0.01 EURUSD at 1.12416 sl: 1.12875 tp: 1.11838 -> sl: 1.12875 tp: 1.11832
0	23:13:07.110	'1809640': order #46337880 sell 0.01 EURUSD at 1.12416 was modified -> sl: 1.12875 tp: 1.11832
0	23:13:07.141	'1809640': modify order #46337977 sell 0.01 EURUSD at 1.12373 sl: 1.12805 tp: 1.11837 -> sl: 1.12805 tp: 1.11832
0	23:13:07.516	'1809640': order #46337977 sell 0.01 EURUSD at 1.12373 was modified -> sl: 1.12805 tp: 1.11832
0	23:13:07.532	'1809640': modify order #46338061 sell 0.01 EURUSD at 1.12382 sl: 1.12841 tp: 1.11837 -> sl: 1.12841 tp: 1.11832
0	23:13:07.906	'1809640': order #46338061 sell 0.01 EURUSD at 1.12382 was modified -> sl: 1.12841 tp: 1.11832
0	23:14:38.453	'1809640': modify order #46337221 sell 0.01 EURUSD at 1.12377 sl: 1.12872 tp: 1.11833 -> sl: 1.12872 tp: 1.11804
0	23:14:38.750	'1809640': order #46337221 sell 0.01 EURUSD at 1.12377 was modified -> sl: 1.12872 tp: 1.11804
0	23:14:38.797	'1809640': modify order #46337764 sell 0.01 EURUSD at 1.12449 sl: 1.12874 tp: 1.11832 -> sl: 1.12874 tp: 1.11804
0	23:14:39.157	'1809640': order #46337764 sell 0.01 EURUSD at 1.12449 was modified -> sl: 1.12874 tp: 1.11804
0	23:14:39.188	'1809640': modify order #46337836 sell 0.01 EURUSD at 1.12449 sl: 1.12918 tp: 1.11567 -> sl: 1.12918 tp: 1.11501
0	23:14:39.453	'1809640': order #46337836 sell 0.01 EURUSD at 1.12449 was modified -> sl: 1.12918 tp: 1.11501
0	23:14:39.469	'1809640': modify order #46337880 sell 0.01 EURUSD at 1.12416 sl: 1.12875 tp: 1.11832 -> sl: 1.12875 tp: 1.11804
0	23:14:39.782	'1809640': order #46337880 sell 0.01 EURUSD at 1.12416 was modified -> sl: 1.12875 tp: 1.11804
0	23:14:39.860	'1809640': modify order #46337977 sell 0.01 EURUSD at 1.12373 sl: 1.12805 tp: 1.11832 -> sl: 1.12805 tp: 1.11806
0	23:14:40.203	'1809640': order #46337977 sell 0.01 EURUSD at 1.12373 was modified -> sl: 1.12805 tp: 1.11806
0	23:14:40.235	'1809640': modify order #46338061 sell 0.01 EURUSD at 1.12382 sl: 1.12841 tp: 1.11832 -> sl: 1.12841 tp: 1.11805
0	23:14:40.469	'1809640': order #46338061 sell 0.01 EURUSD at 1.12382 was modified -> sl: 1.12841 tp: 1.11805
0	23:17:03.563	'1809640': order sell market 0.01 EURUSD sl: 1.12657 tp: 0.00000
0	23:17:03.876	'1809640': order was opened : #46339004 sell 0.01 EURUSD at 1.12226 sl: 1.12657 tp: 0.00000
0	23:17:04.766	'1809640': modify order #46337221 sell 0.01 EURUSD at 1.12377 sl: 1.12872 tp: 1.11804 -> sl: 1.12872 tp: 1.11786
0	23:17:05.094	'1809640': order #46337221 sell 0.01 EURUSD at 1.12377 was modified -> sl: 1.12872 tp: 1.11786
0	23:17:05.094	'1809640': modify order #46337764 sell 0.01 EURUSD at 1.12449 sl: 1.12874 tp: 1.11804 -> sl: 1.12874 tp: 1.11786
0	23:17:05.391	'1809640': order #46337764 sell 0.01 EURUSD at 1.12449 was modified -> sl: 1.12874 tp: 1.11786
0	23:17:05.407	'1809640': modify order #46337880 sell 0.01 EURUSD at 1.12416 sl: 1.12875 tp: 1.11804 -> sl: 1.12875 tp: 1.11786
0	23:17:05.735	'1809640': order #46337880 sell 0.01 EURUSD at 1.12416 was modified -> sl: 1.12875 tp: 1.11786
0	23:17:05.750	'1809640': modify order #46337977 sell 0.01 EURUSD at 1.12373 sl: 1.12805 tp: 1.11806 -> sl: 1.12805 tp: 1.11786
0	23:17:06.047	'1809640': order #46337977 sell 0.01 EURUSD at 1.12373 was modified -> sl: 1.12805 tp: 1.11786
0	23:17:06.063	'1809640': modify order #46338061 sell 0.01 EURUSD at 1.12382 sl: 1.12841 tp: 1.11805 -> sl: 1.12841 tp: 1.11786
0	23:17:06.391	'1809640': order #46338061 sell 0.01 EURUSD at 1.12382 was modified -> sl: 1.12841 tp: 1.11786
0	23:17:06.407	'1809640': modify order #46339004 sell 0.01 EURUSD at 1.12226 sl: 1.12657 tp: 0.00000 -> sl: 1.12657 tp: 1.11857
0	23:17:06.719	'1809640': order #46339004 sell 0.01 EURUSD at 1.12226 was modified -> sl: 1.12657 tp: 1.11857
0	23:18:31.454	'1809640': modify order #46337469 sell 0.01 EURUSD at 1.12407 sl: 1.12850 tp: 1.12210 -> sl: 1.12850 tp: 1.12166
0	23:18:31.797	'1809640': order #46337469 sell 0.01 EURUSD at 1.12407 was modified -> sl: 1.12850 tp: 1.12166
0	23:18:31.813	'1809640': modify order #46337666 sell 0.01 EURUSD at 1.12431 sl: 1.12855 tp: 1.12195 -> sl: 1.12855 tp: 1.12175
0	23:18:32.125	'1809640': order #46337666 sell 0.01 EURUSD at 1.12431 was modified -> sl: 1.12855 tp: 1.12175
0	23:18:32.157	'1809640': modify order #46338806 sell 0.01 EURUSD at 1.12271 sl: 1.12698 tp: 1.12218 -> sl: 1.12698 tp: 1.12163
0	23:18:32.453	'1809640': order #46338806 sell 0.01 EURUSD at 1.12271 was modified -> sl: 1.12698 tp: 1.12163
0	23:21:16.204	'1809640': order buy market 0.01 EURUSD sl: 1.11854 tp: 1.12720
0	23:21:16.547	'1809640': order was opened : #46339045 buy 0.01 EURUSD at 1.12280 sl: 1.11854 tp: 1.12720
0	23:21:16.797	'1809640': modify order #46337469 sell 0.01 EURUSD at 1.12407 sl: 1.12850 tp: 1.12166 -> sl: 1.12850 tp: 1.12155
0	23:21:17.125	'1809640': order #46337469 sell 0.01 EURUSD at 1.12407 was modified -> sl: 1.12850 tp: 1.12155
0	23:21:17.157	'1809640': modify order #46337666 sell 0.01 EURUSD at 1.12431 sl: 1.12855 tp: 1.12175 -> sl: 1.12855 tp: 1.12165
0	23:21:17.438	'1809640': order #46337666 sell 0.01 EURUSD at 1.12431 was modified -> sl: 1.12855 tp: 1.12165
0	23:21:17.454	'1809640': modify order #46338806 sell 0.01 EURUSD at 1.12271 sl: 1.12698 tp: 1.12163 -> sl: 1.12698 tp: 1.12155
0	23:21:17.766	'1809640': order #46338806 sell 0.01 EURUSD at 1.12271 was modified -> sl: 1.12698 tp: 1.12155
0	23:24:50.891	'1809640': modify order #46337469 sell 0.01 EURUSD at 1.12407 sl: 1.12850 tp: 1.12155 -> sl: 1.12850 tp: 1.12144
0	23:24:51.126	'1809640': order #46337469 sell 0.01 EURUSD at 1.12407 was modified -> sl: 1.12850 tp: 1.12144
0	23:24:51.126	'1809640': modify order #46338806 sell 0.01 EURUSD at 1.12271 sl: 1.12698 tp: 1.12155 -> sl: 1.12698 tp: 1.12144
0	23:24:51.454	'1809640': order #46338806 sell 0.01 EURUSD at 1.12271 was modified -> sl: 1.12698 tp: 1.12144
0	23:27:57.579	'1809640': order sell market 0.01 EURUSD sl: 1.12690 tp: 1.11830
0	23:27:57.860	'1809640': order was opened : #46339122 sell 0.01 EURUSD at 1.12269 sl: 1.12690 tp: 1.11830
0	23:27:58.641	'1809640': modify order #46339045 buy 0.01 EURUSD at 1.12280 sl: 1.11854 tp: 1.12720 -> sl: 1.11854 tp: 1.12730
0	23:27:58.954	'1809640': order #46339045 buy 0.01 EURUSD at 1.12280 was modified -> sl: 1.11854 tp: 1.12730
0	23:27:58.954	'1809640': modify order #46339122 sell 0.01 EURUSD at 1.12269 sl: 1.12690 tp: 1.11830 -> sl: 1.12690 tp: 1.11829
0	23:27:59.282	'1809640': order #46339122 sell 0.01 EURUSD at 1.12269 was modified -> sl: 1.12690 tp: 1.11829
0	23:28:06.954	'1809640': modify order #46337666 sell 0.01 EURUSD at 1.12431 sl: 1.12855 tp: 1.12165 -> sl: 1.12855 tp: 1.12164
0	23:28:07.282	'1809640': order #46337666 sell 0.01 EURUSD at 1.12431 was modified -> sl: 1.12855 tp: 1.12164
0	23:28:07.313	'1809640': modify order #46339122 sell 0.01 EURUSD at 1.12269 sl: 1.12690 tp: 1.11829 -> sl: 1.12690 tp: 1.11814
0	23:28:07.579	'1809640': order #46339122 sell 0.01 EURUSD at 1.12269 was modified -> sl: 1.12690 tp: 1.11814
0	23:34:36.954	'1809640': order sell market 0.01 EURUSD sl: 1.12675 tp: 1.11135
0	23:34:37.204	'1809640': order was opened : #46339220 sell 0.01 EURUSD at 1.12251 sl: 1.12675 tp: 1.11135
0	23:34:37.704	'1809640': modify order #46337666 sell 0.01 EURUSD at 1.12431 sl: 1.12855 tp: 1.12164 -> sl: 1.12855 tp: 1.12155
0	23:34:38.032	'1809640': order #46337666 sell 0.01 EURUSD at 1.12431 was modified -> sl: 1.12855 tp: 1.12155
0	23:34:38.048	'1809640': modify order #46339122 sell 0.01 EURUSD at 1.12269 sl: 1.12690 tp: 1.11814 -> sl: 1.12690 tp: 1.11811
0	23:34:38.376	'1809640': order #46339122 sell 0.01 EURUSD at 1.12269 was modified -> sl: 1.12690 tp: 1.11811
0	23:39:34.314	'1809640': order sell market 0.01 EURUSD sl: 1.12628 tp: 1.11767
0	23:39:34.610	'1809640': order was opened : #46339311 sell 0.01 EURUSD at 1.12207 sl: 1.12628 tp: 1.11767
0	23:39:35.595	'1809640': modify order #46337221 sell 0.01 EURUSD at 1.12377 sl: 1.12872 tp: 1.11786 -> sl: 1.12872 tp: 1.11764
0	23:39:35.939	'1809640': order #46337221 sell 0.01 EURUSD at 1.12377 was modified -> sl: 1.12872 tp: 1.11764
0	23:39:35.954	'1809640': modify order #46337764 sell 0.01 EURUSD at 1.12449 sl: 1.12874 tp: 1.11786 -> sl: 1.12874 tp: 1.11764
0	23:39:36.157	'1809640': order #46337764 sell 0.01 EURUSD at 1.12449 was modified -> sl: 1.12874 tp: 1.11764
0	23:39:36.173	'1809640': modify order #46337880 sell 0.01 EURUSD at 1.12416 sl: 1.12875 tp: 1.11786 -> sl: 1.12875 tp: 1.11764
0	23:39:36.407	'1809640': order #46337880 sell 0.01 EURUSD at 1.12416 was modified -> sl: 1.12875 tp: 1.11764
0	23:39:36.407	'1809640': modify order #46337977 sell 0.01 EURUSD at 1.12373 sl: 1.12805 tp: 1.11786 -> sl: 1.12805 tp: 1.11764
0	23:39:36.704	'1809640': order #46337977 sell 0.01 EURUSD at 1.12373 was modified -> sl: 1.12805 tp: 1.11764
0	23:39:36.720	'1809640': modify order #46338061 sell 0.01 EURUSD at 1.12382 sl: 1.12841 tp: 1.11786 -> sl: 1.12841 tp: 1.11764
0	23:39:37.032	'1809640': order #46338061 sell 0.01 EURUSD at 1.12382 was modified -> sl: 1.12841 tp: 1.11764
0	23:39:37.048	'1809640': modify order #46339122 sell 0.01 EURUSD at 1.12269 sl: 1.12690 tp: 1.11811 -> sl: 1.12690 tp: 1.11764
0	23:39:37.329	'1809640': order #46339122 sell 0.01 EURUSD at 1.12269 was modified -> sl: 1.12690 tp: 1.11764
0	23:39:37.345	'1809640': modify order #46339220 sell 0.01 EURUSD at 1.12251 sl: 1.12675 tp: 1.11135 -> sl: 1.12675 tp: 1.11052
0	23:39:37.673	'1809640': order #46339220 sell 0.01 EURUSD at 1.12251 was modified -> sl: 1.12675 tp: 1.11052
0	23:39:37.689	'1809640': modify order #46339311 sell 0.01 EURUSD at 1.12207 sl: 1.12628 tp: 1.11767 -> sl: 1.12628 tp: 1.11764
0	23:39:37.986	'1809640': order #46339311 sell 0.01 EURUSD at 1.12207 was modified -> sl: 1.12628 tp: 1.11764
0	23:40:58.017	'1809640': modify order #46337666 sell 0.01 EURUSD at 1.12431 sl: 1.12855 tp: 1.12155 -> sl: 1.12855 tp: 1.12130
0	23:40:58.298	'1809640': order #46337666 sell 0.01 EURUSD at 1.12431 was modified -> sl: 1.12855 tp: 1.12130
0	23:40:58.314	'1809640': modify order #46339220 sell 0.01 EURUSD at 1.12251 sl: 1.12675 tp: 1.11052 -> sl: 1.12675 tp: 1.11022
0	23:40:58.595	'1809640': order #46339220 sell 0.01 EURUSD at 1.12251 was modified -> sl: 1.12675 tp: 1.11022
0	23:43:29.267	'1809640': modify order #46337221 sell 0.01 EURUSD at 1.12377 sl: 1.12872 tp: 1.11764 -> sl: 1.12872 tp: 1.11760
0	23:43:29.564	'1809640': order #46337221 sell 0.01 EURUSD at 1.12377 was modified -> sl: 1.12872 tp: 1.11760
0	23:43:29.579	'1809640': modify order #46337764 sell 0.01 EURUSD at 1.12449 sl: 1.12874 tp: 1.11764 -> sl: 1.12874 tp: 1.11760
0	23:43:29.876	'1809640': order #46337764 sell 0.01 EURUSD at 1.12449 was modified -> sl: 1.12874 tp: 1.11760
0	23:43:29.892	'1809640': modify order #46337880 sell 0.01 EURUSD at 1.12416 sl: 1.12875 tp: 1.11764 -> sl: 1.12875 tp: 1.11760
0	23:43:30.189	'1809640': order #46337880 sell 0.01 EURUSD at 1.12416 was modified -> sl: 1.12875 tp: 1.11760
0	23:43:30.189	'1809640': modify order #46337977 sell 0.01 EURUSD at 1.12373 sl: 1.12805 tp: 1.11764 -> sl: 1.12805 tp: 1.11760
0	23:43:30.517	'1809640': order #46337977 sell 0.01 EURUSD at 1.12373 was modified -> sl: 1.12805 tp: 1.11760
0	23:43:30.532	'1809640': modify order #46338061 sell 0.01 EURUSD at 1.12382 sl: 1.12841 tp: 1.11764 -> sl: 1.12841 tp: 1.11760
0	23:43:30.829	'1809640': order #46338061 sell 0.01 EURUSD at 1.12382 was modified -> sl: 1.12841 tp: 1.11760
0	23:43:30.845	'1809640': modify order #46339122 sell 0.01 EURUSD at 1.12269 sl: 1.12690 tp: 1.11764 -> sl: 1.12690 tp: 1.11760
0	23:43:31.157	'1809640': order #46339122 sell 0.01 EURUSD at 1.12269 was modified -> sl: 1.12690 tp: 1.11760
0	23:43:31.173	'1809640': modify order #46339311 sell 0.01 EURUSD at 1.12207 sl: 1.12628 tp: 1.11764 -> sl: 1.12628 tp: 1.11760
0	23:43:31.470	'1809640': order #46339311 sell 0.01 EURUSD at 1.12207 was modified -> sl: 1.12628 tp: 1.11760
0	23:44:31.470	'1809640': order buy market 0.01 EURUSD sl: 1.11792 tp: 1.12655
0	23:44:31.782	'1809640': order was opened : #46339400 buy 0.01 EURUSD at 1.12216 sl: 1.11792 tp: 1.12655
0	23:44:31.829	'1809640': modify order #46337221 sell 0.01 EURUSD at 1.12377 sl: 1.12872 tp: 1.11760 -> sl: 1.12872 tp: 1.11752
0	23:44:32.111	'1809640': order #46337221 sell 0.01 EURUSD at 1.12377 was modified -> sl: 1.12872 tp: 1.11752
0	23:44:32.126	'1809640': modify order #46337764 sell 0.01 EURUSD at 1.12449 sl: 1.12874 tp: 1.11760 -> sl: 1.12874 tp: 1.11752
0	23:44:32.470	'1809640': order #46337764 sell 0.01 EURUSD at 1.12449 was modified -> sl: 1.12874 tp: 1.11752
0	23:44:32.486	'1809640': modify order #46337836 sell 0.01 EURUSD at 1.12449 sl: 1.12918 tp: 1.11501 -> sl: 1.12918 tp: 1.11486
0	23:44:32.783	'1809640': order #46337836 sell 0.01 EURUSD at 1.12449 was modified -> sl: 1.12918 tp: 1.11486
0	23:44:32.783	'1809640': modify order #46337880 sell 0.01 EURUSD at 1.12416 sl: 1.12875 tp: 1.11760 -> sl: 1.12875 tp: 1.11752
0	23:44:33.111	'1809640': order #46337880 sell 0.01 EURUSD at 1.12416 was modified -> sl: 1.12875 tp: 1.11752
0	23:44:33.126	'1809640': modify order #46337977 sell 0.01 EURUSD at 1.12373 sl: 1.12805 tp: 1.11760 -> sl: 1.12805 tp: 1.11752
0	23:44:33.454	'1809640': order #46337977 sell 0.01 EURUSD at 1.12373 was modified -> sl: 1.12805 tp: 1.11752
0	23:44:33.470	'1809640': modify order #46338061 sell 0.01 EURUSD at 1.12382 sl: 1.12841 tp: 1.11760 -> sl: 1.12841 tp: 1.11752
0	23:44:33.814	'1809640': order #46338061 sell 0.01 EURUSD at 1.12382 was modified -> sl: 1.12841 tp: 1.11752
0	23:44:33.829	'1809640': modify order #46339122 sell 0.01 EURUSD at 1.12269 sl: 1.12690 tp: 1.11760 -> sl: 1.12690 tp: 1.11752
0	23:44:34.095	'1809640': order #46339122 sell 0.01 EURUSD at 1.12269 was modified -> sl: 1.12690 tp: 1.11752
0	23:44:34.126	'1809640': modify order #46339220 sell 0.01 EURUSD at 1.12251 sl: 1.12675 tp: 1.11022 -> sl: 1.12675 tp: 1.11000
0	23:44:34.454	'1809640': order #46339220 sell 0.01 EURUSD at 1.12251 was modified -> sl: 1.12675 tp: 1.11000
0	23:44:34.470	'1809640': modify order #46339311 sell 0.01 EURUSD at 1.12207 sl: 1.12628 tp: 1.11760 -> sl: 1.12628 tp: 1.11753
0	23:44:34.767	'1809640': order #46339311 sell 0.01 EURUSD at 1.12207 was modified -> sl: 1.12628 tp: 1.11753
0	23:45:34.470	'1809640': modify order #46337221 sell 0.01 EURUSD at 1.12377 sl: 1.12872 tp: 1.11752 -> sl: 1.12872 tp: 1.11746
0	23:45:34.814	'1809640': order #46337221 sell 0.01 EURUSD at 1.12377 was modified -> sl: 1.12872 tp: 1.11746
0	23:45:34.829	'1809640': modify order #46337666 sell 0.01 EURUSD at 1.12431 sl: 1.12855 tp: 1.12130 -> sl: 1.12855 tp: 1.12115
0	23:45:35.142	'1809640': order #46337666 sell 0.01 EURUSD at 1.12431 was modified -> sl: 1.12855 tp: 1.12115
0	23:45:35.158	'1809640': modify order #46337764 sell 0.01 EURUSD at 1.12449 sl: 1.12874 tp: 1.11752 -> sl: 1.12874 tp: 1.11746
0	23:45:35.486	'1809640': order #46337764 sell 0.01 EURUSD at 1.12449 was modified -> sl: 1.12874 tp: 1.11746
0	23:45:35.486	'1809640': modify order #46337836 sell 0.01 EURUSD at 1.12449 sl: 1.12918 tp: 1.11486 -> sl: 1.12918 tp: 1.11482
0	23:45:35.798	'1809640': order #46337836 sell 0.01 EURUSD at 1.12449 was modified -> sl: 1.12918 tp: 1.11482
0	23:45:35.814	'1809640': modify order #46337880 sell 0.01 EURUSD at 1.12416 sl: 1.12875 tp: 1.11752 -> sl: 1.12875 tp: 1.11746
0	23:45:36.111	'1809640': order #46337880 sell 0.01 EURUSD at 1.12416 was modified -> sl: 1.12875 tp: 1.11746
0	23:45:36.126	'1809640': modify order #46337977 sell 0.01 EURUSD at 1.12373 sl: 1.12805 tp: 1.11752 -> sl: 1.12805 tp: 1.11746
0	23:45:36.439	'1809640': order #46337977 sell 0.01 EURUSD at 1.12373 was modified -> sl: 1.12805 tp: 1.11746
0	23:45:36.439	'1809640': modify order #46338061 sell 0.01 EURUSD at 1.12382 sl: 1.12841 tp: 1.11752 -> sl: 1.12841 tp: 1.11746
0	23:45:36.783	'1809640': order #46338061 sell 0.01 EURUSD at 1.12382 was modified -> sl: 1.12841 tp: 1.11746
0	23:45:36.798	'1809640': modify order #46339122 sell 0.01 EURUSD at 1.12269 sl: 1.12690 tp: 1.11752 -> sl: 1.12690 tp: 1.11746
0	23:45:37.095	'1809640': order #46339122 sell 0.01 EURUSD at 1.12269 was modified -> sl: 1.12690 tp: 1.11746
0	23:45:37.111	'1809640': modify order #46339220 sell 0.01 EURUSD at 1.12251 sl: 1.12675 tp: 1.11000 -> sl: 1.12675 tp: 1.10995
0	23:45:37.470	'1809640': order #46339220 sell 0.01 EURUSD at 1.12251 was modified -> sl: 1.12675 tp: 1.10995
0	23:45:37.486	'1809640': modify order #46339311 sell 0.01 EURUSD at 1.12207 sl: 1.12628 tp: 1.11753 -> sl: 1.12628 tp: 1.11746
0	23:45:37.751	'1809640': order #46339311 sell 0.01 EURUSD at 1.12207 was modified -> sl: 1.12628 tp: 1.11746
0	23:48:40.876	'1809640': order buy market 0.01 EURUSD sl: 1.11780 tp: 1.12642
0	23:48:41.204	'1809640': order was opened : #46339612 buy 0.01 EURUSD at 1.12202 sl: 1.11780 tp: 1.12642
0	23:48:41.345	'1809640': modify order #46337221 sell 0.01 EURUSD at 1.12377 sl: 1.12872 tp: 1.11746 -> sl: 1.12872 tp: 1.11740
0	23:48:41.689	'1809640': order #46337221 sell 0.01 EURUSD at 1.12377 was modified -> sl: 1.12872 tp: 1.11740
0	23:48:41.704	'1809640': modify order #46337469 sell 0.01 EURUSD at 1.12407 sl: 1.12850 tp: 1.12144 -> sl: 1.12850 tp: 1.12101
0	23:48:42.017	'1809640': order #46337469 sell 0.01 EURUSD at 1.12407 was modified -> sl: 1.12850 tp: 1.12101
0	23:48:42.033	'1809640': modify order #46337666 sell 0.01 EURUSD at 1.12431 sl: 1.12855 tp: 1.12115 -> sl: 1.12855 tp: 1.12114
0	23:48:42.345	'1809640': order #46337666 sell 0.01 EURUSD at 1.12431 was modified -> sl: 1.12855 tp: 1.12114
0	23:48:42.361	'1809640': modify order #46337764 sell 0.01 EURUSD at 1.12449 sl: 1.12874 tp: 1.11746 -> sl: 1.12874 tp: 1.11740
0	23:48:42.673	'1809640': order #46337764 sell 0.01 EURUSD at 1.12449 was modified -> sl: 1.12874 tp: 1.11740
0	23:48:42.689	'1809640': modify order #46337836 sell 0.01 EURUSD at 1.12449 sl: 1.12918 tp: 1.11482 -> sl: 1.12918 tp: 1.11416
0	23:48:43.017	'1809640': order #46337836 sell 0.01 EURUSD at 1.12449 was modified -> sl: 1.12918 tp: 1.11416
0	23:48:43.033	'1809640': modify order #46337880 sell 0.01 EURUSD at 1.12416 sl: 1.12875 tp: 1.11746 -> sl: 1.12875 tp: 1.11740
0	23:48:43.361	'1809640': order #46337880 sell 0.01 EURUSD at 1.12416 was modified -> sl: 1.12875 tp: 1.11740
0	23:48:43.376	'1809640': modify order #46337977 sell 0.01 EURUSD at 1.12373 sl: 1.12805 tp: 1.11746 -> sl: 1.12805 tp: 1.11740
0	23:48:43.720	'1809640': order #46337977 sell 0.01 EURUSD at 1.12373 was modified -> sl: 1.12805 tp: 1.11740
0	23:48:43.720	'1809640': modify order #46338061 sell 0.01 EURUSD at 1.12382 sl: 1.12841 tp: 1.11746 -> sl: 1.12841 tp: 1.11740
0	23:48:44.048	'1809640': order #46338061 sell 0.01 EURUSD at 1.12382 was modified -> sl: 1.12841 tp: 1.11740
0	23:48:44.079	'1809640': modify order #46338806 sell 0.01 EURUSD at 1.12271 sl: 1.12698 tp: 1.12144 -> sl: 1.12698 tp: 1.12100
0	23:48:44.392	'1809640': order #46338806 sell 0.01 EURUSD at 1.12271 was modified -> sl: 1.12698 tp: 1.12100
0	23:48:44.392	'1809640': modify order #46339122 sell 0.01 EURUSD at 1.12269 sl: 1.12690 tp: 1.11746 -> sl: 1.12690 tp: 1.11739
0	23:48:44.689	'1809640': order #46339122 sell 0.01 EURUSD at 1.12269 was modified -> sl: 1.12690 tp: 1.11739
0	23:48:44.736	'1809640': modify order #46339220 sell 0.01 EURUSD at 1.12251 sl: 1.12675 tp: 1.10995 -> sl: 1.12675 tp: 1.10928
0	23:48:45.017	'1809640': order #46339220 sell 0.01 EURUSD at 1.12251 was modified -> sl: 1.12675 tp: 1.10928
0	23:48:45.033	'1809640': modify order #46339311 sell 0.01 EURUSD at 1.12207 sl: 1.12628 tp: 1.11746 -> sl: 1.12628 tp: 1.11739
0	23:48:45.329	'1809640': order #46339311 sell 0.01 EURUSD at 1.12207 was modified -> sl: 1.12628 tp: 1.11739
0	23:48:45.345	'1809640': modify order #46339612 buy 0.01 EURUSD at 1.12202 sl: 1.11780 tp: 1.12642 -> sl: 1.11780 tp: 1.12643
0	23:48:45.673	'1809640': order #46339612 buy 0.01 EURUSD at 1.12202 was modified -> sl: 1.11780 tp: 1.12643
0	23:50:15.595	'1809640': modify order #46337469 sell 0.01 EURUSD at 1.12407 sl: 1.12850 tp: 1.12101 -> sl: 1.12850 tp: 1.12098
0	23:50:15.970	'1809640': order #46337469 sell 0.01 EURUSD at 1.12407 was modified -> sl: 1.12850 tp: 1.12098
0	23:50:16.017	'1809640': modify order #46337666 sell 0.01 EURUSD at 1.12431 sl: 1.12855 tp: 1.12114 -> sl: 1.12855 tp: 1.12109
0	23:50:16.298	'1809640': order #46337666 sell 0.01 EURUSD at 1.12431 was modified -> sl: 1.12855 tp: 1.12109
0	23:50:16.314	'1809640': modify order #46338806 sell 0.01 EURUSD at 1.12271 sl: 1.12698 tp: 1.12100 -> sl: 1.12698 tp: 1.12098
0	23:50:16.580	'1809640': order #46338806 sell 0.01 EURUSD at 1.12271 was modified -> sl: 1.12698 tp: 1.12098
0	23:50:16.595	'1809640': modify order #46339400 buy 0.01 EURUSD at 1.12216 sl: 1.11792 tp: 1.12655 -> sl: 1.11792 tp: 1.12672
0	23:50:16.908	'1809640': order #46339400 buy 0.01 EURUSD at 1.12216 was modified -> sl: 1.11792 tp: 1.12672
0	23:50:16.923	'1809640': modify order #46339612 buy 0.01 EURUSD at 1.12202 sl: 1.11780 tp: 1.12643 -> sl: 1.11780 tp: 1.12672
0	23:50:17.220	'1809640': order #46339612 buy 0.01 EURUSD at 1.12202 was modified -> sl: 1.11780 tp: 1.12672
0	23:52:13.423	'1809640': modify order #46337469 sell 0.01 EURUSD at 1.12407 sl: 1.12850 tp: 1.12098 -> sl: 1.12850 tp: 1.12097
0	23:52:13.814	'1809640': order #46337469 sell 0.01 EURUSD at 1.12407 was modified -> sl: 1.12850 tp: 1.12097
0	23:52:13.892	'1809640': modify order #46338806 sell 0.01 EURUSD at 1.12271 sl: 1.12698 tp: 1.12098 -> sl: 1.12698 tp: 1.12097
0	23:52:14.220	'1809640': order #46338806 sell 0.01 EURUSD at 1.12271 was modified -> sl: 1.12698 tp: 1.12097
0	23:52:14.236	'1809640': modify order #46339400 buy 0.01 EURUSD at 1.12216 sl: 1.11792 tp: 1.12672 -> sl: 1.11792 tp: 1.12683
0	23:52:14.564	'1809640': order #46339400 buy 0.01 EURUSD at 1.12216 was modified -> sl: 1.11792 tp: 1.12683
0	23:52:14.642	'1809640': modify order #46339612 buy 0.01 EURUSD at 1.12202 sl: 1.11780 tp: 1.12672 -> sl: 1.11780 tp: 1.12683
0	23:52:14.970	'1809640': order #46339612 buy 0.01 EURUSD at 1.12202 was modified -> sl: 1.11780 tp: 1.12683
0	23:55:49.986	'1809640': order buy market 0.01 EURUSD sl: 1.11822 tp: 1.12402
0	23:55:50.314	'1809640': order was opened : #46339684 buy 0.01 EURUSD at 1.12244 sl: 1.11822 tp: 1.12402
0	23:55:50.814	'1809640': modify order #46337469 sell 0.01 EURUSD at 1.12407 sl: 1.12850 tp: 1.12097 -> sl: 1.12850 tp: 1.12096
0	23:55:51.064	'1809640': order #46337469 sell 0.01 EURUSD at 1.12407 was modified -> sl: 1.12850 tp: 1.12096
0	23:55:51.064	'1809640': modify order #46337666 sell 0.01 EURUSD at 1.12431 sl: 1.12855 tp: 1.12109 -> sl: 1.12855 tp: 1.12097
0	23:55:51.330	'1809640': order #46337666 sell 0.01 EURUSD at 1.12431 was modified -> sl: 1.12855 tp: 1.12097
0	23:55:51.330	'1809640': modify order #46338806 sell 0.01 EURUSD at 1.12271 sl: 1.12698 tp: 1.12097 -> sl: 1.12698 tp: 1.12096
0	23:55:51.658	'1809640': order #46338806 sell 0.01 EURUSD at 1.12271 was modified -> sl: 1.12698 tp: 1.12096
0	23:55:51.673	'1809640': modify order #46339400 buy 0.01 EURUSD at 1.12216 sl: 1.11792 tp: 1.12683 -> sl: 1.11792 tp: 1.12684
0	23:55:52.002	'1809640': order #46339400 buy 0.01 EURUSD at 1.12216 was modified -> sl: 1.11792 tp: 1.12684
0	23:59:10.877	'1809640': modify order #46339400 buy 0.01 EURUSD at 1.12216 sl: 1.11792 tp: 1.12684 -> sl: 1.11792 tp: 1.12685
0	23:59:11.189	'1809640': order #46339400 buy 0.01 EURUSD at 1.12216 was modified -> sl: 1.11792 tp: 1.12685
0	23:59:11.220	'1809640': modify order #46339612 buy 0.01 EURUSD at 1.12202 sl: 1.11780 tp: 1.12683 -> sl: 1.11780 tp: 1.12685
0	23:59:11.517	'1809640': order #46339612 buy 0.01 EURUSD at 1.12202 was modified -> sl: 1.11780 tp: 1.12685
