0	00:56:23.288	'1809640': modify order #46484175 buy 0.01 EURUSD at 1.10985 sl: 1.10564 tp: 1.11623 -> sl: 1.10564 tp: 1.11721
0	00:56:25.212	'1809640': order #46484175 buy 0.01 EURUSD at 1.10985 was modified -> sl: 1.10564 tp: 1.11721
0	02:10:35.940	'1809640': modify order #46484175 buy 0.01 EURUSD at 1.10985 sl: 1.10564 tp: 1.11721 -> sl: 1.10564 tp: 1.11726
0	02:10:38.575	'1809640': order #46484175 buy 0.01 EURUSD at 1.10985 was modified -> sl: 1.10564 tp: 1.11726
0	04:16:41.937	'1809640': modify order #46484175 buy 0.01 EURUSD at 1.10985 sl: 1.10564 tp: 1.11726 -> sl: 1.10564 tp: 1.11727
0	04:16:44.507	'1809640': order #46484175 buy 0.01 EURUSD at 1.10985 was modified -> sl: 1.10564 tp: 1.11727
0	04:22:20.642	'1809640': modify order #46484175 buy 0.01 EURUSD at 1.10985 sl: 1.10564 tp: 1.11727 -> sl: 1.10564 tp: 1.11731
0	04:22:21.327	'1809640': order #46484175 buy 0.01 EURUSD at 1.10985 was modified -> sl: 1.10564 tp: 1.11731
0	08:06:05.576	'1809640': close order #46475771 sell 0.01 EURUSD at 1.11329 sl: 1.11749 tp: 1.09959 at price 0.00000
0	08:06:07.923	'1809640': order #46475771 sell 0.01 EURUSD at 1.11329 sl: 1.11749 tp: 1.09959 closed at price 1.11262
0	08:06:08.995	'1809640': order buy market 0.01 EURUSD sl: 1.10840 tp: 1.11701
0	08:06:09.450	'1809640': order was opened : #46518877 buy 0.01 EURUSD at 1.11261 sl: 1.10840 tp: 1.11701
0	08:19:02.845	'1809640': modify order #46518877 buy 0.01 EURUSD at 1.11261 sl: 1.10840 tp: 1.11701 -> sl: 1.10840 tp: 1.11716
0	08:19:03.564	'1809640': order #46518877 buy 0.01 EURUSD at 1.11261 was modified -> sl: 1.10840 tp: 1.11716
0	08:24:05.364	'1809640': modify order #46484175 buy 0.01 EURUSD at 1.10985 sl: 1.10564 tp: 1.11731 -> sl: 1.10564 tp: 1.11780
0	08:24:05.855	'1809640': order #46484175 buy 0.01 EURUSD at 1.10985 was modified -> sl: 1.10564 tp: 1.11780
0	08:24:05.952	'1809640': modify order #46518877 buy 0.01 EURUSD at 1.11261 sl: 1.10840 tp: 1.11716 -> sl: 1.10840 tp: 1.11781
0	08:24:06.438	'1809640': order #46518877 buy 0.01 EURUSD at 1.11261 was modified -> sl: 1.10840 tp: 1.11781
0	08:25:24.394	'1809640': order #46483657 sell 0.01 EURUSD at 1.10971 closed due stop-loss at price 1.11392
0	08:29:19.861	'1809640': order sell market 0.01 EURUSD sl: 1.11718 tp: 1.11002
0	08:29:20.319	'1809640': order was opened : #46520225 sell 0.01 EURUSD at 1.11298 sl: 1.11718 tp: 1.11002
0	08:34:17.025	'1809640': close order #46520225 sell 0.01 EURUSD at 1.11298 sl: 1.11718 tp: 1.11002 at price 0.00000
0	08:34:18.652	'1809640': order #46520225 sell 0.01 EURUSD at 1.11298 sl: 1.11718 tp: 1.11002 closed at price 1.11269
0	08:36:15.280	'1809640': order buy market 0.01 EURUSD sl: 1.10823 tp: 1.11451
0	08:36:16.063	'1809640': order was opened : #46520512 buy 0.01 EURUSD at 1.11239 sl: 1.10823 tp: 1.11451
0	09:32:07.853	'1809640': order #46518877 buy 0.01 EURUSD at 1.11261 closed due stop-loss at price 1.10840
0	09:35:48.083	'1809640': order buy market 0.01 EURUSD sl: 1.10438 tp: 1.11445
0	09:35:48.858	'1809640': order was opened : #46523445 buy 0.01 EURUSD at 1.10858 sl: 1.10438 tp: 1.11445
0	09:40:29.521	'1809640': order #46520512 buy 0.01 EURUSD at 1.11239 closed due stop-loss at price 1.10823
0	09:43:51.456	'1809640': order buy market 0.01 EURUSD sl: 1.10408 tp: 1.11267
0	09:43:53.381	'1809640': order was opened : #46523958 buy 0.01 EURUSD at 1.10827 sl: 1.10408 tp: 1.11267
0	09:44:26.833	'1809640': modify order #46523445 buy 0.01 EURUSD at 1.10858 sl: 1.10438 tp: 1.11445 -> sl: 1.10438 tp: 1.11446
0	09:44:27.644	'1809640': order #46523445 buy 0.01 EURUSD at 1.10858 was modified -> sl: 1.10438 tp: 1.11446
0	09:44:27.743	'1809640': modify order #46523958 buy 0.01 EURUSD at 1.10827 sl: 1.10408 tp: 1.11267 -> sl: 1.10408 tp: 1.11269
0	09:44:28.099	'1809640': order #46523958 buy 0.01 EURUSD at 1.10827 was modified -> sl: 1.10408 tp: 1.11269
0	09:47:11.046	'1809640': modify order #46523445 buy 0.01 EURUSD at 1.10858 sl: 1.10438 tp: 1.11446 -> sl: 1.10438 tp: 1.11448
0	09:47:11.992	'1809640': order #46523445 buy 0.01 EURUSD at 1.10858 was modified -> sl: 1.10438 tp: 1.11448
0	09:51:33.789	'1809640': modify order #46523445 buy 0.01 EURUSD at 1.10858 sl: 1.10438 tp: 1.11448 -> sl: 1.10438 tp: 1.11476
0	09:51:34.439	'1809640': order #46523445 buy 0.01 EURUSD at 1.10858 was modified -> sl: 1.10438 tp: 1.11476
0	09:51:34.439	'1809640': modify order #46523958 buy 0.01 EURUSD at 1.10827 sl: 1.10408 tp: 1.11269 -> sl: 1.10408 tp: 1.11289
0	09:51:34.832	'1809640': order #46523958 buy 0.01 EURUSD at 1.10827 was modified -> sl: 1.10408 tp: 1.11289
0	09:55:28.537	'1809640': modify order #46523958 buy 0.01 EURUSD at 1.10827 sl: 1.10408 tp: 1.11289 -> sl: 1.10408 tp: 1.11292
0	09:55:28.930	'1809640': order #46523958 buy 0.01 EURUSD at 1.10827 was modified -> sl: 1.10408 tp: 1.11292
0	10:03:31.439	'1809640': modify order #46523445 buy 0.01 EURUSD at 1.10858 sl: 1.10438 tp: 1.11476 -> sl: 1.10438 tp: 1.11494
0	10:03:31.764	'1809640': order #46523445 buy 0.01 EURUSD at 1.10858 was modified -> sl: 1.10438 tp: 1.11494
0	10:08:14.642	'1809640': modify order #46523445 buy 0.01 EURUSD at 1.10858 sl: 1.10438 tp: 1.11494 -> sl: 1.10438 tp: 1.11495
0	10:08:15.818	'1809640': order #46523445 buy 0.01 EURUSD at 1.10858 was modified -> sl: 1.10438 tp: 1.11495
0	10:08:15.818	'1809640': modify order #46523958 buy 0.01 EURUSD at 1.10827 sl: 1.10408 tp: 1.11292 -> sl: 1.10408 tp: 1.11324
0	10:08:16.114	'1809640': order #46523958 buy 0.01 EURUSD at 1.10827 was modified -> sl: 1.10408 tp: 1.11324
0	10:10:45.787	'1809640': modify order #46523958 buy 0.01 EURUSD at 1.10827 sl: 1.10408 tp: 1.11324 -> sl: 1.10408 tp: 1.11334
0	10:10:46.209	'1809640': order #46523958 buy 0.01 EURUSD at 1.10827 was modified -> sl: 1.10408 tp: 1.11334
0	10:14:34.351	'1809640': modify order #46523958 buy 0.01 EURUSD at 1.10827 sl: 1.10408 tp: 1.11334 -> sl: 1.10408 tp: 1.11344
0	10:14:36.492	'1809640': order #46523958 buy 0.01 EURUSD at 1.10827 was modified -> sl: 1.10408 tp: 1.11344
0	10:22:50.729	'1809640': modify order #46523958 buy 0.01 EURUSD at 1.10827 sl: 1.10408 tp: 1.11344 -> sl: 1.10408 tp: 1.11356
0	10:22:51.152	'1809640': order #46523958 buy 0.01 EURUSD at 1.10827 was modified -> sl: 1.10408 tp: 1.11356
0	10:25:04.293	'1809640': modify order #46523958 buy 0.01 EURUSD at 1.10827 sl: 1.10408 tp: 1.11356 -> sl: 1.10408 tp: 1.11379
0	10:25:05.198	'1809640': order #46523958 buy 0.01 EURUSD at 1.10827 was modified -> sl: 1.10408 tp: 1.11379
0	10:28:29.712	'1809640': modify order #46523958 buy 0.01 EURUSD at 1.10827 sl: 1.10408 tp: 1.11379 -> sl: 1.10408 tp: 1.11392
0	10:28:30.756	'1809640': order #46523958 buy 0.01 EURUSD at 1.10827 was modified -> sl: 1.10408 tp: 1.11392
0	10:37:19.570	'1809640': modify order #46523958 buy 0.01 EURUSD at 1.10827 sl: 1.10408 tp: 1.11392 -> sl: 1.10408 tp: 1.11406
0	10:37:20.215	'1809640': order #46523958 buy 0.01 EURUSD at 1.10827 was modified -> sl: 1.10408 tp: 1.11406
0	10:45:05.946	'1809640': modify order #46523958 buy 0.01 EURUSD at 1.10827 sl: 1.10408 tp: 1.11406 -> sl: 1.10408 tp: 1.11435
0	10:45:07.443	'1809640': order #46523958 buy 0.01 EURUSD at 1.10827 was modified -> sl: 1.10408 tp: 1.11435
0	10:50:39.250	'1809640': modify order #46523958 buy 0.01 EURUSD at 1.10827 sl: 1.10408 tp: 1.11435 -> sl: 1.10408 tp: 1.11464
0	10:50:39.607	'1809640': order #46523958 buy 0.01 EURUSD at 1.10827 was modified -> sl: 1.10408 tp: 1.11464
0	11:10:23.141	'1809640': modify order #46523958 buy 0.01 EURUSD at 1.10827 sl: 1.10408 tp: 1.11464 -> sl: 1.10408 tp: 1.11465
0	11:10:29.059	'1809640': order #46523958 buy 0.01 EURUSD at 1.10827 was modified -> sl: 1.10408 tp: 1.11465
0	11:12:18.656	'1809640': modify order #46523958 buy 0.01 EURUSD at 1.10827 sl: 1.10408 tp: 1.11465 -> sl: 1.10408 tp: 1.11467
0	11:12:19.114	'1809640': order #46523958 buy 0.01 EURUSD at 1.10827 was modified -> sl: 1.10408 tp: 1.11467
0	11:17:47.498	'1809640': modify order #46523958 buy 0.01 EURUSD at 1.10827 sl: 1.10408 tp: 1.11467 -> sl: 1.10408 tp: 1.11493
0	11:17:48.046	'1809640': order #46523958 buy 0.01 EURUSD at 1.10827 was modified -> sl: 1.10408 tp: 1.11493
0	11:20:18.016	'1809640': modify order #46523958 buy 0.01 EURUSD at 1.10827 sl: 1.10408 tp: 1.11493 -> sl: 1.10408 tp: 1.11523
0	11:20:19.121	'1809640': order #46523958 buy 0.01 EURUSD at 1.10827 was modified -> sl: 1.10408 tp: 1.11523
0	12:06:08.338	'1809640': modify order #46523958 buy 0.01 EURUSD at 1.10827 sl: 1.10408 tp: 1.11523 -> sl: 1.10408 tp: 1.11581
0	12:06:10.444	'1809640': order #46523958 buy 0.01 EURUSD at 1.10827 was modified -> sl: 1.10408 tp: 1.11581
0	12:21:21.545	'1809640': modify order #46523958 buy 0.01 EURUSD at 1.10827 sl: 1.10408 tp: 1.11581 -> sl: 1.10408 tp: 1.11596
0	12:21:22.127	'1809640': order #46523958 buy 0.01 EURUSD at 1.10827 was modified -> sl: 1.10408 tp: 1.11596
0	13:34:47.772	'1809640': modify order #46301813 sell 0.01 EURUSD at 1.12973 sl: 1.13394 tp: 1.10300 -> sl: 1.13394 tp: 1.10239
0	13:34:49.689	'1809640': order #46301813 sell 0.01 EURUSD at 1.12973 was modified -> sl: 1.13394 tp: 1.10239
0	13:34:50.310	'1809640': modify order #46303919 sell 0.01 EURUSD at 1.13039 sl: 1.13464 tp: 1.10300 -> sl: 1.13464 tp: 1.10239
0	13:34:50.732	'1809640': order #46303919 sell 0.01 EURUSD at 1.13039 was modified -> sl: 1.13464 tp: 1.10239
0	13:34:50.862	'1809640': modify order #46337221 sell 0.01 EURUSD at 1.12377 sl: 1.12872 tp: 1.10299 -> sl: 1.12872 tp: 1.10239
0	13:34:51.158	'1809640': order #46337221 sell 0.01 EURUSD at 1.12377 was modified -> sl: 1.12872 tp: 1.10239
0	13:34:51.256	'1809640': modify order #46337764 sell 0.01 EURUSD at 1.12449 sl: 1.12874 tp: 1.10300 -> sl: 1.12874 tp: 1.10239
0	13:34:51.775	'1809640': order #46337764 sell 0.01 EURUSD at 1.12449 was modified -> sl: 1.12874 tp: 1.10239
0	13:34:51.873	'1809640': modify order #46337880 sell 0.01 EURUSD at 1.12416 sl: 1.12875 tp: 1.10299 -> sl: 1.12875 tp: 1.10238
0	13:34:52.360	'1809640': order #46337880 sell 0.01 EURUSD at 1.12416 was modified -> sl: 1.12875 tp: 1.10238
0	13:34:52.494	'1809640': modify order #46337977 sell 0.01 EURUSD at 1.12373 sl: 1.12805 tp: 1.10299 -> sl: 1.12805 tp: 1.10239
0	13:34:52.814	'1809640': order #46337977 sell 0.01 EURUSD at 1.12373 was modified -> sl: 1.12805 tp: 1.10239
0	13:34:52.948	'1809640': modify order #46338061 sell 0.01 EURUSD at 1.12382 sl: 1.12841 tp: 1.10299 -> sl: 1.12841 tp: 1.10239
0	13:34:53.176	'1809640': order #46338061 sell 0.01 EURUSD at 1.12382 was modified -> sl: 1.12841 tp: 1.10239
0	13:34:53.277	'1809640': modify order #46339122 sell 0.01 EURUSD at 1.12269 sl: 1.12690 tp: 1.10299 -> sl: 1.12690 tp: 1.10238
0	13:34:53.862	'1809640': order #46339122 sell 0.01 EURUSD at 1.12269 was modified -> sl: 1.12690 tp: 1.10238
0	13:34:53.927	'1809640': modify order #46339311 sell 0.01 EURUSD at 1.12207 sl: 1.12628 tp: 1.10299 -> sl: 1.12628 tp: 1.10238
0	13:34:54.288	'1809640': order #46339311 sell 0.01 EURUSD at 1.12207 was modified -> sl: 1.12628 tp: 1.10238
0	13:34:54.450	'1809640': modify order #46341203 sell 0.01 EURUSD at 1.12337 sl: 1.12760 tp: 1.10299 -> sl: 1.12760 tp: 1.10239
0	13:34:54.775	'1809640': order #46341203 sell 0.01 EURUSD at 1.12337 was modified -> sl: 1.12760 tp: 1.10239
0	13:34:54.872	'1809640': modify order #46342658 sell 0.01 EURUSD at 1.12216 sl: 1.12636 tp: 1.10299 -> sl: 1.12636 tp: 1.10238
0	13:34:55.165	'1809640': order #46342658 sell 0.01 EURUSD at 1.12216 was modified -> sl: 1.12636 tp: 1.10238
0	13:34:55.295	'1809640': modify order #46344072 sell 0.01 EURUSD at 1.12156 sl: 1.12578 tp: 1.10300 -> sl: 1.12578 tp: 1.10241
0	13:34:55.652	'1809640': order #46344072 sell 0.01 EURUSD at 1.12156 was modified -> sl: 1.12578 tp: 1.10241
0	13:34:55.750	'1809640': modify order #46347669 sell 0.01 EURUSD at 1.12152 sl: 1.12570 tp: 1.10300 -> sl: 1.12570 tp: 1.10244
0	13:34:56.237	'1809640': order #46347669 sell 0.01 EURUSD at 1.12152 was modified -> sl: 1.12570 tp: 1.10244
0	13:34:56.334	'1809640': modify order #46352738 sell 0.01 EURUSD at 1.11962 sl: 1.12380 tp: 1.10300 -> sl: 1.12380 tp: 1.10239
0	13:34:56.631	'1809640': order #46352738 sell 0.01 EURUSD at 1.11962 was modified -> sl: 1.12380 tp: 1.10239
0	13:34:56.696	'1809640': modify order #46353192 sell 0.01 EURUSD at 1.11955 sl: 1.12368 tp: 1.10300 -> sl: 1.12368 tp: 1.10239
0	13:34:56.956	'1809640': order #46353192 sell 0.01 EURUSD at 1.11955 was modified -> sl: 1.12368 tp: 1.10239
0	13:34:57.021	'1809640': modify order #46353702 sell 0.01 EURUSD at 1.11887 sl: 1.12306 tp: 1.10300 -> sl: 1.12306 tp: 1.10241
0	13:34:57.378	'1809640': order #46353702 sell 0.01 EURUSD at 1.11887 was modified -> sl: 1.12306 tp: 1.10241
0	13:34:57.573	'1809640': modify order #46354088 sell 0.01 EURUSD at 1.11920 sl: 1.12338 tp: 1.10301 -> sl: 1.12338 tp: 1.10241
0	13:34:57.869	'1809640': order #46354088 sell 0.01 EURUSD at 1.11920 was modified -> sl: 1.12338 tp: 1.10241
0	13:34:57.902	'1809640': modify order #46354301 sell 0.01 EURUSD at 1.11957 sl: 1.12381 tp: 1.10300 -> sl: 1.12381 tp: 1.10239
0	13:34:58.191	'1809640': order #46354301 sell 0.01 EURUSD at 1.11957 was modified -> sl: 1.12381 tp: 1.10239
0	13:34:58.223	'1809640': modify order #46355725 sell 0.01 EURUSD at 1.12023 sl: 1.12441 tp: 1.10409 -> sl: 1.12441 tp: 1.10288
0	13:34:58.775	'1809640': order #46355725 sell 0.01 EURUSD at 1.12023 was modified -> sl: 1.12441 tp: 1.10288
0	13:34:58.840	'1809640': modify order #46359543 sell 0.01 EURUSD at 1.11799 sl: 1.12240 tp: 1.10300 -> sl: 1.12240 tp: 1.10240
0	13:34:59.165	'1809640': order #46359543 sell 0.01 EURUSD at 1.11799 was modified -> sl: 1.12240 tp: 1.10240
0	13:34:59.329	'1809640': modify order #46359855 sell 0.01 EURUSD at 1.11846 sl: 1.12264 tp: 1.10300 -> sl: 1.12264 tp: 1.10240
0	13:34:59.685	'1809640': order #46359855 sell 0.01 EURUSD at 1.11846 was modified -> sl: 1.12264 tp: 1.10240
0	13:34:59.719	'1809640': modify order #46360156 sell 0.01 EURUSD at 1.11856 sl: 1.12275 tp: 1.10300 -> sl: 1.12275 tp: 1.10242
0	13:35:00.079	'1809640': order #46360156 sell 0.01 EURUSD at 1.11856 was modified -> sl: 1.12275 tp: 1.10242
0	13:35:00.144	'1809640': modify order #46360612 sell 0.01 EURUSD at 1.11768 sl: 1.12190 tp: 1.10300 -> sl: 1.12190 tp: 1.10240
0	13:35:00.469	'1809640': order #46360612 sell 0.01 EURUSD at 1.11768 was modified -> sl: 1.12190 tp: 1.10240
0	13:35:00.923	'1809640': modify order #46360797 sell 0.01 EURUSD at 1.11806 sl: 1.12227 tp: 1.10300 -> sl: 1.12227 tp: 1.10240
0	13:35:01.122	'1809640': order #46360797 sell 0.01 EURUSD at 1.11806 was modified -> sl: 1.12227 tp: 1.10240
0	13:35:01.188	'1809640': modify order #46478017 sell 0.01 EURUSD at 1.11355 sl: 1.11777 tp: 1.10300 -> sl: 1.11777 tp: 1.10241
0	13:35:01.512	'1809640': order #46478017 sell 0.01 EURUSD at 1.11355 was modified -> sl: 1.11777 tp: 1.10241
0	13:37:52.894	'1809640': modify order #46301813 sell 0.01 EURUSD at 1.12973 sl: 1.13394 tp: 1.10239 -> sl: 1.13394 tp: 1.10227
0	13:37:53.414	'1809640': order #46301813 sell 0.01 EURUSD at 1.12973 was modified -> sl: 1.13394 tp: 1.10227
0	13:37:53.414	'1809640': modify order #46303919 sell 0.01 EURUSD at 1.13039 sl: 1.13464 tp: 1.10239 -> sl: 1.13464 tp: 1.10229
0	13:37:53.771	'1809640': order #46303919 sell 0.01 EURUSD at 1.13039 was modified -> sl: 1.13464 tp: 1.10229
0	13:37:53.771	'1809640': modify order #46337221 sell 0.01 EURUSD at 1.12377 sl: 1.12872 tp: 1.10239 -> sl: 1.12872 tp: 1.10229
0	13:37:54.193	'1809640': order #46337221 sell 0.01 EURUSD at 1.12377 was modified -> sl: 1.12872 tp: 1.10229
0	13:37:54.290	'1809640': modify order #46337764 sell 0.01 EURUSD at 1.12449 sl: 1.12874 tp: 1.10239 -> sl: 1.12874 tp: 1.10229
0	13:37:55.102	'1809640': order #46337764 sell 0.01 EURUSD at 1.12449 was modified -> sl: 1.12874 tp: 1.10229
0	13:37:55.362	'1809640': modify order #46337880 sell 0.01 EURUSD at 1.12416 sl: 1.12875 tp: 1.10238 -> sl: 1.12875 tp: 1.10229
0	13:37:55.719	'1809640': order #46337880 sell 0.01 EURUSD at 1.12416 was modified -> sl: 1.12875 tp: 1.10229
0	13:37:55.784	'1809640': modify order #46337977 sell 0.01 EURUSD at 1.12373 sl: 1.12805 tp: 1.10239 -> sl: 1.12805 tp: 1.10229
0	13:37:56.202	'1809640': order #46337977 sell 0.01 EURUSD at 1.12373 was modified -> sl: 1.12805 tp: 1.10229
0	13:37:56.300	'1809640': modify order #46338061 sell 0.01 EURUSD at 1.12382 sl: 1.12841 tp: 1.10239 -> sl: 1.12841 tp: 1.10229
0	13:37:56.594	'1809640': order #46338061 sell 0.01 EURUSD at 1.12382 was modified -> sl: 1.12841 tp: 1.10229
0	13:37:56.657	'1809640': modify order #46339122 sell 0.01 EURUSD at 1.12269 sl: 1.12690 tp: 1.10238 -> sl: 1.12690 tp: 1.10228
0	13:37:56.977	'1809640': order #46339122 sell 0.01 EURUSD at 1.12269 was modified -> sl: 1.12690 tp: 1.10228
0	13:37:57.107	'1809640': modify order #46339311 sell 0.01 EURUSD at 1.12207 sl: 1.12628 tp: 1.10238 -> sl: 1.12628 tp: 1.10229
0	13:37:57.626	'1809640': order #46339311 sell 0.01 EURUSD at 1.12207 was modified -> sl: 1.12628 tp: 1.10229
0	13:37:57.659	'1809640': modify order #46341203 sell 0.01 EURUSD at 1.12337 sl: 1.12760 tp: 1.10239 -> sl: 1.12760 tp: 1.10230
0	13:37:58.021	'1809640': order #46341203 sell 0.01 EURUSD at 1.12337 was modified -> sl: 1.12760 tp: 1.10230
0	13:37:58.053	'1809640': modify order #46342658 sell 0.01 EURUSD at 1.12216 sl: 1.12636 tp: 1.10238 -> sl: 1.12636 tp: 1.10231
0	13:37:58.378	'1809640': order #46342658 sell 0.01 EURUSD at 1.12216 was modified -> sl: 1.12636 tp: 1.10231
0	13:37:58.508	'1809640': modify order #46344072 sell 0.01 EURUSD at 1.12156 sl: 1.12578 tp: 1.10241 -> sl: 1.12578 tp: 1.10230
0	13:37:58.869	'1809640': order #46344072 sell 0.01 EURUSD at 1.12156 was modified -> sl: 1.12578 tp: 1.10230
0	13:37:58.934	'1809640': modify order #46347669 sell 0.01 EURUSD at 1.12152 sl: 1.12570 tp: 1.10244 -> sl: 1.12570 tp: 1.10229
0	13:37:59.291	'1809640': order #46347669 sell 0.01 EURUSD at 1.12152 was modified -> sl: 1.12570 tp: 1.10229
0	13:37:59.421	'1809640': modify order #46352738 sell 0.01 EURUSD at 1.11962 sl: 1.12380 tp: 1.10239 -> sl: 1.12380 tp: 1.10230
0	13:37:59.719	'1809640': order #46352738 sell 0.01 EURUSD at 1.11962 was modified -> sl: 1.12380 tp: 1.10230
0	13:37:59.783	'1809640': modify order #46353192 sell 0.01 EURUSD at 1.11955 sl: 1.12368 tp: 1.10239 -> sl: 1.12368 tp: 1.10229
0	13:38:00.079	'1809640': order #46353192 sell 0.01 EURUSD at 1.11955 was modified -> sl: 1.12368 tp: 1.10229
0	13:38:00.205	'1809640': modify order #46353702 sell 0.01 EURUSD at 1.11887 sl: 1.12306 tp: 1.10241 -> sl: 1.12306 tp: 1.10229
0	13:38:00.660	'1809640': order #46353702 sell 0.01 EURUSD at 1.11887 was modified -> sl: 1.12306 tp: 1.10229
0	13:38:00.725	'1809640': modify order #46354088 sell 0.01 EURUSD at 1.11920 sl: 1.12338 tp: 1.10241 -> sl: 1.12338 tp: 1.10229
0	13:38:01.086	'1809640': order #46354088 sell 0.01 EURUSD at 1.11920 was modified -> sl: 1.12338 tp: 1.10229
0	13:38:01.184	'1809640': modify order #46354301 sell 0.01 EURUSD at 1.11957 sl: 1.12381 tp: 1.10239 -> sl: 1.12381 tp: 1.10229
0	13:38:01.673	'1809640': order #46354301 sell 0.01 EURUSD at 1.11957 was modified -> sl: 1.12381 tp: 1.10229
0	13:38:01.704	'1809640': modify order #46355725 sell 0.01 EURUSD at 1.12023 sl: 1.12441 tp: 1.10288 -> sl: 1.12441 tp: 1.10186
0	13:38:02.159	'1809640': order #46355725 sell 0.01 EURUSD at 1.12023 was modified -> sl: 1.12441 tp: 1.10186
0	13:38:02.223	'1809640': modify order #46359543 sell 0.01 EURUSD at 1.11799 sl: 1.12240 tp: 1.10240 -> sl: 1.12240 tp: 1.10229
0	13:38:02.617	'1809640': order #46359543 sell 0.01 EURUSD at 1.11799 was modified -> sl: 1.12240 tp: 1.10229
0	13:38:02.714	'1809640': modify order #46359855 sell 0.01 EURUSD at 1.11846 sl: 1.12264 tp: 1.10240 -> sl: 1.12264 tp: 1.10228
0	13:38:03.169	'1809640': order #46359855 sell 0.01 EURUSD at 1.11846 was modified -> sl: 1.12264 tp: 1.10228
0	13:38:03.267	'1809640': modify order #46360156 sell 0.01 EURUSD at 1.11856 sl: 1.12275 tp: 1.10242 -> sl: 1.12275 tp: 1.10229
0	13:38:03.559	'1809640': order #46360156 sell 0.01 EURUSD at 1.11856 was modified -> sl: 1.12275 tp: 1.10229
0	13:38:03.624	'1809640': modify order #46360612 sell 0.01 EURUSD at 1.11768 sl: 1.12190 tp: 1.10240 -> sl: 1.12190 tp: 1.10229
0	13:38:04.240	'1809640': order #46360612 sell 0.01 EURUSD at 1.11768 was modified -> sl: 1.12190 tp: 1.10229
0	13:38:04.370	'1809640': modify order #46360797 sell 0.01 EURUSD at 1.11806 sl: 1.12227 tp: 1.10240 -> sl: 1.12227 tp: 1.10229
0	13:38:04.764	'1809640': order #46360797 sell 0.01 EURUSD at 1.11806 was modified -> sl: 1.12227 tp: 1.10229
0	13:38:04.829	'1809640': modify order #46478017 sell 0.01 EURUSD at 1.11355 sl: 1.11777 tp: 1.10241 -> sl: 1.11777 tp: 1.10229
0	13:38:05.247	'1809640': order #46478017 sell 0.01 EURUSD at 1.11355 was modified -> sl: 1.11777 tp: 1.10229
0	13:40:11.698	'1809640': modify order #46355725 sell 0.01 EURUSD at 1.12023 sl: 1.12441 tp: 1.10186 -> sl: 1.12441 tp: 1.10168
0	13:40:12.153	'1809640': order #46355725 sell 0.01 EURUSD at 1.12023 was modified -> sl: 1.12441 tp: 1.10168
0	13:40:12.185	'1809640': modify order #46483050 sell 0.01 EURUSD at 1.10990 sl: 1.11414 tp: 1.10602 -> sl: 1.11414 tp: 1.10593
0	13:40:12.575	'1809640': order #46483050 sell 0.01 EURUSD at 1.10990 was modified -> sl: 1.11414 tp: 1.10593
0	13:43:45.080	'1809640': modify order #46483050 sell 0.01 EURUSD at 1.10990 sl: 1.11414 tp: 1.10593 -> sl: 1.11414 tp: 1.10557
0	13:43:45.964	'1809640': order #46483050 sell 0.01 EURUSD at 1.10990 was modified -> sl: 1.11414 tp: 1.10557
0	13:48:32.123	'1809640': modify order #46483050 sell 0.01 EURUSD at 1.10990 sl: 1.11414 tp: 1.10557 -> sl: 1.11414 tp: 1.10542
0	13:48:32.938	'1809640': order #46483050 sell 0.01 EURUSD at 1.10990 was modified -> sl: 1.11414 tp: 1.10542
0	13:51:56.884	'1809640': modify order #46483050 sell 0.01 EURUSD at 1.10990 sl: 1.11414 tp: 1.10542 -> sl: 1.11414 tp: 1.10541
0	13:51:57.566	'1809640': order #46483050 sell 0.01 EURUSD at 1.10990 was modified -> sl: 1.11414 tp: 1.10541
0	13:58:54.506	'1809640': modify order #46483050 sell 0.01 EURUSD at 1.10990 sl: 1.11414 tp: 1.10541 -> sl: 1.11414 tp: 1.10540
0	13:58:55.317	'1809640': order #46483050 sell 0.01 EURUSD at 1.10990 was modified -> sl: 1.11414 tp: 1.10540
0	14:03:20.908	'1809640': modify order #46483050 sell 0.01 EURUSD at 1.10990 sl: 1.11414 tp: 1.10540 -> sl: 1.11414 tp: 1.10529
0	14:03:21.393	'1809640': order #46483050 sell 0.01 EURUSD at 1.10990 was modified -> sl: 1.11414 tp: 1.10529
0	16:06:15.468	'1809640': modify order #46523958 buy 0.01 EURUSD at 1.10827 sl: 1.10408 tp: 1.11596 -> sl: 1.10408 tp: 1.11622
0	16:06:17.515	'1809640': order #46523958 buy 0.01 EURUSD at 1.10827 was modified -> sl: 1.10408 tp: 1.11622
0	16:10:27.909	'1809640': modify order #46523958 buy 0.01 EURUSD at 1.10827 sl: 1.10408 tp: 1.11622 -> sl: 1.10408 tp: 1.11667
0	16:10:29.182	'1809640': order #46523958 buy 0.01 EURUSD at 1.10827 was modified -> sl: 1.10408 tp: 1.11667
0	16:31:05.237	'1809640': modify order #46523958 buy 0.01 EURUSD at 1.10827 sl: 1.10408 tp: 1.11667 -> sl: 1.10408 tp: 1.11682
0	16:31:05.659	'1809640': order #46523958 buy 0.01 EURUSD at 1.10827 was modified -> sl: 1.10408 tp: 1.11682
0	16:34:56.120	'1809640': modify order #46523958 buy 0.01 EURUSD at 1.10827 sl: 1.10408 tp: 1.11682 -> sl: 1.10408 tp: 1.11690
0	16:34:56.965	'1809640': order #46523958 buy 0.01 EURUSD at 1.10827 was modified -> sl: 1.10408 tp: 1.11690
0	16:38:07.168	'1809640': modify order #46523958 buy 0.01 EURUSD at 1.10827 sl: 1.10408 tp: 1.11690 -> sl: 1.10408 tp: 1.11691
0	16:38:08.110	'1809640': order #46523958 buy 0.01 EURUSD at 1.10827 was modified -> sl: 1.10408 tp: 1.11691
0	16:48:52.696	'1809640': modify order #46523958 buy 0.01 EURUSD at 1.10827 sl: 1.10408 tp: 1.11691 -> sl: 1.10408 tp: 1.11709
0	16:48:52.859	'1809640': order #46523958 buy 0.01 EURUSD at 1.10827 was modified -> sl: 1.10408 tp: 1.11709
0	16:52:29.964	'1809640': modify order #46523958 buy 0.01 EURUSD at 1.10827 sl: 1.10408 tp: 1.11709 -> sl: 1.10408 tp: 1.11713
0	16:52:30.321	'1809640': order #46523958 buy 0.01 EURUSD at 1.10827 was modified -> sl: 1.10408 tp: 1.11713
0	16:58:22.616	'1809640': modify order #46523958 buy 0.01 EURUSD at 1.10827 sl: 1.10408 tp: 1.11713 -> sl: 1.10408 tp: 1.11717
0	16:58:23.203	'1809640': order #46523958 buy 0.01 EURUSD at 1.10827 was modified -> sl: 1.10408 tp: 1.11717
0	17:10:54.441	'1809640': modify order #46523958 buy 0.01 EURUSD at 1.10827 sl: 1.10408 tp: 1.11717 -> sl: 1.10408 tp: 1.11739
0	17:10:54.993	'1809640': order #46523958 buy 0.01 EURUSD at 1.10827 was modified -> sl: 1.10408 tp: 1.11739
0	17:13:40.790	'1809640': modify order #46523958 buy 0.01 EURUSD at 1.10827 sl: 1.10408 tp: 1.11739 -> sl: 1.10408 tp: 1.11753
0	17:13:41.407	'1809640': order #46523958 buy 0.01 EURUSD at 1.10827 was modified -> sl: 1.10408 tp: 1.11753
0	17:19:43.433	'1809640': modify order #46523958 buy 0.01 EURUSD at 1.10827 sl: 1.10408 tp: 1.11753 -> sl: 1.10408 tp: 1.11774
0	17:19:43.847	'1809640': order #46523958 buy 0.01 EURUSD at 1.10827 was modified -> sl: 1.10408 tp: 1.11774
1	17:29:33.258	'1809640': connect failed [No connection]
0	17:30:02.411	'1809640': login on Tripleafx-FX-Demo through FX-Demo-01
0	17:30:23.957	'1809640': ping to current access point FX-Demo-01 is 127.56 ms
1	17:31:06.664	MQL4 Market: failed to load products
0	18:31:30.848	'1809640': modify order #46484175 buy 0.01 EURUSD at 1.10985 sl: 1.10564 tp: 1.11780 -> sl: 1.10564 tp: 1.11781
0	18:31:33.025	'1809640': order #46484175 buy 0.01 EURUSD at 1.10985 was modified -> sl: 1.10564 tp: 1.11781
0	18:31:33.448	'1809640': modify order #46523958 buy 0.01 EURUSD at 1.10827 sl: 1.10408 tp: 1.11774 -> sl: 1.10408 tp: 1.11781
0	18:31:33.737	'1809640': order #46523958 buy 0.01 EURUSD at 1.10827 was modified -> sl: 1.10408 tp: 1.11781
0	18:36:17.115	'1809640': modify order #46484175 buy 0.01 EURUSD at 1.10985 sl: 1.10564 tp: 1.11781 -> sl: 1.10564 tp: 1.11799
0	18:36:17.668	'1809640': order #46484175 buy 0.01 EURUSD at 1.10985 was modified -> sl: 1.10564 tp: 1.11799
0	18:36:17.700	'1809640': modify order #46523958 buy 0.01 EURUSD at 1.10827 sl: 1.10408 tp: 1.11781 -> sl: 1.10408 tp: 1.11799
0	18:36:18.224	'1809640': order #46523958 buy 0.01 EURUSD at 1.10827 was modified -> sl: 1.10408 tp: 1.11799
0	18:48:37.471	'1809640': modify order #46484175 buy 0.01 EURUSD at 1.10985 sl: 1.10564 tp: 1.11799 -> sl: 1.10564 tp: 1.11806
0	18:48:37.958	'1809640': order #46484175 buy 0.01 EURUSD at 1.10985 was modified -> sl: 1.10564 tp: 1.11806
0	18:48:37.995	'1809640': modify order #46523445 buy 0.01 EURUSD at 1.10858 sl: 1.10438 tp: 1.11495 -> sl: 1.10438 tp: 1.11508
0	18:48:38.644	'1809640': order #46523445 buy 0.01 EURUSD at 1.10858 was modified -> sl: 1.10438 tp: 1.11508
0	18:48:38.644	'1809640': modify order #46523958 buy 0.01 EURUSD at 1.10827 sl: 1.10408 tp: 1.11799 -> sl: 1.10408 tp: 1.11806
0	18:48:38.871	'1809640': order #46523958 buy 0.01 EURUSD at 1.10827 was modified -> sl: 1.10408 tp: 1.11806
0	18:53:10.734	'1809640': modify order #46484175 buy 0.01 EURUSD at 1.10985 sl: 1.10564 tp: 1.11806 -> sl: 1.10564 tp: 1.11812
0	18:53:11.095	'1809640': order #46484175 buy 0.01 EURUSD at 1.10985 was modified -> sl: 1.10564 tp: 1.11812
0	18:53:11.256	'1809640': modify order #46523445 buy 0.01 EURUSD at 1.10858 sl: 1.10438 tp: 1.11508 -> sl: 1.10438 tp: 1.11512
0	18:53:11.678	'1809640': order #46523445 buy 0.01 EURUSD at 1.10858 was modified -> sl: 1.10438 tp: 1.11512
0	18:53:11.743	'1809640': modify order #46523958 buy 0.01 EURUSD at 1.10827 sl: 1.10408 tp: 1.11806 -> sl: 1.10408 tp: 1.11812
0	18:53:12.262	'1809640': order #46523958 buy 0.01 EURUSD at 1.10827 was modified -> sl: 1.10408 tp: 1.11812
0	19:02:48.651	'1809640': modify order #46523445 buy 0.01 EURUSD at 1.10858 sl: 1.10438 tp: 1.11512 -> sl: 1.10438 tp: 1.11528
0	19:02:49.495	'1809640': order #46523445 buy 0.01 EURUSD at 1.10858 was modified -> sl: 1.10438 tp: 1.11528
0	19:31:09.841	'1809640': modify order #46523445 buy 0.01 EURUSD at 1.10858 sl: 1.10438 tp: 1.11528 -> sl: 1.10438 tp: 1.11543
0	19:31:10.722	'1809640': order #46523445 buy 0.01 EURUSD at 1.10858 was modified -> sl: 1.10438 tp: 1.11543
0	19:35:07.304	'1809640': modify order #46523445 buy 0.01 EURUSD at 1.10858 sl: 1.10438 tp: 1.11543 -> sl: 1.10438 tp: 1.11558
0	19:35:08.031	'1809640': order #46523445 buy 0.01 EURUSD at 1.10858 was modified -> sl: 1.10438 tp: 1.11558
0	19:56:09.983	'1809640': modify order #46523445 buy 0.01 EURUSD at 1.10858 sl: 1.10438 tp: 1.11558 -> sl: 1.10438 tp: 1.11569
0	19:56:14.252	'1809640': order #46523445 buy 0.01 EURUSD at 1.10858 was modified -> sl: 1.10438 tp: 1.11569
0	20:05:28.909	'1809640': modify order #46523445 buy 0.01 EURUSD at 1.10858 sl: 1.10438 tp: 1.11569 -> sl: 1.10438 tp: 1.11570
0	20:05:29.528	'1809640': order #46523445 buy 0.01 EURUSD at 1.10858 was modified -> sl: 1.10438 tp: 1.11570
