0	01:04:22.721	'1809640': order #45037502 buy 0.01 EURUSD at 1.08888 closed due stop-loss at price 1.08467
0	01:05:04.577	'1809640': modify order #45055017 sell 0.01 EURUSD at 1.09437 sl: 1.09860 tp: 1.08066 -> sl: 1.09860 tp: 1.08005
0	01:05:07.290	'1809640': order #45055017 sell 0.01 EURUSD at 1.09437 was modified -> sl: 1.09860 tp: 1.08005
0	01:05:07.581	'1809640': modify order #45056152 sell 0.01 EURUSD at 1.09650 sl: 1.10075 tp: 1.08067 -> sl: 1.10075 tp: 1.08006
0	01:05:08.035	'1809640': order #45056152 sell 0.01 EURUSD at 1.09650 was modified -> sl: 1.10075 tp: 1.08006
0	01:05:08.100	'1809640': modify order #45056564 sell 0.01 EURUSD at 1.09654 sl: 1.10077 tp: 1.08066 -> sl: 1.10077 tp: 1.08006
0	01:05:08.591	'1809640': order #45056564 sell 0.01 EURUSD at 1.09654 was modified -> sl: 1.10077 tp: 1.08006
0	01:05:08.591	'1809640': modify order #45073362 sell 0.01 EURUSD at 1.08946 sl: 1.09363 tp: 1.08066 -> sl: 1.09363 tp: 1.08006
0	01:05:09.045	'1809640': order #45073362 sell 0.01 EURUSD at 1.08946 was modified -> sl: 1.09363 tp: 1.08006
0	01:05:09.110	'1809640': modify order #45076621 sell 0.01 EURUSD at 1.08796 sl: 1.09222 tp: 1.08067 -> sl: 1.09222 tp: 1.08007
0	01:05:09.369	'1809640': order #45076621 sell 0.01 EURUSD at 1.08796 was modified -> sl: 1.09222 tp: 1.08007
0	01:15:34.260	'1809640': order sell market 0.01 EURUSD sl: 1.08872 tp: 1.08386
0	01:15:35.525	'1809640': order was opened : #45111664 sell 0.01 EURUSD at 1.08451 sl: 1.08872 tp: 1.08386
0	01:17:53.384	'1809640': modify order #45055017 sell 0.01 EURUSD at 1.09437 sl: 1.09860 tp: 1.08005 -> sl: 1.09860 tp: 1.07978
0	01:17:53.804	'1809640': order #45055017 sell 0.01 EURUSD at 1.09437 was modified -> sl: 1.09860 tp: 1.07978
0	01:17:53.901	'1809640': modify order #45056152 sell 0.01 EURUSD at 1.09650 sl: 1.10075 tp: 1.08006 -> sl: 1.10075 tp: 1.07977
0	01:17:54.356	'1809640': order #45056152 sell 0.01 EURUSD at 1.09650 was modified -> sl: 1.10075 tp: 1.07977
0	01:17:54.490	'1809640': modify order #45056564 sell 0.01 EURUSD at 1.09654 sl: 1.10077 tp: 1.08006 -> sl: 1.10077 tp: 1.07977
0	01:17:54.782	'1809640': order #45056564 sell 0.01 EURUSD at 1.09654 was modified -> sl: 1.10077 tp: 1.07977
0	01:17:54.846	'1809640': modify order #45073362 sell 0.01 EURUSD at 1.08946 sl: 1.09363 tp: 1.08006 -> sl: 1.09363 tp: 1.07978
0	01:17:55.300	'1809640': order #45073362 sell 0.01 EURUSD at 1.08946 was modified -> sl: 1.09363 tp: 1.07978
0	01:17:55.368	'1809640': modify order #45076621 sell 0.01 EURUSD at 1.08796 sl: 1.09222 tp: 1.08007 -> sl: 1.09222 tp: 1.07978
0	01:17:55.759	'1809640': order #45076621 sell 0.01 EURUSD at 1.08796 was modified -> sl: 1.09222 tp: 1.07978
0	01:20:34.535	'1809640': modify order #45111664 sell 0.01 EURUSD at 1.08451 sl: 1.08872 tp: 1.08386 -> sl: 1.08872 tp: 1.08375
0	01:20:35.155	'1809640': order #45111664 sell 0.01 EURUSD at 1.08451 was modified -> sl: 1.08872 tp: 1.08375
0	01:22:12.840	'1809640': modify order #45111664 sell 0.01 EURUSD at 1.08451 sl: 1.08872 tp: 1.08375 -> sl: 1.08872 tp: 1.08373
0	01:22:13.346	'1809640': order #45111664 sell 0.01 EURUSD at 1.08451 was modified -> sl: 1.08872 tp: 1.08373
0	01:27:37.338	'1809640': modify order #45111664 sell 0.01 EURUSD at 1.08451 sl: 1.08872 tp: 1.08373 -> sl: 1.08872 tp: 1.08371
0	01:27:38.412	'1809640': order #45111664 sell 0.01 EURUSD at 1.08451 was modified -> sl: 1.08872 tp: 1.08371
0	01:44:00.197	'1809640': modify order #45111664 sell 0.01 EURUSD at 1.08451 sl: 1.08872 tp: 1.08371 -> sl: 1.08872 tp: 1.08344
0	01:44:01.171	'1809640': order #45111664 sell 0.01 EURUSD at 1.08451 was modified -> sl: 1.08872 tp: 1.08344
0	06:10:57.255	'1809640': order #45111664 sell 0.01 EURUSD at 1.08451 closed due stop-loss at price 1.08872
0	06:13:52.750	'1809640': order buy market 0.01 EURUSD sl: 1.08375 tp: 1.08901
0	06:13:54.151	'1809640': order was opened : #45118617 buy 0.01 EURUSD at 1.08793 sl: 1.08375 tp: 1.08901
0	06:42:49.864	'1809640': order #45118617 buy 0.01 EURUSD at 1.08793 closed due take-profit at price 1.08901
0	06:46:59.097	'1809640': order buy market 0.01 EURUSD sl: 1.08516 tp: 1.09378
0	06:46:59.880	'1809640': order was opened : #45119785 buy 0.01 EURUSD at 1.08938 sl: 1.08516 tp: 1.09378
0	07:16:38.286	'1809640': modify order #45119785 buy 0.01 EURUSD at 1.08938 sl: 1.08516 tp: 1.09378 -> sl: 1.08516 tp: 1.09385
0	07:16:38.739	'1809640': order #45119785 buy 0.01 EURUSD at 1.08938 was modified -> sl: 1.08516 tp: 1.09385
0	07:31:57.099	'1809640': modify order #45119785 buy 0.01 EURUSD at 1.08938 sl: 1.08516 tp: 1.09385 -> sl: 1.08516 tp: 1.09406
0	07:31:57.586	'1809640': order #45119785 buy 0.01 EURUSD at 1.08938 was modified -> sl: 1.08516 tp: 1.09406
0	07:36:14.005	'1809640': modify order #45119785 buy 0.01 EURUSD at 1.08938 sl: 1.08516 tp: 1.09406 -> sl: 1.08516 tp: 1.09418
0	07:36:14.689	'1809640': order #45119785 buy 0.01 EURUSD at 1.08938 was modified -> sl: 1.08516 tp: 1.09418
0	07:39:10.983	'1809640': modify order #45090461 buy 0.01 EURUSD at 1.08668 sl: 1.08248 tp: 1.09426 -> sl: 1.08248 tp: 1.09440
0	07:39:11.247	'1809640': order #45090461 buy 0.01 EURUSD at 1.08668 was modified -> sl: 1.08248 tp: 1.09440
0	07:39:11.247	'1809640': modify order #45090920 buy 0.01 EURUSD at 1.08643 sl: 1.08231 tp: 1.09427 -> sl: 1.08231 tp: 1.09441
0	07:39:11.734	'1809640': order #45090920 buy 0.01 EURUSD at 1.08643 was modified -> sl: 1.08231 tp: 1.09441
0	07:39:11.734	'1809640': modify order #45119785 buy 0.01 EURUSD at 1.08938 sl: 1.08516 tp: 1.09418 -> sl: 1.08516 tp: 1.09441
0	07:39:15.009	'1809640': order #45119785 buy 0.01 EURUSD at 1.08938 was modified -> sl: 1.08516 tp: 1.09441
0	10:01:17.164	'1809640': order #45119785 buy 0.01 EURUSD at 1.08938 closed due stop-loss at price 1.08516
0	10:07:39.557	'1809640': order sell market 0.01 EURUSD sl: 1.08914 tp: 1.08449
0	10:07:41.699	'1809640': order was opened : #45129478 sell 0.01 EURUSD at 1.08506 sl: 1.08914 tp: 1.08449
0	10:14:55.655	'1809640': modify order #45129478 sell 0.01 EURUSD at 1.08506 sl: 1.08914 tp: 1.08449 -> sl: 1.08914 tp: 1.08443
0	10:14:56.300	'1809640': order #45129478 sell 0.01 EURUSD at 1.08506 was modified -> sl: 1.08914 tp: 1.08443
0	10:20:34.755	'1809640': modify order #45129478 sell 0.01 EURUSD at 1.08506 sl: 1.08914 tp: 1.08443 -> sl: 1.08914 tp: 1.08441
0	10:20:35.468	'1809640': order #45129478 sell 0.01 EURUSD at 1.08506 was modified -> sl: 1.08914 tp: 1.08441
0	10:23:09.896	'1809640': modify order #45129478 sell 0.01 EURUSD at 1.08506 sl: 1.08914 tp: 1.08441 -> sl: 1.08914 tp: 1.08440
0	10:23:10.699	'1809640': order #45129478 sell 0.01 EURUSD at 1.08506 was modified -> sl: 1.08914 tp: 1.08440
0	10:46:09.658	'1809640': modify order #45129478 sell 0.01 EURUSD at 1.08506 sl: 1.08914 tp: 1.08440 -> sl: 1.08914 tp: 1.08407
0	10:46:10.048	'1809640': order #45129478 sell 0.01 EURUSD at 1.08506 was modified -> sl: 1.08914 tp: 1.08407
0	10:49:17.230	'1809640': modify order #45129478 sell 0.01 EURUSD at 1.08506 sl: 1.08914 tp: 1.08407 -> sl: 1.08914 tp: 1.08401
0	10:49:17.589	'1809640': order #45129478 sell 0.01 EURUSD at 1.08506 was modified -> sl: 1.08914 tp: 1.08401
0	10:52:46.545	'1809640': modify order #45129478 sell 0.01 EURUSD at 1.08506 sl: 1.08914 tp: 1.08401 -> sl: 1.08914 tp: 1.08388
0	10:52:47.105	'1809640': order #45129478 sell 0.01 EURUSD at 1.08506 was modified -> sl: 1.08914 tp: 1.08388
0	10:58:01.132	'1809640': modify order #45129478 sell 0.01 EURUSD at 1.08506 sl: 1.08914 tp: 1.08388 -> sl: 1.08914 tp: 1.08381
0	10:58:01.679	'1809640': order #45129478 sell 0.01 EURUSD at 1.08506 was modified -> sl: 1.08914 tp: 1.08381
0	11:01:20.011	'1809640': modify order #45129478 sell 0.01 EURUSD at 1.08506 sl: 1.08914 tp: 1.08381 -> sl: 1.08914 tp: 1.08370
0	11:01:20.625	'1809640': order #45129478 sell 0.01 EURUSD at 1.08506 was modified -> sl: 1.08914 tp: 1.08370
0	11:04:32.023	'1809640': modify order #45129478 sell 0.01 EURUSD at 1.08506 sl: 1.08914 tp: 1.08370 -> sl: 1.08914 tp: 1.08367
0	11:04:32.441	'1809640': order #45129478 sell 0.01 EURUSD at 1.08506 was modified -> sl: 1.08914 tp: 1.08367
0	11:12:39.921	'1809640': modify order #45129478 sell 0.01 EURUSD at 1.08506 sl: 1.08914 tp: 1.08367 -> sl: 1.08914 tp: 1.08362
0	11:12:40.347	'1809640': order #45129478 sell 0.01 EURUSD at 1.08506 was modified -> sl: 1.08914 tp: 1.08362
0	11:18:37.970	'1809640': modify order #45129478 sell 0.01 EURUSD at 1.08506 sl: 1.08914 tp: 1.08362 -> sl: 1.08914 tp: 1.08343
0	11:18:38.490	'1809640': order #45129478 sell 0.01 EURUSD at 1.08506 was modified -> sl: 1.08914 tp: 1.08343
0	12:00:08.625	'1809640': modify order #45129478 sell 0.01 EURUSD at 1.08506 sl: 1.08914 tp: 1.08343 -> sl: 1.08914 tp: 1.08336
0	12:00:15.837	'1809640': order #45129478 sell 0.01 EURUSD at 1.08506 was modified -> sl: 1.08914 tp: 1.08336
0	12:46:57.889	'1809640': modify order #45055017 sell 0.01 EURUSD at 1.09437 sl: 1.09860 tp: 1.07978 -> sl: 1.09860 tp: 1.07922
0	12:47:01.632	'1809640': order #45055017 sell 0.01 EURUSD at 1.09437 was modified -> sl: 1.09860 tp: 1.07922
0	12:47:02.408	'1809640': modify order #45056152 sell 0.01 EURUSD at 1.09650 sl: 1.10075 tp: 1.07977 -> sl: 1.10075 tp: 1.07923
0	12:47:02.671	'1809640': order #45056152 sell 0.01 EURUSD at 1.09650 was modified -> sl: 1.10075 tp: 1.07923
0	12:47:02.671	'1809640': modify order #45056564 sell 0.01 EURUSD at 1.09654 sl: 1.10077 tp: 1.07977 -> sl: 1.10077 tp: 1.07924
0	12:47:03.191	'1809640': order #45056564 sell 0.01 EURUSD at 1.09654 was modified -> sl: 1.10077 tp: 1.07924
0	12:47:03.223	'1809640': modify order #45073362 sell 0.01 EURUSD at 1.08946 sl: 1.09363 tp: 1.07978 -> sl: 1.09363 tp: 1.07924
0	12:47:03.483	'1809640': order #45073362 sell 0.01 EURUSD at 1.08946 was modified -> sl: 1.09363 tp: 1.07924
0	12:47:03.483	'1809640': modify order #45076621 sell 0.01 EURUSD at 1.08796 sl: 1.09222 tp: 1.07978 -> sl: 1.09222 tp: 1.07924
0	12:47:03.843	'1809640': order #45076621 sell 0.01 EURUSD at 1.08796 was modified -> sl: 1.09222 tp: 1.07924
0	12:52:55.196	'1809640': modify order #45129478 sell 0.01 EURUSD at 1.08506 sl: 1.08914 tp: 1.08336 -> sl: 1.08914 tp: 1.08313
0	12:52:55.688	'1809640': order #45129478 sell 0.01 EURUSD at 1.08506 was modified -> sl: 1.08914 tp: 1.08313
0	12:55:45.350	'1809640': modify order #45129478 sell 0.01 EURUSD at 1.08506 sl: 1.08914 tp: 1.08313 -> sl: 1.08914 tp: 1.08295
0	12:55:46.617	'1809640': order #45129478 sell 0.01 EURUSD at 1.08506 was modified -> sl: 1.08914 tp: 1.08295
0	13:00:07.507	'1809640': modify order #45129478 sell 0.01 EURUSD at 1.08506 sl: 1.08914 tp: 1.08295 -> sl: 1.08914 tp: 1.08290
0	13:00:08.216	'1809640': order #45129478 sell 0.01 EURUSD at 1.08506 was modified -> sl: 1.08914 tp: 1.08290
0	13:07:04.962	'1809640': modify order #45055017 sell 0.01 EURUSD at 1.09437 sl: 1.09860 tp: 1.07922 -> sl: 1.09860 tp: 1.07921
0	13:07:06.451	'1809640': order #45055017 sell 0.01 EURUSD at 1.09437 was modified -> sl: 1.09860 tp: 1.07921
0	13:07:06.645	'1809640': modify order #45056564 sell 0.01 EURUSD at 1.09654 sl: 1.10077 tp: 1.07924 -> sl: 1.10077 tp: 1.07923
0	13:07:06.970	'1809640': order #45056564 sell 0.01 EURUSD at 1.09654 was modified -> sl: 1.10077 tp: 1.07923
0	13:07:06.970	'1809640': modify order #45073362 sell 0.01 EURUSD at 1.08946 sl: 1.09363 tp: 1.07924 -> sl: 1.09363 tp: 1.07920
0	13:07:07.421	'1809640': order #45073362 sell 0.01 EURUSD at 1.08946 was modified -> sl: 1.09363 tp: 1.07920
0	13:07:07.578	'1809640': modify order #45076621 sell 0.01 EURUSD at 1.08796 sl: 1.09222 tp: 1.07924 -> sl: 1.09222 tp: 1.07920
0	13:07:07.935	'1809640': order #45076621 sell 0.01 EURUSD at 1.08796 was modified -> sl: 1.09222 tp: 1.07920
0	13:07:08.000	'1809640': modify order #45129478 sell 0.01 EURUSD at 1.08506 sl: 1.08914 tp: 1.08290 -> sl: 1.08914 tp: 1.08282
0	13:07:08.390	'1809640': order #45129478 sell 0.01 EURUSD at 1.08506 was modified -> sl: 1.08914 tp: 1.08282
0	13:13:28.526	'1809640': modify order #45056152 sell 0.01 EURUSD at 1.09650 sl: 1.10075 tp: 1.07923 -> sl: 1.10075 tp: 1.07922
0	13:13:29.013	'1809640': order #45056152 sell 0.01 EURUSD at 1.09650 was modified -> sl: 1.10075 tp: 1.07922
0	13:13:29.015	'1809640': modify order #45056564 sell 0.01 EURUSD at 1.09654 sl: 1.10077 tp: 1.07923 -> sl: 1.10077 tp: 1.07922
0	13:13:29.403	'1809640': order #45056564 sell 0.01 EURUSD at 1.09654 was modified -> sl: 1.10077 tp: 1.07922
0	13:23:21.050	'1809640': modify order #45129478 sell 0.01 EURUSD at 1.08506 sl: 1.08914 tp: 1.08282 -> sl: 1.08914 tp: 1.08278
0	13:23:21.766	'1809640': order #45129478 sell 0.01 EURUSD at 1.08506 was modified -> sl: 1.08914 tp: 1.08278
0	13:35:44.771	'1809640': modify order #45129478 sell 0.01 EURUSD at 1.08506 sl: 1.08914 tp: 1.08278 -> sl: 1.08914 tp: 1.08275
0	13:35:45.291	'1809640': order #45129478 sell 0.01 EURUSD at 1.08506 was modified -> sl: 1.08914 tp: 1.08275
0	13:40:17.000	'1809640': modify order #45129478 sell 0.01 EURUSD at 1.08506 sl: 1.08914 tp: 1.08275 -> sl: 1.08914 tp: 1.08263
0	13:40:17.324	'1809640': order #45129478 sell 0.01 EURUSD at 1.08506 was modified -> sl: 1.08914 tp: 1.08263
1	15:28:55.293	'1809640': connect failed [No connection]
0	15:29:24.093	'1809640': login on Tripleafx-FX-Demo through FX-Demo-01
0	15:29:46.879	'1809640': ping to current access point FX-Demo-01 is 96.82 ms
1	15:30:14.811	MQL4 Market: failed to load products
0	15:41:49.222	'1809640': order #45091262 buy 0.01 EURUSD at 1.08729 closed due stop-loss at price 1.08322
0	15:42:53.322	'1809640': modify order #45055017 sell 0.01 EURUSD at 1.09437 sl: 1.09860 tp: 1.07921 -> sl: 1.09860 tp: 1.07875
0	15:42:54.195	'1809640': order #45055017 sell 0.01 EURUSD at 1.09437 was modified -> sl: 1.09860 tp: 1.07875
0	15:42:54.227	'1809640': modify order #45056152 sell 0.01 EURUSD at 1.09650 sl: 1.10075 tp: 1.07922 -> sl: 1.10075 tp: 1.07875
0	15:42:54.682	'1809640': order #45056152 sell 0.01 EURUSD at 1.09650 was modified -> sl: 1.10075 tp: 1.07875
0	15:43:00.512	'1809640': modify order #45056564 sell 0.01 EURUSD at 1.09654 sl: 1.10077 tp: 1.07922 -> sl: 1.10077 tp: 1.07875
0	15:43:00.804	'1809640': order #45056564 sell 0.01 EURUSD at 1.09654 was modified -> sl: 1.10077 tp: 1.07875
0	15:43:00.869	'1809640': modify order #45073362 sell 0.01 EURUSD at 1.08946 sl: 1.09363 tp: 1.07920 -> sl: 1.09363 tp: 1.07877
0	15:43:01.161	'1809640': order #45073362 sell 0.01 EURUSD at 1.08946 was modified -> sl: 1.09363 tp: 1.07877
0	15:43:01.161	'1809640': modify order #45076621 sell 0.01 EURUSD at 1.08796 sl: 1.09222 tp: 1.07920 -> sl: 1.09222 tp: 1.07877
0	15:43:01.486	'1809640': order #45076621 sell 0.01 EURUSD at 1.08796 was modified -> sl: 1.09222 tp: 1.07877
0	15:43:16.570	'1809640': order sell market 0.01 EURUSD sl: 1.08744 tp: 1.07884
0	15:43:17.279	'1809640': order was opened : #45140411 sell 0.01 EURUSD at 1.08322 sl: 1.08744 tp: 1.07884
0	15:46:23.713	'1809640': order #45090461 buy 0.01 EURUSD at 1.08668 closed due stop-loss at price 1.08248
0	15:46:40.483	'1809640': modify order #45055017 sell 0.01 EURUSD at 1.09437 sl: 1.09860 tp: 1.07875 -> sl: 1.09860 tp: 1.07810
0	15:46:41.100	'1809640': order #45055017 sell 0.01 EURUSD at 1.09437 was modified -> sl: 1.09860 tp: 1.07810
0	15:46:41.100	'1809640': modify order #45056152 sell 0.01 EURUSD at 1.09650 sl: 1.10075 tp: 1.07875 -> sl: 1.10075 tp: 1.07809
0	15:46:41.786	'1809640': order #45056152 sell 0.01 EURUSD at 1.09650 was modified -> sl: 1.10075 tp: 1.07809
0	15:46:41.916	'1809640': modify order #45056564 sell 0.01 EURUSD at 1.09654 sl: 1.10077 tp: 1.07875 -> sl: 1.10077 tp: 1.07808
0	15:46:42.367	'1809640': order #45056564 sell 0.01 EURUSD at 1.09654 was modified -> sl: 1.10077 tp: 1.07808
0	15:46:42.464	'1809640': modify order #45073362 sell 0.01 EURUSD at 1.08946 sl: 1.09363 tp: 1.07877 -> sl: 1.09363 tp: 1.07809
0	15:46:42.789	'1809640': order #45073362 sell 0.01 EURUSD at 1.08946 was modified -> sl: 1.09363 tp: 1.07809
0	15:46:42.789	'1809640': modify order #45076621 sell 0.01 EURUSD at 1.08796 sl: 1.09222 tp: 1.07877 -> sl: 1.09222 tp: 1.07808
0	15:46:43.211	'1809640': order #45076621 sell 0.01 EURUSD at 1.08796 was modified -> sl: 1.09222 tp: 1.07808
0	15:46:43.243	'1809640': modify order #45140411 sell 0.01 EURUSD at 1.08322 sl: 1.08744 tp: 1.07884 -> sl: 1.08744 tp: 1.07808
0	15:46:43.600	'1809640': order #45140411 sell 0.01 EURUSD at 1.08322 was modified -> sl: 1.08744 tp: 1.07808
0	15:46:58.642	'1809640': order #45129478 sell 0.01 EURUSD at 1.08506 closed due take-profit at price 1.08263
0	15:51:17.162	'1809640': order sell market 0.01 EURUSD sl: 1.08724 tp: 1.08166
0	15:51:17.588	'1809640': order was opened : #45140995 sell 0.01 EURUSD at 1.08329 sl: 1.08724 tp: 1.08166
0	15:57:31.584	'1809640': order buy market 0.01 EURUSD sl: 1.07848 tp: 1.08708
0	15:57:32.692	'1809640': order was opened : #45141283 buy 0.01 EURUSD at 1.08279 sl: 1.07848 tp: 1.08708
0	15:59:03.798	'1809640': order #45090920 buy 0.01 EURUSD at 1.08643 closed due stop-loss at price 1.08231
0	16:00:59.212	'1809640': modify order #45140995 sell 0.01 EURUSD at 1.08329 sl: 1.08724 tp: 1.08166 -> sl: 1.08724 tp: 1.08164
0	16:00:59.792	'1809640': order #45140995 sell 0.01 EURUSD at 1.08329 was modified -> sl: 1.08724 tp: 1.08164
0	16:00:59.792	'1809640': modify order #45141283 buy 0.01 EURUSD at 1.08279 sl: 1.07848 tp: 1.08708 -> sl: 1.07848 tp: 1.08710
0	16:01:00.247	'1809640': order #45141283 buy 0.01 EURUSD at 1.08279 was modified -> sl: 1.07848 tp: 1.08710
0	16:03:29.383	'1809640': modify order #45140995 sell 0.01 EURUSD at 1.08329 sl: 1.08724 tp: 1.08164 -> sl: 1.08724 tp: 1.08134
0	16:03:29.967	'1809640': order #45140995 sell 0.01 EURUSD at 1.08329 was modified -> sl: 1.08724 tp: 1.08134
0	16:03:29.967	'1809640': modify order #45141283 buy 0.01 EURUSD at 1.08279 sl: 1.07848 tp: 1.08710 -> sl: 1.07848 tp: 1.08767
0	16:03:30.386	'1809640': order #45141283 buy 0.01 EURUSD at 1.08279 was modified -> sl: 1.07848 tp: 1.08767
0	16:04:26.406	'1809640': order buy market 0.01 EURUSD sl: 1.07915 tp: 1.08775
0	16:04:27.185	'1809640': order was opened : #45141787 buy 0.01 EURUSD at 1.08335 sl: 1.07915 tp: 1.08775
0	16:05:21.630	'1809640': modify order #45140995 sell 0.01 EURUSD at 1.08329 sl: 1.08724 tp: 1.08134 -> sl: 1.08724 tp: 1.08132
0	16:05:22.474	'1809640': order #45140995 sell 0.01 EURUSD at 1.08329 was modified -> sl: 1.08724 tp: 1.08132
0	16:05:22.666	'1809640': modify order #45141283 buy 0.01 EURUSD at 1.08279 sl: 1.07848 tp: 1.08767 -> sl: 1.07848 tp: 1.08797
0	16:05:23.022	'1809640': order #45141283 buy 0.01 EURUSD at 1.08279 was modified -> sl: 1.07848 tp: 1.08797
0	16:05:23.055	'1809640': modify order #45141787 buy 0.01 EURUSD at 1.08335 sl: 1.07915 tp: 1.08775 -> sl: 1.07915 tp: 1.08796
0	16:05:23.512	'1809640': order #45141787 buy 0.01 EURUSD at 1.08335 was modified -> sl: 1.07915 tp: 1.08796
0	16:08:54.271	'1809640': modify order #45141283 buy 0.01 EURUSD at 1.08279 sl: 1.07848 tp: 1.08797 -> sl: 1.07848 tp: 1.08809
0	16:08:55.148	'1809640': order #45141283 buy 0.01 EURUSD at 1.08279 was modified -> sl: 1.07848 tp: 1.08809
0	16:08:55.213	'1809640': modify order #45141787 buy 0.01 EURUSD at 1.08335 sl: 1.07915 tp: 1.08796 -> sl: 1.07915 tp: 1.08809
0	16:08:55.835	'1809640': order #45141787 buy 0.01 EURUSD at 1.08335 was modified -> sl: 1.07915 tp: 1.08809
0	16:11:53.693	'1809640': modify order #45141283 buy 0.01 EURUSD at 1.08279 sl: 1.07848 tp: 1.08809 -> sl: 1.07848 tp: 1.08860
0	16:11:54.268	'1809640': order #45141283 buy 0.01 EURUSD at 1.08279 was modified -> sl: 1.07848 tp: 1.08860
0	16:11:54.268	'1809640': modify order #45141787 buy 0.01 EURUSD at 1.08335 sl: 1.07915 tp: 1.08809 -> sl: 1.07915 tp: 1.08859
0	16:11:54.743	'1809640': order #45141787 buy 0.01 EURUSD at 1.08335 was modified -> sl: 1.07915 tp: 1.08859
0	17:10:24.038	'1809640': modify order #45055017 sell 0.01 EURUSD at 1.09437 sl: 1.09860 tp: 1.07810 -> sl: 1.09860 tp: 1.07789
0	17:10:24.659	'1809640': order #45055017 sell 0.01 EURUSD at 1.09437 was modified -> sl: 1.09860 tp: 1.07789
0	17:10:24.914	'1809640': modify order #45056152 sell 0.01 EURUSD at 1.09650 sl: 1.10075 tp: 1.07809 -> sl: 1.10075 tp: 1.07787
0	17:10:25.273	'1809640': order #45056152 sell 0.01 EURUSD at 1.09650 was modified -> sl: 1.10075 tp: 1.07787
0	17:10:25.369	'1809640': modify order #45056564 sell 0.01 EURUSD at 1.09654 sl: 1.10077 tp: 1.07808 -> sl: 1.10077 tp: 1.07788
0	17:10:25.694	'1809640': order #45056564 sell 0.01 EURUSD at 1.09654 was modified -> sl: 1.10077 tp: 1.07788
0	17:10:25.694	'1809640': modify order #45073362 sell 0.01 EURUSD at 1.08946 sl: 1.09363 tp: 1.07809 -> sl: 1.09363 tp: 1.07788
0	17:10:26.340	'1809640': order #45073362 sell 0.01 EURUSD at 1.08946 was modified -> sl: 1.09363 tp: 1.07788
0	17:10:26.340	'1809640': modify order #45076621 sell 0.01 EURUSD at 1.08796 sl: 1.09222 tp: 1.07808 -> sl: 1.09222 tp: 1.07788
0	17:10:26.794	'1809640': order #45076621 sell 0.01 EURUSD at 1.08796 was modified -> sl: 1.09222 tp: 1.07788
0	17:10:26.957	'1809640': modify order #45140411 sell 0.01 EURUSD at 1.08322 sl: 1.08744 tp: 1.07808 -> sl: 1.08744 tp: 1.07789
0	17:10:27.476	'1809640': order #45140411 sell 0.01 EURUSD at 1.08322 was modified -> sl: 1.08744 tp: 1.07789
0	17:14:42.731	'1809640': modify order #45055017 sell 0.01 EURUSD at 1.09437 sl: 1.09860 tp: 1.07789 -> sl: 1.09860 tp: 1.07783
0	17:14:43.676	'1809640': order #45055017 sell 0.01 EURUSD at 1.09437 was modified -> sl: 1.09860 tp: 1.07783
0	17:14:43.741	'1809640': modify order #45056152 sell 0.01 EURUSD at 1.09650 sl: 1.10075 tp: 1.07787 -> sl: 1.10075 tp: 1.07783
0	17:14:44.101	'1809640': order #45056152 sell 0.01 EURUSD at 1.09650 was modified -> sl: 1.10075 tp: 1.07783
0	17:14:44.101	'1809640': modify order #45056564 sell 0.01 EURUSD at 1.09654 sl: 1.10077 tp: 1.07788 -> sl: 1.10077 tp: 1.07783
0	17:14:44.393	'1809640': order #45056564 sell 0.01 EURUSD at 1.09654 was modified -> sl: 1.10077 tp: 1.07783
0	17:14:44.393	'1809640': modify order #45073362 sell 0.01 EURUSD at 1.08946 sl: 1.09363 tp: 1.07788 -> sl: 1.09363 tp: 1.07783
0	17:14:44.726	'1809640': order #45073362 sell 0.01 EURUSD at 1.08946 was modified -> sl: 1.09363 tp: 1.07783
0	17:14:44.726	'1809640': modify order #45076621 sell 0.01 EURUSD at 1.08796 sl: 1.09222 tp: 1.07788 -> sl: 1.09222 tp: 1.07783
0	17:14:45.076	'1809640': order #45076621 sell 0.01 EURUSD at 1.08796 was modified -> sl: 1.09222 tp: 1.07783
0	17:14:45.108	'1809640': modify order #45140411 sell 0.01 EURUSD at 1.08322 sl: 1.08744 tp: 1.07789 -> sl: 1.08744 tp: 1.07784
0	17:14:45.502	'1809640': order #45140411 sell 0.01 EURUSD at 1.08322 was modified -> sl: 1.08744 tp: 1.07784
0	17:23:46.779	'1809640': modify order #45140995 sell 0.01 EURUSD at 1.08329 sl: 1.08724 tp: 1.08132 -> sl: 1.08724 tp: 1.08120
0	17:23:47.489	'1809640': order #45140995 sell 0.01 EURUSD at 1.08329 was modified -> sl: 1.08724 tp: 1.08120
0	18:35:25.887	'1809640': modify order #45141283 buy 0.01 EURUSD at 1.08279 sl: 1.07848 tp: 1.08860 -> sl: 1.07848 tp: 1.08877
0	18:35:26.829	'1809640': order #45141283 buy 0.01 EURUSD at 1.08279 was modified -> sl: 1.07848 tp: 1.08877
0	18:35:26.995	'1809640': modify order #45141787 buy 0.01 EURUSD at 1.08335 sl: 1.07915 tp: 1.08859 -> sl: 1.07915 tp: 1.08876
0	18:35:27.514	'1809640': order #45141787 buy 0.01 EURUSD at 1.08335 was modified -> sl: 1.07915 tp: 1.08876
0	18:37:22.469	'1809640': modify order #45141283 buy 0.01 EURUSD at 1.08279 sl: 1.07848 tp: 1.08877 -> sl: 1.07848 tp: 1.08884
0	18:37:22.896	'1809640': order #45141283 buy 0.01 EURUSD at 1.08279 was modified -> sl: 1.07848 tp: 1.08884
0	18:37:23.026	'1809640': modify order #45141787 buy 0.01 EURUSD at 1.08335 sl: 1.07915 tp: 1.08876 -> sl: 1.07915 tp: 1.08885
0	18:37:23.480	'1809640': order #45141787 buy 0.01 EURUSD at 1.08335 was modified -> sl: 1.07915 tp: 1.08885
0	18:37:38.144	'1809640': modify order #45141283 buy 0.01 EURUSD at 1.08279 sl: 1.07848 tp: 1.08884 -> sl: 1.07848 tp: 1.08895
0	18:37:38.822	'1809640': order #45141283 buy 0.01 EURUSD at 1.08279 was modified -> sl: 1.07848 tp: 1.08895
0	18:37:39.150	'1809640': modify order #45141787 buy 0.01 EURUSD at 1.08335 sl: 1.07915 tp: 1.08885 -> sl: 1.07915 tp: 1.08895
0	18:37:39.604	'1809640': order #45141787 buy 0.01 EURUSD at 1.08335 was modified -> sl: 1.07915 tp: 1.08895
0	18:40:51.069	'1809640': modify order #45141283 buy 0.01 EURUSD at 1.08279 sl: 1.07848 tp: 1.08895 -> sl: 1.07848 tp: 1.08924
0	18:40:51.589	'1809640': order #45141283 buy 0.01 EURUSD at 1.08279 was modified -> sl: 1.07848 tp: 1.08924
0	18:40:51.589	'1809640': modify order #45141787 buy 0.01 EURUSD at 1.08335 sl: 1.07915 tp: 1.08895 -> sl: 1.07915 tp: 1.08924
0	18:40:52.308	'1809640': order #45141787 buy 0.01 EURUSD at 1.08335 was modified -> sl: 1.07915 tp: 1.08924
0	18:45:46.791	'1809640': modify order #45141283 buy 0.01 EURUSD at 1.08279 sl: 1.07848 tp: 1.08924 -> sl: 1.07848 tp: 1.08992
0	18:45:47.800	'1809640': order #45141283 buy 0.01 EURUSD at 1.08279 was modified -> sl: 1.07848 tp: 1.08992
0	18:45:47.833	'1809640': modify order #45141787 buy 0.01 EURUSD at 1.08335 sl: 1.07915 tp: 1.08924 -> sl: 1.07915 tp: 1.08993
0	18:45:48.354	'1809640': order #45141787 buy 0.01 EURUSD at 1.08335 was modified -> sl: 1.07915 tp: 1.08993
0	18:50:50.750	'1809640': modify order #45141283 buy 0.01 EURUSD at 1.08279 sl: 1.07848 tp: 1.08992 -> sl: 1.07848 tp: 1.09003
0	18:50:51.367	'1809640': order #45141283 buy 0.01 EURUSD at 1.08279 was modified -> sl: 1.07848 tp: 1.09003
0	18:50:51.399	'1809640': modify order #45141787 buy 0.01 EURUSD at 1.08335 sl: 1.07915 tp: 1.08993 -> sl: 1.07915 tp: 1.09003
0	18:50:51.890	'1809640': order #45141787 buy 0.01 EURUSD at 1.08335 was modified -> sl: 1.07915 tp: 1.09003
0	19:05:08.186	'1809640': order #45140995 sell 0.01 EURUSD at 1.08329 closed due stop-loss at price 1.08724
0	19:07:05.890	'1809640': modify order #45141283 buy 0.01 EURUSD at 1.08279 sl: 1.07848 tp: 1.09003 -> sl: 1.07848 tp: 1.09132
0	19:07:06.243	'1809640': order #45141283 buy 0.01 EURUSD at 1.08279 was modified -> sl: 1.07848 tp: 1.09132
0	19:07:06.243	'1809640': modify order #45141787 buy 0.01 EURUSD at 1.08335 sl: 1.07915 tp: 1.09003 -> sl: 1.07915 tp: 1.09132
0	19:07:06.535	'1809640': order #45141787 buy 0.01 EURUSD at 1.08335 was modified -> sl: 1.07915 tp: 1.09132
0	19:08:05.787	'1809640': order #45140411 sell 0.01 EURUSD at 1.08322 closed due stop-loss at price 1.08744
0	19:09:16.609	'1809640': order buy market 0.01 EURUSD sl: 1.08271 tp: 1.09225
0	19:09:17.030	'1809640': order was opened : #45147319 buy 0.01 EURUSD at 1.08749 sl: 1.08271 tp: 1.09225
0	19:10:13.492	'1809640': modify order #45141283 buy 0.01 EURUSD at 1.08279 sl: 1.07848 tp: 1.09132 -> sl: 1.07848 tp: 1.09183
0	19:10:14.337	'1809640': order #45141283 buy 0.01 EURUSD at 1.08279 was modified -> sl: 1.07848 tp: 1.09183
0	19:10:14.370	'1809640': modify order #45141787 buy 0.01 EURUSD at 1.08335 sl: 1.07915 tp: 1.09132 -> sl: 1.07915 tp: 1.09183
0	19:10:14.791	'1809640': order #45141787 buy 0.01 EURUSD at 1.08335 was modified -> sl: 1.07915 tp: 1.09183
0	19:14:43.426	'1809640': modify order #45147319 buy 0.01 EURUSD at 1.08749 sl: 1.08271 tp: 1.09225 -> sl: 1.08271 tp: 1.09252
0	19:14:44.658	'1809640': order #45147319 buy 0.01 EURUSD at 1.08749 was modified -> sl: 1.08271 tp: 1.09252
0	19:16:14.428	'1809640': order buy market 0.01 EURUSD sl: 1.08337 tp: 1.08864
0	19:16:15.141	'1809640': order was opened : #45147506 buy 0.01 EURUSD at 1.08758 sl: 1.08337 tp: 1.08864
0	19:20:10.379	'1809640': modify order #45141283 buy 0.01 EURUSD at 1.08279 sl: 1.07848 tp: 1.09183 -> sl: 1.07848 tp: 1.09200
0	19:20:10.930	'1809640': order #45141283 buy 0.01 EURUSD at 1.08279 was modified -> sl: 1.07848 tp: 1.09200
0	19:20:10.964	'1809640': modify order #45141787 buy 0.01 EURUSD at 1.08335 sl: 1.07915 tp: 1.09183 -> sl: 1.07915 tp: 1.09199
0	19:20:11.514	'1809640': order #45141787 buy 0.01 EURUSD at 1.08335 was modified -> sl: 1.07915 tp: 1.09199
0	19:20:11.579	'1809640': modify order #45147319 buy 0.01 EURUSD at 1.08749 sl: 1.08271 tp: 1.09252 -> sl: 1.08271 tp: 1.09355
0	19:20:11.936	'1809640': order #45147319 buy 0.01 EURUSD at 1.08749 was modified -> sl: 1.08271 tp: 1.09355
0	19:22:02.886	'1809640': modify order #45147506 buy 0.01 EURUSD at 1.08758 sl: 1.08337 tp: 1.08864 -> sl: 1.08337 tp: 1.08904
0	19:22:03.794	'1809640': order #45147506 buy 0.01 EURUSD at 1.08758 was modified -> sl: 1.08337 tp: 1.08904
0	19:24:38.778	'1809640': modify order #45147506 buy 0.01 EURUSD at 1.08758 sl: 1.08337 tp: 1.08904 -> sl: 1.08337 tp: 1.08905
0	19:24:39.402	'1809640': order #45147506 buy 0.01 EURUSD at 1.08758 was modified -> sl: 1.08337 tp: 1.08905
