0	03:04:40.048	'1809640': modify order #45361186 buy 0.01 EURUSD at 1.09056 sl: 1.08635 tp: 1.09831 -> sl: 1.08635 tp: 1.09862
0	03:04:42.620	'1809640': order #45361186 buy 0.01 EURUSD at 1.09056 was modified -> sl: 1.08635 tp: 1.09862
0	03:29:01.181	'1809640': modify order #45361186 buy 0.01 EURUSD at 1.09056 sl: 1.08635 tp: 1.09862 -> sl: 1.08635 tp: 1.09879
0	03:29:02.553	'1809640': order #45361186 buy 0.01 EURUSD at 1.09056 was modified -> sl: 1.08635 tp: 1.09879
0	03:45:42.640	'1809640': modify order #45361186 buy 0.01 EURUSD at 1.09056 sl: 1.08635 tp: 1.09879 -> sl: 1.08635 tp: 1.09883
0	03:45:43.367	'1809640': order #45361186 buy 0.01 EURUSD at 1.09056 was modified -> sl: 1.08635 tp: 1.09883
0	03:50:14.635	'1809640': modify order #45361186 buy 0.01 EURUSD at 1.09056 sl: 1.08635 tp: 1.09883 -> sl: 1.08635 tp: 1.09927
0	03:50:16.132	'1809640': order #45361186 buy 0.01 EURUSD at 1.09056 was modified -> sl: 1.08635 tp: 1.09927
0	03:55:12.670	'1809640': modify order #45361186 buy 0.01 EURUSD at 1.09056 sl: 1.08635 tp: 1.09927 -> sl: 1.08635 tp: 1.09961
0	03:55:13.356	'1809640': order #45361186 buy 0.01 EURUSD at 1.09056 was modified -> sl: 1.08635 tp: 1.09961
0	04:19:34.338	'1809640': modify order #45361186 buy 0.01 EURUSD at 1.09056 sl: 1.08635 tp: 1.09961 -> sl: 1.08635 tp: 1.09965
0	04:19:34.894	'1809640': order #45361186 buy 0.01 EURUSD at 1.09056 was modified -> sl: 1.08635 tp: 1.09965
0	04:19:40.542	'1809640': order #45367229 sell 0.01 EURUSD at 1.09133 closed due stop-loss at price 1.09555
0	04:20:12.550	'1809640': order sell market 0.01 EURUSD sl: 1.09943 tp: 1.09377
0	04:20:13.005	'1809640': order was opened : #45385981 sell 0.01 EURUSD at 1.09518 sl: 1.09943 tp: 1.09377
0	04:22:42.292	'1809640': modify order #45361186 buy 0.01 EURUSD at 1.09056 sl: 1.08635 tp: 1.09965 -> sl: 1.08635 tp: 1.09966
0	04:22:42.491	'1809640': order #45361186 buy 0.01 EURUSD at 1.09056 was modified -> sl: 1.08635 tp: 1.09966
0	04:24:12.197	'1809640': modify order #45361186 buy 0.01 EURUSD at 1.09056 sl: 1.08635 tp: 1.09966 -> sl: 1.08635 tp: 1.09977
0	04:24:12.812	'1809640': order #45361186 buy 0.01 EURUSD at 1.09056 was modified -> sl: 1.08635 tp: 1.09977
0	04:24:12.909	'1809640': modify order #45385981 sell 0.01 EURUSD at 1.09518 sl: 1.09943 tp: 1.09377 -> sl: 1.09943 tp: 1.09375
0	04:24:13.104	'1809640': order #45385981 sell 0.01 EURUSD at 1.09518 was modified -> sl: 1.09943 tp: 1.09375
0	04:24:44.290	'1809640': modify order #45361186 buy 0.01 EURUSD at 1.09056 sl: 1.08635 tp: 1.09977 -> sl: 1.08635 tp: 1.09978
0	04:24:45.093	'1809640': order #45361186 buy 0.01 EURUSD at 1.09056 was modified -> sl: 1.08635 tp: 1.09978
0	04:24:45.158	'1809640': modify order #45385981 sell 0.01 EURUSD at 1.09518 sl: 1.09943 tp: 1.09375 -> sl: 1.09943 tp: 1.09374
0	04:24:45.617	'1809640': order #45385981 sell 0.01 EURUSD at 1.09518 was modified -> sl: 1.09943 tp: 1.09374
0	05:02:42.874	'1809640': modify order #45361186 buy 0.01 EURUSD at 1.09056 sl: 1.08635 tp: 1.09978 -> sl: 1.08635 tp: 1.10007
0	05:02:51.834	'1809640': order #45361186 buy 0.01 EURUSD at 1.09056 was modified -> sl: 1.08635 tp: 1.10007
0	05:43:43.072	'1809640': modify order #45361186 buy 0.01 EURUSD at 1.09056 sl: 1.08635 tp: 1.10007 -> sl: 1.08635 tp: 1.10048
0	05:43:43.656	'1809640': order #45361186 buy 0.01 EURUSD at 1.09056 was modified -> sl: 1.08635 tp: 1.10048
0	06:16:07.127	'1809640': modify order #45361186 buy 0.01 EURUSD at 1.09056 sl: 1.08635 tp: 1.10048 -> sl: 1.08635 tp: 1.10053
0	06:16:07.630	'1809640': order #45361186 buy 0.01 EURUSD at 1.09056 was modified -> sl: 1.08635 tp: 1.10053
0	06:18:36.042	'1809640': modify order #45361186 buy 0.01 EURUSD at 1.09056 sl: 1.08635 tp: 1.10053 -> sl: 1.08635 tp: 1.10066
0	06:18:36.301	'1809640': order #45361186 buy 0.01 EURUSD at 1.09056 was modified -> sl: 1.08635 tp: 1.10066
0	07:42:09.838	'1809640': modify order #45385981 sell 0.01 EURUSD at 1.09518 sl: 1.09943 tp: 1.09374 -> sl: 1.09943 tp: 1.09335
0	07:42:10.589	'1809640': order #45385981 sell 0.01 EURUSD at 1.09518 was modified -> sl: 1.09943 tp: 1.09335
0	07:46:51.846	'1809640': modify order #45385981 sell 0.01 EURUSD at 1.09518 sl: 1.09943 tp: 1.09335 -> sl: 1.09943 tp: 1.09322
0	07:46:53.570	'1809640': order #45385981 sell 0.01 EURUSD at 1.09518 was modified -> sl: 1.09943 tp: 1.09322
0	07:48:54.599	'1809640': modify order #45385981 sell 0.01 EURUSD at 1.09518 sl: 1.09943 tp: 1.09322 -> sl: 1.09943 tp: 1.09309
0	07:48:55.052	'1809640': order #45385981 sell 0.01 EURUSD at 1.09518 was modified -> sl: 1.09943 tp: 1.09309
0	07:54:47.355	'1809640': modify order #45385981 sell 0.01 EURUSD at 1.09518 sl: 1.09943 tp: 1.09309 -> sl: 1.09943 tp: 1.09293
0	07:54:47.875	'1809640': order #45385981 sell 0.01 EURUSD at 1.09518 was modified -> sl: 1.09943 tp: 1.09293
0	08:23:49.011	'1809640': modify order #45361186 buy 0.01 EURUSD at 1.09056 sl: 1.08635 tp: 1.10066 -> sl: 1.08635 tp: 1.10068
0	08:23:49.628	'1809640': order #45361186 buy 0.01 EURUSD at 1.09056 was modified -> sl: 1.08635 tp: 1.10068
0	08:27:10.768	'1809640': modify order #45361186 buy 0.01 EURUSD at 1.09056 sl: 1.08635 tp: 1.10068 -> sl: 1.08635 tp: 1.10168
0	08:27:11.778	'1809640': order #45361186 buy 0.01 EURUSD at 1.09056 was modified -> sl: 1.08635 tp: 1.10168
0	08:27:11.778	'1809640': modify order #45385981 sell 0.01 EURUSD at 1.09518 sl: 1.09943 tp: 1.09293 -> sl: 1.09943 tp: 1.09290
0	08:27:12.233	'1809640': order #45385981 sell 0.01 EURUSD at 1.09518 was modified -> sl: 1.09943 tp: 1.09290
0	08:31:33.627	'1809640': modify order #45361186 buy 0.01 EURUSD at 1.09056 sl: 1.08635 tp: 1.10168 -> sl: 1.08635 tp: 1.10175
0	08:31:34.276	'1809640': order #45361186 buy 0.01 EURUSD at 1.09056 was modified -> sl: 1.08635 tp: 1.10175
0	09:31:54.882	'1809640': order #45385981 sell 0.01 EURUSD at 1.09518 closed due take-profit at price 1.09290
0	09:34:32.754	'1809640': order sell market 0.01 EURUSD sl: 1.09735 tp: 1.09151
0	09:34:33.663	'1809640': order was opened : #45402313 sell 0.01 EURUSD at 1.09313 sl: 1.09735 tp: 1.09151
0	09:41:53.157	'1809640': modify order #45402313 sell 0.01 EURUSD at 1.09313 sl: 1.09735 tp: 1.09151 -> sl: 1.09735 tp: 1.09125
0	09:41:53.838	'1809640': order #45402313 sell 0.01 EURUSD at 1.09313 was modified -> sl: 1.09735 tp: 1.09125
0	09:45:36.036	'1809640': modify order #45402313 sell 0.01 EURUSD at 1.09313 sl: 1.09735 tp: 1.09125 -> sl: 1.09735 tp: 1.09112
0	09:45:36.527	'1809640': order #45402313 sell 0.01 EURUSD at 1.09313 was modified -> sl: 1.09735 tp: 1.09112
0	11:13:31.623	'1809640': modify order #45402313 sell 0.01 EURUSD at 1.09313 sl: 1.09735 tp: 1.09112 -> sl: 1.09735 tp: 1.09110
0	11:13:32.369	'1809640': order #45402313 sell 0.01 EURUSD at 1.09313 was modified -> sl: 1.09735 tp: 1.09110
0	11:17:24.623	'1809640': modify order #45402313 sell 0.01 EURUSD at 1.09313 sl: 1.09735 tp: 1.09110 -> sl: 1.09735 tp: 1.09092
0	11:17:25.131	'1809640': order #45402313 sell 0.01 EURUSD at 1.09313 was modified -> sl: 1.09735 tp: 1.09092
0	11:23:26.760	'1809640': modify order #45402313 sell 0.01 EURUSD at 1.09313 sl: 1.09735 tp: 1.09092 -> sl: 1.09735 tp: 1.09079
0	11:23:27.145	'1809640': order #45402313 sell 0.01 EURUSD at 1.09313 was modified -> sl: 1.09735 tp: 1.09079
0	11:32:00.366	'1809640': modify order #45402313 sell 0.01 EURUSD at 1.09313 sl: 1.09735 tp: 1.09079 -> sl: 1.09735 tp: 1.09032
0	11:32:00.882	'1809640': order #45402313 sell 0.01 EURUSD at 1.09313 was modified -> sl: 1.09735 tp: 1.09032
0	11:37:28.471	'1809640': modify order #45402313 sell 0.01 EURUSD at 1.09313 sl: 1.09735 tp: 1.09032 -> sl: 1.09735 tp: 1.09006
0	11:37:29.512	'1809640': order #45402313 sell 0.01 EURUSD at 1.09313 was modified -> sl: 1.09735 tp: 1.09006
0	11:44:16.363	'1809640': modify order #45402313 sell 0.01 EURUSD at 1.09313 sl: 1.09735 tp: 1.09006 -> sl: 1.09735 tp: 1.08996
0	11:44:17.085	'1809640': order #45402313 sell 0.01 EURUSD at 1.09313 was modified -> sl: 1.09735 tp: 1.08996
0	11:50:49.347	'1809640': modify order #45402313 sell 0.01 EURUSD at 1.09313 sl: 1.09735 tp: 1.08996 -> sl: 1.09735 tp: 1.08989
0	11:50:49.835	'1809640': order #45402313 sell 0.01 EURUSD at 1.09313 was modified -> sl: 1.09735 tp: 1.08989
0	12:07:32.094	'1809640': modify order #45402313 sell 0.01 EURUSD at 1.09313 sl: 1.09735 tp: 1.08989 -> sl: 1.09735 tp: 1.08974
0	12:07:33.490	'1809640': order #45402313 sell 0.01 EURUSD at 1.09313 was modified -> sl: 1.09735 tp: 1.08974
0	12:17:16.430	'1809640': modify order #45402313 sell 0.01 EURUSD at 1.09313 sl: 1.09735 tp: 1.08974 -> sl: 1.09735 tp: 1.08970
0	12:17:17.142	'1809640': order #45402313 sell 0.01 EURUSD at 1.09313 was modified -> sl: 1.09735 tp: 1.08970
0	12:30:04.886	'1809640': modify order #45402313 sell 0.01 EURUSD at 1.09313 sl: 1.09735 tp: 1.08970 -> sl: 1.09735 tp: 1.08924
0	12:30:06.181	'1809640': order #45402313 sell 0.01 EURUSD at 1.09313 was modified -> sl: 1.09735 tp: 1.08924
0	12:37:25.551	'1809640': modify order #45402313 sell 0.01 EURUSD at 1.09313 sl: 1.09735 tp: 1.08924 -> sl: 1.09735 tp: 1.08914
0	12:37:26.038	'1809640': order #45402313 sell 0.01 EURUSD at 1.09313 was modified -> sl: 1.09735 tp: 1.08914
0	12:41:56.958	'1809640': modify order #45402313 sell 0.01 EURUSD at 1.09313 sl: 1.09735 tp: 1.08914 -> sl: 1.09735 tp: 1.08909
0	12:41:57.931	'1809640': order #45402313 sell 0.01 EURUSD at 1.09313 was modified -> sl: 1.09735 tp: 1.08909
0	12:45:22.829	'1809640': modify order #45402313 sell 0.01 EURUSD at 1.09313 sl: 1.09735 tp: 1.08909 -> sl: 1.09735 tp: 1.08889
0	12:45:23.450	'1809640': order #45402313 sell 0.01 EURUSD at 1.09313 was modified -> sl: 1.09735 tp: 1.08889
0	12:48:46.395	'1809640': modify order #45402313 sell 0.01 EURUSD at 1.09313 sl: 1.09735 tp: 1.08889 -> sl: 1.09735 tp: 1.08888
0	12:48:46.850	'1809640': order #45402313 sell 0.01 EURUSD at 1.09313 was modified -> sl: 1.09735 tp: 1.08888
0	12:51:18.181	'1809640': modify order #45402313 sell 0.01 EURUSD at 1.09313 sl: 1.09735 tp: 1.08888 -> sl: 1.09735 tp: 1.08883
0	12:51:18.598	'1809640': order #45402313 sell 0.01 EURUSD at 1.09313 was modified -> sl: 1.09735 tp: 1.08883
0	13:34:42.381	'1809640': modify order #45402313 sell 0.01 EURUSD at 1.09313 sl: 1.09735 tp: 1.08883 -> sl: 1.09735 tp: 1.08875
0	13:34:44.533	'1809640': order #45402313 sell 0.01 EURUSD at 1.09313 was modified -> sl: 1.09735 tp: 1.08875
0	15:15:57.162	'1809640': modify order #45402313 sell 0.01 EURUSD at 1.09313 sl: 1.09735 tp: 1.08875 -> sl: 1.09735 tp: 1.08858
0	15:15:57.617	'1809640': order #45402313 sell 0.01 EURUSD at 1.09313 was modified -> sl: 1.09735 tp: 1.08858
0	15:18:16.889	'1809640': modify order #45402313 sell 0.01 EURUSD at 1.09313 sl: 1.09735 tp: 1.08858 -> sl: 1.09735 tp: 1.08850
0	15:18:17.572	'1809640': order #45402313 sell 0.01 EURUSD at 1.09313 was modified -> sl: 1.09735 tp: 1.08850
0	15:26:56.607	'1809640': modify order #45402313 sell 0.01 EURUSD at 1.09313 sl: 1.09735 tp: 1.08850 -> sl: 1.09735 tp: 1.08847
0	15:26:57.358	'1809640': order #45402313 sell 0.01 EURUSD at 1.09313 was modified -> sl: 1.09735 tp: 1.08847
0	16:09:13.322	'1809640': modify order #45402313 sell 0.01 EURUSD at 1.09313 sl: 1.09735 tp: 1.08847 -> sl: 1.09735 tp: 1.08844
0	16:09:13.911	'1809640': order #45402313 sell 0.01 EURUSD at 1.09313 was modified -> sl: 1.09735 tp: 1.08844
0	19:53:16.456	'1809640': order #45402313 sell 0.01 EURUSD at 1.09313 closed due take-profit at price 1.08844
0	19:59:39.223	'1809640': order buy market 0.01 EURUSD sl: 1.08475 tp: 1.09336
0	19:59:41.016	'1809640': order was opened : #45431600 buy 0.01 EURUSD at 1.08901 sl: 1.08475 tp: 1.09336
0	20:00:19.871	'1809640': modify order #45431600 buy 0.01 EURUSD at 1.08901 sl: 1.08475 tp: 1.09336 -> sl: 1.08475 tp: 1.09381
0	20:00:21.044	'1809640': order #45431600 buy 0.01 EURUSD at 1.08901 was modified -> sl: 1.08475 tp: 1.09381
0	21:21:51.729	'1809640': modify order #45431600 buy 0.01 EURUSD at 1.08901 sl: 1.08475 tp: 1.09381 -> sl: 1.08475 tp: 1.09385
0	21:21:52.700	'1809640': order #45431600 buy 0.01 EURUSD at 1.08901 was modified -> sl: 1.08475 tp: 1.09385
0	21:24:05.198	'1809640': modify order #45431600 buy 0.01 EURUSD at 1.08901 sl: 1.08475 tp: 1.09385 -> sl: 1.08475 tp: 1.09395
0	21:24:05.717	'1809640': order #45431600 buy 0.01 EURUSD at 1.08901 was modified -> sl: 1.08475 tp: 1.09395
0	21:27:18.063	'1809640': modify order #45431600 buy 0.01 EURUSD at 1.08901 sl: 1.08475 tp: 1.09395 -> sl: 1.08475 tp: 1.09396
0	21:27:18.583	'1809640': order #45431600 buy 0.01 EURUSD at 1.08901 was modified -> sl: 1.08475 tp: 1.09396
0	21:33:02.003	'1809640': modify order #45431600 buy 0.01 EURUSD at 1.08901 sl: 1.08475 tp: 1.09396 -> sl: 1.08475 tp: 1.09401
0	21:33:02.685	'1809640': order #45431600 buy 0.01 EURUSD at 1.08901 was modified -> sl: 1.08475 tp: 1.09401
