0	00:05:06.845	'1809640': modify order #45715235 sell 0.01 EURUSD at 1.09401 sl: 1.09825 tp: 1.09207 -> sl: 1.09825 tp: 1.09154
0	00:05:07.458	'1809640': order #45715235 sell 0.01 EURUSD at 1.09401 was modified -> sl: 1.09825 tp: 1.09154
0	00:08:38.450	'1809640': modify order #45715235 sell 0.01 EURUSD at 1.09401 sl: 1.09825 tp: 1.09154 -> sl: 1.09825 tp: 1.09119
0	00:08:39.098	'1809640': order #45715235 sell 0.01 EURUSD at 1.09401 was modified -> sl: 1.09825 tp: 1.09119
0	00:14:52.712	'1809640': modify order #45715126 sell 0.01 EURUSD at 1.09391 sl: 1.09817 tp: 1.09301 -> sl: 1.09817 tp: 1.09264
0	00:14:53.321	'1809640': order #45715126 sell 0.01 EURUSD at 1.09391 was modified -> sl: 1.09817 tp: 1.09264
0	00:26:32.659	'1809640': modify order #45715126 sell 0.01 EURUSD at 1.09391 sl: 1.09817 tp: 1.09264 -> sl: 1.09817 tp: 1.09259
0	00:26:33.346	'1809640': order #45715126 sell 0.01 EURUSD at 1.09391 was modified -> sl: 1.09817 tp: 1.09259
0	00:36:41.430	'1809640': modify order #45715126 sell 0.01 EURUSD at 1.09391 sl: 1.09817 tp: 1.09259 -> sl: 1.09817 tp: 1.09245
0	00:36:42.334	'1809640': order #45715126 sell 0.01 EURUSD at 1.09391 was modified -> sl: 1.09817 tp: 1.09245
0	00:47:53.810	'1809640': modify order #45715126 sell 0.01 EURUSD at 1.09391 sl: 1.09817 tp: 1.09245 -> sl: 1.09817 tp: 1.09224
0	00:47:54.674	'1809640': order #45715126 sell 0.01 EURUSD at 1.09391 was modified -> sl: 1.09817 tp: 1.09224
1	00:51:15.560	'1809640': ping failed
0	00:51:18.198	'1809640': login on Tripleafx-FX-Demo through FX-Demo-01
0	00:51:50.708	'1809640': ping to current access point FX-Demo-01 is 199.52 ms
0	00:51:54.480	'1809640': modify order #45715126 sell 0.01 EURUSD at 1.09391 sl: 1.09817 tp: 1.09224 -> sl: 1.09817 tp: 1.09223
0	00:52:01.263	'1809640': order #45715126 sell 0.01 EURUSD at 1.09391 was modified -> sl: 1.09817 tp: 1.09223
1	00:53:14.124	MQL4 Market: failed to load products
0	00:56:43.914	'1809640': modify order #45715126 sell 0.01 EURUSD at 1.09391 sl: 1.09817 tp: 1.09223 -> sl: 1.09817 tp: 1.09219
0	00:57:46.785	'1809640': login on Tripleafx-FX-Demo through FX-Demo-01
0	01:03:07.039	'1809640': order buy market 0.01 EURUSD sl: 1.08901 tp: 1.09400
0	01:03:07.624	'1809640': order was opened : #45716729 buy 0.01 EURUSD at 1.09323 sl: 1.08901 tp: 1.09400
0	01:04:12.014	'1809640': modify order #45715126 sell 0.01 EURUSD at 1.09391 sl: 1.09817 tp: 1.09223 -> sl: 1.09817 tp: 1.09215
0	01:04:12.795	'1809640': order #45715126 sell 0.01 EURUSD at 1.09391 was modified -> sl: 1.09817 tp: 1.09215
0	01:07:31.987	'1809640': modify order #45715126 sell 0.01 EURUSD at 1.09391 sl: 1.09817 tp: 1.09215 -> sl: 1.09817 tp: 1.09213
0	01:07:32.545	'1809640': order #45715126 sell 0.01 EURUSD at 1.09391 was modified -> sl: 1.09817 tp: 1.09213
0	01:07:32.639	'1809640': modify order #45716729 buy 0.01 EURUSD at 1.09323 sl: 1.08901 tp: 1.09400 -> sl: 1.08901 tp: 1.09401
0	01:07:33.128	'1809640': order #45716729 buy 0.01 EURUSD at 1.09323 was modified -> sl: 1.08901 tp: 1.09401
0	01:11:08.352	'1809640': modify order #45715126 sell 0.01 EURUSD at 1.09391 sl: 1.09817 tp: 1.09213 -> sl: 1.09817 tp: 1.09211
0	01:11:08.839	'1809640': order #45715126 sell 0.01 EURUSD at 1.09391 was modified -> sl: 1.09817 tp: 1.09211
0	01:11:08.937	'1809640': modify order #45716729 buy 0.01 EURUSD at 1.09323 sl: 1.08901 tp: 1.09401 -> sl: 1.08901 tp: 1.09402
0	01:11:09.395	'1809640': order #45716729 buy 0.01 EURUSD at 1.09323 was modified -> sl: 1.08901 tp: 1.09402
0	01:16:21.155	'1809640': modify order #45715126 sell 0.01 EURUSD at 1.09391 sl: 1.09817 tp: 1.09211 -> sl: 1.09817 tp: 1.09209
0	01:16:21.703	'1809640': order #45715126 sell 0.01 EURUSD at 1.09391 was modified -> sl: 1.09817 tp: 1.09209
0	01:16:21.736	'1809640': modify order #45716729 buy 0.01 EURUSD at 1.09323 sl: 1.08901 tp: 1.09402 -> sl: 1.08901 tp: 1.09407
0	01:16:22.065	'1809640': order #45716729 buy 0.01 EURUSD at 1.09323 was modified -> sl: 1.08901 tp: 1.09407
0	01:36:13.002	'1809640': modify order #45716729 buy 0.01 EURUSD at 1.09323 sl: 1.08901 tp: 1.09407 -> sl: 1.08901 tp: 1.09442
0	01:36:13.462	'1809640': order #45716729 buy 0.01 EURUSD at 1.09323 was modified -> sl: 1.08901 tp: 1.09442
0	02:02:11.264	'1809640': modify order #45716729 buy 0.01 EURUSD at 1.09323 sl: 1.08901 tp: 1.09442 -> sl: 1.08901 tp: 1.09449
0	02:02:11.836	'1809640': order #45716729 buy 0.01 EURUSD at 1.09323 was modified -> sl: 1.08901 tp: 1.09449
0	02:12:29.144	'1809640': order sell market 0.01 EURUSD sl: 1.09789 tp: 1.09179
0	02:12:29.794	'1809640': order was opened : #45717811 sell 0.01 EURUSD at 1.09368 sl: 1.09789 tp: 1.09179
0	02:14:03.538	'1809640': modify order #45716729 buy 0.01 EURUSD at 1.09323 sl: 1.08901 tp: 1.09449 -> sl: 1.08901 tp: 1.09454
0	02:14:04.090	'1809640': order #45716729 buy 0.01 EURUSD at 1.09323 was modified -> sl: 1.08901 tp: 1.09454
1	02:58:19.437	'1809640': ping failed
1	02:58:20.411	'1809640': connect failed [No connection]
0	02:58:49.555	'1809640': login on Tripleafx-FX-Demo through FX-Demo-01
0	02:59:02.869	'1809640': ping to current access point FX-Demo-01 is 94.96 ms
0	03:03:43.643	'1809640': order buy market 0.01 EURUSD sl: 1.08890 tp: 1.09449
0	03:03:44.361	'1809640': order was opened : #45718385 buy 0.01 EURUSD at 1.09310 sl: 1.08890 tp: 1.09449
0	03:04:59.074	'1809640': modify order #45718385 buy 0.01 EURUSD at 1.09310 sl: 1.08890 tp: 1.09449 -> sl: 1.08890 tp: 1.09451
0	03:04:59.502	'1809640': order #45718385 buy 0.01 EURUSD at 1.09310 was modified -> sl: 1.08890 tp: 1.09451
0	03:18:23.468	'1809640': modify order #45715235 sell 0.01 EURUSD at 1.09401 sl: 1.09825 tp: 1.09119 -> sl: 1.09825 tp: 1.09118
0	03:18:23.890	'1809640': order #45715235 sell 0.01 EURUSD at 1.09401 was modified -> sl: 1.09825 tp: 1.09118
0	03:18:23.893	'1809640': modify order #45718385 buy 0.01 EURUSD at 1.09310 sl: 1.08890 tp: 1.09451 -> sl: 1.08890 tp: 1.09455
0	03:18:24.313	'1809640': order #45718385 buy 0.01 EURUSD at 1.09310 was modified -> sl: 1.08890 tp: 1.09455
0	03:24:30.446	'1809640': modify order #45718385 buy 0.01 EURUSD at 1.09310 sl: 1.08890 tp: 1.09455 -> sl: 1.08890 tp: 1.09468
0	03:24:30.998	'1809640': order #45718385 buy 0.01 EURUSD at 1.09310 was modified -> sl: 1.08890 tp: 1.09468
0	03:28:30.196	'1809640': modify order #45715235 sell 0.01 EURUSD at 1.09401 sl: 1.09825 tp: 1.09118 -> sl: 1.09825 tp: 1.09111
0	03:28:30.711	'1809640': order #45715235 sell 0.01 EURUSD at 1.09401 was modified -> sl: 1.09825 tp: 1.09111
0	03:30:33.389	'1809640': modify order #45715126 sell 0.01 EURUSD at 1.09391 sl: 1.09817 tp: 1.09209 -> sl: 1.09817 tp: 1.09208
0	03:30:33.746	'1809640': order #45715126 sell 0.01 EURUSD at 1.09391 was modified -> sl: 1.09817 tp: 1.09208
0	03:30:33.746	'1809640': modify order #45715235 sell 0.01 EURUSD at 1.09401 sl: 1.09825 tp: 1.09111 -> sl: 1.09825 tp: 1.09110
0	03:30:34.168	'1809640': order #45715235 sell 0.01 EURUSD at 1.09401 was modified -> sl: 1.09825 tp: 1.09110
0	03:34:15.300	'1809640': modify order #45715126 sell 0.01 EURUSD at 1.09391 sl: 1.09817 tp: 1.09208 -> sl: 1.09817 tp: 1.09196
0	03:34:16.142	'1809640': order #45715126 sell 0.01 EURUSD at 1.09391 was modified -> sl: 1.09817 tp: 1.09196
0	03:34:16.239	'1809640': modify order #45715235 sell 0.01 EURUSD at 1.09401 sl: 1.09825 tp: 1.09110 -> sl: 1.09825 tp: 1.09091
0	03:34:16.759	'1809640': order #45715235 sell 0.01 EURUSD at 1.09401 was modified -> sl: 1.09825 tp: 1.09091
0	03:38:55.358	'1809640': order #45715126 sell 0.01 EURUSD at 1.09391 closed due take-profit at price 1.09196
0	03:38:56.717	'1809640': order #45717811 sell 0.01 EURUSD at 1.09368 closed due take-profit at price 1.09179
0	03:39:48.816	'1809640': order #45708203 buy 0.01 EURUSD at 1.09517 closed due stop-loss at price 1.09098
0	03:39:49.398	'1809640': order #45710867 buy 0.01 EURUSD at 1.09507 closed due stop-loss at price 1.09096
0	03:40:03.750	'1809640': order #45708693 buy 0.01 EURUSD at 1.09487 closed due stop-loss at price 1.09067
0	03:40:03.750	'1809640': order #45715235 sell 0.01 EURUSD at 1.09401 closed due take-profit at price 1.09091
0	03:40:03.750	'1809640': order #45707842 buy 0.01 EURUSD at 1.09483 closed due stop-loss at price 1.09065
0	03:40:08.405	'1809640': modify order #45718385 buy 0.01 EURUSD at 1.09310 sl: 1.08890 tp: 1.09468 -> sl: 1.08890 tp: 1.09472
0	03:40:08.757	'1809640': order #45718385 buy 0.01 EURUSD at 1.09310 was modified -> sl: 1.08890 tp: 1.09472
0	03:40:38.957	'1809640': order buy market 0.01 EURUSD sl: 1.08616 tp: 1.09484
0	03:40:39.541	'1809640': order was opened : #45721410 buy 0.01 EURUSD at 1.09032 sl: 1.08616 tp: 1.09484
0	03:40:43.121	'1809640': order #45704883 buy 0.01 EURUSD at 1.09404 closed due stop-loss at price 1.08983
0	03:40:43.121	'1809640': order #45705562 buy 0.01 EURUSD at 1.09401 closed due stop-loss at price 1.08980
0	03:41:02.839	'1809640': order #45716729 buy 0.01 EURUSD at 1.09323 closed due stop-loss at price 1.08901
0	03:41:05.854	'1809640': order #45718385 buy 0.01 EURUSD at 1.09310 closed due stop-loss at price 1.08890
0	03:42:10.213	'1809640': order #45697796 buy 0.01 EURUSD at 1.09284 closed due stop-loss at price 1.08862
0	03:42:10.213	'1809640': order #45703836 buy 0.01 EURUSD at 1.09297 closed due stop-loss at price 1.08862
0	03:48:19.836	'1809640': order buy market 0.01 EURUSD sl: 1.08519 tp: 1.09385
0	03:48:20.389	'1809640': order was opened : #45722924 buy 0.01 EURUSD at 1.08935 sl: 1.08519 tp: 1.09385
0	03:48:54.239	'1809640': modify order #45722924 buy 0.01 EURUSD at 1.08935 sl: 1.08519 tp: 1.09385 -> sl: 1.08519 tp: 1.09386
0	03:48:54.762	'1809640': order #45722924 buy 0.01 EURUSD at 1.08935 was modified -> sl: 1.08519 tp: 1.09386
0	03:52:40.785	'1809640': modify order #45721410 buy 0.01 EURUSD at 1.09032 sl: 1.08616 tp: 1.09484 -> sl: 1.08616 tp: 1.09538
0	03:52:41.403	'1809640': order #45721410 buy 0.01 EURUSD at 1.09032 was modified -> sl: 1.08616 tp: 1.09538
0	03:52:41.467	'1809640': modify order #45722924 buy 0.01 EURUSD at 1.08935 sl: 1.08519 tp: 1.09386 -> sl: 1.08519 tp: 1.09539
0	03:52:41.792	'1809640': order #45722924 buy 0.01 EURUSD at 1.08935 was modified -> sl: 1.08519 tp: 1.09539
0	03:53:08.851	'1809640': order buy market 0.01 EURUSD sl: 1.08679 tp: 1.09591
0	03:53:09.241	'1809640': order was opened : #45723592 buy 0.01 EURUSD at 1.09088 sl: 1.08679 tp: 1.09591
0	03:55:13.289	'1809640': modify order #45721410 buy 0.01 EURUSD at 1.09032 sl: 1.08616 tp: 1.09538 -> sl: 1.08616 tp: 1.09583
0	03:55:13.647	'1809640': order #45721410 buy 0.01 EURUSD at 1.09032 was modified -> sl: 1.08616 tp: 1.09583
0	03:55:13.744	'1809640': modify order #45722924 buy 0.01 EURUSD at 1.08935 sl: 1.08519 tp: 1.09539 -> sl: 1.08519 tp: 1.09582
0	03:55:14.069	'1809640': order #45722924 buy 0.01 EURUSD at 1.08935 was modified -> sl: 1.08519 tp: 1.09582
0	03:58:43.562	'1809640': modify order #45721410 buy 0.01 EURUSD at 1.09032 sl: 1.08616 tp: 1.09583 -> sl: 1.08616 tp: 1.09621
0	03:58:49.401	'1809640': order #45721410 buy 0.01 EURUSD at 1.09032 was modified -> sl: 1.08616 tp: 1.09621
0	03:58:49.401	'1809640': modify order #45722924 buy 0.01 EURUSD at 1.08935 sl: 1.08519 tp: 1.09582 -> sl: 1.08519 tp: 1.09621
0	03:58:49.661	'1809640': order #45722924 buy 0.01 EURUSD at 1.08935 was modified -> sl: 1.08519 tp: 1.09621
0	04:00:40.981	'1809640': order sell market 0.01 EURUSD sl: 1.09696 tp: 1.08831
0	04:00:52.911	'1809640': order was opened : #45724551 sell 0.01 EURUSD at 1.09269 sl: 1.09696 tp: 1.08831
0	04:03:01.196	'1809640': modify order #45721410 buy 0.01 EURUSD at 1.09032 sl: 1.08616 tp: 1.09621 -> sl: 1.08616 tp: 1.09706
0	04:03:01.687	'1809640': order #45721410 buy 0.01 EURUSD at 1.09032 was modified -> sl: 1.08616 tp: 1.09706
0	04:03:02.137	'1809640': modify order #45722924 buy 0.01 EURUSD at 1.08935 sl: 1.08519 tp: 1.09621 -> sl: 1.08519 tp: 1.09706
0	04:03:02.301	'1809640': order #45722924 buy 0.01 EURUSD at 1.08935 was modified -> sl: 1.08519 tp: 1.09706
0	04:03:02.364	'1809640': modify order #45723592 buy 0.01 EURUSD at 1.09088 sl: 1.08679 tp: 1.09591 -> sl: 1.08679 tp: 1.09592
0	04:03:02.656	'1809640': order #45723592 buy 0.01 EURUSD at 1.09088 was modified -> sl: 1.08679 tp: 1.09592
0	04:03:02.722	'1809640': modify order #45724551 sell 0.01 EURUSD at 1.09269 sl: 1.09696 tp: 1.08831 -> sl: 1.09696 tp: 1.08801
0	04:03:03.077	'1809640': order #45724551 sell 0.01 EURUSD at 1.09269 was modified -> sl: 1.09696 tp: 1.08801
0	04:06:29.287	'1809640': modify order #45721410 buy 0.01 EURUSD at 1.09032 sl: 1.08616 tp: 1.09706 -> sl: 1.08616 tp: 1.09729
0	04:06:29.709	'1809640': order #45721410 buy 0.01 EURUSD at 1.09032 was modified -> sl: 1.08616 tp: 1.09729
0	04:06:29.709	'1809640': modify order #45722924 buy 0.01 EURUSD at 1.08935 sl: 1.08519 tp: 1.09706 -> sl: 1.08519 tp: 1.09729
0	04:06:30.160	'1809640': order #45722924 buy 0.01 EURUSD at 1.08935 was modified -> sl: 1.08519 tp: 1.09729
0	04:07:19.855	'1809640': order sell market 0.01 EURUSD sl: 1.09729 tp: 1.08975
0	04:07:20.277	'1809640': order was opened : #45725033 sell 0.01 EURUSD at 1.09334 sl: 1.09729 tp: 1.08975
0	04:10:23.172	'1809640': modify order #45721410 buy 0.01 EURUSD at 1.09032 sl: 1.08616 tp: 1.09729 -> sl: 1.08616 tp: 1.09826
0	04:10:23.626	'1809640': order #45721410 buy 0.01 EURUSD at 1.09032 was modified -> sl: 1.08616 tp: 1.09826
0	04:10:23.785	'1809640': modify order #45722924 buy 0.01 EURUSD at 1.08935 sl: 1.08519 tp: 1.09729 -> sl: 1.08519 tp: 1.09826
0	04:10:24.145	'1809640': order #45722924 buy 0.01 EURUSD at 1.08935 was modified -> sl: 1.08519 tp: 1.09826
0	04:10:24.210	'1809640': modify order #45725033 sell 0.01 EURUSD at 1.09334 sl: 1.09729 tp: 1.08975 -> sl: 1.09729 tp: 1.08973
0	04:10:24.599	'1809640': order #45725033 sell 0.01 EURUSD at 1.09334 was modified -> sl: 1.09729 tp: 1.08973
0	04:19:18.005	'1809640': modify order #45721410 buy 0.01 EURUSD at 1.09032 sl: 1.08616 tp: 1.09826 -> sl: 1.08616 tp: 1.09854
0	04:19:19.039	'1809640': order #45721410 buy 0.01 EURUSD at 1.09032 was modified -> sl: 1.08616 tp: 1.09854
0	04:19:19.039	'1809640': modify order #45722924 buy 0.01 EURUSD at 1.08935 sl: 1.08519 tp: 1.09826 -> sl: 1.08519 tp: 1.09855
0	04:19:19.489	'1809640': order #45722924 buy 0.01 EURUSD at 1.08935 was modified -> sl: 1.08519 tp: 1.09855
0	04:22:01.610	'1809640': modify order #45721410 buy 0.01 EURUSD at 1.09032 sl: 1.08616 tp: 1.09854 -> sl: 1.08616 tp: 1.09900
0	04:22:02.162	'1809640': order #45721410 buy 0.01 EURUSD at 1.09032 was modified -> sl: 1.08616 tp: 1.09900
0	04:22:02.162	'1809640': modify order #45722924 buy 0.01 EURUSD at 1.08935 sl: 1.08519 tp: 1.09855 -> sl: 1.08519 tp: 1.09902
0	04:22:02.614	'1809640': order #45722924 buy 0.01 EURUSD at 1.08935 was modified -> sl: 1.08519 tp: 1.09902
0	04:22:02.644	'1809640': modify order #45725033 sell 0.01 EURUSD at 1.09334 sl: 1.09729 tp: 1.08973 -> sl: 1.09729 tp: 1.08971
0	04:22:03.067	'1809640': order #45725033 sell 0.01 EURUSD at 1.09334 was modified -> sl: 1.09729 tp: 1.08971
0	04:28:08.630	'1809640': modify order #45723592 buy 0.01 EURUSD at 1.09088 sl: 1.08679 tp: 1.09592 -> sl: 1.08679 tp: 1.09595
0	04:28:09.505	'1809640': order #45723592 buy 0.01 EURUSD at 1.09088 was modified -> sl: 1.08679 tp: 1.09595
0	04:28:09.570	'1809640': modify order #45725033 sell 0.01 EURUSD at 1.09334 sl: 1.09729 tp: 1.08971 -> sl: 1.09729 tp: 1.08964
0	04:28:09.927	'1809640': order #45725033 sell 0.01 EURUSD at 1.09334 was modified -> sl: 1.09729 tp: 1.08964
0	05:01:28.611	'1809640': modify order #45725033 sell 0.01 EURUSD at 1.09334 sl: 1.09729 tp: 1.08964 -> sl: 1.09729 tp: 1.08963
0	05:01:29.495	'1809640': order #45725033 sell 0.01 EURUSD at 1.09334 was modified -> sl: 1.09729 tp: 1.08963
0	05:01:38.396	'1809640': order sell market 0.01 EURUSD sl: 1.09668 tp: 1.09167
0	05:01:39.004	'1809640': order was opened : #45727697 sell 0.01 EURUSD at 1.09246 sl: 1.09668 tp: 1.09167
0	05:01:47.400	'1809640': modify order #45727697 sell 0.01 EURUSD at 1.09246 sl: 1.09668 tp: 1.09167 -> sl: 1.09668 tp: 1.09166
0	05:01:47.898	'1809640': order #45727697 sell 0.01 EURUSD at 1.09246 was modified -> sl: 1.09668 tp: 1.09166
0	05:02:37.897	'1809640': modify order #45724551 sell 0.01 EURUSD at 1.09269 sl: 1.09696 tp: 1.08801 -> sl: 1.09696 tp: 1.08791
0	05:02:38.742	'1809640': order #45724551 sell 0.01 EURUSD at 1.09269 was modified -> sl: 1.09696 tp: 1.08791
0	05:02:39.038	'1809640': modify order #45725033 sell 0.01 EURUSD at 1.09334 sl: 1.09729 tp: 1.08963 -> sl: 1.09729 tp: 1.08962
0	05:02:39.394	'1809640': order #45725033 sell 0.01 EURUSD at 1.09334 was modified -> sl: 1.09729 tp: 1.08962
0	05:03:20.581	'1809640': modify order #45727697 sell 0.01 EURUSD at 1.09246 sl: 1.09668 tp: 1.09166 -> sl: 1.09668 tp: 1.09163
0	05:03:21.133	'1809640': order #45727697 sell 0.01 EURUSD at 1.09246 was modified -> sl: 1.09668 tp: 1.09163
0	05:09:41.209	'1809640': modify order #45724551 sell 0.01 EURUSD at 1.09269 sl: 1.09696 tp: 1.08791 -> sl: 1.09696 tp: 1.08776
0	05:09:41.732	'1809640': order #45724551 sell 0.01 EURUSD at 1.09269 was modified -> sl: 1.09696 tp: 1.08776
0	05:09:41.732	'1809640': modify order #45725033 sell 0.01 EURUSD at 1.09334 sl: 1.09729 tp: 1.08962 -> sl: 1.09729 tp: 1.08961
0	05:09:42.280	'1809640': order #45725033 sell 0.01 EURUSD at 1.09334 was modified -> sl: 1.09729 tp: 1.08961
0	05:12:34.206	'1809640': modify order #45724551 sell 0.01 EURUSD at 1.09269 sl: 1.09696 tp: 1.08776 -> sl: 1.09696 tp: 1.08765
0	05:12:36.280	'1809640': order #45724551 sell 0.01 EURUSD at 1.09269 was modified -> sl: 1.09696 tp: 1.08765
0	05:12:36.544	'1809640': modify order #45725033 sell 0.01 EURUSD at 1.09334 sl: 1.09729 tp: 1.08961 -> sl: 1.09729 tp: 1.08958
0	05:12:36.963	'1809640': order #45725033 sell 0.01 EURUSD at 1.09334 was modified -> sl: 1.09729 tp: 1.08958
0	05:16:22.361	'1809640': modify order #45724551 sell 0.01 EURUSD at 1.09269 sl: 1.09696 tp: 1.08765 -> sl: 1.09696 tp: 1.08725
0	05:16:22.850	'1809640': order #45724551 sell 0.01 EURUSD at 1.09269 was modified -> sl: 1.09696 tp: 1.08725
0	05:16:22.850	'1809640': modify order #45725033 sell 0.01 EURUSD at 1.09334 sl: 1.09729 tp: 1.08958 -> sl: 1.09729 tp: 1.08957
0	05:16:23.398	'1809640': order #45725033 sell 0.01 EURUSD at 1.09334 was modified -> sl: 1.09729 tp: 1.08957
0	05:16:33.557	'1809640': order #45727697 sell 0.01 EURUSD at 1.09246 closed due take-profit at price 1.09163
0	05:18:37.648	'1809640': modify order #45725033 sell 0.01 EURUSD at 1.09334 sl: 1.09729 tp: 1.08957 -> sl: 1.09729 tp: 1.08950
0	05:18:38.074	'1809640': order #45725033 sell 0.01 EURUSD at 1.09334 was modified -> sl: 1.09729 tp: 1.08950
0	05:19:34.204	'1809640': order sell market 0.01 EURUSD sl: 1.09606 tp: 1.09085
0	05:19:34.691	'1809640': order was opened : #45728665 sell 0.01 EURUSD at 1.09184 sl: 1.09606 tp: 1.09085
0	05:22:00.921	'1809640': modify order #45724551 sell 0.01 EURUSD at 1.09269 sl: 1.09696 tp: 1.08725 -> sl: 1.09696 tp: 1.08709
0	05:22:01.830	'1809640': order #45724551 sell 0.01 EURUSD at 1.09269 was modified -> sl: 1.09696 tp: 1.08709
0	05:22:01.862	'1809640': modify order #45725033 sell 0.01 EURUSD at 1.09334 sl: 1.09729 tp: 1.08950 -> sl: 1.09729 tp: 1.08948
0	05:22:02.251	'1809640': order #45725033 sell 0.01 EURUSD at 1.09334 was modified -> sl: 1.09729 tp: 1.08948
0	05:22:02.251	'1809640': modify order #45728665 sell 0.01 EURUSD at 1.09184 sl: 1.09606 tp: 1.09085 -> sl: 1.09606 tp: 1.09084
0	05:22:02.641	'1809640': order #45728665 sell 0.01 EURUSD at 1.09184 was modified -> sl: 1.09606 tp: 1.09084
0	05:24:40.750	'1809640': modify order #45725033 sell 0.01 EURUSD at 1.09334 sl: 1.09729 tp: 1.08948 -> sl: 1.09729 tp: 1.08943
0	05:24:41.205	'1809640': order #45725033 sell 0.01 EURUSD at 1.09334 was modified -> sl: 1.09729 tp: 1.08943
0	05:24:41.465	'1809640': modify order #45728665 sell 0.01 EURUSD at 1.09184 sl: 1.09606 tp: 1.09084 -> sl: 1.09606 tp: 1.09068
0	05:24:41.725	'1809640': order #45728665 sell 0.01 EURUSD at 1.09184 was modified -> sl: 1.09606 tp: 1.09068
0	05:27:46.081	'1809640': modify order #45725033 sell 0.01 EURUSD at 1.09334 sl: 1.09729 tp: 1.08943 -> sl: 1.09729 tp: 1.08937
0	05:27:46.507	'1809640': order #45725033 sell 0.01 EURUSD at 1.09334 was modified -> sl: 1.09729 tp: 1.08937
0	05:27:46.698	'1809640': modify order #45728665 sell 0.01 EURUSD at 1.09184 sl: 1.09606 tp: 1.09068 -> sl: 1.09606 tp: 1.09066
0	05:27:47.319	'1809640': order #45728665 sell 0.01 EURUSD at 1.09184 was modified -> sl: 1.09606 tp: 1.09066
0	05:38:56.088	'1809640': modify order #45724551 sell 0.01 EURUSD at 1.09269 sl: 1.09696 tp: 1.08709 -> sl: 1.09696 tp: 1.08691
0	05:38:56.706	'1809640': order #45724551 sell 0.01 EURUSD at 1.09269 was modified -> sl: 1.09696 tp: 1.08691
0	05:38:56.741	'1809640': modify order #45725033 sell 0.01 EURUSD at 1.09334 sl: 1.09729 tp: 1.08937 -> sl: 1.09729 tp: 1.08932
0	05:38:56.965	'1809640': order #45725033 sell 0.01 EURUSD at 1.09334 was modified -> sl: 1.09729 tp: 1.08932
0	05:44:29.894	'1809640': modify order #45725033 sell 0.01 EURUSD at 1.09334 sl: 1.09729 tp: 1.08932 -> sl: 1.09729 tp: 1.08918
0	05:44:30.451	'1809640': order #45725033 sell 0.01 EURUSD at 1.09334 was modified -> sl: 1.09729 tp: 1.08918
0	05:44:30.451	'1809640': modify order #45728665 sell 0.01 EURUSD at 1.09184 sl: 1.09606 tp: 1.09066 -> sl: 1.09606 tp: 1.09064
0	05:44:30.905	'1809640': order #45728665 sell 0.01 EURUSD at 1.09184 was modified -> sl: 1.09606 tp: 1.09064
0	05:45:43.784	'1809640': modify order #45724551 sell 0.01 EURUSD at 1.09269 sl: 1.09696 tp: 1.08691 -> sl: 1.09696 tp: 1.08672
0	05:45:44.336	'1809640': order #45724551 sell 0.01 EURUSD at 1.09269 was modified -> sl: 1.09696 tp: 1.08672
0	05:49:13.456	'1809640': modify order #45724551 sell 0.01 EURUSD at 1.09269 sl: 1.09696 tp: 1.08672 -> sl: 1.09696 tp: 1.08668
0	05:49:14.175	'1809640': order #45724551 sell 0.01 EURUSD at 1.09269 was modified -> sl: 1.09696 tp: 1.08668
0	05:49:14.175	'1809640': modify order #45725033 sell 0.01 EURUSD at 1.09334 sl: 1.09729 tp: 1.08918 -> sl: 1.09729 tp: 1.08906
0	05:49:14.565	'1809640': order #45725033 sell 0.01 EURUSD at 1.09334 was modified -> sl: 1.09729 tp: 1.08906
0	05:49:14.565	'1809640': modify order #45728665 sell 0.01 EURUSD at 1.09184 sl: 1.09606 tp: 1.09064 -> sl: 1.09606 tp: 1.09028
0	05:49:14.983	'1809640': order #45728665 sell 0.01 EURUSD at 1.09184 was modified -> sl: 1.09606 tp: 1.09028
0	05:53:25.502	'1809640': modify order #45724551 sell 0.01 EURUSD at 1.09269 sl: 1.09696 tp: 1.08668 -> sl: 1.09696 tp: 1.08653
0	05:53:26.604	'1809640': order #45724551 sell 0.01 EURUSD at 1.09269 was modified -> sl: 1.09696 tp: 1.08653
0	05:53:26.637	'1809640': modify order #45728665 sell 0.01 EURUSD at 1.09184 sl: 1.09606 tp: 1.09028 -> sl: 1.09606 tp: 1.09008
0	05:53:27.225	'1809640': order #45728665 sell 0.01 EURUSD at 1.09184 was modified -> sl: 1.09606 tp: 1.09008
0	05:55:37.150	'1809640': modify order #45728665 sell 0.01 EURUSD at 1.09184 sl: 1.09606 tp: 1.09008 -> sl: 1.09606 tp: 1.09001
0	05:55:37.539	'1809640': order #45728665 sell 0.01 EURUSD at 1.09184 was modified -> sl: 1.09606 tp: 1.09001
0	06:02:54.766	'1809640': order sell market 0.01 EURUSD sl: 1.09570 tp: 1.08708
0	06:02:55.578	'1809640': order was opened : #45730306 sell 0.01 EURUSD at 1.09147 sl: 1.09570 tp: 1.08708
0	06:06:49.020	'1809640': modify order #45730306 sell 0.01 EURUSD at 1.09147 sl: 1.09570 tp: 1.08708 -> sl: 1.09570 tp: 1.08704
0	06:06:49.600	'1809640': order #45730306 sell 0.01 EURUSD at 1.09147 was modified -> sl: 1.09570 tp: 1.08704
0	06:09:52.179	'1809640': modify order #45730306 sell 0.01 EURUSD at 1.09147 sl: 1.09570 tp: 1.08704 -> sl: 1.09570 tp: 1.08654
0	06:09:52.566	'1809640': order #45730306 sell 0.01 EURUSD at 1.09147 was modified -> sl: 1.09570 tp: 1.08654
0	06:13:19.978	'1809640': modify order #45724551 sell 0.01 EURUSD at 1.09269 sl: 1.09696 tp: 1.08653 -> sl: 1.09696 tp: 1.08629
0	06:13:20.469	'1809640': order #45724551 sell 0.01 EURUSD at 1.09269 was modified -> sl: 1.09696 tp: 1.08629
0	06:13:20.469	'1809640': modify order #45730306 sell 0.01 EURUSD at 1.09147 sl: 1.09570 tp: 1.08654 -> sl: 1.09570 tp: 1.08630
0	06:13:20.952	'1809640': order #45730306 sell 0.01 EURUSD at 1.09147 was modified -> sl: 1.09570 tp: 1.08630
0	06:19:55.699	'1809640': modify order #45724551 sell 0.01 EURUSD at 1.09269 sl: 1.09696 tp: 1.08629 -> sl: 1.09696 tp: 1.08610
0	06:19:56.348	'1809640': order #45724551 sell 0.01 EURUSD at 1.09269 was modified -> sl: 1.09696 tp: 1.08610
0	06:19:56.413	'1809640': modify order #45730306 sell 0.01 EURUSD at 1.09147 sl: 1.09570 tp: 1.08630 -> sl: 1.09570 tp: 1.08610
0	06:19:56.770	'1809640': order #45730306 sell 0.01 EURUSD at 1.09147 was modified -> sl: 1.09570 tp: 1.08610
0	06:22:27.676	'1809640': modify order #45728665 sell 0.01 EURUSD at 1.09184 sl: 1.09606 tp: 1.09001 -> sl: 1.09606 tp: 1.08969
0	06:22:28.880	'1809640': order #45728665 sell 0.01 EURUSD at 1.09184 was modified -> sl: 1.09606 tp: 1.08969
0	06:26:38.469	'1809640': modify order #45728665 sell 0.01 EURUSD at 1.09184 sl: 1.09606 tp: 1.08969 -> sl: 1.09606 tp: 1.08961
0	06:26:39.183	'1809640': order #45728665 sell 0.01 EURUSD at 1.09184 was modified -> sl: 1.09606 tp: 1.08961
0	06:42:39.826	'1809640': modify order #45724551 sell 0.01 EURUSD at 1.09269 sl: 1.09696 tp: 1.08610 -> sl: 1.09696 tp: 1.08552
0	06:42:40.350	'1809640': order #45724551 sell 0.01 EURUSD at 1.09269 was modified -> sl: 1.09696 tp: 1.08552
0	06:42:40.477	'1809640': modify order #45730306 sell 0.01 EURUSD at 1.09147 sl: 1.09570 tp: 1.08610 -> sl: 1.09570 tp: 1.08548
0	06:42:40.999	'1809640': order #45730306 sell 0.01 EURUSD at 1.09147 was modified -> sl: 1.09570 tp: 1.08548
0	06:49:22.024	'1809640': modify order #45728665 sell 0.01 EURUSD at 1.09184 sl: 1.09606 tp: 1.08961 -> sl: 1.09606 tp: 1.08926
0	06:49:22.644	'1809640': order #45728665 sell 0.01 EURUSD at 1.09184 was modified -> sl: 1.09606 tp: 1.08926
0	06:53:11.431	'1809640': modify order #45728665 sell 0.01 EURUSD at 1.09184 sl: 1.09606 tp: 1.08926 -> sl: 1.09606 tp: 1.08922
0	06:53:11.820	'1809640': order #45728665 sell 0.01 EURUSD at 1.09184 was modified -> sl: 1.09606 tp: 1.08922
0	07:01:29.786	'1809640': order sell market 0.01 EURUSD sl: 1.09408 tp: 1.08547
0	07:01:30.464	'1809640': order was opened : #45732456 sell 0.01 EURUSD at 1.08987 sl: 1.09408 tp: 1.08547
0	07:04:00.159	'1809640': modify order #45724551 sell 0.01 EURUSD at 1.09269 sl: 1.09696 tp: 1.08552 -> sl: 1.09696 tp: 1.08526
0	07:04:00.715	'1809640': order #45724551 sell 0.01 EURUSD at 1.09269 was modified -> sl: 1.09696 tp: 1.08526
0	07:04:00.812	'1809640': modify order #45730306 sell 0.01 EURUSD at 1.09147 sl: 1.09570 tp: 1.08548 -> sl: 1.09570 tp: 1.08526
0	07:04:01.259	'1809640': order #45730306 sell 0.01 EURUSD at 1.09147 was modified -> sl: 1.09570 tp: 1.08526
0	07:04:01.291	'1809640': modify order #45732456 sell 0.01 EURUSD at 1.08987 sl: 1.09408 tp: 1.08547 -> sl: 1.09408 tp: 1.08526
0	07:04:01.616	'1809640': order #45732456 sell 0.01 EURUSD at 1.08987 was modified -> sl: 1.09408 tp: 1.08526
0	07:07:17.512	'1809640': modify order #45728665 sell 0.01 EURUSD at 1.09184 sl: 1.09606 tp: 1.08922 -> sl: 1.09606 tp: 1.08881
0	07:07:18.099	'1809640': order #45728665 sell 0.01 EURUSD at 1.09184 was modified -> sl: 1.09606 tp: 1.08881
0	07:11:58.899	'1809640': modify order #45724551 sell 0.01 EURUSD at 1.09269 sl: 1.09696 tp: 1.08526 -> sl: 1.09696 tp: 1.08523
0	07:11:59.619	'1809640': order #45724551 sell 0.01 EURUSD at 1.09269 was modified -> sl: 1.09696 tp: 1.08523
0	07:11:59.619	'1809640': modify order #45728665 sell 0.01 EURUSD at 1.09184 sl: 1.09606 tp: 1.08881 -> sl: 1.09606 tp: 1.08871
0	07:12:00.041	'1809640': order #45728665 sell 0.01 EURUSD at 1.09184 was modified -> sl: 1.09606 tp: 1.08871
0	07:12:00.041	'1809640': modify order #45730306 sell 0.01 EURUSD at 1.09147 sl: 1.09570 tp: 1.08526 -> sl: 1.09570 tp: 1.08523
0	07:12:00.526	'1809640': order #45730306 sell 0.01 EURUSD at 1.09147 was modified -> sl: 1.09570 tp: 1.08523
0	07:12:00.592	'1809640': modify order #45732456 sell 0.01 EURUSD at 1.08987 sl: 1.09408 tp: 1.08526 -> sl: 1.09408 tp: 1.08523
0	07:12:00.721	'1809640': order #45732456 sell 0.01 EURUSD at 1.08987 was modified -> sl: 1.09408 tp: 1.08523
0	07:15:40.827	'1809640': order #45725033 sell 0.01 EURUSD at 1.09334 closed due take-profit at price 1.08906
0	07:16:16.271	'1809640': modify order #45724551 sell 0.01 EURUSD at 1.09269 sl: 1.09696 tp: 1.08523 -> sl: 1.09696 tp: 1.08448
0	07:16:17.341	'1809640': order #45724551 sell 0.01 EURUSD at 1.09269 was modified -> sl: 1.09696 tp: 1.08448
0	07:16:17.341	'1809640': modify order #45730306 sell 0.01 EURUSD at 1.09147 sl: 1.09570 tp: 1.08523 -> sl: 1.09570 tp: 1.08450
0	07:16:17.925	'1809640': order #45730306 sell 0.01 EURUSD at 1.09147 was modified -> sl: 1.09570 tp: 1.08450
0	07:16:17.925	'1809640': modify order #45732456 sell 0.01 EURUSD at 1.08987 sl: 1.09408 tp: 1.08523 -> sl: 1.09408 tp: 1.08450
0	07:16:18.614	'1809640': order #45732456 sell 0.01 EURUSD at 1.08987 was modified -> sl: 1.09408 tp: 1.08450
0	07:17:14.878	'1809640': order sell market 0.01 EURUSD sl: 1.09312 tp: 1.08450
0	07:17:15.454	'1809640': order was opened : #45733254 sell 0.01 EURUSD at 1.08889 sl: 1.09312 tp: 1.08450
0	07:20:09.361	'1809640': modify order #45724551 sell 0.01 EURUSD at 1.09269 sl: 1.09696 tp: 1.08448 -> sl: 1.09696 tp: 1.08435
0	07:20:09.816	'1809640': order #45724551 sell 0.01 EURUSD at 1.09269 was modified -> sl: 1.09696 tp: 1.08435
0	07:20:09.916	'1809640': modify order #45728665 sell 0.01 EURUSD at 1.09184 sl: 1.09606 tp: 1.08871 -> sl: 1.09606 tp: 1.08814
0	07:20:10.271	'1809640': order #45728665 sell 0.01 EURUSD at 1.09184 was modified -> sl: 1.09606 tp: 1.08814
0	07:20:10.338	'1809640': modify order #45730306 sell 0.01 EURUSD at 1.09147 sl: 1.09570 tp: 1.08450 -> sl: 1.09570 tp: 1.08434
0	07:20:10.535	'1809640': order #45730306 sell 0.01 EURUSD at 1.09147 was modified -> sl: 1.09570 tp: 1.08434
0	07:20:10.600	'1809640': modify order #45732456 sell 0.01 EURUSD at 1.08987 sl: 1.09408 tp: 1.08450 -> sl: 1.09408 tp: 1.08436
0	07:20:10.990	'1809640': order #45732456 sell 0.01 EURUSD at 1.08987 was modified -> sl: 1.09408 tp: 1.08436
0	07:20:11.120	'1809640': modify order #45733254 sell 0.01 EURUSD at 1.08889 sl: 1.09312 tp: 1.08450 -> sl: 1.09312 tp: 1.08434
0	07:20:11.282	'1809640': order #45733254 sell 0.01 EURUSD at 1.08889 was modified -> sl: 1.09312 tp: 1.08434
0	07:24:08.060	'1809640': modify order #45728665 sell 0.01 EURUSD at 1.09184 sl: 1.09606 tp: 1.08814 -> sl: 1.09606 tp: 1.08784
0	07:24:08.873	'1809640': order #45728665 sell 0.01 EURUSD at 1.09184 was modified -> sl: 1.09606 tp: 1.08784
0	08:01:15.949	'1809640': order sell market 0.01 EURUSD sl: 1.09373 tp: 1.08829
0	08:01:16.603	'1809640': order was opened : #45735179 sell 0.01 EURUSD at 1.08956 sl: 1.09373 tp: 1.08829
0	08:02:40.230	'1809640': modify order #45735179 sell 0.01 EURUSD at 1.08956 sl: 1.09373 tp: 1.08829 -> sl: 1.09373 tp: 1.08828
0	08:02:41.072	'1809640': order #45735179 sell 0.01 EURUSD at 1.08956 was modified -> sl: 1.09373 tp: 1.08828
0	08:10:13.547	'1809640': modify order #45724551 sell 0.01 EURUSD at 1.09269 sl: 1.09696 tp: 1.08435 -> sl: 1.09696 tp: 1.08430
0	08:10:14.253	'1809640': order #45724551 sell 0.01 EURUSD at 1.09269 was modified -> sl: 1.09696 tp: 1.08430
0	08:10:14.253	'1809640': modify order #45730306 sell 0.01 EURUSD at 1.09147 sl: 1.09570 tp: 1.08434 -> sl: 1.09570 tp: 1.08430
0	08:10:14.639	'1809640': order #45730306 sell 0.01 EURUSD at 1.09147 was modified -> sl: 1.09570 tp: 1.08430
0	08:10:14.639	'1809640': modify order #45732456 sell 0.01 EURUSD at 1.08987 sl: 1.09408 tp: 1.08436 -> sl: 1.09408 tp: 1.08430
0	08:10:15.029	'1809640': order #45732456 sell 0.01 EURUSD at 1.08987 was modified -> sl: 1.09408 tp: 1.08430
0	08:10:15.029	'1809640': modify order #45733254 sell 0.01 EURUSD at 1.08889 sl: 1.09312 tp: 1.08434 -> sl: 1.09312 tp: 1.08431
0	08:10:15.553	'1809640': order #45733254 sell 0.01 EURUSD at 1.08889 was modified -> sl: 1.09312 tp: 1.08431
0	08:13:15.787	'1809640': modify order #45735179 sell 0.01 EURUSD at 1.08956 sl: 1.09373 tp: 1.08828 -> sl: 1.09373 tp: 1.08811
0	08:13:16.311	'1809640': order #45735179 sell 0.01 EURUSD at 1.08956 was modified -> sl: 1.09373 tp: 1.08811
0	08:22:21.358	'1809640': modify order #45728665 sell 0.01 EURUSD at 1.09184 sl: 1.09606 tp: 1.08784 -> sl: 1.09606 tp: 1.08783
0	08:22:22.470	'1809640': order #45728665 sell 0.01 EURUSD at 1.09184 was modified -> sl: 1.09606 tp: 1.08783
0	08:25:50.755	'1809640': modify order #45735179 sell 0.01 EURUSD at 1.08956 sl: 1.09373 tp: 1.08811 -> sl: 1.09373 tp: 1.08809
0	08:25:51.084	'1809640': order #45735179 sell 0.01 EURUSD at 1.08956 was modified -> sl: 1.09373 tp: 1.08809
0	08:29:13.331	'1809640': modify order #45735179 sell 0.01 EURUSD at 1.08956 sl: 1.09373 tp: 1.08809 -> sl: 1.09373 tp: 1.08807
0	08:29:14.142	'1809640': order #45735179 sell 0.01 EURUSD at 1.08956 was modified -> sl: 1.09373 tp: 1.08807
0	08:40:07.586	'1809640': modify order #45735179 sell 0.01 EURUSD at 1.08956 sl: 1.09373 tp: 1.08807 -> sl: 1.09373 tp: 1.08804
0	08:40:08.630	'1809640': order #45735179 sell 0.01 EURUSD at 1.08956 was modified -> sl: 1.09373 tp: 1.08804
0	09:02:16.564	'1809640': order buy market 0.01 EURUSD sl: 1.08559 tp: 1.09117
0	09:02:17.764	'1809640': order was opened : #45737520 buy 0.01 EURUSD at 1.08978 sl: 1.08559 tp: 1.09117
0	10:02:53.176	'1809640': order buy market 0.01 EURUSD sl: 1.08598 tp: 1.09233
0	10:02:53.923	'1809640': order was opened : #45738957 buy 0.01 EURUSD at 1.09019 sl: 1.08598 tp: 1.09233
0	10:03:23.381	'1809640': modify order #45737520 buy 0.01 EURUSD at 1.08978 sl: 1.08559 tp: 1.09117 -> sl: 1.08559 tp: 1.09118
0	10:03:24.067	'1809640': order #45737520 buy 0.01 EURUSD at 1.08978 was modified -> sl: 1.08559 tp: 1.09118
0	10:06:05.729	'1809640': modify order #45738957 buy 0.01 EURUSD at 1.09019 sl: 1.08598 tp: 1.09233 -> sl: 1.08598 tp: 1.09338
0	10:06:06.378	'1809640': order #45738957 buy 0.01 EURUSD at 1.09019 was modified -> sl: 1.08598 tp: 1.09338
0	10:07:45.142	'1809640': modify order #45737520 buy 0.01 EURUSD at 1.08978 sl: 1.08559 tp: 1.09118 -> sl: 1.08559 tp: 1.09147
0	10:07:45.791	'1809640': order #45737520 buy 0.01 EURUSD at 1.08978 was modified -> sl: 1.08559 tp: 1.09147
0	10:07:45.791	'1809640': modify order #45738957 buy 0.01 EURUSD at 1.09019 sl: 1.08598 tp: 1.09338 -> sl: 1.08598 tp: 1.09361
0	10:07:46.281	'1809640': order #45738957 buy 0.01 EURUSD at 1.09019 was modified -> sl: 1.08598 tp: 1.09361
0	10:11:13.936	'1809640': modify order #45738957 buy 0.01 EURUSD at 1.09019 sl: 1.08598 tp: 1.09361 -> sl: 1.08598 tp: 1.09419
0	10:11:15.105	'1809640': order #45738957 buy 0.01 EURUSD at 1.09019 was modified -> sl: 1.08598 tp: 1.09419
0	10:15:33.884	'1809640': modify order #45738957 buy 0.01 EURUSD at 1.09019 sl: 1.08598 tp: 1.09419 -> sl: 1.08598 tp: 1.09442
0	10:15:34.273	'1809640': order #45738957 buy 0.01 EURUSD at 1.09019 was modified -> sl: 1.08598 tp: 1.09442
0	10:19:55.723	'1809640': modify order #45738957 buy 0.01 EURUSD at 1.09019 sl: 1.08598 tp: 1.09442 -> sl: 1.08598 tp: 1.09455
0	10:19:56.410	'1809640': order #45738957 buy 0.01 EURUSD at 1.09019 was modified -> sl: 1.08598 tp: 1.09455
0	10:23:02.324	'1809640': order #45737520 buy 0.01 EURUSD at 1.08978 closed due take-profit at price 1.09147
0	10:24:23.332	'1809640': modify order #45738957 buy 0.01 EURUSD at 1.09019 sl: 1.08598 tp: 1.09455 -> sl: 1.08598 tp: 1.09513
0	10:24:23.721	'1809640': order #45738957 buy 0.01 EURUSD at 1.09019 was modified -> sl: 1.08598 tp: 1.09513
0	10:27:09.513	'1809640': order buy market 0.01 EURUSD sl: 1.08726 tp: 1.09587
0	10:27:11.036	'1809640': order was opened : #45739908 buy 0.01 EURUSD at 1.09147 sl: 1.08726 tp: 1.09587
0	10:34:56.903	'1809640': modify order #45739908 buy 0.01 EURUSD at 1.09147 sl: 1.08726 tp: 1.09587 -> sl: 1.08726 tp: 1.09619
0	10:34:57.649	'1809640': order #45739908 buy 0.01 EURUSD at 1.09147 was modified -> sl: 1.08726 tp: 1.09619
0	10:42:20.391	'1809640': modify order #45738957 buy 0.01 EURUSD at 1.09019 sl: 1.08598 tp: 1.09513 -> sl: 1.08598 tp: 1.09542
0	10:42:20.878	'1809640': order #45738957 buy 0.01 EURUSD at 1.09019 was modified -> sl: 1.08598 tp: 1.09542
0	10:54:21.023	'1809640': modify order #45735179 sell 0.01 EURUSD at 1.08956 sl: 1.09373 tp: 1.08804 -> sl: 1.09373 tp: 1.08799
0	10:54:21.803	'1809640': order #45735179 sell 0.01 EURUSD at 1.08956 was modified -> sl: 1.09373 tp: 1.08799
0	10:54:21.803	'1809640': modify order #45738957 buy 0.01 EURUSD at 1.09019 sl: 1.08598 tp: 1.09542 -> sl: 1.08598 tp: 1.09619
0	10:54:22.192	'1809640': order #45738957 buy 0.01 EURUSD at 1.09019 was modified -> sl: 1.08598 tp: 1.09619
0	10:54:22.192	'1809640': modify order #45739908 buy 0.01 EURUSD at 1.09147 sl: 1.08726 tp: 1.09619 -> sl: 1.08726 tp: 1.09659
0	10:54:22.579	'1809640': order #45739908 buy 0.01 EURUSD at 1.09147 was modified -> sl: 1.08726 tp: 1.09659
0	10:59:02.174	'1809640': modify order #45735179 sell 0.01 EURUSD at 1.08956 sl: 1.09373 tp: 1.08799 -> sl: 1.09373 tp: 1.08798
0	10:59:02.848	'1809640': order #45735179 sell 0.01 EURUSD at 1.08956 was modified -> sl: 1.09373 tp: 1.08798
0	11:04:17.170	'1809640': order buy market 0.01 EURUSD sl: 1.08727 tp: 1.09588
0	11:04:17.564	'1809640': order was opened : #45742560 buy 0.01 EURUSD at 1.09146 sl: 1.08727 tp: 1.09588
0	11:10:21.971	'1809640': modify order #45742560 buy 0.01 EURUSD at 1.09146 sl: 1.08727 tp: 1.09588 -> sl: 1.08727 tp: 1.09599
0	11:10:22.623	'1809640': order #45742560 buy 0.01 EURUSD at 1.09146 was modified -> sl: 1.08727 tp: 1.09599
0	11:25:18.926	'1809640': modify order #45742560 buy 0.01 EURUSD at 1.09146 sl: 1.08727 tp: 1.09599 -> sl: 1.08727 tp: 1.09604
0	11:25:20.516	'1809640': order #45742560 buy 0.01 EURUSD at 1.09146 was modified -> sl: 1.08727 tp: 1.09604
0	11:33:12.112	'1809640': modify order #45742560 buy 0.01 EURUSD at 1.09146 sl: 1.08727 tp: 1.09604 -> sl: 1.08727 tp: 1.09616
0	11:33:13.268	'1809640': order #45742560 buy 0.01 EURUSD at 1.09146 was modified -> sl: 1.08727 tp: 1.09616
0	11:43:54.401	'1809640': modify order #45742560 buy 0.01 EURUSD at 1.09146 sl: 1.08727 tp: 1.09616 -> sl: 1.08727 tp: 1.09627
0	11:43:54.811	'1809640': order #45742560 buy 0.01 EURUSD at 1.09146 was modified -> sl: 1.08727 tp: 1.09627
0	11:47:08.879	'1809640': modify order #45738957 buy 0.01 EURUSD at 1.09019 sl: 1.08598 tp: 1.09619 -> sl: 1.08598 tp: 1.09629
0	11:47:09.723	'1809640': order #45738957 buy 0.01 EURUSD at 1.09019 was modified -> sl: 1.08598 tp: 1.09629
0	11:47:09.723	'1809640': modify order #45742560 buy 0.01 EURUSD at 1.09146 sl: 1.08727 tp: 1.09627 -> sl: 1.08727 tp: 1.09648
0	11:47:10.117	'1809640': order #45742560 buy 0.01 EURUSD at 1.09146 was modified -> sl: 1.08727 tp: 1.09648
0	12:06:07.076	'1809640': order sell market 0.01 EURUSD sl: 1.09661 tp: 1.08800
0	12:06:08.054	'1809640': order was opened : #45745422 sell 0.01 EURUSD at 1.09237 sl: 1.09661 tp: 1.08800
0	12:06:14.231	'1809640': modify order #45738957 buy 0.01 EURUSD at 1.09019 sl: 1.08598 tp: 1.09629 -> sl: 1.08598 tp: 1.09662
0	12:06:14.787	'1809640': order #45738957 buy 0.01 EURUSD at 1.09019 was modified -> sl: 1.08598 tp: 1.09662
0	12:06:14.820	'1809640': modify order #45739908 buy 0.01 EURUSD at 1.09147 sl: 1.08726 tp: 1.09659 -> sl: 1.08726 tp: 1.09698
0	12:06:15.209	'1809640': order #45739908 buy 0.01 EURUSD at 1.09147 was modified -> sl: 1.08726 tp: 1.09698
0	12:06:15.242	'1809640': modify order #45742560 buy 0.01 EURUSD at 1.09146 sl: 1.08727 tp: 1.09648 -> sl: 1.08727 tp: 1.09698
0	12:06:15.566	'1809640': order #45742560 buy 0.01 EURUSD at 1.09146 was modified -> sl: 1.08727 tp: 1.09698
0	12:06:15.566	'1809640': modify order #45745422 sell 0.01 EURUSD at 1.09237 sl: 1.09661 tp: 1.08800 -> sl: 1.09661 tp: 1.08797
0	12:06:15.956	'1809640': order #45745422 sell 0.01 EURUSD at 1.09237 was modified -> sl: 1.09661 tp: 1.08797
0	12:10:00.067	'1809640': modify order #45745422 sell 0.01 EURUSD at 1.09237 sl: 1.09661 tp: 1.08797 -> sl: 1.09661 tp: 1.08770
0	12:10:00.489	'1809640': order #45745422 sell 0.01 EURUSD at 1.09237 was modified -> sl: 1.09661 tp: 1.08770
0	12:17:05.765	'1809640': modify order #45745422 sell 0.01 EURUSD at 1.09237 sl: 1.09661 tp: 1.08770 -> sl: 1.09661 tp: 1.08702
0	12:17:06.646	'1809640': order #45745422 sell 0.01 EURUSD at 1.09237 was modified -> sl: 1.09661 tp: 1.08702
0	12:32:34.958	'1809640': modify order #45745422 sell 0.01 EURUSD at 1.09237 sl: 1.09661 tp: 1.08702 -> sl: 1.09661 tp: 1.08670
0	12:32:35.510	'1809640': order #45745422 sell 0.01 EURUSD at 1.09237 was modified -> sl: 1.09661 tp: 1.08670
0	12:34:21.653	'1809640': modify order #45745422 sell 0.01 EURUSD at 1.09237 sl: 1.09661 tp: 1.08670 -> sl: 1.09661 tp: 1.08647
0	12:34:22.075	'1809640': order #45745422 sell 0.01 EURUSD at 1.09237 was modified -> sl: 1.09661 tp: 1.08647
0	12:37:59.842	'1809640': modify order #45745422 sell 0.01 EURUSD at 1.09237 sl: 1.09661 tp: 1.08647 -> sl: 1.09661 tp: 1.08572
0	12:38:00.296	'1809640': order #45745422 sell 0.01 EURUSD at 1.09237 was modified -> sl: 1.09661 tp: 1.08572
0	13:06:43.786	'1809640': order buy market 0.01 EURUSD sl: 1.08759 tp: 1.09620
0	13:06:44.491	'1809640': order was opened : #45747799 buy 0.01 EURUSD at 1.09180 sl: 1.08759 tp: 1.09620
0	13:15:41.763	'1809640': modify order #45747799 buy 0.01 EURUSD at 1.09180 sl: 1.08759 tp: 1.09620 -> sl: 1.08759 tp: 1.09643
0	13:15:42.510	'1809640': order #45747799 buy 0.01 EURUSD at 1.09180 was modified -> sl: 1.08759 tp: 1.09643
0	13:24:18.858	'1809640': modify order #45747799 buy 0.01 EURUSD at 1.09180 sl: 1.08759 tp: 1.09643 -> sl: 1.08759 tp: 1.09648
0	13:24:19.657	'1809640': order #45747799 buy 0.01 EURUSD at 1.09180 was modified -> sl: 1.08759 tp: 1.09648
0	13:26:52.657	'1809640': modify order #45747799 buy 0.01 EURUSD at 1.09180 sl: 1.08759 tp: 1.09648 -> sl: 1.08759 tp: 1.09669
0	13:26:53.274	'1809640': order #45747799 buy 0.01 EURUSD at 1.09180 was modified -> sl: 1.08759 tp: 1.09669
0	13:42:43.688	'1809640': modify order #45745422 sell 0.01 EURUSD at 1.09237 sl: 1.09661 tp: 1.08572 -> sl: 1.09661 tp: 1.08455
0	13:42:46.547	'1809640': order #45745422 sell 0.01 EURUSD at 1.09237 was modified -> sl: 1.09661 tp: 1.08455
0	13:44:56.189	'1809640': order #45687514 buy 0.01 EURUSD at 1.09230 closed due stop-loss at price 1.08810
0	13:45:31.705	'1809640': order #45735179 sell 0.01 EURUSD at 1.08956 closed due take-profit at price 1.08798
0	13:45:31.705	'1809640': order #45688165 buy 0.01 EURUSD at 1.09187 closed due stop-loss at price 1.08768
0	13:45:32.215	'1809640': order #45728665 sell 0.01 EURUSD at 1.09184 closed due take-profit at price 1.08783
0	13:45:32.576	'1809640': order #45747799 buy 0.01 EURUSD at 1.09180 closed due stop-loss at price 1.08759
0	13:45:36.641	'1809640': order #45688910 buy 0.01 EURUSD at 1.09169 closed due stop-loss at price 1.08744
0	13:45:39.133	'1809640': order #45686984 buy 0.01 EURUSD at 1.09152 closed due stop-loss at price 1.08727
0	13:45:39.133	'1809640': order #45739908 buy 0.01 EURUSD at 1.09147 closed due stop-loss at price 1.08726
0	13:45:39.133	'1809640': order #45742560 buy 0.01 EURUSD at 1.09146 closed due stop-loss at price 1.08727
0	13:45:39.230	'1809640': order #45690016 buy 0.01 EURUSD at 1.09137 closed due stop-loss at price 1.08715
0	13:46:10.027	'1809640': modify order #45724551 sell 0.01 EURUSD at 1.09269 sl: 1.09696 tp: 1.08430 -> sl: 1.09696 tp: 1.08327
0	13:46:11.033	'1809640': order #45724551 sell 0.01 EURUSD at 1.09269 was modified -> sl: 1.09696 tp: 1.08327
0	13:46:11.033	'1809640': modify order #45730306 sell 0.01 EURUSD at 1.09147 sl: 1.09570 tp: 1.08430 -> sl: 1.09570 tp: 1.08326
0	13:46:11.487	'1809640': order #45730306 sell 0.01 EURUSD at 1.09147 was modified -> sl: 1.09570 tp: 1.08326
0	13:46:11.487	'1809640': modify order #45732456 sell 0.01 EURUSD at 1.08987 sl: 1.09408 tp: 1.08430 -> sl: 1.09408 tp: 1.08327
0	13:46:11.844	'1809640': order #45732456 sell 0.01 EURUSD at 1.08987 was modified -> sl: 1.09408 tp: 1.08327
0	13:46:11.844	'1809640': modify order #45733254 sell 0.01 EURUSD at 1.08889 sl: 1.09312 tp: 1.08431 -> sl: 1.09312 tp: 1.08327
0	13:46:12.230	'1809640': order #45733254 sell 0.01 EURUSD at 1.08889 was modified -> sl: 1.09312 tp: 1.08327
0	13:46:12.230	'1809640': modify order #45745422 sell 0.01 EURUSD at 1.09237 sl: 1.09661 tp: 1.08455 -> sl: 1.09661 tp: 1.08327
0	13:46:12.717	'1809640': order #45745422 sell 0.01 EURUSD at 1.09237 was modified -> sl: 1.09661 tp: 1.08327
0	13:47:33.604	'1809640': order #45689494 buy 0.01 EURUSD at 1.09129 closed due stop-loss at price 1.08705
0	13:47:52.330	'1809640': order #45723592 buy 0.01 EURUSD at 1.09088 closed due stop-loss at price 1.08679
0	13:47:57.483	'1809640': order #45686552 buy 0.01 EURUSD at 1.09068 closed due stop-loss at price 1.08648
0	13:48:09.894	'1809640': modify order #45724551 sell 0.01 EURUSD at 1.09269 sl: 1.09696 tp: 1.08327 -> sl: 1.09696 tp: 1.08231
0	13:48:10.647	'1809640': order #45724551 sell 0.01 EURUSD at 1.09269 was modified -> sl: 1.09696 tp: 1.08231
0	13:48:10.738	'1809640': modify order #45730306 sell 0.01 EURUSD at 1.09147 sl: 1.09570 tp: 1.08326 -> sl: 1.09570 tp: 1.08230
0	13:48:11.291	'1809640': order #45730306 sell 0.01 EURUSD at 1.09147 was modified -> sl: 1.09570 tp: 1.08230
0	13:48:11.518	'1809640': modify order #45732456 sell 0.01 EURUSD at 1.08987 sl: 1.09408 tp: 1.08327 -> sl: 1.09408 tp: 1.08234
0	13:48:12.037	'1809640': order #45732456 sell 0.01 EURUSD at 1.08987 was modified -> sl: 1.09408 tp: 1.08234
0	13:48:12.135	'1809640': modify order #45733254 sell 0.01 EURUSD at 1.08889 sl: 1.09312 tp: 1.08327 -> sl: 1.09312 tp: 1.08233
0	13:48:12.524	'1809640': order #45733254 sell 0.01 EURUSD at 1.08889 was modified -> sl: 1.09312 tp: 1.08233
0	13:48:12.556	'1809640': modify order #45745422 sell 0.01 EURUSD at 1.09237 sl: 1.09661 tp: 1.08327 -> sl: 1.09661 tp: 1.08234
0	13:48:12.983	'1809640': order #45745422 sell 0.01 EURUSD at 1.09237 was modified -> sl: 1.09661 tp: 1.08234
0	13:54:27.053	'1809640': modify order #45724551 sell 0.01 EURUSD at 1.09269 sl: 1.09696 tp: 1.08231 -> sl: 1.09696 tp: 1.08227
0	13:54:27.804	'1809640': order #45724551 sell 0.01 EURUSD at 1.09269 was modified -> sl: 1.09696 tp: 1.08227
0	13:54:27.804	'1809640': modify order #45730306 sell 0.01 EURUSD at 1.09147 sl: 1.09570 tp: 1.08230 -> sl: 1.09570 tp: 1.08228
0	13:54:28.453	'1809640': order #45730306 sell 0.01 EURUSD at 1.09147 was modified -> sl: 1.09570 tp: 1.08228
0	13:54:28.453	'1809640': modify order #45732456 sell 0.01 EURUSD at 1.08987 sl: 1.09408 tp: 1.08234 -> sl: 1.09408 tp: 1.08228
0	13:54:28.940	'1809640': order #45732456 sell 0.01 EURUSD at 1.08987 was modified -> sl: 1.09408 tp: 1.08228
0	13:54:28.972	'1809640': modify order #45733254 sell 0.01 EURUSD at 1.08889 sl: 1.09312 tp: 1.08233 -> sl: 1.09312 tp: 1.08228
0	13:54:29.329	'1809640': order #45733254 sell 0.01 EURUSD at 1.08889 was modified -> sl: 1.09312 tp: 1.08228
0	13:54:29.329	'1809640': modify order #45745422 sell 0.01 EURUSD at 1.09237 sl: 1.09661 tp: 1.08234 -> sl: 1.09661 tp: 1.08228
0	13:54:29.756	'1809640': order #45745422 sell 0.01 EURUSD at 1.09237 was modified -> sl: 1.09661 tp: 1.08228
0	13:58:36.806	'1809640': modify order #45724551 sell 0.01 EURUSD at 1.09269 sl: 1.09696 tp: 1.08227 -> sl: 1.09696 tp: 1.08200
0	13:58:37.589	'1809640': order #45724551 sell 0.01 EURUSD at 1.09269 was modified -> sl: 1.09696 tp: 1.08200
0	13:58:37.589	'1809640': modify order #45730306 sell 0.01 EURUSD at 1.09147 sl: 1.09570 tp: 1.08228 -> sl: 1.09570 tp: 1.08200
0	13:58:38.241	'1809640': order #45730306 sell 0.01 EURUSD at 1.09147 was modified -> sl: 1.09570 tp: 1.08200
0	13:58:38.241	'1809640': modify order #45732456 sell 0.01 EURUSD at 1.08987 sl: 1.09408 tp: 1.08228 -> sl: 1.09408 tp: 1.08198
0	13:58:38.663	'1809640': order #45732456 sell 0.01 EURUSD at 1.08987 was modified -> sl: 1.09408 tp: 1.08198
0	13:58:38.663	'1809640': modify order #45733254 sell 0.01 EURUSD at 1.08889 sl: 1.09312 tp: 1.08228 -> sl: 1.09312 tp: 1.08200
0	13:58:39.218	'1809640': order #45733254 sell 0.01 EURUSD at 1.08889 was modified -> sl: 1.09312 tp: 1.08200
0	13:58:39.218	'1809640': modify order #45745422 sell 0.01 EURUSD at 1.09237 sl: 1.09661 tp: 1.08228 -> sl: 1.09661 tp: 1.08199
0	13:58:39.639	'1809640': order #45745422 sell 0.01 EURUSD at 1.09237 was modified -> sl: 1.09661 tp: 1.08199
0	14:00:01.810	'1809640': order #45721410 buy 0.01 EURUSD at 1.09032 closed due stop-loss at price 1.08616
0	14:00:38.622	'1809640': order #45738957 buy 0.01 EURUSD at 1.09019 closed due stop-loss at price 1.08598
0	14:02:37.059	'1809640': modify order #45724551 sell 0.01 EURUSD at 1.09269 sl: 1.09696 tp: 1.08200 -> sl: 1.09696 tp: 1.08197
0	14:02:37.352	'1809640': order #45724551 sell 0.01 EURUSD at 1.09269 was modified -> sl: 1.09696 tp: 1.08197
0	14:02:37.352	'1809640': modify order #45730306 sell 0.01 EURUSD at 1.09147 sl: 1.09570 tp: 1.08200 -> sl: 1.09570 tp: 1.08197
0	14:02:37.742	'1809640': order #45730306 sell 0.01 EURUSD at 1.09147 was modified -> sl: 1.09570 tp: 1.08197
0	14:02:37.742	'1809640': modify order #45733254 sell 0.01 EURUSD at 1.08889 sl: 1.09312 tp: 1.08200 -> sl: 1.09312 tp: 1.08198
0	14:02:38.164	'1809640': order #45733254 sell 0.01 EURUSD at 1.08889 was modified -> sl: 1.09312 tp: 1.08198
0	14:02:38.164	'1809640': modify order #45745422 sell 0.01 EURUSD at 1.09237 sl: 1.09661 tp: 1.08199 -> sl: 1.09661 tp: 1.08198
0	14:02:38.623	'1809640': order #45745422 sell 0.01 EURUSD at 1.09237 was modified -> sl: 1.09661 tp: 1.08198
0	14:12:13.309	'1809640': modify order #45724551 sell 0.01 EURUSD at 1.09269 sl: 1.09696 tp: 1.08197 -> sl: 1.09696 tp: 1.08106
0	14:12:13.957	'1809640': order #45724551 sell 0.01 EURUSD at 1.09269 was modified -> sl: 1.09696 tp: 1.08106
0	14:12:13.991	'1809640': modify order #45730306 sell 0.01 EURUSD at 1.09147 sl: 1.09570 tp: 1.08197 -> sl: 1.09570 tp: 1.08105
0	14:12:14.481	'1809640': order #45730306 sell 0.01 EURUSD at 1.09147 was modified -> sl: 1.09570 tp: 1.08105
0	14:12:14.546	'1809640': modify order #45732456 sell 0.01 EURUSD at 1.08987 sl: 1.09408 tp: 1.08198 -> sl: 1.09408 tp: 1.08110
0	14:12:14.969	'1809640': order #45732456 sell 0.01 EURUSD at 1.08987 was modified -> sl: 1.09408 tp: 1.08110
0	14:12:15.298	'1809640': modify order #45733254 sell 0.01 EURUSD at 1.08889 sl: 1.09312 tp: 1.08198 -> sl: 1.09312 tp: 1.08107
0	14:12:15.489	'1809640': order #45733254 sell 0.01 EURUSD at 1.08889 was modified -> sl: 1.09312 tp: 1.08107
0	14:12:15.521	'1809640': modify order #45745422 sell 0.01 EURUSD at 1.09237 sl: 1.09661 tp: 1.08198 -> sl: 1.09661 tp: 1.08107
0	14:12:15.846	'1809640': order #45745422 sell 0.01 EURUSD at 1.09237 was modified -> sl: 1.09661 tp: 1.08107
0	14:16:54.470	'1809640': modify order #45724551 sell 0.01 EURUSD at 1.09269 sl: 1.09696 tp: 1.08106 -> sl: 1.09696 tp: 1.08104
0	14:16:55.249	'1809640': order #45724551 sell 0.01 EURUSD at 1.09269 was modified -> sl: 1.09696 tp: 1.08104
0	14:16:55.249	'1809640': modify order #45730306 sell 0.01 EURUSD at 1.09147 sl: 1.09570 tp: 1.08105 -> sl: 1.09570 tp: 1.08104
0	14:16:55.700	'1809640': order #45730306 sell 0.01 EURUSD at 1.09147 was modified -> sl: 1.09570 tp: 1.08104
0	14:16:55.835	'1809640': modify order #45732456 sell 0.01 EURUSD at 1.08987 sl: 1.09408 tp: 1.08110 -> sl: 1.09408 tp: 1.08104
0	14:16:56.257	'1809640': order #45732456 sell 0.01 EURUSD at 1.08987 was modified -> sl: 1.09408 tp: 1.08104
0	14:16:56.257	'1809640': modify order #45733254 sell 0.01 EURUSD at 1.08889 sl: 1.09312 tp: 1.08107 -> sl: 1.09312 tp: 1.08104
0	14:16:56.711	'1809640': order #45733254 sell 0.01 EURUSD at 1.08889 was modified -> sl: 1.09312 tp: 1.08104
0	14:16:56.744	'1809640': modify order #45745422 sell 0.01 EURUSD at 1.09237 sl: 1.09661 tp: 1.08107 -> sl: 1.09661 tp: 1.08104
0	14:16:57.231	'1809640': order #45745422 sell 0.01 EURUSD at 1.09237 was modified -> sl: 1.09661 tp: 1.08104
0	14:20:57.310	'1809640': order #45722924 buy 0.01 EURUSD at 1.08935 closed due stop-loss at price 1.08519
0	14:31:07.309	'1809640': modify order #45724551 sell 0.01 EURUSD at 1.09269 sl: 1.09696 tp: 1.08104 -> sl: 1.09696 tp: 1.08097
0	14:31:07.503	'1809640': order #45724551 sell 0.01 EURUSD at 1.09269 was modified -> sl: 1.09696 tp: 1.08097
0	14:31:07.503	'1809640': modify order #45730306 sell 0.01 EURUSD at 1.09147 sl: 1.09570 tp: 1.08104 -> sl: 1.09570 tp: 1.08097
0	14:31:07.893	'1809640': order #45730306 sell 0.01 EURUSD at 1.09147 was modified -> sl: 1.09570 tp: 1.08097
0	14:31:07.893	'1809640': modify order #45732456 sell 0.01 EURUSD at 1.08987 sl: 1.09408 tp: 1.08104 -> sl: 1.09408 tp: 1.08097
0	14:31:08.289	'1809640': order #45732456 sell 0.01 EURUSD at 1.08987 was modified -> sl: 1.09408 tp: 1.08097
0	14:31:08.289	'1809640': modify order #45733254 sell 0.01 EURUSD at 1.08889 sl: 1.09312 tp: 1.08104 -> sl: 1.09312 tp: 1.08097
0	14:31:08.644	'1809640': order #45733254 sell 0.01 EURUSD at 1.08889 was modified -> sl: 1.09312 tp: 1.08097
0	14:31:08.644	'1809640': modify order #45745422 sell 0.01 EURUSD at 1.09237 sl: 1.09661 tp: 1.08104 -> sl: 1.09661 tp: 1.08096
0	14:31:09.132	'1809640': order #45745422 sell 0.01 EURUSD at 1.09237 was modified -> sl: 1.09661 tp: 1.08096
0	14:33:22.242	'1809640': modify order #45724551 sell 0.01 EURUSD at 1.09269 sl: 1.09696 tp: 1.08097 -> sl: 1.09696 tp: 1.08062
0	14:33:22.830	'1809640': order #45724551 sell 0.01 EURUSD at 1.09269 was modified -> sl: 1.09696 tp: 1.08062
0	14:33:22.830	'1809640': modify order #45730306 sell 0.01 EURUSD at 1.09147 sl: 1.09570 tp: 1.08097 -> sl: 1.09570 tp: 1.08062
0	14:33:23.258	'1809640': order #45730306 sell 0.01 EURUSD at 1.09147 was modified -> sl: 1.09570 tp: 1.08062
0	14:33:23.258	'1809640': modify order #45732456 sell 0.01 EURUSD at 1.08987 sl: 1.09408 tp: 1.08097 -> sl: 1.09408 tp: 1.08061
0	14:33:23.679	'1809640': order #45732456 sell 0.01 EURUSD at 1.08987 was modified -> sl: 1.09408 tp: 1.08061
0	14:33:23.711	'1809640': modify order #45733254 sell 0.01 EURUSD at 1.08889 sl: 1.09312 tp: 1.08097 -> sl: 1.09312 tp: 1.08061
0	14:33:24.161	'1809640': order #45733254 sell 0.01 EURUSD at 1.08889 was modified -> sl: 1.09312 tp: 1.08061
0	14:33:24.259	'1809640': modify order #45745422 sell 0.01 EURUSD at 1.09237 sl: 1.09661 tp: 1.08096 -> sl: 1.09661 tp: 1.08061
0	14:33:24.677	'1809640': order #45745422 sell 0.01 EURUSD at 1.09237 was modified -> sl: 1.09661 tp: 1.08061
0	14:37:08.827	'1809640': modify order #45724551 sell 0.01 EURUSD at 1.09269 sl: 1.09696 tp: 1.08062 -> sl: 1.09696 tp: 1.08029
0	14:37:09.253	'1809640': order #45724551 sell 0.01 EURUSD at 1.09269 was modified -> sl: 1.09696 tp: 1.08029
0	14:37:09.253	'1809640': modify order #45730306 sell 0.01 EURUSD at 1.09147 sl: 1.09570 tp: 1.08062 -> sl: 1.09570 tp: 1.08028
0	14:37:10.066	'1809640': order #45730306 sell 0.01 EURUSD at 1.09147 was modified -> sl: 1.09570 tp: 1.08028
0	14:37:10.066	'1809640': modify order #45732456 sell 0.01 EURUSD at 1.08987 sl: 1.09408 tp: 1.08061 -> sl: 1.09408 tp: 1.08028
0	14:37:10.581	'1809640': order #45732456 sell 0.01 EURUSD at 1.08987 was modified -> sl: 1.09408 tp: 1.08028
0	14:37:10.581	'1809640': modify order #45733254 sell 0.01 EURUSD at 1.08889 sl: 1.09312 tp: 1.08061 -> sl: 1.09312 tp: 1.08028
0	14:37:10.931	'1809640': order #45733254 sell 0.01 EURUSD at 1.08889 was modified -> sl: 1.09312 tp: 1.08028
0	14:37:10.931	'1809640': modify order #45745422 sell 0.01 EURUSD at 1.09237 sl: 1.09661 tp: 1.08061 -> sl: 1.09661 tp: 1.08029
0	14:37:11.442	'1809640': order #45745422 sell 0.01 EURUSD at 1.09237 was modified -> sl: 1.09661 tp: 1.08029
0	14:42:08.582	'1809640': modify order #45724551 sell 0.01 EURUSD at 1.09269 sl: 1.09696 tp: 1.08029 -> sl: 1.09696 tp: 1.08011
0	14:42:09.070	'1809640': order #45724551 sell 0.01 EURUSD at 1.09269 was modified -> sl: 1.09696 tp: 1.08011
0	14:42:09.070	'1809640': modify order #45730306 sell 0.01 EURUSD at 1.09147 sl: 1.09570 tp: 1.08028 -> sl: 1.09570 tp: 1.08009
0	14:42:09.528	'1809640': order #45730306 sell 0.01 EURUSD at 1.09147 was modified -> sl: 1.09570 tp: 1.08009
0	14:42:09.528	'1809640': modify order #45732456 sell 0.01 EURUSD at 1.08987 sl: 1.09408 tp: 1.08028 -> sl: 1.09408 tp: 1.08009
0	14:42:09.942	'1809640': order #45732456 sell 0.01 EURUSD at 1.08987 was modified -> sl: 1.09408 tp: 1.08009
0	14:42:09.942	'1809640': modify order #45733254 sell 0.01 EURUSD at 1.08889 sl: 1.09312 tp: 1.08028 -> sl: 1.09312 tp: 1.08010
0	14:42:10.336	'1809640': order #45733254 sell 0.01 EURUSD at 1.08889 was modified -> sl: 1.09312 tp: 1.08010
0	14:42:10.336	'1809640': modify order #45745422 sell 0.01 EURUSD at 1.09237 sl: 1.09661 tp: 1.08029 -> sl: 1.09661 tp: 1.08010
0	14:42:10.758	'1809640': order #45745422 sell 0.01 EURUSD at 1.09237 was modified -> sl: 1.09661 tp: 1.08010
0	14:44:39.670	'1809640': modify order #45724551 sell 0.01 EURUSD at 1.09269 sl: 1.09696 tp: 1.08011 -> sl: 1.09696 tp: 1.07916
0	14:44:40.836	'1809640': order #45724551 sell 0.01 EURUSD at 1.09269 was modified -> sl: 1.09696 tp: 1.07916
0	14:44:40.867	'1809640': modify order #45730306 sell 0.01 EURUSD at 1.09147 sl: 1.09570 tp: 1.08009 -> sl: 1.09570 tp: 1.07915
0	14:44:41.451	'1809640': order #45730306 sell 0.01 EURUSD at 1.09147 was modified -> sl: 1.09570 tp: 1.07915
0	14:44:41.451	'1809640': modify order #45732456 sell 0.01 EURUSD at 1.08987 sl: 1.09408 tp: 1.08009 -> sl: 1.09408 tp: 1.07915
0	14:44:41.845	'1809640': order #45732456 sell 0.01 EURUSD at 1.08987 was modified -> sl: 1.09408 tp: 1.07915
0	14:44:41.845	'1809640': modify order #45733254 sell 0.01 EURUSD at 1.08889 sl: 1.09312 tp: 1.08010 -> sl: 1.09312 tp: 1.07914
0	14:44:42.300	'1809640': order #45733254 sell 0.01 EURUSD at 1.08889 was modified -> sl: 1.09312 tp: 1.07914
0	14:44:42.300	'1809640': modify order #45745422 sell 0.01 EURUSD at 1.09237 sl: 1.09661 tp: 1.08010 -> sl: 1.09661 tp: 1.07915
0	14:44:42.689	'1809640': order #45745422 sell 0.01 EURUSD at 1.09237 was modified -> sl: 1.09661 tp: 1.07915
0	14:47:55.300	'1809640': modify order #45724551 sell 0.01 EURUSD at 1.09269 sl: 1.09696 tp: 1.07916 -> sl: 1.09696 tp: 1.07905
0	14:47:57.346	'1809640': order #45724551 sell 0.01 EURUSD at 1.09269 was modified -> sl: 1.09696 tp: 1.07905
0	14:47:57.346	'1809640': modify order #45730306 sell 0.01 EURUSD at 1.09147 sl: 1.09570 tp: 1.07915 -> sl: 1.09570 tp: 1.07904
0	14:47:57.736	'1809640': order #45730306 sell 0.01 EURUSD at 1.09147 was modified -> sl: 1.09570 tp: 1.07904
0	14:47:57.736	'1809640': modify order #45732456 sell 0.01 EURUSD at 1.08987 sl: 1.09408 tp: 1.07915 -> sl: 1.09408 tp: 1.07905
0	14:47:58.251	'1809640': order #45732456 sell 0.01 EURUSD at 1.08987 was modified -> sl: 1.09408 tp: 1.07905
0	14:47:58.251	'1809640': modify order #45733254 sell 0.01 EURUSD at 1.08889 sl: 1.09312 tp: 1.07914 -> sl: 1.09312 tp: 1.07906
0	14:47:58.677	'1809640': order #45733254 sell 0.01 EURUSD at 1.08889 was modified -> sl: 1.09312 tp: 1.07906
0	14:47:58.677	'1809640': modify order #45745422 sell 0.01 EURUSD at 1.09237 sl: 1.09661 tp: 1.07915 -> sl: 1.09661 tp: 1.07905
0	14:47:58.868	'1809640': order #45745422 sell 0.01 EURUSD at 1.09237 was modified -> sl: 1.09661 tp: 1.07905
0	15:08:42.576	'1809640': modify order #45733254 sell 0.01 EURUSD at 1.08889 sl: 1.09312 tp: 1.07906 -> sl: 1.09312 tp: 1.07905
0	15:08:43.030	'1809640': order #45733254 sell 0.01 EURUSD at 1.08889 was modified -> sl: 1.09312 tp: 1.07905
0	15:11:15.713	'1809640': modify order #45724551 sell 0.01 EURUSD at 1.09269 sl: 1.09696 tp: 1.07905 -> sl: 1.09696 tp: 1.07870
0	15:11:16.362	'1809640': order #45724551 sell 0.01 EURUSD at 1.09269 was modified -> sl: 1.09696 tp: 1.07870
0	15:11:16.362	'1809640': modify order #45730306 sell 0.01 EURUSD at 1.09147 sl: 1.09570 tp: 1.07904 -> sl: 1.09570 tp: 1.07869
0	15:11:16.821	'1809640': order #45730306 sell 0.01 EURUSD at 1.09147 was modified -> sl: 1.09570 tp: 1.07869
0	15:11:16.821	'1809640': modify order #45732456 sell 0.01 EURUSD at 1.08987 sl: 1.09408 tp: 1.07905 -> sl: 1.09408 tp: 1.07869
0	15:11:17.536	'1809640': order #45732456 sell 0.01 EURUSD at 1.08987 was modified -> sl: 1.09408 tp: 1.07869
0	15:11:17.536	'1809640': modify order #45733254 sell 0.01 EURUSD at 1.08889 sl: 1.09312 tp: 1.07905 -> sl: 1.09312 tp: 1.07869
0	15:11:17.897	'1809640': order #45733254 sell 0.01 EURUSD at 1.08889 was modified -> sl: 1.09312 tp: 1.07869
0	15:11:17.897	'1809640': modify order #45745422 sell 0.01 EURUSD at 1.09237 sl: 1.09661 tp: 1.07905 -> sl: 1.09661 tp: 1.07870
0	15:11:18.352	'1809640': order #45745422 sell 0.01 EURUSD at 1.09237 was modified -> sl: 1.09661 tp: 1.07870
0	15:18:50.410	'1809640': modify order #45724551 sell 0.01 EURUSD at 1.09269 sl: 1.09696 tp: 1.07870 -> sl: 1.09696 tp: 1.07832
0	15:18:50.931	'1809640': order #45724551 sell 0.01 EURUSD at 1.09269 was modified -> sl: 1.09696 tp: 1.07832
0	15:18:50.931	'1809640': modify order #45730306 sell 0.01 EURUSD at 1.09147 sl: 1.09570 tp: 1.07869 -> sl: 1.09570 tp: 1.07833
0	15:18:51.481	'1809640': order #45730306 sell 0.01 EURUSD at 1.09147 was modified -> sl: 1.09570 tp: 1.07833
0	15:18:51.481	'1809640': modify order #45732456 sell 0.01 EURUSD at 1.08987 sl: 1.09408 tp: 1.07869 -> sl: 1.09408 tp: 1.07832
0	15:18:51.874	'1809640': order #45732456 sell 0.01 EURUSD at 1.08987 was modified -> sl: 1.09408 tp: 1.07832
0	15:18:51.874	'1809640': modify order #45733254 sell 0.01 EURUSD at 1.08889 sl: 1.09312 tp: 1.07869 -> sl: 1.09312 tp: 1.07832
0	15:18:52.230	'1809640': order #45733254 sell 0.01 EURUSD at 1.08889 was modified -> sl: 1.09312 tp: 1.07832
0	15:18:52.230	'1809640': modify order #45745422 sell 0.01 EURUSD at 1.09237 sl: 1.09661 tp: 1.07870 -> sl: 1.09661 tp: 1.07833
0	15:18:52.962	'1809640': order #45745422 sell 0.01 EURUSD at 1.09237 was modified -> sl: 1.09661 tp: 1.07833
0	15:20:32.674	'1809640': order #45627991 buy 0.01 EURUSD at 1.08693 closed due stop-loss at price 1.08252
0	15:21:42.410	'1809640': modify order #45724551 sell 0.01 EURUSD at 1.09269 sl: 1.09696 tp: 1.07832 -> sl: 1.09696 tp: 1.07826
0	15:21:42.929	'1809640': order #45724551 sell 0.01 EURUSD at 1.09269 was modified -> sl: 1.09696 tp: 1.07826
0	15:21:43.059	'1809640': modify order #45730306 sell 0.01 EURUSD at 1.09147 sl: 1.09570 tp: 1.07833 -> sl: 1.09570 tp: 1.07826
0	15:21:43.449	'1809640': order #45730306 sell 0.01 EURUSD at 1.09147 was modified -> sl: 1.09570 tp: 1.07826
0	15:21:43.514	'1809640': modify order #45732456 sell 0.01 EURUSD at 1.08987 sl: 1.09408 tp: 1.07832 -> sl: 1.09408 tp: 1.07826
0	15:21:43.839	'1809640': order #45732456 sell 0.01 EURUSD at 1.08987 was modified -> sl: 1.09408 tp: 1.07826
0	15:21:43.839	'1809640': modify order #45733254 sell 0.01 EURUSD at 1.08889 sl: 1.09312 tp: 1.07832 -> sl: 1.09312 tp: 1.07829
0	15:21:44.423	'1809640': order #45733254 sell 0.01 EURUSD at 1.08889 was modified -> sl: 1.09312 tp: 1.07829
0	15:21:44.488	'1809640': modify order #45745422 sell 0.01 EURUSD at 1.09237 sl: 1.09661 tp: 1.07833 -> sl: 1.09661 tp: 1.07826
0	15:21:44.845	'1809640': order #45745422 sell 0.01 EURUSD at 1.09237 was modified -> sl: 1.09661 tp: 1.07826
0	15:43:52.374	'1809640': modify order #45724551 sell 0.01 EURUSD at 1.09269 sl: 1.09696 tp: 1.07826 -> sl: 1.09696 tp: 1.07760
0	15:43:53.575	'1809640': order #45724551 sell 0.01 EURUSD at 1.09269 was modified -> sl: 1.09696 tp: 1.07760
0	15:43:53.575	'1809640': modify order #45730306 sell 0.01 EURUSD at 1.09147 sl: 1.09570 tp: 1.07826 -> sl: 1.09570 tp: 1.07760
0	15:43:53.965	'1809640': order #45730306 sell 0.01 EURUSD at 1.09147 was modified -> sl: 1.09570 tp: 1.07760
0	15:43:54.030	'1809640': modify order #45732456 sell 0.01 EURUSD at 1.08987 sl: 1.09408 tp: 1.07826 -> sl: 1.09408 tp: 1.07759
0	15:43:54.420	'1809640': order #45732456 sell 0.01 EURUSD at 1.08987 was modified -> sl: 1.09408 tp: 1.07759
0	15:43:54.582	'1809640': modify order #45733254 sell 0.01 EURUSD at 1.08889 sl: 1.09312 tp: 1.07829 -> sl: 1.09312 tp: 1.07760
0	15:43:54.931	'1809640': order #45733254 sell 0.01 EURUSD at 1.08889 was modified -> sl: 1.09312 tp: 1.07760
0	15:43:55.029	'1809640': modify order #45745422 sell 0.01 EURUSD at 1.09237 sl: 1.09661 tp: 1.07826 -> sl: 1.09661 tp: 1.07761
0	15:43:55.483	'1809640': order #45745422 sell 0.01 EURUSD at 1.09237 was modified -> sl: 1.09661 tp: 1.07761
0	16:00:48.396	'1809640': modify order #45724551 sell 0.01 EURUSD at 1.09269 sl: 1.09696 tp: 1.07760 -> sl: 1.09696 tp: 1.07739
0	16:00:49.691	'1809640': order #45724551 sell 0.01 EURUSD at 1.09269 was modified -> sl: 1.09696 tp: 1.07739
0	16:00:49.691	'1809640': modify order #45730306 sell 0.01 EURUSD at 1.09147 sl: 1.09570 tp: 1.07760 -> sl: 1.09570 tp: 1.07740
0	16:00:50.213	'1809640': order #45730306 sell 0.01 EURUSD at 1.09147 was modified -> sl: 1.09570 tp: 1.07740
0	16:00:50.308	'1809640': modify order #45732456 sell 0.01 EURUSD at 1.08987 sl: 1.09408 tp: 1.07759 -> sl: 1.09408 tp: 1.07739
0	16:00:50.636	'1809640': order #45732456 sell 0.01 EURUSD at 1.08987 was modified -> sl: 1.09408 tp: 1.07739
0	16:00:50.636	'1809640': modify order #45733254 sell 0.01 EURUSD at 1.08889 sl: 1.09312 tp: 1.07760 -> sl: 1.09312 tp: 1.07742
0	16:00:51.091	'1809640': order #45733254 sell 0.01 EURUSD at 1.08889 was modified -> sl: 1.09312 tp: 1.07742
0	16:00:51.091	'1809640': modify order #45745422 sell 0.01 EURUSD at 1.09237 sl: 1.09661 tp: 1.07761 -> sl: 1.09661 tp: 1.07742
0	16:00:51.513	'1809640': order #45745422 sell 0.01 EURUSD at 1.09237 was modified -> sl: 1.09661 tp: 1.07742
0	16:09:02.835	'1809640': modify order #45724551 sell 0.01 EURUSD at 1.09269 sl: 1.09696 tp: 1.07739 -> sl: 1.09696 tp: 1.07722
0	16:09:03.716	'1809640': order #45724551 sell 0.01 EURUSD at 1.09269 was modified -> sl: 1.09696 tp: 1.07722
0	16:09:03.716	'1809640': modify order #45730306 sell 0.01 EURUSD at 1.09147 sl: 1.09570 tp: 1.07740 -> sl: 1.09570 tp: 1.07721
0	16:09:04.073	'1809640': order #45730306 sell 0.01 EURUSD at 1.09147 was modified -> sl: 1.09570 tp: 1.07721
0	16:09:04.073	'1809640': modify order #45732456 sell 0.01 EURUSD at 1.08987 sl: 1.09408 tp: 1.07739 -> sl: 1.09408 tp: 1.07722
0	16:09:04.495	'1809640': order #45732456 sell 0.01 EURUSD at 1.08987 was modified -> sl: 1.09408 tp: 1.07722
0	16:09:04.495	'1809640': modify order #45733254 sell 0.01 EURUSD at 1.08889 sl: 1.09312 tp: 1.07742 -> sl: 1.09312 tp: 1.07721
0	16:09:04.982	'1809640': order #45733254 sell 0.01 EURUSD at 1.08889 was modified -> sl: 1.09312 tp: 1.07721
0	16:09:04.982	'1809640': modify order #45745422 sell 0.01 EURUSD at 1.09237 sl: 1.09661 tp: 1.07742 -> sl: 1.09661 tp: 1.07724
0	16:09:05.441	'1809640': order #45745422 sell 0.01 EURUSD at 1.09237 was modified -> sl: 1.09661 tp: 1.07724
0	16:14:11.771	'1809640': modify order #45724551 sell 0.01 EURUSD at 1.09269 sl: 1.09696 tp: 1.07722 -> sl: 1.09696 tp: 1.07721
0	16:14:12.582	'1809640': order #45724551 sell 0.01 EURUSD at 1.09269 was modified -> sl: 1.09696 tp: 1.07721
0	16:14:12.582	'1809640': modify order #45745422 sell 0.01 EURUSD at 1.09237 sl: 1.09661 tp: 1.07724 -> sl: 1.09661 tp: 1.07723
0	16:14:12.940	'1809640': order #45745422 sell 0.01 EURUSD at 1.09237 was modified -> sl: 1.09661 tp: 1.07723
0	16:16:15.313	'1809640': modify order #45724551 sell 0.01 EURUSD at 1.09269 sl: 1.09696 tp: 1.07721 -> sl: 1.09696 tp: 1.07691
0	16:16:15.964	'1809640': order #45724551 sell 0.01 EURUSD at 1.09269 was modified -> sl: 1.09696 tp: 1.07691
0	16:16:15.996	'1809640': modify order #45730306 sell 0.01 EURUSD at 1.09147 sl: 1.09570 tp: 1.07721 -> sl: 1.09570 tp: 1.07691
0	16:16:16.450	'1809640': order #45730306 sell 0.01 EURUSD at 1.09147 was modified -> sl: 1.09570 tp: 1.07691
0	16:16:16.450	'1809640': modify order #45732456 sell 0.01 EURUSD at 1.08987 sl: 1.09408 tp: 1.07722 -> sl: 1.09408 tp: 1.07691
0	16:16:16.840	'1809640': order #45732456 sell 0.01 EURUSD at 1.08987 was modified -> sl: 1.09408 tp: 1.07691
0	16:16:16.840	'1809640': modify order #45733254 sell 0.01 EURUSD at 1.08889 sl: 1.09312 tp: 1.07721 -> sl: 1.09312 tp: 1.07691
0	16:16:17.328	'1809640': order #45733254 sell 0.01 EURUSD at 1.08889 was modified -> sl: 1.09312 tp: 1.07691
0	16:16:17.328	'1809640': modify order #45745422 sell 0.01 EURUSD at 1.09237 sl: 1.09661 tp: 1.07723 -> sl: 1.09661 tp: 1.07692
0	16:16:17.880	'1809640': order #45745422 sell 0.01 EURUSD at 1.09237 was modified -> sl: 1.09661 tp: 1.07692
0	16:35:53.138	'1809640': modify order #45724551 sell 0.01 EURUSD at 1.09269 sl: 1.09696 tp: 1.07691 -> sl: 1.09696 tp: 1.07672
0	16:35:53.722	'1809640': order #45724551 sell 0.01 EURUSD at 1.09269 was modified -> sl: 1.09696 tp: 1.07672
0	16:35:53.758	'1809640': modify order #45730306 sell 0.01 EURUSD at 1.09147 sl: 1.09570 tp: 1.07691 -> sl: 1.09570 tp: 1.07672
0	16:35:54.018	'1809640': order #45730306 sell 0.01 EURUSD at 1.09147 was modified -> sl: 1.09570 tp: 1.07672
0	16:35:54.018	'1809640': modify order #45732456 sell 0.01 EURUSD at 1.08987 sl: 1.09408 tp: 1.07691 -> sl: 1.09408 tp: 1.07672
0	16:35:54.273	'1809640': order #45732456 sell 0.01 EURUSD at 1.08987 was modified -> sl: 1.09408 tp: 1.07672
0	16:35:54.273	'1809640': modify order #45733254 sell 0.01 EURUSD at 1.08889 sl: 1.09312 tp: 1.07691 -> sl: 1.09312 tp: 1.07672
0	16:35:54.594	'1809640': order #45733254 sell 0.01 EURUSD at 1.08889 was modified -> sl: 1.09312 tp: 1.07672
0	16:35:54.594	'1809640': modify order #45745422 sell 0.01 EURUSD at 1.09237 sl: 1.09661 tp: 1.07692 -> sl: 1.09661 tp: 1.07671
0	16:35:54.951	'1809640': order #45745422 sell 0.01 EURUSD at 1.09237 was modified -> sl: 1.09661 tp: 1.07671
