0	07:14:50.609	'1809640': order #45491355 buy 0.01 EURUSD at 1.08608 closed due stop-loss at price 1.08198
0	07:16:45.155	'1809640': order sell market 0.01 EURUSD sl: 1.08629 tp: 1.08107
0	07:16:47.201	'1809640': order was opened : #45511222 sell 0.01 EURUSD at 1.08218 sl: 1.08629 tp: 1.08107
0	07:22:33.095	'1809640': modify order #45511222 sell 0.01 EURUSD at 1.08218 sl: 1.08629 tp: 1.08107 -> sl: 1.08629 tp: 1.08092
0	07:22:33.744	'1809640': order #45511222 sell 0.01 EURUSD at 1.08218 was modified -> sl: 1.08629 tp: 1.08092
0	07:26:02.159	'1809640': modify order #45511222 sell 0.01 EURUSD at 1.08218 sl: 1.08629 tp: 1.08092 -> sl: 1.08629 tp: 1.08088
0	07:26:03.105	'1809640': order #45511222 sell 0.01 EURUSD at 1.08218 was modified -> sl: 1.08629 tp: 1.08088
0	07:37:37.194	'1809640': modify order #45511222 sell 0.01 EURUSD at 1.08218 sl: 1.08629 tp: 1.08088 -> sl: 1.08629 tp: 1.08075
0	07:37:37.584	'1809640': order #45511222 sell 0.01 EURUSD at 1.08218 was modified -> sl: 1.08629 tp: 1.08075
0	07:43:31.936	'1809640': modify order #45511222 sell 0.01 EURUSD at 1.08218 sl: 1.08629 tp: 1.08075 -> sl: 1.08629 tp: 1.08072
0	07:43:32.651	'1809640': order #45511222 sell 0.01 EURUSD at 1.08218 was modified -> sl: 1.08629 tp: 1.08072
0	07:46:12.762	'1809640': modify order #45511222 sell 0.01 EURUSD at 1.08218 sl: 1.08629 tp: 1.08072 -> sl: 1.08629 tp: 1.08060
0	07:46:13.800	'1809640': order #45511222 sell 0.01 EURUSD at 1.08218 was modified -> sl: 1.08629 tp: 1.08060
0	09:12:45.735	'1809640': order #45511222 sell 0.01 EURUSD at 1.08218 closed due stop-loss at price 1.08629
0	09:15:37.092	'1809640': order buy market 0.01 EURUSD sl: 1.08137 tp: 1.08697
0	09:15:38.892	'1809640': order was opened : #45516635 buy 0.01 EURUSD at 1.08560 sl: 1.08137 tp: 1.08697
0	09:20:28.432	'1809640': modify order #45516635 buy 0.01 EURUSD at 1.08560 sl: 1.08137 tp: 1.08697 -> sl: 1.08137 tp: 1.08711
0	09:20:29.966	'1809640': order #45516635 buy 0.01 EURUSD at 1.08560 was modified -> sl: 1.08137 tp: 1.08711
0	09:23:57.712	'1809640': modify order #45516635 buy 0.01 EURUSD at 1.08560 sl: 1.08137 tp: 1.08711 -> sl: 1.08137 tp: 1.08721
0	09:23:58.500	'1809640': order #45516635 buy 0.01 EURUSD at 1.08560 was modified -> sl: 1.08137 tp: 1.08721
0	12:30:23.995	'1809640': order #45516635 buy 0.01 EURUSD at 1.08560 closed due stop-loss at price 1.08137
0	12:32:20.672	'1809640': order sell market 0.01 EURUSD sl: 1.08570 tp: 1.08077
0	12:32:22.656	'1809640': order was opened : #45523588 sell 0.01 EURUSD at 1.08149 sl: 1.08570 tp: 1.08077
0	12:41:46.683	'1809640': modify order #45523588 sell 0.01 EURUSD at 1.08149 sl: 1.08570 tp: 1.08077 -> sl: 1.08570 tp: 1.08071
0	12:41:47.365	'1809640': order #45523588 sell 0.01 EURUSD at 1.08149 was modified -> sl: 1.08570 tp: 1.08071
1	12:42:48.285	'1809640': connect failed [No connection]
0	12:43:17.429	'1809640': login on Tripleafx-FX-Demo through FX-Demo-01
0	12:43:30.429	'1809640': ping to current access point FX-Demo-01 is 109.04 ms
1	12:44:16.371	MQL4 Market: failed to load products
0	12:53:49.004	'1809640': modify order #45523588 sell 0.01 EURUSD at 1.08149 sl: 1.08570 tp: 1.08071 -> sl: 1.08570 tp: 1.08069
0	12:53:51.500	'1809640': order #45523588 sell 0.01 EURUSD at 1.08149 was modified -> sl: 1.08570 tp: 1.08069
0	13:10:44.945	'1809640': order #45523588 sell 0.01 EURUSD at 1.08149 closed due take-profit at price 1.08069
0	13:18:31.106	'1809640': order buy market 0.01 EURUSD sl: 1.07676 tp: 1.08535
0	13:18:32.208	'1809640': order was opened : #45525790 buy 0.01 EURUSD at 1.08095 sl: 1.07676 tp: 1.08535
0	13:18:43.438	'1809640': modify order #45525790 buy 0.01 EURUSD at 1.08095 sl: 1.07676 tp: 1.08535 -> sl: 1.07676 tp: 1.08540
0	13:18:44.125	'1809640': order #45525790 buy 0.01 EURUSD at 1.08095 was modified -> sl: 1.07676 tp: 1.08540
0	13:22:12.718	'1809640': modify order #45525790 buy 0.01 EURUSD at 1.08095 sl: 1.07676 tp: 1.08540 -> sl: 1.07676 tp: 1.08584
0	13:22:13.339	'1809640': order #45525790 buy 0.01 EURUSD at 1.08095 was modified -> sl: 1.07676 tp: 1.08584
0	13:24:30.615	'1809640': modify order #45525790 buy 0.01 EURUSD at 1.08095 sl: 1.07676 tp: 1.08584 -> sl: 1.07676 tp: 1.08599
0	13:24:31.296	'1809640': order #45525790 buy 0.01 EURUSD at 1.08095 was modified -> sl: 1.07676 tp: 1.08599
0	13:41:26.740	'1809640': order #45478204 buy 0.01 EURUSD at 1.08463 closed due stop-loss at price 1.08017
0	13:47:44.512	'1809640': order #45477973 buy 0.01 EURUSD at 1.08427 closed due stop-loss at price 1.07993
0	13:48:40.774	'1809640': order buy market 0.01 EURUSD sl: 1.07557 tp: 1.08418
0	13:48:41.521	'1809640': order was opened : #45527161 buy 0.01 EURUSD at 1.07978 sl: 1.07557 tp: 1.08418
0	13:53:43.259	'1809640': modify order #45527161 buy 0.01 EURUSD at 1.07978 sl: 1.07557 tp: 1.08418 -> sl: 1.07557 tp: 1.08451
0	13:53:43.811	'1809640': order #45527161 buy 0.01 EURUSD at 1.07978 was modified -> sl: 1.07557 tp: 1.08451
0	13:56:39.486	'1809640': order buy market 0.01 EURUSD sl: 1.07670 tp: 1.08530
0	13:56:39.940	'1809640': order was opened : #45527800 buy 0.01 EURUSD at 1.08082 sl: 1.07670 tp: 1.08530
0	13:58:15.790	'1809640': modify order #45527161 buy 0.01 EURUSD at 1.07978 sl: 1.07557 tp: 1.08451 -> sl: 1.07557 tp: 1.08572
0	13:58:16.671	'1809640': order #45527161 buy 0.01 EURUSD at 1.07978 was modified -> sl: 1.07557 tp: 1.08572
0	13:58:16.768	'1809640': modify order #45527800 buy 0.01 EURUSD at 1.08082 sl: 1.07670 tp: 1.08530 -> sl: 1.07670 tp: 1.08571
0	13:58:17.288	'1809640': order #45527800 buy 0.01 EURUSD at 1.08082 was modified -> sl: 1.07670 tp: 1.08571
0	14:01:46.265	'1809640': modify order #45527161 buy 0.01 EURUSD at 1.07978 sl: 1.07557 tp: 1.08572 -> sl: 1.07557 tp: 1.08574
0	14:01:46.622	'1809640': order #45527161 buy 0.01 EURUSD at 1.07978 was modified -> sl: 1.07557 tp: 1.08574
0	14:01:46.622	'1809640': modify order #45527800 buy 0.01 EURUSD at 1.08082 sl: 1.07670 tp: 1.08571 -> sl: 1.07670 tp: 1.08574
0	14:01:47.012	'1809640': order #45527800 buy 0.01 EURUSD at 1.08082 was modified -> sl: 1.07670 tp: 1.08574
0	14:04:49.180	'1809640': modify order #45525790 buy 0.01 EURUSD at 1.08095 sl: 1.07676 tp: 1.08599 -> sl: 1.07676 tp: 1.08605
0	14:04:50.093	'1809640': order #45525790 buy 0.01 EURUSD at 1.08095 was modified -> sl: 1.07676 tp: 1.08605
0	14:04:50.093	'1809640': modify order #45527161 buy 0.01 EURUSD at 1.07978 sl: 1.07557 tp: 1.08574 -> sl: 1.07557 tp: 1.08604
0	14:04:50.414	'1809640': order #45527161 buy 0.01 EURUSD at 1.07978 was modified -> sl: 1.07557 tp: 1.08604
0	14:04:50.414	'1809640': modify order #45527800 buy 0.01 EURUSD at 1.08082 sl: 1.07670 tp: 1.08574 -> sl: 1.07670 tp: 1.08603
0	14:04:50.837	'1809640': order #45527800 buy 0.01 EURUSD at 1.08082 was modified -> sl: 1.07670 tp: 1.08603
0	14:28:05.150	'1809640': modify order #45525790 buy 0.01 EURUSD at 1.08095 sl: 1.07676 tp: 1.08605 -> sl: 1.07676 tp: 1.08614
0	14:28:05.738	'1809640': order #45525790 buy 0.01 EURUSD at 1.08095 was modified -> sl: 1.07676 tp: 1.08614
0	14:28:05.772	'1809640': modify order #45527161 buy 0.01 EURUSD at 1.07978 sl: 1.07557 tp: 1.08604 -> sl: 1.07557 tp: 1.08612
0	14:28:06.160	'1809640': order #45527161 buy 0.01 EURUSD at 1.07978 was modified -> sl: 1.07557 tp: 1.08612
0	14:28:06.194	'1809640': modify order #45527800 buy 0.01 EURUSD at 1.08082 sl: 1.07670 tp: 1.08603 -> sl: 1.07670 tp: 1.08613
0	14:28:06.550	'1809640': order #45527800 buy 0.01 EURUSD at 1.08082 was modified -> sl: 1.07670 tp: 1.08613
0	14:37:41.082	'1809640': modify order #45525790 buy 0.01 EURUSD at 1.08095 sl: 1.07676 tp: 1.08614 -> sl: 1.07676 tp: 1.08670
0	14:37:41.569	'1809640': order #45525790 buy 0.01 EURUSD at 1.08095 was modified -> sl: 1.07676 tp: 1.08670
0	14:37:41.570	'1809640': modify order #45527161 buy 0.01 EURUSD at 1.07978 sl: 1.07557 tp: 1.08612 -> sl: 1.07557 tp: 1.08669
0	14:37:41.930	'1809640': order #45527161 buy 0.01 EURUSD at 1.07978 was modified -> sl: 1.07557 tp: 1.08669
0	14:37:41.930	'1809640': modify order #45527800 buy 0.01 EURUSD at 1.08082 sl: 1.07670 tp: 1.08613 -> sl: 1.07670 tp: 1.08671
0	14:37:42.352	'1809640': order #45527800 buy 0.01 EURUSD at 1.08082 was modified -> sl: 1.07670 tp: 1.08671
0	15:41:44.967	'1809640': modify order #45525790 buy 0.01 EURUSD at 1.08095 sl: 1.07676 tp: 1.08670 -> sl: 1.07676 tp: 1.08688
0	15:41:47.084	'1809640': order #45525790 buy 0.01 EURUSD at 1.08095 was modified -> sl: 1.07676 tp: 1.08688
0	15:41:47.540	'1809640': modify order #45527161 buy 0.01 EURUSD at 1.07978 sl: 1.07557 tp: 1.08669 -> sl: 1.07557 tp: 1.08687
0	15:41:47.829	'1809640': order #45527161 buy 0.01 EURUSD at 1.07978 was modified -> sl: 1.07557 tp: 1.08687
0	15:41:47.894	'1809640': modify order #45527800 buy 0.01 EURUSD at 1.08082 sl: 1.07670 tp: 1.08671 -> sl: 1.07670 tp: 1.08686
0	15:41:48.158	'1809640': order #45527800 buy 0.01 EURUSD at 1.08082 was modified -> sl: 1.07670 tp: 1.08686
0	15:45:36.021	'1809640': modify order #45525790 buy 0.01 EURUSD at 1.08095 sl: 1.07676 tp: 1.08688 -> sl: 1.07676 tp: 1.08743
0	15:45:36.545	'1809640': order #45525790 buy 0.01 EURUSD at 1.08095 was modified -> sl: 1.07676 tp: 1.08743
0	15:45:36.545	'1809640': modify order #45527161 buy 0.01 EURUSD at 1.07978 sl: 1.07557 tp: 1.08687 -> sl: 1.07557 tp: 1.08743
0	15:45:37.032	'1809640': order #45527161 buy 0.01 EURUSD at 1.07978 was modified -> sl: 1.07557 tp: 1.08743
0	15:45:37.032	'1809640': modify order #45527800 buy 0.01 EURUSD at 1.08082 sl: 1.07670 tp: 1.08686 -> sl: 1.07670 tp: 1.08744
0	15:45:37.422	'1809640': order #45527800 buy 0.01 EURUSD at 1.08082 was modified -> sl: 1.07670 tp: 1.08744
0	15:49:53.917	'1809640': modify order #45525790 buy 0.01 EURUSD at 1.08095 sl: 1.07676 tp: 1.08743 -> sl: 1.07676 tp: 1.08756
0	15:49:54.212	'1809640': order #45525790 buy 0.01 EURUSD at 1.08095 was modified -> sl: 1.07676 tp: 1.08756
0	15:49:54.212	'1809640': modify order #45527161 buy 0.01 EURUSD at 1.07978 sl: 1.07557 tp: 1.08743 -> sl: 1.07557 tp: 1.08755
0	15:49:54.668	'1809640': order #45527161 buy 0.01 EURUSD at 1.07978 was modified -> sl: 1.07557 tp: 1.08755
0	15:49:54.668	'1809640': modify order #45527800 buy 0.01 EURUSD at 1.08082 sl: 1.07670 tp: 1.08744 -> sl: 1.07670 tp: 1.08754
0	15:49:55.025	'1809640': order #45527800 buy 0.01 EURUSD at 1.08082 was modified -> sl: 1.07670 tp: 1.08754
0	15:53:49.356	'1809640': modify order #45525790 buy 0.01 EURUSD at 1.08095 sl: 1.07676 tp: 1.08756 -> sl: 1.07676 tp: 1.08814
0	15:53:50.330	'1809640': order #45525790 buy 0.01 EURUSD at 1.08095 was modified -> sl: 1.07676 tp: 1.08814
0	15:53:50.330	'1809640': modify order #45527161 buy 0.01 EURUSD at 1.07978 sl: 1.07557 tp: 1.08755 -> sl: 1.07557 tp: 1.08814
0	15:53:50.979	'1809640': order #45527161 buy 0.01 EURUSD at 1.07978 was modified -> sl: 1.07557 tp: 1.08814
0	15:53:50.979	'1809640': modify order #45527800 buy 0.01 EURUSD at 1.08082 sl: 1.07670 tp: 1.08754 -> sl: 1.07670 tp: 1.08815
0	15:53:51.341	'1809640': order #45527800 buy 0.01 EURUSD at 1.08082 was modified -> sl: 1.07670 tp: 1.08815
0	19:59:59.999	'1809640': order #45478435 buy 0.01 EURUSD at 1.08329 closed due stop-loss at price 1.07914
0	20:01:47.904	'1809640': order sell market 0.01 EURUSD sl: 1.08348 tp: 1.07805
0	20:01:49.077	'1809640': order was opened : #45544322 sell 0.01 EURUSD at 1.07928 sl: 1.08348 tp: 1.07805
0	21:58:44.374	'1809640': modify order #45544322 sell 0.01 EURUSD at 1.07928 sl: 1.08348 tp: 1.07805 -> sl: 1.08348 tp: 1.07784
0	21:58:44.805	'1809640': order #45544322 sell 0.01 EURUSD at 1.07928 was modified -> sl: 1.08348 tp: 1.07784
