0	01:06:50.537	'1809640': modify order #45525790 buy 0.01 EURUSD at 1.08095 sl: 1.07676 tp: 1.09008 -> sl: 1.07676 tp: 1.09022
0	01:06:53.006	'1809640': order #45525790 buy 0.01 EURUSD at 1.08095 was modified -> sl: 1.07676 tp: 1.09022
0	01:06:53.492	'1809640': modify order #45527161 buy 0.01 EURUSD at 1.07978 sl: 1.07557 tp: 1.09008 -> sl: 1.07557 tp: 1.09023
0	01:06:53.881	'1809640': order #45527161 buy 0.01 EURUSD at 1.07978 was modified -> sl: 1.07557 tp: 1.09023
0	01:06:53.950	'1809640': modify order #45527800 buy 0.01 EURUSD at 1.08082 sl: 1.07670 tp: 1.09008 -> sl: 1.07670 tp: 1.09024
0	01:06:54.308	'1809640': order #45527800 buy 0.01 EURUSD at 1.08082 was modified -> sl: 1.07670 tp: 1.09024
0	01:17:21.160	'1809640': modify order #45588302 buy 0.01 EURUSD at 1.08542 sl: 1.08121 tp: 1.08639 -> sl: 1.08121 tp: 1.08642
0	01:17:22.264	'1809640': order #45588302 buy 0.01 EURUSD at 1.08542 was modified -> sl: 1.08121 tp: 1.08642
0	01:21:03.435	'1809640': modify order #45588302 buy 0.01 EURUSD at 1.08542 sl: 1.08121 tp: 1.08642 -> sl: 1.08121 tp: 1.08655
0	01:21:03.954	'1809640': order #45588302 buy 0.01 EURUSD at 1.08542 was modified -> sl: 1.08121 tp: 1.08655
0	06:41:09.838	'1809640': modify order #45525790 buy 0.01 EURUSD at 1.08095 sl: 1.07676 tp: 1.09022 -> sl: 1.07676 tp: 1.09030
0	06:41:11.383	'1809640': order #45525790 buy 0.01 EURUSD at 1.08095 was modified -> sl: 1.07676 tp: 1.09030
0	06:41:11.383	'1809640': modify order #45527161 buy 0.01 EURUSD at 1.07978 sl: 1.07557 tp: 1.09023 -> sl: 1.07557 tp: 1.09029
0	06:41:11.902	'1809640': order #45527161 buy 0.01 EURUSD at 1.07978 was modified -> sl: 1.07557 tp: 1.09029
0	06:41:12.097	'1809640': modify order #45527800 buy 0.01 EURUSD at 1.08082 sl: 1.07670 tp: 1.09024 -> sl: 1.07670 tp: 1.09029
0	06:41:12.356	'1809640': order #45527800 buy 0.01 EURUSD at 1.08082 was modified -> sl: 1.07670 tp: 1.09029
0	06:43:12.882	'1809640': modify order #45527161 buy 0.01 EURUSD at 1.07978 sl: 1.07557 tp: 1.09029 -> sl: 1.07557 tp: 1.09030
0	06:43:13.336	'1809640': order #45527161 buy 0.01 EURUSD at 1.07978 was modified -> sl: 1.07557 tp: 1.09030
0	06:43:13.433	'1809640': modify order #45527800 buy 0.01 EURUSD at 1.08082 sl: 1.07670 tp: 1.09029 -> sl: 1.07670 tp: 1.09030
0	06:43:13.892	'1809640': order #45527800 buy 0.01 EURUSD at 1.08082 was modified -> sl: 1.07670 tp: 1.09030
0	06:43:13.924	'1809640': modify order #45588302 buy 0.01 EURUSD at 1.08542 sl: 1.08121 tp: 1.08655 -> sl: 1.08121 tp: 1.08662
0	06:43:14.314	'1809640': order #45588302 buy 0.01 EURUSD at 1.08542 was modified -> sl: 1.08121 tp: 1.08662
0	06:45:47.454	'1809640': modify order #45525790 buy 0.01 EURUSD at 1.08095 sl: 1.07676 tp: 1.09030 -> sl: 1.07676 tp: 1.09042
0	06:45:47.876	'1809640': order #45525790 buy 0.01 EURUSD at 1.08095 was modified -> sl: 1.07676 tp: 1.09042
0	06:45:48.108	'1809640': modify order #45527161 buy 0.01 EURUSD at 1.07978 sl: 1.07557 tp: 1.09030 -> sl: 1.07557 tp: 1.09042
0	06:45:48.564	'1809640': order #45527161 buy 0.01 EURUSD at 1.07978 was modified -> sl: 1.07557 tp: 1.09042
0	06:45:48.627	'1809640': modify order #45527800 buy 0.01 EURUSD at 1.08082 sl: 1.07670 tp: 1.09030 -> sl: 1.07670 tp: 1.09042
0	06:45:49.142	'1809640': order #45527800 buy 0.01 EURUSD at 1.08082 was modified -> sl: 1.07670 tp: 1.09042
0	07:21:58.934	'1809640': modify order #45525790 buy 0.01 EURUSD at 1.08095 sl: 1.07676 tp: 1.09042 -> sl: 1.07676 tp: 1.09119
0	07:21:59.518	'1809640': order #45525790 buy 0.01 EURUSD at 1.08095 was modified -> sl: 1.07676 tp: 1.09119
0	07:21:59.551	'1809640': modify order #45527161 buy 0.01 EURUSD at 1.07978 sl: 1.07557 tp: 1.09042 -> sl: 1.07557 tp: 1.09119
0	07:22:00.070	'1809640': order #45527161 buy 0.01 EURUSD at 1.07978 was modified -> sl: 1.07557 tp: 1.09119
0	07:22:00.070	'1809640': modify order #45527800 buy 0.01 EURUSD at 1.08082 sl: 1.07670 tp: 1.09042 -> sl: 1.07670 tp: 1.09119
0	07:22:00.557	'1809640': order #45527800 buy 0.01 EURUSD at 1.08082 was modified -> sl: 1.07670 tp: 1.09119
0	07:22:54.073	'1809640': order #45588302 buy 0.01 EURUSD at 1.08542 closed due take-profit at price 1.08662
0	07:26:56.342	'1809640': order buy market 0.01 EURUSD sl: 1.08276 tp: 0.00000
0	07:26:57.316	'1809640': order was opened : #45599957 buy 0.01 EURUSD at 1.08697 sl: 1.08276 tp: 0.00000
0	07:30:07.101	'1809640': modify order #45525790 buy 0.01 EURUSD at 1.08095 sl: 1.07676 tp: 1.09119 -> sl: 1.07676 tp: 1.09122
0	07:30:07.527	'1809640': order #45525790 buy 0.01 EURUSD at 1.08095 was modified -> sl: 1.07676 tp: 1.09122
0	07:30:07.560	'1809640': modify order #45527161 buy 0.01 EURUSD at 1.07978 sl: 1.07557 tp: 1.09119 -> sl: 1.07557 tp: 1.09122
0	07:30:07.945	'1809640': order #45527161 buy 0.01 EURUSD at 1.07978 was modified -> sl: 1.07557 tp: 1.09122
0	07:30:07.978	'1809640': modify order #45527800 buy 0.01 EURUSD at 1.08082 sl: 1.07670 tp: 1.09119 -> sl: 1.07670 tp: 1.09122
0	07:30:08.371	'1809640': order #45527800 buy 0.01 EURUSD at 1.08082 was modified -> sl: 1.07670 tp: 1.09122
0	07:30:08.469	'1809640': modify order #45599957 buy 0.01 EURUSD at 1.08697 sl: 1.08276 tp: 0.00000 -> sl: 1.08276 tp: 1.09061
0	07:30:08.886	'1809640': order #45599957 buy 0.01 EURUSD at 1.08697 was modified -> sl: 1.08276 tp: 1.09061
0	07:33:11.254	'1809640': modify order #45525790 buy 0.01 EURUSD at 1.08095 sl: 1.07676 tp: 1.09122 -> sl: 1.07676 tp: 1.09150
0	07:33:13.335	'1809640': order #45525790 buy 0.01 EURUSD at 1.08095 was modified -> sl: 1.07676 tp: 1.09150
0	07:33:13.335	'1809640': modify order #45527161 buy 0.01 EURUSD at 1.07978 sl: 1.07557 tp: 1.09122 -> sl: 1.07557 tp: 1.09150
0	07:33:13.659	'1809640': order #45527161 buy 0.01 EURUSD at 1.07978 was modified -> sl: 1.07557 tp: 1.09150
0	07:33:13.659	'1809640': modify order #45527800 buy 0.01 EURUSD at 1.08082 sl: 1.07670 tp: 1.09122 -> sl: 1.07670 tp: 1.09150
0	07:33:14.085	'1809640': order #45527800 buy 0.01 EURUSD at 1.08082 was modified -> sl: 1.07670 tp: 1.09150
0	07:37:06.172	'1809640': modify order #45525790 buy 0.01 EURUSD at 1.08095 sl: 1.07676 tp: 1.09150 -> sl: 1.07676 tp: 1.09173
0	07:37:07.049	'1809640': order #45525790 buy 0.01 EURUSD at 1.08095 was modified -> sl: 1.07676 tp: 1.09173
0	07:37:07.049	'1809640': modify order #45527161 buy 0.01 EURUSD at 1.07978 sl: 1.07557 tp: 1.09150 -> sl: 1.07557 tp: 1.09175
0	07:37:07.666	'1809640': order #45527161 buy 0.01 EURUSD at 1.07978 was modified -> sl: 1.07557 tp: 1.09175
0	07:37:07.702	'1809640': modify order #45527800 buy 0.01 EURUSD at 1.08082 sl: 1.07670 tp: 1.09150 -> sl: 1.07670 tp: 1.09173
0	07:37:08.128	'1809640': order #45527800 buy 0.01 EURUSD at 1.08082 was modified -> sl: 1.07670 tp: 1.09173
0	10:50:37.286	'1809640': order #45599957 buy 0.01 EURUSD at 1.08697 closed due stop-loss at price 1.08276
0	10:52:47.993	'1809640': order sell market 0.01 EURUSD sl: 1.08726 tp: 1.08229
0	10:52:50.169	'1809640': order was opened : #45608257 sell 0.01 EURUSD at 1.08306 sl: 1.08726 tp: 1.08229
0	11:08:25.108	'1809640': modify order #45608257 sell 0.01 EURUSD at 1.08306 sl: 1.08726 tp: 1.08229 -> sl: 1.08726 tp: 1.08209
0	11:08:26.081	'1809640': order #45608257 sell 0.01 EURUSD at 1.08306 was modified -> sl: 1.08726 tp: 1.08209
0	11:17:11.193	'1809640': modify order #45608257 sell 0.01 EURUSD at 1.08306 sl: 1.08726 tp: 1.08209 -> sl: 1.08726 tp: 1.08208
0	11:17:11.712	'1809640': order #45608257 sell 0.01 EURUSD at 1.08306 was modified -> sl: 1.08726 tp: 1.08208
0	11:20:13.100	'1809640': modify order #45608257 sell 0.01 EURUSD at 1.08306 sl: 1.08726 tp: 1.08208 -> sl: 1.08726 tp: 1.08201
0	11:20:13.526	'1809640': order #45608257 sell 0.01 EURUSD at 1.08306 was modified -> sl: 1.08726 tp: 1.08201
0	11:24:12.221	'1809640': modify order #45608257 sell 0.01 EURUSD at 1.08306 sl: 1.08726 tp: 1.08201 -> sl: 1.08726 tp: 1.08191
0	11:24:12.837	'1809640': order #45608257 sell 0.01 EURUSD at 1.08306 was modified -> sl: 1.08726 tp: 1.08191
0	11:28:02.506	'1809640': modify order #45608257 sell 0.01 EURUSD at 1.08306 sl: 1.08726 tp: 1.08191 -> sl: 1.08726 tp: 1.08186
0	11:28:02.896	'1809640': order #45608257 sell 0.01 EURUSD at 1.08306 was modified -> sl: 1.08726 tp: 1.08186
0	11:38:17.970	'1809640': modify order #45608257 sell 0.01 EURUSD at 1.08306 sl: 1.08726 tp: 1.08186 -> sl: 1.08726 tp: 1.08180
0	11:38:18.363	'1809640': order #45608257 sell 0.01 EURUSD at 1.08306 was modified -> sl: 1.08726 tp: 1.08180
0	11:45:35.463	'1809640': modify order #45608257 sell 0.01 EURUSD at 1.08306 sl: 1.08726 tp: 1.08180 -> sl: 1.08726 tp: 1.08176
0	11:45:35.921	'1809640': order #45608257 sell 0.01 EURUSD at 1.08306 was modified -> sl: 1.08726 tp: 1.08176
0	11:48:00.807	'1809640': modify order #45608257 sell 0.01 EURUSD at 1.08306 sl: 1.08726 tp: 1.08176 -> sl: 1.08726 tp: 1.08162
0	11:48:01.519	'1809640': order #45608257 sell 0.01 EURUSD at 1.08306 was modified -> sl: 1.08726 tp: 1.08162
0	11:55:18.231	'1809640': modify order #45608257 sell 0.01 EURUSD at 1.08306 sl: 1.08726 tp: 1.08162 -> sl: 1.08726 tp: 1.08142
0	11:55:18.721	'1809640': order #45608257 sell 0.01 EURUSD at 1.08306 was modified -> sl: 1.08726 tp: 1.08142
0	12:03:10.817	'1809640': modify order #45608257 sell 0.01 EURUSD at 1.08306 sl: 1.08726 tp: 1.08142 -> sl: 1.08726 tp: 1.08128
0	12:03:11.535	'1809640': order #45608257 sell 0.01 EURUSD at 1.08306 was modified -> sl: 1.08726 tp: 1.08128
0	12:07:32.292	'1809640': modify order #45608257 sell 0.01 EURUSD at 1.08306 sl: 1.08726 tp: 1.08128 -> sl: 1.08726 tp: 1.08125
0	12:07:32.777	'1809640': order #45608257 sell 0.01 EURUSD at 1.08306 was modified -> sl: 1.08726 tp: 1.08125
0	12:14:27.670	'1809640': modify order #45608257 sell 0.01 EURUSD at 1.08306 sl: 1.08726 tp: 1.08125 -> sl: 1.08726 tp: 1.08121
0	12:14:28.096	'1809640': order #45608257 sell 0.01 EURUSD at 1.08306 was modified -> sl: 1.08726 tp: 1.08121
0	12:19:17.112	'1809640': modify order #45608257 sell 0.01 EURUSD at 1.08306 sl: 1.08726 tp: 1.08121 -> sl: 1.08726 tp: 1.08119
0	12:19:17.537	'1809640': order #45608257 sell 0.01 EURUSD at 1.08306 was modified -> sl: 1.08726 tp: 1.08119
0	22:00:06.938	'1809640': order #45608257 sell 0.01 EURUSD at 1.08306 closed due stop-loss at price 1.08726
0	22:00:44.165	'1809640': order buy market 0.01 EURUSD sl: 1.08252 tp: 1.09133
0	22:00:46.562	'1809640': order was opened : #45627991 buy 0.01 EURUSD at 1.08693 sl: 1.08252 tp: 1.09133
0	22:03:46.733	'1809640': modify order #45627991 buy 0.01 EURUSD at 1.08693 sl: 1.08252 tp: 1.09133 -> sl: 1.08252 tp: 1.09135
0	22:03:47.317	'1809640': order #45627991 buy 0.01 EURUSD at 1.08693 was modified -> sl: 1.08252 tp: 1.09135
0	23:08:36.891	'1809640': modify order #45627991 buy 0.01 EURUSD at 1.08693 sl: 1.08252 tp: 1.09135 -> sl: 1.08252 tp: 1.09164
0	23:08:40.431	'1809640': order #45627991 buy 0.01 EURUSD at 1.08693 was modified -> sl: 1.08252 tp: 1.09164
