1	02:31:08.386	'89010303': connect failed [No connection]
0	02:31:14.870	'89010303': login on FXCM-GBPReal01 through External
0	02:31:21.776	'89010303': ping to current access point External is 90.97 ms
1	02:32:05.535	MQL4 Market: failed to load products
1	06:11:34.488	'89010303': connect failed [No connection]
0	06:11:42.267	'89010303': login on FXCM-GBPReal01 through External
0	06:11:50.033	'89010303': ping to current access point External is 94.62 ms
0	06:25:54.570	'89010303': modify order #6673994 sell 0.01 EURUSD at 1.09085 sl: 1.09510 tp: 1.08665 -> sl: 1.09510 tp: 1.08663
0	06:25:55.243	'89010303': order #6673994 sell 0.01 EURUSD at 1.09085 was modified -> sl: 1.09510 tp: 1.08663
0	06:25:55.668	'89010303': modify order #6673996 sell 0.01 EURUSD at 1.09085 sl: 1.09510 tp: 1.08664 -> sl: 1.09510 tp: 1.08663
0	06:25:55.895	'89010303': order #6673996 sell 0.01 EURUSD at 1.09085 was modified -> sl: 1.09510 tp: 1.08663
0	06:25:55.960	'89010303': modify order #6674027 sell 0.01 EURUSD at 1.09102 sl: 1.09528 tp: 1.08666 -> sl: 1.09528 tp: 1.08662
0	06:25:56.190	'89010303': order #6674027 sell 0.01 EURUSD at 1.09102 was modified -> sl: 1.09528 tp: 1.08662
0	06:25:56.252	'89010303': modify order #6674112 sell 0.01 EURUSD at 1.09082 sl: 1.09508 tp: 1.08665 -> sl: 1.09508 tp: 1.08662
0	06:25:56.414	'89010303': order #6674112 sell 0.01 EURUSD at 1.09082 was modified -> sl: 1.09508 tp: 1.08662
0	06:25:56.414	'89010303': modify order #6674399 sell 0.01 EURUSD at 1.09112 sl: 1.09536 tp: 1.08665 -> sl: 1.09536 tp: 1.08661
0	06:25:56.645	'89010303': order #6674399 sell 0.01 EURUSD at 1.09112 was modified -> sl: 1.09536 tp: 1.08661
0	06:25:56.677	'89010303': modify order #6674400 sell 0.01 EURUSD at 1.09112 sl: 1.09536 tp: 1.08665 -> sl: 1.09536 tp: 1.08662
0	06:25:56.872	'89010303': order #6674400 sell 0.01 EURUSD at 1.09112 was modified -> sl: 1.09536 tp: 1.08662
0	06:25:56.872	'89010303': modify order #6674402 sell 0.01 EURUSD at 1.09106 sl: 1.09532 tp: 1.08665 -> sl: 1.09532 tp: 1.08661
0	06:25:57.066	'89010303': order #6674402 sell 0.01 EURUSD at 1.09106 was modified -> sl: 1.09532 tp: 1.08661
0	06:25:57.099	'89010303': modify order #6674416 sell 0.01 EURUSD at 1.09134 sl: 1.09559 tp: 1.08665 -> sl: 1.09559 tp: 1.08661
0	06:25:57.261	'89010303': order #6674416 sell 0.01 EURUSD at 1.09134 was modified -> sl: 1.09559 tp: 1.08661
0	06:25:57.293	'89010303': modify order #6674422 sell 0.01 EURUSD at 1.09125 sl: 1.09549 tp: 1.08665 -> sl: 1.09549 tp: 1.08661
0	06:25:57.424	'89010303': order #6674422 sell 0.01 EURUSD at 1.09125 was modified -> sl: 1.09549 tp: 1.08661
0	07:30:55.130	'89010303': order #6675074 buy 0.01 EURUSD at 1.09265 closed due take-profit at price 1.09419
0	07:31:24.278	'89010303': order #6675332 buy 0.01 EURUSD at 1.09299 closed due take-profit at price 1.09461
0	07:31:24.542	'89010303': order #6651605 sell 0.01 EURUSD at 1.09058 closed due stop-loss at price 1.09485
0	07:31:38.762	'89010303': order #6674112 sell 0.01 EURUSD at 1.09082 closed due stop-loss at price 1.09508
0	07:31:39.508	'89010303': order #6673994 sell 0.01 EURUSD at 1.09085 closed due stop-loss at price 1.09510
0	07:31:39.508	'89010303': order #6673996 sell 0.01 EURUSD at 1.09085 closed due stop-loss at price 1.09510
0	07:31:42.793	'89010303': modify order #6657286 buy 0.01 EURUSD at 1.08626 sl: 1.08199 tp: 1.09789 -> sl: 1.08199 tp: 1.09900
0	07:31:43.057	'89010303': order #6657286 buy 0.01 EURUSD at 1.08626 was modified -> sl: 1.08199 tp: 1.09900
0	07:31:43.057	'89010303': modify order #6673995 buy 0.01 EURUSD at 1.09110 sl: 1.08685 tp: 1.09762 -> sl: 1.08685 tp: 1.09900
0	07:31:43.285	'89010303': order #6673995 buy 0.01 EURUSD at 1.09110 was modified -> sl: 1.08685 tp: 1.09900
0	07:31:43.381	'89010303': modify order #6674144 buy 0.01 EURUSD at 1.09194 sl: 1.08767 tp: 1.09761 -> sl: 1.08767 tp: 1.09900
0	07:31:43.515	'89010303': order #6674144 buy 0.01 EURUSD at 1.09194 was modified -> sl: 1.08767 tp: 1.09900
0	07:31:43.547	'89010303': modify order #6674145 buy 0.01 EURUSD at 1.09211 sl: 1.08785 tp: 1.09762 -> sl: 1.08785 tp: 1.09899
0	07:31:43.742	'89010303': order #6674145 buy 0.01 EURUSD at 1.09211 was modified -> sl: 1.08785 tp: 1.09899
0	07:31:43.807	'89010303': modify order #6674146 buy 0.01 EURUSD at 1.09219 sl: 1.08787 tp: 1.09762 -> sl: 1.08787 tp: 1.09899
0	07:31:43.969	'89010303': order #6674146 buy 0.01 EURUSD at 1.09219 was modified -> sl: 1.08787 tp: 1.09899
0	07:32:25.629	'89010303': instant order buy 0.01 EURUSD at 1.09467 sl: 1.09045 tp: 1.09867
0	07:32:25.921	'89010303': order was opened : #6681547 buy 0.01 EURUSD at 1.09467 sl: 1.09045 tp: 1.09867
0	07:32:25.954	'89010303': instant order buy 0.01 EURUSD at 1.09467 sl: 1.09043 tp: 1.09867
0	07:32:26.311	'89010303': order was opened : #6681548 buy 0.01 EURUSD at 1.09467 sl: 1.09043 tp: 1.09867
0	07:33:25.047	'89010303': instant order sell 0.01 EURUSD at 1.09439 sl: 1.09865 tp: 1.09039
0	07:33:25.245	'89010303': order was opened : #6681555 sell 0.01 EURUSD at 1.09439 sl: 1.09865 tp: 1.09039
0	07:33:30.098	'89010303': instant order sell 0.01 EURUSD at 1.09442 sl: 1.09867 tp: 1.09042
0	07:33:30.291	'89010303': order was opened : #6681556 sell 0.01 EURUSD at 1.09442 sl: 1.09867 tp: 1.09042
0	07:33:36.156	'89010303': instant order sell 0.01 EURUSD at 1.09448 sl: 1.09873 tp: 1.09048
0	07:33:36.615	'89010303': order was opened : #6681557 sell 0.01 EURUSD at 1.09450 sl: 1.09873 tp: 1.09048
0	07:33:43.036	'89010303': instant order sell 0.01 EURUSD at 1.09449 sl: 1.09875 tp: 1.09049
0	07:33:43.592	'89010303': order was opened : #6681560 sell 0.01 EURUSD at 1.09449 sl: 1.09875 tp: 1.09049
0	07:37:06.864	'89010303': modify order #6681555 sell 0.01 EURUSD at 1.09439 sl: 1.09865 tp: 1.09039 -> sl: 1.09865 tp: 1.09001
0	07:37:07.349	'89010303': order #6681555 sell 0.01 EURUSD at 1.09439 was modified -> sl: 1.09865 tp: 1.09001
0	07:37:07.414	'89010303': modify order #6681556 sell 0.01 EURUSD at 1.09442 sl: 1.09867 tp: 1.09042 -> sl: 1.09867 tp: 1.09000
0	07:37:07.678	'89010303': order #6681556 sell 0.01 EURUSD at 1.09442 was modified -> sl: 1.09867 tp: 1.09000
0	07:37:07.743	'89010303': modify order #6681557 sell 0.01 EURUSD at 1.09450 sl: 1.09873 tp: 1.09048 -> sl: 1.09873 tp: 1.09001
0	07:37:07.873	'89010303': order #6681557 sell 0.01 EURUSD at 1.09450 was modified -> sl: 1.09873 tp: 1.09001
0	07:37:07.938	'89010303': modify order #6681560 sell 0.01 EURUSD at 1.09449 sl: 1.09875 tp: 1.09049 -> sl: 1.09875 tp: 1.09001
0	07:37:08.132	'89010303': order #6681560 sell 0.01 EURUSD at 1.09449 was modified -> sl: 1.09875 tp: 1.09001
0	07:42:46.760	'89010303': modify order #6681555 sell 0.01 EURUSD at 1.09439 sl: 1.09865 tp: 1.09001 -> sl: 1.09865 tp: 1.08988
0	07:42:47.146	'89010303': order #6681555 sell 0.01 EURUSD at 1.09439 was modified -> sl: 1.09865 tp: 1.08988
0	07:42:47.178	'89010303': modify order #6681556 sell 0.01 EURUSD at 1.09442 sl: 1.09867 tp: 1.09000 -> sl: 1.09867 tp: 1.08988
0	07:42:47.380	'89010303': order #6681556 sell 0.01 EURUSD at 1.09442 was modified -> sl: 1.09867 tp: 1.08988
0	07:42:47.438	'89010303': modify order #6681557 sell 0.01 EURUSD at 1.09450 sl: 1.09873 tp: 1.09001 -> sl: 1.09873 tp: 1.08988
0	07:42:47.637	'89010303': order #6681557 sell 0.01 EURUSD at 1.09450 was modified -> sl: 1.09873 tp: 1.08988
0	07:42:47.637	'89010303': modify order #6681560 sell 0.01 EURUSD at 1.09449 sl: 1.09875 tp: 1.09001 -> sl: 1.09875 tp: 1.08988
0	07:42:47.831	'89010303': order #6681560 sell 0.01 EURUSD at 1.09449 was modified -> sl: 1.09875 tp: 1.08988
0	07:57:59.418	'89010303': modify order #6681555 sell 0.01 EURUSD at 1.09439 sl: 1.09865 tp: 1.08988 -> sl: 1.09865 tp: 1.08978
0	07:58:01.319	'89010303': order #6681555 sell 0.01 EURUSD at 1.09439 was modified -> sl: 1.09865 tp: 1.08978
0	07:58:01.644	'89010303': modify order #6681556 sell 0.01 EURUSD at 1.09442 sl: 1.09867 tp: 1.08988 -> sl: 1.09867 tp: 1.08979
0	07:58:01.810	'89010303': order #6681556 sell 0.01 EURUSD at 1.09442 was modified -> sl: 1.09867 tp: 1.08979
0	07:58:01.810	'89010303': modify order #6681557 sell 0.01 EURUSD at 1.09450 sl: 1.09873 tp: 1.08988 -> sl: 1.09873 tp: 1.08979
0	07:58:02.037	'89010303': order #6681557 sell 0.01 EURUSD at 1.09450 was modified -> sl: 1.09873 tp: 1.08979
0	07:58:02.102	'89010303': modify order #6681560 sell 0.01 EURUSD at 1.09449 sl: 1.09875 tp: 1.08988 -> sl: 1.09875 tp: 1.08978
0	07:58:02.397	'89010303': order #6681560 sell 0.01 EURUSD at 1.09449 was modified -> sl: 1.09875 tp: 1.08978
0	08:03:20.115	'89010303': modify order #6681555 sell 0.01 EURUSD at 1.09439 sl: 1.09865 tp: 1.08978 -> sl: 1.09865 tp: 1.08956
0	08:03:20.981	'89010303': order #6681555 sell 0.01 EURUSD at 1.09439 was modified -> sl: 1.09865 tp: 1.08956
0	08:03:21.569	'89010303': modify order #6681556 sell 0.01 EURUSD at 1.09442 sl: 1.09867 tp: 1.08979 -> sl: 1.09867 tp: 1.08956
0	08:03:21.796	'89010303': order #6681556 sell 0.01 EURUSD at 1.09442 was modified -> sl: 1.09867 tp: 1.08956
0	08:03:21.796	'89010303': modify order #6681557 sell 0.01 EURUSD at 1.09450 sl: 1.09873 tp: 1.08979 -> sl: 1.09873 tp: 1.08956
0	08:03:21.958	'89010303': order #6681557 sell 0.01 EURUSD at 1.09450 was modified -> sl: 1.09873 tp: 1.08956
0	08:03:21.990	'89010303': modify order #6681560 sell 0.01 EURUSD at 1.09449 sl: 1.09875 tp: 1.08978 -> sl: 1.09875 tp: 1.08956
0	08:03:22.185	'89010303': order #6681560 sell 0.01 EURUSD at 1.09449 was modified -> sl: 1.09875 tp: 1.08956
0	08:04:54.643	'89010303': modify order #6681555 sell 0.01 EURUSD at 1.09439 sl: 1.09865 tp: 1.08956 -> sl: 1.09865 tp: 1.08949
0	08:04:55.021	'89010303': order #6681555 sell 0.01 EURUSD at 1.09439 was modified -> sl: 1.09865 tp: 1.08949
0	08:04:55.053	'89010303': modify order #6681556 sell 0.01 EURUSD at 1.09442 sl: 1.09867 tp: 1.08956 -> sl: 1.09867 tp: 1.08949
0	08:04:55.215	'89010303': order #6681556 sell 0.01 EURUSD at 1.09442 was modified -> sl: 1.09867 tp: 1.08949
0	08:04:55.215	'89010303': modify order #6681557 sell 0.01 EURUSD at 1.09450 sl: 1.09873 tp: 1.08956 -> sl: 1.09873 tp: 1.08949
0	08:04:55.443	'89010303': order #6681557 sell 0.01 EURUSD at 1.09450 was modified -> sl: 1.09873 tp: 1.08949
0	08:04:55.443	'89010303': modify order #6681560 sell 0.01 EURUSD at 1.09449 sl: 1.09875 tp: 1.08956 -> sl: 1.09875 tp: 1.08949
0	08:04:55.674	'89010303': order #6681560 sell 0.01 EURUSD at 1.09449 was modified -> sl: 1.09875 tp: 1.08949
0	08:05:41.092	'89010303': modify order #6681555 sell 0.01 EURUSD at 1.09439 sl: 1.09865 tp: 1.08949 -> sl: 1.09865 tp: 1.08945
0	08:05:41.696	'89010303': order #6681555 sell 0.01 EURUSD at 1.09439 was modified -> sl: 1.09865 tp: 1.08945
0	08:05:41.729	'89010303': modify order #6681556 sell 0.01 EURUSD at 1.09442 sl: 1.09867 tp: 1.08949 -> sl: 1.09867 tp: 1.08945
0	08:05:41.891	'89010303': order #6681556 sell 0.01 EURUSD at 1.09442 was modified -> sl: 1.09867 tp: 1.08945
0	08:05:41.891	'89010303': modify order #6681557 sell 0.01 EURUSD at 1.09450 sl: 1.09873 tp: 1.08949 -> sl: 1.09873 tp: 1.08944
0	08:05:42.085	'89010303': order #6681557 sell 0.01 EURUSD at 1.09450 was modified -> sl: 1.09873 tp: 1.08944
0	08:05:42.118	'89010303': modify order #6681560 sell 0.01 EURUSD at 1.09449 sl: 1.09875 tp: 1.08949 -> sl: 1.09875 tp: 1.08943
0	08:05:42.349	'89010303': order #6681560 sell 0.01 EURUSD at 1.09449 was modified -> sl: 1.09875 tp: 1.08943
0	08:05:58.433	'89010303': modify order #6681555 sell 0.01 EURUSD at 1.09439 sl: 1.09865 tp: 1.08945 -> sl: 1.09865 tp: 1.08935
0	08:05:58.662	'89010303': order #6681555 sell 0.01 EURUSD at 1.09439 was modified -> sl: 1.09865 tp: 1.08935
0	08:05:58.662	'89010303': modify order #6681556 sell 0.01 EURUSD at 1.09442 sl: 1.09867 tp: 1.08945 -> sl: 1.09867 tp: 1.08935
0	08:05:58.859	'89010303': order #6681556 sell 0.01 EURUSD at 1.09442 was modified -> sl: 1.09867 tp: 1.08935
0	08:05:58.859	'89010303': modify order #6681557 sell 0.01 EURUSD at 1.09450 sl: 1.09873 tp: 1.08944 -> sl: 1.09873 tp: 1.08935
0	08:05:59.021	'89010303': order #6681557 sell 0.01 EURUSD at 1.09450 was modified -> sl: 1.09873 tp: 1.08935
0	08:05:59.021	'89010303': modify order #6681560 sell 0.01 EURUSD at 1.09449 sl: 1.09875 tp: 1.08943 -> sl: 1.09875 tp: 1.08935
0	08:05:59.318	'89010303': order #6681560 sell 0.01 EURUSD at 1.09449 was modified -> sl: 1.09875 tp: 1.08935
0	08:06:29.846	'89010303': modify order #6681555 sell 0.01 EURUSD at 1.09439 sl: 1.09865 tp: 1.08935 -> sl: 1.09865 tp: 1.08924
0	08:06:30.231	'89010303': order #6681555 sell 0.01 EURUSD at 1.09439 was modified -> sl: 1.09865 tp: 1.08924
0	08:06:30.231	'89010303': modify order #6681556 sell 0.01 EURUSD at 1.09442 sl: 1.09867 tp: 1.08935 -> sl: 1.09867 tp: 1.08924
0	08:06:30.463	'89010303': order #6681556 sell 0.01 EURUSD at 1.09442 was modified -> sl: 1.09867 tp: 1.08924
0	08:06:30.463	'89010303': modify order #6681557 sell 0.01 EURUSD at 1.09450 sl: 1.09873 tp: 1.08935 -> sl: 1.09873 tp: 1.08924
0	08:06:30.657	'89010303': order #6681557 sell 0.01 EURUSD at 1.09450 was modified -> sl: 1.09873 tp: 1.08924
0	08:06:30.657	'89010303': modify order #6681560 sell 0.01 EURUSD at 1.09449 sl: 1.09875 tp: 1.08935 -> sl: 1.09875 tp: 1.08924
0	08:06:30.820	'89010303': order #6681560 sell 0.01 EURUSD at 1.09449 was modified -> sl: 1.09875 tp: 1.08924
0	08:10:14.052	'89010303': modify order #6681555 sell 0.01 EURUSD at 1.09439 sl: 1.09865 tp: 1.08924 -> sl: 1.09865 tp: 1.08903
0	08:10:23.592	'89010303': order #6681555 sell 0.01 EURUSD at 1.09439 was modified -> sl: 1.09865 tp: 1.08903
0	08:10:23.721	'89010303': modify order #6681556 sell 0.01 EURUSD at 1.09442 sl: 1.09867 tp: 1.08924 -> sl: 1.09867 tp: 1.08904
0	08:10:24.930	'89010303': order #6681556 sell 0.01 EURUSD at 1.09442 was modified -> sl: 1.09867 tp: 1.08904
0	08:10:25.027	'89010303': modify order #6681557 sell 0.01 EURUSD at 1.09450 sl: 1.09873 tp: 1.08924 -> sl: 1.09873 tp: 1.08905
0	08:10:25.384	'89010303': order #6681557 sell 0.01 EURUSD at 1.09450 was modified -> sl: 1.09873 tp: 1.08905
0	08:10:25.417	'89010303': modify order #6681560 sell 0.01 EURUSD at 1.09449 sl: 1.09875 tp: 1.08924 -> sl: 1.09875 tp: 1.08903
0	08:10:25.616	'89010303': order #6681560 sell 0.01 EURUSD at 1.09449 was modified -> sl: 1.09875 tp: 1.08903
0	08:12:55.794	'89010303': modify order #6681555 sell 0.01 EURUSD at 1.09439 sl: 1.09865 tp: 1.08903 -> sl: 1.09865 tp: 1.08890
0	08:12:56.188	'89010303': order #6681555 sell 0.01 EURUSD at 1.09439 was modified -> sl: 1.09865 tp: 1.08890
0	08:12:56.188	'89010303': modify order #6681556 sell 0.01 EURUSD at 1.09442 sl: 1.09867 tp: 1.08904 -> sl: 1.09867 tp: 1.08890
0	08:12:56.414	'89010303': order #6681556 sell 0.01 EURUSD at 1.09442 was modified -> sl: 1.09867 tp: 1.08890
0	08:12:56.447	'89010303': modify order #6681557 sell 0.01 EURUSD at 1.09450 sl: 1.09873 tp: 1.08905 -> sl: 1.09873 tp: 1.08890
0	08:12:56.873	'89010303': order #6681557 sell 0.01 EURUSD at 1.09450 was modified -> sl: 1.09873 tp: 1.08890
0	08:12:57.526	'89010303': modify order #6681560 sell 0.01 EURUSD at 1.09449 sl: 1.09875 tp: 1.08903 -> sl: 1.09875 tp: 1.08893
0	08:12:57.688	'89010303': order #6681560 sell 0.01 EURUSD at 1.09449 was modified -> sl: 1.09875 tp: 1.08893
0	08:21:46.002	'89010303': modify order #6681555 sell 0.01 EURUSD at 1.09439 sl: 1.09865 tp: 1.08890 -> sl: 1.09865 tp: 1.08863
0	08:21:46.196	'89010303': order #6681555 sell 0.01 EURUSD at 1.09439 was modified -> sl: 1.09865 tp: 1.08863
0	08:21:46.265	'89010303': modify order #6681556 sell 0.01 EURUSD at 1.09442 sl: 1.09867 tp: 1.08890 -> sl: 1.09867 tp: 1.08863
0	08:21:46.493	'89010303': order #6681556 sell 0.01 EURUSD at 1.09442 was modified -> sl: 1.09867 tp: 1.08863
0	08:21:46.493	'89010303': modify order #6681557 sell 0.01 EURUSD at 1.09450 sl: 1.09873 tp: 1.08890 -> sl: 1.09873 tp: 1.08863
0	08:21:46.787	'89010303': order #6681557 sell 0.01 EURUSD at 1.09450 was modified -> sl: 1.09873 tp: 1.08863
0	08:21:47.337	'89010303': modify order #6681560 sell 0.01 EURUSD at 1.09449 sl: 1.09875 tp: 1.08893 -> sl: 1.09875 tp: 1.08863
0	08:21:47.471	'89010303': order #6681560 sell 0.01 EURUSD at 1.09449 was modified -> sl: 1.09875 tp: 1.08863
0	08:49:01.876	'89010303': modify order #6681555 sell 0.01 EURUSD at 1.09439 sl: 1.09865 tp: 1.08863 -> sl: 1.09865 tp: 1.08862
0	08:49:02.168	'89010303': order #6681555 sell 0.01 EURUSD at 1.09439 was modified -> sl: 1.09865 tp: 1.08862
0	08:49:02.497	'89010303': modify order #6681556 sell 0.01 EURUSD at 1.09442 sl: 1.09867 tp: 1.08863 -> sl: 1.09867 tp: 1.08862
0	08:49:02.659	'89010303': order #6681556 sell 0.01 EURUSD at 1.09442 was modified -> sl: 1.09867 tp: 1.08862
0	08:49:02.692	'89010303': modify order #6681557 sell 0.01 EURUSD at 1.09450 sl: 1.09873 tp: 1.08863 -> sl: 1.09873 tp: 1.08862
0	08:49:02.854	'89010303': order #6681557 sell 0.01 EURUSD at 1.09450 was modified -> sl: 1.09873 tp: 1.08862
0	08:49:02.887	'89010303': modify order #6681560 sell 0.01 EURUSD at 1.09449 sl: 1.09875 tp: 1.08863 -> sl: 1.09875 tp: 1.08862
0	08:49:03.049	'89010303': order #6681560 sell 0.01 EURUSD at 1.09449 was modified -> sl: 1.09875 tp: 1.08862
0	08:51:47.687	'89010303': modify order #6681555 sell 0.01 EURUSD at 1.09439 sl: 1.09865 tp: 1.08862 -> sl: 1.09865 tp: 1.08844
0	08:51:48.569	'89010303': order #6681555 sell 0.01 EURUSD at 1.09439 was modified -> sl: 1.09865 tp: 1.08844
0	08:51:48.735	'89010303': modify order #6681556 sell 0.01 EURUSD at 1.09442 sl: 1.09867 tp: 1.08862 -> sl: 1.09867 tp: 1.08846
0	08:51:48.866	'89010303': order #6681556 sell 0.01 EURUSD at 1.09442 was modified -> sl: 1.09867 tp: 1.08846
0	08:51:48.866	'89010303': modify order #6681557 sell 0.01 EURUSD at 1.09450 sl: 1.09873 tp: 1.08862 -> sl: 1.09873 tp: 1.08846
0	08:51:49.092	'89010303': order #6681557 sell 0.01 EURUSD at 1.09450 was modified -> sl: 1.09873 tp: 1.08846
0	08:51:49.157	'89010303': modify order #6681560 sell 0.01 EURUSD at 1.09449 sl: 1.09875 tp: 1.08862 -> sl: 1.09875 tp: 1.08846
0	08:51:49.388	'89010303': order #6681560 sell 0.01 EURUSD at 1.09449 was modified -> sl: 1.09875 tp: 1.08846
0	09:01:10.765	'89010303': modify order #6681555 sell 0.01 EURUSD at 1.09439 sl: 1.09865 tp: 1.08844 -> sl: 1.09865 tp: 1.08831
0	09:01:12.654	'89010303': order #6681555 sell 0.01 EURUSD at 1.09439 was modified -> sl: 1.09865 tp: 1.08831
0	09:01:13.367	'89010303': modify order #6681556 sell 0.01 EURUSD at 1.09442 sl: 1.09867 tp: 1.08846 -> sl: 1.09867 tp: 1.08832
0	09:01:13.501	'89010303': order #6681556 sell 0.01 EURUSD at 1.09442 was modified -> sl: 1.09867 tp: 1.08832
0	09:01:13.599	'89010303': modify order #6681557 sell 0.01 EURUSD at 1.09450 sl: 1.09873 tp: 1.08846 -> sl: 1.09873 tp: 1.08832
0	09:01:13.728	'89010303': order #6681557 sell 0.01 EURUSD at 1.09450 was modified -> sl: 1.09873 tp: 1.08832
0	09:01:13.728	'89010303': modify order #6681560 sell 0.01 EURUSD at 1.09449 sl: 1.09875 tp: 1.08846 -> sl: 1.09875 tp: 1.08831
0	09:01:13.988	'89010303': order #6681560 sell 0.01 EURUSD at 1.09449 was modified -> sl: 1.09875 tp: 1.08831
0	09:36:32.992	'89010303': modify order #6681555 sell 0.01 EURUSD at 1.09439 sl: 1.09865 tp: 1.08831 -> sl: 1.09865 tp: 1.08808
0	09:36:33.642	'89010303': order #6681555 sell 0.01 EURUSD at 1.09439 was modified -> sl: 1.09865 tp: 1.08808
0	09:36:34.198	'89010303': modify order #6681556 sell 0.01 EURUSD at 1.09442 sl: 1.09867 tp: 1.08832 -> sl: 1.09867 tp: 1.08808
0	09:36:34.328	'89010303': order #6681556 sell 0.01 EURUSD at 1.09442 was modified -> sl: 1.09867 tp: 1.08808
0	09:36:34.328	'89010303': modify order #6681557 sell 0.01 EURUSD at 1.09450 sl: 1.09873 tp: 1.08832 -> sl: 1.09873 tp: 1.08808
0	09:36:34.588	'89010303': order #6681557 sell 0.01 EURUSD at 1.09450 was modified -> sl: 1.09873 tp: 1.08808
0	09:36:34.588	'89010303': modify order #6681560 sell 0.01 EURUSD at 1.09449 sl: 1.09875 tp: 1.08831 -> sl: 1.09875 tp: 1.08807
0	09:36:34.783	'89010303': order #6681560 sell 0.01 EURUSD at 1.09449 was modified -> sl: 1.09875 tp: 1.08807
0	09:40:49.972	'89010303': modify order #6681555 sell 0.01 EURUSD at 1.09439 sl: 1.09865 tp: 1.08808 -> sl: 1.09865 tp: 1.08792
0	09:40:50.337	'89010303': order #6681555 sell 0.01 EURUSD at 1.09439 was modified -> sl: 1.09865 tp: 1.08792
0	09:40:50.370	'89010303': modify order #6681556 sell 0.01 EURUSD at 1.09442 sl: 1.09867 tp: 1.08808 -> sl: 1.09867 tp: 1.08792
0	09:40:50.532	'89010303': order #6681556 sell 0.01 EURUSD at 1.09442 was modified -> sl: 1.09867 tp: 1.08792
0	09:40:50.532	'89010303': modify order #6681557 sell 0.01 EURUSD at 1.09450 sl: 1.09873 tp: 1.08808 -> sl: 1.09873 tp: 1.08792
0	09:40:50.759	'89010303': order #6681557 sell 0.01 EURUSD at 1.09450 was modified -> sl: 1.09873 tp: 1.08792
0	09:40:50.759	'89010303': modify order #6681560 sell 0.01 EURUSD at 1.09449 sl: 1.09875 tp: 1.08807 -> sl: 1.09875 tp: 1.08792
0	09:40:50.921	'89010303': order #6681560 sell 0.01 EURUSD at 1.09449 was modified -> sl: 1.09875 tp: 1.08792
0	09:58:55.759	'89010303': modify order #6681555 sell 0.01 EURUSD at 1.09439 sl: 1.09865 tp: 1.08792 -> sl: 1.09865 tp: 1.08784
0	09:58:56.076	'89010303': order #6681555 sell 0.01 EURUSD at 1.09439 was modified -> sl: 1.09865 tp: 1.08784
0	09:58:56.173	'89010303': modify order #6681556 sell 0.01 EURUSD at 1.09442 sl: 1.09867 tp: 1.08792 -> sl: 1.09867 tp: 1.08784
0	09:58:56.567	'89010303': order #6681556 sell 0.01 EURUSD at 1.09442 was modified -> sl: 1.09867 tp: 1.08784
0	09:58:56.599	'89010303': modify order #6681557 sell 0.01 EURUSD at 1.09450 sl: 1.09873 tp: 1.08792 -> sl: 1.09873 tp: 1.08784
0	09:58:56.827	'89010303': order #6681557 sell 0.01 EURUSD at 1.09450 was modified -> sl: 1.09873 tp: 1.08784
0	09:58:56.892	'89010303': modify order #6681560 sell 0.01 EURUSD at 1.09449 sl: 1.09875 tp: 1.08792 -> sl: 1.09875 tp: 1.08784
0	09:58:57.054	'89010303': order #6681560 sell 0.01 EURUSD at 1.09449 was modified -> sl: 1.09875 tp: 1.08784
0	10:16:35.607	'89010303': modify order #6681555 sell 0.01 EURUSD at 1.09439 sl: 1.09865 tp: 1.08784 -> sl: 1.09865 tp: 1.08773
0	10:16:36.078	'89010303': order #6681555 sell 0.01 EURUSD at 1.09439 was modified -> sl: 1.09865 tp: 1.08773
0	10:16:36.110	'89010303': modify order #6681556 sell 0.01 EURUSD at 1.09442 sl: 1.09867 tp: 1.08784 -> sl: 1.09867 tp: 1.08773
0	10:16:36.306	'89010303': order #6681556 sell 0.01 EURUSD at 1.09442 was modified -> sl: 1.09867 tp: 1.08773
0	10:16:36.857	'89010303': modify order #6681557 sell 0.01 EURUSD at 1.09450 sl: 1.09873 tp: 1.08784 -> sl: 1.09873 tp: 1.08773
0	10:16:37.088	'89010303': order #6681557 sell 0.01 EURUSD at 1.09450 was modified -> sl: 1.09873 tp: 1.08773
0	10:16:37.478	'89010303': modify order #6681560 sell 0.01 EURUSD at 1.09449 sl: 1.09875 tp: 1.08784 -> sl: 1.09875 tp: 1.08773
0	10:16:37.871	'89010303': order #6681560 sell 0.01 EURUSD at 1.09449 was modified -> sl: 1.09875 tp: 1.08773
0	10:17:07.635	'89010303': modify order #6681555 sell 0.01 EURUSD at 1.09439 sl: 1.09865 tp: 1.08773 -> sl: 1.09865 tp: 1.08753
0	10:17:07.992	'89010303': order #6681555 sell 0.01 EURUSD at 1.09439 was modified -> sl: 1.09865 tp: 1.08753
0	10:17:08.025	'89010303': modify order #6681556 sell 0.01 EURUSD at 1.09442 sl: 1.09867 tp: 1.08773 -> sl: 1.09867 tp: 1.08753
0	10:17:08.447	'89010303': order #6681556 sell 0.01 EURUSD at 1.09442 was modified -> sl: 1.09867 tp: 1.08753
0	10:17:08.970	'89010303': modify order #6681557 sell 0.01 EURUSD at 1.09450 sl: 1.09873 tp: 1.08773 -> sl: 1.09873 tp: 1.08754
0	10:17:09.169	'89010303': order #6681557 sell 0.01 EURUSD at 1.09450 was modified -> sl: 1.09873 tp: 1.08754
0	10:17:09.299	'89010303': modify order #6681560 sell 0.01 EURUSD at 1.09449 sl: 1.09875 tp: 1.08773 -> sl: 1.09875 tp: 1.08755
0	10:17:09.462	'89010303': order #6681560 sell 0.01 EURUSD at 1.09449 was modified -> sl: 1.09875 tp: 1.08755
1	10:17:35.084	'89010303': connect failed [No connection]
1	10:17:35.150	'89010303': modification of order #6681555 sell 0.01 EURUSD at 1.09439 sl: 1.09865 tp: 1.08753 -> sl: 1.09865 tp: 1.08741 failed [Common error]
1	10:17:35.174	'89010303': modification of order #6681556 sell 0.01 EURUSD at 1.09442 sl: 1.09867 tp: 1.08753 -> sl: 1.09867 tp: 1.08741 failed [Common error]
1	10:17:35.174	'89010303': modification of order #6681557 sell 0.01 EURUSD at 1.09450 sl: 1.09873 tp: 1.08754 -> sl: 1.09873 tp: 1.08741 failed [Common error]
1	10:17:35.174	'89010303': modification of order #6681560 sell 0.01 EURUSD at 1.09449 sl: 1.09875 tp: 1.08755 -> sl: 1.09875 tp: 1.08741 failed [Common error]
0	10:17:41.775	'89010303': login on FXCM-GBPReal01 through External
0	10:17:48.692	'89010303': ping to current access point External is 89.07 ms
1	10:18:34.685	MQL4 Market: failed to load products
0	12:29:00.002	'89010303': order #6674027 sell 0.01 EURUSD at 1.09102 closed due stop-loss at price 1.09549
0	12:29:00.038	'89010303': order #6674402 sell 0.01 EURUSD at 1.09106 closed due stop-loss at price 1.09549
0	12:29:04.051	'89010303': order #6674398 sell 0.01 EURUSD at 1.09110 closed due stop-loss at price 1.09751
0	12:29:04.051	'89010303': order #6674399 sell 0.01 EURUSD at 1.09112 closed due stop-loss at price 1.09751
0	12:29:04.051	'89010303': order #6674400 sell 0.01 EURUSD at 1.09112 closed due stop-loss at price 1.09751
0	12:29:04.051	'89010303': order #6674416 sell 0.01 EURUSD at 1.09134 closed due stop-loss at price 1.09751
0	12:29:04.051	'89010303': order #6674422 sell 0.01 EURUSD at 1.09125 closed due stop-loss at price 1.09751
0	12:30:23.779	'89010303': order #6681547 buy 0.01 EURUSD at 1.09467 closed due stop-loss at price 1.09048
0	12:30:23.844	'89010303': order #6681548 buy 0.01 EURUSD at 1.09467 closed due stop-loss at price 1.09048
0	12:31:36.461	'89010303': order #6674146 buy 0.01 EURUSD at 1.09219 closed due stop-loss at price 1.08784
0	12:31:36.526	'89010303': order #6674145 buy 0.01 EURUSD at 1.09211 closed due stop-loss at price 1.08783
0	12:31:37.475	'89010303': modify order #6681555 sell 0.01 EURUSD at 1.09439 sl: 1.09865 tp: 1.08753 -> sl: 1.09865 tp: 1.08384
0	12:31:40.146	'89010303': order #6674144 buy 0.01 EURUSD at 1.09194 closed due stop-loss at price 1.08740
0	12:31:40.248	'89010303': order #6681560 sell 0.01 EURUSD at 1.09449 closed due take-profit at price 1.08755
0	12:31:40.279	'89010303': order #6681556 sell 0.01 EURUSD at 1.09442 closed due take-profit at price 1.08740
0	12:31:40.279	'89010303': order #6681557 sell 0.01 EURUSD at 1.09450 closed due take-profit at price 1.08740
0	12:31:40.279	'89010303': order #6681555 sell 0.01 EURUSD at 1.09439 closed due take-profit at price 1.08740
1	12:31:40.279	'89010303': modification of invalid order #6681555
0	12:32:36.180	'89010303': instant order buy 0.01 EURUSD at 1.08818 sl: 1.08391 tp: 1.09218
0	12:32:36.444	'89010303': order was opened : #6683592 buy 0.01 EURUSD at 1.08821 sl: 1.08391 tp: 1.09218
0	12:33:32.181	'89010303': instant order sell 0.01 EURUSD at 1.08898 sl: 1.09325 tp: 1.08498
0	12:33:33.226	'89010303': order was opened : #6683659 sell 0.01 EURUSD at 1.08906 sl: 1.09325 tp: 1.08498
0	12:34:52.470	'89010303': instant order buy 0.01 EURUSD at 1.08780 sl: 1.08354 tp: 1.09180
0	12:34:52.993	'89010303': order was opened : #6683718 buy 0.01 EURUSD at 1.08762 sl: 1.08354 tp: 1.09180
0	12:34:53.090	'89010303': instant order buy 0.01 EURUSD at 1.08754 sl: 1.08328 tp: 1.09154
0	12:34:53.382	'89010303': order was opened : #6683720 buy 0.01 EURUSD at 1.08759 sl: 1.08328 tp: 1.09154
0	12:34:53.414	'89010303': instant order buy 0.01 EURUSD at 1.08758 sl: 1.08331 tp: 1.09158
0	12:34:53.577	'89010303': order was opened : #6683721 buy 0.01 EURUSD at 1.08753 sl: 1.08331 tp: 1.09158
0	12:36:01.363	'89010303': instant order sell 0.01 EURUSD at 1.08822 sl: 1.09250 tp: 1.07769
0	12:36:01.590	'89010303': order was opened : #6683796 sell 0.01 EURUSD at 1.08823 sl: 1.09250 tp: 1.07769
0	12:36:01.687	'89010303': instant order sell 0.01 EURUSD at 1.08823 sl: 1.09251 tp: 1.08423
0	12:36:01.951	'89010303': order was opened : #6683797 sell 0.01 EURUSD at 1.08823 sl: 1.09251 tp: 1.08423
0	12:36:01.951	'89010303': instant order sell 0.01 EURUSD at 1.08823 sl: 1.09251 tp: 1.08423
0	12:36:02.113	'89010303': order was opened : #6683798 sell 0.01 EURUSD at 1.08823 sl: 1.09251 tp: 1.08423
0	12:36:02.145	'89010303': instant order buy 0.01 EURUSD at 1.08851 sl: 1.08423 tp: 1.09251
0	12:36:02.275	'89010303': order was opened : #6683799 buy 0.01 EURUSD at 1.08851 sl: 1.08423 tp: 1.09251
0	12:37:12.235	'89010303': order #6673995 buy 0.01 EURUSD at 1.09110 closed due stop-loss at price 1.08683
0	12:38:23.940	'89010303': instant order buy 0.01 EURUSD at 1.08672 sl: 1.08247 tp: 1.09072
0	12:38:24.297	'89010303': order was opened : #6683876 buy 0.01 EURUSD at 1.08687 sl: 1.08247 tp: 1.09072
0	12:38:24.362	'89010303': instant order buy 0.01 EURUSD at 1.08687 sl: 1.08261 tp: 1.09087
0	12:38:24.561	'89010303': order was opened : #6683877 buy 0.01 EURUSD at 1.08692 sl: 1.08261 tp: 1.09087
0	12:38:57.088	'89010303': instant order sell 0.01 EURUSD at 1.08721 sl: 1.09145 tp: 1.08321
0	12:38:57.444	'89010303': order was opened : #6683899 sell 0.01 EURUSD at 1.08798 sl: 1.09145 tp: 1.08321
0	12:39:21.110	'89010303': instant order sell 0.01 EURUSD at 1.08804 sl: 1.09229 tp: 1.08404
0	12:39:21.406	'89010303': order was opened : #6683909 sell 0.01 EURUSD at 1.08802 sl: 1.09229 tp: 1.08404
0	12:42:33.156	'89010303': modify order #6683592 buy 0.01 EURUSD at 1.08821 sl: 1.08391 tp: 1.09218 -> sl: 1.08391 tp: 1.09368
0	12:42:33.452	'89010303': order #6683592 buy 0.01 EURUSD at 1.08821 was modified -> sl: 1.08391 tp: 1.09368
0	12:42:33.452	'89010303': modify order #6683718 buy 0.01 EURUSD at 1.08762 sl: 1.08354 tp: 1.09180 -> sl: 1.08354 tp: 1.09370
0	12:42:33.614	'89010303': order #6683718 buy 0.01 EURUSD at 1.08762 was modified -> sl: 1.08354 tp: 1.09370
0	12:42:33.614	'89010303': modify order #6683720 buy 0.01 EURUSD at 1.08759 sl: 1.08328 tp: 1.09154 -> sl: 1.08328 tp: 1.09370
0	12:42:33.842	'89010303': order #6683720 buy 0.01 EURUSD at 1.08759 was modified -> sl: 1.08328 tp: 1.09370
0	12:42:33.842	'89010303': modify order #6683721 buy 0.01 EURUSD at 1.08753 sl: 1.08331 tp: 1.09158 -> sl: 1.08331 tp: 1.09369
0	12:42:34.004	'89010303': order #6683721 buy 0.01 EURUSD at 1.08753 was modified -> sl: 1.08331 tp: 1.09369
0	12:42:34.004	'89010303': modify order #6683799 buy 0.01 EURUSD at 1.08851 sl: 1.08423 tp: 1.09251 -> sl: 1.08423 tp: 1.09368
0	12:42:34.300	'89010303': order #6683799 buy 0.01 EURUSD at 1.08851 was modified -> sl: 1.08423 tp: 1.09368
0	12:42:34.300	'89010303': modify order #6683876 buy 0.01 EURUSD at 1.08687 sl: 1.08247 tp: 1.09072 -> sl: 1.08247 tp: 1.09367
0	12:42:34.495	'89010303': order #6683876 buy 0.01 EURUSD at 1.08687 was modified -> sl: 1.08247 tp: 1.09367
0	12:42:34.527	'89010303': modify order #6683877 buy 0.01 EURUSD at 1.08692 sl: 1.08261 tp: 1.09087 -> sl: 1.08261 tp: 1.09369
0	12:42:34.726	'89010303': order #6683877 buy 0.01 EURUSD at 1.08692 was modified -> sl: 1.08261 tp: 1.09369
0	12:42:58.520	'89010303': instant order sell 0.01 EURUSD at 1.09000 sl: 1.09428 tp: 1.08474
0	12:42:58.848	'89010303': order was opened : #6684029 sell 0.01 EURUSD at 1.08999 sl: 1.09428 tp: 1.08474
0	12:42:58.913	'89010303': instant order buy 0.01 EURUSD at 1.09027 sl: 1.08599 tp: 1.09614
0	12:42:59.076	'89010303': order was opened : #6684030 buy 0.01 EURUSD at 1.09026 sl: 1.08599 tp: 1.09614
0	12:43:04.217	'89010303': instant order sell 0.01 EURUSD at 1.09013 sl: 1.09437 tp: 1.08613
0	12:43:04.476	'89010303': order was opened : #6684032 sell 0.01 EURUSD at 1.09022 sl: 1.09437 tp: 1.08613
0	12:43:55.983	'89010303': instant order sell 0.01 EURUSD at 1.08984 sl: 1.09409 tp: 1.08350
0	12:43:56.177	'89010303': order was opened : #6684041 sell 0.01 EURUSD at 1.08984 sl: 1.09409 tp: 1.08350
0	12:46:12.109	'89010303': modify order #6683592 buy 0.01 EURUSD at 1.08821 sl: 1.08391 tp: 1.09368 -> sl: 1.08391 tp: 1.09384
0	12:46:12.336	'89010303': order #6683592 buy 0.01 EURUSD at 1.08821 was modified -> sl: 1.08391 tp: 1.09384
0	12:46:12.336	'89010303': modify order #6683718 buy 0.01 EURUSD at 1.08762 sl: 1.08354 tp: 1.09370 -> sl: 1.08354 tp: 1.09386
0	12:46:12.693	'89010303': order #6683718 buy 0.01 EURUSD at 1.08762 was modified -> sl: 1.08354 tp: 1.09386
0	12:46:12.693	'89010303': modify order #6683720 buy 0.01 EURUSD at 1.08759 sl: 1.08328 tp: 1.09370 -> sl: 1.08328 tp: 1.09385
0	12:46:12.827	'89010303': order #6683720 buy 0.01 EURUSD at 1.08759 was modified -> sl: 1.08328 tp: 1.09385
0	12:46:12.827	'89010303': modify order #6683721 buy 0.01 EURUSD at 1.08753 sl: 1.08331 tp: 1.09369 -> sl: 1.08331 tp: 1.09384
0	12:46:12.956	'89010303': order #6683721 buy 0.01 EURUSD at 1.08753 was modified -> sl: 1.08331 tp: 1.09384
0	12:46:12.956	'89010303': modify order #6683799 buy 0.01 EURUSD at 1.08851 sl: 1.08423 tp: 1.09368 -> sl: 1.08423 tp: 1.09384
0	12:46:13.118	'89010303': order #6683799 buy 0.01 EURUSD at 1.08851 was modified -> sl: 1.08423 tp: 1.09384
0	12:46:13.118	'89010303': modify order #6683876 buy 0.01 EURUSD at 1.08687 sl: 1.08247 tp: 1.09367 -> sl: 1.08247 tp: 1.09384
0	12:46:13.281	'89010303': order #6683876 buy 0.01 EURUSD at 1.08687 was modified -> sl: 1.08247 tp: 1.09384
0	12:46:13.281	'89010303': modify order #6683877 buy 0.01 EURUSD at 1.08692 sl: 1.08261 tp: 1.09369 -> sl: 1.08261 tp: 1.09386
0	12:46:13.572	'89010303': order #6683877 buy 0.01 EURUSD at 1.08692 was modified -> sl: 1.08261 tp: 1.09386
0	12:46:13.609	'89010303': modify order #6684032 sell 0.01 EURUSD at 1.09022 sl: 1.09437 tp: 1.08613 -> sl: 1.09437 tp: 1.08559
0	12:46:13.771	'89010303': order #6684032 sell 0.01 EURUSD at 1.09022 was modified -> sl: 1.09437 tp: 1.08559
0	12:46:13.771	'89010303': modify order #6684041 sell 0.01 EURUSD at 1.08984 sl: 1.09409 tp: 1.08350 -> sl: 1.09409 tp: 1.08196
0	12:46:13.933	'89010303': order #6684041 sell 0.01 EURUSD at 1.08984 was modified -> sl: 1.09409 tp: 1.08196
0	12:50:22.323	'89010303': modify order #6683659 sell 0.01 EURUSD at 1.08906 sl: 1.09325 tp: 1.08498 -> sl: 1.09325 tp: 1.08395
0	12:50:22.777	'89010303': order #6683659 sell 0.01 EURUSD at 1.08906 was modified -> sl: 1.09325 tp: 1.08395
0	12:50:22.777	'89010303': modify order #6683797 sell 0.01 EURUSD at 1.08823 sl: 1.09251 tp: 1.08423 -> sl: 1.09251 tp: 1.08393
0	12:50:23.004	'89010303': order #6683797 sell 0.01 EURUSD at 1.08823 was modified -> sl: 1.09251 tp: 1.08393
0	12:50:23.004	'89010303': modify order #6683798 sell 0.01 EURUSD at 1.08823 sl: 1.09251 tp: 1.08423 -> sl: 1.09251 tp: 1.08392
0	12:50:23.202	'89010303': order #6683798 sell 0.01 EURUSD at 1.08823 was modified -> sl: 1.09251 tp: 1.08392
0	12:50:23.233	'89010303': modify order #6683909 sell 0.01 EURUSD at 1.08802 sl: 1.09229 tp: 1.08404 -> sl: 1.09229 tp: 1.08392
0	12:50:23.426	'89010303': order #6683909 sell 0.01 EURUSD at 1.08802 was modified -> sl: 1.09229 tp: 1.08392
0	12:50:23.426	'89010303': modify order #6684029 sell 0.01 EURUSD at 1.08999 sl: 1.09428 tp: 1.08474 -> sl: 1.09428 tp: 1.08439
0	12:50:23.625	'89010303': order #6684029 sell 0.01 EURUSD at 1.08999 was modified -> sl: 1.09428 tp: 1.08439
0	12:50:23.625	'89010303': modify order #6684030 buy 0.01 EURUSD at 1.09026 sl: 1.08599 tp: 1.09614 -> sl: 1.08599 tp: 1.09632
0	12:50:23.787	'89010303': order #6684030 buy 0.01 EURUSD at 1.09026 was modified -> sl: 1.08599 tp: 1.09632
0	12:50:23.852	'89010303': modify order #6684032 sell 0.01 EURUSD at 1.09022 sl: 1.09437 tp: 1.08559 -> sl: 1.09437 tp: 1.08393
0	12:50:24.047	'89010303': order #6684032 sell 0.01 EURUSD at 1.09022 was modified -> sl: 1.09437 tp: 1.08393
0	12:50:24.079	'89010303': modify order #6684041 sell 0.01 EURUSD at 1.08984 sl: 1.09409 tp: 1.08196 -> sl: 1.09409 tp: 1.07832
0	12:50:24.209	'89010303': order #6684041 sell 0.01 EURUSD at 1.08984 was modified -> sl: 1.09409 tp: 1.07832
0	12:57:13.939	'89010303': modify order #6683659 sell 0.01 EURUSD at 1.08906 sl: 1.09325 tp: 1.08395 -> sl: 1.09325 tp: 1.08325
0	12:57:14.170	'89010303': order #6683659 sell 0.01 EURUSD at 1.08906 was modified -> sl: 1.09325 tp: 1.08325
0	12:57:14.170	'89010303': modify order #6683796 sell 0.01 EURUSD at 1.08823 sl: 1.09250 tp: 1.07769 -> sl: 1.09250 tp: 1.07638
0	12:57:14.332	'89010303': order #6683796 sell 0.01 EURUSD at 1.08823 was modified -> sl: 1.09250 tp: 1.07638
0	12:57:14.332	'89010303': modify order #6683797 sell 0.01 EURUSD at 1.08823 sl: 1.09251 tp: 1.08393 -> sl: 1.09251 tp: 1.08325
0	12:57:14.494	'89010303': order #6683797 sell 0.01 EURUSD at 1.08823 was modified -> sl: 1.09251 tp: 1.08325
0	12:57:14.494	'89010303': modify order #6683798 sell 0.01 EURUSD at 1.08823 sl: 1.09251 tp: 1.08392 -> sl: 1.09251 tp: 1.08325
0	12:57:14.725	'89010303': order #6683798 sell 0.01 EURUSD at 1.08823 was modified -> sl: 1.09251 tp: 1.08325
0	12:57:14.790	'89010303': modify order #6683909 sell 0.01 EURUSD at 1.08802 sl: 1.09229 tp: 1.08392 -> sl: 1.09229 tp: 1.08325
0	12:57:14.985	'89010303': order #6683909 sell 0.01 EURUSD at 1.08802 was modified -> sl: 1.09229 tp: 1.08325
0	12:57:15.049	'89010303': modify order #6684029 sell 0.01 EURUSD at 1.08999 sl: 1.09428 tp: 1.08439 -> sl: 1.09428 tp: 1.08421
0	12:57:15.217	'89010303': order #6684029 sell 0.01 EURUSD at 1.08999 was modified -> sl: 1.09428 tp: 1.08421
0	12:57:15.249	'89010303': modify order #6684030 buy 0.01 EURUSD at 1.09026 sl: 1.08599 tp: 1.09632 -> sl: 1.08599 tp: 1.09663
0	12:57:15.438	'89010303': order #6684030 buy 0.01 EURUSD at 1.09026 was modified -> sl: 1.08599 tp: 1.09663
0	12:57:15.438	'89010303': modify order #6684032 sell 0.01 EURUSD at 1.09022 sl: 1.09437 tp: 1.08393 -> sl: 1.09437 tp: 1.08326
0	12:57:15.669	'89010303': order #6684032 sell 0.01 EURUSD at 1.09022 was modified -> sl: 1.09437 tp: 1.08326
0	12:57:15.702	'89010303': modify order #6684041 sell 0.01 EURUSD at 1.08984 sl: 1.09409 tp: 1.07832 -> sl: 1.09409 tp: 1.07640
0	12:57:15.896	'89010303': order #6684041 sell 0.01 EURUSD at 1.08984 was modified -> sl: 1.09409 tp: 1.07640
0	12:58:20.776	'89010303': order #6684030 buy 0.01 EURUSD at 1.09026 closed due stop-loss at price 1.08599
0	13:02:06.726	'89010303': modify order #6683659 sell 0.01 EURUSD at 1.08906 sl: 1.09325 tp: 1.08325 -> sl: 1.09325 tp: 1.08315
0	13:02:06.953	'89010303': order #6683659 sell 0.01 EURUSD at 1.08906 was modified -> sl: 1.09325 tp: 1.08315
0	13:02:06.953	'89010303': modify order #6683796 sell 0.01 EURUSD at 1.08823 sl: 1.09250 tp: 1.07638 -> sl: 1.09250 tp: 1.07603
0	13:02:07.184	'89010303': order #6683796 sell 0.01 EURUSD at 1.08823 was modified -> sl: 1.09250 tp: 1.07603
0	13:02:07.184	'89010303': modify order #6683797 sell 0.01 EURUSD at 1.08823 sl: 1.09251 tp: 1.08325 -> sl: 1.09251 tp: 1.08313
0	13:02:07.314	'89010303': order #6683797 sell 0.01 EURUSD at 1.08823 was modified -> sl: 1.09251 tp: 1.08313
0	13:02:07.314	'89010303': modify order #6683798 sell 0.01 EURUSD at 1.08823 sl: 1.09251 tp: 1.08325 -> sl: 1.09251 tp: 1.08313
0	13:02:07.476	'89010303': order #6683798 sell 0.01 EURUSD at 1.08823 was modified -> sl: 1.09251 tp: 1.08313
0	13:02:07.476	'89010303': modify order #6683899 sell 0.01 EURUSD at 1.08798 sl: 1.09145 tp: 1.08321 -> sl: 1.09145 tp: 1.08313
0	13:02:07.671	'89010303': order #6683899 sell 0.01 EURUSD at 1.08798 was modified -> sl: 1.09145 tp: 1.08313
0	13:02:07.671	'89010303': modify order #6683909 sell 0.01 EURUSD at 1.08802 sl: 1.09229 tp: 1.08325 -> sl: 1.09229 tp: 1.08313
0	13:02:07.963	'89010303': order #6683909 sell 0.01 EURUSD at 1.08802 was modified -> sl: 1.09229 tp: 1.08313
0	13:02:07.963	'89010303': modify order #6684032 sell 0.01 EURUSD at 1.09022 sl: 1.09437 tp: 1.08326 -> sl: 1.09437 tp: 1.08315
0	13:02:08.125	'89010303': order #6684032 sell 0.01 EURUSD at 1.09022 was modified -> sl: 1.09437 tp: 1.08315
0	13:02:08.125	'89010303': modify order #6684041 sell 0.01 EURUSD at 1.08984 sl: 1.09409 tp: 1.07640 -> sl: 1.09409 tp: 1.07602
0	13:02:08.323	'89010303': order #6684041 sell 0.01 EURUSD at 1.08984 was modified -> sl: 1.09409 tp: 1.07602
0	13:02:36.953	'89010303': instant order sell 0.01 EURUSD at 1.08708 sl: 1.09134 tp: 1.08308
0	13:02:37.379	'89010303': order was opened : #6684444 sell 0.01 EURUSD at 1.08708 sl: 1.09134 tp: 1.08308
0	13:02:37.412	'89010303': instant order sell 0.01 EURUSD at 1.08708 sl: 1.09130 tp: 1.08308
0	13:02:37.611	'89010303': order was opened : #6684445 sell 0.01 EURUSD at 1.08705 sl: 1.09130 tp: 1.08308
0	13:04:56.614	'89010303': close order #6657286 buy 0.01 EURUSD at 1.08626 sl: 1.08199 tp: 1.09900 at price 1.08678
0	13:04:57.203	'89010303': order #6657286 buy 0.01 EURUSD at 1.08626 sl: 1.08199 tp: 1.09900 closed at price 1.08682
0	13:04:57.268	'89010303': instant order buy 0.01 EURUSD at 1.08709 sl: 1.08284 tp: 1.09109
0	13:04:57.499	'89010303': order was opened : #6684515 buy 0.01 EURUSD at 1.08712 sl: 1.08284 tp: 1.09109
0	13:07:33.515	'89010303': close order #6683876 buy 0.01 EURUSD at 1.08687 sl: 1.08247 tp: 1.09384 at price 1.08711
0	13:07:33.874	'89010303': order #6683876 buy 0.01 EURUSD at 1.08687 sl: 1.08247 tp: 1.09384 closed at price 1.08725
0	13:07:41.604	'89010303': close order #6683877 buy 0.01 EURUSD at 1.08692 sl: 1.08261 tp: 1.09386 at price 1.08727
0	13:07:41.868	'89010303': order #6683877 buy 0.01 EURUSD at 1.08692 sl: 1.08261 tp: 1.09386 closed at price 1.08727
0	13:07:59.968	'89010303': instant order sell 0.01 EURUSD at 1.08735 sl: 1.09162 tp: 1.08335
0	13:08:00.289	'89010303': order was opened : #6684560 sell 0.01 EURUSD at 1.08737 sl: 1.09162 tp: 1.08335
0	13:08:18.143	'89010303': modify order #6684515 buy 0.01 EURUSD at 1.08712 sl: 1.08284 tp: 1.09109 -> sl: 1.08284 tp: 1.09158
0	13:08:18.662	'89010303': order #6684515 buy 0.01 EURUSD at 1.08712 was modified -> sl: 1.08284 tp: 1.09158
0	13:08:18.861	'89010303': modify order #6684560 sell 0.01 EURUSD at 1.08737 sl: 1.09162 tp: 1.08335 -> sl: 1.09162 tp: 1.08330
0	13:08:19.055	'89010303': order #6684560 sell 0.01 EURUSD at 1.08737 was modified -> sl: 1.09162 tp: 1.08330
0	13:08:19.055	'89010303': instant order sell 0.01 EURUSD at 1.08729 sl: 1.09157 tp: 1.08540
0	13:08:19.282	'89010303': order was opened : #6684568 sell 0.01 EURUSD at 1.08729 sl: 1.09157 tp: 1.08540
0	13:14:10.414	'89010303': modify order #6684560 sell 0.01 EURUSD at 1.08737 sl: 1.09162 tp: 1.08330 -> sl: 1.09162 tp: 1.08323
0	13:14:10.840	'89010303': order #6684560 sell 0.01 EURUSD at 1.08737 was modified -> sl: 1.09162 tp: 1.08323
0	13:14:10.840	'89010303': modify order #6684568 sell 0.01 EURUSD at 1.08729 sl: 1.09157 tp: 1.08540 -> sl: 1.09157 tp: 1.08525
0	13:14:11.063	'89010303': order #6684568 sell 0.01 EURUSD at 1.08729 was modified -> sl: 1.09157 tp: 1.08525
0	13:19:21.124	'89010303': modify order #6683659 sell 0.01 EURUSD at 1.08906 sl: 1.09325 tp: 1.08315 -> sl: 1.09325 tp: 1.08184
0	13:19:21.384	'89010303': order #6683659 sell 0.01 EURUSD at 1.08906 was modified -> sl: 1.09325 tp: 1.08184
0	13:19:21.384	'89010303': modify order #6683796 sell 0.01 EURUSD at 1.08823 sl: 1.09250 tp: 1.07603 -> sl: 1.09250 tp: 1.07393
0	13:19:21.583	'89010303': order #6683796 sell 0.01 EURUSD at 1.08823 was modified -> sl: 1.09250 tp: 1.07393
0	13:19:21.616	'89010303': modify order #6683797 sell 0.01 EURUSD at 1.08823 sl: 1.09251 tp: 1.08313 -> sl: 1.09251 tp: 1.08185
0	13:19:21.778	'89010303': order #6683797 sell 0.01 EURUSD at 1.08823 was modified -> sl: 1.09251 tp: 1.08185
0	13:19:21.781	'89010303': modify order #6683798 sell 0.01 EURUSD at 1.08823 sl: 1.09251 tp: 1.08313 -> sl: 1.09251 tp: 1.08186
0	13:19:21.973	'89010303': order #6683798 sell 0.01 EURUSD at 1.08823 was modified -> sl: 1.09251 tp: 1.08186
0	13:19:21.973	'89010303': modify order #6683899 sell 0.01 EURUSD at 1.08798 sl: 1.09145 tp: 1.08313 -> sl: 1.09145 tp: 1.08183
0	13:19:22.237	'89010303': order #6683899 sell 0.01 EURUSD at 1.08798 was modified -> sl: 1.09145 tp: 1.08183
0	13:19:22.237	'89010303': modify order #6683909 sell 0.01 EURUSD at 1.08802 sl: 1.09229 tp: 1.08313 -> sl: 1.09229 tp: 1.08185
0	13:19:22.464	'89010303': order #6683909 sell 0.01 EURUSD at 1.08802 was modified -> sl: 1.09229 tp: 1.08185
0	13:19:22.464	'89010303': modify order #6684032 sell 0.01 EURUSD at 1.09022 sl: 1.09437 tp: 1.08315 -> sl: 1.09437 tp: 1.08186
0	13:19:22.663	'89010303': order #6684032 sell 0.01 EURUSD at 1.09022 was modified -> sl: 1.09437 tp: 1.08186
0	13:19:22.728	'89010303': modify order #6684041 sell 0.01 EURUSD at 1.08984 sl: 1.09409 tp: 1.07602 -> sl: 1.09409 tp: 1.07393
0	13:19:22.890	'89010303': order #6684041 sell 0.01 EURUSD at 1.08984 was modified -> sl: 1.09409 tp: 1.07393
0	13:19:22.955	'89010303': modify order #6684444 sell 0.01 EURUSD at 1.08708 sl: 1.09134 tp: 1.08308 -> sl: 1.09134 tp: 1.08186
0	13:19:23.150	'89010303': order #6684444 sell 0.01 EURUSD at 1.08708 was modified -> sl: 1.09134 tp: 1.08186
0	13:19:23.150	'89010303': modify order #6684445 sell 0.01 EURUSD at 1.08705 sl: 1.09130 tp: 1.08308 -> sl: 1.09130 tp: 1.08185
0	13:19:23.377	'89010303': order #6684445 sell 0.01 EURUSD at 1.08705 was modified -> sl: 1.09130 tp: 1.08185
0	13:19:23.409	'89010303': modify order #6684560 sell 0.01 EURUSD at 1.08737 sl: 1.09162 tp: 1.08323 -> sl: 1.09162 tp: 1.08185
0	13:19:23.572	'89010303': order #6684560 sell 0.01 EURUSD at 1.08737 was modified -> sl: 1.09162 tp: 1.08185
0	13:29:30.226	'89010303': close order #6684515 buy 0.01 EURUSD at 1.08712 sl: 1.08284 tp: 1.09158 at price 1.08748
0	13:29:31.366	'89010303': order #6684515 buy 0.01 EURUSD at 1.08712 sl: 1.08284 tp: 1.09158 closed at price 1.08748
0	13:29:31.431	'89010303': instant order sell 0.01 EURUSD at 1.08748 sl: 1.09174 tp: 1.08348
0	13:29:31.622	'89010303': order was opened : #6684879 sell 0.01 EURUSD at 1.08749 sl: 1.09174 tp: 1.08348
0	13:50:20.735	'89010303': modify order #6684879 sell 0.01 EURUSD at 1.08749 sl: 1.09174 tp: 1.08348 -> sl: 1.09174 tp: 1.08327
0	13:50:21.322	'89010303': order #6684879 sell 0.01 EURUSD at 1.08749 was modified -> sl: 1.09174 tp: 1.08327
0	13:56:03.380	'89010303': modify order #6684879 sell 0.01 EURUSD at 1.08749 sl: 1.09174 tp: 1.08327 -> sl: 1.09174 tp: 1.08315
0	13:56:03.835	'89010303': order #6684879 sell 0.01 EURUSD at 1.08749 was modified -> sl: 1.09174 tp: 1.08315
0	14:00:24.007	'89010303': modify order #6684879 sell 0.01 EURUSD at 1.08749 sl: 1.09174 tp: 1.08315 -> sl: 1.09174 tp: 1.08298
0	14:00:24.396	'89010303': order #6684879 sell 0.01 EURUSD at 1.08749 was modified -> sl: 1.09174 tp: 1.08298
0	14:37:31.404	'89010303': order #6684444 sell 0.01 EURUSD at 1.08708 closed due stop-loss at price 1.09146
0	14:37:31.404	'89010303': order #6684445 sell 0.01 EURUSD at 1.08705 closed due stop-loss at price 1.09161
0	14:37:31.404	'89010303': order #6684568 sell 0.01 EURUSD at 1.08729 closed due stop-loss at price 1.09170
0	14:37:31.404	'89010303': order #6684560 sell 0.01 EURUSD at 1.08737 closed due stop-loss at price 1.09171
0	14:37:31.404	'89010303': order #6683899 sell 0.01 EURUSD at 1.08798 closed due stop-loss at price 1.09171
0	14:37:31.502	'89010303': order #6684879 sell 0.01 EURUSD at 1.08749 closed due stop-loss at price 1.09171
0	14:40:22.874	'89010303': order #6683909 sell 0.01 EURUSD at 1.08802 closed due stop-loss at price 1.09215
0	14:40:33.930	'89010303': order #6683796 sell 0.01 EURUSD at 1.08823 closed due stop-loss at price 1.09250
0	14:40:34.189	'89010303': order #6683797 sell 0.01 EURUSD at 1.08823 closed due stop-loss at price 1.09266
0	14:40:34.189	'89010303': order #6683798 sell 0.01 EURUSD at 1.08823 closed due stop-loss at price 1.09266
0	14:40:56.875	'89010303': order #6683659 sell 0.01 EURUSD at 1.08906 closed due stop-loss at price 1.09325
0	14:42:22.430	'89010303': modify order #6683592 buy 0.01 EURUSD at 1.08821 sl: 1.08391 tp: 1.09384 -> sl: 1.08391 tp: 1.09716
0	14:42:22.658	'89010303': order #6683592 buy 0.01 EURUSD at 1.08821 was modified -> sl: 1.08391 tp: 1.09716
0	14:42:22.658	'89010303': modify order #6683718 buy 0.01 EURUSD at 1.08762 sl: 1.08354 tp: 1.09386 -> sl: 1.08354 tp: 1.09717
0	14:42:22.819	'89010303': order #6683718 buy 0.01 EURUSD at 1.08762 was modified -> sl: 1.08354 tp: 1.09717
0	14:42:22.851	'89010303': modify order #6683720 buy 0.01 EURUSD at 1.08759 sl: 1.08328 tp: 1.09385 -> sl: 1.08328 tp: 1.09718
0	14:42:22.981	'89010303': order #6683720 buy 0.01 EURUSD at 1.08759 was modified -> sl: 1.08328 tp: 1.09718
0	14:42:23.049	'89010303': modify order #6683721 buy 0.01 EURUSD at 1.08753 sl: 1.08331 tp: 1.09384 -> sl: 1.08331 tp: 1.09716
0	14:42:23.274	'89010303': order #6683721 buy 0.01 EURUSD at 1.08753 was modified -> sl: 1.08331 tp: 1.09716
0	14:42:23.274	'89010303': modify order #6683799 buy 0.01 EURUSD at 1.08851 sl: 1.08423 tp: 1.09384 -> sl: 1.08423 tp: 1.09717
0	14:42:23.472	'89010303': order #6683799 buy 0.01 EURUSD at 1.08851 was modified -> sl: 1.08423 tp: 1.09717
0	14:44:02.253	'89010303': instant order sell 0.01 EURUSD at 1.09330 sl: 1.09754 tp: 1.08930
0	14:44:02.513	'89010303': order was opened : #6685984 sell 0.01 EURUSD at 1.09332 sl: 1.09754 tp: 1.08930
0	14:44:02.580	'89010303': instant order sell 0.01 EURUSD at 1.09333 sl: 1.09760 tp: 1.08933
0	14:44:02.777	'89010303': order was opened : #6685985 sell 0.01 EURUSD at 1.09331 sl: 1.09760 tp: 1.08933
0	14:44:02.809	'89010303': instant order sell 0.01 EURUSD at 1.09331 sl: 1.09758 tp: 1.08931
0	14:44:02.935	'89010303': order was opened : #6685986 sell 0.01 EURUSD at 1.09329 sl: 1.09758 tp: 1.08931
0	14:44:02.967	'89010303': instant order sell 0.01 EURUSD at 1.09329 sl: 1.09758 tp: 1.08929
0	14:44:03.162	'89010303': order was opened : #6685987 sell 0.01 EURUSD at 1.09331 sl: 1.09758 tp: 1.08929
0	14:46:19.346	'89010303': modify order #6683592 buy 0.01 EURUSD at 1.08821 sl: 1.08391 tp: 1.09716 -> sl: 1.08391 tp: 1.09755
0	14:46:19.933	'89010303': order #6683592 buy 0.01 EURUSD at 1.08821 was modified -> sl: 1.08391 tp: 1.09755
0	14:46:19.965	'89010303': modify order #6683718 buy 0.01 EURUSD at 1.08762 sl: 1.08354 tp: 1.09717 -> sl: 1.08354 tp: 1.09755
0	14:46:20.196	'89010303': order #6683718 buy 0.01 EURUSD at 1.08762 was modified -> sl: 1.08354 tp: 1.09755
0	14:46:20.196	'89010303': modify order #6683720 buy 0.01 EURUSD at 1.08759 sl: 1.08328 tp: 1.09718 -> sl: 1.08328 tp: 1.09754
0	14:46:20.393	'89010303': order #6683720 buy 0.01 EURUSD at 1.08759 was modified -> sl: 1.08328 tp: 1.09754
0	14:46:20.520	'89010303': modify order #6683721 buy 0.01 EURUSD at 1.08753 sl: 1.08331 tp: 1.09716 -> sl: 1.08331 tp: 1.09754
0	14:46:20.715	'89010303': order #6683721 buy 0.01 EURUSD at 1.08753 was modified -> sl: 1.08331 tp: 1.09754
0	14:46:20.715	'89010303': modify order #6683799 buy 0.01 EURUSD at 1.08851 sl: 1.08423 tp: 1.09717 -> sl: 1.08423 tp: 1.09756
0	14:46:21.044	'89010303': order #6683799 buy 0.01 EURUSD at 1.08851 was modified -> sl: 1.08423 tp: 1.09756
0	14:46:21.109	'89010303': modify order #6685984 sell 0.01 EURUSD at 1.09332 sl: 1.09754 tp: 1.08930 -> sl: 1.09754 tp: 1.08928
0	14:46:21.303	'89010303': order #6685984 sell 0.01 EURUSD at 1.09332 was modified -> sl: 1.09754 tp: 1.08928
0	14:46:21.336	'89010303': modify order #6685985 sell 0.01 EURUSD at 1.09331 sl: 1.09760 tp: 1.08933 -> sl: 1.09760 tp: 1.08928
0	14:46:21.530	'89010303': order #6685985 sell 0.01 EURUSD at 1.09331 was modified -> sl: 1.09760 tp: 1.08928
0	14:46:21.533	'89010303': modify order #6685986 sell 0.01 EURUSD at 1.09329 sl: 1.09758 tp: 1.08931 -> sl: 1.09758 tp: 1.08928
0	14:46:21.762	'89010303': order #6685986 sell 0.01 EURUSD at 1.09329 was modified -> sl: 1.09758 tp: 1.08928
0	14:46:21.794	'89010303': modify order #6685987 sell 0.01 EURUSD at 1.09331 sl: 1.09758 tp: 1.08929 -> sl: 1.09758 tp: 1.08928
0	14:46:21.924	'89010303': order #6685987 sell 0.01 EURUSD at 1.09331 was modified -> sl: 1.09758 tp: 1.08928
0	14:47:26.117	'89010303': order #6684041 sell 0.01 EURUSD at 1.08984 closed due stop-loss at price 1.09409
0	14:47:27.067	'89010303': order #6684029 sell 0.01 EURUSD at 1.08999 closed due stop-loss at price 1.09446
0	14:47:27.586	'89010303': order #6684032 sell 0.01 EURUSD at 1.09022 closed due stop-loss at price 1.09446
0	14:51:37.921	'89010303': modify order #6683592 buy 0.01 EURUSD at 1.08821 sl: 1.08391 tp: 1.09755 -> sl: 1.08391 tp: 1.09868
0	14:51:38.148	'89010303': order #6683592 buy 0.01 EURUSD at 1.08821 was modified -> sl: 1.08391 tp: 1.09868
0	14:51:38.148	'89010303': modify order #6683718 buy 0.01 EURUSD at 1.08762 sl: 1.08354 tp: 1.09755 -> sl: 1.08354 tp: 1.09868
0	14:51:38.477	'89010303': order #6683718 buy 0.01 EURUSD at 1.08762 was modified -> sl: 1.08354 tp: 1.09868
0	14:51:38.477	'89010303': modify order #6683720 buy 0.01 EURUSD at 1.08759 sl: 1.08328 tp: 1.09754 -> sl: 1.08328 tp: 1.09869
0	14:51:38.671	'89010303': order #6683720 buy 0.01 EURUSD at 1.08759 was modified -> sl: 1.08328 tp: 1.09869
0	14:51:38.671	'89010303': modify order #6683721 buy 0.01 EURUSD at 1.08753 sl: 1.08331 tp: 1.09754 -> sl: 1.08331 tp: 1.09870
0	14:51:38.866	'89010303': order #6683721 buy 0.01 EURUSD at 1.08753 was modified -> sl: 1.08331 tp: 1.09870
0	14:51:38.866	'89010303': modify order #6683799 buy 0.01 EURUSD at 1.08851 sl: 1.08423 tp: 1.09756 -> sl: 1.08423 tp: 1.09870
0	14:51:39.032	'89010303': order #6683799 buy 0.01 EURUSD at 1.08851 was modified -> sl: 1.08423 tp: 1.09870
0	14:52:13.056	'89010303': instant order buy 0.01 EURUSD at 1.09545 sl: 1.09119 tp: 1.09635
0	14:52:13.380	'89010303': order was opened : #6686201 buy 0.01 EURUSD at 1.09544 sl: 1.09119 tp: 1.09635
0	14:53:29.272	'89010303': instant order buy 0.01 EURUSD at 1.09430 sl: 1.09006 tp: 1.10307
0	14:53:29.893	'89010303': order was opened : #6686215 buy 0.01 EURUSD at 1.09429 sl: 1.09006 tp: 1.10307
0	14:53:29.957	'89010303': instant order buy 0.01 EURUSD at 1.09429 sl: 1.09004 tp: 1.09829
0	14:53:30.254	'89010303': order was opened : #6686216 buy 0.01 EURUSD at 1.09429 sl: 1.09004 tp: 1.09829
0	14:59:20.842	'89010303': modify order #6686201 buy 0.01 EURUSD at 1.09544 sl: 1.09119 tp: 1.09635 -> sl: 1.09119 tp: 1.09679
0	14:59:21.138	'89010303': order #6686201 buy 0.01 EURUSD at 1.09544 was modified -> sl: 1.09119 tp: 1.09679
0	15:01:52.563	'89010303': modify order #6686215 buy 0.01 EURUSD at 1.09429 sl: 1.09006 tp: 1.10307 -> sl: 1.09006 tp: 1.10351
0	15:01:52.924	'89010303': order #6686215 buy 0.01 EURUSD at 1.09429 was modified -> sl: 1.09006 tp: 1.10351
0	15:03:08.960	'89010303': instant order buy 0.01 EURUSD at 1.09365 sl: 1.08939 tp: 1.09656
0	15:03:11.379	'89010303': order was opened : #6686345 buy 0.01 EURUSD at 1.09365 sl: 1.08939 tp: 1.09656
0	15:05:05.148	'89010303': instant order buy 0.01 EURUSD at 1.09368 sl: 1.08941 tp: 1.09768
0	15:05:05.696	'89010303': order was opened : #6686360 buy 0.01 EURUSD at 1.09359 sl: 1.08941 tp: 1.09768
0	15:05:06.223	'89010303': instant order buy 0.01 EURUSD at 1.09360 sl: 1.08934 tp: 1.09760
0	15:05:06.450	'89010303': order was opened : #6686361 buy 0.01 EURUSD at 1.09360 sl: 1.08934 tp: 1.09760
0	15:06:29.962	'89010303': modify order #6686345 buy 0.01 EURUSD at 1.09365 sl: 1.08939 tp: 1.09656 -> sl: 1.08939 tp: 1.09657
0	15:06:30.909	'89010303': order #6686345 buy 0.01 EURUSD at 1.09365 was modified -> sl: 1.08939 tp: 1.09657
0	15:06:30.909	'89010303': modify order #6686360 buy 0.01 EURUSD at 1.09359 sl: 1.08941 tp: 1.09768 -> sl: 1.08941 tp: 1.09811
0	15:06:31.107	'89010303': order #6686360 buy 0.01 EURUSD at 1.09359 was modified -> sl: 1.08941 tp: 1.09811
0	15:06:31.107	'89010303': modify order #6686361 buy 0.01 EURUSD at 1.09360 sl: 1.08934 tp: 1.09760 -> sl: 1.08934 tp: 1.09811
0	15:06:31.269	'89010303': order #6686361 buy 0.01 EURUSD at 1.09360 was modified -> sl: 1.08934 tp: 1.09811
0	15:11:19.087	'89010303': modify order #6686216 buy 0.01 EURUSD at 1.09429 sl: 1.09004 tp: 1.09829 -> sl: 1.09004 tp: 1.09838
0	15:11:19.379	'89010303': order #6686216 buy 0.01 EURUSD at 1.09429 was modified -> sl: 1.09004 tp: 1.09838
0	15:11:19.737	'89010303': modify order #6686360 buy 0.01 EURUSD at 1.09359 sl: 1.08941 tp: 1.09811 -> sl: 1.08941 tp: 1.09838
0	15:11:19.931	'89010303': order #6686360 buy 0.01 EURUSD at 1.09359 was modified -> sl: 1.08941 tp: 1.09838
0	15:11:19.931	'89010303': modify order #6686361 buy 0.01 EURUSD at 1.09360 sl: 1.08934 tp: 1.09811 -> sl: 1.08934 tp: 1.09838
0	15:11:20.129	'89010303': order #6686361 buy 0.01 EURUSD at 1.09360 was modified -> sl: 1.08934 tp: 1.09838
0	15:20:04.626	'89010303': modify order #6685984 sell 0.01 EURUSD at 1.09332 sl: 1.09754 tp: 1.08928 -> sl: 1.09754 tp: 1.08877
0	15:20:05.050	'89010303': order #6685984 sell 0.01 EURUSD at 1.09332 was modified -> sl: 1.09754 tp: 1.08877
0	15:20:05.050	'89010303': modify order #6685985 sell 0.01 EURUSD at 1.09331 sl: 1.09760 tp: 1.08928 -> sl: 1.09760 tp: 1.08877
0	15:20:05.344	'89010303': order #6685985 sell 0.01 EURUSD at 1.09331 was modified -> sl: 1.09760 tp: 1.08877
0	15:20:05.378	'89010303': modify order #6685986 sell 0.01 EURUSD at 1.09329 sl: 1.09758 tp: 1.08928 -> sl: 1.09758 tp: 1.08877
0	15:20:05.539	'89010303': order #6685986 sell 0.01 EURUSD at 1.09329 was modified -> sl: 1.09758 tp: 1.08877
0	15:20:05.571	'89010303': modify order #6685987 sell 0.01 EURUSD at 1.09331 sl: 1.09758 tp: 1.08928 -> sl: 1.09758 tp: 1.08877
0	15:20:05.766	'89010303': order #6685987 sell 0.01 EURUSD at 1.09331 was modified -> sl: 1.09758 tp: 1.08877
0	15:27:52.951	'89010303': modify order #6686215 buy 0.01 EURUSD at 1.09429 sl: 1.09006 tp: 1.10351 -> sl: 1.09006 tp: 1.10361
0	15:27:53.145	'89010303': order #6686215 buy 0.01 EURUSD at 1.09429 was modified -> sl: 1.09006 tp: 1.10361
0	15:32:31.029	'89010303': modify order #6686216 buy 0.01 EURUSD at 1.09429 sl: 1.09004 tp: 1.09838 -> sl: 1.09004 tp: 1.09857
0	15:32:32.597	'89010303': order #6686216 buy 0.01 EURUSD at 1.09429 was modified -> sl: 1.09004 tp: 1.09857
0	15:32:32.790	'89010303': modify order #6686360 buy 0.01 EURUSD at 1.09359 sl: 1.08941 tp: 1.09838 -> sl: 1.08941 tp: 1.09856
0	15:32:32.952	'89010303': order #6686360 buy 0.01 EURUSD at 1.09359 was modified -> sl: 1.08941 tp: 1.09856
0	15:32:32.984	'89010303': modify order #6686361 buy 0.01 EURUSD at 1.09360 sl: 1.08934 tp: 1.09838 -> sl: 1.08934 tp: 1.09855
0	15:32:33.114	'89010303': order #6686361 buy 0.01 EURUSD at 1.09360 was modified -> sl: 1.08934 tp: 1.09855
0	15:38:05.660	'89010303': modify order #6686215 buy 0.01 EURUSD at 1.09429 sl: 1.09006 tp: 1.10361 -> sl: 1.09006 tp: 1.10376
0	15:38:06.045	'89010303': order #6686215 buy 0.01 EURUSD at 1.09429 was modified -> sl: 1.09006 tp: 1.10376
0	15:38:06.078	'89010303': modify order #6686216 buy 0.01 EURUSD at 1.09429 sl: 1.09004 tp: 1.09857 -> sl: 1.09004 tp: 1.09858
0	15:38:06.337	'89010303': order #6686216 buy 0.01 EURUSD at 1.09429 was modified -> sl: 1.09004 tp: 1.09858
0	15:38:06.337	'89010303': modify order #6686360 buy 0.01 EURUSD at 1.09359 sl: 1.08941 tp: 1.09856 -> sl: 1.08941 tp: 1.09858
0	15:38:06.860	'89010303': order #6686360 buy 0.01 EURUSD at 1.09359 was modified -> sl: 1.08941 tp: 1.09858
0	15:38:07.646	'89010303': modify order #6686361 buy 0.01 EURUSD at 1.09360 sl: 1.08934 tp: 1.09855 -> sl: 1.08934 tp: 1.09860
0	15:38:07.873	'89010303': order #6686361 buy 0.01 EURUSD at 1.09360 was modified -> sl: 1.08934 tp: 1.09860
0	15:41:36.488	'89010303': modify order #6683592 buy 0.01 EURUSD at 1.08821 sl: 1.08391 tp: 1.09868 -> sl: 1.08391 tp: 1.09901
0	15:41:36.784	'89010303': order #6683592 buy 0.01 EURUSD at 1.08821 was modified -> sl: 1.08391 tp: 1.09901
0	15:41:36.784	'89010303': modify order #6683718 buy 0.01 EURUSD at 1.08762 sl: 1.08354 tp: 1.09868 -> sl: 1.08354 tp: 1.09901
0	15:41:36.946	'89010303': order #6683718 buy 0.01 EURUSD at 1.08762 was modified -> sl: 1.08354 tp: 1.09901
0	15:41:36.946	'89010303': modify order #6683720 buy 0.01 EURUSD at 1.08759 sl: 1.08328 tp: 1.09869 -> sl: 1.08328 tp: 1.09900
0	15:41:37.108	'89010303': order #6683720 buy 0.01 EURUSD at 1.08759 was modified -> sl: 1.08328 tp: 1.09900
0	15:41:37.108	'89010303': modify order #6683721 buy 0.01 EURUSD at 1.08753 sl: 1.08331 tp: 1.09870 -> sl: 1.08331 tp: 1.09901
0	15:41:37.400	'89010303': order #6683721 buy 0.01 EURUSD at 1.08753 was modified -> sl: 1.08331 tp: 1.09901
0	15:41:37.400	'89010303': modify order #6683799 buy 0.01 EURUSD at 1.08851 sl: 1.08423 tp: 1.09870 -> sl: 1.08423 tp: 1.09901
0	15:41:37.535	'89010303': order #6683799 buy 0.01 EURUSD at 1.08851 was modified -> sl: 1.08423 tp: 1.09901
0	15:41:37.535	'89010303': modify order #6686215 buy 0.01 EURUSD at 1.09429 sl: 1.09006 tp: 1.10376 -> sl: 1.09006 tp: 1.10431
0	15:41:37.729	'89010303': order #6686215 buy 0.01 EURUSD at 1.09429 was modified -> sl: 1.09006 tp: 1.10431
0	15:41:37.729	'89010303': modify order #6686216 buy 0.01 EURUSD at 1.09429 sl: 1.09004 tp: 1.09858 -> sl: 1.09004 tp: 1.09901
0	15:41:37.923	'89010303': order #6686216 buy 0.01 EURUSD at 1.09429 was modified -> sl: 1.09004 tp: 1.09901
0	15:41:37.923	'89010303': modify order #6686360 buy 0.01 EURUSD at 1.09359 sl: 1.08941 tp: 1.09858 -> sl: 1.08941 tp: 1.09901
0	15:41:38.086	'89010303': order #6686360 buy 0.01 EURUSD at 1.09359 was modified -> sl: 1.08941 tp: 1.09901
0	15:41:38.869	'89010303': modify order #6686361 buy 0.01 EURUSD at 1.09360 sl: 1.08934 tp: 1.09860 -> sl: 1.08934 tp: 1.09901
0	15:41:39.031	'89010303': order #6686361 buy 0.01 EURUSD at 1.09360 was modified -> sl: 1.08934 tp: 1.09901
0	15:47:40.475	'89010303': order #6686345 buy 0.01 EURUSD at 1.09365 closed due take-profit at price 1.09658
0	15:47:42.327	'89010303': order #6686201 buy 0.01 EURUSD at 1.09544 closed due take-profit at price 1.09680
0	15:48:29.771	'89010303': modify order #6683592 buy 0.01 EURUSD at 1.08821 sl: 1.08391 tp: 1.09901 -> sl: 1.08391 tp: 1.10101
0	15:48:29.998	'89010303': order #6683592 buy 0.01 EURUSD at 1.08821 was modified -> sl: 1.08391 tp: 1.10101
0	15:48:29.998	'89010303': modify order #6683718 buy 0.01 EURUSD at 1.08762 sl: 1.08354 tp: 1.09901 -> sl: 1.08354 tp: 1.10100
0	15:48:30.225	'89010303': order #6683718 buy 0.01 EURUSD at 1.08762 was modified -> sl: 1.08354 tp: 1.10100
0	15:48:30.225	'89010303': modify order #6683720 buy 0.01 EURUSD at 1.08759 sl: 1.08328 tp: 1.09900 -> sl: 1.08328 tp: 1.10101
0	15:48:30.355	'89010303': order #6683720 buy 0.01 EURUSD at 1.08759 was modified -> sl: 1.08328 tp: 1.10101
0	15:48:30.355	'89010303': modify order #6683721 buy 0.01 EURUSD at 1.08753 sl: 1.08331 tp: 1.09901 -> sl: 1.08331 tp: 1.10100
0	15:48:30.519	'89010303': order #6683721 buy 0.01 EURUSD at 1.08753 was modified -> sl: 1.08331 tp: 1.10100
0	15:48:30.519	'89010303': modify order #6683799 buy 0.01 EURUSD at 1.08851 sl: 1.08423 tp: 1.09901 -> sl: 1.08423 tp: 1.10100
0	15:48:30.715	'89010303': order #6683799 buy 0.01 EURUSD at 1.08851 was modified -> sl: 1.08423 tp: 1.10100
0	15:48:30.748	'89010303': modify order #6686215 buy 0.01 EURUSD at 1.09429 sl: 1.09006 tp: 1.10431 -> sl: 1.09006 tp: 1.10839
0	15:48:30.877	'89010303': order #6686215 buy 0.01 EURUSD at 1.09429 was modified -> sl: 1.09006 tp: 1.10839
0	15:48:30.877	'89010303': modify order #6686216 buy 0.01 EURUSD at 1.09429 sl: 1.09004 tp: 1.09901 -> sl: 1.09004 tp: 1.10101
0	15:48:31.105	'89010303': order #6686216 buy 0.01 EURUSD at 1.09429 was modified -> sl: 1.09004 tp: 1.10101
0	15:48:31.105	'89010303': modify order #6686360 buy 0.01 EURUSD at 1.09359 sl: 1.08941 tp: 1.09901 -> sl: 1.08941 tp: 1.10101
0	15:48:31.267	'89010303': order #6686360 buy 0.01 EURUSD at 1.09359 was modified -> sl: 1.08941 tp: 1.10101
0	15:48:31.267	'89010303': modify order #6686361 buy 0.01 EURUSD at 1.09360 sl: 1.08934 tp: 1.09901 -> sl: 1.08934 tp: 1.10101
0	15:48:31.466	'89010303': order #6686361 buy 0.01 EURUSD at 1.09360 was modified -> sl: 1.08934 tp: 1.10101
0	15:48:47.053	'89010303': instant order buy 0.01 EURUSD at 1.09680 sl: 1.09253 tp: 1.09820
0	15:48:47.377	'89010303': order was opened : #6686777 buy 0.01 EURUSD at 1.09680 sl: 1.09253 tp: 1.09820
0	15:49:13.341	'89010303': instant order buy 0.01 EURUSD at 1.09657 sl: 1.09232 tp: 1.10057
0	15:49:13.633	'89010303': order was opened : #6686779 buy 0.01 EURUSD at 1.09657 sl: 1.09232 tp: 1.10057
0	15:55:48.072	'89010303': modify order #6686777 buy 0.01 EURUSD at 1.09680 sl: 1.09253 tp: 1.09820 -> sl: 1.09253 tp: 1.09865
0	15:55:48.426	'89010303': order #6686777 buy 0.01 EURUSD at 1.09680 was modified -> sl: 1.09253 tp: 1.09865
0	16:00:52.933	'89010303': modify order #6686777 buy 0.01 EURUSD at 1.09680 sl: 1.09253 tp: 1.09865 -> sl: 1.09253 tp: 1.09896
0	16:00:54.600	'89010303': order #6686777 buy 0.01 EURUSD at 1.09680 was modified -> sl: 1.09253 tp: 1.09896
0	16:06:09.051	'89010303': modify order #6686777 buy 0.01 EURUSD at 1.09680 sl: 1.09253 tp: 1.09896 -> sl: 1.09253 tp: 1.09913
0	16:06:09.442	'89010303': order #6686777 buy 0.01 EURUSD at 1.09680 was modified -> sl: 1.09253 tp: 1.09913
0	16:06:09.442	'89010303': modify order #6686779 buy 0.01 EURUSD at 1.09657 sl: 1.09232 tp: 1.10057 -> sl: 1.09232 tp: 1.10080
0	16:06:09.739	'89010303': order #6686779 buy 0.01 EURUSD at 1.09657 was modified -> sl: 1.09232 tp: 1.10080
0	16:09:09.899	'89010303': modify order #6686777 buy 0.01 EURUSD at 1.09680 sl: 1.09253 tp: 1.09913 -> sl: 1.09253 tp: 1.09943
0	16:09:10.536	'89010303': order #6686777 buy 0.01 EURUSD at 1.09680 was modified -> sl: 1.09253 tp: 1.09943
0	16:09:10.601	'89010303': modify order #6686779 buy 0.01 EURUSD at 1.09657 sl: 1.09232 tp: 1.10080 -> sl: 1.09232 tp: 1.10088
0	16:09:10.860	'89010303': order #6686779 buy 0.01 EURUSD at 1.09657 was modified -> sl: 1.09232 tp: 1.10088
0	16:11:35.405	'89010303': order #6685984 sell 0.01 EURUSD at 1.09332 closed due stop-loss at price 1.09760
0	16:11:35.469	'89010303': order #6685985 sell 0.01 EURUSD at 1.09331 closed due stop-loss at price 1.09761
0	16:11:35.794	'89010303': order #6685986 sell 0.01 EURUSD at 1.09329 closed due stop-loss at price 1.09766
0	16:11:35.794	'89010303': order #6685987 sell 0.01 EURUSD at 1.09331 closed due stop-loss at price 1.09766
0	16:11:58.554	'89010303': modify order #6683592 buy 0.01 EURUSD at 1.08821 sl: 1.08391 tp: 1.10101 -> sl: 1.08391 tp: 1.10190
0	16:11:58.781	'89010303': order #6683592 buy 0.01 EURUSD at 1.08821 was modified -> sl: 1.08391 tp: 1.10190
0	16:11:58.781	'89010303': modify order #6683718 buy 0.01 EURUSD at 1.08762 sl: 1.08354 tp: 1.10100 -> sl: 1.08354 tp: 1.10188
0	16:11:59.073	'89010303': order #6683718 buy 0.01 EURUSD at 1.08762 was modified -> sl: 1.08354 tp: 1.10188
0	16:11:59.073	'89010303': modify order #6683720 buy 0.01 EURUSD at 1.08759 sl: 1.08328 tp: 1.10101 -> sl: 1.08328 tp: 1.10190
0	16:11:59.235	'89010303': order #6683720 buy 0.01 EURUSD at 1.08759 was modified -> sl: 1.08328 tp: 1.10190
0	16:11:59.235	'89010303': modify order #6683721 buy 0.01 EURUSD at 1.08753 sl: 1.08331 tp: 1.10100 -> sl: 1.08331 tp: 1.10188
0	16:11:59.397	'89010303': order #6683721 buy 0.01 EURUSD at 1.08753 was modified -> sl: 1.08331 tp: 1.10188
0	16:11:59.397	'89010303': modify order #6683799 buy 0.01 EURUSD at 1.08851 sl: 1.08423 tp: 1.10100 -> sl: 1.08423 tp: 1.10190
0	16:11:59.596	'89010303': order #6683799 buy 0.01 EURUSD at 1.08851 was modified -> sl: 1.08423 tp: 1.10190
0	16:11:59.596	'89010303': modify order #6686216 buy 0.01 EURUSD at 1.09429 sl: 1.09004 tp: 1.10101 -> sl: 1.09004 tp: 1.10190
0	16:11:59.726	'89010303': order #6686216 buy 0.01 EURUSD at 1.09429 was modified -> sl: 1.09004 tp: 1.10190
0	16:11:59.758	'89010303': modify order #6686360 buy 0.01 EURUSD at 1.09359 sl: 1.08941 tp: 1.10101 -> sl: 1.08941 tp: 1.10189
0	16:11:59.920	'89010303': order #6686360 buy 0.01 EURUSD at 1.09359 was modified -> sl: 1.08941 tp: 1.10189
0	16:11:59.920	'89010303': modify order #6686361 buy 0.01 EURUSD at 1.09360 sl: 1.08934 tp: 1.10101 -> sl: 1.08934 tp: 1.10190
0	16:12:00.148	'89010303': order #6686361 buy 0.01 EURUSD at 1.09360 was modified -> sl: 1.08934 tp: 1.10190
0	16:12:00.148	'89010303': modify order #6686777 buy 0.01 EURUSD at 1.09680 sl: 1.09253 tp: 1.09943 -> sl: 1.09253 tp: 1.09966
0	16:12:00.342	'89010303': order #6686777 buy 0.01 EURUSD at 1.09680 was modified -> sl: 1.09253 tp: 1.09966
0	16:12:00.342	'89010303': modify order #6686779 buy 0.01 EURUSD at 1.09657 sl: 1.09232 tp: 1.10088 -> sl: 1.09232 tp: 1.10190
0	16:12:00.602	'89010303': order #6686779 buy 0.01 EURUSD at 1.09657 was modified -> sl: 1.09232 tp: 1.10190
0	16:12:43.185	'89010303': instant order buy 0.01 EURUSD at 1.09760 sl: 1.09334 tp: 0.00000
0	16:12:43.574	'89010303': order was opened : #6686947 buy 0.01 EURUSD at 1.09760 sl: 1.09334 tp: 0.00000
0	16:13:17.837	'89010303': instant order buy 0.01 EURUSD at 1.09751 sl: 1.09325 tp: 1.10151
0	16:13:18.388	'89010303': order was opened : #6686949 buy 0.01 EURUSD at 1.09751 sl: 1.09325 tp: 1.10151
0	16:13:40.264	'89010303': instant order sell 0.01 EURUSD at 1.09726 sl: 1.10152 tp: 1.09326
0	16:13:40.620	'89010303': order was opened : #6686950 sell 0.01 EURUSD at 1.09726 sl: 1.10152 tp: 1.09326
0	16:15:39.418	'89010303': modify order #6686215 buy 0.01 EURUSD at 1.09429 sl: 1.09006 tp: 1.10839 -> sl: 1.09006 tp: 1.10924
0	16:15:39.633	'89010303': order #6686215 buy 0.01 EURUSD at 1.09429 was modified -> sl: 1.09006 tp: 1.10924
0	16:15:39.633	'89010303': modify order #6686777 buy 0.01 EURUSD at 1.09680 sl: 1.09253 tp: 1.09966 -> sl: 1.09253 tp: 1.09972
0	16:15:39.961	'89010303': order #6686777 buy 0.01 EURUSD at 1.09680 was modified -> sl: 1.09253 tp: 1.09972
0	16:15:40.480	'89010303': modify order #6686949 buy 0.01 EURUSD at 1.09751 sl: 1.09325 tp: 1.10151 -> sl: 1.09325 tp: 1.10165
0	16:15:40.677	'89010303': order #6686949 buy 0.01 EURUSD at 1.09751 was modified -> sl: 1.09325 tp: 1.10165
0	16:17:07.668	'89010303': modify order #6686215 buy 0.01 EURUSD at 1.09429 sl: 1.09006 tp: 1.10924 -> sl: 1.09006 tp: 1.10930
0	16:17:08.126	'89010303': order #6686215 buy 0.01 EURUSD at 1.09429 was modified -> sl: 1.09006 tp: 1.10930
0	16:17:08.260	'89010303': modify order #6686777 buy 0.01 EURUSD at 1.09680 sl: 1.09253 tp: 1.09972 -> sl: 1.09253 tp: 1.09989
0	16:17:08.423	'89010303': order #6686777 buy 0.01 EURUSD at 1.09680 was modified -> sl: 1.09253 tp: 1.09989
0	16:17:08.455	'89010303': modify order #6686947 buy 0.01 EURUSD at 1.09760 sl: 1.09334 tp: 0.00000 -> sl: 1.09334 tp: 1.09788
0	16:17:08.617	'89010303': order #6686947 buy 0.01 EURUSD at 1.09760 was modified -> sl: 1.09334 tp: 1.09788
0	16:17:08.650	'89010303': modify order #6686950 sell 0.01 EURUSD at 1.09726 sl: 1.10152 tp: 1.09326 -> sl: 1.10152 tp: 1.09322
0	16:17:08.877	'89010303': order #6686950 sell 0.01 EURUSD at 1.09726 was modified -> sl: 1.10152 tp: 1.09322
0	16:19:16.177	'89010303': modify order #6686777 buy 0.01 EURUSD at 1.09680 sl: 1.09253 tp: 1.09989 -> sl: 1.09253 tp: 1.09991
0	16:19:16.576	'89010303': order #6686777 buy 0.01 EURUSD at 1.09680 was modified -> sl: 1.09253 tp: 1.09991
0	16:19:17.130	'89010303': modify order #6686947 buy 0.01 EURUSD at 1.09760 sl: 1.09334 tp: 1.09788 -> sl: 1.09334 tp: 1.09804
0	16:19:17.420	'89010303': order #6686947 buy 0.01 EURUSD at 1.09760 was modified -> sl: 1.09334 tp: 1.09804
0	16:19:17.420	'89010303': modify order #6686950 sell 0.01 EURUSD at 1.09726 sl: 1.10152 tp: 1.09322 -> sl: 1.10152 tp: 1.09314
0	16:19:17.614	'89010303': order #6686950 sell 0.01 EURUSD at 1.09726 was modified -> sl: 1.10152 tp: 1.09314
0	16:20:15.001	'89010303': close order #6686950 sell 0.01 EURUSD at 1.09726 sl: 1.10152 tp: 1.09314 at price 1.09706
0	16:20:15.649	'89010303': order #6686950 sell 0.01 EURUSD at 1.09726 sl: 1.10152 tp: 1.09314 closed at price 1.09706
0	16:20:21.025	'89010303': instant order sell 0.01 EURUSD at 1.09680 sl: 1.10107 tp: 1.09280
0	16:20:21.192	'89010303': order was opened : #6686980 sell 0.01 EURUSD at 1.09680 sl: 1.10107 tp: 1.09280
0	16:21:10.180	'89010303': modify order #6686947 buy 0.01 EURUSD at 1.09760 sl: 1.09334 tp: 1.09804 -> sl: 1.09334 tp: 1.09814
0	16:21:10.403	'89010303': order #6686947 buy 0.01 EURUSD at 1.09760 was modified -> sl: 1.09334 tp: 1.09814
0	16:23:02.055	'89010303': modify order #6686947 buy 0.01 EURUSD at 1.09760 sl: 1.09334 tp: 1.09814 -> sl: 1.09334 tp: 1.09815
0	16:23:02.278	'89010303': order #6686947 buy 0.01 EURUSD at 1.09760 was modified -> sl: 1.09334 tp: 1.09815
0	16:25:33.550	'89010303': modify order #6686947 buy 0.01 EURUSD at 1.09760 sl: 1.09334 tp: 1.09815 -> sl: 1.09334 tp: 1.09818
0	16:25:33.806	'89010303': order #6686947 buy 0.01 EURUSD at 1.09760 was modified -> sl: 1.09334 tp: 1.09818
0	16:28:16.722	'89010303': close order #6686980 sell 0.01 EURUSD at 1.09680 sl: 1.10107 tp: 1.09280 at price 1.09676
0	16:28:17.047	'89010303': order #6686980 sell 0.01 EURUSD at 1.09680 sl: 1.10107 tp: 1.09280 closed at price 1.09677
0	16:28:19.295	'89010303': instant order sell 0.01 EURUSD at 1.09650 sl: 1.10076 tp: 1.09250
0	16:28:19.717	'89010303': order was opened : #6687005 sell 0.01 EURUSD at 1.09648 sl: 1.10076 tp: 1.09250
0	16:31:13.324	'89010303': modify order #6687005 sell 0.01 EURUSD at 1.09648 sl: 1.10076 tp: 1.09250 -> sl: 1.10076 tp: 1.09214
0	16:31:13.758	'89010303': order #6687005 sell 0.01 EURUSD at 1.09648 was modified -> sl: 1.10076 tp: 1.09214
0	16:44:57.523	'89010303': modify order #6687005 sell 0.01 EURUSD at 1.09648 sl: 1.10076 tp: 1.09214 -> sl: 1.10076 tp: 1.09193
0	16:44:57.756	'89010303': order #6687005 sell 0.01 EURUSD at 1.09648 was modified -> sl: 1.10076 tp: 1.09193
0	16:54:12.475	'89010303': modify order #6687005 sell 0.01 EURUSD at 1.09648 sl: 1.10076 tp: 1.09193 -> sl: 1.10076 tp: 1.09183
0	16:54:13.058	'89010303': order #6687005 sell 0.01 EURUSD at 1.09648 was modified -> sl: 1.10076 tp: 1.09183
0	20:03:10.727	'89010303': modify order #6687005 sell 0.01 EURUSD at 1.09648 sl: 1.10076 tp: 1.09183 -> sl: 1.10076 tp: 1.09160
0	20:03:11.461	'89010303': order #6687005 sell 0.01 EURUSD at 1.09648 was modified -> sl: 1.10076 tp: 1.09160
0	20:05:02.550	'89010303': modify order #6687005 sell 0.01 EURUSD at 1.09648 sl: 1.10076 tp: 1.09160 -> sl: 1.10076 tp: 1.09155
0	20:05:02.838	'89010303': order #6687005 sell 0.01 EURUSD at 1.09648 was modified -> sl: 1.10076 tp: 1.09155
0	20:13:10.476	'89010303': modify order #6687005 sell 0.01 EURUSD at 1.09648 sl: 1.10076 tp: 1.09155 -> sl: 1.10076 tp: 1.09150
0	20:13:11.361	'89010303': order #6687005 sell 0.01 EURUSD at 1.09648 was modified -> sl: 1.10076 tp: 1.09150
