1	16:00:03.622	'89010303': connect failed [No connection]
0	16:12:29.872	'89010303': login on FXCM-GBPReal01 through External
0	16:13:00.950	'89010303': ping to current access point External is 88.92 ms
1	16:13:25.341	MQL4 Market: failed to load products
0	21:00:22.959	'89010303': order #6428359 buy 0.01 EURUSD at 1.11300 closed due stop-loss at price 1.10914
0	21:00:22.959	'89010303': order #6428360 buy 0.01 EURUSD at 1.11301 closed due stop-loss at price 1.10914
0	21:00:23.147	'89010303': order #6428361 buy 0.01 EURUSD at 1.11297 closed due stop-loss at price 1.10914
0	21:00:23.147	'89010303': order #6428631 buy 0.01 EURUSD at 1.11382 closed due stop-loss at price 1.10914
0	21:00:23.178	'89010303': order #6428772 buy 0.01 EURUSD at 1.11361 closed due stop-loss at price 1.10914
0	21:00:23.178	'89010303': order #6428902 buy 0.01 EURUSD at 1.11368 closed due stop-loss at price 1.10914
0	21:01:03.475	'89010303': instant order sell 0.01 EURUSD at 1.10927 sl: 1.11368 tp: 0.00000
0	21:01:03.709	'89010303': order was opened : #6432800 sell 0.01 EURUSD at 1.10927 sl: 1.11368 tp: 0.00000
0	21:01:03.756	'89010303': instant order sell 0.01 EURUSD at 1.10927 sl: 1.11368 tp: 0.00000
0	21:01:03.959	'89010303': order was opened : #6432801 sell 0.01 EURUSD at 1.10927 sl: 1.11368 tp: 0.00000
0	21:01:04.006	'89010303': modify order #6427532 sell 0.01 EURUSD at 1.11719 sl: 1.11937 tp: 0.00000 -> sl: 1.11927 tp: 0.00000
0	21:01:04.178	'89010303': order #6427532 sell 0.01 EURUSD at 1.11719 was modified -> sl: 1.11927 tp: 0.00000
0	21:01:04.225	'89010303': modify order #6429071 sell 0.01 EURUSD at 1.11421 sl: 1.11802 tp: 0.00000 -> sl: 1.11739 tp: 0.00000
0	21:01:04.412	'89010303': order #6429071 sell 0.01 EURUSD at 1.11421 was modified -> sl: 1.11739 tp: 0.00000
0	21:02:03.475	'89010303': close order #6428534 sell 0.01 EURUSD at 1.11369 sl: 1.11712 tp: 0.00000 at price 1.10991
0	21:02:03.678	'89010303': order #6428534 sell 0.01 EURUSD at 1.11369 sl: 1.11712 tp: 0.00000 closed at price 1.10991
0	21:02:03.678	'89010303': close order #6429099 sell 0.01 EURUSD at 1.11473 sl: 1.11800 tp: 0.00000 at price 1.10991
0	21:02:03.912	'89010303': order #6429099 sell 0.01 EURUSD at 1.11473 sl: 1.11800 tp: 0.00000 closed at price 1.10991
0	21:02:03.959	'89010303': close order #6428518 sell 0.01 EURUSD at 1.11317 sl: 1.11706 tp: 0.00000 at price 1.10991
0	21:02:04.147	'89010303': order #6428518 sell 0.01 EURUSD at 1.11317 sl: 1.11706 tp: 0.00000 closed at price 1.10991
0	21:02:04.178	'89010303': close order #6429071 sell 0.01 EURUSD at 1.11421 sl: 1.11739 tp: 0.00000 at price 1.10991
0	21:02:04.381	'89010303': order #6429071 sell 0.01 EURUSD at 1.11421 sl: 1.11739 tp: 0.00000 closed at price 1.10991
0	21:02:04.412	'89010303': modify order #6427532 sell 0.01 EURUSD at 1.11719 sl: 1.11927 tp: 0.00000 -> sl: 1.11926 tp: 0.00000
0	21:02:04.631	'89010303': order #6427532 sell 0.01 EURUSD at 1.11719 was modified -> sl: 1.11926 tp: 0.00000
0	21:02:46.397	'89010303': close order #6425596 sell 0.01 EURUSD at 1.11815 sl: 1.11756 tp: 0.00000 at price 1.11022
0	21:02:46.600	'89010303': order #6425596 sell 0.01 EURUSD at 1.11815 sl: 1.11756 tp: 0.00000 closed at price 1.11022
0	21:02:47.381	'89010303': close order #6426710 sell 0.01 EURUSD at 1.11777 sl: 1.11786 tp: 0.00000 at price 1.11022
0	21:02:47.600	'89010303': order #6426710 sell 0.01 EURUSD at 1.11777 sl: 1.11786 tp: 0.00000 closed at price 1.11022
0	21:02:48.037	'89010303': close order #6427532 sell 0.01 EURUSD at 1.11719 sl: 1.11926 tp: 0.00000 at price 1.11021
0	21:02:48.272	'89010303': order #6427532 sell 0.01 EURUSD at 1.11719 sl: 1.11926 tp: 0.00000 closed at price 1.11015
0	21:02:48.943	'89010303': close order #6428117 sell 0.01 EURUSD at 1.11629 sl: 1.11703 tp: 0.00000 at price 1.11015
0	21:02:49.131	'89010303': order #6428117 sell 0.01 EURUSD at 1.11629 sl: 1.11703 tp: 0.00000 closed at price 1.11015
0	21:02:49.740	'89010303': close order #6428116 sell 0.01 EURUSD at 1.11628 sl: 1.11670 tp: 0.00000 at price 1.11015
0	21:02:49.928	'89010303': order #6428116 sell 0.01 EURUSD at 1.11628 sl: 1.11670 tp: 0.00000 closed at price 1.11015
0	21:02:50.615	'89010303': close order #6428124 sell 0.01 EURUSD at 1.11614 sl: 1.11670 tp: 0.00000 at price 1.11014
0	21:02:50.787	'89010303': order #6428124 sell 0.01 EURUSD at 1.11614 sl: 1.11670 tp: 0.00000 closed at price 1.11014
0	21:02:51.740	'89010303': close order #6428013 sell 0.01 EURUSD at 1.11526 sl: 1.11703 tp: 0.00000 at price 1.11014
0	21:02:51.959	'89010303': order #6428013 sell 0.01 EURUSD at 1.11526 sl: 1.11703 tp: 0.00000 closed at price 1.11014
0	21:03:05.365	'89010303': instant order sell 0.01 EURUSD at 1.10989 sl: 1.11420 tp: 0.00000
0	21:03:05.522	'89010303': order was opened : #6432834 sell 0.01 EURUSD at 1.10989 sl: 1.11420 tp: 0.00000
0	21:03:10.147	'89010303': close order #6428044 sell 0.01 EURUSD at 1.11524 sl: 1.11703 tp: 0.00000 at price 1.11021
0	21:03:10.381	'89010303': order #6428044 sell 0.01 EURUSD at 1.11524 sl: 1.11703 tp: 0.00000 closed at price 1.11021
0	21:03:10.725	'89010303': close order #6427985 sell 0.01 EURUSD at 1.11524 sl: 1.11670 tp: 0.00000 at price 1.11021
0	21:03:10.943	'89010303': order #6427985 sell 0.01 EURUSD at 1.11524 sl: 1.11670 tp: 0.00000 closed at price 1.11021
0	21:03:11.381	'89010303': close order #6427949 sell 0.01 EURUSD at 1.11478 sl: 1.11670 tp: 0.00000 at price 1.11021
0	21:03:11.615	'89010303': order #6427949 sell 0.01 EURUSD at 1.11478 sl: 1.11670 tp: 0.00000 closed at price 1.11021
0	21:03:12.053	'89010303': close order #6428183 sell 0.01 EURUSD at 1.11461 sl: 1.11728 tp: 0.00000 at price 1.11021
0	21:03:12.287	'89010303': order #6428183 sell 0.01 EURUSD at 1.11461 sl: 1.11728 tp: 0.00000 closed at price 1.11021
0	21:03:12.584	'89010303': close order #6427928 sell 0.01 EURUSD at 1.11447 sl: 1.11758 tp: 0.00000 at price 1.11021
0	21:03:12.803	'89010303': order #6427928 sell 0.01 EURUSD at 1.11447 sl: 1.11758 tp: 0.00000 closed at price 1.11021
0	21:03:13.537	'89010303': close order #6427733 sell 0.01 EURUSD at 1.11417 sl: 1.11703 tp: 0.00000 at price 1.11021
0	21:03:13.740	'89010303': order #6427733 sell 0.01 EURUSD at 1.11417 sl: 1.11703 tp: 0.00000 closed at price 1.11021
0	21:03:14.084	'89010303': close order #6428223 sell 0.01 EURUSD at 1.11402 sl: 1.11826 tp: 0.00000 at price 1.11021
0	21:03:14.272	'89010303': order #6428223 sell 0.01 EURUSD at 1.11402 sl: 1.11826 tp: 0.00000 closed at price 1.11021
0	21:03:14.944	'89010303': close order #6428992 sell 0.01 EURUSD at 1.11386 sl: 1.11759 tp: 0.00000 at price 1.11021
0	21:03:15.115	'89010303': order #6428992 sell 0.01 EURUSD at 1.11386 sl: 1.11759 tp: 0.00000 closed at price 1.11021
0	21:03:15.959	'89010303': close order #6428538 sell 0.01 EURUSD at 1.11373 sl: 1.11701 tp: 0.00000 at price 1.11021
0	21:03:16.178	'89010303': order #6428538 sell 0.01 EURUSD at 1.11373 sl: 1.11701 tp: 0.00000 closed at price 1.11021
0	21:03:17.662	'89010303': close order #6428233 sell 0.01 EURUSD at 1.11353 sl: 1.11728 tp: 0.00000 at price 1.11025
0	21:03:17.865	'89010303': order #6428233 sell 0.01 EURUSD at 1.11353 sl: 1.11728 tp: 0.00000 closed at price 1.11025
0	21:03:18.334	'89010303': close order #6428316 sell 0.01 EURUSD at 1.11310 sl: 1.11703 tp: 0.00000 at price 1.11025
0	21:03:18.522	'89010303': order #6428316 sell 0.01 EURUSD at 1.11310 sl: 1.11703 tp: 0.00000 closed at price 1.11025
0	21:03:18.990	'89010303': close order #6428509 sell 0.01 EURUSD at 1.11299 sl: 1.11724 tp: 0.00000 at price 1.11025
0	21:03:19.162	'89010303': order #6428509 sell 0.01 EURUSD at 1.11299 sl: 1.11724 tp: 0.00000 closed at price 1.11025
0	21:03:21.037	'89010303': close order #6428600 sell 0.01 EURUSD at 1.11297 sl: 1.11722 tp: 0.00000 at price 1.11013
0	21:03:21.225	'89010303': order #6428600 sell 0.01 EURUSD at 1.11297 sl: 1.11722 tp: 0.00000 closed at price 1.11013
0	21:03:21.725	'89010303': close order #6428451 sell 0.01 EURUSD at 1.11236 sl: 1.11660 tp: 0.00000 at price 1.11013
0	21:03:21.881	'89010303': order #6428451 sell 0.01 EURUSD at 1.11236 sl: 1.11660 tp: 0.00000 closed at price 1.11013
0	21:03:22.287	'89010303': close order #6432834 sell 0.01 EURUSD at 1.10989 sl: 1.11420 tp: 0.00000 at price 1.11013
0	21:03:22.490	'89010303': order #6432834 sell 0.01 EURUSD at 1.10989 sl: 1.11420 tp: 0.00000 closed at price 1.11014
0	21:03:22.803	'89010303': close order #6432801 sell 0.01 EURUSD at 1.10927 sl: 1.11368 tp: 0.00000 at price 1.11014
0	21:03:22.990	'89010303': order #6432801 sell 0.01 EURUSD at 1.10927 sl: 1.11368 tp: 0.00000 closed at price 1.11014
0	21:03:23.443	'89010303': close order #6432800 sell 0.01 EURUSD at 1.10927 sl: 1.11368 tp: 0.00000 at price 1.11014
0	21:03:23.662	'89010303': order #6432800 sell 0.01 EURUSD at 1.10927 sl: 1.11368 tp: 0.00000 closed at price 1.11014
2	21:03:27.178	Expert EA31337 EURUSD,M1: removed
