1	00:05:17.299	'89010303': connect failed [No connection]
0	00:05:29.065	'89010303': login on FXCM-GBPReal01 through External
0	00:05:30.330	'89010303': ping to current access point External is 76.81 ms
1	17:00:03.589	'89010303': connect failed [No connection]
0	17:09:44.840	'89010303': login on FXCM-GBPReal01 through External
0	17:09:46.199	'89010303': ping to current access point External is 76.81 ms
1	17:10:17.121	MQL4 Market: failed to load products
0	22:20:48.630	'89010303': modify order #7745709 buy 0.01 EURUSD at 1.08452 sl: 1.08029 tp: 1.09186 -> sl: 1.08029 tp: 1.09190
0	22:20:48.912	'89010303': order #7745709 buy 0.01 EURUSD at 1.08452 was modified -> sl: 1.08029 tp: 1.09190
0	22:20:49.021	'89010303': modify order #7745710 buy 0.01 EURUSD at 1.08453 sl: 1.08028 tp: 1.09187 -> sl: 1.08028 tp: 1.09190
0	22:20:49.193	'89010303': order #7745710 buy 0.01 EURUSD at 1.08453 was modified -> sl: 1.08028 tp: 1.09190
0	22:20:49.287	'89010303': modify order #7745711 buy 0.01 EURUSD at 1.08453 sl: 1.08028 tp: 1.09186 -> sl: 1.08028 tp: 1.09190
0	22:20:49.505	'89010303': order #7745711 buy 0.01 EURUSD at 1.08453 was modified -> sl: 1.08028 tp: 1.09190
0	22:20:49.552	'89010303': modify order #7745712 buy 0.01 EURUSD at 1.08433 sl: 1.07998 tp: 1.09186 -> sl: 1.07998 tp: 1.09190
0	22:20:49.755	'89010303': order #7745712 buy 0.01 EURUSD at 1.08433 was modified -> sl: 1.07998 tp: 1.09190
0	22:20:49.755	'89010303': modify order #7745746 buy 0.01 EURUSD at 1.08517 sl: 1.08088 tp: 1.09186 -> sl: 1.08088 tp: 1.09190
0	22:20:50.021	'89010303': order #7745746 buy 0.01 EURUSD at 1.08517 was modified -> sl: 1.08088 tp: 1.09190
0	22:25:23.787	'89010303': modify order #7745709 buy 0.01 EURUSD at 1.08452 sl: 1.08029 tp: 1.09190 -> sl: 1.08029 tp: 1.09202
0	22:25:24.037	'89010303': order #7745709 buy 0.01 EURUSD at 1.08452 was modified -> sl: 1.08029 tp: 1.09202
0	22:25:24.131	'89010303': modify order #7745710 buy 0.01 EURUSD at 1.08453 sl: 1.08028 tp: 1.09190 -> sl: 1.08028 tp: 1.09202
0	22:25:24.318	'89010303': order #7745710 buy 0.01 EURUSD at 1.08453 was modified -> sl: 1.08028 tp: 1.09202
0	22:25:24.443	'89010303': modify order #7745711 buy 0.01 EURUSD at 1.08453 sl: 1.08028 tp: 1.09190 -> sl: 1.08028 tp: 1.09201
0	22:25:24.646	'89010303': order #7745711 buy 0.01 EURUSD at 1.08453 was modified -> sl: 1.08028 tp: 1.09201
0	22:25:24.709	'89010303': modify order #7745712 buy 0.01 EURUSD at 1.08433 sl: 1.07998 tp: 1.09190 -> sl: 1.07998 tp: 1.09201
0	22:25:24.896	'89010303': order #7745712 buy 0.01 EURUSD at 1.08433 was modified -> sl: 1.07998 tp: 1.09201
0	22:25:25.006	'89010303': modify order #7745746 buy 0.01 EURUSD at 1.08517 sl: 1.08088 tp: 1.09190 -> sl: 1.08088 tp: 1.09200
0	22:25:25.177	'89010303': order #7745746 buy 0.01 EURUSD at 1.08517 was modified -> sl: 1.08088 tp: 1.09200
0	22:28:11.224	'89010303': modify order #7745709 buy 0.01 EURUSD at 1.08452 sl: 1.08029 tp: 1.09202 -> sl: 1.08029 tp: 1.09210
0	22:28:11.490	'89010303': order #7745709 buy 0.01 EURUSD at 1.08452 was modified -> sl: 1.08029 tp: 1.09210
0	22:28:11.521	'89010303': modify order #7745710 buy 0.01 EURUSD at 1.08453 sl: 1.08028 tp: 1.09202 -> sl: 1.08028 tp: 1.09210
0	22:28:11.693	'89010303': order #7745710 buy 0.01 EURUSD at 1.08453 was modified -> sl: 1.08028 tp: 1.09210
0	22:28:11.693	'89010303': modify order #7745711 buy 0.01 EURUSD at 1.08453 sl: 1.08028 tp: 1.09201 -> sl: 1.08028 tp: 1.09210
0	22:28:11.959	'89010303': order #7745711 buy 0.01 EURUSD at 1.08453 was modified -> sl: 1.08028 tp: 1.09210
0	22:28:12.006	'89010303': modify order #7745712 buy 0.01 EURUSD at 1.08433 sl: 1.07998 tp: 1.09201 -> sl: 1.07998 tp: 1.09210
0	22:28:12.224	'89010303': order #7745712 buy 0.01 EURUSD at 1.08433 was modified -> sl: 1.07998 tp: 1.09210
0	22:28:12.224	'89010303': modify order #7745746 buy 0.01 EURUSD at 1.08517 sl: 1.08088 tp: 1.09200 -> sl: 1.08088 tp: 1.09210
0	22:28:12.474	'89010303': order #7745746 buy 0.01 EURUSD at 1.08517 was modified -> sl: 1.08088 tp: 1.09210
0	23:12:14.960	'89010303': modify order #7745709 buy 0.01 EURUSD at 1.08452 sl: 1.08029 tp: 1.09210 -> sl: 1.08029 tp: 1.09211
0	23:12:15.194	'89010303': order #7745709 buy 0.01 EURUSD at 1.08452 was modified -> sl: 1.08029 tp: 1.09211
0	23:12:15.241	'89010303': modify order #7745710 buy 0.01 EURUSD at 1.08453 sl: 1.08028 tp: 1.09210 -> sl: 1.08028 tp: 1.09211
0	23:12:15.413	'89010303': order #7745710 buy 0.01 EURUSD at 1.08453 was modified -> sl: 1.08028 tp: 1.09211
0	23:12:15.413	'89010303': modify order #7745711 buy 0.01 EURUSD at 1.08453 sl: 1.08028 tp: 1.09210 -> sl: 1.08028 tp: 1.09211
0	23:12:15.710	'89010303': order #7745711 buy 0.01 EURUSD at 1.08453 was modified -> sl: 1.08028 tp: 1.09211
0	23:12:15.757	'89010303': modify order #7745712 buy 0.01 EURUSD at 1.08433 sl: 1.07998 tp: 1.09210 -> sl: 1.07998 tp: 1.09211
0	23:12:15.991	'89010303': order #7745712 buy 0.01 EURUSD at 1.08433 was modified -> sl: 1.07998 tp: 1.09211
0	23:12:16.101	'89010303': modify order #7745746 buy 0.01 EURUSD at 1.08517 sl: 1.08088 tp: 1.09210 -> sl: 1.08088 tp: 1.09211
0	23:12:16.366	'89010303': order #7745746 buy 0.01 EURUSD at 1.08517 was modified -> sl: 1.08088 tp: 1.09211
0	23:13:12.632	'89010303': order #7745699 sell 0.01 EURUSD at 1.08461 closed due stop-loss at price 1.08827
0	23:13:14.945	'89010303': modify order #7745709 buy 0.01 EURUSD at 1.08452 sl: 1.08029 tp: 1.09211 -> sl: 1.08029 tp: 1.09234
0	23:13:15.132	'89010303': order #7745709 buy 0.01 EURUSD at 1.08452 was modified -> sl: 1.08029 tp: 1.09234
0	23:13:15.226	'89010303': modify order #7745710 buy 0.01 EURUSD at 1.08453 sl: 1.08028 tp: 1.09211 -> sl: 1.08028 tp: 1.09233
0	23:13:15.398	'89010303': order #7745710 buy 0.01 EURUSD at 1.08453 was modified -> sl: 1.08028 tp: 1.09233
0	23:13:15.476	'89010303': modify order #7745711 buy 0.01 EURUSD at 1.08453 sl: 1.08028 tp: 1.09211 -> sl: 1.08028 tp: 1.09233
0	23:13:15.741	'89010303': order #7745711 buy 0.01 EURUSD at 1.08453 was modified -> sl: 1.08028 tp: 1.09233
0	23:13:15.788	'89010303': modify order #7745712 buy 0.01 EURUSD at 1.08433 sl: 1.07998 tp: 1.09211 -> sl: 1.07998 tp: 1.09233
0	23:13:16.054	'89010303': order #7745712 buy 0.01 EURUSD at 1.08433 was modified -> sl: 1.07998 tp: 1.09233
0	23:13:16.101	'89010303': modify order #7745746 buy 0.01 EURUSD at 1.08517 sl: 1.08088 tp: 1.09211 -> sl: 1.08088 tp: 1.09233
0	23:13:16.226	'89010303': order #7745746 buy 0.01 EURUSD at 1.08517 was modified -> sl: 1.08088 tp: 1.09233
0	23:13:22.366	'89010303': order #7745704 sell 0.01 EURUSD at 1.08407 closed due stop-loss at price 1.08838
0	23:14:23.991	'89010303': modify order #7745709 buy 0.01 EURUSD at 1.08452 sl: 1.08029 tp: 1.09234 -> sl: 1.08029 tp: 1.09244
0	23:14:24.257	'89010303': order #7745709 buy 0.01 EURUSD at 1.08452 was modified -> sl: 1.08029 tp: 1.09244
0	23:14:24.304	'89010303': modify order #7745710 buy 0.01 EURUSD at 1.08453 sl: 1.08028 tp: 1.09233 -> sl: 1.08028 tp: 1.09244
0	23:14:24.741	'89010303': order #7745710 buy 0.01 EURUSD at 1.08453 was modified -> sl: 1.08028 tp: 1.09244
0	23:14:24.804	'89010303': modify order #7745711 buy 0.01 EURUSD at 1.08453 sl: 1.08028 tp: 1.09233 -> sl: 1.08028 tp: 1.09246
0	23:14:25.038	'89010303': order #7745711 buy 0.01 EURUSD at 1.08453 was modified -> sl: 1.08028 tp: 1.09246
0	23:14:25.085	'89010303': modify order #7745712 buy 0.01 EURUSD at 1.08433 sl: 1.07998 tp: 1.09233 -> sl: 1.07998 tp: 1.09243
0	23:14:25.320	'89010303': order #7745712 buy 0.01 EURUSD at 1.08433 was modified -> sl: 1.07998 tp: 1.09243
0	23:14:25.366	'89010303': modify order #7745746 buy 0.01 EURUSD at 1.08517 sl: 1.08088 tp: 1.09233 -> sl: 1.08088 tp: 1.09243
0	23:14:25.585	'89010303': order #7745746 buy 0.01 EURUSD at 1.08517 was modified -> sl: 1.08088 tp: 1.09243
0	23:18:06.679	'89010303': modify order #7745709 buy 0.01 EURUSD at 1.08452 sl: 1.08029 tp: 1.09244 -> sl: 1.08029 tp: 1.09262
0	23:18:06.929	'89010303': order #7745709 buy 0.01 EURUSD at 1.08452 was modified -> sl: 1.08029 tp: 1.09262
0	23:18:06.976	'89010303': modify order #7745710 buy 0.01 EURUSD at 1.08453 sl: 1.08028 tp: 1.09244 -> sl: 1.08028 tp: 1.09262
0	23:18:07.148	'89010303': order #7745710 buy 0.01 EURUSD at 1.08453 was modified -> sl: 1.08028 tp: 1.09262
0	23:18:07.148	'89010303': modify order #7745711 buy 0.01 EURUSD at 1.08453 sl: 1.08028 tp: 1.09246 -> sl: 1.08028 tp: 1.09262
0	23:18:07.382	'89010303': order #7745711 buy 0.01 EURUSD at 1.08453 was modified -> sl: 1.08028 tp: 1.09262
0	23:18:07.429	'89010303': modify order #7745712 buy 0.01 EURUSD at 1.08433 sl: 1.07998 tp: 1.09243 -> sl: 1.07998 tp: 1.09262
0	23:18:07.648	'89010303': order #7745712 buy 0.01 EURUSD at 1.08433 was modified -> sl: 1.07998 tp: 1.09262
0	23:18:07.648	'89010303': modify order #7745746 buy 0.01 EURUSD at 1.08517 sl: 1.08088 tp: 1.09243 -> sl: 1.08088 tp: 1.09262
0	23:18:07.945	'89010303': order #7745746 buy 0.01 EURUSD at 1.08517 was modified -> sl: 1.08088 tp: 1.09262
0	23:19:59.632	'89010303': modify order #7745709 buy 0.01 EURUSD at 1.08452 sl: 1.08029 tp: 1.09262 -> sl: 1.08029 tp: 1.09279
0	23:19:59.898	'89010303': order #7745709 buy 0.01 EURUSD at 1.08452 was modified -> sl: 1.08029 tp: 1.09279
0	23:19:59.898	'89010303': modify order #7745710 buy 0.01 EURUSD at 1.08453 sl: 1.08028 tp: 1.09262 -> sl: 1.08028 tp: 1.09279
0	23:20:00.148	'89010303': order #7745710 buy 0.01 EURUSD at 1.08453 was modified -> sl: 1.08028 tp: 1.09279
0	23:20:00.179	'89010303': modify order #7745711 buy 0.01 EURUSD at 1.08453 sl: 1.08028 tp: 1.09262 -> sl: 1.08028 tp: 1.09280
0	23:20:00.429	'89010303': order #7745711 buy 0.01 EURUSD at 1.08453 was modified -> sl: 1.08028 tp: 1.09280
0	23:20:00.429	'89010303': modify order #7745712 buy 0.01 EURUSD at 1.08433 sl: 1.07998 tp: 1.09262 -> sl: 1.07998 tp: 1.09280
0	23:20:00.695	'89010303': order #7745712 buy 0.01 EURUSD at 1.08433 was modified -> sl: 1.07998 tp: 1.09280
0	23:20:00.820	'89010303': modify order #7745746 buy 0.01 EURUSD at 1.08517 sl: 1.08088 tp: 1.09262 -> sl: 1.08088 tp: 1.09280
0	23:20:01.085	'89010303': order #7745746 buy 0.01 EURUSD at 1.08517 was modified -> sl: 1.08088 tp: 1.09280
0	23:27:26.617	'89010303': modify order #7745709 buy 0.01 EURUSD at 1.08452 sl: 1.08029 tp: 1.09279 -> sl: 1.08029 tp: 1.09287
0	23:27:26.773	'89010303': order #7745709 buy 0.01 EURUSD at 1.08452 was modified -> sl: 1.08029 tp: 1.09287
0	23:27:26.898	'89010303': modify order #7745710 buy 0.01 EURUSD at 1.08453 sl: 1.08028 tp: 1.09279 -> sl: 1.08028 tp: 1.09287
0	23:27:27.086	'89010303': order #7745710 buy 0.01 EURUSD at 1.08453 was modified -> sl: 1.08028 tp: 1.09287
0	23:27:27.179	'89010303': modify order #7745711 buy 0.01 EURUSD at 1.08453 sl: 1.08028 tp: 1.09280 -> sl: 1.08028 tp: 1.09287
0	23:27:27.351	'89010303': order #7745711 buy 0.01 EURUSD at 1.08453 was modified -> sl: 1.08028 tp: 1.09287
0	23:27:27.398	'89010303': modify order #7745712 buy 0.01 EURUSD at 1.08433 sl: 1.07998 tp: 1.09280 -> sl: 1.07998 tp: 1.09287
0	23:27:27.632	'89010303': order #7745712 buy 0.01 EURUSD at 1.08433 was modified -> sl: 1.07998 tp: 1.09287
0	23:27:27.679	'89010303': modify order #7745746 buy 0.01 EURUSD at 1.08517 sl: 1.08088 tp: 1.09280 -> sl: 1.08088 tp: 1.09287
0	23:27:27.836	'89010303': order #7745746 buy 0.01 EURUSD at 1.08517 was modified -> sl: 1.08088 tp: 1.09287
