1	02:49:16.531	'89010303': connect failed [No connection]
0	02:49:24.073	'89010303': login on FXCM-GBPReal01 through External
0	02:49:26.844	'89010303': ping to current access point External is 78.52 ms
0	09:37:47.637	'89010303': order #7841670 sell 0.01 EURUSD at 1.08993 closed due stop-loss at price 1.09421
0	09:37:47.832	'89010303': order #7841671 sell 0.01 EURUSD at 1.08994 closed due stop-loss at price 1.09423
0	09:37:47.832	'89010303': order #7841672 sell 0.01 EURUSD at 1.08994 closed due stop-loss at price 1.09423
0	09:37:48.709	'89010303': order #7841713 sell 0.01 EURUSD at 1.09030 closed due stop-loss at price 1.09458
0	09:41:33.606	'89010303': modify order #7869700 buy 0.01 EURUSD at 1.08608 sl: 1.08115 tp: 1.09789 -> sl: 1.08115 tp: 1.09805
0	09:41:37.170	'89010303': order #7869700 buy 0.01 EURUSD at 1.08608 was modified -> sl: 1.08115 tp: 1.09805
0	09:43:45.187	'89010303': instant order buy 0.01 EURUSD at 1.09373 sl: 1.08946 tp: 1.09773
0	09:43:45.414	'89010303': order was opened : #7882954 buy 0.01 EURUSD at 1.09371 sl: 1.08946 tp: 1.09773
1	09:48:45.443	'89010303': connect failed [No connection]
0	09:48:53.784	'89010303': login on FXCM-GBPReal01 through External
0	09:48:56.898	'89010303': ping to current access point External is 94.51 ms
1	09:49:48.577	MQL4 Market: failed to load products
0	10:01:05.195	'89010303': modify order #7882954 buy 0.01 EURUSD at 1.09371 sl: 1.08946 tp: 1.09773 -> sl: 1.08946 tp: 1.09776
0	10:01:09.059	'89010303': order #7882954 buy 0.01 EURUSD at 1.09371 was modified -> sl: 1.08946 tp: 1.09776
0	10:02:25.140	'89010303': instant order sell 0.01 EURUSD at 1.09323 sl: 1.09748 tp: 1.09269
0	10:02:25.627	'89010303': order was opened : #7883102 sell 0.01 EURUSD at 1.09323 sl: 1.09748 tp: 1.09269
0	10:02:31.860	'89010303': instant order buy 0.01 EURUSD at 1.09340 sl: 1.08913 tp: 1.09740
0	10:02:32.153	'89010303': order was opened : #7883103 buy 0.01 EURUSD at 1.09340 sl: 1.08913 tp: 1.09740
0	10:08:26.903	'89010303': modify order #7883102 sell 0.01 EURUSD at 1.09323 sl: 1.09748 tp: 1.09269 -> sl: 1.09748 tp: 1.09266
0	10:08:27.226	'89010303': order #7883102 sell 0.01 EURUSD at 1.09323 was modified -> sl: 1.09748 tp: 1.09266
0	10:12:06.291	'89010303': modify order #7883102 sell 0.01 EURUSD at 1.09323 sl: 1.09748 tp: 1.09266 -> sl: 1.09748 tp: 1.09261
0	10:12:06.872	'89010303': order #7883102 sell 0.01 EURUSD at 1.09323 was modified -> sl: 1.09748 tp: 1.09261
0	10:13:29.238	'89010303': modify order #7883102 sell 0.01 EURUSD at 1.09323 sl: 1.09748 tp: 1.09261 -> sl: 1.09748 tp: 1.09259
0	10:13:29.591	'89010303': order #7883102 sell 0.01 EURUSD at 1.09323 was modified -> sl: 1.09748 tp: 1.09259
0	10:20:09.406	'89010303': modify order #7883102 sell 0.01 EURUSD at 1.09323 sl: 1.09748 tp: 1.09259 -> sl: 1.09748 tp: 1.09258
0	10:20:09.669	'89010303': order #7883102 sell 0.01 EURUSD at 1.09323 was modified -> sl: 1.09748 tp: 1.09258
0	10:20:09.669	'89010303': modify order #7883103 buy 0.01 EURUSD at 1.09340 sl: 1.08913 tp: 1.09740 -> sl: 1.08913 tp: 1.09756
0	10:20:09.893	'89010303': order #7883103 buy 0.01 EURUSD at 1.09340 was modified -> sl: 1.08913 tp: 1.09756
0	10:25:31.185	'89010303': modify order #7883103 buy 0.01 EURUSD at 1.09340 sl: 1.08913 tp: 1.09756 -> sl: 1.08913 tp: 1.09762
0	10:25:31.801	'89010303': order #7883103 buy 0.01 EURUSD at 1.09340 was modified -> sl: 1.08913 tp: 1.09762
0	10:29:48.857	'89010303': modify order #7883102 sell 0.01 EURUSD at 1.09323 sl: 1.09748 tp: 1.09258 -> sl: 1.09748 tp: 1.09254
0	10:29:49.310	'89010303': order #7883102 sell 0.01 EURUSD at 1.09323 was modified -> sl: 1.09748 tp: 1.09254
0	10:50:23.545	'89010303': modify order #7883103 buy 0.01 EURUSD at 1.09340 sl: 1.08913 tp: 1.09762 -> sl: 1.08913 tp: 1.09767
0	10:50:24.031	'89010303': order #7883103 buy 0.01 EURUSD at 1.09340 was modified -> sl: 1.08913 tp: 1.09767
0	11:15:37.487	'89010303': modify order #7883102 sell 0.01 EURUSD at 1.09323 sl: 1.09748 tp: 1.09254 -> sl: 1.09748 tp: 1.09229
0	11:15:37.775	'89010303': order #7883102 sell 0.01 EURUSD at 1.09323 was modified -> sl: 1.09748 tp: 1.09229
0	11:19:50.859	'89010303': modify order #7883102 sell 0.01 EURUSD at 1.09323 sl: 1.09748 tp: 1.09229 -> sl: 1.09748 tp: 1.09221
0	11:19:51.202	'89010303': order #7883102 sell 0.01 EURUSD at 1.09323 was modified -> sl: 1.09748 tp: 1.09221
0	11:23:31.758	'89010303': modify order #7883102 sell 0.01 EURUSD at 1.09323 sl: 1.09748 tp: 1.09221 -> sl: 1.09748 tp: 1.09220
0	11:23:32.432	'89010303': order #7883102 sell 0.01 EURUSD at 1.09323 was modified -> sl: 1.09748 tp: 1.09220
0	11:31:00.438	'89010303': modify order #7883102 sell 0.01 EURUSD at 1.09323 sl: 1.09748 tp: 1.09220 -> sl: 1.09748 tp: 1.09214
0	11:31:00.861	'89010303': order #7883102 sell 0.01 EURUSD at 1.09323 was modified -> sl: 1.09748 tp: 1.09214
0	11:38:42.339	'89010303': modify order #7882954 buy 0.01 EURUSD at 1.09371 sl: 1.08946 tp: 1.09776 -> sl: 1.08946 tp: 1.09786
0	11:38:42.566	'89010303': order #7882954 buy 0.01 EURUSD at 1.09371 was modified -> sl: 1.08946 tp: 1.09786
0	11:38:42.599	'89010303': modify order #7883102 sell 0.01 EURUSD at 1.09323 sl: 1.09748 tp: 1.09214 -> sl: 1.09748 tp: 1.09211
0	11:38:42.828	'89010303': order #7883102 sell 0.01 EURUSD at 1.09323 was modified -> sl: 1.09748 tp: 1.09211
0	11:38:42.828	'89010303': modify order #7883103 buy 0.01 EURUSD at 1.09340 sl: 1.08913 tp: 1.09767 -> sl: 1.08913 tp: 1.09787
0	11:38:43.122	'89010303': order #7883103 buy 0.01 EURUSD at 1.09340 was modified -> sl: 1.08913 tp: 1.09787
0	11:48:19.325	'89010303': modify order #7882954 buy 0.01 EURUSD at 1.09371 sl: 1.08946 tp: 1.09786 -> sl: 1.08946 tp: 1.09798
0	11:48:19.686	'89010303': order #7882954 buy 0.01 EURUSD at 1.09371 was modified -> sl: 1.08946 tp: 1.09798
0	11:48:19.687	'89010303': modify order #7883103 buy 0.01 EURUSD at 1.09340 sl: 1.08913 tp: 1.09787 -> sl: 1.08913 tp: 1.09798
0	11:48:19.881	'89010303': order #7883103 buy 0.01 EURUSD at 1.09340 was modified -> sl: 1.08913 tp: 1.09798
0	11:51:07.830	'89010303': modify order #7869700 buy 0.01 EURUSD at 1.08608 sl: 1.08115 tp: 1.09805 -> sl: 1.08115 tp: 1.09807
0	11:51:08.289	'89010303': order #7869700 buy 0.01 EURUSD at 1.08608 was modified -> sl: 1.08115 tp: 1.09807
0	11:51:08.289	'89010303': modify order #7882954 buy 0.01 EURUSD at 1.09371 sl: 1.08946 tp: 1.09798 -> sl: 1.08946 tp: 1.09807
0	11:51:08.646	'89010303': order #7882954 buy 0.01 EURUSD at 1.09371 was modified -> sl: 1.08946 tp: 1.09807
0	11:51:08.646	'89010303': modify order #7883103 buy 0.01 EURUSD at 1.09340 sl: 1.08913 tp: 1.09798 -> sl: 1.08913 tp: 1.09807
0	11:51:08.877	'89010303': order #7883103 buy 0.01 EURUSD at 1.09340 was modified -> sl: 1.08913 tp: 1.09807
0	11:54:29.532	'89010303': modify order #7869700 buy 0.01 EURUSD at 1.08608 sl: 1.08115 tp: 1.09807 -> sl: 1.08115 tp: 1.09859
0	11:54:29.804	'89010303': order #7869700 buy 0.01 EURUSD at 1.08608 was modified -> sl: 1.08115 tp: 1.09859
0	11:54:29.901	'89010303': modify order #7882954 buy 0.01 EURUSD at 1.09371 sl: 1.08946 tp: 1.09807 -> sl: 1.08946 tp: 1.09859
0	11:54:30.096	'89010303': order #7882954 buy 0.01 EURUSD at 1.09371 was modified -> sl: 1.08946 tp: 1.09859
0	11:54:30.096	'89010303': modify order #7883103 buy 0.01 EURUSD at 1.09340 sl: 1.08913 tp: 1.09807 -> sl: 1.08913 tp: 1.09859
0	11:54:30.392	'89010303': order #7883103 buy 0.01 EURUSD at 1.09340 was modified -> sl: 1.08913 tp: 1.09859
0	12:02:51.844	'89010303': order #7841661 sell 0.01 EURUSD at 1.09058 closed due stop-loss at price 1.09487
0	12:03:00.043	'89010303': modify order #7869700 buy 0.01 EURUSD at 1.08608 sl: 1.08115 tp: 1.09859 -> sl: 1.08115 tp: 1.09881
0	12:03:00.854	'89010303': order #7869700 buy 0.01 EURUSD at 1.08608 was modified -> sl: 1.08115 tp: 1.09881
0	12:03:00.952	'89010303': modify order #7882954 buy 0.01 EURUSD at 1.09371 sl: 1.08946 tp: 1.09859 -> sl: 1.08946 tp: 1.09881
0	12:03:01.147	'89010303': order #7882954 buy 0.01 EURUSD at 1.09371 was modified -> sl: 1.08946 tp: 1.09881
0	12:03:01.147	'89010303': modify order #7883103 buy 0.01 EURUSD at 1.09340 sl: 1.08913 tp: 1.09859 -> sl: 1.08913 tp: 1.09881
0	12:03:01.378	'89010303': order #7883103 buy 0.01 EURUSD at 1.09340 was modified -> sl: 1.08913 tp: 1.09881
0	12:03:57.810	'89010303': instant order buy 0.01 EURUSD at 1.09458 sl: 1.09032 tp: 1.09496
0	12:03:58.459	'89010303': order was opened : #7884535 buy 0.01 EURUSD at 1.09459 sl: 1.09032 tp: 1.09496
0	12:04:33.752	'89010303': instant order sell 0.01 EURUSD at 1.09420 sl: 1.09846 tp: 1.09020
0	12:04:35.151	'89010303': order was opened : #7884574 sell 0.01 EURUSD at 1.09414 sl: 1.09846 tp: 1.09020
0	12:08:55.110	'89010303': modify order #7884574 sell 0.01 EURUSD at 1.09414 sl: 1.09846 tp: 1.09020 -> sl: 1.09846 tp: 1.09000
0	12:08:55.369	'89010303': order #7884574 sell 0.01 EURUSD at 1.09414 was modified -> sl: 1.09846 tp: 1.09000
0	12:39:03.400	'89010303': order #7841662 sell 0.01 EURUSD at 1.09059 closed due stop-loss at price 1.09487
0	12:41:57.440	'89010303': instant order buy 0.01 EURUSD at 1.09446 sl: 1.09020 tp: 1.09513
0	12:41:57.862	'89010303': order was opened : #7886723 buy 0.01 EURUSD at 1.09445 sl: 1.09020 tp: 1.09513
0	12:53:05.351	'89010303': modify order #7884574 sell 0.01 EURUSD at 1.09414 sl: 1.09846 tp: 1.09000 -> sl: 1.09846 tp: 1.08959
0	12:53:05.801	'89010303': order #7884574 sell 0.01 EURUSD at 1.09414 was modified -> sl: 1.09846 tp: 1.08959
0	12:53:05.834	'89010303': modify order #7886723 buy 0.01 EURUSD at 1.09445 sl: 1.09020 tp: 1.09513 -> sl: 1.09020 tp: 1.09514
0	12:53:06.061	'89010303': order #7886723 buy 0.01 EURUSD at 1.09445 was modified -> sl: 1.09020 tp: 1.09514
0	12:57:40.394	'89010303': modify order #7884535 buy 0.01 EURUSD at 1.09459 sl: 1.09032 tp: 1.09496 -> sl: 1.09032 tp: 1.09501
0	12:57:40.613	'89010303': order #7884535 buy 0.01 EURUSD at 1.09459 was modified -> sl: 1.09032 tp: 1.09501
0	13:03:00.146	'89010303': modify order #7886723 buy 0.01 EURUSD at 1.09445 sl: 1.09020 tp: 1.09514 -> sl: 1.09020 tp: 1.09516
0	13:03:01.381	'89010303': order #7886723 buy 0.01 EURUSD at 1.09445 was modified -> sl: 1.09020 tp: 1.09516
0	13:09:46.765	'89010303': modify order #7886723 buy 0.01 EURUSD at 1.09445 sl: 1.09020 tp: 1.09516 -> sl: 1.09020 tp: 1.09526
0	13:09:47.147	'89010303': order #7886723 buy 0.01 EURUSD at 1.09445 was modified -> sl: 1.09020 tp: 1.09526
0	13:13:15.854	'89010303': order #7841701 sell 0.01 EURUSD at 1.09069 closed due stop-loss at price 1.09496
0	13:13:31.142	'89010303': modify order #7869700 buy 0.01 EURUSD at 1.08608 sl: 1.08115 tp: 1.09881 -> sl: 1.08115 tp: 1.09904
0	13:13:31.434	'89010303': order #7869700 buy 0.01 EURUSD at 1.08608 was modified -> sl: 1.08115 tp: 1.09904
0	13:13:31.434	'89010303': modify order #7882954 buy 0.01 EURUSD at 1.09371 sl: 1.08946 tp: 1.09881 -> sl: 1.08946 tp: 1.09904
0	13:13:31.597	'89010303': order #7882954 buy 0.01 EURUSD at 1.09371 was modified -> sl: 1.08946 tp: 1.09904
0	13:13:31.597	'89010303': modify order #7883103 buy 0.01 EURUSD at 1.09340 sl: 1.08913 tp: 1.09881 -> sl: 1.08913 tp: 1.09904
0	13:13:31.759	'89010303': order #7883103 buy 0.01 EURUSD at 1.09340 was modified -> sl: 1.08913 tp: 1.09904
0	13:13:31.759	'89010303': modify order #7886723 buy 0.01 EURUSD at 1.09445 sl: 1.09020 tp: 1.09526 -> sl: 1.09020 tp: 1.09529
0	13:13:31.987	'89010303': order #7886723 buy 0.01 EURUSD at 1.09445 was modified -> sl: 1.09020 tp: 1.09529
0	13:14:47.657	'89010303': order #7884535 buy 0.01 EURUSD at 1.09459 closed due take-profit at price 1.09501
0	13:15:23.096	'89010303': instant order buy 0.01 EURUSD at 1.09528 sl: 1.09102 tp: 1.09928
0	13:15:23.518	'89010303': order was opened : #7888175 buy 0.01 EURUSD at 1.09526 sl: 1.09102 tp: 1.09928
0	13:15:23.615	'89010303': instant order buy 0.01 EURUSD at 1.09526 sl: 1.09100 tp: 1.09926
0	13:15:23.778	'89010303': order was opened : #7888176 buy 0.01 EURUSD at 1.09526 sl: 1.09100 tp: 1.09926
0	13:19:05.836	'89010303': modify order #7869700 buy 0.01 EURUSD at 1.08608 sl: 1.08115 tp: 1.09904 -> sl: 1.08115 tp: 1.09916
0	13:19:06.225	'89010303': order #7869700 buy 0.01 EURUSD at 1.08608 was modified -> sl: 1.08115 tp: 1.09916
0	13:19:06.323	'89010303': modify order #7882954 buy 0.01 EURUSD at 1.09371 sl: 1.08946 tp: 1.09904 -> sl: 1.08946 tp: 1.09916
0	13:19:06.489	'89010303': order #7882954 buy 0.01 EURUSD at 1.09371 was modified -> sl: 1.08946 tp: 1.09916
0	13:19:06.554	'89010303': modify order #7883103 buy 0.01 EURUSD at 1.09340 sl: 1.08913 tp: 1.09904 -> sl: 1.08913 tp: 1.09916
0	13:19:06.749	'89010303': order #7883103 buy 0.01 EURUSD at 1.09340 was modified -> sl: 1.08913 tp: 1.09916
0	13:19:06.749	'89010303': modify order #7886723 buy 0.01 EURUSD at 1.09445 sl: 1.09020 tp: 1.09529 -> sl: 1.09020 tp: 1.09548
0	13:19:06.944	'89010303': order #7886723 buy 0.01 EURUSD at 1.09445 was modified -> sl: 1.09020 tp: 1.09548
0	13:21:07.494	'89010303': order #7886723 buy 0.01 EURUSD at 1.09445 closed due take-profit at price 1.09548
0	13:24:35.847	'89010303': modify order #7869700 buy 0.01 EURUSD at 1.08608 sl: 1.08115 tp: 1.09916 -> sl: 1.08115 tp: 1.09996
0	13:24:36.073	'89010303': order #7869700 buy 0.01 EURUSD at 1.08608 was modified -> sl: 1.08115 tp: 1.09996
0	13:24:36.105	'89010303': modify order #7882954 buy 0.01 EURUSD at 1.09371 sl: 1.08946 tp: 1.09916 -> sl: 1.08946 tp: 1.09996
0	13:24:36.434	'89010303': order #7882954 buy 0.01 EURUSD at 1.09371 was modified -> sl: 1.08946 tp: 1.09996
0	13:24:36.467	'89010303': modify order #7883103 buy 0.01 EURUSD at 1.09340 sl: 1.08913 tp: 1.09916 -> sl: 1.08913 tp: 1.09997
0	13:24:36.726	'89010303': order #7883103 buy 0.01 EURUSD at 1.09340 was modified -> sl: 1.08913 tp: 1.09997
0	13:24:36.759	'89010303': modify order #7888175 buy 0.01 EURUSD at 1.09526 sl: 1.09102 tp: 1.09928 -> sl: 1.09102 tp: 1.09996
0	13:24:36.922	'89010303': order #7888175 buy 0.01 EURUSD at 1.09526 was modified -> sl: 1.09102 tp: 1.09996
0	13:24:36.922	'89010303': modify order #7888176 buy 0.01 EURUSD at 1.09526 sl: 1.09100 tp: 1.09926 -> sl: 1.09100 tp: 1.09996
0	13:24:37.117	'89010303': order #7888176 buy 0.01 EURUSD at 1.09526 was modified -> sl: 1.09100 tp: 1.09996
0	13:27:22.440	'89010303': instant order buy 0.01 EURUSD at 1.09566 sl: 1.09141 tp: 1.09966
0	13:27:22.894	'89010303': order was opened : #7888276 buy 0.01 EURUSD at 1.09566 sl: 1.09141 tp: 1.09966
0	13:36:49.988	'89010303': modify order #7888276 buy 0.01 EURUSD at 1.09566 sl: 1.09141 tp: 1.09966 -> sl: 1.09141 tp: 1.09983
0	13:36:50.800	'89010303': order #7888276 buy 0.01 EURUSD at 1.09566 was modified -> sl: 1.09141 tp: 1.09983
0	13:47:03.483	'89010303': modify order #7888276 buy 0.01 EURUSD at 1.09566 sl: 1.09141 tp: 1.09983 -> sl: 1.09141 tp: 1.09985
0	13:47:03.677	'89010303': order #7888276 buy 0.01 EURUSD at 1.09566 was modified -> sl: 1.09141 tp: 1.09985
0	13:53:30.578	'89010303': modify order #7888276 buy 0.01 EURUSD at 1.09566 sl: 1.09141 tp: 1.09985 -> sl: 1.09141 tp: 1.09988
0	13:53:31.195	'89010303': order #7888276 buy 0.01 EURUSD at 1.09566 was modified -> sl: 1.09141 tp: 1.09988
0	14:33:40.293	'89010303': modify order #7869700 buy 0.01 EURUSD at 1.08608 sl: 1.08115 tp: 1.09996 -> sl: 1.08115 tp: 1.10095
0	14:33:41.405	'89010303': order #7869700 buy 0.01 EURUSD at 1.08608 was modified -> sl: 1.08115 tp: 1.10095
0	14:33:41.596	'89010303': modify order #7882954 buy 0.01 EURUSD at 1.09371 sl: 1.08946 tp: 1.09996 -> sl: 1.08946 tp: 1.10095
0	14:33:41.750	'89010303': order #7882954 buy 0.01 EURUSD at 1.09371 was modified -> sl: 1.08946 tp: 1.10095
0	14:33:41.815	'89010303': modify order #7883103 buy 0.01 EURUSD at 1.09340 sl: 1.08913 tp: 1.09997 -> sl: 1.08913 tp: 1.10095
0	14:33:42.006	'89010303': order #7883103 buy 0.01 EURUSD at 1.09340 was modified -> sl: 1.08913 tp: 1.10095
0	14:33:42.103	'89010303': modify order #7888175 buy 0.01 EURUSD at 1.09526 sl: 1.09102 tp: 1.09996 -> sl: 1.09102 tp: 1.10094
0	14:33:42.333	'89010303': order #7888175 buy 0.01 EURUSD at 1.09526 was modified -> sl: 1.09102 tp: 1.10094
0	14:33:42.363	'89010303': modify order #7888176 buy 0.01 EURUSD at 1.09526 sl: 1.09100 tp: 1.09996 -> sl: 1.09100 tp: 1.10094
0	14:33:42.558	'89010303': order #7888176 buy 0.01 EURUSD at 1.09526 was modified -> sl: 1.09100 tp: 1.10094
0	14:33:42.627	'89010303': modify order #7888276 buy 0.01 EURUSD at 1.09566 sl: 1.09141 tp: 1.09988 -> sl: 1.09141 tp: 1.10094
0	14:33:42.818	'89010303': order #7888276 buy 0.01 EURUSD at 1.09566 was modified -> sl: 1.09141 tp: 1.10094
0	15:05:34.016	'89010303': modify order #7869700 buy 0.01 EURUSD at 1.08608 sl: 1.08115 tp: 1.10095 -> sl: 1.08115 tp: 1.10104
0	15:05:34.247	'89010303': order #7869700 buy 0.01 EURUSD at 1.08608 was modified -> sl: 1.08115 tp: 1.10104
0	15:05:34.247	'89010303': modify order #7882954 buy 0.01 EURUSD at 1.09371 sl: 1.08946 tp: 1.10095 -> sl: 1.08946 tp: 1.10105
0	15:05:34.412	'89010303': order #7882954 buy 0.01 EURUSD at 1.09371 was modified -> sl: 1.08946 tp: 1.10105
0	15:05:34.412	'89010303': modify order #7883103 buy 0.01 EURUSD at 1.09340 sl: 1.08913 tp: 1.10095 -> sl: 1.08913 tp: 1.10105
0	15:05:34.572	'89010303': order #7883103 buy 0.01 EURUSD at 1.09340 was modified -> sl: 1.08913 tp: 1.10105
0	15:05:34.572	'89010303': modify order #7888175 buy 0.01 EURUSD at 1.09526 sl: 1.09102 tp: 1.10094 -> sl: 1.09102 tp: 1.10104
0	15:05:34.767	'89010303': order #7888175 buy 0.01 EURUSD at 1.09526 was modified -> sl: 1.09102 tp: 1.10104
0	15:05:34.865	'89010303': modify order #7888176 buy 0.01 EURUSD at 1.09526 sl: 1.09100 tp: 1.10094 -> sl: 1.09100 tp: 1.10104
0	15:05:35.091	'89010303': order #7888176 buy 0.01 EURUSD at 1.09526 was modified -> sl: 1.09100 tp: 1.10104
0	15:05:35.156	'89010303': modify order #7888276 buy 0.01 EURUSD at 1.09566 sl: 1.09141 tp: 1.10094 -> sl: 1.09141 tp: 1.10104
0	15:05:35.351	'89010303': order #7888276 buy 0.01 EURUSD at 1.09566 was modified -> sl: 1.09141 tp: 1.10104
0	15:06:10.420	'89010303': order #7883102 sell 0.01 EURUSD at 1.09323 closed due stop-loss at price 1.09750
0	15:12:37.910	'89010303': modify order #7869700 buy 0.01 EURUSD at 1.08608 sl: 1.08115 tp: 1.10104 -> sl: 1.08115 tp: 1.10223
0	15:12:38.401	'89010303': order #7869700 buy 0.01 EURUSD at 1.08608 was modified -> sl: 1.08115 tp: 1.10223
0	15:12:38.631	'89010303': modify order #7882954 buy 0.01 EURUSD at 1.09371 sl: 1.08946 tp: 1.10105 -> sl: 1.08946 tp: 1.10223
0	15:12:38.828	'89010303': order #7882954 buy 0.01 EURUSD at 1.09371 was modified -> sl: 1.08946 tp: 1.10223
0	15:12:38.828	'89010303': modify order #7883103 buy 0.01 EURUSD at 1.09340 sl: 1.08913 tp: 1.10105 -> sl: 1.08913 tp: 1.10224
0	15:12:39.088	'89010303': order #7883103 buy 0.01 EURUSD at 1.09340 was modified -> sl: 1.08913 tp: 1.10224
0	15:12:39.120	'89010303': modify order #7888175 buy 0.01 EURUSD at 1.09526 sl: 1.09102 tp: 1.10104 -> sl: 1.09102 tp: 1.10224
0	15:12:39.287	'89010303': order #7888175 buy 0.01 EURUSD at 1.09526 was modified -> sl: 1.09102 tp: 1.10224
0	15:12:39.319	'89010303': modify order #7888176 buy 0.01 EURUSD at 1.09526 sl: 1.09100 tp: 1.10104 -> sl: 1.09100 tp: 1.10225
0	15:12:39.514	'89010303': order #7888176 buy 0.01 EURUSD at 1.09526 was modified -> sl: 1.09100 tp: 1.10225
0	15:12:39.579	'89010303': modify order #7888276 buy 0.01 EURUSD at 1.09566 sl: 1.09141 tp: 1.10104 -> sl: 1.09141 tp: 1.10224
0	15:12:39.773	'89010303': order #7888276 buy 0.01 EURUSD at 1.09566 was modified -> sl: 1.09141 tp: 1.10224
0	15:15:44.167	'89010303': order #7884574 sell 0.01 EURUSD at 1.09414 closed due stop-loss at price 1.09846
0	15:17:36.319	'89010303': modify order #7869700 buy 0.01 EURUSD at 1.08608 sl: 1.08115 tp: 1.10223 -> sl: 1.08115 tp: 1.10232
0	15:17:37.618	'89010303': order #7869700 buy 0.01 EURUSD at 1.08608 was modified -> sl: 1.08115 tp: 1.10232
0	15:17:38.430	'89010303': modify order #7882954 buy 0.01 EURUSD at 1.09371 sl: 1.08946 tp: 1.10223 -> sl: 1.08946 tp: 1.10233
0	15:17:38.592	'89010303': order #7882954 buy 0.01 EURUSD at 1.09371 was modified -> sl: 1.08946 tp: 1.10233
0	15:17:38.657	'89010303': modify order #7883103 buy 0.01 EURUSD at 1.09340 sl: 1.08913 tp: 1.10224 -> sl: 1.08913 tp: 1.10233
0	15:17:38.856	'89010303': order #7883103 buy 0.01 EURUSD at 1.09340 was modified -> sl: 1.08913 tp: 1.10233
0	15:17:38.888	'89010303': modify order #7888175 buy 0.01 EURUSD at 1.09526 sl: 1.09102 tp: 1.10224 -> sl: 1.09102 tp: 1.10233
0	15:17:39.079	'89010303': order #7888175 buy 0.01 EURUSD at 1.09526 was modified -> sl: 1.09102 tp: 1.10233
0	15:17:39.144	'89010303': modify order #7888176 buy 0.01 EURUSD at 1.09526 sl: 1.09100 tp: 1.10225 -> sl: 1.09100 tp: 1.10233
0	15:17:39.339	'89010303': order #7888176 buy 0.01 EURUSD at 1.09526 was modified -> sl: 1.09100 tp: 1.10233
0	15:17:39.339	'89010303': modify order #7888276 buy 0.01 EURUSD at 1.09566 sl: 1.09141 tp: 1.10224 -> sl: 1.09141 tp: 1.10232
0	15:17:39.631	'89010303': order #7888276 buy 0.01 EURUSD at 1.09566 was modified -> sl: 1.09141 tp: 1.10232
0	15:18:21.370	'89010303': instant order buy 0.01 EURUSD at 1.09803 sl: 1.09377 tp: 1.09882
0	15:18:21.699	'89010303': order was opened : #7889369 buy 0.01 EURUSD at 1.09802 sl: 1.09377 tp: 1.09882
0	15:28:08.329	'89010303': modify order #7889369 buy 0.01 EURUSD at 1.09802 sl: 1.09377 tp: 1.09882 -> sl: 1.09377 tp: 1.09886
0	15:28:08.978	'89010303': order #7889369 buy 0.01 EURUSD at 1.09802 was modified -> sl: 1.09377 tp: 1.09886
1	19:59:47.167	'89010303': connect failed [No connection]
0	19:59:55.499	'89010303': login on FXCM-GBPReal01 through External
0	19:59:58.421	'89010303': ping to current access point External is 97.14 ms
1	20:00:49.484	MQL4 Market: failed to load products
