1	01:56:29.388	'89010303': connect failed [No connection]
0	01:56:38.459	'89010303': login on FXCM-GBPReal01 through External
0	01:56:45.836	'89010303': ping to current access point External is 80.85 ms
0	03:35:24.602	'89010303': close order #6755527 buy 0.01 EURUSD at 1.10769 sl: 1.10343 tp: 1.10880 at price 1.10783
0	03:35:26.152	'89010303': order #6755527 buy 0.01 EURUSD at 1.10769 sl: 1.10343 tp: 1.10880 closed at price 1.10783
0	03:35:27.178	'89010303': instant order buy 0.01 EURUSD at 1.10810 sl: 1.10383 tp: 0.00000
0	03:35:27.519	'89010303': order was opened : #6761203 buy 0.01 EURUSD at 1.10810 sl: 1.10383 tp: 0.00000
0	03:51:53.375	'89010303': modify order #6761203 buy 0.01 EURUSD at 1.10810 sl: 1.10383 tp: 0.00000 -> sl: 1.10383 tp: 1.10834
0	03:51:53.671	'89010303': order #6761203 buy 0.01 EURUSD at 1.10810 was modified -> sl: 1.10383 tp: 1.10834
0	04:42:49.280	'89010303': modify order #6722388 sell 0.01 EURUSD at 1.11852 sl: 1.12278 tp: 1.10215 -> sl: 1.12278 tp: 1.10177
0	04:42:49.443	'89010303': order #6722388 sell 0.01 EURUSD at 1.11852 was modified -> sl: 1.12278 tp: 1.10177
0	04:42:49.443	'89010303': modify order #6723529 sell 0.01 EURUSD at 1.12010 sl: 1.12436 tp: 1.10214 -> sl: 1.12436 tp: 1.10177
0	04:42:49.901	'89010303': order #6723529 sell 0.01 EURUSD at 1.12010 was modified -> sl: 1.12436 tp: 1.10177
0	04:42:50.226	'89010303': modify order #6723530 sell 0.01 EURUSD at 1.12010 sl: 1.12436 tp: 1.10215 -> sl: 1.12436 tp: 1.10177
0	04:42:50.453	'89010303': order #6723530 sell 0.01 EURUSD at 1.12010 was modified -> sl: 1.12436 tp: 1.10177
0	04:42:50.453	'89010303': modify order #6723917 sell 0.01 EURUSD at 1.11802 sl: 1.12229 tp: 1.10212 -> sl: 1.12229 tp: 1.10177
0	04:42:50.779	'89010303': order #6723917 sell 0.01 EURUSD at 1.11802 was modified -> sl: 1.12229 tp: 1.10177
0	04:42:51.301	'89010303': modify order #6723918 sell 0.01 EURUSD at 1.11802 sl: 1.12229 tp: 1.10213 -> sl: 1.12229 tp: 1.10177
0	04:42:51.468	'89010303': order #6723918 sell 0.01 EURUSD at 1.11802 was modified -> sl: 1.12229 tp: 1.10177
0	04:46:06.212	'89010303': modify order #6722388 sell 0.01 EURUSD at 1.11852 sl: 1.12278 tp: 1.10177 -> sl: 1.12278 tp: 1.10147
0	04:46:06.569	'89010303': order #6722388 sell 0.01 EURUSD at 1.11852 was modified -> sl: 1.12278 tp: 1.10147
0	04:46:06.569	'89010303': modify order #6723529 sell 0.01 EURUSD at 1.12010 sl: 1.12436 tp: 1.10177 -> sl: 1.12436 tp: 1.10147
0	04:46:06.828	'89010303': order #6723529 sell 0.01 EURUSD at 1.12010 was modified -> sl: 1.12436 tp: 1.10147
0	04:46:06.893	'89010303': modify order #6723530 sell 0.01 EURUSD at 1.12010 sl: 1.12436 tp: 1.10177 -> sl: 1.12436 tp: 1.10148
0	04:46:07.092	'89010303': order #6723530 sell 0.01 EURUSD at 1.12010 was modified -> sl: 1.12436 tp: 1.10148
0	04:46:07.156	'89010303': modify order #6723917 sell 0.01 EURUSD at 1.11802 sl: 1.12229 tp: 1.10177 -> sl: 1.12229 tp: 1.10148
0	04:46:07.448	'89010303': order #6723917 sell 0.01 EURUSD at 1.11802 was modified -> sl: 1.12229 tp: 1.10148
0	04:46:07.482	'89010303': modify order #6723918 sell 0.01 EURUSD at 1.11802 sl: 1.12229 tp: 1.10177 -> sl: 1.12229 tp: 1.10147
0	04:46:07.745	'89010303': order #6723918 sell 0.01 EURUSD at 1.11802 was modified -> sl: 1.12229 tp: 1.10147
0	04:48:11.154	'89010303': modify order #6722388 sell 0.01 EURUSD at 1.11852 sl: 1.12278 tp: 1.10147 -> sl: 1.12278 tp: 1.10116
0	04:48:11.519	'89010303': order #6722388 sell 0.01 EURUSD at 1.11852 was modified -> sl: 1.12278 tp: 1.10116
0	04:48:11.551	'89010303': modify order #6723529 sell 0.01 EURUSD at 1.12010 sl: 1.12436 tp: 1.10147 -> sl: 1.12436 tp: 1.10117
0	04:48:11.748	'89010303': order #6723529 sell 0.01 EURUSD at 1.12010 was modified -> sl: 1.12436 tp: 1.10117
0	04:48:11.748	'89010303': modify order #6723530 sell 0.01 EURUSD at 1.12010 sl: 1.12436 tp: 1.10148 -> sl: 1.12436 tp: 1.10117
0	04:48:12.042	'89010303': order #6723530 sell 0.01 EURUSD at 1.12010 was modified -> sl: 1.12436 tp: 1.10117
0	04:48:12.075	'89010303': modify order #6723917 sell 0.01 EURUSD at 1.11802 sl: 1.12229 tp: 1.10148 -> sl: 1.12229 tp: 1.10116
0	04:48:12.237	'89010303': order #6723917 sell 0.01 EURUSD at 1.11802 was modified -> sl: 1.12229 tp: 1.10116
0	04:48:12.237	'89010303': modify order #6723918 sell 0.01 EURUSD at 1.11802 sl: 1.12229 tp: 1.10147 -> sl: 1.12229 tp: 1.10116
0	04:48:12.464	'89010303': order #6723918 sell 0.01 EURUSD at 1.11802 was modified -> sl: 1.12229 tp: 1.10116
1	07:41:10.686	'89010303': connect failed [No connection]
0	07:41:18.298	'89010303': login on FXCM-GBPReal01 through External
0	07:41:25.414	'89010303': ping to current access point External is 94.77 ms
1	07:42:08.949	MQL4 Market: failed to load products
0	07:55:05.472	'89010303': order #6761203 buy 0.01 EURUSD at 1.10810 closed due take-profit at price 1.10841
0	08:04:41.796	'89010303': instant order buy 0.01 EURUSD at 1.10903 sl: 1.10476 tp: 1.10970
0	08:04:42.884	'89010303': order was opened : #6762465 buy 0.01 EURUSD at 1.10902 sl: 1.10476 tp: 1.10970
0	08:10:40.997	'89010303': modify order #6762465 buy 0.01 EURUSD at 1.10902 sl: 1.10476 tp: 1.10970 -> sl: 1.10476 tp: 1.10983
0	08:10:41.297	'89010303': order #6762465 buy 0.01 EURUSD at 1.10902 was modified -> sl: 1.10476 tp: 1.10983
0	08:40:52.922	'89010303': modify order #6762465 buy 0.01 EURUSD at 1.10902 sl: 1.10476 tp: 1.10983 -> sl: 1.10476 tp: 1.10992
0	08:40:53.182	'89010303': order #6762465 buy 0.01 EURUSD at 1.10902 was modified -> sl: 1.10476 tp: 1.10992
0	12:35:40.192	'89010303': order #6733025 buy 0.01 EURUSD at 1.10923 closed due stop-loss at price 1.10500
0	12:35:41.956	'89010303': order #6762465 buy 0.01 EURUSD at 1.10902 closed due stop-loss at price 1.10476
0	12:35:42.184	'89010303': order #6717073 buy 0.01 EURUSD at 1.10902 closed due stop-loss at price 1.10472
0	12:36:11.678	'89010303': order #6752267 buy 0.01 EURUSD at 1.10867 closed due stop-loss at price 1.10437
0	12:37:02.648	'89010303': modify order #6722388 sell 0.01 EURUSD at 1.11852 sl: 1.12278 tp: 1.10116 -> sl: 1.12278 tp: 1.10055
0	12:37:02.978	'89010303': order #6722388 sell 0.01 EURUSD at 1.11852 was modified -> sl: 1.12278 tp: 1.10055
0	12:37:03.075	'89010303': modify order #6723529 sell 0.01 EURUSD at 1.12010 sl: 1.12436 tp: 1.10117 -> sl: 1.12436 tp: 1.10055
0	12:37:03.237	'89010303': order #6723529 sell 0.01 EURUSD at 1.12010 was modified -> sl: 1.12436 tp: 1.10055
0	12:37:03.237	'89010303': modify order #6723530 sell 0.01 EURUSD at 1.12010 sl: 1.12436 tp: 1.10117 -> sl: 1.12436 tp: 1.10056
0	12:37:03.403	'89010303': order #6723530 sell 0.01 EURUSD at 1.12010 was modified -> sl: 1.12436 tp: 1.10056
0	12:37:03.432	'89010303': modify order #6723917 sell 0.01 EURUSD at 1.11802 sl: 1.12229 tp: 1.10116 -> sl: 1.12229 tp: 1.10055
0	12:37:03.891	'89010303': order #6723917 sell 0.01 EURUSD at 1.11802 was modified -> sl: 1.12229 tp: 1.10055
0	12:37:03.891	'89010303': modify order #6723918 sell 0.01 EURUSD at 1.11802 sl: 1.12229 tp: 1.10116 -> sl: 1.12229 tp: 1.10056
0	12:37:04.085	'89010303': order #6723918 sell 0.01 EURUSD at 1.11802 was modified -> sl: 1.12229 tp: 1.10056
0	12:38:25.576	'89010303': instant order buy 0.01 EURUSD at 1.10427 sl: 1.10002 tp: 1.10713
0	12:38:25.905	'89010303': order was opened : #6765532 buy 0.01 EURUSD at 1.10426 sl: 1.10002 tp: 1.10713
0	12:38:25.970	'89010303': instant order sell 0.01 EURUSD at 1.10401 sl: 1.10826 tp: 0.00000
0	12:38:26.262	'89010303': order was opened : #6765533 sell 0.01 EURUSD at 1.10399 sl: 1.10826 tp: 0.00000
0	12:39:03.255	'89010303': instant order sell 0.01 EURUSD at 1.10415 sl: 1.10841 tp: 1.10015
0	12:39:03.466	'89010303': order was opened : #6765546 sell 0.01 EURUSD at 1.10415 sl: 1.10841 tp: 1.10015
0	12:43:44.300	'89010303': modify order #6722388 sell 0.01 EURUSD at 1.11852 sl: 1.12278 tp: 1.10055 -> sl: 1.12278 tp: 1.09954
0	12:43:44.689	'89010303': order #6722388 sell 0.01 EURUSD at 1.11852 was modified -> sl: 1.12278 tp: 1.09954
0	12:43:44.689	'89010303': modify order #6723529 sell 0.01 EURUSD at 1.12010 sl: 1.12436 tp: 1.10055 -> sl: 1.12436 tp: 1.09954
0	12:43:44.856	'89010303': order #6723529 sell 0.01 EURUSD at 1.12010 was modified -> sl: 1.12436 tp: 1.09954
0	12:43:44.856	'89010303': modify order #6723530 sell 0.01 EURUSD at 1.12010 sl: 1.12436 tp: 1.10056 -> sl: 1.12436 tp: 1.09954
0	12:43:45.018	'89010303': order #6723530 sell 0.01 EURUSD at 1.12010 was modified -> sl: 1.12436 tp: 1.09954
0	12:43:45.833	'89010303': modify order #6723905 sell 0.01 EURUSD at 1.11771 sl: 1.12197 tp: 1.10031 -> sl: 1.12197 tp: 1.09947
0	12:43:46.060	'89010303': order #6723905 sell 0.01 EURUSD at 1.11771 was modified -> sl: 1.12197 tp: 1.09947
0	12:43:46.222	'89010303': modify order #6723917 sell 0.01 EURUSD at 1.11802 sl: 1.12229 tp: 1.10055 -> sl: 1.12229 tp: 1.09953
0	12:43:46.356	'89010303': order #6723917 sell 0.01 EURUSD at 1.11802 was modified -> sl: 1.12229 tp: 1.09953
0	12:43:46.356	'89010303': modify order #6723918 sell 0.01 EURUSD at 1.11802 sl: 1.12229 tp: 1.10056 -> sl: 1.12229 tp: 1.09954
0	12:43:46.583	'89010303': order #6723918 sell 0.01 EURUSD at 1.11802 was modified -> sl: 1.12229 tp: 1.09954
0	12:43:46.680	'89010303': modify order #6743946 sell 0.01 EURUSD at 1.11422 sl: 1.11847 tp: 1.09950 -> sl: 1.11847 tp: 1.09807
0	12:43:46.810	'89010303': order #6743946 sell 0.01 EURUSD at 1.11422 was modified -> sl: 1.11847 tp: 1.09807
0	12:43:46.810	'89010303': modify order #6765546 sell 0.01 EURUSD at 1.10415 sl: 1.10841 tp: 1.10015 -> sl: 1.10841 tp: 1.09955
0	12:43:47.037	'89010303': order #6765546 sell 0.01 EURUSD at 1.10415 was modified -> sl: 1.10841 tp: 1.09955
0	12:48:32.805	'89010303': modify order #6722388 sell 0.01 EURUSD at 1.11852 sl: 1.12278 tp: 1.09954 -> sl: 1.12278 tp: 1.09903
0	12:48:34.399	'89010303': order #6722388 sell 0.01 EURUSD at 1.11852 was modified -> sl: 1.12278 tp: 1.09903
0	12:48:34.497	'89010303': modify order #6723529 sell 0.01 EURUSD at 1.12010 sl: 1.12436 tp: 1.09954 -> sl: 1.12436 tp: 1.09904
0	12:48:34.658	'89010303': order #6723529 sell 0.01 EURUSD at 1.12010 was modified -> sl: 1.12436 tp: 1.09904
0	12:48:34.658	'89010303': modify order #6723530 sell 0.01 EURUSD at 1.12010 sl: 1.12436 tp: 1.09954 -> sl: 1.12436 tp: 1.09904
0	12:48:34.950	'89010303': order #6723530 sell 0.01 EURUSD at 1.12010 was modified -> sl: 1.12436 tp: 1.09904
0	12:48:35.015	'89010303': modify order #6723905 sell 0.01 EURUSD at 1.11771 sl: 1.12197 tp: 1.09947 -> sl: 1.12197 tp: 1.09796
0	12:48:35.210	'89010303': order #6723905 sell 0.01 EURUSD at 1.11771 was modified -> sl: 1.12197 tp: 1.09796
0	12:48:35.275	'89010303': modify order #6723917 sell 0.01 EURUSD at 1.11802 sl: 1.12229 tp: 1.09953 -> sl: 1.12229 tp: 1.09904
0	12:48:35.437	'89010303': order #6723917 sell 0.01 EURUSD at 1.11802 was modified -> sl: 1.12229 tp: 1.09904
0	12:48:35.437	'89010303': modify order #6723918 sell 0.01 EURUSD at 1.11802 sl: 1.12229 tp: 1.09954 -> sl: 1.12229 tp: 1.09904
0	12:48:35.632	'89010303': order #6723918 sell 0.01 EURUSD at 1.11802 was modified -> sl: 1.12229 tp: 1.09904
0	12:48:35.669	'89010303': modify order #6743946 sell 0.01 EURUSD at 1.11422 sl: 1.11847 tp: 1.09807 -> sl: 1.11847 tp: 1.09657
0	12:48:35.863	'89010303': order #6743946 sell 0.01 EURUSD at 1.11422 was modified -> sl: 1.11847 tp: 1.09657
0	12:48:35.928	'89010303': modify order #6744883 sell 0.01 EURUSD at 1.11208 sl: 1.11635 tp: 1.09381 -> sl: 1.11635 tp: 1.09347
0	12:48:36.091	'89010303': order #6744883 sell 0.01 EURUSD at 1.11208 was modified -> sl: 1.11635 tp: 1.09347
0	12:48:36.123	'89010303': modify order #6765532 buy 0.01 EURUSD at 1.10426 sl: 1.10002 tp: 1.10713 -> sl: 1.10002 tp: 1.10752
0	12:48:36.253	'89010303': order #6765532 buy 0.01 EURUSD at 1.10426 was modified -> sl: 1.10002 tp: 1.10752
0	12:48:36.285	'89010303': modify order #6765546 sell 0.01 EURUSD at 1.10415 sl: 1.10841 tp: 1.09955 -> sl: 1.10841 tp: 1.09906
0	12:48:36.513	'89010303': order #6765546 sell 0.01 EURUSD at 1.10415 was modified -> sl: 1.10841 tp: 1.09906
0	12:52:09.327	'89010303': modify order #6765532 buy 0.01 EURUSD at 1.10426 sl: 1.10002 tp: 1.10752 -> sl: 1.10002 tp: 1.10761
0	12:52:09.685	'89010303': order #6765532 buy 0.01 EURUSD at 1.10426 was modified -> sl: 1.10002 tp: 1.10761
0	13:07:48.271	'89010303': modify order #6765533 sell 0.01 EURUSD at 1.10399 sl: 1.10826 tp: 0.00000 -> sl: 1.10826 tp: 1.10277
0	13:07:48.596	'89010303': order #6765533 sell 0.01 EURUSD at 1.10399 was modified -> sl: 1.10826 tp: 1.10277
0	13:10:44.104	'89010303': modify order #6765533 sell 0.01 EURUSD at 1.10399 sl: 1.10826 tp: 1.10277 -> sl: 1.10826 tp: 1.10254
0	13:10:44.283	'89010303': order #6765533 sell 0.01 EURUSD at 1.10399 was modified -> sl: 1.10826 tp: 1.10254
0	13:13:37.011	'89010303': modify order #6765533 sell 0.01 EURUSD at 1.10399 sl: 1.10826 tp: 1.10254 -> sl: 1.10826 tp: 1.10229
0	13:13:37.275	'89010303': order #6765533 sell 0.01 EURUSD at 1.10399 was modified -> sl: 1.10826 tp: 1.10229
0	13:15:53.741	'89010303': modify order #6722388 sell 0.01 EURUSD at 1.11852 sl: 1.12278 tp: 1.09903 -> sl: 1.12278 tp: 1.09896
0	13:15:54.232	'89010303': order #6722388 sell 0.01 EURUSD at 1.11852 was modified -> sl: 1.12278 tp: 1.09896
0	13:15:54.265	'89010303': modify order #6723529 sell 0.01 EURUSD at 1.12010 sl: 1.12436 tp: 1.09904 -> sl: 1.12436 tp: 1.09896
0	13:15:54.427	'89010303': order #6723529 sell 0.01 EURUSD at 1.12010 was modified -> sl: 1.12436 tp: 1.09896
0	13:15:54.427	'89010303': modify order #6723530 sell 0.01 EURUSD at 1.12010 sl: 1.12436 tp: 1.09904 -> sl: 1.12436 tp: 1.09896
0	13:15:54.654	'89010303': order #6723530 sell 0.01 EURUSD at 1.12010 was modified -> sl: 1.12436 tp: 1.09896
0	13:15:54.687	'89010303': modify order #6723905 sell 0.01 EURUSD at 1.11771 sl: 1.12197 tp: 1.09796 -> sl: 1.12197 tp: 1.09793
0	13:15:54.857	'89010303': order #6723905 sell 0.01 EURUSD at 1.11771 was modified -> sl: 1.12197 tp: 1.09793
0	13:15:55.507	'89010303': modify order #6723917 sell 0.01 EURUSD at 1.11802 sl: 1.12229 tp: 1.09904 -> sl: 1.12229 tp: 1.09897
0	13:15:55.734	'89010303': order #6723917 sell 0.01 EURUSD at 1.11802 was modified -> sl: 1.12229 tp: 1.09897
0	13:15:55.766	'89010303': modify order #6723918 sell 0.01 EURUSD at 1.11802 sl: 1.12229 tp: 1.09904 -> sl: 1.12229 tp: 1.09897
0	13:15:55.900	'89010303': order #6723918 sell 0.01 EURUSD at 1.11802 was modified -> sl: 1.12229 tp: 1.09897
0	13:15:55.900	'89010303': modify order #6743946 sell 0.01 EURUSD at 1.11422 sl: 1.11847 tp: 1.09657 -> sl: 1.11847 tp: 1.09655
0	13:15:56.095	'89010303': order #6743946 sell 0.01 EURUSD at 1.11422 was modified -> sl: 1.11847 tp: 1.09655
0	13:15:56.128	'89010303': modify order #6744883 sell 0.01 EURUSD at 1.11208 sl: 1.11635 tp: 1.09347 -> sl: 1.11635 tp: 1.09345
0	13:15:56.323	'89010303': order #6744883 sell 0.01 EURUSD at 1.11208 was modified -> sl: 1.11635 tp: 1.09345
0	13:15:57.103	'89010303': modify order #6765546 sell 0.01 EURUSD at 1.10415 sl: 1.10841 tp: 1.09906 -> sl: 1.10841 tp: 1.09895
0	13:15:57.301	'89010303': order #6765546 sell 0.01 EURUSD at 1.10415 was modified -> sl: 1.10841 tp: 1.09895
0	13:18:30.133	'89010303': modify order #6765533 sell 0.01 EURUSD at 1.10399 sl: 1.10826 tp: 1.10229 -> sl: 1.10826 tp: 1.10203
0	13:18:30.494	'89010303': order #6765533 sell 0.01 EURUSD at 1.10399 was modified -> sl: 1.10826 tp: 1.10203
0	13:24:01.178	'89010303': modify order #6722388 sell 0.01 EURUSD at 1.11852 sl: 1.12278 tp: 1.09896 -> sl: 1.12278 tp: 1.09835
0	13:24:01.670	'89010303': order #6722388 sell 0.01 EURUSD at 1.11852 was modified -> sl: 1.12278 tp: 1.09835
0	13:24:01.798	'89010303': modify order #6723529 sell 0.01 EURUSD at 1.12010 sl: 1.12436 tp: 1.09896 -> sl: 1.12436 tp: 1.09835
0	13:24:01.993	'89010303': order #6723529 sell 0.01 EURUSD at 1.12010 was modified -> sl: 1.12436 tp: 1.09835
0	13:24:02.058	'89010303': modify order #6723530 sell 0.01 EURUSD at 1.12010 sl: 1.12436 tp: 1.09896 -> sl: 1.12436 tp: 1.09834
0	13:24:02.187	'89010303': order #6723530 sell 0.01 EURUSD at 1.12010 was modified -> sl: 1.12436 tp: 1.09834
0	13:24:02.220	'89010303': modify order #6723905 sell 0.01 EURUSD at 1.11771 sl: 1.12197 tp: 1.09793 -> sl: 1.12197 tp: 1.09733
0	13:24:02.414	'89010303': order #6723905 sell 0.01 EURUSD at 1.11771 was modified -> sl: 1.12197 tp: 1.09733
0	13:24:02.451	'89010303': modify order #6723917 sell 0.01 EURUSD at 1.11802 sl: 1.12229 tp: 1.09897 -> sl: 1.12229 tp: 1.09833
0	13:24:02.645	'89010303': order #6723917 sell 0.01 EURUSD at 1.11802 was modified -> sl: 1.12229 tp: 1.09833
0	13:24:02.645	'89010303': modify order #6723918 sell 0.01 EURUSD at 1.11802 sl: 1.12229 tp: 1.09897 -> sl: 1.12229 tp: 1.09833
0	13:24:03.038	'89010303': order #6723918 sell 0.01 EURUSD at 1.11802 was modified -> sl: 1.12229 tp: 1.09833
0	13:24:03.071	'89010303': modify order #6743946 sell 0.01 EURUSD at 1.11422 sl: 1.11847 tp: 1.09655 -> sl: 1.11847 tp: 1.09593
0	13:24:03.233	'89010303': order #6743946 sell 0.01 EURUSD at 1.11422 was modified -> sl: 1.11847 tp: 1.09593
0	13:24:03.265	'89010303': modify order #6744883 sell 0.01 EURUSD at 1.11208 sl: 1.11635 tp: 1.09345 -> sl: 1.11635 tp: 1.09283
0	13:24:03.395	'89010303': order #6744883 sell 0.01 EURUSD at 1.11208 was modified -> sl: 1.11635 tp: 1.09283
0	13:24:03.460	'89010303': modify order #6765533 sell 0.01 EURUSD at 1.10399 sl: 1.10826 tp: 1.10203 -> sl: 1.10826 tp: 1.10165
0	13:24:03.654	'89010303': order #6765533 sell 0.01 EURUSD at 1.10399 was modified -> sl: 1.10826 tp: 1.10165
0	13:24:03.788	'89010303': modify order #6765546 sell 0.01 EURUSD at 1.10415 sl: 1.10841 tp: 1.09895 -> sl: 1.10841 tp: 1.09833
0	13:24:04.015	'89010303': order #6765546 sell 0.01 EURUSD at 1.10415 was modified -> sl: 1.10841 tp: 1.09833
0	13:29:10.000	'89010303': modify order #6765533 sell 0.01 EURUSD at 1.10399 sl: 1.10826 tp: 1.10165 -> sl: 1.10826 tp: 1.10141
0	13:29:10.264	'89010303': order #6765533 sell 0.01 EURUSD at 1.10399 was modified -> sl: 1.10826 tp: 1.10141
0	13:34:13.371	'89010303': modify order #6765533 sell 0.01 EURUSD at 1.10399 sl: 1.10826 tp: 1.10141 -> sl: 1.10826 tp: 1.10129
0	13:34:13.830	'89010303': order #6765533 sell 0.01 EURUSD at 1.10399 was modified -> sl: 1.10826 tp: 1.10129
0	13:38:32.595	'89010303': modify order #6765533 sell 0.01 EURUSD at 1.10399 sl: 1.10826 tp: 1.10129 -> sl: 1.10826 tp: 1.10119
0	13:38:32.924	'89010303': order #6765533 sell 0.01 EURUSD at 1.10399 was modified -> sl: 1.10826 tp: 1.10119
0	13:42:24.415	'89010303': modify order #6765533 sell 0.01 EURUSD at 1.10399 sl: 1.10826 tp: 1.10119 -> sl: 1.10826 tp: 1.10118
0	13:42:32.063	'89010303': order #6765533 sell 0.01 EURUSD at 1.10399 was modified -> sl: 1.10826 tp: 1.10118
0	13:48:25.036	'89010303': modify order #6765533 sell 0.01 EURUSD at 1.10399 sl: 1.10826 tp: 1.10118 -> sl: 1.10826 tp: 1.10114
0	13:48:25.360	'89010303': order #6765533 sell 0.01 EURUSD at 1.10399 was modified -> sl: 1.10826 tp: 1.10114
0	13:52:13.046	'89010303': modify order #6765533 sell 0.01 EURUSD at 1.10399 sl: 1.10826 tp: 1.10114 -> sl: 1.10826 tp: 1.10111
0	13:52:14.350	'89010303': order #6765533 sell 0.01 EURUSD at 1.10399 was modified -> sl: 1.10826 tp: 1.10111
0	13:57:48.354	'89010303': modify order #6765533 sell 0.01 EURUSD at 1.10399 sl: 1.10826 tp: 1.10111 -> sl: 1.10826 tp: 1.10110
0	13:57:48.553	'89010303': order #6765533 sell 0.01 EURUSD at 1.10399 was modified -> sl: 1.10826 tp: 1.10110
0	15:12:09.826	'89010303': modify order #6743946 sell 0.01 EURUSD at 1.11422 sl: 1.11847 tp: 1.09593 -> sl: 1.11847 tp: 1.09555
0	15:12:09.960	'89010303': order #6743946 sell 0.01 EURUSD at 1.11422 was modified -> sl: 1.11847 tp: 1.09555
0	15:20:53.248	'89010303': modify order #6722388 sell 0.01 EURUSD at 1.11852 sl: 1.12278 tp: 1.09835 -> sl: 1.12278 tp: 1.09815
0	15:20:53.512	'89010303': order #6722388 sell 0.01 EURUSD at 1.11852 was modified -> sl: 1.12278 tp: 1.09815
0	15:20:53.933	'89010303': modify order #6723529 sell 0.01 EURUSD at 1.12010 sl: 1.12436 tp: 1.09835 -> sl: 1.12436 tp: 1.09815
0	15:20:54.164	'89010303': order #6723529 sell 0.01 EURUSD at 1.12010 was modified -> sl: 1.12436 tp: 1.09815
0	15:20:54.164	'89010303': modify order #6723530 sell 0.01 EURUSD at 1.12010 sl: 1.12436 tp: 1.09834 -> sl: 1.12436 tp: 1.09815
0	15:20:54.326	'89010303': order #6723530 sell 0.01 EURUSD at 1.12010 was modified -> sl: 1.12436 tp: 1.09815
0	15:20:54.326	'89010303': modify order #6723917 sell 0.01 EURUSD at 1.11802 sl: 1.12229 tp: 1.09833 -> sl: 1.12229 tp: 1.09815
0	15:20:54.557	'89010303': order #6723917 sell 0.01 EURUSD at 1.11802 was modified -> sl: 1.12229 tp: 1.09815
0	15:20:54.557	'89010303': modify order #6723918 sell 0.01 EURUSD at 1.11802 sl: 1.12229 tp: 1.09833 -> sl: 1.12229 tp: 1.09815
0	15:20:54.719	'89010303': order #6723918 sell 0.01 EURUSD at 1.11802 was modified -> sl: 1.12229 tp: 1.09815
0	15:20:54.719	'89010303': modify order #6765546 sell 0.01 EURUSD at 1.10415 sl: 1.10841 tp: 1.09833 -> sl: 1.10841 tp: 1.09815
0	15:20:54.849	'89010303': order #6765546 sell 0.01 EURUSD at 1.10415 was modified -> sl: 1.10841 tp: 1.09815
0	15:26:50.347	'89010303': modify order #6743946 sell 0.01 EURUSD at 1.11422 sl: 1.11847 tp: 1.09555 -> sl: 1.11847 tp: 1.09540
0	15:26:50.899	'89010303': order #6743946 sell 0.01 EURUSD at 1.11422 was modified -> sl: 1.11847 tp: 1.09540
0	15:37:40.145	'89010303': modify order #6722388 sell 0.01 EURUSD at 1.11852 sl: 1.12278 tp: 1.09815 -> sl: 1.12278 tp: 1.09807
0	15:37:40.534	'89010303': order #6722388 sell 0.01 EURUSD at 1.11852 was modified -> sl: 1.12278 tp: 1.09807
0	15:37:40.567	'89010303': modify order #6723529 sell 0.01 EURUSD at 1.12010 sl: 1.12436 tp: 1.09815 -> sl: 1.12436 tp: 1.09807
0	15:37:40.733	'89010303': order #6723529 sell 0.01 EURUSD at 1.12010 was modified -> sl: 1.12436 tp: 1.09807
0	15:37:40.733	'89010303': modify order #6723530 sell 0.01 EURUSD at 1.12010 sl: 1.12436 tp: 1.09815 -> sl: 1.12436 tp: 1.09807
0	15:37:40.895	'89010303': order #6723530 sell 0.01 EURUSD at 1.12010 was modified -> sl: 1.12436 tp: 1.09807
0	15:37:40.895	'89010303': modify order #6723905 sell 0.01 EURUSD at 1.11771 sl: 1.12197 tp: 1.09733 -> sl: 1.12197 tp: 1.09635
0	15:37:41.155	'89010303': order #6723905 sell 0.01 EURUSD at 1.11771 was modified -> sl: 1.12197 tp: 1.09635
0	15:37:41.155	'89010303': modify order #6723917 sell 0.01 EURUSD at 1.11802 sl: 1.12229 tp: 1.09815 -> sl: 1.12229 tp: 1.09807
0	15:37:41.350	'89010303': order #6723917 sell 0.01 EURUSD at 1.11802 was modified -> sl: 1.12229 tp: 1.09807
0	15:37:41.419	'89010303': modify order #6723918 sell 0.01 EURUSD at 1.11802 sl: 1.12229 tp: 1.09815 -> sl: 1.12229 tp: 1.09807
0	15:37:41.577	'89010303': order #6723918 sell 0.01 EURUSD at 1.11802 was modified -> sl: 1.12229 tp: 1.09807
0	15:37:41.580	'89010303': modify order #6743946 sell 0.01 EURUSD at 1.11422 sl: 1.11847 tp: 1.09540 -> sl: 1.11847 tp: 1.09393
0	15:37:41.744	'89010303': order #6743946 sell 0.01 EURUSD at 1.11422 was modified -> sl: 1.11847 tp: 1.09393
0	15:37:41.777	'89010303': modify order #6765546 sell 0.01 EURUSD at 1.10415 sl: 1.10841 tp: 1.09815 -> sl: 1.10841 tp: 1.09807
0	15:37:41.906	'89010303': order #6765546 sell 0.01 EURUSD at 1.10415 was modified -> sl: 1.10841 tp: 1.09807
1	16:24:14.426	'89010303': ping failed
1	16:24:16.248	'89010303': connect failed [No connection]
0	16:24:24.051	'89010303': login on FXCM-GBPReal01 through External
0	16:24:31.413	'89010303': ping to current access point External is 79.51 ms
1	16:25:17.769	MQL4 Market: failed to load products
0	17:48:12.960	'89010303': modify order #6722388 sell 0.01 EURUSD at 1.11852 sl: 1.12278 tp: 1.09807 -> sl: 1.12278 tp: 1.09805
0	17:48:13.503	'89010303': order #6722388 sell 0.01 EURUSD at 1.11852 was modified -> sl: 1.12278 tp: 1.09805
0	17:48:14.023	'89010303': modify order #6723529 sell 0.01 EURUSD at 1.12010 sl: 1.12436 tp: 1.09807 -> sl: 1.12436 tp: 1.09805
0	17:48:14.404	'89010303': order #6723529 sell 0.01 EURUSD at 1.12010 was modified -> sl: 1.12436 tp: 1.09805
0	17:48:14.700	'89010303': modify order #6723530 sell 0.01 EURUSD at 1.12010 sl: 1.12436 tp: 1.09807 -> sl: 1.12436 tp: 1.09805
0	17:48:14.960	'89010303': order #6723530 sell 0.01 EURUSD at 1.12010 was modified -> sl: 1.12436 tp: 1.09805
0	17:48:15.451	'89010303': modify order #6723917 sell 0.01 EURUSD at 1.11802 sl: 1.12229 tp: 1.09807 -> sl: 1.12229 tp: 1.09805
0	17:48:15.585	'89010303': order #6723917 sell 0.01 EURUSD at 1.11802 was modified -> sl: 1.12229 tp: 1.09805
0	17:48:15.585	'89010303': modify order #6723918 sell 0.01 EURUSD at 1.11802 sl: 1.12229 tp: 1.09807 -> sl: 1.12229 tp: 1.09805
0	17:48:15.844	'89010303': order #6723918 sell 0.01 EURUSD at 1.11802 was modified -> sl: 1.12229 tp: 1.09805
0	17:48:16.401	'89010303': modify order #6765546 sell 0.01 EURUSD at 1.10415 sl: 1.10841 tp: 1.09807 -> sl: 1.10841 tp: 1.09805
0	17:48:16.628	'89010303': order #6765546 sell 0.01 EURUSD at 1.10415 was modified -> sl: 1.10841 tp: 1.09805
0	21:01:31.397	'89010303': modify order #6722388 sell 0.01 EURUSD at 1.11852 sl: 1.12278 tp: 1.09805 -> sl: 1.12278 tp: 1.09799
0	21:01:31.737	'89010303': order #6722388 sell 0.01 EURUSD at 1.11852 was modified -> sl: 1.12278 tp: 1.09799
0	21:01:31.737	'89010303': modify order #6723529 sell 0.01 EURUSD at 1.12010 sl: 1.12436 tp: 1.09805 -> sl: 1.12436 tp: 1.09799
0	21:01:31.899	'89010303': order #6723529 sell 0.01 EURUSD at 1.12010 was modified -> sl: 1.12436 tp: 1.09799
0	21:01:31.899	'89010303': modify order #6723530 sell 0.01 EURUSD at 1.12010 sl: 1.12436 tp: 1.09805 -> sl: 1.12436 tp: 1.09799
0	21:01:32.061	'89010303': order #6723530 sell 0.01 EURUSD at 1.12010 was modified -> sl: 1.12436 tp: 1.09799
0	21:01:32.061	'89010303': modify order #6723917 sell 0.01 EURUSD at 1.11802 sl: 1.12229 tp: 1.09805 -> sl: 1.12229 tp: 1.09799
0	21:01:32.325	'89010303': order #6723917 sell 0.01 EURUSD at 1.11802 was modified -> sl: 1.12229 tp: 1.09799
