0	20:35:57.751	Automated trading disabled
3	20:35:57.766	Automated trading disabled because the account has been changed
0	20:43:01.891	'89010303': login on FXCM-GBPReal01 through External
0	20:43:03.345	'89010303': ping to current access point External is 77.12 ms
0	20:43:33.298	'89010303': login on FXCM-GBPReal01 through External
1	20:43:46.188	MQL4 Market: failed to load products
0	20:43:52.704	Automated trading enabled
0	20:44:35.204	'89010303': close order #6950537 buy 0.01 EURUSD at 1.11184 sl: 1.10760 tp: 1.15856 at price 1.13387
0	20:44:35.439	'89010303': order #6950537 buy 0.01 EURUSD at 1.11184 sl: 1.10760 tp: 1.15856 closed at price 1.13387
0	20:58:53.548	'89010303': instant order sell 0.01 EURUSD at 1.13374 sl: 1.13804 tp: 1.13341
0	20:58:53.720	'89010303': order was opened : #7383288 sell 0.01 EURUSD at 1.13374 sl: 1.13804 tp: 1.13341
0	20:58:54.079	'89010303': instant order sell 0.01 EURUSD at 1.13374 sl: 1.13803 tp: 1.13336
0	20:58:54.267	'89010303': order was opened : #7383289 sell 0.01 EURUSD at 1.13374 sl: 1.13803 tp: 1.13336
0	20:58:58.923	'89010303': instant order buy 0.01 EURUSD at 1.13405 sl: 1.12974 tp: 1.13805
0	20:58:59.095	'89010303': order was opened : #7383290 buy 0.01 EURUSD at 1.13405 sl: 1.12974 tp: 1.13805
0	20:58:59.204	'89010303': instant order buy 0.01 EURUSD at 1.13405 sl: 1.12974 tp: 1.13805
0	20:58:59.329	'89010303': order was opened : #7383291 buy 0.01 EURUSD at 1.13404 sl: 1.12974 tp: 1.13805
0	20:58:59.720	'89010303': instant order buy 0.01 EURUSD at 1.13405 sl: 1.12974 tp: 1.13805
0	20:58:59.970	'89010303': order was opened : #7383292 buy 0.01 EURUSD at 1.13405 sl: 1.12974 tp: 1.13805
0	20:59:03.064	'89010303': instant order sell 0.01 EURUSD at 1.13374 sl: 1.13805 tp: 1.12974
0	20:59:03.298	'89010303': order was opened : #7383293 sell 0.01 EURUSD at 1.13374 sl: 1.13805 tp: 1.12974
0	20:59:03.533	'89010303': instant order sell 0.01 EURUSD at 1.13374 sl: 1.13804 tp: 1.12974
0	20:59:03.767	'89010303': order was opened : #7383294 sell 0.01 EURUSD at 1.13374 sl: 1.13804 tp: 1.12974
0	20:59:04.126	'89010303': modify order #7383289 sell 0.01 EURUSD at 1.13374 sl: 1.13803 tp: 1.13336 -> sl: 1.13803 tp: 1.13335
0	20:59:04.298	'89010303': order #7383289 sell 0.01 EURUSD at 1.13374 was modified -> sl: 1.13803 tp: 1.13335
0	21:00:41.080	'89010303': instant order sell 0.02 EURUSD at 1.13366 sl: 1.13827 tp: 1.12966
0	21:00:41.314	'89010303': order was opened : #7383323 sell 0.02 EURUSD at 1.13366 sl: 1.13827 tp: 1.12966
0	21:00:41.876	'89010303': modify order #7383289 sell 0.01 EURUSD at 1.13374 sl: 1.13803 tp: 1.13335 -> sl: 1.13803 tp: 1.13301
0	21:00:42.064	'89010303': order #7383289 sell 0.01 EURUSD at 1.13374 was modified -> sl: 1.13803 tp: 1.13301
0	21:00:42.064	'89010303': modify order #7383290 buy 0.01 EURUSD at 1.13405 sl: 1.12974 tp: 1.13805 -> sl: 1.12974 tp: 1.13827
0	21:00:42.298	'89010303': order #7383290 buy 0.01 EURUSD at 1.13405 was modified -> sl: 1.12974 tp: 1.13827
0	21:00:42.298	'89010303': modify order #7383291 buy 0.01 EURUSD at 1.13404 sl: 1.12974 tp: 1.13805 -> sl: 1.12974 tp: 1.13827
0	21:00:42.470	'89010303': order #7383291 buy 0.01 EURUSD at 1.13404 was modified -> sl: 1.12974 tp: 1.13827
0	21:00:42.470	'89010303': modify order #7383292 buy 0.01 EURUSD at 1.13405 sl: 1.12974 tp: 1.13805 -> sl: 1.12974 tp: 1.13827
0	21:00:42.720	'89010303': order #7383292 buy 0.01 EURUSD at 1.13405 was modified -> sl: 1.12974 tp: 1.13827
0	21:00:42.720	'89010303': modify order #7383293 sell 0.01 EURUSD at 1.13374 sl: 1.13805 tp: 1.12974 -> sl: 1.13805 tp: 1.12966
0	21:00:42.923	'89010303': order #7383293 sell 0.01 EURUSD at 1.13374 was modified -> sl: 1.13805 tp: 1.12966
0	21:00:42.923	'89010303': modify order #7383294 sell 0.01 EURUSD at 1.13374 sl: 1.13804 tp: 1.12974 -> sl: 1.13804 tp: 1.12966
0	21:00:43.126	'89010303': order #7383294 sell 0.01 EURUSD at 1.13374 was modified -> sl: 1.13804 tp: 1.12966
0	21:06:44.408	'89010303': instant order sell 0.02 EURUSD at 1.13382 sl: 1.13815 tp: 1.12982
0	21:06:44.548	'89010303': order was opened : #7383349 sell 0.02 EURUSD at 1.13382 sl: 1.13815 tp: 1.12982
0	21:06:44.642	'89010303': instant order buy 0.02 EURUSD at 1.13415 sl: 1.12982 tp: 1.13815
0	21:06:45.970	'89010303': order was opened : #7383350 buy 0.02 EURUSD at 1.13415 sl: 1.12982 tp: 1.13815
0	21:06:45.986	'89010303': modify order #7383288 sell 0.01 EURUSD at 1.13374 sl: 1.13804 tp: 1.13341 -> sl: 1.13804 tp: 1.13331
0	21:06:46.158	'89010303': order #7383288 sell 0.01 EURUSD at 1.13374 was modified -> sl: 1.13804 tp: 1.13331
0	21:18:07.424	'89010303': instant order sell 0.02 EURUSD at 1.13351 sl: 1.13782 tp: 1.12951
0	21:18:07.611	'89010303': order was opened : #7387418 sell 0.02 EURUSD at 1.13351 sl: 1.13782 tp: 1.12951
0	21:18:07.830	'89010303': instant order sell 0.02 EURUSD at 1.13351 sl: 1.13782 tp: 1.12951
0	21:18:08.033	'89010303': order was opened : #7387419 sell 0.02 EURUSD at 1.13351 sl: 1.13782 tp: 1.12951
0	21:18:08.252	'89010303': instant order sell 0.02 EURUSD at 1.13353 sl: 1.13784 tp: 1.13296
0	21:18:08.408	'89010303': order was opened : #7387420 sell 0.02 EURUSD at 1.13355 sl: 1.13784 tp: 1.13296
0	21:18:08.861	'89010303': instant order sell 0.02 EURUSD at 1.13357 sl: 1.13790 tp: 1.12957
0	21:18:09.080	'89010303': order was opened : #7387421 sell 0.02 EURUSD at 1.13357 sl: 1.13790 tp: 1.12957
0	21:18:09.221	'89010303': modify order #7383293 sell 0.01 EURUSD at 1.13374 sl: 1.13805 tp: 1.12966 -> sl: 1.13805 tp: 1.12959
0	21:18:09.455	'89010303': order #7383293 sell 0.01 EURUSD at 1.13374 was modified -> sl: 1.13805 tp: 1.12959
0	21:18:09.455	'89010303': modify order #7383294 sell 0.01 EURUSD at 1.13374 sl: 1.13804 tp: 1.12966 -> sl: 1.13804 tp: 1.12958
0	21:18:09.690	'89010303': order #7383294 sell 0.01 EURUSD at 1.13374 was modified -> sl: 1.13804 tp: 1.12958
0	21:18:09.690	'89010303': modify order #7383323 sell 0.02 EURUSD at 1.13366 sl: 1.13827 tp: 1.12966 -> sl: 1.13827 tp: 1.12958
0	21:18:09.924	'89010303': order #7383323 sell 0.02 EURUSD at 1.13366 was modified -> sl: 1.13827 tp: 1.12958
0	21:18:09.924	'89010303': modify order #7383349 sell 0.02 EURUSD at 1.13382 sl: 1.13815 tp: 1.12982 -> sl: 1.13815 tp: 1.12958
0	21:18:10.143	'89010303': order #7383349 sell 0.02 EURUSD at 1.13382 was modified -> sl: 1.13815 tp: 1.12958
0	21:18:10.143	'89010303': modify order #7387420 sell 0.02 EURUSD at 1.13355 sl: 1.13784 tp: 1.13296 -> sl: 1.13784 tp: 1.13292
0	21:18:10.314	'89010303': order #7387420 sell 0.02 EURUSD at 1.13355 was modified -> sl: 1.13784 tp: 1.13292
0	21:23:38.221	'89010303': modify order #7383288 sell 0.01 EURUSD at 1.13374 sl: 1.13804 tp: 1.13331 -> sl: 1.13804 tp: 1.13321
0	21:23:38.471	'89010303': order #7383288 sell 0.01 EURUSD at 1.13374 was modified -> sl: 1.13804 tp: 1.13321
0	21:49:00.425	'89010303': instant order buy 0.02 EURUSD at 1.13403 sl: 1.12968 tp: 1.13803
0	21:49:00.659	'89010303': order was opened : #7387626 buy 0.02 EURUSD at 1.13403 sl: 1.12968 tp: 1.13803
0	21:49:00.659	'89010303': modify order #7383288 sell 0.01 EURUSD at 1.13374 sl: 1.13804 tp: 1.13321 -> sl: 1.13804 tp: 1.13315
0	21:49:00.831	'89010303': order #7383288 sell 0.01 EURUSD at 1.13374 was modified -> sl: 1.13804 tp: 1.13315
0	21:49:00.941	'89010303': modify order #7387626 buy 0.02 EURUSD at 1.13403 sl: 1.12968 tp: 1.13803 -> sl: 1.12968 tp: 1.13806
0	21:49:01.175	'89010303': order #7387626 buy 0.02 EURUSD at 1.13403 was modified -> sl: 1.12968 tp: 1.13806
0	21:53:06.253	'89010303': instant order sell 0.02 EURUSD at 1.13381 sl: 1.13811 tp: 1.12981
0	21:53:06.409	'89010303': order was opened : #7387709 sell 0.02 EURUSD at 1.13381 sl: 1.13811 tp: 1.12981
0	21:53:06.425	'89010303': instant order buy 0.02 EURUSD at 1.13411 sl: 1.12981 tp: 1.13811
0	21:53:06.644	'89010303': order was opened : #7387710 buy 0.02 EURUSD at 1.13411 sl: 1.12981 tp: 1.13811
0	21:53:06.644	'89010303': modify order #7387626 buy 0.02 EURUSD at 1.13403 sl: 1.12968 tp: 1.13806 -> sl: 1.12968 tp: 1.13810
0	21:53:06.886	'89010303': order #7387626 buy 0.02 EURUSD at 1.13403 was modified -> sl: 1.12968 tp: 1.13810
0	21:58:52.738	'89010303': instant order buy 0.02 EURUSD at 1.13420 sl: 1.12975 tp: 1.13820
0	21:58:53.008	'89010303': order was opened : #7387726 buy 0.02 EURUSD at 1.13420 sl: 1.12975 tp: 1.13820
0	21:58:53.008	'89010303': modify order #7383288 sell 0.01 EURUSD at 1.13374 sl: 1.13804 tp: 1.13315 -> sl: 1.13804 tp: 1.13306
0	21:58:53.182	'89010303': order #7383288 sell 0.01 EURUSD at 1.13374 was modified -> sl: 1.13804 tp: 1.13306
0	21:58:53.316	'89010303': modify order #7383350 buy 0.02 EURUSD at 1.13415 sl: 1.12982 tp: 1.13815 -> sl: 1.12982 tp: 1.13819
0	21:58:53.581	'89010303': order #7383350 buy 0.02 EURUSD at 1.13415 was modified -> sl: 1.12982 tp: 1.13819
0	21:58:53.600	'89010303': modify order #7387626 buy 0.02 EURUSD at 1.13403 sl: 1.12968 tp: 1.13810 -> sl: 1.12968 tp: 1.13819
0	21:58:53.800	'89010303': order #7387626 buy 0.02 EURUSD at 1.13403 was modified -> sl: 1.12968 tp: 1.13819
0	21:58:54.066	'89010303': modify order #7387709 sell 0.02 EURUSD at 1.13381 sl: 1.13811 tp: 1.12981 -> sl: 1.13811 tp: 1.12976
0	21:58:54.206	'89010303': order #7387709 sell 0.02 EURUSD at 1.13381 was modified -> sl: 1.13811 tp: 1.12976
0	21:58:54.206	'89010303': modify order #7387710 buy 0.02 EURUSD at 1.13411 sl: 1.12981 tp: 1.13811 -> sl: 1.12981 tp: 1.13820
0	21:58:54.347	'89010303': order #7387710 buy 0.02 EURUSD at 1.13411 was modified -> sl: 1.12981 tp: 1.13820
0	22:16:12.947	'89010303': instant order sell 0.02 EURUSD at 1.13367 sl: 1.13796 tp: 1.12967
0	22:16:13.275	'89010303': order was opened : #7387779 sell 0.02 EURUSD at 1.13366 sl: 1.13796 tp: 1.12967
0	22:16:21.141	'89010303': instant order buy 0.02 EURUSD at 1.13398 sl: 1.12967 tp: 1.13798
0	22:16:21.575	'89010303': order was opened : #7387780 buy 0.02 EURUSD at 1.13396 sl: 1.12967 tp: 1.13798
0	22:16:21.575	'89010303': modify order #7387709 sell 0.02 EURUSD at 1.13381 sl: 1.13811 tp: 1.12976 -> sl: 1.13811 tp: 1.12967
0	22:16:21.843	'89010303': order #7387709 sell 0.02 EURUSD at 1.13381 was modified -> sl: 1.13811 tp: 1.12967
0	22:33:55.459	'89010303': instant order buy 0.02 EURUSD at 1.13417 sl: 1.12987 tp: 1.13817
0	22:33:56.043	'89010303': order was opened : #7387817 buy 0.02 EURUSD at 1.13416 sl: 1.12987 tp: 1.13817
0	22:33:56.043	'89010303': modify order #7387780 buy 0.02 EURUSD at 1.13396 sl: 1.12967 tp: 1.13798 -> sl: 1.12967 tp: 1.13817
0	22:33:56.303	'89010303': order #7387780 buy 0.02 EURUSD at 1.13396 was modified -> sl: 1.12967 tp: 1.13817
0	22:44:29.081	'89010303': instant order sell 0.02 EURUSD at 1.13410 sl: 1.13836 tp: 1.13010
0	22:44:29.352	'89010303': order was opened : #7387844 sell 0.02 EURUSD at 1.13410 sl: 1.13836 tp: 1.13010
0	22:44:44.307	'89010303': instant order buy 0.02 EURUSD at 1.13437 sl: 1.13010 tp: 1.13525
0	22:44:44.672	'89010303': order was opened : #7387845 buy 0.02 EURUSD at 1.13437 sl: 1.13010 tp: 1.13525
0	22:44:44.754	'89010303': modify order #7383290 buy 0.01 EURUSD at 1.13405 sl: 1.12974 tp: 1.13827 -> sl: 1.12974 tp: 1.13837
0	22:44:45.161	'89010303': order #7383290 buy 0.01 EURUSD at 1.13405 was modified -> sl: 1.12974 tp: 1.13837
0	22:44:45.651	'89010303': modify order #7383291 buy 0.01 EURUSD at 1.13404 sl: 1.12974 tp: 1.13827 -> sl: 1.12974 tp: 1.13837
0	22:44:45.935	'89010303': order #7383291 buy 0.01 EURUSD at 1.13404 was modified -> sl: 1.12974 tp: 1.13837
0	22:44:45.935	'89010303': modify order #7383292 buy 0.01 EURUSD at 1.13405 sl: 1.12974 tp: 1.13827 -> sl: 1.12974 tp: 1.13837
0	22:44:46.260	'89010303': order #7383292 buy 0.01 EURUSD at 1.13405 was modified -> sl: 1.12974 tp: 1.13837
0	22:44:46.260	'89010303': modify order #7383350 buy 0.02 EURUSD at 1.13415 sl: 1.12982 tp: 1.13819 -> sl: 1.12982 tp: 1.13837
0	22:44:46.625	'89010303': order #7383350 buy 0.02 EURUSD at 1.13415 was modified -> sl: 1.12982 tp: 1.13837
0	22:44:46.666	'89010303': modify order #7387626 buy 0.02 EURUSD at 1.13403 sl: 1.12968 tp: 1.13819 -> sl: 1.12968 tp: 1.13837
0	22:44:46.869	'89010303': order #7387626 buy 0.02 EURUSD at 1.13403 was modified -> sl: 1.12968 tp: 1.13837
0	22:44:46.909	'89010303': modify order #7387710 buy 0.02 EURUSD at 1.13411 sl: 1.12981 tp: 1.13820 -> sl: 1.12981 tp: 1.13837
0	22:44:47.316	'89010303': order #7387710 buy 0.02 EURUSD at 1.13411 was modified -> sl: 1.12981 tp: 1.13837
0	22:44:47.819	'89010303': modify order #7387726 buy 0.02 EURUSD at 1.13420 sl: 1.12975 tp: 1.13820 -> sl: 1.12975 tp: 1.13837
0	22:44:48.143	'89010303': order #7387726 buy 0.02 EURUSD at 1.13420 was modified -> sl: 1.12975 tp: 1.13837
0	22:44:48.145	'89010303': modify order #7387780 buy 0.02 EURUSD at 1.13396 sl: 1.12967 tp: 1.13817 -> sl: 1.12967 tp: 1.13837
0	22:44:48.505	'89010303': order #7387780 buy 0.02 EURUSD at 1.13396 was modified -> sl: 1.12967 tp: 1.13837
0	22:44:48.505	'89010303': modify order #7387817 buy 0.02 EURUSD at 1.13416 sl: 1.12987 tp: 1.13817 -> sl: 1.12987 tp: 1.13837
0	22:44:48.749	'89010303': order #7387817 buy 0.02 EURUSD at 1.13416 was modified -> sl: 1.12987 tp: 1.13837
0	22:47:11.911	'89010303': instant order buy 0.02 EURUSD at 1.13422 sl: 1.12996 tp: 1.13499
0	22:47:12.240	'89010303': order was opened : #7387856 buy 0.02 EURUSD at 1.13422 sl: 1.12996 tp: 1.13499
0	22:47:21.132	'89010303': instant order buy 0.02 EURUSD at 1.13422 sl: 1.12996 tp: 1.13822
0	22:47:21.461	'89010303': order was opened : #7387857 buy 0.02 EURUSD at 1.13422 sl: 1.12996 tp: 1.13822
0	22:47:21.501	'89010303': modify order #7387844 sell 0.02 EURUSD at 1.13410 sl: 1.13836 tp: 1.13010 -> sl: 1.13836 tp: 1.12996
0	22:47:21.704	'89010303': order #7387844 sell 0.02 EURUSD at 1.13410 was modified -> sl: 1.13836 tp: 1.12996
0	23:11:18.541	'89010303': instant order sell 0.02 EURUSD at 1.13398 sl: 1.13826 tp: 1.13159
0	23:11:18.870	'89010303': order was opened : #7387951 sell 0.02 EURUSD at 1.13398 sl: 1.13826 tp: 1.13159
0	23:11:24.443	'89010303': modify order #7387857 buy 0.02 EURUSD at 1.13422 sl: 1.12996 tp: 1.13822 -> sl: 1.12996 tp: 1.13826
0	23:11:24.701	'89010303': order #7387857 buy 0.02 EURUSD at 1.13422 was modified -> sl: 1.12996 tp: 1.13826
0	23:19:41.867	'89010303': modify order #7383290 buy 0.01 EURUSD at 1.13405 sl: 1.12974 tp: 1.13837 -> sl: 1.12974 tp: 1.13838
0	23:19:42.066	'89010303': order #7383290 buy 0.01 EURUSD at 1.13405 was modified -> sl: 1.12974 tp: 1.13838
0	23:19:42.066	'89010303': modify order #7383291 buy 0.01 EURUSD at 1.13404 sl: 1.12974 tp: 1.13837 -> sl: 1.12974 tp: 1.13838
0	23:19:42.431	'89010303': order #7383291 buy 0.01 EURUSD at 1.13404 was modified -> sl: 1.12974 tp: 1.13838
0	23:19:42.512	'89010303': modify order #7383292 buy 0.01 EURUSD at 1.13405 sl: 1.12974 tp: 1.13837 -> sl: 1.12974 tp: 1.13838
0	23:19:42.715	'89010303': order #7383292 buy 0.01 EURUSD at 1.13405 was modified -> sl: 1.12974 tp: 1.13838
0	23:19:42.715	'89010303': modify order #7383350 buy 0.02 EURUSD at 1.13415 sl: 1.12982 tp: 1.13837 -> sl: 1.12982 tp: 1.13838
0	23:19:43.040	'89010303': order #7383350 buy 0.02 EURUSD at 1.13415 was modified -> sl: 1.12982 tp: 1.13838
0	23:19:43.121	'89010303': modify order #7387626 buy 0.02 EURUSD at 1.13403 sl: 1.12968 tp: 1.13837 -> sl: 1.12968 tp: 1.13839
0	23:19:43.491	'89010303': order #7387626 buy 0.02 EURUSD at 1.13403 was modified -> sl: 1.12968 tp: 1.13839
0	23:19:43.856	'89010303': modify order #7387710 buy 0.02 EURUSD at 1.13411 sl: 1.12981 tp: 1.13837 -> sl: 1.12981 tp: 1.13838
0	23:19:44.221	'89010303': order #7387710 buy 0.02 EURUSD at 1.13411 was modified -> sl: 1.12981 tp: 1.13838
0	23:19:44.343	'89010303': modify order #7387726 buy 0.02 EURUSD at 1.13420 sl: 1.12975 tp: 1.13837 -> sl: 1.12975 tp: 1.13838
0	23:19:44.587	'89010303': order #7387726 buy 0.02 EURUSD at 1.13420 was modified -> sl: 1.12975 tp: 1.13838
0	23:19:44.627	'89010303': modify order #7387780 buy 0.02 EURUSD at 1.13396 sl: 1.12967 tp: 1.13837 -> sl: 1.12967 tp: 1.13838
0	23:19:44.912	'89010303': order #7387780 buy 0.02 EURUSD at 1.13396 was modified -> sl: 1.12967 tp: 1.13838
0	23:19:44.912	'89010303': modify order #7387817 buy 0.02 EURUSD at 1.13416 sl: 1.12987 tp: 1.13837 -> sl: 1.12987 tp: 1.13838
0	23:19:45.277	'89010303': order #7387817 buy 0.02 EURUSD at 1.13416 was modified -> sl: 1.12987 tp: 1.13838
0	23:19:45.362	'89010303': modify order #7387857 buy 0.02 EURUSD at 1.13422 sl: 1.12996 tp: 1.13826 -> sl: 1.12996 tp: 1.13838
0	23:19:45.641	'89010303': order #7387857 buy 0.02 EURUSD at 1.13422 was modified -> sl: 1.12996 tp: 1.13838
0	23:19:45.641	'89010303': modify order #7387951 sell 0.02 EURUSD at 1.13398 sl: 1.13826 tp: 1.13159 -> sl: 1.13826 tp: 1.13149
0	23:19:45.848	'89010303': order #7387951 sell 0.02 EURUSD at 1.13398 was modified -> sl: 1.13826 tp: 1.13149
0	23:25:27.537	'89010303': modify order #7387856 buy 0.02 EURUSD at 1.13422 sl: 1.12996 tp: 1.13499 -> sl: 1.12996 tp: 1.13512
0	23:25:27.796	'89010303': order #7387856 buy 0.02 EURUSD at 1.13422 was modified -> sl: 1.12996 tp: 1.13512
0	23:27:00.164	'89010303': instant order sell 0.02 EURUSD at 1.13388 sl: 1.13815 tp: 1.12988
0	23:27:00.748	'89010303': order was opened : #7388008 sell 0.02 EURUSD at 1.13388 sl: 1.13815 tp: 1.12988
0	23:27:10.478	'89010303': modify order #7387844 sell 0.02 EURUSD at 1.13410 sl: 1.13836 tp: 1.12996 -> sl: 1.13836 tp: 1.12988
0	23:27:10.770	'89010303': order #7387844 sell 0.02 EURUSD at 1.13410 was modified -> sl: 1.13836 tp: 1.12988
0	23:27:10.772	'89010303': modify order #7387951 sell 0.02 EURUSD at 1.13398 sl: 1.13826 tp: 1.13149 -> sl: 1.13826 tp: 1.13140
0	23:27:11.094	'89010303': order #7387951 sell 0.02 EURUSD at 1.13398 was modified -> sl: 1.13826 tp: 1.13140
0	23:53:51.180	'89010303': instant order sell 0.02 EURUSD at 1.13470 sl: 1.13897 tp: 1.13070
0	23:53:51.386	'89010303': order was opened : #7388075 sell 0.02 EURUSD at 1.13470 sl: 1.13897 tp: 1.13070
0	23:53:52.075	'89010303': instant order buy 0.02 EURUSD at 1.13497 sl: 1.13070 tp: 1.13897
0	23:53:52.278	'89010303': order was opened : #7388076 buy 0.02 EURUSD at 1.13497 sl: 1.13070 tp: 1.13897
0	23:53:52.400	'89010303': modify order #7383290 buy 0.01 EURUSD at 1.13405 sl: 1.12974 tp: 1.13838 -> sl: 1.12974 tp: 1.13897
0	23:53:52.930	'89010303': order #7383290 buy 0.01 EURUSD at 1.13405 was modified -> sl: 1.12974 tp: 1.13897
0	23:53:53.421	'89010303': modify order #7383291 buy 0.01 EURUSD at 1.13404 sl: 1.12974 tp: 1.13838 -> sl: 1.12974 tp: 1.13897
0	23:53:53.705	'89010303': order #7383291 buy 0.01 EURUSD at 1.13404 was modified -> sl: 1.12974 tp: 1.13897
0	23:53:53.745	'89010303': modify order #7383292 buy 0.01 EURUSD at 1.13405 sl: 1.12974 tp: 1.13838 -> sl: 1.12974 tp: 1.13897
0	23:53:53.989	'89010303': order #7383292 buy 0.01 EURUSD at 1.13405 was modified -> sl: 1.12974 tp: 1.13897
0	23:53:53.989	'89010303': modify order #7383350 buy 0.02 EURUSD at 1.13415 sl: 1.12982 tp: 1.13838 -> sl: 1.12982 tp: 1.13897
0	23:53:54.155	'89010303': order #7383350 buy 0.02 EURUSD at 1.13415 was modified -> sl: 1.12982 tp: 1.13897
0	23:53:54.155	'89010303': modify order #7387626 buy 0.02 EURUSD at 1.13403 sl: 1.12968 tp: 1.13839 -> sl: 1.12968 tp: 1.13897
0	23:53:54.353	'89010303': order #7387626 buy 0.02 EURUSD at 1.13403 was modified -> sl: 1.12968 tp: 1.13897
0	23:53:54.434	'89010303': modify order #7387710 buy 0.02 EURUSD at 1.13411 sl: 1.12981 tp: 1.13838 -> sl: 1.12981 tp: 1.13897
0	23:53:54.641	'89010303': order #7387710 buy 0.02 EURUSD at 1.13411 was modified -> sl: 1.12981 tp: 1.13897
0	23:53:54.722	'89010303': modify order #7387726 buy 0.02 EURUSD at 1.13420 sl: 1.12975 tp: 1.13838 -> sl: 1.12975 tp: 1.13897
0	23:53:54.966	'89010303': order #7387726 buy 0.02 EURUSD at 1.13420 was modified -> sl: 1.12975 tp: 1.13897
0	23:53:54.966	'89010303': modify order #7387780 buy 0.02 EURUSD at 1.13396 sl: 1.12967 tp: 1.13838 -> sl: 1.12967 tp: 1.13897
0	23:53:55.257	'89010303': order #7387780 buy 0.02 EURUSD at 1.13396 was modified -> sl: 1.12967 tp: 1.13897
0	23:53:55.295	'89010303': modify order #7387817 buy 0.02 EURUSD at 1.13416 sl: 1.12987 tp: 1.13838 -> sl: 1.12987 tp: 1.13897
0	23:53:55.457	'89010303': order #7387817 buy 0.02 EURUSD at 1.13416 was modified -> sl: 1.12987 tp: 1.13897
0	23:53:55.538	'89010303': modify order #7387856 buy 0.02 EURUSD at 1.13422 sl: 1.12996 tp: 1.13512 -> sl: 1.12996 tp: 1.13602
0	23:53:55.741	'89010303': order #7387856 buy 0.02 EURUSD at 1.13422 was modified -> sl: 1.12996 tp: 1.13602
0	23:53:55.822	'89010303': modify order #7387857 buy 0.02 EURUSD at 1.13422 sl: 1.12996 tp: 1.13838 -> sl: 1.12996 tp: 1.13897
0	23:53:56.188	'89010303': order #7387857 buy 0.02 EURUSD at 1.13422 was modified -> sl: 1.12996 tp: 1.13897
0	23:55:20.773	'89010303': modify order #7387856 buy 0.02 EURUSD at 1.13422 sl: 1.12996 tp: 1.13602 -> sl: 1.12996 tp: 1.13618
0	23:55:20.971	'89010303': order #7387856 buy 0.02 EURUSD at 1.13422 was modified -> sl: 1.12996 tp: 1.13618
0	23:55:20.971	'89010303': modify order #7388075 sell 0.02 EURUSD at 1.13470 sl: 1.13897 tp: 1.13070 -> sl: 1.13897 tp: 1.13056
0	23:55:21.296	'89010303': order #7388075 sell 0.02 EURUSD at 1.13470 was modified -> sl: 1.13897 tp: 1.13056
