0	00:44:27.197	'89010303': modify order #7817053 buy 0.01 EURUSD at 1.09896 sl: 1.09469 tp: 1.10440 -> sl: 1.09469 tp: 1.10445
0	00:44:28.822	'89010303': order #7817053 buy 0.01 EURUSD at 1.09896 was modified -> sl: 1.09469 tp: 1.10445
0	01:30:00.194	'89010303': modify order #7817053 buy 0.01 EURUSD at 1.09896 sl: 1.09469 tp: 1.10445 -> sl: 1.09469 tp: 1.10447
0	01:30:00.474	'89010303': order #7817053 buy 0.01 EURUSD at 1.09896 was modified -> sl: 1.09469 tp: 1.10447
0	01:33:51.254	'89010303': modify order #7817053 buy 0.01 EURUSD at 1.09896 sl: 1.09469 tp: 1.10447 -> sl: 1.09469 tp: 1.10448
0	01:33:52.450	'89010303': order #7817053 buy 0.01 EURUSD at 1.09896 was modified -> sl: 1.09469 tp: 1.10448
0	01:38:25.686	'89010303': modify order #7817053 buy 0.01 EURUSD at 1.09896 sl: 1.09469 tp: 1.10448 -> sl: 1.09469 tp: 1.10460
0	01:38:25.872	'89010303': order #7817053 buy 0.01 EURUSD at 1.09896 was modified -> sl: 1.09469 tp: 1.10460
0	01:47:18.023	'89010303': modify order #7817053 buy 0.01 EURUSD at 1.09896 sl: 1.09469 tp: 1.10460 -> sl: 1.09469 tp: 1.10467
0	01:47:18.477	'89010303': order #7817053 buy 0.01 EURUSD at 1.09896 was modified -> sl: 1.09469 tp: 1.10467
0	01:48:56.092	'89010303': modify order #7817053 buy 0.01 EURUSD at 1.09896 sl: 1.09469 tp: 1.10467 -> sl: 1.09469 tp: 1.10508
0	01:48:56.278	'89010303': order #7817053 buy 0.01 EURUSD at 1.09896 was modified -> sl: 1.09469 tp: 1.10508
0	01:55:32.217	'89010303': modify order #7817053 buy 0.01 EURUSD at 1.09896 sl: 1.09469 tp: 1.10508 -> sl: 1.09469 tp: 1.10531
0	01:55:32.420	'89010303': order #7817053 buy 0.01 EURUSD at 1.09896 was modified -> sl: 1.09469 tp: 1.10531
0	02:01:18.466	'89010303': modify order #7817053 buy 0.01 EURUSD at 1.09896 sl: 1.09469 tp: 1.10531 -> sl: 1.09469 tp: 1.10537
0	02:01:18.680	'89010303': order #7817053 buy 0.01 EURUSD at 1.09896 was modified -> sl: 1.09469 tp: 1.10537
0	02:10:49.110	'89010303': modify order #7817053 buy 0.01 EURUSD at 1.09896 sl: 1.09469 tp: 1.10537 -> sl: 1.09469 tp: 1.10551
0	02:10:49.653	'89010303': order #7817053 buy 0.01 EURUSD at 1.09896 was modified -> sl: 1.09469 tp: 1.10551
1	04:01:07.172	'89010303': connect failed [No connection]
0	04:01:13.784	'89010303': login on FXCM-GBPReal01 through External
0	04:01:16.329	'89010303': ping to current access point External is 96.68 ms
1	04:02:07.891	MQL4 Market: failed to load products
0	04:03:09.500	'89010303': instant order buy 0.01 EURUSD at 1.10131 sl: 1.09706 tp: 1.10159
0	04:03:10.146	'89010303': order was opened : #7822648 buy 0.01 EURUSD at 1.10131 sl: 1.09706 tp: 1.10159
0	04:06:36.899	'89010303': order #7822648 buy 0.01 EURUSD at 1.10131 closed due take-profit at price 1.10159
0	04:09:03.798	'89010303': modify order #7817053 buy 0.01 EURUSD at 1.09896 sl: 1.09469 tp: 1.10551 -> sl: 1.09469 tp: 1.10630
0	04:09:04.068	'89010303': order #7817053 buy 0.01 EURUSD at 1.09896 was modified -> sl: 1.09469 tp: 1.10630
0	04:09:15.200	'89010303': instant order sell 0.01 EURUSD at 1.10192 sl: 1.10618 tp: 1.09982
0	04:09:15.946	'89010303': order was opened : #7822669 sell 0.01 EURUSD at 1.10188 sl: 1.10618 tp: 1.09982
0	04:10:03.868	'89010303': modify order #7822669 sell 0.01 EURUSD at 1.10188 sl: 1.10618 tp: 1.09982 -> sl: 1.10618 tp: 1.09981
0	04:10:04.042	'89010303': order #7822669 sell 0.01 EURUSD at 1.10188 was modified -> sl: 1.10618 tp: 1.09981
0	04:15:18.094	'89010303': modify order #7822669 sell 0.01 EURUSD at 1.10188 sl: 1.10618 tp: 1.09981 -> sl: 1.10618 tp: 1.09975
0	04:15:18.346	'89010303': order #7822669 sell 0.01 EURUSD at 1.10188 was modified -> sl: 1.10618 tp: 1.09975
0	04:15:42.465	'89010303': modify order #7822669 sell 0.01 EURUSD at 1.10188 sl: 1.10618 tp: 1.09975 -> sl: 1.10618 tp: 1.09971
0	04:15:42.729	'89010303': order #7822669 sell 0.01 EURUSD at 1.10188 was modified -> sl: 1.10618 tp: 1.09971
0	04:18:25.872	'89010303': modify order #7822669 sell 0.01 EURUSD at 1.10188 sl: 1.10618 tp: 1.09971 -> sl: 1.10618 tp: 1.09970
0	04:18:26.095	'89010303': order #7822669 sell 0.01 EURUSD at 1.10188 was modified -> sl: 1.10618 tp: 1.09970
0	04:25:09.548	'89010303': modify order #7822669 sell 0.01 EURUSD at 1.10188 sl: 1.10618 tp: 1.09970 -> sl: 1.10618 tp: 1.09967
0	04:25:10.365	'89010303': order #7822669 sell 0.01 EURUSD at 1.10188 was modified -> sl: 1.10618 tp: 1.09967
0	04:27:02.683	'89010303': modify order #7822669 sell 0.01 EURUSD at 1.10188 sl: 1.10618 tp: 1.09967 -> sl: 1.10618 tp: 1.09962
0	04:27:02.979	'89010303': order #7822669 sell 0.01 EURUSD at 1.10188 was modified -> sl: 1.10618 tp: 1.09962
0	04:33:45.253	'89010303': modify order #7817053 buy 0.01 EURUSD at 1.09896 sl: 1.09469 tp: 1.10630 -> sl: 1.09469 tp: 1.10647
0	04:33:45.614	'89010303': order #7817053 buy 0.01 EURUSD at 1.09896 was modified -> sl: 1.09469 tp: 1.10647
0	04:33:45.614	'89010303': modify order #7822669 sell 0.01 EURUSD at 1.10188 sl: 1.10618 tp: 1.09962 -> sl: 1.10618 tp: 1.09952
0	04:33:45.934	'89010303': order #7822669 sell 0.01 EURUSD at 1.10188 was modified -> sl: 1.10618 tp: 1.09952
0	04:37:24.622	'89010303': modify order #7817053 buy 0.01 EURUSD at 1.09896 sl: 1.09469 tp: 1.10647 -> sl: 1.09469 tp: 1.10650
0	04:37:24.857	'89010303': order #7817053 buy 0.01 EURUSD at 1.09896 was modified -> sl: 1.09469 tp: 1.10650
0	04:37:24.857	'89010303': modify order #7822669 sell 0.01 EURUSD at 1.10188 sl: 1.10618 tp: 1.09952 -> sl: 1.10618 tp: 1.09947
0	04:37:25.145	'89010303': order #7822669 sell 0.01 EURUSD at 1.10188 was modified -> sl: 1.10618 tp: 1.09947
0	04:42:13.185	'89010303': modify order #7822669 sell 0.01 EURUSD at 1.10188 sl: 1.10618 tp: 1.09947 -> sl: 1.10618 tp: 1.09943
0	04:42:13.505	'89010303': order #7822669 sell 0.01 EURUSD at 1.10188 was modified -> sl: 1.10618 tp: 1.09943
0	04:51:34.913	'89010303': modify order #7822669 sell 0.01 EURUSD at 1.10188 sl: 1.10618 tp: 1.09943 -> sl: 1.10618 tp: 1.09940
0	04:51:35.217	'89010303': order #7822669 sell 0.01 EURUSD at 1.10188 was modified -> sl: 1.10618 tp: 1.09940
0	05:36:24.366	'89010303': modify order #7817053 buy 0.01 EURUSD at 1.09896 sl: 1.09469 tp: 1.10650 -> sl: 1.09469 tp: 1.10658
0	05:36:25.217	'89010303': order #7817053 buy 0.01 EURUSD at 1.09896 was modified -> sl: 1.09469 tp: 1.10658
0	05:39:10.910	'89010303': modify order #7817053 buy 0.01 EURUSD at 1.09896 sl: 1.09469 tp: 1.10658 -> sl: 1.09469 tp: 1.10678
0	05:39:11.165	'89010303': order #7817053 buy 0.01 EURUSD at 1.09896 was modified -> sl: 1.09469 tp: 1.10678
0	05:41:23.921	'89010303': modify order #7817053 buy 0.01 EURUSD at 1.09896 sl: 1.09469 tp: 1.10678 -> sl: 1.09469 tp: 1.10687
0	05:41:24.217	'89010303': order #7817053 buy 0.01 EURUSD at 1.09896 was modified -> sl: 1.09469 tp: 1.10687
0	06:00:56.595	'89010303': modify order #7817053 buy 0.01 EURUSD at 1.09896 sl: 1.09469 tp: 1.10687 -> sl: 1.09469 tp: 1.10701
0	06:00:56.854	'89010303': order #7817053 buy 0.01 EURUSD at 1.09896 was modified -> sl: 1.09469 tp: 1.10701
0	06:03:19.507	'89010303': modify order #7817053 buy 0.01 EURUSD at 1.09896 sl: 1.09469 tp: 1.10701 -> sl: 1.09469 tp: 1.10703
0	06:03:19.864	'89010303': order #7817053 buy 0.01 EURUSD at 1.09896 was modified -> sl: 1.09469 tp: 1.10703
0	06:18:06.981	'89010303': modify order #7817053 buy 0.01 EURUSD at 1.09896 sl: 1.09469 tp: 1.10703 -> sl: 1.09469 tp: 1.10710
0	06:18:07.362	'89010303': order #7817053 buy 0.01 EURUSD at 1.09896 was modified -> sl: 1.09469 tp: 1.10710
0	06:55:02.007	'89010303': order #7816838 sell 0.01 EURUSD at 1.09917 closed due stop-loss at price 1.10343
0	06:58:04.493	'89010303': modify order #7817053 buy 0.01 EURUSD at 1.09896 sl: 1.09469 tp: 1.10710 -> sl: 1.09469 tp: 1.10753
0	06:58:04.753	'89010303': order #7817053 buy 0.01 EURUSD at 1.09896 was modified -> sl: 1.09469 tp: 1.10753
0	06:58:24.979	'89010303': instant order buy 0.01 EURUSD at 1.10360 sl: 1.09935 tp: 0.00000
0	06:58:25.470	'89010303': order was opened : #7823139 buy 0.01 EURUSD at 1.10360 sl: 1.09935 tp: 0.00000
0	06:59:41.068	'89010303': modify order #7817053 buy 0.01 EURUSD at 1.09896 sl: 1.09469 tp: 1.10753 -> sl: 1.09469 tp: 1.10780
0	06:59:42.196	'89010303': order #7817053 buy 0.01 EURUSD at 1.09896 was modified -> sl: 1.09469 tp: 1.10780
0	07:10:44.971	'89010303': modify order #7823139 buy 0.01 EURUSD at 1.10360 sl: 1.09935 tp: 0.00000 -> sl: 1.09935 tp: 1.10367
0	07:10:45.393	'89010303': order #7823139 buy 0.01 EURUSD at 1.10360 was modified -> sl: 1.09935 tp: 1.10367
0	07:12:21.276	'89010303': modify order #7823139 buy 0.01 EURUSD at 1.10360 sl: 1.09935 tp: 1.10367 -> sl: 1.09935 tp: 1.10372
0	07:12:22.834	'89010303': order #7823139 buy 0.01 EURUSD at 1.10360 was modified -> sl: 1.09935 tp: 1.10372
0	07:13:47.760	'89010303': modify order #7823139 buy 0.01 EURUSD at 1.10360 sl: 1.09935 tp: 1.10372 -> sl: 1.09935 tp: 1.10373
0	07:13:48.101	'89010303': order #7823139 buy 0.01 EURUSD at 1.10360 was modified -> sl: 1.09935 tp: 1.10373
0	07:18:15.159	'89010303': order #7823139 buy 0.01 EURUSD at 1.10360 closed due take-profit at price 1.10373
0	07:32:09.022	'89010303': order #7779579 sell 0.01 EURUSD at 1.10141 closed due stop-loss at price 1.10559
0	07:35:37.031	'89010303': order #7816842 buy 0.01 EURUSD at 1.09946 closed due take-profit at price 1.10542
0	07:35:37.031	'89010303': order #7779406 sell 0.01 EURUSD at 1.10152 closed due stop-loss at price 1.10564
0	07:35:37.226	'89010303': order #7779576 sell 0.01 EURUSD at 1.10140 closed due stop-loss at price 1.10563
0	07:35:38.074	'89010303': order #7779580 sell 0.01 EURUSD at 1.10141 closed due stop-loss at price 1.10572
0	07:38:45.853	'89010303': modify order #7752739 buy 0.01 EURUSD at 1.08091 sl: 1.07669 tp: 1.10884 -> sl: 1.07669 tp: 1.10938
0	07:38:46.148	'89010303': order #7752739 buy 0.01 EURUSD at 1.08091 was modified -> sl: 1.07669 tp: 1.10938
0	07:38:46.178	'89010303': modify order #7778133 buy 0.01 EURUSD at 1.09621 sl: 1.09201 tp: 1.10884 -> sl: 1.09201 tp: 1.10938
0	07:38:46.308	'89010303': order #7778133 buy 0.01 EURUSD at 1.09621 was modified -> sl: 1.09201 tp: 1.10938
0	07:38:46.308	'89010303': modify order #7813548 buy 0.01 EURUSD at 1.09858 sl: 1.09437 tp: 1.10884 -> sl: 1.09437 tp: 1.10938
0	07:38:46.502	'89010303': order #7813548 buy 0.01 EURUSD at 1.09858 was modified -> sl: 1.09437 tp: 1.10938
0	07:38:46.502	'89010303': modify order #7815028 buy 0.01 EURUSD at 1.10158 sl: 1.09744 tp: 1.10884 -> sl: 1.09744 tp: 1.10938
0	07:38:46.729	'89010303': order #7815028 buy 0.01 EURUSD at 1.10158 was modified -> sl: 1.09744 tp: 1.10938
0	07:38:47.439	'89010303': modify order #7817053 buy 0.01 EURUSD at 1.09896 sl: 1.09469 tp: 1.10780 -> sl: 1.09469 tp: 1.10937
0	07:38:47.699	'89010303': order #7817053 buy 0.01 EURUSD at 1.09896 was modified -> sl: 1.09469 tp: 1.10937
0	07:39:33.998	'89010303': instant order buy 0.01 EURUSD at 1.10551 sl: 1.10127 tp: 1.10951
0	07:39:34.585	'89010303': order was opened : #7823395 buy 0.01 EURUSD at 1.10546 sl: 1.10127 tp: 1.10951
0	07:39:34.648	'89010303': instant order buy 0.01 EURUSD at 1.10548 sl: 1.10123 tp: 1.10948
0	07:39:34.940	'89010303': order was opened : #7823396 buy 0.01 EURUSD at 1.10546 sl: 1.10123 tp: 1.10948
0	07:40:12.432	'89010303': instant order sell 0.01 EURUSD at 1.10541 sl: 1.10968 tp: 1.10141
0	07:40:12.907	'89010303': order was opened : #7823402 sell 0.01 EURUSD at 1.10540 sl: 1.10968 tp: 1.10141
0	07:40:12.940	'89010303': instant order sell 0.01 EURUSD at 1.10540 sl: 1.10967 tp: 1.10140
0	07:40:13.134	'89010303': order was opened : #7823403 sell 0.01 EURUSD at 1.10540 sl: 1.10967 tp: 1.10140
0	07:40:13.134	'89010303': instant order sell 0.01 EURUSD at 1.10540 sl: 1.10967 tp: 1.10140
0	07:40:13.301	'89010303': order was opened : #7823404 sell 0.01 EURUSD at 1.10541 sl: 1.10967 tp: 1.10140
0	07:43:14.624	'89010303': modify order #7752739 buy 0.01 EURUSD at 1.08091 sl: 1.07669 tp: 1.10938 -> sl: 1.07669 tp: 1.10965
0	07:43:14.981	'89010303': order #7752739 buy 0.01 EURUSD at 1.08091 was modified -> sl: 1.07669 tp: 1.10965
0	07:43:15.046	'89010303': modify order #7778133 buy 0.01 EURUSD at 1.09621 sl: 1.09201 tp: 1.10938 -> sl: 1.09201 tp: 1.10965
0	07:43:15.245	'89010303': order #7778133 buy 0.01 EURUSD at 1.09621 was modified -> sl: 1.09201 tp: 1.10965
0	07:43:15.898	'89010303': modify order #7813548 buy 0.01 EURUSD at 1.09858 sl: 1.09437 tp: 1.10938 -> sl: 1.09437 tp: 1.10965
0	07:43:16.092	'89010303': order #7813548 buy 0.01 EURUSD at 1.09858 was modified -> sl: 1.09437 tp: 1.10965
0	07:43:16.157	'89010303': modify order #7815028 buy 0.01 EURUSD at 1.10158 sl: 1.09744 tp: 1.10938 -> sl: 1.09744 tp: 1.10965
0	07:43:16.481	'89010303': order #7815028 buy 0.01 EURUSD at 1.10158 was modified -> sl: 1.09744 tp: 1.10965
0	07:43:16.514	'89010303': modify order #7817053 buy 0.01 EURUSD at 1.09896 sl: 1.09469 tp: 1.10937 -> sl: 1.09469 tp: 1.10966
0	07:43:16.676	'89010303': order #7817053 buy 0.01 EURUSD at 1.09896 was modified -> sl: 1.09469 tp: 1.10966
0	07:43:16.708	'89010303': modify order #7823395 buy 0.01 EURUSD at 1.10546 sl: 1.10127 tp: 1.10951 -> sl: 1.10127 tp: 1.10966
0	07:43:16.842	'89010303': order #7823395 buy 0.01 EURUSD at 1.10546 was modified -> sl: 1.10127 tp: 1.10966
0	07:43:16.907	'89010303': modify order #7823396 buy 0.01 EURUSD at 1.10546 sl: 1.10123 tp: 1.10948 -> sl: 1.10123 tp: 1.10966
0	07:43:17.132	'89010303': order #7823396 buy 0.01 EURUSD at 1.10546 was modified -> sl: 1.10123 tp: 1.10966
0	07:43:17.163	'89010303': modify order #7823402 sell 0.01 EURUSD at 1.10540 sl: 1.10968 tp: 1.10141 -> sl: 1.10968 tp: 1.10138
0	07:43:17.394	'89010303': order #7823402 sell 0.01 EURUSD at 1.10540 was modified -> sl: 1.10968 tp: 1.10138
0	07:43:17.458	'89010303': modify order #7823403 sell 0.01 EURUSD at 1.10540 sl: 1.10967 tp: 1.10140 -> sl: 1.10967 tp: 1.10138
0	07:43:17.585	'89010303': order #7823403 sell 0.01 EURUSD at 1.10540 was modified -> sl: 1.10967 tp: 1.10138
0	07:43:17.617	'89010303': modify order #7823404 sell 0.01 EURUSD at 1.10541 sl: 1.10967 tp: 1.10140 -> sl: 1.10967 tp: 1.10138
0	07:43:17.779	'89010303': order #7823404 sell 0.01 EURUSD at 1.10541 was modified -> sl: 1.10967 tp: 1.10138
0	07:49:07.673	'89010303': modify order #7752739 buy 0.01 EURUSD at 1.08091 sl: 1.07669 tp: 1.10965 -> sl: 1.07669 tp: 1.10976
0	07:49:08.419	'89010303': order #7752739 buy 0.01 EURUSD at 1.08091 was modified -> sl: 1.07669 tp: 1.10976
0	07:49:08.451	'89010303': modify order #7778133 buy 0.01 EURUSD at 1.09621 sl: 1.09201 tp: 1.10965 -> sl: 1.09201 tp: 1.10976
0	07:49:08.646	'89010303': order #7778133 buy 0.01 EURUSD at 1.09621 was modified -> sl: 1.09201 tp: 1.10976
0	07:49:08.646	'89010303': modify order #7813548 buy 0.01 EURUSD at 1.09858 sl: 1.09437 tp: 1.10965 -> sl: 1.09437 tp: 1.10976
0	07:49:08.869	'89010303': order #7813548 buy 0.01 EURUSD at 1.09858 was modified -> sl: 1.09437 tp: 1.10976
0	07:49:09.392	'89010303': modify order #7815028 buy 0.01 EURUSD at 1.10158 sl: 1.09744 tp: 1.10965 -> sl: 1.09744 tp: 1.10976
0	07:49:09.523	'89010303': order #7815028 buy 0.01 EURUSD at 1.10158 was modified -> sl: 1.09744 tp: 1.10976
0	07:49:09.523	'89010303': modify order #7817053 buy 0.01 EURUSD at 1.09896 sl: 1.09469 tp: 1.10966 -> sl: 1.09469 tp: 1.10976
0	07:49:09.745	'89010303': order #7817053 buy 0.01 EURUSD at 1.09896 was modified -> sl: 1.09469 tp: 1.10976
0	07:49:09.745	'89010303': modify order #7823395 buy 0.01 EURUSD at 1.10546 sl: 1.10127 tp: 1.10966 -> sl: 1.10127 tp: 1.10976
0	07:49:09.939	'89010303': order #7823395 buy 0.01 EURUSD at 1.10546 was modified -> sl: 1.10127 tp: 1.10976
0	07:49:09.939	'89010303': modify order #7823396 buy 0.01 EURUSD at 1.10546 sl: 1.10123 tp: 1.10966 -> sl: 1.10123 tp: 1.10976
0	07:49:10.170	'89010303': order #7823396 buy 0.01 EURUSD at 1.10546 was modified -> sl: 1.10123 tp: 1.10976
0	07:57:13.965	'89010303': modify order #7823402 sell 0.01 EURUSD at 1.10540 sl: 1.10968 tp: 1.10138 -> sl: 1.10968 tp: 1.10090
0	07:57:14.390	'89010303': order #7823402 sell 0.01 EURUSD at 1.10540 was modified -> sl: 1.10968 tp: 1.10090
0	07:57:14.423	'89010303': modify order #7823403 sell 0.01 EURUSD at 1.10540 sl: 1.10967 tp: 1.10138 -> sl: 1.10967 tp: 1.10090
0	07:57:14.581	'89010303': order #7823403 sell 0.01 EURUSD at 1.10540 was modified -> sl: 1.10967 tp: 1.10090
0	07:57:14.581	'89010303': modify order #7823404 sell 0.01 EURUSD at 1.10541 sl: 1.10967 tp: 1.10138 -> sl: 1.10967 tp: 1.10090
0	07:57:15.031	'89010303': order #7823404 sell 0.01 EURUSD at 1.10541 was modified -> sl: 1.10967 tp: 1.10090
0	08:05:49.403	'89010303': modify order #7823402 sell 0.01 EURUSD at 1.10540 sl: 1.10968 tp: 1.10090 -> sl: 1.10968 tp: 1.10060
0	08:05:52.572	'89010303': order #7823402 sell 0.01 EURUSD at 1.10540 was modified -> sl: 1.10968 tp: 1.10060
0	08:05:52.572	'89010303': modify order #7823403 sell 0.01 EURUSD at 1.10540 sl: 1.10967 tp: 1.10090 -> sl: 1.10967 tp: 1.10060
0	08:05:52.828	'89010303': order #7823403 sell 0.01 EURUSD at 1.10540 was modified -> sl: 1.10967 tp: 1.10060
0	08:05:52.828	'89010303': modify order #7823404 sell 0.01 EURUSD at 1.10541 sl: 1.10967 tp: 1.10090 -> sl: 1.10967 tp: 1.10061
0	08:05:52.986	'89010303': order #7823404 sell 0.01 EURUSD at 1.10541 was modified -> sl: 1.10967 tp: 1.10061
0	08:09:30.628	'89010303': modify order #7823402 sell 0.01 EURUSD at 1.10540 sl: 1.10968 tp: 1.10060 -> sl: 1.10968 tp: 1.10031
0	08:09:30.888	'89010303': order #7823402 sell 0.01 EURUSD at 1.10540 was modified -> sl: 1.10968 tp: 1.10031
0	08:09:30.953	'89010303': modify order #7823403 sell 0.01 EURUSD at 1.10540 sl: 1.10967 tp: 1.10060 -> sl: 1.10967 tp: 1.10031
0	08:09:31.180	'89010303': order #7823403 sell 0.01 EURUSD at 1.10540 was modified -> sl: 1.10967 tp: 1.10031
0	08:09:31.180	'89010303': modify order #7823404 sell 0.01 EURUSD at 1.10541 sl: 1.10967 tp: 1.10061 -> sl: 1.10967 tp: 1.10031
0	08:09:31.477	'89010303': order #7823404 sell 0.01 EURUSD at 1.10541 was modified -> sl: 1.10967 tp: 1.10031
0	08:13:05.034	'89010303': modify order #7823402 sell 0.01 EURUSD at 1.10540 sl: 1.10968 tp: 1.10031 -> sl: 1.10968 tp: 1.09979
0	08:13:05.845	'89010303': order #7823402 sell 0.01 EURUSD at 1.10540 was modified -> sl: 1.10968 tp: 1.09979
0	08:13:06.072	'89010303': modify order #7823403 sell 0.01 EURUSD at 1.10540 sl: 1.10967 tp: 1.10031 -> sl: 1.10967 tp: 1.09978
0	08:13:06.267	'89010303': order #7823403 sell 0.01 EURUSD at 1.10540 was modified -> sl: 1.10967 tp: 1.09978
0	08:13:06.267	'89010303': modify order #7823404 sell 0.01 EURUSD at 1.10541 sl: 1.10967 tp: 1.10031 -> sl: 1.10967 tp: 1.09986
0	08:13:06.527	'89010303': order #7823404 sell 0.01 EURUSD at 1.10541 was modified -> sl: 1.10967 tp: 1.09986
0	08:17:37.009	'89010303': modify order #7823402 sell 0.01 EURUSD at 1.10540 sl: 1.10968 tp: 1.09979 -> sl: 1.10968 tp: 1.09953
0	08:17:38.076	'89010303': order #7823402 sell 0.01 EURUSD at 1.10540 was modified -> sl: 1.10968 tp: 1.09953
0	08:17:38.891	'89010303': modify order #7823403 sell 0.01 EURUSD at 1.10540 sl: 1.10967 tp: 1.09978 -> sl: 1.10967 tp: 1.09952
0	08:17:39.119	'89010303': order #7823403 sell 0.01 EURUSD at 1.10540 was modified -> sl: 1.10967 tp: 1.09952
0	08:17:39.119	'89010303': modify order #7823404 sell 0.01 EURUSD at 1.10541 sl: 1.10967 tp: 1.09986 -> sl: 1.10967 tp: 1.09952
0	08:17:39.313	'89010303': order #7823404 sell 0.01 EURUSD at 1.10541 was modified -> sl: 1.10967 tp: 1.09952
0	08:25:32.495	'89010303': modify order #7823402 sell 0.01 EURUSD at 1.10540 sl: 1.10968 tp: 1.09953 -> sl: 1.10968 tp: 1.09919
0	08:25:33.465	'89010303': order #7823402 sell 0.01 EURUSD at 1.10540 was modified -> sl: 1.10968 tp: 1.09919
0	08:25:33.465	'89010303': modify order #7823403 sell 0.01 EURUSD at 1.10540 sl: 1.10967 tp: 1.09952 -> sl: 1.10967 tp: 1.09919
0	08:25:33.660	'89010303': order #7823403 sell 0.01 EURUSD at 1.10540 was modified -> sl: 1.10967 tp: 1.09919
0	08:25:33.660	'89010303': modify order #7823404 sell 0.01 EURUSD at 1.10541 sl: 1.10967 tp: 1.09952 -> sl: 1.10967 tp: 1.09918
0	08:25:33.822	'89010303': order #7823404 sell 0.01 EURUSD at 1.10541 was modified -> sl: 1.10967 tp: 1.09918
0	08:32:33.247	'89010303': modify order #7823402 sell 0.01 EURUSD at 1.10540 sl: 1.10968 tp: 1.09919 -> sl: 1.10968 tp: 1.09914
0	08:32:34.152	'89010303': order #7823402 sell 0.01 EURUSD at 1.10540 was modified -> sl: 1.10968 tp: 1.09914
0	08:32:34.768	'89010303': modify order #7823403 sell 0.01 EURUSD at 1.10540 sl: 1.10967 tp: 1.09919 -> sl: 1.10967 tp: 1.09915
0	08:32:34.931	'89010303': order #7823403 sell 0.01 EURUSD at 1.10540 was modified -> sl: 1.10967 tp: 1.09915
0	08:32:34.931	'89010303': modify order #7823404 sell 0.01 EURUSD at 1.10541 sl: 1.10967 tp: 1.09918 -> sl: 1.10967 tp: 1.09914
0	08:32:35.121	'89010303': order #7823404 sell 0.01 EURUSD at 1.10541 was modified -> sl: 1.10967 tp: 1.09914
0	08:35:35.972	'89010303': modify order #7823402 sell 0.01 EURUSD at 1.10540 sl: 1.10968 tp: 1.09914 -> sl: 1.10968 tp: 1.09872
0	08:35:37.128	'89010303': order #7823402 sell 0.01 EURUSD at 1.10540 was modified -> sl: 1.10968 tp: 1.09872
0	08:35:37.160	'89010303': modify order #7823403 sell 0.01 EURUSD at 1.10540 sl: 1.10967 tp: 1.09915 -> sl: 1.10967 tp: 1.09872
0	08:35:37.322	'89010303': order #7823403 sell 0.01 EURUSD at 1.10540 was modified -> sl: 1.10967 tp: 1.09872
0	08:35:37.419	'89010303': modify order #7823404 sell 0.01 EURUSD at 1.10541 sl: 1.10967 tp: 1.09914 -> sl: 1.10967 tp: 1.09874
0	08:35:37.647	'89010303': order #7823404 sell 0.01 EURUSD at 1.10541 was modified -> sl: 1.10967 tp: 1.09874
0	08:39:53.839	'89010303': modify order #7823402 sell 0.01 EURUSD at 1.10540 sl: 1.10968 tp: 1.09872 -> sl: 1.10968 tp: 1.09854
0	08:39:54.067	'89010303': order #7823402 sell 0.01 EURUSD at 1.10540 was modified -> sl: 1.10968 tp: 1.09854
0	08:39:54.132	'89010303': modify order #7823403 sell 0.01 EURUSD at 1.10540 sl: 1.10967 tp: 1.09872 -> sl: 1.10967 tp: 1.09852
0	08:39:54.391	'89010303': order #7823403 sell 0.01 EURUSD at 1.10540 was modified -> sl: 1.10967 tp: 1.09852
0	08:39:54.391	'89010303': modify order #7823404 sell 0.01 EURUSD at 1.10541 sl: 1.10967 tp: 1.09874 -> sl: 1.10967 tp: 1.09854
0	08:39:54.688	'89010303': order #7823404 sell 0.01 EURUSD at 1.10541 was modified -> sl: 1.10967 tp: 1.09854
0	08:53:53.786	'89010303': modify order #7823402 sell 0.01 EURUSD at 1.10540 sl: 1.10968 tp: 1.09854 -> sl: 1.10968 tp: 1.09853
0	08:53:54.046	'89010303': order #7823402 sell 0.01 EURUSD at 1.10540 was modified -> sl: 1.10968 tp: 1.09853
0	08:53:54.046	'89010303': modify order #7823404 sell 0.01 EURUSD at 1.10541 sl: 1.10967 tp: 1.09854 -> sl: 1.10967 tp: 1.09852
0	08:53:54.244	'89010303': order #7823404 sell 0.01 EURUSD at 1.10541 was modified -> sl: 1.10967 tp: 1.09852
0	09:00:00.205	'89010303': modify order #7823402 sell 0.01 EURUSD at 1.10540 sl: 1.10968 tp: 1.09853 -> sl: 1.10968 tp: 1.09842
0	09:00:00.494	'89010303': order #7823402 sell 0.01 EURUSD at 1.10540 was modified -> sl: 1.10968 tp: 1.09842
0	09:00:00.591	'89010303': modify order #7823403 sell 0.01 EURUSD at 1.10540 sl: 1.10967 tp: 1.09852 -> sl: 1.10967 tp: 1.09843
0	09:00:00.749	'89010303': order #7823403 sell 0.01 EURUSD at 1.10540 was modified -> sl: 1.10967 tp: 1.09843
0	09:00:00.782	'89010303': modify order #7823404 sell 0.01 EURUSD at 1.10541 sl: 1.10967 tp: 1.09852 -> sl: 1.10967 tp: 1.09844
0	09:00:00.980	'89010303': order #7823404 sell 0.01 EURUSD at 1.10541 was modified -> sl: 1.10967 tp: 1.09844
0	09:07:33.120	'89010303': modify order #7823402 sell 0.01 EURUSD at 1.10540 sl: 1.10968 tp: 1.09842 -> sl: 1.10968 tp: 1.09835
0	09:07:33.380	'89010303': order #7823402 sell 0.01 EURUSD at 1.10540 was modified -> sl: 1.10968 tp: 1.09835
0	09:07:33.380	'89010303': modify order #7823403 sell 0.01 EURUSD at 1.10540 sl: 1.10967 tp: 1.09843 -> sl: 1.10967 tp: 1.09835
0	09:07:33.542	'89010303': order #7823403 sell 0.01 EURUSD at 1.10540 was modified -> sl: 1.10967 tp: 1.09835
0	09:07:33.542	'89010303': modify order #7823404 sell 0.01 EURUSD at 1.10541 sl: 1.10967 tp: 1.09844 -> sl: 1.10967 tp: 1.09835
0	09:07:33.869	'89010303': order #7823404 sell 0.01 EURUSD at 1.10541 was modified -> sl: 1.10967 tp: 1.09835
0	09:08:37.822	'89010303': order #7823395 buy 0.01 EURUSD at 1.10546 closed due stop-loss at price 1.10127
0	09:08:39.160	'89010303': order #7823396 buy 0.01 EURUSD at 1.10546 closed due stop-loss at price 1.10123
0	09:13:57.598	'89010303': modify order #7823402 sell 0.01 EURUSD at 1.10540 sl: 1.10968 tp: 1.09835 -> sl: 1.10968 tp: 1.09769
0	09:13:57.955	'89010303': order #7823402 sell 0.01 EURUSD at 1.10540 was modified -> sl: 1.10968 tp: 1.09769
0	09:13:57.955	'89010303': modify order #7823403 sell 0.01 EURUSD at 1.10540 sl: 1.10967 tp: 1.09835 -> sl: 1.10967 tp: 1.09770
0	09:13:58.308	'89010303': order #7823403 sell 0.01 EURUSD at 1.10540 was modified -> sl: 1.10967 tp: 1.09770
0	09:13:58.308	'89010303': modify order #7823404 sell 0.01 EURUSD at 1.10541 sl: 1.10967 tp: 1.09835 -> sl: 1.10967 tp: 1.09767
0	09:13:58.502	'89010303': order #7823404 sell 0.01 EURUSD at 1.10541 was modified -> sl: 1.10967 tp: 1.09767
0	09:15:26.936	'89010303': instant order buy 0.01 EURUSD at 1.10201 sl: 1.09775 tp: 1.10521
0	09:15:32.480	'89010303': order was opened : #7824271 buy 0.01 EURUSD at 1.10200 sl: 1.09775 tp: 1.10521
0	09:20:47.810	'89010303': modify order #7823402 sell 0.01 EURUSD at 1.10540 sl: 1.10968 tp: 1.09769 -> sl: 1.10968 tp: 1.09768
0	09:20:48.135	'89010303': order #7823402 sell 0.01 EURUSD at 1.10540 was modified -> sl: 1.10968 tp: 1.09768
0	09:20:48.167	'89010303': modify order #7823403 sell 0.01 EURUSD at 1.10540 sl: 1.10967 tp: 1.09770 -> sl: 1.10967 tp: 1.09768
0	09:20:48.325	'89010303': order #7823403 sell 0.01 EURUSD at 1.10540 was modified -> sl: 1.10967 tp: 1.09768
0	09:27:38.187	'89010303': modify order #7823402 sell 0.01 EURUSD at 1.10540 sl: 1.10968 tp: 1.09768 -> sl: 1.10968 tp: 1.09734
0	09:27:38.614	'89010303': order #7823402 sell 0.01 EURUSD at 1.10540 was modified -> sl: 1.10968 tp: 1.09734
0	09:27:38.614	'89010303': modify order #7823403 sell 0.01 EURUSD at 1.10540 sl: 1.10967 tp: 1.09768 -> sl: 1.10967 tp: 1.09734
0	09:27:38.906	'89010303': order #7823403 sell 0.01 EURUSD at 1.10540 was modified -> sl: 1.10967 tp: 1.09734
0	09:27:38.906	'89010303': modify order #7823404 sell 0.01 EURUSD at 1.10541 sl: 1.10967 tp: 1.09767 -> sl: 1.10967 tp: 1.09734
0	09:27:39.068	'89010303': order #7823404 sell 0.01 EURUSD at 1.10541 was modified -> sl: 1.10967 tp: 1.09734
0	09:33:59.182	'89010303': modify order #7823402 sell 0.01 EURUSD at 1.10540 sl: 1.10968 tp: 1.09734 -> sl: 1.10968 tp: 1.09722
0	09:33:59.871	'89010303': order #7823402 sell 0.01 EURUSD at 1.10540 was modified -> sl: 1.10968 tp: 1.09722
0	09:33:59.871	'89010303': modify order #7823403 sell 0.01 EURUSD at 1.10540 sl: 1.10967 tp: 1.09734 -> sl: 1.10967 tp: 1.09723
0	09:34:00.058	'89010303': order #7823403 sell 0.01 EURUSD at 1.10540 was modified -> sl: 1.10967 tp: 1.09723
0	09:34:00.058	'89010303': modify order #7823404 sell 0.01 EURUSD at 1.10541 sl: 1.10967 tp: 1.09734 -> sl: 1.10967 tp: 1.09724
0	09:34:00.386	'89010303': order #7823404 sell 0.01 EURUSD at 1.10541 was modified -> sl: 1.10967 tp: 1.09724
0	10:59:04.646	'89010303': modify order #7823402 sell 0.01 EURUSD at 1.10540 sl: 1.10968 tp: 1.09722 -> sl: 1.10968 tp: 1.09639
0	10:59:05.202	'89010303': order #7823402 sell 0.01 EURUSD at 1.10540 was modified -> sl: 1.10968 tp: 1.09639
0	10:59:05.522	'89010303': modify order #7823403 sell 0.01 EURUSD at 1.10540 sl: 1.10967 tp: 1.09723 -> sl: 1.10967 tp: 1.09639
0	10:59:05.684	'89010303': order #7823403 sell 0.01 EURUSD at 1.10540 was modified -> sl: 1.10967 tp: 1.09639
0	10:59:05.685	'89010303': modify order #7823404 sell 0.01 EURUSD at 1.10541 sl: 1.10967 tp: 1.09724 -> sl: 1.10967 tp: 1.09639
0	10:59:05.911	'89010303': order #7823404 sell 0.01 EURUSD at 1.10541 was modified -> sl: 1.10967 tp: 1.09639
0	11:47:28.228	'89010303': modify order #7823402 sell 0.01 EURUSD at 1.10540 sl: 1.10968 tp: 1.09639 -> sl: 1.10968 tp: 1.09631
0	11:47:28.979	'89010303': order #7823402 sell 0.01 EURUSD at 1.10540 was modified -> sl: 1.10968 tp: 1.09631
0	11:47:29.015	'89010303': modify order #7823403 sell 0.01 EURUSD at 1.10540 sl: 1.10967 tp: 1.09639 -> sl: 1.10967 tp: 1.09632
0	11:47:29.308	'89010303': order #7823403 sell 0.01 EURUSD at 1.10540 was modified -> sl: 1.10967 tp: 1.09632
0	11:47:29.372	'89010303': modify order #7823404 sell 0.01 EURUSD at 1.10541 sl: 1.10967 tp: 1.09639 -> sl: 1.10967 tp: 1.09632
0	11:47:29.567	'89010303': order #7823404 sell 0.01 EURUSD at 1.10541 was modified -> sl: 1.10967 tp: 1.09632
0	11:53:33.599	'89010303': modify order #7823402 sell 0.01 EURUSD at 1.10540 sl: 1.10968 tp: 1.09631 -> sl: 1.10968 tp: 1.09619
0	11:53:34.188	'89010303': order #7823402 sell 0.01 EURUSD at 1.10540 was modified -> sl: 1.10968 tp: 1.09619
0	11:53:34.343	'89010303': modify order #7823403 sell 0.01 EURUSD at 1.10540 sl: 1.10967 tp: 1.09632 -> sl: 1.10967 tp: 1.09619
0	11:53:34.532	'89010303': order #7823403 sell 0.01 EURUSD at 1.10540 was modified -> sl: 1.10967 tp: 1.09619
0	11:53:34.597	'89010303': modify order #7823404 sell 0.01 EURUSD at 1.10541 sl: 1.10967 tp: 1.09632 -> sl: 1.10967 tp: 1.09619
0	11:53:34.755	'89010303': order #7823404 sell 0.01 EURUSD at 1.10541 was modified -> sl: 1.10967 tp: 1.09619
0	12:03:20.360	'89010303': modify order #7822669 sell 0.01 EURUSD at 1.10188 sl: 1.10618 tp: 1.09940 -> sl: 1.10618 tp: 1.09929
0	12:03:20.684	'89010303': order #7822669 sell 0.01 EURUSD at 1.10188 was modified -> sl: 1.10618 tp: 1.09929
0	12:08:48.361	'89010303': modify order #7822669 sell 0.01 EURUSD at 1.10188 sl: 1.10618 tp: 1.09929 -> sl: 1.10618 tp: 1.09928
0	12:08:49.984	'89010303': order #7822669 sell 0.01 EURUSD at 1.10188 was modified -> sl: 1.10618 tp: 1.09928
0	12:12:41.110	'89010303': modify order #7822669 sell 0.01 EURUSD at 1.10188 sl: 1.10618 tp: 1.09928 -> sl: 1.10618 tp: 1.09923
0	12:12:41.499	'89010303': order #7822669 sell 0.01 EURUSD at 1.10188 was modified -> sl: 1.10618 tp: 1.09923
0	12:17:49.547	'89010303': modify order #7822669 sell 0.01 EURUSD at 1.10188 sl: 1.10618 tp: 1.09923 -> sl: 1.10618 tp: 1.09912
0	12:17:50.018	'89010303': order #7822669 sell 0.01 EURUSD at 1.10188 was modified -> sl: 1.10618 tp: 1.09912
0	12:17:50.083	'89010303': modify order #7824271 buy 0.01 EURUSD at 1.10200 sl: 1.09775 tp: 1.10521 -> sl: 1.09775 tp: 1.10522
0	12:17:50.314	'89010303': order #7824271 buy 0.01 EURUSD at 1.10200 was modified -> sl: 1.09775 tp: 1.10522
0	12:22:05.438	'89010303': modify order #7822669 sell 0.01 EURUSD at 1.10188 sl: 1.10618 tp: 1.09912 -> sl: 1.10618 tp: 1.09906
0	12:22:06.050	'89010303': order #7822669 sell 0.01 EURUSD at 1.10188 was modified -> sl: 1.10618 tp: 1.09906
0	12:22:06.115	'89010303': modify order #7824271 buy 0.01 EURUSD at 1.10200 sl: 1.09775 tp: 1.10522 -> sl: 1.09775 tp: 1.10526
0	12:22:06.241	'89010303': order #7824271 buy 0.01 EURUSD at 1.10200 was modified -> sl: 1.09775 tp: 1.10526
0	12:25:16.338	'89010303': modify order #7822669 sell 0.01 EURUSD at 1.10188 sl: 1.10618 tp: 1.09906 -> sl: 1.10618 tp: 1.09901
0	12:25:16.598	'89010303': order #7822669 sell 0.01 EURUSD at 1.10188 was modified -> sl: 1.10618 tp: 1.09901
0	12:28:24.957	'89010303': modify order #7822669 sell 0.01 EURUSD at 1.10188 sl: 1.10618 tp: 1.09901 -> sl: 1.10618 tp: 1.09900
0	12:28:25.606	'89010303': order #7822669 sell 0.01 EURUSD at 1.10188 was modified -> sl: 1.10618 tp: 1.09900
0	12:28:25.606	'89010303': modify order #7823402 sell 0.01 EURUSD at 1.10540 sl: 1.10968 tp: 1.09619 -> sl: 1.10968 tp: 1.09550
0	12:28:25.862	'89010303': order #7823402 sell 0.01 EURUSD at 1.10540 was modified -> sl: 1.10968 tp: 1.09550
0	12:28:25.862	'89010303': modify order #7823403 sell 0.01 EURUSD at 1.10540 sl: 1.10967 tp: 1.09619 -> sl: 1.10967 tp: 1.09550
0	12:28:26.157	'89010303': order #7823403 sell 0.01 EURUSD at 1.10540 was modified -> sl: 1.10967 tp: 1.09550
0	12:28:26.219	'89010303': modify order #7823404 sell 0.01 EURUSD at 1.10541 sl: 1.10967 tp: 1.09619 -> sl: 1.10967 tp: 1.09550
0	12:28:26.349	'89010303': order #7823404 sell 0.01 EURUSD at 1.10541 was modified -> sl: 1.10967 tp: 1.09550
0	12:28:26.381	'89010303': modify order #7824271 buy 0.01 EURUSD at 1.10200 sl: 1.09775 tp: 1.10526 -> sl: 1.09775 tp: 1.10528
0	12:28:26.613	'89010303': order #7824271 buy 0.01 EURUSD at 1.10200 was modified -> sl: 1.09775 tp: 1.10528
0	12:32:50.284	'89010303': order #7822669 sell 0.01 EURUSD at 1.10188 closed due take-profit at price 1.09899
0	12:35:41.213	'89010303': modify order #7823402 sell 0.01 EURUSD at 1.10540 sl: 1.10968 tp: 1.09550 -> sl: 1.10968 tp: 1.09508
0	12:35:41.603	'89010303': order #7823402 sell 0.01 EURUSD at 1.10540 was modified -> sl: 1.10968 tp: 1.09508
0	12:35:41.700	'89010303': modify order #7823403 sell 0.01 EURUSD at 1.10540 sl: 1.10967 tp: 1.09550 -> sl: 1.10967 tp: 1.09508
0	12:35:41.964	'89010303': order #7823403 sell 0.01 EURUSD at 1.10540 was modified -> sl: 1.10967 tp: 1.09508
0	12:35:41.964	'89010303': modify order #7823404 sell 0.01 EURUSD at 1.10541 sl: 1.10967 tp: 1.09550 -> sl: 1.10967 tp: 1.09509
0	12:35:42.223	'89010303': order #7823404 sell 0.01 EURUSD at 1.10541 was modified -> sl: 1.10967 tp: 1.09509
0	12:35:42.256	'89010303': modify order #7824271 buy 0.01 EURUSD at 1.10200 sl: 1.09775 tp: 1.10528 -> sl: 1.09775 tp: 1.10531
0	12:35:42.450	'89010303': order #7824271 buy 0.01 EURUSD at 1.10200 was modified -> sl: 1.09775 tp: 1.10531
0	12:38:10.579	'89010303': instant order sell 0.01 EURUSD at 1.09921 sl: 1.10346 tp: 1.09521
0	12:38:11.981	'89010303': order was opened : #7825662 sell 0.01 EURUSD at 1.09934 sl: 1.10346 tp: 1.09521
0	12:42:37.988	'89010303': modify order #7824271 buy 0.01 EURUSD at 1.10200 sl: 1.09775 tp: 1.10531 -> sl: 1.09775 tp: 1.10541
0	12:42:38.633	'89010303': order #7824271 buy 0.01 EURUSD at 1.10200 was modified -> sl: 1.09775 tp: 1.10541
1	12:44:47.063	'89010303': ping failed
1	12:44:49.070	'89010303': connect failed [No connection]
0	12:44:59.251	'89010303': login on FXCM-GBPReal01 through External
0	12:45:02.919	'89010303': ping to current access point External is 95.22 ms
1	12:46:08.471	MQL4 Market: failed to load products
0	12:52:04.032	'89010303': modify order #7824271 buy 0.01 EURUSD at 1.10200 sl: 1.09775 tp: 1.10541 -> sl: 1.09775 tp: 1.10543
0	12:52:04.745	'89010303': order #7824271 buy 0.01 EURUSD at 1.10200 was modified -> sl: 1.09775 tp: 1.10543
0	12:58:28.505	'89010303': modify order #7824271 buy 0.01 EURUSD at 1.10200 sl: 1.09775 tp: 1.10543 -> sl: 1.09775 tp: 1.10549
0	12:58:28.736	'89010303': order #7824271 buy 0.01 EURUSD at 1.10200 was modified -> sl: 1.09775 tp: 1.10549
0	13:09:14.097	'89010303': modify order #7823402 sell 0.01 EURUSD at 1.10540 sl: 1.10968 tp: 1.09508 -> sl: 1.10968 tp: 1.09507
0	13:09:14.738	'89010303': order #7823402 sell 0.01 EURUSD at 1.10540 was modified -> sl: 1.10968 tp: 1.09507
0	13:09:14.770	'89010303': modify order #7823403 sell 0.01 EURUSD at 1.10540 sl: 1.10967 tp: 1.09508 -> sl: 1.10967 tp: 1.09506
0	13:09:14.965	'89010303': order #7823403 sell 0.01 EURUSD at 1.10540 was modified -> sl: 1.10967 tp: 1.09506
0	13:09:14.965	'89010303': modify order #7823404 sell 0.01 EURUSD at 1.10541 sl: 1.10967 tp: 1.09509 -> sl: 1.10967 tp: 1.09506
0	13:09:15.257	'89010303': order #7823404 sell 0.01 EURUSD at 1.10541 was modified -> sl: 1.10967 tp: 1.09506
0	13:09:15.257	'89010303': modify order #7824271 buy 0.01 EURUSD at 1.10200 sl: 1.09775 tp: 1.10549 -> sl: 1.09775 tp: 1.10552
0	13:09:15.614	'89010303': order #7824271 buy 0.01 EURUSD at 1.10200 was modified -> sl: 1.09775 tp: 1.10552
0	13:09:15.647	'89010303': modify order #7825662 sell 0.01 EURUSD at 1.09934 sl: 1.10346 tp: 1.09521 -> sl: 1.10346 tp: 1.09508
0	13:09:15.845	'89010303': order #7825662 sell 0.01 EURUSD at 1.09934 was modified -> sl: 1.10346 tp: 1.09508
0	13:17:12.830	'89010303': modify order #7824271 buy 0.01 EURUSD at 1.10200 sl: 1.09775 tp: 1.10552 -> sl: 1.09775 tp: 1.10555
0	13:17:13.145	'89010303': order #7824271 buy 0.01 EURUSD at 1.10200 was modified -> sl: 1.09775 tp: 1.10555
0	13:31:40.238	'89010303': modify order #7823402 sell 0.01 EURUSD at 1.10540 sl: 1.10968 tp: 1.09507 -> sl: 1.10968 tp: 1.09478
0	13:31:40.465	'89010303': order #7823402 sell 0.01 EURUSD at 1.10540 was modified -> sl: 1.10968 tp: 1.09478
0	13:31:40.465	'89010303': modify order #7823403 sell 0.01 EURUSD at 1.10540 sl: 1.10967 tp: 1.09506 -> sl: 1.10967 tp: 1.09479
0	13:31:40.693	'89010303': order #7823403 sell 0.01 EURUSD at 1.10540 was modified -> sl: 1.10967 tp: 1.09479
0	13:31:40.693	'89010303': modify order #7823404 sell 0.01 EURUSD at 1.10541 sl: 1.10967 tp: 1.09506 -> sl: 1.10967 tp: 1.09477
0	13:31:40.887	'89010303': order #7823404 sell 0.01 EURUSD at 1.10541 was modified -> sl: 1.10967 tp: 1.09477
0	13:31:40.887	'89010303': modify order #7825662 sell 0.01 EURUSD at 1.09934 sl: 1.10346 tp: 1.09508 -> sl: 1.10346 tp: 1.09478
0	13:31:41.082	'89010303': order #7825662 sell 0.01 EURUSD at 1.09934 was modified -> sl: 1.10346 tp: 1.09478
0	13:41:20.280	'89010303': modify order #7823402 sell 0.01 EURUSD at 1.10540 sl: 1.10968 tp: 1.09478 -> sl: 1.10968 tp: 1.09477
0	13:41:20.536	'89010303': order #7823402 sell 0.01 EURUSD at 1.10540 was modified -> sl: 1.10968 tp: 1.09477
0	13:41:20.536	'89010303': modify order #7823403 sell 0.01 EURUSD at 1.10540 sl: 1.10967 tp: 1.09479 -> sl: 1.10967 tp: 1.09478
0	13:41:20.698	'89010303': order #7823403 sell 0.01 EURUSD at 1.10540 was modified -> sl: 1.10967 tp: 1.09478
0	13:41:57.090	'89010303': order #7824271 buy 0.01 EURUSD at 1.10200 closed due stop-loss at price 1.09775
0	13:42:18.599	'89010303': order #7815028 buy 0.01 EURUSD at 1.10158 closed due stop-loss at price 1.09744
0	13:48:38.609	'89010303': modify order #7823402 sell 0.01 EURUSD at 1.10540 sl: 1.10968 tp: 1.09477 -> sl: 1.10968 tp: 1.09349
0	13:48:38.998	'89010303': order #7823402 sell 0.01 EURUSD at 1.10540 was modified -> sl: 1.10968 tp: 1.09349
0	13:48:38.998	'89010303': modify order #7823403 sell 0.01 EURUSD at 1.10540 sl: 1.10967 tp: 1.09478 -> sl: 1.10967 tp: 1.09347
0	13:48:39.193	'89010303': order #7823403 sell 0.01 EURUSD at 1.10540 was modified -> sl: 1.10967 tp: 1.09347
0	13:48:39.193	'89010303': modify order #7823404 sell 0.01 EURUSD at 1.10541 sl: 1.10967 tp: 1.09477 -> sl: 1.10967 tp: 1.09348
0	13:48:39.323	'89010303': order #7823404 sell 0.01 EURUSD at 1.10541 was modified -> sl: 1.10967 tp: 1.09348
0	13:48:39.323	'89010303': modify order #7825662 sell 0.01 EURUSD at 1.09934 sl: 1.10346 tp: 1.09478 -> sl: 1.10346 tp: 1.09348
0	13:48:39.518	'89010303': order #7825662 sell 0.01 EURUSD at 1.09934 was modified -> sl: 1.10346 tp: 1.09348
0	13:48:56.926	'89010303': instant order sell 0.01 EURUSD at 1.09746 sl: 1.10173 tp: 0.00000
0	13:48:57.404	'89010303': order was opened : #7826153 sell 0.01 EURUSD at 1.09749 sl: 1.10173 tp: 0.00000
0	13:50:04.074	'89010303': instant order sell 0.01 EURUSD at 1.09778 sl: 1.10204 tp: 1.09378
0	13:50:04.463	'89010303': order was opened : #7826167 sell 0.01 EURUSD at 1.09778 sl: 1.10204 tp: 1.09378
0	14:00:29.685	'89010303': modify order #7823402 sell 0.01 EURUSD at 1.10540 sl: 1.10968 tp: 1.09349 -> sl: 1.10968 tp: 1.09285
0	14:00:30.139	'89010303': order #7823402 sell 0.01 EURUSD at 1.10540 was modified -> sl: 1.10968 tp: 1.09285
0	14:00:30.788	'89010303': modify order #7823403 sell 0.01 EURUSD at 1.10540 sl: 1.10967 tp: 1.09347 -> sl: 1.10967 tp: 1.09286
0	14:00:31.048	'89010303': order #7823403 sell 0.01 EURUSD at 1.10540 was modified -> sl: 1.10967 tp: 1.09286
0	14:00:31.048	'89010303': modify order #7823404 sell 0.01 EURUSD at 1.10541 sl: 1.10967 tp: 1.09348 -> sl: 1.10967 tp: 1.09284
0	14:00:31.210	'89010303': order #7823404 sell 0.01 EURUSD at 1.10541 was modified -> sl: 1.10967 tp: 1.09284
0	14:00:31.210	'89010303': modify order #7825662 sell 0.01 EURUSD at 1.09934 sl: 1.10346 tp: 1.09348 -> sl: 1.10346 tp: 1.09284
0	14:00:31.401	'89010303': order #7825662 sell 0.01 EURUSD at 1.09934 was modified -> sl: 1.10346 tp: 1.09284
0	14:00:31.498	'89010303': modify order #7826167 sell 0.01 EURUSD at 1.09778 sl: 1.10204 tp: 1.09378 -> sl: 1.10204 tp: 1.09284
0	14:00:31.628	'89010303': order #7826167 sell 0.01 EURUSD at 1.09778 was modified -> sl: 1.10204 tp: 1.09284
0	14:13:25.090	'89010303': modify order #7826153 sell 0.01 EURUSD at 1.09749 sl: 1.10173 tp: 0.00000 -> sl: 1.10173 tp: 1.09669
0	14:13:25.544	'89010303': order #7826153 sell 0.01 EURUSD at 1.09749 was modified -> sl: 1.10173 tp: 1.09669
0	14:18:28.849	'89010303': modify order #7826153 sell 0.01 EURUSD at 1.09749 sl: 1.10173 tp: 1.09669 -> sl: 1.10173 tp: 1.09651
0	14:18:29.108	'89010303': order #7826153 sell 0.01 EURUSD at 1.09749 was modified -> sl: 1.10173 tp: 1.09651
0	14:22:18.583	'89010303': order #7826153 sell 0.01 EURUSD at 1.09749 closed due take-profit at price 1.09650
0	14:24:41.270	'89010303': modify order #7823402 sell 0.01 EURUSD at 1.10540 sl: 1.10968 tp: 1.09285 -> sl: 1.10968 tp: 1.09215
0	14:24:42.727	'89010303': order #7823402 sell 0.01 EURUSD at 1.10540 was modified -> sl: 1.10968 tp: 1.09215
0	14:24:42.727	'89010303': modify order #7823403 sell 0.01 EURUSD at 1.10540 sl: 1.10967 tp: 1.09286 -> sl: 1.10967 tp: 1.09216
0	14:24:42.954	'89010303': order #7823403 sell 0.01 EURUSD at 1.10540 was modified -> sl: 1.10967 tp: 1.09216
0	14:24:42.954	'89010303': modify order #7823404 sell 0.01 EURUSD at 1.10541 sl: 1.10967 tp: 1.09284 -> sl: 1.10967 tp: 1.09216
0	14:24:43.177	'89010303': order #7823404 sell 0.01 EURUSD at 1.10541 was modified -> sl: 1.10967 tp: 1.09216
0	14:24:43.177	'89010303': modify order #7825662 sell 0.01 EURUSD at 1.09934 sl: 1.10346 tp: 1.09284 -> sl: 1.10346 tp: 1.09215
0	14:24:43.404	'89010303': order #7825662 sell 0.01 EURUSD at 1.09934 was modified -> sl: 1.10346 tp: 1.09215
0	14:24:43.469	'89010303': modify order #7826167 sell 0.01 EURUSD at 1.09778 sl: 1.10204 tp: 1.09284 -> sl: 1.10204 tp: 1.09214
0	14:24:43.728	'89010303': order #7826167 sell 0.01 EURUSD at 1.09778 was modified -> sl: 1.10204 tp: 1.09214
0	14:29:50.863	'89010303': modify order #7823402 sell 0.01 EURUSD at 1.10540 sl: 1.10968 tp: 1.09215 -> sl: 1.10968 tp: 1.09201
0	14:29:51.155	'89010303': order #7823402 sell 0.01 EURUSD at 1.10540 was modified -> sl: 1.10968 tp: 1.09201
0	14:29:51.670	'89010303': modify order #7823403 sell 0.01 EURUSD at 1.10540 sl: 1.10967 tp: 1.09216 -> sl: 1.10967 tp: 1.09200
0	14:29:51.958	'89010303': order #7823403 sell 0.01 EURUSD at 1.10540 was modified -> sl: 1.10967 tp: 1.09200
0	14:29:51.958	'89010303': modify order #7823404 sell 0.01 EURUSD at 1.10541 sl: 1.10967 tp: 1.09216 -> sl: 1.10967 tp: 1.09199
0	14:29:52.088	'89010303': order #7823404 sell 0.01 EURUSD at 1.10541 was modified -> sl: 1.10967 tp: 1.09199
0	14:29:52.088	'89010303': modify order #7825662 sell 0.01 EURUSD at 1.09934 sl: 1.10346 tp: 1.09215 -> sl: 1.10346 tp: 1.09201
0	14:29:52.250	'89010303': order #7825662 sell 0.01 EURUSD at 1.09934 was modified -> sl: 1.10346 tp: 1.09201
0	14:29:52.282	'89010303': modify order #7826167 sell 0.01 EURUSD at 1.09778 sl: 1.10204 tp: 1.09214 -> sl: 1.10204 tp: 1.09201
0	14:29:52.477	'89010303': order #7826167 sell 0.01 EURUSD at 1.09778 was modified -> sl: 1.10204 tp: 1.09201
0	14:35:49.600	'89010303': modify order #7823402 sell 0.01 EURUSD at 1.10540 sl: 1.10968 tp: 1.09201 -> sl: 1.10968 tp: 1.09123
0	14:35:49.823	'89010303': order #7823402 sell 0.01 EURUSD at 1.10540 was modified -> sl: 1.10968 tp: 1.09123
0	14:35:50.083	'89010303': modify order #7823403 sell 0.01 EURUSD at 1.10540 sl: 1.10967 tp: 1.09200 -> sl: 1.10967 tp: 1.09124
0	14:35:50.281	'89010303': order #7823403 sell 0.01 EURUSD at 1.10540 was modified -> sl: 1.10967 tp: 1.09124
0	14:35:50.281	'89010303': modify order #7823404 sell 0.01 EURUSD at 1.10541 sl: 1.10967 tp: 1.09199 -> sl: 1.10967 tp: 1.09124
0	14:35:50.541	'89010303': order #7823404 sell 0.01 EURUSD at 1.10541 was modified -> sl: 1.10967 tp: 1.09124
0	14:35:50.541	'89010303': modify order #7825662 sell 0.01 EURUSD at 1.09934 sl: 1.10346 tp: 1.09201 -> sl: 1.10346 tp: 1.09125
0	14:35:50.739	'89010303': order #7825662 sell 0.01 EURUSD at 1.09934 was modified -> sl: 1.10346 tp: 1.09125
0	14:35:50.769	'89010303': modify order #7826167 sell 0.01 EURUSD at 1.09778 sl: 1.10204 tp: 1.09201 -> sl: 1.10204 tp: 1.09127
0	14:35:50.983	'89010303': order #7826167 sell 0.01 EURUSD at 1.09778 was modified -> sl: 1.10204 tp: 1.09127
0	14:39:39.391	'89010303': order #7817053 buy 0.01 EURUSD at 1.09896 closed due stop-loss at price 1.09462
0	14:40:21.430	'89010303': order #7813548 buy 0.01 EURUSD at 1.09858 closed due stop-loss at price 1.09433
0	14:41:10.827	'89010303': modify order #7823402 sell 0.01 EURUSD at 1.10540 sl: 1.10968 tp: 1.09123 -> sl: 1.10968 tp: 1.09047
0	14:41:11.086	'89010303': order #7823402 sell 0.01 EURUSD at 1.10540 was modified -> sl: 1.10968 tp: 1.09047
0	14:41:11.086	'89010303': modify order #7823403 sell 0.01 EURUSD at 1.10540 sl: 1.10967 tp: 1.09124 -> sl: 1.10967 tp: 1.09047
0	14:41:11.249	'89010303': order #7823403 sell 0.01 EURUSD at 1.10540 was modified -> sl: 1.10967 tp: 1.09047
0	14:41:11.249	'89010303': modify order #7823404 sell 0.01 EURUSD at 1.10541 sl: 1.10967 tp: 1.09124 -> sl: 1.10967 tp: 1.09049
0	14:41:11.379	'89010303': order #7823404 sell 0.01 EURUSD at 1.10541 was modified -> sl: 1.10967 tp: 1.09049
0	14:41:11.379	'89010303': modify order #7825662 sell 0.01 EURUSD at 1.09934 sl: 1.10346 tp: 1.09125 -> sl: 1.10346 tp: 1.09049
0	14:41:11.569	'89010303': order #7825662 sell 0.01 EURUSD at 1.09934 was modified -> sl: 1.10346 tp: 1.09049
0	14:41:11.602	'89010303': modify order #7826167 sell 0.01 EURUSD at 1.09778 sl: 1.10204 tp: 1.09127 -> sl: 1.10204 tp: 1.09047
0	14:41:11.861	'89010303': order #7826167 sell 0.01 EURUSD at 1.09778 was modified -> sl: 1.10204 tp: 1.09047
0	14:41:47.211	'89010303': instant order sell 0.01 EURUSD at 1.09442 sl: 1.09868 tp: 1.09393
0	14:41:47.856	'89010303': order was opened : #7826751 sell 0.01 EURUSD at 1.09444 sl: 1.09868 tp: 1.09393
0	14:42:30.641	'89010303': instant order sell 0.01 EURUSD at 1.09462 sl: 1.09888 tp: 1.09062
0	14:42:31.031	'89010303': order was opened : #7826767 sell 0.01 EURUSD at 1.09464 sl: 1.09888 tp: 1.09062
0	15:25:40.554	'89010303': order #7826751 sell 0.01 EURUSD at 1.09444 closed due take-profit at price 1.09388
0	15:27:14.585	'89010303': modify order #7823402 sell 0.01 EURUSD at 1.10540 sl: 1.10968 tp: 1.09047 -> sl: 1.10968 tp: 1.08959
0	15:27:15.303	'89010303': order #7823402 sell 0.01 EURUSD at 1.10540 was modified -> sl: 1.10968 tp: 1.08959
0	15:27:15.756	'89010303': modify order #7823403 sell 0.01 EURUSD at 1.10540 sl: 1.10967 tp: 1.09047 -> sl: 1.10967 tp: 1.08960
0	15:27:15.984	'89010303': order #7823403 sell 0.01 EURUSD at 1.10540 was modified -> sl: 1.10967 tp: 1.08960
0	15:27:15.984	'89010303': modify order #7823404 sell 0.01 EURUSD at 1.10541 sl: 1.10967 tp: 1.09049 -> sl: 1.10967 tp: 1.08961
0	15:27:16.207	'89010303': order #7823404 sell 0.01 EURUSD at 1.10541 was modified -> sl: 1.10967 tp: 1.08961
0	15:27:16.209	'89010303': modify order #7825662 sell 0.01 EURUSD at 1.09934 sl: 1.10346 tp: 1.09049 -> sl: 1.10346 tp: 1.08961
0	15:27:16.438	'89010303': order #7825662 sell 0.01 EURUSD at 1.09934 was modified -> sl: 1.10346 tp: 1.08961
0	15:27:16.502	'89010303': modify order #7826167 sell 0.01 EURUSD at 1.09778 sl: 1.10204 tp: 1.09047 -> sl: 1.10204 tp: 1.08961
0	15:27:16.665	'89010303': order #7826167 sell 0.01 EURUSD at 1.09778 was modified -> sl: 1.10204 tp: 1.08961
0	15:27:16.665	'89010303': modify order #7826767 sell 0.01 EURUSD at 1.09464 sl: 1.09888 tp: 1.09062 -> sl: 1.09888 tp: 1.08961
0	15:27:16.924	'89010303': order #7826767 sell 0.01 EURUSD at 1.09464 was modified -> sl: 1.09888 tp: 1.08961
0	15:27:22.803	'89010303': instant order sell 0.01 EURUSD at 1.09359 sl: 1.09783 tp: 1.09300
0	15:27:23.193	'89010303': order was opened : #7827314 sell 0.01 EURUSD at 1.09351 sl: 1.09783 tp: 1.09300
0	15:42:01.402	'89010303': modify order #7823402 sell 0.01 EURUSD at 1.10540 sl: 1.10968 tp: 1.08959 -> sl: 1.10968 tp: 1.08958
0	15:42:01.694	'89010303': order #7823402 sell 0.01 EURUSD at 1.10540 was modified -> sl: 1.10968 tp: 1.08958
0	15:42:01.921	'89010303': modify order #7823404 sell 0.01 EURUSD at 1.10541 sl: 1.10967 tp: 1.08961 -> sl: 1.10967 tp: 1.08960
0	15:42:02.213	'89010303': order #7823404 sell 0.01 EURUSD at 1.10541 was modified -> sl: 1.10967 tp: 1.08960
0	15:42:02.246	'89010303': modify order #7825662 sell 0.01 EURUSD at 1.09934 sl: 1.10346 tp: 1.08961 -> sl: 1.10346 tp: 1.08958
0	15:42:02.412	'89010303': order #7825662 sell 0.01 EURUSD at 1.09934 was modified -> sl: 1.10346 tp: 1.08958
0	15:42:02.477	'89010303': modify order #7826167 sell 0.01 EURUSD at 1.09778 sl: 1.10204 tp: 1.08961 -> sl: 1.10204 tp: 1.08958
0	15:42:02.671	'89010303': order #7826167 sell 0.01 EURUSD at 1.09778 was modified -> sl: 1.10204 tp: 1.08958
0	15:42:02.704	'89010303': modify order #7826767 sell 0.01 EURUSD at 1.09464 sl: 1.09888 tp: 1.08961 -> sl: 1.09888 tp: 1.08958
0	15:42:02.898	'89010303': order #7826767 sell 0.01 EURUSD at 1.09464 was modified -> sl: 1.09888 tp: 1.08958
0	15:42:02.935	'89010303': modify order #7827314 sell 0.01 EURUSD at 1.09351 sl: 1.09783 tp: 1.09300 -> sl: 1.09783 tp: 1.09275
0	15:42:03.162	'89010303': order #7827314 sell 0.01 EURUSD at 1.09351 was modified -> sl: 1.09783 tp: 1.09275
0	15:46:08.821	'89010303': modify order #7823402 sell 0.01 EURUSD at 1.10540 sl: 1.10968 tp: 1.08958 -> sl: 1.10968 tp: 1.08943
0	15:46:09.113	'89010303': order #7823402 sell 0.01 EURUSD at 1.10540 was modified -> sl: 1.10968 tp: 1.08943
0	15:46:09.113	'89010303': modify order #7823403 sell 0.01 EURUSD at 1.10540 sl: 1.10967 tp: 1.08960 -> sl: 1.10967 tp: 1.08943
0	15:46:09.372	'89010303': order #7823403 sell 0.01 EURUSD at 1.10540 was modified -> sl: 1.10967 tp: 1.08943
0	15:46:09.372	'89010303': modify order #7823404 sell 0.01 EURUSD at 1.10541 sl: 1.10967 tp: 1.08960 -> sl: 1.10967 tp: 1.08943
0	15:46:09.571	'89010303': order #7823404 sell 0.01 EURUSD at 1.10541 was modified -> sl: 1.10967 tp: 1.08943
0	15:46:09.571	'89010303': modify order #7825662 sell 0.01 EURUSD at 1.09934 sl: 1.10346 tp: 1.08958 -> sl: 1.10346 tp: 1.08943
0	15:46:09.757	'89010303': order #7825662 sell 0.01 EURUSD at 1.09934 was modified -> sl: 1.10346 tp: 1.08943
0	15:46:09.757	'89010303': modify order #7826167 sell 0.01 EURUSD at 1.09778 sl: 1.10204 tp: 1.08958 -> sl: 1.10204 tp: 1.08941
0	15:46:09.952	'89010303': order #7826167 sell 0.01 EURUSD at 1.09778 was modified -> sl: 1.10204 tp: 1.08941
0	15:46:09.952	'89010303': modify order #7826767 sell 0.01 EURUSD at 1.09464 sl: 1.09888 tp: 1.08958 -> sl: 1.09888 tp: 1.08941
0	15:46:10.110	'89010303': order #7826767 sell 0.01 EURUSD at 1.09464 was modified -> sl: 1.09888 tp: 1.08941
0	15:46:10.110	'89010303': modify order #7827314 sell 0.01 EURUSD at 1.09351 sl: 1.09783 tp: 1.09275 -> sl: 1.09783 tp: 1.09265
0	15:46:10.305	'89010303': order #7827314 sell 0.01 EURUSD at 1.09351 was modified -> sl: 1.09783 tp: 1.09265
0	15:53:29.753	'89010303': modify order #7823402 sell 0.01 EURUSD at 1.10540 sl: 1.10968 tp: 1.08943 -> sl: 1.10968 tp: 1.08897
0	15:53:30.272	'89010303': order #7823402 sell 0.01 EURUSD at 1.10540 was modified -> sl: 1.10968 tp: 1.08897
0	15:53:30.272	'89010303': modify order #7823403 sell 0.01 EURUSD at 1.10540 sl: 1.10967 tp: 1.08943 -> sl: 1.10967 tp: 1.08896
0	15:53:30.466	'89010303': order #7823403 sell 0.01 EURUSD at 1.10540 was modified -> sl: 1.10967 tp: 1.08896
0	15:53:30.466	'89010303': modify order #7823404 sell 0.01 EURUSD at 1.10541 sl: 1.10967 tp: 1.08943 -> sl: 1.10967 tp: 1.08896
0	15:53:30.663	'89010303': order #7823404 sell 0.01 EURUSD at 1.10541 was modified -> sl: 1.10967 tp: 1.08896
0	15:53:30.663	'89010303': modify order #7825662 sell 0.01 EURUSD at 1.09934 sl: 1.10346 tp: 1.08943 -> sl: 1.10346 tp: 1.08897
0	15:53:30.921	'89010303': order #7825662 sell 0.01 EURUSD at 1.09934 was modified -> sl: 1.10346 tp: 1.08897
0	15:53:30.921	'89010303': modify order #7826167 sell 0.01 EURUSD at 1.09778 sl: 1.10204 tp: 1.08941 -> sl: 1.10204 tp: 1.08897
0	15:53:31.116	'89010303': order #7826167 sell 0.01 EURUSD at 1.09778 was modified -> sl: 1.10204 tp: 1.08897
0	15:53:31.116	'89010303': modify order #7826767 sell 0.01 EURUSD at 1.09464 sl: 1.09888 tp: 1.08941 -> sl: 1.09888 tp: 1.08897
0	15:53:31.310	'89010303': order #7826767 sell 0.01 EURUSD at 1.09464 was modified -> sl: 1.09888 tp: 1.08897
0	15:53:31.347	'89010303': modify order #7827314 sell 0.01 EURUSD at 1.09351 sl: 1.09783 tp: 1.09265 -> sl: 1.09783 tp: 1.09258
0	15:53:31.509	'89010303': order #7827314 sell 0.01 EURUSD at 1.09351 was modified -> sl: 1.09783 tp: 1.09258
0	15:57:41.323	'89010303': order #7827314 sell 0.01 EURUSD at 1.09351 closed due take-profit at price 1.09258
0	15:57:59.406	'89010303': modify order #7823402 sell 0.01 EURUSD at 1.10540 sl: 1.10968 tp: 1.08897 -> sl: 1.10968 tp: 1.08842
0	15:57:59.856	'89010303': order #7823402 sell 0.01 EURUSD at 1.10540 was modified -> sl: 1.10968 tp: 1.08842
0	15:57:59.856	'89010303': modify order #7823403 sell 0.01 EURUSD at 1.10540 sl: 1.10967 tp: 1.08896 -> sl: 1.10967 tp: 1.08841
0	15:58:00.018	'89010303': order #7823403 sell 0.01 EURUSD at 1.10540 was modified -> sl: 1.10967 tp: 1.08841
0	15:58:00.018	'89010303': modify order #7823404 sell 0.01 EURUSD at 1.10541 sl: 1.10967 tp: 1.08896 -> sl: 1.10967 tp: 1.08841
0	15:58:00.152	'89010303': order #7823404 sell 0.01 EURUSD at 1.10541 was modified -> sl: 1.10967 tp: 1.08841
0	15:58:00.152	'89010303': modify order #7825662 sell 0.01 EURUSD at 1.09934 sl: 1.10346 tp: 1.08897 -> sl: 1.10346 tp: 1.08841
0	15:58:00.310	'89010303': order #7825662 sell 0.01 EURUSD at 1.09934 was modified -> sl: 1.10346 tp: 1.08841
0	15:58:00.310	'89010303': modify order #7826167 sell 0.01 EURUSD at 1.09778 sl: 1.10204 tp: 1.08897 -> sl: 1.10204 tp: 1.08841
0	15:58:00.538	'89010303': order #7826167 sell 0.01 EURUSD at 1.09778 was modified -> sl: 1.10204 tp: 1.08841
0	15:58:00.570	'89010303': modify order #7826767 sell 0.01 EURUSD at 1.09464 sl: 1.09888 tp: 1.08897 -> sl: 1.09888 tp: 1.08842
0	15:58:00.765	'89010303': order #7826767 sell 0.01 EURUSD at 1.09464 was modified -> sl: 1.09888 tp: 1.08842
0	15:58:52.617	'89010303': order #7778133 buy 0.01 EURUSD at 1.09621 closed due stop-loss at price 1.09200
0	16:00:00.369	'89010303': instant order sell 0.01 EURUSD at 1.09212 sl: 1.09636 tp: 1.08812
0	16:00:00.629	'89010303': order was opened : #7827701 sell 0.01 EURUSD at 1.09212 sl: 1.09636 tp: 1.08812
0	16:27:57.996	'89010303': modify order #7823402 sell 0.01 EURUSD at 1.10540 sl: 1.10968 tp: 1.08842 -> sl: 1.10968 tp: 1.08816
0	16:27:58.223	'89010303': order #7823402 sell 0.01 EURUSD at 1.10540 was modified -> sl: 1.10968 tp: 1.08816
0	16:27:58.677	'89010303': modify order #7823403 sell 0.01 EURUSD at 1.10540 sl: 1.10967 tp: 1.08841 -> sl: 1.10967 tp: 1.08815
0	16:27:58.969	'89010303': order #7823403 sell 0.01 EURUSD at 1.10540 was modified -> sl: 1.10967 tp: 1.08815
0	16:27:58.969	'89010303': modify order #7823404 sell 0.01 EURUSD at 1.10541 sl: 1.10967 tp: 1.08841 -> sl: 1.10967 tp: 1.08815
0	16:27:59.196	'89010303': order #7823404 sell 0.01 EURUSD at 1.10541 was modified -> sl: 1.10967 tp: 1.08815
0	16:27:59.196	'89010303': modify order #7825662 sell 0.01 EURUSD at 1.09934 sl: 1.10346 tp: 1.08841 -> sl: 1.10346 tp: 1.08815
0	16:27:59.395	'89010303': order #7825662 sell 0.01 EURUSD at 1.09934 was modified -> sl: 1.10346 tp: 1.08815
0	16:27:59.395	'89010303': modify order #7826167 sell 0.01 EURUSD at 1.09778 sl: 1.10204 tp: 1.08841 -> sl: 1.10204 tp: 1.08815
0	16:27:59.553	'89010303': order #7826167 sell 0.01 EURUSD at 1.09778 was modified -> sl: 1.10204 tp: 1.08815
0	16:28:00.202	'89010303': modify order #7826767 sell 0.01 EURUSD at 1.09464 sl: 1.09888 tp: 1.08842 -> sl: 1.09888 tp: 1.08815
0	16:28:00.518	'89010303': order #7826767 sell 0.01 EURUSD at 1.09464 was modified -> sl: 1.09888 tp: 1.08815
0	16:55:13.442	'89010303': modify order #7823402 sell 0.01 EURUSD at 1.10540 sl: 1.10968 tp: 1.08816 -> sl: 1.10968 tp: 1.08744
0	16:55:13.694	'89010303': order #7823402 sell 0.01 EURUSD at 1.10540 was modified -> sl: 1.10968 tp: 1.08744
0	16:55:13.694	'89010303': modify order #7823403 sell 0.01 EURUSD at 1.10540 sl: 1.10967 tp: 1.08815 -> sl: 1.10967 tp: 1.08744
0	16:55:14.024	'89010303': order #7823403 sell 0.01 EURUSD at 1.10540 was modified -> sl: 1.10967 tp: 1.08744
0	16:55:14.087	'89010303': modify order #7823404 sell 0.01 EURUSD at 1.10541 sl: 1.10967 tp: 1.08815 -> sl: 1.10967 tp: 1.08745
0	16:55:14.282	'89010303': order #7823404 sell 0.01 EURUSD at 1.10541 was modified -> sl: 1.10967 tp: 1.08745
0	16:55:14.318	'89010303': modify order #7825662 sell 0.01 EURUSD at 1.09934 sl: 1.10346 tp: 1.08815 -> sl: 1.10346 tp: 1.08745
0	16:55:14.481	'89010303': order #7825662 sell 0.01 EURUSD at 1.09934 was modified -> sl: 1.10346 tp: 1.08745
0	16:55:14.513	'89010303': modify order #7826167 sell 0.01 EURUSD at 1.09778 sl: 1.10204 tp: 1.08815 -> sl: 1.10204 tp: 1.08745
0	16:55:14.675	'89010303': order #7826167 sell 0.01 EURUSD at 1.09778 was modified -> sl: 1.10204 tp: 1.08745
0	16:55:14.675	'89010303': modify order #7826767 sell 0.01 EURUSD at 1.09464 sl: 1.09888 tp: 1.08815 -> sl: 1.09888 tp: 1.08744
0	16:55:14.935	'89010303': order #7826767 sell 0.01 EURUSD at 1.09464 was modified -> sl: 1.09888 tp: 1.08744
0	16:55:14.971	'89010303': modify order #7827701 sell 0.01 EURUSD at 1.09212 sl: 1.09636 tp: 1.08812 -> sl: 1.09636 tp: 1.08743
0	16:55:15.259	'89010303': order #7827701 sell 0.01 EURUSD at 1.09212 was modified -> sl: 1.09636 tp: 1.08743
0	17:03:50.942	'89010303': modify order #7823402 sell 0.01 EURUSD at 1.10540 sl: 1.10968 tp: 1.08744 -> sl: 1.10968 tp: 1.08692
0	17:03:51.238	'89010303': order #7823402 sell 0.01 EURUSD at 1.10540 was modified -> sl: 1.10968 tp: 1.08692
0	17:03:51.337	'89010303': modify order #7823403 sell 0.01 EURUSD at 1.10540 sl: 1.10967 tp: 1.08744 -> sl: 1.10967 tp: 1.08692
0	17:03:51.562	'89010303': order #7823403 sell 0.01 EURUSD at 1.10540 was modified -> sl: 1.10967 tp: 1.08692
0	17:03:51.562	'89010303': modify order #7823404 sell 0.01 EURUSD at 1.10541 sl: 1.10967 tp: 1.08745 -> sl: 1.10967 tp: 1.08692
0	17:03:51.793	'89010303': order #7823404 sell 0.01 EURUSD at 1.10541 was modified -> sl: 1.10967 tp: 1.08692
0	17:03:51.858	'89010303': modify order #7825662 sell 0.01 EURUSD at 1.09934 sl: 1.10346 tp: 1.08745 -> sl: 1.10346 tp: 1.08692
0	17:03:52.020	'89010303': order #7825662 sell 0.01 EURUSD at 1.09934 was modified -> sl: 1.10346 tp: 1.08692
0	17:03:52.020	'89010303': modify order #7826167 sell 0.01 EURUSD at 1.09778 sl: 1.10204 tp: 1.08745 -> sl: 1.10204 tp: 1.08693
0	17:03:52.182	'89010303': order #7826167 sell 0.01 EURUSD at 1.09778 was modified -> sl: 1.10204 tp: 1.08693
0	17:03:52.182	'89010303': modify order #7826767 sell 0.01 EURUSD at 1.09464 sl: 1.09888 tp: 1.08744 -> sl: 1.09888 tp: 1.08694
0	17:03:52.415	'89010303': order #7826767 sell 0.01 EURUSD at 1.09464 was modified -> sl: 1.09888 tp: 1.08694
0	17:03:52.479	'89010303': modify order #7827701 sell 0.01 EURUSD at 1.09212 sl: 1.09636 tp: 1.08743 -> sl: 1.09636 tp: 1.08694
0	17:03:52.706	'89010303': order #7827701 sell 0.01 EURUSD at 1.09212 was modified -> sl: 1.09636 tp: 1.08694
0	17:09:21.620	'89010303': modify order #7823402 sell 0.01 EURUSD at 1.10540 sl: 1.10968 tp: 1.08692 -> sl: 1.10968 tp: 1.08661
0	17:09:22.111	'89010303': order #7823402 sell 0.01 EURUSD at 1.10540 was modified -> sl: 1.10968 tp: 1.08661
0	17:09:22.273	'89010303': modify order #7823403 sell 0.01 EURUSD at 1.10540 sl: 1.10967 tp: 1.08692 -> sl: 1.10967 tp: 1.08662
0	17:09:22.532	'89010303': order #7823403 sell 0.01 EURUSD at 1.10540 was modified -> sl: 1.10967 tp: 1.08662
0	17:09:22.532	'89010303': modify order #7823404 sell 0.01 EURUSD at 1.10541 sl: 1.10967 tp: 1.08692 -> sl: 1.10967 tp: 1.08662
0	17:09:22.759	'89010303': order #7823404 sell 0.01 EURUSD at 1.10541 was modified -> sl: 1.10967 tp: 1.08662
0	17:09:22.759	'89010303': modify order #7825662 sell 0.01 EURUSD at 1.09934 sl: 1.10346 tp: 1.08692 -> sl: 1.10346 tp: 1.08662
0	17:09:22.958	'89010303': order #7825662 sell 0.01 EURUSD at 1.09934 was modified -> sl: 1.10346 tp: 1.08662
0	17:09:22.958	'89010303': modify order #7826167 sell 0.01 EURUSD at 1.09778 sl: 1.10204 tp: 1.08693 -> sl: 1.10204 tp: 1.08662
0	17:09:23.120	'89010303': order #7826167 sell 0.01 EURUSD at 1.09778 was modified -> sl: 1.10204 tp: 1.08662
0	17:09:23.120	'89010303': modify order #7826767 sell 0.01 EURUSD at 1.09464 sl: 1.09888 tp: 1.08694 -> sl: 1.09888 tp: 1.08662
0	17:09:23.509	'89010303': order #7826767 sell 0.01 EURUSD at 1.09464 was modified -> sl: 1.09888 tp: 1.08662
0	17:09:23.606	'89010303': modify order #7827701 sell 0.01 EURUSD at 1.09212 sl: 1.09636 tp: 1.08694 -> sl: 1.09636 tp: 1.08662
0	17:09:23.806	'89010303': order #7827701 sell 0.01 EURUSD at 1.09212 was modified -> sl: 1.09636 tp: 1.08662
