0	00:21:41.848	'89010303': modify order #6687005 sell 0.01 EURUSD at 1.09648 sl: 1.10076 tp: 1.09150 -> sl: 1.10076 tp: 1.09142
0	00:21:42.113	'89010303': order #6687005 sell 0.01 EURUSD at 1.09648 was modified -> sl: 1.10076 tp: 1.09142
0	00:23:05.348	'89010303': modify order #6687005 sell 0.01 EURUSD at 1.09648 sl: 1.10076 tp: 1.09142 -> sl: 1.10076 tp: 1.09131
0	00:23:05.519	'89010303': order #6687005 sell 0.01 EURUSD at 1.09648 was modified -> sl: 1.10076 tp: 1.09131
0	00:32:02.082	'89010303': modify order #6687005 sell 0.01 EURUSD at 1.09648 sl: 1.10076 tp: 1.09131 -> sl: 1.10076 tp: 1.09110
0	00:32:02.270	'89010303': order #6687005 sell 0.01 EURUSD at 1.09648 was modified -> sl: 1.10076 tp: 1.09110
0	00:51:55.880	'89010303': modify order #6687005 sell 0.01 EURUSD at 1.09648 sl: 1.10076 tp: 1.09110 -> sl: 1.10076 tp: 1.09103
0	00:51:56.052	'89010303': order #6687005 sell 0.01 EURUSD at 1.09648 was modified -> sl: 1.10076 tp: 1.09103
0	01:02:28.646	'89010303': modify order #6687005 sell 0.01 EURUSD at 1.09648 sl: 1.10076 tp: 1.09103 -> sl: 1.10076 tp: 1.09091
0	01:02:28.818	'89010303': order #6687005 sell 0.01 EURUSD at 1.09648 was modified -> sl: 1.10076 tp: 1.09091
0	07:05:11.126	'89010303': modify order #6686949 buy 0.01 EURUSD at 1.09751 sl: 1.09325 tp: 1.10165 -> sl: 1.09325 tp: 1.10181
0	07:05:11.407	'89010303': order #6686949 buy 0.01 EURUSD at 1.09751 was modified -> sl: 1.09325 tp: 1.10181
0	07:06:12.485	'89010303': modify order #6683592 buy 0.01 EURUSD at 1.08821 sl: 1.08391 tp: 1.10190 -> sl: 1.08391 tp: 1.10199
0	07:06:12.641	'89010303': order #6683592 buy 0.01 EURUSD at 1.08821 was modified -> sl: 1.08391 tp: 1.10199
0	07:06:12.719	'89010303': modify order #6683718 buy 0.01 EURUSD at 1.08762 sl: 1.08354 tp: 1.10188 -> sl: 1.08354 tp: 1.10199
0	07:06:12.922	'89010303': order #6683718 buy 0.01 EURUSD at 1.08762 was modified -> sl: 1.08354 tp: 1.10199
0	07:06:12.969	'89010303': modify order #6683720 buy 0.01 EURUSD at 1.08759 sl: 1.08328 tp: 1.10190 -> sl: 1.08328 tp: 1.10199
0	07:06:13.188	'89010303': order #6683720 buy 0.01 EURUSD at 1.08759 was modified -> sl: 1.08328 tp: 1.10199
0	07:06:13.188	'89010303': modify order #6683721 buy 0.01 EURUSD at 1.08753 sl: 1.08331 tp: 1.10188 -> sl: 1.08331 tp: 1.10199
0	07:06:13.422	'89010303': order #6683721 buy 0.01 EURUSD at 1.08753 was modified -> sl: 1.08331 tp: 1.10199
0	07:06:13.469	'89010303': modify order #6683799 buy 0.01 EURUSD at 1.08851 sl: 1.08423 tp: 1.10190 -> sl: 1.08423 tp: 1.10199
0	07:06:13.688	'89010303': order #6683799 buy 0.01 EURUSD at 1.08851 was modified -> sl: 1.08423 tp: 1.10199
0	07:06:13.688	'89010303': modify order #6686216 buy 0.01 EURUSD at 1.09429 sl: 1.09004 tp: 1.10190 -> sl: 1.09004 tp: 1.10199
0	07:06:13.954	'89010303': order #6686216 buy 0.01 EURUSD at 1.09429 was modified -> sl: 1.09004 tp: 1.10199
0	07:06:13.985	'89010303': modify order #6686360 buy 0.01 EURUSD at 1.09359 sl: 1.08941 tp: 1.10189 -> sl: 1.08941 tp: 1.10199
0	07:06:14.204	'89010303': order #6686360 buy 0.01 EURUSD at 1.09359 was modified -> sl: 1.08941 tp: 1.10199
0	07:06:14.235	'89010303': modify order #6686361 buy 0.01 EURUSD at 1.09360 sl: 1.08934 tp: 1.10190 -> sl: 1.08934 tp: 1.10199
0	07:06:14.454	'89010303': order #6686361 buy 0.01 EURUSD at 1.09360 was modified -> sl: 1.08934 tp: 1.10199
0	07:06:14.485	'89010303': modify order #6686779 buy 0.01 EURUSD at 1.09657 sl: 1.09232 tp: 1.10190 -> sl: 1.09232 tp: 1.10199
0	07:06:14.704	'89010303': order #6686779 buy 0.01 EURUSD at 1.09657 was modified -> sl: 1.09232 tp: 1.10199
0	07:06:14.704	'89010303': modify order #6686949 buy 0.01 EURUSD at 1.09751 sl: 1.09325 tp: 1.10181 -> sl: 1.09325 tp: 1.10199
0	07:06:14.954	'89010303': order #6686949 buy 0.01 EURUSD at 1.09751 was modified -> sl: 1.09325 tp: 1.10199
0	07:30:25.564	'89010303': modify order #6686947 buy 0.01 EURUSD at 1.09760 sl: 1.09334 tp: 1.09818 -> sl: 1.09334 tp: 1.09821
0	07:30:25.736	'89010303': order #6686947 buy 0.01 EURUSD at 1.09760 was modified -> sl: 1.09334 tp: 1.09821
0	07:31:25.705	'89010303': modify order #6683592 buy 0.01 EURUSD at 1.08821 sl: 1.08391 tp: 1.10199 -> sl: 1.08391 tp: 1.10216
0	07:31:25.908	'89010303': order #6683592 buy 0.01 EURUSD at 1.08821 was modified -> sl: 1.08391 tp: 1.10216
0	07:31:25.955	'89010303': modify order #6683718 buy 0.01 EURUSD at 1.08762 sl: 1.08354 tp: 1.10199 -> sl: 1.08354 tp: 1.10216
0	07:31:26.158	'89010303': order #6683718 buy 0.01 EURUSD at 1.08762 was modified -> sl: 1.08354 tp: 1.10216
0	07:31:26.205	'89010303': modify order #6683720 buy 0.01 EURUSD at 1.08759 sl: 1.08328 tp: 1.10199 -> sl: 1.08328 tp: 1.10216
0	07:31:26.470	'89010303': order #6683720 buy 0.01 EURUSD at 1.08759 was modified -> sl: 1.08328 tp: 1.10216
0	07:31:26.533	'89010303': modify order #6683721 buy 0.01 EURUSD at 1.08753 sl: 1.08331 tp: 1.10199 -> sl: 1.08331 tp: 1.10216
0	07:31:26.898	'89010303': order #6683721 buy 0.01 EURUSD at 1.08753 was modified -> sl: 1.08331 tp: 1.10216
0	07:31:26.955	'89010303': modify order #6683799 buy 0.01 EURUSD at 1.08851 sl: 1.08423 tp: 1.10199 -> sl: 1.08423 tp: 1.10216
0	07:31:27.173	'89010303': order #6683799 buy 0.01 EURUSD at 1.08851 was modified -> sl: 1.08423 tp: 1.10216
0	07:31:27.220	'89010303': modify order #6686216 buy 0.01 EURUSD at 1.09429 sl: 1.09004 tp: 1.10199 -> sl: 1.09004 tp: 1.10216
0	07:31:27.439	'89010303': order #6686216 buy 0.01 EURUSD at 1.09429 was modified -> sl: 1.09004 tp: 1.10216
0	07:31:27.486	'89010303': modify order #6686360 buy 0.01 EURUSD at 1.09359 sl: 1.08941 tp: 1.10199 -> sl: 1.08941 tp: 1.10216
0	07:31:27.689	'89010303': order #6686360 buy 0.01 EURUSD at 1.09359 was modified -> sl: 1.08941 tp: 1.10216
0	07:31:27.689	'89010303': modify order #6686361 buy 0.01 EURUSD at 1.09360 sl: 1.08934 tp: 1.10199 -> sl: 1.08934 tp: 1.10216
0	07:31:27.986	'89010303': order #6686361 buy 0.01 EURUSD at 1.09360 was modified -> sl: 1.08934 tp: 1.10216
0	07:31:28.017	'89010303': modify order #6686779 buy 0.01 EURUSD at 1.09657 sl: 1.09232 tp: 1.10199 -> sl: 1.09232 tp: 1.10216
0	07:31:28.220	'89010303': order #6686779 buy 0.01 EURUSD at 1.09657 was modified -> sl: 1.09232 tp: 1.10216
0	07:31:28.267	'89010303': modify order #6686949 buy 0.01 EURUSD at 1.09751 sl: 1.09325 tp: 1.10199 -> sl: 1.09325 tp: 1.10217
0	07:31:28.486	'89010303': order #6686949 buy 0.01 EURUSD at 1.09751 was modified -> sl: 1.09325 tp: 1.10217
0	07:32:14.423	'89010303': modify order #6683592 buy 0.01 EURUSD at 1.08821 sl: 1.08391 tp: 1.10216 -> sl: 1.08391 tp: 1.10219
0	07:32:14.783	'89010303': order #6683592 buy 0.01 EURUSD at 1.08821 was modified -> sl: 1.08391 tp: 1.10219
0	07:32:14.892	'89010303': modify order #6683718 buy 0.01 EURUSD at 1.08762 sl: 1.08354 tp: 1.10216 -> sl: 1.08354 tp: 1.10218
0	07:32:15.173	'89010303': order #6683718 buy 0.01 EURUSD at 1.08762 was modified -> sl: 1.08354 tp: 1.10218
0	07:32:15.220	'89010303': modify order #6683720 buy 0.01 EURUSD at 1.08759 sl: 1.08328 tp: 1.10216 -> sl: 1.08328 tp: 1.10219
0	07:32:15.408	'89010303': order #6683720 buy 0.01 EURUSD at 1.08759 was modified -> sl: 1.08328 tp: 1.10219
0	07:32:15.408	'89010303': modify order #6683721 buy 0.01 EURUSD at 1.08753 sl: 1.08331 tp: 1.10216 -> sl: 1.08331 tp: 1.10219
0	07:32:15.673	'89010303': order #6683721 buy 0.01 EURUSD at 1.08753 was modified -> sl: 1.08331 tp: 1.10219
0	07:32:15.736	'89010303': modify order #6683799 buy 0.01 EURUSD at 1.08851 sl: 1.08423 tp: 1.10216 -> sl: 1.08423 tp: 1.10219
0	07:32:16.017	'89010303': order #6683799 buy 0.01 EURUSD at 1.08851 was modified -> sl: 1.08423 tp: 1.10219
0	07:32:16.064	'89010303': modify order #6686216 buy 0.01 EURUSD at 1.09429 sl: 1.09004 tp: 1.10216 -> sl: 1.09004 tp: 1.10219
0	07:32:16.439	'89010303': order #6686216 buy 0.01 EURUSD at 1.09429 was modified -> sl: 1.09004 tp: 1.10219
0	07:32:16.470	'89010303': modify order #6686360 buy 0.01 EURUSD at 1.09359 sl: 1.08941 tp: 1.10216 -> sl: 1.08941 tp: 1.10219
0	07:32:16.673	'89010303': order #6686360 buy 0.01 EURUSD at 1.09359 was modified -> sl: 1.08941 tp: 1.10219
0	07:32:16.704	'89010303': modify order #6686361 buy 0.01 EURUSD at 1.09360 sl: 1.08934 tp: 1.10216 -> sl: 1.08934 tp: 1.10220
0	07:32:16.923	'89010303': order #6686361 buy 0.01 EURUSD at 1.09360 was modified -> sl: 1.08934 tp: 1.10220
0	07:32:16.955	'89010303': modify order #6686779 buy 0.01 EURUSD at 1.09657 sl: 1.09232 tp: 1.10216 -> sl: 1.09232 tp: 1.10220
0	07:32:17.158	'89010303': order #6686779 buy 0.01 EURUSD at 1.09657 was modified -> sl: 1.09232 tp: 1.10220
0	07:32:17.158	'89010303': modify order #6686949 buy 0.01 EURUSD at 1.09751 sl: 1.09325 tp: 1.10217 -> sl: 1.09325 tp: 1.10220
0	07:32:17.470	'89010303': order #6686949 buy 0.01 EURUSD at 1.09751 was modified -> sl: 1.09325 tp: 1.10220
0	07:33:16.830	'89010303': modify order #6686947 buy 0.01 EURUSD at 1.09760 sl: 1.09334 tp: 1.09821 -> sl: 1.09334 tp: 1.09828
0	07:33:16.986	'89010303': order #6686947 buy 0.01 EURUSD at 1.09760 was modified -> sl: 1.09334 tp: 1.09828
0	07:36:40.037	'89010303': modify order #6686947 buy 0.01 EURUSD at 1.09760 sl: 1.09334 tp: 1.09828 -> sl: 1.09334 tp: 1.09831
0	07:36:40.298	'89010303': order #6686947 buy 0.01 EURUSD at 1.09760 was modified -> sl: 1.09334 tp: 1.09831
0	07:37:27.392	'89010303': modify order #6686947 buy 0.01 EURUSD at 1.09760 sl: 1.09334 tp: 1.09831 -> sl: 1.09334 tp: 1.09832
0	07:37:27.548	'89010303': order #6686947 buy 0.01 EURUSD at 1.09760 was modified -> sl: 1.09334 tp: 1.09832
0	07:45:33.665	'89010303': modify order #6686947 buy 0.01 EURUSD at 1.09760 sl: 1.09334 tp: 1.09832 -> sl: 1.09334 tp: 1.09838
0	07:45:33.913	'89010303': order #6686947 buy 0.01 EURUSD at 1.09760 was modified -> sl: 1.09334 tp: 1.09838
0	07:46:17.314	'89010303': modify order #6686947 buy 0.01 EURUSD at 1.09760 sl: 1.09334 tp: 1.09838 -> sl: 1.09334 tp: 1.09843
0	07:46:17.538	'89010303': order #6686947 buy 0.01 EURUSD at 1.09760 was modified -> sl: 1.09334 tp: 1.09843
0	07:48:01.689	'89010303': modify order #6686947 buy 0.01 EURUSD at 1.09760 sl: 1.09334 tp: 1.09843 -> sl: 1.09334 tp: 1.09846
0	07:48:01.908	'89010303': order #6686947 buy 0.01 EURUSD at 1.09760 was modified -> sl: 1.09334 tp: 1.09846
0	07:49:12.699	'89010303': modify order #6686947 buy 0.01 EURUSD at 1.09760 sl: 1.09334 tp: 1.09846 -> sl: 1.09334 tp: 1.09847
0	07:49:12.914	'89010303': order #6686947 buy 0.01 EURUSD at 1.09760 was modified -> sl: 1.09334 tp: 1.09847
1	09:05:49.215	'89010303': connect failed [No connection]
0	09:05:58.292	'89010303': login on FXCM-GBPReal01 through External
0	09:06:06.635	'89010303': ping to current access point External is 81.12 ms
1	09:07:02.407	MQL4 Market: failed to load products
0	09:47:31.518	'89010303': modify order #6687005 sell 0.01 EURUSD at 1.09648 sl: 1.10076 tp: 1.09091 -> sl: 1.10076 tp: 1.09017
0	09:47:34.937	'89010303': order #6687005 sell 0.01 EURUSD at 1.09648 was modified -> sl: 1.10076 tp: 1.09017
0	10:02:21.886	'89010303': modify order #6687005 sell 0.01 EURUSD at 1.09648 sl: 1.10076 tp: 1.09017 -> sl: 1.10076 tp: 1.08996
0	10:02:22.130	'89010303': order #6687005 sell 0.01 EURUSD at 1.09648 was modified -> sl: 1.10076 tp: 1.08996
0	10:08:15.842	'89010303': modify order #6687005 sell 0.01 EURUSD at 1.09648 sl: 1.10076 tp: 1.08996 -> sl: 1.10076 tp: 1.08985
0	10:08:16.069	'89010303': order #6687005 sell 0.01 EURUSD at 1.09648 was modified -> sl: 1.10076 tp: 1.08985
0	10:13:47.893	'89010303': modify order #6687005 sell 0.01 EURUSD at 1.09648 sl: 1.10076 tp: 1.08985 -> sl: 1.10076 tp: 1.08968
0	10:13:48.178	'89010303': order #6687005 sell 0.01 EURUSD at 1.09648 was modified -> sl: 1.10076 tp: 1.08968
0	10:17:14.272	'89010303': modify order #6687005 sell 0.01 EURUSD at 1.09648 sl: 1.10076 tp: 1.08968 -> sl: 1.10076 tp: 1.08963
0	10:17:14.680	'89010303': order #6687005 sell 0.01 EURUSD at 1.09648 was modified -> sl: 1.10076 tp: 1.08963
0	10:30:44.235	'89010303': modify order #6687005 sell 0.01 EURUSD at 1.09648 sl: 1.10076 tp: 1.08963 -> sl: 1.10076 tp: 1.08943
0	10:30:44.815	'89010303': order #6687005 sell 0.01 EURUSD at 1.09648 was modified -> sl: 1.10076 tp: 1.08943
0	10:30:50.869	'89010303': order #6686947 buy 0.01 EURUSD at 1.09760 closed due stop-loss at price 1.09331
0	10:31:00.897	'89010303': order #6686949 buy 0.01 EURUSD at 1.09751 closed due stop-loss at price 1.09325
0	10:38:16.585	'89010303': modify order #6687005 sell 0.01 EURUSD at 1.09648 sl: 1.10076 tp: 1.08943 -> sl: 1.10076 tp: 1.08918
0	10:38:17.239	'89010303': order #6687005 sell 0.01 EURUSD at 1.09648 was modified -> sl: 1.10076 tp: 1.08918
0	10:55:39.336	'89010303': modify order #6687005 sell 0.01 EURUSD at 1.09648 sl: 1.10076 tp: 1.08918 -> sl: 1.10076 tp: 1.08914
0	10:55:39.992	'89010303': order #6687005 sell 0.01 EURUSD at 1.09648 was modified -> sl: 1.10076 tp: 1.08914
0	10:57:20.106	'89010303': modify order #6687005 sell 0.01 EURUSD at 1.09648 sl: 1.10076 tp: 1.08914 -> sl: 1.10076 tp: 1.08913
0	10:57:20.341	'89010303': order #6687005 sell 0.01 EURUSD at 1.09648 was modified -> sl: 1.10076 tp: 1.08913
0	11:04:12.027	'89010303': order #6686777 buy 0.01 EURUSD at 1.09680 closed due stop-loss at price 1.09253
0	11:05:27.602	'89010303': modify order #6687005 sell 0.01 EURUSD at 1.09648 sl: 1.10076 tp: 1.08913 -> sl: 1.10076 tp: 1.08864
0	11:05:28.494	'89010303': order #6687005 sell 0.01 EURUSD at 1.09648 was modified -> sl: 1.10076 tp: 1.08864
0	13:03:48.564	'89010303': instant order sell 0.01 EURUSD at 1.09512 sl: 1.09939 tp: 1.09419
0	13:03:48.824	'89010303': order was opened : #6695472 sell 0.01 EURUSD at 1.09513 sl: 1.09939 tp: 1.09419
0	13:13:10.942	'89010303': modify order #6695472 sell 0.01 EURUSD at 1.09513 sl: 1.09939 tp: 1.09419 -> sl: 1.09939 tp: 1.09411
0	13:13:11.380	'89010303': order #6695472 sell 0.01 EURUSD at 1.09513 was modified -> sl: 1.09939 tp: 1.09411
0	13:17:29.258	'89010303': modify order #6695472 sell 0.01 EURUSD at 1.09513 sl: 1.09939 tp: 1.09411 -> sl: 1.09939 tp: 1.09390
0	13:17:30.038	'89010303': order #6695472 sell 0.01 EURUSD at 1.09513 was modified -> sl: 1.09939 tp: 1.09390
0	13:23:09.543	'89010303': modify order #6695472 sell 0.01 EURUSD at 1.09513 sl: 1.09939 tp: 1.09390 -> sl: 1.09939 tp: 1.09367
0	13:23:10.155	'89010303': order #6695472 sell 0.01 EURUSD at 1.09513 was modified -> sl: 1.09939 tp: 1.09367
0	13:26:49.726	'89010303': modify order #6695472 sell 0.01 EURUSD at 1.09513 sl: 1.09939 tp: 1.09367 -> sl: 1.09939 tp: 1.09337
0	13:26:49.887	'89010303': order #6695472 sell 0.01 EURUSD at 1.09513 was modified -> sl: 1.09939 tp: 1.09337
0	13:28:56.693	'89010303': modify order #6695472 sell 0.01 EURUSD at 1.09513 sl: 1.09939 tp: 1.09337 -> sl: 1.09939 tp: 1.09333
0	13:28:56.900	'89010303': order #6695472 sell 0.01 EURUSD at 1.09513 was modified -> sl: 1.09939 tp: 1.09333
0	13:38:14.914	'89010303': modify order #6695472 sell 0.01 EURUSD at 1.09513 sl: 1.09939 tp: 1.09333 -> sl: 1.09939 tp: 1.09324
0	13:38:15.238	'89010303': order #6695472 sell 0.01 EURUSD at 1.09513 was modified -> sl: 1.09939 tp: 1.09324
0	13:45:24.644	'89010303': modify order #6695472 sell 0.01 EURUSD at 1.09513 sl: 1.09939 tp: 1.09324 -> sl: 1.09939 tp: 1.09323
0	13:45:24.932	'89010303': order #6695472 sell 0.01 EURUSD at 1.09513 was modified -> sl: 1.09939 tp: 1.09323
0	14:07:38.192	'89010303': instant order buy 0.01 EURUSD at 1.09681 sl: 1.09256 tp: 1.10081
0	14:07:38.610	'89010303': order was opened : #6696030 buy 0.01 EURUSD at 1.09681 sl: 1.09256 tp: 1.10081
0	14:14:56.796	'89010303': modify order #6696030 buy 0.01 EURUSD at 1.09681 sl: 1.09256 tp: 1.10081 -> sl: 1.09256 tp: 1.10114
0	14:14:57.084	'89010303': order #6696030 buy 0.01 EURUSD at 1.09681 was modified -> sl: 1.09256 tp: 1.10114
0	14:24:09.492	'89010303': modify order #6696030 buy 0.01 EURUSD at 1.09681 sl: 1.09256 tp: 1.10114 -> sl: 1.09256 tp: 1.10151
0	14:24:09.902	'89010303': order #6696030 buy 0.01 EURUSD at 1.09681 was modified -> sl: 1.09256 tp: 1.10151
0	14:27:23.202	'89010303': modify order #6696030 buy 0.01 EURUSD at 1.09681 sl: 1.09256 tp: 1.10151 -> sl: 1.09256 tp: 1.10179
0	14:27:23.733	'89010303': order #6696030 buy 0.01 EURUSD at 1.09681 was modified -> sl: 1.09256 tp: 1.10179
0	14:52:58.854	'89010303': modify order #6683592 buy 0.01 EURUSD at 1.08821 sl: 1.08391 tp: 1.10219 -> sl: 1.08391 tp: 1.10221
0	14:52:59.467	'89010303': order #6683592 buy 0.01 EURUSD at 1.08821 was modified -> sl: 1.08391 tp: 1.10221
0	14:52:59.468	'89010303': modify order #6683718 buy 0.01 EURUSD at 1.08762 sl: 1.08354 tp: 1.10218 -> sl: 1.08354 tp: 1.10221
0	14:52:59.710	'89010303': order #6683718 buy 0.01 EURUSD at 1.08762 was modified -> sl: 1.08354 tp: 1.10221
0	14:52:59.710	'89010303': modify order #6696030 buy 0.01 EURUSD at 1.09681 sl: 1.09256 tp: 1.10179 -> sl: 1.09256 tp: 1.10219
0	14:52:59.995	'89010303': order #6696030 buy 0.01 EURUSD at 1.09681 was modified -> sl: 1.09256 tp: 1.10219
0	15:03:17.329	'89010303': modify order #6683592 buy 0.01 EURUSD at 1.08821 sl: 1.08391 tp: 1.10221 -> sl: 1.08391 tp: 1.10227
0	15:03:17.613	'89010303': order #6683592 buy 0.01 EURUSD at 1.08821 was modified -> sl: 1.08391 tp: 1.10227
0	15:03:17.613	'89010303': modify order #6683718 buy 0.01 EURUSD at 1.08762 sl: 1.08354 tp: 1.10221 -> sl: 1.08354 tp: 1.10228
0	15:03:17.941	'89010303': order #6683718 buy 0.01 EURUSD at 1.08762 was modified -> sl: 1.08354 tp: 1.10228
0	15:03:17.941	'89010303': modify order #6683720 buy 0.01 EURUSD at 1.08759 sl: 1.08328 tp: 1.10219 -> sl: 1.08328 tp: 1.10228
0	15:03:18.103	'89010303': order #6683720 buy 0.01 EURUSD at 1.08759 was modified -> sl: 1.08328 tp: 1.10228
0	15:03:18.103	'89010303': modify order #6683721 buy 0.01 EURUSD at 1.08753 sl: 1.08331 tp: 1.10219 -> sl: 1.08331 tp: 1.10228
0	15:03:18.387	'89010303': order #6683721 buy 0.01 EURUSD at 1.08753 was modified -> sl: 1.08331 tp: 1.10228
0	15:03:18.387	'89010303': modify order #6683799 buy 0.01 EURUSD at 1.08851 sl: 1.08423 tp: 1.10219 -> sl: 1.08423 tp: 1.10228
0	15:03:18.797	'89010303': order #6683799 buy 0.01 EURUSD at 1.08851 was modified -> sl: 1.08423 tp: 1.10228
0	15:03:18.797	'89010303': modify order #6686216 buy 0.01 EURUSD at 1.09429 sl: 1.09004 tp: 1.10219 -> sl: 1.09004 tp: 1.10228
0	15:03:18.963	'89010303': order #6686216 buy 0.01 EURUSD at 1.09429 was modified -> sl: 1.09004 tp: 1.10228
0	15:03:19.003	'89010303': modify order #6686360 buy 0.01 EURUSD at 1.09359 sl: 1.08941 tp: 1.10219 -> sl: 1.08941 tp: 1.10228
0	15:03:19.453	'89010303': order #6686360 buy 0.01 EURUSD at 1.09359 was modified -> sl: 1.08941 tp: 1.10228
0	15:03:19.493	'89010303': modify order #6686361 buy 0.01 EURUSD at 1.09360 sl: 1.08934 tp: 1.10220 -> sl: 1.08934 tp: 1.10228
0	15:03:19.818	'89010303': order #6686361 buy 0.01 EURUSD at 1.09360 was modified -> sl: 1.08934 tp: 1.10228
0	15:03:19.818	'89010303': modify order #6686779 buy 0.01 EURUSD at 1.09657 sl: 1.09232 tp: 1.10220 -> sl: 1.09232 tp: 1.10228
0	15:03:20.065	'89010303': order #6686779 buy 0.01 EURUSD at 1.09657 was modified -> sl: 1.09232 tp: 1.10228
0	15:03:20.146	'89010303': modify order #6696030 buy 0.01 EURUSD at 1.09681 sl: 1.09256 tp: 1.10219 -> sl: 1.09256 tp: 1.10228
0	15:03:20.437	'89010303': order #6696030 buy 0.01 EURUSD at 1.09681 was modified -> sl: 1.09256 tp: 1.10228
0	15:26:40.858	'89010303': modify order #6683592 buy 0.01 EURUSD at 1.08821 sl: 1.08391 tp: 1.10227 -> sl: 1.08391 tp: 1.10286
0	15:26:41.223	'89010303': order #6683592 buy 0.01 EURUSD at 1.08821 was modified -> sl: 1.08391 tp: 1.10286
0	15:26:41.266	'89010303': modify order #6683718 buy 0.01 EURUSD at 1.08762 sl: 1.08354 tp: 1.10228 -> sl: 1.08354 tp: 1.10286
0	15:26:41.588	'89010303': order #6683718 buy 0.01 EURUSD at 1.08762 was modified -> sl: 1.08354 tp: 1.10286
0	15:26:41.835	'89010303': modify order #6683720 buy 0.01 EURUSD at 1.08759 sl: 1.08328 tp: 1.10228 -> sl: 1.08328 tp: 1.10285
0	15:26:42.038	'89010303': order #6683720 buy 0.01 EURUSD at 1.08759 was modified -> sl: 1.08328 tp: 1.10285
0	15:26:47.572	'89010303': modify order #6683721 buy 0.01 EURUSD at 1.08753 sl: 1.08331 tp: 1.10228 -> sl: 1.08331 tp: 1.10286
0	15:26:47.774	'89010303': order #6683721 buy 0.01 EURUSD at 1.08753 was modified -> sl: 1.08331 tp: 1.10286
0	15:26:47.774	'89010303': modify order #6683799 buy 0.01 EURUSD at 1.08851 sl: 1.08423 tp: 1.10228 -> sl: 1.08423 tp: 1.10287
0	15:26:48.017	'89010303': order #6683799 buy 0.01 EURUSD at 1.08851 was modified -> sl: 1.08423 tp: 1.10287
0	15:26:48.017	'89010303': modify order #6686216 buy 0.01 EURUSD at 1.09429 sl: 1.09004 tp: 1.10228 -> sl: 1.09004 tp: 1.10286
0	15:26:48.260	'89010303': order #6686216 buy 0.01 EURUSD at 1.09429 was modified -> sl: 1.09004 tp: 1.10286
0	15:26:48.260	'89010303': modify order #6686360 buy 0.01 EURUSD at 1.09359 sl: 1.08941 tp: 1.10228 -> sl: 1.08941 tp: 1.10285
0	15:26:48.463	'89010303': order #6686360 buy 0.01 EURUSD at 1.09359 was modified -> sl: 1.08941 tp: 1.10285
0	15:26:48.463	'89010303': modify order #6686361 buy 0.01 EURUSD at 1.09360 sl: 1.08934 tp: 1.10228 -> sl: 1.08934 tp: 1.10286
0	15:26:48.629	'89010303': order #6686361 buy 0.01 EURUSD at 1.09360 was modified -> sl: 1.08934 tp: 1.10286
0	15:26:48.629	'89010303': modify order #6686779 buy 0.01 EURUSD at 1.09657 sl: 1.09232 tp: 1.10228 -> sl: 1.09232 tp: 1.10286
0	15:26:48.832	'89010303': order #6686779 buy 0.01 EURUSD at 1.09657 was modified -> sl: 1.09232 tp: 1.10286
0	15:26:48.832	'89010303': modify order #6696030 buy 0.01 EURUSD at 1.09681 sl: 1.09256 tp: 1.10228 -> sl: 1.09256 tp: 1.10286
0	15:26:49.075	'89010303': order #6696030 buy 0.01 EURUSD at 1.09681 was modified -> sl: 1.09256 tp: 1.10286
0	15:35:59.097	'89010303': modify order #6683592 buy 0.01 EURUSD at 1.08821 sl: 1.08391 tp: 1.10286 -> sl: 1.08391 tp: 1.10296
0	15:35:59.425	'89010303': order #6683592 buy 0.01 EURUSD at 1.08821 was modified -> sl: 1.08391 tp: 1.10296
0	15:35:59.425	'89010303': modify order #6683718 buy 0.01 EURUSD at 1.08762 sl: 1.08354 tp: 1.10286 -> sl: 1.08354 tp: 1.10296
0	15:35:59.587	'89010303': order #6683718 buy 0.01 EURUSD at 1.08762 was modified -> sl: 1.08354 tp: 1.10296
0	15:35:59.587	'89010303': modify order #6683720 buy 0.01 EURUSD at 1.08759 sl: 1.08328 tp: 1.10285 -> sl: 1.08328 tp: 1.10296
0	15:35:59.818	'89010303': order #6683720 buy 0.01 EURUSD at 1.08759 was modified -> sl: 1.08328 tp: 1.10296
0	15:35:59.818	'89010303': modify order #6683721 buy 0.01 EURUSD at 1.08753 sl: 1.08331 tp: 1.10286 -> sl: 1.08331 tp: 1.10296
0	15:36:00.110	'89010303': order #6683721 buy 0.01 EURUSD at 1.08753 was modified -> sl: 1.08331 tp: 1.10296
0	15:36:00.110	'89010303': modify order #6683799 buy 0.01 EURUSD at 1.08851 sl: 1.08423 tp: 1.10287 -> sl: 1.08423 tp: 1.10296
0	15:36:00.305	'89010303': order #6683799 buy 0.01 EURUSD at 1.08851 was modified -> sl: 1.08423 tp: 1.10296
0	15:36:00.305	'89010303': modify order #6686216 buy 0.01 EURUSD at 1.09429 sl: 1.09004 tp: 1.10286 -> sl: 1.09004 tp: 1.10296
0	15:36:00.463	'89010303': order #6686216 buy 0.01 EURUSD at 1.09429 was modified -> sl: 1.09004 tp: 1.10296
0	15:36:00.463	'89010303': modify order #6686360 buy 0.01 EURUSD at 1.09359 sl: 1.08941 tp: 1.10285 -> sl: 1.08941 tp: 1.10292
0	15:36:00.695	'89010303': order #6686360 buy 0.01 EURUSD at 1.09359 was modified -> sl: 1.08941 tp: 1.10292
0	15:36:00.695	'89010303': modify order #6686361 buy 0.01 EURUSD at 1.09360 sl: 1.08934 tp: 1.10286 -> sl: 1.08934 tp: 1.10295
0	15:36:00.825	'89010303': order #6686361 buy 0.01 EURUSD at 1.09360 was modified -> sl: 1.08934 tp: 1.10295
0	15:36:00.825	'89010303': modify order #6686779 buy 0.01 EURUSD at 1.09657 sl: 1.09232 tp: 1.10286 -> sl: 1.09232 tp: 1.10296
0	15:36:00.950	'89010303': order #6686779 buy 0.01 EURUSD at 1.09657 was modified -> sl: 1.09232 tp: 1.10296
0	15:36:00.950	'89010303': modify order #6696030 buy 0.01 EURUSD at 1.09681 sl: 1.09256 tp: 1.10286 -> sl: 1.09256 tp: 1.10297
0	15:36:01.117	'89010303': order #6696030 buy 0.01 EURUSD at 1.09681 was modified -> sl: 1.09256 tp: 1.10297
0	15:43:57.308	'89010303': modify order #6683592 buy 0.01 EURUSD at 1.08821 sl: 1.08391 tp: 1.10296 -> sl: 1.08391 tp: 1.10320
0	15:43:57.799	'89010303': order #6683592 buy 0.01 EURUSD at 1.08821 was modified -> sl: 1.08391 tp: 1.10320
0	15:43:57.880	'89010303': modify order #6683718 buy 0.01 EURUSD at 1.08762 sl: 1.08354 tp: 1.10296 -> sl: 1.08354 tp: 1.10320
0	15:43:58.286	'89010303': order #6683718 buy 0.01 EURUSD at 1.08762 was modified -> sl: 1.08354 tp: 1.10320
0	15:43:58.331	'89010303': modify order #6683720 buy 0.01 EURUSD at 1.08759 sl: 1.08328 tp: 1.10296 -> sl: 1.08328 tp: 1.10321
0	15:43:58.574	'89010303': order #6683720 buy 0.01 EURUSD at 1.08759 was modified -> sl: 1.08328 tp: 1.10321
0	15:43:58.614	'89010303': modify order #6683721 buy 0.01 EURUSD at 1.08753 sl: 1.08331 tp: 1.10296 -> sl: 1.08331 tp: 1.10321
0	15:43:58.777	'89010303': order #6683721 buy 0.01 EURUSD at 1.08753 was modified -> sl: 1.08331 tp: 1.10321
0	15:43:58.817	'89010303': modify order #6683799 buy 0.01 EURUSD at 1.08851 sl: 1.08423 tp: 1.10296 -> sl: 1.08423 tp: 1.10321
0	15:43:58.979	'89010303': order #6683799 buy 0.01 EURUSD at 1.08851 was modified -> sl: 1.08423 tp: 1.10321
0	15:43:59.063	'89010303': modify order #6686216 buy 0.01 EURUSD at 1.09429 sl: 1.09004 tp: 1.10296 -> sl: 1.09004 tp: 1.10321
0	15:43:59.349	'89010303': order #6686216 buy 0.01 EURUSD at 1.09429 was modified -> sl: 1.09004 tp: 1.10321
0	15:43:59.430	'89010303': modify order #6686360 buy 0.01 EURUSD at 1.09359 sl: 1.08941 tp: 1.10292 -> sl: 1.08941 tp: 1.10321
0	15:43:59.633	'89010303': order #6686360 buy 0.01 EURUSD at 1.09359 was modified -> sl: 1.08941 tp: 1.10321
0	15:43:59.633	'89010303': modify order #6686361 buy 0.01 EURUSD at 1.09360 sl: 1.08934 tp: 1.10295 -> sl: 1.08934 tp: 1.10321
0	15:43:59.840	'89010303': order #6686361 buy 0.01 EURUSD at 1.09360 was modified -> sl: 1.08934 tp: 1.10321
0	15:43:59.840	'89010303': modify order #6686779 buy 0.01 EURUSD at 1.09657 sl: 1.09232 tp: 1.10296 -> sl: 1.09232 tp: 1.10321
0	15:44:00.002	'89010303': order #6686779 buy 0.01 EURUSD at 1.09657 was modified -> sl: 1.09232 tp: 1.10321
0	15:44:00.002	'89010303': modify order #6696030 buy 0.01 EURUSD at 1.09681 sl: 1.09256 tp: 1.10297 -> sl: 1.09256 tp: 1.10321
0	15:44:00.286	'89010303': order #6696030 buy 0.01 EURUSD at 1.09681 was modified -> sl: 1.09256 tp: 1.10321
0	15:56:23.981	'89010303': order #6695472 sell 0.01 EURUSD at 1.09513 closed due stop-loss at price 1.09943
0	15:58:08.794	'89010303': instant order buy 0.01 EURUSD at 1.09936 sl: 1.09511 tp: 0.00000
0	15:58:09.281	'89010303': order was opened : #6696934 buy 0.01 EURUSD at 1.09937 sl: 1.09511 tp: 0.00000
0	16:00:06.581	'89010303': modify order #6683592 buy 0.01 EURUSD at 1.08821 sl: 1.08391 tp: 1.10320 -> sl: 1.08391 tp: 1.10350
0	16:00:06.946	'89010303': order #6683592 buy 0.01 EURUSD at 1.08821 was modified -> sl: 1.08391 tp: 1.10350
0	16:00:07.397	'89010303': modify order #6683718 buy 0.01 EURUSD at 1.08762 sl: 1.08354 tp: 1.10320 -> sl: 1.08354 tp: 1.10350
0	16:00:07.599	'89010303': order #6683718 buy 0.01 EURUSD at 1.08762 was modified -> sl: 1.08354 tp: 1.10350
0	16:00:07.599	'89010303': modify order #6683720 buy 0.01 EURUSD at 1.08759 sl: 1.08328 tp: 1.10321 -> sl: 1.08328 tp: 1.10350
0	16:00:07.806	'89010303': order #6683720 buy 0.01 EURUSD at 1.08759 was modified -> sl: 1.08328 tp: 1.10350
0	16:00:07.847	'89010303': modify order #6683721 buy 0.01 EURUSD at 1.08753 sl: 1.08331 tp: 1.10321 -> sl: 1.08331 tp: 1.10351
0	16:00:08.131	'89010303': order #6683721 buy 0.01 EURUSD at 1.08753 was modified -> sl: 1.08331 tp: 1.10351
0	16:00:08.212	'89010303': modify order #6683799 buy 0.01 EURUSD at 1.08851 sl: 1.08423 tp: 1.10321 -> sl: 1.08423 tp: 1.10349
0	16:00:08.419	'89010303': order #6683799 buy 0.01 EURUSD at 1.08851 was modified -> sl: 1.08423 tp: 1.10349
0	16:00:08.460	'89010303': modify order #6686216 buy 0.01 EURUSD at 1.09429 sl: 1.09004 tp: 1.10321 -> sl: 1.09004 tp: 1.10349
0	16:00:08.622	'89010303': order #6686216 buy 0.01 EURUSD at 1.09429 was modified -> sl: 1.09004 tp: 1.10349
0	16:00:08.703	'89010303': modify order #6686360 buy 0.01 EURUSD at 1.09359 sl: 1.08941 tp: 1.10321 -> sl: 1.08941 tp: 1.10349
0	16:00:08.869	'89010303': order #6686360 buy 0.01 EURUSD at 1.09359 was modified -> sl: 1.08941 tp: 1.10349
0	16:00:08.869	'89010303': modify order #6686361 buy 0.01 EURUSD at 1.09360 sl: 1.08934 tp: 1.10321 -> sl: 1.08934 tp: 1.10349
0	16:00:09.279	'89010303': order #6686361 buy 0.01 EURUSD at 1.09360 was modified -> sl: 1.08934 tp: 1.10349
0	16:00:09.316	'89010303': modify order #6686779 buy 0.01 EURUSD at 1.09657 sl: 1.09232 tp: 1.10321 -> sl: 1.09232 tp: 1.10351
0	16:00:09.522	'89010303': order #6686779 buy 0.01 EURUSD at 1.09657 was modified -> sl: 1.09232 tp: 1.10351
0	16:00:09.564	'89010303': modify order #6696030 buy 0.01 EURUSD at 1.09681 sl: 1.09256 tp: 1.10321 -> sl: 1.09256 tp: 1.10351
0	16:00:09.993	'89010303': order #6696030 buy 0.01 EURUSD at 1.09681 was modified -> sl: 1.09256 tp: 1.10351
0	16:03:56.886	'89010303': modify order #6696934 buy 0.01 EURUSD at 1.09937 sl: 1.09511 tp: 0.00000 -> sl: 1.09511 tp: 1.09956
0	16:03:57.600	'89010303': order #6696934 buy 0.01 EURUSD at 1.09937 was modified -> sl: 1.09511 tp: 1.09956
0	16:10:35.760	'89010303': order #6696934 buy 0.01 EURUSD at 1.09937 closed due take-profit at price 1.09956
0	16:15:50.689	'89010303': modify order #6683592 buy 0.01 EURUSD at 1.08821 sl: 1.08391 tp: 1.10350 -> sl: 1.08391 tp: 1.10387
0	16:15:51.017	'89010303': order #6683592 buy 0.01 EURUSD at 1.08821 was modified -> sl: 1.08391 tp: 1.10387
0	16:15:51.143	'89010303': modify order #6683718 buy 0.01 EURUSD at 1.08762 sl: 1.08354 tp: 1.10350 -> sl: 1.08354 tp: 1.10387
0	16:15:51.589	'89010303': order #6683718 buy 0.01 EURUSD at 1.08762 was modified -> sl: 1.08354 tp: 1.10387
0	16:15:51.630	'89010303': modify order #6683720 buy 0.01 EURUSD at 1.08759 sl: 1.08328 tp: 1.10350 -> sl: 1.08328 tp: 1.10388
0	16:15:51.914	'89010303': order #6683720 buy 0.01 EURUSD at 1.08759 was modified -> sl: 1.08328 tp: 1.10388
0	16:15:51.954	'89010303': modify order #6683721 buy 0.01 EURUSD at 1.08753 sl: 1.08331 tp: 1.10351 -> sl: 1.08331 tp: 1.10388
0	16:15:52.076	'89010303': order #6683721 buy 0.01 EURUSD at 1.08753 was modified -> sl: 1.08331 tp: 1.10388
0	16:15:52.117	'89010303': modify order #6683799 buy 0.01 EURUSD at 1.08851 sl: 1.08423 tp: 1.10349 -> sl: 1.08423 tp: 1.10388
0	16:15:52.242	'89010303': order #6683799 buy 0.01 EURUSD at 1.08851 was modified -> sl: 1.08423 tp: 1.10388
0	16:15:52.242	'89010303': modify order #6686216 buy 0.01 EURUSD at 1.09429 sl: 1.09004 tp: 1.10349 -> sl: 1.09004 tp: 1.10388
0	16:15:52.445	'89010303': order #6686216 buy 0.01 EURUSD at 1.09429 was modified -> sl: 1.09004 tp: 1.10388
0	16:15:52.445	'89010303': modify order #6686360 buy 0.01 EURUSD at 1.09359 sl: 1.08941 tp: 1.10349 -> sl: 1.08941 tp: 1.10388
0	16:15:52.692	'89010303': order #6686360 buy 0.01 EURUSD at 1.09359 was modified -> sl: 1.08941 tp: 1.10388
0	16:15:52.692	'89010303': modify order #6686361 buy 0.01 EURUSD at 1.09360 sl: 1.08934 tp: 1.10349 -> sl: 1.08934 tp: 1.10388
0	16:15:53.098	'89010303': order #6686361 buy 0.01 EURUSD at 1.09360 was modified -> sl: 1.08934 tp: 1.10388
0	16:15:53.138	'89010303': modify order #6686779 buy 0.01 EURUSD at 1.09657 sl: 1.09232 tp: 1.10351 -> sl: 1.09232 tp: 1.10388
0	16:15:53.426	'89010303': order #6686779 buy 0.01 EURUSD at 1.09657 was modified -> sl: 1.09232 tp: 1.10388
0	16:15:53.426	'89010303': modify order #6696030 buy 0.01 EURUSD at 1.09681 sl: 1.09256 tp: 1.10351 -> sl: 1.09256 tp: 1.10388
0	16:15:53.629	'89010303': order #6696030 buy 0.01 EURUSD at 1.09681 was modified -> sl: 1.09256 tp: 1.10388
0	16:16:28.858	'89010303': instant order buy 0.01 EURUSD at 1.10007 sl: 1.09582 tp: 0.00000
0	16:16:29.142	'89010303': order was opened : #6697144 buy 0.01 EURUSD at 1.10005 sl: 1.09582 tp: 0.00000
0	16:20:23.241	'89010303': modify order #6683592 buy 0.01 EURUSD at 1.08821 sl: 1.08391 tp: 1.10387 -> sl: 1.08391 tp: 1.10388
0	16:20:23.558	'89010303': order #6683592 buy 0.01 EURUSD at 1.08821 was modified -> sl: 1.08391 tp: 1.10388
0	16:20:23.558	'89010303': modify order #6683718 buy 0.01 EURUSD at 1.08762 sl: 1.08354 tp: 1.10387 -> sl: 1.08354 tp: 1.10388
0	16:20:23.805	'89010303': order #6683718 buy 0.01 EURUSD at 1.08762 was modified -> sl: 1.08354 tp: 1.10388
0	16:25:37.998	'89010303': modify order #6697144 buy 0.01 EURUSD at 1.10005 sl: 1.09582 tp: 0.00000 -> sl: 1.09582 tp: 1.10025
0	16:25:38.517	'89010303': order #6697144 buy 0.01 EURUSD at 1.10005 was modified -> sl: 1.09582 tp: 1.10025
0	16:29:07.823	'89010303': modify order #6697144 buy 0.01 EURUSD at 1.10005 sl: 1.09582 tp: 1.10025 -> sl: 1.09582 tp: 1.10027
0	16:29:08.244	'89010303': order #6697144 buy 0.01 EURUSD at 1.10005 was modified -> sl: 1.09582 tp: 1.10027
0	16:33:32.990	'89010303': modify order #6697144 buy 0.01 EURUSD at 1.10005 sl: 1.09582 tp: 1.10027 -> sl: 1.09582 tp: 1.10028
0	16:33:33.522	'89010303': order #6697144 buy 0.01 EURUSD at 1.10005 was modified -> sl: 1.09582 tp: 1.10028
0	16:37:05.229	'89010303': modify order #6683592 buy 0.01 EURUSD at 1.08821 sl: 1.08391 tp: 1.10388 -> sl: 1.08391 tp: 1.10412
0	16:37:11.799	'89010303': order #6683592 buy 0.01 EURUSD at 1.08821 was modified -> sl: 1.08391 tp: 1.10412
0	16:37:11.880	'89010303': modify order #6683718 buy 0.01 EURUSD at 1.08762 sl: 1.08354 tp: 1.10388 -> sl: 1.08354 tp: 1.10412
0	16:37:12.233	'89010303': order #6683718 buy 0.01 EURUSD at 1.08762 was modified -> sl: 1.08354 tp: 1.10412
0	16:37:12.233	'89010303': modify order #6683720 buy 0.01 EURUSD at 1.08759 sl: 1.08328 tp: 1.10388 -> sl: 1.08328 tp: 1.10412
0	16:37:12.504	'89010303': order #6683720 buy 0.01 EURUSD at 1.08759 was modified -> sl: 1.08328 tp: 1.10412
0	16:37:12.504	'89010303': modify order #6683721 buy 0.01 EURUSD at 1.08753 sl: 1.08331 tp: 1.10388 -> sl: 1.08331 tp: 1.10412
0	16:37:12.821	'89010303': order #6683721 buy 0.01 EURUSD at 1.08753 was modified -> sl: 1.08331 tp: 1.10412
0	16:37:12.821	'89010303': modify order #6683799 buy 0.01 EURUSD at 1.08851 sl: 1.08423 tp: 1.10388 -> sl: 1.08423 tp: 1.10412
0	16:37:13.060	'89010303': order #6683799 buy 0.01 EURUSD at 1.08851 was modified -> sl: 1.08423 tp: 1.10412
0	16:37:13.060	'89010303': modify order #6686216 buy 0.01 EURUSD at 1.09429 sl: 1.09004 tp: 1.10388 -> sl: 1.09004 tp: 1.10412
0	16:37:13.246	'89010303': order #6686216 buy 0.01 EURUSD at 1.09429 was modified -> sl: 1.09004 tp: 1.10412
0	16:37:13.246	'89010303': modify order #6686360 buy 0.01 EURUSD at 1.09359 sl: 1.08941 tp: 1.10388 -> sl: 1.08941 tp: 1.10412
0	16:37:13.400	'89010303': order #6686360 buy 0.01 EURUSD at 1.09359 was modified -> sl: 1.08941 tp: 1.10412
0	16:37:13.400	'89010303': modify order #6686361 buy 0.01 EURUSD at 1.09360 sl: 1.08934 tp: 1.10388 -> sl: 1.08934 tp: 1.10412
0	16:37:13.534	'89010303': order #6686361 buy 0.01 EURUSD at 1.09360 was modified -> sl: 1.08934 tp: 1.10412
0	16:37:13.534	'89010303': modify order #6686779 buy 0.01 EURUSD at 1.09657 sl: 1.09232 tp: 1.10388 -> sl: 1.09232 tp: 1.10411
0	16:37:13.674	'89010303': order #6686779 buy 0.01 EURUSD at 1.09657 was modified -> sl: 1.09232 tp: 1.10411
0	16:37:13.674	'89010303': modify order #6696030 buy 0.01 EURUSD at 1.09681 sl: 1.09256 tp: 1.10388 -> sl: 1.09256 tp: 1.10412
0	16:37:13.846	'89010303': order #6696030 buy 0.01 EURUSD at 1.09681 was modified -> sl: 1.09256 tp: 1.10412
0	16:38:39.659	'89010303': order #6697144 buy 0.01 EURUSD at 1.10005 closed due take-profit at price 1.10028
0	16:39:26.433	'89010303': order #6687005 sell 0.01 EURUSD at 1.09648 closed due stop-loss at price 1.10083
0	16:45:14.294	'89010303': modify order #6683592 buy 0.01 EURUSD at 1.08821 sl: 1.08391 tp: 1.10412 -> sl: 1.08391 tp: 1.10600
0	16:45:14.943	'89010303': order #6683592 buy 0.01 EURUSD at 1.08821 was modified -> sl: 1.08391 tp: 1.10600
0	16:45:14.943	'89010303': modify order #6683718 buy 0.01 EURUSD at 1.08762 sl: 1.08354 tp: 1.10412 -> sl: 1.08354 tp: 1.10600
0	16:45:15.150	'89010303': order #6683718 buy 0.01 EURUSD at 1.08762 was modified -> sl: 1.08354 tp: 1.10600
0	16:45:15.150	'89010303': modify order #6683720 buy 0.01 EURUSD at 1.08759 sl: 1.08328 tp: 1.10412 -> sl: 1.08328 tp: 1.10599
0	16:45:15.478	'89010303': order #6683720 buy 0.01 EURUSD at 1.08759 was modified -> sl: 1.08328 tp: 1.10599
0	16:45:15.478	'89010303': modify order #6683721 buy 0.01 EURUSD at 1.08753 sl: 1.08331 tp: 1.10412 -> sl: 1.08331 tp: 1.10600
0	16:45:15.803	'89010303': order #6683721 buy 0.01 EURUSD at 1.08753 was modified -> sl: 1.08331 tp: 1.10600
0	16:45:15.803	'89010303': modify order #6683799 buy 0.01 EURUSD at 1.08851 sl: 1.08423 tp: 1.10412 -> sl: 1.08423 tp: 1.10600
0	16:45:16.132	'89010303': order #6683799 buy 0.01 EURUSD at 1.08851 was modified -> sl: 1.08423 tp: 1.10600
0	16:45:16.132	'89010303': modify order #6686215 buy 0.01 EURUSD at 1.09429 sl: 1.09006 tp: 1.10930 -> sl: 1.09006 tp: 1.11001
0	16:45:16.416	'89010303': order #6686215 buy 0.01 EURUSD at 1.09429 was modified -> sl: 1.09006 tp: 1.11001
0	16:45:16.416	'89010303': modify order #6686216 buy 0.01 EURUSD at 1.09429 sl: 1.09004 tp: 1.10412 -> sl: 1.09004 tp: 1.10600
0	16:45:16.622	'89010303': order #6686216 buy 0.01 EURUSD at 1.09429 was modified -> sl: 1.09004 tp: 1.10600
0	16:45:16.622	'89010303': modify order #6686360 buy 0.01 EURUSD at 1.09359 sl: 1.08941 tp: 1.10412 -> sl: 1.08941 tp: 1.10601
0	16:45:16.785	'89010303': order #6686360 buy 0.01 EURUSD at 1.09359 was modified -> sl: 1.08941 tp: 1.10601
0	16:45:16.785	'89010303': modify order #6686361 buy 0.01 EURUSD at 1.09360 sl: 1.08934 tp: 1.10412 -> sl: 1.08934 tp: 1.10601
0	16:45:17.194	'89010303': order #6686361 buy 0.01 EURUSD at 1.09360 was modified -> sl: 1.08934 tp: 1.10601
0	16:45:17.194	'89010303': modify order #6686779 buy 0.01 EURUSD at 1.09657 sl: 1.09232 tp: 1.10411 -> sl: 1.09232 tp: 1.10601
0	16:45:17.397	'89010303': order #6686779 buy 0.01 EURUSD at 1.09657 was modified -> sl: 1.09232 tp: 1.10601
0	16:45:17.397	'89010303': modify order #6696030 buy 0.01 EURUSD at 1.09681 sl: 1.09256 tp: 1.10412 -> sl: 1.09256 tp: 1.10601
0	16:45:17.681	'89010303': order #6696030 buy 0.01 EURUSD at 1.09681 was modified -> sl: 1.09256 tp: 1.10601
0	16:46:30.508	'89010303': instant order buy 0.01 EURUSD at 1.10240 sl: 1.09814 tp: 1.10640
0	16:46:30.792	'89010303': order was opened : #6697479 buy 0.01 EURUSD at 1.10239 sl: 1.09814 tp: 1.10640
0	16:46:36.167	'89010303': instant order buy 0.01 EURUSD at 1.10240 sl: 1.09813 tp: 1.10640
0	16:46:36.978	'89010303': order was opened : #6697480 buy 0.01 EURUSD at 1.10238 sl: 1.09813 tp: 1.10640
0	16:51:28.477	'89010303': modify order #6683592 buy 0.01 EURUSD at 1.08821 sl: 1.08391 tp: 1.10600 -> sl: 1.08391 tp: 1.10729
0	16:51:28.704	'89010303': order #6683592 buy 0.01 EURUSD at 1.08821 was modified -> sl: 1.08391 tp: 1.10729
0	16:51:28.706	'89010303': modify order #6683718 buy 0.01 EURUSD at 1.08762 sl: 1.08354 tp: 1.10600 -> sl: 1.08354 tp: 1.10730
0	16:51:28.866	'89010303': order #6683718 buy 0.01 EURUSD at 1.08762 was modified -> sl: 1.08354 tp: 1.10730
0	16:51:28.866	'89010303': modify order #6683720 buy 0.01 EURUSD at 1.08759 sl: 1.08328 tp: 1.10599 -> sl: 1.08328 tp: 1.10731
0	16:51:29.029	'89010303': order #6683720 buy 0.01 EURUSD at 1.08759 was modified -> sl: 1.08328 tp: 1.10731
0	16:51:29.029	'89010303': modify order #6683721 buy 0.01 EURUSD at 1.08753 sl: 1.08331 tp: 1.10600 -> sl: 1.08331 tp: 1.10731
0	16:51:29.325	'89010303': order #6683721 buy 0.01 EURUSD at 1.08753 was modified -> sl: 1.08331 tp: 1.10731
0	16:51:29.390	'89010303': modify order #6683799 buy 0.01 EURUSD at 1.08851 sl: 1.08423 tp: 1.10600 -> sl: 1.08423 tp: 1.10731
0	16:51:29.585	'89010303': order #6683799 buy 0.01 EURUSD at 1.08851 was modified -> sl: 1.08423 tp: 1.10731
0	16:51:29.585	'89010303': modify order #6686215 buy 0.01 EURUSD at 1.09429 sl: 1.09006 tp: 1.11001 -> sl: 1.09006 tp: 1.11288
0	16:51:29.779	'89010303': order #6686215 buy 0.01 EURUSD at 1.09429 was modified -> sl: 1.09006 tp: 1.11288
0	16:51:29.812	'89010303': modify order #6686216 buy 0.01 EURUSD at 1.09429 sl: 1.09004 tp: 1.10600 -> sl: 1.09004 tp: 1.10727
0	16:51:29.974	'89010303': order #6686216 buy 0.01 EURUSD at 1.09429 was modified -> sl: 1.09004 tp: 1.10727
0	16:51:30.072	'89010303': modify order #6686360 buy 0.01 EURUSD at 1.09359 sl: 1.08941 tp: 1.10601 -> sl: 1.08941 tp: 1.10729
0	16:51:30.269	'89010303': order #6686360 buy 0.01 EURUSD at 1.09359 was modified -> sl: 1.08941 tp: 1.10729
0	16:51:30.299	'89010303': modify order #6686361 buy 0.01 EURUSD at 1.09360 sl: 1.08934 tp: 1.10601 -> sl: 1.08934 tp: 1.10729
0	16:51:30.554	'89010303': order #6686361 buy 0.01 EURUSD at 1.09360 was modified -> sl: 1.08934 tp: 1.10729
0	16:51:30.619	'89010303': modify order #6686779 buy 0.01 EURUSD at 1.09657 sl: 1.09232 tp: 1.10601 -> sl: 1.09232 tp: 1.10730
0	16:51:30.782	'89010303': order #6686779 buy 0.01 EURUSD at 1.09657 was modified -> sl: 1.09232 tp: 1.10730
0	16:51:30.912	'89010303': modify order #6696030 buy 0.01 EURUSD at 1.09681 sl: 1.09256 tp: 1.10601 -> sl: 1.09256 tp: 1.10729
0	16:51:31.078	'89010303': order #6696030 buy 0.01 EURUSD at 1.09681 was modified -> sl: 1.09256 tp: 1.10729
0	16:51:31.144	'89010303': modify order #6697479 buy 0.01 EURUSD at 1.10239 sl: 1.09814 tp: 1.10640 -> sl: 1.09814 tp: 1.10730
0	16:51:31.370	'89010303': order #6697479 buy 0.01 EURUSD at 1.10239 was modified -> sl: 1.09814 tp: 1.10730
0	16:51:31.402	'89010303': modify order #6697480 buy 0.01 EURUSD at 1.10238 sl: 1.09813 tp: 1.10640 -> sl: 1.09813 tp: 1.10730
0	16:51:31.564	'89010303': order #6697480 buy 0.01 EURUSD at 1.10238 was modified -> sl: 1.09813 tp: 1.10730
0	17:02:11.322	'89010303': instant order buy 0.01 EURUSD at 1.10277 sl: 1.09852 tp: 1.10446
0	17:02:11.650	'89010303': order was opened : #6697656 buy 0.01 EURUSD at 1.10277 sl: 1.09852 tp: 1.10446
0	17:04:41.010	'89010303': modify order #6697656 buy 0.01 EURUSD at 1.10277 sl: 1.09852 tp: 1.10446 -> sl: 1.09852 tp: 1.10448
0	17:04:41.213	'89010303': order #6697656 buy 0.01 EURUSD at 1.10277 was modified -> sl: 1.09852 tp: 1.10448
0	17:19:48.598	'89010303': modify order #6683592 buy 0.01 EURUSD at 1.08821 sl: 1.08391 tp: 1.10729 -> sl: 1.08391 tp: 1.10730
0	17:19:49.148	'89010303': order #6683592 buy 0.01 EURUSD at 1.08821 was modified -> sl: 1.08391 tp: 1.10730
0	17:19:49.148	'89010303': modify order #6686216 buy 0.01 EURUSD at 1.09429 sl: 1.09004 tp: 1.10727 -> sl: 1.09004 tp: 1.10730
0	17:19:49.375	'89010303': order #6686216 buy 0.01 EURUSD at 1.09429 was modified -> sl: 1.09004 tp: 1.10730
0	17:19:49.768	'89010303': modify order #6686360 buy 0.01 EURUSD at 1.09359 sl: 1.08941 tp: 1.10729 -> sl: 1.08941 tp: 1.10730
0	17:19:49.930	'89010303': order #6686360 buy 0.01 EURUSD at 1.09359 was modified -> sl: 1.08941 tp: 1.10730
0	17:19:49.930	'89010303': modify order #6686361 buy 0.01 EURUSD at 1.09360 sl: 1.08934 tp: 1.10729 -> sl: 1.08934 tp: 1.10730
0	17:19:50.157	'89010303': order #6686361 buy 0.01 EURUSD at 1.09360 was modified -> sl: 1.08934 tp: 1.10730
0	17:19:50.611	'89010303': modify order #6696030 buy 0.01 EURUSD at 1.09681 sl: 1.09256 tp: 1.10729 -> sl: 1.09256 tp: 1.10730
0	17:19:50.939	'89010303': order #6696030 buy 0.01 EURUSD at 1.09681 was modified -> sl: 1.09256 tp: 1.10730
0	17:22:14.814	'89010303': modify order #6683592 buy 0.01 EURUSD at 1.08821 sl: 1.08391 tp: 1.10730 -> sl: 1.08391 tp: 1.10741
0	17:22:15.224	'89010303': order #6683592 buy 0.01 EURUSD at 1.08821 was modified -> sl: 1.08391 tp: 1.10741
0	17:22:15.224	'89010303': modify order #6683718 buy 0.01 EURUSD at 1.08762 sl: 1.08354 tp: 1.10730 -> sl: 1.08354 tp: 1.10742
0	17:22:15.508	'89010303': order #6683718 buy 0.01 EURUSD at 1.08762 was modified -> sl: 1.08354 tp: 1.10742
0	17:22:15.548	'89010303': modify order #6683720 buy 0.01 EURUSD at 1.08759 sl: 1.08328 tp: 1.10731 -> sl: 1.08328 tp: 1.10741
0	17:22:15.755	'89010303': order #6683720 buy 0.01 EURUSD at 1.08759 was modified -> sl: 1.08328 tp: 1.10741
0	17:22:15.755	'89010303': modify order #6683721 buy 0.01 EURUSD at 1.08753 sl: 1.08331 tp: 1.10731 -> sl: 1.08331 tp: 1.10741
0	17:22:15.917	'89010303': order #6683721 buy 0.01 EURUSD at 1.08753 was modified -> sl: 1.08331 tp: 1.10741
0	17:22:15.958	'89010303': modify order #6683799 buy 0.01 EURUSD at 1.08851 sl: 1.08423 tp: 1.10731 -> sl: 1.08423 tp: 1.10741
0	17:22:16.161	'89010303': order #6683799 buy 0.01 EURUSD at 1.08851 was modified -> sl: 1.08423 tp: 1.10741
0	17:22:16.202	'89010303': modify order #6686215 buy 0.01 EURUSD at 1.09429 sl: 1.09006 tp: 1.11288 -> sl: 1.09006 tp: 1.11298
0	17:22:16.364	'89010303': order #6686215 buy 0.01 EURUSD at 1.09429 was modified -> sl: 1.09006 tp: 1.11298
0	17:22:16.405	'89010303': modify order #6686216 buy 0.01 EURUSD at 1.09429 sl: 1.09004 tp: 1.10730 -> sl: 1.09004 tp: 1.10741
0	17:22:16.563	'89010303': order #6686216 buy 0.01 EURUSD at 1.09429 was modified -> sl: 1.09004 tp: 1.10741
0	17:22:16.644	'89010303': modify order #6686360 buy 0.01 EURUSD at 1.09359 sl: 1.08941 tp: 1.10730 -> sl: 1.08941 tp: 1.10741
0	17:22:16.806	'89010303': order #6686360 buy 0.01 EURUSD at 1.09359 was modified -> sl: 1.08941 tp: 1.10741
0	17:22:16.806	'89010303': modify order #6686361 buy 0.01 EURUSD at 1.09360 sl: 1.08934 tp: 1.10730 -> sl: 1.08934 tp: 1.10741
0	17:22:17.013	'89010303': order #6686361 buy 0.01 EURUSD at 1.09360 was modified -> sl: 1.08934 tp: 1.10741
0	17:22:17.013	'89010303': modify order #6686779 buy 0.01 EURUSD at 1.09657 sl: 1.09232 tp: 1.10730 -> sl: 1.09232 tp: 1.10741
0	17:22:17.216	'89010303': order #6686779 buy 0.01 EURUSD at 1.09657 was modified -> sl: 1.09232 tp: 1.10741
0	17:22:17.216	'89010303': modify order #6696030 buy 0.01 EURUSD at 1.09681 sl: 1.09256 tp: 1.10730 -> sl: 1.09256 tp: 1.10741
0	17:22:17.504	'89010303': order #6696030 buy 0.01 EURUSD at 1.09681 was modified -> sl: 1.09256 tp: 1.10741
0	17:22:18.279	'89010303': modify order #6697479 buy 0.01 EURUSD at 1.10239 sl: 1.09814 tp: 1.10730 -> sl: 1.09814 tp: 1.10741
0	17:22:18.522	'89010303': order #6697479 buy 0.01 EURUSD at 1.10239 was modified -> sl: 1.09814 tp: 1.10741
0	17:22:18.603	'89010303': modify order #6697480 buy 0.01 EURUSD at 1.10238 sl: 1.09813 tp: 1.10730 -> sl: 1.09813 tp: 1.10741
0	17:22:18.887	'89010303': order #6697480 buy 0.01 EURUSD at 1.10238 was modified -> sl: 1.09813 tp: 1.10741
0	17:27:05.771	'89010303': modify order #6683592 buy 0.01 EURUSD at 1.08821 sl: 1.08391 tp: 1.10741 -> sl: 1.08391 tp: 1.10779
0	17:27:06.136	'89010303': order #6683592 buy 0.01 EURUSD at 1.08821 was modified -> sl: 1.08391 tp: 1.10779
0	17:27:06.136	'89010303': modify order #6683718 buy 0.01 EURUSD at 1.08762 sl: 1.08354 tp: 1.10742 -> sl: 1.08354 tp: 1.10779
0	17:27:06.383	'89010303': order #6683718 buy 0.01 EURUSD at 1.08762 was modified -> sl: 1.08354 tp: 1.10779
0	17:27:06.383	'89010303': modify order #6683720 buy 0.01 EURUSD at 1.08759 sl: 1.08328 tp: 1.10741 -> sl: 1.08328 tp: 1.10780
0	17:27:06.586	'89010303': order #6683720 buy 0.01 EURUSD at 1.08759 was modified -> sl: 1.08328 tp: 1.10780
0	17:27:06.586	'89010303': modify order #6683721 buy 0.01 EURUSD at 1.08753 sl: 1.08331 tp: 1.10741 -> sl: 1.08331 tp: 1.10780
0	17:27:06.829	'89010303': order #6683721 buy 0.01 EURUSD at 1.08753 was modified -> sl: 1.08331 tp: 1.10780
0	17:27:06.829	'89010303': modify order #6683799 buy 0.01 EURUSD at 1.08851 sl: 1.08423 tp: 1.10741 -> sl: 1.08423 tp: 1.10780
0	17:27:07.113	'89010303': order #6683799 buy 0.01 EURUSD at 1.08851 was modified -> sl: 1.08423 tp: 1.10780
0	17:27:07.154	'89010303': modify order #6686215 buy 0.01 EURUSD at 1.09429 sl: 1.09006 tp: 1.11298 -> sl: 1.09006 tp: 1.11366
0	17:27:07.357	'89010303': order #6686215 buy 0.01 EURUSD at 1.09429 was modified -> sl: 1.09006 tp: 1.11366
0	17:27:07.478	'89010303': modify order #6686216 buy 0.01 EURUSD at 1.09429 sl: 1.09004 tp: 1.10741 -> sl: 1.09004 tp: 1.10780
0	17:27:07.681	'89010303': order #6686216 buy 0.01 EURUSD at 1.09429 was modified -> sl: 1.09004 tp: 1.10780
0	17:27:07.722	'89010303': modify order #6686360 buy 0.01 EURUSD at 1.09359 sl: 1.08941 tp: 1.10741 -> sl: 1.08941 tp: 1.10780
0	17:27:07.848	'89010303': order #6686360 buy 0.01 EURUSD at 1.09359 was modified -> sl: 1.08941 tp: 1.10780
0	17:27:07.848	'89010303': modify order #6686361 buy 0.01 EURUSD at 1.09360 sl: 1.08934 tp: 1.10741 -> sl: 1.08934 tp: 1.10780
0	17:27:08.091	'89010303': order #6686361 buy 0.01 EURUSD at 1.09360 was modified -> sl: 1.08934 tp: 1.10780
0	17:27:08.131	'89010303': modify order #6686779 buy 0.01 EURUSD at 1.09657 sl: 1.09232 tp: 1.10741 -> sl: 1.09232 tp: 1.10780
0	17:27:08.334	'89010303': order #6686779 buy 0.01 EURUSD at 1.09657 was modified -> sl: 1.09232 tp: 1.10780
0	17:27:08.419	'89010303': modify order #6696030 buy 0.01 EURUSD at 1.09681 sl: 1.09256 tp: 1.10741 -> sl: 1.09256 tp: 1.10779
0	17:27:08.541	'89010303': order #6696030 buy 0.01 EURUSD at 1.09681 was modified -> sl: 1.09256 tp: 1.10779
0	17:27:08.582	'89010303': modify order #6697479 buy 0.01 EURUSD at 1.10239 sl: 1.09814 tp: 1.10741 -> sl: 1.09814 tp: 1.10779
0	17:27:08.789	'89010303': order #6697479 buy 0.01 EURUSD at 1.10239 was modified -> sl: 1.09814 tp: 1.10779
0	17:27:08.789	'89010303': modify order #6697480 buy 0.01 EURUSD at 1.10238 sl: 1.09813 tp: 1.10741 -> sl: 1.09813 tp: 1.10779
0	17:27:09.069	'89010303': order #6697480 buy 0.01 EURUSD at 1.10238 was modified -> sl: 1.09813 tp: 1.10779
1	17:49:02.245	'89010303': ping failed
1	17:49:04.195	'89010303': connect failed [No connection]
0	17:49:14.834	'89010303': login on FXCM-GBPReal01 through External
0	17:49:22.755	'89010303': ping to current access point External is 81.05 ms
1	17:50:21.839	MQL4 Market: failed to load products
0	18:01:39.542	'89010303': instant order sell 0.01 EURUSD at 1.10228 sl: 1.10655 tp: 1.09828
0	18:01:41.822	'89010303': order was opened : #6697969 sell 0.01 EURUSD at 1.10232 sl: 1.10655 tp: 1.09828
0	18:03:10.422	'89010303': modify order #6697969 sell 0.01 EURUSD at 1.10232 sl: 1.10655 tp: 1.09828 -> sl: 1.10655 tp: 1.09804
0	18:03:10.872	'89010303': order #6697969 sell 0.01 EURUSD at 1.10232 was modified -> sl: 1.10655 tp: 1.09804
0	18:06:14.752	'89010303': modify order #6697969 sell 0.01 EURUSD at 1.10232 sl: 1.10655 tp: 1.09804 -> sl: 1.10655 tp: 1.09792
0	18:06:15.076	'89010303': order #6697969 sell 0.01 EURUSD at 1.10232 was modified -> sl: 1.10655 tp: 1.09792
0	18:23:42.641	'89010303': modify order #6697969 sell 0.01 EURUSD at 1.10232 sl: 1.10655 tp: 1.09792 -> sl: 1.10655 tp: 1.09783
0	18:23:43.131	'89010303': order #6697969 sell 0.01 EURUSD at 1.10232 was modified -> sl: 1.10655 tp: 1.09783
0	18:26:49.959	'89010303': modify order #6697969 sell 0.01 EURUSD at 1.10232 sl: 1.10655 tp: 1.09783 -> sl: 1.10655 tp: 1.09765
0	18:26:50.410	'89010303': order #6697969 sell 0.01 EURUSD at 1.10232 was modified -> sl: 1.10655 tp: 1.09765
0	18:32:12.477	'89010303': modify order #6697969 sell 0.01 EURUSD at 1.10232 sl: 1.10655 tp: 1.09765 -> sl: 1.10655 tp: 1.09752
0	18:32:12.801	'89010303': order #6697969 sell 0.01 EURUSD at 1.10232 was modified -> sl: 1.10655 tp: 1.09752
0	18:34:46.507	'89010303': modify order #6697969 sell 0.01 EURUSD at 1.10232 sl: 1.10655 tp: 1.09752 -> sl: 1.10655 tp: 1.09741
0	18:34:46.767	'89010303': order #6697969 sell 0.01 EURUSD at 1.10232 was modified -> sl: 1.10655 tp: 1.09741
0	18:37:21.743	'89010303': modify order #6697969 sell 0.01 EURUSD at 1.10232 sl: 1.10655 tp: 1.09741 -> sl: 1.10655 tp: 1.09735
0	18:37:22.194	'89010303': order #6697969 sell 0.01 EURUSD at 1.10232 was modified -> sl: 1.10655 tp: 1.09735
0	18:45:00.419	'89010303': modify order #6697969 sell 0.01 EURUSD at 1.10232 sl: 1.10655 tp: 1.09735 -> sl: 1.10655 tp: 1.09732
0	18:45:01.072	'89010303': order #6697969 sell 0.01 EURUSD at 1.10232 was modified -> sl: 1.10655 tp: 1.09732
0	18:47:39.858	'89010303': modify order #6697969 sell 0.01 EURUSD at 1.10232 sl: 1.10655 tp: 1.09732 -> sl: 1.10655 tp: 1.09725
0	18:47:40.151	'89010303': order #6697969 sell 0.01 EURUSD at 1.10232 was modified -> sl: 1.10655 tp: 1.09725
1	20:41:39.301	'89010303': connect failed [No connection]
0	20:41:46.233	'89010303': login on FXCM-GBPReal01 through External
0	20:41:53.153	'89010303': ping to current access point External is 80.07 ms
