0	01:40:03.335	'89010303': order #6739382 sell 0.01 EURUSD at 1.11519 closed due take-profit at price 1.11422
0	01:40:25.811	'89010303': instant order sell 0.01 EURUSD at 1.11391 sl: 1.11817 tp: 1.10991
0	01:40:26.148	'89010303': order was opened : #6740110 sell 0.01 EURUSD at 1.11391 sl: 1.11817 tp: 1.10991
0	01:44:23.391	'89010303': modify order #6740110 sell 0.01 EURUSD at 1.11391 sl: 1.11817 tp: 1.10991 -> sl: 1.11817 tp: 1.10978
0	01:44:23.622	'89010303': order #6740110 sell 0.01 EURUSD at 1.11391 was modified -> sl: 1.11817 tp: 1.10978
0	02:48:31.124	'89010303': modify order #6740110 sell 0.01 EURUSD at 1.11391 sl: 1.11817 tp: 1.10978 -> sl: 1.11817 tp: 1.10972
0	02:48:31.457	'89010303': order #6740110 sell 0.01 EURUSD at 1.11391 was modified -> sl: 1.11817 tp: 1.10972
0	07:14:48.736	'89010303': modify order #6733025 buy 0.01 EURUSD at 1.10923 sl: 1.10500 tp: 1.12059 -> sl: 1.10500 tp: 1.12062
0	07:14:51.247	'89010303': order #6733025 buy 0.01 EURUSD at 1.10923 was modified -> sl: 1.10500 tp: 1.12062
0	07:14:51.475	'89010303': modify order #6735479 buy 0.01 EURUSD at 1.11635 sl: 1.11207 tp: 1.12037 -> sl: 1.11207 tp: 1.12063
0	07:14:51.636	'89010303': order #6735479 buy 0.01 EURUSD at 1.11635 was modified -> sl: 1.11207 tp: 1.12063
0	07:51:27.913	'89010303': modify order #6740110 sell 0.01 EURUSD at 1.11391 sl: 1.11817 tp: 1.10972 -> sl: 1.11817 tp: 1.10934
0	07:51:28.079	'89010303': order #6740110 sell 0.01 EURUSD at 1.11391 was modified -> sl: 1.11817 tp: 1.10934
0	07:53:35.737	'89010303': modify order #6740110 sell 0.01 EURUSD at 1.11391 sl: 1.11817 tp: 1.10934 -> sl: 1.11817 tp: 1.10854
0	07:53:36.159	'89010303': order #6740110 sell 0.01 EURUSD at 1.11391 was modified -> sl: 1.11817 tp: 1.10854
0	10:32:11.015	'89010303': modify order #6733025 buy 0.01 EURUSD at 1.10923 sl: 1.10500 tp: 1.12062 -> sl: 1.10500 tp: 1.12078
0	10:32:11.470	'89010303': order #6733025 buy 0.01 EURUSD at 1.10923 was modified -> sl: 1.10500 tp: 1.12078
0	10:32:12.285	'89010303': modify order #6735479 buy 0.01 EURUSD at 1.11635 sl: 1.11207 tp: 1.12063 -> sl: 1.11207 tp: 1.12078
0	10:32:12.481	'89010303': order #6735479 buy 0.01 EURUSD at 1.11635 was modified -> sl: 1.11207 tp: 1.12078
0	10:34:54.512	'89010303': modify order #6733025 buy 0.01 EURUSD at 1.10923 sl: 1.10500 tp: 1.12078 -> sl: 1.10500 tp: 1.12100
0	10:34:55.130	'89010303': order #6733025 buy 0.01 EURUSD at 1.10923 was modified -> sl: 1.10500 tp: 1.12100
0	10:34:55.524	'89010303': modify order #6735479 buy 0.01 EURUSD at 1.11635 sl: 1.11207 tp: 1.12078 -> sl: 1.11207 tp: 1.12100
0	10:34:55.654	'89010303': order #6735479 buy 0.01 EURUSD at 1.11635 was modified -> sl: 1.11207 tp: 1.12100
0	10:40:21.738	'89010303': modify order #6733025 buy 0.01 EURUSD at 1.10923 sl: 1.10500 tp: 1.12100 -> sl: 1.10500 tp: 1.12110
0	10:40:22.132	'89010303': order #6733025 buy 0.01 EURUSD at 1.10923 was modified -> sl: 1.10500 tp: 1.12110
0	10:40:22.132	'89010303': modify order #6735479 buy 0.01 EURUSD at 1.11635 sl: 1.11207 tp: 1.12100 -> sl: 1.11207 tp: 1.12110
0	10:40:22.358	'89010303': order #6735479 buy 0.01 EURUSD at 1.11635 was modified -> sl: 1.11207 tp: 1.12110
0	10:42:24.421	'89010303': modify order #6733025 buy 0.01 EURUSD at 1.10923 sl: 1.10500 tp: 1.12110 -> sl: 1.10500 tp: 1.12137
0	10:42:24.945	'89010303': order #6733025 buy 0.01 EURUSD at 1.10923 was modified -> sl: 1.10500 tp: 1.12137
0	10:42:25.404	'89010303': modify order #6735479 buy 0.01 EURUSD at 1.11635 sl: 1.11207 tp: 1.12110 -> sl: 1.11207 tp: 1.12136
0	10:42:25.631	'89010303': order #6735479 buy 0.01 EURUSD at 1.11635 was modified -> sl: 1.11207 tp: 1.12136
0	10:58:02.306	'89010303': modify order #6733025 buy 0.01 EURUSD at 1.10923 sl: 1.10500 tp: 1.12137 -> sl: 1.10500 tp: 1.12157
0	10:58:02.598	'89010303': order #6733025 buy 0.01 EURUSD at 1.10923 was modified -> sl: 1.10500 tp: 1.12157
0	10:58:02.663	'89010303': modify order #6735479 buy 0.01 EURUSD at 1.11635 sl: 1.11207 tp: 1.12136 -> sl: 1.11207 tp: 1.12157
0	10:58:02.890	'89010303': order #6735479 buy 0.01 EURUSD at 1.11635 was modified -> sl: 1.11207 tp: 1.12157
0	11:00:50.322	'89010303': modify order #6733025 buy 0.01 EURUSD at 1.10923 sl: 1.10500 tp: 1.12157 -> sl: 1.10500 tp: 1.12159
0	11:00:50.748	'89010303': order #6733025 buy 0.01 EURUSD at 1.10923 was modified -> sl: 1.10500 tp: 1.12159
0	11:00:50.779	'89010303': modify order #6735479 buy 0.01 EURUSD at 1.11635 sl: 1.11207 tp: 1.12157 -> sl: 1.11207 tp: 1.12158
0	11:00:50.943	'89010303': order #6735479 buy 0.01 EURUSD at 1.11635 was modified -> sl: 1.11207 tp: 1.12158
0	11:07:27.672	'89010303': modify order #6733025 buy 0.01 EURUSD at 1.10923 sl: 1.10500 tp: 1.12159 -> sl: 1.10500 tp: 1.12200
0	11:07:28.847	'89010303': order #6733025 buy 0.01 EURUSD at 1.10923 was modified -> sl: 1.10500 tp: 1.12200
0	11:07:29.171	'89010303': modify order #6735479 buy 0.01 EURUSD at 1.11635 sl: 1.11207 tp: 1.12158 -> sl: 1.11207 tp: 1.12199
0	11:07:29.334	'89010303': order #6735479 buy 0.01 EURUSD at 1.11635 was modified -> sl: 1.11207 tp: 1.12199
0	11:10:17.127	'89010303': order #6729652 sell 0.01 EURUSD at 1.11385 closed due stop-loss at price 1.11813
0	11:10:21.373	'89010303': order #6740110 sell 0.01 EURUSD at 1.11391 closed due stop-loss at price 1.11817
0	11:13:57.843	'89010303': modify order #6733025 buy 0.01 EURUSD at 1.10923 sl: 1.10500 tp: 1.12200 -> sl: 1.10500 tp: 1.12213
0	11:13:58.363	'89010303': order #6733025 buy 0.01 EURUSD at 1.10923 was modified -> sl: 1.10500 tp: 1.12213
0	11:13:58.558	'89010303': modify order #6735479 buy 0.01 EURUSD at 1.11635 sl: 1.11207 tp: 1.12199 -> sl: 1.11207 tp: 1.12214
0	11:13:58.725	'89010303': order #6735479 buy 0.01 EURUSD at 1.11635 was modified -> sl: 1.11207 tp: 1.12214
0	11:15:10.864	'89010303': instant order buy 0.01 EURUSD at 1.11826 sl: 1.11401 tp: 1.11864
0	11:15:11.275	'89010303': order was opened : #6743049 buy 0.01 EURUSD at 1.11826 sl: 1.11401 tp: 1.11864
0	11:17:22.295	'89010303': modify order #6733025 buy 0.01 EURUSD at 1.10923 sl: 1.10500 tp: 1.12213 -> sl: 1.10500 tp: 1.12214
0	11:17:22.688	'89010303': order #6733025 buy 0.01 EURUSD at 1.10923 was modified -> sl: 1.10500 tp: 1.12214
0	11:17:22.721	'89010303': modify order #6743049 buy 0.01 EURUSD at 1.11826 sl: 1.11401 tp: 1.11864 -> sl: 1.11401 tp: 1.11865
0	11:17:22.916	'89010303': order #6743049 buy 0.01 EURUSD at 1.11826 was modified -> sl: 1.11401 tp: 1.11865
0	11:20:08.935	'89010303': order #6743049 buy 0.01 EURUSD at 1.11826 closed due take-profit at price 1.11867
0	11:20:31.540	'89010303': modify order #6733025 buy 0.01 EURUSD at 1.10923 sl: 1.10500 tp: 1.12214 -> sl: 1.10500 tp: 1.12276
0	11:20:31.999	'89010303': order #6733025 buy 0.01 EURUSD at 1.10923 was modified -> sl: 1.10500 tp: 1.12276
0	11:20:32.031	'89010303': modify order #6735479 buy 0.01 EURUSD at 1.11635 sl: 1.11207 tp: 1.12214 -> sl: 1.11207 tp: 1.12276
0	11:20:32.161	'89010303': order #6735479 buy 0.01 EURUSD at 1.11635 was modified -> sl: 1.11207 tp: 1.12276
0	11:22:47.129	'89010303': instant order buy 0.01 EURUSD at 1.11888 sl: 1.11463 tp: 0.00000
0	11:22:48.339	'89010303': order was opened : #6743143 buy 0.01 EURUSD at 1.11888 sl: 1.11463 tp: 0.00000
0	11:25:33.163	'89010303': modify order #6733025 buy 0.01 EURUSD at 1.10923 sl: 1.10500 tp: 1.12276 -> sl: 1.10500 tp: 1.12284
0	11:25:33.618	'89010303': order #6733025 buy 0.01 EURUSD at 1.10923 was modified -> sl: 1.10500 tp: 1.12284
0	11:25:33.618	'89010303': modify order #6735479 buy 0.01 EURUSD at 1.11635 sl: 1.11207 tp: 1.12276 -> sl: 1.11207 tp: 1.12284
0	11:25:33.947	'89010303': order #6735479 buy 0.01 EURUSD at 1.11635 was modified -> sl: 1.11207 tp: 1.12284
0	11:28:03.181	'89010303': modify order #6743143 buy 0.01 EURUSD at 1.11888 sl: 1.11463 tp: 0.00000 -> sl: 1.11463 tp: 1.11919
0	11:28:03.704	'89010303': order #6743143 buy 0.01 EURUSD at 1.11888 was modified -> sl: 1.11463 tp: 1.11919
0	11:29:17.733	'89010303': modify order #6743143 buy 0.01 EURUSD at 1.11888 sl: 1.11463 tp: 1.11919 -> sl: 1.11463 tp: 1.11929
0	11:29:18.224	'89010303': order #6743143 buy 0.01 EURUSD at 1.11888 was modified -> sl: 1.11463 tp: 1.11929
0	11:50:03.604	'89010303': modify order #6743143 buy 0.01 EURUSD at 1.11888 sl: 1.11463 tp: 1.11929 -> sl: 1.11463 tp: 1.11930
0	11:50:03.965	'89010303': order #6743143 buy 0.01 EURUSD at 1.11888 was modified -> sl: 1.11463 tp: 1.11930
0	12:35:22.920	'89010303': order #6743143 buy 0.01 EURUSD at 1.11888 closed due stop-loss at price 1.11463
0	13:01:03.688	'89010303': instant order sell 0.01 EURUSD at 1.11503 sl: 1.11928 tp: 1.11425
0	13:01:04.049	'89010303': order was opened : #6743802 sell 0.01 EURUSD at 1.11504 sl: 1.11928 tp: 1.11425
0	13:03:02.798	'89010303': modify order #6743802 sell 0.01 EURUSD at 1.11504 sl: 1.11928 tp: 1.11425 -> sl: 1.11928 tp: 1.11424
0	13:03:03.000	'89010303': order #6743802 sell 0.01 EURUSD at 1.11504 was modified -> sl: 1.11928 tp: 1.11424
0	13:15:20.986	'89010303': order #6743802 sell 0.01 EURUSD at 1.11504 closed due take-profit at price 1.11422
0	13:20:29.310	'89010303': instant order sell 0.01 EURUSD at 1.11422 sl: 1.11847 tp: 1.10945
0	13:20:29.715	'89010303': order was opened : #6743946 sell 0.01 EURUSD at 1.11422 sl: 1.11847 tp: 1.10945
0	13:21:44.052	'89010303': modify order #6743946 sell 0.01 EURUSD at 1.11422 sl: 1.11847 tp: 1.10945 -> sl: 1.11847 tp: 1.10873
0	13:21:44.380	'89010303': order #6743946 sell 0.01 EURUSD at 1.11422 was modified -> sl: 1.11847 tp: 1.10873
0	13:28:45.886	'89010303': modify order #6743946 sell 0.01 EURUSD at 1.11422 sl: 1.11847 tp: 1.10873 -> sl: 1.11847 tp: 1.10763
0	13:28:46.466	'89010303': order #6743946 sell 0.01 EURUSD at 1.11422 was modified -> sl: 1.11847 tp: 1.10763
0	13:31:30.580	'89010303': modify order #6743946 sell 0.01 EURUSD at 1.11422 sl: 1.11847 tp: 1.10763 -> sl: 1.11847 tp: 1.10723
0	13:31:30.743	'89010303': order #6743946 sell 0.01 EURUSD at 1.11422 was modified -> sl: 1.11847 tp: 1.10723
0	13:37:35.942	'89010303': modify order #6743946 sell 0.01 EURUSD at 1.11422 sl: 1.11847 tp: 1.10723 -> sl: 1.11847 tp: 1.10661
0	13:37:36.433	'89010303': order #6743946 sell 0.01 EURUSD at 1.11422 was modified -> sl: 1.11847 tp: 1.10661
0	14:52:29.030	'89010303': order #6735479 buy 0.01 EURUSD at 1.11635 closed due stop-loss at price 1.11207
0	14:54:10.223	'89010303': modify order #6743946 sell 0.01 EURUSD at 1.11422 sl: 1.11847 tp: 1.10661 -> sl: 1.11847 tp: 1.10515
0	14:54:10.551	'89010303': order #6743946 sell 0.01 EURUSD at 1.11422 was modified -> sl: 1.11847 tp: 1.10515
0	14:57:08.591	'89010303': close order #6716133 buy 0.01 EURUSD at 1.10581 sl: 1.10153 tp: 1.13668 at price 1.11206
0	14:57:11.955	'89010303': order #6716133 buy 0.01 EURUSD at 1.10581 sl: 1.10153 tp: 1.13668 closed at price 1.11210
0	14:57:15.639	'89010303': instant order sell 0.01 EURUSD at 1.11208 sl: 1.11635 tp: 1.10513
0	14:57:15.866	'89010303': order was opened : #6744883 sell 0.01 EURUSD at 1.11208 sl: 1.11635 tp: 1.10513
0	15:01:42.645	'89010303': modify order #6723905 sell 0.01 EURUSD at 1.11771 sl: 1.12197 tp: 1.10431 -> sl: 1.12197 tp: 1.10313
0	15:01:42.939	'89010303': order #6723905 sell 0.01 EURUSD at 1.11771 was modified -> sl: 1.12197 tp: 1.10313
0	15:01:42.971	'89010303': modify order #6743946 sell 0.01 EURUSD at 1.11422 sl: 1.11847 tp: 1.10515 -> sl: 1.11847 tp: 1.10314
0	15:01:43.133	'89010303': order #6743946 sell 0.01 EURUSD at 1.11422 was modified -> sl: 1.11847 tp: 1.10314
0	15:01:43.133	'89010303': modify order #6744883 sell 0.01 EURUSD at 1.11208 sl: 1.11635 tp: 1.10513 -> sl: 1.11635 tp: 1.10313
0	15:01:43.295	'89010303': order #6744883 sell 0.01 EURUSD at 1.11208 was modified -> sl: 1.11635 tp: 1.10313
0	15:12:55.703	'89010303': modify order #6723905 sell 0.01 EURUSD at 1.11771 sl: 1.12197 tp: 1.10313 -> sl: 1.12197 tp: 1.10303
0	15:12:56.097	'89010303': order #6723905 sell 0.01 EURUSD at 1.11771 was modified -> sl: 1.12197 tp: 1.10303
0	15:12:56.130	'89010303': modify order #6743946 sell 0.01 EURUSD at 1.11422 sl: 1.11847 tp: 1.10314 -> sl: 1.11847 tp: 1.10304
0	15:12:56.523	'89010303': order #6743946 sell 0.01 EURUSD at 1.11422 was modified -> sl: 1.11847 tp: 1.10304
0	15:12:57.079	'89010303': modify order #6744883 sell 0.01 EURUSD at 1.11208 sl: 1.11635 tp: 1.10313 -> sl: 1.11635 tp: 1.10304
0	15:12:57.274	'89010303': order #6744883 sell 0.01 EURUSD at 1.11208 was modified -> sl: 1.11635 tp: 1.10304
0	15:18:49.752	'89010303': modify order #6723905 sell 0.01 EURUSD at 1.11771 sl: 1.12197 tp: 1.10303 -> sl: 1.12197 tp: 1.10197
0	15:18:50.234	'89010303': order #6723905 sell 0.01 EURUSD at 1.11771 was modified -> sl: 1.12197 tp: 1.10197
0	15:18:50.335	'89010303': modify order #6743946 sell 0.01 EURUSD at 1.11422 sl: 1.11847 tp: 1.10304 -> sl: 1.11847 tp: 1.10197
0	15:18:50.530	'89010303': order #6743946 sell 0.01 EURUSD at 1.11422 was modified -> sl: 1.11847 tp: 1.10197
0	15:18:50.530	'89010303': modify order #6744883 sell 0.01 EURUSD at 1.11208 sl: 1.11635 tp: 1.10304 -> sl: 1.11635 tp: 1.10197
0	15:18:50.692	'89010303': order #6744883 sell 0.01 EURUSD at 1.11208 was modified -> sl: 1.11635 tp: 1.10197
0	18:02:38.165	'89010303': instant order sell 0.01 EURUSD at 1.11161 sl: 1.11587 tp: 1.11065
0	18:02:38.364	'89010303': order was opened : #6745939 sell 0.01 EURUSD at 1.11161 sl: 1.11587 tp: 1.11065
0	19:11:51.508	'89010303': modify order #6745939 sell 0.01 EURUSD at 1.11161 sl: 1.11587 tp: 1.11065 -> sl: 1.11587 tp: 1.11061
0	19:11:51.727	'89010303': order #6745939 sell 0.01 EURUSD at 1.11161 was modified -> sl: 1.11587 tp: 1.11061
0	19:12:38.208	'89010303': modify order #6745939 sell 0.01 EURUSD at 1.11161 sl: 1.11587 tp: 1.11061 -> sl: 1.11587 tp: 1.11059
0	19:12:38.528	'89010303': order #6745939 sell 0.01 EURUSD at 1.11161 was modified -> sl: 1.11587 tp: 1.11059
0	19:12:47.491	'89010303': modify order #6745939 sell 0.01 EURUSD at 1.11161 sl: 1.11587 tp: 1.11059 -> sl: 1.11587 tp: 1.11056
0	19:12:47.880	'89010303': order #6745939 sell 0.01 EURUSD at 1.11161 was modified -> sl: 1.11587 tp: 1.11056
0	19:17:34.325	'89010303': modify order #6745939 sell 0.01 EURUSD at 1.11161 sl: 1.11587 tp: 1.11056 -> sl: 1.11587 tp: 1.11053
0	19:17:34.847	'89010303': order #6745939 sell 0.01 EURUSD at 1.11161 was modified -> sl: 1.11587 tp: 1.11053
0	19:23:04.841	'89010303': modify order #6745939 sell 0.01 EURUSD at 1.11161 sl: 1.11587 tp: 1.11053 -> sl: 1.11587 tp: 1.11050
0	19:23:05.169	'89010303': order #6745939 sell 0.01 EURUSD at 1.11161 was modified -> sl: 1.11587 tp: 1.11050
0	19:38:32.341	'89010303': modify order #6743946 sell 0.01 EURUSD at 1.11422 sl: 1.11847 tp: 1.10197 -> sl: 1.11847 tp: 1.10192
0	19:38:32.580	'89010303': order #6743946 sell 0.01 EURUSD at 1.11422 was modified -> sl: 1.11847 tp: 1.10192
0	19:38:32.580	'89010303': modify order #6744883 sell 0.01 EURUSD at 1.11208 sl: 1.11635 tp: 1.10197 -> sl: 1.11635 tp: 1.10192
0	19:38:32.811	'89010303': order #6744883 sell 0.01 EURUSD at 1.11208 was modified -> sl: 1.11635 tp: 1.10192
0	19:38:34.216	'89010303': order #6745939 sell 0.01 EURUSD at 1.11161 closed due take-profit at price 1.11049
0	19:38:37.484	'89010303': instant order buy 0.01 EURUSD at 1.11045 sl: 1.10618 tp: 1.11213
1	19:38:37.685	'89010303': order buy 0.01 EURUSD opening at 1.11045 sl: 1.10618 tp: 1.11213 failed [Off quotes]
0	19:38:56.399	'89010303': instant order sell 0.01 EURUSD at 1.11020 sl: 1.11448 tp: 0.00000
0	19:38:56.728	'89010303': order was opened : #6746256 sell 0.01 EURUSD at 1.11020 sl: 1.11448 tp: 0.00000
0	19:39:29.080	'89010303': modify order #6743946 sell 0.01 EURUSD at 1.11422 sl: 1.11847 tp: 1.10192 -> sl: 1.11847 tp: 1.10114
0	19:39:29.458	'89010303': order #6743946 sell 0.01 EURUSD at 1.11422 was modified -> sl: 1.11847 tp: 1.10114
0	19:39:30.013	'89010303': modify order #6744883 sell 0.01 EURUSD at 1.11208 sl: 1.11635 tp: 1.10192 -> sl: 1.11635 tp: 1.10113
0	19:39:30.302	'89010303': order #6744883 sell 0.01 EURUSD at 1.11208 was modified -> sl: 1.11635 tp: 1.10113
0	19:50:22.250	'89010303': modify order #6746256 sell 0.01 EURUSD at 1.11020 sl: 1.11448 tp: 0.00000 -> sl: 1.11448 tp: 1.11022
0	19:50:22.603	'89010303': order #6746256 sell 0.01 EURUSD at 1.11020 was modified -> sl: 1.11448 tp: 1.11022
0	19:53:00.935	'89010303': modify order #6746256 sell 0.01 EURUSD at 1.11020 sl: 1.11448 tp: 1.11022 -> sl: 1.11448 tp: 1.11011
0	19:53:01.258	'89010303': order #6746256 sell 0.01 EURUSD at 1.11020 was modified -> sl: 1.11448 tp: 1.11011
0	19:56:06.795	'89010303': modify order #6746256 sell 0.01 EURUSD at 1.11020 sl: 1.11448 tp: 1.11011 -> sl: 1.11448 tp: 1.11009
0	19:56:07.100	'89010303': order #6746256 sell 0.01 EURUSD at 1.11020 was modified -> sl: 1.11448 tp: 1.11009
0	20:01:50.265	'89010303': modify order #6746256 sell 0.01 EURUSD at 1.11020 sl: 1.11448 tp: 1.11009 -> sl: 1.11448 tp: 1.11003
0	20:01:50.733	'89010303': order #6746256 sell 0.01 EURUSD at 1.11020 was modified -> sl: 1.11448 tp: 1.11003
0	20:14:21.697	'89010303': modify order #6746256 sell 0.01 EURUSD at 1.11020 sl: 1.11448 tp: 1.11003 -> sl: 1.11448 tp: 1.11001
0	20:14:22.070	'89010303': order #6746256 sell 0.01 EURUSD at 1.11020 was modified -> sl: 1.11448 tp: 1.11001
0	20:28:39.762	'89010303': modify order #6746256 sell 0.01 EURUSD at 1.11020 sl: 1.11448 tp: 1.11001 -> sl: 1.11448 tp: 1.10998
0	20:28:40.168	'89010303': order #6746256 sell 0.01 EURUSD at 1.11020 was modified -> sl: 1.11448 tp: 1.10998
0	20:36:58.922	'89010303': modify order #6746256 sell 0.01 EURUSD at 1.11020 sl: 1.11448 tp: 1.10998 -> sl: 1.11448 tp: 1.10997
0	20:36:59.230	'89010303': order #6746256 sell 0.01 EURUSD at 1.11020 was modified -> sl: 1.11448 tp: 1.10997
0	20:45:02.283	'89010303': modify order #6746256 sell 0.01 EURUSD at 1.11020 sl: 1.11448 tp: 1.10997 -> sl: 1.11448 tp: 1.10993
0	20:45:02.875	'89010303': order #6746256 sell 0.01 EURUSD at 1.11020 was modified -> sl: 1.11448 tp: 1.10993
