0	00:11:36.566	'89010303': modify order #6657286 buy 0.01 EURUSD at 1.08626 sl: 1.08199 tp: 1.09527 -> sl: 1.08199 tp: 1.09538
0	00:11:37.673	'89010303': order #6657286 buy 0.01 EURUSD at 1.08626 was modified -> sl: 1.08199 tp: 1.09538
0	00:13:19.560	'89010303': order #6662414 sell 0.01 EURUSD at 1.08727 closed due stop-loss at price 1.09153
0	00:19:10.916	'89010303': modify order #6657286 buy 0.01 EURUSD at 1.08626 sl: 1.08199 tp: 1.09538 -> sl: 1.08199 tp: 1.09541
0	00:19:11.275	'89010303': order #6657286 buy 0.01 EURUSD at 1.08626 was modified -> sl: 1.08199 tp: 1.09541
0	00:27:23.750	'89010303': modify order #6657286 buy 0.01 EURUSD at 1.08626 sl: 1.08199 tp: 1.09541 -> sl: 1.08199 tp: 1.09638
0	00:27:23.997	'89010303': order #6657286 buy 0.01 EURUSD at 1.08626 was modified -> sl: 1.08199 tp: 1.09638
0	00:29:56.153	'89010303': modify order #6657286 buy 0.01 EURUSD at 1.08626 sl: 1.08199 tp: 1.09638 -> sl: 1.08199 tp: 1.09640
0	00:29:57.049	'89010303': order #6657286 buy 0.01 EURUSD at 1.08626 was modified -> sl: 1.08199 tp: 1.09640
1	02:55:54.423	'89010303': connect failed [No connection]
0	02:56:00.960	'89010303': login on FXCM-GBPReal01 through External
0	02:56:08.639	'89010303': ping to current access point External is 80.49 ms
1	02:56:55.717	MQL4 Market: failed to load products
0	05:56:24.227	'89010303': modify order #6657286 buy 0.01 EURUSD at 1.08626 sl: 1.08199 tp: 1.09640 -> sl: 1.08199 tp: 1.09663
0	05:56:24.816	'89010303': order #6657286 buy 0.01 EURUSD at 1.08626 was modified -> sl: 1.08199 tp: 1.09663
0	06:00:22.686	'89010303': order #6651591 sell 0.01 EURUSD at 1.08981 closed due stop-loss at price 1.09411
0	06:00:22.686	'89010303': order #6651602 sell 0.01 EURUSD at 1.08986 closed due stop-loss at price 1.09411
0	06:00:44.402	'89010303': modify order #6657286 buy 0.01 EURUSD at 1.08626 sl: 1.08199 tp: 1.09663 -> sl: 1.08199 tp: 1.09789
0	06:00:44.695	'89010303': order #6657286 buy 0.01 EURUSD at 1.08626 was modified -> sl: 1.08199 tp: 1.09789
0	09:01:22.494	'89010303': instant order sell 0.01 EURUSD at 1.08857 sl: 1.09282 tp: 1.08457
0	09:01:23.078	'89010303': order was opened : #6670883 sell 0.01 EURUSD at 1.08857 sl: 1.09282 tp: 1.08457
0	09:01:32.126	'89010303': instant order sell 0.01 EURUSD at 1.08854 sl: 1.09278 tp: 1.08454
0	09:01:32.386	'89010303': order was opened : #6670887 sell 0.01 EURUSD at 1.08855 sl: 1.09278 tp: 1.08454
1	11:39:23.684	'89010303': ping failed
1	11:39:25.615	'89010303': connect failed [No connection]
0	11:39:34.506	'89010303': login on FXCM-GBPReal01 through External
0	11:39:42.438	'89010303': ping to current access point External is 89.21 ms
1	11:40:35.625	MQL4 Market: failed to load products
0	12:18:08.531	'89010303': modify order #6670883 sell 0.01 EURUSD at 1.08857 sl: 1.09282 tp: 1.08457 -> sl: 1.09282 tp: 1.08424
0	12:18:14.175	'89010303': order #6670883 sell 0.01 EURUSD at 1.08857 was modified -> sl: 1.09282 tp: 1.08424
0	12:18:14.629	'89010303': modify order #6670887 sell 0.01 EURUSD at 1.08855 sl: 1.09278 tp: 1.08454 -> sl: 1.09278 tp: 1.08424
0	12:18:14.791	'89010303': order #6670887 sell 0.01 EURUSD at 1.08855 was modified -> sl: 1.09278 tp: 1.08424
0	12:33:16.095	'89010303': modify order #6670883 sell 0.01 EURUSD at 1.08857 sl: 1.09282 tp: 1.08424 -> sl: 1.09282 tp: 1.08388
0	12:33:16.614	'89010303': order #6670883 sell 0.01 EURUSD at 1.08857 was modified -> sl: 1.09282 tp: 1.08388
0	12:33:16.943	'89010303': modify order #6670887 sell 0.01 EURUSD at 1.08855 sl: 1.09278 tp: 1.08424 -> sl: 1.09278 tp: 1.08388
0	12:33:17.170	'89010303': order #6670887 sell 0.01 EURUSD at 1.08855 was modified -> sl: 1.09278 tp: 1.08388
1	13:09:12.080	'89010303': connect failed [No connection]
0	13:09:18.304	'89010303': login on FXCM-GBPReal01 through External
0	13:09:26.063	'89010303': ping to current access point External is 97.39 ms
0	14:04:00.372	'89010303': close order #6650565 sell 0.01 EURUSD at 1.09508 sl: 1.09934 tp: 1.08102 at price 1.09137
0	14:04:02.498	'89010303': order #6650565 sell 0.01 EURUSD at 1.09508 sl: 1.09934 tp: 1.08102 closed at price 1.09130
0	14:04:43.099	'89010303': close order #6626354 sell 0.01 EURUSD at 1.11056 sl: 1.11484 tp: 1.08102 at price 1.09149
0	14:04:43.425	'89010303': order #6626354 sell 0.01 EURUSD at 1.11056 sl: 1.11484 tp: 1.08102 closed at price 1.09149
0	14:04:48.711	'89010303': close order #6626432 sell 0.01 EURUSD at 1.11081 sl: 1.11508 tp: 1.08102 at price 1.09148
0	14:04:49.073	'89010303': order #6626432 sell 0.01 EURUSD at 1.11081 sl: 1.11508 tp: 1.08102 closed at price 1.09149
0	14:05:01.214	'89010303': close order #6647313 sell 0.01 EURUSD at 1.09664 sl: 1.10088 tp: 1.08102 at price 1.09151
0	14:05:01.506	'89010303': order #6647313 sell 0.01 EURUSD at 1.09664 sl: 1.10088 tp: 1.08102 closed at price 1.09151
0	14:05:18.573	'89010303': close order #6632521 sell 0.01 EURUSD at 1.09730 sl: 1.10212 tp: 1.08102 at price 1.09141
0	14:05:18.967	'89010303': order #6632521 sell 0.01 EURUSD at 1.09730 sl: 1.10212 tp: 1.08102 closed at price 1.09141
0	14:06:09.525	'89010303': close order #6647323 sell 0.01 EURUSD at 1.09670 sl: 1.10095 tp: 1.07984 at price 1.09128
0	14:06:11.186	'89010303': order #6647323 sell 0.01 EURUSD at 1.09670 sl: 1.10095 tp: 1.07984 closed at price 1.09128
0	14:08:02.090	'89010303': close order #6626506 sell 0.01 EURUSD at 1.11090 sl: 1.11516 tp: 1.08102 at price 1.09110
0	14:08:02.305	'89010303': order #6626506 sell 0.01 EURUSD at 1.11090 sl: 1.11516 tp: 1.08102 closed at price 1.09110
0	14:08:02.337	'89010303': close order #6626507 sell 0.01 EURUSD at 1.11090 sl: 1.11516 tp: 1.08102 at price 1.09110
0	14:08:02.499	'89010303': order #6626507 sell 0.01 EURUSD at 1.11090 sl: 1.11516 tp: 1.08102 closed at price 1.09110
0	14:08:02.532	'89010303': close order #6627029 sell 0.01 EURUSD at 1.10982 sl: 1.11407 tp: 1.08102 at price 1.09110
0	14:08:02.694	'89010303': order #6627029 sell 0.01 EURUSD at 1.10982 sl: 1.11407 tp: 1.08102 closed at price 1.09110
0	14:08:02.759	'89010303': instant order buy 0.01 EURUSD at 1.09110 sl: 1.08685 tp: 1.09142
0	14:08:02.953	'89010303': order was opened : #6673993 buy 0.01 EURUSD at 1.09110 sl: 1.08685 tp: 1.09142
0	14:08:02.988	'89010303': close order #6627597 sell 0.01 EURUSD at 1.10601 sl: 1.11025 tp: 1.08102 at price 1.09110
0	14:08:03.152	'89010303': order #6627597 sell 0.01 EURUSD at 1.10601 sl: 1.11025 tp: 1.08102 closed at price 1.09110
0	14:08:04.976	'89010303': instant order sell 0.01 EURUSD at 1.09085 sl: 1.09510 tp: 1.08685
0	14:08:05.134	'89010303': order was opened : #6673994 sell 0.01 EURUSD at 1.09085 sl: 1.09510 tp: 1.08685
0	14:08:05.134	'89010303': close order #6636828 sell 0.01 EURUSD at 1.09497 sl: 1.09923 tp: 1.08102 at price 1.09110
0	14:08:05.328	'89010303': order #6636828 sell 0.01 EURUSD at 1.09497 sl: 1.09923 tp: 1.08102 closed at price 1.09110
0	14:08:05.363	'89010303': instant order buy 0.01 EURUSD at 1.09110 sl: 1.08685 tp: 1.09510
0	14:08:05.584	'89010303': order was opened : #6673995 buy 0.01 EURUSD at 1.09110 sl: 1.08685 tp: 1.09510
0	14:08:06.236	'89010303': close order #6632757 sell 0.01 EURUSD at 1.09793 sl: 1.10226 tp: 1.08102 at price 1.09110
0	14:08:06.460	'89010303': order #6632757 sell 0.01 EURUSD at 1.09793 sl: 1.10226 tp: 1.08102 closed at price 1.09110
0	14:08:06.492	'89010303': instant order sell 0.01 EURUSD at 1.09085 sl: 1.09510 tp: 1.08685
0	14:08:06.687	'89010303': order was opened : #6673996 sell 0.01 EURUSD at 1.09085 sl: 1.09510 tp: 1.08685
0	14:08:29.933	'89010303': modify order #6673994 sell 0.01 EURUSD at 1.09085 sl: 1.09510 tp: 1.08685 -> sl: 1.09510 tp: 1.08680
0	14:08:30.488	'89010303': order #6673994 sell 0.01 EURUSD at 1.09085 was modified -> sl: 1.09510 tp: 1.08680
0	14:08:30.878	'89010303': modify order #6673996 sell 0.01 EURUSD at 1.09085 sl: 1.09510 tp: 1.08685 -> sl: 1.09510 tp: 1.08680
0	14:08:31.109	'89010303': order #6673996 sell 0.01 EURUSD at 1.09085 was modified -> sl: 1.09510 tp: 1.08680
0	14:11:13.629	'89010303': close order #6627028 sell 0.01 EURUSD at 1.10984 sl: 1.11409 tp: 1.08102 at price 1.09117
0	14:11:14.644	'89010303': order #6627028 sell 0.01 EURUSD at 1.10984 sl: 1.11409 tp: 1.08102 closed at price 1.09118
0	14:11:46.630	'89010303': close order #6636833 sell 0.01 EURUSD at 1.09498 sl: 1.09923 tp: 1.08102 at price 1.09122
0	14:11:47.478	'89010303': order #6636833 sell 0.01 EURUSD at 1.09498 sl: 1.09923 tp: 1.08102 closed at price 1.09121
0	14:12:17.851	'89010303': instant order sell 0.01 EURUSD at 1.09101 sl: 1.09528 tp: 1.08701
0	14:12:18.005	'89010303': order was opened : #6674027 sell 0.01 EURUSD at 1.09102 sl: 1.09528 tp: 1.08701
0	14:12:20.451	'89010303': modify order #6673995 buy 0.01 EURUSD at 1.09110 sl: 1.08685 tp: 1.09510 -> sl: 1.08685 tp: 1.09530
0	14:12:20.824	'89010303': order #6673995 buy 0.01 EURUSD at 1.09110 was modified -> sl: 1.08685 tp: 1.09530
0	14:16:19.919	'89010303': instant order sell 0.01 EURUSD at 1.09125 sl: 1.09550 tp: 1.08725
0	14:16:20.085	'89010303': order was opened : #6674044 sell 0.01 EURUSD at 1.09124 sl: 1.09550 tp: 1.08725
0	14:20:06.232	'89010303': modify order #6673993 buy 0.01 EURUSD at 1.09110 sl: 1.08685 tp: 1.09142 -> sl: 1.08685 tp: 1.09164
0	14:20:06.589	'89010303': order #6673993 buy 0.01 EURUSD at 1.09110 was modified -> sl: 1.08685 tp: 1.09164
0	14:20:06.589	'89010303': modify order #6673995 buy 0.01 EURUSD at 1.09110 sl: 1.08685 tp: 1.09530 -> sl: 1.08685 tp: 1.09538
0	14:20:06.983	'89010303': order #6673995 buy 0.01 EURUSD at 1.09110 was modified -> sl: 1.08685 tp: 1.09538
0	14:20:06.983	'89010303': modify order #6674044 sell 0.01 EURUSD at 1.09124 sl: 1.09550 tp: 1.08725 -> sl: 1.09550 tp: 1.08713
0	14:20:07.178	'89010303': order #6674044 sell 0.01 EURUSD at 1.09124 was modified -> sl: 1.09550 tp: 1.08713
0	14:21:01.113	'89010303': close order #6651399 sell 0.01 EURUSD at 1.09135 sl: 1.09560 tp: 1.08102 at price 1.09128
0	14:21:02.848	'89010303': order #6651399 sell 0.01 EURUSD at 1.09135 sl: 1.09560 tp: 1.08102 closed at price 1.09128
0	14:21:33.545	'89010303': close order #6651400 sell 0.01 EURUSD at 1.09136 sl: 1.09560 tp: 1.08102 at price 1.09106
0	14:21:33.804	'89010303': order #6651400 sell 0.01 EURUSD at 1.09136 sl: 1.09560 tp: 1.08102 closed at price 1.09106
0	14:21:50.426	'89010303': close order #6651403 sell 0.01 EURUSD at 1.09137 sl: 1.09561 tp: 1.08102 at price 1.09096
0	14:21:51.604	'89010303': order #6651403 sell 0.01 EURUSD at 1.09137 sl: 1.09561 tp: 1.08102 closed at price 1.09096
0	14:22:38.169	'89010303': close order #6674044 sell 0.01 EURUSD at 1.09124 sl: 1.09550 tp: 1.08713 at price 1.09106
0	14:22:38.591	'89010303': order #6674044 sell 0.01 EURUSD at 1.09124 sl: 1.09550 tp: 1.08713 closed at price 1.09108
0	14:22:39.312	'89010303': instant order sell 0.01 EURUSD at 1.09082 sl: 1.09508 tp: 1.08682
0	14:22:39.608	'89010303': order was opened : #6674112 sell 0.01 EURUSD at 1.09082 sl: 1.09508 tp: 1.08682
0	14:24:55.015	'89010303': order #6673993 buy 0.01 EURUSD at 1.09110 closed due take-profit at price 1.09164
0	14:25:18.583	'89010303': instant order buy 0.01 EURUSD at 1.09193 sl: 1.08767 tp: 1.09593
0	14:25:18.912	'89010303': order was opened : #6674144 buy 0.01 EURUSD at 1.09194 sl: 1.08767 tp: 1.09593
0	14:25:19.334	'89010303': instant order buy 0.01 EURUSD at 1.09210 sl: 1.08785 tp: 1.09610
0	14:25:19.566	'89010303': order was opened : #6674145 buy 0.01 EURUSD at 1.09211 sl: 1.08785 tp: 1.09610
0	14:25:19.566	'89010303': instant order buy 0.01 EURUSD at 1.09212 sl: 1.08787 tp: 1.09612
0	14:25:19.728	'89010303': order was opened : #6674146 buy 0.01 EURUSD at 1.09219 sl: 1.08787 tp: 1.09612
0	14:27:42.389	'89010303': modify order #6673995 buy 0.01 EURUSD at 1.09110 sl: 1.08685 tp: 1.09538 -> sl: 1.08685 tp: 1.09566
0	14:27:45.162	'89010303': order #6673995 buy 0.01 EURUSD at 1.09110 was modified -> sl: 1.08685 tp: 1.09566
0	14:28:40.953	'89010303': instant order buy 0.01 EURUSD at 1.09148 sl: 1.08722 tp: 1.09262
0	14:28:41.444	'89010303': order was opened : #6674176 buy 0.01 EURUSD at 1.09145 sl: 1.08722 tp: 1.09262
0	14:32:35.139	'89010303': modify order #6673995 buy 0.01 EURUSD at 1.09110 sl: 1.08685 tp: 1.09566 -> sl: 1.08685 tp: 1.09587
0	14:32:35.520	'89010303': order #6673995 buy 0.01 EURUSD at 1.09110 was modified -> sl: 1.08685 tp: 1.09587
0	14:38:17.372	'89010303': modify order #6674176 buy 0.01 EURUSD at 1.09145 sl: 1.08722 tp: 1.09262 -> sl: 1.08722 tp: 1.09275
0	14:38:17.701	'89010303': order #6674176 buy 0.01 EURUSD at 1.09145 was modified -> sl: 1.08722 tp: 1.09275
0	14:42:09.288	'89010303': modify order #6674176 buy 0.01 EURUSD at 1.09145 sl: 1.08722 tp: 1.09275 -> sl: 1.08722 tp: 1.09295
0	14:42:09.564	'89010303': order #6674176 buy 0.01 EURUSD at 1.09145 was modified -> sl: 1.08722 tp: 1.09295
0	14:46:29.453	'89010303': modify order #6674176 buy 0.01 EURUSD at 1.09145 sl: 1.08722 tp: 1.09295 -> sl: 1.08722 tp: 1.09302
0	14:46:29.688	'89010303': order #6674176 buy 0.01 EURUSD at 1.09145 was modified -> sl: 1.08722 tp: 1.09302
0	14:51:33.845	'89010303': modify order #6674176 buy 0.01 EURUSD at 1.09145 sl: 1.08722 tp: 1.09302 -> sl: 1.08722 tp: 1.09308
0	14:51:34.263	'89010303': order #6674176 buy 0.01 EURUSD at 1.09145 was modified -> sl: 1.08722 tp: 1.09308
0	14:54:47.788	'89010303': modify order #6674027 sell 0.01 EURUSD at 1.09102 sl: 1.09528 tp: 1.08701 -> sl: 1.09528 tp: 1.08697
0	14:54:48.020	'89010303': order #6674027 sell 0.01 EURUSD at 1.09102 was modified -> sl: 1.09528 tp: 1.08697
0	14:54:48.020	'89010303': modify order #6674176 buy 0.01 EURUSD at 1.09145 sl: 1.08722 tp: 1.09308 -> sl: 1.08722 tp: 1.09316
0	14:54:48.182	'89010303': order #6674176 buy 0.01 EURUSD at 1.09145 was modified -> sl: 1.08722 tp: 1.09316
0	14:57:37.362	'89010303': modify order #6674027 sell 0.01 EURUSD at 1.09102 sl: 1.09528 tp: 1.08697 -> sl: 1.09528 tp: 1.08696
0	14:57:37.626	'89010303': order #6674027 sell 0.01 EURUSD at 1.09102 was modified -> sl: 1.09528 tp: 1.08696
0	15:02:50.957	'89010303': instant order sell 0.01 EURUSD at 1.09110 sl: 1.09536 tp: 1.09058
0	15:02:51.253	'89010303': order was opened : #6674398 sell 0.01 EURUSD at 1.09110 sl: 1.09536 tp: 1.09058
0	15:03:22.688	'89010303': instant order sell 0.01 EURUSD at 1.09110 sl: 1.09536 tp: 1.08710
0	15:03:23.177	'89010303': order was opened : #6674399 sell 0.01 EURUSD at 1.09112 sl: 1.09536 tp: 1.08710
0	15:03:23.272	'89010303': instant order sell 0.01 EURUSD at 1.09112 sl: 1.09536 tp: 1.08712
0	15:03:23.406	'89010303': order was opened : #6674400 sell 0.01 EURUSD at 1.09112 sl: 1.09536 tp: 1.08712
0	15:03:37.380	'89010303': instant order sell 0.01 EURUSD at 1.09106 sl: 1.09532 tp: 1.08706
0	15:03:37.630	'89010303': order was opened : #6674402 sell 0.01 EURUSD at 1.09106 sl: 1.09532 tp: 1.08706
0	15:05:37.233	'89010303': instant order sell 0.01 EURUSD at 1.09134 sl: 1.09559 tp: 1.08734
0	15:05:37.493	'89010303': order was opened : #6674416 sell 0.01 EURUSD at 1.09134 sl: 1.09559 tp: 1.08734
0	15:06:38.758	'89010303': instant order sell 0.01 EURUSD at 1.09125 sl: 1.09549 tp: 1.08725
0	15:06:40.646	'89010303': order was opened : #6674422 sell 0.01 EURUSD at 1.09125 sl: 1.09549 tp: 1.08725
0	15:06:50.766	'89010303': modify order #6674176 buy 0.01 EURUSD at 1.09145 sl: 1.08722 tp: 1.09316 -> sl: 1.08722 tp: 1.09320
0	15:06:50.993	'89010303': order #6674176 buy 0.01 EURUSD at 1.09145 was modified -> sl: 1.08722 tp: 1.09320
0	15:06:51.123	'89010303': modify order #6674416 sell 0.01 EURUSD at 1.09134 sl: 1.09559 tp: 1.08734 -> sl: 1.09559 tp: 1.08724
0	15:06:51.448	'89010303': order #6674416 sell 0.01 EURUSD at 1.09134 was modified -> sl: 1.09559 tp: 1.08724
0	15:06:51.448	'89010303': modify order #6674422 sell 0.01 EURUSD at 1.09125 sl: 1.09549 tp: 1.08725 -> sl: 1.09549 tp: 1.08724
0	15:06:51.610	'89010303': order #6674422 sell 0.01 EURUSD at 1.09125 was modified -> sl: 1.09549 tp: 1.08724
0	15:12:35.329	'89010303': modify order #6673995 buy 0.01 EURUSD at 1.09110 sl: 1.08685 tp: 1.09587 -> sl: 1.08685 tp: 1.09634
0	15:12:38.136	'89010303': order #6673995 buy 0.01 EURUSD at 1.09110 was modified -> sl: 1.08685 tp: 1.09634
0	15:12:38.136	'89010303': modify order #6674144 buy 0.01 EURUSD at 1.09194 sl: 1.08767 tp: 1.09593 -> sl: 1.08767 tp: 1.09634
0	15:12:38.464	'89010303': order #6674144 buy 0.01 EURUSD at 1.09194 was modified -> sl: 1.08767 tp: 1.09634
0	15:12:38.464	'89010303': modify order #6674145 buy 0.01 EURUSD at 1.09211 sl: 1.08785 tp: 1.09610 -> sl: 1.08785 tp: 1.09633
0	15:12:38.693	'89010303': order #6674145 buy 0.01 EURUSD at 1.09211 was modified -> sl: 1.08785 tp: 1.09633
0	15:12:38.693	'89010303': modify order #6674146 buy 0.01 EURUSD at 1.09219 sl: 1.08787 tp: 1.09612 -> sl: 1.08787 tp: 1.09633
0	15:12:38.922	'89010303': order #6674146 buy 0.01 EURUSD at 1.09219 was modified -> sl: 1.08787 tp: 1.09633
0	15:16:56.771	'89010303': modify order #6674398 sell 0.01 EURUSD at 1.09110 sl: 1.09536 tp: 1.09058 -> sl: 1.09536 tp: 1.09043
0	15:16:56.963	'89010303': order #6674398 sell 0.01 EURUSD at 1.09110 was modified -> sl: 1.09536 tp: 1.09043
0	15:37:52.827	'89010303': modify order #6674027 sell 0.01 EURUSD at 1.09102 sl: 1.09528 tp: 1.08696 -> sl: 1.09528 tp: 1.08683
0	15:37:53.123	'89010303': order #6674027 sell 0.01 EURUSD at 1.09102 was modified -> sl: 1.09528 tp: 1.08683
0	15:37:53.123	'89010303': modify order #6674399 sell 0.01 EURUSD at 1.09112 sl: 1.09536 tp: 1.08710 -> sl: 1.09536 tp: 1.08683
0	15:37:53.512	'89010303': order #6674399 sell 0.01 EURUSD at 1.09112 was modified -> sl: 1.09536 tp: 1.08683
0	15:37:53.512	'89010303': modify order #6674400 sell 0.01 EURUSD at 1.09112 sl: 1.09536 tp: 1.08712 -> sl: 1.09536 tp: 1.08684
0	15:37:53.642	'89010303': order #6674400 sell 0.01 EURUSD at 1.09112 was modified -> sl: 1.09536 tp: 1.08684
0	15:37:53.642	'89010303': modify order #6674402 sell 0.01 EURUSD at 1.09106 sl: 1.09532 tp: 1.08706 -> sl: 1.09532 tp: 1.08683
0	15:37:53.808	'89010303': order #6674402 sell 0.01 EURUSD at 1.09106 was modified -> sl: 1.09532 tp: 1.08683
0	15:37:53.808	'89010303': modify order #6674416 sell 0.01 EURUSD at 1.09134 sl: 1.09559 tp: 1.08724 -> sl: 1.09559 tp: 1.08683
0	15:37:54.035	'89010303': order #6674416 sell 0.01 EURUSD at 1.09134 was modified -> sl: 1.09559 tp: 1.08683
0	15:37:54.198	'89010303': modify order #6674422 sell 0.01 EURUSD at 1.09125 sl: 1.09549 tp: 1.08724 -> sl: 1.09549 tp: 1.08683
0	15:37:54.360	'89010303': order #6674422 sell 0.01 EURUSD at 1.09125 was modified -> sl: 1.09549 tp: 1.08683
0	15:40:48.475	'89010303': modify order #6673994 sell 0.01 EURUSD at 1.09085 sl: 1.09510 tp: 1.08680 -> sl: 1.09510 tp: 1.08665
0	15:40:48.663	'89010303': order #6673994 sell 0.01 EURUSD at 1.09085 was modified -> sl: 1.09510 tp: 1.08665
0	15:40:48.663	'89010303': modify order #6673996 sell 0.01 EURUSD at 1.09085 sl: 1.09510 tp: 1.08680 -> sl: 1.09510 tp: 1.08664
0	15:40:48.862	'89010303': order #6673996 sell 0.01 EURUSD at 1.09085 was modified -> sl: 1.09510 tp: 1.08664
0	15:40:48.897	'89010303': modify order #6674027 sell 0.01 EURUSD at 1.09102 sl: 1.09528 tp: 1.08683 -> sl: 1.09528 tp: 1.08666
0	15:40:49.225	'89010303': order #6674027 sell 0.01 EURUSD at 1.09102 was modified -> sl: 1.09528 tp: 1.08666
0	15:40:49.288	'89010303': modify order #6674112 sell 0.01 EURUSD at 1.09082 sl: 1.09508 tp: 1.08682 -> sl: 1.09508 tp: 1.08665
0	15:40:49.450	'89010303': order #6674112 sell 0.01 EURUSD at 1.09082 was modified -> sl: 1.09508 tp: 1.08665
0	15:40:49.450	'89010303': modify order #6674398 sell 0.01 EURUSD at 1.09110 sl: 1.09536 tp: 1.09043 -> sl: 1.09536 tp: 1.09035
0	15:40:49.681	'89010303': order #6674398 sell 0.01 EURUSD at 1.09110 was modified -> sl: 1.09536 tp: 1.09035
0	15:40:49.713	'89010303': modify order #6674399 sell 0.01 EURUSD at 1.09112 sl: 1.09536 tp: 1.08683 -> sl: 1.09536 tp: 1.08665
0	15:40:49.908	'89010303': order #6674399 sell 0.01 EURUSD at 1.09112 was modified -> sl: 1.09536 tp: 1.08665
0	15:40:49.908	'89010303': modify order #6674400 sell 0.01 EURUSD at 1.09112 sl: 1.09536 tp: 1.08684 -> sl: 1.09536 tp: 1.08665
0	15:40:50.106	'89010303': order #6674400 sell 0.01 EURUSD at 1.09112 was modified -> sl: 1.09536 tp: 1.08665
0	15:40:50.106	'89010303': modify order #6674402 sell 0.01 EURUSD at 1.09106 sl: 1.09532 tp: 1.08683 -> sl: 1.09532 tp: 1.08665
0	15:40:50.303	'89010303': order #6674402 sell 0.01 EURUSD at 1.09106 was modified -> sl: 1.09532 tp: 1.08665
0	15:40:50.334	'89010303': modify order #6674416 sell 0.01 EURUSD at 1.09134 sl: 1.09559 tp: 1.08683 -> sl: 1.09559 tp: 1.08665
0	15:40:50.528	'89010303': order #6674416 sell 0.01 EURUSD at 1.09134 was modified -> sl: 1.09559 tp: 1.08665
0	15:40:50.528	'89010303': modify order #6674422 sell 0.01 EURUSD at 1.09125 sl: 1.09549 tp: 1.08683 -> sl: 1.09549 tp: 1.08665
0	15:40:50.726	'89010303': order #6674422 sell 0.01 EURUSD at 1.09125 was modified -> sl: 1.09549 tp: 1.08665
0	15:44:27.669	'89010303': modify order #6674398 sell 0.01 EURUSD at 1.09110 sl: 1.09536 tp: 1.09035 -> sl: 1.09536 tp: 1.09015
0	15:44:28.030	'89010303': order #6674398 sell 0.01 EURUSD at 1.09110 was modified -> sl: 1.09536 tp: 1.09015
0	15:49:13.725	'89010303': modify order #6674398 sell 0.01 EURUSD at 1.09110 sl: 1.09536 tp: 1.09015 -> sl: 1.09536 tp: 1.09010
0	15:49:15.362	'89010303': order #6674398 sell 0.01 EURUSD at 1.09110 was modified -> sl: 1.09536 tp: 1.09010
0	15:59:27.116	'89010303': modify order #6673995 buy 0.01 EURUSD at 1.09110 sl: 1.08685 tp: 1.09634 -> sl: 1.08685 tp: 1.09649
0	15:59:27.963	'89010303': order #6673995 buy 0.01 EURUSD at 1.09110 was modified -> sl: 1.08685 tp: 1.09649
0	15:59:27.963	'89010303': modify order #6674144 buy 0.01 EURUSD at 1.09194 sl: 1.08767 tp: 1.09634 -> sl: 1.08767 tp: 1.09650
0	15:59:28.226	'89010303': order #6674144 buy 0.01 EURUSD at 1.09194 was modified -> sl: 1.08767 tp: 1.09650
0	15:59:28.226	'89010303': modify order #6674145 buy 0.01 EURUSD at 1.09211 sl: 1.08785 tp: 1.09633 -> sl: 1.08785 tp: 1.09649
0	15:59:28.612	'89010303': order #6674145 buy 0.01 EURUSD at 1.09211 was modified -> sl: 1.08785 tp: 1.09649
0	15:59:28.612	'89010303': modify order #6674146 buy 0.01 EURUSD at 1.09219 sl: 1.08787 tp: 1.09633 -> sl: 1.08787 tp: 1.09649
0	15:59:28.774	'89010303': order #6674146 buy 0.01 EURUSD at 1.09219 was modified -> sl: 1.08787 tp: 1.09649
0	16:01:48.175	'89010303': modify order #6674398 sell 0.01 EURUSD at 1.09110 sl: 1.09536 tp: 1.09010 -> sl: 1.09536 tp: 1.08997
0	16:01:48.528	'89010303': order #6674398 sell 0.01 EURUSD at 1.09110 was modified -> sl: 1.09536 tp: 1.08997
0	16:07:39.941	'89010303': order #6670887 sell 0.01 EURUSD at 1.08855 closed due stop-loss at price 1.09284
0	16:07:39.941	'89010303': order #6670883 sell 0.01 EURUSD at 1.08857 closed due stop-loss at price 1.09287
0	16:10:25.169	'89010303': order #6674176 buy 0.01 EURUSD at 1.09145 closed due take-profit at price 1.09321
0	16:12:28.954	'89010303': modify order #6673995 buy 0.01 EURUSD at 1.09110 sl: 1.08685 tp: 1.09649 -> sl: 1.08685 tp: 1.09730
0	16:12:29.121	'89010303': order #6673995 buy 0.01 EURUSD at 1.09110 was modified -> sl: 1.08685 tp: 1.09730
0	16:12:29.121	'89010303': modify order #6674144 buy 0.01 EURUSD at 1.09194 sl: 1.08767 tp: 1.09650 -> sl: 1.08767 tp: 1.09730
0	16:12:29.315	'89010303': order #6674144 buy 0.01 EURUSD at 1.09194 was modified -> sl: 1.08767 tp: 1.09730
0	16:12:29.315	'89010303': modify order #6674145 buy 0.01 EURUSD at 1.09211 sl: 1.08785 tp: 1.09649 -> sl: 1.08785 tp: 1.09731
0	16:12:29.478	'89010303': order #6674145 buy 0.01 EURUSD at 1.09211 was modified -> sl: 1.08785 tp: 1.09731
0	16:12:29.478	'89010303': modify order #6674146 buy 0.01 EURUSD at 1.09219 sl: 1.08787 tp: 1.09649 -> sl: 1.08787 tp: 1.09731
0	16:12:29.640	'89010303': order #6674146 buy 0.01 EURUSD at 1.09219 was modified -> sl: 1.08787 tp: 1.09731
0	16:13:55.951	'89010303': modify order #6673995 buy 0.01 EURUSD at 1.09110 sl: 1.08685 tp: 1.09730 -> sl: 1.08685 tp: 1.09752
0	16:13:57.351	'89010303': order #6673995 buy 0.01 EURUSD at 1.09110 was modified -> sl: 1.08685 tp: 1.09752
0	16:13:57.351	'89010303': modify order #6674144 buy 0.01 EURUSD at 1.09194 sl: 1.08767 tp: 1.09730 -> sl: 1.08767 tp: 1.09755
0	16:13:57.644	'89010303': order #6674144 buy 0.01 EURUSD at 1.09194 was modified -> sl: 1.08767 tp: 1.09755
0	16:13:57.644	'89010303': modify order #6674145 buy 0.01 EURUSD at 1.09211 sl: 1.08785 tp: 1.09731 -> sl: 1.08785 tp: 1.09754
0	16:13:57.806	'89010303': order #6674145 buy 0.01 EURUSD at 1.09211 was modified -> sl: 1.08785 tp: 1.09754
0	16:13:57.806	'89010303': modify order #6674146 buy 0.01 EURUSD at 1.09219 sl: 1.08787 tp: 1.09731 -> sl: 1.08787 tp: 1.09754
0	16:13:57.936	'89010303': order #6674146 buy 0.01 EURUSD at 1.09219 was modified -> sl: 1.08787 tp: 1.09754
0	17:02:12.099	'89010303': instant order buy 0.01 EURUSD at 1.09265 sl: 1.08840 tp: 1.09384
0	17:02:12.326	'89010303': order was opened : #6675074 buy 0.01 EURUSD at 1.09265 sl: 1.08840 tp: 1.09384
0	17:03:04.562	'89010303': modify order #6675074 buy 0.01 EURUSD at 1.09265 sl: 1.08840 tp: 1.09384 -> sl: 1.08840 tp: 1.09385
0	17:03:04.946	'89010303': order #6675074 buy 0.01 EURUSD at 1.09265 was modified -> sl: 1.08840 tp: 1.09385
0	17:06:29.029	'89010303': modify order #6675074 buy 0.01 EURUSD at 1.09265 sl: 1.08840 tp: 1.09385 -> sl: 1.08840 tp: 1.09386
0	17:06:29.402	'89010303': order #6675074 buy 0.01 EURUSD at 1.09265 was modified -> sl: 1.08840 tp: 1.09386
0	17:06:51.668	'89010303': modify order #6675074 buy 0.01 EURUSD at 1.09265 sl: 1.08840 tp: 1.09386 -> sl: 1.08840 tp: 1.09387
0	17:06:52.540	'89010303': order #6675074 buy 0.01 EURUSD at 1.09265 was modified -> sl: 1.08840 tp: 1.09387
0	18:02:04.464	'89010303': instant order buy 0.01 EURUSD at 1.09299 sl: 1.08872 tp: 1.09443
0	18:02:04.848	'89010303': order was opened : #6675332 buy 0.01 EURUSD at 1.09299 sl: 1.08872 tp: 1.09443
0	18:16:37.609	'89010303': modify order #6675332 buy 0.01 EURUSD at 1.09299 sl: 1.08872 tp: 1.09443 -> sl: 1.08872 tp: 1.09448
0	18:16:38.299	'89010303': order #6675332 buy 0.01 EURUSD at 1.09299 was modified -> sl: 1.08872 tp: 1.09448
0	18:39:03.988	'89010303': modify order #6675332 buy 0.01 EURUSD at 1.09299 sl: 1.08872 tp: 1.09448 -> sl: 1.08872 tp: 1.09449
0	18:39:04.317	'89010303': order #6675332 buy 0.01 EURUSD at 1.09299 was modified -> sl: 1.08872 tp: 1.09449
0	19:25:47.451	'89010303': modify order #6673995 buy 0.01 EURUSD at 1.09110 sl: 1.08685 tp: 1.09752 -> sl: 1.08685 tp: 1.09762
0	19:25:47.908	'89010303': order #6673995 buy 0.01 EURUSD at 1.09110 was modified -> sl: 1.08685 tp: 1.09762
0	19:25:47.941	'89010303': modify order #6674144 buy 0.01 EURUSD at 1.09194 sl: 1.08767 tp: 1.09755 -> sl: 1.08767 tp: 1.09761
0	19:25:48.136	'89010303': order #6674144 buy 0.01 EURUSD at 1.09194 was modified -> sl: 1.08767 tp: 1.09761
0	19:25:48.169	'89010303': modify order #6674145 buy 0.01 EURUSD at 1.09211 sl: 1.08785 tp: 1.09754 -> sl: 1.08785 tp: 1.09762
0	19:25:48.363	'89010303': order #6674145 buy 0.01 EURUSD at 1.09211 was modified -> sl: 1.08785 tp: 1.09762
0	19:25:48.395	'89010303': modify order #6674146 buy 0.01 EURUSD at 1.09219 sl: 1.08787 tp: 1.09754 -> sl: 1.08787 tp: 1.09762
0	19:25:48.691	'89010303': order #6674146 buy 0.01 EURUSD at 1.09219 was modified -> sl: 1.08787 tp: 1.09762
0	20:59:40.970	'89010303': modify order #6675074 buy 0.01 EURUSD at 1.09265 sl: 1.08840 tp: 1.09387 -> sl: 1.08840 tp: 1.09395
0	20:59:41.485	'89010303': order #6675074 buy 0.01 EURUSD at 1.09265 was modified -> sl: 1.08840 tp: 1.09395
0	20:59:44.485	'89010303': modify order #6675074 buy 0.01 EURUSD at 1.09265 sl: 1.08840 tp: 1.09395 -> sl: 1.08840 tp: 1.09410
0	20:59:44.732	'89010303': order #6675074 buy 0.01 EURUSD at 1.09265 was modified -> sl: 1.08840 tp: 1.09410
0	21:00:14.743	'89010303': modify order #6675074 buy 0.01 EURUSD at 1.09265 sl: 1.08840 tp: 1.09410 -> sl: 1.08840 tp: 1.09418
0	21:00:15.088	'89010303': order #6675074 buy 0.01 EURUSD at 1.09265 was modified -> sl: 1.08840 tp: 1.09418
