0	01:38:20.148	'89010303': order #7613140 sell 0.02 EURUSD at 1.06506 closed due stop-loss at price 1.06948
0	01:38:20.347	'89010303': order #7597267 sell 0.02 EURUSD at 1.06516 closed due stop-loss at price 1.06950
0	01:38:20.347	'89010303': order #7612041 buy 0.02 EURUSD at 1.06276 closed due take-profit at price 1.06922
0	01:38:20.380	'89010303': order #7597271 sell 0.02 EURUSD at 1.06535 closed due stop-loss at price 1.06961
0	01:41:25.839	'89010303': modify order #7602014 buy 0.02 EURUSD at 1.06357 sl: 1.05931 tp: 1.07312 -> sl: 1.05931 tp: 1.07342
0	01:41:28.659	'89010303': order #7602014 buy 0.02 EURUSD at 1.06357 was modified -> sl: 1.05931 tp: 1.07342
0	01:45:18.809	'89010303': modify order #7602014 buy 0.02 EURUSD at 1.06357 sl: 1.05931 tp: 1.07342 -> sl: 1.05931 tp: 1.07373
0	01:45:19.210	'89010303': order #7596706 sell 0.02 EURUSD at 1.06571 closed due stop-loss at price 1.06997
0	01:45:19.297	'89010303': order #7596703 sell 0.02 EURUSD at 1.06573 closed due stop-loss at price 1.07002
0	01:45:19.297	'89010303': order #7596674 sell 0.02 EURUSD at 1.06586 closed due stop-loss at price 1.07012
0	01:45:19.863	'89010303': order #7602014 buy 0.02 EURUSD at 1.06357 was modified -> sl: 1.05931 tp: 1.07373
0	01:45:42.256	'89010303': order #7611453 sell 0.02 EURUSD at 1.06616 closed due stop-loss at price 1.07045
0	01:45:53.768	'89010303': order #7596299 sell 0.02 EURUSD at 1.06695 closed due stop-loss at price 1.07158
0	01:45:54.218	'89010303': order #7596294 sell 0.02 EURUSD at 1.06702 closed due stop-loss at price 1.07187
0	01:45:54.542	'89010303': order #7596293 sell 0.02 EURUSD at 1.06685 closed due stop-loss at price 1.07182
0	01:52:51.426	'89010303': instant order buy 0.02 EURUSD at 1.07042 sl: 1.06617 tp: 1.07442
0	01:52:52.079	'89010303': order was opened : #7619151 buy 0.02 EURUSD at 1.07035 sl: 1.06617 tp: 1.07442
0	01:54:51.754	'89010303': instant order sell 0.02 EURUSD at 1.06986 sl: 1.07413 tp: 1.06586
0	01:54:52.074	'89010303': order was opened : #7619158 sell 0.02 EURUSD at 1.06954 sl: 1.07413 tp: 1.06586
0	01:56:05.294	'89010303': modify order #7602014 buy 0.02 EURUSD at 1.06357 sl: 1.05931 tp: 1.07373 -> sl: 1.05931 tp: 1.07400
0	01:56:05.537	'89010303': order #7602014 buy 0.02 EURUSD at 1.06357 was modified -> sl: 1.05931 tp: 1.07400
0	01:56:05.578	'89010303': modify order #7619158 sell 0.02 EURUSD at 1.06954 sl: 1.07413 tp: 1.06586 -> sl: 1.07413 tp: 1.06571
0	01:56:05.984	'89010303': order #7619158 sell 0.02 EURUSD at 1.06954 was modified -> sl: 1.07413 tp: 1.06571
0	01:59:27.242	'89010303': instant order buy 0.02 EURUSD at 1.07038 sl: 1.06611 tp: 1.07134
0	01:59:27.570	'89010303': order was opened : #7619169 buy 0.02 EURUSD at 1.07038 sl: 1.06611 tp: 1.07134
0	01:59:53.360	'89010303': instant order sell 0.02 EURUSD at 1.07020 sl: 1.07446 tp: 1.06620
0	01:59:53.522	'89010303': order was opened : #7619171 sell 0.02 EURUSD at 1.07020 sl: 1.07446 tp: 1.06620
0	01:59:53.689	'89010303': instant order sell 0.02 EURUSD at 1.07020 sl: 1.07446 tp: 1.06620
0	01:59:53.948	'89010303': order was opened : #7619172 sell 0.02 EURUSD at 1.07020 sl: 1.07446 tp: 1.06620
0	02:03:10.682	'89010303': modify order #7602014 buy 0.02 EURUSD at 1.06357 sl: 1.05931 tp: 1.07400 -> sl: 1.05931 tp: 1.07459
0	02:03:10.974	'89010303': order #7602014 buy 0.02 EURUSD at 1.06357 was modified -> sl: 1.05931 tp: 1.07459
0	02:03:11.039	'89010303': modify order #7619151 buy 0.02 EURUSD at 1.07035 sl: 1.06617 tp: 1.07442 -> sl: 1.06617 tp: 1.07459
0	02:03:11.303	'89010303': order #7619151 buy 0.02 EURUSD at 1.07035 was modified -> sl: 1.06617 tp: 1.07459
0	02:06:28.570	'89010303': instant order buy 0.02 EURUSD at 1.07107 sl: 1.06680 tp: 1.07507
0	02:06:29.183	'89010303': order was opened : #7619206 buy 0.02 EURUSD at 1.07096 sl: 1.06680 tp: 1.07507
0	02:06:29.223	'89010303': instant order buy 0.02 EURUSD at 1.07096 sl: 1.06668 tp: 1.07496
0	02:06:29.552	'89010303': order was opened : #7619207 buy 0.02 EURUSD at 1.07096 sl: 1.06668 tp: 1.07496
0	02:08:57.829	'89010303': instant order sell 0.02 EURUSD at 1.07053 sl: 1.07481 tp: 1.06653
0	02:08:58.396	'89010303': order was opened : #7619214 sell 0.02 EURUSD at 1.07054 sl: 1.07481 tp: 1.06653
0	02:09:05.065	'89010303': modify order #7602014 buy 0.02 EURUSD at 1.06357 sl: 1.05931 tp: 1.07459 -> sl: 1.05931 tp: 1.07475
0	02:09:05.720	'89010303': order #7602014 buy 0.02 EURUSD at 1.06357 was modified -> sl: 1.05931 tp: 1.07475
0	02:09:06.326	'89010303': modify order #7619151 buy 0.02 EURUSD at 1.07035 sl: 1.06617 tp: 1.07459 -> sl: 1.06617 tp: 1.07476
0	02:09:06.529	'89010303': order #7619151 buy 0.02 EURUSD at 1.07035 was modified -> sl: 1.06617 tp: 1.07476
0	02:09:06.529	'89010303': modify order #7619169 buy 0.02 EURUSD at 1.07038 sl: 1.06611 tp: 1.07134 -> sl: 1.06611 tp: 1.07140
0	02:09:06.723	'89010303': order #7619169 buy 0.02 EURUSD at 1.07038 was modified -> sl: 1.06611 tp: 1.07140
0	02:09:06.723	'89010303': modify order #7619214 sell 0.02 EURUSD at 1.07054 sl: 1.07481 tp: 1.06653 -> sl: 1.07481 tp: 1.06647
0	02:09:06.926	'89010303': order #7619214 sell 0.02 EURUSD at 1.07054 was modified -> sl: 1.07481 tp: 1.06647
0	02:19:13.095	'89010303': modify order #7619171 sell 0.02 EURUSD at 1.07020 sl: 1.07446 tp: 1.06620 -> sl: 1.07446 tp: 1.06588
0	02:19:13.787	'89010303': order #7619171 sell 0.02 EURUSD at 1.07020 was modified -> sl: 1.07446 tp: 1.06588
0	02:19:14.643	'89010303': modify order #7619172 sell 0.02 EURUSD at 1.07020 sl: 1.07446 tp: 1.06620 -> sl: 1.07446 tp: 1.06590
0	02:19:14.886	'89010303': order #7619172 sell 0.02 EURUSD at 1.07020 was modified -> sl: 1.07446 tp: 1.06590
0	02:19:14.886	'89010303': modify order #7619214 sell 0.02 EURUSD at 1.07054 sl: 1.07481 tp: 1.06647 -> sl: 1.07481 tp: 1.06589
0	02:19:15.170	'89010303': order #7619214 sell 0.02 EURUSD at 1.07054 was modified -> sl: 1.07481 tp: 1.06589
0	02:26:19.526	'89010303': modify order #7602014 buy 0.02 EURUSD at 1.06357 sl: 1.05931 tp: 1.07475 -> sl: 1.05931 tp: 1.07483
0	02:26:19.883	'89010303': order #7602014 buy 0.02 EURUSD at 1.06357 was modified -> sl: 1.05931 tp: 1.07483
0	02:26:19.883	'89010303': modify order #7619151 buy 0.02 EURUSD at 1.07035 sl: 1.06617 tp: 1.07476 -> sl: 1.06617 tp: 1.07483
0	02:26:20.049	'89010303': order #7619151 buy 0.02 EURUSD at 1.07035 was modified -> sl: 1.06617 tp: 1.07483
0	02:28:04.642	'89010303': modify order #7602014 buy 0.02 EURUSD at 1.06357 sl: 1.05931 tp: 1.07483 -> sl: 1.05931 tp: 1.07509
0	02:28:05.064	'89010303': order #7602014 buy 0.02 EURUSD at 1.06357 was modified -> sl: 1.05931 tp: 1.07509
0	02:28:05.096	'89010303': modify order #7619151 buy 0.02 EURUSD at 1.07035 sl: 1.06617 tp: 1.07483 -> sl: 1.06617 tp: 1.07509
0	02:28:05.327	'89010303': order #7619151 buy 0.02 EURUSD at 1.07035 was modified -> sl: 1.06617 tp: 1.07509
0	02:28:05.391	'89010303': modify order #7619206 buy 0.02 EURUSD at 1.07096 sl: 1.06680 tp: 1.07507 -> sl: 1.06680 tp: 1.07509
0	02:28:05.740	'89010303': order #7619206 buy 0.02 EURUSD at 1.07096 was modified -> sl: 1.06680 tp: 1.07509
0	02:28:05.772	'89010303': modify order #7619207 buy 0.02 EURUSD at 1.07096 sl: 1.06668 tp: 1.07496 -> sl: 1.06668 tp: 1.07509
0	02:28:05.939	'89010303': order #7619207 buy 0.02 EURUSD at 1.07096 was modified -> sl: 1.06668 tp: 1.07509
0	02:44:45.484	'89010303': modify order #7619171 sell 0.02 EURUSD at 1.07020 sl: 1.07446 tp: 1.06588 -> sl: 1.07446 tp: 1.06578
0	02:44:46.461	'89010303': order #7619171 sell 0.02 EURUSD at 1.07020 was modified -> sl: 1.07446 tp: 1.06578
0	02:44:46.949	'89010303': modify order #7619172 sell 0.02 EURUSD at 1.07020 sl: 1.07446 tp: 1.06590 -> sl: 1.07446 tp: 1.06576
0	02:44:47.112	'89010303': order #7619172 sell 0.02 EURUSD at 1.07020 was modified -> sl: 1.07446 tp: 1.06576
0	02:44:47.208	'89010303': modify order #7619214 sell 0.02 EURUSD at 1.07054 sl: 1.07481 tp: 1.06589 -> sl: 1.07481 tp: 1.06576
0	02:44:47.407	'89010303': order #7619214 sell 0.02 EURUSD at 1.07054 was modified -> sl: 1.07481 tp: 1.06576
0	02:49:27.364	'89010303': modify order #7619158 sell 0.02 EURUSD at 1.06954 sl: 1.07413 tp: 1.06571 -> sl: 1.07413 tp: 1.06531
0	02:49:27.685	'89010303': order #7619158 sell 0.02 EURUSD at 1.06954 was modified -> sl: 1.07413 tp: 1.06531
0	02:49:27.726	'89010303': modify order #7619171 sell 0.02 EURUSD at 1.07020 sl: 1.07446 tp: 1.06578 -> sl: 1.07446 tp: 1.06531
0	02:49:27.971	'89010303': order #7619171 sell 0.02 EURUSD at 1.07020 was modified -> sl: 1.07446 tp: 1.06531
0	02:49:27.971	'89010303': modify order #7619172 sell 0.02 EURUSD at 1.07020 sl: 1.07446 tp: 1.06576 -> sl: 1.07446 tp: 1.06531
0	02:49:28.253	'89010303': order #7619172 sell 0.02 EURUSD at 1.07020 was modified -> sl: 1.07446 tp: 1.06531
0	02:49:28.294	'89010303': modify order #7619214 sell 0.02 EURUSD at 1.07054 sl: 1.07481 tp: 1.06576 -> sl: 1.07481 tp: 1.06531
0	02:49:28.460	'89010303': order #7619214 sell 0.02 EURUSD at 1.07054 was modified -> sl: 1.07481 tp: 1.06531
0	02:55:50.128	'89010303': modify order #7619158 sell 0.02 EURUSD at 1.06954 sl: 1.07413 tp: 1.06531 -> sl: 1.07413 tp: 1.06519
0	02:55:50.333	'89010303': order #7619158 sell 0.02 EURUSD at 1.06954 was modified -> sl: 1.07413 tp: 1.06519
0	02:55:50.333	'89010303': modify order #7619169 buy 0.02 EURUSD at 1.07038 sl: 1.06611 tp: 1.07140 -> sl: 1.06611 tp: 1.07165
0	02:55:50.496	'89010303': order #7619169 buy 0.02 EURUSD at 1.07038 was modified -> sl: 1.06611 tp: 1.07165
0	02:55:50.496	'89010303': modify order #7619171 sell 0.02 EURUSD at 1.07020 sl: 1.07446 tp: 1.06531 -> sl: 1.07446 tp: 1.06519
0	02:55:50.941	'89010303': order #7619171 sell 0.02 EURUSD at 1.07020 was modified -> sl: 1.07446 tp: 1.06519
0	02:55:50.982	'89010303': modify order #7619172 sell 0.02 EURUSD at 1.07020 sl: 1.07446 tp: 1.06531 -> sl: 1.07446 tp: 1.06519
0	02:55:51.306	'89010303': order #7619172 sell 0.02 EURUSD at 1.07020 was modified -> sl: 1.07446 tp: 1.06519
0	02:55:51.387	'89010303': modify order #7619214 sell 0.02 EURUSD at 1.07054 sl: 1.07481 tp: 1.06531 -> sl: 1.07481 tp: 1.06519
0	02:55:51.590	'89010303': order #7619214 sell 0.02 EURUSD at 1.07054 was modified -> sl: 1.07481 tp: 1.06519
0	03:02:16.081	'89010303': instant order sell 0.02 EURUSD at 1.06969 sl: 1.07395 tp: 1.06569
0	03:02:16.410	'89010303': order was opened : #7619401 sell 0.02 EURUSD at 1.06969 sl: 1.07395 tp: 1.06569
0	03:04:17.337	'89010303': instant order sell 0.02 EURUSD at 1.06980 sl: 1.07407 tp: 1.06580
0	03:04:17.637	'89010303': order was opened : #7619407 sell 0.02 EURUSD at 1.06981 sl: 1.07407 tp: 1.06580
0	03:08:30.972	'89010303': modify order #7619407 sell 0.02 EURUSD at 1.06981 sl: 1.07407 tp: 1.06580 -> sl: 1.07407 tp: 1.06579
0	03:08:31.445	'89010303': order #7619407 sell 0.02 EURUSD at 1.06981 was modified -> sl: 1.07407 tp: 1.06579
0	03:10:27.527	'89010303': modify order #7619407 sell 0.02 EURUSD at 1.06981 sl: 1.07407 tp: 1.06579 -> sl: 1.07407 tp: 1.06576
0	03:10:27.807	'89010303': order #7619407 sell 0.02 EURUSD at 1.06981 was modified -> sl: 1.07407 tp: 1.06576
0	03:12:32.787	'89010303': modify order #7619401 sell 0.02 EURUSD at 1.06969 sl: 1.07395 tp: 1.06569 -> sl: 1.07395 tp: 1.06546
0	03:12:33.132	'89010303': order #7619401 sell 0.02 EURUSD at 1.06969 was modified -> sl: 1.07395 tp: 1.06546
0	03:12:33.197	'89010303': modify order #7619407 sell 0.02 EURUSD at 1.06981 sl: 1.07407 tp: 1.06576 -> sl: 1.07407 tp: 1.06546
0	03:12:33.363	'89010303': order #7619407 sell 0.02 EURUSD at 1.06981 was modified -> sl: 1.07407 tp: 1.06546
0	03:12:59.426	'89010303': modify order #7619401 sell 0.02 EURUSD at 1.06969 sl: 1.07395 tp: 1.06546 -> sl: 1.07395 tp: 1.06534
0	03:12:59.739	'89010303': order #7619401 sell 0.02 EURUSD at 1.06969 was modified -> sl: 1.07395 tp: 1.06534
0	03:12:59.772	'89010303': modify order #7619407 sell 0.02 EURUSD at 1.06981 sl: 1.07407 tp: 1.06546 -> sl: 1.07407 tp: 1.06534
0	03:13:00.064	'89010303': order #7619407 sell 0.02 EURUSD at 1.06981 was modified -> sl: 1.07407 tp: 1.06534
0	03:13:58.007	'89010303': modify order #7619158 sell 0.02 EURUSD at 1.06954 sl: 1.07413 tp: 1.06519 -> sl: 1.07413 tp: 1.06517
0	03:13:58.457	'89010303': order #7619158 sell 0.02 EURUSD at 1.06954 was modified -> sl: 1.07413 tp: 1.06517
0	03:13:58.457	'89010303': modify order #7619171 sell 0.02 EURUSD at 1.07020 sl: 1.07446 tp: 1.06519 -> sl: 1.07446 tp: 1.06517
0	03:13:58.652	'89010303': order #7619171 sell 0.02 EURUSD at 1.07020 was modified -> sl: 1.07446 tp: 1.06517
0	03:13:58.717	'89010303': modify order #7619172 sell 0.02 EURUSD at 1.07020 sl: 1.07446 tp: 1.06519 -> sl: 1.07446 tp: 1.06517
0	03:13:59.042	'89010303': order #7619172 sell 0.02 EURUSD at 1.07020 was modified -> sl: 1.07446 tp: 1.06517
0	03:13:59.042	'89010303': modify order #7619214 sell 0.02 EURUSD at 1.07054 sl: 1.07481 tp: 1.06519 -> sl: 1.07481 tp: 1.06518
0	03:13:59.240	'89010303': order #7619214 sell 0.02 EURUSD at 1.07054 was modified -> sl: 1.07481 tp: 1.06518
0	03:13:59.305	'89010303': modify order #7619401 sell 0.02 EURUSD at 1.06969 sl: 1.07395 tp: 1.06534 -> sl: 1.07395 tp: 1.06518
0	03:13:59.435	'89010303': order #7619401 sell 0.02 EURUSD at 1.06969 was modified -> sl: 1.07395 tp: 1.06518
0	03:13:59.435	'89010303': modify order #7619407 sell 0.02 EURUSD at 1.06981 sl: 1.07407 tp: 1.06534 -> sl: 1.07407 tp: 1.06518
0	03:13:59.694	'89010303': order #7619407 sell 0.02 EURUSD at 1.06981 was modified -> sl: 1.07407 tp: 1.06518
0	03:16:09.463	'89010303': modify order #7619158 sell 0.02 EURUSD at 1.06954 sl: 1.07413 tp: 1.06517 -> sl: 1.07413 tp: 1.06515
0	03:16:10.031	'89010303': order #7619158 sell 0.02 EURUSD at 1.06954 was modified -> sl: 1.07413 tp: 1.06515
0	03:16:10.068	'89010303': modify order #7619171 sell 0.02 EURUSD at 1.07020 sl: 1.07446 tp: 1.06517 -> sl: 1.07446 tp: 1.06515
0	03:16:10.230	'89010303': order #7619171 sell 0.02 EURUSD at 1.07020 was modified -> sl: 1.07446 tp: 1.06515
0	03:16:10.230	'89010303': modify order #7619172 sell 0.02 EURUSD at 1.07020 sl: 1.07446 tp: 1.06517 -> sl: 1.07446 tp: 1.06515
0	03:16:10.473	'89010303': order #7619172 sell 0.02 EURUSD at 1.07020 was modified -> sl: 1.07446 tp: 1.06515
0	03:16:10.473	'89010303': modify order #7619214 sell 0.02 EURUSD at 1.07054 sl: 1.07481 tp: 1.06518 -> sl: 1.07481 tp: 1.06515
0	03:16:10.721	'89010303': order #7619214 sell 0.02 EURUSD at 1.07054 was modified -> sl: 1.07481 tp: 1.06515
0	03:16:10.722	'89010303': modify order #7619401 sell 0.02 EURUSD at 1.06969 sl: 1.07395 tp: 1.06518 -> sl: 1.07395 tp: 1.06515
0	03:16:11.005	'89010303': order #7619401 sell 0.02 EURUSD at 1.06969 was modified -> sl: 1.07395 tp: 1.06515
0	03:16:16.874	'89010303': modify order #7619407 sell 0.02 EURUSD at 1.06981 sl: 1.07407 tp: 1.06518 -> sl: 1.07407 tp: 1.06516
0	03:16:17.482	'89010303': order #7619407 sell 0.02 EURUSD at 1.06981 was modified -> sl: 1.07407 tp: 1.06516
0	03:18:11.765	'89010303': modify order #7619158 sell 0.02 EURUSD at 1.06954 sl: 1.07413 tp: 1.06515 -> sl: 1.07413 tp: 1.06485
0	03:18:11.968	'89010303': order #7619158 sell 0.02 EURUSD at 1.06954 was modified -> sl: 1.07413 tp: 1.06485
0	03:18:12.008	'89010303': modify order #7619171 sell 0.02 EURUSD at 1.07020 sl: 1.07446 tp: 1.06515 -> sl: 1.07446 tp: 1.06486
0	03:18:12.211	'89010303': order #7619171 sell 0.02 EURUSD at 1.07020 was modified -> sl: 1.07446 tp: 1.06486
0	03:18:12.251	'89010303': modify order #7619172 sell 0.02 EURUSD at 1.07020 sl: 1.07446 tp: 1.06515 -> sl: 1.07446 tp: 1.06486
0	03:18:12.373	'89010303': order #7619172 sell 0.02 EURUSD at 1.07020 was modified -> sl: 1.07446 tp: 1.06486
0	03:18:12.414	'89010303': modify order #7619214 sell 0.02 EURUSD at 1.07054 sl: 1.07481 tp: 1.06515 -> sl: 1.07481 tp: 1.06485
0	03:18:12.657	'89010303': order #7619214 sell 0.02 EURUSD at 1.07054 was modified -> sl: 1.07481 tp: 1.06485
0	03:18:12.702	'89010303': modify order #7619401 sell 0.02 EURUSD at 1.06969 sl: 1.07395 tp: 1.06515 -> sl: 1.07395 tp: 1.06486
0	03:18:12.864	'89010303': order #7619401 sell 0.02 EURUSD at 1.06969 was modified -> sl: 1.07395 tp: 1.06486
0	03:18:12.905	'89010303': modify order #7619407 sell 0.02 EURUSD at 1.06981 sl: 1.07407 tp: 1.06516 -> sl: 1.07407 tp: 1.06486
0	03:18:13.067	'89010303': order #7619407 sell 0.02 EURUSD at 1.06981 was modified -> sl: 1.07407 tp: 1.06486
0	04:17:21.062	'89010303': modify order #7602014 buy 0.02 EURUSD at 1.06357 sl: 1.05931 tp: 1.07509 -> sl: 1.05931 tp: 1.07528
0	04:17:21.443	'89010303': order #7602014 buy 0.02 EURUSD at 1.06357 was modified -> sl: 1.05931 tp: 1.07528
0	04:17:21.443	'89010303': modify order #7619151 buy 0.02 EURUSD at 1.07035 sl: 1.06617 tp: 1.07509 -> sl: 1.06617 tp: 1.07528
0	04:17:21.805	'89010303': order #7619151 buy 0.02 EURUSD at 1.07035 was modified -> sl: 1.06617 tp: 1.07528
0	04:17:22.584	'89010303': modify order #7619206 buy 0.02 EURUSD at 1.07096 sl: 1.06680 tp: 1.07509 -> sl: 1.06680 tp: 1.07528
0	04:17:22.812	'89010303': order #7619206 buy 0.02 EURUSD at 1.07096 was modified -> sl: 1.06680 tp: 1.07528
0	04:17:22.812	'89010303': modify order #7619207 buy 0.02 EURUSD at 1.07096 sl: 1.06668 tp: 1.07509 -> sl: 1.06668 tp: 1.07528
0	04:17:23.108	'89010303': order #7619207 buy 0.02 EURUSD at 1.07096 was modified -> sl: 1.06668 tp: 1.07528
0	04:43:14.771	'89010303': modify order #7602014 buy 0.02 EURUSD at 1.06357 sl: 1.05931 tp: 1.07528 -> sl: 1.05931 tp: 1.07535
0	04:43:15.790	'89010303': order #7602014 buy 0.02 EURUSD at 1.06357 was modified -> sl: 1.05931 tp: 1.07535
0	04:43:15.867	'89010303': modify order #7619151 buy 0.02 EURUSD at 1.07035 sl: 1.06617 tp: 1.07528 -> sl: 1.06617 tp: 1.07534
0	04:43:16.110	'89010303': order #7619151 buy 0.02 EURUSD at 1.07035 was modified -> sl: 1.06617 tp: 1.07534
0	04:43:17.741	'89010303': modify order #7619206 buy 0.02 EURUSD at 1.07096 sl: 1.06680 tp: 1.07528 -> sl: 1.06680 tp: 1.07534
0	04:43:17.985	'89010303': order #7619206 buy 0.02 EURUSD at 1.07096 was modified -> sl: 1.06680 tp: 1.07534
0	04:43:18.066	'89010303': modify order #7619207 buy 0.02 EURUSD at 1.07096 sl: 1.06668 tp: 1.07528 -> sl: 1.06668 tp: 1.07534
0	04:43:18.273	'89010303': order #7619207 buy 0.02 EURUSD at 1.07096 was modified -> sl: 1.06668 tp: 1.07534
0	07:29:05.434	'89010303': modify order #7619158 sell 0.02 EURUSD at 1.06954 sl: 1.07413 tp: 1.06485 -> sl: 1.07413 tp: 1.06382
0	07:29:05.698	'89010303': order #7619158 sell 0.02 EURUSD at 1.06954 was modified -> sl: 1.07413 tp: 1.06382
0	07:29:06.481	'89010303': modify order #7619171 sell 0.02 EURUSD at 1.07020 sl: 1.07446 tp: 1.06486 -> sl: 1.07446 tp: 1.06382
0	07:29:06.741	'89010303': order #7619171 sell 0.02 EURUSD at 1.07020 was modified -> sl: 1.07446 tp: 1.06382
0	07:29:06.741	'89010303': modify order #7619172 sell 0.02 EURUSD at 1.07020 sl: 1.07446 tp: 1.06486 -> sl: 1.07446 tp: 1.06382
0	07:29:07.037	'89010303': order #7619172 sell 0.02 EURUSD at 1.07020 was modified -> sl: 1.07446 tp: 1.06382
0	07:29:07.037	'89010303': modify order #7619214 sell 0.02 EURUSD at 1.07054 sl: 1.07481 tp: 1.06485 -> sl: 1.07481 tp: 1.06382
0	07:29:07.395	'89010303': order #7619214 sell 0.02 EURUSD at 1.07054 was modified -> sl: 1.07481 tp: 1.06382
0	07:29:07.492	'89010303': modify order #7619401 sell 0.02 EURUSD at 1.06969 sl: 1.07395 tp: 1.06486 -> sl: 1.07395 tp: 1.06383
0	07:29:07.719	'89010303': order #7619401 sell 0.02 EURUSD at 1.06969 was modified -> sl: 1.07395 tp: 1.06383
0	07:29:07.882	'89010303': modify order #7619407 sell 0.02 EURUSD at 1.06981 sl: 1.07407 tp: 1.06486 -> sl: 1.07407 tp: 1.06382
0	07:29:08.141	'89010303': order #7619407 sell 0.02 EURUSD at 1.06981 was modified -> sl: 1.07407 tp: 1.06382
0	07:30:46.798	'89010303': modify order #7619158 sell 0.02 EURUSD at 1.06954 sl: 1.07413 tp: 1.06382 -> sl: 1.07413 tp: 1.06372
0	07:30:47.155	'89010303': order #7619158 sell 0.02 EURUSD at 1.06954 was modified -> sl: 1.07413 tp: 1.06372
0	07:30:47.155	'89010303': modify order #7619171 sell 0.02 EURUSD at 1.07020 sl: 1.07446 tp: 1.06382 -> sl: 1.07446 tp: 1.06372
0	07:30:47.382	'89010303': order #7619171 sell 0.02 EURUSD at 1.07020 was modified -> sl: 1.07446 tp: 1.06372
0	07:30:48.097	'89010303': modify order #7619172 sell 0.02 EURUSD at 1.07020 sl: 1.07446 tp: 1.06382 -> sl: 1.07446 tp: 1.06373
0	07:30:48.482	'89010303': order #7619172 sell 0.02 EURUSD at 1.07020 was modified -> sl: 1.07446 tp: 1.06373
0	07:30:48.519	'89010303': modify order #7619214 sell 0.02 EURUSD at 1.07054 sl: 1.07481 tp: 1.06382 -> sl: 1.07481 tp: 1.06373
0	07:30:48.779	'89010303': order #7619214 sell 0.02 EURUSD at 1.07054 was modified -> sl: 1.07481 tp: 1.06373
0	07:30:48.779	'89010303': modify order #7619401 sell 0.02 EURUSD at 1.06969 sl: 1.07395 tp: 1.06383 -> sl: 1.07395 tp: 1.06373
0	07:30:48.941	'89010303': order #7619401 sell 0.02 EURUSD at 1.06969 was modified -> sl: 1.07395 tp: 1.06373
0	07:30:48.941	'89010303': modify order #7619407 sell 0.02 EURUSD at 1.06981 sl: 1.07407 tp: 1.06382 -> sl: 1.07407 tp: 1.06373
0	07:30:49.107	'89010303': order #7619407 sell 0.02 EURUSD at 1.06981 was modified -> sl: 1.07407 tp: 1.06373
0	08:00:06.324	'89010303': modify order #7619158 sell 0.02 EURUSD at 1.06954 sl: 1.07413 tp: 1.06372 -> sl: 1.07413 tp: 1.06331
0	08:00:06.608	'89010303': order #7619158 sell 0.02 EURUSD at 1.06954 was modified -> sl: 1.07413 tp: 1.06331
0	08:00:06.608	'89010303': modify order #7619171 sell 0.02 EURUSD at 1.07020 sl: 1.07446 tp: 1.06372 -> sl: 1.07446 tp: 1.06332
0	08:00:06.815	'89010303': order #7619171 sell 0.02 EURUSD at 1.07020 was modified -> sl: 1.07446 tp: 1.06332
0	08:00:06.815	'89010303': modify order #7619172 sell 0.02 EURUSD at 1.07020 sl: 1.07446 tp: 1.06373 -> sl: 1.07446 tp: 1.06332
0	08:00:07.019	'89010303': order #7619172 sell 0.02 EURUSD at 1.07020 was modified -> sl: 1.07446 tp: 1.06332
0	08:00:07.019	'89010303': modify order #7619214 sell 0.02 EURUSD at 1.07054 sl: 1.07481 tp: 1.06373 -> sl: 1.07481 tp: 1.06332
0	08:00:07.218	'89010303': order #7619214 sell 0.02 EURUSD at 1.07054 was modified -> sl: 1.07481 tp: 1.06332
0	08:00:07.218	'89010303': modify order #7619401 sell 0.02 EURUSD at 1.06969 sl: 1.07395 tp: 1.06373 -> sl: 1.07395 tp: 1.06332
0	08:00:07.465	'89010303': order #7619401 sell 0.02 EURUSD at 1.06969 was modified -> sl: 1.07395 tp: 1.06332
0	08:00:07.465	'89010303': modify order #7619407 sell 0.02 EURUSD at 1.06981 sl: 1.07407 tp: 1.06373 -> sl: 1.07407 tp: 1.06331
0	08:00:07.664	'89010303': order #7619407 sell 0.02 EURUSD at 1.06981 was modified -> sl: 1.07407 tp: 1.06331
0	08:13:57.584	'89010303': modify order #7619158 sell 0.02 EURUSD at 1.06954 sl: 1.07413 tp: 1.06331 -> sl: 1.07413 tp: 1.06330
0	08:14:00.942	'89010303': order #7619158 sell 0.02 EURUSD at 1.06954 was modified -> sl: 1.07413 tp: 1.06330
0	08:14:01.555	'89010303': modify order #7619171 sell 0.02 EURUSD at 1.07020 sl: 1.07446 tp: 1.06332 -> sl: 1.07446 tp: 1.06329
0	08:14:01.799	'89010303': order #7619171 sell 0.02 EURUSD at 1.07020 was modified -> sl: 1.07446 tp: 1.06329
0	08:14:01.880	'89010303': modify order #7619172 sell 0.02 EURUSD at 1.07020 sl: 1.07446 tp: 1.06332 -> sl: 1.07446 tp: 1.06329
0	08:14:02.290	'89010303': order #7619172 sell 0.02 EURUSD at 1.07020 was modified -> sl: 1.07446 tp: 1.06329
0	08:14:02.330	'89010303': modify order #7619214 sell 0.02 EURUSD at 1.07054 sl: 1.07481 tp: 1.06332 -> sl: 1.07481 tp: 1.06329
0	08:14:02.781	'89010303': order #7619214 sell 0.02 EURUSD at 1.07054 was modified -> sl: 1.07481 tp: 1.06329
0	08:14:02.817	'89010303': modify order #7619401 sell 0.02 EURUSD at 1.06969 sl: 1.07395 tp: 1.06332 -> sl: 1.07395 tp: 1.06329
0	08:14:03.028	'89010303': order #7619401 sell 0.02 EURUSD at 1.06969 was modified -> sl: 1.07395 tp: 1.06329
0	08:14:03.066	'89010303': modify order #7619407 sell 0.02 EURUSD at 1.06981 sl: 1.07407 tp: 1.06331 -> sl: 1.07407 tp: 1.06329
0	08:14:03.309	'89010303': order #7619407 sell 0.02 EURUSD at 1.06981 was modified -> sl: 1.07407 tp: 1.06329
0	08:28:07.235	'89010303': order #7619206 buy 0.02 EURUSD at 1.07096 closed due stop-loss at price 1.06679
0	08:28:53.296	'89010303': order #7619207 buy 0.02 EURUSD at 1.07096 closed due stop-loss at price 1.06668
0	08:35:41.592	'89010303': modify order #7619158 sell 0.02 EURUSD at 1.06954 sl: 1.07413 tp: 1.06330 -> sl: 1.07413 tp: 1.06314
0	08:35:41.875	'89010303': order #7619158 sell 0.02 EURUSD at 1.06954 was modified -> sl: 1.07413 tp: 1.06314
0	08:35:41.875	'89010303': modify order #7619171 sell 0.02 EURUSD at 1.07020 sl: 1.07446 tp: 1.06329 -> sl: 1.07446 tp: 1.06314
0	08:35:42.118	'89010303': order #7619171 sell 0.02 EURUSD at 1.07020 was modified -> sl: 1.07446 tp: 1.06314
0	08:35:42.118	'89010303': modify order #7619172 sell 0.02 EURUSD at 1.07020 sl: 1.07446 tp: 1.06329 -> sl: 1.07446 tp: 1.06315
0	08:35:42.280	'89010303': order #7619172 sell 0.02 EURUSD at 1.07020 was modified -> sl: 1.07446 tp: 1.06315
0	08:35:42.280	'89010303': modify order #7619214 sell 0.02 EURUSD at 1.07054 sl: 1.07481 tp: 1.06329 -> sl: 1.07481 tp: 1.06314
0	08:35:42.487	'89010303': order #7619214 sell 0.02 EURUSD at 1.07054 was modified -> sl: 1.07481 tp: 1.06314
0	08:35:42.487	'89010303': modify order #7619401 sell 0.02 EURUSD at 1.06969 sl: 1.07395 tp: 1.06329 -> sl: 1.07395 tp: 1.06314
0	08:35:42.690	'89010303': order #7619401 sell 0.02 EURUSD at 1.06969 was modified -> sl: 1.07395 tp: 1.06314
0	08:35:42.732	'89010303': modify order #7619407 sell 0.02 EURUSD at 1.06981 sl: 1.07407 tp: 1.06329 -> sl: 1.07407 tp: 1.06315
0	08:35:42.893	'89010303': order #7619407 sell 0.02 EURUSD at 1.06981 was modified -> sl: 1.07407 tp: 1.06315
0	08:36:01.076	'89010303': instant order sell 0.02 EURUSD at 1.06738 sl: 1.07165 tp: 1.06649
1	08:36:01.357	'89010303': order sell 0.02 EURUSD opening at 1.06738 sl: 1.07165 tp: 1.06649 failed [Off quotes]
0	08:38:26.404	'89010303': instant order buy 0.02 EURUSD at 1.06734 sl: 1.06308 tp: 1.07134
0	08:38:27.046	'89010303': order was opened : #7620879 buy 0.02 EURUSD at 1.06734 sl: 1.06308 tp: 1.07134
0	08:39:21.007	'89010303': modify order #7619158 sell 0.02 EURUSD at 1.06954 sl: 1.07413 tp: 1.06314 -> sl: 1.07413 tp: 1.06293
0	08:39:21.453	'89010303': order #7619158 sell 0.02 EURUSD at 1.06954 was modified -> sl: 1.07413 tp: 1.06293
0	08:39:21.453	'89010303': modify order #7619171 sell 0.02 EURUSD at 1.07020 sl: 1.07446 tp: 1.06314 -> sl: 1.07446 tp: 1.06295
0	08:39:21.733	'89010303': order #7619171 sell 0.02 EURUSD at 1.07020 was modified -> sl: 1.07446 tp: 1.06295
0	08:39:21.733	'89010303': modify order #7619172 sell 0.02 EURUSD at 1.07020 sl: 1.07446 tp: 1.06315 -> sl: 1.07446 tp: 1.06294
0	08:39:21.982	'89010303': order #7619172 sell 0.02 EURUSD at 1.07020 was modified -> sl: 1.07446 tp: 1.06294
0	08:39:22.021	'89010303': modify order #7619214 sell 0.02 EURUSD at 1.07054 sl: 1.07481 tp: 1.06314 -> sl: 1.07481 tp: 1.06294
0	08:39:22.265	'89010303': order #7619214 sell 0.02 EURUSD at 1.07054 was modified -> sl: 1.07481 tp: 1.06294
0	08:39:22.265	'89010303': modify order #7619401 sell 0.02 EURUSD at 1.06969 sl: 1.07395 tp: 1.06314 -> sl: 1.07395 tp: 1.06293
0	08:39:22.752	'89010303': order #7619401 sell 0.02 EURUSD at 1.06969 was modified -> sl: 1.07395 tp: 1.06293
0	08:39:22.873	'89010303': modify order #7619407 sell 0.02 EURUSD at 1.06981 sl: 1.07407 tp: 1.06315 -> sl: 1.07407 tp: 1.06293
0	08:39:23.201	'89010303': order #7619407 sell 0.02 EURUSD at 1.06981 was modified -> sl: 1.07407 tp: 1.06293
0	08:45:04.551	'89010303': modify order #7620879 buy 0.02 EURUSD at 1.06734 sl: 1.06308 tp: 1.07134 -> sl: 1.06308 tp: 1.07174
0	08:45:04.872	'89010303': order #7620879 buy 0.02 EURUSD at 1.06734 was modified -> sl: 1.06308 tp: 1.07174
0	08:50:46.442	'89010303': modify order #7620879 buy 0.02 EURUSD at 1.06734 sl: 1.06308 tp: 1.07174 -> sl: 1.06308 tp: 1.07176
0	08:50:46.767	'89010303': order #7620879 buy 0.02 EURUSD at 1.06734 was modified -> sl: 1.06308 tp: 1.07176
0	09:00:13.951	'89010303': modify order #7620879 buy 0.02 EURUSD at 1.06734 sl: 1.06308 tp: 1.07176 -> sl: 1.06308 tp: 1.07298
0	09:00:14.276	'89010303': order #7620879 buy 0.02 EURUSD at 1.06734 was modified -> sl: 1.06308 tp: 1.07298
0	09:01:11.532	'89010303': instant order sell 0.02 EURUSD at 1.06841 sl: 1.07268 tp: 1.06620
0	09:01:12.347	'89010303': order was opened : #7621165 sell 0.02 EURUSD at 1.06846 sl: 1.07268 tp: 1.06620
0	09:34:52.440	'89010303': modify order #7620879 buy 0.02 EURUSD at 1.06734 sl: 1.06308 tp: 1.07298 -> sl: 1.06308 tp: 1.07358
0	09:34:52.734	'89010303': order #7620879 buy 0.02 EURUSD at 1.06734 was modified -> sl: 1.06308 tp: 1.07358
0	09:41:57.961	'89010303': modify order #7620879 buy 0.02 EURUSD at 1.06734 sl: 1.06308 tp: 1.07358 -> sl: 1.06308 tp: 1.07373
0	09:41:58.328	'89010303': order #7620879 buy 0.02 EURUSD at 1.06734 was modified -> sl: 1.06308 tp: 1.07373
0	10:48:20.217	'89010303': modify order #7620879 buy 0.02 EURUSD at 1.06734 sl: 1.06308 tp: 1.07373 -> sl: 1.06308 tp: 1.07387
0	10:48:20.788	'89010303': order #7620879 buy 0.02 EURUSD at 1.06734 was modified -> sl: 1.06308 tp: 1.07387
0	10:53:41.323	'89010303': modify order #7620879 buy 0.02 EURUSD at 1.06734 sl: 1.06308 tp: 1.07387 -> sl: 1.06308 tp: 1.07390
0	10:53:41.749	'89010303': order #7620879 buy 0.02 EURUSD at 1.06734 was modified -> sl: 1.06308 tp: 1.07390
0	11:00:36.322	'89010303': modify order #7620879 buy 0.02 EURUSD at 1.06734 sl: 1.06308 tp: 1.07390 -> sl: 1.06308 tp: 1.07451
0	11:00:36.894	'89010303': order #7620879 buy 0.02 EURUSD at 1.06734 was modified -> sl: 1.06308 tp: 1.07451
0	11:09:21.526	'89010303': modify order #7620879 buy 0.02 EURUSD at 1.06734 sl: 1.06308 tp: 1.07451 -> sl: 1.06308 tp: 1.07455
0	11:09:22.013	'89010303': order #7620879 buy 0.02 EURUSD at 1.06734 was modified -> sl: 1.06308 tp: 1.07455
0	11:27:54.524	'89010303': modify order #7620879 buy 0.02 EURUSD at 1.06734 sl: 1.06308 tp: 1.07455 -> sl: 1.06308 tp: 1.07486
0	11:27:55.505	'89010303': order #7620879 buy 0.02 EURUSD at 1.06734 was modified -> sl: 1.06308 tp: 1.07486
0	11:32:36.995	'89010303': modify order #7620879 buy 0.02 EURUSD at 1.06734 sl: 1.06308 tp: 1.07486 -> sl: 1.06308 tp: 1.07493
0	11:32:37.932	'89010303': order #7620879 buy 0.02 EURUSD at 1.06734 was modified -> sl: 1.06308 tp: 1.07493
0	11:52:19.140	'89010303': modify order #7602014 buy 0.02 EURUSD at 1.06357 sl: 1.05931 tp: 1.07535 -> sl: 1.05931 tp: 1.07545
0	11:52:19.622	'89010303': order #7602014 buy 0.02 EURUSD at 1.06357 was modified -> sl: 1.05931 tp: 1.07545
0	11:52:19.622	'89010303': modify order #7619151 buy 0.02 EURUSD at 1.07035 sl: 1.06617 tp: 1.07534 -> sl: 1.06617 tp: 1.07542
0	11:52:19.906	'89010303': order #7619151 buy 0.02 EURUSD at 1.07035 was modified -> sl: 1.06617 tp: 1.07542
0	11:52:19.906	'89010303': modify order #7620879 buy 0.02 EURUSD at 1.06734 sl: 1.06308 tp: 1.07493 -> sl: 1.06308 tp: 1.07543
0	11:52:20.027	'89010303': order #7620879 buy 0.02 EURUSD at 1.06734 was modified -> sl: 1.06308 tp: 1.07543
0	12:02:37.823	'89010303': modify order #7602014 buy 0.02 EURUSD at 1.06357 sl: 1.05931 tp: 1.07545 -> sl: 1.05931 tp: 1.07566
0	12:02:38.025	'89010303': order #7602014 buy 0.02 EURUSD at 1.06357 was modified -> sl: 1.05931 tp: 1.07566
0	12:02:38.025	'89010303': modify order #7619151 buy 0.02 EURUSD at 1.07035 sl: 1.06617 tp: 1.07542 -> sl: 1.06617 tp: 1.07566
0	12:02:38.228	'89010303': order #7619151 buy 0.02 EURUSD at 1.07035 was modified -> sl: 1.06617 tp: 1.07566
0	12:02:38.228	'89010303': modify order #7620879 buy 0.02 EURUSD at 1.06734 sl: 1.06308 tp: 1.07543 -> sl: 1.06308 tp: 1.07566
0	12:02:38.431	'89010303': order #7620879 buy 0.02 EURUSD at 1.06734 was modified -> sl: 1.06308 tp: 1.07566
0	12:07:01.835	'89010303': modify order #7619169 buy 0.02 EURUSD at 1.07038 sl: 1.06611 tp: 1.07165 -> sl: 1.06611 tp: 1.07211
0	12:07:02.164	'89010303': order #7619169 buy 0.02 EURUSD at 1.07038 was modified -> sl: 1.06611 tp: 1.07211
0	12:16:03.176	'89010303': modify order #7619169 buy 0.02 EURUSD at 1.07038 sl: 1.06611 tp: 1.07211 -> sl: 1.06611 tp: 1.07220
0	12:16:03.419	'89010303': order #7619169 buy 0.02 EURUSD at 1.07038 was modified -> sl: 1.06611 tp: 1.07220
0	14:25:40.857	'89010303': modify order #7602014 buy 0.02 EURUSD at 1.06357 sl: 1.05931 tp: 1.07566 -> sl: 1.05931 tp: 1.07583
0	14:25:41.993	'89010303': order #7602014 buy 0.02 EURUSD at 1.06357 was modified -> sl: 1.05931 tp: 1.07583
0	14:25:42.597	'89010303': modify order #7619151 buy 0.02 EURUSD at 1.07035 sl: 1.06617 tp: 1.07566 -> sl: 1.06617 tp: 1.07582
0	14:25:42.840	'89010303': order #7619151 buy 0.02 EURUSD at 1.07035 was modified -> sl: 1.06617 tp: 1.07582
0	14:25:42.840	'89010303': modify order #7619169 buy 0.02 EURUSD at 1.07038 sl: 1.06611 tp: 1.07220 -> sl: 1.06611 tp: 1.07225
0	14:25:43.042	'89010303': order #7619169 buy 0.02 EURUSD at 1.07038 was modified -> sl: 1.06611 tp: 1.07225
0	14:25:43.042	'89010303': modify order #7620879 buy 0.02 EURUSD at 1.06734 sl: 1.06308 tp: 1.07566 -> sl: 1.06308 tp: 1.07583
0	14:25:43.241	'89010303': order #7620879 buy 0.02 EURUSD at 1.06734 was modified -> sl: 1.06308 tp: 1.07583
0	14:25:55.043	'89010303': order #7619169 buy 0.02 EURUSD at 1.07038 closed due take-profit at price 1.07225
0	14:27:25.098	'89010303': order #7621165 sell 0.02 EURUSD at 1.06846 closed due stop-loss at price 1.07271
0	14:28:38.383	'89010303': order #7590737 sell 0.02 EURUSD at 1.06887 closed due stop-loss at price 1.07311
0	14:28:47.121	'89010303': order #7590738 sell 0.02 EURUSD at 1.06895 closed due stop-loss at price 1.07321
0	14:28:48.900	'89010303': order #7590741 sell 0.02 EURUSD at 1.06902 closed due stop-loss at price 1.07326
0	14:28:48.900	'89010303': order #7590742 sell 0.02 EURUSD at 1.06902 closed due stop-loss at price 1.07325
0	14:30:32.180	'89010303': modify order #7602014 buy 0.02 EURUSD at 1.06357 sl: 1.05931 tp: 1.07583 -> sl: 1.05931 tp: 1.07650
0	14:30:32.621	'89010303': order #7602014 buy 0.02 EURUSD at 1.06357 was modified -> sl: 1.05931 tp: 1.07650
0	14:30:32.621	'89010303': modify order #7619151 buy 0.02 EURUSD at 1.07035 sl: 1.06617 tp: 1.07582 -> sl: 1.06617 tp: 1.07651
0	14:30:32.864	'89010303': order #7619151 buy 0.02 EURUSD at 1.07035 was modified -> sl: 1.06617 tp: 1.07651
0	14:30:32.904	'89010303': modify order #7620879 buy 0.02 EURUSD at 1.06734 sl: 1.06308 tp: 1.07583 -> sl: 1.06308 tp: 1.07650
0	14:30:33.067	'89010303': order #7620879 buy 0.02 EURUSD at 1.06734 was modified -> sl: 1.06308 tp: 1.07650
0	14:31:25.686	'89010303': instant order buy 0.02 EURUSD at 1.07224 sl: 1.06798 tp: 1.07356
0	14:31:25.890	'89010303': order was opened : #7623451 buy 0.02 EURUSD at 1.07223 sl: 1.06798 tp: 1.07356
0	14:32:06.115	'89010303': instant order buy 0.02 EURUSD at 1.07233 sl: 1.06807 tp: 1.07633
0	14:32:06.310	'89010303': order was opened : #7623474 buy 0.02 EURUSD at 1.07231 sl: 1.06807 tp: 1.07633
0	14:35:46.415	'89010303': instant order buy 0.02 EURUSD at 1.07194 sl: 1.06767 tp: 1.07736
0	14:35:46.610	'89010303': order was opened : #7623492 buy 0.02 EURUSD at 1.07193 sl: 1.06767 tp: 1.07736
0	14:35:46.708	'89010303': instant order buy 0.02 EURUSD at 1.07193 sl: 1.06767 tp: 1.07593
0	14:35:47.162	'89010303': order was opened : #7623493 buy 0.02 EURUSD at 1.07185 sl: 1.06767 tp: 1.07593
0	14:40:36.280	'89010303': modify order #7623451 buy 0.02 EURUSD at 1.07223 sl: 1.06798 tp: 1.07356 -> sl: 1.06798 tp: 1.07357
0	14:40:36.564	'89010303': order #7623451 buy 0.02 EURUSD at 1.07223 was modified -> sl: 1.06798 tp: 1.07357
0	14:40:36.564	'89010303': modify order #7623492 buy 0.02 EURUSD at 1.07193 sl: 1.06767 tp: 1.07736 -> sl: 1.06767 tp: 1.07753
0	14:40:36.766	'89010303': order #7623492 buy 0.02 EURUSD at 1.07193 was modified -> sl: 1.06767 tp: 1.07753
0	14:40:36.766	'89010303': modify order #7623493 buy 0.02 EURUSD at 1.07185 sl: 1.06767 tp: 1.07593 -> sl: 1.06767 tp: 1.07634
0	14:40:36.973	'89010303': order #7623493 buy 0.02 EURUSD at 1.07185 was modified -> sl: 1.06767 tp: 1.07634
0	15:04:15.445	'89010303': instant order buy 0.02 EURUSD at 1.07187 sl: 1.06762 tp: 1.07304
0	15:04:15.608	'89010303': order was opened : #7623793 buy 0.02 EURUSD at 1.07191 sl: 1.06762 tp: 1.07304
0	15:18:56.666	'89010303': modify order #7623793 buy 0.02 EURUSD at 1.07191 sl: 1.06762 tp: 1.07304 -> sl: 1.06762 tp: 1.07328
0	15:18:56.909	'89010303': order #7623793 buy 0.02 EURUSD at 1.07191 was modified -> sl: 1.06762 tp: 1.07328
0	15:26:50.792	'89010303': modify order #7623492 buy 0.02 EURUSD at 1.07193 sl: 1.06767 tp: 1.07753 -> sl: 1.06767 tp: 1.07760
0	15:26:51.084	'89010303': order #7623492 buy 0.02 EURUSD at 1.07193 was modified -> sl: 1.06767 tp: 1.07760
0	15:26:51.084	'89010303': modify order #7623793 buy 0.02 EURUSD at 1.07191 sl: 1.06762 tp: 1.07328 -> sl: 1.06762 tp: 1.07361
0	15:26:51.376	'89010303': order #7623793 buy 0.02 EURUSD at 1.07191 was modified -> sl: 1.06762 tp: 1.07361
0	15:33:22.560	'89010303': modify order #7623793 buy 0.02 EURUSD at 1.07191 sl: 1.06762 tp: 1.07361 -> sl: 1.06762 tp: 1.07376
0	15:33:22.811	'89010303': order #7623793 buy 0.02 EURUSD at 1.07191 was modified -> sl: 1.06762 tp: 1.07376
0	15:37:46.153	'89010303': modify order #7623793 buy 0.02 EURUSD at 1.07191 sl: 1.06762 tp: 1.07376 -> sl: 1.06762 tp: 1.07381
0	15:37:46.640	'89010303': order #7623793 buy 0.02 EURUSD at 1.07191 was modified -> sl: 1.06762 tp: 1.07381
0	15:58:15.980	'89010303': order #7623451 buy 0.02 EURUSD at 1.07223 closed due take-profit at price 1.07357
0	15:58:18.390	'89010303': order #7619401 sell 0.02 EURUSD at 1.06969 closed due stop-loss at price 1.07393
0	15:58:54.786	'89010303': modify order #7602014 buy 0.02 EURUSD at 1.06357 sl: 1.05931 tp: 1.07650 -> sl: 1.05931 tp: 1.07765
0	15:58:55.013	'89010303': order #7602014 buy 0.02 EURUSD at 1.06357 was modified -> sl: 1.05931 tp: 1.07765
0	15:58:55.013	'89010303': modify order #7619151 buy 0.02 EURUSD at 1.07035 sl: 1.06617 tp: 1.07651 -> sl: 1.06617 tp: 1.07765
0	15:58:55.239	'89010303': order #7619151 buy 0.02 EURUSD at 1.07035 was modified -> sl: 1.06617 tp: 1.07765
0	15:59:00.793	'89010303': modify order #7620879 buy 0.02 EURUSD at 1.06734 sl: 1.06308 tp: 1.07650 -> sl: 1.06308 tp: 1.07767
0	15:59:00.923	'89010303': order #7620879 buy 0.02 EURUSD at 1.06734 was modified -> sl: 1.06308 tp: 1.07767
0	15:59:00.923	'89010303': modify order #7623474 buy 0.02 EURUSD at 1.07231 sl: 1.06807 tp: 1.07633 -> sl: 1.06807 tp: 1.07765
0	15:59:01.117	'89010303': order #7623474 buy 0.02 EURUSD at 1.07231 was modified -> sl: 1.06807 tp: 1.07765
0	15:59:01.117	'89010303': modify order #7623492 buy 0.02 EURUSD at 1.07193 sl: 1.06767 tp: 1.07760 -> sl: 1.06767 tp: 1.08029
0	15:59:01.506	'89010303': order #7623492 buy 0.02 EURUSD at 1.07193 was modified -> sl: 1.06767 tp: 1.08029
0	15:59:01.506	'89010303': modify order #7623493 buy 0.02 EURUSD at 1.07185 sl: 1.06767 tp: 1.07634 -> sl: 1.06767 tp: 1.07766
0	15:59:01.766	'89010303': order #7623493 buy 0.02 EURUSD at 1.07185 was modified -> sl: 1.06767 tp: 1.07766
0	15:59:56.582	'89010303': instant order buy 0.02 EURUSD at 1.07351 sl: 1.06925 tp: 1.07751
0	15:59:56.907	'89010303': order was opened : #7624273 buy 0.02 EURUSD at 1.07360 sl: 1.06925 tp: 1.07751
0	16:00:21.668	'89010303': order #7623793 buy 0.02 EURUSD at 1.07191 closed due take-profit at price 1.07382
0	16:00:21.996	'89010303': order #7619407 sell 0.02 EURUSD at 1.06981 closed due stop-loss at price 1.07409
0	16:01:41.552	'89010303': order #7619158 sell 0.02 EURUSD at 1.06954 closed due stop-loss at price 1.07417
0	16:01:49.530	'89010303': instant order buy 0.02 EURUSD at 1.07407 sl: 1.06982 tp: 1.07807
0	16:01:49.890	'89010303': order was opened : #7624336 buy 0.02 EURUSD at 1.07415 sl: 1.06982 tp: 1.07807
0	16:02:07.735	'89010303': order #7619172 sell 0.02 EURUSD at 1.07020 closed due stop-loss at price 1.07447
0	16:02:08.019	'89010303': order #7619171 sell 0.02 EURUSD at 1.07020 closed due stop-loss at price 1.07451
0	16:04:56.119	'89010303': modify order #7602014 buy 0.02 EURUSD at 1.06357 sl: 1.05931 tp: 1.07765 -> sl: 1.05931 tp: 1.07845
0	16:04:56.488	'89010303': order #7602014 buy 0.02 EURUSD at 1.06357 was modified -> sl: 1.05931 tp: 1.07845
0	16:04:56.488	'89010303': modify order #7619151 buy 0.02 EURUSD at 1.07035 sl: 1.06617 tp: 1.07765 -> sl: 1.06617 tp: 1.07845
0	16:04:56.732	'89010303': order #7619151 buy 0.02 EURUSD at 1.07035 was modified -> sl: 1.06617 tp: 1.07845
0	16:04:56.732	'89010303': modify order #7620879 buy 0.02 EURUSD at 1.06734 sl: 1.06308 tp: 1.07767 -> sl: 1.06308 tp: 1.07845
0	16:04:57.020	'89010303': order #7620879 buy 0.02 EURUSD at 1.06734 was modified -> sl: 1.06308 tp: 1.07845
0	16:05:02.123	'89010303': modify order #7623474 buy 0.02 EURUSD at 1.07231 sl: 1.06807 tp: 1.07765 -> sl: 1.06807 tp: 1.07844
0	16:05:02.362	'89010303': order #7623474 buy 0.02 EURUSD at 1.07231 was modified -> sl: 1.06807 tp: 1.07844
0	16:05:02.362	'89010303': modify order #7623492 buy 0.02 EURUSD at 1.07193 sl: 1.06767 tp: 1.08029 -> sl: 1.06767 tp: 1.08186
0	16:05:02.767	'89010303': order #7623492 buy 0.02 EURUSD at 1.07193 was modified -> sl: 1.06767 tp: 1.08186
0	16:05:02.767	'89010303': modify order #7623493 buy 0.02 EURUSD at 1.07185 sl: 1.06767 tp: 1.07766 -> sl: 1.06767 tp: 1.07844
0	16:05:02.934	'89010303': order #7623493 buy 0.02 EURUSD at 1.07185 was modified -> sl: 1.06767 tp: 1.07844
0	16:05:02.934	'89010303': modify order #7624273 buy 0.02 EURUSD at 1.07360 sl: 1.06925 tp: 1.07751 -> sl: 1.06925 tp: 1.07844
0	16:05:03.088	'89010303': order #7624273 buy 0.02 EURUSD at 1.07360 was modified -> sl: 1.06925 tp: 1.07844
0	16:05:03.088	'89010303': modify order #7624336 buy 0.02 EURUSD at 1.07415 sl: 1.06982 tp: 1.07807 -> sl: 1.06982 tp: 1.07844
0	16:05:03.371	'89010303': order #7624336 buy 0.02 EURUSD at 1.07415 was modified -> sl: 1.06982 tp: 1.07844
0	16:09:53.273	'89010303': order #7589535 sell 0.02 EURUSD at 1.07031 closed due stop-loss at price 1.07462
0	16:10:01.716	'89010303': order #7619214 sell 0.02 EURUSD at 1.07054 closed due stop-loss at price 1.07482
0	16:12:31.363	'89010303': instant order sell 0.02 EURUSD at 1.07448 sl: 1.07874 tp: 1.07048
0	16:12:31.732	'89010303': order was opened : #7624464 sell 0.02 EURUSD at 1.07448 sl: 1.07874 tp: 1.07048
0	16:12:31.773	'89010303': instant order sell 0.02 EURUSD at 1.07448 sl: 1.07874 tp: 1.07048
0	16:12:32.016	'89010303': order was opened : #7624465 sell 0.02 EURUSD at 1.07448 sl: 1.07874 tp: 1.07048
0	16:13:02.586	'89010303': instant order buy 0.02 EURUSD at 1.07473 sl: 1.07049 tp: 1.07873
0	16:13:03.012	'89010303': order was opened : #7624469 buy 0.02 EURUSD at 1.07473 sl: 1.07049 tp: 1.07873
0	16:13:33.577	'89010303': modify order #7602014 buy 0.02 EURUSD at 1.06357 sl: 1.05931 tp: 1.07845 -> sl: 1.05931 tp: 1.07893
0	16:13:33.739	'89010303': order #7602014 buy 0.02 EURUSD at 1.06357 was modified -> sl: 1.05931 tp: 1.07893
0	16:13:33.739	'89010303': modify order #7619151 buy 0.02 EURUSD at 1.07035 sl: 1.06617 tp: 1.07845 -> sl: 1.06617 tp: 1.07893
0	16:13:33.987	'89010303': order #7619151 buy 0.02 EURUSD at 1.07035 was modified -> sl: 1.06617 tp: 1.07893
0	16:13:33.987	'89010303': modify order #7620879 buy 0.02 EURUSD at 1.06734 sl: 1.06308 tp: 1.07845 -> sl: 1.06308 tp: 1.07892
0	16:13:34.108	'89010303': order #7620879 buy 0.02 EURUSD at 1.06734 was modified -> sl: 1.06308 tp: 1.07892
0	16:13:34.108	'89010303': modify order #7623474 buy 0.02 EURUSD at 1.07231 sl: 1.06807 tp: 1.07844 -> sl: 1.06807 tp: 1.07893
0	16:13:34.311	'89010303': order #7623474 buy 0.02 EURUSD at 1.07231 was modified -> sl: 1.06807 tp: 1.07893
0	16:13:34.352	'89010303': modify order #7623492 buy 0.02 EURUSD at 1.07193 sl: 1.06767 tp: 1.08186 -> sl: 1.06767 tp: 1.08301
0	16:13:34.590	'89010303': order #7623492 buy 0.02 EURUSD at 1.07193 was modified -> sl: 1.06767 tp: 1.08301
0	16:13:34.624	'89010303': modify order #7623493 buy 0.02 EURUSD at 1.07185 sl: 1.06767 tp: 1.07844 -> sl: 1.06767 tp: 1.07892
0	16:13:34.790	'89010303': order #7623493 buy 0.02 EURUSD at 1.07185 was modified -> sl: 1.06767 tp: 1.07892
0	16:13:34.793	'89010303': modify order #7624273 buy 0.02 EURUSD at 1.07360 sl: 1.06925 tp: 1.07844 -> sl: 1.06925 tp: 1.07892
0	16:13:35.029	'89010303': order #7624273 buy 0.02 EURUSD at 1.07360 was modified -> sl: 1.06925 tp: 1.07892
0	16:13:35.070	'89010303': modify order #7624336 buy 0.02 EURUSD at 1.07415 sl: 1.06982 tp: 1.07844 -> sl: 1.06982 tp: 1.07892
0	16:13:35.480	'89010303': order #7624336 buy 0.02 EURUSD at 1.07415 was modified -> sl: 1.06982 tp: 1.07892
0	16:13:35.520	'89010303': modify order #7624469 buy 0.02 EURUSD at 1.07473 sl: 1.07049 tp: 1.07873 -> sl: 1.07049 tp: 1.07892
0	16:13:35.800	'89010303': order #7624469 buy 0.02 EURUSD at 1.07473 was modified -> sl: 1.07049 tp: 1.07892
0	16:13:35.841	'89010303': instant order buy 0.02 EURUSD at 1.07495 sl: 1.07071 tp: 0.00000
0	16:13:36.044	'89010303': order was opened : #7624475 buy 0.02 EURUSD at 1.07495 sl: 1.07071 tp: 0.00000
0	16:13:36.044	'89010303': instant order buy 0.02 EURUSD at 1.07495 sl: 1.07071 tp: 0.00000
0	16:13:36.247	'89010303': order was opened : #7624476 buy 0.02 EURUSD at 1.07495 sl: 1.07071 tp: 0.00000
0	16:16:16.681	'89010303': instant order buy 0.02 EURUSD at 1.07447 sl: 1.07021 tp: 1.07847
0	16:16:17.451	'89010303': order was opened : #7624519 buy 0.02 EURUSD at 1.07452 sl: 1.07021 tp: 1.07847
0	16:20:11.430	'89010303': modify order #7624464 sell 0.02 EURUSD at 1.07448 sl: 1.07874 tp: 1.07048 -> sl: 1.07874 tp: 1.06996
0	16:20:11.852	'89010303': order #7624464 sell 0.02 EURUSD at 1.07448 was modified -> sl: 1.07874 tp: 1.06996
0	16:20:11.880	'89010303': modify order #7624465 sell 0.02 EURUSD at 1.07448 sl: 1.07874 tp: 1.07048 -> sl: 1.07874 tp: 1.06996
0	16:20:12.075	'89010303': order #7624465 sell 0.02 EURUSD at 1.07448 was modified -> sl: 1.07874 tp: 1.06996
0	16:20:12.075	'89010303': modify order #7624475 buy 0.02 EURUSD at 1.07495 sl: 1.07071 tp: 0.00000 -> sl: 1.07071 tp: 1.07468
0	16:20:12.367	'89010303': order #7624475 buy 0.02 EURUSD at 1.07495 was modified -> sl: 1.07071 tp: 1.07468
0	16:20:12.399	'89010303': modify order #7624476 buy 0.02 EURUSD at 1.07495 sl: 1.07071 tp: 0.00000 -> sl: 1.07071 tp: 1.07582
0	16:20:12.724	'89010303': order #7624476 buy 0.02 EURUSD at 1.07495 was modified -> sl: 1.07071 tp: 1.07582
0	16:20:12.724	'89010303': instant order buy 0.02 EURUSD at 1.07421 sl: 1.06996 tp: 1.07821
0	16:20:12.918	'89010303': order was opened : #7624546 buy 0.02 EURUSD at 1.07421 sl: 1.06996 tp: 1.07821
0	16:22:21.762	'89010303': order #7624475 buy 0.02 EURUSD at 1.07495 closed due take-profit at price 1.07472
0	16:24:08.936	'89010303': instant order buy 0.02 EURUSD at 1.07548 sl: 1.07122 tp: 1.07948
0	16:24:09.301	'89010303': order was opened : #7624613 buy 0.02 EURUSD at 1.07547 sl: 1.07122 tp: 1.07948
0	16:27:53.415	'89010303': instant order buy 0.02 EURUSD at 1.07535 sl: 1.07109 tp: 1.07935
0	16:27:53.699	'89010303': order was opened : #7624660 buy 0.02 EURUSD at 1.07535 sl: 1.07109 tp: 1.07935
0	16:27:53.739	'89010303': instant order buy 0.02 EURUSD at 1.07535 sl: 1.07108 tp: 1.07935
0	16:27:53.901	'89010303': order was opened : #7624661 buy 0.02 EURUSD at 1.07533 sl: 1.07108 tp: 1.07935
0	16:30:01.043	'89010303': modify order #7602014 buy 0.02 EURUSD at 1.06357 sl: 1.05931 tp: 1.07893 -> sl: 1.05931 tp: 1.07917
0	16:30:01.696	'89010303': order #7602014 buy 0.02 EURUSD at 1.06357 was modified -> sl: 1.05931 tp: 1.07917
0	16:30:01.696	'89010303': modify order #7619151 buy 0.02 EURUSD at 1.07035 sl: 1.06617 tp: 1.07893 -> sl: 1.06617 tp: 1.07916
0	16:30:01.856	'89010303': order #7619151 buy 0.02 EURUSD at 1.07035 was modified -> sl: 1.06617 tp: 1.07916
0	16:30:01.856	'89010303': modify order #7620879 buy 0.02 EURUSD at 1.06734 sl: 1.06308 tp: 1.07892 -> sl: 1.06308 tp: 1.07917
0	16:30:02.016	'89010303': order #7620879 buy 0.02 EURUSD at 1.06734 was modified -> sl: 1.06308 tp: 1.07917
0	16:30:02.016	'89010303': modify order #7623474 buy 0.02 EURUSD at 1.07231 sl: 1.06807 tp: 1.07893 -> sl: 1.06807 tp: 1.07915
0	16:30:02.260	'89010303': order #7623474 buy 0.02 EURUSD at 1.07231 was modified -> sl: 1.06807 tp: 1.07915
0	16:30:02.260	'89010303': modify order #7623492 buy 0.02 EURUSD at 1.07193 sl: 1.06767 tp: 1.08301 -> sl: 1.06767 tp: 1.08318
0	16:30:02.499	'89010303': order #7623492 buy 0.02 EURUSD at 1.07193 was modified -> sl: 1.06767 tp: 1.08318
0	16:30:02.499	'89010303': modify order #7623493 buy 0.02 EURUSD at 1.07185 sl: 1.06767 tp: 1.07892 -> sl: 1.06767 tp: 1.07917
0	16:30:02.702	'89010303': order #7623493 buy 0.02 EURUSD at 1.07185 was modified -> sl: 1.06767 tp: 1.07917
0	16:30:02.702	'89010303': modify order #7624273 buy 0.02 EURUSD at 1.07360 sl: 1.06925 tp: 1.07892 -> sl: 1.06925 tp: 1.07917
0	16:30:02.905	'89010303': order #7624273 buy 0.02 EURUSD at 1.07360 was modified -> sl: 1.06925 tp: 1.07917
0	16:30:02.905	'89010303': modify order #7624336 buy 0.02 EURUSD at 1.07415 sl: 1.06982 tp: 1.07892 -> sl: 1.06982 tp: 1.07917
0	16:30:03.148	'89010303': order #7624336 buy 0.02 EURUSD at 1.07415 was modified -> sl: 1.06982 tp: 1.07917
0	16:30:03.233	'89010303': modify order #7624469 buy 0.02 EURUSD at 1.07473 sl: 1.07049 tp: 1.07892 -> sl: 1.07049 tp: 1.07917
0	16:30:03.356	'89010303': order #7624469 buy 0.02 EURUSD at 1.07473 was modified -> sl: 1.07049 tp: 1.07917
0	16:30:03.396	'89010303': modify order #7624519 buy 0.02 EURUSD at 1.07452 sl: 1.07021 tp: 1.07847 -> sl: 1.07021 tp: 1.07917
0	16:30:03.643	'89010303': order #7624519 buy 0.02 EURUSD at 1.07452 was modified -> sl: 1.07021 tp: 1.07917
0	16:30:03.643	'89010303': modify order #7624546 buy 0.02 EURUSD at 1.07421 sl: 1.06996 tp: 1.07821 -> sl: 1.06996 tp: 1.07918
0	16:30:03.842	'89010303': order #7624546 buy 0.02 EURUSD at 1.07421 was modified -> sl: 1.06996 tp: 1.07918
0	16:43:30.470	'89010303': order #7624476 buy 0.02 EURUSD at 1.07495 closed due take-profit at price 1.07582
0	16:43:30.588	'89010303': order #7579575 sell 0.03 EURUSD at 1.07181 closed due stop-loss at price 1.07606
0	16:45:04.758	'89010303': instant order buy 0.02 EURUSD at 1.07614 sl: 1.07188 tp: 1.08014
0	16:45:07.294	'89010303': order was opened : #7624789 buy 0.02 EURUSD at 1.07607 sl: 1.07188 tp: 1.08014
0	16:45:59.032	'89010303': modify order #7602014 buy 0.02 EURUSD at 1.06357 sl: 1.05931 tp: 1.07917 -> sl: 1.05931 tp: 1.08000
0	16:45:59.227	'89010303': order #7602014 buy 0.02 EURUSD at 1.06357 was modified -> sl: 1.05931 tp: 1.08000
0	16:45:59.227	'89010303': modify order #7619151 buy 0.02 EURUSD at 1.07035 sl: 1.06617 tp: 1.07916 -> sl: 1.06617 tp: 1.08000
0	16:45:59.389	'89010303': order #7619151 buy 0.02 EURUSD at 1.07035 was modified -> sl: 1.06617 tp: 1.08000
0	16:45:59.389	'89010303': modify order #7620879 buy 0.02 EURUSD at 1.06734 sl: 1.06308 tp: 1.07917 -> sl: 1.06308 tp: 1.08000
0	16:45:59.747	'89010303': order #7620879 buy 0.02 EURUSD at 1.06734 was modified -> sl: 1.06308 tp: 1.08000
0	16:45:59.747	'89010303': modify order #7623474 buy 0.02 EURUSD at 1.07231 sl: 1.06807 tp: 1.07915 -> sl: 1.06807 tp: 1.08001
0	16:45:59.912	'89010303': order #7623474 buy 0.02 EURUSD at 1.07231 was modified -> sl: 1.06807 tp: 1.08001
0	16:45:59.912	'89010303': modify order #7623492 buy 0.02 EURUSD at 1.07193 sl: 1.06767 tp: 1.08318 -> sl: 1.06767 tp: 1.08539
0	16:46:00.075	'89010303': order #7623492 buy 0.02 EURUSD at 1.07193 was modified -> sl: 1.06767 tp: 1.08539
0	16:46:00.075	'89010303': modify order #7623493 buy 0.02 EURUSD at 1.07185 sl: 1.06767 tp: 1.07917 -> sl: 1.06767 tp: 1.08001
0	16:46:00.399	'89010303': order #7623493 buy 0.02 EURUSD at 1.07185 was modified -> sl: 1.06767 tp: 1.08001
0	16:46:00.399	'89010303': modify order #7624273 buy 0.02 EURUSD at 1.07360 sl: 1.06925 tp: 1.07917 -> sl: 1.06925 tp: 1.08001
0	16:46:00.687	'89010303': order #7624273 buy 0.02 EURUSD at 1.07360 was modified -> sl: 1.06925 tp: 1.08001
0	16:46:00.687	'89010303': modify order #7624336 buy 0.02 EURUSD at 1.07415 sl: 1.06982 tp: 1.07917 -> sl: 1.06982 tp: 1.07999
0	16:46:00.886	'89010303': order #7624336 buy 0.02 EURUSD at 1.07415 was modified -> sl: 1.06982 tp: 1.07999
0	16:46:00.887	'89010303': modify order #7624469 buy 0.02 EURUSD at 1.07473 sl: 1.07049 tp: 1.07917 -> sl: 1.07049 tp: 1.08000
0	16:46:01.081	'89010303': order #7624469 buy 0.02 EURUSD at 1.07473 was modified -> sl: 1.07049 tp: 1.08000
0	16:46:01.081	'89010303': modify order #7624519 buy 0.02 EURUSD at 1.07452 sl: 1.07021 tp: 1.07917 -> sl: 1.07021 tp: 1.08000
0	16:46:01.275	'89010303': order #7624519 buy 0.02 EURUSD at 1.07452 was modified -> sl: 1.07021 tp: 1.08000
0	16:46:01.275	'89010303': modify order #7624546 buy 0.02 EURUSD at 1.07421 sl: 1.06996 tp: 1.07918 -> sl: 1.06996 tp: 1.08000
0	16:46:01.470	'89010303': order #7624546 buy 0.02 EURUSD at 1.07421 was modified -> sl: 1.06996 tp: 1.08000
0	16:46:01.470	'89010303': modify order #7624613 buy 0.02 EURUSD at 1.07547 sl: 1.07122 tp: 1.07948 -> sl: 1.07122 tp: 1.08000
0	16:46:01.763	'89010303': order #7624613 buy 0.02 EURUSD at 1.07547 was modified -> sl: 1.07122 tp: 1.08000
0	16:46:01.763	'89010303': modify order #7624660 buy 0.02 EURUSD at 1.07535 sl: 1.07109 tp: 1.07935 -> sl: 1.07109 tp: 1.08000
0	16:46:01.957	'89010303': order #7624660 buy 0.02 EURUSD at 1.07535 was modified -> sl: 1.07109 tp: 1.08000
0	16:46:01.957	'89010303': modify order #7624661 buy 0.02 EURUSD at 1.07533 sl: 1.07108 tp: 1.07935 -> sl: 1.07108 tp: 1.08000
0	16:46:02.124	'89010303': order #7624661 buy 0.02 EURUSD at 1.07533 was modified -> sl: 1.07108 tp: 1.08000
0	16:50:09.314	'89010303': instant order buy 0.02 EURUSD at 1.07536 sl: 1.07110 tp: 1.07936
0	16:50:09.558	'89010303': order was opened : #7624824 buy 0.02 EURUSD at 1.07538 sl: 1.07110 tp: 1.07936
0	17:02:34.702	'89010303': instant order buy 0.02 EURUSD at 1.07482 sl: 1.07055 tp: 1.07882
0	17:02:35.099	'89010303': order was opened : #7624893 buy 0.02 EURUSD at 1.07482 sl: 1.07055 tp: 1.07882
0	17:03:24.204	'89010303': modify order #7624893 buy 0.02 EURUSD at 1.07482 sl: 1.07055 tp: 1.07882 -> sl: 1.07055 tp: 1.07889
0	17:03:24.488	'89010303': order #7624893 buy 0.02 EURUSD at 1.07482 was modified -> sl: 1.07055 tp: 1.07889
0	17:22:57.951	'89010303': modify order #7624464 sell 0.02 EURUSD at 1.07448 sl: 1.07874 tp: 1.06996 -> sl: 1.07874 tp: 1.06973
0	17:22:58.392	'89010303': order #7624464 sell 0.02 EURUSD at 1.07448 was modified -> sl: 1.07874 tp: 1.06973
0	17:22:58.433	'89010303': modify order #7624465 sell 0.02 EURUSD at 1.07448 sl: 1.07874 tp: 1.06996 -> sl: 1.07874 tp: 1.06974
0	17:22:58.599	'89010303': order #7624465 sell 0.02 EURUSD at 1.07448 was modified -> sl: 1.07874 tp: 1.06974
0	17:36:21.628	'89010303': modify order #7624464 sell 0.02 EURUSD at 1.07448 sl: 1.07874 tp: 1.06973 -> sl: 1.07874 tp: 1.06928
0	17:36:22.009	'89010303': order #7624464 sell 0.02 EURUSD at 1.07448 was modified -> sl: 1.07874 tp: 1.06928
0	17:36:22.042	'89010303': modify order #7624465 sell 0.02 EURUSD at 1.07448 sl: 1.07874 tp: 1.06974 -> sl: 1.07874 tp: 1.06928
0	17:36:22.236	'89010303': order #7624465 sell 0.02 EURUSD at 1.07448 was modified -> sl: 1.07874 tp: 1.06928
0	17:38:00.237	'89010303': modify order #7624464 sell 0.02 EURUSD at 1.07448 sl: 1.07874 tp: 1.06928 -> sl: 1.07874 tp: 1.06923
0	17:38:01.349	'89010303': order #7624464 sell 0.02 EURUSD at 1.07448 was modified -> sl: 1.07874 tp: 1.06923
0	17:38:01.580	'89010303': modify order #7624465 sell 0.02 EURUSD at 1.07448 sl: 1.07874 tp: 1.06928 -> sl: 1.07874 tp: 1.06921
0	17:38:01.780	'89010303': order #7624465 sell 0.02 EURUSD at 1.07448 was modified -> sl: 1.07874 tp: 1.06921
0	17:57:06.101	'89010303': modify order #7624464 sell 0.02 EURUSD at 1.07448 sl: 1.07874 tp: 1.06923 -> sl: 1.07874 tp: 1.06896
0	17:57:06.754	'89010303': order #7624464 sell 0.02 EURUSD at 1.07448 was modified -> sl: 1.07874 tp: 1.06896
0	17:57:07.083	'89010303': modify order #7624465 sell 0.02 EURUSD at 1.07448 sl: 1.07874 tp: 1.06921 -> sl: 1.07874 tp: 1.06897
0	17:57:07.327	'89010303': order #7624465 sell 0.02 EURUSD at 1.07448 was modified -> sl: 1.07874 tp: 1.06897
0	18:02:16.734	'89010303': modify order #7624464 sell 0.02 EURUSD at 1.07448 sl: 1.07874 tp: 1.06896 -> sl: 1.07874 tp: 1.06849
0	18:02:17.185	'89010303': order #7624464 sell 0.02 EURUSD at 1.07448 was modified -> sl: 1.07874 tp: 1.06849
0	18:02:17.249	'89010303': modify order #7624465 sell 0.02 EURUSD at 1.07448 sl: 1.07874 tp: 1.06897 -> sl: 1.07874 tp: 1.06849
0	18:02:17.480	'89010303': order #7624465 sell 0.02 EURUSD at 1.07448 was modified -> sl: 1.07874 tp: 1.06849
0	18:20:20.646	'89010303': modify order #7624464 sell 0.02 EURUSD at 1.07448 sl: 1.07874 tp: 1.06849 -> sl: 1.07874 tp: 1.06834
0	18:20:21.417	'89010303': order #7624464 sell 0.02 EURUSD at 1.07448 was modified -> sl: 1.07874 tp: 1.06834
0	18:20:21.417	'89010303': modify order #7624465 sell 0.02 EURUSD at 1.07448 sl: 1.07874 tp: 1.06849 -> sl: 1.07874 tp: 1.06834
0	18:20:21.579	'89010303': order #7624465 sell 0.02 EURUSD at 1.07448 was modified -> sl: 1.07874 tp: 1.06834
0	18:22:16.351	'89010303': order #7624789 buy 0.02 EURUSD at 1.07607 closed due stop-loss at price 1.07188
0	18:26:08.136	'89010303': modify order #7624464 sell 0.02 EURUSD at 1.07448 sl: 1.07874 tp: 1.06834 -> sl: 1.07874 tp: 1.06784
0	18:26:08.432	'89010303': order #7624464 sell 0.02 EURUSD at 1.07448 was modified -> sl: 1.07874 tp: 1.06784
0	18:26:08.432	'89010303': modify order #7624465 sell 0.02 EURUSD at 1.07448 sl: 1.07874 tp: 1.06834 -> sl: 1.07874 tp: 1.06784
0	18:26:08.656	'89010303': order #7624465 sell 0.02 EURUSD at 1.07448 was modified -> sl: 1.07874 tp: 1.06784
