0	05:01:54.032	'89010303': modify order #7779406 sell 0.01 EURUSD at 1.10152 sl: 1.10563 tp: 1.09639 -> sl: 1.10563 tp: 1.09635
0	05:01:57.346	'89010303': order #7779406 sell 0.01 EURUSD at 1.10152 was modified -> sl: 1.10563 tp: 1.09635
0	05:01:58.283	'89010303': modify order #7779576 sell 0.01 EURUSD at 1.10140 sl: 1.10567 tp: 1.09641 -> sl: 1.10567 tp: 1.09634
0	05:01:58.603	'89010303': order #7779576 sell 0.01 EURUSD at 1.10140 was modified -> sl: 1.10567 tp: 1.09634
0	05:01:58.705	'89010303': modify order #7779579 sell 0.01 EURUSD at 1.10141 sl: 1.10559 tp: 1.09637 -> sl: 1.10559 tp: 1.09634
0	05:01:59.030	'89010303': order #7779579 sell 0.01 EURUSD at 1.10141 was modified -> sl: 1.10559 tp: 1.09634
0	05:01:59.062	'89010303': modify order #7779580 sell 0.01 EURUSD at 1.10141 sl: 1.10569 tp: 1.09638 -> sl: 1.10569 tp: 1.09634
0	05:01:59.225	'89010303': order #7779580 sell 0.01 EURUSD at 1.10141 was modified -> sl: 1.10569 tp: 1.09634
0	05:09:32.908	'89010303': modify order #7779406 sell 0.01 EURUSD at 1.10152 sl: 1.10563 tp: 1.09635 -> sl: 1.10563 tp: 1.09634
0	05:09:33.131	'89010303': order #7779406 sell 0.01 EURUSD at 1.10152 was modified -> sl: 1.10563 tp: 1.09634
0	05:31:04.917	'89010303': modify order #7779406 sell 0.01 EURUSD at 1.10152 sl: 1.10563 tp: 1.09634 -> sl: 1.10563 tp: 1.09624
0	05:31:05.156	'89010303': order #7779406 sell 0.01 EURUSD at 1.10152 was modified -> sl: 1.10563 tp: 1.09624
0	05:31:05.188	'89010303': modify order #7779576 sell 0.01 EURUSD at 1.10140 sl: 1.10567 tp: 1.09634 -> sl: 1.10567 tp: 1.09624
0	05:31:05.448	'89010303': order #7779576 sell 0.01 EURUSD at 1.10140 was modified -> sl: 1.10567 tp: 1.09624
0	05:31:06.064	'89010303': modify order #7779579 sell 0.01 EURUSD at 1.10141 sl: 1.10559 tp: 1.09634 -> sl: 1.10559 tp: 1.09624
0	05:31:06.292	'89010303': order #7779579 sell 0.01 EURUSD at 1.10141 was modified -> sl: 1.10559 tp: 1.09624
0	05:31:06.356	'89010303': modify order #7779580 sell 0.01 EURUSD at 1.10141 sl: 1.10569 tp: 1.09634 -> sl: 1.10569 tp: 1.09624
0	05:31:06.653	'89010303': order #7779580 sell 0.01 EURUSD at 1.10141 was modified -> sl: 1.10569 tp: 1.09624
0	05:36:46.170	'89010303': modify order #7779406 sell 0.01 EURUSD at 1.10152 sl: 1.10563 tp: 1.09624 -> sl: 1.10563 tp: 1.09621
0	05:36:46.543	'89010303': order #7779406 sell 0.01 EURUSD at 1.10152 was modified -> sl: 1.10563 tp: 1.09621
0	05:36:47.253	'89010303': modify order #7779576 sell 0.01 EURUSD at 1.10140 sl: 1.10567 tp: 1.09624 -> sl: 1.10567 tp: 1.09621
0	05:36:47.383	'89010303': order #7779576 sell 0.01 EURUSD at 1.10140 was modified -> sl: 1.10567 tp: 1.09621
0	05:36:47.383	'89010303': modify order #7779579 sell 0.01 EURUSD at 1.10141 sl: 1.10559 tp: 1.09624 -> sl: 1.10559 tp: 1.09621
0	05:36:47.573	'89010303': order #7779579 sell 0.01 EURUSD at 1.10141 was modified -> sl: 1.10559 tp: 1.09621
0	05:36:47.638	'89010303': modify order #7779580 sell 0.01 EURUSD at 1.10141 sl: 1.10569 tp: 1.09624 -> sl: 1.10569 tp: 1.09621
0	05:36:47.935	'89010303': order #7779580 sell 0.01 EURUSD at 1.10141 was modified -> sl: 1.10569 tp: 1.09621
0	06:01:08.925	'89010303': modify order #7779406 sell 0.01 EURUSD at 1.10152 sl: 1.10563 tp: 1.09621 -> sl: 1.10563 tp: 1.09583
0	06:01:09.185	'89010303': order #7779406 sell 0.01 EURUSD at 1.10152 was modified -> sl: 1.10563 tp: 1.09583
0	06:01:09.185	'89010303': modify order #7779576 sell 0.01 EURUSD at 1.10140 sl: 1.10567 tp: 1.09621 -> sl: 1.10567 tp: 1.09583
0	06:01:09.477	'89010303': order #7779576 sell 0.01 EURUSD at 1.10140 was modified -> sl: 1.10567 tp: 1.09583
0	06:01:10.309	'89010303': modify order #7779579 sell 0.01 EURUSD at 1.10141 sl: 1.10559 tp: 1.09621 -> sl: 1.10559 tp: 1.09583
0	06:01:10.471	'89010303': order #7779579 sell 0.01 EURUSD at 1.10141 was modified -> sl: 1.10559 tp: 1.09583
0	06:01:10.471	'89010303': modify order #7779580 sell 0.01 EURUSD at 1.10141 sl: 1.10569 tp: 1.09621 -> sl: 1.10569 tp: 1.09583
0	06:01:10.800	'89010303': order #7779580 sell 0.01 EURUSD at 1.10141 was modified -> sl: 1.10569 tp: 1.09583
0	06:27:54.107	'89010303': modify order #7779406 sell 0.01 EURUSD at 1.10152 sl: 1.10563 tp: 1.09583 -> sl: 1.10563 tp: 1.09571
0	06:27:55.032	'89010303': order #7779406 sell 0.01 EURUSD at 1.10152 was modified -> sl: 1.10563 tp: 1.09571
0	06:27:55.296	'89010303': modify order #7779576 sell 0.01 EURUSD at 1.10140 sl: 1.10567 tp: 1.09583 -> sl: 1.10567 tp: 1.09571
0	06:27:55.622	'89010303': order #7779576 sell 0.01 EURUSD at 1.10140 was modified -> sl: 1.10567 tp: 1.09571
0	06:27:55.718	'89010303': modify order #7779579 sell 0.01 EURUSD at 1.10141 sl: 1.10559 tp: 1.09583 -> sl: 1.10559 tp: 1.09570
0	06:27:55.848	'89010303': order #7779579 sell 0.01 EURUSD at 1.10141 was modified -> sl: 1.10559 tp: 1.09570
0	06:27:55.913	'89010303': modify order #7779580 sell 0.01 EURUSD at 1.10141 sl: 1.10569 tp: 1.09583 -> sl: 1.10569 tp: 1.09570
0	06:27:56.047	'89010303': order #7779580 sell 0.01 EURUSD at 1.10141 was modified -> sl: 1.10569 tp: 1.09570
0	06:44:25.659	'89010303': modify order #7779406 sell 0.01 EURUSD at 1.10152 sl: 1.10563 tp: 1.09571 -> sl: 1.10563 tp: 1.09525
0	06:44:26.020	'89010303': order #7779406 sell 0.01 EURUSD at 1.10152 was modified -> sl: 1.10563 tp: 1.09525
0	06:44:26.117	'89010303': modify order #7779576 sell 0.01 EURUSD at 1.10140 sl: 1.10567 tp: 1.09571 -> sl: 1.10567 tp: 1.09525
0	06:44:26.344	'89010303': order #7779576 sell 0.01 EURUSD at 1.10140 was modified -> sl: 1.10567 tp: 1.09525
0	06:44:27.086	'89010303': modify order #7779579 sell 0.01 EURUSD at 1.10141 sl: 1.10559 tp: 1.09570 -> sl: 1.10559 tp: 1.09524
0	06:44:27.248	'89010303': order #7779579 sell 0.01 EURUSD at 1.10141 was modified -> sl: 1.10559 tp: 1.09524
0	06:44:27.248	'89010303': modify order #7779580 sell 0.01 EURUSD at 1.10141 sl: 1.10569 tp: 1.09570 -> sl: 1.10569 tp: 1.09525
0	06:44:27.735	'89010303': order #7779580 sell 0.01 EURUSD at 1.10141 was modified -> sl: 1.10569 tp: 1.09525
0	06:48:24.173	'89010303': modify order #7779406 sell 0.01 EURUSD at 1.10152 sl: 1.10563 tp: 1.09525 -> sl: 1.10563 tp: 1.09515
0	06:48:24.461	'89010303': order #7779406 sell 0.01 EURUSD at 1.10152 was modified -> sl: 1.10563 tp: 1.09515
0	06:48:24.461	'89010303': modify order #7779576 sell 0.01 EURUSD at 1.10140 sl: 1.10567 tp: 1.09525 -> sl: 1.10567 tp: 1.09515
0	06:48:24.781	'89010303': order #7779576 sell 0.01 EURUSD at 1.10140 was modified -> sl: 1.10567 tp: 1.09515
0	06:48:25.397	'89010303': modify order #7779579 sell 0.01 EURUSD at 1.10141 sl: 1.10559 tp: 1.09524 -> sl: 1.10559 tp: 1.09515
0	06:48:25.624	'89010303': order #7779579 sell 0.01 EURUSD at 1.10141 was modified -> sl: 1.10559 tp: 1.09515
0	06:48:26.179	'89010303': modify order #7779580 sell 0.01 EURUSD at 1.10141 sl: 1.10569 tp: 1.09525 -> sl: 1.10569 tp: 1.09515
0	06:48:26.411	'89010303': order #7779580 sell 0.01 EURUSD at 1.10141 was modified -> sl: 1.10569 tp: 1.09515
0	06:59:09.907	'89010303': modify order #7779406 sell 0.01 EURUSD at 1.10152 sl: 1.10563 tp: 1.09515 -> sl: 1.10563 tp: 1.09503
0	06:59:10.373	'89010303': order #7779406 sell 0.01 EURUSD at 1.10152 was modified -> sl: 1.10563 tp: 1.09503
0	06:59:10.406	'89010303': modify order #7779576 sell 0.01 EURUSD at 1.10140 sl: 1.10567 tp: 1.09515 -> sl: 1.10567 tp: 1.09503
0	06:59:10.661	'89010303': order #7779576 sell 0.01 EURUSD at 1.10140 was modified -> sl: 1.10567 tp: 1.09503
0	06:59:10.730	'89010303': modify order #7779579 sell 0.01 EURUSD at 1.10141 sl: 1.10559 tp: 1.09515 -> sl: 1.10559 tp: 1.09503
0	06:59:11.120	'89010303': order #7779579 sell 0.01 EURUSD at 1.10141 was modified -> sl: 1.10559 tp: 1.09503
0	06:59:11.123	'89010303': modify order #7779580 sell 0.01 EURUSD at 1.10141 sl: 1.10569 tp: 1.09515 -> sl: 1.10569 tp: 1.09503
0	06:59:11.408	'89010303': order #7779580 sell 0.01 EURUSD at 1.10141 was modified -> sl: 1.10569 tp: 1.09503
0	07:04:23.101	'89010303': modify order #7779406 sell 0.01 EURUSD at 1.10152 sl: 1.10563 tp: 1.09503 -> sl: 1.10563 tp: 1.09496
0	07:04:23.417	'89010303': order #7779406 sell 0.01 EURUSD at 1.10152 was modified -> sl: 1.10563 tp: 1.09496
0	07:04:23.417	'89010303': modify order #7779576 sell 0.01 EURUSD at 1.10140 sl: 1.10567 tp: 1.09503 -> sl: 1.10567 tp: 1.09496
0	07:04:23.612	'89010303': order #7779576 sell 0.01 EURUSD at 1.10140 was modified -> sl: 1.10567 tp: 1.09496
0	07:04:23.612	'89010303': modify order #7779579 sell 0.01 EURUSD at 1.10141 sl: 1.10559 tp: 1.09503 -> sl: 1.10559 tp: 1.09496
0	07:04:23.775	'89010303': order #7779579 sell 0.01 EURUSD at 1.10141 was modified -> sl: 1.10559 tp: 1.09496
0	07:04:23.775	'89010303': modify order #7779580 sell 0.01 EURUSD at 1.10141 sl: 1.10569 tp: 1.09503 -> sl: 1.10569 tp: 1.09496
0	07:04:23.937	'89010303': order #7779580 sell 0.01 EURUSD at 1.10141 was modified -> sl: 1.10569 tp: 1.09496
0	07:08:25.634	'89010303': modify order #7779406 sell 0.01 EURUSD at 1.10152 sl: 1.10563 tp: 1.09496 -> sl: 1.10563 tp: 1.09494
0	07:08:26.028	'89010303': order #7779406 sell 0.01 EURUSD at 1.10152 was modified -> sl: 1.10563 tp: 1.09494
0	07:08:26.029	'89010303': modify order #7779576 sell 0.01 EURUSD at 1.10140 sl: 1.10567 tp: 1.09496 -> sl: 1.10567 tp: 1.09494
0	07:08:26.190	'89010303': order #7779576 sell 0.01 EURUSD at 1.10140 was modified -> sl: 1.10567 tp: 1.09494
0	07:08:26.190	'89010303': modify order #7779579 sell 0.01 EURUSD at 1.10141 sl: 1.10559 tp: 1.09496 -> sl: 1.10559 tp: 1.09494
0	07:08:26.421	'89010303': order #7779579 sell 0.01 EURUSD at 1.10141 was modified -> sl: 1.10559 tp: 1.09494
0	07:08:26.454	'89010303': modify order #7779580 sell 0.01 EURUSD at 1.10141 sl: 1.10569 tp: 1.09496 -> sl: 1.10569 tp: 1.09494
0	07:08:26.616	'89010303': order #7779580 sell 0.01 EURUSD at 1.10141 was modified -> sl: 1.10569 tp: 1.09494
0	07:28:39.768	'89010303': modify order #7779406 sell 0.01 EURUSD at 1.10152 sl: 1.10563 tp: 1.09494 -> sl: 1.10563 tp: 1.09474
0	07:28:40.139	'89010303': order #7779406 sell 0.01 EURUSD at 1.10152 was modified -> sl: 1.10563 tp: 1.09474
0	07:28:40.139	'89010303': modify order #7779576 sell 0.01 EURUSD at 1.10140 sl: 1.10567 tp: 1.09494 -> sl: 1.10567 tp: 1.09474
0	07:28:40.360	'89010303': order #7779576 sell 0.01 EURUSD at 1.10140 was modified -> sl: 1.10567 tp: 1.09474
0	07:28:41.038	'89010303': modify order #7779579 sell 0.01 EURUSD at 1.10141 sl: 1.10559 tp: 1.09494 -> sl: 1.10559 tp: 1.09474
0	07:28:41.205	'89010303': order #7779579 sell 0.01 EURUSD at 1.10141 was modified -> sl: 1.10559 tp: 1.09474
0	07:28:41.205	'89010303': modify order #7779580 sell 0.01 EURUSD at 1.10141 sl: 1.10569 tp: 1.09494 -> sl: 1.10569 tp: 1.09474
0	07:28:41.399	'89010303': order #7779580 sell 0.01 EURUSD at 1.10141 was modified -> sl: 1.10569 tp: 1.09474
0	08:15:50.651	'89010303': modify order #7779406 sell 0.01 EURUSD at 1.10152 sl: 1.10563 tp: 1.09474 -> sl: 1.10563 tp: 1.09422
0	08:15:51.073	'89010303': order #7779406 sell 0.01 EURUSD at 1.10152 was modified -> sl: 1.10563 tp: 1.09422
0	08:15:51.073	'89010303': modify order #7779576 sell 0.01 EURUSD at 1.10140 sl: 1.10567 tp: 1.09474 -> sl: 1.10567 tp: 1.09424
0	08:15:51.297	'89010303': order #7779576 sell 0.01 EURUSD at 1.10140 was modified -> sl: 1.10567 tp: 1.09424
0	08:15:51.297	'89010303': modify order #7779579 sell 0.01 EURUSD at 1.10141 sl: 1.10559 tp: 1.09474 -> sl: 1.10559 tp: 1.09424
0	08:15:51.523	'89010303': order #7779579 sell 0.01 EURUSD at 1.10141 was modified -> sl: 1.10559 tp: 1.09424
0	08:15:51.523	'89010303': modify order #7779580 sell 0.01 EURUSD at 1.10141 sl: 1.10569 tp: 1.09474 -> sl: 1.10569 tp: 1.09424
0	08:15:51.719	'89010303': order #7779580 sell 0.01 EURUSD at 1.10141 was modified -> sl: 1.10569 tp: 1.09424
0	08:18:22.235	'89010303': order #7779509 buy 0.01 EURUSD at 1.10230 closed due stop-loss at price 1.09804
0	08:18:22.235	'89010303': order #7779510 buy 0.01 EURUSD at 1.10230 closed due stop-loss at price 1.09804
0	08:18:23.458	'89010303': order #7779694 buy 0.01 EURUSD at 1.10220 closed due stop-loss at price 1.09802
0	08:20:48.701	'89010303': order #7779714 buy 0.01 EURUSD at 1.10179 closed due stop-loss at price 1.09752
0	08:20:53.874	'89010303': order #7779470 buy 0.01 EURUSD at 1.10176 closed due stop-loss at price 1.09752
0	08:21:44.467	'89010303': modify order #7779406 sell 0.01 EURUSD at 1.10152 sl: 1.10563 tp: 1.09422 -> sl: 1.10563 tp: 1.09351
0	08:21:44.856	'89010303': order #7779406 sell 0.01 EURUSD at 1.10152 was modified -> sl: 1.10563 tp: 1.09351
0	08:21:45.108	'89010303': modify order #7779576 sell 0.01 EURUSD at 1.10140 sl: 1.10567 tp: 1.09424 -> sl: 1.10567 tp: 1.09352
0	08:21:45.303	'89010303': order #7779576 sell 0.01 EURUSD at 1.10140 was modified -> sl: 1.10567 tp: 1.09352
0	08:21:45.303	'89010303': modify order #7779579 sell 0.01 EURUSD at 1.10141 sl: 1.10559 tp: 1.09424 -> sl: 1.10559 tp: 1.09350
0	08:21:45.465	'89010303': order #7779579 sell 0.01 EURUSD at 1.10141 was modified -> sl: 1.10559 tp: 1.09350
0	08:21:45.465	'89010303': modify order #7779580 sell 0.01 EURUSD at 1.10141 sl: 1.10569 tp: 1.09424 -> sl: 1.10569 tp: 1.09350
0	08:21:45.627	'89010303': order #7779580 sell 0.01 EURUSD at 1.10141 was modified -> sl: 1.10569 tp: 1.09350
0	08:22:25.445	'89010303': order #7779588 buy 0.01 EURUSD at 1.10144 closed due stop-loss at price 1.09717
0	08:22:26.361	'89010303': order #7779590 buy 0.01 EURUSD at 1.10138 closed due stop-loss at price 1.09713
0	08:40:45.939	'89010303': modify order #7779406 sell 0.01 EURUSD at 1.10152 sl: 1.10563 tp: 1.09351 -> sl: 1.10563 tp: 1.09317
0	08:40:46.267	'89010303': order #7779406 sell 0.01 EURUSD at 1.10152 was modified -> sl: 1.10563 tp: 1.09317
0	08:40:46.365	'89010303': modify order #7779576 sell 0.01 EURUSD at 1.10140 sl: 1.10567 tp: 1.09352 -> sl: 1.10567 tp: 1.09318
0	08:40:46.689	'89010303': order #7779576 sell 0.01 EURUSD at 1.10140 was modified -> sl: 1.10567 tp: 1.09318
0	08:40:46.689	'89010303': modify order #7779579 sell 0.01 EURUSD at 1.10141 sl: 1.10559 tp: 1.09350 -> sl: 1.10559 tp: 1.09319
0	08:40:46.884	'89010303': order #7779579 sell 0.01 EURUSD at 1.10141 was modified -> sl: 1.10559 tp: 1.09319
0	08:40:46.884	'89010303': modify order #7779580 sell 0.01 EURUSD at 1.10141 sl: 1.10569 tp: 1.09350 -> sl: 1.10569 tp: 1.09319
0	08:40:47.114	'89010303': order #7779580 sell 0.01 EURUSD at 1.10141 was modified -> sl: 1.10569 tp: 1.09319
0	08:46:49.773	'89010303': modify order #7779406 sell 0.01 EURUSD at 1.10152 sl: 1.10563 tp: 1.09317 -> sl: 1.10563 tp: 1.09300
0	08:46:49.939	'89010303': order #7779406 sell 0.01 EURUSD at 1.10152 was modified -> sl: 1.10563 tp: 1.09300
0	08:46:49.970	'89010303': modify order #7779576 sell 0.01 EURUSD at 1.10140 sl: 1.10567 tp: 1.09318 -> sl: 1.10567 tp: 1.09300
0	08:46:50.150	'89010303': order #7779576 sell 0.01 EURUSD at 1.10140 was modified -> sl: 1.10567 tp: 1.09300
0	08:46:50.150	'89010303': modify order #7779579 sell 0.01 EURUSD at 1.10141 sl: 1.10559 tp: 1.09319 -> sl: 1.10559 tp: 1.09297
0	08:46:50.345	'89010303': order #7779579 sell 0.01 EURUSD at 1.10141 was modified -> sl: 1.10559 tp: 1.09297
0	08:46:50.345	'89010303': modify order #7779580 sell 0.01 EURUSD at 1.10141 sl: 1.10569 tp: 1.09319 -> sl: 1.10569 tp: 1.09298
0	08:46:50.568	'89010303': order #7779580 sell 0.01 EURUSD at 1.10141 was modified -> sl: 1.10569 tp: 1.09298
0	09:05:08.003	'89010303': instant order buy 0.01 EURUSD at 1.09784 sl: 1.09358 tp: 1.09851
0	09:05:08.312	'89010303': order was opened : #7788991 buy 0.01 EURUSD at 1.09784 sl: 1.09358 tp: 1.09851
0	09:22:03.103	'89010303': order #7779625 buy 0.01 EURUSD at 1.10067 closed due stop-loss at price 1.09630
0	09:23:23.035	'89010303': order #7779359 buy 0.01 EURUSD at 1.10043 closed due stop-loss at price 1.09615
0	09:23:23.035	'89010303': order #7779360 buy 0.01 EURUSD at 1.10043 closed due stop-loss at price 1.09615
0	09:24:09.745	'89010303': modify order #7779406 sell 0.01 EURUSD at 1.10152 sl: 1.10563 tp: 1.09300 -> sl: 1.10563 tp: 1.09230
0	09:24:10.334	'89010303': order #7779406 sell 0.01 EURUSD at 1.10152 was modified -> sl: 1.10563 tp: 1.09230
0	09:24:10.983	'89010303': modify order #7779576 sell 0.01 EURUSD at 1.10140 sl: 1.10567 tp: 1.09300 -> sl: 1.10567 tp: 1.09230
0	09:24:11.243	'89010303': order #7779576 sell 0.01 EURUSD at 1.10140 was modified -> sl: 1.10567 tp: 1.09230
0	09:24:11.340	'89010303': modify order #7779579 sell 0.01 EURUSD at 1.10141 sl: 1.10559 tp: 1.09297 -> sl: 1.10559 tp: 1.09230
0	09:24:11.599	'89010303': order #7779579 sell 0.01 EURUSD at 1.10141 was modified -> sl: 1.10559 tp: 1.09230
0	09:24:12.490	'89010303': modify order #7779580 sell 0.01 EURUSD at 1.10141 sl: 1.10569 tp: 1.09298 -> sl: 1.10569 tp: 1.09229
0	09:24:12.685	'89010303': order #7779580 sell 0.01 EURUSD at 1.10141 was modified -> sl: 1.10569 tp: 1.09229
0	09:24:43.387	'89010303': instant order sell 0.01 EURUSD at 1.09636 sl: 1.10062 tp: 1.09605
0	09:24:43.675	'89010303': order was opened : #7789152 sell 0.01 EURUSD at 1.09637 sl: 1.10062 tp: 1.09605
0	09:24:50.712	'89010303': instant order sell 0.01 EURUSD at 1.09636 sl: 1.10060 tp: 1.09236
0	09:24:52.464	'89010303': order was opened : #7789153 sell 0.01 EURUSD at 1.09637 sl: 1.10060 tp: 1.09236
0	09:24:52.496	'89010303': instant order sell 0.01 EURUSD at 1.09636 sl: 1.10060 tp: 1.09236
0	09:24:52.691	'89010303': order was opened : #7789154 sell 0.01 EURUSD at 1.09637 sl: 1.10060 tp: 1.09236
0	09:28:39.090	'89010303': modify order #7779406 sell 0.01 EURUSD at 1.10152 sl: 1.10563 tp: 1.09230 -> sl: 1.10563 tp: 1.09229
0	09:28:39.354	'89010303': order #7779406 sell 0.01 EURUSD at 1.10152 was modified -> sl: 1.10563 tp: 1.09229
0	09:28:39.354	'89010303': modify order #7779576 sell 0.01 EURUSD at 1.10140 sl: 1.10567 tp: 1.09230 -> sl: 1.10567 tp: 1.09229
0	09:28:39.581	'89010303': order #7779576 sell 0.01 EURUSD at 1.10140 was modified -> sl: 1.10567 tp: 1.09229
0	09:28:40.263	'89010303': modify order #7779579 sell 0.01 EURUSD at 1.10141 sl: 1.10559 tp: 1.09230 -> sl: 1.10559 tp: 1.09229
0	09:28:40.425	'89010303': order #7779579 sell 0.01 EURUSD at 1.10141 was modified -> sl: 1.10559 tp: 1.09229
0	09:28:41.200	'89010303': modify order #7788991 buy 0.01 EURUSD at 1.09784 sl: 1.09358 tp: 1.09851 -> sl: 1.09358 tp: 1.09868
0	09:28:41.394	'89010303': order #7788991 buy 0.01 EURUSD at 1.09784 was modified -> sl: 1.09358 tp: 1.09868
0	09:28:41.394	'89010303': modify order #7789153 sell 0.01 EURUSD at 1.09637 sl: 1.10060 tp: 1.09236 -> sl: 1.10060 tp: 1.09229
0	09:28:41.589	'89010303': order #7789153 sell 0.01 EURUSD at 1.09637 was modified -> sl: 1.10060 tp: 1.09229
0	09:28:41.621	'89010303': modify order #7789154 sell 0.01 EURUSD at 1.09637 sl: 1.10060 tp: 1.09236 -> sl: 1.10060 tp: 1.09229
0	09:28:41.840	'89010303': order #7789154 sell 0.01 EURUSD at 1.09637 was modified -> sl: 1.10060 tp: 1.09229
0	09:36:10.341	'89010303': modify order #7789152 sell 0.01 EURUSD at 1.09637 sl: 1.10062 tp: 1.09605 -> sl: 1.10062 tp: 1.09567
0	09:36:10.669	'89010303': order #7789152 sell 0.01 EURUSD at 1.09637 was modified -> sl: 1.10062 tp: 1.09567
0	09:39:46.820	'89010303': modify order #7789152 sell 0.01 EURUSD at 1.09637 sl: 1.10062 tp: 1.09567 -> sl: 1.10062 tp: 1.09544
0	09:39:47.178	'89010303': order #7789152 sell 0.01 EURUSD at 1.09637 was modified -> sl: 1.10062 tp: 1.09544
0	09:44:10.295	'89010303': modify order #7789152 sell 0.01 EURUSD at 1.09637 sl: 1.10062 tp: 1.09544 -> sl: 1.10062 tp: 1.09537
0	09:44:10.506	'89010303': order #7789152 sell 0.01 EURUSD at 1.09637 was modified -> sl: 1.10062 tp: 1.09537
0	09:49:04.211	'89010303': modify order #7789152 sell 0.01 EURUSD at 1.09637 sl: 1.10062 tp: 1.09537 -> sl: 1.10062 tp: 1.09532
0	09:49:04.730	'89010303': order #7789152 sell 0.01 EURUSD at 1.09637 was modified -> sl: 1.10062 tp: 1.09532
0	09:52:45.827	'89010303': modify order #7789152 sell 0.01 EURUSD at 1.09637 sl: 1.10062 tp: 1.09532 -> sl: 1.10062 tp: 1.09519
0	09:52:46.113	'89010303': order #7789152 sell 0.01 EURUSD at 1.09637 was modified -> sl: 1.10062 tp: 1.09519
0	09:56:56.077	'89010303': modify order #7789152 sell 0.01 EURUSD at 1.09637 sl: 1.10062 tp: 1.09519 -> sl: 1.10062 tp: 1.09517
0	09:56:57.120	'89010303': order #7789152 sell 0.01 EURUSD at 1.09637 was modified -> sl: 1.10062 tp: 1.09517
0	10:01:45.957	'89010303': modify order #7789152 sell 0.01 EURUSD at 1.09637 sl: 1.10062 tp: 1.09517 -> sl: 1.10062 tp: 1.09515
0	10:01:46.229	'89010303': order #7789152 sell 0.01 EURUSD at 1.09637 was modified -> sl: 1.10062 tp: 1.09515
0	10:04:27.200	'89010303': instant order buy 0.01 EURUSD at 1.09665 sl: 1.09239 tp: 1.10065
0	10:04:27.785	'89010303': order was opened : #7789460 buy 0.01 EURUSD at 1.09663 sl: 1.09239 tp: 1.10065
0	10:04:27.853	'89010303': instant order sell 0.01 EURUSD at 1.09639 sl: 1.10065 tp: 1.09239
0	10:04:28.177	'89010303': order was opened : #7789461 sell 0.01 EURUSD at 1.09639 sl: 1.10065 tp: 1.09239
0	10:05:33.290	'89010303': instant order sell 0.01 EURUSD at 1.09626 sl: 1.10052 tp: 1.09226
0	10:05:33.651	'89010303': order was opened : #7789466 sell 0.01 EURUSD at 1.09626 sl: 1.10052 tp: 1.09226
0	10:06:13.853	'89010303': modify order #7779406 sell 0.01 EURUSD at 1.10152 sl: 1.10563 tp: 1.09229 -> sl: 1.10563 tp: 1.09219
0	10:06:14.340	'89010303': order #7779406 sell 0.01 EURUSD at 1.10152 was modified -> sl: 1.10563 tp: 1.09219
0	10:06:14.340	'89010303': modify order #7779576 sell 0.01 EURUSD at 1.10140 sl: 1.10567 tp: 1.09229 -> sl: 1.10567 tp: 1.09219
0	10:06:14.503	'89010303': order #7779576 sell 0.01 EURUSD at 1.10140 was modified -> sl: 1.10567 tp: 1.09219
0	10:06:14.503	'89010303': modify order #7779579 sell 0.01 EURUSD at 1.10141 sl: 1.10559 tp: 1.09229 -> sl: 1.10559 tp: 1.09219
0	10:06:14.697	'89010303': order #7779579 sell 0.01 EURUSD at 1.10141 was modified -> sl: 1.10559 tp: 1.09219
0	10:06:14.697	'89010303': modify order #7779580 sell 0.01 EURUSD at 1.10141 sl: 1.10569 tp: 1.09229 -> sl: 1.10569 tp: 1.09219
0	10:06:14.925	'89010303': order #7779580 sell 0.01 EURUSD at 1.10141 was modified -> sl: 1.10569 tp: 1.09219
0	10:06:14.957	'89010303': modify order #7789153 sell 0.01 EURUSD at 1.09637 sl: 1.10060 tp: 1.09229 -> sl: 1.10060 tp: 1.09219
0	10:06:15.282	'89010303': order #7789153 sell 0.01 EURUSD at 1.09637 was modified -> sl: 1.10060 tp: 1.09219
0	10:06:15.282	'89010303': modify order #7789154 sell 0.01 EURUSD at 1.09637 sl: 1.10060 tp: 1.09229 -> sl: 1.10060 tp: 1.09219
0	10:06:15.830	'89010303': order #7789154 sell 0.01 EURUSD at 1.09637 was modified -> sl: 1.10060 tp: 1.09219
0	10:06:16.415	'89010303': modify order #7789461 sell 0.01 EURUSD at 1.09639 sl: 1.10065 tp: 1.09239 -> sl: 1.10065 tp: 1.09218
0	10:06:16.609	'89010303': order #7789461 sell 0.01 EURUSD at 1.09639 was modified -> sl: 1.10065 tp: 1.09218
0	10:06:16.609	'89010303': modify order #7789466 sell 0.01 EURUSD at 1.09626 sl: 1.10052 tp: 1.09226 -> sl: 1.10052 tp: 1.09219
0	10:06:16.771	'89010303': order #7789466 sell 0.01 EURUSD at 1.09626 was modified -> sl: 1.10052 tp: 1.09219
0	10:09:59.948	'89010303': modify order #7789152 sell 0.01 EURUSD at 1.09637 sl: 1.10062 tp: 1.09515 -> sl: 1.10062 tp: 1.09514
0	10:10:00.370	'89010303': order #7789152 sell 0.01 EURUSD at 1.09637 was modified -> sl: 1.10062 tp: 1.09514
0	10:10:01.372	'89010303': modify order #7789460 buy 0.01 EURUSD at 1.09663 sl: 1.09239 tp: 1.10065 -> sl: 1.09239 tp: 1.10092
0	10:10:01.535	'89010303': order #7789460 buy 0.01 EURUSD at 1.09663 was modified -> sl: 1.09239 tp: 1.10092
0	10:12:35.617	'89010303': order #7779324 buy 0.01 EURUSD at 1.10029 closed due stop-loss at price 1.09598
0	10:12:36.623	'89010303': order #7779329 buy 0.01 EURUSD at 1.10029 closed due stop-loss at price 1.09590
0	10:17:56.249	'89010303': modify order #7779406 sell 0.01 EURUSD at 1.10152 sl: 1.10563 tp: 1.09219 -> sl: 1.10563 tp: 1.09101
0	10:17:56.667	'89010303': order #7779406 sell 0.01 EURUSD at 1.10152 was modified -> sl: 1.10563 tp: 1.09101
0	10:17:56.890	'89010303': modify order #7779576 sell 0.01 EURUSD at 1.10140 sl: 1.10567 tp: 1.09219 -> sl: 1.10567 tp: 1.09101
0	10:17:57.084	'89010303': order #7779576 sell 0.01 EURUSD at 1.10140 was modified -> sl: 1.10567 tp: 1.09101
0	10:17:57.084	'89010303': modify order #7779579 sell 0.01 EURUSD at 1.10141 sl: 1.10559 tp: 1.09219 -> sl: 1.10559 tp: 1.09101
0	10:17:57.246	'89010303': order #7779579 sell 0.01 EURUSD at 1.10141 was modified -> sl: 1.10559 tp: 1.09101
0	10:17:57.246	'89010303': modify order #7779580 sell 0.01 EURUSD at 1.10141 sl: 1.10569 tp: 1.09219 -> sl: 1.10569 tp: 1.09101
0	10:17:57.410	'89010303': order #7779580 sell 0.01 EURUSD at 1.10141 was modified -> sl: 1.10569 tp: 1.09101
0	10:17:57.410	'89010303': modify order #7789153 sell 0.01 EURUSD at 1.09637 sl: 1.10060 tp: 1.09219 -> sl: 1.10060 tp: 1.09101
0	10:17:57.697	'89010303': order #7789153 sell 0.01 EURUSD at 1.09637 was modified -> sl: 1.10060 tp: 1.09101
0	10:17:57.697	'89010303': modify order #7789154 sell 0.01 EURUSD at 1.09637 sl: 1.10060 tp: 1.09219 -> sl: 1.10060 tp: 1.09102
0	10:17:57.859	'89010303': order #7789154 sell 0.01 EURUSD at 1.09637 was modified -> sl: 1.10060 tp: 1.09102
0	10:17:57.859	'89010303': modify order #7789461 sell 0.01 EURUSD at 1.09639 sl: 1.10065 tp: 1.09218 -> sl: 1.10065 tp: 1.09102
0	10:17:58.054	'89010303': order #7789461 sell 0.01 EURUSD at 1.09639 was modified -> sl: 1.10065 tp: 1.09102
0	10:17:58.054	'89010303': modify order #7789466 sell 0.01 EURUSD at 1.09626 sl: 1.10052 tp: 1.09219 -> sl: 1.10052 tp: 1.09101
0	10:17:58.269	'89010303': order #7789466 sell 0.01 EURUSD at 1.09626 was modified -> sl: 1.10052 tp: 1.09101
0	10:19:35.263	'89010303': instant order sell 0.01 EURUSD at 1.09524 sl: 1.09950 tp: 0.00000
0	10:19:35.620	'89010303': order was opened : #7789594 sell 0.01 EURUSD at 1.09518 sl: 1.09950 tp: 0.00000
0	10:20:05.094	'89010303': instant order sell 0.01 EURUSD at 1.09508 sl: 1.09935 tp: 1.09108
0	10:20:05.484	'89010303': order was opened : #7789597 sell 0.01 EURUSD at 1.09508 sl: 1.09935 tp: 1.09108
0	10:25:14.095	'89010303': order #7789152 sell 0.01 EURUSD at 1.09637 closed due take-profit at price 1.09514
0	10:30:14.760	'89010303': modify order #7779406 sell 0.01 EURUSD at 1.10152 sl: 1.10563 tp: 1.09101 -> sl: 1.10563 tp: 1.09031
0	10:30:15.047	'89010303': order #7779406 sell 0.01 EURUSD at 1.10152 was modified -> sl: 1.10563 tp: 1.09031
0	10:30:16.926	'89010303': modify order #7779576 sell 0.01 EURUSD at 1.10140 sl: 1.10567 tp: 1.09101 -> sl: 1.10567 tp: 1.09031
0	10:30:17.156	'89010303': order #7779576 sell 0.01 EURUSD at 1.10140 was modified -> sl: 1.10567 tp: 1.09031
0	10:30:18.125	'89010303': modify order #7779579 sell 0.01 EURUSD at 1.10141 sl: 1.10559 tp: 1.09101 -> sl: 1.10559 tp: 1.09031
0	10:30:18.319	'89010303': order #7779579 sell 0.01 EURUSD at 1.10141 was modified -> sl: 1.10559 tp: 1.09031
0	10:30:18.935	'89010303': modify order #7779580 sell 0.01 EURUSD at 1.10141 sl: 1.10569 tp: 1.09101 -> sl: 1.10569 tp: 1.09034
0	10:30:19.130	'89010303': order #7779580 sell 0.01 EURUSD at 1.10141 was modified -> sl: 1.10569 tp: 1.09034
0	10:30:19.163	'89010303': modify order #7789153 sell 0.01 EURUSD at 1.09637 sl: 1.10060 tp: 1.09101 -> sl: 1.10060 tp: 1.09032
0	10:30:19.357	'89010303': order #7789153 sell 0.01 EURUSD at 1.09637 was modified -> sl: 1.10060 tp: 1.09032
0	10:30:19.357	'89010303': modify order #7789154 sell 0.01 EURUSD at 1.09637 sl: 1.10060 tp: 1.09102 -> sl: 1.10060 tp: 1.09032
0	10:30:19.584	'89010303': order #7789154 sell 0.01 EURUSD at 1.09637 was modified -> sl: 1.10060 tp: 1.09032
0	10:30:19.653	'89010303': modify order #7789461 sell 0.01 EURUSD at 1.09639 sl: 1.10065 tp: 1.09102 -> sl: 1.10065 tp: 1.09033
0	10:30:19.782	'89010303': order #7789461 sell 0.01 EURUSD at 1.09639 was modified -> sl: 1.10065 tp: 1.09033
0	10:30:19.782	'89010303': modify order #7789466 sell 0.01 EURUSD at 1.09626 sl: 1.10052 tp: 1.09101 -> sl: 1.10052 tp: 1.09032
0	10:30:19.945	'89010303': order #7789466 sell 0.01 EURUSD at 1.09626 was modified -> sl: 1.10052 tp: 1.09032
0	10:30:20.009	'89010303': modify order #7789597 sell 0.01 EURUSD at 1.09508 sl: 1.09935 tp: 1.09108 -> sl: 1.09935 tp: 1.09032
0	10:30:20.208	'89010303': order #7789597 sell 0.01 EURUSD at 1.09508 was modified -> sl: 1.09935 tp: 1.09032
0	10:32:42.832	'89010303': instant order sell 0.01 EURUSD at 1.09441 sl: 1.09866 tp: 1.09041
0	10:32:42.993	'89010303': order was opened : #7789716 sell 0.01 EURUSD at 1.09441 sl: 1.09866 tp: 1.09041
0	10:37:20.585	'89010303': order #7788991 buy 0.01 EURUSD at 1.09784 closed due stop-loss at price 1.09357
0	10:37:26.125	'89010303': modify order #7779406 sell 0.01 EURUSD at 1.10152 sl: 1.10563 tp: 1.09031 -> sl: 1.10563 tp: 1.08945
0	10:37:26.356	'89010303': order #7779406 sell 0.01 EURUSD at 1.10152 was modified -> sl: 1.10563 tp: 1.08945
0	10:37:26.453	'89010303': modify order #7779576 sell 0.01 EURUSD at 1.10140 sl: 1.10567 tp: 1.09031 -> sl: 1.10567 tp: 1.08945
0	10:37:26.583	'89010303': order #7779576 sell 0.01 EURUSD at 1.10140 was modified -> sl: 1.10567 tp: 1.08945
0	10:37:26.615	'89010303': modify order #7779579 sell 0.01 EURUSD at 1.10141 sl: 1.10559 tp: 1.09031 -> sl: 1.10559 tp: 1.08944
0	10:37:26.810	'89010303': order #7779579 sell 0.01 EURUSD at 1.10141 was modified -> sl: 1.10559 tp: 1.08944
0	10:37:26.810	'89010303': modify order #7779580 sell 0.01 EURUSD at 1.10141 sl: 1.10569 tp: 1.09034 -> sl: 1.10569 tp: 1.08944
0	10:37:27.041	'89010303': order #7779580 sell 0.01 EURUSD at 1.10141 was modified -> sl: 1.10569 tp: 1.08944
0	10:37:27.073	'89010303': modify order #7789153 sell 0.01 EURUSD at 1.09637 sl: 1.10060 tp: 1.09032 -> sl: 1.10060 tp: 1.08944
0	10:37:27.270	'89010303': order #7789153 sell 0.01 EURUSD at 1.09637 was modified -> sl: 1.10060 tp: 1.08944
0	10:37:27.365	'89010303': modify order #7789154 sell 0.01 EURUSD at 1.09637 sl: 1.10060 tp: 1.09032 -> sl: 1.10060 tp: 1.08944
0	10:37:27.532	'89010303': order #7789154 sell 0.01 EURUSD at 1.09637 was modified -> sl: 1.10060 tp: 1.08944
0	10:37:27.596	'89010303': modify order #7789461 sell 0.01 EURUSD at 1.09639 sl: 1.10065 tp: 1.09033 -> sl: 1.10065 tp: 1.08944
0	10:37:27.856	'89010303': order #7789461 sell 0.01 EURUSD at 1.09639 was modified -> sl: 1.10065 tp: 1.08944
0	10:37:27.921	'89010303': modify order #7789466 sell 0.01 EURUSD at 1.09626 sl: 1.10052 tp: 1.09032 -> sl: 1.10052 tp: 1.08945
0	10:37:28.083	'89010303': order #7789466 sell 0.01 EURUSD at 1.09626 was modified -> sl: 1.10052 tp: 1.08945
0	10:37:28.148	'89010303': modify order #7789597 sell 0.01 EURUSD at 1.09508 sl: 1.09935 tp: 1.09032 -> sl: 1.09935 tp: 1.08946
0	10:37:28.348	'89010303': order #7789597 sell 0.01 EURUSD at 1.09508 was modified -> sl: 1.09935 tp: 1.08946
0	10:37:28.411	'89010303': modify order #7789716 sell 0.01 EURUSD at 1.09441 sl: 1.09866 tp: 1.09041 -> sl: 1.09866 tp: 1.08943
0	10:37:28.573	'89010303': order #7789716 sell 0.01 EURUSD at 1.09441 was modified -> sl: 1.09866 tp: 1.08943
0	10:39:17.443	'89010303': instant order sell 0.01 EURUSD at 1.09369 sl: 1.09796 tp: 1.08969
0	10:39:18.054	'89010303': order was opened : #7789761 sell 0.01 EURUSD at 1.09374 sl: 1.09796 tp: 1.08969
0	10:47:38.296	'89010303': modify order #7789594 sell 0.01 EURUSD at 1.09518 sl: 1.09950 tp: 0.00000 -> sl: 1.09950 tp: 1.09370
0	10:47:39.432	'89010303': order #7789594 sell 0.01 EURUSD at 1.09518 was modified -> sl: 1.09950 tp: 1.09370
0	10:50:20.915	'89010303': modify order #7789594 sell 0.01 EURUSD at 1.09518 sl: 1.09950 tp: 1.09370 -> sl: 1.09950 tp: 1.09348
0	10:50:21.434	'89010303': order #7789594 sell 0.01 EURUSD at 1.09518 was modified -> sl: 1.09950 tp: 1.09348
0	10:53:50.279	'89010303': modify order #7789594 sell 0.01 EURUSD at 1.09518 sl: 1.09950 tp: 1.09348 -> sl: 1.09950 tp: 1.09329
0	10:53:51.219	'89010303': order #7789594 sell 0.01 EURUSD at 1.09518 was modified -> sl: 1.09950 tp: 1.09329
0	10:58:55.889	'89010303': modify order #7789594 sell 0.01 EURUSD at 1.09518 sl: 1.09950 tp: 1.09329 -> sl: 1.09950 tp: 1.09300
0	10:58:56.087	'89010303': order #7789594 sell 0.01 EURUSD at 1.09518 was modified -> sl: 1.09950 tp: 1.09300
0	11:10:22.787	'89010303': modify order #7789594 sell 0.01 EURUSD at 1.09518 sl: 1.09950 tp: 1.09300 -> sl: 1.09950 tp: 1.09278
0	11:10:23.305	'89010303': order #7789594 sell 0.01 EURUSD at 1.09518 was modified -> sl: 1.09950 tp: 1.09278
0	11:15:38.637	'89010303': modify order #7789594 sell 0.01 EURUSD at 1.09518 sl: 1.09950 tp: 1.09278 -> sl: 1.09950 tp: 1.09270
0	11:15:39.031	'89010303': order #7789594 sell 0.01 EURUSD at 1.09518 was modified -> sl: 1.09950 tp: 1.09270
1	13:21:45.987	'89010303': ping failed
1	13:21:47.990	'89010303': connect failed [No connection]
0	13:21:56.760	'89010303': login on FXCM-GBPReal01 through External
0	13:22:00.236	'89010303': ping to current access point External is 94.04 ms
1	13:23:07.775	MQL4 Market: failed to load products
0	15:51:42.045	'89010303': order #7777390 buy 0.01 EURUSD at 1.09748 closed due stop-loss at price 1.09320
0	15:51:55.837	'89010303': order #7789594 sell 0.01 EURUSD at 1.09518 closed due take-profit at price 1.09269
0	15:51:55.996	'89010303': order #7789460 buy 0.01 EURUSD at 1.09663 closed due stop-loss at price 1.09238
0	15:53:06.689	'89010303': modify order #7779406 sell 0.01 EURUSD at 1.10152 sl: 1.10563 tp: 1.08945 -> sl: 1.10563 tp: 1.08896
0	15:53:08.365	'89010303': order #7779406 sell 0.01 EURUSD at 1.10152 was modified -> sl: 1.10563 tp: 1.08896
0	15:53:08.397	'89010303': modify order #7779576 sell 0.01 EURUSD at 1.10140 sl: 1.10567 tp: 1.08945 -> sl: 1.10567 tp: 1.08895
0	15:53:08.787	'89010303': order #7779576 sell 0.01 EURUSD at 1.10140 was modified -> sl: 1.10567 tp: 1.08895
0	15:53:08.819	'89010303': modify order #7779579 sell 0.01 EURUSD at 1.10141 sl: 1.10559 tp: 1.08944 -> sl: 1.10559 tp: 1.08896
0	15:53:09.010	'89010303': order #7779579 sell 0.01 EURUSD at 1.10141 was modified -> sl: 1.10559 tp: 1.08896
0	15:53:09.045	'89010303': modify order #7779580 sell 0.01 EURUSD at 1.10141 sl: 1.10569 tp: 1.08944 -> sl: 1.10569 tp: 1.08895
0	15:53:09.274	'89010303': order #7779580 sell 0.01 EURUSD at 1.10141 was modified -> sl: 1.10569 tp: 1.08895
0	15:53:09.306	'89010303': modify order #7789153 sell 0.01 EURUSD at 1.09637 sl: 1.10060 tp: 1.08944 -> sl: 1.10060 tp: 1.08895
0	15:53:09.465	'89010303': order #7789153 sell 0.01 EURUSD at 1.09637 was modified -> sl: 1.10060 tp: 1.08895
0	15:53:09.467	'89010303': modify order #7789154 sell 0.01 EURUSD at 1.09637 sl: 1.10060 tp: 1.08944 -> sl: 1.10060 tp: 1.08895
0	15:53:09.692	'89010303': order #7789154 sell 0.01 EURUSD at 1.09637 was modified -> sl: 1.10060 tp: 1.08895
0	15:53:09.757	'89010303': modify order #7789461 sell 0.01 EURUSD at 1.09639 sl: 1.10065 tp: 1.08944 -> sl: 1.10065 tp: 1.08896
0	15:53:09.956	'89010303': order #7789461 sell 0.01 EURUSD at 1.09639 was modified -> sl: 1.10065 tp: 1.08896
0	15:53:09.988	'89010303': modify order #7789466 sell 0.01 EURUSD at 1.09626 sl: 1.10052 tp: 1.08945 -> sl: 1.10052 tp: 1.08897
0	15:53:10.118	'89010303': order #7789466 sell 0.01 EURUSD at 1.09626 was modified -> sl: 1.10052 tp: 1.08897
0	15:53:10.179	'89010303': modify order #7789597 sell 0.01 EURUSD at 1.09508 sl: 1.09935 tp: 1.08946 -> sl: 1.09935 tp: 1.08897
0	15:53:10.342	'89010303': order #7789597 sell 0.01 EURUSD at 1.09508 was modified -> sl: 1.09935 tp: 1.08897
0	15:53:10.374	'89010303': modify order #7789716 sell 0.01 EURUSD at 1.09441 sl: 1.09866 tp: 1.08943 -> sl: 1.09866 tp: 1.08896
0	15:53:10.536	'89010303': order #7789716 sell 0.01 EURUSD at 1.09441 was modified -> sl: 1.09866 tp: 1.08896
0	15:53:10.602	'89010303': modify order #7789761 sell 0.01 EURUSD at 1.09374 sl: 1.09796 tp: 1.08969 -> sl: 1.09796 tp: 1.08896
0	15:53:10.796	'89010303': order #7789761 sell 0.01 EURUSD at 1.09374 was modified -> sl: 1.09796 tp: 1.08896
0	15:55:06.217	'89010303': instant order buy 0.01 EURUSD at 1.09287 sl: 1.08861 tp: 1.09758
0	15:55:06.604	'89010303': order was opened : #7792484 buy 0.01 EURUSD at 1.09287 sl: 1.08861 tp: 1.09758
0	16:08:00.651	'89010303': instant order sell 0.01 EURUSD at 1.09410 sl: 1.09835 tp: 1.08686
0	16:08:00.846	'89010303': order was opened : #7792597 sell 0.01 EURUSD at 1.09410 sl: 1.09835 tp: 1.08686
0	16:08:01.008	'89010303': instant order sell 0.01 EURUSD at 1.09410 sl: 1.09835 tp: 1.09010
0	16:08:01.296	'89010303': order was opened : #7792598 sell 0.01 EURUSD at 1.09410 sl: 1.09835 tp: 1.09010
0	16:22:44.122	'89010303': modify order #7792597 sell 0.01 EURUSD at 1.09410 sl: 1.09835 tp: 1.08686 -> sl: 1.09835 tp: 1.08554
0	16:22:44.353	'89010303': order #7792597 sell 0.01 EURUSD at 1.09410 was modified -> sl: 1.09835 tp: 1.08554
0	16:22:44.353	'89010303': modify order #7792598 sell 0.01 EURUSD at 1.09410 sl: 1.09835 tp: 1.09010 -> sl: 1.09835 tp: 1.08950
0	16:22:44.734	'89010303': order #7792598 sell 0.01 EURUSD at 1.09410 was modified -> sl: 1.09835 tp: 1.08950
0	19:06:04.371	'89010303': modify order #7792598 sell 0.01 EURUSD at 1.09410 sl: 1.09835 tp: 1.08950 -> sl: 1.09835 tp: 1.08940
0	19:06:04.732	'89010303': order #7792598 sell 0.01 EURUSD at 1.09410 was modified -> sl: 1.09835 tp: 1.08940
0	19:08:03.297	'89010303': modify order #7792598 sell 0.01 EURUSD at 1.09410 sl: 1.09835 tp: 1.08940 -> sl: 1.09835 tp: 1.08927
0	19:08:03.876	'89010303': order #7792598 sell 0.01 EURUSD at 1.09410 was modified -> sl: 1.09835 tp: 1.08927
0	19:15:20.643	'89010303': modify order #7792598 sell 0.01 EURUSD at 1.09410 sl: 1.09835 tp: 1.08927 -> sl: 1.09835 tp: 1.08911
0	19:15:20.899	'89010303': order #7792598 sell 0.01 EURUSD at 1.09410 was modified -> sl: 1.09835 tp: 1.08911
0	19:29:18.806	'89010303': modify order #7792598 sell 0.01 EURUSD at 1.09410 sl: 1.09835 tp: 1.08911 -> sl: 1.09835 tp: 1.08907
0	19:29:18.980	'89010303': order #7792598 sell 0.01 EURUSD at 1.09410 was modified -> sl: 1.09835 tp: 1.08907
0	19:30:50.912	'89010303': modify order #7789466 sell 0.01 EURUSD at 1.09626 sl: 1.10052 tp: 1.08897 -> sl: 1.10052 tp: 1.08896
0	19:30:51.259	'89010303': order #7789466 sell 0.01 EURUSD at 1.09626 was modified -> sl: 1.10052 tp: 1.08896
0	19:30:51.259	'89010303': modify order #7789597 sell 0.01 EURUSD at 1.09508 sl: 1.09935 tp: 1.08897 -> sl: 1.09935 tp: 1.08896
0	19:30:51.427	'89010303': order #7789597 sell 0.01 EURUSD at 1.09508 was modified -> sl: 1.09935 tp: 1.08896
0	19:30:52.371	'89010303': modify order #7792598 sell 0.01 EURUSD at 1.09410 sl: 1.09835 tp: 1.08907 -> sl: 1.09835 tp: 1.08897
0	19:30:52.599	'89010303': order #7792598 sell 0.01 EURUSD at 1.09410 was modified -> sl: 1.09835 tp: 1.08897
