1	17:00:03.730	'89010303': connect failed [No connection]
0	17:09:05.309	'89010303': login on FXCM-GBPReal01 through External
0	17:09:07.090	'89010303': ping to current access point External is 76.93 ms
1	17:09:37.543	MQL4 Market: failed to load products
0	21:00:54.894	'89010303': instant order sell 0.02 EURUSD at 1.07241 sl: 1.07694 tp: 1.06841
1	21:00:55.128	'89010303': order sell 0.02 EURUSD opening at 1.07241 sl: 1.07694 tp: 1.06841 failed [Market is closed]
0	21:00:56.816	'89010303': instant order sell 0.02 EURUSD at 1.07241 sl: 1.07694 tp: 1.06841
1	21:00:56.941	'89010303': order sell 0.02 EURUSD opening at 1.07241 sl: 1.07694 tp: 1.06841 failed [Market is closed]
0	21:01:00.488	'89010303': instant order sell 0.02 EURUSD at 1.07241 sl: 1.07694 tp: 1.06841
1	21:01:00.628	'89010303': order sell 0.02 EURUSD opening at 1.07241 sl: 1.07694 tp: 1.06841 failed [Market is closed]
0	21:01:00.628	'89010303': instant order sell 0.02 EURUSD at 1.07241 sl: 1.07694 tp: 1.06841
1	21:01:00.769	'89010303': order sell 0.02 EURUSD opening at 1.07241 sl: 1.07694 tp: 1.06841 failed [Market is closed]
0	21:01:20.410	'89010303': instant order sell 0.02 EURUSD at 1.07241 sl: 1.07708 tp: 1.06841
1	21:01:20.550	'89010303': order sell 0.02 EURUSD opening at 1.07241 sl: 1.07708 tp: 1.06841 failed [Market is closed]
0	21:01:20.550	'89010303': instant order sell 0.02 EURUSD at 1.07241 sl: 1.07708 tp: 1.06841
1	21:01:20.675	'89010303': order sell 0.02 EURUSD opening at 1.07241 sl: 1.07708 tp: 1.06841 failed [Market is closed]
0	21:01:20.675	'89010303': modify order #7524239 sell 0.02 EURUSD at 1.07226 sl: 1.07650 tp: 1.06973 -> sl: 1.07650 tp: 1.06968
1	21:01:20.816	'89010303': modification of order #7524239 sell 0.02 EURUSD at 1.07226 sl: 1.07650 tp: 1.06973 -> sl: 1.07650 tp: 1.06968 failed [Market is closed]
0	21:01:20.816	'89010303': modify order #7525018 sell 0.02 EURUSD at 1.07394 sl: 1.07818 tp: 1.06974 -> sl: 1.07818 tp: 1.06968
1	21:01:20.957	'89010303': modification of order #7525018 sell 0.02 EURUSD at 1.07394 sl: 1.07818 tp: 1.06974 -> sl: 1.07818 tp: 1.06968 failed [Market is closed]
0	21:01:20.957	'89010303': instant order sell 0.02 EURUSD at 1.07241 sl: 1.07708 tp: 1.06841
1	21:01:21.082	'89010303': order sell 0.02 EURUSD opening at 1.07241 sl: 1.07708 tp: 1.06841 failed [Market is closed]
0	21:01:21.082	'89010303': instant order sell 0.02 EURUSD at 1.07241 sl: 1.07708 tp: 1.06841
1	21:01:21.222	'89010303': order sell 0.02 EURUSD opening at 1.07241 sl: 1.07708 tp: 1.06841 failed [Market is closed]
0	21:02:10.941	'89010303': modify order #7524239 sell 0.02 EURUSD at 1.07226 sl: 1.07650 tp: 1.06973 -> sl: 1.07650 tp: 1.06955
1	21:02:11.097	'89010303': modification of order #7524239 sell 0.02 EURUSD at 1.07226 sl: 1.07650 tp: 1.06973 -> sl: 1.07650 tp: 1.06955 failed [Market is closed]
0	21:03:24.832	'89010303': instant order sell 0.02 EURUSD at 1.07242 sl: 1.07709 tp: 1.06842
1	21:03:24.957	'89010303': order sell 0.02 EURUSD opening at 1.07242 sl: 1.07709 tp: 1.06842 failed [Market is closed]
0	21:03:24.957	'89010303': instant order sell 0.02 EURUSD at 1.07241 sl: 1.07694 tp: 1.06841
1	21:03:25.082	'89010303': order sell 0.02 EURUSD opening at 1.07241 sl: 1.07694 tp: 1.06841 failed [Market is closed]
0	21:03:25.082	'89010303': instant order sell 0.02 EURUSD at 1.07241 sl: 1.07692 tp: 1.06841
1	21:03:25.207	'89010303': order sell 0.02 EURUSD opening at 1.07241 sl: 1.07692 tp: 1.06841 failed [Market is closed]
0	21:03:25.207	'89010303': instant order sell 0.02 EURUSD at 1.07241 sl: 1.07692 tp: 1.06841
1	21:03:25.332	'89010303': order sell 0.02 EURUSD opening at 1.07241 sl: 1.07692 tp: 1.06841 failed [Market is closed]
0	21:04:32.472	'89010303': instant order sell 0.02 EURUSD at 1.07247 sl: 1.07704 tp: 1.06847
1	21:04:32.597	'89010303': order sell 0.02 EURUSD opening at 1.07247 sl: 1.07704 tp: 1.06847 failed [Market is closed]
0	21:04:32.644	'89010303': instant order sell 0.02 EURUSD at 1.07247 sl: 1.07704 tp: 1.06847
1	21:04:32.769	'89010303': order sell 0.02 EURUSD opening at 1.07247 sl: 1.07704 tp: 1.06847 failed [Market is closed]
0	21:04:32.769	'89010303': instant order sell 0.02 EURUSD at 1.07247 sl: 1.07704 tp: 1.06847
1	21:04:32.894	'89010303': order sell 0.02 EURUSD opening at 1.07247 sl: 1.07704 tp: 1.06847 failed [Market is closed]
0	21:04:32.894	'89010303': instant order sell 0.02 EURUSD at 1.07247 sl: 1.07704 tp: 1.06847
1	21:04:33.019	'89010303': order sell 0.02 EURUSD opening at 1.07247 sl: 1.07704 tp: 1.06847 failed [Market is closed]
0	21:06:06.550	'89010303': modify order #7524239 sell 0.02 EURUSD at 1.07226 sl: 1.07650 tp: 1.06973 -> sl: 1.07650 tp: 1.06968
1	21:06:06.676	'89010303': modification of order #7524239 sell 0.02 EURUSD at 1.07226 sl: 1.07650 tp: 1.06973 -> sl: 1.07650 tp: 1.06968 failed [Market is closed]
0	21:06:06.676	'89010303': modify order #7525018 sell 0.02 EURUSD at 1.07394 sl: 1.07818 tp: 1.06974 -> sl: 1.07818 tp: 1.06968
1	21:06:06.801	'89010303': modification of order #7525018 sell 0.02 EURUSD at 1.07394 sl: 1.07818 tp: 1.06974 -> sl: 1.07818 tp: 1.06968 failed [Market is closed]
0	21:10:26.504	'89010303': instant order sell 0.02 EURUSD at 1.07272 sl: 1.07732 tp: 1.06872
1	21:10:26.660	'89010303': order sell 0.02 EURUSD opening at 1.07272 sl: 1.07732 tp: 1.06872 failed [Market is closed]
0	21:10:26.910	'89010303': instant order sell 0.02 EURUSD at 1.07272 sl: 1.07732 tp: 1.06872
1	21:10:27.051	'89010303': order sell 0.02 EURUSD opening at 1.07272 sl: 1.07732 tp: 1.06872 failed [Market is closed]
0	21:14:43.785	'89010303': instant order sell 0.02 EURUSD at 1.07256 sl: 1.07724 tp: 1.06856
1	21:14:43.910	'89010303': order sell 0.02 EURUSD opening at 1.07256 sl: 1.07724 tp: 1.06856 failed [Market is closed]
0	21:14:44.145	'89010303': instant order sell 0.02 EURUSD at 1.07256 sl: 1.07724 tp: 1.06856
1	21:14:44.269	'89010303': order sell 0.02 EURUSD opening at 1.07256 sl: 1.07724 tp: 1.06856 failed [Market is closed]
0	21:15:16.504	'89010303': instant order sell 0.02 EURUSD at 1.07256 sl: 1.07734 tp: 1.07177
1	21:15:16.676	'89010303': order sell 0.02 EURUSD opening at 1.07256 sl: 1.07734 tp: 1.07177 failed [Market is closed]
0	21:15:16.676	'89010303': instant order sell 0.02 EURUSD at 1.07261 sl: 1.07734 tp: 1.07182
1	21:15:16.816	'89010303': order sell 0.02 EURUSD opening at 1.07261 sl: 1.07734 tp: 1.07182 failed [Market is closed]
0	21:16:03.645	'89010303': instant order sell 0.02 EURUSD at 1.07256 sl: 1.07722 tp: 1.07189
1	21:16:03.785	'89010303': order sell 0.02 EURUSD opening at 1.07256 sl: 1.07722 tp: 1.07189 failed [Market is closed]
0	21:16:03.785	'89010303': instant order sell 0.02 EURUSD at 1.07256 sl: 1.07722 tp: 1.06856
1	21:16:03.910	'89010303': order sell 0.02 EURUSD opening at 1.07256 sl: 1.07722 tp: 1.06856 failed [Market is closed]
0	21:16:03.910	'89010303': instant order sell 0.02 EURUSD at 1.07256 sl: 1.07722 tp: 1.06856
1	21:16:04.035	'89010303': order sell 0.02 EURUSD opening at 1.07256 sl: 1.07722 tp: 1.06856 failed [Market is closed]
0	21:16:04.035	'89010303': instant order sell 0.02 EURUSD at 1.07256 sl: 1.07722 tp: 1.07189
1	21:16:04.160	'89010303': order sell 0.02 EURUSD opening at 1.07256 sl: 1.07722 tp: 1.07189 failed [Market is closed]
0	21:18:06.692	'89010303': instant order sell 0.02 EURUSD at 1.07290 sl: 1.07733 tp: 1.07215
1	21:18:06.817	'89010303': order sell 0.02 EURUSD opening at 1.07290 sl: 1.07733 tp: 1.07215 failed [Market is closed]
0	21:18:06.832	'89010303': instant order sell 0.02 EURUSD at 1.07290 sl: 1.07733 tp: 1.06890
1	21:18:06.941	'89010303': order sell 0.02 EURUSD opening at 1.07290 sl: 1.07733 tp: 1.06890 failed [Market is closed]
0	21:18:07.176	'89010303': instant order sell 0.02 EURUSD at 1.07290 sl: 1.07733 tp: 1.06890
1	21:18:07.301	'89010303': order sell 0.02 EURUSD opening at 1.07290 sl: 1.07733 tp: 1.06890 failed [Market is closed]
0	21:18:07.301	'89010303': instant order sell 0.02 EURUSD at 1.07290 sl: 1.07733 tp: 1.07215
1	21:18:07.426	'89010303': order sell 0.02 EURUSD opening at 1.07290 sl: 1.07733 tp: 1.07215 failed [Market is closed]
0	21:22:01.285	'89010303': instant order sell 0.02 EURUSD at 1.07289 sl: 1.07728 tp: 1.07220
1	21:22:01.395	'89010303': order sell 0.02 EURUSD opening at 1.07289 sl: 1.07728 tp: 1.07220 failed [Market is closed]
0	21:22:01.660	'89010303': instant order sell 0.02 EURUSD at 1.07289 sl: 1.07728 tp: 1.06889
1	21:22:01.770	'89010303': order sell 0.02 EURUSD opening at 1.07289 sl: 1.07728 tp: 1.06889 failed [Market is closed]
0	21:22:01.770	'89010303': instant order sell 0.02 EURUSD at 1.07289 sl: 1.07728 tp: 1.07220
1	21:22:01.895	'89010303': order sell 0.02 EURUSD opening at 1.07289 sl: 1.07728 tp: 1.07220 failed [Market is closed]
0	21:22:04.660	'89010303': instant order sell 0.02 EURUSD at 1.07283 sl: 1.07712 tp: 1.07230
1	21:22:04.910	'89010303': order sell 0.02 EURUSD opening at 1.07283 sl: 1.07712 tp: 1.07230 failed [Market is closed]
0	21:22:04.910	'89010303': instant order sell 0.02 EURUSD at 1.07258 sl: 1.07710 tp: 0.00000
1	21:22:05.067	'89010303': order sell 0.02 EURUSD opening at 1.07258 sl: 1.07710 tp: 0.00000 failed [Market is closed]
0	21:23:55.254	'89010303': instant order sell 0.02 EURUSD at 1.07288 sl: 1.07755 tp: 1.07190
1	21:23:55.379	'89010303': order sell 0.02 EURUSD opening at 1.07288 sl: 1.07755 tp: 1.07190 failed [Market is closed]
0	21:23:55.379	'89010303': instant order sell 0.02 EURUSD at 1.07288 sl: 1.07755 tp: 1.06888
1	21:23:55.504	'89010303': order sell 0.02 EURUSD opening at 1.07288 sl: 1.07755 tp: 1.06888 failed [Market is closed]
0	21:23:55.504	'89010303': instant order sell 0.02 EURUSD at 1.07288 sl: 1.07755 tp: 1.06888
1	21:23:55.629	'89010303': order sell 0.02 EURUSD opening at 1.07288 sl: 1.07755 tp: 1.06888 failed [Market is closed]
0	21:23:55.629	'89010303': instant order sell 0.02 EURUSD at 1.07288 sl: 1.07755 tp: 1.07190
1	21:23:55.754	'89010303': order sell 0.02 EURUSD opening at 1.07288 sl: 1.07755 tp: 1.07190 failed [Market is closed]
0	21:26:17.536	'89010303': instant order sell 0.02 EURUSD at 1.07241 sl: 1.07692 tp: 0.00000
1	21:26:17.692	'89010303': order sell 0.02 EURUSD opening at 1.07241 sl: 1.07692 tp: 0.00000 failed [Market is closed]
0	21:26:17.739	'89010303': instant order sell 0.02 EURUSD at 1.07241 sl: 1.07692 tp: 1.06841
1	21:26:17.864	'89010303': order sell 0.02 EURUSD opening at 1.07241 sl: 1.07692 tp: 1.06841 failed [Market is closed]
0	21:26:17.942	'89010303': instant order sell 0.02 EURUSD at 1.07241 sl: 1.07692 tp: 1.06841
1	21:26:18.067	'89010303': order sell 0.02 EURUSD opening at 1.07241 sl: 1.07692 tp: 1.06841 failed [Market is closed]
0	21:26:18.504	'89010303': instant order sell 0.02 EURUSD at 1.07241 sl: 1.07692 tp: 1.06841
1	21:26:18.645	'89010303': order sell 0.02 EURUSD opening at 1.07241 sl: 1.07692 tp: 1.06841 failed [Market is closed]
0	21:26:18.645	'89010303': instant order sell 0.02 EURUSD at 1.07241 sl: 1.07692 tp: 0.00000
1	21:26:18.770	'89010303': order sell 0.02 EURUSD opening at 1.07241 sl: 1.07692 tp: 0.00000 failed [Market is closed]
0	21:26:18.770	'89010303': instant order sell 0.02 EURUSD at 1.07241 sl: 1.07692 tp: 1.06841
1	21:26:18.895	'89010303': order sell 0.02 EURUSD opening at 1.07241 sl: 1.07692 tp: 1.06841 failed [Market is closed]
0	21:27:02.520	'89010303': instant order sell 0.02 EURUSD at 1.07241 sl: 1.07694 tp: 0.00000
1	21:27:02.692	'89010303': order sell 0.02 EURUSD opening at 1.07241 sl: 1.07694 tp: 0.00000 failed [Market is closed]
0	21:27:02.692	'89010303': instant order sell 0.02 EURUSD at 1.07246 sl: 1.07697 tp: 1.06846
1	21:27:02.832	'89010303': order sell 0.02 EURUSD opening at 1.07246 sl: 1.07697 tp: 1.06846 failed [Market is closed]
0	21:27:02.832	'89010303': instant order sell 0.02 EURUSD at 1.07246 sl: 1.07697 tp: 1.06846
1	21:27:02.973	'89010303': order sell 0.02 EURUSD opening at 1.07246 sl: 1.07697 tp: 1.06846 failed [Market is closed]
0	21:27:02.973	'89010303': instant order sell 0.02 EURUSD at 1.07246 sl: 1.07697 tp: 0.00000
1	21:27:03.098	'89010303': order sell 0.02 EURUSD opening at 1.07246 sl: 1.07697 tp: 0.00000 failed [Market is closed]
0	21:27:03.098	'89010303': instant order sell 0.02 EURUSD at 1.07246 sl: 1.07697 tp: 1.06846
1	21:27:03.239	'89010303': order sell 0.02 EURUSD opening at 1.07246 sl: 1.07697 tp: 1.06846 failed [Market is closed]
0	21:28:31.145	'89010303': instant order sell 0.02 EURUSD at 1.07241 sl: 1.07694 tp: 0.00000
1	21:28:31.286	'89010303': order sell 0.02 EURUSD opening at 1.07241 sl: 1.07694 tp: 0.00000 failed [Market is closed]
0	21:28:31.286	'89010303': instant order sell 0.02 EURUSD at 1.07241 sl: 1.07694 tp: 1.06841
1	21:28:31.426	'89010303': order sell 0.02 EURUSD opening at 1.07241 sl: 1.07694 tp: 1.06841 failed [Market is closed]
0	21:28:31.426	'89010303': instant order sell 0.02 EURUSD at 1.07241 sl: 1.07694 tp: 1.06841
1	21:28:31.567	'89010303': order sell 0.02 EURUSD opening at 1.07241 sl: 1.07694 tp: 1.06841 failed [Market is closed]
0	21:28:31.567	'89010303': instant order sell 0.02 EURUSD at 1.07241 sl: 1.07694 tp: 0.00000
1	21:28:31.707	'89010303': order sell 0.02 EURUSD opening at 1.07241 sl: 1.07694 tp: 0.00000 failed [Market is closed]
0	21:28:31.707	'89010303': instant order sell 0.02 EURUSD at 1.07241 sl: 1.07694 tp: 1.06841
1	21:28:31.848	'89010303': order sell 0.02 EURUSD opening at 1.07241 sl: 1.07694 tp: 1.06841 failed [Market is closed]
0	21:29:51.973	'89010303': instant order sell 0.02 EURUSD at 1.07211 sl: 1.07662 tp: 0.00000
1	21:29:52.098	'89010303': order sell 0.02 EURUSD opening at 1.07211 sl: 1.07662 tp: 0.00000 failed [Market is closed]
0	21:29:52.098	'89010303': instant order sell 0.02 EURUSD at 1.07211 sl: 1.07662 tp: 1.06811
1	21:29:52.239	'89010303': order sell 0.02 EURUSD opening at 1.07211 sl: 1.07662 tp: 1.06811 failed [Market is closed]
0	21:29:52.239	'89010303': instant order sell 0.02 EURUSD at 1.07211 sl: 1.07662 tp: 1.05577
1	21:29:52.364	'89010303': order sell 0.02 EURUSD opening at 1.07211 sl: 1.07662 tp: 1.05577 failed [Market is closed]
0	21:29:52.364	'89010303': modify order #7524239 sell 0.02 EURUSD at 1.07226 sl: 1.07650 tp: 1.06973 -> sl: 1.07650 tp: 1.06958
1	21:29:52.489	'89010303': modification of order #7524239 sell 0.02 EURUSD at 1.07226 sl: 1.07650 tp: 1.06973 -> sl: 1.07650 tp: 1.06958 failed [Market is closed]
0	21:29:52.489	'89010303': modify order #7525018 sell 0.02 EURUSD at 1.07394 sl: 1.07818 tp: 1.06974 -> sl: 1.07818 tp: 1.06958
1	21:29:52.614	'89010303': modification of order #7525018 sell 0.02 EURUSD at 1.07394 sl: 1.07818 tp: 1.06974 -> sl: 1.07818 tp: 1.06958 failed [Market is closed]
0	21:29:52.614	'89010303': instant order sell 0.02 EURUSD at 1.07211 sl: 1.07662 tp: 1.06811
1	21:29:52.739	'89010303': order sell 0.02 EURUSD opening at 1.07211 sl: 1.07662 tp: 1.06811 failed [Market is closed]
0	21:29:52.739	'89010303': instant order sell 0.02 EURUSD at 1.07211 sl: 1.07662 tp: 0.00000
1	21:29:52.864	'89010303': order sell 0.02 EURUSD opening at 1.07211 sl: 1.07662 tp: 0.00000 failed [Market is closed]
0	21:29:52.864	'89010303': instant order sell 0.02 EURUSD at 1.07211 sl: 1.07662 tp: 1.06811
1	21:29:52.989	'89010303': order sell 0.02 EURUSD opening at 1.07211 sl: 1.07662 tp: 1.06811 failed [Market is closed]
0	21:29:52.989	'89010303': instant order sell 0.02 EURUSD at 1.07211 sl: 1.07662 tp: 1.05577
1	21:29:53.114	'89010303': order sell 0.02 EURUSD opening at 1.07211 sl: 1.07662 tp: 1.05577 failed [Market is closed]
0	21:31:09.973	'89010303': instant order sell 0.02 EURUSD at 1.07201 sl: 1.07657 tp: 1.05536
1	21:31:10.098	'89010303': order sell 0.02 EURUSD opening at 1.07201 sl: 1.07657 tp: 1.05536 failed [Market is closed]
0	21:31:10.223	'89010303': modify order #7524162 sell 0.02 EURUSD at 1.07274 sl: 1.07699 tp: 1.06802 -> sl: 1.07699 tp: 1.06801
1	21:31:10.348	'89010303': modification of order #7524162 sell 0.02 EURUSD at 1.07274 sl: 1.07699 tp: 1.06802 -> sl: 1.07699 tp: 1.06801 failed [Market is closed]
0	21:31:10.348	'89010303': modify order #7524239 sell 0.02 EURUSD at 1.07226 sl: 1.07650 tp: 1.06973 -> sl: 1.07650 tp: 1.06917
1	21:31:10.473	'89010303': modification of order #7524239 sell 0.02 EURUSD at 1.07226 sl: 1.07650 tp: 1.06973 -> sl: 1.07650 tp: 1.06917 failed [Market is closed]
0	21:31:10.473	'89010303': modify order #7524320 sell 0.02 EURUSD at 1.07405 sl: 1.07831 tp: 1.06803 -> sl: 1.07831 tp: 1.06801
1	21:31:10.598	'89010303': modification of order #7524320 sell 0.02 EURUSD at 1.07405 sl: 1.07831 tp: 1.06803 -> sl: 1.07831 tp: 1.06801 failed [Market is closed]
0	21:31:10.598	'89010303': modify order #7524351 sell 0.02 EURUSD at 1.07346 sl: 1.07768 tp: 1.06803 -> sl: 1.07768 tp: 1.06801
1	21:31:10.723	'89010303': modification of order #7524351 sell 0.02 EURUSD at 1.07346 sl: 1.07768 tp: 1.06803 -> sl: 1.07768 tp: 1.06801 failed [Market is closed]
0	21:31:10.723	'89010303': modify order #7524535 sell 0.02 EURUSD at 1.07455 sl: 1.07880 tp: 1.06803 -> sl: 1.07880 tp: 1.06794
1	21:31:10.848	'89010303': modification of order #7524535 sell 0.02 EURUSD at 1.07455 sl: 1.07880 tp: 1.06803 -> sl: 1.07880 tp: 1.06794 failed [Market is closed]
0	21:31:10.848	'89010303': modify order #7524801 sell 0.02 EURUSD at 1.07365 sl: 1.07790 tp: 1.06803 -> sl: 1.07790 tp: 1.06801
1	21:31:10.973	'89010303': modification of order #7524801 sell 0.02 EURUSD at 1.07365 sl: 1.07790 tp: 1.06803 -> sl: 1.07790 tp: 1.06801 failed [Market is closed]
0	21:31:10.973	'89010303': modify order #7525013 sell 0.02 EURUSD at 1.07401 sl: 1.07822 tp: 1.06803 -> sl: 1.07822 tp: 1.06801
1	21:31:11.114	'89010303': modification of order #7525013 sell 0.02 EURUSD at 1.07401 sl: 1.07822 tp: 1.06803 -> sl: 1.07822 tp: 1.06801 failed [Market is closed]
0	21:31:11.114	'89010303': modify order #7525018 sell 0.02 EURUSD at 1.07394 sl: 1.07818 tp: 1.06974 -> sl: 1.07818 tp: 1.06917
1	21:31:11.254	'89010303': modification of order #7525018 sell 0.02 EURUSD at 1.07394 sl: 1.07818 tp: 1.06974 -> sl: 1.07818 tp: 1.06917 failed [Market is closed]
0	21:31:11.254	'89010303': modify order #7525104 sell 0.02 EURUSD at 1.07384 sl: 1.07810 tp: 1.06803 -> sl: 1.07810 tp: 1.06801
1	21:31:11.395	'89010303': modification of order #7525104 sell 0.02 EURUSD at 1.07384 sl: 1.07810 tp: 1.06803 -> sl: 1.07810 tp: 1.06801 failed [Market is closed]
0	21:31:11.395	'89010303': modify order #7525123 sell 0.02 EURUSD at 1.07394 sl: 1.07818 tp: 1.06803 -> sl: 1.07818 tp: 1.06801
1	21:31:11.536	'89010303': modification of order #7525123 sell 0.02 EURUSD at 1.07394 sl: 1.07818 tp: 1.06803 -> sl: 1.07818 tp: 1.06801 failed [Market is closed]
0	21:31:11.536	'89010303': modify order #7525247 sell 0.02 EURUSD at 1.07464 sl: 1.07891 tp: 1.06803 -> sl: 1.07891 tp: 1.06801
1	21:31:11.676	'89010303': modification of order #7525247 sell 0.02 EURUSD at 1.07464 sl: 1.07891 tp: 1.06803 -> sl: 1.07891 tp: 1.06801 failed [Market is closed]
0	21:31:11.676	'89010303': instant order sell 0.02 EURUSD at 1.07201 sl: 1.07657 tp: 1.06801
1	21:31:11.801	'89010303': order sell 0.02 EURUSD opening at 1.07201 sl: 1.07657 tp: 1.06801 failed [Market is closed]
0	21:31:11.801	'89010303': instant order sell 0.02 EURUSD at 1.07201 sl: 1.07657 tp: 0.00000
1	21:31:11.926	'89010303': order sell 0.02 EURUSD opening at 1.07201 sl: 1.07657 tp: 0.00000 failed [Market is closed]
0	21:31:11.926	'89010303': instant order sell 0.02 EURUSD at 1.07201 sl: 1.07657 tp: 1.06801
1	21:31:12.051	'89010303': order sell 0.02 EURUSD opening at 1.07201 sl: 1.07657 tp: 1.06801 failed [Market is closed]
0	21:31:12.051	'89010303': instant order sell 0.02 EURUSD at 1.07201 sl: 1.07657 tp: 1.05536
1	21:31:12.176	'89010303': order sell 0.02 EURUSD opening at 1.07201 sl: 1.07657 tp: 1.05536 failed [Market is closed]
0	21:33:38.833	'89010303': instant order sell 0.02 EURUSD at 1.07228 sl: 1.07667 tp: 1.05589
1	21:33:38.958	'89010303': order sell 0.02 EURUSD opening at 1.07228 sl: 1.07667 tp: 1.05589 failed [Market is closed]
0	21:33:39.114	'89010303': modify order #7524239 sell 0.02 EURUSD at 1.07226 sl: 1.07650 tp: 1.06973 -> sl: 1.07650 tp: 1.06970
1	21:33:39.223	'89010303': modification of order #7524239 sell 0.02 EURUSD at 1.07226 sl: 1.07650 tp: 1.06973 -> sl: 1.07650 tp: 1.06970 failed [Market is closed]
0	21:33:39.223	'89010303': modify order #7525018 sell 0.02 EURUSD at 1.07394 sl: 1.07818 tp: 1.06974 -> sl: 1.07818 tp: 1.06970
1	21:33:39.348	'89010303': modification of order #7525018 sell 0.02 EURUSD at 1.07394 sl: 1.07818 tp: 1.06974 -> sl: 1.07818 tp: 1.06970 failed [Market is closed]
0	21:33:39.348	'89010303': instant order sell 0.02 EURUSD at 1.07228 sl: 1.07667 tp: 0.00000
1	21:33:39.473	'89010303': order sell 0.02 EURUSD opening at 1.07228 sl: 1.07667 tp: 0.00000 failed [Market is closed]
0	21:33:39.473	'89010303': instant order sell 0.02 EURUSD at 1.07228 sl: 1.07667 tp: 1.06828
1	21:33:39.598	'89010303': order sell 0.02 EURUSD opening at 1.07228 sl: 1.07667 tp: 1.06828 failed [Market is closed]
0	21:33:39.598	'89010303': instant order sell 0.02 EURUSD at 1.07228 sl: 1.07667 tp: 1.05589
1	21:33:39.708	'89010303': order sell 0.02 EURUSD opening at 1.07228 sl: 1.07667 tp: 1.05589 failed [Market is closed]
0	21:34:04.098	'89010303': instant order sell 0.02 EURUSD at 1.07219 sl: 1.07665 tp: 1.05564
1	21:34:04.270	'89010303': order sell 0.02 EURUSD opening at 1.07219 sl: 1.07665 tp: 1.05564 failed [Market is closed]
0	21:34:04.270	'89010303': modify order #7524239 sell 0.02 EURUSD at 1.07226 sl: 1.07650 tp: 1.06973 -> sl: 1.07650 tp: 1.06938
1	21:34:04.395	'89010303': modification of order #7524239 sell 0.02 EURUSD at 1.07226 sl: 1.07650 tp: 1.06973 -> sl: 1.07650 tp: 1.06938 failed [Market is closed]
0	21:34:04.395	'89010303': modify order #7525018 sell 0.02 EURUSD at 1.07394 sl: 1.07818 tp: 1.06974 -> sl: 1.07818 tp: 1.06938
1	21:34:04.520	'89010303': modification of order #7525018 sell 0.02 EURUSD at 1.07394 sl: 1.07818 tp: 1.06974 -> sl: 1.07818 tp: 1.06938 failed [Market is closed]
0	21:34:04.520	'89010303': instant order sell 0.02 EURUSD at 1.07212 sl: 1.07662 tp: 1.05560
1	21:34:04.645	'89010303': order sell 0.02 EURUSD opening at 1.07212 sl: 1.07662 tp: 1.05560 failed [Market is closed]
0	21:35:17.770	'89010303': instant order sell 0.02 EURUSD at 1.07208 sl: 1.07647 tp: 1.06808
1	21:35:17.911	'89010303': order sell 0.02 EURUSD opening at 1.07208 sl: 1.07647 tp: 1.06808 failed [Market is closed]
0	21:35:17.911	'89010303': instant order sell 0.02 EURUSD at 1.07209 sl: 1.07647 tp: 1.06809
1	21:35:18.098	'89010303': order sell 0.02 EURUSD opening at 1.07209 sl: 1.07647 tp: 1.06809 failed [Market is closed]
0	21:35:18.098	'89010303': instant order sell 0.02 EURUSD at 1.07208 sl: 1.07647 tp: 1.05565
1	21:35:18.223	'89010303': order sell 0.02 EURUSD opening at 1.07208 sl: 1.07647 tp: 1.05565 failed [Market is closed]
0	21:35:18.239	'89010303': modify order #7524239 sell 0.02 EURUSD at 1.07226 sl: 1.07650 tp: 1.06973 -> sl: 1.07650 tp: 1.06946
1	21:35:18.364	'89010303': modification of order #7524239 sell 0.02 EURUSD at 1.07226 sl: 1.07650 tp: 1.06973 -> sl: 1.07650 tp: 1.06946 failed [Market is closed]
0	21:35:18.364	'89010303': modify order #7525018 sell 0.02 EURUSD at 1.07394 sl: 1.07818 tp: 1.06974 -> sl: 1.07818 tp: 1.06946
1	21:35:18.473	'89010303': modification of order #7525018 sell 0.02 EURUSD at 1.07394 sl: 1.07818 tp: 1.06974 -> sl: 1.07818 tp: 1.06946 failed [Market is closed]
0	21:35:18.473	'89010303': instant order sell 0.02 EURUSD at 1.07208 sl: 1.07647 tp: 1.06808
1	21:35:18.598	'89010303': order sell 0.02 EURUSD opening at 1.07208 sl: 1.07647 tp: 1.06808 failed [Market is closed]
0	21:35:18.598	'89010303': instant order sell 0.02 EURUSD at 1.07208 sl: 1.07647 tp: 1.06808
1	21:35:18.723	'89010303': order sell 0.02 EURUSD opening at 1.07208 sl: 1.07647 tp: 1.06808 failed [Market is closed]
0	21:35:18.723	'89010303': instant order sell 0.02 EURUSD at 1.07208 sl: 1.07647 tp: 1.05565
1	21:35:18.833	'89010303': order sell 0.02 EURUSD opening at 1.07208 sl: 1.07647 tp: 1.05565 failed [Market is closed]
0	21:37:16.973	'89010303': instant order sell 0.02 EURUSD at 1.07202 sl: 1.07652 tp: 1.06802
1	21:37:17.098	'89010303': order sell 0.02 EURUSD opening at 1.07202 sl: 1.07652 tp: 1.06802 failed [Market is closed]
0	21:37:17.192	'89010303': instant order sell 0.02 EURUSD at 1.07202 sl: 1.07652 tp: 1.05548
1	21:37:17.317	'89010303': order sell 0.02 EURUSD opening at 1.07202 sl: 1.07652 tp: 1.05548 failed [Market is closed]
0	21:37:17.458	'89010303': modify order #7524239 sell 0.02 EURUSD at 1.07226 sl: 1.07650 tp: 1.06973 -> sl: 1.07650 tp: 1.06929
1	21:37:17.598	'89010303': modification of order #7524239 sell 0.02 EURUSD at 1.07226 sl: 1.07650 tp: 1.06973 -> sl: 1.07650 tp: 1.06929 failed [Market is closed]
0	21:37:17.598	'89010303': modify order #7524320 sell 0.02 EURUSD at 1.07405 sl: 1.07831 tp: 1.06803 -> sl: 1.07831 tp: 1.06802
1	21:37:17.723	'89010303': modification of order #7524320 sell 0.02 EURUSD at 1.07405 sl: 1.07831 tp: 1.06803 -> sl: 1.07831 tp: 1.06802 failed [Market is closed]
0	21:37:17.723	'89010303': modify order #7524351 sell 0.02 EURUSD at 1.07346 sl: 1.07768 tp: 1.06803 -> sl: 1.07768 tp: 1.06802
1	21:37:17.848	'89010303': modification of order #7524351 sell 0.02 EURUSD at 1.07346 sl: 1.07768 tp: 1.06803 -> sl: 1.07768 tp: 1.06802 failed [Market is closed]
0	21:37:17.848	'89010303': modify order #7524535 sell 0.02 EURUSD at 1.07455 sl: 1.07880 tp: 1.06803 -> sl: 1.07880 tp: 1.06802
1	21:37:17.973	'89010303': modification of order #7524535 sell 0.02 EURUSD at 1.07455 sl: 1.07880 tp: 1.06803 -> sl: 1.07880 tp: 1.06802 failed [Market is closed]
0	21:37:17.973	'89010303': modify order #7524801 sell 0.02 EURUSD at 1.07365 sl: 1.07790 tp: 1.06803 -> sl: 1.07790 tp: 1.06802
1	21:37:18.098	'89010303': modification of order #7524801 sell 0.02 EURUSD at 1.07365 sl: 1.07790 tp: 1.06803 -> sl: 1.07790 tp: 1.06802 failed [Market is closed]
0	21:37:18.098	'89010303': modify order #7525013 sell 0.02 EURUSD at 1.07401 sl: 1.07822 tp: 1.06803 -> sl: 1.07822 tp: 1.06802
1	21:37:18.208	'89010303': modification of order #7525013 sell 0.02 EURUSD at 1.07401 sl: 1.07822 tp: 1.06803 -> sl: 1.07822 tp: 1.06802 failed [Market is closed]
0	21:37:18.208	'89010303': modify order #7525018 sell 0.02 EURUSD at 1.07394 sl: 1.07818 tp: 1.06974 -> sl: 1.07818 tp: 1.06929
1	21:37:18.348	'89010303': modification of order #7525018 sell 0.02 EURUSD at 1.07394 sl: 1.07818 tp: 1.06974 -> sl: 1.07818 tp: 1.06929 failed [Market is closed]
0	21:37:18.348	'89010303': modify order #7525104 sell 0.02 EURUSD at 1.07384 sl: 1.07810 tp: 1.06803 -> sl: 1.07810 tp: 1.06802
1	21:37:18.473	'89010303': modification of order #7525104 sell 0.02 EURUSD at 1.07384 sl: 1.07810 tp: 1.06803 -> sl: 1.07810 tp: 1.06802 failed [Market is closed]
0	21:37:18.473	'89010303': modify order #7525123 sell 0.02 EURUSD at 1.07394 sl: 1.07818 tp: 1.06803 -> sl: 1.07818 tp: 1.06802
1	21:37:18.598	'89010303': modification of order #7525123 sell 0.02 EURUSD at 1.07394 sl: 1.07818 tp: 1.06803 -> sl: 1.07818 tp: 1.06802 failed [Market is closed]
0	21:37:18.598	'89010303': modify order #7525247 sell 0.02 EURUSD at 1.07464 sl: 1.07891 tp: 1.06803 -> sl: 1.07891 tp: 1.06802
1	21:37:18.770	'89010303': modification of order #7525247 sell 0.02 EURUSD at 1.07464 sl: 1.07891 tp: 1.06803 -> sl: 1.07891 tp: 1.06802 failed [Market is closed]
0	21:37:18.770	'89010303': instant order sell 0.02 EURUSD at 1.07202 sl: 1.07655 tp: 1.06802
1	21:37:18.911	'89010303': order sell 0.02 EURUSD opening at 1.07202 sl: 1.07655 tp: 1.06802 failed [Market is closed]
0	21:37:18.911	'89010303': instant order sell 0.02 EURUSD at 1.07202 sl: 1.07655 tp: 1.06802
1	21:37:19.051	'89010303': order sell 0.02 EURUSD opening at 1.07202 sl: 1.07655 tp: 1.06802 failed [Market is closed]
0	21:37:19.051	'89010303': instant order sell 0.02 EURUSD at 1.07202 sl: 1.07655 tp: 1.05545
1	21:37:19.192	'89010303': order sell 0.02 EURUSD opening at 1.07202 sl: 1.07655 tp: 1.05545 failed [Market is closed]
0	21:38:51.395	'89010303': instant order sell 0.02 EURUSD at 1.07202 sl: 1.07670 tp: 1.06802
1	21:38:51.520	'89010303': order sell 0.02 EURUSD opening at 1.07202 sl: 1.07670 tp: 1.06802 failed [Market is closed]
0	21:38:51.520	'89010303': instant order sell 0.02 EURUSD at 1.07202 sl: 1.07670 tp: 1.05508
1	21:38:51.645	'89010303': order sell 0.02 EURUSD opening at 1.07202 sl: 1.07670 tp: 1.05508 failed [Market is closed]
0	21:38:51.645	'89010303': modify order #7524239 sell 0.02 EURUSD at 1.07226 sl: 1.07650 tp: 1.06973 -> sl: 1.07650 tp: 1.06889
1	21:38:51.770	'89010303': modification of order #7524239 sell 0.02 EURUSD at 1.07226 sl: 1.07650 tp: 1.06973 -> sl: 1.07650 tp: 1.06889 failed [Market is closed]
0	21:38:51.770	'89010303': modify order #7524320 sell 0.02 EURUSD at 1.07405 sl: 1.07831 tp: 1.06803 -> sl: 1.07831 tp: 1.06802
1	21:38:51.895	'89010303': modification of order #7524320 sell 0.02 EURUSD at 1.07405 sl: 1.07831 tp: 1.06803 -> sl: 1.07831 tp: 1.06802 failed [Market is closed]
0	21:38:51.895	'89010303': modify order #7524351 sell 0.02 EURUSD at 1.07346 sl: 1.07768 tp: 1.06803 -> sl: 1.07768 tp: 1.06802
1	21:38:52.020	'89010303': modification of order #7524351 sell 0.02 EURUSD at 1.07346 sl: 1.07768 tp: 1.06803 -> sl: 1.07768 tp: 1.06802 failed [Market is closed]
0	21:38:52.020	'89010303': modify order #7524535 sell 0.02 EURUSD at 1.07455 sl: 1.07880 tp: 1.06803 -> sl: 1.07880 tp: 1.06802
1	21:38:52.145	'89010303': modification of order #7524535 sell 0.02 EURUSD at 1.07455 sl: 1.07880 tp: 1.06803 -> sl: 1.07880 tp: 1.06802 failed [Market is closed]
0	21:38:52.145	'89010303': modify order #7524801 sell 0.02 EURUSD at 1.07365 sl: 1.07790 tp: 1.06803 -> sl: 1.07790 tp: 1.06802
1	21:38:52.270	'89010303': modification of order #7524801 sell 0.02 EURUSD at 1.07365 sl: 1.07790 tp: 1.06803 -> sl: 1.07790 tp: 1.06802 failed [Market is closed]
0	21:38:52.270	'89010303': modify order #7525013 sell 0.02 EURUSD at 1.07401 sl: 1.07822 tp: 1.06803 -> sl: 1.07822 tp: 1.06802
1	21:38:52.395	'89010303': modification of order #7525013 sell 0.02 EURUSD at 1.07401 sl: 1.07822 tp: 1.06803 -> sl: 1.07822 tp: 1.06802 failed [Market is closed]
0	21:38:52.395	'89010303': modify order #7525018 sell 0.02 EURUSD at 1.07394 sl: 1.07818 tp: 1.06974 -> sl: 1.07818 tp: 1.06889
1	21:38:52.520	'89010303': modification of order #7525018 sell 0.02 EURUSD at 1.07394 sl: 1.07818 tp: 1.06974 -> sl: 1.07818 tp: 1.06889 failed [Market is closed]
0	21:38:52.520	'89010303': modify order #7525104 sell 0.02 EURUSD at 1.07384 sl: 1.07810 tp: 1.06803 -> sl: 1.07810 tp: 1.06802
1	21:38:52.645	'89010303': modification of order #7525104 sell 0.02 EURUSD at 1.07384 sl: 1.07810 tp: 1.06803 -> sl: 1.07810 tp: 1.06802 failed [Market is closed]
0	21:38:52.645	'89010303': modify order #7525123 sell 0.02 EURUSD at 1.07394 sl: 1.07818 tp: 1.06803 -> sl: 1.07818 tp: 1.06802
1	21:38:52.770	'89010303': modification of order #7525123 sell 0.02 EURUSD at 1.07394 sl: 1.07818 tp: 1.06803 -> sl: 1.07818 tp: 1.06802 failed [Market is closed]
0	21:38:52.770	'89010303': modify order #7525247 sell 0.02 EURUSD at 1.07464 sl: 1.07891 tp: 1.06803 -> sl: 1.07891 tp: 1.06802
1	21:38:52.895	'89010303': modification of order #7525247 sell 0.02 EURUSD at 1.07464 sl: 1.07891 tp: 1.06803 -> sl: 1.07891 tp: 1.06802 failed [Market is closed]
0	21:38:52.895	'89010303': instant order sell 0.02 EURUSD at 1.07202 sl: 1.07670 tp: 1.06802
1	21:38:53.020	'89010303': order sell 0.02 EURUSD opening at 1.07202 sl: 1.07670 tp: 1.06802 failed [Market is closed]
0	21:38:53.020	'89010303': instant order sell 0.02 EURUSD at 1.07202 sl: 1.07670 tp: 1.05508
1	21:38:53.145	'89010303': order sell 0.02 EURUSD opening at 1.07202 sl: 1.07670 tp: 1.05508 failed [Market is closed]
0	21:46:34.474	'89010303': modify order #7524239 sell 0.02 EURUSD at 1.07226 sl: 1.07650 tp: 1.06973 -> sl: 1.07650 tp: 1.06953
1	21:46:34.599	'89010303': modification of order #7524239 sell 0.02 EURUSD at 1.07226 sl: 1.07650 tp: 1.06973 -> sl: 1.07650 tp: 1.06953 failed [Market is closed]
0	21:46:34.599	'89010303': modify order #7525018 sell 0.02 EURUSD at 1.07394 sl: 1.07818 tp: 1.06974 -> sl: 1.07818 tp: 1.06953
1	21:46:34.724	'89010303': modification of order #7525018 sell 0.02 EURUSD at 1.07394 sl: 1.07818 tp: 1.06974 -> sl: 1.07818 tp: 1.06953 failed [Market is closed]
0	21:46:34.724	'89010303': instant order sell 0.02 EURUSD at 1.07211 sl: 1.07665 tp: 1.06811
1	21:46:34.833	'89010303': order sell 0.02 EURUSD opening at 1.07211 sl: 1.07665 tp: 1.06811 failed [Market is closed]
0	21:46:34.833	'89010303': instant order sell 0.02 EURUSD at 1.07211 sl: 1.07665 tp: 1.06811
1	21:46:34.974	'89010303': order sell 0.02 EURUSD opening at 1.07211 sl: 1.07665 tp: 1.06811 failed [Market is closed]
0	21:46:34.974	'89010303': instant order sell 0.02 EURUSD at 1.07211 sl: 1.07665 tp: 1.05572
1	21:46:35.099	'89010303': order sell 0.02 EURUSD opening at 1.07211 sl: 1.07665 tp: 1.05572 failed [Market is closed]
0	21:49:43.177	'89010303': instant order sell 0.02 EURUSD at 1.07231 sl: 1.07665 tp: 1.06831
1	21:49:43.302	'89010303': order sell 0.02 EURUSD opening at 1.07231 sl: 1.07665 tp: 1.06831 failed [Market is closed]
0	21:49:43.302	'89010303': instant order sell 0.02 EURUSD at 1.07231 sl: 1.07665 tp: 1.06831
1	21:49:43.443	'89010303': order sell 0.02 EURUSD opening at 1.07231 sl: 1.07665 tp: 1.06831 failed [Market is closed]
0	21:49:43.443	'89010303': instant order sell 0.02 EURUSD at 1.07231 sl: 1.07665 tp: 1.05600
1	21:49:43.567	'89010303': order sell 0.02 EURUSD opening at 1.07231 sl: 1.07665 tp: 1.05600 failed [Market is closed]
0	21:50:52.021	'89010303': instant order sell 0.02 EURUSD at 1.07224 sl: 1.07670 tp: 1.06824
1	21:50:52.146	'89010303': order sell 0.02 EURUSD opening at 1.07224 sl: 1.07670 tp: 1.06824 failed [Market is closed]
0	21:50:52.146	'89010303': instant order sell 0.02 EURUSD at 1.07224 sl: 1.07670 tp: 1.06824
1	21:50:52.271	'89010303': order sell 0.02 EURUSD opening at 1.07224 sl: 1.07670 tp: 1.06824 failed [Market is closed]
0	21:50:52.271	'89010303': instant order sell 0.02 EURUSD at 1.07224 sl: 1.07670 tp: 1.05602
1	21:50:52.396	'89010303': order sell 0.02 EURUSD opening at 1.07224 sl: 1.07670 tp: 1.05602 failed [Market is closed]
0	22:52:51.023	'89010303': instant order sell 0.03 EURUSD at 1.07280 sl: 1.07713 tp: 1.06880
0	22:52:51.241	'89010303': order was opened : #7530389 sell 0.03 EURUSD at 1.07280 sl: 1.07713 tp: 1.06880
0	22:52:52.382	'89010303': instant order sell 0.03 EURUSD at 1.07286 sl: 1.07719 tp: 1.07176
0	22:52:52.679	'89010303': order was opened : #7530390 sell 0.03 EURUSD at 1.07286 sl: 1.07719 tp: 1.07176
0	22:53:40.054	'89010303': modify order #7530390 sell 0.03 EURUSD at 1.07286 sl: 1.07719 tp: 1.07176 -> sl: 1.07719 tp: 1.07175
0	22:53:40.226	'89010303': order #7530390 sell 0.03 EURUSD at 1.07286 was modified -> sl: 1.07719 tp: 1.07175
0	23:00:24.648	'89010303': modify order #7530389 sell 0.03 EURUSD at 1.07280 sl: 1.07713 tp: 1.06880 -> sl: 1.07713 tp: 1.06844
0	23:00:24.851	'89010303': order #7530389 sell 0.03 EURUSD at 1.07280 was modified -> sl: 1.07713 tp: 1.06844
0	23:01:10.023	'89010303': modify order #7524162 sell 0.02 EURUSD at 1.07274 sl: 1.07699 tp: 1.06802 -> sl: 1.07699 tp: 1.06797
0	23:01:10.257	'89010303': order #7524162 sell 0.02 EURUSD at 1.07274 was modified -> sl: 1.07699 tp: 1.06797
0	23:01:10.288	'89010303': modify order #7524320 sell 0.02 EURUSD at 1.07405 sl: 1.07831 tp: 1.06803 -> sl: 1.07831 tp: 1.06797
0	23:01:10.538	'89010303': order #7524320 sell 0.02 EURUSD at 1.07405 was modified -> sl: 1.07831 tp: 1.06797
0	23:01:10.585	'89010303': modify order #7524351 sell 0.02 EURUSD at 1.07346 sl: 1.07768 tp: 1.06803 -> sl: 1.07768 tp: 1.06797
0	23:01:10.757	'89010303': order #7524351 sell 0.02 EURUSD at 1.07346 was modified -> sl: 1.07768 tp: 1.06797
0	23:01:10.867	'89010303': modify order #7524535 sell 0.02 EURUSD at 1.07455 sl: 1.07880 tp: 1.06803 -> sl: 1.07880 tp: 1.06797
0	23:01:11.023	'89010303': order #7524535 sell 0.02 EURUSD at 1.07455 was modified -> sl: 1.07880 tp: 1.06797
0	23:01:11.132	'89010303': modify order #7524801 sell 0.02 EURUSD at 1.07365 sl: 1.07790 tp: 1.06803 -> sl: 1.07790 tp: 1.06797
0	23:01:11.304	'89010303': order #7524801 sell 0.02 EURUSD at 1.07365 was modified -> sl: 1.07790 tp: 1.06797
0	23:01:11.413	'89010303': modify order #7525013 sell 0.02 EURUSD at 1.07401 sl: 1.07822 tp: 1.06803 -> sl: 1.07822 tp: 1.06797
0	23:01:11.663	'89010303': order #7525013 sell 0.02 EURUSD at 1.07401 was modified -> sl: 1.07822 tp: 1.06797
0	23:01:11.726	'89010303': modify order #7525104 sell 0.02 EURUSD at 1.07384 sl: 1.07810 tp: 1.06803 -> sl: 1.07810 tp: 1.06797
0	23:01:11.898	'89010303': order #7525104 sell 0.02 EURUSD at 1.07384 was modified -> sl: 1.07810 tp: 1.06797
0	23:01:11.960	'89010303': modify order #7525123 sell 0.02 EURUSD at 1.07394 sl: 1.07818 tp: 1.06803 -> sl: 1.07818 tp: 1.06797
0	23:01:12.148	'89010303': order #7525123 sell 0.02 EURUSD at 1.07394 was modified -> sl: 1.07818 tp: 1.06797
0	23:01:12.288	'89010303': modify order #7525247 sell 0.02 EURUSD at 1.07464 sl: 1.07891 tp: 1.06803 -> sl: 1.07891 tp: 1.06798
0	23:01:12.460	'89010303': order #7525247 sell 0.02 EURUSD at 1.07464 was modified -> sl: 1.07891 tp: 1.06798
0	23:01:12.523	'89010303': modify order #7530389 sell 0.03 EURUSD at 1.07280 sl: 1.07713 tp: 1.06844 -> sl: 1.07713 tp: 1.06798
0	23:01:12.726	'89010303': order #7530389 sell 0.03 EURUSD at 1.07280 was modified -> sl: 1.07713 tp: 1.06798
0	23:07:04.023	'89010303': modify order #7524162 sell 0.02 EURUSD at 1.07274 sl: 1.07699 tp: 1.06797 -> sl: 1.07699 tp: 1.06793
0	23:07:04.257	'89010303': order #7524162 sell 0.02 EURUSD at 1.07274 was modified -> sl: 1.07699 tp: 1.06793
0	23:07:04.257	'89010303': modify order #7524320 sell 0.02 EURUSD at 1.07405 sl: 1.07831 tp: 1.06797 -> sl: 1.07831 tp: 1.06794
0	23:07:04.570	'89010303': order #7524320 sell 0.02 EURUSD at 1.07405 was modified -> sl: 1.07831 tp: 1.06794
0	23:07:04.617	'89010303': modify order #7524351 sell 0.02 EURUSD at 1.07346 sl: 1.07768 tp: 1.06797 -> sl: 1.07768 tp: 1.06794
0	23:07:04.820	'89010303': order #7524351 sell 0.02 EURUSD at 1.07346 was modified -> sl: 1.07768 tp: 1.06794
0	23:07:04.820	'89010303': modify order #7524535 sell 0.02 EURUSD at 1.07455 sl: 1.07880 tp: 1.06797 -> sl: 1.07880 tp: 1.06794
0	23:07:05.117	'89010303': order #7524535 sell 0.02 EURUSD at 1.07455 was modified -> sl: 1.07880 tp: 1.06794
0	23:07:05.242	'89010303': modify order #7524801 sell 0.02 EURUSD at 1.07365 sl: 1.07790 tp: 1.06797 -> sl: 1.07790 tp: 1.06793
0	23:07:05.492	'89010303': order #7524801 sell 0.02 EURUSD at 1.07365 was modified -> sl: 1.07790 tp: 1.06793
0	23:07:05.539	'89010303': modify order #7525013 sell 0.02 EURUSD at 1.07401 sl: 1.07822 tp: 1.06797 -> sl: 1.07822 tp: 1.06793
0	23:07:05.773	'89010303': order #7525013 sell 0.02 EURUSD at 1.07401 was modified -> sl: 1.07822 tp: 1.06793
0	23:07:05.820	'89010303': modify order #7525104 sell 0.02 EURUSD at 1.07384 sl: 1.07810 tp: 1.06797 -> sl: 1.07810 tp: 1.06793
0	23:07:06.023	'89010303': order #7525104 sell 0.02 EURUSD at 1.07384 was modified -> sl: 1.07810 tp: 1.06793
0	23:07:06.023	'89010303': modify order #7525123 sell 0.02 EURUSD at 1.07394 sl: 1.07818 tp: 1.06797 -> sl: 1.07818 tp: 1.06792
0	23:07:06.289	'89010303': order #7525123 sell 0.02 EURUSD at 1.07394 was modified -> sl: 1.07818 tp: 1.06792
0	23:07:06.320	'89010303': modify order #7525247 sell 0.02 EURUSD at 1.07464 sl: 1.07891 tp: 1.06798 -> sl: 1.07891 tp: 1.06791
0	23:07:06.507	'89010303': order #7525247 sell 0.02 EURUSD at 1.07464 was modified -> sl: 1.07891 tp: 1.06791
0	23:07:06.507	'89010303': modify order #7530389 sell 0.03 EURUSD at 1.07280 sl: 1.07713 tp: 1.06798 -> sl: 1.07713 tp: 1.06791
0	23:07:06.757	'89010303': order #7530389 sell 0.03 EURUSD at 1.07280 was modified -> sl: 1.07713 tp: 1.06791
0	23:17:20.117	'89010303': modify order #7530390 sell 0.03 EURUSD at 1.07286 sl: 1.07719 tp: 1.07175 -> sl: 1.07719 tp: 1.07162
0	23:17:20.383	'89010303': order #7530390 sell 0.03 EURUSD at 1.07286 was modified -> sl: 1.07719 tp: 1.07162
0	23:21:03.602	'89010303': modify order #7530390 sell 0.03 EURUSD at 1.07286 sl: 1.07719 tp: 1.07162 -> sl: 1.07719 tp: 1.07156
0	23:21:03.836	'89010303': order #7530390 sell 0.03 EURUSD at 1.07286 was modified -> sl: 1.07719 tp: 1.07156
