0	02:39:07.610	'89010303': modify order #7803494 sell 0.01 EURUSD at 1.09864 sl: 1.10285 tp: 1.09240 -> sl: 1.10285 tp: 1.09232
0	02:39:07.813	'89010303': order #7803494 sell 0.01 EURUSD at 1.09864 was modified -> sl: 1.10285 tp: 1.09232
0	02:39:07.876	'89010303': modify order #7803495 sell 0.01 EURUSD at 1.09864 sl: 1.10290 tp: 1.09242 -> sl: 1.10290 tp: 1.09232
0	02:39:08.016	'89010303': order #7803495 sell 0.01 EURUSD at 1.09864 was modified -> sl: 1.10290 tp: 1.09232
0	02:49:27.923	'89010303': modify order #7803494 sell 0.01 EURUSD at 1.09864 sl: 1.10285 tp: 1.09232 -> sl: 1.10285 tp: 1.09229
0	02:49:28.173	'89010303': order #7803494 sell 0.01 EURUSD at 1.09864 was modified -> sl: 1.10285 tp: 1.09229
0	02:49:28.266	'89010303': modify order #7803495 sell 0.01 EURUSD at 1.09864 sl: 1.10290 tp: 1.09232 -> sl: 1.10290 tp: 1.09229
0	02:49:28.454	'89010303': order #7803495 sell 0.01 EURUSD at 1.09864 was modified -> sl: 1.10290 tp: 1.09229
0	03:14:26.986	'89010303': modify order #7803494 sell 0.01 EURUSD at 1.09864 sl: 1.10285 tp: 1.09229 -> sl: 1.10285 tp: 1.09215
0	03:14:27.205	'89010303': order #7803494 sell 0.01 EURUSD at 1.09864 was modified -> sl: 1.10285 tp: 1.09215
0	03:14:27.252	'89010303': modify order #7803495 sell 0.01 EURUSD at 1.09864 sl: 1.10290 tp: 1.09229 -> sl: 1.10290 tp: 1.09215
0	03:14:27.486	'89010303': order #7803495 sell 0.01 EURUSD at 1.09864 was modified -> sl: 1.10290 tp: 1.09215
0	03:20:30.736	'89010303': modify order #7803494 sell 0.01 EURUSD at 1.09864 sl: 1.10285 tp: 1.09215 -> sl: 1.10285 tp: 1.09214
0	03:20:31.017	'89010303': order #7803494 sell 0.01 EURUSD at 1.09864 was modified -> sl: 1.10285 tp: 1.09214
0	03:20:31.049	'89010303': modify order #7803495 sell 0.01 EURUSD at 1.09864 sl: 1.10290 tp: 1.09215 -> sl: 1.10290 tp: 1.09214
0	03:20:31.221	'89010303': order #7803495 sell 0.01 EURUSD at 1.09864 was modified -> sl: 1.10290 tp: 1.09214
0	03:21:44.674	'89010303': modify order #7803494 sell 0.01 EURUSD at 1.09864 sl: 1.10285 tp: 1.09214 -> sl: 1.10285 tp: 1.09212
0	03:21:44.924	'89010303': order #7803494 sell 0.01 EURUSD at 1.09864 was modified -> sl: 1.10285 tp: 1.09212
0	03:21:45.018	'89010303': modify order #7803495 sell 0.01 EURUSD at 1.09864 sl: 1.10290 tp: 1.09214 -> sl: 1.10290 tp: 1.09212
0	03:21:45.189	'89010303': order #7803495 sell 0.01 EURUSD at 1.09864 was modified -> sl: 1.10290 tp: 1.09212
0	03:26:22.643	'89010303': modify order #7803494 sell 0.01 EURUSD at 1.09864 sl: 1.10285 tp: 1.09212 -> sl: 1.10285 tp: 1.09200
0	03:26:22.924	'89010303': order #7803494 sell 0.01 EURUSD at 1.09864 was modified -> sl: 1.10285 tp: 1.09200
0	03:26:22.971	'89010303': modify order #7803495 sell 0.01 EURUSD at 1.09864 sl: 1.10290 tp: 1.09212 -> sl: 1.10290 tp: 1.09200
0	03:26:23.205	'89010303': order #7803495 sell 0.01 EURUSD at 1.09864 was modified -> sl: 1.10290 tp: 1.09200
0	03:30:07.533	'89010303': modify order #7803494 sell 0.01 EURUSD at 1.09864 sl: 1.10285 tp: 1.09200 -> sl: 1.10285 tp: 1.09192
0	03:30:07.768	'89010303': order #7803494 sell 0.01 EURUSD at 1.09864 was modified -> sl: 1.10285 tp: 1.09192
0	03:30:07.815	'89010303': modify order #7803495 sell 0.01 EURUSD at 1.09864 sl: 1.10290 tp: 1.09200 -> sl: 1.10290 tp: 1.09192
0	03:30:08.033	'89010303': order #7803495 sell 0.01 EURUSD at 1.09864 was modified -> sl: 1.10290 tp: 1.09192
0	03:31:16.518	'89010303': modify order #7803494 sell 0.01 EURUSD at 1.09864 sl: 1.10285 tp: 1.09192 -> sl: 1.10285 tp: 1.09161
0	03:31:16.752	'89010303': order #7803494 sell 0.01 EURUSD at 1.09864 was modified -> sl: 1.10285 tp: 1.09161
0	03:31:16.799	'89010303': modify order #7803495 sell 0.01 EURUSD at 1.09864 sl: 1.10290 tp: 1.09192 -> sl: 1.10290 tp: 1.09161
0	03:31:17.221	'89010303': order #7803495 sell 0.01 EURUSD at 1.09864 was modified -> sl: 1.10290 tp: 1.09161
0	03:38:24.768	'89010303': modify order #7803494 sell 0.01 EURUSD at 1.09864 sl: 1.10285 tp: 1.09161 -> sl: 1.10285 tp: 1.09151
0	03:38:25.002	'89010303': order #7803494 sell 0.01 EURUSD at 1.09864 was modified -> sl: 1.10285 tp: 1.09151
0	03:38:25.049	'89010303': modify order #7803495 sell 0.01 EURUSD at 1.09864 sl: 1.10290 tp: 1.09161 -> sl: 1.10290 tp: 1.09151
0	03:38:25.299	'89010303': order #7803495 sell 0.01 EURUSD at 1.09864 was modified -> sl: 1.10290 tp: 1.09151
0	03:49:20.284	'89010303': modify order #7803494 sell 0.01 EURUSD at 1.09864 sl: 1.10285 tp: 1.09151 -> sl: 1.10285 tp: 1.09139
0	03:49:20.568	'89010303': order #7803494 sell 0.01 EURUSD at 1.09864 was modified -> sl: 1.10285 tp: 1.09139
0	03:49:20.649	'89010303': modify order #7803495 sell 0.01 EURUSD at 1.09864 sl: 1.10290 tp: 1.09151 -> sl: 1.10290 tp: 1.09139
0	03:49:20.846	'89010303': order #7803495 sell 0.01 EURUSD at 1.09864 was modified -> sl: 1.10290 tp: 1.09139
0	03:52:06.268	'89010303': order #7804130 buy 0.01 EURUSD at 1.09961 closed due stop-loss at price 1.09536
0	03:52:09.302	'89010303': modify order #7803494 sell 0.01 EURUSD at 1.09864 sl: 1.10285 tp: 1.09139 -> sl: 1.10285 tp: 1.09133
0	03:52:09.534	'89010303': order #7803494 sell 0.01 EURUSD at 1.09864 was modified -> sl: 1.10285 tp: 1.09133
0	03:52:09.534	'89010303': modify order #7803495 sell 0.01 EURUSD at 1.09864 sl: 1.10290 tp: 1.09139 -> sl: 1.10290 tp: 1.09134
0	03:52:09.756	'89010303': order #7803495 sell 0.01 EURUSD at 1.09864 was modified -> sl: 1.10290 tp: 1.09134
1	06:46:53.308	'89010303': ping failed
1	06:46:55.807	'89010303': connect failed [No connection]
0	06:47:07.458	'89010303': login on FXCM-GBPReal01 through External
0	06:47:11.505	'89010303': ping to current access point External is 78.02 ms
1	06:48:19.699	MQL4 Market: failed to load products
0	07:28:24.718	'89010303': order #7804147 buy 0.01 EURUSD at 1.09949 closed due stop-loss at price 1.09524
0	07:29:33.172	'89010303': order #7802784 buy 0.01 EURUSD at 1.09934 closed due stop-loss at price 1.09505
0	07:31:11.949	'89010303': modify order #7803494 sell 0.01 EURUSD at 1.09864 sl: 1.10285 tp: 1.09133 -> sl: 1.10285 tp: 1.09109
0	07:31:13.770	'89010303': order #7803494 sell 0.01 EURUSD at 1.09864 was modified -> sl: 1.10285 tp: 1.09109
0	07:31:13.997	'89010303': modify order #7803495 sell 0.01 EURUSD at 1.09864 sl: 1.10290 tp: 1.09134 -> sl: 1.10290 tp: 1.09111
0	07:31:14.322	'89010303': order #7803495 sell 0.01 EURUSD at 1.09864 was modified -> sl: 1.10290 tp: 1.09111
0	08:03:05.352	'89010303': instant order sell 0.01 EURUSD at 1.09565 sl: 1.09991 tp: 1.09443
0	08:03:06.325	'89010303': order was opened : #7811362 sell 0.01 EURUSD at 1.09566 sl: 1.09991 tp: 1.09443
0	08:36:53.657	'89010303': modify order #7811362 sell 0.01 EURUSD at 1.09566 sl: 1.09991 tp: 1.09443 -> sl: 1.09991 tp: 1.09442
0	08:36:53.941	'89010303': order #7811362 sell 0.01 EURUSD at 1.09566 was modified -> sl: 1.09991 tp: 1.09442
0	08:41:33.498	'89010303': order #7803484 buy 0.01 EURUSD at 1.09885 closed due stop-loss at price 1.09458
0	08:41:33.657	'89010303': order #7803483 buy 0.01 EURUSD at 1.09884 closed due stop-loss at price 1.09454
0	08:42:25.018	'89010303': modify order #7803494 sell 0.01 EURUSD at 1.09864 sl: 1.10285 tp: 1.09109 -> sl: 1.10285 tp: 1.09076
0	08:42:25.262	'89010303': order #7803494 sell 0.01 EURUSD at 1.09864 was modified -> sl: 1.10285 tp: 1.09076
0	08:42:25.262	'89010303': modify order #7803495 sell 0.01 EURUSD at 1.09864 sl: 1.10290 tp: 1.09111 -> sl: 1.10290 tp: 1.09075
0	08:42:25.504	'89010303': order #7803495 sell 0.01 EURUSD at 1.09864 was modified -> sl: 1.10290 tp: 1.09075
0	08:42:25.504	'89010303': modify order #7811362 sell 0.01 EURUSD at 1.09566 sl: 1.09991 tp: 1.09442 -> sl: 1.09991 tp: 1.09438
0	08:42:25.707	'89010303': order #7811362 sell 0.01 EURUSD at 1.09566 was modified -> sl: 1.09991 tp: 1.09438
0	08:43:34.399	'89010303': instant order sell 0.01 EURUSD at 1.09482 sl: 1.09907 tp: 1.09432
0	08:43:34.565	'89010303': order was opened : #7811650 sell 0.01 EURUSD at 1.09480 sl: 1.09907 tp: 1.09432
0	08:44:07.570	'89010303': instant order sell 0.01 EURUSD at 1.09466 sl: 1.09892 tp: 1.09066
0	08:44:07.854	'89010303': order was opened : #7811653 sell 0.01 EURUSD at 1.09467 sl: 1.09892 tp: 1.09066
0	08:51:55.056	'89010303': modify order #7811362 sell 0.01 EURUSD at 1.09566 sl: 1.09991 tp: 1.09438 -> sl: 1.09991 tp: 1.09434
0	08:51:55.348	'89010303': order #7811362 sell 0.01 EURUSD at 1.09566 was modified -> sl: 1.09991 tp: 1.09434
0	08:51:55.348	'89010303': modify order #7811650 sell 0.01 EURUSD at 1.09480 sl: 1.09907 tp: 1.09432 -> sl: 1.09907 tp: 1.09431
0	08:51:55.640	'89010303': order #7811650 sell 0.01 EURUSD at 1.09480 was modified -> sl: 1.09907 tp: 1.09431
0	09:00:22.374	'89010303': modify order #7811650 sell 0.01 EURUSD at 1.09480 sl: 1.09907 tp: 1.09431 -> sl: 1.09907 tp: 1.09392
0	09:00:23.023	'89010303': order #7811650 sell 0.01 EURUSD at 1.09480 was modified -> sl: 1.09907 tp: 1.09392
0	09:06:11.733	'89010303': modify order #7811362 sell 0.01 EURUSD at 1.09566 sl: 1.09991 tp: 1.09434 -> sl: 1.09991 tp: 1.09426
0	09:06:11.895	'89010303': order #7811362 sell 0.01 EURUSD at 1.09566 was modified -> sl: 1.09991 tp: 1.09426
0	12:17:07.149	'89010303': order #7811653 sell 0.01 EURUSD at 1.09467 closed due stop-loss at price 1.09892
0	12:17:13.643	'89010303': order #7811650 sell 0.01 EURUSD at 1.09480 closed due stop-loss at price 1.09906
0	12:24:46.538	'89010303': instant order buy 0.01 EURUSD at 1.09863 sl: 1.09437 tp: 1.10263
0	12:24:46.943	'89010303': order was opened : #7813548 buy 0.01 EURUSD at 1.09858 sl: 1.09437 tp: 1.10263
0	13:01:40.783	'89010303': instant order sell 0.01 EURUSD at 1.09676 sl: 1.10102 tp: 1.09644
0	13:01:42.767	'89010303': order was opened : #7813806 sell 0.01 EURUSD at 1.09677 sl: 1.10102 tp: 1.09644
0	13:02:21.486	'89010303': instant order sell 0.01 EURUSD at 1.09697 sl: 1.10124 tp: 1.09297
0	13:02:21.778	'89010303': order was opened : #7813810 sell 0.01 EURUSD at 1.09697 sl: 1.10124 tp: 1.09297
0	13:08:09.684	'89010303': modify order #7813810 sell 0.01 EURUSD at 1.09697 sl: 1.10124 tp: 1.09297 -> sl: 1.10124 tp: 1.09247
0	13:08:10.170	'89010303': order #7813810 sell 0.01 EURUSD at 1.09697 was modified -> sl: 1.10124 tp: 1.09247
0	13:14:46.298	'89010303': modify order #7813806 sell 0.01 EURUSD at 1.09677 sl: 1.10102 tp: 1.09644 -> sl: 1.10102 tp: 1.09604
0	13:14:46.505	'89010303': order #7813806 sell 0.01 EURUSD at 1.09677 was modified -> sl: 1.10102 tp: 1.09604
0	13:18:33.077	'89010303': modify order #7813806 sell 0.01 EURUSD at 1.09677 sl: 1.10102 tp: 1.09604 -> sl: 1.10102 tp: 1.09580
0	13:18:33.321	'89010303': order #7813806 sell 0.01 EURUSD at 1.09677 was modified -> sl: 1.10102 tp: 1.09580
0	13:21:41.013	'89010303': modify order #7813806 sell 0.01 EURUSD at 1.09677 sl: 1.10102 tp: 1.09580 -> sl: 1.10102 tp: 1.09565
0	13:21:41.419	'89010303': order #7813806 sell 0.01 EURUSD at 1.09677 was modified -> sl: 1.10102 tp: 1.09565
0	13:27:02.302	'89010303': modify order #7813806 sell 0.01 EURUSD at 1.09677 sl: 1.10102 tp: 1.09565 -> sl: 1.10102 tp: 1.09560
0	13:27:03.145	'89010303': order #7813806 sell 0.01 EURUSD at 1.09677 was modified -> sl: 1.10102 tp: 1.09560
0	14:00:44.182	'89010303': modify order #7813548 buy 0.01 EURUSD at 1.09858 sl: 1.09437 tp: 1.10263 -> sl: 1.09437 tp: 1.10272
0	14:00:44.466	'89010303': order #7813548 buy 0.01 EURUSD at 1.09858 was modified -> sl: 1.09437 tp: 1.10272
0	14:24:03.526	'89010303': modify order #7813548 buy 0.01 EURUSD at 1.09858 sl: 1.09437 tp: 1.10272 -> sl: 1.09437 tp: 1.10367
0	14:24:03.972	'89010303': order #7813548 buy 0.01 EURUSD at 1.09858 was modified -> sl: 1.09437 tp: 1.10367
0	14:31:47.460	'89010303': order #7811362 sell 0.01 EURUSD at 1.09566 closed due stop-loss at price 1.09991
0	14:45:12.226	'89010303': modify order #7813548 buy 0.01 EURUSD at 1.09858 sl: 1.09437 tp: 1.10367 -> sl: 1.09437 tp: 1.10391
0	14:45:12.471	'89010303': order #7813548 buy 0.01 EURUSD at 1.09858 was modified -> sl: 1.09437 tp: 1.10391
0	15:09:48.424	'89010303': order #7813806 sell 0.01 EURUSD at 1.09677 closed due stop-loss at price 1.10106
0	15:11:19.134	'89010303': order #7813810 sell 0.01 EURUSD at 1.09697 closed due stop-loss at price 1.10125
0	15:14:04.899	'89010303': order #7803559 sell 0.01 EURUSD at 1.09779 closed due stop-loss at price 1.10207
0	15:14:20.049	'89010303': modify order #7813548 buy 0.01 EURUSD at 1.09858 sl: 1.09437 tp: 1.10391 -> sl: 1.09437 tp: 1.10587
0	15:14:20.856	'89010303': order #7813548 buy 0.01 EURUSD at 1.09858 was modified -> sl: 1.09437 tp: 1.10587
0	15:16:18.650	'89010303': instant order buy 0.01 EURUSD at 1.10169 sl: 1.09744 tp: 1.10569
0	15:16:20.076	'89010303': order was opened : #7815028 buy 0.01 EURUSD at 1.10158 sl: 1.09744 tp: 1.10569
0	15:18:55.406	'89010303': order #7803627 buy 0.01 EURUSD at 1.09617 closed due take-profit at price 1.10223
0	15:22:16.990	'89010303': modify order #7813548 buy 0.01 EURUSD at 1.09858 sl: 1.09437 tp: 1.10587 -> sl: 1.09437 tp: 1.10642
0	15:22:17.233	'89010303': order #7813548 buy 0.01 EURUSD at 1.09858 was modified -> sl: 1.09437 tp: 1.10642
0	15:22:17.233	'89010303': modify order #7815028 buy 0.01 EURUSD at 1.10158 sl: 1.09744 tp: 1.10569 -> sl: 1.09744 tp: 1.10642
0	15:22:17.517	'89010303': order #7815028 buy 0.01 EURUSD at 1.10158 was modified -> sl: 1.09744 tp: 1.10642
0	15:23:39.915	'89010303': order #7803494 sell 0.01 EURUSD at 1.09864 closed due stop-loss at price 1.10285
0	15:23:40.483	'89010303': order #7803495 sell 0.01 EURUSD at 1.09864 closed due stop-loss at price 1.10290
0	15:24:12.504	'89010303': instant order buy 0.01 EURUSD at 1.10273 sl: 1.09848 tp: 1.10673
0	15:24:12.666	'89010303': order was opened : #7815134 buy 0.01 EURUSD at 1.10273 sl: 1.09848 tp: 1.10673
0	15:28:29.451	'89010303': modify order #7813548 buy 0.01 EURUSD at 1.09858 sl: 1.09437 tp: 1.10642 -> sl: 1.09437 tp: 1.10700
0	15:28:29.939	'89010303': order #7813548 buy 0.01 EURUSD at 1.09858 was modified -> sl: 1.09437 tp: 1.10700
0	15:28:29.939	'89010303': modify order #7815028 buy 0.01 EURUSD at 1.10158 sl: 1.09744 tp: 1.10642 -> sl: 1.09744 tp: 1.10700
0	15:28:30.178	'89010303': order #7815028 buy 0.01 EURUSD at 1.10158 was modified -> sl: 1.09744 tp: 1.10700
0	15:28:30.178	'89010303': modify order #7815134 buy 0.01 EURUSD at 1.10273 sl: 1.09848 tp: 1.10673 -> sl: 1.09848 tp: 1.10701
0	15:28:30.421	'89010303': order #7815134 buy 0.01 EURUSD at 1.10273 was modified -> sl: 1.09848 tp: 1.10701
0	15:29:49.090	'89010303': instant order buy 0.01 EURUSD at 1.10330 sl: 1.09906 tp: 1.10409
0	15:29:49.419	'89010303': order was opened : #7815186 buy 0.01 EURUSD at 1.10335 sl: 1.09906 tp: 1.10409
0	15:31:54.370	'89010303': login on FXCM-GBPReal01 through External
0	15:32:05.865	'89010303': ping to current access point External is 94.61 ms
1	15:33:00.271	MQL4 Market: failed to load products
0	15:42:57.982	'89010303': instant order buy 0.01 EURUSD at 1.10353 sl: 1.09928 tp: 1.10753
0	15:43:01.741	'89010303': order was opened : #7815325 buy 0.01 EURUSD at 1.10343 sl: 1.09928 tp: 1.10753
0	15:49:38.780	'89010303': modify order #7815186 buy 0.01 EURUSD at 1.10335 sl: 1.09906 tp: 1.10409 -> sl: 1.09906 tp: 1.10412
0	15:49:39.190	'89010303': order #7815186 buy 0.01 EURUSD at 1.10335 was modified -> sl: 1.09906 tp: 1.10412
0	16:04:50.960	'89010303': modify order #7813548 buy 0.01 EURUSD at 1.09858 sl: 1.09437 tp: 1.10700 -> sl: 1.09437 tp: 1.10783
0	16:04:51.285	'89010303': order #7813548 buy 0.01 EURUSD at 1.09858 was modified -> sl: 1.09437 tp: 1.10783
0	16:04:51.285	'89010303': modify order #7815028 buy 0.01 EURUSD at 1.10158 sl: 1.09744 tp: 1.10700 -> sl: 1.09744 tp: 1.10782
0	16:04:51.561	'89010303': order #7815028 buy 0.01 EURUSD at 1.10158 was modified -> sl: 1.09744 tp: 1.10782
0	16:04:51.561	'89010303': modify order #7815134 buy 0.01 EURUSD at 1.10273 sl: 1.09848 tp: 1.10701 -> sl: 1.09848 tp: 1.10782
0	16:04:51.723	'89010303': order #7815134 buy 0.01 EURUSD at 1.10273 was modified -> sl: 1.09848 tp: 1.10782
0	16:04:51.723	'89010303': modify order #7815325 buy 0.01 EURUSD at 1.10343 sl: 1.09928 tp: 1.10753 -> sl: 1.09928 tp: 1.10782
0	16:04:51.966	'89010303': order #7815325 buy 0.01 EURUSD at 1.10343 was modified -> sl: 1.09928 tp: 1.10782
0	16:10:20.539	'89010303': modify order #7813548 buy 0.01 EURUSD at 1.09858 sl: 1.09437 tp: 1.10783 -> sl: 1.09437 tp: 1.10784
0	16:10:20.822	'89010303': order #7813548 buy 0.01 EURUSD at 1.09858 was modified -> sl: 1.09437 tp: 1.10784
0	16:10:20.863	'89010303': modify order #7815028 buy 0.01 EURUSD at 1.10158 sl: 1.09744 tp: 1.10782 -> sl: 1.09744 tp: 1.10784
0	16:10:21.151	'89010303': order #7815028 buy 0.01 EURUSD at 1.10158 was modified -> sl: 1.09744 tp: 1.10784
0	16:10:21.191	'89010303': modify order #7815134 buy 0.01 EURUSD at 1.10273 sl: 1.09848 tp: 1.10782 -> sl: 1.09848 tp: 1.10784
0	16:10:21.400	'89010303': order #7815134 buy 0.01 EURUSD at 1.10273 was modified -> sl: 1.09848 tp: 1.10784
0	16:10:21.439	'89010303': modify order #7815325 buy 0.01 EURUSD at 1.10343 sl: 1.09928 tp: 1.10782 -> sl: 1.09928 tp: 1.10784
0	16:10:21.682	'89010303': order #7815325 buy 0.01 EURUSD at 1.10343 was modified -> sl: 1.09928 tp: 1.10784
0	16:12:35.329	'89010303': order #7815186 buy 0.01 EURUSD at 1.10335 closed due take-profit at price 1.10415
0	16:17:53.647	'89010303': modify order #7752739 buy 0.01 EURUSD at 1.08091 sl: 1.07669 tp: 1.10799 -> sl: 1.07669 tp: 1.10884
0	16:17:54.053	'89010303': order #7752739 buy 0.01 EURUSD at 1.08091 was modified -> sl: 1.07669 tp: 1.10884
0	16:17:54.053	'89010303': modify order #7778133 buy 0.01 EURUSD at 1.09621 sl: 1.09201 tp: 1.10798 -> sl: 1.09201 tp: 1.10884
0	16:17:54.219	'89010303': order #7778133 buy 0.01 EURUSD at 1.09621 was modified -> sl: 1.09201 tp: 1.10884
0	16:17:54.377	'89010303': modify order #7813548 buy 0.01 EURUSD at 1.09858 sl: 1.09437 tp: 1.10784 -> sl: 1.09437 tp: 1.10884
0	16:17:54.584	'89010303': order #7813548 buy 0.01 EURUSD at 1.09858 was modified -> sl: 1.09437 tp: 1.10884
0	16:17:54.625	'89010303': modify order #7815028 buy 0.01 EURUSD at 1.10158 sl: 1.09744 tp: 1.10784 -> sl: 1.09744 tp: 1.10884
0	16:17:54.828	'89010303': order #7815028 buy 0.01 EURUSD at 1.10158 was modified -> sl: 1.09744 tp: 1.10884
0	16:17:54.909	'89010303': modify order #7815134 buy 0.01 EURUSD at 1.10273 sl: 1.09848 tp: 1.10784 -> sl: 1.09848 tp: 1.10884
0	16:17:55.152	'89010303': order #7815134 buy 0.01 EURUSD at 1.10273 was modified -> sl: 1.09848 tp: 1.10884
0	16:17:55.193	'89010303': modify order #7815325 buy 0.01 EURUSD at 1.10343 sl: 1.09928 tp: 1.10784 -> sl: 1.09928 tp: 1.10885
0	16:17:55.396	'89010303': order #7815325 buy 0.01 EURUSD at 1.10343 was modified -> sl: 1.09928 tp: 1.10885
0	16:18:05.737	'89010303': instant order buy 0.01 EURUSD at 1.10462 sl: 1.10035 tp: 1.10541
0	16:18:05.940	'89010303': order was opened : #7815768 buy 0.01 EURUSD at 1.10459 sl: 1.10035 tp: 1.10541
0	16:28:54.188	'89010303': modify order #7815768 buy 0.01 EURUSD at 1.10459 sl: 1.10035 tp: 1.10541 -> sl: 1.10035 tp: 1.10571
0	16:28:54.553	'89010303': order #7815768 buy 0.01 EURUSD at 1.10459 was modified -> sl: 1.10035 tp: 1.10571
0	16:34:49.546	'89010303': modify order #7815768 buy 0.01 EURUSD at 1.10459 sl: 1.10035 tp: 1.10571 -> sl: 1.10035 tp: 1.10583
0	16:34:49.917	'89010303': order #7815768 buy 0.01 EURUSD at 1.10459 was modified -> sl: 1.10035 tp: 1.10583
0	16:41:11.649	'89010303': modify order #7815768 buy 0.01 EURUSD at 1.10459 sl: 1.10035 tp: 1.10583 -> sl: 1.10035 tp: 1.10598
0	16:41:11.893	'89010303': order #7815768 buy 0.01 EURUSD at 1.10459 was modified -> sl: 1.10035 tp: 1.10598
0	16:47:00.308	'89010303': modify order #7815768 buy 0.01 EURUSD at 1.10459 sl: 1.10035 tp: 1.10598 -> sl: 1.10035 tp: 1.10613
0	16:47:00.695	'89010303': order #7815768 buy 0.01 EURUSD at 1.10459 was modified -> sl: 1.10035 tp: 1.10613
0	17:07:24.308	'89010303': instant order buy 0.01 EURUSD at 1.10366 sl: 1.09939 tp: 1.10766
0	17:07:24.752	'89010303': order was opened : #7816076 buy 0.01 EURUSD at 1.10366 sl: 1.09939 tp: 1.10766
0	19:39:42.972	'89010303': order #7815768 buy 0.01 EURUSD at 1.10459 closed due stop-loss at price 1.10034
0	20:01:52.737	'89010303': order #7816076 buy 0.01 EURUSD at 1.10366 closed due stop-loss at price 1.09938
0	20:01:54.481	'89010303': order #7815325 buy 0.01 EURUSD at 1.10343 closed due stop-loss at price 1.09925
0	20:08:34.209	'89010303': instant order sell 0.01 EURUSD at 1.09917 sl: 1.10342 tp: 1.09891
0	20:08:34.696	'89010303': order was opened : #7816838 sell 0.01 EURUSD at 1.09917 sl: 1.10342 tp: 1.09891
0	20:08:49.600	'89010303': instant order buy 0.01 EURUSD at 1.09946 sl: 1.09521 tp: 1.10495
0	20:08:49.928	'89010303': order was opened : #7816842 buy 0.01 EURUSD at 1.09946 sl: 1.09521 tp: 1.10495
0	20:13:14.582	'89010303': modify order #7816842 buy 0.01 EURUSD at 1.09946 sl: 1.09521 tp: 1.10495 -> sl: 1.09521 tp: 1.10497
0	20:13:15.134	'89010303': order #7816842 buy 0.01 EURUSD at 1.09946 was modified -> sl: 1.09521 tp: 1.10497
0	20:19:26.914	'89010303': modify order #7816838 sell 0.01 EURUSD at 1.09917 sl: 1.10342 tp: 1.09891 -> sl: 1.10342 tp: 1.09858
0	20:19:27.442	'89010303': order #7816838 sell 0.01 EURUSD at 1.09917 was modified -> sl: 1.10342 tp: 1.09858
0	20:26:07.843	'89010303': modify order #7816838 sell 0.01 EURUSD at 1.09917 sl: 1.10342 tp: 1.09858 -> sl: 1.10342 tp: 1.09855
0	20:26:08.236	'89010303': order #7816838 sell 0.01 EURUSD at 1.09917 was modified -> sl: 1.10342 tp: 1.09855
0	20:58:24.675	'89010303': order #7815134 buy 0.01 EURUSD at 1.10273 closed due stop-loss at price 1.09848
0	21:08:59.263	'89010303': instant order buy 0.01 EURUSD at 1.09896 sl: 1.09469 tp: 1.10296
0	21:08:59.953	'89010303': order was opened : #7817053 buy 0.01 EURUSD at 1.09896 sl: 1.09469 tp: 1.10296
0	21:11:57.431	'89010303': modify order #7816838 sell 0.01 EURUSD at 1.09917 sl: 1.10342 tp: 1.09855 -> sl: 1.10342 tp: 1.09792
0	21:11:57.958	'89010303': order #7816838 sell 0.01 EURUSD at 1.09917 was modified -> sl: 1.10342 tp: 1.09792
0	21:11:57.999	'89010303': modify order #7817053 buy 0.01 EURUSD at 1.09896 sl: 1.09469 tp: 1.10296 -> sl: 1.09469 tp: 1.10304
0	21:11:58.206	'89010303': order #7817053 buy 0.01 EURUSD at 1.09896 was modified -> sl: 1.09469 tp: 1.10304
0	21:17:02.807	'89010303': modify order #7817053 buy 0.01 EURUSD at 1.09896 sl: 1.09469 tp: 1.10304 -> sl: 1.09469 tp: 1.10317
0	21:17:03.577	'89010303': order #7817053 buy 0.01 EURUSD at 1.09896 was modified -> sl: 1.09469 tp: 1.10317
0	21:37:58.823	'89010303': modify order #7817053 buy 0.01 EURUSD at 1.09896 sl: 1.09469 tp: 1.10317 -> sl: 1.09469 tp: 1.10328
0	21:37:59.310	'89010303': order #7817053 buy 0.01 EURUSD at 1.09896 was modified -> sl: 1.09469 tp: 1.10328
0	21:50:22.593	'89010303': modify order #7817053 buy 0.01 EURUSD at 1.09896 sl: 1.09469 tp: 1.10328 -> sl: 1.09469 tp: 1.10337
0	21:50:24.866	'89010303': order #7817053 buy 0.01 EURUSD at 1.09896 was modified -> sl: 1.09469 tp: 1.10337
0	22:00:19.882	'89010303': modify order #7816838 sell 0.01 EURUSD at 1.09917 sl: 1.10342 tp: 1.09792 -> sl: 1.10342 tp: 1.09790
0	22:00:20.093	'89010303': order #7816838 sell 0.01 EURUSD at 1.09917 was modified -> sl: 1.10342 tp: 1.09790
0	22:00:20.093	'89010303': modify order #7816842 buy 0.01 EURUSD at 1.09946 sl: 1.09521 tp: 1.10497 -> sl: 1.09521 tp: 1.10542
0	22:00:20.349	'89010303': order #7816842 buy 0.01 EURUSD at 1.09946 was modified -> sl: 1.09521 tp: 1.10542
0	22:00:20.349	'89010303': modify order #7817053 buy 0.01 EURUSD at 1.09896 sl: 1.09469 tp: 1.10337 -> sl: 1.09469 tp: 1.10376
0	22:00:20.510	'89010303': order #7817053 buy 0.01 EURUSD at 1.09896 was modified -> sl: 1.09469 tp: 1.10376
0	22:03:07.017	'89010303': modify order #7817053 buy 0.01 EURUSD at 1.09896 sl: 1.09469 tp: 1.10376 -> sl: 1.09469 tp: 1.10388
0	22:03:07.435	'89010303': order #7817053 buy 0.01 EURUSD at 1.09896 was modified -> sl: 1.09469 tp: 1.10388
0	22:04:43.268	'89010303': modify order #7817053 buy 0.01 EURUSD at 1.09896 sl: 1.09469 tp: 1.10388 -> sl: 1.09469 tp: 1.10396
0	22:04:43.686	'89010303': order #7817053 buy 0.01 EURUSD at 1.09896 was modified -> sl: 1.09469 tp: 1.10396
0	22:18:52.615	'89010303': modify order #7817053 buy 0.01 EURUSD at 1.09896 sl: 1.09469 tp: 1.10396 -> sl: 1.09469 tp: 1.10400
0	22:18:52.984	'89010303': order #7817053 buy 0.01 EURUSD at 1.09896 was modified -> sl: 1.09469 tp: 1.10400
0	22:37:10.886	'89010303': modify order #7817053 buy 0.01 EURUSD at 1.09896 sl: 1.09469 tp: 1.10400 -> sl: 1.09469 tp: 1.10417
0	22:37:11.190	'89010303': order #7817053 buy 0.01 EURUSD at 1.09896 was modified -> sl: 1.09469 tp: 1.10417
0	22:40:13.647	'89010303': modify order #7817053 buy 0.01 EURUSD at 1.09896 sl: 1.09469 tp: 1.10417 -> sl: 1.09469 tp: 1.10423
0	22:40:13.984	'89010303': order #7817053 buy 0.01 EURUSD at 1.09896 was modified -> sl: 1.09469 tp: 1.10423
0	22:48:21.088	'89010303': modify order #7817053 buy 0.01 EURUSD at 1.09896 sl: 1.09469 tp: 1.10423 -> sl: 1.09469 tp: 1.10440
0	22:48:21.449	'89010303': order #7817053 buy 0.01 EURUSD at 1.09896 was modified -> sl: 1.09469 tp: 1.10440
