0	01:34:17.989	'89010303': modify order #7652338 sell 0.01 EURUSD at 1.06629 sl: 1.07074 tp: 1.05310 -> sl: 1.07074 tp: 1.05298
0	01:34:18.239	'89010303': order #7652338 sell 0.01 EURUSD at 1.06629 was modified -> sl: 1.07074 tp: 1.05298
0	01:34:18.286	'89010303': modify order #7652415 sell 0.01 EURUSD at 1.06591 sl: 1.07012 tp: 1.05310 -> sl: 1.07012 tp: 1.05299
0	01:34:18.427	'89010303': order #7652415 sell 0.01 EURUSD at 1.06591 was modified -> sl: 1.07012 tp: 1.05299
0	01:34:18.552	'89010303': modify order #7652416 sell 0.01 EURUSD at 1.06590 sl: 1.07017 tp: 1.05310 -> sl: 1.07017 tp: 1.05299
0	01:34:18.802	'89010303': order #7652416 sell 0.01 EURUSD at 1.06590 was modified -> sl: 1.07017 tp: 1.05299
0	01:34:18.864	'89010303': modify order #7652417 sell 0.01 EURUSD at 1.06590 sl: 1.07017 tp: 1.05310 -> sl: 1.07017 tp: 1.05299
0	01:34:19.067	'89010303': order #7652417 sell 0.01 EURUSD at 1.06590 was modified -> sl: 1.07017 tp: 1.05299
0	01:34:19.114	'89010303': modify order #7652418 sell 0.01 EURUSD at 1.06590 sl: 1.07016 tp: 1.05310 -> sl: 1.07016 tp: 1.05299
0	01:34:19.271	'89010303': order #7652418 sell 0.01 EURUSD at 1.06590 was modified -> sl: 1.07016 tp: 1.05299
0	01:34:19.364	'89010303': modify order #7652430 sell 0.01 EURUSD at 1.06601 sl: 1.07004 tp: 1.05310 -> sl: 1.07004 tp: 1.05299
0	01:34:19.583	'89010303': order #7652430 sell 0.01 EURUSD at 1.06601 was modified -> sl: 1.07004 tp: 1.05299
0	01:34:19.692	'89010303': modify order #7652458 sell 0.01 EURUSD at 1.06624 sl: 1.07038 tp: 1.05310 -> sl: 1.07038 tp: 1.05301
0	01:34:20.036	'89010303': order #7652458 sell 0.01 EURUSD at 1.06624 was modified -> sl: 1.07038 tp: 1.05301
0	01:34:20.146	'89010303': modify order #7652459 sell 0.01 EURUSD at 1.06625 sl: 1.07043 tp: 1.05310 -> sl: 1.07043 tp: 1.05301
0	01:34:20.317	'89010303': order #7652459 sell 0.01 EURUSD at 1.06625 was modified -> sl: 1.07043 tp: 1.05301
0	01:34:20.349	'89010303': modify order #7652460 sell 0.01 EURUSD at 1.06624 sl: 1.07050 tp: 1.05310 -> sl: 1.07050 tp: 1.05300
0	01:34:20.521	'89010303': order #7652460 sell 0.01 EURUSD at 1.06624 was modified -> sl: 1.07050 tp: 1.05300
0	01:34:20.552	'89010303': modify order #7652541 sell 0.01 EURUSD at 1.06551 sl: 1.06978 tp: 1.05310 -> sl: 1.06978 tp: 1.05300
0	01:34:20.739	'89010303': order #7652541 sell 0.01 EURUSD at 1.06551 was modified -> sl: 1.06978 tp: 1.05300
0	01:34:20.817	'89010303': modify order #7652563 sell 0.01 EURUSD at 1.06532 sl: 1.06958 tp: 1.05310 -> sl: 1.06958 tp: 1.05300
0	01:34:21.005	'89010303': order #7652563 sell 0.01 EURUSD at 1.06532 was modified -> sl: 1.06958 tp: 1.05300
0	01:34:21.099	'89010303': modify order #7663457 sell 0.01 EURUSD at 1.06835 sl: 1.07259 tp: 1.05310 -> sl: 1.07259 tp: 1.05299
0	01:34:21.271	'89010303': order #7663457 sell 0.01 EURUSD at 1.06835 was modified -> sl: 1.07259 tp: 1.05299
0	01:34:21.317	'89010303': modify order #7663458 sell 0.01 EURUSD at 1.06835 sl: 1.07259 tp: 1.05310 -> sl: 1.07259 tp: 1.05299
0	01:34:21.536	'89010303': order #7663458 sell 0.01 EURUSD at 1.06835 was modified -> sl: 1.07259 tp: 1.05299
0	01:34:21.567	'89010303': modify order #7663694 sell 0.01 EURUSD at 1.06763 sl: 1.07189 tp: 1.05310 -> sl: 1.07189 tp: 1.05299
0	01:34:21.802	'89010303': order #7663694 sell 0.01 EURUSD at 1.06763 was modified -> sl: 1.07189 tp: 1.05299
0	01:34:21.833	'89010303': modify order #7663695 sell 0.01 EURUSD at 1.06763 sl: 1.07189 tp: 1.05310 -> sl: 1.07189 tp: 1.05299
0	01:34:22.067	'89010303': order #7663695 sell 0.01 EURUSD at 1.06763 was modified -> sl: 1.07189 tp: 1.05299
0	01:34:22.099	'89010303': modify order #7664451 sell 0.01 EURUSD at 1.06264 sl: 1.06691 tp: 1.05310 -> sl: 1.06691 tp: 1.05299
0	01:34:22.302	'89010303': order #7664451 sell 0.01 EURUSD at 1.06264 was modified -> sl: 1.06691 tp: 1.05299
0	01:34:22.349	'89010303': modify order #7664452 sell 0.01 EURUSD at 1.06264 sl: 1.06691 tp: 1.05310 -> sl: 1.06691 tp: 1.05299
0	01:34:22.724	'89010303': order #7664452 sell 0.01 EURUSD at 1.06264 was modified -> sl: 1.06691 tp: 1.05299
0	01:34:22.724	'89010303': modify order #7664453 sell 0.01 EURUSD at 1.06264 sl: 1.06691 tp: 1.05310 -> sl: 1.06691 tp: 1.05299
0	01:34:22.942	'89010303': order #7664453 sell 0.01 EURUSD at 1.06264 was modified -> sl: 1.06691 tp: 1.05299
0	01:34:22.989	'89010303': modify order #7664504 sell 0.01 EURUSD at 1.06106 sl: 1.06527 tp: 1.05310 -> sl: 1.06527 tp: 1.05299
0	01:34:23.114	'89010303': order #7664504 sell 0.01 EURUSD at 1.06106 was modified -> sl: 1.06527 tp: 1.05299
0	01:34:23.114	'89010303': modify order #7664505 sell 0.01 EURUSD at 1.06115 sl: 1.06543 tp: 1.05310 -> sl: 1.06543 tp: 1.05300
0	01:34:23.427	'89010303': order #7664505 sell 0.01 EURUSD at 1.06115 was modified -> sl: 1.06543 tp: 1.05300
0	01:34:23.474	'89010303': modify order #7664506 sell 0.01 EURUSD at 1.06114 sl: 1.06541 tp: 1.05310 -> sl: 1.06541 tp: 1.05299
0	01:34:23.599	'89010303': order #7664506 sell 0.01 EURUSD at 1.06114 was modified -> sl: 1.06541 tp: 1.05299
0	01:34:23.599	'89010303': modify order #7664507 sell 0.01 EURUSD at 1.06113 sl: 1.06541 tp: 1.05310 -> sl: 1.06541 tp: 1.05300
0	01:34:23.864	'89010303': order #7664507 sell 0.01 EURUSD at 1.06113 was modified -> sl: 1.06541 tp: 1.05300
0	01:34:23.911	'89010303': modify order #7664537 sell 0.01 EURUSD at 1.06121 sl: 1.06544 tp: 1.05310 -> sl: 1.06544 tp: 1.05299
0	01:34:24.130	'89010303': order #7664537 sell 0.01 EURUSD at 1.06121 was modified -> sl: 1.06544 tp: 1.05299
0	01:34:24.161	'89010303': modify order #7664967 sell 0.01 EURUSD at 1.06069 sl: 1.06494 tp: 1.05310 -> sl: 1.06494 tp: 1.05299
0	01:34:24.396	'89010303': order #7664967 sell 0.01 EURUSD at 1.06069 was modified -> sl: 1.06494 tp: 1.05299
0	01:34:24.442	'89010303': modify order #7671162 sell 0.01 EURUSD at 1.06074 sl: 1.06500 tp: 1.05310 -> sl: 1.06500 tp: 1.05299
0	01:34:24.661	'89010303': order #7671162 sell 0.01 EURUSD at 1.06074 was modified -> sl: 1.06500 tp: 1.05299
0	01:34:24.692	'89010303': modify order #7671163 sell 0.01 EURUSD at 1.06074 sl: 1.06500 tp: 1.05310 -> sl: 1.06500 tp: 1.05299
0	01:34:24.911	'89010303': order #7671163 sell 0.01 EURUSD at 1.06074 was modified -> sl: 1.06500 tp: 1.05299
0	01:34:24.958	'89010303': modify order #7671164 sell 0.01 EURUSD at 1.06074 sl: 1.06500 tp: 1.05310 -> sl: 1.06500 tp: 1.05298
0	01:34:25.161	'89010303': order #7671164 sell 0.01 EURUSD at 1.06074 was modified -> sl: 1.06500 tp: 1.05298
0	01:34:25.192	'89010303': modify order #7671168 sell 0.01 EURUSD at 1.06077 sl: 1.06501 tp: 1.05310 -> sl: 1.06501 tp: 1.05298
0	01:34:25.411	'89010303': order #7671168 sell 0.01 EURUSD at 1.06077 was modified -> sl: 1.06501 tp: 1.05298
0	01:34:25.411	'89010303': modify order #7682756 sell 0.01 EURUSD at 1.05781 sl: 1.06205 tp: 1.05310 -> sl: 1.06205 tp: 1.05298
0	01:34:25.661	'89010303': order #7682756 sell 0.01 EURUSD at 1.05781 was modified -> sl: 1.06205 tp: 1.05298
0	09:12:03.680	'89010303': order #7644814 buy 0.01 EURUSD at 1.06069 closed due stop-loss at price 1.05638
0	09:14:49.944	'89010303': order #7664883 buy 0.01 EURUSD at 1.06053 closed due stop-loss at price 1.05635
0	09:14:58.009	'89010303': order #7664885 buy 0.01 EURUSD at 1.06054 closed due stop-loss at price 1.05630
0	09:14:58.009	'89010303': order #7664886 buy 0.01 EURUSD at 1.06054 closed due stop-loss at price 1.05630
0	09:17:33.037	'89010303': modify order #7652338 sell 0.01 EURUSD at 1.06629 sl: 1.07074 tp: 1.05298 -> sl: 1.07074 tp: 1.05241
0	09:17:37.032	'89010303': order #7652338 sell 0.01 EURUSD at 1.06629 was modified -> sl: 1.07074 tp: 1.05241
0	09:17:37.644	'89010303': modify order #7652415 sell 0.01 EURUSD at 1.06591 sl: 1.07012 tp: 1.05299 -> sl: 1.07012 tp: 1.05240
0	09:17:37.847	'89010303': order #7652415 sell 0.01 EURUSD at 1.06591 was modified -> sl: 1.07012 tp: 1.05240
0	09:17:37.887	'89010303': modify order #7652416 sell 0.01 EURUSD at 1.06590 sl: 1.07017 tp: 1.05299 -> sl: 1.07017 tp: 1.05240
0	09:17:38.094	'89010303': order #7652416 sell 0.01 EURUSD at 1.06590 was modified -> sl: 1.07017 tp: 1.05240
0	09:17:38.094	'89010303': modify order #7652417 sell 0.01 EURUSD at 1.06590 sl: 1.07017 tp: 1.05299 -> sl: 1.07017 tp: 1.05240
0	09:17:38.337	'89010303': order #7652417 sell 0.01 EURUSD at 1.06590 was modified -> sl: 1.07017 tp: 1.05240
0	09:17:38.337	'89010303': modify order #7652418 sell 0.01 EURUSD at 1.06590 sl: 1.07016 tp: 1.05299 -> sl: 1.07016 tp: 1.05240
0	09:17:38.625	'89010303': order #7652418 sell 0.01 EURUSD at 1.06590 was modified -> sl: 1.07016 tp: 1.05240
0	09:17:38.665	'89010303': modify order #7652430 sell 0.01 EURUSD at 1.06601 sl: 1.07004 tp: 1.05299 -> sl: 1.07004 tp: 1.05239
0	09:17:38.827	'89010303': order #7652430 sell 0.01 EURUSD at 1.06601 was modified -> sl: 1.07004 tp: 1.05239
0	09:17:38.827	'89010303': modify order #7652458 sell 0.01 EURUSD at 1.06624 sl: 1.07038 tp: 1.05301 -> sl: 1.07038 tp: 1.05240
0	09:17:39.115	'89010303': order #7652458 sell 0.01 EURUSD at 1.06624 was modified -> sl: 1.07038 tp: 1.05240
0	09:17:39.155	'89010303': modify order #7652459 sell 0.01 EURUSD at 1.06625 sl: 1.07043 tp: 1.05301 -> sl: 1.07043 tp: 1.05240
0	09:17:39.358	'89010303': order #7652459 sell 0.01 EURUSD at 1.06625 was modified -> sl: 1.07043 tp: 1.05240
0	09:17:39.441	'89010303': modify order #7652460 sell 0.01 EURUSD at 1.06624 sl: 1.07050 tp: 1.05300 -> sl: 1.07050 tp: 1.05240
0	09:17:39.723	'89010303': order #7652460 sell 0.01 EURUSD at 1.06624 was modified -> sl: 1.07050 tp: 1.05240
0	09:17:39.723	'89010303': modify order #7652541 sell 0.01 EURUSD at 1.06551 sl: 1.06978 tp: 1.05300 -> sl: 1.06978 tp: 1.05241
0	09:17:39.889	'89010303': order #7652541 sell 0.01 EURUSD at 1.06551 was modified -> sl: 1.06978 tp: 1.05241
0	09:17:39.929	'89010303': modify order #7652563 sell 0.01 EURUSD at 1.06532 sl: 1.06958 tp: 1.05300 -> sl: 1.06958 tp: 1.05240
0	09:17:40.132	'89010303': order #7652563 sell 0.01 EURUSD at 1.06532 was modified -> sl: 1.06958 tp: 1.05240
0	09:17:40.172	'89010303': modify order #7663457 sell 0.01 EURUSD at 1.06835 sl: 1.07259 tp: 1.05299 -> sl: 1.07259 tp: 1.05241
0	09:17:40.375	'89010303': order #7663457 sell 0.01 EURUSD at 1.06835 was modified -> sl: 1.07259 tp: 1.05241
0	09:17:40.415	'89010303': modify order #7663458 sell 0.01 EURUSD at 1.06835 sl: 1.07259 tp: 1.05299 -> sl: 1.07259 tp: 1.05241
0	09:17:40.582	'89010303': order #7663458 sell 0.01 EURUSD at 1.06835 was modified -> sl: 1.07259 tp: 1.05241
0	09:17:40.622	'89010303': modify order #7663694 sell 0.01 EURUSD at 1.06763 sl: 1.07189 tp: 1.05299 -> sl: 1.07189 tp: 1.05239
0	09:17:40.785	'89010303': order #7663694 sell 0.01 EURUSD at 1.06763 was modified -> sl: 1.07189 tp: 1.05239
0	09:17:40.785	'89010303': modify order #7663695 sell 0.01 EURUSD at 1.06763 sl: 1.07189 tp: 1.05299 -> sl: 1.07189 tp: 1.05240
0	09:17:40.988	'89010303': order #7663695 sell 0.01 EURUSD at 1.06763 was modified -> sl: 1.07189 tp: 1.05240
0	09:17:40.988	'89010303': modify order #7664451 sell 0.01 EURUSD at 1.06264 sl: 1.06691 tp: 1.05299 -> sl: 1.06691 tp: 1.05240
0	09:17:41.193	'89010303': order #7664451 sell 0.01 EURUSD at 1.06264 was modified -> sl: 1.06691 tp: 1.05240
0	09:17:41.274	'89010303': modify order #7664452 sell 0.01 EURUSD at 1.06264 sl: 1.06691 tp: 1.05299 -> sl: 1.06691 tp: 1.05240
0	09:17:41.519	'89010303': order #7664452 sell 0.01 EURUSD at 1.06264 was modified -> sl: 1.06691 tp: 1.05240
0	09:17:41.602	'89010303': modify order #7664453 sell 0.01 EURUSD at 1.06264 sl: 1.06691 tp: 1.05299 -> sl: 1.06691 tp: 1.05239
0	09:17:41.805	'89010303': order #7664453 sell 0.01 EURUSD at 1.06264 was modified -> sl: 1.06691 tp: 1.05239
0	09:17:41.805	'89010303': modify order #7664504 sell 0.01 EURUSD at 1.06106 sl: 1.06527 tp: 1.05299 -> sl: 1.06527 tp: 1.05239
0	09:17:42.050	'89010303': order #7664504 sell 0.01 EURUSD at 1.06106 was modified -> sl: 1.06527 tp: 1.05239
0	09:17:42.174	'89010303': modify order #7664505 sell 0.01 EURUSD at 1.06115 sl: 1.06543 tp: 1.05300 -> sl: 1.06543 tp: 1.05240
0	09:17:42.494	'89010303': order #7664505 sell 0.01 EURUSD at 1.06115 was modified -> sl: 1.06543 tp: 1.05240
0	09:17:42.535	'89010303': modify order #7664506 sell 0.01 EURUSD at 1.06114 sl: 1.06541 tp: 1.05299 -> sl: 1.06541 tp: 1.05240
0	09:17:42.941	'89010303': order #7664506 sell 0.01 EURUSD at 1.06114 was modified -> sl: 1.06541 tp: 1.05240
0	09:17:42.941	'89010303': modify order #7664507 sell 0.01 EURUSD at 1.06113 sl: 1.06541 tp: 1.05300 -> sl: 1.06541 tp: 1.05240
0	09:17:43.142	'89010303': order #7664507 sell 0.01 EURUSD at 1.06113 was modified -> sl: 1.06541 tp: 1.05240
0	09:17:43.144	'89010303': modify order #7664537 sell 0.01 EURUSD at 1.06121 sl: 1.06544 tp: 1.05299 -> sl: 1.06544 tp: 1.05240
0	09:17:43.348	'89010303': order #7664537 sell 0.01 EURUSD at 1.06121 was modified -> sl: 1.06544 tp: 1.05240
0	09:17:43.348	'89010303': modify order #7664967 sell 0.01 EURUSD at 1.06069 sl: 1.06494 tp: 1.05299 -> sl: 1.06494 tp: 1.05240
0	09:17:43.675	'89010303': order #7664967 sell 0.01 EURUSD at 1.06069 was modified -> sl: 1.06494 tp: 1.05240
0	09:17:43.675	'89010303': modify order #7671162 sell 0.01 EURUSD at 1.06074 sl: 1.06500 tp: 1.05299 -> sl: 1.06500 tp: 1.05240
0	09:17:46.687	'89010303': order #7671162 sell 0.01 EURUSD at 1.06074 was modified -> sl: 1.06500 tp: 1.05240
0	09:17:51.662	'89010303': modify order #7671163 sell 0.01 EURUSD at 1.06074 sl: 1.06500 tp: 1.05299 -> sl: 1.06500 tp: 1.05240
0	09:17:52.193	'89010303': order #7671163 sell 0.01 EURUSD at 1.06074 was modified -> sl: 1.06500 tp: 1.05240
0	09:17:52.193	'89010303': modify order #7671164 sell 0.01 EURUSD at 1.06074 sl: 1.06500 tp: 1.05298 -> sl: 1.06500 tp: 1.05240
0	09:17:52.436	'89010303': order #7671164 sell 0.01 EURUSD at 1.06074 was modified -> sl: 1.06500 tp: 1.05240
0	09:17:52.517	'89010303': modify order #7671168 sell 0.01 EURUSD at 1.06077 sl: 1.06501 tp: 1.05298 -> sl: 1.06501 tp: 1.05240
0	09:17:52.642	'89010303': order #7671168 sell 0.01 EURUSD at 1.06077 was modified -> sl: 1.06501 tp: 1.05240
0	09:17:52.642	'89010303': modify order #7682756 sell 0.01 EURUSD at 1.05781 sl: 1.06205 tp: 1.05298 -> sl: 1.06205 tp: 1.05240
0	09:17:52.847	'89010303': order #7682756 sell 0.01 EURUSD at 1.05781 was modified -> sl: 1.06205 tp: 1.05240
0	09:19:02.475	'89010303': instant order sell 0.01 EURUSD at 1.05657 sl: 1.06082 tp: 1.05590
0	09:19:03.391	'89010303': order was opened : #7690313 sell 0.01 EURUSD at 1.05658 sl: 1.06082 tp: 1.05590
0	09:21:26.648	'89010303': instant order sell 0.01 EURUSD at 1.05673 sl: 1.06099 tp: 1.05352
0	09:21:26.973	'89010303': order was opened : #7690328 sell 0.01 EURUSD at 1.05673 sl: 1.06099 tp: 1.05352
0	09:29:41.832	'89010303': modify order #7690313 sell 0.01 EURUSD at 1.05658 sl: 1.06082 tp: 1.05590 -> sl: 1.06082 tp: 1.05567
0	09:29:42.035	'89010303': order #7690313 sell 0.01 EURUSD at 1.05658 was modified -> sl: 1.06082 tp: 1.05567
0	11:39:00.102	'89010303': modify order #7652338 sell 0.01 EURUSD at 1.06629 sl: 1.07074 tp: 1.05241 -> sl: 1.07074 tp: 1.05238
0	11:39:00.361	'89010303': order #7652338 sell 0.01 EURUSD at 1.06629 was modified -> sl: 1.07074 tp: 1.05238
0	11:39:00.426	'89010303': modify order #7652415 sell 0.01 EURUSD at 1.06591 sl: 1.07012 tp: 1.05240 -> sl: 1.07012 tp: 1.05238
0	11:39:00.685	'89010303': order #7652415 sell 0.01 EURUSD at 1.06591 was modified -> sl: 1.07012 tp: 1.05238
0	11:39:00.685	'89010303': modify order #7652416 sell 0.01 EURUSD at 1.06590 sl: 1.07017 tp: 1.05240 -> sl: 1.07017 tp: 1.05238
0	11:39:00.913	'89010303': order #7652416 sell 0.01 EURUSD at 1.06590 was modified -> sl: 1.07017 tp: 1.05238
0	11:39:00.945	'89010303': modify order #7652417 sell 0.01 EURUSD at 1.06590 sl: 1.07017 tp: 1.05240 -> sl: 1.07017 tp: 1.05238
0	11:39:01.107	'89010303': order #7652417 sell 0.01 EURUSD at 1.06590 was modified -> sl: 1.07017 tp: 1.05238
0	11:39:01.107	'89010303': modify order #7652418 sell 0.01 EURUSD at 1.06590 sl: 1.07016 tp: 1.05240 -> sl: 1.07016 tp: 1.05238
0	11:39:01.305	'89010303': order #7652418 sell 0.01 EURUSD at 1.06590 was modified -> sl: 1.07016 tp: 1.05238
0	11:39:01.366	'89010303': modify order #7652430 sell 0.01 EURUSD at 1.06601 sl: 1.07004 tp: 1.05239 -> sl: 1.07004 tp: 1.05237
0	11:39:01.561	'89010303': order #7652430 sell 0.01 EURUSD at 1.06601 was modified -> sl: 1.07004 tp: 1.05237
0	11:39:01.626	'89010303': modify order #7652458 sell 0.01 EURUSD at 1.06624 sl: 1.07038 tp: 1.05240 -> sl: 1.07038 tp: 1.05237
0	11:39:01.758	'89010303': order #7652458 sell 0.01 EURUSD at 1.06624 was modified -> sl: 1.07038 tp: 1.05237
0	11:39:01.853	'89010303': modify order #7652459 sell 0.01 EURUSD at 1.06625 sl: 1.07043 tp: 1.05240 -> sl: 1.07043 tp: 1.05237
0	11:39:02.016	'89010303': order #7652459 sell 0.01 EURUSD at 1.06625 was modified -> sl: 1.07043 tp: 1.05237
0	11:39:02.016	'89010303': modify order #7652460 sell 0.01 EURUSD at 1.06624 sl: 1.07050 tp: 1.05240 -> sl: 1.07050 tp: 1.05237
0	11:39:02.243	'89010303': order #7652460 sell 0.01 EURUSD at 1.06624 was modified -> sl: 1.07050 tp: 1.05237
0	11:39:03.115	'89010303': modify order #7652541 sell 0.01 EURUSD at 1.06551 sl: 1.06978 tp: 1.05241 -> sl: 1.06978 tp: 1.05237
0	11:39:03.245	'89010303': order #7652541 sell 0.01 EURUSD at 1.06551 was modified -> sl: 1.06978 tp: 1.05237
0	11:39:03.245	'89010303': modify order #7652563 sell 0.01 EURUSD at 1.06532 sl: 1.06958 tp: 1.05240 -> sl: 1.06958 tp: 1.05237
0	11:39:03.541	'89010303': order #7652563 sell 0.01 EURUSD at 1.06532 was modified -> sl: 1.06958 tp: 1.05237
0	11:39:03.573	'89010303': modify order #7663457 sell 0.01 EURUSD at 1.06835 sl: 1.07259 tp: 1.05241 -> sl: 1.07259 tp: 1.05237
0	11:39:03.703	'89010303': order #7663457 sell 0.01 EURUSD at 1.06835 was modified -> sl: 1.07259 tp: 1.05237
0	11:39:03.767	'89010303': modify order #7663458 sell 0.01 EURUSD at 1.06835 sl: 1.07259 tp: 1.05241 -> sl: 1.07259 tp: 1.05237
0	11:39:03.930	'89010303': order #7663458 sell 0.01 EURUSD at 1.06835 was modified -> sl: 1.07259 tp: 1.05237
0	11:39:03.962	'89010303': modify order #7663694 sell 0.01 EURUSD at 1.06763 sl: 1.07189 tp: 1.05239 -> sl: 1.07189 tp: 1.05237
0	11:39:04.157	'89010303': order #7663694 sell 0.01 EURUSD at 1.06763 was modified -> sl: 1.07189 tp: 1.05237
0	11:39:04.221	'89010303': modify order #7663695 sell 0.01 EURUSD at 1.06763 sl: 1.07189 tp: 1.05240 -> sl: 1.07189 tp: 1.05237
0	11:39:04.416	'89010303': order #7663695 sell 0.01 EURUSD at 1.06763 was modified -> sl: 1.07189 tp: 1.05237
0	11:39:04.416	'89010303': modify order #7664451 sell 0.01 EURUSD at 1.06264 sl: 1.06691 tp: 1.05240 -> sl: 1.06691 tp: 1.05237
0	11:39:04.579	'89010303': order #7664451 sell 0.01 EURUSD at 1.06264 was modified -> sl: 1.06691 tp: 1.05237
0	11:39:04.643	'89010303': modify order #7664452 sell 0.01 EURUSD at 1.06264 sl: 1.06691 tp: 1.05240 -> sl: 1.06691 tp: 1.05237
0	11:39:04.870	'89010303': order #7664452 sell 0.01 EURUSD at 1.06264 was modified -> sl: 1.06691 tp: 1.05237
0	11:39:04.931	'89010303': modify order #7664453 sell 0.01 EURUSD at 1.06264 sl: 1.06691 tp: 1.05239 -> sl: 1.06691 tp: 1.05237
0	11:39:05.098	'89010303': order #7664453 sell 0.01 EURUSD at 1.06264 was modified -> sl: 1.06691 tp: 1.05237
0	11:39:05.098	'89010303': modify order #7664504 sell 0.01 EURUSD at 1.06106 sl: 1.06527 tp: 1.05239 -> sl: 1.06527 tp: 1.05237
0	11:39:05.321	'89010303': order #7664504 sell 0.01 EURUSD at 1.06106 was modified -> sl: 1.06527 tp: 1.05237
0	11:39:05.357	'89010303': modify order #7664505 sell 0.01 EURUSD at 1.06115 sl: 1.06543 tp: 1.05240 -> sl: 1.06543 tp: 1.05238
0	11:39:05.613	'89010303': order #7664505 sell 0.01 EURUSD at 1.06115 was modified -> sl: 1.06543 tp: 1.05238
0	11:39:05.613	'89010303': modify order #7664506 sell 0.01 EURUSD at 1.06114 sl: 1.06541 tp: 1.05240 -> sl: 1.06541 tp: 1.05238
0	11:39:05.937	'89010303': order #7664506 sell 0.01 EURUSD at 1.06114 was modified -> sl: 1.06541 tp: 1.05238
0	11:39:05.970	'89010303': modify order #7664507 sell 0.01 EURUSD at 1.06113 sl: 1.06541 tp: 1.05240 -> sl: 1.06541 tp: 1.05238
0	11:39:06.136	'89010303': order #7664507 sell 0.01 EURUSD at 1.06113 was modified -> sl: 1.06541 tp: 1.05238
0	11:39:06.136	'89010303': modify order #7664537 sell 0.01 EURUSD at 1.06121 sl: 1.06544 tp: 1.05240 -> sl: 1.06544 tp: 1.05238
0	11:39:06.330	'89010303': order #7664537 sell 0.01 EURUSD at 1.06121 was modified -> sl: 1.06544 tp: 1.05238
0	11:39:06.914	'89010303': modify order #7664967 sell 0.01 EURUSD at 1.06069 sl: 1.06494 tp: 1.05240 -> sl: 1.06494 tp: 1.05238
0	11:39:07.141	'89010303': order #7664967 sell 0.01 EURUSD at 1.06069 was modified -> sl: 1.06494 tp: 1.05238
0	11:39:07.141	'89010303': modify order #7671162 sell 0.01 EURUSD at 1.06074 sl: 1.06500 tp: 1.05240 -> sl: 1.06500 tp: 1.05238
0	11:39:07.433	'89010303': order #7671162 sell 0.01 EURUSD at 1.06074 was modified -> sl: 1.06500 tp: 1.05238
0	11:39:07.466	'89010303': modify order #7671163 sell 0.01 EURUSD at 1.06074 sl: 1.06500 tp: 1.05240 -> sl: 1.06500 tp: 1.05238
0	11:39:07.628	'89010303': order #7671163 sell 0.01 EURUSD at 1.06074 was modified -> sl: 1.06500 tp: 1.05238
0	11:39:07.628	'89010303': modify order #7671164 sell 0.01 EURUSD at 1.06074 sl: 1.06500 tp: 1.05240 -> sl: 1.06500 tp: 1.05238
0	11:39:07.892	'89010303': order #7671164 sell 0.01 EURUSD at 1.06074 was modified -> sl: 1.06500 tp: 1.05238
0	11:39:08.739	'89010303': modify order #7671168 sell 0.01 EURUSD at 1.06077 sl: 1.06501 tp: 1.05240 -> sl: 1.06501 tp: 1.05237
0	11:39:08.901	'89010303': order #7671168 sell 0.01 EURUSD at 1.06077 was modified -> sl: 1.06501 tp: 1.05237
0	11:39:08.901	'89010303': modify order #7682756 sell 0.01 EURUSD at 1.05781 sl: 1.06205 tp: 1.05240 -> sl: 1.06205 tp: 1.05237
0	11:39:09.165	'89010303': order #7682756 sell 0.01 EURUSD at 1.05781 was modified -> sl: 1.06205 tp: 1.05237
0	11:39:09.198	'89010303': modify order #7690328 sell 0.01 EURUSD at 1.05673 sl: 1.06099 tp: 1.05352 -> sl: 1.06099 tp: 1.05321
0	11:39:09.425	'89010303': order #7690328 sell 0.01 EURUSD at 1.05673 was modified -> sl: 1.06099 tp: 1.05321
0	11:41:41.843	'89010303': modify order #7652338 sell 0.01 EURUSD at 1.06629 sl: 1.07074 tp: 1.05238 -> sl: 1.07074 tp: 1.05235
0	11:41:42.274	'89010303': order #7652338 sell 0.01 EURUSD at 1.06629 was modified -> sl: 1.07074 tp: 1.05235
0	11:41:42.306	'89010303': modify order #7652415 sell 0.01 EURUSD at 1.06591 sl: 1.07012 tp: 1.05238 -> sl: 1.07012 tp: 1.05235
0	11:41:42.468	'89010303': order #7652415 sell 0.01 EURUSD at 1.06591 was modified -> sl: 1.07012 tp: 1.05235
0	11:41:42.468	'89010303': modify order #7652416 sell 0.01 EURUSD at 1.06590 sl: 1.07017 tp: 1.05238 -> sl: 1.07017 tp: 1.05235
0	11:41:42.727	'89010303': order #7652416 sell 0.01 EURUSD at 1.06590 was modified -> sl: 1.07017 tp: 1.05235
0	11:41:42.727	'89010303': modify order #7652417 sell 0.01 EURUSD at 1.06590 sl: 1.07017 tp: 1.05238 -> sl: 1.07017 tp: 1.05235
0	11:41:42.959	'89010303': order #7652417 sell 0.01 EURUSD at 1.06590 was modified -> sl: 1.07017 tp: 1.05235
0	11:41:42.959	'89010303': modify order #7652418 sell 0.01 EURUSD at 1.06590 sl: 1.07016 tp: 1.05238 -> sl: 1.07016 tp: 1.05235
0	11:41:43.315	'89010303': order #7652418 sell 0.01 EURUSD at 1.06590 was modified -> sl: 1.07016 tp: 1.05235
0	11:41:43.806	'89010303': modify order #7652430 sell 0.01 EURUSD at 1.06601 sl: 1.07004 tp: 1.05237 -> sl: 1.07004 tp: 1.05235
0	11:41:44.131	'89010303': order #7652430 sell 0.01 EURUSD at 1.06601 was modified -> sl: 1.07004 tp: 1.05235
0	11:41:44.719	'89010303': modify order #7652458 sell 0.01 EURUSD at 1.06624 sl: 1.07038 tp: 1.05237 -> sl: 1.07038 tp: 1.05235
0	11:41:44.881	'89010303': order #7652458 sell 0.01 EURUSD at 1.06624 was modified -> sl: 1.07038 tp: 1.05235
0	11:41:44.883	'89010303': modify order #7652459 sell 0.01 EURUSD at 1.06625 sl: 1.07043 tp: 1.05237 -> sl: 1.07043 tp: 1.05236
0	11:41:45.044	'89010303': order #7652459 sell 0.01 EURUSD at 1.06625 was modified -> sl: 1.07043 tp: 1.05236
0	11:41:45.076	'89010303': modify order #7652460 sell 0.01 EURUSD at 1.06624 sl: 1.07050 tp: 1.05237 -> sl: 1.07050 tp: 1.05236
0	11:41:45.401	'89010303': order #7652460 sell 0.01 EURUSD at 1.06624 was modified -> sl: 1.07050 tp: 1.05236
0	11:41:45.401	'89010303': modify order #7652541 sell 0.01 EURUSD at 1.06551 sl: 1.06978 tp: 1.05237 -> sl: 1.06978 tp: 1.05236
0	11:41:45.693	'89010303': order #7652541 sell 0.01 EURUSD at 1.06551 was modified -> sl: 1.06978 tp: 1.05236
0	11:41:46.309	'89010303': modify order #7652563 sell 0.01 EURUSD at 1.06532 sl: 1.06958 tp: 1.05237 -> sl: 1.06958 tp: 1.05236
0	11:41:46.503	'89010303': order #7652563 sell 0.01 EURUSD at 1.06532 was modified -> sl: 1.06958 tp: 1.05236
0	11:41:46.503	'89010303': modify order #7663457 sell 0.01 EURUSD at 1.06835 sl: 1.07259 tp: 1.05237 -> sl: 1.07259 tp: 1.05236
0	11:41:46.763	'89010303': order #7663457 sell 0.01 EURUSD at 1.06835 was modified -> sl: 1.07259 tp: 1.05236
0	11:41:47.120	'89010303': modify order #7663458 sell 0.01 EURUSD at 1.06835 sl: 1.07259 tp: 1.05237 -> sl: 1.07259 tp: 1.05236
0	11:41:47.282	'89010303': order #7663458 sell 0.01 EURUSD at 1.06835 was modified -> sl: 1.07259 tp: 1.05236
0	11:41:47.282	'89010303': modify order #7663694 sell 0.01 EURUSD at 1.06763 sl: 1.07189 tp: 1.05237 -> sl: 1.07189 tp: 1.05236
0	11:41:47.481	'89010303': order #7663694 sell 0.01 EURUSD at 1.06763 was modified -> sl: 1.07189 tp: 1.05236
0	11:41:47.481	'89010303': modify order #7663695 sell 0.01 EURUSD at 1.06763 sl: 1.07189 tp: 1.05237 -> sl: 1.07189 tp: 1.05236
0	11:41:47.676	'89010303': order #7663695 sell 0.01 EURUSD at 1.06763 was modified -> sl: 1.07189 tp: 1.05236
0	11:41:48.358	'89010303': modify order #7664451 sell 0.01 EURUSD at 1.06264 sl: 1.06691 tp: 1.05237 -> sl: 1.06691 tp: 1.05234
0	11:41:48.715	'89010303': order #7664451 sell 0.01 EURUSD at 1.06264 was modified -> sl: 1.06691 tp: 1.05234
0	11:41:48.748	'89010303': modify order #7664452 sell 0.01 EURUSD at 1.06264 sl: 1.06691 tp: 1.05237 -> sl: 1.06691 tp: 1.05235
0	11:41:48.943	'89010303': order #7664452 sell 0.01 EURUSD at 1.06264 was modified -> sl: 1.06691 tp: 1.05235
0	11:41:48.943	'89010303': modify order #7664453 sell 0.01 EURUSD at 1.06264 sl: 1.06691 tp: 1.05237 -> sl: 1.06691 tp: 1.05235
0	11:41:49.138	'89010303': order #7664453 sell 0.01 EURUSD at 1.06264 was modified -> sl: 1.06691 tp: 1.05235
0	11:41:49.170	'89010303': modify order #7664504 sell 0.01 EURUSD at 1.06106 sl: 1.06527 tp: 1.05237 -> sl: 1.06527 tp: 1.05235
0	11:41:49.467	'89010303': order #7664504 sell 0.01 EURUSD at 1.06106 was modified -> sl: 1.06527 tp: 1.05235
0	11:41:49.467	'89010303': modify order #7664505 sell 0.01 EURUSD at 1.06115 sl: 1.06543 tp: 1.05238 -> sl: 1.06543 tp: 1.05235
0	11:41:49.792	'89010303': order #7664505 sell 0.01 EURUSD at 1.06115 was modified -> sl: 1.06543 tp: 1.05235
0	11:41:49.824	'89010303': modify order #7664506 sell 0.01 EURUSD at 1.06114 sl: 1.06541 tp: 1.05238 -> sl: 1.06541 tp: 1.05235
0	11:41:50.019	'89010303': order #7664506 sell 0.01 EURUSD at 1.06114 was modified -> sl: 1.06541 tp: 1.05235
0	11:41:50.019	'89010303': modify order #7664507 sell 0.01 EURUSD at 1.06113 sl: 1.06541 tp: 1.05238 -> sl: 1.06541 tp: 1.05235
0	11:41:50.340	'89010303': order #7664507 sell 0.01 EURUSD at 1.06113 was modified -> sl: 1.06541 tp: 1.05235
0	11:41:50.372	'89010303': modify order #7664537 sell 0.01 EURUSD at 1.06121 sl: 1.06544 tp: 1.05238 -> sl: 1.06544 tp: 1.05235
0	11:41:50.539	'89010303': order #7664537 sell 0.01 EURUSD at 1.06121 was modified -> sl: 1.06544 tp: 1.05235
0	11:41:50.604	'89010303': modify order #7664967 sell 0.01 EURUSD at 1.06069 sl: 1.06494 tp: 1.05238 -> sl: 1.06494 tp: 1.05235
0	11:41:50.766	'89010303': order #7664967 sell 0.01 EURUSD at 1.06069 was modified -> sl: 1.06494 tp: 1.05235
0	11:41:50.799	'89010303': modify order #7671162 sell 0.01 EURUSD at 1.06074 sl: 1.06500 tp: 1.05238 -> sl: 1.06500 tp: 1.05235
0	11:41:51.021	'89010303': order #7671162 sell 0.01 EURUSD at 1.06074 was modified -> sl: 1.06500 tp: 1.05235
0	11:41:51.774	'89010303': modify order #7671163 sell 0.01 EURUSD at 1.06074 sl: 1.06500 tp: 1.05238 -> sl: 1.06500 tp: 1.05235
0	11:41:52.093	'89010303': order #7671163 sell 0.01 EURUSD at 1.06074 was modified -> sl: 1.06500 tp: 1.05235
0	11:41:52.742	'89010303': modify order #7671164 sell 0.01 EURUSD at 1.06074 sl: 1.06500 tp: 1.05238 -> sl: 1.06500 tp: 1.05235
0	11:41:52.969	'89010303': order #7671164 sell 0.01 EURUSD at 1.06074 was modified -> sl: 1.06500 tp: 1.05235
0	11:41:53.622	'89010303': modify order #7671168 sell 0.01 EURUSD at 1.06077 sl: 1.06501 tp: 1.05237 -> sl: 1.06501 tp: 1.05235
0	11:41:53.784	'89010303': order #7671168 sell 0.01 EURUSD at 1.06077 was modified -> sl: 1.06501 tp: 1.05235
0	11:41:53.784	'89010303': modify order #7682756 sell 0.01 EURUSD at 1.05781 sl: 1.06205 tp: 1.05237 -> sl: 1.06205 tp: 1.05236
0	11:41:53.979	'89010303': order #7682756 sell 0.01 EURUSD at 1.05781 was modified -> sl: 1.06205 tp: 1.05236
0	11:41:54.044	'89010303': modify order #7690328 sell 0.01 EURUSD at 1.05673 sl: 1.06099 tp: 1.05321 -> sl: 1.06099 tp: 1.05319
0	11:41:54.206	'89010303': order #7690328 sell 0.01 EURUSD at 1.05673 was modified -> sl: 1.06099 tp: 1.05319
1	13:40:26.473	'89010303': connect failed [No connection]
0	13:40:34.896	'89010303': login on FXCM-GBPReal01 through External
0	13:40:37.928	'89010303': ping to current access point External is 95.88 ms
1	13:41:29.467	MQL4 Market: failed to load products
0	14:05:25.702	'89010303': instant order buy 0.01 EURUSD at 1.05777 sl: 1.05352 tp: 1.05871
0	14:05:28.465	'89010303': order was opened : #7691940 buy 0.01 EURUSD at 1.05774 sl: 1.05352 tp: 1.05871
0	14:25:17.711	'89010303': modify order #7691940 buy 0.01 EURUSD at 1.05774 sl: 1.05352 tp: 1.05871 -> sl: 1.05352 tp: 1.05877
0	14:25:17.997	'89010303': order #7691940 buy 0.01 EURUSD at 1.05774 was modified -> sl: 1.05352 tp: 1.05877
0	14:29:29.183	'89010303': modify order #7691940 buy 0.01 EURUSD at 1.05774 sl: 1.05352 tp: 1.05877 -> sl: 1.05352 tp: 1.05881
0	14:29:29.491	'89010303': order #7691940 buy 0.01 EURUSD at 1.05774 was modified -> sl: 1.05352 tp: 1.05881
0	15:03:38.142	'89010303': close order #7691940 buy 0.01 EURUSD at 1.05774 sl: 1.05352 tp: 1.05881 at price 1.05775
0	15:03:38.547	'89010303': order #7691940 buy 0.01 EURUSD at 1.05774 sl: 1.05352 tp: 1.05881 closed at price 1.05769
0	16:03:08.367	'89010303': modify order #7652338 sell 0.01 EURUSD at 1.06629 sl: 1.07074 tp: 1.05235 -> sl: 1.07074 tp: 1.05226
0	16:03:08.606	'89010303': order #7652338 sell 0.01 EURUSD at 1.06629 was modified -> sl: 1.07074 tp: 1.05226
0	16:03:08.606	'89010303': modify order #7652415 sell 0.01 EURUSD at 1.06591 sl: 1.07012 tp: 1.05235 -> sl: 1.07012 tp: 1.05227
0	16:03:08.853	'89010303': order #7652415 sell 0.01 EURUSD at 1.06591 was modified -> sl: 1.07012 tp: 1.05227
0	16:03:08.853	'89010303': modify order #7652416 sell 0.01 EURUSD at 1.06590 sl: 1.07017 tp: 1.05235 -> sl: 1.07017 tp: 1.05226
0	16:03:09.052	'89010303': order #7652416 sell 0.01 EURUSD at 1.06590 was modified -> sl: 1.07017 tp: 1.05226
0	16:03:09.052	'89010303': modify order #7652417 sell 0.01 EURUSD at 1.06590 sl: 1.07017 tp: 1.05235 -> sl: 1.07017 tp: 1.05227
0	16:03:09.299	'89010303': order #7652417 sell 0.01 EURUSD at 1.06590 was modified -> sl: 1.07017 tp: 1.05227
0	16:03:09.461	'89010303': modify order #7652418 sell 0.01 EURUSD at 1.06590 sl: 1.07016 tp: 1.05235 -> sl: 1.07016 tp: 1.05227
0	16:03:09.623	'89010303': order #7652418 sell 0.01 EURUSD at 1.06590 was modified -> sl: 1.07016 tp: 1.05227
0	16:03:09.625	'89010303': modify order #7652430 sell 0.01 EURUSD at 1.06601 sl: 1.07004 tp: 1.05235 -> sl: 1.07004 tp: 1.05226
0	16:03:09.829	'89010303': order #7652430 sell 0.01 EURUSD at 1.06601 was modified -> sl: 1.07004 tp: 1.05226
0	16:03:09.829	'89010303': modify order #7652458 sell 0.01 EURUSD at 1.06624 sl: 1.07038 tp: 1.05235 -> sl: 1.07038 tp: 1.05227
0	16:03:10.032	'89010303': order #7652458 sell 0.01 EURUSD at 1.06624 was modified -> sl: 1.07038 tp: 1.05227
0	16:03:10.070	'89010303': modify order #7652459 sell 0.01 EURUSD at 1.06625 sl: 1.07043 tp: 1.05236 -> sl: 1.07043 tp: 1.05226
0	16:03:10.191	'89010303': order #7652459 sell 0.01 EURUSD at 1.06625 was modified -> sl: 1.07043 tp: 1.05226
0	16:03:10.191	'89010303': modify order #7652460 sell 0.01 EURUSD at 1.06624 sl: 1.07050 tp: 1.05236 -> sl: 1.07050 tp: 1.05227
0	16:03:10.394	'89010303': order #7652460 sell 0.01 EURUSD at 1.06624 was modified -> sl: 1.07050 tp: 1.05227
0	16:03:10.394	'89010303': modify order #7652541 sell 0.01 EURUSD at 1.06551 sl: 1.06978 tp: 1.05236 -> sl: 1.06978 tp: 1.05227
0	16:03:10.642	'89010303': order #7652541 sell 0.01 EURUSD at 1.06551 was modified -> sl: 1.06978 tp: 1.05227
0	16:03:10.682	'89010303': modify order #7652563 sell 0.01 EURUSD at 1.06532 sl: 1.06958 tp: 1.05236 -> sl: 1.06958 tp: 1.05228
0	16:03:10.844	'89010303': order #7652563 sell 0.01 EURUSD at 1.06532 was modified -> sl: 1.06958 tp: 1.05228
0	16:03:10.844	'89010303': modify order #7663457 sell 0.01 EURUSD at 1.06835 sl: 1.07259 tp: 1.05236 -> sl: 1.07259 tp: 1.05226
0	16:03:11.047	'89010303': order #7663457 sell 0.01 EURUSD at 1.06835 was modified -> sl: 1.07259 tp: 1.05226
0	16:03:11.088	'89010303': modify order #7663458 sell 0.01 EURUSD at 1.06835 sl: 1.07259 tp: 1.05236 -> sl: 1.07259 tp: 1.05226
0	16:03:11.332	'89010303': order #7663458 sell 0.01 EURUSD at 1.06835 was modified -> sl: 1.07259 tp: 1.05226
0	16:03:11.332	'89010303': modify order #7663694 sell 0.01 EURUSD at 1.06763 sl: 1.07189 tp: 1.05236 -> sl: 1.07189 tp: 1.05226
0	16:03:17.673	'89010303': order #7663694 sell 0.01 EURUSD at 1.06763 was modified -> sl: 1.07189 tp: 1.05226
0	16:03:17.673	'89010303': modify order #7663695 sell 0.01 EURUSD at 1.06763 sl: 1.07189 tp: 1.05236 -> sl: 1.07189 tp: 1.05227
0	16:03:17.957	'89010303': order #7663695 sell 0.01 EURUSD at 1.06763 was modified -> sl: 1.07189 tp: 1.05227
0	16:03:17.957	'89010303': modify order #7664451 sell 0.01 EURUSD at 1.06264 sl: 1.06691 tp: 1.05234 -> sl: 1.06691 tp: 1.05227
0	16:03:18.241	'89010303': order #7664451 sell 0.01 EURUSD at 1.06264 was modified -> sl: 1.06691 tp: 1.05227
0	16:03:18.241	'89010303': modify order #7664452 sell 0.01 EURUSD at 1.06264 sl: 1.06691 tp: 1.05235 -> sl: 1.06691 tp: 1.05228
0	16:03:18.687	'89010303': order #7664452 sell 0.01 EURUSD at 1.06264 was modified -> sl: 1.06691 tp: 1.05228
0	16:03:18.687	'89010303': modify order #7664453 sell 0.01 EURUSD at 1.06264 sl: 1.06691 tp: 1.05235 -> sl: 1.06691 tp: 1.05227
0	16:03:18.849	'89010303': order #7664453 sell 0.01 EURUSD at 1.06264 was modified -> sl: 1.06691 tp: 1.05227
0	16:03:18.849	'89010303': modify order #7664504 sell 0.01 EURUSD at 1.06106 sl: 1.06527 tp: 1.05235 -> sl: 1.06527 tp: 1.05227
0	16:03:18.975	'89010303': order #7664504 sell 0.01 EURUSD at 1.06106 was modified -> sl: 1.06527 tp: 1.05227
0	16:03:18.975	'89010303': modify order #7664505 sell 0.01 EURUSD at 1.06115 sl: 1.06543 tp: 1.05235 -> sl: 1.06543 tp: 1.05227
0	16:03:19.218	'89010303': order #7664505 sell 0.01 EURUSD at 1.06115 was modified -> sl: 1.06543 tp: 1.05227
0	16:03:19.218	'89010303': modify order #7664506 sell 0.01 EURUSD at 1.06114 sl: 1.06541 tp: 1.05235 -> sl: 1.06541 tp: 1.05227
0	16:03:19.380	'89010303': order #7664506 sell 0.01 EURUSD at 1.06114 was modified -> sl: 1.06541 tp: 1.05227
0	16:03:19.380	'89010303': modify order #7664507 sell 0.01 EURUSD at 1.06113 sl: 1.06541 tp: 1.05235 -> sl: 1.06541 tp: 1.05227
0	16:03:19.786	'89010303': order #7664507 sell 0.01 EURUSD at 1.06113 was modified -> sl: 1.06541 tp: 1.05227
0	16:03:19.786	'89010303': modify order #7664537 sell 0.01 EURUSD at 1.06121 sl: 1.06544 tp: 1.05235 -> sl: 1.06544 tp: 1.05228
0	16:03:20.074	'89010303': order #7664537 sell 0.01 EURUSD at 1.06121 was modified -> sl: 1.06544 tp: 1.05228
0	16:03:20.074	'89010303': modify order #7664967 sell 0.01 EURUSD at 1.06069 sl: 1.06494 tp: 1.05235 -> sl: 1.06494 tp: 1.05227
0	16:03:20.520	'89010303': order #7664967 sell 0.01 EURUSD at 1.06069 was modified -> sl: 1.06494 tp: 1.05227
0	16:03:20.520	'89010303': modify order #7671162 sell 0.01 EURUSD at 1.06074 sl: 1.06500 tp: 1.05235 -> sl: 1.06500 tp: 1.05226
0	16:03:20.642	'89010303': order #7671162 sell 0.01 EURUSD at 1.06074 was modified -> sl: 1.06500 tp: 1.05226
0	16:03:20.642	'89010303': modify order #7671163 sell 0.01 EURUSD at 1.06074 sl: 1.06500 tp: 1.05235 -> sl: 1.06500 tp: 1.05226
0	16:03:20.848	'89010303': order #7671163 sell 0.01 EURUSD at 1.06074 was modified -> sl: 1.06500 tp: 1.05226
0	16:03:20.848	'89010303': modify order #7671164 sell 0.01 EURUSD at 1.06074 sl: 1.06500 tp: 1.05235 -> sl: 1.06500 tp: 1.05226
0	16:03:21.087	'89010303': order #7671164 sell 0.01 EURUSD at 1.06074 was modified -> sl: 1.06500 tp: 1.05226
0	16:03:21.087	'89010303': modify order #7671168 sell 0.01 EURUSD at 1.06077 sl: 1.06501 tp: 1.05235 -> sl: 1.06501 tp: 1.05226
0	16:03:21.297	'89010303': order #7671168 sell 0.01 EURUSD at 1.06077 was modified -> sl: 1.06501 tp: 1.05226
0	16:03:21.297	'89010303': modify order #7682756 sell 0.01 EURUSD at 1.05781 sl: 1.06205 tp: 1.05236 -> sl: 1.06205 tp: 1.05227
0	16:03:21.578	'89010303': order #7682756 sell 0.01 EURUSD at 1.05781 was modified -> sl: 1.06205 tp: 1.05227
0	16:03:21.578	'89010303': modify order #7690328 sell 0.01 EURUSD at 1.05673 sl: 1.06099 tp: 1.05319 -> sl: 1.06099 tp: 1.05299
0	16:03:21.821	'89010303': order #7690328 sell 0.01 EURUSD at 1.05673 was modified -> sl: 1.06099 tp: 1.05299
0	16:10:27.929	'89010303': modify order #7690313 sell 0.01 EURUSD at 1.05658 sl: 1.06082 tp: 1.05567 -> sl: 1.06082 tp: 1.05556
0	16:10:29.003	'89010303': order #7690313 sell 0.01 EURUSD at 1.05658 was modified -> sl: 1.06082 tp: 1.05556
0	16:19:31.662	'89010303': modify order #7652338 sell 0.01 EURUSD at 1.06629 sl: 1.07074 tp: 1.05226 -> sl: 1.07074 tp: 1.05217
0	16:19:31.946	'89010303': order #7652338 sell 0.01 EURUSD at 1.06629 was modified -> sl: 1.07074 tp: 1.05217
0	16:19:31.946	'89010303': modify order #7652415 sell 0.01 EURUSD at 1.06591 sl: 1.07012 tp: 1.05227 -> sl: 1.07012 tp: 1.05216
0	16:19:32.112	'89010303': order #7652415 sell 0.01 EURUSD at 1.06591 was modified -> sl: 1.07012 tp: 1.05216
0	16:19:32.112	'89010303': modify order #7652416 sell 0.01 EURUSD at 1.06590 sl: 1.07017 tp: 1.05226 -> sl: 1.07017 tp: 1.05217
0	16:19:32.234	'89010303': order #7652416 sell 0.01 EURUSD at 1.06590 was modified -> sl: 1.07017 tp: 1.05217
0	16:19:32.234	'89010303': modify order #7652417 sell 0.01 EURUSD at 1.06590 sl: 1.07017 tp: 1.05227 -> sl: 1.07017 tp: 1.05217
0	16:19:32.514	'89010303': order #7652417 sell 0.01 EURUSD at 1.06590 was modified -> sl: 1.07017 tp: 1.05217
0	16:19:32.514	'89010303': modify order #7652418 sell 0.01 EURUSD at 1.06590 sl: 1.07016 tp: 1.05227 -> sl: 1.07016 tp: 1.05218
0	16:19:32.722	'89010303': order #7652418 sell 0.01 EURUSD at 1.06590 was modified -> sl: 1.07016 tp: 1.05218
0	16:19:32.722	'89010303': modify order #7652430 sell 0.01 EURUSD at 1.06601 sl: 1.07004 tp: 1.05226 -> sl: 1.07004 tp: 1.05218
0	16:19:32.925	'89010303': order #7652430 sell 0.01 EURUSD at 1.06601 was modified -> sl: 1.07004 tp: 1.05218
0	16:19:32.925	'89010303': modify order #7652458 sell 0.01 EURUSD at 1.06624 sl: 1.07038 tp: 1.05227 -> sl: 1.07038 tp: 1.05218
0	16:19:33.298	'89010303': order #7652458 sell 0.01 EURUSD at 1.06624 was modified -> sl: 1.07038 tp: 1.05218
0	16:19:38.869	'89010303': modify order #7652459 sell 0.01 EURUSD at 1.06625 sl: 1.07043 tp: 1.05226 -> sl: 1.07043 tp: 1.05217
0	16:19:39.113	'89010303': order #7652459 sell 0.01 EURUSD at 1.06625 was modified -> sl: 1.07043 tp: 1.05217
0	16:19:39.113	'89010303': modify order #7652460 sell 0.01 EURUSD at 1.06624 sl: 1.07050 tp: 1.05227 -> sl: 1.07050 tp: 1.05217
0	16:19:39.397	'89010303': order #7652460 sell 0.01 EURUSD at 1.06624 was modified -> sl: 1.07050 tp: 1.05217
0	16:19:39.397	'89010303': modify order #7652541 sell 0.01 EURUSD at 1.06551 sl: 1.06978 tp: 1.05227 -> sl: 1.06978 tp: 1.05217
0	16:19:39.600	'89010303': order #7652541 sell 0.01 EURUSD at 1.06551 was modified -> sl: 1.06978 tp: 1.05217
0	16:19:39.600	'89010303': modify order #7652563 sell 0.01 EURUSD at 1.06532 sl: 1.06958 tp: 1.05228 -> sl: 1.06958 tp: 1.05217
0	16:19:39.928	'89010303': order #7652563 sell 0.01 EURUSD at 1.06532 was modified -> sl: 1.06958 tp: 1.05217
0	16:19:39.928	'89010303': modify order #7663457 sell 0.01 EURUSD at 1.06835 sl: 1.07259 tp: 1.05226 -> sl: 1.07259 tp: 1.05217
0	16:19:40.253	'89010303': order #7663457 sell 0.01 EURUSD at 1.06835 was modified -> sl: 1.07259 tp: 1.05217
0	16:19:40.253	'89010303': modify order #7663458 sell 0.01 EURUSD at 1.06835 sl: 1.07259 tp: 1.05226 -> sl: 1.07259 tp: 1.05217
0	16:19:40.456	'89010303': order #7663458 sell 0.01 EURUSD at 1.06835 was modified -> sl: 1.07259 tp: 1.05217
0	16:19:40.456	'89010303': modify order #7663694 sell 0.01 EURUSD at 1.06763 sl: 1.07189 tp: 1.05226 -> sl: 1.07189 tp: 1.05217
0	16:19:40.655	'89010303': order #7663694 sell 0.01 EURUSD at 1.06763 was modified -> sl: 1.07189 tp: 1.05217
0	16:19:40.655	'89010303': modify order #7663695 sell 0.01 EURUSD at 1.06763 sl: 1.07189 tp: 1.05227 -> sl: 1.07189 tp: 1.05217
0	16:19:40.822	'89010303': order #7663695 sell 0.01 EURUSD at 1.06763 was modified -> sl: 1.07189 tp: 1.05217
0	16:19:40.822	'89010303': modify order #7664451 sell 0.01 EURUSD at 1.06264 sl: 1.06691 tp: 1.05227 -> sl: 1.06691 tp: 1.05217
0	16:19:41.147	'89010303': order #7664451 sell 0.01 EURUSD at 1.06264 was modified -> sl: 1.06691 tp: 1.05217
0	16:19:41.147	'89010303': modify order #7664452 sell 0.01 EURUSD at 1.06264 sl: 1.06691 tp: 1.05228 -> sl: 1.06691 tp: 1.05219
0	16:19:41.553	'89010303': order #7664452 sell 0.01 EURUSD at 1.06264 was modified -> sl: 1.06691 tp: 1.05219
0	16:19:41.553	'89010303': modify order #7664453 sell 0.01 EURUSD at 1.06264 sl: 1.06691 tp: 1.05227 -> sl: 1.06691 tp: 1.05218
0	16:19:41.756	'89010303': order #7664453 sell 0.01 EURUSD at 1.06264 was modified -> sl: 1.06691 tp: 1.05218
0	16:19:41.756	'89010303': modify order #7664504 sell 0.01 EURUSD at 1.06106 sl: 1.06527 tp: 1.05227 -> sl: 1.06527 tp: 1.05219
0	16:19:41.963	'89010303': order #7664504 sell 0.01 EURUSD at 1.06106 was modified -> sl: 1.06527 tp: 1.05219
0	16:19:41.963	'89010303': modify order #7664505 sell 0.01 EURUSD at 1.06115 sl: 1.06543 tp: 1.05227 -> sl: 1.06543 tp: 1.05219
0	16:19:42.288	'89010303': order #7664505 sell 0.01 EURUSD at 1.06115 was modified -> sl: 1.06543 tp: 1.05219
0	16:19:42.288	'89010303': modify order #7664506 sell 0.01 EURUSD at 1.06114 sl: 1.06541 tp: 1.05227 -> sl: 1.06541 tp: 1.05217
0	16:19:42.409	'89010303': order #7664506 sell 0.01 EURUSD at 1.06114 was modified -> sl: 1.06541 tp: 1.05217
0	16:19:42.409	'89010303': modify order #7664507 sell 0.01 EURUSD at 1.06113 sl: 1.06541 tp: 1.05227 -> sl: 1.06541 tp: 1.05218
0	16:19:42.653	'89010303': order #7664507 sell 0.01 EURUSD at 1.06113 was modified -> sl: 1.06541 tp: 1.05218
0	16:19:42.653	'89010303': modify order #7664537 sell 0.01 EURUSD at 1.06121 sl: 1.06544 tp: 1.05228 -> sl: 1.06544 tp: 1.05218
0	16:19:42.819	'89010303': order #7664537 sell 0.01 EURUSD at 1.06121 was modified -> sl: 1.06544 tp: 1.05218
0	16:19:42.819	'89010303': modify order #7664967 sell 0.01 EURUSD at 1.06069 sl: 1.06494 tp: 1.05227 -> sl: 1.06494 tp: 1.05217
0	16:19:43.063	'89010303': order #7664967 sell 0.01 EURUSD at 1.06069 was modified -> sl: 1.06494 tp: 1.05217
0	16:19:43.063	'89010303': modify order #7671162 sell 0.01 EURUSD at 1.06074 sl: 1.06500 tp: 1.05226 -> sl: 1.06500 tp: 1.05217
0	16:19:43.266	'89010303': order #7671162 sell 0.01 EURUSD at 1.06074 was modified -> sl: 1.06500 tp: 1.05217
0	16:19:43.266	'89010303': modify order #7671163 sell 0.01 EURUSD at 1.06074 sl: 1.06500 tp: 1.05226 -> sl: 1.06500 tp: 1.05217
0	16:19:43.470	'89010303': order #7671163 sell 0.01 EURUSD at 1.06074 was modified -> sl: 1.06500 tp: 1.05217
0	16:19:43.470	'89010303': modify order #7671164 sell 0.01 EURUSD at 1.06074 sl: 1.06500 tp: 1.05226 -> sl: 1.06500 tp: 1.05217
0	16:19:43.667	'89010303': order #7671164 sell 0.01 EURUSD at 1.06074 was modified -> sl: 1.06500 tp: 1.05217
0	16:19:43.667	'89010303': modify order #7671168 sell 0.01 EURUSD at 1.06077 sl: 1.06501 tp: 1.05226 -> sl: 1.06501 tp: 1.05217
0	16:19:43.870	'89010303': order #7671168 sell 0.01 EURUSD at 1.06077 was modified -> sl: 1.06501 tp: 1.05217
0	16:19:43.870	'89010303': modify order #7682756 sell 0.01 EURUSD at 1.05781 sl: 1.06205 tp: 1.05227 -> sl: 1.06205 tp: 1.05217
0	16:19:44.114	'89010303': order #7682756 sell 0.01 EURUSD at 1.05781 was modified -> sl: 1.06205 tp: 1.05217
0	16:19:44.114	'89010303': modify order #7690328 sell 0.01 EURUSD at 1.05673 sl: 1.06099 tp: 1.05299 -> sl: 1.06099 tp: 1.05276
0	16:19:44.317	'89010303': order #7690328 sell 0.01 EURUSD at 1.05673 was modified -> sl: 1.06099 tp: 1.05276
0	16:27:52.894	'89010303': modify order #7690313 sell 0.01 EURUSD at 1.05658 sl: 1.06082 tp: 1.05556 -> sl: 1.06082 tp: 1.05548
0	16:27:53.178	'89010303': order #7690313 sell 0.01 EURUSD at 1.05658 was modified -> sl: 1.06082 tp: 1.05548
0	16:35:40.993	'89010303': modify order #7652338 sell 0.01 EURUSD at 1.06629 sl: 1.07074 tp: 1.05217 -> sl: 1.07074 tp: 1.05206
0	16:35:41.342	'89010303': order #7652338 sell 0.01 EURUSD at 1.06629 was modified -> sl: 1.07074 tp: 1.05206
0	16:35:41.345	'89010303': modify order #7652415 sell 0.01 EURUSD at 1.06591 sl: 1.07012 tp: 1.05216 -> sl: 1.07012 tp: 1.05206
0	16:35:41.497	'89010303': order #7652415 sell 0.01 EURUSD at 1.06591 was modified -> sl: 1.07012 tp: 1.05206
0	16:35:41.533	'89010303': modify order #7652416 sell 0.01 EURUSD at 1.06590 sl: 1.07017 tp: 1.05217 -> sl: 1.07017 tp: 1.05206
0	16:35:41.760	'89010303': order #7652416 sell 0.01 EURUSD at 1.06590 was modified -> sl: 1.07017 tp: 1.05206
0	16:35:41.760	'89010303': modify order #7652417 sell 0.01 EURUSD at 1.06590 sl: 1.07017 tp: 1.05217 -> sl: 1.07017 tp: 1.05206
0	16:35:41.923	'89010303': order #7652417 sell 0.01 EURUSD at 1.06590 was modified -> sl: 1.07017 tp: 1.05206
0	16:35:42.442	'89010303': modify order #7652418 sell 0.01 EURUSD at 1.06590 sl: 1.07016 tp: 1.05218 -> sl: 1.07016 tp: 1.05206
0	16:35:42.642	'89010303': order #7652418 sell 0.01 EURUSD at 1.06590 was modified -> sl: 1.07016 tp: 1.05206
0	16:35:42.739	'89010303': modify order #7652430 sell 0.01 EURUSD at 1.06601 sl: 1.07004 tp: 1.05218 -> sl: 1.07004 tp: 1.05206
0	16:35:42.901	'89010303': order #7652430 sell 0.01 EURUSD at 1.06601 was modified -> sl: 1.07004 tp: 1.05206
0	16:35:42.934	'89010303': modify order #7652458 sell 0.01 EURUSD at 1.06624 sl: 1.07038 tp: 1.05218 -> sl: 1.07038 tp: 1.05206
0	16:35:43.064	'89010303': order #7652458 sell 0.01 EURUSD at 1.06624 was modified -> sl: 1.07038 tp: 1.05206
0	16:35:43.064	'89010303': modify order #7652459 sell 0.01 EURUSD at 1.06625 sl: 1.07043 tp: 1.05217 -> sl: 1.07043 tp: 1.05206
0	16:35:43.361	'89010303': order #7652459 sell 0.01 EURUSD at 1.06625 was modified -> sl: 1.07043 tp: 1.05206
0	16:35:43.847	'89010303': modify order #7652460 sell 0.01 EURUSD at 1.06624 sl: 1.07050 tp: 1.05217 -> sl: 1.07050 tp: 1.05206
0	16:35:44.074	'89010303': order #7652460 sell 0.01 EURUSD at 1.06624 was modified -> sl: 1.07050 tp: 1.05206
0	16:35:44.171	'89010303': modify order #7652541 sell 0.01 EURUSD at 1.06551 sl: 1.06978 tp: 1.05217 -> sl: 1.06978 tp: 1.05205
0	16:35:44.362	'89010303': order #7652541 sell 0.01 EURUSD at 1.06551 was modified -> sl: 1.06978 tp: 1.05205
0	16:35:44.362	'89010303': modify order #7652563 sell 0.01 EURUSD at 1.06532 sl: 1.06958 tp: 1.05217 -> sl: 1.06958 tp: 1.05205
0	16:35:44.626	'89010303': order #7652563 sell 0.01 EURUSD at 1.06532 was modified -> sl: 1.06958 tp: 1.05205
0	16:35:44.687	'89010303': modify order #7663457 sell 0.01 EURUSD at 1.06835 sl: 1.07259 tp: 1.05217 -> sl: 1.07259 tp: 1.05204
0	16:35:44.821	'89010303': order #7663457 sell 0.01 EURUSD at 1.06835 was modified -> sl: 1.07259 tp: 1.05204
0	16:35:44.821	'89010303': modify order #7663458 sell 0.01 EURUSD at 1.06835 sl: 1.07259 tp: 1.05217 -> sl: 1.07259 tp: 1.05204
0	16:35:45.012	'89010303': order #7663458 sell 0.01 EURUSD at 1.06835 was modified -> sl: 1.07259 tp: 1.05204
0	16:35:45.012	'89010303': modify order #7663694 sell 0.01 EURUSD at 1.06763 sl: 1.07189 tp: 1.05217 -> sl: 1.07189 tp: 1.05204
0	16:35:45.174	'89010303': order #7663694 sell 0.01 EURUSD at 1.06763 was modified -> sl: 1.07189 tp: 1.05204
0	16:35:45.239	'89010303': modify order #7663695 sell 0.01 EURUSD at 1.06763 sl: 1.07189 tp: 1.05217 -> sl: 1.07189 tp: 1.05204
0	16:35:45.438	'89010303': order #7663695 sell 0.01 EURUSD at 1.06763 was modified -> sl: 1.07189 tp: 1.05204
0	16:35:45.439	'89010303': modify order #7664451 sell 0.01 EURUSD at 1.06264 sl: 1.06691 tp: 1.05217 -> sl: 1.06691 tp: 1.05204
0	16:35:45.665	'89010303': order #7664451 sell 0.01 EURUSD at 1.06264 was modified -> sl: 1.06691 tp: 1.05204
0	16:35:45.730	'89010303': modify order #7664452 sell 0.01 EURUSD at 1.06264 sl: 1.06691 tp: 1.05219 -> sl: 1.06691 tp: 1.05204
0	16:35:45.957	'89010303': order #7664452 sell 0.01 EURUSD at 1.06264 was modified -> sl: 1.06691 tp: 1.05204
0	16:35:45.957	'89010303': modify order #7664453 sell 0.01 EURUSD at 1.06264 sl: 1.06691 tp: 1.05218 -> sl: 1.06691 tp: 1.05204
0	16:35:46.221	'89010303': order #7664453 sell 0.01 EURUSD at 1.06264 was modified -> sl: 1.06691 tp: 1.05204
0	16:35:46.221	'89010303': modify order #7664504 sell 0.01 EURUSD at 1.06106 sl: 1.06527 tp: 1.05219 -> sl: 1.06527 tp: 1.05204
0	16:35:46.384	'89010303': order #7664504 sell 0.01 EURUSD at 1.06106 was modified -> sl: 1.06527 tp: 1.05204
0	16:35:46.384	'89010303': modify order #7664505 sell 0.01 EURUSD at 1.06115 sl: 1.06543 tp: 1.05219 -> sl: 1.06543 tp: 1.05204
0	16:35:46.643	'89010303': order #7664505 sell 0.01 EURUSD at 1.06115 was modified -> sl: 1.06543 tp: 1.05204
0	16:35:47.167	'89010303': modify order #7664506 sell 0.01 EURUSD at 1.06114 sl: 1.06541 tp: 1.05217 -> sl: 1.06541 tp: 1.05204
0	16:35:47.392	'89010303': order #7664506 sell 0.01 EURUSD at 1.06114 was modified -> sl: 1.06541 tp: 1.05204
0	16:35:47.455	'89010303': modify order #7664507 sell 0.01 EURUSD at 1.06113 sl: 1.06541 tp: 1.05218 -> sl: 1.06541 tp: 1.05204
0	16:35:47.654	'89010303': order #7664507 sell 0.01 EURUSD at 1.06113 was modified -> sl: 1.06541 tp: 1.05204
0	16:35:47.689	'89010303': modify order #7664537 sell 0.01 EURUSD at 1.06121 sl: 1.06544 tp: 1.05218 -> sl: 1.06544 tp: 1.05204
0	16:35:47.974	'89010303': order #7664537 sell 0.01 EURUSD at 1.06121 was modified -> sl: 1.06544 tp: 1.05204
0	16:35:48.721	'89010303': modify order #7664967 sell 0.01 EURUSD at 1.06069 sl: 1.06494 tp: 1.05217 -> sl: 1.06494 tp: 1.05204
0	16:35:48.851	'89010303': order #7664967 sell 0.01 EURUSD at 1.06069 was modified -> sl: 1.06494 tp: 1.05204
0	16:35:48.851	'89010303': modify order #7671162 sell 0.01 EURUSD at 1.06074 sl: 1.06500 tp: 1.05217 -> sl: 1.06500 tp: 1.05204
0	16:35:49.078	'89010303': order #7671162 sell 0.01 EURUSD at 1.06074 was modified -> sl: 1.06500 tp: 1.05204
0	16:35:49.825	'89010303': modify order #7671163 sell 0.01 EURUSD at 1.06074 sl: 1.06500 tp: 1.05217 -> sl: 1.06500 tp: 1.05206
0	16:35:50.056	'89010303': order #7671163 sell 0.01 EURUSD at 1.06074 was modified -> sl: 1.06500 tp: 1.05206
0	16:35:50.121	'89010303': modify order #7671164 sell 0.01 EURUSD at 1.06074 sl: 1.06500 tp: 1.05217 -> sl: 1.06500 tp: 1.05206
0	16:35:50.284	'89010303': order #7671164 sell 0.01 EURUSD at 1.06074 was modified -> sl: 1.06500 tp: 1.05206
0	16:35:50.284	'89010303': modify order #7671168 sell 0.01 EURUSD at 1.06077 sl: 1.06501 tp: 1.05217 -> sl: 1.06501 tp: 1.05206
0	16:35:50.576	'89010303': order #7671168 sell 0.01 EURUSD at 1.06077 was modified -> sl: 1.06501 tp: 1.05206
0	16:35:50.576	'89010303': modify order #7682756 sell 0.01 EURUSD at 1.05781 sl: 1.06205 tp: 1.05217 -> sl: 1.06205 tp: 1.05205
0	16:35:50.868	'89010303': order #7682756 sell 0.01 EURUSD at 1.05781 was modified -> sl: 1.06205 tp: 1.05205
0	16:35:50.933	'89010303': modify order #7690328 sell 0.01 EURUSD at 1.05673 sl: 1.06099 tp: 1.05276 -> sl: 1.06099 tp: 1.05255
0	16:35:51.095	'89010303': order #7690328 sell 0.01 EURUSD at 1.05673 was modified -> sl: 1.06099 tp: 1.05255
0	17:03:39.738	'89010303': instant order buy 0.01 EURUSD at 1.05677 sl: 1.05251 tp: 1.06077
0	17:03:40.257	'89010303': order was opened : #7693382 buy 0.01 EURUSD at 1.05677 sl: 1.05251 tp: 1.06077
0	17:04:15.554	'89010303': instant order sell 0.01 EURUSD at 1.05648 sl: 1.06074 tp: 1.05248
0	17:04:15.729	'89010303': order was opened : #7693384 sell 0.01 EURUSD at 1.05648 sl: 1.06074 tp: 1.05248
0	17:04:17.112	'89010303': instant order sell 0.01 EURUSD at 1.05648 sl: 1.06074 tp: 1.05248
0	17:04:17.599	'89010303': order was opened : #7693385 sell 0.01 EURUSD at 1.05648 sl: 1.06074 tp: 1.05248
0	17:08:45.274	'89010303': modify order #7693382 buy 0.01 EURUSD at 1.05677 sl: 1.05251 tp: 1.06077 -> sl: 1.05251 tp: 1.06094
0	17:08:45.497	'89010303': order #7693382 buy 0.01 EURUSD at 1.05677 was modified -> sl: 1.05251 tp: 1.06094
0	17:15:29.795	'89010303': modify order #7652338 sell 0.01 EURUSD at 1.06629 sl: 1.07074 tp: 1.05206 -> sl: 1.07074 tp: 1.05190
0	17:15:30.444	'89010303': order #7652338 sell 0.01 EURUSD at 1.06629 was modified -> sl: 1.07074 tp: 1.05190
0	17:15:30.444	'89010303': modify order #7652415 sell 0.01 EURUSD at 1.06591 sl: 1.07012 tp: 1.05206 -> sl: 1.07012 tp: 1.05190
0	17:15:30.647	'89010303': order #7652415 sell 0.01 EURUSD at 1.06591 was modified -> sl: 1.07012 tp: 1.05190
0	17:15:30.647	'89010303': modify order #7652416 sell 0.01 EURUSD at 1.06590 sl: 1.07017 tp: 1.05206 -> sl: 1.07017 tp: 1.05190
0	17:15:30.850	'89010303': order #7652416 sell 0.01 EURUSD at 1.06590 was modified -> sl: 1.07017 tp: 1.05190
0	17:15:30.850	'89010303': modify order #7652417 sell 0.01 EURUSD at 1.06590 sl: 1.07017 tp: 1.05206 -> sl: 1.07017 tp: 1.05190
0	17:15:31.093	'89010303': order #7652417 sell 0.01 EURUSD at 1.06590 was modified -> sl: 1.07017 tp: 1.05190
0	17:15:31.093	'89010303': modify order #7652418 sell 0.01 EURUSD at 1.06590 sl: 1.07016 tp: 1.05206 -> sl: 1.07016 tp: 1.05190
0	17:15:31.378	'89010303': order #7652418 sell 0.01 EURUSD at 1.06590 was modified -> sl: 1.07016 tp: 1.05190
0	17:15:31.378	'89010303': modify order #7652430 sell 0.01 EURUSD at 1.06601 sl: 1.07004 tp: 1.05206 -> sl: 1.07004 tp: 1.05190
0	17:15:31.540	'89010303': order #7652430 sell 0.01 EURUSD at 1.06601 was modified -> sl: 1.07004 tp: 1.05190
0	17:15:31.621	'89010303': modify order #7652458 sell 0.01 EURUSD at 1.06624 sl: 1.07038 tp: 1.05206 -> sl: 1.07038 tp: 1.05190
0	17:15:31.747	'89010303': order #7652458 sell 0.01 EURUSD at 1.06624 was modified -> sl: 1.07038 tp: 1.05190
0	17:15:31.787	'89010303': modify order #7652459 sell 0.01 EURUSD at 1.06625 sl: 1.07043 tp: 1.05206 -> sl: 1.07043 tp: 1.05190
0	17:15:31.990	'89010303': order #7652459 sell 0.01 EURUSD at 1.06625 was modified -> sl: 1.07043 tp: 1.05190
0	17:15:32.034	'89010303': modify order #7652460 sell 0.01 EURUSD at 1.06624 sl: 1.07050 tp: 1.05206 -> sl: 1.07050 tp: 1.05190
0	17:15:32.482	'89010303': order #7652460 sell 0.01 EURUSD at 1.06624 was modified -> sl: 1.07050 tp: 1.05190
0	17:15:32.482	'89010303': modify order #7652541 sell 0.01 EURUSD at 1.06551 sl: 1.06978 tp: 1.05205 -> sl: 1.06978 tp: 1.05190
0	17:15:32.807	'89010303': order #7652541 sell 0.01 EURUSD at 1.06551 was modified -> sl: 1.06978 tp: 1.05190
0	17:15:32.848	'89010303': modify order #7652563 sell 0.01 EURUSD at 1.06532 sl: 1.06958 tp: 1.05205 -> sl: 1.06958 tp: 1.05190
0	17:15:33.050	'89010303': order #7652563 sell 0.01 EURUSD at 1.06532 was modified -> sl: 1.06958 tp: 1.05190
0	17:15:33.050	'89010303': modify order #7663457 sell 0.01 EURUSD at 1.06835 sl: 1.07259 tp: 1.05204 -> sl: 1.07259 tp: 1.05190
0	17:15:33.334	'89010303': order #7663457 sell 0.01 EURUSD at 1.06835 was modified -> sl: 1.07259 tp: 1.05190
0	17:15:33.456	'89010303': modify order #7663458 sell 0.01 EURUSD at 1.06835 sl: 1.07259 tp: 1.05204 -> sl: 1.07259 tp: 1.05190
0	17:15:33.582	'89010303': order #7663458 sell 0.01 EURUSD at 1.06835 was modified -> sl: 1.07259 tp: 1.05190
0	17:15:33.582	'89010303': modify order #7663694 sell 0.01 EURUSD at 1.06763 sl: 1.07189 tp: 1.05204 -> sl: 1.07189 tp: 1.05190
0	17:15:33.909	'89010303': order #7663694 sell 0.01 EURUSD at 1.06763 was modified -> sl: 1.07189 tp: 1.05190
0	17:15:33.909	'89010303': modify order #7663695 sell 0.01 EURUSD at 1.06763 sl: 1.07189 tp: 1.05204 -> sl: 1.07189 tp: 1.05190
0	17:15:34.109	'89010303': order #7663695 sell 0.01 EURUSD at 1.06763 was modified -> sl: 1.07189 tp: 1.05190
0	17:15:34.109	'89010303': modify order #7664451 sell 0.01 EURUSD at 1.06264 sl: 1.06691 tp: 1.05204 -> sl: 1.06691 tp: 1.05190
0	17:15:34.316	'89010303': order #7664451 sell 0.01 EURUSD at 1.06264 was modified -> sl: 1.06691 tp: 1.05190
0	17:15:34.357	'89010303': modify order #7664452 sell 0.01 EURUSD at 1.06264 sl: 1.06691 tp: 1.05204 -> sl: 1.06691 tp: 1.05190
0	17:15:34.564	'89010303': order #7664452 sell 0.01 EURUSD at 1.06264 was modified -> sl: 1.06691 tp: 1.05190
0	17:15:34.564	'89010303': modify order #7664453 sell 0.01 EURUSD at 1.06264 sl: 1.06691 tp: 1.05204 -> sl: 1.06691 tp: 1.05190
0	17:15:34.807	'89010303': order #7664453 sell 0.01 EURUSD at 1.06264 was modified -> sl: 1.06691 tp: 1.05190
0	17:15:34.807	'89010303': modify order #7664504 sell 0.01 EURUSD at 1.06106 sl: 1.06527 tp: 1.05204 -> sl: 1.06527 tp: 1.05190
0	17:15:35.132	'89010303': order #7664504 sell 0.01 EURUSD at 1.06106 was modified -> sl: 1.06527 tp: 1.05190
0	17:15:35.334	'89010303': modify order #7664505 sell 0.01 EURUSD at 1.06115 sl: 1.06543 tp: 1.05204 -> sl: 1.06543 tp: 1.05190
0	17:15:35.622	'89010303': order #7664505 sell 0.01 EURUSD at 1.06115 was modified -> sl: 1.06543 tp: 1.05190
0	17:15:35.622	'89010303': modify order #7664506 sell 0.01 EURUSD at 1.06114 sl: 1.06541 tp: 1.05204 -> sl: 1.06541 tp: 1.05190
0	17:15:35.825	'89010303': order #7664506 sell 0.01 EURUSD at 1.06114 was modified -> sl: 1.06541 tp: 1.05190
0	17:15:35.866	'89010303': modify order #7664507 sell 0.01 EURUSD at 1.06113 sl: 1.06541 tp: 1.05204 -> sl: 1.06541 tp: 1.05190
0	17:15:36.028	'89010303': order #7664507 sell 0.01 EURUSD at 1.06113 was modified -> sl: 1.06541 tp: 1.05190
0	17:15:36.028	'89010303': modify order #7664537 sell 0.01 EURUSD at 1.06121 sl: 1.06544 tp: 1.05204 -> sl: 1.06544 tp: 1.05190
0	17:15:36.643	'89010303': order #7664537 sell 0.01 EURUSD at 1.06121 was modified -> sl: 1.06544 tp: 1.05190
0	17:15:36.643	'89010303': modify order #7664967 sell 0.01 EURUSD at 1.06069 sl: 1.06494 tp: 1.05204 -> sl: 1.06494 tp: 1.05190
0	17:15:37.006	'89010303': order #7664967 sell 0.01 EURUSD at 1.06069 was modified -> sl: 1.06494 tp: 1.05190
0	17:15:39.527	'89010303': modify order #7671162 sell 0.01 EURUSD at 1.06074 sl: 1.06500 tp: 1.05204 -> sl: 1.06500 tp: 1.05190
0	17:15:39.731	'89010303': order #7671162 sell 0.01 EURUSD at 1.06074 was modified -> sl: 1.06500 tp: 1.05190
0	17:15:39.731	'89010303': modify order #7671163 sell 0.01 EURUSD at 1.06074 sl: 1.06500 tp: 1.05206 -> sl: 1.06500 tp: 1.05190
0	17:15:39.974	'89010303': order #7671163 sell 0.01 EURUSD at 1.06074 was modified -> sl: 1.06500 tp: 1.05190
0	17:15:40.055	'89010303': modify order #7671164 sell 0.01 EURUSD at 1.06074 sl: 1.06500 tp: 1.05206 -> sl: 1.06500 tp: 1.05190
0	17:15:40.221	'89010303': order #7671164 sell 0.01 EURUSD at 1.06074 was modified -> sl: 1.06500 tp: 1.05190
0	17:15:40.221	'89010303': modify order #7671168 sell 0.01 EURUSD at 1.06077 sl: 1.06501 tp: 1.05206 -> sl: 1.06501 tp: 1.05191
0	17:15:40.505	'89010303': order #7671168 sell 0.01 EURUSD at 1.06077 was modified -> sl: 1.06501 tp: 1.05191
0	17:15:40.505	'89010303': modify order #7682756 sell 0.01 EURUSD at 1.05781 sl: 1.06205 tp: 1.05205 -> sl: 1.06205 tp: 1.05191
0	17:15:40.870	'89010303': order #7682756 sell 0.01 EURUSD at 1.05781 was modified -> sl: 1.06205 tp: 1.05191
0	17:15:40.870	'89010303': modify order #7690328 sell 0.01 EURUSD at 1.05673 sl: 1.06099 tp: 1.05255 -> sl: 1.06099 tp: 1.05229
0	17:15:41.237	'89010303': order #7690328 sell 0.01 EURUSD at 1.05673 was modified -> sl: 1.06099 tp: 1.05229
0	17:15:41.276	'89010303': modify order #7693384 sell 0.01 EURUSD at 1.05648 sl: 1.06074 tp: 1.05248 -> sl: 1.06074 tp: 1.05190
0	17:15:41.398	'89010303': order #7693384 sell 0.01 EURUSD at 1.05648 was modified -> sl: 1.06074 tp: 1.05190
0	17:15:41.398	'89010303': modify order #7693385 sell 0.01 EURUSD at 1.05648 sl: 1.06074 tp: 1.05248 -> sl: 1.06074 tp: 1.05190
0	17:15:41.601	'89010303': order #7693385 sell 0.01 EURUSD at 1.05648 was modified -> sl: 1.06074 tp: 1.05190
0	17:20:24.765	'89010303': modify order #7652338 sell 0.01 EURUSD at 1.06629 sl: 1.07074 tp: 1.05190 -> sl: 1.07074 tp: 1.05189
0	17:20:25.090	'89010303': order #7652338 sell 0.01 EURUSD at 1.06629 was modified -> sl: 1.07074 tp: 1.05189
0	17:20:30.734	'89010303': modify order #7671168 sell 0.01 EURUSD at 1.06077 sl: 1.06501 tp: 1.05191 -> sl: 1.06501 tp: 1.05190
0	17:20:31.469	'89010303': order #7671168 sell 0.01 EURUSD at 1.06077 was modified -> sl: 1.06501 tp: 1.05190
0	17:20:31.469	'89010303': modify order #7682756 sell 0.01 EURUSD at 1.05781 sl: 1.06205 tp: 1.05191 -> sl: 1.06205 tp: 1.05190
0	17:20:31.671	'89010303': order #7682756 sell 0.01 EURUSD at 1.05781 was modified -> sl: 1.06205 tp: 1.05190
0	17:23:54.097	'89010303': modify order #7652415 sell 0.01 EURUSD at 1.06591 sl: 1.07012 tp: 1.05190 -> sl: 1.07012 tp: 1.05189
0	17:23:54.501	'89010303': order #7652415 sell 0.01 EURUSD at 1.06591 was modified -> sl: 1.07012 tp: 1.05189
0	17:23:54.541	'89010303': modify order #7652416 sell 0.01 EURUSD at 1.06590 sl: 1.07017 tp: 1.05190 -> sl: 1.07017 tp: 1.05189
0	17:23:54.870	'89010303': order #7652416 sell 0.01 EURUSD at 1.06590 was modified -> sl: 1.07017 tp: 1.05189
0	17:23:54.910	'89010303': modify order #7690328 sell 0.01 EURUSD at 1.05673 sl: 1.06099 tp: 1.05229 -> sl: 1.06099 tp: 1.05217
0	17:23:55.153	'89010303': order #7690328 sell 0.01 EURUSD at 1.05673 was modified -> sl: 1.06099 tp: 1.05217
0	17:28:07.781	'89010303': modify order #7652338 sell 0.01 EURUSD at 1.06629 sl: 1.07074 tp: 1.05189 -> sl: 1.07074 tp: 1.05185
0	17:28:08.146	'89010303': order #7652338 sell 0.01 EURUSD at 1.06629 was modified -> sl: 1.07074 tp: 1.05185
0	17:28:08.146	'89010303': modify order #7652415 sell 0.01 EURUSD at 1.06591 sl: 1.07012 tp: 1.05189 -> sl: 1.07012 tp: 1.05185
0	17:28:08.390	'89010303': order #7652415 sell 0.01 EURUSD at 1.06591 was modified -> sl: 1.07012 tp: 1.05185
0	17:28:08.430	'89010303': modify order #7652416 sell 0.01 EURUSD at 1.06590 sl: 1.07017 tp: 1.05189 -> sl: 1.07017 tp: 1.05185
0	17:28:08.675	'89010303': order #7652416 sell 0.01 EURUSD at 1.06590 was modified -> sl: 1.07017 tp: 1.05185
0	17:28:08.675	'89010303': modify order #7652417 sell 0.01 EURUSD at 1.06590 sl: 1.07017 tp: 1.05190 -> sl: 1.07017 tp: 1.05185
0	17:28:08.922	'89010303': order #7652417 sell 0.01 EURUSD at 1.06590 was modified -> sl: 1.07017 tp: 1.05185
0	17:28:08.962	'89010303': modify order #7652418 sell 0.01 EURUSD at 1.06590 sl: 1.07016 tp: 1.05190 -> sl: 1.07016 tp: 1.05185
0	17:28:09.206	'89010303': order #7652418 sell 0.01 EURUSD at 1.06590 was modified -> sl: 1.07016 tp: 1.05185
0	17:28:09.206	'89010303': modify order #7652430 sell 0.01 EURUSD at 1.06601 sl: 1.07004 tp: 1.05190 -> sl: 1.07004 tp: 1.05185
0	17:28:09.489	'89010303': order #7652430 sell 0.01 EURUSD at 1.06601 was modified -> sl: 1.07004 tp: 1.05185
0	17:28:09.530	'89010303': modify order #7652458 sell 0.01 EURUSD at 1.06624 sl: 1.07038 tp: 1.05190 -> sl: 1.07038 tp: 1.05185
0	17:28:09.693	'89010303': order #7652458 sell 0.01 EURUSD at 1.06624 was modified -> sl: 1.07038 tp: 1.05185
0	17:28:09.733	'89010303': modify order #7652459 sell 0.01 EURUSD at 1.06625 sl: 1.07043 tp: 1.05190 -> sl: 1.07043 tp: 1.05185
0	17:28:09.896	'89010303': order #7652459 sell 0.01 EURUSD at 1.06625 was modified -> sl: 1.07043 tp: 1.05185
0	17:28:09.936	'89010303': modify order #7652460 sell 0.01 EURUSD at 1.06624 sl: 1.07050 tp: 1.05190 -> sl: 1.07050 tp: 1.05185
0	17:28:10.184	'89010303': order #7652460 sell 0.01 EURUSD at 1.06624 was modified -> sl: 1.07050 tp: 1.05185
0	17:28:10.224	'89010303': modify order #7652541 sell 0.01 EURUSD at 1.06551 sl: 1.06978 tp: 1.05190 -> sl: 1.06978 tp: 1.05185
0	17:28:10.387	'89010303': order #7652541 sell 0.01 EURUSD at 1.06551 was modified -> sl: 1.06978 tp: 1.05185
0	17:28:10.387	'89010303': modify order #7652563 sell 0.01 EURUSD at 1.06532 sl: 1.06958 tp: 1.05190 -> sl: 1.06958 tp: 1.05185
0	17:28:10.590	'89010303': order #7652563 sell 0.01 EURUSD at 1.06532 was modified -> sl: 1.06958 tp: 1.05185
0	17:28:10.590	'89010303': modify order #7663457 sell 0.01 EURUSD at 1.06835 sl: 1.07259 tp: 1.05190 -> sl: 1.07259 tp: 1.05185
0	17:28:10.793	'89010303': order #7663457 sell 0.01 EURUSD at 1.06835 was modified -> sl: 1.07259 tp: 1.05185
0	17:28:10.833	'89010303': modify order #7663458 sell 0.01 EURUSD at 1.06835 sl: 1.07259 tp: 1.05190 -> sl: 1.07259 tp: 1.05185
0	17:28:11.036	'89010303': order #7663458 sell 0.01 EURUSD at 1.06835 was modified -> sl: 1.07259 tp: 1.05185
0	17:28:11.077	'89010303': modify order #7663694 sell 0.01 EURUSD at 1.06763 sl: 1.07189 tp: 1.05190 -> sl: 1.07189 tp: 1.05185
0	17:28:11.243	'89010303': order #7663694 sell 0.01 EURUSD at 1.06763 was modified -> sl: 1.07189 tp: 1.05185
0	17:28:11.324	'89010303': modify order #7663695 sell 0.01 EURUSD at 1.06763 sl: 1.07189 tp: 1.05190 -> sl: 1.07189 tp: 1.05185
0	17:28:11.608	'89010303': order #7663695 sell 0.01 EURUSD at 1.06763 was modified -> sl: 1.07189 tp: 1.05185
0	17:28:11.648	'89010303': modify order #7664451 sell 0.01 EURUSD at 1.06264 sl: 1.06691 tp: 1.05190 -> sl: 1.06691 tp: 1.05185
0	17:28:11.810	'89010303': order #7664451 sell 0.01 EURUSD at 1.06264 was modified -> sl: 1.06691 tp: 1.05185
0	17:28:11.810	'89010303': modify order #7664452 sell 0.01 EURUSD at 1.06264 sl: 1.06691 tp: 1.05190 -> sl: 1.06691 tp: 1.05185
0	17:28:12.057	'89010303': order #7664452 sell 0.01 EURUSD at 1.06264 was modified -> sl: 1.06691 tp: 1.05185
0	17:28:12.098	'89010303': modify order #7664453 sell 0.01 EURUSD at 1.06264 sl: 1.06691 tp: 1.05190 -> sl: 1.06691 tp: 1.05185
0	17:28:12.260	'89010303': order #7664453 sell 0.01 EURUSD at 1.06264 was modified -> sl: 1.06691 tp: 1.05185
0	17:28:12.301	'89010303': modify order #7664504 sell 0.01 EURUSD at 1.06106 sl: 1.06527 tp: 1.05190 -> sl: 1.06527 tp: 1.05185
0	17:28:12.503	'89010303': order #7664504 sell 0.01 EURUSD at 1.06106 was modified -> sl: 1.06527 tp: 1.05185
0	17:28:12.544	'89010303': modify order #7664505 sell 0.01 EURUSD at 1.06115 sl: 1.06543 tp: 1.05190 -> sl: 1.06543 tp: 1.05185
0	17:28:12.710	'89010303': order #7664505 sell 0.01 EURUSD at 1.06115 was modified -> sl: 1.06543 tp: 1.05185
0	17:28:12.792	'89010303': modify order #7664506 sell 0.01 EURUSD at 1.06114 sl: 1.06541 tp: 1.05190 -> sl: 1.06541 tp: 1.05185
0	17:28:13.076	'89010303': order #7664506 sell 0.01 EURUSD at 1.06114 was modified -> sl: 1.06541 tp: 1.05185
0	17:28:13.116	'89010303': modify order #7664507 sell 0.01 EURUSD at 1.06113 sl: 1.06541 tp: 1.05190 -> sl: 1.06541 tp: 1.05185
0	17:28:13.362	'89010303': order #7664507 sell 0.01 EURUSD at 1.06113 was modified -> sl: 1.06541 tp: 1.05185
0	17:28:13.362	'89010303': modify order #7664537 sell 0.01 EURUSD at 1.06121 sl: 1.06544 tp: 1.05190 -> sl: 1.06544 tp: 1.05185
0	17:28:13.644	'89010303': order #7664537 sell 0.01 EURUSD at 1.06121 was modified -> sl: 1.06544 tp: 1.05185
0	17:28:13.644	'89010303': modify order #7664967 sell 0.01 EURUSD at 1.06069 sl: 1.06494 tp: 1.05190 -> sl: 1.06494 tp: 1.05185
0	17:28:13.891	'89010303': order #7664967 sell 0.01 EURUSD at 1.06069 was modified -> sl: 1.06494 tp: 1.05185
0	17:28:13.891	'89010303': modify order #7671162 sell 0.01 EURUSD at 1.06074 sl: 1.06500 tp: 1.05190 -> sl: 1.06500 tp: 1.05185
0	17:28:14.134	'89010303': order #7671162 sell 0.01 EURUSD at 1.06074 was modified -> sl: 1.06500 tp: 1.05185
0	17:28:14.174	'89010303': modify order #7671163 sell 0.01 EURUSD at 1.06074 sl: 1.06500 tp: 1.05190 -> sl: 1.06500 tp: 1.05185
0	17:28:14.337	'89010303': order #7671163 sell 0.01 EURUSD at 1.06074 was modified -> sl: 1.06500 tp: 1.05185
0	17:28:14.337	'89010303': modify order #7671164 sell 0.01 EURUSD at 1.06074 sl: 1.06500 tp: 1.05190 -> sl: 1.06500 tp: 1.05185
0	17:28:14.584	'89010303': order #7671164 sell 0.01 EURUSD at 1.06074 was modified -> sl: 1.06500 tp: 1.05185
0	17:28:14.665	'89010303': modify order #7671168 sell 0.01 EURUSD at 1.06077 sl: 1.06501 tp: 1.05190 -> sl: 1.06501 tp: 1.05185
0	17:28:14.868	'89010303': order #7671168 sell 0.01 EURUSD at 1.06077 was modified -> sl: 1.06501 tp: 1.05185
0	17:28:14.949	'89010303': modify order #7682756 sell 0.01 EURUSD at 1.05781 sl: 1.06205 tp: 1.05190 -> sl: 1.06205 tp: 1.05185
0	17:28:15.112	'89010303': order #7682756 sell 0.01 EURUSD at 1.05781 was modified -> sl: 1.06205 tp: 1.05185
0	17:28:15.112	'89010303': modify order #7690313 sell 0.01 EURUSD at 1.05658 sl: 1.06082 tp: 1.05548 -> sl: 1.06082 tp: 1.05545
0	17:28:15.274	'89010303': order #7690313 sell 0.01 EURUSD at 1.05658 was modified -> sl: 1.06082 tp: 1.05545
0	17:28:15.315	'89010303': modify order #7690328 sell 0.01 EURUSD at 1.05673 sl: 1.06099 tp: 1.05217 -> sl: 1.06099 tp: 1.05215
0	17:28:15.562	'89010303': order #7690328 sell 0.01 EURUSD at 1.05673 was modified -> sl: 1.06099 tp: 1.05215
0	17:28:15.644	'89010303': modify order #7693384 sell 0.01 EURUSD at 1.05648 sl: 1.06074 tp: 1.05190 -> sl: 1.06074 tp: 1.05185
0	17:28:15.847	'89010303': order #7693384 sell 0.01 EURUSD at 1.05648 was modified -> sl: 1.06074 tp: 1.05185
0	17:28:15.847	'89010303': modify order #7693385 sell 0.01 EURUSD at 1.05648 sl: 1.06074 tp: 1.05190 -> sl: 1.06074 tp: 1.05185
0	17:28:16.131	'89010303': order #7693385 sell 0.01 EURUSD at 1.05648 was modified -> sl: 1.06074 tp: 1.05185
0	17:31:54.176	'89010303': modify order #7690313 sell 0.01 EURUSD at 1.05658 sl: 1.06082 tp: 1.05545 -> sl: 1.06082 tp: 1.05535
0	17:31:54.436	'89010303': order #7690313 sell 0.01 EURUSD at 1.05658 was modified -> sl: 1.06082 tp: 1.05535
0	17:49:09.046	'89010303': modify order #7690328 sell 0.01 EURUSD at 1.05673 sl: 1.06099 tp: 1.05215 -> sl: 1.06099 tp: 1.05213
0	17:49:09.500	'89010303': order #7690328 sell 0.01 EURUSD at 1.05673 was modified -> sl: 1.06099 tp: 1.05213
0	19:03:43.366	'89010303': modify order #7693382 buy 0.01 EURUSD at 1.05677 sl: 1.05251 tp: 1.06094 -> sl: 1.05251 tp: 1.06110
0	19:03:43.703	'89010303': order #7693382 buy 0.01 EURUSD at 1.05677 was modified -> sl: 1.05251 tp: 1.06110
0	19:10:16.413	'89010303': modify order #7693382 buy 0.01 EURUSD at 1.05677 sl: 1.05251 tp: 1.06110 -> sl: 1.05251 tp: 1.06130
0	19:10:16.619	'89010303': order #7693382 buy 0.01 EURUSD at 1.05677 was modified -> sl: 1.05251 tp: 1.06130
0	19:59:47.022	'89010303': modify order #7693382 buy 0.01 EURUSD at 1.05677 sl: 1.05251 tp: 1.06130 -> sl: 1.05251 tp: 1.06156
0	19:59:47.590	'89010303': order #7693382 buy 0.01 EURUSD at 1.05677 was modified -> sl: 1.05251 tp: 1.06156
