0	07:36:58.707	'89010303': login on FXCM-GBPReal01 through External
0	07:37:02.398	'89010303': ping to current access point External is 85.16 ms
1	07:37:52.076	MQL4 Market: failed to load products
0	11:37:46.931	'89010303': close order #8271996 buy 0.01 EURUSD at 1.11954 sl: 1.11529 tp: 1.12354 at price 1.11953
0	11:37:50.598	'89010303': order #8271996 buy 0.01 EURUSD at 1.11954 sl: 1.11529 tp: 1.12354 closed at price 1.11954
0	11:37:50.793	'89010303': instant order buy 0.01 EURUSD at 1.11982 sl: 1.11554 tp: 1.12189
0	11:37:51.284	'89010303': order was opened : #8282252 buy 0.01 EURUSD at 1.11982 sl: 1.11554 tp: 1.12189
0	13:15:32.903	'89010303': modify order #8282252 buy 0.01 EURUSD at 1.11982 sl: 1.11554 tp: 1.12189 -> sl: 1.11554 tp: 1.12230
0	13:15:37.467	'89010303': order #8282252 buy 0.01 EURUSD at 1.11982 was modified -> sl: 1.11554 tp: 1.12230
0	13:25:53.531	'89010303': modify order #8282252 buy 0.01 EURUSD at 1.11982 sl: 1.11554 tp: 1.12230 -> sl: 1.11554 tp: 1.12267
0	13:25:54.087	'89010303': order #8282252 buy 0.01 EURUSD at 1.11982 was modified -> sl: 1.11554 tp: 1.12267
0	13:30:17.486	'89010303': order #8282252 buy 0.01 EURUSD at 1.11982 closed due take-profit at price 1.12271
0	13:38:28.353	'89010303': instant order buy 0.01 EURUSD at 1.11939 sl: 1.11516 tp: 1.12339
0	13:38:28.714	'89010303': order was opened : #8283365 buy 0.01 EURUSD at 1.11934 sl: 1.11516 tp: 1.12339
0	13:46:00.085	'89010303': order #8283365 buy 0.01 EURUSD at 1.11934 closed due stop-loss at price 1.11514
0	13:54:23.532	'89010303': instant order buy 0.01 EURUSD at 1.11621 sl: 1.11194 tp: 1.12209
0	13:54:24.154	'89010303': order was opened : #8283796 buy 0.01 EURUSD at 1.11615 sl: 1.11194 tp: 1.12209
0	14:05:12.347	'89010303': modify order #8283796 buy 0.01 EURUSD at 1.11615 sl: 1.11194 tp: 1.12209 -> sl: 1.11194 tp: 1.12238
0	14:05:12.608	'89010303': order #8283796 buy 0.01 EURUSD at 1.11615 was modified -> sl: 1.11194 tp: 1.12238
0	14:05:48.274	'89010303': order #8283796 buy 0.01 EURUSD at 1.11615 closed due stop-loss at price 1.11169
0	14:14:01.983	'89010303': instant order sell 0.01 EURUSD at 1.11338 sl: 1.11765 tp: 1.10938
0	14:14:02.660	'89010303': order was opened : #8284175 sell 0.01 EURUSD at 1.11335 sl: 1.11765 tp: 1.10938
0	14:23:11.817	'89010303': modify order #8284175 sell 0.01 EURUSD at 1.11335 sl: 1.11765 tp: 1.10938 -> sl: 1.11765 tp: 1.10840
0	14:23:12.271	'89010303': order #8284175 sell 0.01 EURUSD at 1.11335 was modified -> sl: 1.11765 tp: 1.10840
0	15:08:13.063	'89010303': modify order #8284175 sell 0.01 EURUSD at 1.11335 sl: 1.11765 tp: 1.10840 -> sl: 1.11765 tp: 1.10790
0	15:08:13.358	'89010303': order #8284175 sell 0.01 EURUSD at 1.11335 was modified -> sl: 1.11765 tp: 1.10790
0	15:16:07.141	'89010303': modify order #8284175 sell 0.01 EURUSD at 1.11335 sl: 1.11765 tp: 1.10790 -> sl: 1.11765 tp: 1.10720
0	15:16:07.532	'89010303': order #8284175 sell 0.01 EURUSD at 1.11335 was modified -> sl: 1.11765 tp: 1.10720
0	15:20:56.640	'89010303': modify order #8284175 sell 0.01 EURUSD at 1.11335 sl: 1.11765 tp: 1.10720 -> sl: 1.11765 tp: 1.10715
0	15:20:56.900	'89010303': order #8284175 sell 0.01 EURUSD at 1.11335 was modified -> sl: 1.11765 tp: 1.10715
0	16:21:17.133	'89010303': login on FXCM-GBPReal01 through External
0	16:21:21.200	'89010303': ping to current access point External is 94.30 ms
1	16:22:18.864	MQL4 Market: failed to load products
