0	13:37:44.665	'89010303': modify order #8063403 buy 0.01 EURUSD at 1.08602 sl: 1.08178 tp: 1.09805 -> sl: 1.08178 tp: 1.09852
0	13:37:47.222	'89010303': order #8063403 buy 0.01 EURUSD at 1.08602 was modified -> sl: 1.08178 tp: 1.09852
0	13:45:26.213	'89010303': modify order #8063403 buy 0.01 EURUSD at 1.08602 sl: 1.08178 tp: 1.09852 -> sl: 1.08178 tp: 1.09968
0	13:45:26.639	'89010303': order #8063403 buy 0.01 EURUSD at 1.08602 was modified -> sl: 1.08178 tp: 1.09968
0	13:52:52.457	'89010303': modify order #8063403 buy 0.01 EURUSD at 1.08602 sl: 1.08178 tp: 1.09968 -> sl: 1.08178 tp: 1.10126
0	13:52:52.817	'89010303': order #8063403 buy 0.01 EURUSD at 1.08602 was modified -> sl: 1.08178 tp: 1.10126
0	14:03:36.153	'89010303': instant order buy 0.01 EURUSD at 1.09514 sl: 1.09090 tp: 1.09914
0	14:03:36.709	'89010303': order was opened : #8092428 buy 0.01 EURUSD at 1.09513 sl: 1.09090 tp: 1.09914
0	14:16:20.419	'89010303': modify order #8092428 buy 0.01 EURUSD at 1.09513 sl: 1.09090 tp: 1.09914 -> sl: 1.09090 tp: 1.09956
0	14:16:20.901	'89010303': order #8092428 buy 0.01 EURUSD at 1.09513 was modified -> sl: 1.09090 tp: 1.09956
0	14:25:33.541	'89010303': modify order #8092428 buy 0.01 EURUSD at 1.09513 sl: 1.09090 tp: 1.09956 -> sl: 1.09090 tp: 1.10029
0	14:25:34.032	'89010303': order #8092428 buy 0.01 EURUSD at 1.09513 was modified -> sl: 1.09090 tp: 1.10029
0	14:30:42.110	'89010303': modify order #8092428 buy 0.01 EURUSD at 1.09513 sl: 1.09090 tp: 1.10029 -> sl: 1.09090 tp: 1.10032
0	14:30:42.401	'89010303': order #8092428 buy 0.01 EURUSD at 1.09513 was modified -> sl: 1.09090 tp: 1.10032
0	15:03:00.928	'89010303': modify order #8092428 buy 0.01 EURUSD at 1.09513 sl: 1.09090 tp: 1.10032 -> sl: 1.09090 tp: 1.10055
0	15:03:01.126	'89010303': order #8092428 buy 0.01 EURUSD at 1.09513 was modified -> sl: 1.09090 tp: 1.10055
0	17:08:54.456	'89010303': modify order #8063403 buy 0.01 EURUSD at 1.08602 sl: 1.08178 tp: 1.10126 -> sl: 1.08178 tp: 1.10162
0	17:08:55.823	'89010303': order #8063403 buy 0.01 EURUSD at 1.08602 was modified -> sl: 1.08178 tp: 1.10162
0	17:08:55.823	'89010303': modify order #8092428 buy 0.01 EURUSD at 1.09513 sl: 1.09090 tp: 1.10055 -> sl: 1.09090 tp: 1.10163
0	17:08:56.051	'89010303': order #8092428 buy 0.01 EURUSD at 1.09513 was modified -> sl: 1.09090 tp: 1.10163
0	17:17:00.296	'89010303': modify order #8063403 buy 0.01 EURUSD at 1.08602 sl: 1.08178 tp: 1.10162 -> sl: 1.08178 tp: 1.10190
0	17:17:00.984	'89010303': order #8063403 buy 0.01 EURUSD at 1.08602 was modified -> sl: 1.08178 tp: 1.10190
0	17:17:01.084	'89010303': modify order #8092428 buy 0.01 EURUSD at 1.09513 sl: 1.09090 tp: 1.10163 -> sl: 1.09090 tp: 1.10192
0	17:17:01.307	'89010303': order #8092428 buy 0.01 EURUSD at 1.09513 was modified -> sl: 1.09090 tp: 1.10192
0	17:23:29.241	'89010303': modify order #8063403 buy 0.01 EURUSD at 1.08602 sl: 1.08178 tp: 1.10190 -> sl: 1.08178 tp: 1.10219
0	17:23:32.594	'89010303': order #8063403 buy 0.01 EURUSD at 1.08602 was modified -> sl: 1.08178 tp: 1.10219
0	17:23:33.178	'89010303': modify order #8092428 buy 0.01 EURUSD at 1.09513 sl: 1.09090 tp: 1.10192 -> sl: 1.09090 tp: 1.10220
0	17:23:33.535	'89010303': order #8092428 buy 0.01 EURUSD at 1.09513 was modified -> sl: 1.09090 tp: 1.10220
0	19:55:15.565	'89010303': order #8092428 buy 0.01 EURUSD at 1.09513 closed due stop-loss at price 1.09090
