0	04:46:33.889	'89010303': modify order #8227572 buy 0.01 EURUSD at 1.08558 sl: 1.08128 tp: 1.09541 -> sl: 1.08128 tp: 1.09578
0	04:46:36.703	'89010303': order #8227572 buy 0.01 EURUSD at 1.08558 was modified -> sl: 1.08128 tp: 1.09578
1	07:18:46.135	'89010303': connect failed [No connection]
0	07:18:55.331	'89010303': login on FXCM-GBPReal01 through External
0	07:18:58.498	'89010303': ping to current access point External is 90.15 ms
1	07:19:51.670	MQL4 Market: failed to load products
0	09:05:20.846	'89010303': modify order #8227572 buy 0.01 EURUSD at 1.08558 sl: 1.08128 tp: 1.09578 -> sl: 1.08128 tp: 1.09585
0	09:05:23.575	'89010303': order #8227572 buy 0.01 EURUSD at 1.08558 was modified -> sl: 1.08128 tp: 1.09585
0	10:04:27.311	'89010303': modify order #8227572 buy 0.01 EURUSD at 1.08558 sl: 1.08128 tp: 1.09585 -> sl: 1.08128 tp: 1.09587
0	10:04:27.569	'89010303': order #8227572 buy 0.01 EURUSD at 1.08558 was modified -> sl: 1.08128 tp: 1.09587
0	12:07:04.593	'89010303': modify order #8227572 buy 0.01 EURUSD at 1.08558 sl: 1.08128 tp: 1.09587 -> sl: 1.08128 tp: 1.09638
0	12:07:05.047	'89010303': order #8227572 buy 0.01 EURUSD at 1.08558 was modified -> sl: 1.08128 tp: 1.09638
0	13:27:30.001	'89010303': modify order #8227572 buy 0.01 EURUSD at 1.08558 sl: 1.08128 tp: 1.09638 -> sl: 1.08128 tp: 1.09681
0	13:27:30.358	'89010303': order #8227572 buy 0.01 EURUSD at 1.08558 was modified -> sl: 1.08128 tp: 1.09681
0	13:41:54.813	'89010303': modify order #8227572 buy 0.01 EURUSD at 1.08558 sl: 1.08128 tp: 1.09681 -> sl: 1.08128 tp: 1.09704
0	13:41:57.699	'89010303': order #8227572 buy 0.01 EURUSD at 1.08558 was modified -> sl: 1.08128 tp: 1.09704
0	13:57:03.236	'89010303': modify order #8227572 buy 0.01 EURUSD at 1.08558 sl: 1.08128 tp: 1.09704 -> sl: 1.08128 tp: 1.09722
0	13:57:03.659	'89010303': order #8227572 buy 0.01 EURUSD at 1.08558 was modified -> sl: 1.08128 tp: 1.09722
0	14:02:15.387	'89010303': modify order #8227572 buy 0.01 EURUSD at 1.08558 sl: 1.08128 tp: 1.09722 -> sl: 1.08128 tp: 1.09732
0	14:02:15.837	'89010303': order #8227572 buy 0.01 EURUSD at 1.08558 was modified -> sl: 1.08128 tp: 1.09732
0	14:40:05.649	'89010303': modify order #8227572 buy 0.01 EURUSD at 1.08558 sl: 1.08128 tp: 1.09732 -> sl: 1.08128 tp: 1.09783
0	14:40:06.331	'89010303': order #8227572 buy 0.01 EURUSD at 1.08558 was modified -> sl: 1.08128 tp: 1.09783
0	14:48:02.060	'89010303': modify order #8227572 buy 0.01 EURUSD at 1.08558 sl: 1.08128 tp: 1.09783 -> sl: 1.08128 tp: 1.09790
0	14:48:02.320	'89010303': order #8227572 buy 0.01 EURUSD at 1.08558 was modified -> sl: 1.08128 tp: 1.09790
1	19:16:46.761	'89010303': connect failed [No connection]
0	19:16:57.106	'89010303': login on FXCM-GBPReal01 through External
0	19:17:00.348	'89010303': ping to current access point External is 95.69 ms
1	19:17:56.799	MQL4 Market: failed to load products
