0	00:03:05.965	EA31337 EURUSD,M1: == New hour: 0
0	00:03:06.136	EA31337 EURUSD,M1: == New day (day of month: 2; day of year: 306) ==
0	00:03:06.136	EA31337 EURUSD,M1: Daily max: Tick: 38.9; Spread: 72; Max orders: 63; Loss: 0; Profit: 0; Equity: 1893.78; Balance: 993.2; 
0	00:03:06.136	EA31337 EURUSD,M1: Daily SAR stats: Period: 0, Buy: 43 / Sell: 48; Period: 1, Buy: 32 / Sell: 20; Period: 2, Buy: 91 / Sell: 0; Period: 3, Buy: 90 / Sell: 0; Period: 4, Buy: 0 / Sell: 0; Period: 5, Buy: 0 / Sell: 0; Period: 6, Buy: 0 / Sell: 0; Period: 7, Buy: 0 / Sell: 0; Period: 8, Buy: 0 / Sell: 0; 
0	00:03:06.136	EA31337 EURUSD,M1: Daily strategy stats: 
2	00:30:14.247	EA31337 EURUSD,M1: modify #7472807 buy 0.02 EURUSD at 1.10331 sl: 1.09900 tp: 1.10527 ok
2	00:31:12.184	EA31337 EURUSD,M1: modify #7472807 buy 0.02 EURUSD at 1.10331 sl: 1.09900 tp: 1.10530 ok
2	00:37:31.747	EA31337 EURUSD,M1: modify #7472807 buy 0.02 EURUSD at 1.10331 sl: 1.09900 tp: 1.10531 ok
2	00:46:19.185	EA31337 EURUSD,M1: modify #7472807 buy 0.02 EURUSD at 1.10331 sl: 1.09900 tp: 1.10534 ok
0	01:00:08.498	EA31337 EURUSD,M1: == New hour: 1
0	01:00:08.544	EA31337 EURUSD,M1: ExecuteOrder(): MarketInfo: Symbol: EURUSD; Ask: 1.10197; Bid: 1.10171; Spread: 26 points = 2.6 pips; 
2	01:00:08.794	EA31337 EURUSD,M1: open #7473236 buy 0.02 EURUSD at 1.10197 sl: 1.09771 tp: 1.10313 ok
0	01:00:08.794	EA31337 EURUSD,M1: #7473236 2015.11.02 01:00:06 buy 0.02 EURUSD 1.10197 1.09771 1.10313 1.10171 0.00 0.00 -0.34 | spread: 2.6 31349
0	01:00:08.794	EA31337 EURUSD,M1: ExecuteOrder(): Order Details: Ticket: 7473236; Time: 2015.11.02 01:00:06; Comment: | spread: 2.6; Commision: 0; Symbol: EURUSD; Type: Buy; Expiration: 0; Open Price: 1.10197; Close Price: 1.10171; Take Profit: -0.34; Stop Loss: 1.0977; Swap: 0; Lot size: 0.02; Account Details: Time: 2015.11.02 01:00:06; Account Balance: ý993.20; Account Equity: ý1897.33; Used Margin: ý608.00; Free Margin: ý1289.33; No of Orders: 64 (BUY/SELL: 26/38); Risk Ratio: 1.1
0	01:00:08.826	EA31337 EURUSD,M1: OpenOrderIsAllowed(): Alligator M30: Maximum open and pending orders per type reached the limit (MaxOrdersPerType).
0	01:00:08.841	EA31337 EURUSD,M1: OpenOrderIsAllowed(): Bands M1: Maximum open and pending orders per type reached the limit (MaxOrdersPerType).
0	01:00:08.951	EA31337 EURUSD,M1: OpenOrderIsAllowed(): Fractals M15: Maximum open and pending orders per type reached the limit (MaxOrdersPerType).
0	01:00:09.154	EA31337 EURUSD,M1: OpenOrderIsAllowed(): MACD M1: Maximum open and pending orders per type reached the limit (MaxOrdersPerType).
0	01:00:09.154	EA31337 EURUSD,M1: OpenOrderIsAllowed(): MACD M5: Maximum open and pending orders per type reached the limit (MaxOrdersPerType).
0	01:00:09.169	EA31337 EURUSD,M1: OpenOrderIsAllowed(): MACD M15: Maximum open and pending orders per type reached the limit (MaxOrdersPerType).
0	01:00:09.435	EA31337 EURUSD,M1: OpenOrderIsAllowed(): SAR M1: Maximum open and pending orders per type reached the limit (MaxOrdersPerType).
0	01:00:09.435	EA31337 EURUSD,M1: OpenOrderIsAllowed(): SAR M15: Maximum open and pending orders per type reached the limit (MaxOrdersPerType).
0	01:00:09.435	EA31337 EURUSD,M1: OpenOrderIsAllowed(): SAR M30: Maximum open and pending orders per type reached the limit (MaxOrdersPerType).
2	01:00:09.748	EA31337 EURUSD,M1: modify #7473236 buy 0.02 EURUSD at 1.10197 sl: 1.09771 tp: 1.10314 ok
0	01:04:04.545	EA31337 EURUSD,M1: OpenOrderIsAllowed(): Alligator M30: Maximum open and pending orders per type reached the limit (MaxOrdersPerType).
0	01:04:04.779	EA31337 EURUSD,M1: OpenOrderIsAllowed(): Fractals M15: Maximum open and pending orders per type reached the limit (MaxOrdersPerType).
0	01:04:05.091	EA31337 EURUSD,M1: OpenOrderIsAllowed(): MACD M1: Maximum open and pending orders per type reached the limit (MaxOrdersPerType).
0	01:04:05.091	EA31337 EURUSD,M1: OpenOrderIsAllowed(): MACD M5: Maximum open and pending orders per type reached the limit (MaxOrdersPerType).
0	01:04:05.091	EA31337 EURUSD,M1: OpenOrderIsAllowed(): MACD M15: Maximum open and pending orders per type reached the limit (MaxOrdersPerType).
0	01:04:05.373	EA31337 EURUSD,M1: OpenOrderIsAllowed(): SAR M1: Maximum open and pending orders per type reached the limit (MaxOrdersPerType).
0	01:04:05.373	EA31337 EURUSD,M1: OpenOrderIsAllowed(): SAR M15: Maximum open and pending orders per type reached the limit (MaxOrdersPerType).
0	01:04:05.373	EA31337 EURUSD,M1: OpenOrderIsAllowed(): SAR M30: Maximum open and pending orders per type reached the limit (MaxOrdersPerType).
0	01:05:02.935	EA31337 EURUSD,M1: OpenOrderIsAllowed(): Alligator M5: Maximum open and pending orders per type reached the limit (MaxOrdersPerType).
0	01:05:02.935	EA31337 EURUSD,M1: OpenOrderIsAllowed(): Alligator M30: Maximum open and pending orders per type reached the limit (MaxOrdersPerType).
0	01:05:02.935	EA31337 EURUSD,M1: OpenOrderIsAllowed(): Fractals M15: Maximum open and pending orders per type reached the limit (MaxOrdersPerType).
0	01:05:02.935	EA31337 EURUSD,M1: OpenOrderIsAllowed(): MACD M1: Maximum open and pending orders per type reached the limit (MaxOrdersPerType).
0	01:05:02.935	EA31337 EURUSD,M1: OpenOrderIsAllowed(): MACD M5: Maximum open and pending orders per type reached the limit (MaxOrdersPerType).
0	01:05:02.935	EA31337 EURUSD,M1: OpenOrderIsAllowed(): MACD M15: Maximum open and pending orders per type reached the limit (MaxOrdersPerType).
0	01:05:02.951	EA31337 EURUSD,M1: OpenOrderIsAllowed(): SAR M1: Maximum open and pending orders per type reached the limit (MaxOrdersPerType).
0	01:05:02.951	EA31337 EURUSD,M1: OpenOrderIsAllowed(): SAR M15: Maximum open and pending orders per type reached the limit (MaxOrdersPerType).
0	01:05:02.951	EA31337 EURUSD,M1: OpenOrderIsAllowed(): SAR M30: Maximum open and pending orders per type reached the limit (MaxOrdersPerType).
0	01:07:28.701	EA31337 EURUSD,M1: OpenOrderIsAllowed(): Alligator M1: Maximum open and pending orders per type reached the limit (MaxOrdersPerType).
0	01:07:28.701	EA31337 EURUSD,M1: OpenOrderIsAllowed(): Alligator M5: Maximum open and pending orders per type reached the limit (MaxOrdersPerType).
0	01:07:28.701	EA31337 EURUSD,M1: OpenOrderIsAllowed(): Alligator M30: Maximum open and pending orders per type reached the limit (MaxOrdersPerType).
0	01:07:28.982	EA31337 EURUSD,M1: OpenOrderIsAllowed(): Fractals M15: Maximum open and pending orders per type reached the limit (MaxOrdersPerType).
0	01:07:29.201	EA31337 EURUSD,M1: OpenOrderIsAllowed(): MACD M1: Maximum open and pending orders per type reached the limit (MaxOrdersPerType).
0	01:07:29.201	EA31337 EURUSD,M1: OpenOrderIsAllowed(): MACD M5: Maximum open and pending orders per type reached the limit (MaxOrdersPerType).
0	01:07:29.217	EA31337 EURUSD,M1: OpenOrderIsAllowed(): MACD M15: Maximum open and pending orders per type reached the limit (MaxOrdersPerType).
0	01:07:29.451	EA31337 EURUSD,M1: OpenOrderIsAllowed(): SAR M1: Maximum open and pending orders per type reached the limit (MaxOrdersPerType).
0	01:07:29.451	EA31337 EURUSD,M1: OpenOrderIsAllowed(): SAR M15: Maximum open and pending orders per type reached the limit (MaxOrdersPerType).
0	01:07:29.451	EA31337 EURUSD,M1: OpenOrderIsAllowed(): SAR M30: Maximum open and pending orders per type reached the limit (MaxOrdersPerType).
2	01:07:29.779	EA31337 EURUSD,M1: modify #7472807 buy 0.02 EURUSD at 1.10331 sl: 1.09900 tp: 1.10536 ok
0	01:08:56.560	EA31337 EURUSD,M1: OpenOrderIsAllowed(): Alligator M1: Maximum open and pending orders per type reached the limit (MaxOrdersPerType).
0	01:08:56.560	EA31337 EURUSD,M1: OpenOrderIsAllowed(): Alligator M5: Maximum open and pending orders per type reached the limit (MaxOrdersPerType).
0	01:08:56.560	EA31337 EURUSD,M1: OpenOrderIsAllowed(): Alligator M30: Maximum open and pending orders per type reached the limit (MaxOrdersPerType).
0	01:08:56.560	EA31337 EURUSD,M1: OpenOrderIsAllowed(): Fractals M15: Maximum open and pending orders per type reached the limit (MaxOrdersPerType).
0	01:08:56.560	EA31337 EURUSD,M1: OpenOrderIsAllowed(): MACD M1: Maximum open and pending orders per type reached the limit (MaxOrdersPerType).
0	01:08:56.560	EA31337 EURUSD,M1: OpenOrderIsAllowed(): MACD M5: Maximum open and pending orders per type reached the limit (MaxOrdersPerType).
0	01:08:56.560	EA31337 EURUSD,M1: OpenOrderIsAllowed(): MACD M15: Maximum open and pending orders per type reached the limit (MaxOrdersPerType).
0	01:08:56.560	EA31337 EURUSD,M1: OpenOrderIsAllowed(): SAR M1: Maximum open and pending orders per type reached the limit (MaxOrdersPerType).
0	01:08:56.560	EA31337 EURUSD,M1: OpenOrderIsAllowed(): SAR M15: Maximum open and pending orders per type reached the limit (MaxOrdersPerType).
0	01:08:56.560	EA31337 EURUSD,M1: OpenOrderIsAllowed(): SAR M30: Maximum open and pending orders per type reached the limit (MaxOrdersPerType).
0	01:09:13.357	EA31337 EURUSD,M1: OpenOrderIsAllowed(): Alligator M1: Maximum open and pending orders per type reached the limit (MaxOrdersPerType).
0	01:09:13.357	EA31337 EURUSD,M1: OpenOrderIsAllowed(): Alligator M5: Maximum open and pending orders per type reached the limit (MaxOrdersPerType).
0	01:09:13.357	EA31337 EURUSD,M1: OpenOrderIsAllowed(): Alligator M30: Maximum open and pending orders per type reached the limit (MaxOrdersPerType).
0	01:09:13.357	EA31337 EURUSD,M1: OpenOrderIsAllowed(): Fractals M15: Maximum open and pending orders per type reached the limit (MaxOrdersPerType).
0	01:09:13.357	EA31337 EURUSD,M1: OpenOrderIsAllowed(): MACD M1: Maximum open and pending orders per type reached the limit (MaxOrdersPerType).
0	01:09:13.357	EA31337 EURUSD,M1: OpenOrderIsAllowed(): MACD M5: Maximum open and pending orders per type reached the limit (MaxOrdersPerType).
0	01:09:13.357	EA31337 EURUSD,M1: OpenOrderIsAllowed(): MACD M15: Maximum open and pending orders per type reached the limit (MaxOrdersPerType).
0	01:09:13.357	EA31337 EURUSD,M1: OpenOrderIsAllowed(): SAR M1: Maximum open and pending orders per type reached the limit (MaxOrdersPerType).
0	01:09:13.357	EA31337 EURUSD,M1: OpenOrderIsAllowed(): SAR M15: Maximum open and pending orders per type reached the limit (MaxOrdersPerType).
0	01:09:13.357	EA31337 EURUSD,M1: OpenOrderIsAllowed(): SAR M30: Maximum open and pending orders per type reached the limit (MaxOrdersPerType).
0	01:12:53.404	EA31337 EURUSD,M1: OpenOrderIsAllowed(): Alligator M1: Maximum open and pending orders per type reached the limit (MaxOrdersPerType).
0	01:12:53.404	EA31337 EURUSD,M1: OpenOrderIsAllowed(): Alligator M5: Maximum open and pending orders per type reached the limit (MaxOrdersPerType).
0	01:12:53.404	EA31337 EURUSD,M1: OpenOrderIsAllowed(): Alligator M30: Maximum open and pending orders per type reached the limit (MaxOrdersPerType).
0	01:12:53.670	EA31337 EURUSD,M1: OpenOrderIsAllowed(): Fractals M15: Maximum open and pending orders per type reached the limit (MaxOrdersPerType).
0	01:12:53.951	EA31337 EURUSD,M1: OpenOrderIsAllowed(): MACD M1: Maximum open and pending orders per type reached the limit (MaxOrdersPerType).
0	01:12:53.951	EA31337 EURUSD,M1: OpenOrderIsAllowed(): MACD M5: Maximum open and pending orders per type reached the limit (MaxOrdersPerType).
0	01:12:53.951	EA31337 EURUSD,M1: OpenOrderIsAllowed(): MACD M15: Maximum open and pending orders per type reached the limit (MaxOrdersPerType).
0	01:12:54.201	EA31337 EURUSD,M1: OpenOrderIsAllowed(): SAR M5: Maximum open and pending orders per type reached the limit (MaxOrdersPerType).
0	01:12:54.201	EA31337 EURUSD,M1: OpenOrderIsAllowed(): SAR M15: Maximum open and pending orders per type reached the limit (MaxOrdersPerType).
0	01:12:54.201	EA31337 EURUSD,M1: OpenOrderIsAllowed(): SAR M30: Maximum open and pending orders per type reached the limit (MaxOrdersPerType).
0	01:13:23.732	EA31337 EURUSD,M1: OpenOrderIsAllowed(): Alligator M1: Maximum open and pending orders per type reached the limit (MaxOrdersPerType).
0	01:13:23.732	EA31337 EURUSD,M1: OpenOrderIsAllowed(): Alligator M5: Maximum open and pending orders per type reached the limit (MaxOrdersPerType).
0	01:13:23.732	EA31337 EURUSD,M1: OpenOrderIsAllowed(): Alligator M30: Maximum open and pending orders per type reached the limit (MaxOrdersPerType).
0	01:13:23.732	EA31337 EURUSD,M1: OpenOrderIsAllowed(): Fractals M15: Maximum open and pending orders per type reached the limit (MaxOrdersPerType).
0	01:13:23.732	EA31337 EURUSD,M1: OpenOrderIsAllowed(): MACD M1: Maximum open and pending orders per type reached the limit (MaxOrdersPerType).
0	01:13:23.732	EA31337 EURUSD,M1: OpenOrderIsAllowed(): MACD M5: Maximum open and pending orders per type reached the limit (MaxOrdersPerType).
0	01:13:23.732	EA31337 EURUSD,M1: OpenOrderIsAllowed(): MACD M15: Maximum open and pending orders per type reached the limit (MaxOrdersPerType).
0	01:13:23.732	EA31337 EURUSD,M1: OpenOrderIsAllowed(): SAR M5: Maximum open and pending orders per type reached the limit (MaxOrdersPerType).
0	01:13:23.732	EA31337 EURUSD,M1: OpenOrderIsAllowed(): SAR M15: Maximum open and pending orders per type reached the limit (MaxOrdersPerType).
0	01:13:23.732	EA31337 EURUSD,M1: OpenOrderIsAllowed(): SAR M30: Maximum open and pending orders per type reached the limit (MaxOrdersPerType).
0	01:16:10.810	EA31337 EURUSD,M1: OpenOrderIsAllowed(): Alligator M1: Maximum open and pending orders per type reached the limit (MaxOrdersPerType).
0	01:16:10.810	EA31337 EURUSD,M1: OpenOrderIsAllowed(): Alligator M30: Maximum open and pending orders per type reached the limit (MaxOrdersPerType).
0	01:16:11.201	EA31337 EURUSD,M1: OpenOrderIsAllowed(): MACD M1: Maximum open and pending orders per type reached the limit (MaxOrdersPerType).
0	01:16:11.201	EA31337 EURUSD,M1: OpenOrderIsAllowed(): MACD M5: Maximum open and pending orders per type reached the limit (MaxOrdersPerType).
0	01:16:11.201	EA31337 EURUSD,M1: OpenOrderIsAllowed(): MACD M15: Maximum open and pending orders per type reached the limit (MaxOrdersPerType).
0	01:16:11.560	EA31337 EURUSD,M1: OpenOrderIsAllowed(): SAR M5: Maximum open and pending orders per type reached the limit (MaxOrdersPerType).
0	01:16:11.560	EA31337 EURUSD,M1: OpenOrderIsAllowed(): SAR M15: Maximum open and pending orders per type reached the limit (MaxOrdersPerType).
0	01:16:11.560	EA31337 EURUSD,M1: OpenOrderIsAllowed(): SAR M30: Maximum open and pending orders per type reached the limit (MaxOrdersPerType).
0	01:16:11.639	EA31337 EURUSD,M1: OpenOrderIsAllowed(): WPR M1: Maximum open and pending orders per type reached the limit (MaxOrdersPerType).
2	01:16:11.935	EA31337 EURUSD,M1: modify #7472807 buy 0.02 EURUSD at 1.10331 sl: 1.09900 tp: 1.10539 ok
0	01:17:11.873	EA31337 EURUSD,M1: OpenOrderIsAllowed(): Alligator M1: Maximum open and pending orders per type reached the limit (MaxOrdersPerType).
0	01:17:11.873	EA31337 EURUSD,M1: OpenOrderIsAllowed(): Alligator M30: Maximum open and pending orders per type reached the limit (MaxOrdersPerType).
0	01:17:12.279	EA31337 EURUSD,M1: OpenOrderIsAllowed(): MACD M1: Maximum open and pending orders per type reached the limit (MaxOrdersPerType).
0	01:17:12.279	EA31337 EURUSD,M1: OpenOrderIsAllowed(): MACD M5: Maximum open and pending orders per type reached the limit (MaxOrdersPerType).
0	01:17:12.279	EA31337 EURUSD,M1: OpenOrderIsAllowed(): MACD M15: Maximum open and pending orders per type reached the limit (MaxOrdersPerType).
0	01:17:12.529	EA31337 EURUSD,M1: OpenOrderIsAllowed(): SAR M5: Maximum open and pending orders per type reached the limit (MaxOrdersPerType).
0	01:17:12.529	EA31337 EURUSD,M1: OpenOrderIsAllowed(): SAR M15: Maximum open and pending orders per type reached the limit (MaxOrdersPerType).
0	01:17:12.529	EA31337 EURUSD,M1: OpenOrderIsAllowed(): SAR M30: Maximum open and pending orders per type reached the limit (MaxOrdersPerType).
0	01:18:06.561	EA31337 EURUSD,M1: OpenOrderIsAllowed(): Alligator M1: Maximum open and pending orders per type reached the limit (MaxOrdersPerType).
0	01:18:06.561	EA31337 EURUSD,M1: ExecuteOrder(): MarketInfo: Symbol: EURUSD; Ask: 1.10227; Bid: 1.10202; Spread: 25 points = 2.5 pips; 
2	01:18:07.061	EA31337 EURUSD,M1: open #7473276 sell 0.02 EURUSD at 1.10200 sl: 1.10627 tp: 1.09801 ok
0	01:18:07.061	EA31337 EURUSD,M1: #7473276 2015.11.02 01:18:04 sell 0.02 EURUSD 1.10200 1.10627 1.09801 1.10225 0.00 0.00 -0.32 | spread: 2.5 31351
0	01:18:07.061	EA31337 EURUSD,M1: ExecuteOrder(): Order Details: Ticket: 7473276; Time: 2015.11.02 01:18:04; Comment: | spread: 2.5; Commision: 0; Symbol: EURUSD; Type: Sell; Expiration: 0; Open Price: 1.10200; Close Price: 1.10225; Take Profit: -0.32; Stop Loss: 1.1063; Swap: 0; Lot size: 0.02; Account Details: Time: 2015.11.02 01:18:04; Account Balance: ý993.20; Account Equity: ý1892.63; Used Margin: ý624.00; Free Margin: ý1268.63; No of Orders: 65 (BUY/SELL: 26/39); Risk Ratio: 1.1
0	01:18:07.061	EA31337 EURUSD,M1: OpenOrderIsAllowed(): Maximum open and pending orders reached the limit (MaxOrders).
2	01:18:07.404	EA31337 EURUSD,M1: modify #7473276 sell 0.02 EURUSD at 1.10200 sl: 1.10627 tp: 1.09800 ok
2	01:19:12.857	EA31337 EURUSD,M1: modify #7472807 buy 0.02 EURUSD at 1.10331 sl: 1.09900 tp: 1.10541 ok
2	01:19:13.107	EA31337 EURUSD,M1: modify #7473276 sell 0.02 EURUSD at 1.10200 sl: 1.10627 tp: 1.09797 ok
2	01:30:08.717	EA31337 EURUSD,M1: modify #7472807 buy 0.02 EURUSD at 1.10331 sl: 1.09900 tp: 1.10543 ok
2	01:31:36.858	EA31337 EURUSD,M1: modify #7472807 buy 0.02 EURUSD at 1.10331 sl: 1.09900 tp: 1.10544 ok
2	01:37:24.546	EA31337 EURUSD,M1: modify #7472807 buy 0.02 EURUSD at 1.10331 sl: 1.09900 tp: 1.10546 ok
2	01:43:35.124	EA31337 EURUSD,M1: modify #7472807 buy 0.02 EURUSD at 1.10331 sl: 1.09900 tp: 1.10547 ok
0	01:46:13.858	EA31337 EURUSD,M1: OpenOrderIsAllowed(): Alligator M5: Maximum open and pending orders per type reached the limit (MaxOrdersPerType).
0	01:46:14.546	EA31337 EURUSD,M1: OpenOrderIsAllowed(): DeMarker M1: Maximum open and pending orders per type reached the limit (MaxOrdersPerType).
0	01:46:14.546	EA31337 EURUSD,M1: ExecuteOrder(): MarketInfo: Symbol: EURUSD; Ask: 1.10322; Bid: 1.10294; Spread: 28 points = 2.8 pips; 
2	01:46:14.765	EA31337 EURUSD,M1: open #7473391 sell 0.02 EURUSD at 1.10294 sl: 1.10722 tp: 1.09894 ok
0	01:46:14.765	EA31337 EURUSD,M1: #7473391 2015.11.02 01:46:12 sell 0.02 EURUSD 1.10294 1.10722 1.09894 1.10322 0.00 0.00 -0.36 | spread: 2.8 31382
0	01:46:14.765	EA31337 EURUSD,M1: ExecuteOrder(): Order Details: Ticket: 7473391; Time: 2015.11.02 01:46:11; Comment: | spread: 2.8; Commision: 0; Symbol: EURUSD; Type: Sell; Expiration: 0; Open Price: 1.10294; Close Price: 1.10322; Take Profit: -0.36; Stop Loss: 1.1072; Swap: 0; Lot size: 0.02; Account Details: Time: 2015.11.02 01:46:11; Account Balance: ý994.72; Account Equity: ý1875.47; Used Margin: ý640.00; Free Margin: ý1235.47; No of Orders: 65 (BUY/SELL: 25/40); Risk Ratio: 1.1
0	01:46:14.765	EA31337 EURUSD,M1: OpenOrderIsAllowed(): Maximum open and pending orders reached the limit (MaxOrders).
2	01:46:15.765	EA31337 EURUSD,M1: modify #7473391 sell 0.02 EURUSD at 1.10294 sl: 1.10722 tp: 1.09893 ok
2	01:48:07.061	EA31337 EURUSD,M1: modify #7472807 buy 0.02 EURUSD at 1.10331 sl: 1.09900 tp: 1.10548 ok
2	01:48:07.358	EA31337 EURUSD,M1: modify #7473391 sell 0.02 EURUSD at 1.10294 sl: 1.10722 tp: 1.09868 ok
2	01:49:04.124	EA31337 EURUSD,M1: modify #7473391 sell 0.02 EURUSD at 1.10294 sl: 1.10722 tp: 1.09839 ok
0	02:00:43.953	EA31337 EURUSD,M1: == New hour: 2
0	03:02:41.704	EA31337 EURUSD,M1: == New hour: 3
0	04:00:58.753	EA31337 EURUSD,M1: == New hour: 4
0	05:08:16.349	EA31337 EURUSD,M1: == New hour: 5
2	05:31:38.490	EA31337 EURUSD,M1: modify #7473391 sell 0.02 EURUSD at 1.10294 sl: 1.10722 tp: 1.09838 ok
2	05:54:35.444	EA31337 EURUSD,M1: modify #7472802 buy 0.02 EURUSD at 1.10331 sl: 1.09902 tp: 1.10405 ok
2	05:59:49.600	EA31337 EURUSD,M1: modify #7472802 buy 0.02 EURUSD at 1.10331 sl: 1.09902 tp: 1.10407 ok
0	06:00:06.601	EA31337 EURUSD,M1: == New hour: 6
0	06:00:06.757	EA31337 EURUSD,M1: OpenOrderIsAllowed(): DeMarker M1: Maximum open and pending orders per type reached the limit (MaxOrdersPerType).
0	06:00:06.835	EA31337 EURUSD,M1: OpenOrderIsAllowed(): DeMarker M15: Maximum open and pending orders per type reached the limit (MaxOrdersPerType).
0	06:00:07.069	EA31337 EURUSD,M1: ExecuteOrder(): MarketInfo: Symbol: EURUSD; Ask: 1.10337; Bid: 1.10310; Spread: 27 points = 2.7 pips; 
2	06:00:07.335	EA31337 EURUSD,M1: open #7474000 buy 0.02 EURUSD at 1.10337 sl: 1.09910 tp: 1.10442 ok
0	06:00:07.335	EA31337 EURUSD,M1: #7474000 2015.11.02 06:00:04 buy 0.02 EURUSD 1.10337 1.09910 1.10442 1.10310 0.00 0.00 -0.35 | spread: 2.6 31406
0	06:00:07.335	EA31337 EURUSD,M1: ExecuteOrder(): Order Details: Ticket: 7474000; Time: 2015.11.02 06:00:03; Comment: | spread: 2.6; Commision: 0; Symbol: EURUSD; Type: Buy; Expiration: 0; Open Price: 1.10337; Close Price: 1.10310; Take Profit: -0.35; Stop Loss: 1.0991; Swap: 0; Lot size: 0.02; Account Details: Time: 2015.11.02 06:00:03; Account Balance: ý994.72; Account Equity: ý1872.70; Used Margin: ý640.00; Free Margin: ý1232.70; No of Orders: 66 (BUY/SELL: 26/40); Risk Ratio: 1.1
0	06:00:07.335	EA31337 EURUSD,M1: OpenOrderIsAllowed(): Maximum open and pending orders reached the limit (MaxOrders).
2	06:04:04.710	EA31337 EURUSD,M1: modify #7474000 buy 0.02 EURUSD at 1.10337 sl: 1.09910 tp: 1.10449 ok
2	06:06:24.138	EA31337 EURUSD,M1: modify #7474000 buy 0.02 EURUSD at 1.10337 sl: 1.09910 tp: 1.10482 ok
2	06:08:12.444	EA31337 EURUSD,M1: modify #7474000 buy 0.02 EURUSD at 1.10337 sl: 1.09910 tp: 1.10500 ok
2	06:09:05.526	EA31337 EURUSD,M1: modify #7474000 buy 0.02 EURUSD at 1.10337 sl: 1.09910 tp: 1.10506 ok
2	06:12:34.538	EA31337 EURUSD,M1: modify #7474000 buy 0.02 EURUSD at 1.10337 sl: 1.09910 tp: 1.10527 ok
2	06:19:43.945	EA31337 EURUSD,M1: modify #7472802 buy 0.02 EURUSD at 1.10331 sl: 1.09902 tp: 1.10408 ok
2	06:21:49.257	EA31337 EURUSD,M1: modify #7474000 buy 0.02 EURUSD at 1.10337 sl: 1.09910 tp: 1.10529 ok
2	06:22:39.997	EA31337 EURUSD,M1: modify #7474000 buy 0.02 EURUSD at 1.10337 sl: 1.09910 tp: 1.10586 ok
2	06:23:28.763	EA31337 EURUSD,M1: modify #7474000 buy 0.02 EURUSD at 1.10337 sl: 1.09910 tp: 1.10599 ok
2	06:24:55.042	EA31337 EURUSD,M1: modify #7472802 buy 0.02 EURUSD at 1.10331 sl: 1.09902 tp: 1.10429 ok
2	06:26:10.871	EA31337 EURUSD,M1: modify #7472802 buy 0.02 EURUSD at 1.10331 sl: 1.09902 tp: 1.10430 ok
0	06:32:50.806	EA31337 EURUSD,M1: OpenOrderIsAllowed(): Maximum open and pending orders reached the limit (MaxOrders).
0	07:04:10.388	EA31337 EURUSD,M1: == New hour: 7
0	07:05:02.567	EA31337 EURUSD,M1: OpenOrderIsAllowed(): Alligator M5: Maximum open and pending orders per type reached the limit (MaxOrdersPerType).
0	07:05:29.532	EA31337 EURUSD,M1: OpenOrderIsAllowed(): DeMarker M30: Maximum open and pending orders per type reached the limit (MaxOrdersPerType).
0	07:05:30.251	EA31337 EURUSD,M1: OpenOrderIsAllowed(): Fractals M30: Maximum open and pending orders per type reached the limit (MaxOrdersPerType).
0	07:06:20.951	EA31337 EURUSD,M1: OpenOrderIsAllowed(): MACD M1: Maximum open and pending orders per type reached the limit (MaxOrdersPerType).
0	07:06:21.113	EA31337 EURUSD,M1: OpenOrderIsAllowed(): MACD M5: Maximum open and pending orders per type reached the limit (MaxOrdersPerType).
0	07:06:21.145	EA31337 EURUSD,M1: OpenOrderIsAllowed(): MACD M15: Maximum open and pending orders per type reached the limit (MaxOrdersPerType).
0	07:06:37.198	EA31337 EURUSD,M1: OpenOrderIsAllowed(): SAR M15: Maximum open and pending orders per type reached the limit (MaxOrdersPerType).
0	07:06:37.295	EA31337 EURUSD,M1: OpenOrderIsAllowed(): SAR M30: Maximum open and pending orders per type reached the limit (MaxOrdersPerType).
0	07:07:20.493	EA31337 EURUSD,M1: OpenOrderIsAllowed(): DeMarker M30: Maximum open and pending orders per type reached the limit (MaxOrdersPerType).
0	07:07:27.506	EA31337 EURUSD,M1: OpenOrderIsAllowed(): Fractals M30: Maximum open and pending orders per type reached the limit (MaxOrdersPerType).
0	07:07:56.376	EA31337 EURUSD,M1: OpenOrderIsAllowed(): MACD M1: Maximum open and pending orders per type reached the limit (MaxOrdersPerType).
0	07:07:56.446	EA31337 EURUSD,M1: OpenOrderIsAllowed(): MACD M5: Maximum open and pending orders per type reached the limit (MaxOrdersPerType).
0	07:07:56.478	EA31337 EURUSD,M1: OpenOrderIsAllowed(): MACD M15: Maximum open and pending orders per type reached the limit (MaxOrdersPerType).
0	07:08:21.129	EA31337 EURUSD,M1: OpenOrderIsAllowed(): SAR M1: Maximum open and pending orders per type reached the limit (MaxOrdersPerType).
0	07:08:37.798	EA31337 EURUSD,M1: OpenOrderIsAllowed(): SAR M15: Maximum open and pending orders per type reached the limit (MaxOrdersPerType).
0	07:08:42.035	EA31337 EURUSD,M1: OpenOrderIsAllowed(): SAR M30: Maximum open and pending orders per type reached the limit (MaxOrdersPerType).
0	07:09:10.231	EA31337 EURUSD,M1: OpenOrderIsAllowed(): DeMarker M30: Maximum open and pending orders per type reached the limit (MaxOrdersPerType).
0	07:09:10.981	EA31337 EURUSD,M1: OpenOrderIsAllowed(): Fractals M30: Maximum open and pending orders per type reached the limit (MaxOrdersPerType).
0	07:09:23.144	EA31337 EURUSD,M1: OpenOrderIsAllowed(): MACD M1: Maximum open and pending orders per type reached the limit (MaxOrdersPerType).
0	07:09:23.144	EA31337 EURUSD,M1: OpenOrderIsAllowed(): MACD M5: Maximum open and pending orders per type reached the limit (MaxOrdersPerType).
0	07:09:23.144	EA31337 EURUSD,M1: OpenOrderIsAllowed(): MACD M15: Maximum open and pending orders per type reached the limit (MaxOrdersPerType).
0	07:09:52.837	EA31337 EURUSD,M1: OpenOrderIsAllowed(): SAR M1: Maximum open and pending orders per type reached the limit (MaxOrdersPerType).
0	07:09:57.922	EA31337 EURUSD,M1: OpenOrderIsAllowed(): SAR M15: Maximum open and pending orders per type reached the limit (MaxOrdersPerType).
0	07:09:57.922	EA31337 EURUSD,M1: OpenOrderIsAllowed(): SAR M30: Maximum open and pending orders per type reached the limit (MaxOrdersPerType).
0	07:12:50.878	EA31337 EURUSD,M1: OpenOrderIsAllowed(): DeMarker M30: Maximum open and pending orders per type reached the limit (MaxOrdersPerType).
0	07:13:00.823	EA31337 EURUSD,M1: OpenOrderIsAllowed(): Fractals M30: Maximum open and pending orders per type reached the limit (MaxOrdersPerType).
0	07:14:11.745	EA31337 EURUSD,M1: OpenOrderIsAllowed(): MA M1: Maximum open and pending orders per type reached the limit (MaxOrdersPerType).
0	07:14:14.478	EA31337 EURUSD,M1: OpenOrderIsAllowed(): MACD M1: Maximum open and pending orders per type reached the limit (MaxOrdersPerType).
0	07:14:14.882	EA31337 EURUSD,M1: OpenOrderIsAllowed(): MACD M5: Maximum open and pending orders per type reached the limit (MaxOrdersPerType).
0	07:14:14.884	EA31337 EURUSD,M1: OpenOrderIsAllowed(): MACD M15: Maximum open and pending orders per type reached the limit (MaxOrdersPerType).
0	07:15:10.398	EA31337 EURUSD,M1: OpenOrderIsAllowed(): SAR M1: Maximum open and pending orders per type reached the limit (MaxOrdersPerType).
0	07:15:10.400	EA31337 EURUSD,M1: OpenOrderIsAllowed(): SAR M5: Maximum open and pending orders per type reached the limit (MaxOrdersPerType).
0	07:15:21.345	EA31337 EURUSD,M1: OpenOrderIsAllowed(): SAR M15: Maximum open and pending orders per type reached the limit (MaxOrdersPerType).
0	07:15:21.345	EA31337 EURUSD,M1: OpenOrderIsAllowed(): SAR M30: Maximum open and pending orders per type reached the limit (MaxOrdersPerType).
0	07:15:54.409	EA31337 EURUSD,M1: OpenOrderIsAllowed(): Alligator M15: Maximum open and pending orders per type reached the limit (MaxOrdersPerType).
0	07:16:19.208	EA31337 EURUSD,M1: OpenOrderIsAllowed(): DeMarker M30: Maximum open and pending orders per type reached the limit (MaxOrdersPerType).
0	07:16:21.044	EA31337 EURUSD,M1: OpenOrderIsAllowed(): Fractals M30: Maximum open and pending orders per type reached the limit (MaxOrdersPerType).
0	07:16:45.337	EA31337 EURUSD,M1: OpenOrderIsAllowed(): MACD M1: Maximum open and pending orders per type reached the limit (MaxOrdersPerType).
0	07:16:50.625	EA31337 EURUSD,M1: OpenOrderIsAllowed(): MACD M5: Maximum open and pending orders per type reached the limit (MaxOrdersPerType).
0	07:16:50.625	EA31337 EURUSD,M1: OpenOrderIsAllowed(): MACD M15: Maximum open and pending orders per type reached the limit (MaxOrdersPerType).
0	07:17:34.612	EA31337 EURUSD,M1: OpenOrderIsAllowed(): SAR M1: Maximum open and pending orders per type reached the limit (MaxOrdersPerType).
0	07:17:34.653	EA31337 EURUSD,M1: OpenOrderIsAllowed(): SAR M5: Maximum open and pending orders per type reached the limit (MaxOrdersPerType).
0	07:17:34.653	EA31337 EURUSD,M1: OpenOrderIsAllowed(): SAR M15: Maximum open and pending orders per type reached the limit (MaxOrdersPerType).
0	07:17:34.653	EA31337 EURUSD,M1: OpenOrderIsAllowed(): SAR M30: Maximum open and pending orders per type reached the limit (MaxOrdersPerType).
0	07:18:22.018	EA31337 EURUSD,M1: OpenOrderIsAllowed(): Alligator M15: Maximum open and pending orders per type reached the limit (MaxOrdersPerType).
0	07:18:39.291	EA31337 EURUSD,M1: OpenOrderIsAllowed(): DeMarker M30: Maximum open and pending orders per type reached the limit (MaxOrdersPerType).
0	07:18:40.796	EA31337 EURUSD,M1: OpenOrderIsAllowed(): Fractals M30: Maximum open and pending orders per type reached the limit (MaxOrdersPerType).
0	07:19:07.938	EA31337 EURUSD,M1: OpenOrderIsAllowed(): MACD M1: Maximum open and pending orders per type reached the limit (MaxOrdersPerType).
0	07:19:07.938	EA31337 EURUSD,M1: OpenOrderIsAllowed(): MACD M5: Maximum open and pending orders per type reached the limit (MaxOrdersPerType).
0	07:19:07.938	EA31337 EURUSD,M1: OpenOrderIsAllowed(): MACD M15: Maximum open and pending orders per type reached the limit (MaxOrdersPerType).
0	07:20:15.972	EA31337 EURUSD,M1: OpenOrderIsAllowed(): SAR M5: Maximum open and pending orders per type reached the limit (MaxOrdersPerType).
0	07:20:15.972	EA31337 EURUSD,M1: OpenOrderIsAllowed(): SAR M15: Maximum open and pending orders per type reached the limit (MaxOrdersPerType).
0	07:20:15.972	EA31337 EURUSD,M1: OpenOrderIsAllowed(): SAR M30: Maximum open and pending orders per type reached the limit (MaxOrdersPerType).
0	07:20:32.516	EA31337 EURUSD,M1: OpenOrderIsAllowed(): WPR M1: Maximum open and pending orders per type reached the limit (MaxOrdersPerType).
0	07:20:54.869	EA31337 EURUSD,M1: OpenOrderIsAllowed(): MACD M1: Maximum open and pending orders per type reached the limit (MaxOrdersPerType).
0	07:21:48.723	EA31337 EURUSD,M1: OpenOrderIsAllowed(): Alligator M5: Maximum open and pending orders per type reached the limit (MaxOrdersPerType).
0	07:21:48.723	EA31337 EURUSD,M1: OpenOrderIsAllowed(): Alligator M15: Maximum open and pending orders per type reached the limit (MaxOrdersPerType).
0	07:22:40.594	EA31337 EURUSD,M1: OpenOrderIsAllowed(): Fractals M30: Maximum open and pending orders per type reached the limit (MaxOrdersPerType).
0	07:23:55.743	EA31337 EURUSD,M1: OpenOrderIsAllowed(): MACD M1: Maximum open and pending orders per type reached the limit (MaxOrdersPerType).
0	07:23:55.744	EA31337 EURUSD,M1: OpenOrderIsAllowed(): MACD M5: Maximum open and pending orders per type reached the limit (MaxOrdersPerType).
0	07:23:55.744	EA31337 EURUSD,M1: OpenOrderIsAllowed(): MACD M15: Maximum open and pending orders per type reached the limit (MaxOrdersPerType).
0	07:25:42.888	EA31337 EURUSD,M1: OpenOrderIsAllowed(): SAR M5: Maximum open and pending orders per type reached the limit (MaxOrdersPerType).
0	07:25:42.888	EA31337 EURUSD,M1: OpenOrderIsAllowed(): SAR M15: Maximum open and pending orders per type reached the limit (MaxOrdersPerType).
0	07:25:42.888	EA31337 EURUSD,M1: OpenOrderIsAllowed(): SAR M30: Maximum open and pending orders per type reached the limit (MaxOrdersPerType).
0	07:27:40.791	EA31337 EURUSD,M1: OpenOrderIsAllowed(): Alligator M5: Maximum open and pending orders per type reached the limit (MaxOrdersPerType).
0	07:27:40.791	EA31337 EURUSD,M1: OpenOrderIsAllowed(): Alligator M15: Maximum open and pending orders per type reached the limit (MaxOrdersPerType).
0	07:29:09.348	EA31337 EURUSD,M1: OpenOrderIsAllowed(): DeMarker M30: Maximum open and pending orders per type reached the limit (MaxOrdersPerType).
0	07:29:38.201	EA31337 EURUSD,M1: OpenOrderIsAllowed(): Fractals M30: Maximum open and pending orders per type reached the limit (MaxOrdersPerType).
0	07:30:58.324	EA31337 EURUSD,M1: OpenOrderIsAllowed(): MACD M1: Maximum open and pending orders per type reached the limit (MaxOrdersPerType).
0	07:31:00.088	EA31337 EURUSD,M1: OpenOrderIsAllowed(): MACD M5: Maximum open and pending orders per type reached the limit (MaxOrdersPerType).
0	07:31:00.119	EA31337 EURUSD,M1: OpenOrderIsAllowed(): MACD M15: Maximum open and pending orders per type reached the limit (MaxOrdersPerType).
0	07:31:59.849	EA31337 EURUSD,M1: OpenOrderIsAllowed(): SAR M1: Maximum open and pending orders per type reached the limit (MaxOrdersPerType).
0	07:31:59.849	EA31337 EURUSD,M1: OpenOrderIsAllowed(): SAR M5: Maximum open and pending orders per type reached the limit (MaxOrdersPerType).
0	07:32:00.307	EA31337 EURUSD,M1: OpenOrderIsAllowed(): SAR M15: Maximum open and pending orders per type reached the limit (MaxOrdersPerType).
0	07:32:00.307	EA31337 EURUSD,M1: OpenOrderIsAllowed(): SAR M30: Maximum open and pending orders per type reached the limit (MaxOrdersPerType).
0	07:32:26.829	EA31337 EURUSD,M1: OpenOrderIsAllowed(): MACD M1: Maximum open and pending orders per type reached the limit (MaxOrdersPerType).
0	07:32:26.829	EA31337 EURUSD,M1: OpenOrderIsAllowed(): Alligator M5: Maximum open and pending orders per type reached the limit (MaxOrdersPerType).
0	07:33:12.141	EA31337 EURUSD,M1: OpenOrderIsAllowed(): Alligator M5: Maximum open and pending orders per type reached the limit (MaxOrdersPerType).
0	07:33:12.141	EA31337 EURUSD,M1: OpenOrderIsAllowed(): Alligator M15: Maximum open and pending orders per type reached the limit (MaxOrdersPerType).
0	07:33:54.094	EA31337 EURUSD,M1: OpenOrderIsAllowed(): MACD M1: Maximum open and pending orders per type reached the limit (MaxOrdersPerType).
0	07:33:54.126	EA31337 EURUSD,M1: OpenOrderIsAllowed(): MACD M5: Maximum open and pending orders per type reached the limit (MaxOrdersPerType).
0	07:33:54.126	EA31337 EURUSD,M1: OpenOrderIsAllowed(): MACD M15: Maximum open and pending orders per type reached the limit (MaxOrdersPerType).
0	07:34:31.994	EA31337 EURUSD,M1: OpenOrderIsAllowed(): SAR M1: Maximum open and pending orders per type reached the limit (MaxOrdersPerType).
0	07:34:31.994	EA31337 EURUSD,M1: OpenOrderIsAllowed(): SAR M5: Maximum open and pending orders per type reached the limit (MaxOrdersPerType).
0	07:34:32.058	EA31337 EURUSD,M1: OpenOrderIsAllowed(): SAR M15: Maximum open and pending orders per type reached the limit (MaxOrdersPerType).
0	07:34:32.090	EA31337 EURUSD,M1: OpenOrderIsAllowed(): SAR M30: Maximum open and pending orders per type reached the limit (MaxOrdersPerType).
0	07:34:33.917	EA31337 EURUSD,M1: OpenOrderIsAllowed(): MACD M1: Maximum open and pending orders per type reached the limit (MaxOrdersPerType).
0	07:34:33.917	EA31337 EURUSD,M1: OpenOrderIsAllowed(): Alligator M5: Maximum open and pending orders per type reached the limit (MaxOrdersPerType).
0	07:36:12.955	EA31337 EURUSD,M1: OpenOrderIsAllowed(): Alligator M5: Maximum open and pending orders per type reached the limit (MaxOrdersPerType).
0	07:36:13.076	EA31337 EURUSD,M1: OpenOrderIsAllowed(): Alligator M15: Maximum open and pending orders per type reached the limit (MaxOrdersPerType).
0	07:38:16.574	EA31337 EURUSD,M1: OpenOrderIsAllowed(): MACD M1: Maximum open and pending orders per type reached the limit (MaxOrdersPerType).
0	07:38:16.574	EA31337 EURUSD,M1: OpenOrderIsAllowed(): MACD M5: Maximum open and pending orders per type reached the limit (MaxOrdersPerType).
0	07:38:16.574	EA31337 EURUSD,M1: OpenOrderIsAllowed(): MACD M15: Maximum open and pending orders per type reached the limit (MaxOrdersPerType).
0	07:40:53.872	EA31337 EURUSD,M1: OpenOrderIsAllowed(): SAR M15: Maximum open and pending orders per type reached the limit (MaxOrdersPerType).
0	07:40:53.872	EA31337 EURUSD,M1: OpenOrderIsAllowed(): SAR M30: Maximum open and pending orders per type reached the limit (MaxOrdersPerType).
0	07:42:10.916	EA31337 EURUSD,M1: OpenOrderIsAllowed(): MACD M1: Maximum open and pending orders per type reached the limit (MaxOrdersPerType).
0	07:42:10.916	EA31337 EURUSD,M1: OpenOrderIsAllowed(): Bands M15: Maximum open and pending orders per type reached the limit (MaxOrdersPerType).
0	07:42:10.916	EA31337 EURUSD,M1: OpenOrderIsAllowed(): Alligator M15: Maximum open and pending orders per type reached the limit (MaxOrdersPerType).
0	07:42:11.564	EA31337 EURUSD,M1: ExecuteOrder(): MarketInfo: Symbol: EURUSD; Ask: 1.10381; Bid: 1.10355; Spread: 26 points = 2.6 pips; 
2	07:42:11.807	EA31337 EURUSD,M1: open #7474378 buy 0.02 EURUSD at 1.10381 sl: 1.09955 tp: 1.10888 ok
0	07:42:11.807	EA31337 EURUSD,M1: #7474378 2015.11.02 07:42:08 buy 0.02 EURUSD 1.10381 1.09955 1.10888 1.10355 0.00 0.00 -0.34 | spread: 2.6 31407
0	07:42:11.807	EA31337 EURUSD,M1: ExecuteOrder(): Order Details: Ticket: 7474378; Time: 2015.11.02 07:35:06; Comment: | spread: 2.6; Commision: 0; Symbol: EURUSD; Type: Buy; Expiration: 0; Open Price: 1.10381; Close Price: 1.10355; Take Profit: -0.34; Stop Loss: 1.0996; Swap: 0; Lot size: 0.02; Account Details: Time: 2015.11.02 07:35:06; Account Balance: ý994.72; Account Equity: ý1864.87; Used Margin: ý640.00; Free Margin: ý1224.87; No of Orders: 67 (BUY/SELL: 27/40); Risk Ratio: 1.1
0	07:42:54.089	EA31337 EURUSD,M1: OpenOrderIsAllowed(): Maximum open and pending orders reached the limit (MaxOrders).
2	07:45:07.062	EA31337 EURUSD,M1: modify #7474378 buy 0.02 EURUSD at 1.10381 sl: 1.09955 tp: 1.10934 ok
2	07:52:44.691	EA31337 EURUSD,M1: modify #7474000 buy 0.02 EURUSD at 1.10337 sl: 1.09910 tp: 1.10710 ok
2	07:52:44.975	EA31337 EURUSD,M1: modify #7474378 buy 0.02 EURUSD at 1.10381 sl: 1.09955 tp: 1.11089 ok
0	07:55:15.465	EA31337 EURUSD,M1: ExecuteOrder(): MarketInfo: Symbol: EURUSD; Ask: 1.10437; Bid: 1.10410; Spread: 27 points = 2.7 pips; 
2	07:55:16.601	EA31337 EURUSD,M1: open #7474452 buy 0.02 EURUSD at 1.10437 sl: 1.10010 tp: 1.10535 ok
0	07:55:16.601	EA31337 EURUSD,M1: #7474452 2015.11.02 07:55:13 buy 0.02 EURUSD 1.10437 1.10010 1.10535 1.10410 0.00 0.00 -0.35 | spread: 2.6 31349
0	07:55:16.601	EA31337 EURUSD,M1: ExecuteOrder(): Order Details: Ticket: 7474452; Time: 2015.11.02 07:54:30; Comment: | spread: 2.6; Commision: 0; Symbol: EURUSD; Type: Buy; Expiration: 0; Open Price: 1.10437; Close Price: 1.10410; Take Profit: -0.35; Stop Loss: 1.1001; Swap: 0; Lot size: 0.02; Account Details: Time: 2015.11.02 07:54:30; Account Balance: ý996.05; Account Equity: ý1854.67; Used Margin: ý640.00; Free Margin: ý1214.67; No of Orders: 67 (BUY/SELL: 27/40); Risk Ratio: 1.1
0	07:55:33.342	EA31337 EURUSD,M1: OpenOrderIsAllowed(): Maximum open and pending orders reached the limit (MaxOrders).
2	08:04:54.512	EA31337 EURUSD,M1: modify #7474452 buy 0.02 EURUSD at 1.10437 sl: 1.10010 tp: 1.10545 ok
0	08:06:12.153	EA31337 EURUSD,M1: == New hour: 8
2	08:24:34.468	EA31337 EURUSD,M1: modify #7473391 sell 0.02 EURUSD at 1.10294 sl: 1.10722 tp: 1.09801 ok
2	09:03:55.740	EA31337 EURUSD,M1: modify #7473391 sell 0.02 EURUSD at 1.10294 sl: 1.10722 tp: 1.09775 ok
0	09:04:14.583	EA31337 EURUSD,M1: == New hour: 9
2	09:44:40.807	EA31337 EURUSD,M1: modify #7473391 sell 0.02 EURUSD at 1.10294 sl: 1.10722 tp: 1.09680 ok
2	10:00:07.925	EA31337 EURUSD,M1: modify #7473391 sell 0.02 EURUSD at 1.10294 sl: 1.10722 tp: 1.09632 ok
0	10:00:40.050	EA31337 EURUSD,M1: == New hour: 10
0	11:01:04.042	EA31337 EURUSD,M1: == New hour: 11
0	12:03:36.424	EA31337 EURUSD,M1: == New hour: 12
0	13:00:32.898	EA31337 EURUSD,M1: == New hour: 13
2	13:10:57.869	EA31337 EURUSD,M1: modify #7474000 buy 0.02 EURUSD at 1.10337 sl: 1.09910 tp: 1.10712 ok
2	13:14:04.817	EA31337 EURUSD,M1: modify #7474000 buy 0.02 EURUSD at 1.10337 sl: 1.09910 tp: 1.10713 ok
2	13:32:36.029	EA31337 EURUSD,M1: modify #7474000 buy 0.02 EURUSD at 1.10337 sl: 1.09910 tp: 1.10742 ok
2	13:39:45.420	EA31337 EURUSD,M1: modify #7474000 buy 0.02 EURUSD at 1.10337 sl: 1.09910 tp: 1.10767 ok
2	13:57:31.557	EA31337 EURUSD,M1: modify #7474000 buy 0.02 EURUSD at 1.10337 sl: 1.09910 tp: 1.10966 ok
0	14:04:17.043	EA31337 EURUSD,M1: == New hour: 14
0	15:02:02.063	EA31337 EURUSD,M1: == New hour: 15
0	16:01:57.512	EA31337 EURUSD,M1: == New hour: 16
0	17:02:29.684	EA31337 EURUSD,M1: == New hour: 17
0	18:03:15.446	EA31337 EURUSD,M1: == New hour: 18
0	19:02:27.178	EA31337 EURUSD,M1: == New hour: 19
0	20:03:03.689	EA31337 EURUSD,M1: == New hour: 20
0	21:03:08.081	EA31337 EURUSD,M1: == New hour: 21
0	22:00:13.433	EA31337 EURUSD,M1: OpenOrderIsAllowed(): Maximum open and pending orders reached the limit (MaxOrders).
0	22:00:22.197	EA31337 EURUSD,M1: OpenOrderIsAllowed(): Maximum open and pending orders reached the limit (MaxOrders).
0	22:00:22.392	EA31337 EURUSD,M1: OpenOrderIsAllowed(): Maximum open and pending orders reached the limit (MaxOrders).
0	22:00:22.396	EA31337 EURUSD,M1: OpenOrderIsAllowed(): Maximum open and pending orders reached the limit (MaxOrders).
0	22:00:27.140	EA31337 EURUSD,M1: OpenOrderIsAllowed(): Maximum open and pending orders reached the limit (MaxOrders).
0	22:00:45.757	EA31337 EURUSD,M1: == New hour: 22
0	22:02:07.706	EA31337 EURUSD,M1: OpenOrderIsAllowed(): Maximum open and pending orders reached the limit (MaxOrders).
0	22:02:07.706	EA31337 EURUSD,M1: OpenOrderIsAllowed(): Maximum open and pending orders reached the limit (MaxOrders).
0	22:03:07.292	EA31337 EURUSD,M1: OpenOrderIsAllowed(): Maximum open and pending orders reached the limit (MaxOrders).
0	22:03:07.489	EA31337 EURUSD,M1: OpenOrderIsAllowed(): Maximum open and pending orders reached the limit (MaxOrders).
0	22:32:01.842	EA31337 EURUSD,M1: OpenOrderIsAllowed(): Maximum open and pending orders reached the limit (MaxOrders).
0	23:18:28.664	EA31337 EURUSD,M1: == New hour: 23
