0	21:00:16.612	EA31337 EURUSD,M1: == New hour: 21
0	21:00:16.752	EA31337 EURUSD,M1: == New day (day of month: 6; day of year: 249) ==
0	21:00:16.752	EA31337 EURUSD,M1: Daily max: Tick: 4.1; Spread: 45; Max orders: 69; Loss: 0; Profit: 0; Equity: 1539.4; Balance: 1514.28; 
0	21:00:16.752	EA31337 EURUSD,M1: == New week ==
0	21:00:16.752	EA31337 EURUSD,M1: Weekly max: Tick: 8.1; Spread: 115; Max orders: 81; Loss: 0; Profit: 0; Equity: 1838.14; Balance: 1618.51; 
0	21:00:16.752	EA31337 EURUSD,M1: Weekly SAR stats: Period: 0, Buy: 10543 / Sell: 11853; Period: 1, Buy: 11080 / Sell: 9871; Period: 2, Buy: 12588 / Sell: 9981; Period: 3, Buy: 12795 / Sell: 7649; Period: 4, Buy: 0 / Sell: 0; Period: 5, Buy: 0 / Sell: 0; Period: 6, Buy: 0 / Sell: 0; Period: 7, Buy: 0 / Sell: 0; Period: 8, Buy: 0 / Sell: 0; 
0	21:00:16.752	EA31337 EURUSD,M1: Weekly strategy stats: 
0	21:00:16.752	EA31337 EURUSD,M1: Daily SAR stats: Period: 0, Buy: 1794 / Sell: 2098; Period: 1, Buy: 1794 / Sell: 1856; Period: 2, Buy: 2199 / Sell: 1523; Period: 3, Buy: 2595 / Sell: 1024; Period: 4, Buy: 0 / Sell: 0; Period: 5, Buy: 0 / Sell: 0; Period: 6, Buy: 0 / Sell: 0; Period: 7, Buy: 0 / Sell: 0; Period: 8, Buy: 0 / Sell: 0; 
0	21:00:16.752	EA31337 EURUSD,M1: Daily strategy stats: 
0	21:01:03.252	EA31337 EURUSD,M1: OpenOrderIsAllowed(): Alligator M1: Maximum open and pending orders per type reached the limit (MaxOrdersPerType).
0	21:01:03.252	EA31337 EURUSD,M1: OpenOrderIsAllowed(): Alligator M5: Maximum open and pending orders per type reached the limit (MaxOrdersPerType).
0	21:01:03.252	EA31337 EURUSD,M1: OpenOrderIsAllowed(): Alligator M30: Maximum open and pending orders per type reached the limit (MaxOrdersPerType).
0	21:01:05.127	EA31337 EURUSD,M1: OpenOrderIsAllowed(): MA M1: Maximum open and pending orders per type reached the limit (MaxOrdersPerType).
0	21:01:05.127	EA31337 EURUSD,M1: OpenOrderIsAllowed(): MA M5: Maximum open and pending orders per type reached the limit (MaxOrdersPerType).
0	21:01:05.127	EA31337 EURUSD,M1: ExecuteOrder(): MarketInfo: Symbol: EURUSD; Ask: 1.11648; Bid: 1.11607; Spread: 41 points = 4.1 pips; 
2	21:01:05.596	EA31337 EURUSD,M1: open #6967104 buy 0.01 EURUSD at 1.11648 sl: 1.11207 tp: 1.12357 ok
0	21:01:05.596	EA31337 EURUSD,M1: #6967104 2015.09.06 21:01:03 buy 0.01 EURUSD 1.11648 1.11207 1.12357 1.11607 0.00 0.00 -0.27 | spread: 4.1 31407
0	21:01:05.596	EA31337 EURUSD,M1: ExecuteOrder(): Order Details: Ticket: 6967104; Time: 2015.09.06 21:01:01; Comment: | spread: 4.1; Commision: 0; Symbol: EURUSD; Type: Buy; Expiration: 0; Open Price: 1.11648; Close Price: 1.11607; Take Profit: -0.27; Stop Loss: 1.1121; Swap: 0; Lot size: 0.01; Account Details: Time: 2015.09.06 21:01:01; Account Balance: ý1285.90; Account Equity: ý1343.78; Used Margin: ý378.00; Free Margin: ý965.78; No of Orders: 64 (BUY/SELL: 42/22); Risk Ratio: 0.8
0	21:01:05.690	EA31337 EURUSD,M1: OpenOrderIsAllowed(): MACD M1: Maximum open and pending orders per type reached the limit (MaxOrdersPerType).
0	21:01:05.690	EA31337 EURUSD,M1: OpenOrderIsAllowed(): MACD M5: Maximum open and pending orders per type reached the limit (MaxOrdersPerType).
0	21:01:05.690	EA31337 EURUSD,M1: OpenOrderIsAllowed(): MACD M15: Maximum open and pending orders per type reached the limit (MaxOrdersPerType).
0	21:01:06.096	EA31337 EURUSD,M1: OpenOrderIsAllowed(): RSI M1: Maximum open and pending orders per type reached the limit (MaxOrdersPerType).
0	21:01:06.252	EA31337 EURUSD,M1: OpenOrderIsAllowed(): SAR M1: Maximum open and pending orders per type reached the limit (MaxOrdersPerType).
0	21:01:06.268	EA31337 EURUSD,M1: OpenOrderIsAllowed(): SAR M5: Maximum open and pending orders per type reached the limit (MaxOrdersPerType).
0	21:01:06.268	EA31337 EURUSD,M1: OpenOrderIsAllowed(): SAR M15: Maximum open and pending orders per type reached the limit (MaxOrdersPerType).
0	21:01:06.268	EA31337 EURUSD,M1: OpenOrderIsAllowed(): SAR M30: Maximum open and pending orders per type reached the limit (MaxOrdersPerType).
2	21:01:06.612	EA31337 EURUSD,M1: modify #6966285 buy 0.01 EURUSD at 1.11452 sl: 1.11023 tp: 1.11805 ok
2	21:01:06.940	EA31337 EURUSD,M1: modify #6966582 buy 0.01 EURUSD at 1.11448 sl: 1.11020 tp: 1.11731 ok
2	21:01:07.252	EA31337 EURUSD,M1: modify #6966626 buy 0.01 EURUSD at 1.11555 sl: 1.11126 tp: 1.11731 ok
0	21:02:37.612	EA31337 EURUSD,M1: OpenOrderIsAllowed(): Alligator M1: Maximum open and pending orders per type reached the limit (MaxOrdersPerType).
0	21:02:37.612	EA31337 EURUSD,M1: OpenOrderIsAllowed(): Alligator M5: Maximum open and pending orders per type reached the limit (MaxOrdersPerType).
0	21:02:37.612	EA31337 EURUSD,M1: OpenOrderIsAllowed(): Alligator M30: Maximum open and pending orders per type reached the limit (MaxOrdersPerType).
0	21:02:37.612	EA31337 EURUSD,M1: OpenOrderIsAllowed(): MA M1: Maximum open and pending orders per type reached the limit (MaxOrdersPerType).
0	21:02:37.612	EA31337 EURUSD,M1: OpenOrderIsAllowed(): MA M5: Maximum open and pending orders per type reached the limit (MaxOrdersPerType).
0	21:02:37.612	EA31337 EURUSD,M1: OpenOrderIsAllowed(): MACD M1: Maximum open and pending orders per type reached the limit (MaxOrdersPerType).
0	21:02:37.612	EA31337 EURUSD,M1: OpenOrderIsAllowed(): MACD M5: Maximum open and pending orders per type reached the limit (MaxOrdersPerType).
0	21:02:37.612	EA31337 EURUSD,M1: OpenOrderIsAllowed(): MACD M15: Maximum open and pending orders per type reached the limit (MaxOrdersPerType).
0	21:02:37.612	EA31337 EURUSD,M1: OpenOrderIsAllowed(): SAR M1: Maximum open and pending orders per type reached the limit (MaxOrdersPerType).
0	21:02:37.612	EA31337 EURUSD,M1: OpenOrderIsAllowed(): SAR M5: Maximum open and pending orders per type reached the limit (MaxOrdersPerType).
0	21:02:37.612	EA31337 EURUSD,M1: OpenOrderIsAllowed(): SAR M15: Maximum open and pending orders per type reached the limit (MaxOrdersPerType).
0	21:02:37.612	EA31337 EURUSD,M1: OpenOrderIsAllowed(): SAR M30: Maximum open and pending orders per type reached the limit (MaxOrdersPerType).
2	21:02:37.846	EA31337 EURUSD,M1: modify #6967104 buy 0.01 EURUSD at 1.11648 sl: 1.11207 tp: 1.12366 ok
0	21:03:10.362	EA31337 EURUSD,M1: OpenOrderIsAllowed(): Alligator M5: Maximum open and pending orders per type reached the limit (MaxOrdersPerType).
0	21:03:10.362	EA31337 EURUSD,M1: OpenOrderIsAllowed(): Alligator M30: Maximum open and pending orders per type reached the limit (MaxOrdersPerType).
0	21:03:10.362	EA31337 EURUSD,M1: OpenOrderIsAllowed(): MA M1: Maximum open and pending orders per type reached the limit (MaxOrdersPerType).
0	21:03:10.362	EA31337 EURUSD,M1: OpenOrderIsAllowed(): MA M5: Maximum open and pending orders per type reached the limit (MaxOrdersPerType).
0	21:03:10.362	EA31337 EURUSD,M1: OpenOrderIsAllowed(): MACD M1: Maximum open and pending orders per type reached the limit (MaxOrdersPerType).
0	21:03:10.362	EA31337 EURUSD,M1: OpenOrderIsAllowed(): MACD M5: Maximum open and pending orders per type reached the limit (MaxOrdersPerType).
0	21:03:10.362	EA31337 EURUSD,M1: OpenOrderIsAllowed(): MACD M15: Maximum open and pending orders per type reached the limit (MaxOrdersPerType).
0	21:03:10.362	EA31337 EURUSD,M1: OpenOrderIsAllowed(): SAR M1: Maximum open and pending orders per type reached the limit (MaxOrdersPerType).
0	21:03:10.362	EA31337 EURUSD,M1: OpenOrderIsAllowed(): SAR M5: Maximum open and pending orders per type reached the limit (MaxOrdersPerType).
0	21:03:10.362	EA31337 EURUSD,M1: OpenOrderIsAllowed(): SAR M15: Maximum open and pending orders per type reached the limit (MaxOrdersPerType).
0	21:03:10.362	EA31337 EURUSD,M1: OpenOrderIsAllowed(): SAR M30: Maximum open and pending orders per type reached the limit (MaxOrdersPerType).
2	21:03:10.533	EA31337 EURUSD,M1: modify #6966285 buy 0.01 EURUSD at 1.11452 sl: 1.11023 tp: 1.11811 ok
2	21:03:10.768	EA31337 EURUSD,M1: modify #6966582 buy 0.01 EURUSD at 1.11448 sl: 1.11020 tp: 1.11733 ok
2	21:03:11.065	EA31337 EURUSD,M1: modify #6966626 buy 0.01 EURUSD at 1.11555 sl: 1.11126 tp: 1.11738 ok
2	21:03:11.268	EA31337 EURUSD,M1: modify #6967104 buy 0.01 EURUSD at 1.11648 sl: 1.11207 tp: 1.12367 ok
0	21:04:12.252	EA31337 EURUSD,M1: OpenOrderIsAllowed(): Alligator M5: Maximum open and pending orders per type reached the limit (MaxOrdersPerType).
0	21:04:12.252	EA31337 EURUSD,M1: OpenOrderIsAllowed(): Alligator M30: Maximum open and pending orders per type reached the limit (MaxOrdersPerType).
0	21:04:12.252	EA31337 EURUSD,M1: OpenOrderIsAllowed(): MA M1: Maximum open and pending orders per type reached the limit (MaxOrdersPerType).
0	21:04:12.252	EA31337 EURUSD,M1: OpenOrderIsAllowed(): MA M5: Maximum open and pending orders per type reached the limit (MaxOrdersPerType).
0	21:04:12.252	EA31337 EURUSD,M1: OpenOrderIsAllowed(): MACD M1: Maximum open and pending orders per type reached the limit (MaxOrdersPerType).
0	21:04:12.252	EA31337 EURUSD,M1: OpenOrderIsAllowed(): MACD M5: Maximum open and pending orders per type reached the limit (MaxOrdersPerType).
0	21:04:12.252	EA31337 EURUSD,M1: OpenOrderIsAllowed(): MACD M15: Maximum open and pending orders per type reached the limit (MaxOrdersPerType).
0	21:04:12.252	EA31337 EURUSD,M1: OpenOrderIsAllowed(): SAR M1: Maximum open and pending orders per type reached the limit (MaxOrdersPerType).
0	21:04:12.252	EA31337 EURUSD,M1: OpenOrderIsAllowed(): SAR M5: Maximum open and pending orders per type reached the limit (MaxOrdersPerType).
0	21:04:12.252	EA31337 EURUSD,M1: OpenOrderIsAllowed(): SAR M15: Maximum open and pending orders per type reached the limit (MaxOrdersPerType).
0	21:04:12.252	EA31337 EURUSD,M1: OpenOrderIsAllowed(): SAR M30: Maximum open and pending orders per type reached the limit (MaxOrdersPerType).
0	21:06:30.924	EA31337 EURUSD,M1: OpenOrderIsAllowed(): Alligator M5: Maximum open and pending orders per type reached the limit (MaxOrdersPerType).
0	21:06:30.924	EA31337 EURUSD,M1: OpenOrderIsAllowed(): Alligator M30: Maximum open and pending orders per type reached the limit (MaxOrdersPerType).
0	21:06:31.034	EA31337 EURUSD,M1: OpenOrderIsAllowed(): MA M5: Maximum open and pending orders per type reached the limit (MaxOrdersPerType).
0	21:06:31.034	EA31337 EURUSD,M1: OpenOrderIsAllowed(): MACD M1: Maximum open and pending orders per type reached the limit (MaxOrdersPerType).
0	21:06:31.034	EA31337 EURUSD,M1: OpenOrderIsAllowed(): MACD M5: Maximum open and pending orders per type reached the limit (MaxOrdersPerType).
0	21:06:31.034	EA31337 EURUSD,M1: OpenOrderIsAllowed(): MACD M15: Maximum open and pending orders per type reached the limit (MaxOrdersPerType).
0	21:06:31.127	EA31337 EURUSD,M1: OpenOrderIsAllowed(): SAR M1: Maximum open and pending orders per type reached the limit (MaxOrdersPerType).
0	21:06:31.127	EA31337 EURUSD,M1: OpenOrderIsAllowed(): SAR M15: Maximum open and pending orders per type reached the limit (MaxOrdersPerType).
0	21:06:31.127	EA31337 EURUSD,M1: OpenOrderIsAllowed(): SAR M30: Maximum open and pending orders per type reached the limit (MaxOrdersPerType).
2	21:06:31.409	EA31337 EURUSD,M1: modify #6966285 buy 0.01 EURUSD at 1.11452 sl: 1.11023 tp: 1.11814 ok
2	21:06:31.674	EA31337 EURUSD,M1: modify #6966582 buy 0.01 EURUSD at 1.11448 sl: 1.11020 tp: 1.11739 ok
2	21:06:31.955	EA31337 EURUSD,M1: modify #6966626 buy 0.01 EURUSD at 1.11555 sl: 1.11126 tp: 1.11739 ok
2	21:06:32.237	EA31337 EURUSD,M1: modify #6967104 buy 0.01 EURUSD at 1.11648 sl: 1.11207 tp: 1.12377 ok
0	21:07:38.440	EA31337 EURUSD,M1: OpenOrderIsAllowed(): Alligator M5: Maximum open and pending orders per type reached the limit (MaxOrdersPerType).
0	21:07:38.440	EA31337 EURUSD,M1: OpenOrderIsAllowed(): Alligator M30: Maximum open and pending orders per type reached the limit (MaxOrdersPerType).
0	21:07:38.440	EA31337 EURUSD,M1: OpenOrderIsAllowed(): MA M5: Maximum open and pending orders per type reached the limit (MaxOrdersPerType).
0	21:07:38.440	EA31337 EURUSD,M1: OpenOrderIsAllowed(): MACD M1: Maximum open and pending orders per type reached the limit (MaxOrdersPerType).
0	21:07:38.440	EA31337 EURUSD,M1: OpenOrderIsAllowed(): MACD M5: Maximum open and pending orders per type reached the limit (MaxOrdersPerType).
0	21:07:38.440	EA31337 EURUSD,M1: OpenOrderIsAllowed(): MACD M15: Maximum open and pending orders per type reached the limit (MaxOrdersPerType).
0	21:07:38.440	EA31337 EURUSD,M1: OpenOrderIsAllowed(): SAR M1: Maximum open and pending orders per type reached the limit (MaxOrdersPerType).
0	21:07:38.440	EA31337 EURUSD,M1: OpenOrderIsAllowed(): SAR M15: Maximum open and pending orders per type reached the limit (MaxOrdersPerType).
0	21:07:38.440	EA31337 EURUSD,M1: OpenOrderIsAllowed(): SAR M30: Maximum open and pending orders per type reached the limit (MaxOrdersPerType).
2	21:07:38.768	EA31337 EURUSD,M1: modify #6966285 buy 0.01 EURUSD at 1.11452 sl: 1.11023 tp: 1.11828 ok
2	21:07:39.002	EA31337 EURUSD,M1: modify #6966582 buy 0.01 EURUSD at 1.11448 sl: 1.11020 tp: 1.11759 ok
2	21:07:39.237	EA31337 EURUSD,M1: modify #6966626 buy 0.01 EURUSD at 1.11555 sl: 1.11126 tp: 1.11756 ok
0	21:09:29.862	EA31337 EURUSD,M1: OpenOrderIsAllowed(): Alligator M1: Maximum open and pending orders per type reached the limit (MaxOrdersPerType).
0	21:09:29.862	EA31337 EURUSD,M1: OpenOrderIsAllowed(): Alligator M5: Maximum open and pending orders per type reached the limit (MaxOrdersPerType).
0	21:09:29.862	EA31337 EURUSD,M1: OpenOrderIsAllowed(): Alligator M30: Maximum open and pending orders per type reached the limit (MaxOrdersPerType).
0	21:09:29.956	EA31337 EURUSD,M1: OpenOrderIsAllowed(): MA M5: Maximum open and pending orders per type reached the limit (MaxOrdersPerType).
0	21:09:29.956	EA31337 EURUSD,M1: OpenOrderIsAllowed(): MACD M1: Maximum open and pending orders per type reached the limit (MaxOrdersPerType).
0	21:09:29.956	EA31337 EURUSD,M1: OpenOrderIsAllowed(): MACD M5: Maximum open and pending orders per type reached the limit (MaxOrdersPerType).
0	21:09:29.956	EA31337 EURUSD,M1: OpenOrderIsAllowed(): MACD M15: Maximum open and pending orders per type reached the limit (MaxOrdersPerType).
0	21:09:30.034	EA31337 EURUSD,M1: OpenOrderIsAllowed(): SAR M1: Maximum open and pending orders per type reached the limit (MaxOrdersPerType).
0	21:09:30.034	EA31337 EURUSD,M1: OpenOrderIsAllowed(): SAR M15: Maximum open and pending orders per type reached the limit (MaxOrdersPerType).
0	21:09:30.034	EA31337 EURUSD,M1: OpenOrderIsAllowed(): SAR M30: Maximum open and pending orders per type reached the limit (MaxOrdersPerType).
0	21:12:41.034	EA31337 EURUSD,M1: OpenOrderIsAllowed(): Alligator M1: Maximum open and pending orders per type reached the limit (MaxOrdersPerType).
0	21:12:41.034	EA31337 EURUSD,M1: OpenOrderIsAllowed(): Alligator M5: Maximum open and pending orders per type reached the limit (MaxOrdersPerType).
0	21:12:41.034	EA31337 EURUSD,M1: OpenOrderIsAllowed(): Alligator M30: Maximum open and pending orders per type reached the limit (MaxOrdersPerType).
0	21:12:41.143	EA31337 EURUSD,M1: OpenOrderIsAllowed(): MA M5: Maximum open and pending orders per type reached the limit (MaxOrdersPerType).
0	21:12:41.159	EA31337 EURUSD,M1: OpenOrderIsAllowed(): MACD M1: Maximum open and pending orders per type reached the limit (MaxOrdersPerType).
0	21:12:41.159	EA31337 EURUSD,M1: OpenOrderIsAllowed(): MACD M5: Maximum open and pending orders per type reached the limit (MaxOrdersPerType).
0	21:12:41.159	EA31337 EURUSD,M1: OpenOrderIsAllowed(): MACD M15: Maximum open and pending orders per type reached the limit (MaxOrdersPerType).
0	21:12:41.268	EA31337 EURUSD,M1: OpenOrderIsAllowed(): SAR M1: Maximum open and pending orders per type reached the limit (MaxOrdersPerType).
0	21:12:41.268	EA31337 EURUSD,M1: OpenOrderIsAllowed(): SAR M5: Maximum open and pending orders per type reached the limit (MaxOrdersPerType).
0	21:12:41.268	EA31337 EURUSD,M1: OpenOrderIsAllowed(): SAR M15: Maximum open and pending orders per type reached the limit (MaxOrdersPerType).
0	21:12:41.268	EA31337 EURUSD,M1: OpenOrderIsAllowed(): SAR M30: Maximum open and pending orders per type reached the limit (MaxOrdersPerType).
0	21:18:45.315	EA31337 EURUSD,M1: OpenOrderIsAllowed(): Alligator M1: Maximum open and pending orders per type reached the limit (MaxOrdersPerType).
0	21:18:45.315	EA31337 EURUSD,M1: OpenOrderIsAllowed(): Alligator M30: Maximum open and pending orders per type reached the limit (MaxOrdersPerType).
0	21:18:45.550	EA31337 EURUSD,M1: OpenOrderIsAllowed(): MA M5: Maximum open and pending orders per type reached the limit (MaxOrdersPerType).
0	21:18:45.550	EA31337 EURUSD,M1: OpenOrderIsAllowed(): MACD M1: Maximum open and pending orders per type reached the limit (MaxOrdersPerType).
0	21:18:45.550	EA31337 EURUSD,M1: OpenOrderIsAllowed(): MACD M5: Maximum open and pending orders per type reached the limit (MaxOrdersPerType).
0	21:18:45.550	EA31337 EURUSD,M1: OpenOrderIsAllowed(): MACD M15: Maximum open and pending orders per type reached the limit (MaxOrdersPerType).
0	21:18:45.643	EA31337 EURUSD,M1: OpenOrderIsAllowed(): SAR M1: Maximum open and pending orders per type reached the limit (MaxOrdersPerType).
0	21:18:45.643	EA31337 EURUSD,M1: OpenOrderIsAllowed(): SAR M5: Maximum open and pending orders per type reached the limit (MaxOrdersPerType).
0	21:18:45.643	EA31337 EURUSD,M1: OpenOrderIsAllowed(): SAR M15: Maximum open and pending orders per type reached the limit (MaxOrdersPerType).
0	21:18:45.643	EA31337 EURUSD,M1: OpenOrderIsAllowed(): SAR M30: Maximum open and pending orders per type reached the limit (MaxOrdersPerType).
0	21:19:02.253	EA31337 EURUSD,M1: OpenOrderIsAllowed(): Alligator M1: Maximum open and pending orders per type reached the limit (MaxOrdersPerType).
0	21:19:02.253	EA31337 EURUSD,M1: OpenOrderIsAllowed(): Alligator M30: Maximum open and pending orders per type reached the limit (MaxOrdersPerType).
0	21:19:02.253	EA31337 EURUSD,M1: OpenOrderIsAllowed(): MA M5: Maximum open and pending orders per type reached the limit (MaxOrdersPerType).
0	21:19:02.253	EA31337 EURUSD,M1: OpenOrderIsAllowed(): MACD M1: Maximum open and pending orders per type reached the limit (MaxOrdersPerType).
0	21:19:02.253	EA31337 EURUSD,M1: OpenOrderIsAllowed(): MACD M5: Maximum open and pending orders per type reached the limit (MaxOrdersPerType).
0	21:19:02.253	EA31337 EURUSD,M1: OpenOrderIsAllowed(): MACD M15: Maximum open and pending orders per type reached the limit (MaxOrdersPerType).
0	21:19:02.268	EA31337 EURUSD,M1: OpenOrderIsAllowed(): SAR M1: Maximum open and pending orders per type reached the limit (MaxOrdersPerType).
0	21:19:02.268	EA31337 EURUSD,M1: OpenOrderIsAllowed(): SAR M5: Maximum open and pending orders per type reached the limit (MaxOrdersPerType).
0	21:19:02.268	EA31337 EURUSD,M1: OpenOrderIsAllowed(): SAR M15: Maximum open and pending orders per type reached the limit (MaxOrdersPerType).
0	21:19:02.268	EA31337 EURUSD,M1: OpenOrderIsAllowed(): SAR M30: Maximum open and pending orders per type reached the limit (MaxOrdersPerType).
0	21:20:47.378	EA31337 EURUSD,M1: OpenOrderIsAllowed(): Alligator M1: Maximum open and pending orders per type reached the limit (MaxOrdersPerType).
0	21:20:47.378	EA31337 EURUSD,M1: OpenOrderIsAllowed(): Alligator M30: Maximum open and pending orders per type reached the limit (MaxOrdersPerType).
0	21:20:47.378	EA31337 EURUSD,M1: OpenOrderIsAllowed(): MACD M1: Maximum open and pending orders per type reached the limit (MaxOrdersPerType).
0	21:20:47.378	EA31337 EURUSD,M1: OpenOrderIsAllowed(): MACD M5: Maximum open and pending orders per type reached the limit (MaxOrdersPerType).
0	21:20:47.378	EA31337 EURUSD,M1: OpenOrderIsAllowed(): MACD M15: Maximum open and pending orders per type reached the limit (MaxOrdersPerType).
0	21:20:47.378	EA31337 EURUSD,M1: OpenOrderIsAllowed(): SAR M1: Maximum open and pending orders per type reached the limit (MaxOrdersPerType).
0	21:20:47.378	EA31337 EURUSD,M1: OpenOrderIsAllowed(): SAR M5: Maximum open and pending orders per type reached the limit (MaxOrdersPerType).
0	21:20:47.378	EA31337 EURUSD,M1: OpenOrderIsAllowed(): SAR M15: Maximum open and pending orders per type reached the limit (MaxOrdersPerType).
0	21:20:47.378	EA31337 EURUSD,M1: OpenOrderIsAllowed(): SAR M30: Maximum open and pending orders per type reached the limit (MaxOrdersPerType).
0	21:21:16.893	EA31337 EURUSD,M1: OpenOrderIsAllowed(): Alligator M1: Maximum open and pending orders per type reached the limit (MaxOrdersPerType).
0	21:21:16.893	EA31337 EURUSD,M1: OpenOrderIsAllowed(): Alligator M30: Maximum open and pending orders per type reached the limit (MaxOrdersPerType).
0	21:21:16.893	EA31337 EURUSD,M1: OpenOrderIsAllowed(): MACD M1: Maximum open and pending orders per type reached the limit (MaxOrdersPerType).
0	21:21:16.893	EA31337 EURUSD,M1: OpenOrderIsAllowed(): MACD M5: Maximum open and pending orders per type reached the limit (MaxOrdersPerType).
0	21:21:16.893	EA31337 EURUSD,M1: OpenOrderIsAllowed(): MACD M15: Maximum open and pending orders per type reached the limit (MaxOrdersPerType).
0	21:21:16.893	EA31337 EURUSD,M1: OpenOrderIsAllowed(): SAR M1: Maximum open and pending orders per type reached the limit (MaxOrdersPerType).
0	21:21:16.893	EA31337 EURUSD,M1: OpenOrderIsAllowed(): SAR M5: Maximum open and pending orders per type reached the limit (MaxOrdersPerType).
0	21:21:16.893	EA31337 EURUSD,M1: OpenOrderIsAllowed(): SAR M15: Maximum open and pending orders per type reached the limit (MaxOrdersPerType).
0	21:21:16.893	EA31337 EURUSD,M1: OpenOrderIsAllowed(): SAR M30: Maximum open and pending orders per type reached the limit (MaxOrdersPerType).
0	21:22:57.909	EA31337 EURUSD,M1: OpenOrderIsAllowed(): Alligator M1: Maximum open and pending orders per type reached the limit (MaxOrdersPerType).
0	21:22:57.909	EA31337 EURUSD,M1: OpenOrderIsAllowed(): Alligator M30: Maximum open and pending orders per type reached the limit (MaxOrdersPerType).
0	21:22:57.909	EA31337 EURUSD,M1: OpenOrderIsAllowed(): MACD M1: Maximum open and pending orders per type reached the limit (MaxOrdersPerType).
0	21:22:57.909	EA31337 EURUSD,M1: OpenOrderIsAllowed(): MACD M5: Maximum open and pending orders per type reached the limit (MaxOrdersPerType).
0	21:22:57.909	EA31337 EURUSD,M1: OpenOrderIsAllowed(): MACD M15: Maximum open and pending orders per type reached the limit (MaxOrdersPerType).
0	21:22:57.909	EA31337 EURUSD,M1: OpenOrderIsAllowed(): SAR M1: Maximum open and pending orders per type reached the limit (MaxOrdersPerType).
0	21:22:57.909	EA31337 EURUSD,M1: OpenOrderIsAllowed(): SAR M5: Maximum open and pending orders per type reached the limit (MaxOrdersPerType).
0	21:22:57.909	EA31337 EURUSD,M1: OpenOrderIsAllowed(): SAR M15: Maximum open and pending orders per type reached the limit (MaxOrdersPerType).
0	21:22:57.909	EA31337 EURUSD,M1: OpenOrderIsAllowed(): SAR M30: Maximum open and pending orders per type reached the limit (MaxOrdersPerType).
0	21:23:18.253	EA31337 EURUSD,M1: OpenOrderIsAllowed(): Alligator M1: Maximum open and pending orders per type reached the limit (MaxOrdersPerType).
0	21:23:18.253	EA31337 EURUSD,M1: OpenOrderIsAllowed(): Alligator M30: Maximum open and pending orders per type reached the limit (MaxOrdersPerType).
0	21:23:18.253	EA31337 EURUSD,M1: OpenOrderIsAllowed(): MACD M1: Maximum open and pending orders per type reached the limit (MaxOrdersPerType).
0	21:23:18.253	EA31337 EURUSD,M1: OpenOrderIsAllowed(): MACD M5: Maximum open and pending orders per type reached the limit (MaxOrdersPerType).
0	21:23:18.253	EA31337 EURUSD,M1: OpenOrderIsAllowed(): MACD M15: Maximum open and pending orders per type reached the limit (MaxOrdersPerType).
0	21:23:18.253	EA31337 EURUSD,M1: OpenOrderIsAllowed(): SAR M1: Maximum open and pending orders per type reached the limit (MaxOrdersPerType).
0	21:23:18.253	EA31337 EURUSD,M1: OpenOrderIsAllowed(): SAR M5: Maximum open and pending orders per type reached the limit (MaxOrdersPerType).
0	21:23:18.253	EA31337 EURUSD,M1: OpenOrderIsAllowed(): SAR M15: Maximum open and pending orders per type reached the limit (MaxOrdersPerType).
0	21:23:18.253	EA31337 EURUSD,M1: OpenOrderIsAllowed(): SAR M30: Maximum open and pending orders per type reached the limit (MaxOrdersPerType).
0	21:30:01.612	EA31337 EURUSD,M1: OpenOrderIsAllowed(): Alligator M30: Maximum open and pending orders per type reached the limit (MaxOrdersPerType).
0	21:30:01.722	EA31337 EURUSD,M1: OpenOrderIsAllowed(): MACD M1: Maximum open and pending orders per type reached the limit (MaxOrdersPerType).
0	21:30:01.722	EA31337 EURUSD,M1: OpenOrderIsAllowed(): MACD M5: Maximum open and pending orders per type reached the limit (MaxOrdersPerType).
0	21:30:01.722	EA31337 EURUSD,M1: OpenOrderIsAllowed(): MACD M15: Maximum open and pending orders per type reached the limit (MaxOrdersPerType).
0	21:30:01.800	EA31337 EURUSD,M1: OpenOrderIsAllowed(): SAR M1: Maximum open and pending orders per type reached the limit (MaxOrdersPerType).
0	21:30:01.800	EA31337 EURUSD,M1: OpenOrderIsAllowed(): SAR M5: Maximum open and pending orders per type reached the limit (MaxOrdersPerType).
0	21:30:01.800	EA31337 EURUSD,M1: OpenOrderIsAllowed(): SAR M15: Maximum open and pending orders per type reached the limit (MaxOrdersPerType).
0	21:30:01.800	EA31337 EURUSD,M1: OpenOrderIsAllowed(): SAR M30: Maximum open and pending orders per type reached the limit (MaxOrdersPerType).
0	21:31:07.487	EA31337 EURUSD,M1: OpenOrderIsAllowed(): Alligator M1: Maximum open and pending orders per type reached the limit (MaxOrdersPerType).
0	21:31:07.487	EA31337 EURUSD,M1: OpenOrderIsAllowed(): Alligator M5: Maximum open and pending orders per type reached the limit (MaxOrdersPerType).
0	21:31:07.722	EA31337 EURUSD,M1: OpenOrderIsAllowed(): Envelopes M15: Maximum open and pending orders per type reached the limit (MaxOrdersPerType).
0	21:31:07.737	EA31337 EURUSD,M1: OpenOrderIsAllowed(): Fractals M15: Maximum open and pending orders per type reached the limit (MaxOrdersPerType).
0	21:31:07.831	EA31337 EURUSD,M1: OpenOrderIsAllowed(): MACD M1: Maximum open and pending orders per type reached the limit (MaxOrdersPerType).
0	21:31:07.831	EA31337 EURUSD,M1: OpenOrderIsAllowed(): MACD M5: Maximum open and pending orders per type reached the limit (MaxOrdersPerType).
0	21:31:07.831	EA31337 EURUSD,M1: OpenOrderIsAllowed(): MACD M15: Maximum open and pending orders per type reached the limit (MaxOrdersPerType).
0	21:31:07.987	EA31337 EURUSD,M1: OpenOrderIsAllowed(): SAR M15: Maximum open and pending orders per type reached the limit (MaxOrdersPerType).
0	21:31:07.987	EA31337 EURUSD,M1: OpenOrderIsAllowed(): SAR M30: Maximum open and pending orders per type reached the limit (MaxOrdersPerType).
0	21:31:08.003	EA31337 EURUSD,M1: OpenOrderIsAllowed(): WPR M1: Maximum open and pending orders per type reached the limit (MaxOrdersPerType).
0	21:31:08.003	EA31337 EURUSD,M1: OpenOrderIsAllowed(): WPR M5: Maximum open and pending orders per type reached the limit (MaxOrdersPerType).
0	21:33:30.347	EA31337 EURUSD,M1: OpenOrderIsAllowed(): Alligator M1: Maximum open and pending orders per type reached the limit (MaxOrdersPerType).
0	21:33:30.347	EA31337 EURUSD,M1: OpenOrderIsAllowed(): Alligator M5: Maximum open and pending orders per type reached the limit (MaxOrdersPerType).
0	21:33:30.409	EA31337 EURUSD,M1: OpenOrderIsAllowed(): Envelopes M15: Maximum open and pending orders per type reached the limit (MaxOrdersPerType).
0	21:33:30.425	EA31337 EURUSD,M1: OpenOrderIsAllowed(): Fractals M1: Maximum open and pending orders per type reached the limit (MaxOrdersPerType).
0	21:33:30.425	EA31337 EURUSD,M1: OpenOrderIsAllowed(): Fractals M15: Maximum open and pending orders per type reached the limit (MaxOrdersPerType).
0	21:33:30.534	EA31337 EURUSD,M1: OpenOrderIsAllowed(): MACD M1: Maximum open and pending orders per type reached the limit (MaxOrdersPerType).
0	21:33:30.534	EA31337 EURUSD,M1: OpenOrderIsAllowed(): MACD M5: Maximum open and pending orders per type reached the limit (MaxOrdersPerType).
0	21:33:30.534	EA31337 EURUSD,M1: OpenOrderIsAllowed(): MACD M15: Maximum open and pending orders per type reached the limit (MaxOrdersPerType).
0	21:33:30.659	EA31337 EURUSD,M1: OpenOrderIsAllowed(): SAR M15: Maximum open and pending orders per type reached the limit (MaxOrdersPerType).
0	21:33:30.659	EA31337 EURUSD,M1: OpenOrderIsAllowed(): SAR M30: Maximum open and pending orders per type reached the limit (MaxOrdersPerType).
0	21:33:30.675	EA31337 EURUSD,M1: OpenOrderIsAllowed(): WPR M5: Maximum open and pending orders per type reached the limit (MaxOrdersPerType).
0	21:34:46.378	EA31337 EURUSD,M1: OpenOrderIsAllowed(): Alligator M1: Maximum open and pending orders per type reached the limit (MaxOrdersPerType).
0	21:34:46.378	EA31337 EURUSD,M1: OpenOrderIsAllowed(): Alligator M5: Maximum open and pending orders per type reached the limit (MaxOrdersPerType).
0	21:34:46.378	EA31337 EURUSD,M1: OpenOrderIsAllowed(): Envelopes M15: Maximum open and pending orders per type reached the limit (MaxOrdersPerType).
0	21:34:46.378	EA31337 EURUSD,M1: OpenOrderIsAllowed(): Fractals M15: Maximum open and pending orders per type reached the limit (MaxOrdersPerType).
0	21:34:46.378	EA31337 EURUSD,M1: OpenOrderIsAllowed(): MACD M1: Maximum open and pending orders per type reached the limit (MaxOrdersPerType).
0	21:34:46.378	EA31337 EURUSD,M1: OpenOrderIsAllowed(): MACD M5: Maximum open and pending orders per type reached the limit (MaxOrdersPerType).
0	21:34:46.378	EA31337 EURUSD,M1: OpenOrderIsAllowed(): MACD M15: Maximum open and pending orders per type reached the limit (MaxOrdersPerType).
0	21:34:46.378	EA31337 EURUSD,M1: OpenOrderIsAllowed(): SAR M15: Maximum open and pending orders per type reached the limit (MaxOrdersPerType).
0	21:34:46.378	EA31337 EURUSD,M1: OpenOrderIsAllowed(): SAR M30: Maximum open and pending orders per type reached the limit (MaxOrdersPerType).
0	21:35:58.347	EA31337 EURUSD,M1: OpenOrderIsAllowed(): Alligator M1: Maximum open and pending orders per type reached the limit (MaxOrdersPerType).
0	21:35:58.347	EA31337 EURUSD,M1: OpenOrderIsAllowed(): Alligator M5: Maximum open and pending orders per type reached the limit (MaxOrdersPerType).
0	21:35:58.347	EA31337 EURUSD,M1: OpenOrderIsAllowed(): MACD M1: Maximum open and pending orders per type reached the limit (MaxOrdersPerType).
0	21:35:58.347	EA31337 EURUSD,M1: OpenOrderIsAllowed(): MACD M5: Maximum open and pending orders per type reached the limit (MaxOrdersPerType).
0	21:35:58.347	EA31337 EURUSD,M1: OpenOrderIsAllowed(): MACD M15: Maximum open and pending orders per type reached the limit (MaxOrdersPerType).
0	21:35:58.347	EA31337 EURUSD,M1: OpenOrderIsAllowed(): SAR M1: Maximum open and pending orders per type reached the limit (MaxOrdersPerType).
0	21:35:58.347	EA31337 EURUSD,M1: OpenOrderIsAllowed(): SAR M5: Maximum open and pending orders per type reached the limit (MaxOrdersPerType).
0	21:35:58.347	EA31337 EURUSD,M1: OpenOrderIsAllowed(): SAR M15: Maximum open and pending orders per type reached the limit (MaxOrdersPerType).
0	21:35:58.347	EA31337 EURUSD,M1: OpenOrderIsAllowed(): SAR M30: Maximum open and pending orders per type reached the limit (MaxOrdersPerType).
0	21:39:57.113	EA31337 EURUSD,M1: OpenOrderIsAllowed(): Alligator M1: Maximum open and pending orders per type reached the limit (MaxOrdersPerType).
0	21:39:57.113	EA31337 EURUSD,M1: OpenOrderIsAllowed(): Alligator M5: Maximum open and pending orders per type reached the limit (MaxOrdersPerType).
0	21:39:57.191	EA31337 EURUSD,M1: OpenOrderIsAllowed(): MA M1: Maximum open and pending orders per type reached the limit (MaxOrdersPerType).
0	21:39:57.191	EA31337 EURUSD,M1: OpenOrderIsAllowed(): MACD M1: Maximum open and pending orders per type reached the limit (MaxOrdersPerType).
0	21:39:57.191	EA31337 EURUSD,M1: OpenOrderIsAllowed(): MACD M5: Maximum open and pending orders per type reached the limit (MaxOrdersPerType).
0	21:39:57.191	EA31337 EURUSD,M1: OpenOrderIsAllowed(): MACD M15: Maximum open and pending orders per type reached the limit (MaxOrdersPerType).
0	21:39:57.332	EA31337 EURUSD,M1: OpenOrderIsAllowed(): SAR M1: Maximum open and pending orders per type reached the limit (MaxOrdersPerType).
0	21:39:57.332	EA31337 EURUSD,M1: OpenOrderIsAllowed(): SAR M5: Maximum open and pending orders per type reached the limit (MaxOrdersPerType).
0	21:39:57.332	EA31337 EURUSD,M1: OpenOrderIsAllowed(): SAR M15: Maximum open and pending orders per type reached the limit (MaxOrdersPerType).
0	21:39:57.332	EA31337 EURUSD,M1: OpenOrderIsAllowed(): SAR M30: Maximum open and pending orders per type reached the limit (MaxOrdersPerType).
0	21:40:06.738	EA31337 EURUSD,M1: OpenOrderIsAllowed(): Alligator M5: Maximum open and pending orders per type reached the limit (MaxOrdersPerType).
0	21:40:06.753	EA31337 EURUSD,M1: OpenOrderIsAllowed(): MA M1: Maximum open and pending orders per type reached the limit (MaxOrdersPerType).
0	21:40:06.753	EA31337 EURUSD,M1: OpenOrderIsAllowed(): MACD M1: Maximum open and pending orders per type reached the limit (MaxOrdersPerType).
0	21:40:06.753	EA31337 EURUSD,M1: OpenOrderIsAllowed(): MACD M5: Maximum open and pending orders per type reached the limit (MaxOrdersPerType).
0	21:40:06.753	EA31337 EURUSD,M1: OpenOrderIsAllowed(): MACD M15: Maximum open and pending orders per type reached the limit (MaxOrdersPerType).
0	21:40:06.753	EA31337 EURUSD,M1: OpenOrderIsAllowed(): SAR M1: Maximum open and pending orders per type reached the limit (MaxOrdersPerType).
0	21:40:06.753	EA31337 EURUSD,M1: OpenOrderIsAllowed(): SAR M5: Maximum open and pending orders per type reached the limit (MaxOrdersPerType).
0	21:40:06.753	EA31337 EURUSD,M1: OpenOrderIsAllowed(): SAR M15: Maximum open and pending orders per type reached the limit (MaxOrdersPerType).
0	21:40:06.753	EA31337 EURUSD,M1: OpenOrderIsAllowed(): SAR M30: Maximum open and pending orders per type reached the limit (MaxOrdersPerType).
0	21:41:19.988	EA31337 EURUSD,M1: OpenOrderIsAllowed(): Alligator M5: Maximum open and pending orders per type reached the limit (MaxOrdersPerType).
0	21:41:19.988	EA31337 EURUSD,M1: OpenOrderIsAllowed(): MACD M1: Maximum open and pending orders per type reached the limit (MaxOrdersPerType).
0	21:41:19.988	EA31337 EURUSD,M1: OpenOrderIsAllowed(): MACD M5: Maximum open and pending orders per type reached the limit (MaxOrdersPerType).
0	21:41:19.988	EA31337 EURUSD,M1: OpenOrderIsAllowed(): MACD M15: Maximum open and pending orders per type reached the limit (MaxOrdersPerType).
0	21:41:19.988	EA31337 EURUSD,M1: OpenOrderIsAllowed(): SAR M1: Maximum open and pending orders per type reached the limit (MaxOrdersPerType).
0	21:41:19.988	EA31337 EURUSD,M1: OpenOrderIsAllowed(): SAR M5: Maximum open and pending orders per type reached the limit (MaxOrdersPerType).
0	21:41:19.988	EA31337 EURUSD,M1: OpenOrderIsAllowed(): SAR M15: Maximum open and pending orders per type reached the limit (MaxOrdersPerType).
0	21:41:19.988	EA31337 EURUSD,M1: OpenOrderIsAllowed(): SAR M30: Maximum open and pending orders per type reached the limit (MaxOrdersPerType).
0	21:43:08.175	EA31337 EURUSD,M1: OpenOrderIsAllowed(): Alligator M1: Maximum open and pending orders per type reached the limit (MaxOrdersPerType).
0	21:43:08.175	EA31337 EURUSD,M1: OpenOrderIsAllowed(): Alligator M5: Maximum open and pending orders per type reached the limit (MaxOrdersPerType).
0	21:43:08.363	EA31337 EURUSD,M1: OpenOrderIsAllowed(): MA M1: Maximum open and pending orders per type reached the limit (MaxOrdersPerType).
0	21:43:08.363	EA31337 EURUSD,M1: OpenOrderIsAllowed(): MACD M1: Maximum open and pending orders per type reached the limit (MaxOrdersPerType).
0	21:43:08.363	EA31337 EURUSD,M1: OpenOrderIsAllowed(): MACD M5: Maximum open and pending orders per type reached the limit (MaxOrdersPerType).
0	21:43:08.363	EA31337 EURUSD,M1: OpenOrderIsAllowed(): MACD M15: Maximum open and pending orders per type reached the limit (MaxOrdersPerType).
0	21:43:08.472	EA31337 EURUSD,M1: OpenOrderIsAllowed(): SAR M1: Maximum open and pending orders per type reached the limit (MaxOrdersPerType).
0	21:43:08.472	EA31337 EURUSD,M1: OpenOrderIsAllowed(): SAR M5: Maximum open and pending orders per type reached the limit (MaxOrdersPerType).
0	21:43:08.472	EA31337 EURUSD,M1: OpenOrderIsAllowed(): SAR M15: Maximum open and pending orders per type reached the limit (MaxOrdersPerType).
0	21:43:08.472	EA31337 EURUSD,M1: OpenOrderIsAllowed(): SAR M30: Maximum open and pending orders per type reached the limit (MaxOrdersPerType).
0	21:44:04.738	EA31337 EURUSD,M1: OpenOrderIsAllowed(): Alligator M1: Maximum open and pending orders per type reached the limit (MaxOrdersPerType).
0	21:44:04.738	EA31337 EURUSD,M1: OpenOrderIsAllowed(): Alligator M5: Maximum open and pending orders per type reached the limit (MaxOrdersPerType).
0	21:44:04.738	EA31337 EURUSD,M1: OpenOrderIsAllowed(): MACD M1: Maximum open and pending orders per type reached the limit (MaxOrdersPerType).
0	21:44:04.738	EA31337 EURUSD,M1: OpenOrderIsAllowed(): MACD M5: Maximum open and pending orders per type reached the limit (MaxOrdersPerType).
0	21:44:04.738	EA31337 EURUSD,M1: OpenOrderIsAllowed(): MACD M15: Maximum open and pending orders per type reached the limit (MaxOrdersPerType).
0	21:44:04.738	EA31337 EURUSD,M1: OpenOrderIsAllowed(): SAR M5: Maximum open and pending orders per type reached the limit (MaxOrdersPerType).
0	21:44:04.738	EA31337 EURUSD,M1: OpenOrderIsAllowed(): SAR M15: Maximum open and pending orders per type reached the limit (MaxOrdersPerType).
0	21:44:04.738	EA31337 EURUSD,M1: OpenOrderIsAllowed(): SAR M30: Maximum open and pending orders per type reached the limit (MaxOrdersPerType).
0	21:45:22.019	EA31337 EURUSD,M1: OpenOrderIsAllowed(): Alligator M1: Maximum open and pending orders per type reached the limit (MaxOrdersPerType).
0	21:45:22.019	EA31337 EURUSD,M1: OpenOrderIsAllowed(): Alligator M5: Maximum open and pending orders per type reached the limit (MaxOrdersPerType).
0	21:45:22.019	EA31337 EURUSD,M1: OpenOrderIsAllowed(): MACD M1: Maximum open and pending orders per type reached the limit (MaxOrdersPerType).
0	21:45:22.019	EA31337 EURUSD,M1: OpenOrderIsAllowed(): MACD M5: Maximum open and pending orders per type reached the limit (MaxOrdersPerType).
0	21:45:22.019	EA31337 EURUSD,M1: OpenOrderIsAllowed(): MACD M15: Maximum open and pending orders per type reached the limit (MaxOrdersPerType).
0	21:45:22.019	EA31337 EURUSD,M1: OpenOrderIsAllowed(): SAR M5: Maximum open and pending orders per type reached the limit (MaxOrdersPerType).
0	21:45:22.019	EA31337 EURUSD,M1: OpenOrderIsAllowed(): SAR M15: Maximum open and pending orders per type reached the limit (MaxOrdersPerType).
0	21:45:22.019	EA31337 EURUSD,M1: OpenOrderIsAllowed(): SAR M30: Maximum open and pending orders per type reached the limit (MaxOrdersPerType).
0	21:47:24.269	EA31337 EURUSD,M1: OpenOrderIsAllowed(): Alligator M1: Maximum open and pending orders per type reached the limit (MaxOrdersPerType).
0	21:47:24.269	EA31337 EURUSD,M1: OpenOrderIsAllowed(): Alligator M5: Maximum open and pending orders per type reached the limit (MaxOrdersPerType).
0	21:47:24.363	EA31337 EURUSD,M1: OpenOrderIsAllowed(): MACD M1: Maximum open and pending orders per type reached the limit (MaxOrdersPerType).
0	21:47:24.363	EA31337 EURUSD,M1: OpenOrderIsAllowed(): MACD M5: Maximum open and pending orders per type reached the limit (MaxOrdersPerType).
0	21:47:24.363	EA31337 EURUSD,M1: OpenOrderIsAllowed(): MACD M15: Maximum open and pending orders per type reached the limit (MaxOrdersPerType).
0	21:47:24.426	EA31337 EURUSD,M1: OpenOrderIsAllowed(): SAR M5: Maximum open and pending orders per type reached the limit (MaxOrdersPerType).
0	21:47:24.426	EA31337 EURUSD,M1: OpenOrderIsAllowed(): SAR M15: Maximum open and pending orders per type reached the limit (MaxOrdersPerType).
0	21:47:24.426	EA31337 EURUSD,M1: OpenOrderIsAllowed(): SAR M30: Maximum open and pending orders per type reached the limit (MaxOrdersPerType).
0	21:51:44.847	EA31337 EURUSD,M1: OpenOrderIsAllowed(): Alligator M5: Maximum open and pending orders per type reached the limit (MaxOrdersPerType).
0	21:51:45.066	EA31337 EURUSD,M1: OpenOrderIsAllowed(): MACD M1: Maximum open and pending orders per type reached the limit (MaxOrdersPerType).
0	21:51:45.066	EA31337 EURUSD,M1: OpenOrderIsAllowed(): MACD M5: Maximum open and pending orders per type reached the limit (MaxOrdersPerType).
0	21:51:45.082	EA31337 EURUSD,M1: OpenOrderIsAllowed(): MACD M15: Maximum open and pending orders per type reached the limit (MaxOrdersPerType).
0	21:51:45.254	EA31337 EURUSD,M1: OpenOrderIsAllowed(): SAR M5: Maximum open and pending orders per type reached the limit (MaxOrdersPerType).
0	21:51:45.254	EA31337 EURUSD,M1: OpenOrderIsAllowed(): SAR M15: Maximum open and pending orders per type reached the limit (MaxOrdersPerType).
0	21:51:45.254	EA31337 EURUSD,M1: OpenOrderIsAllowed(): SAR M30: Maximum open and pending orders per type reached the limit (MaxOrdersPerType).
0	21:56:29.644	EA31337 EURUSD,M1: OpenOrderIsAllowed(): Alligator M5: Maximum open and pending orders per type reached the limit (MaxOrdersPerType).
0	21:56:29.738	EA31337 EURUSD,M1: OpenOrderIsAllowed(): MACD M1: Maximum open and pending orders per type reached the limit (MaxOrdersPerType).
0	21:56:29.738	EA31337 EURUSD,M1: OpenOrderIsAllowed(): MACD M5: Maximum open and pending orders per type reached the limit (MaxOrdersPerType).
0	21:56:29.738	EA31337 EURUSD,M1: OpenOrderIsAllowed(): MACD M15: Maximum open and pending orders per type reached the limit (MaxOrdersPerType).
0	21:56:29.801	EA31337 EURUSD,M1: OpenOrderIsAllowed(): SAR M5: Maximum open and pending orders per type reached the limit (MaxOrdersPerType).
0	21:56:29.801	EA31337 EURUSD,M1: OpenOrderIsAllowed(): SAR M15: Maximum open and pending orders per type reached the limit (MaxOrdersPerType).
0	21:56:29.801	EA31337 EURUSD,M1: OpenOrderIsAllowed(): SAR M30: Maximum open and pending orders per type reached the limit (MaxOrdersPerType).
0	22:00:02.520	EA31337 EURUSD,M1: == New hour: 22
0	22:00:02.535	EA31337 EURUSD,M1: OpenOrderIsAllowed(): Alligator M1: Maximum open and pending orders per type reached the limit (MaxOrdersPerType).
0	22:00:02.535	EA31337 EURUSD,M1: OpenOrderIsAllowed(): Alligator M5: Maximum open and pending orders per type reached the limit (MaxOrdersPerType).
0	22:00:02.707	EA31337 EURUSD,M1: OpenOrderIsAllowed(): MACD M1: Maximum open and pending orders per type reached the limit (MaxOrdersPerType).
0	22:00:02.707	EA31337 EURUSD,M1: OpenOrderIsAllowed(): MACD M5: Maximum open and pending orders per type reached the limit (MaxOrdersPerType).
0	22:00:02.707	EA31337 EURUSD,M1: OpenOrderIsAllowed(): MACD M15: Maximum open and pending orders per type reached the limit (MaxOrdersPerType).
0	22:00:03.082	EA31337 EURUSD,M1: OpenOrderIsAllowed(): SAR M5: Maximum open and pending orders per type reached the limit (MaxOrdersPerType).
0	22:00:03.082	EA31337 EURUSD,M1: OpenOrderIsAllowed(): SAR M15: Maximum open and pending orders per type reached the limit (MaxOrdersPerType).
0	22:00:03.082	EA31337 EURUSD,M1: OpenOrderIsAllowed(): SAR M30: Maximum open and pending orders per type reached the limit (MaxOrdersPerType).
0	22:04:47.988	EA31337 EURUSD,M1: OpenOrderIsAllowed(): Alligator M1: Maximum open and pending orders per type reached the limit (MaxOrdersPerType).
0	22:04:47.988	EA31337 EURUSD,M1: OpenOrderIsAllowed(): Alligator M5: Maximum open and pending orders per type reached the limit (MaxOrdersPerType).
0	22:04:48.238	EA31337 EURUSD,M1: OpenOrderIsAllowed(): MACD M1: Maximum open and pending orders per type reached the limit (MaxOrdersPerType).
0	22:04:48.238	EA31337 EURUSD,M1: OpenOrderIsAllowed(): MACD M5: Maximum open and pending orders per type reached the limit (MaxOrdersPerType).
0	22:04:48.238	EA31337 EURUSD,M1: OpenOrderIsAllowed(): MACD M15: Maximum open and pending orders per type reached the limit (MaxOrdersPerType).
0	22:04:48.426	EA31337 EURUSD,M1: OpenOrderIsAllowed(): SAR M5: Maximum open and pending orders per type reached the limit (MaxOrdersPerType).
0	22:04:48.426	EA31337 EURUSD,M1: OpenOrderIsAllowed(): SAR M15: Maximum open and pending orders per type reached the limit (MaxOrdersPerType).
0	22:04:48.426	EA31337 EURUSD,M1: OpenOrderIsAllowed(): SAR M30: Maximum open and pending orders per type reached the limit (MaxOrdersPerType).
0	22:05:27.223	EA31337 EURUSD,M1: OpenOrderIsAllowed(): Alligator M5: Maximum open and pending orders per type reached the limit (MaxOrdersPerType).
0	22:05:27.223	EA31337 EURUSD,M1: OpenOrderIsAllowed(): MACD M1: Maximum open and pending orders per type reached the limit (MaxOrdersPerType).
0	22:05:27.223	EA31337 EURUSD,M1: OpenOrderIsAllowed(): MACD M5: Maximum open and pending orders per type reached the limit (MaxOrdersPerType).
0	22:05:27.223	EA31337 EURUSD,M1: OpenOrderIsAllowed(): MACD M15: Maximum open and pending orders per type reached the limit (MaxOrdersPerType).
0	22:05:27.223	EA31337 EURUSD,M1: OpenOrderIsAllowed(): SAR M15: Maximum open and pending orders per type reached the limit (MaxOrdersPerType).
0	22:05:27.223	EA31337 EURUSD,M1: OpenOrderIsAllowed(): SAR M30: Maximum open and pending orders per type reached the limit (MaxOrdersPerType).
0	22:06:10.723	EA31337 EURUSD,M1: OpenOrderIsAllowed(): Alligator M5: Maximum open and pending orders per type reached the limit (MaxOrdersPerType).
0	22:06:10.723	EA31337 EURUSD,M1: OpenOrderIsAllowed(): MACD M1: Maximum open and pending orders per type reached the limit (MaxOrdersPerType).
0	22:06:10.723	EA31337 EURUSD,M1: OpenOrderIsAllowed(): MACD M5: Maximum open and pending orders per type reached the limit (MaxOrdersPerType).
0	22:06:10.723	EA31337 EURUSD,M1: OpenOrderIsAllowed(): MACD M15: Maximum open and pending orders per type reached the limit (MaxOrdersPerType).
0	22:06:10.723	EA31337 EURUSD,M1: OpenOrderIsAllowed(): SAR M15: Maximum open and pending orders per type reached the limit (MaxOrdersPerType).
0	22:06:10.723	EA31337 EURUSD,M1: OpenOrderIsAllowed(): SAR M30: Maximum open and pending orders per type reached the limit (MaxOrdersPerType).
0	22:07:27.692	EA31337 EURUSD,M1: OpenOrderIsAllowed(): Alligator M1: Maximum open and pending orders per type reached the limit (MaxOrdersPerType).
0	22:07:27.692	EA31337 EURUSD,M1: OpenOrderIsAllowed(): Alligator M5: Maximum open and pending orders per type reached the limit (MaxOrdersPerType).
0	22:07:28.035	EA31337 EURUSD,M1: OpenOrderIsAllowed(): MACD M1: Maximum open and pending orders per type reached the limit (MaxOrdersPerType).
0	22:07:28.035	EA31337 EURUSD,M1: OpenOrderIsAllowed(): MACD M5: Maximum open and pending orders per type reached the limit (MaxOrdersPerType).
0	22:07:28.035	EA31337 EURUSD,M1: OpenOrderIsAllowed(): MACD M15: Maximum open and pending orders per type reached the limit (MaxOrdersPerType).
0	22:07:28.270	EA31337 EURUSD,M1: OpenOrderIsAllowed(): RSI M1: Maximum open and pending orders per type reached the limit (MaxOrdersPerType).
0	22:07:28.301	EA31337 EURUSD,M1: OpenOrderIsAllowed(): SAR M15: Maximum open and pending orders per type reached the limit (MaxOrdersPerType).
0	22:07:28.301	EA31337 EURUSD,M1: OpenOrderIsAllowed(): SAR M30: Maximum open and pending orders per type reached the limit (MaxOrdersPerType).
0	22:08:10.098	EA31337 EURUSD,M1: OpenOrderIsAllowed(): Alligator M1: Maximum open and pending orders per type reached the limit (MaxOrdersPerType).
0	22:08:10.098	EA31337 EURUSD,M1: OpenOrderIsAllowed(): Alligator M5: Maximum open and pending orders per type reached the limit (MaxOrdersPerType).
0	22:08:10.332	EA31337 EURUSD,M1: OpenOrderIsAllowed(): MACD M1: Maximum open and pending orders per type reached the limit (MaxOrdersPerType).
0	22:08:10.332	EA31337 EURUSD,M1: OpenOrderIsAllowed(): MACD M5: Maximum open and pending orders per type reached the limit (MaxOrdersPerType).
0	22:08:10.332	EA31337 EURUSD,M1: OpenOrderIsAllowed(): MACD M15: Maximum open and pending orders per type reached the limit (MaxOrdersPerType).
0	22:08:10.489	EA31337 EURUSD,M1: OpenOrderIsAllowed(): RSI M1: Maximum open and pending orders per type reached the limit (MaxOrdersPerType).
0	22:08:10.536	EA31337 EURUSD,M1: OpenOrderIsAllowed(): SAR M15: Maximum open and pending orders per type reached the limit (MaxOrdersPerType).
0	22:08:10.536	EA31337 EURUSD,M1: OpenOrderIsAllowed(): SAR M30: Maximum open and pending orders per type reached the limit (MaxOrdersPerType).
0	22:12:02.442	EA31337 EURUSD,M1: OpenOrderIsAllowed(): Alligator M5: Maximum open and pending orders per type reached the limit (MaxOrdersPerType).
0	22:12:02.754	EA31337 EURUSD,M1: OpenOrderIsAllowed(): MACD M1: Maximum open and pending orders per type reached the limit (MaxOrdersPerType).
0	22:12:02.754	EA31337 EURUSD,M1: OpenOrderIsAllowed(): MACD M5: Maximum open and pending orders per type reached the limit (MaxOrdersPerType).
0	22:12:02.754	EA31337 EURUSD,M1: OpenOrderIsAllowed(): MACD M15: Maximum open and pending orders per type reached the limit (MaxOrdersPerType).
0	22:12:02.942	EA31337 EURUSD,M1: OpenOrderIsAllowed(): RSI M1: Maximum open and pending orders per type reached the limit (MaxOrdersPerType).
0	22:12:02.973	EA31337 EURUSD,M1: OpenOrderIsAllowed(): SAR M15: Maximum open and pending orders per type reached the limit (MaxOrdersPerType).
0	22:12:02.973	EA31337 EURUSD,M1: OpenOrderIsAllowed(): SAR M30: Maximum open and pending orders per type reached the limit (MaxOrdersPerType).
0	22:15:37.473	EA31337 EURUSD,M1: OpenOrderIsAllowed(): Alligator M1: Maximum open and pending orders per type reached the limit (MaxOrdersPerType).
0	22:15:37.473	EA31337 EURUSD,M1: OpenOrderIsAllowed(): Alligator M5: Maximum open and pending orders per type reached the limit (MaxOrdersPerType).
0	22:15:38.020	EA31337 EURUSD,M1: OpenOrderIsAllowed(): MACD M1: Maximum open and pending orders per type reached the limit (MaxOrdersPerType).
0	22:15:38.036	EA31337 EURUSD,M1: OpenOrderIsAllowed(): MACD M5: Maximum open and pending orders per type reached the limit (MaxOrdersPerType).
0	22:15:38.036	EA31337 EURUSD,M1: OpenOrderIsAllowed(): MACD M15: Maximum open and pending orders per type reached the limit (MaxOrdersPerType).
0	22:15:38.192	EA31337 EURUSD,M1: OpenOrderIsAllowed(): RSI M1: Maximum open and pending orders per type reached the limit (MaxOrdersPerType).
0	22:15:38.223	EA31337 EURUSD,M1: OpenOrderIsAllowed(): SAR M15: Maximum open and pending orders per type reached the limit (MaxOrdersPerType).
0	22:15:38.223	EA31337 EURUSD,M1: OpenOrderIsAllowed(): SAR M30: Maximum open and pending orders per type reached the limit (MaxOrdersPerType).
0	22:16:20.676	EA31337 EURUSD,M1: OpenOrderIsAllowed(): Alligator M1: Maximum open and pending orders per type reached the limit (MaxOrdersPerType).
0	22:16:20.676	EA31337 EURUSD,M1: OpenOrderIsAllowed(): Alligator M5: Maximum open and pending orders per type reached the limit (MaxOrdersPerType).
0	22:16:20.676	EA31337 EURUSD,M1: OpenOrderIsAllowed(): MACD M1: Maximum open and pending orders per type reached the limit (MaxOrdersPerType).
0	22:16:20.676	EA31337 EURUSD,M1: OpenOrderIsAllowed(): MACD M5: Maximum open and pending orders per type reached the limit (MaxOrdersPerType).
0	22:16:20.676	EA31337 EURUSD,M1: OpenOrderIsAllowed(): MACD M15: Maximum open and pending orders per type reached the limit (MaxOrdersPerType).
0	22:16:20.676	EA31337 EURUSD,M1: OpenOrderIsAllowed(): RSI M1: Maximum open and pending orders per type reached the limit (MaxOrdersPerType).
0	22:16:20.676	EA31337 EURUSD,M1: OpenOrderIsAllowed(): SAR M15: Maximum open and pending orders per type reached the limit (MaxOrdersPerType).
0	22:16:20.676	EA31337 EURUSD,M1: OpenOrderIsAllowed(): SAR M30: Maximum open and pending orders per type reached the limit (MaxOrdersPerType).
2	22:16:20.817	EA31337 EURUSD,M1: modify #6966617 sell 0.01 EURUSD at 1.11450 sl: 1.11880 tp: 1.11032 ok
0	22:25:23.333	EA31337 EURUSD,M1: OpenOrderIsAllowed(): Alligator M1: Maximum open and pending orders per type reached the limit (MaxOrdersPerType).
0	22:25:23.661	EA31337 EURUSD,M1: OpenOrderIsAllowed(): MACD M1: Maximum open and pending orders per type reached the limit (MaxOrdersPerType).
0	22:25:23.661	EA31337 EURUSD,M1: OpenOrderIsAllowed(): MACD M5: Maximum open and pending orders per type reached the limit (MaxOrdersPerType).
0	22:25:23.661	EA31337 EURUSD,M1: OpenOrderIsAllowed(): MACD M15: Maximum open and pending orders per type reached the limit (MaxOrdersPerType).
0	22:25:23.817	EA31337 EURUSD,M1: OpenOrderIsAllowed(): RSI M1: Maximum open and pending orders per type reached the limit (MaxOrdersPerType).
0	22:25:23.833	EA31337 EURUSD,M1: OpenOrderIsAllowed(): SAR M1: Maximum open and pending orders per type reached the limit (MaxOrdersPerType).
0	22:25:23.849	EA31337 EURUSD,M1: OpenOrderIsAllowed(): SAR M15: Maximum open and pending orders per type reached the limit (MaxOrdersPerType).
0	22:25:23.849	EA31337 EURUSD,M1: OpenOrderIsAllowed(): SAR M30: Maximum open and pending orders per type reached the limit (MaxOrdersPerType).
0	22:26:28.739	EA31337 EURUSD,M1: OpenOrderIsAllowed(): Alligator M1: Maximum open and pending orders per type reached the limit (MaxOrdersPerType).
0	22:26:28.833	EA31337 EURUSD,M1: OpenOrderIsAllowed(): MACD M1: Maximum open and pending orders per type reached the limit (MaxOrdersPerType).
0	22:26:28.833	EA31337 EURUSD,M1: OpenOrderIsAllowed(): MACD M5: Maximum open and pending orders per type reached the limit (MaxOrdersPerType).
0	22:26:28.833	EA31337 EURUSD,M1: OpenOrderIsAllowed(): MACD M15: Maximum open and pending orders per type reached the limit (MaxOrdersPerType).
0	22:26:28.833	EA31337 EURUSD,M1: OpenOrderIsAllowed(): RSI M1: Maximum open and pending orders per type reached the limit (MaxOrdersPerType).
0	22:26:28.833	EA31337 EURUSD,M1: OpenOrderIsAllowed(): SAR M1: Maximum open and pending orders per type reached the limit (MaxOrdersPerType).
0	22:26:28.833	EA31337 EURUSD,M1: OpenOrderIsAllowed(): SAR M15: Maximum open and pending orders per type reached the limit (MaxOrdersPerType).
0	22:26:28.833	EA31337 EURUSD,M1: OpenOrderIsAllowed(): SAR M30: Maximum open and pending orders per type reached the limit (MaxOrdersPerType).
0	22:31:22.630	EA31337 EURUSD,M1: OpenOrderIsAllowed(): Alligator M1: Maximum open and pending orders per type reached the limit (MaxOrdersPerType).
0	22:31:22.958	EA31337 EURUSD,M1: OpenOrderIsAllowed(): MA M5: Maximum open and pending orders per type reached the limit (MaxOrdersPerType).
0	22:31:22.958	EA31337 EURUSD,M1: OpenOrderIsAllowed(): MACD M1: Maximum open and pending orders per type reached the limit (MaxOrdersPerType).
0	22:31:22.958	EA31337 EURUSD,M1: OpenOrderIsAllowed(): MACD M5: Maximum open and pending orders per type reached the limit (MaxOrdersPerType).
0	22:31:22.958	EA31337 EURUSD,M1: OpenOrderIsAllowed(): MACD M15: Maximum open and pending orders per type reached the limit (MaxOrdersPerType).
0	22:31:23.130	EA31337 EURUSD,M1: OpenOrderIsAllowed(): RSI M1: Maximum open and pending orders per type reached the limit (MaxOrdersPerType).
0	22:31:23.161	EA31337 EURUSD,M1: OpenOrderIsAllowed(): SAR M15: Maximum open and pending orders per type reached the limit (MaxOrdersPerType).
0	22:31:23.177	EA31337 EURUSD,M1: OpenOrderIsAllowed(): SAR M30: Maximum open and pending orders per type reached the limit (MaxOrdersPerType).
0	22:32:45.271	EA31337 EURUSD,M1: OpenOrderIsAllowed(): Alligator M1: Maximum open and pending orders per type reached the limit (MaxOrdersPerType).
0	22:32:45.271	EA31337 EURUSD,M1: OpenOrderIsAllowed(): MA M5: Maximum open and pending orders per type reached the limit (MaxOrdersPerType).
0	22:32:45.271	EA31337 EURUSD,M1: OpenOrderIsAllowed(): MACD M1: Maximum open and pending orders per type reached the limit (MaxOrdersPerType).
0	22:32:45.271	EA31337 EURUSD,M1: OpenOrderIsAllowed(): MACD M5: Maximum open and pending orders per type reached the limit (MaxOrdersPerType).
0	22:32:45.271	EA31337 EURUSD,M1: OpenOrderIsAllowed(): MACD M15: Maximum open and pending orders per type reached the limit (MaxOrdersPerType).
0	22:32:45.271	EA31337 EURUSD,M1: OpenOrderIsAllowed(): SAR M1: Maximum open and pending orders per type reached the limit (MaxOrdersPerType).
0	22:32:45.271	EA31337 EURUSD,M1: OpenOrderIsAllowed(): SAR M15: Maximum open and pending orders per type reached the limit (MaxOrdersPerType).
0	22:32:45.271	EA31337 EURUSD,M1: OpenOrderIsAllowed(): SAR M30: Maximum open and pending orders per type reached the limit (MaxOrdersPerType).
0	22:35:08.974	EA31337 EURUSD,M1: OpenOrderIsAllowed(): Alligator M1: Maximum open and pending orders per type reached the limit (MaxOrdersPerType).
0	22:35:09.364	EA31337 EURUSD,M1: OpenOrderIsAllowed(): MA M1: Maximum open and pending orders per type reached the limit (MaxOrdersPerType).
0	22:35:09.364	EA31337 EURUSD,M1: OpenOrderIsAllowed(): MA M5: Maximum open and pending orders per type reached the limit (MaxOrdersPerType).
0	22:35:09.364	EA31337 EURUSD,M1: OpenOrderIsAllowed(): MACD M1: Maximum open and pending orders per type reached the limit (MaxOrdersPerType).
0	22:35:09.380	EA31337 EURUSD,M1: OpenOrderIsAllowed(): MACD M5: Maximum open and pending orders per type reached the limit (MaxOrdersPerType).
0	22:35:09.380	EA31337 EURUSD,M1: OpenOrderIsAllowed(): MACD M15: Maximum open and pending orders per type reached the limit (MaxOrdersPerType).
0	22:35:09.568	EA31337 EURUSD,M1: OpenOrderIsAllowed(): SAR M1: Maximum open and pending orders per type reached the limit (MaxOrdersPerType).
0	22:35:09.568	EA31337 EURUSD,M1: OpenOrderIsAllowed(): SAR M15: Maximum open and pending orders per type reached the limit (MaxOrdersPerType).
0	22:35:09.568	EA31337 EURUSD,M1: OpenOrderIsAllowed(): SAR M30: Maximum open and pending orders per type reached the limit (MaxOrdersPerType).
0	22:36:17.739	EA31337 EURUSD,M1: OpenOrderIsAllowed(): Alligator M1: Maximum open and pending orders per type reached the limit (MaxOrdersPerType).
0	22:36:17.739	EA31337 EURUSD,M1: OpenOrderIsAllowed(): MA M1: Maximum open and pending orders per type reached the limit (MaxOrdersPerType).
0	22:36:17.739	EA31337 EURUSD,M1: OpenOrderIsAllowed(): MA M5: Maximum open and pending orders per type reached the limit (MaxOrdersPerType).
0	22:36:17.739	EA31337 EURUSD,M1: OpenOrderIsAllowed(): MACD M1: Maximum open and pending orders per type reached the limit (MaxOrdersPerType).
0	22:36:17.739	EA31337 EURUSD,M1: OpenOrderIsAllowed(): MACD M5: Maximum open and pending orders per type reached the limit (MaxOrdersPerType).
0	22:36:17.739	EA31337 EURUSD,M1: OpenOrderIsAllowed(): MACD M15: Maximum open and pending orders per type reached the limit (MaxOrdersPerType).
0	22:36:17.739	EA31337 EURUSD,M1: OpenOrderIsAllowed(): SAR M1: Maximum open and pending orders per type reached the limit (MaxOrdersPerType).
0	22:36:17.739	EA31337 EURUSD,M1: OpenOrderIsAllowed(): SAR M15: Maximum open and pending orders per type reached the limit (MaxOrdersPerType).
0	22:36:17.739	EA31337 EURUSD,M1: OpenOrderIsAllowed(): SAR M30: Maximum open and pending orders per type reached the limit (MaxOrdersPerType).
0	22:45:15.615	EA31337 EURUSD,M1: OpenOrderIsAllowed(): Alligator M1: Maximum open and pending orders per type reached the limit (MaxOrdersPerType).
0	22:45:16.380	EA31337 EURUSD,M1: OpenOrderIsAllowed(): MA M5: Maximum open and pending orders per type reached the limit (MaxOrdersPerType).
0	22:45:16.380	EA31337 EURUSD,M1: ExecuteOrder(): MarketInfo: Symbol: EURUSD; Ask: 1.11454; Bid: 1.11425; Spread: 29 points = 2.9 pips; 
2	22:45:16.537	EA31337 EURUSD,M1: open #6967774 buy 0.01 EURUSD at 1.11454 sl: 1.11025 tp: 1.12031 ok
0	22:45:16.537	EA31337 EURUSD,M1: #6967774 2015.09.06 22:45:14 buy 0.01 EURUSD 1.11454 1.11025 1.12031 1.11425 0.00 0.00 -0.19 | spread: 2.9 31407
0	22:45:16.537	EA31337 EURUSD,M1: ExecuteOrder(): Order Details: Ticket: 6967774; Time: 2015.09.06 22:45:13; Comment: | spread: 2.9; Commision: 0; Symbol: EURUSD; Type: Buy; Expiration: 0; Open Price: 1.11454; Close Price: 1.11425; Take Profit: -0.19; Stop Loss: 1.1103; Swap: 0; Lot size: 0.01; Account Details: Time: 2015.09.06 22:45:13; Account Balance: ý1285.90; Account Equity: ý1321.59; Used Margin: ý387.00; Free Margin: ý934.59; No of Orders: 65 (BUY/SELL: 43/22); Risk Ratio: 0.7
0	22:45:16.599	EA31337 EURUSD,M1: OpenOrderIsAllowed(): MACD M1: Maximum open and pending orders per type reached the limit (MaxOrdersPerType).
0	22:45:16.599	EA31337 EURUSD,M1: OpenOrderIsAllowed(): MACD M5: Maximum open and pending orders per type reached the limit (MaxOrdersPerType).
0	22:45:16.599	EA31337 EURUSD,M1: OpenOrderIsAllowed(): MACD M15: Maximum open and pending orders per type reached the limit (MaxOrdersPerType).
0	22:45:17.037	EA31337 EURUSD,M1: OpenOrderIsAllowed(): SAR M15: Maximum open and pending orders per type reached the limit (MaxOrdersPerType).
0	22:45:17.037	EA31337 EURUSD,M1: OpenOrderIsAllowed(): SAR M30: Maximum open and pending orders per type reached the limit (MaxOrdersPerType).
2	22:45:17.333	EA31337 EURUSD,M1: modify #6966617 sell 0.01 EURUSD at 1.11450 sl: 1.11880 tp: 1.11025 ok
0	22:55:35.615	EA31337 EURUSD,M1: OpenOrderIsAllowed(): Alligator M1: Maximum open and pending orders per type reached the limit (MaxOrdersPerType).
0	22:55:35.615	EA31337 EURUSD,M1: OpenOrderIsAllowed(): Alligator M5: Maximum open and pending orders per type reached the limit (MaxOrdersPerType).
0	22:55:36.006	EA31337 EURUSD,M1: OpenOrderIsAllowed(): MACD M1: Maximum open and pending orders per type reached the limit (MaxOrdersPerType).
0	22:55:36.006	EA31337 EURUSD,M1: OpenOrderIsAllowed(): MACD M5: Maximum open and pending orders per type reached the limit (MaxOrdersPerType).
0	22:55:36.006	EA31337 EURUSD,M1: OpenOrderIsAllowed(): MACD M15: Maximum open and pending orders per type reached the limit (MaxOrdersPerType).
0	22:55:36.178	EA31337 EURUSD,M1: OpenOrderIsAllowed(): RSI M1: Maximum open and pending orders per type reached the limit (MaxOrdersPerType).
0	22:55:36.209	EA31337 EURUSD,M1: OpenOrderIsAllowed(): SAR M15: Maximum open and pending orders per type reached the limit (MaxOrdersPerType).
0	22:55:36.209	EA31337 EURUSD,M1: OpenOrderIsAllowed(): SAR M30: Maximum open and pending orders per type reached the limit (MaxOrdersPerType).
2	22:55:36.428	EA31337 EURUSD,M1: modify #6966617 sell 0.01 EURUSD at 1.11450 sl: 1.11880 tp: 1.11011 ok
0	22:57:01.396	EA31337 EURUSD,M1: OpenOrderIsAllowed(): Alligator M1: Maximum open and pending orders per type reached the limit (MaxOrdersPerType).
0	22:57:01.396	EA31337 EURUSD,M1: OpenOrderIsAllowed(): Alligator M5: Maximum open and pending orders per type reached the limit (MaxOrdersPerType).
0	22:57:01.396	EA31337 EURUSD,M1: OpenOrderIsAllowed(): MA M15: Maximum open and pending orders per type reached the limit (MaxOrdersPerType).
0	22:57:01.396	EA31337 EURUSD,M1: OpenOrderIsAllowed(): MACD M1: Maximum open and pending orders per type reached the limit (MaxOrdersPerType).
0	22:57:01.396	EA31337 EURUSD,M1: OpenOrderIsAllowed(): MACD M5: Maximum open and pending orders per type reached the limit (MaxOrdersPerType).
0	22:57:01.396	EA31337 EURUSD,M1: OpenOrderIsAllowed(): MACD M15: Maximum open and pending orders per type reached the limit (MaxOrdersPerType).
0	22:57:01.396	EA31337 EURUSD,M1: OpenOrderIsAllowed(): SAR M15: Maximum open and pending orders per type reached the limit (MaxOrdersPerType).
0	22:57:01.396	EA31337 EURUSD,M1: OpenOrderIsAllowed(): SAR M30: Maximum open and pending orders per type reached the limit (MaxOrdersPerType).
0	22:58:25.474	EA31337 EURUSD,M1: OpenOrderIsAllowed(): Alligator M1: Maximum open and pending orders per type reached the limit (MaxOrdersPerType).
0	22:58:25.474	EA31337 EURUSD,M1: OpenOrderIsAllowed(): Alligator M5: Maximum open and pending orders per type reached the limit (MaxOrdersPerType).
0	22:58:25.568	EA31337 EURUSD,M1: OpenOrderIsAllowed(): MA M1: Maximum open and pending orders per type reached the limit (MaxOrdersPerType).
0	22:58:25.568	EA31337 EURUSD,M1: OpenOrderIsAllowed(): MA M15: Maximum open and pending orders per type reached the limit (MaxOrdersPerType).
0	22:58:25.568	EA31337 EURUSD,M1: OpenOrderIsAllowed(): MACD M1: Maximum open and pending orders per type reached the limit (MaxOrdersPerType).
0	22:58:25.568	EA31337 EURUSD,M1: OpenOrderIsAllowed(): MACD M5: Maximum open and pending orders per type reached the limit (MaxOrdersPerType).
0	22:58:25.568	EA31337 EURUSD,M1: OpenOrderIsAllowed(): MACD M15: Maximum open and pending orders per type reached the limit (MaxOrdersPerType).
0	22:58:25.662	EA31337 EURUSD,M1: OpenOrderIsAllowed(): SAR M1: Maximum open and pending orders per type reached the limit (MaxOrdersPerType).
0	22:58:25.662	EA31337 EURUSD,M1: OpenOrderIsAllowed(): SAR M15: Maximum open and pending orders per type reached the limit (MaxOrdersPerType).
0	22:58:25.662	EA31337 EURUSD,M1: OpenOrderIsAllowed(): SAR M30: Maximum open and pending orders per type reached the limit (MaxOrdersPerType).
0	22:59:03.834	EA31337 EURUSD,M1: OpenOrderIsAllowed(): Alligator M1: Maximum open and pending orders per type reached the limit (MaxOrdersPerType).
0	22:59:03.834	EA31337 EURUSD,M1: OpenOrderIsAllowed(): Alligator M5: Maximum open and pending orders per type reached the limit (MaxOrdersPerType).
0	22:59:03.834	EA31337 EURUSD,M1: OpenOrderIsAllowed(): MA M1: Maximum open and pending orders per type reached the limit (MaxOrdersPerType).
0	22:59:03.834	EA31337 EURUSD,M1: OpenOrderIsAllowed(): MA M15: Maximum open and pending orders per type reached the limit (MaxOrdersPerType).
0	22:59:03.834	EA31337 EURUSD,M1: OpenOrderIsAllowed(): MACD M1: Maximum open and pending orders per type reached the limit (MaxOrdersPerType).
0	22:59:03.850	EA31337 EURUSD,M1: OpenOrderIsAllowed(): MACD M5: Maximum open and pending orders per type reached the limit (MaxOrdersPerType).
0	22:59:03.850	EA31337 EURUSD,M1: OpenOrderIsAllowed(): MACD M15: Maximum open and pending orders per type reached the limit (MaxOrdersPerType).
0	22:59:03.850	EA31337 EURUSD,M1: OpenOrderIsAllowed(): SAR M1: Maximum open and pending orders per type reached the limit (MaxOrdersPerType).
0	22:59:03.850	EA31337 EURUSD,M1: OpenOrderIsAllowed(): SAR M15: Maximum open and pending orders per type reached the limit (MaxOrdersPerType).
0	22:59:03.850	EA31337 EURUSD,M1: OpenOrderIsAllowed(): SAR M30: Maximum open and pending orders per type reached the limit (MaxOrdersPerType).
0	23:00:19.240	EA31337 EURUSD,M1: == New hour: 23
0	23:00:19.240	EA31337 EURUSD,M1: OpenOrderIsAllowed(): Alligator M1: Maximum open and pending orders per type reached the limit (MaxOrdersPerType).
0	23:00:19.240	EA31337 EURUSD,M1: OpenOrderIsAllowed(): MA M1: Maximum open and pending orders per type reached the limit (MaxOrdersPerType).
0	23:00:19.240	EA31337 EURUSD,M1: OpenOrderIsAllowed(): MA M15: Maximum open and pending orders per type reached the limit (MaxOrdersPerType).
0	23:00:19.240	EA31337 EURUSD,M1: OpenOrderIsAllowed(): MACD M1: Maximum open and pending orders per type reached the limit (MaxOrdersPerType).
0	23:00:19.240	EA31337 EURUSD,M1: OpenOrderIsAllowed(): MACD M5: Maximum open and pending orders per type reached the limit (MaxOrdersPerType).
0	23:00:19.240	EA31337 EURUSD,M1: OpenOrderIsAllowed(): MACD M15: Maximum open and pending orders per type reached the limit (MaxOrdersPerType).
0	23:00:19.240	EA31337 EURUSD,M1: OpenOrderIsAllowed(): SAR M1: Maximum open and pending orders per type reached the limit (MaxOrdersPerType).
0	23:00:19.240	EA31337 EURUSD,M1: OpenOrderIsAllowed(): SAR M15: Maximum open and pending orders per type reached the limit (MaxOrdersPerType).
0	23:00:19.240	EA31337 EURUSD,M1: OpenOrderIsAllowed(): SAR M30: Maximum open and pending orders per type reached the limit (MaxOrdersPerType).
0	23:04:00.428	EA31337 EURUSD,M1: OpenOrderIsAllowed(): Alligator M1: Maximum open and pending orders per type reached the limit (MaxOrdersPerType).
0	23:04:01.209	EA31337 EURUSD,M1: OpenOrderIsAllowed(): MA M1: Maximum open and pending orders per type reached the limit (MaxOrdersPerType).
0	23:04:01.209	EA31337 EURUSD,M1: OpenOrderIsAllowed(): MA M15: Maximum open and pending orders per type reached the limit (MaxOrdersPerType).
0	23:04:01.209	EA31337 EURUSD,M1: OpenOrderIsAllowed(): MACD M1: Maximum open and pending orders per type reached the limit (MaxOrdersPerType).
0	23:04:01.209	EA31337 EURUSD,M1: OpenOrderIsAllowed(): MACD M5: Maximum open and pending orders per type reached the limit (MaxOrdersPerType).
0	23:04:01.209	EA31337 EURUSD,M1: OpenOrderIsAllowed(): MACD M15: Maximum open and pending orders per type reached the limit (MaxOrdersPerType).
0	23:04:01.428	EA31337 EURUSD,M1: OpenOrderIsAllowed(): SAR M1: Maximum open and pending orders per type reached the limit (MaxOrdersPerType).
0	23:04:01.428	EA31337 EURUSD,M1: OpenOrderIsAllowed(): SAR M15: Maximum open and pending orders per type reached the limit (MaxOrdersPerType).
0	23:04:01.428	EA31337 EURUSD,M1: OpenOrderIsAllowed(): SAR M30: Maximum open and pending orders per type reached the limit (MaxOrdersPerType).
0	23:04:02.709	EA31337 EURUSD,M1: OpenOrderIsAllowed(): Alligator M1: Maximum open and pending orders per type reached the limit (MaxOrdersPerType).
0	23:04:02.709	EA31337 EURUSD,M1: OpenOrderIsAllowed(): MA M1: Maximum open and pending orders per type reached the limit (MaxOrdersPerType).
0	23:04:02.709	EA31337 EURUSD,M1: OpenOrderIsAllowed(): MA M15: Maximum open and pending orders per type reached the limit (MaxOrdersPerType).
0	23:04:02.709	EA31337 EURUSD,M1: OpenOrderIsAllowed(): MACD M1: Maximum open and pending orders per type reached the limit (MaxOrdersPerType).
0	23:04:02.709	EA31337 EURUSD,M1: OpenOrderIsAllowed(): MACD M5: Maximum open and pending orders per type reached the limit (MaxOrdersPerType).
0	23:04:02.709	EA31337 EURUSD,M1: OpenOrderIsAllowed(): MACD M15: Maximum open and pending orders per type reached the limit (MaxOrdersPerType).
0	23:04:02.709	EA31337 EURUSD,M1: OpenOrderIsAllowed(): SAR M1: Maximum open and pending orders per type reached the limit (MaxOrdersPerType).
0	23:04:02.709	EA31337 EURUSD,M1: OpenOrderIsAllowed(): SAR M15: Maximum open and pending orders per type reached the limit (MaxOrdersPerType).
0	23:04:02.709	EA31337 EURUSD,M1: OpenOrderIsAllowed(): SAR M30: Maximum open and pending orders per type reached the limit (MaxOrdersPerType).
2	23:04:03.022	EA31337 EURUSD,M1: modify #6967774 buy 0.01 EURUSD at 1.11454 sl: 1.11025 tp: 1.12074 ok
0	23:07:13.084	EA31337 EURUSD,M1: OpenOrderIsAllowed(): Alligator M1: Maximum open and pending orders per type reached the limit (MaxOrdersPerType).
0	23:07:13.084	EA31337 EURUSD,M1: OpenOrderIsAllowed(): Alligator M5: Maximum open and pending orders per type reached the limit (MaxOrdersPerType).
0	23:07:13.537	EA31337 EURUSD,M1: OpenOrderIsAllowed(): MA M1: Maximum open and pending orders per type reached the limit (MaxOrdersPerType).
0	23:07:13.553	EA31337 EURUSD,M1: OpenOrderIsAllowed(): MACD M1: Maximum open and pending orders per type reached the limit (MaxOrdersPerType).
0	23:07:13.553	EA31337 EURUSD,M1: OpenOrderIsAllowed(): MACD M5: Maximum open and pending orders per type reached the limit (MaxOrdersPerType).
0	23:07:13.553	EA31337 EURUSD,M1: OpenOrderIsAllowed(): MACD M15: Maximum open and pending orders per type reached the limit (MaxOrdersPerType).
0	23:07:13.756	EA31337 EURUSD,M1: OpenOrderIsAllowed(): SAR M1: Maximum open and pending orders per type reached the limit (MaxOrdersPerType).
0	23:07:13.756	EA31337 EURUSD,M1: OpenOrderIsAllowed(): SAR M15: Maximum open and pending orders per type reached the limit (MaxOrdersPerType).
0	23:07:13.756	EA31337 EURUSD,M1: OpenOrderIsAllowed(): SAR M30: Maximum open and pending orders per type reached the limit (MaxOrdersPerType).
2	23:07:14.084	EA31337 EURUSD,M1: modify #6967774 buy 0.01 EURUSD at 1.11454 sl: 1.11025 tp: 1.12076 ok
0	23:17:00.506	EA31337 EURUSD,M1: OpenOrderIsAllowed(): Alligator M1: Maximum open and pending orders per type reached the limit (MaxOrdersPerType).
0	23:17:00.506	EA31337 EURUSD,M1: OpenOrderIsAllowed(): Alligator M5: Maximum open and pending orders per type reached the limit (MaxOrdersPerType).
0	23:17:00.819	EA31337 EURUSD,M1: OpenOrderIsAllowed(): MACD M1: Maximum open and pending orders per type reached the limit (MaxOrdersPerType).
0	23:17:00.819	EA31337 EURUSD,M1: OpenOrderIsAllowed(): MACD M5: Maximum open and pending orders per type reached the limit (MaxOrdersPerType).
0	23:17:00.819	EA31337 EURUSD,M1: OpenOrderIsAllowed(): MACD M15: Maximum open and pending orders per type reached the limit (MaxOrdersPerType).
0	23:17:01.006	EA31337 EURUSD,M1: OpenOrderIsAllowed(): SAR M1: Maximum open and pending orders per type reached the limit (MaxOrdersPerType).
0	23:17:01.006	EA31337 EURUSD,M1: OpenOrderIsAllowed(): SAR M5: Maximum open and pending orders per type reached the limit (MaxOrdersPerType).
0	23:17:01.006	EA31337 EURUSD,M1: OpenOrderIsAllowed(): SAR M15: Maximum open and pending orders per type reached the limit (MaxOrdersPerType).
0	23:17:01.006	EA31337 EURUSD,M1: OpenOrderIsAllowed(): SAR M30: Maximum open and pending orders per type reached the limit (MaxOrdersPerType).
2	23:17:01.334	EA31337 EURUSD,M1: modify #6967774 buy 0.01 EURUSD at 1.11454 sl: 1.11025 tp: 1.12095 ok
0	23:17:12.100	EA31337 EURUSD,M1: OpenOrderIsAllowed(): Alligator M1: Maximum open and pending orders per type reached the limit (MaxOrdersPerType).
0	23:17:12.100	EA31337 EURUSD,M1: OpenOrderIsAllowed(): Alligator M5: Maximum open and pending orders per type reached the limit (MaxOrdersPerType).
0	23:17:12.100	EA31337 EURUSD,M1: OpenOrderIsAllowed(): MACD M1: Maximum open and pending orders per type reached the limit (MaxOrdersPerType).
0	23:17:12.100	EA31337 EURUSD,M1: OpenOrderIsAllowed(): MACD M5: Maximum open and pending orders per type reached the limit (MaxOrdersPerType).
0	23:17:12.100	EA31337 EURUSD,M1: OpenOrderIsAllowed(): MACD M15: Maximum open and pending orders per type reached the limit (MaxOrdersPerType).
0	23:17:12.100	EA31337 EURUSD,M1: OpenOrderIsAllowed(): RSI M1: Maximum open and pending orders per type reached the limit (MaxOrdersPerType).
0	23:17:12.100	EA31337 EURUSD,M1: OpenOrderIsAllowed(): SAR M1: Maximum open and pending orders per type reached the limit (MaxOrdersPerType).
0	23:17:12.100	EA31337 EURUSD,M1: OpenOrderIsAllowed(): SAR M5: Maximum open and pending orders per type reached the limit (MaxOrdersPerType).
0	23:17:12.100	EA31337 EURUSD,M1: OpenOrderIsAllowed(): SAR M15: Maximum open and pending orders per type reached the limit (MaxOrdersPerType).
0	23:17:12.100	EA31337 EURUSD,M1: OpenOrderIsAllowed(): SAR M30: Maximum open and pending orders per type reached the limit (MaxOrdersPerType).
2	23:17:12.397	EA31337 EURUSD,M1: modify #6967774 buy 0.01 EURUSD at 1.11454 sl: 1.11025 tp: 1.12126 ok
0	23:18:52.131	EA31337 EURUSD,M1: OpenOrderIsAllowed(): Alligator M1: Maximum open and pending orders per type reached the limit (MaxOrdersPerType).
0	23:18:52.131	EA31337 EURUSD,M1: OpenOrderIsAllowed(): Alligator M5: Maximum open and pending orders per type reached the limit (MaxOrdersPerType).
0	23:18:52.663	EA31337 EURUSD,M1: OpenOrderIsAllowed(): MACD M1: Maximum open and pending orders per type reached the limit (MaxOrdersPerType).
0	23:18:52.663	EA31337 EURUSD,M1: OpenOrderIsAllowed(): MACD M5: Maximum open and pending orders per type reached the limit (MaxOrdersPerType).
0	23:18:52.663	EA31337 EURUSD,M1: OpenOrderIsAllowed(): MACD M15: Maximum open and pending orders per type reached the limit (MaxOrdersPerType).
0	23:18:52.835	EA31337 EURUSD,M1: OpenOrderIsAllowed(): RSI M1: Maximum open and pending orders per type reached the limit (MaxOrdersPerType).
0	23:18:52.866	EA31337 EURUSD,M1: OpenOrderIsAllowed(): SAR M1: Maximum open and pending orders per type reached the limit (MaxOrdersPerType).
0	23:18:52.866	EA31337 EURUSD,M1: OpenOrderIsAllowed(): SAR M5: Maximum open and pending orders per type reached the limit (MaxOrdersPerType).
0	23:18:52.866	EA31337 EURUSD,M1: OpenOrderIsAllowed(): SAR M15: Maximum open and pending orders per type reached the limit (MaxOrdersPerType).
0	23:18:52.866	EA31337 EURUSD,M1: OpenOrderIsAllowed(): SAR M30: Maximum open and pending orders per type reached the limit (MaxOrdersPerType).
2	23:18:53.147	EA31337 EURUSD,M1: modify #6967774 buy 0.01 EURUSD at 1.11454 sl: 1.11025 tp: 1.12142 ok
0	23:19:09.803	EA31337 EURUSD,M1: OpenOrderIsAllowed(): Alligator M1: Maximum open and pending orders per type reached the limit (MaxOrdersPerType).
0	23:19:09.803	EA31337 EURUSD,M1: OpenOrderIsAllowed(): Alligator M5: Maximum open and pending orders per type reached the limit (MaxOrdersPerType).
0	23:19:09.803	EA31337 EURUSD,M1: OpenOrderIsAllowed(): MA M15: Maximum open and pending orders per type reached the limit (MaxOrdersPerType).
0	23:19:09.803	EA31337 EURUSD,M1: OpenOrderIsAllowed(): MACD M1: Maximum open and pending orders per type reached the limit (MaxOrdersPerType).
0	23:19:09.803	EA31337 EURUSD,M1: OpenOrderIsAllowed(): MACD M5: Maximum open and pending orders per type reached the limit (MaxOrdersPerType).
0	23:19:09.803	EA31337 EURUSD,M1: OpenOrderIsAllowed(): MACD M15: Maximum open and pending orders per type reached the limit (MaxOrdersPerType).
0	23:19:09.803	EA31337 EURUSD,M1: OpenOrderIsAllowed(): RSI M1: Maximum open and pending orders per type reached the limit (MaxOrdersPerType).
0	23:19:09.803	EA31337 EURUSD,M1: OpenOrderIsAllowed(): SAR M1: Maximum open and pending orders per type reached the limit (MaxOrdersPerType).
0	23:19:09.803	EA31337 EURUSD,M1: OpenOrderIsAllowed(): SAR M5: Maximum open and pending orders per type reached the limit (MaxOrdersPerType).
0	23:19:09.803	EA31337 EURUSD,M1: OpenOrderIsAllowed(): SAR M15: Maximum open and pending orders per type reached the limit (MaxOrdersPerType).
0	23:19:09.803	EA31337 EURUSD,M1: OpenOrderIsAllowed(): SAR M30: Maximum open and pending orders per type reached the limit (MaxOrdersPerType).
2	23:19:10.163	EA31337 EURUSD,M1: modify #6967774 buy 0.01 EURUSD at 1.11454 sl: 1.11025 tp: 1.12198 ok
0	23:20:08.022	EA31337 EURUSD,M1: OpenOrderIsAllowed(): Alligator M1: Maximum open and pending orders per type reached the limit (MaxOrdersPerType).
0	23:20:08.038	EA31337 EURUSD,M1: OpenOrderIsAllowed(): Alligator M5: Maximum open and pending orders per type reached the limit (MaxOrdersPerType).
0	23:20:08.397	EA31337 EURUSD,M1: OpenOrderIsAllowed(): MACD M1: Maximum open and pending orders per type reached the limit (MaxOrdersPerType).
0	23:20:08.397	EA31337 EURUSD,M1: OpenOrderIsAllowed(): MACD M5: Maximum open and pending orders per type reached the limit (MaxOrdersPerType).
0	23:20:08.397	EA31337 EURUSD,M1: OpenOrderIsAllowed(): MACD M15: Maximum open and pending orders per type reached the limit (MaxOrdersPerType).
0	23:20:08.631	EA31337 EURUSD,M1: OpenOrderIsAllowed(): RSI M1: Maximum open and pending orders per type reached the limit (MaxOrdersPerType).
0	23:20:08.663	EA31337 EURUSD,M1: OpenOrderIsAllowed(): SAR M1: Maximum open and pending orders per type reached the limit (MaxOrdersPerType).
0	23:20:08.663	EA31337 EURUSD,M1: OpenOrderIsAllowed(): SAR M15: Maximum open and pending orders per type reached the limit (MaxOrdersPerType).
0	23:20:08.663	EA31337 EURUSD,M1: OpenOrderIsAllowed(): SAR M30: Maximum open and pending orders per type reached the limit (MaxOrdersPerType).
2	23:20:08.960	EA31337 EURUSD,M1: modify #6967774 buy 0.01 EURUSD at 1.11454 sl: 1.11025 tp: 1.12231 ok
0	23:22:32.053	EA31337 EURUSD,M1: OpenOrderIsAllowed(): Alligator M5: Maximum open and pending orders per type reached the limit (MaxOrdersPerType).
0	23:22:32.428	EA31337 EURUSD,M1: OpenOrderIsAllowed(): MACD M1: Maximum open and pending orders per type reached the limit (MaxOrdersPerType).
0	23:22:32.428	EA31337 EURUSD,M1: OpenOrderIsAllowed(): MACD M5: Maximum open and pending orders per type reached the limit (MaxOrdersPerType).
0	23:22:32.428	EA31337 EURUSD,M1: OpenOrderIsAllowed(): MACD M15: Maximum open and pending orders per type reached the limit (MaxOrdersPerType).
0	23:22:32.631	EA31337 EURUSD,M1: OpenOrderIsAllowed(): SAR M1: Maximum open and pending orders per type reached the limit (MaxOrdersPerType).
0	23:22:32.631	EA31337 EURUSD,M1: OpenOrderIsAllowed(): SAR M15: Maximum open and pending orders per type reached the limit (MaxOrdersPerType).
0	23:22:32.631	EA31337 EURUSD,M1: OpenOrderIsAllowed(): SAR M30: Maximum open and pending orders per type reached the limit (MaxOrdersPerType).
0	23:24:42.678	EA31337 EURUSD,M1: OpenOrderIsAllowed(): Alligator M1: Maximum open and pending orders per type reached the limit (MaxOrdersPerType).
0	23:24:42.678	EA31337 EURUSD,M1: OpenOrderIsAllowed(): Alligator M5: Maximum open and pending orders per type reached the limit (MaxOrdersPerType).
0	23:24:43.272	EA31337 EURUSD,M1: OpenOrderIsAllowed(): MACD M1: Maximum open and pending orders per type reached the limit (MaxOrdersPerType).
0	23:24:43.272	EA31337 EURUSD,M1: OpenOrderIsAllowed(): MACD M5: Maximum open and pending orders per type reached the limit (MaxOrdersPerType).
0	23:24:43.272	EA31337 EURUSD,M1: OpenOrderIsAllowed(): MACD M15: Maximum open and pending orders per type reached the limit (MaxOrdersPerType).
0	23:24:43.585	EA31337 EURUSD,M1: OpenOrderIsAllowed(): SAR M1: Maximum open and pending orders per type reached the limit (MaxOrdersPerType).
0	23:24:43.585	EA31337 EURUSD,M1: OpenOrderIsAllowed(): SAR M15: Maximum open and pending orders per type reached the limit (MaxOrdersPerType).
0	23:24:43.600	EA31337 EURUSD,M1: OpenOrderIsAllowed(): SAR M30: Maximum open and pending orders per type reached the limit (MaxOrdersPerType).
0	23:28:23.647	EA31337 EURUSD,M1: OpenOrderIsAllowed(): Alligator M1: Maximum open and pending orders per type reached the limit (MaxOrdersPerType).
0	23:28:23.647	EA31337 EURUSD,M1: OpenOrderIsAllowed(): Alligator M5: Maximum open and pending orders per type reached the limit (MaxOrdersPerType).
0	23:28:24.069	EA31337 EURUSD,M1: OpenOrderIsAllowed(): MACD M1: Maximum open and pending orders per type reached the limit (MaxOrdersPerType).
0	23:28:24.069	EA31337 EURUSD,M1: OpenOrderIsAllowed(): MACD M5: Maximum open and pending orders per type reached the limit (MaxOrdersPerType).
0	23:28:24.069	EA31337 EURUSD,M1: OpenOrderIsAllowed(): MACD M15: Maximum open and pending orders per type reached the limit (MaxOrdersPerType).
0	23:28:24.288	EA31337 EURUSD,M1: OpenOrderIsAllowed(): SAR M15: Maximum open and pending orders per type reached the limit (MaxOrdersPerType).
0	23:28:24.288	EA31337 EURUSD,M1: OpenOrderIsAllowed(): SAR M30: Maximum open and pending orders per type reached the limit (MaxOrdersPerType).
0	23:31:03.663	EA31337 EURUSD,M1: OpenOrderIsAllowed(): Alligator M1: Maximum open and pending orders per type reached the limit (MaxOrdersPerType).
0	23:31:04.179	EA31337 EURUSD,M1: OpenOrderIsAllowed(): MACD M1: Maximum open and pending orders per type reached the limit (MaxOrdersPerType).
0	23:31:04.179	EA31337 EURUSD,M1: OpenOrderIsAllowed(): MACD M5: Maximum open and pending orders per type reached the limit (MaxOrdersPerType).
0	23:31:04.179	EA31337 EURUSD,M1: OpenOrderIsAllowed(): MACD M15: Maximum open and pending orders per type reached the limit (MaxOrdersPerType).
0	23:31:04.522	EA31337 EURUSD,M1: OpenOrderIsAllowed(): SAR M5: Maximum open and pending orders per type reached the limit (MaxOrdersPerType).
0	23:31:04.522	EA31337 EURUSD,M1: OpenOrderIsAllowed(): SAR M15: Maximum open and pending orders per type reached the limit (MaxOrdersPerType).
0	23:31:04.522	EA31337 EURUSD,M1: OpenOrderIsAllowed(): SAR M30: Maximum open and pending orders per type reached the limit (MaxOrdersPerType).
0	23:35:29.507	EA31337 EURUSD,M1: OpenOrderIsAllowed(): Alligator M1: Maximum open and pending orders per type reached the limit (MaxOrdersPerType).
0	23:35:29.913	EA31337 EURUSD,M1: OpenOrderIsAllowed(): MA M15: Maximum open and pending orders per type reached the limit (MaxOrdersPerType).
0	23:35:29.913	EA31337 EURUSD,M1: OpenOrderIsAllowed(): MACD M1: Maximum open and pending orders per type reached the limit (MaxOrdersPerType).
0	23:35:29.913	EA31337 EURUSD,M1: OpenOrderIsAllowed(): MACD M5: Maximum open and pending orders per type reached the limit (MaxOrdersPerType).
0	23:35:29.913	EA31337 EURUSD,M1: OpenOrderIsAllowed(): MACD M15: Maximum open and pending orders per type reached the limit (MaxOrdersPerType).
0	23:35:30.132	EA31337 EURUSD,M1: OpenOrderIsAllowed(): SAR M5: Maximum open and pending orders per type reached the limit (MaxOrdersPerType).
0	23:35:30.132	EA31337 EURUSD,M1: OpenOrderIsAllowed(): SAR M15: Maximum open and pending orders per type reached the limit (MaxOrdersPerType).
0	23:35:30.132	EA31337 EURUSD,M1: OpenOrderIsAllowed(): SAR M30: Maximum open and pending orders per type reached the limit (MaxOrdersPerType).
0	23:38:42.757	EA31337 EURUSD,M1: OpenOrderIsAllowed(): Alligator M1: Maximum open and pending orders per type reached the limit (MaxOrdersPerType).
0	23:38:44.210	EA31337 EURUSD,M1: OpenOrderIsAllowed(): MACD M1: Maximum open and pending orders per type reached the limit (MaxOrdersPerType).
0	23:38:44.210	EA31337 EURUSD,M1: OpenOrderIsAllowed(): MACD M5: Maximum open and pending orders per type reached the limit (MaxOrdersPerType).
0	23:38:44.210	EA31337 EURUSD,M1: OpenOrderIsAllowed(): MACD M15: Maximum open and pending orders per type reached the limit (MaxOrdersPerType).
0	23:38:44.554	EA31337 EURUSD,M1: OpenOrderIsAllowed(): SAR M1: Maximum open and pending orders per type reached the limit (MaxOrdersPerType).
0	23:38:44.554	EA31337 EURUSD,M1: OpenOrderIsAllowed(): SAR M5: Maximum open and pending orders per type reached the limit (MaxOrdersPerType).
0	23:38:44.554	EA31337 EURUSD,M1: OpenOrderIsAllowed(): SAR M15: Maximum open and pending orders per type reached the limit (MaxOrdersPerType).
0	23:38:44.554	EA31337 EURUSD,M1: OpenOrderIsAllowed(): SAR M30: Maximum open and pending orders per type reached the limit (MaxOrdersPerType).
0	23:39:12.554	EA31337 EURUSD,M1: OpenOrderIsAllowed(): MA M15: Maximum open and pending orders per type reached the limit (MaxOrdersPerType).
0	23:39:12.554	EA31337 EURUSD,M1: OpenOrderIsAllowed(): MACD M1: Maximum open and pending orders per type reached the limit (MaxOrdersPerType).
0	23:39:12.554	EA31337 EURUSD,M1: OpenOrderIsAllowed(): MACD M5: Maximum open and pending orders per type reached the limit (MaxOrdersPerType).
0	23:39:12.554	EA31337 EURUSD,M1: OpenOrderIsAllowed(): MACD M15: Maximum open and pending orders per type reached the limit (MaxOrdersPerType).
0	23:39:12.570	EA31337 EURUSD,M1: OpenOrderIsAllowed(): SAR M1: Maximum open and pending orders per type reached the limit (MaxOrdersPerType).
0	23:39:12.570	EA31337 EURUSD,M1: OpenOrderIsAllowed(): SAR M5: Maximum open and pending orders per type reached the limit (MaxOrdersPerType).
0	23:39:12.570	EA31337 EURUSD,M1: OpenOrderIsAllowed(): SAR M15: Maximum open and pending orders per type reached the limit (MaxOrdersPerType).
0	23:39:12.570	EA31337 EURUSD,M1: OpenOrderIsAllowed(): SAR M30: Maximum open and pending orders per type reached the limit (MaxOrdersPerType).
0	23:40:32.913	EA31337 EURUSD,M1: OpenOrderIsAllowed(): Alligator M1: Maximum open and pending orders per type reached the limit (MaxOrdersPerType).
0	23:40:32.913	EA31337 EURUSD,M1: OpenOrderIsAllowed(): Alligator M5: Maximum open and pending orders per type reached the limit (MaxOrdersPerType).
0	23:40:33.382	EA31337 EURUSD,M1: OpenOrderIsAllowed(): MACD M1: Maximum open and pending orders per type reached the limit (MaxOrdersPerType).
0	23:40:33.382	EA31337 EURUSD,M1: OpenOrderIsAllowed(): MACD M5: Maximum open and pending orders per type reached the limit (MaxOrdersPerType).
0	23:40:33.382	EA31337 EURUSD,M1: OpenOrderIsAllowed(): MACD M15: Maximum open and pending orders per type reached the limit (MaxOrdersPerType).
0	23:40:33.601	EA31337 EURUSD,M1: OpenOrderIsAllowed(): SAR M1: Maximum open and pending orders per type reached the limit (MaxOrdersPerType).
0	23:40:33.601	EA31337 EURUSD,M1: OpenOrderIsAllowed(): SAR M5: Maximum open and pending orders per type reached the limit (MaxOrdersPerType).
0	23:40:33.601	EA31337 EURUSD,M1: OpenOrderIsAllowed(): SAR M15: Maximum open and pending orders per type reached the limit (MaxOrdersPerType).
0	23:40:33.601	EA31337 EURUSD,M1: OpenOrderIsAllowed(): SAR M30: Maximum open and pending orders per type reached the limit (MaxOrdersPerType).
0	23:43:55.523	EA31337 EURUSD,M1: OpenOrderIsAllowed(): Alligator M1: Maximum open and pending orders per type reached the limit (MaxOrdersPerType).
0	23:43:55.523	EA31337 EURUSD,M1: OpenOrderIsAllowed(): Alligator M5: Maximum open and pending orders per type reached the limit (MaxOrdersPerType).
0	23:43:55.960	EA31337 EURUSD,M1: OpenOrderIsAllowed(): MACD M1: Maximum open and pending orders per type reached the limit (MaxOrdersPerType).
0	23:43:55.960	EA31337 EURUSD,M1: OpenOrderIsAllowed(): MACD M5: Maximum open and pending orders per type reached the limit (MaxOrdersPerType).
0	23:43:55.960	EA31337 EURUSD,M1: OpenOrderIsAllowed(): MACD M15: Maximum open and pending orders per type reached the limit (MaxOrdersPerType).
0	23:43:56.179	EA31337 EURUSD,M1: OpenOrderIsAllowed(): SAR M5: Maximum open and pending orders per type reached the limit (MaxOrdersPerType).
0	23:43:56.179	EA31337 EURUSD,M1: OpenOrderIsAllowed(): SAR M15: Maximum open and pending orders per type reached the limit (MaxOrdersPerType).
0	23:43:56.179	EA31337 EURUSD,M1: OpenOrderIsAllowed(): SAR M30: Maximum open and pending orders per type reached the limit (MaxOrdersPerType).
0	23:46:03.429	EA31337 EURUSD,M1: OpenOrderIsAllowed(): Alligator M1: Maximum open and pending orders per type reached the limit (MaxOrdersPerType).
0	23:46:03.429	EA31337 EURUSD,M1: OpenOrderIsAllowed(): Alligator M5: Maximum open and pending orders per type reached the limit (MaxOrdersPerType).
0	23:46:04.054	EA31337 EURUSD,M1: OpenOrderIsAllowed(): MA M15: Maximum open and pending orders per type reached the limit (MaxOrdersPerType).
0	23:46:04.070	EA31337 EURUSD,M1: OpenOrderIsAllowed(): MACD M1: Maximum open and pending orders per type reached the limit (MaxOrdersPerType).
0	23:46:04.070	EA31337 EURUSD,M1: OpenOrderIsAllowed(): MACD M5: Maximum open and pending orders per type reached the limit (MaxOrdersPerType).
0	23:46:04.070	EA31337 EURUSD,M1: OpenOrderIsAllowed(): MACD M15: Maximum open and pending orders per type reached the limit (MaxOrdersPerType).
0	23:46:04.210	EA31337 EURUSD,M1: OpenOrderIsAllowed(): SAR M5: Maximum open and pending orders per type reached the limit (MaxOrdersPerType).
0	23:46:04.210	EA31337 EURUSD,M1: OpenOrderIsAllowed(): SAR M15: Maximum open and pending orders per type reached the limit (MaxOrdersPerType).
0	23:46:04.210	EA31337 EURUSD,M1: OpenOrderIsAllowed(): SAR M30: Maximum open and pending orders per type reached the limit (MaxOrdersPerType).
0	23:47:02.070	EA31337 EURUSD,M1: OpenOrderIsAllowed(): Alligator M1: Maximum open and pending orders per type reached the limit (MaxOrdersPerType).
0	23:47:02.070	EA31337 EURUSD,M1: OpenOrderIsAllowed(): Alligator M5: Maximum open and pending orders per type reached the limit (MaxOrdersPerType).
0	23:47:02.320	EA31337 EURUSD,M1: OpenOrderIsAllowed(): MA M15: Maximum open and pending orders per type reached the limit (MaxOrdersPerType).
0	23:47:02.320	EA31337 EURUSD,M1: OpenOrderIsAllowed(): MACD M1: Maximum open and pending orders per type reached the limit (MaxOrdersPerType).
0	23:47:02.320	EA31337 EURUSD,M1: OpenOrderIsAllowed(): MACD M5: Maximum open and pending orders per type reached the limit (MaxOrdersPerType).
0	23:47:02.320	EA31337 EURUSD,M1: OpenOrderIsAllowed(): MACD M15: Maximum open and pending orders per type reached the limit (MaxOrdersPerType).
0	23:47:02.507	EA31337 EURUSD,M1: OpenOrderIsAllowed(): SAR M1: Maximum open and pending orders per type reached the limit (MaxOrdersPerType).
0	23:47:02.507	EA31337 EURUSD,M1: OpenOrderIsAllowed(): SAR M5: Maximum open and pending orders per type reached the limit (MaxOrdersPerType).
0	23:47:02.507	EA31337 EURUSD,M1: OpenOrderIsAllowed(): SAR M15: Maximum open and pending orders per type reached the limit (MaxOrdersPerType).
0	23:47:02.507	EA31337 EURUSD,M1: OpenOrderIsAllowed(): SAR M30: Maximum open and pending orders per type reached the limit (MaxOrdersPerType).
0	23:56:14.008	EA31337 EURUSD,M1: OpenOrderIsAllowed(): Alligator M1: Maximum open and pending orders per type reached the limit (MaxOrdersPerType).
0	23:56:14.008	EA31337 EURUSD,M1: OpenOrderIsAllowed(): Alligator M5: Maximum open and pending orders per type reached the limit (MaxOrdersPerType).
0	23:56:14.539	EA31337 EURUSD,M1: OpenOrderIsAllowed(): MA M15: Maximum open and pending orders per type reached the limit (MaxOrdersPerType).
0	23:56:14.539	EA31337 EURUSD,M1: OpenOrderIsAllowed(): MACD M1: Maximum open and pending orders per type reached the limit (MaxOrdersPerType).
0	23:56:14.539	EA31337 EURUSD,M1: OpenOrderIsAllowed(): MACD M5: Maximum open and pending orders per type reached the limit (MaxOrdersPerType).
0	23:56:14.539	EA31337 EURUSD,M1: OpenOrderIsAllowed(): MACD M15: Maximum open and pending orders per type reached the limit (MaxOrdersPerType).
0	23:56:14.742	EA31337 EURUSD,M1: OpenOrderIsAllowed(): SAR M1: Maximum open and pending orders per type reached the limit (MaxOrdersPerType).
0	23:56:14.742	EA31337 EURUSD,M1: OpenOrderIsAllowed(): SAR M5: Maximum open and pending orders per type reached the limit (MaxOrdersPerType).
0	23:56:14.758	EA31337 EURUSD,M1: OpenOrderIsAllowed(): SAR M15: Maximum open and pending orders per type reached the limit (MaxOrdersPerType).
0	23:56:14.758	EA31337 EURUSD,M1: OpenOrderIsAllowed(): SAR M30: Maximum open and pending orders per type reached the limit (MaxOrdersPerType).
0	23:58:31.055	EA31337 EURUSD,M1: OpenOrderIsAllowed(): Alligator M1: Maximum open and pending orders per type reached the limit (MaxOrdersPerType).
0	23:58:31.055	EA31337 EURUSD,M1: OpenOrderIsAllowed(): Alligator M5: Maximum open and pending orders per type reached the limit (MaxOrdersPerType).
0	23:58:32.242	EA31337 EURUSD,M1: OpenOrderIsAllowed(): MA M15: Maximum open and pending orders per type reached the limit (MaxOrdersPerType).
0	23:58:32.242	EA31337 EURUSD,M1: OpenOrderIsAllowed(): MACD M1: Maximum open and pending orders per type reached the limit (MaxOrdersPerType).
0	23:58:32.242	EA31337 EURUSD,M1: OpenOrderIsAllowed(): MACD M5: Maximum open and pending orders per type reached the limit (MaxOrdersPerType).
0	23:58:32.242	EA31337 EURUSD,M1: OpenOrderIsAllowed(): MACD M15: Maximum open and pending orders per type reached the limit (MaxOrdersPerType).
0	23:58:32.648	EA31337 EURUSD,M1: OpenOrderIsAllowed(): SAR M5: Maximum open and pending orders per type reached the limit (MaxOrdersPerType).
0	23:58:32.648	EA31337 EURUSD,M1: OpenOrderIsAllowed(): SAR M15: Maximum open and pending orders per type reached the limit (MaxOrdersPerType).
0	23:58:32.664	EA31337 EURUSD,M1: OpenOrderIsAllowed(): SAR M30: Maximum open and pending orders per type reached the limit (MaxOrdersPerType).
0	23:59:10.054	EA31337 EURUSD,M1: OpenOrderIsAllowed(): Alligator M1: Maximum open and pending orders per type reached the limit (MaxOrdersPerType).
0	23:59:10.054	EA31337 EURUSD,M1: OpenOrderIsAllowed(): Alligator M5: Maximum open and pending orders per type reached the limit (MaxOrdersPerType).
0	23:59:10.414	EA31337 EURUSD,M1: OpenOrderIsAllowed(): MA M5: Maximum open and pending orders per type reached the limit (MaxOrdersPerType).
0	23:59:10.445	EA31337 EURUSD,M1: OpenOrderIsAllowed(): MA M15: Maximum open and pending orders per type reached the limit (MaxOrdersPerType).
0	23:59:10.445	EA31337 EURUSD,M1: OpenOrderIsAllowed(): MACD M1: Maximum open and pending orders per type reached the limit (MaxOrdersPerType).
0	23:59:10.445	EA31337 EURUSD,M1: OpenOrderIsAllowed(): MACD M5: Maximum open and pending orders per type reached the limit (MaxOrdersPerType).
0	23:59:10.461	EA31337 EURUSD,M1: OpenOrderIsAllowed(): MACD M15: Maximum open and pending orders per type reached the limit (MaxOrdersPerType).
0	23:59:10.664	EA31337 EURUSD,M1: OpenOrderIsAllowed(): SAR M5: Maximum open and pending orders per type reached the limit (MaxOrdersPerType).
0	23:59:10.664	EA31337 EURUSD,M1: OpenOrderIsAllowed(): SAR M15: Maximum open and pending orders per type reached the limit (MaxOrdersPerType).
0	23:59:10.664	EA31337 EURUSD,M1: OpenOrderIsAllowed(): SAR M30: Maximum open and pending orders per type reached the limit (MaxOrdersPerType).
