0	00:00:16.238	EA31337 EURUSD,M1: == New hour: 0
0	00:00:16.275	EA31337 EURUSD,M1: == New day (day of month: 29; day of year: 210) ==
0	00:00:16.275	EA31337 EURUSD,M1: Daily max: Tick: 8.2; Spread: 38; Max orders: 27; Loss: -2.79; Profit: 0; Equity: 453.24; Balance: 370.82; Worse: WPR M1 (-2.79p); 
0	00:00:21.228	EA31337 EURUSD,M1: Daily SAR stats: Period: 0, Buy: 473 / Sell: 338; Period: 1, Buy: 289 / Sell: 232; Period: 2, Buy: 389 / Sell: 422; Period: 3, Buy: 347 / Sell: 464; Period: 4, Buy: 0 / Sell: 0; Period: 5, Buy: 0 / Sell: 0; Period: 6, Buy: 0 / Sell: 0; Period: 7, Buy: 0 / Sell: 0; Period: 8, Buy: 0 / Sell: 0; 
0	00:00:21.292	EA31337 EURUSD,M1: Daily strategy stats: Alligator M5: -2.72pips; MACD M5: -2.72pips; MACD M15: -2.72pips; SAR M15: -2.71pips; SAR M30: -2.73pips; WPR M1: -2.79pips; 
2	00:05:56.048	EA31337 EURUSD,M1: modify #6590639 buy 0.01 EURUSD at 1.10559 sl: 1.10133 tp: 1.11091 ok
2	00:05:56.275	EA31337 EURUSD,M1: modify #6590640 buy 0.01 EURUSD at 1.10557 sl: 1.10130 tp: 1.11091 ok
2	00:13:13.720	EA31337 EURUSD,M1: modify #6590639 buy 0.01 EURUSD at 1.10559 sl: 1.10133 tp: 1.11100 ok
2	00:13:13.916	EA31337 EURUSD,M1: modify #6590640 buy 0.01 EURUSD at 1.10557 sl: 1.10130 tp: 1.11100 ok
2	00:17:09.968	EA31337 EURUSD,M1: modify #6590639 buy 0.01 EURUSD at 1.10559 sl: 1.10133 tp: 1.11105 ok
2	00:17:10.426	EA31337 EURUSD,M1: modify #6590640 buy 0.01 EURUSD at 1.10557 sl: 1.10130 tp: 1.11105 ok
2	00:19:02.877	EA31337 EURUSD,M1: modify #6590639 buy 0.01 EURUSD at 1.10559 sl: 1.10133 tp: 1.11109 ok
2	00:19:03.137	EA31337 EURUSD,M1: modify #6590640 buy 0.01 EURUSD at 1.10557 sl: 1.10130 tp: 1.11109 ok
2	00:20:18.695	EA31337 EURUSD,M1: modify #6590639 buy 0.01 EURUSD at 1.10559 sl: 1.10133 tp: 1.11124 ok
2	00:20:18.858	EA31337 EURUSD,M1: modify #6590640 buy 0.01 EURUSD at 1.10557 sl: 1.10130 tp: 1.11124 ok
2	00:21:48.967	EA31337 EURUSD,M1: modify #6590639 buy 0.01 EURUSD at 1.10559 sl: 1.10133 tp: 1.11136 ok
2	00:21:49.161	EA31337 EURUSD,M1: modify #6590640 buy 0.01 EURUSD at 1.10557 sl: 1.10130 tp: 1.11136 ok
2	00:23:47.791	EA31337 EURUSD,M1: modify #6590639 buy 0.01 EURUSD at 1.10559 sl: 1.10133 tp: 1.11155 ok
2	00:23:48.182	EA31337 EURUSD,M1: modify #6590640 buy 0.01 EURUSD at 1.10557 sl: 1.10130 tp: 1.11155 ok
2	01:01:27.704	EA31337 EURUSD,M1: modify #6590639 buy 0.01 EURUSD at 1.10559 sl: 1.10133 tp: 1.11163 ok
2	01:01:28.029	EA31337 EURUSD,M1: modify #6590640 buy 0.01 EURUSD at 1.10557 sl: 1.10130 tp: 1.11163 ok
0	01:02:26.832	EA31337 EURUSD,M1: == New hour: 1
2	01:14:48.647	EA31337 EURUSD,M1: modify #6590639 buy 0.01 EURUSD at 1.10559 sl: 1.10133 tp: 1.11206 ok
2	01:14:48.911	EA31337 EURUSD,M1: modify #6590640 buy 0.01 EURUSD at 1.10557 sl: 1.10130 tp: 1.11206 ok
2	01:16:00.126	EA31337 EURUSD,M1: modify #6590639 buy 0.01 EURUSD at 1.10559 sl: 1.10133 tp: 1.11208 ok
2	01:16:00.516	EA31337 EURUSD,M1: modify #6590640 buy 0.01 EURUSD at 1.10557 sl: 1.10130 tp: 1.11208 ok
2	01:31:14.759	EA31337 EURUSD,M1: modify #6590639 buy 0.01 EURUSD at 1.10559 sl: 1.10133 tp: 1.11225 ok
2	01:31:14.957	EA31337 EURUSD,M1: modify #6590640 buy 0.01 EURUSD at 1.10557 sl: 1.10130 tp: 1.11227 ok
2	01:31:49.981	EA31337 EURUSD,M1: modify #6590639 buy 0.01 EURUSD at 1.10559 sl: 1.10133 tp: 1.11232 ok
2	01:31:50.208	EA31337 EURUSD,M1: modify #6590640 buy 0.01 EURUSD at 1.10557 sl: 1.10130 tp: 1.11231 ok
2	01:37:50.300	EA31337 EURUSD,M1: modify #6590639 buy 0.01 EURUSD at 1.10559 sl: 1.10133 tp: 1.11247 ok
2	01:37:50.726	EA31337 EURUSD,M1: modify #6590640 buy 0.01 EURUSD at 1.10557 sl: 1.10130 tp: 1.11247 ok
2	01:47:40.825	EA31337 EURUSD,M1: modify #6590639 buy 0.01 EURUSD at 1.10559 sl: 1.10133 tp: 1.11250 ok
2	01:47:41.315	EA31337 EURUSD,M1: modify #6590640 buy 0.01 EURUSD at 1.10557 sl: 1.10130 tp: 1.11250 ok
0	02:01:22.255	EA31337 EURUSD,M1: == New hour: 2
0	02:01:28.396	EA31337 EURUSD,M1: ExecuteOrder(): MarketInfo: Symbol: EURUSD; Ask: 1.10832; Bid: 1.10804; Spread: 28 points = 2.8 pips; 
2	02:01:29.399	EA31337 EURUSD,M1: open #6596710 buy 0.01 EURUSD at 1.10832 sl: 1.10404 ok
0	02:01:29.399	EA31337 EURUSD,M1: #6596710 2015.07.29 02:01:21 buy 0.01 EURUSD 1.10832 1.10404 0.00000 1.10804 0.00 0.00 -0.18 | spread: 2.7 31349
0	02:01:29.399	EA31337 EURUSD,M1: ExecuteOrder(): Order Details: Ticket: 6596710; Time: 2015.07.29 02:01:14; Comment: | spread: 2.7; Commision: 0; Symbol: EURUSD; Type: Buy; Expiration: 0; Open Price: 1.10832; Close Price: 1.10804; Take Profit: -0.18; Stop Loss: 1.104; Swap: 0; Lot size: 0.01; Account Details: Time: 2015.07.29 02:01:14; Account Balance: ý354.32; Account Equity: ý423.56; Used Margin: ý144.00; Free Margin: ý279.56; No of Orders: 24 (BUY/SELL: 18/6); Risk Ratio: 0.7
0	02:01:29.431	EA31337 EURUSD,M1: OpenOrderIsAllowed(): Maximum open and pending orders reached the limit (MaxOrders).
2	02:02:30.702	EA31337 EURUSD,M1: modify #6596710 buy 0.01 EURUSD at 1.10832 sl: 1.10404 tp: 1.10852 ok
2	02:05:02.945	EA31337 EURUSD,M1: modify #6596710 buy 0.01 EURUSD at 1.10832 sl: 1.10404 tp: 1.10854 ok
2	02:05:11.446	EA31337 EURUSD,M1: modify #6596710 buy 0.01 EURUSD at 1.10832 sl: 1.10404 tp: 1.10855 ok
2	02:06:58.535	EA31337 EURUSD,M1: modify #6596710 buy 0.01 EURUSD at 1.10832 sl: 1.10404 tp: 1.10859 ok
2	02:07:26.469	EA31337 EURUSD,M1: modify #6596710 buy 0.01 EURUSD at 1.10832 sl: 1.10404 tp: 1.10861 ok
0	03:00:16.284	EA31337 EURUSD,M1: == New hour: 3
0	04:02:42.439	EA31337 EURUSD,M1: == New hour: 4
0	05:00:56.237	EA31337 EURUSD,M1: == New hour: 5
0	06:00:08.779	EA31337 EURUSD,M1: == New hour: 6
0	06:01:30.850	EA31337 EURUSD,M1: OpenOrderIsAllowed(): Maximum open and pending orders reached the limit (MaxOrders).
0	07:00:32.220	EA31337 EURUSD,M1: == New hour: 7
0	08:03:13.827	EA31337 EURUSD,M1: == New hour: 8
0	09:01:23.157	EA31337 EURUSD,M1: == New hour: 9
0	10:03:47.452	EA31337 EURUSD,M1: == New hour: 10
0	11:00:27.937	EA31337 EURUSD,M1: == New hour: 11
0	11:00:45.320	EA31337 EURUSD,M1: ExecuteOrder(): MarketInfo: Symbol: EURUSD; Ask: 1.10572; Bid: 1.10546; Spread: 26 points = 2.6 pips; 
0	11:00:51.983	EA31337 EURUSD,M1: ExecuteOrder(): OrderSend(): error = invalid price
0	11:00:51.983	EA31337 EURUSD,M1: Error: OrderSend(EURUSD, 1, 0.010000, 1.105460, 50.000000, 1.109720, 1.104630, | spread: 2.6, 31349, 0, 0)
0	11:00:51.983	EA31337 EURUSD,M1: ExecuteOrder(): Account Details: Time: 2015.07.29 11:00:19; Account Balance: ý351.57; Account Equity: ý403.09; Used Margin: ý136.00; Free Margin: ý267.09; No of Orders: 23 (BUY/SELL: 17/6); Risk Ratio: 0.8
0	11:00:51.983	EA31337 EURUSD,M1: ExecuteOrder(): MarketInfo: Symbol: EURUSD; Ask: 1.10572; Bid: 1.10546; Spread: 23 points = 2.6 pips; 
0	11:00:51.983	EA31337 EURUSD,M1: #6590640 2015.07.28 16:00:12 buy 0.01 EURUSD 1.10557 1.10130 1.11250 1.10549 0.00 0.00 -0.05 | spread: 2.3 31411
0	11:00:51.983	EA31337 EURUSD,M1: ExecuteOrder(): MarketInfo: Symbol: EURUSD; Ask: 1.10572; Bid: 1.10549; Spread: 23 points = 2.3 pips; 
2	11:00:53.287	EA31337 EURUSD,M1: open #6599324 buy 0.01 EURUSD at 1.10572 sl: 1.10149 tp: 1.10730 ok
0	11:00:53.287	EA31337 EURUSD,M1: #6599324 2015.07.29 11:00:44 buy 0.01 EURUSD 1.10572 1.10149 1.10730 1.10549 0.00 0.00 -0.15 | spread: 2.6 31350
0	11:00:53.385	EA31337 EURUSD,M1: ExecuteOrder(): Order Details: Ticket: 6599324; Time: 2015.07.29 11:00:19; Comment: | spread: 2.6; Commision: 0; Symbol: EURUSD; Type: Buy; Expiration: 0; Open Price: 1.10572; Close Price: 1.10549; Take Profit: -0.15; Stop Loss: 1.1015; Swap: 0; Lot size: 0.01; Account Details: Time: 2015.07.29 11:00:19; Account Balance: ý351.57; Account Equity: ý402.94; Used Margin: ý144.00; Free Margin: ý258.94; No of Orders: 24 (BUY/SELL: 18/6); Risk Ratio: 0.8
0	11:01:24.768	EA31337 EURUSD,M1: OpenOrderIsAllowed(): Maximum open and pending orders reached the limit (MaxOrders).
2	11:01:35.712	EA31337 EURUSD,M1: modify #6599324 buy 0.01 EURUSD at 1.10572 sl: 1.10149 tp: 1.10731 ok
0	11:01:35.745	EA31337 EURUSD,M1: TaskProcessList(): Processed 1 jobs (0 run, 1 failed (0 removed)).
2	11:01:52.361	EA31337 EURUSD,M1: modify #6599324 buy 0.01 EURUSD at 1.10572 sl: 1.10149 tp: 1.10732 ok
0	11:01:52.361	EA31337 EURUSD,M1: TaskProcessList(): Processed 1 jobs (0 run, 1 failed (0 removed)).
2	11:05:27.625	EA31337 EURUSD,M1: modify #6599324 buy 0.01 EURUSD at 1.10572 sl: 1.10149 tp: 1.10733 ok
0	11:05:27.625	EA31337 EURUSD,M1: TaskProcessList(): Processed 1 jobs (0 run, 1 failed (0 removed)).
0	11:07:46.350	EA31337 EURUSD,M1: TaskProcessList(): Processed 1 jobs (0 run, 1 failed (0 removed)).
2	11:10:07.245	EA31337 EURUSD,M1: modify #6599324 buy 0.01 EURUSD at 1.10572 sl: 1.10149 tp: 1.10737 ok
0	11:10:07.277	EA31337 EURUSD,M1: TaskProcessList(): Processed 1 jobs (0 run, 1 failed (0 removed)).
2	11:12:47.001	EA31337 EURUSD,M1: modify #6599324 buy 0.01 EURUSD at 1.10572 sl: 1.10149 tp: 1.10739 ok
0	11:12:47.001	EA31337 EURUSD,M1: TaskProcessList(): Processed 1 jobs (0 run, 1 failed (1 removed)).
2	11:14:58.557	EA31337 EURUSD,M1: modify #6599324 buy 0.01 EURUSD at 1.10572 sl: 1.10149 tp: 1.10740 ok
2	11:18:36.007	EA31337 EURUSD,M1: modify #6599324 buy 0.01 EURUSD at 1.10572 sl: 1.10149 tp: 1.10742 ok
2	11:22:13.413	EA31337 EURUSD,M1: modify #6599324 buy 0.01 EURUSD at 1.10572 sl: 1.10149 tp: 1.10745 ok
2	11:22:45.328	EA31337 EURUSD,M1: modify #6599324 buy 0.01 EURUSD at 1.10572 sl: 1.10149 tp: 1.10756 ok
2	11:31:13.319	EA31337 EURUSD,M1: modify #6599324 buy 0.01 EURUSD at 1.10572 sl: 1.10149 tp: 1.10774 ok
2	11:35:09.862	EA31337 EURUSD,M1: modify #6599324 buy 0.01 EURUSD at 1.10572 sl: 1.10149 tp: 1.10775 ok
2	11:39:04.973	EA31337 EURUSD,M1: modify #6599324 buy 0.01 EURUSD at 1.10572 sl: 1.10149 tp: 1.10778 ok
2	11:42:31.178	EA31337 EURUSD,M1: modify #6599324 buy 0.01 EURUSD at 1.10572 sl: 1.10149 tp: 1.10790 ok
0	12:01:20.791	EA31337 EURUSD,M1: == New hour: 12
2	12:03:01.153	EA31337 EURUSD,M1: modify #6599324 buy 0.01 EURUSD at 1.10572 sl: 1.10149 tp: 1.10792 ok
0	13:01:32.143	EA31337 EURUSD,M1: == New hour: 13
0	13:44:44.848	EA31337 EURUSD,M1: OpenOrderIsAllowed(): Maximum open and pending orders reached the limit (MaxOrders).
0	14:01:05.108	EA31337 EURUSD,M1: == New hour: 14
0	15:02:28.672	EA31337 EURUSD,M1: == New hour: 15
2	15:07:05.617	EA31337 EURUSD,M1: modify #6574497 sell 0.01 EURUSD at 1.10942 sl: 1.11377 tp: 1.09733 ok
2	15:07:06.562	EA31337 EURUSD,M1: modify #6574502 sell 0.01 EURUSD at 1.10940 sl: 1.11366 tp: 1.09735 ok
2	15:07:07.795	EA31337 EURUSD,M1: modify #6574508 sell 0.01 EURUSD at 1.10912 sl: 1.11335 tp: 1.09733 ok
2	15:07:08.444	EA31337 EURUSD,M1: modify #6574548 sell 0.01 EURUSD at 1.10940 sl: 1.11382 tp: 1.09733 ok
2	15:07:12.706	EA31337 EURUSD,M1: modify #6578912 sell 0.01 EURUSD at 1.11113 sl: 1.11538 tp: 1.09733 ok
2	15:07:19.181	EA31337 EURUSD,M1: modify #6578913 sell 0.01 EURUSD at 1.11113 sl: 1.11538 tp: 1.09736 ok
2	15:11:27.643	EA31337 EURUSD,M1: modify #6574502 sell 0.01 EURUSD at 1.10940 sl: 1.11366 tp: 1.09734 ok
2	15:11:27.906	EA31337 EURUSD,M1: modify #6578913 sell 0.01 EURUSD at 1.11113 sl: 1.11538 tp: 1.09733 ok
0	16:00:18.140	EA31337 EURUSD,M1: == New hour: 16
0	17:03:26.511	EA31337 EURUSD,M1: == New hour: 17
0	18:04:16.045	EA31337 EURUSD,M1: == New hour: 18
2	18:10:00.757	EA31337 EURUSD,M1: modify #6574497 sell 0.01 EURUSD at 1.10942 sl: 1.11377 tp: 1.09687 ok
2	18:10:00.887	EA31337 EURUSD,M1: modify #6574502 sell 0.01 EURUSD at 1.10940 sl: 1.11366 tp: 1.09686 ok
2	18:10:01.081	EA31337 EURUSD,M1: modify #6574508 sell 0.01 EURUSD at 1.10912 sl: 1.11335 tp: 1.09687 ok
2	18:10:01.345	EA31337 EURUSD,M1: modify #6574548 sell 0.01 EURUSD at 1.10940 sl: 1.11382 tp: 1.09688 ok
2	18:10:01.540	EA31337 EURUSD,M1: modify #6578912 sell 0.01 EURUSD at 1.11113 sl: 1.11538 tp: 1.09687 ok
2	18:10:01.767	EA31337 EURUSD,M1: modify #6578913 sell 0.01 EURUSD at 1.11113 sl: 1.11538 tp: 1.09686 ok
2	18:47:31.687	EA31337 EURUSD,M1: modify #6574497 sell 0.01 EURUSD at 1.10942 sl: 1.11377 tp: 1.09684 ok
2	18:47:31.914	EA31337 EURUSD,M1: modify #6574502 sell 0.01 EURUSD at 1.10940 sl: 1.11366 tp: 1.09684 ok
2	18:47:32.174	EA31337 EURUSD,M1: modify #6574508 sell 0.01 EURUSD at 1.10912 sl: 1.11335 tp: 1.09684 ok
2	18:47:32.368	EA31337 EURUSD,M1: modify #6574548 sell 0.01 EURUSD at 1.10940 sl: 1.11382 tp: 1.09684 ok
2	18:47:32.697	EA31337 EURUSD,M1: modify #6578912 sell 0.01 EURUSD at 1.11113 sl: 1.11538 tp: 1.09685 ok
2	18:47:33.013	EA31337 EURUSD,M1: modify #6578913 sell 0.01 EURUSD at 1.11113 sl: 1.11538 tp: 1.09684 ok
2	18:52:27.289	EA31337 EURUSD,M1: modify #6574497 sell 0.01 EURUSD at 1.10942 sl: 1.11377 tp: 1.09666 ok
2	18:52:27.484	EA31337 EURUSD,M1: modify #6574502 sell 0.01 EURUSD at 1.10940 sl: 1.11366 tp: 1.09665 ok
2	18:52:27.716	EA31337 EURUSD,M1: modify #6574508 sell 0.01 EURUSD at 1.10912 sl: 1.11335 tp: 1.09666 ok
2	18:52:27.942	EA31337 EURUSD,M1: modify #6574548 sell 0.01 EURUSD at 1.10940 sl: 1.11382 tp: 1.09666 ok
2	18:52:28.104	EA31337 EURUSD,M1: modify #6578912 sell 0.01 EURUSD at 1.11113 sl: 1.11538 tp: 1.09667 ok
2	18:52:28.335	EA31337 EURUSD,M1: modify #6578913 sell 0.01 EURUSD at 1.11113 sl: 1.11538 tp: 1.09666 ok
2	18:55:24.272	EA31337 EURUSD,M1: modify #6574497 sell 0.01 EURUSD at 1.10942 sl: 1.11377 tp: 1.09608 ok
2	18:55:24.564	EA31337 EURUSD,M1: modify #6574502 sell 0.01 EURUSD at 1.10940 sl: 1.11366 tp: 1.09608 ok
2	18:55:24.726	EA31337 EURUSD,M1: modify #6574508 sell 0.01 EURUSD at 1.10912 sl: 1.11335 tp: 1.09608 ok
2	18:55:25.022	EA31337 EURUSD,M1: modify #6574548 sell 0.01 EURUSD at 1.10940 sl: 1.11382 tp: 1.09609 ok
2	18:55:25.217	EA31337 EURUSD,M1: modify #6578912 sell 0.01 EURUSD at 1.11113 sl: 1.11538 tp: 1.09609 ok
2	18:55:25.444	EA31337 EURUSD,M1: modify #6578913 sell 0.01 EURUSD at 1.11113 sl: 1.11538 tp: 1.09609 ok
0	18:55:38.959	EA31337 EURUSD,M1: ExecuteOrder(): MarketInfo: Symbol: EURUSD; Ask: 1.10066; Bid: 1.10041; Spread: 25 points = 2.5 pips; 
2	18:55:39.742	EA31337 EURUSD,M1: open #6603230 sell 0.01 EURUSD at 1.10045 sl: 1.10466 tp: 1.09928 ok
0	18:55:39.810	EA31337 EURUSD,M1: #6603230 2015.07.29 18:55:30 sell 0.01 EURUSD 1.10045 1.10466 1.09928 1.10071 0.00 0.00 -0.17 | spread: 2.7 31349
0	18:55:39.839	EA31337 EURUSD,M1: ExecuteOrder(): Order Details: Ticket: 6603230; Time: 2015.07.29 18:55:23; Comment: | spread: 2.7; Commision: 0; Symbol: EURUSD; Type: Sell; Expiration: 0; Open Price: 1.10045; Close Price: 1.10071; Take Profit: -0.17; Stop Loss: 1.1047; Swap: 0; Lot size: 0.01; Account Details: Time: 2015.07.29 18:55:23; Account Balance: ý340.69; Account Equity: ý365.59; Used Margin: ý112.00; Free Margin: ý253.59; No of Orders: 21 (BUY/SELL: 14/7); Risk Ratio: 0.7
0	18:55:39.841	EA31337 EURUSD,M1: OpenOrderIsAllowed(): Maximum open and pending orders reached the limit (MaxOrders).
2	18:58:58.654	EA31337 EURUSD,M1: modify #6603230 sell 0.01 EURUSD at 1.10045 sl: 1.10466 tp: 1.09927 ok
2	19:03:43.128	EA31337 EURUSD,M1: modify #6574497 sell 0.01 EURUSD at 1.10942 sl: 1.11377 tp: 1.09587 ok
2	19:03:43.355	EA31337 EURUSD,M1: modify #6574502 sell 0.01 EURUSD at 1.10940 sl: 1.11366 tp: 1.09585 ok
2	19:03:43.582	EA31337 EURUSD,M1: modify #6574508 sell 0.01 EURUSD at 1.10912 sl: 1.11335 tp: 1.09585 ok
2	19:03:43.911	EA31337 EURUSD,M1: modify #6574548 sell 0.01 EURUSD at 1.10940 sl: 1.11382 tp: 1.09585 ok
2	19:03:44.203	EA31337 EURUSD,M1: modify #6578912 sell 0.01 EURUSD at 1.11113 sl: 1.11538 tp: 1.09585 ok
2	19:03:44.430	EA31337 EURUSD,M1: modify #6578913 sell 0.01 EURUSD at 1.11113 sl: 1.11538 tp: 1.09584 ok
2	19:03:44.888	EA31337 EURUSD,M1: modify #6603230 sell 0.01 EURUSD at 1.10045 sl: 1.10466 tp: 1.09915 ok
0	19:03:59.102	EA31337 EURUSD,M1: == New hour: 19
2	19:08:20.651	EA31337 EURUSD,M1: modify #6574497 sell 0.01 EURUSD at 1.10942 sl: 1.11377 tp: 1.09455 ok
0	19:09:15.224	EA31337 EURUSD,M1: ExecuteOrder(): MarketInfo: Symbol: EURUSD; Ask: 1.09876; Bid: 1.09849; Spread: 27 points = 2.7 pips; 
0	19:09:25.878	EA31337 EURUSD,M1: ExecuteOrder(): OrderSend(): error = invalid price
0	19:09:25.878	EA31337 EURUSD,M1: Error: OrderSend(EURUSD, 0, 0.010000, 1.098760, 50.000000, 1.094490, 1.105910, | spread: 2.7, 31351, 0, 0)
0	19:09:25.878	EA31337 EURUSD,M1: ExecuteOrder(): Account Details: Time: 2015.07.29 19:08:21; Account Balance: ý311.21; Account Equity: ý357.05; Used Margin: ý48.00; Free Margin: ý309.05; No of Orders: 9 (BUY/SELL: 3/6); Risk Ratio: 0.6
0	19:09:25.878	EA31337 EURUSD,M1: ExecuteOrder(): MarketInfo: Symbol: EURUSD; Ask: 1.09876; Bid: 1.09849; Spread: 27 points = 2.7 pips; 
0	19:09:25.878	EA31337 EURUSD,M1: #6578913 2015.07.27 16:00:30 sell 0.01 EURUSD 1.11113 1.11538 1.09584 1.09862 0.00 0.00 8.02 | spread: 2.5 31387
0	19:09:26.105	EA31337 EURUSD,M1: ExecuteOrder(): MarketInfo: Symbol: EURUSD; Ask: 1.09862; Bid: 1.09835; Spread: 27 points = 2.7 pips; 
2	19:09:26.956	EA31337 EURUSD,M1: open #6603370 sell 0.01 EURUSD at 1.09835 sl: 1.10262 tp: 1.09435 ok
0	19:09:26.956	EA31337 EURUSD,M1: #6603370 2015.07.29 19:09:17 sell 0.01 EURUSD 1.09835 1.10262 1.09435 1.09863 0.00 0.00 -0.18 | spread: 2.7 31363
0	19:09:26.956	EA31337 EURUSD,M1: ExecuteOrder(): Order Details: Ticket: 6603370; Time: 2015.07.29 19:08:21; Comment: | spread: 2.7; Commision: 0; Symbol: EURUSD; Type: Sell; Expiration: 0; Open Price: 1.09835; Close Price: 1.09863; Take Profit: -0.18; Stop Loss: 1.1026; Swap: 0; Lot size: 0.01; Account Details: Time: 2015.07.29 19:08:21; Account Balance: ý311.21; Account Equity: ý356.80; Used Margin: ý56.00; Free Margin: ý300.80; No of Orders: 10 (BUY/SELL: 3/7); Risk Ratio: 0.6
0	19:09:26.989	EA31337 EURUSD,M1: ExecuteOrder(): MarketInfo: Symbol: EURUSD; Ask: 1.09863; Bid: 1.09835; Spread: 28 points = 2.8 pips; 
2	19:09:27.346	EA31337 EURUSD,M1: open #6603371 sell 0.01 EURUSD at 1.09835 sl: 1.10263 tp: 1.09435 ok
0	19:09:27.346	EA31337 EURUSD,M1: #6603371 2015.07.29 19:09:18 sell 0.01 EURUSD 1.09835 1.10263 1.09435 1.09863 0.00 0.00 -0.18 | spread: 2.7 31364
0	19:09:27.346	EA31337 EURUSD,M1: ExecuteOrder(): Order Details: Ticket: 6603371; Time: 2015.07.29 19:08:21; Comment: | spread: 2.7; Commision: 0; Symbol: EURUSD; Type: Sell; Expiration: 0; Open Price: 1.09835; Close Price: 1.09863; Take Profit: -0.18; Stop Loss: 1.1026; Swap: 0; Lot size: 0.01; Account Details: Time: 2015.07.29 19:08:21; Account Balance: ý311.21; Account Equity: ý356.62; Used Margin: ý64.00; Free Margin: ý292.62; No of Orders: 11 (BUY/SELL: 3/8); Risk Ratio: 0.6
0	19:10:10.139	EA31337 EURUSD,M1: ExecuteOrder(): MarketInfo: Symbol: EURUSD; Ask: 1.09852; Bid: 1.09824; Spread: 28 points = 2.8 pips; 
2	19:10:10.532	EA31337 EURUSD,M1: open #6603393 sell 0.01 EURUSD at 1.09824 sl: 1.10252 tp: 1.08923 ok
0	19:10:10.532	EA31337 EURUSD,M1: #6603393 2015.07.29 19:10:01 sell 0.01 EURUSD 1.09824 1.10252 1.08923 1.09850 0.00 0.00 -0.17 | spread: 2.7 31407
0	19:10:10.532	EA31337 EURUSD,M1: ExecuteOrder(): Order Details: Ticket: 6603393; Time: 2015.07.29 19:08:21; Comment: | spread: 2.7; Commision: 0; Symbol: EURUSD; Type: Sell; Expiration: 0; Open Price: 1.09824; Close Price: 1.09850; Take Profit: -0.17; Stop Loss: 1.1025; Swap: 0; Lot size: 0.01; Account Details: Time: 2015.07.29 19:08:21; Account Balance: ý311.21; Account Equity: ý356.91; Used Margin: ý72.00; Free Margin: ý284.91; No of Orders: 12 (BUY/SELL: 3/9); Risk Ratio: 0.6
0	19:10:10.532	EA31337 EURUSD,M1: ExecuteOrder(): MarketInfo: Symbol: EURUSD; Ask: 1.09850; Bid: 1.09823; Spread: 27 points = 2.7 pips; 
2	19:10:10.759	EA31337 EURUSD,M1: open #6603395 sell 0.01 EURUSD at 1.09824 sl: 1.10250 tp: 1.09423 ok
0	19:10:10.759	EA31337 EURUSD,M1: #6603395 2015.07.29 19:10:01 sell 0.01 EURUSD 1.09824 1.10250 1.09423 1.09850 0.00 0.00 -0.17 | spread: 2.7 31409
0	19:10:10.759	EA31337 EURUSD,M1: ExecuteOrder(): Order Details: Ticket: 6603395; Time: 2015.07.29 19:08:21; Comment: | spread: 2.7; Commision: 0; Symbol: EURUSD; Type: Sell; Expiration: 0; Open Price: 1.09824; Close Price: 1.09850; Take Profit: -0.17; Stop Loss: 1.1025; Swap: 0; Lot size: 0.01; Account Details: Time: 2015.07.29 19:08:21; Account Balance: ý311.21; Account Equity: ý356.68; Used Margin: ý80.00; Free Margin: ý276.68; No of Orders: 13 (BUY/SELL: 3/10); Risk Ratio: 0.6
0	19:10:10.791	EA31337 EURUSD,M1: ExecuteOrder(): MarketInfo: Symbol: EURUSD; Ask: 1.09850; Bid: 1.09823; Spread: 27 points = 2.7 pips; 
2	19:10:10.986	EA31337 EURUSD,M1: open #6603396 sell 0.01 EURUSD at 1.09823 sl: 1.10250 tp: 1.09423 ok
0	19:10:10.986	EA31337 EURUSD,M1: #6603396 2015.07.29 19:10:01 sell 0.01 EURUSD 1.09823 1.10250 1.09423 1.09850 0.00 0.00 -0.17 | spread: 2.7 31410
0	19:10:10.986	EA31337 EURUSD,M1: ExecuteOrder(): Order Details: Ticket: 6603396; Time: 2015.07.29 19:08:21; Comment: | spread: 2.7; Commision: 0; Symbol: EURUSD; Type: Sell; Expiration: 0; Open Price: 1.09823; Close Price: 1.09850; Take Profit: -0.17; Stop Loss: 1.1025; Swap: 0; Lot size: 0.01; Account Details: Time: 2015.07.29 19:08:21; Account Balance: ý311.21; Account Equity: ý356.58; Used Margin: ý88.00; Free Margin: ý268.58; No of Orders: 14 (BUY/SELL: 3/11); Risk Ratio: 0.6
0	19:10:11.018	EA31337 EURUSD,M1: ExecuteOrder(): MarketInfo: Symbol: EURUSD; Ask: 1.09850; Bid: 1.09824; Spread: 26 points = 2.6 pips; 
2	19:10:11.736	EA31337 EURUSD,M1: open #6603397 sell 0.01 EURUSD at 1.09823 sl: 1.10250 tp: 1.09424 ok
0	19:10:11.736	EA31337 EURUSD,M1: #6603397 2015.07.29 19:10:02 sell 0.01 EURUSD 1.09823 1.10250 1.09424 1.09850 0.00 0.00 -0.17 | spread: 2.7 31411
0	19:10:11.736	EA31337 EURUSD,M1: ExecuteOrder(): Order Details: Ticket: 6603397; Time: 2015.07.29 19:08:21; Comment: | spread: 2.7; Commision: 0; Symbol: EURUSD; Type: Sell; Expiration: 0; Open Price: 1.09823; Close Price: 1.09850; Take Profit: -0.17; Stop Loss: 1.1025; Swap: 0; Lot size: 0.01; Account Details: Time: 2015.07.29 19:08:21; Account Balance: ý311.21; Account Equity: ý356.44; Used Margin: ý96.00; Free Margin: ý260.44; No of Orders: 15 (BUY/SELL: 3/12); Risk Ratio: 0.6
0	19:12:16.376	EA31337 EURUSD,M1: OpenOrderIsAllowed(): RSI M1: Maximum open and pending orders per type reached the limit (MaxOrdersPerType).
0	19:12:16.376	EA31337 EURUSD,M1: ExecuteOrder(): MarketInfo: Symbol: EURUSD; Ask: 1.09818; Bid: 1.09791; Spread: 27 points = 2.7 pips; 
2	19:12:16.830	EA31337 EURUSD,M1: open #6603446 buy 0.01 EURUSD at 1.09818 sl: 1.09391 tp: 1.10218 ok
0	19:12:16.830	EA31337 EURUSD,M1: #6603446 2015.07.29 19:12:07 buy 0.01 EURUSD 1.09818 1.09391 1.10218 1.09791 0.00 0.00 -0.17 | spread: 2.7 31430
0	19:12:16.830	EA31337 EURUSD,M1: ExecuteOrder(): Order Details: Ticket: 6603446; Time: 2015.07.29 19:08:21; Comment: | spread: 2.7; Commision: 0; Symbol: EURUSD; Type: Buy; Expiration: 0; Open Price: 1.09818; Close Price: 1.09791; Take Profit: -0.17; Stop Loss: 1.0939; Swap: 0; Lot size: 0.01; Account Details: Time: 2015.07.29 19:08:21; Account Balance: ý311.21; Account Equity: ý358.15; Used Margin: ý96.00; Free Margin: ý262.15; No of Orders: 16 (BUY/SELL: 4/12); Risk Ratio: 0.6
0	19:12:46.446	EA31337 EURUSD,M1: ExecuteOrder(): MarketInfo: Symbol: EURUSD; Ask: 1.09831; Bid: 1.09804; Spread: 27 points = 2.7 pips; 
0	19:12:46.446	EA31337 EURUSD,M1: ExecuteOrder(): OrderSend(): error = invalid price
0	19:12:46.446	EA31337 EURUSD,M1: Error: OrderSend(EURUSD, 1, 0.010000, 1.098040, 50.000000, 1.102310, 1.094030, | spread: 2.7, 31437, 0, 0)
0	19:12:46.446	EA31337 EURUSD,M1: ExecuteOrder(): Account Details: Time: 2015.07.29 19:08:21; Account Balance: ý311.21; Account Equity: ý357.76; Used Margin: ý96.00; Free Margin: ý261.76; No of Orders: 16 (BUY/SELL: 4/12); Risk Ratio: 0.6
0	19:12:46.446	EA31337 EURUSD,M1: ExecuteOrder(): MarketInfo: Symbol: EURUSD; Ask: 1.09831; Bid: 1.09804; Spread: 28 points = 2.7 pips; 
0	19:12:46.446	EA31337 EURUSD,M1: #6603446 2015.07.29 19:12:07 buy 0.01 EURUSD 1.09818 1.09391 1.10218 1.09797 0.00 0.00 -0.13 | spread: 2.7 31430
0	19:12:56.772	EA31337 EURUSD,M1: ExecuteOrder(): MarketInfo: Symbol: EURUSD; Ask: 1.09835; Bid: 1.09807; Spread: 28 points = 2.8 pips; 
2	19:12:57.019	EA31337 EURUSD,M1: open #6603450 sell 0.01 EURUSD at 1.09807 sl: 1.10235 tp: 1.09407 ok
0	19:12:57.019	EA31337 EURUSD,M1: #6603450 2015.07.29 19:12:47 sell 0.01 EURUSD 1.09807 1.10235 1.09407 1.09835 0.00 0.00 -0.18 | spread: 2.7 31439
0	19:12:57.019	EA31337 EURUSD,M1: ExecuteOrder(): Order Details: Ticket: 6603450; Time: 2015.07.29 19:08:21; Comment: | spread: 2.7; Commision: 0; Symbol: EURUSD; Type: Sell; Expiration: 0; Open Price: 1.09807; Close Price: 1.09835; Take Profit: -0.18; Stop Loss: 1.1023; Swap: 0; Lot size: 0.01; Account Details: Time: 2015.07.29 19:08:21; Account Balance: ý311.21; Account Equity: ý356.99; Used Margin: ý104.00; Free Margin: ý252.99; No of Orders: 17 (BUY/SELL: 4/13); Risk Ratio: 0.6
0	19:12:57.052	EA31337 EURUSD,M1: ExecuteOrder(): MarketInfo: Symbol: EURUSD; Ask: 1.09835; Bid: 1.09808; Spread: 27 points = 2.7 pips; 
2	19:12:57.248	EA31337 EURUSD,M1: open #6603451 sell 0.01 EURUSD at 1.09807 sl: 1.10235 tp: 1.09408 ok
0	19:12:57.248	EA31337 EURUSD,M1: #6603451 2015.07.29 19:12:48 sell 0.01 EURUSD 1.09807 1.10235 1.09408 1.09835 0.00 0.00 -0.18 | spread: 2.7 31440
0	19:12:57.248	EA31337 EURUSD,M1: ExecuteOrder(): Order Details: Ticket: 6603451; Time: 2015.07.29 19:08:21; Comment: | spread: 2.7; Commision: 0; Symbol: EURUSD; Type: Sell; Expiration: 0; Open Price: 1.09807; Close Price: 1.09835; Take Profit: -0.18; Stop Loss: 1.1023; Swap: 0; Lot size: 0.01; Account Details: Time: 2015.07.29 19:08:21; Account Balance: ý311.21; Account Equity: ý356.81; Used Margin: ý112.00; Free Margin: ý244.81; No of Orders: 18 (BUY/SELL: 4/14); Risk Ratio: 0.6
2	19:13:08.756	EA31337 EURUSD,M1: modify #6574497 sell 0.01 EURUSD at 1.10942 sl: 1.11377 tp: 1.09412 ok
2	19:13:08.920	EA31337 EURUSD,M1: modify #6574502 sell 0.01 EURUSD at 1.10940 sl: 1.11366 tp: 1.09411 ok
2	19:13:09.182	EA31337 EURUSD,M1: modify #6574508 sell 0.01 EURUSD at 1.10912 sl: 1.11335 tp: 1.09411 ok
2	19:13:09.344	EA31337 EURUSD,M1: modify #6574548 sell 0.01 EURUSD at 1.10940 sl: 1.11382 tp: 1.09411 ok
2	19:13:09.571	EA31337 EURUSD,M1: modify #6578912 sell 0.01 EURUSD at 1.11113 sl: 1.11538 tp: 1.09411 ok
2	19:13:09.765	EA31337 EURUSD,M1: modify #6578913 sell 0.01 EURUSD at 1.11113 sl: 1.11538 tp: 1.09410 ok
2	19:13:10.090	EA31337 EURUSD,M1: modify #6603370 sell 0.01 EURUSD at 1.09835 sl: 1.10262 tp: 1.09410 ok
2	19:13:10.256	EA31337 EURUSD,M1: modify #6603371 sell 0.01 EURUSD at 1.09835 sl: 1.10263 tp: 1.09410 ok
2	19:13:10.547	EA31337 EURUSD,M1: modify #6603393 sell 0.01 EURUSD at 1.09824 sl: 1.10252 tp: 1.08775 ok
2	19:13:10.742	EA31337 EURUSD,M1: modify #6603395 sell 0.01 EURUSD at 1.09824 sl: 1.10250 tp: 1.09410 ok
2	19:13:10.904	EA31337 EURUSD,M1: modify #6603396 sell 0.01 EURUSD at 1.09823 sl: 1.10250 tp: 1.09410 ok
2	19:13:11.103	EA31337 EURUSD,M1: modify #6603397 sell 0.01 EURUSD at 1.09823 sl: 1.10250 tp: 1.09410 ok
2	19:13:11.391	EA31337 EURUSD,M1: modify #6603446 buy 0.01 EURUSD at 1.09818 sl: 1.09391 tp: 1.10240 ok
0	19:13:11.391	EA31337 EURUSD,M1: OpenOrderIsAllowed(): Maximum open and pending orders reached the limit (MaxOrders).
0	19:13:11.423	EA31337 EURUSD,M1: TaskProcessList(): Processed 2 jobs (0 run, 2 failed (0 removed)).
2	19:14:40.997	EA31337 EURUSD,M1: modify #6603446 buy 0.01 EURUSD at 1.09818 sl: 1.09391 tp: 1.10249 ok
0	19:14:40.998	EA31337 EURUSD,M1: TaskProcessList(): Processed 2 jobs (0 run, 2 failed (0 removed)).
2	19:15:22.287	EA31337 EURUSD,M1: modify #6574497 sell 0.01 EURUSD at 1.10942 sl: 1.11377 tp: 1.09395 ok
2	19:15:22.482	EA31337 EURUSD,M1: modify #6574502 sell 0.01 EURUSD at 1.10940 sl: 1.11366 tp: 1.09396 ok
2	19:15:22.774	EA31337 EURUSD,M1: modify #6574508 sell 0.01 EURUSD at 1.10912 sl: 1.11335 tp: 1.09393 ok
2	19:15:22.936	EA31337 EURUSD,M1: modify #6574548 sell 0.01 EURUSD at 1.10940 sl: 1.11382 tp: 1.09395 ok
2	19:15:23.098	EA31337 EURUSD,M1: modify #6578912 sell 0.01 EURUSD at 1.11113 sl: 1.11538 tp: 1.09395 ok
2	19:15:23.362	EA31337 EURUSD,M1: modify #6578913 sell 0.01 EURUSD at 1.11113 sl: 1.11538 tp: 1.09395 ok
2	19:15:23.492	EA31337 EURUSD,M1: modify #6603370 sell 0.01 EURUSD at 1.09835 sl: 1.10262 tp: 1.09395 ok
2	19:15:23.654	EA31337 EURUSD,M1: modify #6603371 sell 0.01 EURUSD at 1.09835 sl: 1.10263 tp: 1.09395 ok
2	19:15:23.913	EA31337 EURUSD,M1: modify #6603395 sell 0.01 EURUSD at 1.09824 sl: 1.10250 tp: 1.09395 ok
2	19:15:24.140	EA31337 EURUSD,M1: modify #6603396 sell 0.01 EURUSD at 1.09823 sl: 1.10250 tp: 1.09395 ok
2	19:15:24.303	EA31337 EURUSD,M1: modify #6603397 sell 0.01 EURUSD at 1.09823 sl: 1.10250 tp: 1.09393 ok
2	19:15:25.118	EA31337 EURUSD,M1: modify #6603450 sell 0.01 EURUSD at 1.09807 sl: 1.10235 tp: 1.09393 ok
2	19:15:25.312	EA31337 EURUSD,M1: modify #6603451 sell 0.01 EURUSD at 1.09807 sl: 1.10235 tp: 1.09393 ok
0	19:15:25.312	EA31337 EURUSD,M1: TaskProcessList(): Processed 2 jobs (0 run, 2 failed (0 removed)).
2	19:15:57.947	EA31337 EURUSD,M1: modify #6574497 sell 0.01 EURUSD at 1.10942 sl: 1.11377 tp: 1.09354 ok
2	19:15:58.239	EA31337 EURUSD,M1: modify #6574502 sell 0.01 EURUSD at 1.10940 sl: 1.11366 tp: 1.09355 ok
2	19:15:58.697	EA31337 EURUSD,M1: modify #6574508 sell 0.01 EURUSD at 1.10912 sl: 1.11335 tp: 1.09354 ok
2	19:15:59.508	EA31337 EURUSD,M1: modify #6574548 sell 0.01 EURUSD at 1.10940 sl: 1.11382 tp: 1.09354 ok
2	19:15:59.670	EA31337 EURUSD,M1: modify #6578912 sell 0.01 EURUSD at 1.11113 sl: 1.11538 tp: 1.09354 ok
2	19:15:59.832	EA31337 EURUSD,M1: modify #6578913 sell 0.01 EURUSD at 1.11113 sl: 1.11538 tp: 1.09354 ok
2	19:16:00.352	EA31337 EURUSD,M1: modify #6603370 sell 0.01 EURUSD at 1.09835 sl: 1.10262 tp: 1.09354 ok
2	19:16:00.647	EA31337 EURUSD,M1: modify #6603371 sell 0.01 EURUSD at 1.09835 sl: 1.10263 tp: 1.09355 ok
2	19:16:01.004	EA31337 EURUSD,M1: modify #6603395 sell 0.01 EURUSD at 1.09824 sl: 1.10250 tp: 1.09355 ok
2	19:16:01.201	EA31337 EURUSD,M1: modify #6603396 sell 0.01 EURUSD at 1.09823 sl: 1.10250 tp: 1.09355 ok
2	19:16:01.491	EA31337 EURUSD,M1: modify #6603397 sell 0.01 EURUSD at 1.09823 sl: 1.10250 tp: 1.09355 ok
2	19:16:01.884	EA31337 EURUSD,M1: modify #6603450 sell 0.01 EURUSD at 1.09807 sl: 1.10235 tp: 1.09355 ok
2	19:16:02.664	EA31337 EURUSD,M1: modify #6603451 sell 0.01 EURUSD at 1.09807 sl: 1.10235 tp: 1.09354 ok
0	19:16:02.696	EA31337 EURUSD,M1: TaskProcessList(): Processed 2 jobs (0 run, 2 failed (0 removed)).
2	19:16:31.071	EA31337 EURUSD,M1: modify #6603393 sell 0.01 EURUSD at 1.09824 sl: 1.10252 tp: 1.08678 ok
0	19:16:31.071	EA31337 EURUSD,M1: TaskProcessList(): Processed 2 jobs (0 run, 2 failed (0 removed)).
2	19:17:29.164	EA31337 EURUSD,M1: modify #6574497 sell 0.01 EURUSD at 1.10942 sl: 1.11377 tp: 1.09308 ok
2	19:17:29.456	EA31337 EURUSD,M1: modify #6574502 sell 0.01 EURUSD at 1.10940 sl: 1.11366 tp: 1.09308 ok
2	19:17:30.141	EA31337 EURUSD,M1: modify #6574508 sell 0.01 EURUSD at 1.10912 sl: 1.11335 tp: 1.09308 ok
2	19:17:30.502	EA31337 EURUSD,M1: modify #6574548 sell 0.01 EURUSD at 1.10940 sl: 1.11382 tp: 1.09308 ok
2	19:17:30.664	EA31337 EURUSD,M1: modify #6578912 sell 0.01 EURUSD at 1.11113 sl: 1.11538 tp: 1.09308 ok
2	19:17:30.827	EA31337 EURUSD,M1: modify #6578913 sell 0.01 EURUSD at 1.11113 sl: 1.11538 tp: 1.09308 ok
2	19:17:30.989	EA31337 EURUSD,M1: modify #6603370 sell 0.01 EURUSD at 1.09835 sl: 1.10262 tp: 1.09308 ok
2	19:17:31.188	EA31337 EURUSD,M1: modify #6603371 sell 0.01 EURUSD at 1.09835 sl: 1.10263 tp: 1.09307 ok
2	19:17:31.350	EA31337 EURUSD,M1: modify #6603393 sell 0.01 EURUSD at 1.09824 sl: 1.10252 tp: 1.08661 ok
2	19:17:31.514	EA31337 EURUSD,M1: modify #6603395 sell 0.01 EURUSD at 1.09824 sl: 1.10250 tp: 1.09309 ok
2	19:17:32.063	EA31337 EURUSD,M1: modify #6603396 sell 0.01 EURUSD at 1.09823 sl: 1.10250 tp: 1.09309 ok
2	19:17:32.357	EA31337 EURUSD,M1: modify #6603397 sell 0.01 EURUSD at 1.09823 sl: 1.10250 tp: 1.09309 ok
2	19:17:32.749	EA31337 EURUSD,M1: modify #6603450 sell 0.01 EURUSD at 1.09807 sl: 1.10235 tp: 1.09309 ok
2	19:17:33.008	EA31337 EURUSD,M1: modify #6603451 sell 0.01 EURUSD at 1.09807 sl: 1.10235 tp: 1.09309 ok
0	19:17:33.008	EA31337 EURUSD,M1: TaskProcessList(): Processed 2 jobs (0 run, 2 failed (2 removed)).
2	19:18:32.414	EA31337 EURUSD,M1: modify #6574497 sell 0.01 EURUSD at 1.10942 sl: 1.11377 tp: 1.09285 ok
2	19:18:32.710	EA31337 EURUSD,M1: modify #6574502 sell 0.01 EURUSD at 1.10940 sl: 1.11366 tp: 1.09285 ok
2	19:18:33.002	EA31337 EURUSD,M1: modify #6574508 sell 0.01 EURUSD at 1.10912 sl: 1.11335 tp: 1.09285 ok
2	19:18:33.165	EA31337 EURUSD,M1: modify #6574548 sell 0.01 EURUSD at 1.10940 sl: 1.11382 tp: 1.09285 ok
2	19:18:33.720	EA31337 EURUSD,M1: modify #6578912 sell 0.01 EURUSD at 1.11113 sl: 1.11538 tp: 1.09284 ok
2	19:18:33.882	EA31337 EURUSD,M1: modify #6578913 sell 0.01 EURUSD at 1.11113 sl: 1.11538 tp: 1.09285 ok
2	19:18:34.373	EA31337 EURUSD,M1: modify #6603370 sell 0.01 EURUSD at 1.09835 sl: 1.10262 tp: 1.09285 ok
2	19:18:34.892	EA31337 EURUSD,M1: modify #6603371 sell 0.01 EURUSD at 1.09835 sl: 1.10263 tp: 1.09283 ok
2	19:18:35.383	EA31337 EURUSD,M1: modify #6603393 sell 0.01 EURUSD at 1.09824 sl: 1.10252 tp: 1.08565 ok
2	19:18:35.675	EA31337 EURUSD,M1: modify #6603395 sell 0.01 EURUSD at 1.09824 sl: 1.10250 tp: 1.09284 ok
2	19:18:36.097	EA31337 EURUSD,M1: modify #6603396 sell 0.01 EURUSD at 1.09823 sl: 1.10250 tp: 1.09284 ok
2	19:18:36.523	EA31337 EURUSD,M1: modify #6603397 sell 0.01 EURUSD at 1.09823 sl: 1.10250 tp: 1.09283 ok
2	19:18:36.977	EA31337 EURUSD,M1: modify #6603450 sell 0.01 EURUSD at 1.09807 sl: 1.10235 tp: 1.09283 ok
2	19:18:37.399	EA31337 EURUSD,M1: modify #6603451 sell 0.01 EURUSD at 1.09807 sl: 1.10235 tp: 1.09284 ok
2	19:19:47.180	EA31337 EURUSD,M1: modify #6603393 sell 0.01 EURUSD at 1.09824 sl: 1.10252 tp: 1.08548 ok
0	19:28:41.625	EA31337 EURUSD,M1: OpenOrderIsAllowed(): Maximum open and pending orders reached the limit (MaxOrders).
2	19:30:28.515	EA31337 EURUSD,M1: modify #6603446 buy 0.01 EURUSD at 1.09818 sl: 1.09391 tp: 1.10250 ok
2	19:35:49.962	EA31337 EURUSD,M1: modify #6603446 buy 0.01 EURUSD at 1.09818 sl: 1.09391 tp: 1.10253 ok
0	20:02:05.582	EA31337 EURUSD,M1: == New hour: 20
2	20:23:33.464	EA31337 EURUSD,M1: modify #6603446 buy 0.01 EURUSD at 1.09818 sl: 1.09391 tp: 1.10266 ok
2	20:24:47.898	EA31337 EURUSD,M1: modify #6603446 buy 0.01 EURUSD at 1.09818 sl: 1.09391 tp: 1.10292 ok
2	20:26:28.321	EA31337 EURUSD,M1: modify #6603446 buy 0.01 EURUSD at 1.09818 sl: 1.09391 tp: 1.10296 ok
2	20:47:21.520	EA31337 EURUSD,M1: modify #6603446 buy 0.01 EURUSD at 1.09818 sl: 1.09391 tp: 1.10320 ok
0	20:59:25.169	EA31337 EURUSD,M1: OpenOrderIsAllowed(): Maximum open and pending orders reached the limit (MaxOrders).
0	20:59:26.704	EA31337 EURUSD,M1: OpenOrderIsAllowed(): Maximum open and pending orders reached the limit (MaxOrders).
0	20:59:28.400	EA31337 EURUSD,M1: OpenOrderIsAllowed(): Maximum open and pending orders reached the limit (MaxOrders).
0	20:59:33.518	EA31337 EURUSD,M1: OpenOrderIsAllowed(): Maximum open and pending orders reached the limit (MaxOrders).
0	20:59:33.619	EA31337 EURUSD,M1: OpenOrderIsAllowed(): Maximum open and pending orders reached the limit (MaxOrders).
0	20:59:33.648	EA31337 EURUSD,M1: OpenOrderIsAllowed(): Maximum open and pending orders reached the limit (MaxOrders).
0	20:59:36.423	EA31337 EURUSD,M1: OpenOrderIsAllowed(): Maximum open and pending orders reached the limit (MaxOrders).
0	20:59:36.488	EA31337 EURUSD,M1: OpenOrderIsAllowed(): Maximum open and pending orders reached the limit (MaxOrders).
0	20:59:36.488	EA31337 EURUSD,M1: OpenOrderIsAllowed(): Maximum open and pending orders reached the limit (MaxOrders).
0	21:00:10.137	EA31337 EURUSD,M1: == New hour: 21
0	21:00:10.689	EA31337 EURUSD,M1: ExecuteOrder(): MarketInfo: Symbol: EURUSD; Ask: 1.09868; Bid: 1.09802; Spread: 66 points = 6.6 pips; 
2	21:00:10.980	EA31337 EURUSD,M1: open #6604073 sell 0.01 EURUSD at 1.09803 sl: 1.10268 tp: 1.09588 ok
0	21:00:10.980	EA31337 EURUSD,M1: #6604073 2015.07.29 21:00:01 sell 0.01 EURUSD 1.09803 1.10268 1.09588 1.09868 0.00 0.00 -0.41 | spread: 6.6 31350
0	21:00:10.980	EA31337 EURUSD,M1: ExecuteOrder(): Order Details: Ticket: 6604073; Time: 2015.07.29 21:00:00; Comment: | spread: 6.6; Commision: 0; Symbol: EURUSD; Type: Sell; Expiration: 0; Open Price: 1.09803; Close Price: 1.09868; Take Profit: -0.41; Stop Loss: 1.1027; Swap: 0; Lot size: 0.01; Account Details: Time: 2015.07.29 21:00:00; Account Balance: ý311.21; Account Equity: ý353.35; Used Margin: ý120.00; Free Margin: ý233.35; No of Orders: 19 (BUY/SELL: 4/15); Risk Ratio: 0.7
0	21:00:11.532	EA31337 EURUSD,M1: OpenOrderIsAllowed(): Maximum open and pending orders reached the limit (MaxOrders).
0	21:00:11.694	EA31337 EURUSD,M1: OpenOrderIsAllowed(): Maximum open and pending orders reached the limit (MaxOrders).
0	21:00:14.074	EA31337 EURUSD,M1: OpenOrderIsAllowed(): Maximum open and pending orders reached the limit (MaxOrders).
0	21:00:14.074	EA31337 EURUSD,M1: OpenOrderIsAllowed(): Maximum open and pending orders reached the limit (MaxOrders).
0	21:00:16.779	EA31337 EURUSD,M1: OpenOrderIsAllowed(): Maximum open and pending orders reached the limit (MaxOrders).
0	21:03:40.829	EA31337 EURUSD,M1: OpenOrderIsAllowed(): Maximum open and pending orders reached the limit (MaxOrders).
0	21:03:41.515	EA31337 EURUSD,M1: OpenOrderIsAllowed(): Maximum open and pending orders reached the limit (MaxOrders).
0	21:16:25.142	EA31337 EURUSD,M1: OpenOrderIsAllowed(): Maximum open and pending orders reached the limit (MaxOrders).
0	21:36:56.190	EA31337 EURUSD,M1: OpenOrderIsAllowed(): Maximum open and pending orders reached the limit (MaxOrders).
0	22:00:12.590	EA31337 EURUSD,M1: == New hour: 22
0	23:02:18.411	EA31337 EURUSD,M1: == New hour: 23
