0	00:17:09.241	EA31337 EURUSD,M1: == New hour: 0
0	00:17:18.768	EA31337 EURUSD,M1: == New day (day of month: 18; day of year: 322) ==
0	00:17:18.768	EA31337 EURUSD,M1: Daily max: Tick: 5.1; Spread: 43; Max orders: 31; Loss: 0; Profit: 0; Equity: 1072.86; Balance: 1055.28; 
0	00:17:18.800	EA31337 EURUSD,M1: Daily SAR stats: Period: 0, Buy: 244 / Sell: 176; Period: 1, Buy: 104 / Sell: 170; Period: 2, Buy: 198 / Sell: 223; Period: 3, Buy: 116 / Sell: 299; Period: 4, Buy: 0 / Sell: 0; Period: 5, Buy: 0 / Sell: 0; Period: 6, Buy: 0 / Sell: 0; Period: 7, Buy: 0 / Sell: 0; Period: 8, Buy: 0 / Sell: 0; 
0	00:17:18.800	EA31337 EURUSD,M1: Daily strategy stats: 
0	01:01:38.288	EA31337 EURUSD,M1: == New hour: 1
0	02:01:23.363	EA31337 EURUSD,M1: == New hour: 2
0	03:03:38.793	EA31337 EURUSD,M1: == New hour: 3
0	04:01:13.023	EA31337 EURUSD,M1: == New hour: 4
0	05:03:22.831	EA31337 EURUSD,M1: == New hour: 5
0	06:00:34.780	EA31337 EURUSD,M1: == New hour: 6
0	07:01:55.411	EA31337 EURUSD,M1: == New hour: 7
0	08:03:46.999	EA31337 EURUSD,M1: == New hour: 8
2	08:10:48.967	EA31337 EURUSD,M1: modify #7602014 buy 0.02 EURUSD at 1.06357 sl: 1.05931 tp: 1.07017 ok
2	08:16:30.752	EA31337 EURUSD,M1: modify #7602014 buy 0.02 EURUSD at 1.06357 sl: 1.05931 tp: 1.07100 ok
2	08:21:50.503	EA31337 EURUSD,M1: modify #7602014 buy 0.02 EURUSD at 1.06357 sl: 1.05931 tp: 1.07113 ok
2	08:28:00.535	EA31337 EURUSD,M1: modify #7602014 buy 0.02 EURUSD at 1.06357 sl: 1.05931 tp: 1.07125 ok
2	08:51:33.330	EA31337 EURUSD,M1: modify #7602014 buy 0.02 EURUSD at 1.06357 sl: 1.05931 tp: 1.07145 ok
0	09:03:13.301	EA31337 EURUSD,M1: == New hour: 9
2	09:15:39.993	EA31337 EURUSD,M1: modify #7596606 buy 0.02 EURUSD at 1.06648 sl: 1.06222 tp: 1.07210 ok
2	09:15:40.929	EA31337 EURUSD,M1: modify #7596673 buy 0.02 EURUSD at 1.06616 sl: 1.06189 tp: 1.07210 ok
2	09:15:41.221	EA31337 EURUSD,M1: modify #7602014 buy 0.02 EURUSD at 1.06357 sl: 1.05931 tp: 1.07210 ok
2	09:22:16.128	EA31337 EURUSD,M1: modify #7596606 buy 0.02 EURUSD at 1.06648 sl: 1.06222 tp: 1.07217 ok
2	09:22:17.268	EA31337 EURUSD,M1: modify #7596673 buy 0.02 EURUSD at 1.06616 sl: 1.06189 tp: 1.07217 ok
2	09:22:17.402	EA31337 EURUSD,M1: modify #7602014 buy 0.02 EURUSD at 1.06357 sl: 1.05931 tp: 1.07216 ok
2	09:24:40.564	EA31337 EURUSD,M1: modify #7596606 buy 0.02 EURUSD at 1.06648 sl: 1.06222 tp: 1.07231 ok
2	09:24:41.250	EA31337 EURUSD,M1: modify #7596673 buy 0.02 EURUSD at 1.06616 sl: 1.06189 tp: 1.07231 ok
2	09:24:41.470	EA31337 EURUSD,M1: modify #7602014 buy 0.02 EURUSD at 1.06357 sl: 1.05931 tp: 1.07231 ok
2	09:28:24.634	EA31337 EURUSD,M1: modify #7596606 buy 0.02 EURUSD at 1.06648 sl: 1.06222 tp: 1.07244 ok
2	09:28:24.865	EA31337 EURUSD,M1: modify #7596673 buy 0.02 EURUSD at 1.06616 sl: 1.06189 tp: 1.07244 ok
2	09:28:25.092	EA31337 EURUSD,M1: modify #7602014 buy 0.02 EURUSD at 1.06357 sl: 1.05931 tp: 1.07244 ok
2	09:31:51.571	EA31337 EURUSD,M1: modify #7596606 buy 0.02 EURUSD at 1.06648 sl: 1.06222 tp: 1.07314 ok
2	09:31:51.799	EA31337 EURUSD,M1: modify #7596673 buy 0.02 EURUSD at 1.06616 sl: 1.06189 tp: 1.07313 ok
2	09:31:51.993	EA31337 EURUSD,M1: modify #7602014 buy 0.02 EURUSD at 1.06357 sl: 1.05931 tp: 1.07312 ok
0	10:02:49.964	EA31337 EURUSD,M1: == New hour: 10
0	11:00:27.708	EA31337 EURUSD,M1: == New hour: 11
0	12:03:36.070	EA31337 EURUSD,M1: == New hour: 12
0	12:03:56.635	EA31337 EURUSD,M1: ExecuteOrder(): MarketInfo: Symbol: EURUSD; Ask: 1.06661; Bid: 1.06636; Spread: 25 points = 2.5 pips; 
0	12:04:00.637	EA31337 EURUSD,M1: ExecuteOrder(): OrderSend(): error = invalid price
0	12:04:00.637	EA31337 EURUSD,M1: Error: OrderSend(EURUSD, 1, 0.020000, 1.066360, 50.000000, 1.070610, 1.065330, | spread: 2.5, 31350, 0, 0)
0	12:04:00.647	EA31337 EURUSD,M1: ExecuteOrder(): Account Details: Time: 2015.11.18 12:03:27; Account Balance: ý886.47; Account Equity: ý962.73; Used Margin: ý320.00; Free Margin: ý642.73; No of Orders: 23 (BUY/SELL: 4/19); Risk Ratio: 0.7
0	12:04:00.647	EA31337 EURUSD,M1: ExecuteOrder(): MarketInfo: Symbol: EURUSD; Ask: 1.06661; Bid: 1.06636; Spread: 25 points = 2.5 pips; 
0	12:04:00.647	EA31337 EURUSD,M1: #7602014 2015.11.17 17:03:38 buy 0.02 EURUSD 1.06357 1.05931 1.07312 1.06633 0.00 0.00 3.63 | spread: 2.6 31409
0	12:05:13.167	EA31337 EURUSD,M1: OpenOrderIsAllowed(): MACD M1: Maximum open and pending orders per type reached the limit (MaxOrdersPerType).
0	12:05:13.353	EA31337 EURUSD,M1: ExecuteOrder(): MarketInfo: Symbol: EURUSD; Ask: 1.06655; Bid: 1.06633; Spread: 22 points = 2.2 pips; 
2	12:05:13.799	EA31337 EURUSD,M1: open #7610343 buy 0.02 EURUSD at 1.06655 sl: 1.06233 tp: 1.07055 ok
0	12:05:13.799	EA31337 EURUSD,M1: #7610343 2015.11.18 12:05:04 buy 0.02 EURUSD 1.06655 1.06233 1.07055 1.06633 0.00 0.00 -0.29 | spread: 2.5 31410
0	12:05:13.799	EA31337 EURUSD,M1: ExecuteOrder(): Order Details: Ticket: 7610343; Time: 2015.11.18 12:03:27; Comment: | spread: 2.5; Commision: 0; Symbol: EURUSD; Type: Buy; Expiration: 0; Open Price: 1.06655; Close Price: 1.06633; Take Profit: -0.29; Stop Loss: 1.0623; Swap: 0; Lot size: 0.02; Account Details: Time: 2015.11.18 12:03:27; Account Balance: ý886.47; Account Equity: ý963.14; Used Margin: ý320.00; Free Margin: ý643.14; No of Orders: 24 (BUY/SELL: 5/19); Risk Ratio: 0.7
0	12:05:13.961	EA31337 EURUSD,M1: OpenOrderIsAllowed(): Maximum open and pending orders reached the limit (MaxOrders).
2	12:07:00.679	EA31337 EURUSD,M1: modify #7610343 buy 0.02 EURUSD at 1.06655 sl: 1.06233 tp: 1.07080 ok
0	12:07:00.679	EA31337 EURUSD,M1: TaskProcessList(): Processed 1 jobs (0 run, 1 failed (0 removed)).
2	12:10:13.574	EA31337 EURUSD,M1: modify #7610343 buy 0.02 EURUSD at 1.06655 sl: 1.06233 tp: 1.07112 ok
0	12:10:17.602	EA31337 EURUSD,M1: TaskProcessList(): Processed 1 jobs (0 run, 1 failed (0 removed)).
2	12:12:49.704	EA31337 EURUSD,M1: modify #7610343 buy 0.02 EURUSD at 1.06655 sl: 1.06233 tp: 1.07144 ok
0	12:12:49.704	EA31337 EURUSD,M1: TaskProcessList(): Processed 1 jobs (0 run, 1 failed (0 removed)).
0	12:15:28.882	EA31337 EURUSD,M1: TaskProcessList(): Processed 1 jobs (0 run, 1 failed (0 removed)).
0	12:17:18.799	EA31337 EURUSD,M1: TaskProcessList(): Processed 1 jobs (0 run, 1 failed (0 removed)).
0	12:20:24.061	EA31337 EURUSD,M1: TaskProcessList(): Processed 1 jobs (0 run, 1 failed (1 removed)).
0	13:00:29.551	EA31337 EURUSD,M1: == New hour: 13
0	14:02:39.431	EA31337 EURUSD,M1: == New hour: 14
0	14:03:50.371	EA31337 EURUSD,M1: ExecuteOrder(): MarketInfo: Symbol: EURUSD; Ask: 1.06650; Bid: 1.06624; Spread: 26 points = 2.6 pips; 
2	14:03:51.271	EA31337 EURUSD,M1: open #7611032 buy 0.02 EURUSD at 1.06650 sl: 1.06224 tp: 1.06895 ok
0	14:03:51.271	EA31337 EURUSD,M1: #7611032 2015.11.18 14:03:41 buy 0.02 EURUSD 1.06650 1.06224 1.06895 1.06624 0.00 0.00 -0.34 | spread: 2.6 31352
0	14:03:51.271	EA31337 EURUSD,M1: ExecuteOrder(): Order Details: Ticket: 7611032; Time: 2015.11.18 14:02:30; Comment: | spread: 2.6; Commision: 0; Symbol: EURUSD; Type: Buy; Expiration: 0; Open Price: 1.06650; Close Price: 1.06624; Take Profit: -0.34; Stop Loss: 1.0622; Swap: 0; Lot size: 0.02; Account Details: Time: 2015.11.18 14:02:30; Account Balance: ý886.47; Account Equity: ý963.59; Used Margin: ý320.00; Free Margin: ý643.59; No of Orders: 25 (BUY/SELL: 6/19); Risk Ratio: 0.7
0	14:05:24.624	EA31337 EURUSD,M1: OpenOrderIsAllowed(): Maximum open and pending orders reached the limit (MaxOrders).
2	14:07:05.142	EA31337 EURUSD,M1: modify #7611032 buy 0.02 EURUSD at 1.06650 sl: 1.06224 tp: 1.06896 ok
2	14:40:05.912	EA31337 EURUSD,M1: modify #7611032 buy 0.02 EURUSD at 1.06650 sl: 1.06224 tp: 1.06899 ok
2	14:44:38.176	EA31337 EURUSD,M1: modify #7610343 buy 0.02 EURUSD at 1.06655 sl: 1.06233 tp: 1.07155 ok
2	14:47:37.596	EA31337 EURUSD,M1: modify #7611032 buy 0.02 EURUSD at 1.06650 sl: 1.06224 tp: 1.06900 ok
2	14:54:41.494	EA31337 EURUSD,M1: modify #7611032 buy 0.02 EURUSD at 1.06650 sl: 1.06224 tp: 1.06902 ok
2	15:01:46.562	EA31337 EURUSD,M1: modify #7611032 buy 0.02 EURUSD at 1.06650 sl: 1.06224 tp: 1.06903 ok
0	15:03:01.590	EA31337 EURUSD,M1: == New hour: 15
0	15:05:26.958	EA31337 EURUSD,M1: ExecuteOrder(): MarketInfo: Symbol: EURUSD; Ask: 1.06642; Bid: 1.06616; Spread: 26 points = 2.6 pips; 
0	15:05:40.736	EA31337 EURUSD,M1: ExecuteOrder(): OrderSend(): error = invalid price
0	15:05:40.736	EA31337 EURUSD,M1: Error: OrderSend(EURUSD, 1, 0.020000, 1.066160, 50.000000, 1.070420, 1.062170, | spread: 2.6, 31361, 0, 0)
0	15:05:40.736	EA31337 EURUSD,M1: ExecuteOrder(): Account Details: Time: 2015.11.18 15:02:52; Account Balance: ý886.47; Account Equity: ý966.66; Used Margin: ý320.00; Free Margin: ý646.66; No of Orders: 25 (BUY/SELL: 6/19); Risk Ratio: 0.7
0	15:05:40.736	EA31337 EURUSD,M1: ExecuteOrder(): MarketInfo: Symbol: EURUSD; Ask: 1.06642; Bid: 1.06616; Spread: 27 points = 2.6 pips; 
0	15:05:40.736	EA31337 EURUSD,M1: #7611032 2015.11.18 14:03:41 buy 0.02 EURUSD 1.06650 1.06224 1.06903 1.06606 0.00 0.00 -0.58 | spread: 2.6 31352
0	15:07:05.612	EA31337 EURUSD,M1: ExecuteOrder(): MarketInfo: Symbol: EURUSD; Ask: 1.06642; Bid: 1.06616; Spread: 26 points = 2.6 pips; 
2	15:07:07.075	EA31337 EURUSD,M1: open #7611453 sell 0.02 EURUSD at 1.06616 sl: 1.07042 tp: 1.06216 ok
0	15:07:07.075	EA31337 EURUSD,M1: #7611453 2015.11.18 15:06:56 sell 0.02 EURUSD 1.06616 1.07042 1.06216 1.06642 0.00 0.00 -0.35 | spread: 2.6 31384
0	15:07:07.173	EA31337 EURUSD,M1: ExecuteOrder(): Order Details: Ticket: 7611453; Time: 2015.11.18 15:02:52; Comment: | spread: 2.6; Commision: 0; Symbol: EURUSD; Type: Sell; Expiration: 0; Open Price: 1.06616; Close Price: 1.06642; Take Profit: -0.35; Stop Loss: 1.0704; Swap: 0; Lot size: 0.02; Account Details: Time: 2015.11.18 15:02:52; Account Balance: ý886.47; Account Equity: ý964.59; Used Margin: ý336.00; Free Margin: ý628.59; No of Orders: 26 (BUY/SELL: 6/20); Risk Ratio: 0.7
0	15:07:17.101	EA31337 EURUSD,M1: OpenOrderIsAllowed(): Maximum open and pending orders reached the limit (MaxOrders).
2	15:11:20.296	EA31337 EURUSD,M1: modify #7611032 buy 0.02 EURUSD at 1.06650 sl: 1.06224 tp: 1.06904 ok
0	15:11:20.360	EA31337 EURUSD,M1: TaskProcessList(): Processed 1 jobs (0 run, 1 failed (0 removed)).
2	15:16:19.561	EA31337 EURUSD,M1: modify #7611453 sell 0.02 EURUSD at 1.06616 sl: 1.07042 tp: 1.06212 ok
0	15:16:19.561	EA31337 EURUSD,M1: TaskProcessList(): Processed 1 jobs (0 run, 1 failed (0 removed)).
0	15:24:32.545	EA31337 EURUSD,M1: TaskProcessList(): Processed 1 jobs (0 run, 1 failed (0 removed)).
2	15:30:25.351	EA31337 EURUSD,M1: modify #7611453 sell 0.02 EURUSD at 1.06616 sl: 1.07042 tp: 1.06174 ok
0	15:30:25.351	EA31337 EURUSD,M1: TaskProcessList(): Processed 1 jobs (0 run, 1 failed (0 removed)).
2	15:36:39.852	EA31337 EURUSD,M1: modify #7611453 sell 0.02 EURUSD at 1.06616 sl: 1.07042 tp: 1.06141 ok
0	15:36:39.852	EA31337 EURUSD,M1: TaskProcessList(): Processed 1 jobs (0 run, 1 failed (0 removed)).
2	15:43:33.404	EA31337 EURUSD,M1: modify #7611453 sell 0.02 EURUSD at 1.06616 sl: 1.07042 tp: 1.06140 ok
0	15:43:33.404	EA31337 EURUSD,M1: TaskProcessList(): Processed 1 jobs (0 run, 1 failed (1 removed)).
2	15:57:03.816	EA31337 EURUSD,M1: modify #7611453 sell 0.02 EURUSD at 1.06616 sl: 1.07042 tp: 1.06081 ok
2	16:03:06.081	EA31337 EURUSD,M1: modify #7611453 sell 0.02 EURUSD at 1.06616 sl: 1.07042 tp: 1.06077 ok
0	16:03:13.795	EA31337 EURUSD,M1: == New hour: 16
2	16:06:42.750	EA31337 EURUSD,M1: modify #7611453 sell 0.02 EURUSD at 1.06616 sl: 1.07042 tp: 1.06005 ok
2	16:13:36.561	EA31337 EURUSD,M1: modify #7611453 sell 0.02 EURUSD at 1.06616 sl: 1.07042 tp: 1.05976 ok
2	16:27:31.126	EA31337 EURUSD,M1: modify #7596294 sell 0.02 EURUSD at 1.06702 sl: 1.07128 tp: 1.05777 ok
2	16:27:31.487	EA31337 EURUSD,M1: modify #7611453 sell 0.02 EURUSD at 1.06616 sl: 1.07042 tp: 1.05936 ok
2	16:35:09.109	EA31337 EURUSD,M1: modify #7587229 sell 0.02 EURUSD at 1.07257 sl: 1.07683 tp: 1.05834 ok
2	16:35:09.272	EA31337 EURUSD,M1: modify #7596293 sell 0.02 EURUSD at 1.06685 sl: 1.07117 tp: 1.05835 ok
2	16:35:09.499	EA31337 EURUSD,M1: modify #7596294 sell 0.02 EURUSD at 1.06702 sl: 1.07128 tp: 1.05657 ok
2	16:35:09.693	EA31337 EURUSD,M1: modify #7611453 sell 0.02 EURUSD at 1.06616 sl: 1.07042 tp: 1.05912 ok
0	16:36:22.752	EA31337 EURUSD,M1: ExecuteOrder(): MarketInfo: Symbol: EURUSD; Ask: 1.06276; Bid: 1.06250; Spread: 26 points = 2.6 pips; 
2	16:36:23.206	EA31337 EURUSD,M1: open #7612041 buy 0.02 EURUSD at 1.06276 sl: 1.05850 tp: 1.06896 ok
0	16:36:23.206	EA31337 EURUSD,M1: #7612041 2015.11.18 16:36:13 buy 0.02 EURUSD 1.06276 1.05850 1.06896 1.06250 0.00 0.00 -0.34 | spread: 2.6 31352
0	16:36:23.238	EA31337 EURUSD,M1: ExecuteOrder(): Order Details: Ticket: 7612041; Time: 2015.11.18 16:35:07; Comment: | spread: 2.6; Commision: 0; Symbol: EURUSD; Type: Buy; Expiration: 0; Open Price: 1.06276; Close Price: 1.06250; Take Profit: -0.34; Stop Loss: 1.0585; Swap: 0; Lot size: 0.02; Account Details: Time: 2015.11.18 16:35:07; Account Balance: ý875.30; Account Equity: ý1036.60; Used Margin: ý336.00; Free Margin: ý700.60; No of Orders: 25 (BUY/SELL: 5/20); Risk Ratio: 0.7
0	16:37:08.476	EA31337 EURUSD,M1: OpenOrderIsAllowed(): Bands M15: Maximum open and pending orders per type reached the limit (MaxOrdersPerType).
0	16:37:08.476	EA31337 EURUSD,M1: OpenOrderIsAllowed(): Bands M30: Maximum open and pending orders per type reached the limit (MaxOrdersPerType).
0	16:40:32.261	EA31337 EURUSD,M1: OpenOrderIsAllowed(): MACD M1: Maximum open and pending orders per type reached the limit (MaxOrdersPerType).
0	16:40:32.293	EA31337 EURUSD,M1: ExecuteOrder(): MarketInfo: Symbol: EURUSD; Ask: 1.06272; Bid: 1.06247; Spread: 25 points = 2.5 pips; 
2	16:40:33.571	EA31337 EURUSD,M1: open #7612094 sell 0.02 EURUSD at 1.06252 sl: 1.06672 tp: 1.05847 ok
0	16:40:33.571	EA31337 EURUSD,M1: #7612094 2015.11.18 16:40:23 sell 0.02 EURUSD 1.06252 1.06672 1.05847 1.06278 0.00 0.00 -0.34 | spread: 2.6 31410
0	16:40:33.571	EA31337 EURUSD,M1: ExecuteOrder(): Order Details: Ticket: 7612094; Time: 2015.11.18 16:35:07; Comment: | spread: 2.6; Commision: 0; Symbol: EURUSD; Type: Sell; Expiration: 0; Open Price: 1.06252; Close Price: 1.06278; Take Profit: -0.34; Stop Loss: 1.0667; Swap: 0; Lot size: 0.02; Account Details: Time: 2015.11.18 16:35:07; Account Balance: ý875.30; Account Equity: ý1035.86; Used Margin: ý352.00; Free Margin: ý683.86; No of Orders: 26 (BUY/SELL: 5/21); Risk Ratio: 0.7
0	16:40:33.701	EA31337 EURUSD,M1: OpenOrderIsAllowed(): Maximum open and pending orders reached the limit (MaxOrders).
2	16:43:07.281	EA31337 EURUSD,M1: modify #7579575 sell 0.03 EURUSD at 1.07181 sl: 1.07605 tp: 1.05864 ok
2	16:43:07.477	EA31337 EURUSD,M1: modify #7580018 sell 0.03 EURUSD at 1.07416 sl: 1.07841 tp: 1.05864 ok
2	16:43:07.704	EA31337 EURUSD,M1: modify #7584130 sell 0.02 EURUSD at 1.07367 sl: 1.07816 tp: 1.05864 ok
2	16:43:07.866	EA31337 EURUSD,M1: modify #7584133 sell 0.02 EURUSD at 1.07367 sl: 1.07816 tp: 1.05864 ok
2	16:43:08.195	EA31337 EURUSD,M1: modify #7584134 sell 0.02 EURUSD at 1.07367 sl: 1.07816 tp: 1.05865 ok
2	16:43:08.386	EA31337 EURUSD,M1: modify #7587229 sell 0.02 EURUSD at 1.07257 sl: 1.07683 tp: 1.05780 ok
2	16:43:08.613	EA31337 EURUSD,M1: modify #7589535 sell 0.02 EURUSD at 1.07031 sl: 1.07458 tp: 1.05865 ok
2	16:43:08.843	EA31337 EURUSD,M1: modify #7590737 sell 0.02 EURUSD at 1.06887 sl: 1.07314 tp: 1.05864 ok
2	16:43:09.071	EA31337 EURUSD,M1: modify #7590738 sell 0.02 EURUSD at 1.06895 sl: 1.07317 tp: 1.05865 ok
2	16:43:09.261	EA31337 EURUSD,M1: modify #7590741 sell 0.02 EURUSD at 1.06902 sl: 1.07327 tp: 1.05865 ok
2	16:43:09.553	EA31337 EURUSD,M1: modify #7590742 sell 0.02 EURUSD at 1.06902 sl: 1.07327 tp: 1.05864 ok
2	16:43:09.748	EA31337 EURUSD,M1: modify #7596293 sell 0.02 EURUSD at 1.06685 sl: 1.07117 tp: 1.05780 ok
2	16:43:10.007	EA31337 EURUSD,M1: modify #7596294 sell 0.02 EURUSD at 1.06702 sl: 1.07128 tp: 1.05603 ok
2	16:43:10.170	EA31337 EURUSD,M1: modify #7596299 sell 0.02 EURUSD at 1.06695 sl: 1.07122 tp: 1.05865 ok
2	16:43:10.299	EA31337 EURUSD,M1: modify #7596674 sell 0.02 EURUSD at 1.06586 sl: 1.07011 tp: 1.05865 ok
2	16:43:10.563	EA31337 EURUSD,M1: modify #7596703 sell 0.02 EURUSD at 1.06573 sl: 1.07000 tp: 1.05865 ok
2	16:43:10.693	EA31337 EURUSD,M1: modify #7596706 sell 0.02 EURUSD at 1.06571 sl: 1.06997 tp: 1.05864 ok
2	16:43:10.984	EA31337 EURUSD,M1: modify #7597267 sell 0.02 EURUSD at 1.06516 sl: 1.06942 tp: 1.05864 ok
2	16:43:11.147	EA31337 EURUSD,M1: modify #7597271 sell 0.02 EURUSD at 1.06535 sl: 1.06961 tp: 1.05864 ok
2	16:43:11.540	EA31337 EURUSD,M1: modify #7611453 sell 0.02 EURUSD at 1.06616 sl: 1.07042 tp: 1.05864 ok
2	16:43:11.735	EA31337 EURUSD,M1: modify #7612041 buy 0.02 EURUSD at 1.06276 sl: 1.05850 tp: 1.06897 ok
0	16:44:27.133	EA31337 EURUSD,M1: ExecuteOrder(): MarketInfo: Symbol: EURUSD; Ask: 1.06322; Bid: 1.06296; Spread: 26 points = 2.6 pips; 
2	16:44:30.557	EA31337 EURUSD,M1: open #7612109 sell 0.02 EURUSD at 1.06296 sl: 1.06722 tp: 1.06169 ok
0	16:44:30.557	EA31337 EURUSD,M1: #7612109 2015.11.18 16:44:21 sell 0.02 EURUSD 1.06296 1.06722 1.06169 1.06321 0.00 0.00 -0.33 | spread: 2.7 31349
0	16:44:30.557	EA31337 EURUSD,M1: ExecuteOrder(): Order Details: Ticket: 7612109; Time: 2015.11.18 16:44:06; Comment: | spread: 2.7; Commision: 0; Symbol: EURUSD; Type: Sell; Expiration: 0; Open Price: 1.06296; Close Price: 1.06321; Take Profit: -0.33; Stop Loss: 1.0672; Swap: 0; Lot size: 0.02; Account Details: Time: 2015.11.18 16:44:06; Account Balance: ý864.11; Account Equity: ý1024.08; Used Margin: ý368.00; Free Margin: ý656.08; No of Orders: 25 (BUY/SELL: 3/22); Risk Ratio: 0.7
0	16:45:39.125	EA31337 EURUSD,M1: OpenOrderIsAllowed(): Bands M15: Maximum open and pending orders per type reached the limit (MaxOrdersPerType).
0	16:48:12.771	EA31337 EURUSD,M1: OpenOrderIsAllowed(): MACD M5: Maximum open and pending orders per type reached the limit (MaxOrdersPerType).
0	16:48:12.803	EA31337 EURUSD,M1: ExecuteOrder(): MarketInfo: Symbol: EURUSD; Ask: 1.06309; Bid: 1.06284; Spread: 25 points = 2.5 pips; 
2	16:48:13.651	EA31337 EURUSD,M1: open #7612125 sell 0.02 EURUSD at 1.06284 sl: 1.06709 tp: 1.05884 ok
0	16:48:13.651	EA31337 EURUSD,M1: #7612125 2015.11.18 16:48:03 sell 0.02 EURUSD 1.06284 1.06709 1.05884 1.06309 0.00 0.00 -0.33 | spread: 2.7 31411
0	16:48:13.651	EA31337 EURUSD,M1: ExecuteOrder(): Order Details: Ticket: 7612125; Time: 2015.11.18 16:44:06; Comment: | spread: 2.7; Commision: 0; Symbol: EURUSD; Type: Sell; Expiration: 0; Open Price: 1.06284; Close Price: 1.06309; Take Profit: -0.33; Stop Loss: 1.0671; Swap: 0; Lot size: 0.02; Account Details: Time: 2015.11.18 16:44:06; Account Balance: ý864.11; Account Equity: ý1026.84; Used Margin: ý384.00; Free Margin: ý642.84; No of Orders: 26 (BUY/SELL: 3/23); Risk Ratio: 0.7
0	16:50:13.065	EA31337 EURUSD,M1: OpenOrderIsAllowed(): Maximum open and pending orders reached the limit (MaxOrders).
0	17:02:42.377	EA31337 EURUSD,M1: == New hour: 17
0	18:02:43.662	EA31337 EURUSD,M1: == New hour: 18
2	18:24:51.812	EA31337 EURUSD,M1: modify #7612041 buy 0.02 EURUSD at 1.06276 sl: 1.05850 tp: 1.06898 ok
0	19:04:11.737	EA31337 EURUSD,M1: == New hour: 19
2	19:07:33.667	EA31337 EURUSD,M1: modify #7612041 buy 0.02 EURUSD at 1.06276 sl: 1.05850 tp: 1.06907 ok
0	19:18:14.916	EA31337 EURUSD,M1: ExecuteOrder(): MarketInfo: Symbol: EURUSD; Ask: 1.06533; Bid: 1.06504; Spread: 29 points = 2.9 pips; 
2	19:18:16.640	EA31337 EURUSD,M1: open #7613138 buy 0.02 EURUSD at 1.06533 sl: 1.06104 tp: 1.06670 ok
0	19:18:16.640	EA31337 EURUSD,M1: #7613138 2015.11.18 19:18:07 buy 0.02 EURUSD 1.06533 1.06104 1.06670 1.06505 0.00 0.00 -0.37 | spread: 2.6 31349
0	19:18:16.640	EA31337 EURUSD,M1: ExecuteOrder(): Order Details: Ticket: 7613138; Time: 2015.11.18 19:17:03; Comment: | spread: 2.6; Commision: 0; Symbol: EURUSD; Type: Buy; Expiration: 0; Open Price: 1.06533; Close Price: 1.06505; Take Profit: -0.37; Stop Loss: 1.061; Swap: 0; Lot size: 0.02; Account Details: Time: 2015.11.18 19:17:03; Account Balance: ý841.42; Account Equity: ý953.16; Used Margin: ý336.00; Free Margin: ý617.16; No of Orders: 23 (BUY/SELL: 3/20); Risk Ratio: 0.7
0	19:18:16.672	EA31337 EURUSD,M1: ExecuteOrder(): MarketInfo: Symbol: EURUSD; Ask: 1.06533; Bid: 1.06505; Spread: 28 points = 2.8 pips; 
2	19:18:16.997	EA31337 EURUSD,M1: open #7613140 sell 0.02 EURUSD at 1.06506 sl: 1.06933 tp: 1.06208 ok
0	19:18:16.997	EA31337 EURUSD,M1: #7613140 2015.11.18 19:18:07 sell 0.02 EURUSD 1.06506 1.06933 1.06208 1.06535 0.00 0.00 -0.38 | spread: 2.6 31351
0	19:18:16.997	EA31337 EURUSD,M1: ExecuteOrder(): Order Details: Ticket: 7613140; Time: 2015.11.18 19:17:03; Comment: | spread: 2.6; Commision: 0; Symbol: EURUSD; Type: Sell; Expiration: 0; Open Price: 1.06506; Close Price: 1.06535; Take Profit: -0.38; Stop Loss: 1.0693; Swap: 0; Lot size: 0.02; Account Details: Time: 2015.11.18 19:17:03; Account Balance: ý841.42; Account Equity: ý952.22; Used Margin: ý352.00; Free Margin: ý600.22; No of Orders: 24 (BUY/SELL: 3/21); Risk Ratio: 0.7
0	19:20:04.219	EA31337 EURUSD,M1: OpenOrderIsAllowed(): Maximum open and pending orders reached the limit (MaxOrders).
2	19:29:17.906	EA31337 EURUSD,M1: modify #7613138 buy 0.02 EURUSD at 1.06533 sl: 1.06104 tp: 1.06684 ok
0	20:02:17.193	EA31337 EURUSD,M1: == New hour: 20
0	21:02:21.457	EA31337 EURUSD,M1: == New hour: 21
2	21:59:39.831	EA31337 EURUSD,M1: modify #7612041 buy 0.02 EURUSD at 1.06276 sl: 1.05850 tp: 1.06910 ok
0	22:01:32.306	EA31337 EURUSD,M1: == New hour: 22
0	23:01:05.791	EA31337 EURUSD,M1: == New hour: 23
