0	00:00:24.127	EA31337 EURUSD,M1: == New hour: 0
0	00:00:24.127	EA31337 EURUSD,M1: == New day (day of month: 30; day of year: 334) ==
0	00:00:24.127	EA31337 EURUSD,M1: Daily max: Tick: 6.4; Spread: 95; Max orders: 41; Loss: 0; Profit: 0; Equity: 701.2; Balance: 601.99; 
0	00:00:24.127	EA31337 EURUSD,M1: Daily SAR stats: Period: 0, Buy: 21 / Sell: 11; Period: 1, Buy: 11 / Sell: 9; Period: 2, Buy: 8 / Sell: 24; Period: 3, Buy: 0 / Sell: 32; Period: 4, Buy: 0 / Sell: 0; Period: 5, Buy: 0 / Sell: 0; Period: 6, Buy: 0 / Sell: 0; Period: 7, Buy: 0 / Sell: 0; Period: 8, Buy: 0 / Sell: 0; 
0	00:00:24.127	EA31337 EURUSD,M1: Daily strategy stats: 
0	01:00:59.738	EA31337 EURUSD,M1: == New hour: 1
2	01:34:18.286	EA31337 EURUSD,M1: modify #7652338 sell 0.01 EURUSD at 1.06629 sl: 1.07074 tp: 1.05298 ok
2	01:34:18.552	EA31337 EURUSD,M1: modify #7652415 sell 0.01 EURUSD at 1.06591 sl: 1.07012 tp: 1.05299 ok
2	01:34:18.864	EA31337 EURUSD,M1: modify #7652416 sell 0.01 EURUSD at 1.06590 sl: 1.07017 tp: 1.05299 ok
2	01:34:19.114	EA31337 EURUSD,M1: modify #7652417 sell 0.01 EURUSD at 1.06590 sl: 1.07017 tp: 1.05299 ok
2	01:34:19.364	EA31337 EURUSD,M1: modify #7652418 sell 0.01 EURUSD at 1.06590 sl: 1.07016 tp: 1.05299 ok
2	01:34:19.692	EA31337 EURUSD,M1: modify #7652430 sell 0.01 EURUSD at 1.06601 sl: 1.07004 tp: 1.05299 ok
2	01:34:20.146	EA31337 EURUSD,M1: modify #7652458 sell 0.01 EURUSD at 1.06624 sl: 1.07038 tp: 1.05301 ok
2	01:34:20.349	EA31337 EURUSD,M1: modify #7652459 sell 0.01 EURUSD at 1.06625 sl: 1.07043 tp: 1.05301 ok
2	01:34:20.552	EA31337 EURUSD,M1: modify #7652460 sell 0.01 EURUSD at 1.06624 sl: 1.07050 tp: 1.05300 ok
2	01:34:20.817	EA31337 EURUSD,M1: modify #7652541 sell 0.01 EURUSD at 1.06551 sl: 1.06978 tp: 1.05300 ok
2	01:34:21.099	EA31337 EURUSD,M1: modify #7652563 sell 0.01 EURUSD at 1.06532 sl: 1.06958 tp: 1.05300 ok
2	01:34:21.317	EA31337 EURUSD,M1: modify #7663457 sell 0.01 EURUSD at 1.06835 sl: 1.07259 tp: 1.05299 ok
2	01:34:21.567	EA31337 EURUSD,M1: modify #7663458 sell 0.01 EURUSD at 1.06835 sl: 1.07259 tp: 1.05299 ok
2	01:34:21.833	EA31337 EURUSD,M1: modify #7663694 sell 0.01 EURUSD at 1.06763 sl: 1.07189 tp: 1.05299 ok
2	01:34:22.099	EA31337 EURUSD,M1: modify #7663695 sell 0.01 EURUSD at 1.06763 sl: 1.07189 tp: 1.05299 ok
2	01:34:22.349	EA31337 EURUSD,M1: modify #7664451 sell 0.01 EURUSD at 1.06264 sl: 1.06691 tp: 1.05299 ok
2	01:34:22.724	EA31337 EURUSD,M1: modify #7664452 sell 0.01 EURUSD at 1.06264 sl: 1.06691 tp: 1.05299 ok
2	01:34:22.989	EA31337 EURUSD,M1: modify #7664453 sell 0.01 EURUSD at 1.06264 sl: 1.06691 tp: 1.05299 ok
2	01:34:23.114	EA31337 EURUSD,M1: modify #7664504 sell 0.01 EURUSD at 1.06106 sl: 1.06527 tp: 1.05299 ok
2	01:34:23.474	EA31337 EURUSD,M1: modify #7664505 sell 0.01 EURUSD at 1.06115 sl: 1.06543 tp: 1.05300 ok
2	01:34:23.599	EA31337 EURUSD,M1: modify #7664506 sell 0.01 EURUSD at 1.06114 sl: 1.06541 tp: 1.05299 ok
2	01:34:23.911	EA31337 EURUSD,M1: modify #7664507 sell 0.01 EURUSD at 1.06113 sl: 1.06541 tp: 1.05300 ok
2	01:34:24.161	EA31337 EURUSD,M1: modify #7664537 sell 0.01 EURUSD at 1.06121 sl: 1.06544 tp: 1.05299 ok
2	01:34:24.442	EA31337 EURUSD,M1: modify #7664967 sell 0.01 EURUSD at 1.06069 sl: 1.06494 tp: 1.05299 ok
2	01:34:24.692	EA31337 EURUSD,M1: modify #7671162 sell 0.01 EURUSD at 1.06074 sl: 1.06500 tp: 1.05299 ok
2	01:34:24.958	EA31337 EURUSD,M1: modify #7671163 sell 0.01 EURUSD at 1.06074 sl: 1.06500 tp: 1.05299 ok
2	01:34:25.192	EA31337 EURUSD,M1: modify #7671164 sell 0.01 EURUSD at 1.06074 sl: 1.06500 tp: 1.05298 ok
2	01:34:25.411	EA31337 EURUSD,M1: modify #7671168 sell 0.01 EURUSD at 1.06077 sl: 1.06501 tp: 1.05298 ok
2	01:34:25.708	EA31337 EURUSD,M1: modify #7682756 sell 0.01 EURUSD at 1.05781 sl: 1.06205 tp: 1.05298 ok
0	02:07:28.240	EA31337 EURUSD,M1: == New hour: 2
0	03:21:08.914	EA31337 EURUSD,M1: == New hour: 3
0	04:01:18.259	EA31337 EURUSD,M1: == New hour: 4
0	05:07:24.777	EA31337 EURUSD,M1: == New hour: 5
0	06:08:11.654	EA31337 EURUSD,M1: == New hour: 6
0	07:00:04.468	EA31337 EURUSD,M1: == New hour: 7
0	08:01:11.533	EA31337 EURUSD,M1: == New hour: 8
0	09:03:33.004	EA31337 EURUSD,M1: == New hour: 9
2	09:17:37.604	EA31337 EURUSD,M1: modify #7652338 sell 0.01 EURUSD at 1.06629 sl: 1.07074 tp: 1.05241 ok
2	09:17:37.887	EA31337 EURUSD,M1: modify #7652415 sell 0.01 EURUSD at 1.06591 sl: 1.07012 tp: 1.05240 ok
2	09:17:38.094	EA31337 EURUSD,M1: modify #7652416 sell 0.01 EURUSD at 1.06590 sl: 1.07017 tp: 1.05240 ok
2	09:17:38.337	EA31337 EURUSD,M1: modify #7652417 sell 0.01 EURUSD at 1.06590 sl: 1.07017 tp: 1.05240 ok
2	09:17:38.665	EA31337 EURUSD,M1: modify #7652418 sell 0.01 EURUSD at 1.06590 sl: 1.07016 tp: 1.05240 ok
2	09:17:38.827	EA31337 EURUSD,M1: modify #7652430 sell 0.01 EURUSD at 1.06601 sl: 1.07004 tp: 1.05239 ok
2	09:17:39.155	EA31337 EURUSD,M1: modify #7652458 sell 0.01 EURUSD at 1.06624 sl: 1.07038 tp: 1.05240 ok
2	09:17:39.441	EA31337 EURUSD,M1: modify #7652459 sell 0.01 EURUSD at 1.06625 sl: 1.07043 tp: 1.05240 ok
2	09:17:39.723	EA31337 EURUSD,M1: modify #7652460 sell 0.01 EURUSD at 1.06624 sl: 1.07050 tp: 1.05240 ok
2	09:17:39.929	EA31337 EURUSD,M1: modify #7652541 sell 0.01 EURUSD at 1.06551 sl: 1.06978 tp: 1.05241 ok
2	09:17:40.172	EA31337 EURUSD,M1: modify #7652563 sell 0.01 EURUSD at 1.06532 sl: 1.06958 tp: 1.05240 ok
2	09:17:40.415	EA31337 EURUSD,M1: modify #7663457 sell 0.01 EURUSD at 1.06835 sl: 1.07259 tp: 1.05241 ok
2	09:17:40.622	EA31337 EURUSD,M1: modify #7663458 sell 0.01 EURUSD at 1.06835 sl: 1.07259 tp: 1.05241 ok
2	09:17:40.785	EA31337 EURUSD,M1: modify #7663694 sell 0.01 EURUSD at 1.06763 sl: 1.07189 tp: 1.05239 ok
2	09:17:40.988	EA31337 EURUSD,M1: modify #7663695 sell 0.01 EURUSD at 1.06763 sl: 1.07189 tp: 1.05240 ok
2	09:17:41.234	EA31337 EURUSD,M1: modify #7664451 sell 0.01 EURUSD at 1.06264 sl: 1.06691 tp: 1.05240 ok
2	09:17:41.602	EA31337 EURUSD,M1: modify #7664452 sell 0.01 EURUSD at 1.06264 sl: 1.06691 tp: 1.05240 ok
2	09:17:41.805	EA31337 EURUSD,M1: modify #7664453 sell 0.01 EURUSD at 1.06264 sl: 1.06691 tp: 1.05239 ok
2	09:17:42.089	EA31337 EURUSD,M1: modify #7664504 sell 0.01 EURUSD at 1.06106 sl: 1.06527 tp: 1.05239 ok
2	09:17:42.535	EA31337 EURUSD,M1: modify #7664505 sell 0.01 EURUSD at 1.06115 sl: 1.06543 tp: 1.05240 ok
2	09:17:42.941	EA31337 EURUSD,M1: modify #7664506 sell 0.01 EURUSD at 1.06114 sl: 1.06541 tp: 1.05240 ok
2	09:17:43.144	EA31337 EURUSD,M1: modify #7664507 sell 0.01 EURUSD at 1.06113 sl: 1.06541 tp: 1.05240 ok
2	09:17:43.348	EA31337 EURUSD,M1: modify #7664537 sell 0.01 EURUSD at 1.06121 sl: 1.06544 tp: 1.05240 ok
2	09:17:43.675	EA31337 EURUSD,M1: modify #7664967 sell 0.01 EURUSD at 1.06069 sl: 1.06494 tp: 1.05240 ok
2	09:17:51.662	EA31337 EURUSD,M1: modify #7671162 sell 0.01 EURUSD at 1.06074 sl: 1.06500 tp: 1.05240 ok
2	09:17:52.193	EA31337 EURUSD,M1: modify #7671163 sell 0.01 EURUSD at 1.06074 sl: 1.06500 tp: 1.05240 ok
2	09:17:52.517	EA31337 EURUSD,M1: modify #7671164 sell 0.01 EURUSD at 1.06074 sl: 1.06500 tp: 1.05240 ok
2	09:17:52.642	EA31337 EURUSD,M1: modify #7671168 sell 0.01 EURUSD at 1.06077 sl: 1.06501 tp: 1.05240 ok
2	09:17:52.847	EA31337 EURUSD,M1: modify #7682756 sell 0.01 EURUSD at 1.05781 sl: 1.06205 tp: 1.05240 ok
0	09:18:47.447	EA31337 EURUSD,M1: ExecuteOrder(): MarketInfo: Symbol: EURUSD; Ask: 1.05682; Bid: 1.05657; Spread: 25 points = 2.5 pips; 
2	09:19:03.785	EA31337 EURUSD,M1: open #7690313 sell 0.01 EURUSD at 1.05658 sl: 1.06082 tp: 1.05590 ok
0	09:19:03.785	EA31337 EURUSD,M1: #7690313 2015.11.30 09:18:59 sell 0.01 EURUSD 1.05658 1.06082 1.05590 1.05683 0.00 0.00 -0.17 | spread: 2.6 31349
0	09:19:03.816	EA31337 EURUSD,M1: ExecuteOrder(): Order Details: Ticket: 7690313; Time: 2015.11.30 09:18:08; Comment: | spread: 2.6; Commision: 0; Symbol: EURUSD; Type: Sell; Expiration: 0; Open Price: 1.05658; Close Price: 1.05683; Take Profit: -0.17; Stop Loss: 1.0608; Swap: 0; Lot size: 0.01; Account Details: Time: 2015.11.30 09:18:08; Account Balance: ý590.69; Account Equity: ý719.92; Used Margin: ý248.00; Free Margin: ý471.92; No of Orders: 38 (BUY/SELL: 7/31); Risk Ratio: 0.7
0	09:19:35.363	EA31337 EURUSD,M1: OpenOrderIsAllowed(): Bands M15: Maximum open and pending orders per type reached the limit (MaxOrdersPerType).
0	09:19:35.428	EA31337 EURUSD,M1: OpenOrderIsAllowed(): Bands M30: Maximum open and pending orders per type reached the limit (MaxOrdersPerType).
0	09:21:26.648	EA31337 EURUSD,M1: ExecuteOrder(): MarketInfo: Symbol: EURUSD; Ask: 1.05699; Bid: 1.05673; Spread: 26 points = 2.6 pips; 
2	09:21:27.070	EA31337 EURUSD,M1: open #7690328 sell 0.01 EURUSD at 1.05673 sl: 1.06099 tp: 1.05352 ok
0	09:21:27.070	EA31337 EURUSD,M1: #7690328 2015.11.30 09:21:23 sell 0.01 EURUSD 1.05673 1.06099 1.05352 1.05699 0.00 0.00 -0.17 | spread: 2.6 31407
0	09:21:27.070	EA31337 EURUSD,M1: ExecuteOrder(): Order Details: Ticket: 7690328; Time: 2015.11.30 09:18:08; Comment: | spread: 2.6; Commision: 0; Symbol: EURUSD; Type: Sell; Expiration: 0; Open Price: 1.05673; Close Price: 1.05699; Take Profit: -0.17; Stop Loss: 1.061; Swap: 0; Lot size: 0.01; Account Details: Time: 2015.11.30 09:18:08; Account Balance: ý590.69; Account Equity: ý717.33; Used Margin: ý256.00; Free Margin: ý461.33; No of Orders: 39 (BUY/SELL: 7/32); Risk Ratio: 0.7
0	09:21:27.070	EA31337 EURUSD,M1: OpenOrderIsAllowed(): Maximum open and pending orders reached the limit (MaxOrders).
2	09:29:42.035	EA31337 EURUSD,M1: modify #7690313 sell 0.01 EURUSD at 1.05658 sl: 1.06082 tp: 1.05567 ok
0	10:04:11.224	EA31337 EURUSD,M1: == New hour: 10
0	11:00:44.800	EA31337 EURUSD,M1: == New hour: 11
2	11:39:00.426	EA31337 EURUSD,M1: modify #7652338 sell 0.01 EURUSD at 1.06629 sl: 1.07074 tp: 1.05238 ok
2	11:39:00.685	EA31337 EURUSD,M1: modify #7652415 sell 0.01 EURUSD at 1.06591 sl: 1.07012 tp: 1.05238 ok
2	11:39:00.945	EA31337 EURUSD,M1: modify #7652416 sell 0.01 EURUSD at 1.06590 sl: 1.07017 tp: 1.05238 ok
2	11:39:01.107	EA31337 EURUSD,M1: modify #7652417 sell 0.01 EURUSD at 1.06590 sl: 1.07017 tp: 1.05238 ok
2	11:39:01.336	EA31337 EURUSD,M1: modify #7652418 sell 0.01 EURUSD at 1.06590 sl: 1.07016 tp: 1.05238 ok
2	11:39:01.626	EA31337 EURUSD,M1: modify #7652430 sell 0.01 EURUSD at 1.06601 sl: 1.07004 tp: 1.05237 ok
2	11:39:01.853	EA31337 EURUSD,M1: modify #7652458 sell 0.01 EURUSD at 1.06624 sl: 1.07038 tp: 1.05237 ok
2	11:39:02.016	EA31337 EURUSD,M1: modify #7652459 sell 0.01 EURUSD at 1.06625 sl: 1.07043 tp: 1.05237 ok
2	11:39:03.115	EA31337 EURUSD,M1: modify #7652460 sell 0.01 EURUSD at 1.06624 sl: 1.07050 tp: 1.05237 ok
2	11:39:03.245	EA31337 EURUSD,M1: modify #7652541 sell 0.01 EURUSD at 1.06551 sl: 1.06978 tp: 1.05237 ok
2	11:39:03.573	EA31337 EURUSD,M1: modify #7652563 sell 0.01 EURUSD at 1.06532 sl: 1.06958 tp: 1.05237 ok
2	11:39:03.767	EA31337 EURUSD,M1: modify #7663457 sell 0.01 EURUSD at 1.06835 sl: 1.07259 tp: 1.05237 ok
2	11:39:03.962	EA31337 EURUSD,M1: modify #7663458 sell 0.01 EURUSD at 1.06835 sl: 1.07259 tp: 1.05237 ok
2	11:39:04.221	EA31337 EURUSD,M1: modify #7663694 sell 0.01 EURUSD at 1.06763 sl: 1.07189 tp: 1.05237 ok
2	11:39:04.416	EA31337 EURUSD,M1: modify #7663695 sell 0.01 EURUSD at 1.06763 sl: 1.07189 tp: 1.05237 ok
2	11:39:04.643	EA31337 EURUSD,M1: modify #7664451 sell 0.01 EURUSD at 1.06264 sl: 1.06691 tp: 1.05237 ok
2	11:39:04.931	EA31337 EURUSD,M1: modify #7664452 sell 0.01 EURUSD at 1.06264 sl: 1.06691 tp: 1.05237 ok
2	11:39:05.098	EA31337 EURUSD,M1: modify #7664453 sell 0.01 EURUSD at 1.06264 sl: 1.06691 tp: 1.05237 ok
2	11:39:05.357	EA31337 EURUSD,M1: modify #7664504 sell 0.01 EURUSD at 1.06106 sl: 1.06527 tp: 1.05237 ok
2	11:39:05.613	EA31337 EURUSD,M1: modify #7664505 sell 0.01 EURUSD at 1.06115 sl: 1.06543 tp: 1.05238 ok
2	11:39:05.970	EA31337 EURUSD,M1: modify #7664506 sell 0.01 EURUSD at 1.06114 sl: 1.06541 tp: 1.05238 ok
2	11:39:06.136	EA31337 EURUSD,M1: modify #7664507 sell 0.01 EURUSD at 1.06113 sl: 1.06541 tp: 1.05238 ok
2	11:39:06.914	EA31337 EURUSD,M1: modify #7664537 sell 0.01 EURUSD at 1.06121 sl: 1.06544 tp: 1.05238 ok
2	11:39:07.141	EA31337 EURUSD,M1: modify #7664967 sell 0.01 EURUSD at 1.06069 sl: 1.06494 tp: 1.05238 ok
2	11:39:07.466	EA31337 EURUSD,M1: modify #7671162 sell 0.01 EURUSD at 1.06074 sl: 1.06500 tp: 1.05238 ok
2	11:39:07.628	EA31337 EURUSD,M1: modify #7671163 sell 0.01 EURUSD at 1.06074 sl: 1.06500 tp: 1.05238 ok
2	11:39:08.739	EA31337 EURUSD,M1: modify #7671164 sell 0.01 EURUSD at 1.06074 sl: 1.06500 tp: 1.05238 ok
2	11:39:08.901	EA31337 EURUSD,M1: modify #7671168 sell 0.01 EURUSD at 1.06077 sl: 1.06501 tp: 1.05237 ok
2	11:39:09.198	EA31337 EURUSD,M1: modify #7682756 sell 0.01 EURUSD at 1.05781 sl: 1.06205 tp: 1.05237 ok
2	11:39:09.457	EA31337 EURUSD,M1: modify #7690328 sell 0.01 EURUSD at 1.05673 sl: 1.06099 tp: 1.05321 ok
2	11:41:42.306	EA31337 EURUSD,M1: modify #7652338 sell 0.01 EURUSD at 1.06629 sl: 1.07074 tp: 1.05235 ok
2	11:41:42.468	EA31337 EURUSD,M1: modify #7652415 sell 0.01 EURUSD at 1.06591 sl: 1.07012 tp: 1.05235 ok
2	11:41:42.727	EA31337 EURUSD,M1: modify #7652416 sell 0.01 EURUSD at 1.06590 sl: 1.07017 tp: 1.05235 ok
2	11:41:42.959	EA31337 EURUSD,M1: modify #7652417 sell 0.01 EURUSD at 1.06590 sl: 1.07017 tp: 1.05235 ok
2	11:41:43.806	EA31337 EURUSD,M1: modify #7652418 sell 0.01 EURUSD at 1.06590 sl: 1.07016 tp: 1.05235 ok
2	11:41:44.719	EA31337 EURUSD,M1: modify #7652430 sell 0.01 EURUSD at 1.06601 sl: 1.07004 tp: 1.05235 ok
2	11:41:44.883	EA31337 EURUSD,M1: modify #7652458 sell 0.01 EURUSD at 1.06624 sl: 1.07038 tp: 1.05235 ok
2	11:41:45.076	EA31337 EURUSD,M1: modify #7652459 sell 0.01 EURUSD at 1.06625 sl: 1.07043 tp: 1.05236 ok
2	11:41:45.401	EA31337 EURUSD,M1: modify #7652460 sell 0.01 EURUSD at 1.06624 sl: 1.07050 tp: 1.05236 ok
2	11:41:46.309	EA31337 EURUSD,M1: modify #7652541 sell 0.01 EURUSD at 1.06551 sl: 1.06978 tp: 1.05236 ok
2	11:41:46.503	EA31337 EURUSD,M1: modify #7652563 sell 0.01 EURUSD at 1.06532 sl: 1.06958 tp: 1.05236 ok
2	11:41:47.120	EA31337 EURUSD,M1: modify #7663457 sell 0.01 EURUSD at 1.06835 sl: 1.07259 tp: 1.05236 ok
2	11:41:47.282	EA31337 EURUSD,M1: modify #7663458 sell 0.01 EURUSD at 1.06835 sl: 1.07259 tp: 1.05236 ok
2	11:41:47.481	EA31337 EURUSD,M1: modify #7663694 sell 0.01 EURUSD at 1.06763 sl: 1.07189 tp: 1.05236 ok
2	11:41:48.358	EA31337 EURUSD,M1: modify #7663695 sell 0.01 EURUSD at 1.06763 sl: 1.07189 tp: 1.05236 ok
2	11:41:48.748	EA31337 EURUSD,M1: modify #7664451 sell 0.01 EURUSD at 1.06264 sl: 1.06691 tp: 1.05234 ok
2	11:41:48.943	EA31337 EURUSD,M1: modify #7664452 sell 0.01 EURUSD at 1.06264 sl: 1.06691 tp: 1.05235 ok
2	11:41:49.170	EA31337 EURUSD,M1: modify #7664453 sell 0.01 EURUSD at 1.06264 sl: 1.06691 tp: 1.05235 ok
2	11:41:49.467	EA31337 EURUSD,M1: modify #7664504 sell 0.01 EURUSD at 1.06106 sl: 1.06527 tp: 1.05235 ok
2	11:41:49.824	EA31337 EURUSD,M1: modify #7664505 sell 0.01 EURUSD at 1.06115 sl: 1.06543 tp: 1.05235 ok
2	11:41:50.019	EA31337 EURUSD,M1: modify #7664506 sell 0.01 EURUSD at 1.06114 sl: 1.06541 tp: 1.05235 ok
2	11:41:50.372	EA31337 EURUSD,M1: modify #7664507 sell 0.01 EURUSD at 1.06113 sl: 1.06541 tp: 1.05235 ok
2	11:41:50.604	EA31337 EURUSD,M1: modify #7664537 sell 0.01 EURUSD at 1.06121 sl: 1.06544 tp: 1.05235 ok
2	11:41:50.799	EA31337 EURUSD,M1: modify #7664967 sell 0.01 EURUSD at 1.06069 sl: 1.06494 tp: 1.05235 ok
2	11:41:51.774	EA31337 EURUSD,M1: modify #7671162 sell 0.01 EURUSD at 1.06074 sl: 1.06500 tp: 1.05235 ok
2	11:41:52.742	EA31337 EURUSD,M1: modify #7671163 sell 0.01 EURUSD at 1.06074 sl: 1.06500 tp: 1.05235 ok
2	11:41:53.622	EA31337 EURUSD,M1: modify #7671164 sell 0.01 EURUSD at 1.06074 sl: 1.06500 tp: 1.05235 ok
2	11:41:53.784	EA31337 EURUSD,M1: modify #7671168 sell 0.01 EURUSD at 1.06077 sl: 1.06501 tp: 1.05235 ok
2	11:41:54.044	EA31337 EURUSD,M1: modify #7682756 sell 0.01 EURUSD at 1.05781 sl: 1.06205 tp: 1.05236 ok
2	11:41:54.305	EA31337 EURUSD,M1: modify #7690328 sell 0.01 EURUSD at 1.05673 sl: 1.06099 tp: 1.05319 ok
0	12:01:57.120	EA31337 EURUSD,M1: == New hour: 12
0	13:02:15.668	EA31337 EURUSD,M1: == New hour: 13
0	14:05:15.171	EA31337 EURUSD,M1: == New hour: 14
0	14:05:22.467	EA31337 EURUSD,M1: ExecuteOrder(): MarketInfo: Symbol: EURUSD; Ask: 1.05777; Bid: 1.05752; Spread: 25 points = 2.5 pips; 
2	14:05:28.663	EA31337 EURUSD,M1: open #7691940 buy 0.01 EURUSD at 1.05774 sl: 1.05352 tp: 1.05871 ok
0	14:05:28.663	EA31337 EURUSD,M1: #7691940 2015.11.30 14:05:24 buy 0.01 EURUSD 1.05774 1.05352 1.05871 1.05749 0.00 0.00 -0.17 | spread: 2.5 31350
0	14:05:28.728	EA31337 EURUSD,M1: ExecuteOrder(): Order Details: Ticket: 7691940; Time: 2015.11.30 14:05:11; Comment: | spread: 2.5; Commision: 0; Symbol: EURUSD; Type: Buy; Expiration: 0; Open Price: 1.05774; Close Price: 1.05749; Take Profit: -0.17; Stop Loss: 1.0535; Swap: 0; Lot size: 0.01; Account Details: Time: 2015.11.30 14:05:11; Account Balance: ý590.69; Account Equity: ý704.77; Used Margin: ý256.00; Free Margin: ý448.77; No of Orders: 40 (BUY/SELL: 8/32); Risk Ratio: 0.8
0	14:07:11.322	EA31337 EURUSD,M1: OpenOrderIsAllowed(): Maximum open and pending orders reached the limit (MaxOrders).
2	14:25:17.997	EA31337 EURUSD,M1: modify #7691940 buy 0.01 EURUSD at 1.05774 sl: 1.05352 tp: 1.05877 ok
2	14:29:29.523	EA31337 EURUSD,M1: modify #7691940 buy 0.01 EURUSD at 1.05774 sl: 1.05352 tp: 1.05881 ok
0	15:02:34.923	EA31337 EURUSD,M1: == New hour: 15
2	15:03:39.609	EA31337 EURUSD,M1: close #7691940 buy 0.01 EURUSD at 1.05774 sl: 1.05352 tp: 1.05881 at price 1.05769
0	15:03:39.771	EA31337 EURUSD,M1: CloseOrder(): Closed order 7691940 with profit 0 pips, reason: None (inactive); Order Details: Ticket: 7691940; Time: 2015.11.30 15:02:30; Comment: | spread: 2.5; Commision: 0; Symbol: EURUSD; Type: Buy; Expiration: 0; Open Price: 1.05774; Close Price: 1.05775; Take Profit: 0; Stop Loss: 1.0535; Swap: 0; Lot size: 0.01; 
0	15:03:48.061	EA31337 EURUSD,M1: CloseOrdersByType():Closed 1 orders (0, 13) on market change with total profit of : 0 pips (0 failed)
2	16:03:08.606	EA31337 EURUSD,M1: modify #7652338 sell 0.01 EURUSD at 1.06629 sl: 1.07074 tp: 1.05226 ok
2	16:03:08.853	EA31337 EURUSD,M1: modify #7652415 sell 0.01 EURUSD at 1.06591 sl: 1.07012 tp: 1.05227 ok
2	16:03:09.052	EA31337 EURUSD,M1: modify #7652416 sell 0.01 EURUSD at 1.06590 sl: 1.07017 tp: 1.05226 ok
2	16:03:09.299	EA31337 EURUSD,M1: modify #7652417 sell 0.01 EURUSD at 1.06590 sl: 1.07017 tp: 1.05227 ok
2	16:03:09.625	EA31337 EURUSD,M1: modify #7652418 sell 0.01 EURUSD at 1.06590 sl: 1.07016 tp: 1.05227 ok
2	16:03:09.829	EA31337 EURUSD,M1: modify #7652430 sell 0.01 EURUSD at 1.06601 sl: 1.07004 tp: 1.05226 ok
2	16:03:10.070	EA31337 EURUSD,M1: modify #7652458 sell 0.01 EURUSD at 1.06624 sl: 1.07038 tp: 1.05227 ok
2	16:03:10.191	EA31337 EURUSD,M1: modify #7652459 sell 0.01 EURUSD at 1.06625 sl: 1.07043 tp: 1.05226 ok
2	16:03:10.394	EA31337 EURUSD,M1: modify #7652460 sell 0.01 EURUSD at 1.06624 sl: 1.07050 tp: 1.05227 ok
2	16:03:10.682	EA31337 EURUSD,M1: modify #7652541 sell 0.01 EURUSD at 1.06551 sl: 1.06978 tp: 1.05227 ok
2	16:03:10.844	EA31337 EURUSD,M1: modify #7652563 sell 0.01 EURUSD at 1.06532 sl: 1.06958 tp: 1.05228 ok
2	16:03:11.088	EA31337 EURUSD,M1: modify #7663457 sell 0.01 EURUSD at 1.06835 sl: 1.07259 tp: 1.05226 ok
2	16:03:11.332	EA31337 EURUSD,M1: modify #7663458 sell 0.01 EURUSD at 1.06835 sl: 1.07259 tp: 1.05226 ok
2	16:03:17.673	EA31337 EURUSD,M1: modify #7663694 sell 0.01 EURUSD at 1.06763 sl: 1.07189 tp: 1.05226 ok
2	16:03:17.957	EA31337 EURUSD,M1: modify #7663695 sell 0.01 EURUSD at 1.06763 sl: 1.07189 tp: 1.05227 ok
2	16:03:18.241	EA31337 EURUSD,M1: modify #7664451 sell 0.01 EURUSD at 1.06264 sl: 1.06691 tp: 1.05227 ok
2	16:03:18.687	EA31337 EURUSD,M1: modify #7664452 sell 0.01 EURUSD at 1.06264 sl: 1.06691 tp: 1.05228 ok
2	16:03:18.849	EA31337 EURUSD,M1: modify #7664453 sell 0.01 EURUSD at 1.06264 sl: 1.06691 tp: 1.05227 ok
2	16:03:18.975	EA31337 EURUSD,M1: modify #7664504 sell 0.01 EURUSD at 1.06106 sl: 1.06527 tp: 1.05227 ok
2	16:03:19.218	EA31337 EURUSD,M1: modify #7664505 sell 0.01 EURUSD at 1.06115 sl: 1.06543 tp: 1.05227 ok
2	16:03:19.380	EA31337 EURUSD,M1: modify #7664506 sell 0.01 EURUSD at 1.06114 sl: 1.06541 tp: 1.05227 ok
2	16:03:19.786	EA31337 EURUSD,M1: modify #7664507 sell 0.01 EURUSD at 1.06113 sl: 1.06541 tp: 1.05227 ok
2	16:03:20.074	EA31337 EURUSD,M1: modify #7664537 sell 0.01 EURUSD at 1.06121 sl: 1.06544 tp: 1.05228 ok
2	16:03:20.520	EA31337 EURUSD,M1: modify #7664967 sell 0.01 EURUSD at 1.06069 sl: 1.06494 tp: 1.05227 ok
2	16:03:20.642	EA31337 EURUSD,M1: modify #7671162 sell 0.01 EURUSD at 1.06074 sl: 1.06500 tp: 1.05226 ok
2	16:03:20.848	EA31337 EURUSD,M1: modify #7671163 sell 0.01 EURUSD at 1.06074 sl: 1.06500 tp: 1.05226 ok
2	16:03:21.087	EA31337 EURUSD,M1: modify #7671164 sell 0.01 EURUSD at 1.06074 sl: 1.06500 tp: 1.05226 ok
2	16:03:21.297	EA31337 EURUSD,M1: modify #7671168 sell 0.01 EURUSD at 1.06077 sl: 1.06501 tp: 1.05226 ok
2	16:03:21.578	EA31337 EURUSD,M1: modify #7682756 sell 0.01 EURUSD at 1.05781 sl: 1.06205 tp: 1.05227 ok
2	16:03:21.821	EA31337 EURUSD,M1: modify #7690328 sell 0.01 EURUSD at 1.05673 sl: 1.06099 tp: 1.05299 ok
0	16:04:47.560	EA31337 EURUSD,M1: == New hour: 16
2	16:10:29.166	EA31337 EURUSD,M1: modify #7690313 sell 0.01 EURUSD at 1.05658 sl: 1.06082 tp: 1.05556 ok
2	16:19:31.946	EA31337 EURUSD,M1: modify #7652338 sell 0.01 EURUSD at 1.06629 sl: 1.07074 tp: 1.05217 ok
2	16:19:32.112	EA31337 EURUSD,M1: modify #7652415 sell 0.01 EURUSD at 1.06591 sl: 1.07012 tp: 1.05216 ok
2	16:19:32.234	EA31337 EURUSD,M1: modify #7652416 sell 0.01 EURUSD at 1.06590 sl: 1.07017 tp: 1.05217 ok
2	16:19:32.514	EA31337 EURUSD,M1: modify #7652417 sell 0.01 EURUSD at 1.06590 sl: 1.07017 tp: 1.05217 ok
2	16:19:32.722	EA31337 EURUSD,M1: modify #7652418 sell 0.01 EURUSD at 1.06590 sl: 1.07016 tp: 1.05218 ok
2	16:19:32.925	EA31337 EURUSD,M1: modify #7652430 sell 0.01 EURUSD at 1.06601 sl: 1.07004 tp: 1.05218 ok
2	16:19:38.869	EA31337 EURUSD,M1: modify #7652458 sell 0.01 EURUSD at 1.06624 sl: 1.07038 tp: 1.05218 ok
2	16:19:39.113	EA31337 EURUSD,M1: modify #7652459 sell 0.01 EURUSD at 1.06625 sl: 1.07043 tp: 1.05217 ok
2	16:19:39.397	EA31337 EURUSD,M1: modify #7652460 sell 0.01 EURUSD at 1.06624 sl: 1.07050 tp: 1.05217 ok
2	16:19:39.600	EA31337 EURUSD,M1: modify #7652541 sell 0.01 EURUSD at 1.06551 sl: 1.06978 tp: 1.05217 ok
2	16:19:39.928	EA31337 EURUSD,M1: modify #7652563 sell 0.01 EURUSD at 1.06532 sl: 1.06958 tp: 1.05217 ok
2	16:19:40.253	EA31337 EURUSD,M1: modify #7663457 sell 0.01 EURUSD at 1.06835 sl: 1.07259 tp: 1.05217 ok
2	16:19:40.456	EA31337 EURUSD,M1: modify #7663458 sell 0.01 EURUSD at 1.06835 sl: 1.07259 tp: 1.05217 ok
2	16:19:40.655	EA31337 EURUSD,M1: modify #7663694 sell 0.01 EURUSD at 1.06763 sl: 1.07189 tp: 1.05217 ok
2	16:19:40.822	EA31337 EURUSD,M1: modify #7663695 sell 0.01 EURUSD at 1.06763 sl: 1.07189 tp: 1.05217 ok
2	16:19:41.147	EA31337 EURUSD,M1: modify #7664451 sell 0.01 EURUSD at 1.06264 sl: 1.06691 tp: 1.05217 ok
2	16:19:41.553	EA31337 EURUSD,M1: modify #7664452 sell 0.01 EURUSD at 1.06264 sl: 1.06691 tp: 1.05219 ok
2	16:19:41.756	EA31337 EURUSD,M1: modify #7664453 sell 0.01 EURUSD at 1.06264 sl: 1.06691 tp: 1.05218 ok
2	16:19:41.963	EA31337 EURUSD,M1: modify #7664504 sell 0.01 EURUSD at 1.06106 sl: 1.06527 tp: 1.05219 ok
2	16:19:42.288	EA31337 EURUSD,M1: modify #7664505 sell 0.01 EURUSD at 1.06115 sl: 1.06543 tp: 1.05219 ok
2	16:19:42.409	EA31337 EURUSD,M1: modify #7664506 sell 0.01 EURUSD at 1.06114 sl: 1.06541 tp: 1.05217 ok
2	16:19:42.653	EA31337 EURUSD,M1: modify #7664507 sell 0.01 EURUSD at 1.06113 sl: 1.06541 tp: 1.05218 ok
2	16:19:42.819	EA31337 EURUSD,M1: modify #7664537 sell 0.01 EURUSD at 1.06121 sl: 1.06544 tp: 1.05218 ok
2	16:19:43.063	EA31337 EURUSD,M1: modify #7664967 sell 0.01 EURUSD at 1.06069 sl: 1.06494 tp: 1.05217 ok
2	16:19:43.266	EA31337 EURUSD,M1: modify #7671162 sell 0.01 EURUSD at 1.06074 sl: 1.06500 tp: 1.05217 ok
2	16:19:43.470	EA31337 EURUSD,M1: modify #7671163 sell 0.01 EURUSD at 1.06074 sl: 1.06500 tp: 1.05217 ok
2	16:19:43.667	EA31337 EURUSD,M1: modify #7671164 sell 0.01 EURUSD at 1.06074 sl: 1.06500 tp: 1.05217 ok
2	16:19:43.870	EA31337 EURUSD,M1: modify #7671168 sell 0.01 EURUSD at 1.06077 sl: 1.06501 tp: 1.05217 ok
2	16:19:44.114	EA31337 EURUSD,M1: modify #7682756 sell 0.01 EURUSD at 1.05781 sl: 1.06205 tp: 1.05217 ok
2	16:19:44.317	EA31337 EURUSD,M1: modify #7690328 sell 0.01 EURUSD at 1.05673 sl: 1.06099 tp: 1.05276 ok
2	16:27:53.178	EA31337 EURUSD,M1: modify #7690313 sell 0.01 EURUSD at 1.05658 sl: 1.06082 tp: 1.05548 ok
2	16:35:41.345	EA31337 EURUSD,M1: modify #7652338 sell 0.01 EURUSD at 1.06629 sl: 1.07074 tp: 1.05206 ok
2	16:35:41.533	EA31337 EURUSD,M1: modify #7652415 sell 0.01 EURUSD at 1.06591 sl: 1.07012 tp: 1.05206 ok
2	16:35:41.760	EA31337 EURUSD,M1: modify #7652416 sell 0.01 EURUSD at 1.06590 sl: 1.07017 tp: 1.05206 ok
2	16:35:42.442	EA31337 EURUSD,M1: modify #7652417 sell 0.01 EURUSD at 1.06590 sl: 1.07017 tp: 1.05206 ok
2	16:35:42.739	EA31337 EURUSD,M1: modify #7652418 sell 0.01 EURUSD at 1.06590 sl: 1.07016 tp: 1.05206 ok
2	16:35:42.934	EA31337 EURUSD,M1: modify #7652430 sell 0.01 EURUSD at 1.06601 sl: 1.07004 tp: 1.05206 ok
2	16:35:43.064	EA31337 EURUSD,M1: modify #7652458 sell 0.01 EURUSD at 1.06624 sl: 1.07038 tp: 1.05206 ok
2	16:35:43.847	EA31337 EURUSD,M1: modify #7652459 sell 0.01 EURUSD at 1.06625 sl: 1.07043 tp: 1.05206 ok
2	16:35:44.171	EA31337 EURUSD,M1: modify #7652460 sell 0.01 EURUSD at 1.06624 sl: 1.07050 tp: 1.05206 ok
2	16:35:44.362	EA31337 EURUSD,M1: modify #7652541 sell 0.01 EURUSD at 1.06551 sl: 1.06978 tp: 1.05205 ok
2	16:35:44.687	EA31337 EURUSD,M1: modify #7652563 sell 0.01 EURUSD at 1.06532 sl: 1.06958 tp: 1.05205 ok
2	16:35:44.821	EA31337 EURUSD,M1: modify #7663457 sell 0.01 EURUSD at 1.06835 sl: 1.07259 tp: 1.05204 ok
2	16:35:45.012	EA31337 EURUSD,M1: modify #7663458 sell 0.01 EURUSD at 1.06835 sl: 1.07259 tp: 1.05204 ok
2	16:35:45.239	EA31337 EURUSD,M1: modify #7663694 sell 0.01 EURUSD at 1.06763 sl: 1.07189 tp: 1.05204 ok
2	16:35:45.439	EA31337 EURUSD,M1: modify #7663695 sell 0.01 EURUSD at 1.06763 sl: 1.07189 tp: 1.05204 ok
2	16:35:45.697	EA31337 EURUSD,M1: modify #7664451 sell 0.01 EURUSD at 1.06264 sl: 1.06691 tp: 1.05204 ok
2	16:35:45.957	EA31337 EURUSD,M1: modify #7664452 sell 0.01 EURUSD at 1.06264 sl: 1.06691 tp: 1.05204 ok
2	16:35:46.221	EA31337 EURUSD,M1: modify #7664453 sell 0.01 EURUSD at 1.06264 sl: 1.06691 tp: 1.05204 ok
2	16:35:46.384	EA31337 EURUSD,M1: modify #7664504 sell 0.01 EURUSD at 1.06106 sl: 1.06527 tp: 1.05204 ok
2	16:35:47.167	EA31337 EURUSD,M1: modify #7664505 sell 0.01 EURUSD at 1.06115 sl: 1.06543 tp: 1.05204 ok
2	16:35:47.455	EA31337 EURUSD,M1: modify #7664506 sell 0.01 EURUSD at 1.06114 sl: 1.06541 tp: 1.05204 ok
2	16:35:47.689	EA31337 EURUSD,M1: modify #7664507 sell 0.01 EURUSD at 1.06113 sl: 1.06541 tp: 1.05204 ok
2	16:35:48.721	EA31337 EURUSD,M1: modify #7664537 sell 0.01 EURUSD at 1.06121 sl: 1.06544 tp: 1.05204 ok
2	16:35:48.851	EA31337 EURUSD,M1: modify #7664967 sell 0.01 EURUSD at 1.06069 sl: 1.06494 tp: 1.05204 ok
2	16:35:49.825	EA31337 EURUSD,M1: modify #7671162 sell 0.01 EURUSD at 1.06074 sl: 1.06500 tp: 1.05204 ok
2	16:35:50.121	EA31337 EURUSD,M1: modify #7671163 sell 0.01 EURUSD at 1.06074 sl: 1.06500 tp: 1.05206 ok
2	16:35:50.284	EA31337 EURUSD,M1: modify #7671164 sell 0.01 EURUSD at 1.06074 sl: 1.06500 tp: 1.05206 ok
2	16:35:50.576	EA31337 EURUSD,M1: modify #7671168 sell 0.01 EURUSD at 1.06077 sl: 1.06501 tp: 1.05206 ok
2	16:35:50.933	EA31337 EURUSD,M1: modify #7682756 sell 0.01 EURUSD at 1.05781 sl: 1.06205 tp: 1.05205 ok
2	16:35:51.095	EA31337 EURUSD,M1: modify #7690328 sell 0.01 EURUSD at 1.05673 sl: 1.06099 tp: 1.05255 ok
0	17:02:35.885	EA31337 EURUSD,M1: == New hour: 17
0	17:02:38.061	EA31337 EURUSD,M1: ExecuteOrder(): MarketInfo: Symbol: EURUSD; Ask: 1.05674; Bid: 1.05650; Spread: 24 points = 2.4 pips; 
0	17:02:41.056	EA31337 EURUSD,M1: ExecuteOrder(): OrderSend(): error = invalid price
0	17:02:41.056	EA31337 EURUSD,M1: Error: OrderSend(EURUSD, 1, 0.010000, 1.056500, 50.000000, 1.060740, 1.055390, | spread: 2.4, 31350, 0, 0)
0	17:02:41.056	EA31337 EURUSD,M1: ExecuteOrder(): Account Details: Time: 2015.11.30 17:02:31; Account Balance: ý590.66; Account Equity: ý720.73; Used Margin: ý256.00; Free Margin: ý464.73; No of Orders: 39 (BUY/SELL: 7/32); Risk Ratio: 0.8
0	17:02:41.056	EA31337 EURUSD,M1: ExecuteOrder(): MarketInfo: Symbol: EURUSD; Ask: 1.05674; Bid: 1.05650; Spread: 24 points = 2.4 pips; 
0	17:02:41.056	EA31337 EURUSD,M1: #7690328 2015.11.30 09:21:23 sell 0.01 EURUSD 1.05673 1.06099 1.05255 1.05676 0.00 0.00 -0.02 | spread: 2.6 31407
0	17:02:52.716	EA31337 EURUSD,M1: OpenOrderIsAllowed(): Bands M30: Maximum open and pending orders per type reached the limit (MaxOrdersPerType).
0	17:03:06.824	EA31337 EURUSD,M1: OpenOrderIsAllowed(): Fractals M5: Maximum open and pending orders per type reached the limit (MaxOrdersPerType).
0	17:03:39.738	EA31337 EURUSD,M1: ExecuteOrder(): MarketInfo: Symbol: EURUSD; Ask: 1.05677; Bid: 1.05651; Spread: 26 points = 2.6 pips; 
2	17:03:40.293	EA31337 EURUSD,M1: open #7693382 buy 0.01 EURUSD at 1.05677 sl: 1.05251 tp: 1.06077 ok
0	17:03:40.293	EA31337 EURUSD,M1: #7693382 2015.11.30 17:03:35 buy 0.01 EURUSD 1.05677 1.05251 1.06077 1.05651 0.00 0.00 -0.18 | spread: 2.4 31409
0	17:03:40.293	EA31337 EURUSD,M1: ExecuteOrder(): Order Details: Ticket: 7693382; Time: 2015.11.30 17:02:31; Comment: | spread: 2.4; Commision: 0; Symbol: EURUSD; Type: Buy; Expiration: 0; Open Price: 1.05677; Close Price: 1.05651; Take Profit: -0.18; Stop Loss: 1.0525; Swap: 0; Lot size: 0.01; Account Details: Time: 2015.11.30 17:02:31; Account Balance: ý590.66; Account Equity: ý720.65; Used Margin: ý256.00; Free Margin: ý464.65; No of Orders: 40 (BUY/SELL: 8/32); Risk Ratio: 0.8
0	17:03:40.293	EA31337 EURUSD,M1: OpenOrderIsAllowed(): MACD M5: Maximum open and pending orders per type reached the limit (MaxOrdersPerType).
0	17:03:40.326	EA31337 EURUSD,M1: OpenOrderIsAllowed(): MACD M15: Maximum open and pending orders per type reached the limit (MaxOrdersPerType).
0	17:04:14.455	EA31337 EURUSD,M1: OpenOrderIsAllowed(): SAR M1: Maximum open and pending orders per type reached the limit (MaxOrdersPerType).
0	17:04:14.455	EA31337 EURUSD,M1: OpenOrderIsAllowed(): SAR M5: Maximum open and pending orders per type reached the limit (MaxOrdersPerType).
0	17:04:15.554	EA31337 EURUSD,M1: ExecuteOrder(): MarketInfo: Symbol: EURUSD; Ask: 1.05674; Bid: 1.05648; Spread: 26 points = 2.6 pips; 
2	17:04:15.729	EA31337 EURUSD,M1: open #7693384 sell 0.01 EURUSD at 1.05648 sl: 1.06074 tp: 1.05248 ok
0	17:04:15.729	EA31337 EURUSD,M1: #7693384 2015.11.30 17:04:11 sell 0.01 EURUSD 1.05648 1.06074 1.05248 1.05674 0.00 0.00 -0.17 | spread: 2.4 31439
0	17:04:15.729	EA31337 EURUSD,M1: ExecuteOrder(): Order Details: Ticket: 7693384; Time: 2015.11.30 17:02:31; Comment: | spread: 2.4; Commision: 0; Symbol: EURUSD; Type: Sell; Expiration: 0; Open Price: 1.05648; Close Price: 1.05674; Take Profit: -0.17; Stop Loss: 1.0607; Swap: 0; Lot size: 0.01; Account Details: Time: 2015.11.30 17:02:31; Account Balance: ý590.66; Account Equity: ý720.66; Used Margin: ý264.00; Free Margin: ý456.66; No of Orders: 41 (BUY/SELL: 8/33); Risk Ratio: 0.8
0	17:04:17.112	EA31337 EURUSD,M1: ExecuteOrder(): MarketInfo: Symbol: EURUSD; Ask: 1.05674; Bid: 1.05648; Spread: 26 points = 2.6 pips; 
2	17:04:17.643	EA31337 EURUSD,M1: open #7693385 sell 0.01 EURUSD at 1.05648 sl: 1.06074 tp: 1.05248 ok
0	17:04:17.643	EA31337 EURUSD,M1: #7693385 2015.11.30 17:04:13 sell 0.01 EURUSD 1.05648 1.06074 1.05248 1.05674 0.00 0.00 -0.17 | spread: 2.4 31440
0	17:04:17.643	EA31337 EURUSD,M1: ExecuteOrder(): Order Details: Ticket: 7693385; Time: 2015.11.30 17:02:31; Comment: | spread: 2.4; Commision: 0; Symbol: EURUSD; Type: Sell; Expiration: 0; Open Price: 1.05648; Close Price: 1.05674; Take Profit: -0.17; Stop Loss: 1.0607; Swap: 0; Lot size: 0.01; Account Details: Time: 2015.11.30 17:02:31; Account Balance: ý590.66; Account Equity: ý720.49; Used Margin: ý272.00; Free Margin: ý448.49; No of Orders: 42 (BUY/SELL: 8/34); Risk Ratio: 0.8
0	17:04:32.349	EA31337 EURUSD,M1: OpenOrderIsAllowed(): Maximum open and pending orders reached the limit (MaxOrders).
0	17:04:32.349	EA31337 EURUSD,M1: TaskProcessList(): Processed 1 jobs (0 run, 1 failed (0 removed)).
2	17:08:45.497	EA31337 EURUSD,M1: modify #7693382 buy 0.01 EURUSD at 1.05677 sl: 1.05251 tp: 1.06094 ok
0	17:08:45.497	EA31337 EURUSD,M1: TaskProcessList(): Processed 1 jobs (0 run, 1 failed (0 removed)).
2	17:15:30.444	EA31337 EURUSD,M1: modify #7652338 sell 0.01 EURUSD at 1.06629 sl: 1.07074 tp: 1.05190 ok
2	17:15:30.647	EA31337 EURUSD,M1: modify #7652415 sell 0.01 EURUSD at 1.06591 sl: 1.07012 tp: 1.05190 ok
2	17:15:30.850	EA31337 EURUSD,M1: modify #7652416 sell 0.01 EURUSD at 1.06590 sl: 1.07017 tp: 1.05190 ok
2	17:15:31.093	EA31337 EURUSD,M1: modify #7652417 sell 0.01 EURUSD at 1.06590 sl: 1.07017 tp: 1.05190 ok
2	17:15:31.378	EA31337 EURUSD,M1: modify #7652418 sell 0.01 EURUSD at 1.06590 sl: 1.07016 tp: 1.05190 ok
2	17:15:31.621	EA31337 EURUSD,M1: modify #7652430 sell 0.01 EURUSD at 1.06601 sl: 1.07004 tp: 1.05190 ok
2	17:15:31.787	EA31337 EURUSD,M1: modify #7652458 sell 0.01 EURUSD at 1.06624 sl: 1.07038 tp: 1.05190 ok
2	17:15:32.031	EA31337 EURUSD,M1: modify #7652459 sell 0.01 EURUSD at 1.06625 sl: 1.07043 tp: 1.05190 ok
2	17:15:32.482	EA31337 EURUSD,M1: modify #7652460 sell 0.01 EURUSD at 1.06624 sl: 1.07050 tp: 1.05190 ok
2	17:15:32.848	EA31337 EURUSD,M1: modify #7652541 sell 0.01 EURUSD at 1.06551 sl: 1.06978 tp: 1.05190 ok
2	17:15:33.050	EA31337 EURUSD,M1: modify #7652563 sell 0.01 EURUSD at 1.06532 sl: 1.06958 tp: 1.05190 ok
2	17:15:33.456	EA31337 EURUSD,M1: modify #7663457 sell 0.01 EURUSD at 1.06835 sl: 1.07259 tp: 1.05190 ok
2	17:15:33.582	EA31337 EURUSD,M1: modify #7663458 sell 0.01 EURUSD at 1.06835 sl: 1.07259 tp: 1.05190 ok
2	17:15:33.909	EA31337 EURUSD,M1: modify #7663694 sell 0.01 EURUSD at 1.06763 sl: 1.07189 tp: 1.05190 ok
2	17:15:34.109	EA31337 EURUSD,M1: modify #7663695 sell 0.01 EURUSD at 1.06763 sl: 1.07189 tp: 1.05190 ok
2	17:15:34.357	EA31337 EURUSD,M1: modify #7664451 sell 0.01 EURUSD at 1.06264 sl: 1.06691 tp: 1.05190 ok
2	17:15:34.564	EA31337 EURUSD,M1: modify #7664452 sell 0.01 EURUSD at 1.06264 sl: 1.06691 tp: 1.05190 ok
2	17:15:34.807	EA31337 EURUSD,M1: modify #7664453 sell 0.01 EURUSD at 1.06264 sl: 1.06691 tp: 1.05190 ok
2	17:15:35.334	EA31337 EURUSD,M1: modify #7664504 sell 0.01 EURUSD at 1.06106 sl: 1.06527 tp: 1.05190 ok
2	17:15:35.622	EA31337 EURUSD,M1: modify #7664505 sell 0.01 EURUSD at 1.06115 sl: 1.06543 tp: 1.05190 ok
2	17:15:35.866	EA31337 EURUSD,M1: modify #7664506 sell 0.01 EURUSD at 1.06114 sl: 1.06541 tp: 1.05190 ok
2	17:15:36.028	EA31337 EURUSD,M1: modify #7664507 sell 0.01 EURUSD at 1.06113 sl: 1.06541 tp: 1.05190 ok
2	17:15:36.643	EA31337 EURUSD,M1: modify #7664537 sell 0.01 EURUSD at 1.06121 sl: 1.06544 tp: 1.05190 ok
2	17:15:39.527	EA31337 EURUSD,M1: modify #7664967 sell 0.01 EURUSD at 1.06069 sl: 1.06494 tp: 1.05190 ok
2	17:15:39.731	EA31337 EURUSD,M1: modify #7671162 sell 0.01 EURUSD at 1.06074 sl: 1.06500 tp: 1.05190 ok
2	17:15:40.055	EA31337 EURUSD,M1: modify #7671163 sell 0.01 EURUSD at 1.06074 sl: 1.06500 tp: 1.05190 ok
2	17:15:40.221	EA31337 EURUSD,M1: modify #7671164 sell 0.01 EURUSD at 1.06074 sl: 1.06500 tp: 1.05190 ok
2	17:15:40.505	EA31337 EURUSD,M1: modify #7671168 sell 0.01 EURUSD at 1.06077 sl: 1.06501 tp: 1.05191 ok
2	17:15:40.870	EA31337 EURUSD,M1: modify #7682756 sell 0.01 EURUSD at 1.05781 sl: 1.06205 tp: 1.05191 ok
2	17:15:41.276	EA31337 EURUSD,M1: modify #7690328 sell 0.01 EURUSD at 1.05673 sl: 1.06099 tp: 1.05229 ok
2	17:15:41.398	EA31337 EURUSD,M1: modify #7693384 sell 0.01 EURUSD at 1.05648 sl: 1.06074 tp: 1.05190 ok
2	17:15:41.645	EA31337 EURUSD,M1: modify #7693385 sell 0.01 EURUSD at 1.05648 sl: 1.06074 tp: 1.05190 ok
0	17:15:41.645	EA31337 EURUSD,M1: TaskProcessList(): Processed 1 jobs (0 run, 1 failed (0 removed)).
2	17:20:25.090	EA31337 EURUSD,M1: modify #7652338 sell 0.01 EURUSD at 1.06629 sl: 1.07074 tp: 1.05189 ok
2	17:20:31.469	EA31337 EURUSD,M1: modify #7671168 sell 0.01 EURUSD at 1.06077 sl: 1.06501 tp: 1.05190 ok
2	17:20:31.671	EA31337 EURUSD,M1: modify #7682756 sell 0.01 EURUSD at 1.05781 sl: 1.06205 tp: 1.05190 ok
0	17:20:31.671	EA31337 EURUSD,M1: TaskProcessList(): Processed 1 jobs (0 run, 1 failed (0 removed)).
2	17:23:54.541	EA31337 EURUSD,M1: modify #7652415 sell 0.01 EURUSD at 1.06591 sl: 1.07012 tp: 1.05189 ok
2	17:23:54.910	EA31337 EURUSD,M1: modify #7652416 sell 0.01 EURUSD at 1.06590 sl: 1.07017 tp: 1.05189 ok
2	17:23:55.190	EA31337 EURUSD,M1: modify #7690328 sell 0.01 EURUSD at 1.05673 sl: 1.06099 tp: 1.05217 ok
0	17:23:55.190	EA31337 EURUSD,M1: TaskProcessList(): Processed 1 jobs (0 run, 1 failed (0 removed)).
2	17:28:08.146	EA31337 EURUSD,M1: modify #7652338 sell 0.01 EURUSD at 1.06629 sl: 1.07074 tp: 1.05185 ok
2	17:28:08.430	EA31337 EURUSD,M1: modify #7652415 sell 0.01 EURUSD at 1.06591 sl: 1.07012 tp: 1.05185 ok
2	17:28:08.675	EA31337 EURUSD,M1: modify #7652416 sell 0.01 EURUSD at 1.06590 sl: 1.07017 tp: 1.05185 ok
2	17:28:08.962	EA31337 EURUSD,M1: modify #7652417 sell 0.01 EURUSD at 1.06590 sl: 1.07017 tp: 1.05185 ok
2	17:28:09.206	EA31337 EURUSD,M1: modify #7652418 sell 0.01 EURUSD at 1.06590 sl: 1.07016 tp: 1.05185 ok
2	17:28:09.530	EA31337 EURUSD,M1: modify #7652430 sell 0.01 EURUSD at 1.06601 sl: 1.07004 tp: 1.05185 ok
2	17:28:09.733	EA31337 EURUSD,M1: modify #7652458 sell 0.01 EURUSD at 1.06624 sl: 1.07038 tp: 1.05185 ok
2	17:28:09.936	EA31337 EURUSD,M1: modify #7652459 sell 0.01 EURUSD at 1.06625 sl: 1.07043 tp: 1.05185 ok
2	17:28:10.224	EA31337 EURUSD,M1: modify #7652460 sell 0.01 EURUSD at 1.06624 sl: 1.07050 tp: 1.05185 ok
2	17:28:10.387	EA31337 EURUSD,M1: modify #7652541 sell 0.01 EURUSD at 1.06551 sl: 1.06978 tp: 1.05185 ok
2	17:28:10.590	EA31337 EURUSD,M1: modify #7652563 sell 0.01 EURUSD at 1.06532 sl: 1.06958 tp: 1.05185 ok
2	17:28:10.833	EA31337 EURUSD,M1: modify #7663457 sell 0.01 EURUSD at 1.06835 sl: 1.07259 tp: 1.05185 ok
2	17:28:11.077	EA31337 EURUSD,M1: modify #7663458 sell 0.01 EURUSD at 1.06835 sl: 1.07259 tp: 1.05185 ok
2	17:28:11.324	EA31337 EURUSD,M1: modify #7663694 sell 0.01 EURUSD at 1.06763 sl: 1.07189 tp: 1.05185 ok
2	17:28:11.648	EA31337 EURUSD,M1: modify #7663695 sell 0.01 EURUSD at 1.06763 sl: 1.07189 tp: 1.05185 ok
2	17:28:11.810	EA31337 EURUSD,M1: modify #7664451 sell 0.01 EURUSD at 1.06264 sl: 1.06691 tp: 1.05185 ok
2	17:28:12.098	EA31337 EURUSD,M1: modify #7664452 sell 0.01 EURUSD at 1.06264 sl: 1.06691 tp: 1.05185 ok
2	17:28:12.301	EA31337 EURUSD,M1: modify #7664453 sell 0.01 EURUSD at 1.06264 sl: 1.06691 tp: 1.05185 ok
2	17:28:12.544	EA31337 EURUSD,M1: modify #7664504 sell 0.01 EURUSD at 1.06106 sl: 1.06527 tp: 1.05185 ok
2	17:28:12.792	EA31337 EURUSD,M1: modify #7664505 sell 0.01 EURUSD at 1.06115 sl: 1.06543 tp: 1.05185 ok
2	17:28:13.116	EA31337 EURUSD,M1: modify #7664506 sell 0.01 EURUSD at 1.06114 sl: 1.06541 tp: 1.05185 ok
2	17:28:13.362	EA31337 EURUSD,M1: modify #7664507 sell 0.01 EURUSD at 1.06113 sl: 1.06541 tp: 1.05185 ok
2	17:28:13.644	EA31337 EURUSD,M1: modify #7664537 sell 0.01 EURUSD at 1.06121 sl: 1.06544 tp: 1.05185 ok
2	17:28:13.891	EA31337 EURUSD,M1: modify #7664967 sell 0.01 EURUSD at 1.06069 sl: 1.06494 tp: 1.05185 ok
2	17:28:14.174	EA31337 EURUSD,M1: modify #7671162 sell 0.01 EURUSD at 1.06074 sl: 1.06500 tp: 1.05185 ok
2	17:28:14.337	EA31337 EURUSD,M1: modify #7671163 sell 0.01 EURUSD at 1.06074 sl: 1.06500 tp: 1.05185 ok
2	17:28:14.665	EA31337 EURUSD,M1: modify #7671164 sell 0.01 EURUSD at 1.06074 sl: 1.06500 tp: 1.05185 ok
2	17:28:14.949	EA31337 EURUSD,M1: modify #7671168 sell 0.01 EURUSD at 1.06077 sl: 1.06501 tp: 1.05185 ok
2	17:28:15.112	EA31337 EURUSD,M1: modify #7682756 sell 0.01 EURUSD at 1.05781 sl: 1.06205 tp: 1.05185 ok
2	17:28:15.315	EA31337 EURUSD,M1: modify #7690313 sell 0.01 EURUSD at 1.05658 sl: 1.06082 tp: 1.05545 ok
2	17:28:15.644	EA31337 EURUSD,M1: modify #7690328 sell 0.01 EURUSD at 1.05673 sl: 1.06099 tp: 1.05215 ok
2	17:28:15.847	EA31337 EURUSD,M1: modify #7693384 sell 0.01 EURUSD at 1.05648 sl: 1.06074 tp: 1.05185 ok
2	17:28:16.131	EA31337 EURUSD,M1: modify #7693385 sell 0.01 EURUSD at 1.05648 sl: 1.06074 tp: 1.05185 ok
0	17:28:16.131	EA31337 EURUSD,M1: TaskProcessList(): Processed 1 jobs (0 run, 1 failed (1 removed)).
2	17:31:54.566	EA31337 EURUSD,M1: modify #7690313 sell 0.01 EURUSD at 1.05658 sl: 1.06082 tp: 1.05535 ok
2	17:49:09.500	EA31337 EURUSD,M1: modify #7690328 sell 0.01 EURUSD at 1.05673 sl: 1.06099 tp: 1.05213 ok
0	18:02:56.759	EA31337 EURUSD,M1: == New hour: 18
0	19:02:33.643	EA31337 EURUSD,M1: == New hour: 19
2	19:03:44.291	EA31337 EURUSD,M1: modify #7693382 buy 0.01 EURUSD at 1.05677 sl: 1.05251 tp: 1.06110 ok
2	19:10:16.619	EA31337 EURUSD,M1: modify #7693382 buy 0.01 EURUSD at 1.05677 sl: 1.05251 tp: 1.06130 ok
2	19:59:47.590	EA31337 EURUSD,M1: modify #7693382 buy 0.01 EURUSD at 1.05677 sl: 1.05251 tp: 1.06156 ok
0	20:03:26.731	EA31337 EURUSD,M1: == New hour: 20
0	21:03:57.778	EA31337 EURUSD,M1: == New hour: 21
0	22:00:05.699	EA31337 EURUSD,M1: == New hour: 22
0	23:05:11.435	EA31337 EURUSD,M1: == New hour: 23
