0	00:00:14.729	EA31337 EURUSD,M1: == New hour: 0
0	00:00:14.798	EA31337 EURUSD,M1: == New day (day of month: 20; day of year: 324) ==
0	00:00:14.798	EA31337 EURUSD,M1: Daily max: Tick: 5.9; Spread: 49; Max orders: 24; Loss: 0; Profit: 0; Equity: 894.58; Balance: 844.03; 
0	00:00:14.798	EA31337 EURUSD,M1: Daily SAR stats: Period: 0, Buy: 169 / Sell: 119; Period: 1, Buy: 84 / Sell: 86; Period: 2, Buy: 143 / Sell: 146; Period: 3, Buy: 227 / Sell: 62; Period: 4, Buy: 0 / Sell: 0; Period: 5, Buy: 0 / Sell: 0; Period: 6, Buy: 0 / Sell: 0; Period: 7, Buy: 0 / Sell: 0; Period: 8, Buy: 0 / Sell: 0; 
0	00:00:14.798	EA31337 EURUSD,M1: Daily strategy stats: 
2	00:16:05.516	EA31337 EURUSD,M1: modify #7624464 sell 0.02 EURUSD at 1.07448 sl: 1.07874 tp: 1.06771 ok
2	00:16:06.589	EA31337 EURUSD,M1: modify #7624465 sell 0.02 EURUSD at 1.07448 sl: 1.07874 tp: 1.06772 ok
2	00:43:12.544	EA31337 EURUSD,M1: modify #7624464 sell 0.02 EURUSD at 1.07448 sl: 1.07874 tp: 1.06770 ok
2	00:43:13.493	EA31337 EURUSD,M1: modify #7624465 sell 0.02 EURUSD at 1.07448 sl: 1.07874 tp: 1.06770 ok
2	00:43:18.996	EA31337 EURUSD,M1: modify #7624464 sell 0.02 EURUSD at 1.07448 sl: 1.07874 tp: 1.06762 ok
2	00:43:19.190	EA31337 EURUSD,M1: modify #7624465 sell 0.02 EURUSD at 1.07448 sl: 1.07874 tp: 1.06762 ok
2	00:44:18.172	EA31337 EURUSD,M1: modify #7624464 sell 0.02 EURUSD at 1.07448 sl: 1.07874 tp: 1.06740 ok
2	00:44:18.492	EA31337 EURUSD,M1: modify #7624465 sell 0.02 EURUSD at 1.07448 sl: 1.07874 tp: 1.06740 ok
2	00:57:10.676	EA31337 EURUSD,M1: modify #7624464 sell 0.02 EURUSD at 1.07448 sl: 1.07874 tp: 1.06737 ok
2	00:57:10.871	EA31337 EURUSD,M1: modify #7624465 sell 0.02 EURUSD at 1.07448 sl: 1.07874 tp: 1.06737 ok
0	01:00:37.883	EA31337 EURUSD,M1: == New hour: 1
2	01:03:15.639	EA31337 EURUSD,M1: modify #7624464 sell 0.02 EURUSD at 1.07448 sl: 1.07874 tp: 1.06715 ok
2	01:03:15.838	EA31337 EURUSD,M1: modify #7624465 sell 0.02 EURUSD at 1.07448 sl: 1.07874 tp: 1.06715 ok
2	01:13:21.948	EA31337 EURUSD,M1: modify #7624464 sell 0.02 EURUSD at 1.07448 sl: 1.07874 tp: 1.06705 ok
2	01:13:22.301	EA31337 EURUSD,M1: modify #7624465 sell 0.02 EURUSD at 1.07448 sl: 1.07874 tp: 1.06705 ok
2	01:22:06.890	EA31337 EURUSD,M1: modify #7624464 sell 0.02 EURUSD at 1.07448 sl: 1.07874 tp: 1.06699 ok
2	01:22:07.280	EA31337 EURUSD,M1: modify #7624465 sell 0.02 EURUSD at 1.07448 sl: 1.07874 tp: 1.06699 ok
0	02:00:30.975	EA31337 EURUSD,M1: == New hour: 2
0	02:00:32.639	EA31337 EURUSD,M1: ExecuteOrder(): MarketInfo: Symbol: EURUSD; Ask: 1.07186; Bid: 1.07159; Spread: 27 points = 2.7 pips; 
2	02:00:36.252	EA31337 EURUSD,M1: open #7630829 buy 0.02 EURUSD at 1.07186 sl: 1.06759 ok
0	02:00:36.252	EA31337 EURUSD,M1: #7630829 2015.11.20 02:00:22 buy 0.02 EURUSD 1.07186 1.06759 0.00000 1.07160 0.00 0.00 -0.34 | spread: 2.7 31349
0	02:00:36.252	EA31337 EURUSD,M1: ExecuteOrder(): Order Details: Ticket: 7630829; Time: 2015.11.20 02:00:17; Comment: | spread: 2.7; Commision: 0; Symbol: EURUSD; Type: Buy; Expiration: 0; Open Price: 1.07186; Close Price: 1.07160; Take Profit: -0.34; Stop Loss: 1.0676; Swap: 0; Lot size: 0.02; Account Details: Time: 2015.11.20 02:00:17; Account Balance: ý686.67; Account Equity: ý700.33; Used Margin: ý208.00; Free Margin: ý492.33; No of Orders: 20 (BUY/SELL: 13/7); Risk Ratio: 0.7
0	02:00:36.252	EA31337 EURUSD,M1: OpenOrderIsAllowed(): Maximum open and pending orders reached the limit (MaxOrders).
2	02:08:30.536	EA31337 EURUSD,M1: modify #7630829 buy 0.02 EURUSD at 1.07186 sl: 1.06759 tp: 1.07206 ok
2	02:23:35.394	EA31337 EURUSD,M1: modify #7630829 buy 0.02 EURUSD at 1.07186 sl: 1.06759 tp: 1.07215 ok
0	02:28:52.087	EA31337 EURUSD,M1: ExecuteOrder(): MarketInfo: Symbol: EURUSD; Ask: 1.07245; Bid: 1.07220; Spread: 25 points = 2.5 pips; 
0	02:29:00.528	EA31337 EURUSD,M1: ExecuteOrder(): OrderSend(): error = invalid price
0	02:29:00.528	EA31337 EURUSD,M1: Error: OrderSend(EURUSD, 1, 0.020000, 1.072200, 50.000000, 1.076450, 1.070950, | spread: 2.5, 31349, 0, 0)
0	02:29:00.528	EA31337 EURUSD,M1: ExecuteOrder(): Account Details: Time: 2015.11.20 02:28:34; Account Balance: ý687.05; Account Equity: ý704.29; Used Margin: ý192.00; Free Margin: ý512.29; No of Orders: 19 (BUY/SELL: 12/7); Risk Ratio: 0.7
0	02:29:00.528	EA31337 EURUSD,M1: ExecuteOrder(): MarketInfo: Symbol: EURUSD; Ask: 1.07245; Bid: 1.07220; Spread: 26 points = 2.5 pips; 
0	02:29:00.528	EA31337 EURUSD,M1: #7624893 2015.11.19 17:02:22 buy 0.02 EURUSD 1.07482 1.07055 1.07889 1.07217 0.00 0.00 -3.47 | spread: 2.6 31438
0	02:29:00.530	EA31337 EURUSD,M1: ExecuteOrder(): MarketInfo: Symbol: EURUSD; Ask: 1.07243; Bid: 1.07217; Spread: 26 points = 2.6 pips; 
2	02:29:02.288	EA31337 EURUSD,M1: open #7630937 sell 0.02 EURUSD at 1.07217 sl: 1.07643 tp: 1.07061 ok
0	02:29:02.288	EA31337 EURUSD,M1: #7630937 2015.11.20 02:28:49 sell 0.02 EURUSD 1.07217 1.07643 1.07061 1.07243 0.00 0.00 -0.34 | spread: 2.5 31350
0	02:29:02.288	EA31337 EURUSD,M1: ExecuteOrder(): Order Details: Ticket: 7630937; Time: 2015.11.20 02:28:34; Comment: | spread: 2.5; Commision: 0; Symbol: EURUSD; Type: Sell; Expiration: 0; Open Price: 1.07217; Close Price: 1.07243; Take Profit: -0.34; Stop Loss: 1.0764; Swap: 0; Lot size: 0.02; Account Details: Time: 2015.11.20 02:28:34; Account Balance: ý687.05; Account Equity: ý703.95; Used Margin: ý192.00; Free Margin: ý511.95; No of Orders: 20 (BUY/SELL: 12/8); Risk Ratio: 0.7
0	02:30:29.468	EA31337 EURUSD,M1: OpenOrderIsAllowed(): Maximum open and pending orders reached the limit (MaxOrders).
2	02:31:16.562	EA31337 EURUSD,M1: modify #7630937 sell 0.02 EURUSD at 1.07217 sl: 1.07643 tp: 1.07060 ok
0	02:31:16.594	EA31337 EURUSD,M1: TaskProcessList(): Processed 1 jobs (0 run, 1 failed (0 removed)).
0	02:33:34.678	EA31337 EURUSD,M1: TaskProcessList(): Processed 1 jobs (0 run, 1 failed (0 removed)).
0	02:39:23.867	EA31337 EURUSD,M1: TaskProcessList(): Processed 1 jobs (0 run, 1 failed (0 removed)).
0	02:42:40.825	EA31337 EURUSD,M1: TaskProcessList(): Processed 1 jobs (0 run, 1 failed (0 removed)).
0	02:45:12.590	EA31337 EURUSD,M1: TaskProcessList(): Processed 1 jobs (0 run, 1 failed (0 removed)).
0	02:48:59.631	EA31337 EURUSD,M1: TaskProcessList(): Processed 1 jobs (0 run, 1 failed (1 removed)).
2	02:54:03.542	EA31337 EURUSD,M1: modify #7630937 sell 0.02 EURUSD at 1.07217 sl: 1.07643 tp: 1.07057 ok
2	02:58:57.614	EA31337 EURUSD,M1: modify #7630937 sell 0.02 EURUSD at 1.07217 sl: 1.07643 tp: 1.07052 ok
0	03:01:37.354	EA31337 EURUSD,M1: == New hour: 3
0	03:01:40.161	EA31337 EURUSD,M1: ExecuteOrder(): MarketInfo: Symbol: EURUSD; Ask: 1.07226; Bid: 1.07201; Spread: 25 points = 2.5 pips; 
2	03:01:41.727	EA31337 EURUSD,M1: open #7631053 buy 0.02 EURUSD at 1.07225 sl: 1.06801 tp: 1.07292 ok
0	03:01:41.727	EA31337 EURUSD,M1: #7631053 2015.11.20 03:01:28 buy 0.02 EURUSD 1.07225 1.06801 1.07292 1.07201 0.00 0.00 -0.32 | spread: 2.5 31349
0	03:01:41.727	EA31337 EURUSD,M1: ExecuteOrder(): Order Details: Ticket: 7631053; Time: 2015.11.20 03:01:24; Comment: | spread: 2.5; Commision: 0; Symbol: EURUSD; Type: Buy; Expiration: 0; Open Price: 1.07225; Close Price: 1.07201; Take Profit: -0.32; Stop Loss: 1.068; Swap: 0; Lot size: 0.02; Account Details: Time: 2015.11.20 03:01:24; Account Balance: ý687.05; Account Equity: ý703.09; Used Margin: ý208.00; Free Margin: ý495.09; No of Orders: 21 (BUY/SELL: 13/8); Risk Ratio: 0.7
0	03:01:41.727	EA31337 EURUSD,M1: OpenOrderIsAllowed(): Maximum open and pending orders reached the limit (MaxOrders).
2	03:02:04.563	EA31337 EURUSD,M1: modify #7630937 sell 0.02 EURUSD at 1.07217 sl: 1.07643 tp: 1.07051 ok
2	03:02:04.720	EA31337 EURUSD,M1: modify #7631053 buy 0.02 EURUSD at 1.07225 sl: 1.06801 tp: 1.07295 ok
2	03:06:41.913	EA31337 EURUSD,M1: modify #7631053 buy 0.02 EURUSD at 1.07225 sl: 1.06801 tp: 1.07296 ok
2	03:07:00.303	EA31337 EURUSD,M1: modify #7631053 buy 0.02 EURUSD at 1.07225 sl: 1.06801 tp: 1.07301 ok
2	03:07:44.723	EA31337 EURUSD,M1: modify #7631053 buy 0.02 EURUSD at 1.07225 sl: 1.06801 tp: 1.07302 ok
2	03:13:06.895	EA31337 EURUSD,M1: modify #7631053 buy 0.02 EURUSD at 1.07225 sl: 1.06801 tp: 1.07307 ok
2	03:13:49.079	EA31337 EURUSD,M1: modify #7631053 buy 0.02 EURUSD at 1.07225 sl: 1.06801 tp: 1.07309 ok
0	04:02:40.396	EA31337 EURUSD,M1: == New hour: 4
0	05:00:33.272	EA31337 EURUSD,M1: == New hour: 5
0	06:02:14.518	EA31337 EURUSD,M1: == New hour: 6
0	07:00:16.230	EA31337 EURUSD,M1: == New hour: 7
2	07:05:54.898	EA31337 EURUSD,M1: modify #7624464 sell 0.02 EURUSD at 1.07448 sl: 1.07874 tp: 1.06667 ok
2	07:05:55.643	EA31337 EURUSD,M1: modify #7624465 sell 0.02 EURUSD at 1.07448 sl: 1.07874 tp: 1.06667 ok
2	07:09:18.357	EA31337 EURUSD,M1: modify #7624464 sell 0.02 EURUSD at 1.07448 sl: 1.07874 tp: 1.06631 ok
2	07:09:18.588	EA31337 EURUSD,M1: modify #7624465 sell 0.02 EURUSD at 1.07448 sl: 1.07874 tp: 1.06629 ok
0	07:10:16.820	EA31337 EURUSD,M1: ExecuteOrder(): MarketInfo: Symbol: EURUSD; Ask: 1.07032; Bid: 1.07006; Spread: 26 points = 2.6 pips; 
2	07:10:18.936	EA31337 EURUSD,M1: open #7631668 sell 0.02 EURUSD at 1.07004 sl: 1.07432 tp: 1.06980 ok
0	07:10:18.936	EA31337 EURUSD,M1: #7631668 2015.11.20 07:10:03 sell 0.02 EURUSD 1.07004 1.07432 1.06980 1.07031 0.00 0.00 -0.35 | spread: 2.4 31349
0	07:10:18.936	EA31337 EURUSD,M1: ExecuteOrder(): Order Details: Ticket: 7631668; Time: 2015.11.20 07:09:18; Comment: | spread: 2.4; Commision: 0; Symbol: EURUSD; Type: Sell; Expiration: 0; Open Price: 1.07004; Close Price: 1.07031; Take Profit: -0.35; Stop Loss: 1.0743; Swap: 0; Lot size: 0.02; Account Details: Time: 2015.11.20 07:09:18; Account Balance: ý672.49; Account Equity: ý692.16; Used Margin: ý160.00; Free Margin: ý532.16; No of Orders: 18 (BUY/SELL: 10/8); Risk Ratio: 0.6
0	07:10:18.969	EA31337 EURUSD,M1: ExecuteOrder(): MarketInfo: Symbol: EURUSD; Ask: 1.07029; Bid: 1.07003; Spread: 26 points = 2.6 pips; 
2	07:10:19.261	EA31337 EURUSD,M1: open #7631669 buy 0.02 EURUSD at 1.07029 sl: 1.06603 tp: 1.07317 ok
0	07:10:19.326	EA31337 EURUSD,M1: #7631669 2015.11.20 07:10:05 buy 0.02 EURUSD 1.07029 1.06603 1.07317 1.07007 0.00 0.00 -0.29 | spread: 2.4 31350
0	07:10:19.326	EA31337 EURUSD,M1: ExecuteOrder(): Order Details: Ticket: 7631669; Time: 2015.11.20 07:09:18; Comment: | spread: 2.4; Commision: 0; Symbol: EURUSD; Type: Buy; Expiration: 0; Open Price: 1.07029; Close Price: 1.07007; Take Profit: -0.29; Stop Loss: 1.066; Swap: 0; Lot size: 0.02; Account Details: Time: 2015.11.20 07:09:18; Account Balance: ý672.49; Account Equity: ý692.05; Used Margin: ý176.00; Free Margin: ý516.05; No of Orders: 19 (BUY/SELL: 11/8); Risk Ratio: 0.6
0	07:10:19.326	EA31337 EURUSD,M1: OpenOrderIsAllowed(): Maximum open and pending orders reached the limit (MaxOrders).
2	07:13:54.117	EA31337 EURUSD,M1: modify #7624464 sell 0.02 EURUSD at 1.07448 sl: 1.07874 tp: 1.06617 ok
2	07:13:54.279	EA31337 EURUSD,M1: modify #7624465 sell 0.02 EURUSD at 1.07448 sl: 1.07874 tp: 1.06616 ok
2	07:13:54.535	EA31337 EURUSD,M1: modify #7631668 sell 0.02 EURUSD at 1.07004 sl: 1.07432 tp: 1.06979 ok
2	07:13:54.695	EA31337 EURUSD,M1: modify #7631669 buy 0.02 EURUSD at 1.07029 sl: 1.06603 tp: 1.07318 ok
2	07:17:19.345	EA31337 EURUSD,M1: modify #7631668 sell 0.02 EURUSD at 1.07004 sl: 1.07432 tp: 1.06942 ok
2	07:20:12.998	EA31337 EURUSD,M1: modify #7631668 sell 0.02 EURUSD at 1.07004 sl: 1.07432 tp: 1.06939 ok
2	07:20:13.290	EA31337 EURUSD,M1: modify #7631669 buy 0.02 EURUSD at 1.07029 sl: 1.06603 tp: 1.07319 ok
2	07:22:42.883	EA31337 EURUSD,M1: modify #7631669 buy 0.02 EURUSD at 1.07029 sl: 1.06603 tp: 1.07321 ok
2	07:26:43.446	EA31337 EURUSD,M1: modify #7631669 buy 0.02 EURUSD at 1.07029 sl: 1.06603 tp: 1.07326 ok
2	07:30:13.076	EA31337 EURUSD,M1: modify #7624464 sell 0.02 EURUSD at 1.07448 sl: 1.07874 tp: 1.06602 ok
2	07:30:13.368	EA31337 EURUSD,M1: modify #7624465 sell 0.02 EURUSD at 1.07448 sl: 1.07874 tp: 1.06602 ok
2	07:30:13.628	EA31337 EURUSD,M1: modify #7631669 buy 0.02 EURUSD at 1.07029 sl: 1.06603 tp: 1.07328 ok
2	07:36:43.583	EA31337 EURUSD,M1: modify #7631669 buy 0.02 EURUSD at 1.07029 sl: 1.06603 tp: 1.07337 ok
0	07:37:52.765	EA31337 EURUSD,M1: OpenOrderIsAllowed(): Alligator M1: Maximum open and pending orders per type reached the limit (MaxOrdersPerType).
0	07:37:54.493	EA31337 EURUSD,M1: ExecuteOrder(): MarketInfo: Symbol: EURUSD; Ask: 1.07030; Bid: 1.07002; Spread: 28 points = 2.8 pips; 
2	07:37:55.305	EA31337 EURUSD,M1: open #7631812 buy 0.02 EURUSD at 1.07030 sl: 1.06602 tp: 1.07296 ok
0	07:37:55.305	EA31337 EURUSD,M1: #7631812 2015.11.20 07:37:41 buy 0.02 EURUSD 1.07030 1.06602 1.07296 1.07002 0.00 0.00 -0.37 | spread: 2.6 31351
0	07:37:55.305	EA31337 EURUSD,M1: ExecuteOrder(): Order Details: Ticket: 7631812; Time: 2015.11.20 07:37:10; Comment: | spread: 2.6; Commision: 0; Symbol: EURUSD; Type: Buy; Expiration: 0; Open Price: 1.07030; Close Price: 1.07002; Take Profit: -0.37; Stop Loss: 1.066; Swap: 0; Lot size: 0.02; Account Details: Time: 2015.11.20 07:37:10; Account Balance: ý666.92; Account Equity: ý691.20; Used Margin: ý176.00; Free Margin: ý515.20; No of Orders: 19 (BUY/SELL: 11/8); Risk Ratio: 0.6
0	07:38:18.875	EA31337 EURUSD,M1: OpenOrderIsAllowed(): Maximum open and pending orders reached the limit (MaxOrders).
2	07:39:33.544	EA31337 EURUSD,M1: modify #7631669 buy 0.02 EURUSD at 1.07029 sl: 1.06603 tp: 1.07341 ok
2	07:42:50.317	EA31337 EURUSD,M1: modify #7624464 sell 0.02 EURUSD at 1.07448 sl: 1.07874 tp: 1.06591 ok
2	07:42:51.720	EA31337 EURUSD,M1: modify #7624465 sell 0.02 EURUSD at 1.07448 sl: 1.07874 tp: 1.06591 ok
2	07:42:51.951	EA31337 EURUSD,M1: modify #7631669 buy 0.02 EURUSD at 1.07029 sl: 1.06603 tp: 1.07343 ok
0	07:46:08.424	EA31337 EURUSD,M1: ExecuteOrder(): MarketInfo: Symbol: EURUSD; Ask: 1.06945; Bid: 1.06918; Spread: 27 points = 2.7 pips; 
2	07:46:20.010	EA31337 EURUSD,M1: open #7631864 sell 0.02 EURUSD at 1.06917 sl: 1.07345 ok
0	07:46:20.010	EA31337 EURUSD,M1: #7631864 2015.11.20 07:46:06 sell 0.02 EURUSD 1.06917 1.07345 0.00000 1.06944 0.00 0.00 -0.35 | spread: 2.6 31349
0	07:46:20.042	EA31337 EURUSD,M1: ExecuteOrder(): Order Details: Ticket: 7631864; Time: 2015.11.20 07:44:41; Comment: | spread: 2.6; Commision: 0; Symbol: EURUSD; Type: Sell; Expiration: 0; Open Price: 1.06917; Close Price: 1.06944; Take Profit: -0.35; Stop Loss: 1.0735; Swap: 0; Lot size: 0.02; Account Details: Time: 2015.11.20 07:44:41; Account Balance: ý656.40; Account Equity: ý689.22; Used Margin: ý144.00; Free Margin: ý545.22; No of Orders: 19 (BUY/SELL: 9/8); Risk Ratio: 0.6
0	07:46:23.912	EA31337 EURUSD,M1: OpenOrderIsAllowed(): Maximum open and pending orders reached the limit (MaxOrders).
2	07:49:57.488	EA31337 EURUSD,M1: modify #7624464 sell 0.02 EURUSD at 1.07448 sl: 1.07874 tp: 1.06513 ok
2	07:49:57.682	EA31337 EURUSD,M1: modify #7624465 sell 0.02 EURUSD at 1.07448 sl: 1.07874 tp: 1.06512 ok
2	07:49:57.909	EA31337 EURUSD,M1: modify #7631669 buy 0.02 EURUSD at 1.07029 sl: 1.06603 tp: 1.07359 ok
2	07:49:58.108	EA31337 EURUSD,M1: modify #7631812 buy 0.02 EURUSD at 1.07030 sl: 1.06602 tp: 1.07323 ok
0	07:52:10.481	EA31337 EURUSD,M1: ExecuteOrder(): MarketInfo: Symbol: EURUSD; Ask: 1.06969; Bid: 1.06943; Spread: 26 points = 2.6 pips; 
2	07:52:10.903	EA31337 EURUSD,M1: open #7631908 sell 0.02 EURUSD at 1.06943 sl: 1.07369 tp: 1.06543 ok
0	07:52:10.903	EA31337 EURUSD,M1: #7631908 2015.11.20 07:51:56 sell 0.02 EURUSD 1.06943 1.07369 1.06543 1.06969 0.00 0.00 -0.34 | spread: 2.7 31362
0	07:52:10.903	EA31337 EURUSD,M1: ExecuteOrder(): Order Details: Ticket: 7631908; Time: 2015.11.20 07:50:45; Comment: | spread: 2.7; Commision: 0; Symbol: EURUSD; Type: Sell; Expiration: 0; Open Price: 1.06943; Close Price: 1.06969; Take Profit: -0.34; Stop Loss: 1.0737; Swap: 0; Lot size: 0.02; Account Details: Time: 2015.11.20 07:50:45; Account Balance: ý656.40; Account Equity: ý689.13; Used Margin: ý152.00; Free Margin: ý537.13; No of Orders: 18 (BUY/SELL: 9/9); Risk Ratio: 0.6
0	07:52:16.527	EA31337 EURUSD,M1: ExecuteOrder(): MarketInfo: Symbol: EURUSD; Ask: 1.06973; Bid: 1.06947; Spread: 26 points = 2.6 pips; 
2	07:52:16.884	EA31337 EURUSD,M1: open #7631909 sell 0.02 EURUSD at 1.06950 sl: 1.07373 tp: 1.06547 ok
0	07:52:16.884	EA31337 EURUSD,M1: #7631909 2015.11.20 07:52:03 sell 0.02 EURUSD 1.06950 1.07373 1.06547 1.06976 0.00 0.00 -0.34 | spread: 2.7 31363
0	07:52:16.884	EA31337 EURUSD,M1: ExecuteOrder(): Order Details: Ticket: 7631909; Time: 2015.11.20 07:50:45; Comment: | spread: 2.7; Commision: 0; Symbol: EURUSD; Type: Sell; Expiration: 0; Open Price: 1.06950; Close Price: 1.06976; Take Profit: -0.34; Stop Loss: 1.0737; Swap: 0; Lot size: 0.02; Account Details: Time: 2015.11.20 07:50:45; Account Balance: ý656.40; Account Equity: ý688.63; Used Margin: ý168.00; Free Margin: ý520.63; No of Orders: 19 (BUY/SELL: 9/10); Risk Ratio: 0.6
0	07:52:29.514	EA31337 EURUSD,M1: OpenOrderIsAllowed(): Maximum open and pending orders reached the limit (MaxOrders).
2	07:57:39.112	EA31337 EURUSD,M1: modify #7624464 sell 0.02 EURUSD at 1.07448 sl: 1.07874 tp: 1.06482 ok
2	07:57:39.340	EA31337 EURUSD,M1: modify #7624465 sell 0.02 EURUSD at 1.07448 sl: 1.07874 tp: 1.06482 ok
2	07:57:39.469	EA31337 EURUSD,M1: modify #7631669 buy 0.02 EURUSD at 1.07029 sl: 1.06603 tp: 1.07361 ok
2	07:57:39.634	EA31337 EURUSD,M1: modify #7631908 sell 0.02 EURUSD at 1.06943 sl: 1.07369 tp: 1.06482 ok
2	07:57:40.053	EA31337 EURUSD,M1: modify #7631909 sell 0.02 EURUSD at 1.06950 sl: 1.07373 tp: 1.06482 ok
2	08:05:23.002	EA31337 EURUSD,M1: modify #7631669 buy 0.02 EURUSD at 1.07029 sl: 1.06603 tp: 1.07369 ok
2	08:05:23.298	EA31337 EURUSD,M1: modify #7631812 buy 0.02 EURUSD at 1.07030 sl: 1.06602 tp: 1.07353 ok
2	08:05:23.460	EA31337 EURUSD,M1: modify #7631864 sell 0.02 EURUSD at 1.06917 sl: 1.07345 tp: 1.06833 ok
0	08:06:04.102	EA31337 EURUSD,M1: == New hour: 8
0	08:07:14.854	EA31337 EURUSD,M1: OpenOrderIsAllowed(): Alligator M1: Maximum open and pending orders per type reached the limit (MaxOrdersPerType).
0	08:07:14.854	EA31337 EURUSD,M1: ExecuteOrder(): MarketInfo: Symbol: EURUSD; Ask: 1.06967; Bid: 1.06943; Spread: 24 points = 2.4 pips; 
2	08:07:15.737	EA31337 EURUSD,M1: open #7632054 buy 0.02 EURUSD at 1.06968 sl: 1.06543 tp: 1.07464 ok
0	08:07:15.737	EA31337 EURUSD,M1: #7632054 2015.11.20 08:07:01 buy 0.02 EURUSD 1.06968 1.06543 1.07464 1.06944 0.00 0.00 -0.31 | spread: 2.6 31352
0	08:07:15.737	EA31337 EURUSD,M1: ExecuteOrder(): Order Details: Ticket: 7632054; Time: 2015.11.20 08:05:50; Comment: | spread: 2.6; Commision: 0; Symbol: EURUSD; Type: Buy; Expiration: 0; Open Price: 1.06968; Close Price: 1.06944; Take Profit: -0.31; Stop Loss: 1.0654; Swap: 0; Lot size: 0.02; Account Details: Time: 2015.11.20 08:05:50; Account Balance: ý656.40; Account Equity: ý688.83; Used Margin: ý168.00; Free Margin: ý520.83; No of Orders: 20 (BUY/SELL: 10/10); Risk Ratio: 0.8
0	08:07:34.073	EA31337 EURUSD,M1: OpenOrderIsAllowed(): Bands M15: Maximum open and pending orders per type reached the limit (MaxOrdersPerType).
0	08:07:34.073	EA31337 EURUSD,M1: ExecuteOrder(): MarketInfo: Symbol: EURUSD; Ask: 1.06966; Bid: 1.06944; Spread: 22 points = 2.2 pips; 
2	08:07:35.275	EA31337 EURUSD,M1: open #7632058 sell 0.02 EURUSD at 1.06943 sl: 1.07366 tp: 1.06544 ok
0	08:07:35.275	EA31337 EURUSD,M1: #7632058 2015.11.20 08:07:20 sell 0.02 EURUSD 1.06943 1.07366 1.06544 1.06966 0.00 0.00 -0.30 | spread: 2.6 31364
0	08:07:35.275	EA31337 EURUSD,M1: ExecuteOrder(): Order Details: Ticket: 7632058; Time: 2015.11.20 08:05:50; Comment: | spread: 2.6; Commision: 0; Symbol: EURUSD; Type: Sell; Expiration: 0; Open Price: 1.06943; Close Price: 1.06966; Take Profit: -0.3; Stop Loss: 1.0737; Swap: 0; Lot size: 0.02; Account Details: Time: 2015.11.20 08:05:50; Account Balance: ý656.40; Account Equity: ý688.69; Used Margin: ý184.00; Free Margin: ý504.69; No of Orders: 21 (BUY/SELL: 10/11); Risk Ratio: 0.8
0	08:09:27.182	EA31337 EURUSD,M1: OpenOrderIsAllowed(): MACD M1: Maximum open and pending orders per type reached the limit (MaxOrdersPerType).
0	08:09:27.213	EA31337 EURUSD,M1: OpenOrderIsAllowed(): MACD M5: Maximum open and pending orders per type reached the limit (MaxOrdersPerType).
0	08:09:27.213	EA31337 EURUSD,M1: ExecuteOrder(): MarketInfo: Symbol: EURUSD; Ask: 1.06947; Bid: 1.06920; Spread: 27 points = 2.7 pips; 
2	08:09:27.468	EA31337 EURUSD,M1: open #7632079 sell 0.02 EURUSD at 1.06921 sl: 1.07347 tp: 1.06520 ok
0	08:09:27.468	EA31337 EURUSD,M1: #7632079 2015.11.20 08:09:13 sell 0.02 EURUSD 1.06921 1.07347 1.06520 1.06948 0.00 0.00 -0.36 | spread: 2.6 31411
0	08:09:27.468	EA31337 EURUSD,M1: ExecuteOrder(): Order Details: Ticket: 7632079; Time: 2015.11.20 08:05:50; Comment: | spread: 2.6; Commision: 0; Symbol: EURUSD; Type: Sell; Expiration: 0; Open Price: 1.06921; Close Price: 1.06948; Take Profit: -0.36; Stop Loss: 1.0735; Swap: 0; Lot size: 0.02; Account Details: Time: 2015.11.20 08:05:50; Account Balance: ý656.40; Account Equity: ý688.06; Used Margin: ý200.00; Free Margin: ý488.06; No of Orders: 22 (BUY/SELL: 10/12); Risk Ratio: 0.8
0	08:11:52.990	EA31337 EURUSD,M1: OpenOrderIsAllowed(): Maximum open and pending orders reached the limit (MaxOrders).
2	08:13:07.326	EA31337 EURUSD,M1: modify #7631864 sell 0.02 EURUSD at 1.06917 sl: 1.07345 tp: 1.06827 ok
2	08:13:07.683	EA31337 EURUSD,M1: modify #7632054 buy 0.02 EURUSD at 1.06968 sl: 1.06543 tp: 1.07466 ok
2	08:13:07.943	EA31337 EURUSD,M1: modify #7632058 sell 0.02 EURUSD at 1.06943 sl: 1.07366 tp: 1.06513 ok
2	08:13:08.170	EA31337 EURUSD,M1: modify #7632079 sell 0.02 EURUSD at 1.06921 sl: 1.07347 tp: 1.06513 ok
2	08:21:17.419	EA31337 EURUSD,M1: modify #7624464 sell 0.02 EURUSD at 1.07448 sl: 1.07874 tp: 1.06416 ok
2	08:21:17.740	EA31337 EURUSD,M1: modify #7624465 sell 0.02 EURUSD at 1.07448 sl: 1.07874 tp: 1.06415 ok
2	08:21:17.870	EA31337 EURUSD,M1: modify #7631908 sell 0.02 EURUSD at 1.06943 sl: 1.07369 tp: 1.06416 ok
2	08:21:18.162	EA31337 EURUSD,M1: modify #7631909 sell 0.02 EURUSD at 1.06950 sl: 1.07373 tp: 1.06416 ok
2	08:21:18.385	EA31337 EURUSD,M1: modify #7632058 sell 0.02 EURUSD at 1.06943 sl: 1.07366 tp: 1.06416 ok
2	08:21:18.580	EA31337 EURUSD,M1: modify #7632079 sell 0.02 EURUSD at 1.06921 sl: 1.07347 tp: 1.06416 ok
0	08:21:47.706	EA31337 EURUSD,M1: ExecuteOrder(): MarketInfo: Symbol: EURUSD; Ask: 1.06851; Bid: 1.06826; Spread: 25 points = 2.5 pips; 
2	08:21:48.100	EA31337 EURUSD,M1: open #7632212 sell 0.02 EURUSD at 1.06824 sl: 1.07251 tp: 1.06779 ok
0	08:21:48.100	EA31337 EURUSD,M1: #7632212 2015.11.20 08:21:34 sell 0.02 EURUSD 1.06824 1.07251 1.06779 1.06850 0.00 0.00 -0.34 | spread: 2.6 31350
0	08:21:48.100	EA31337 EURUSD,M1: ExecuteOrder(): Order Details: Ticket: 7632212; Time: 2015.11.20 08:21:13; Comment: | spread: 2.6; Commision: 0; Symbol: EURUSD; Type: Sell; Expiration: 0; Open Price: 1.06824; Close Price: 1.06850; Take Profit: -0.34; Stop Loss: 1.0725; Swap: 0; Lot size: 0.02; Account Details: Time: 2015.11.20 08:21:13; Account Balance: ý646.54; Account Equity: ý691.00; Used Margin: ý200.00; Free Margin: ý491.00; No of Orders: 20 (BUY/SELL: 8/12); Risk Ratio: 0.8
0	08:21:48.100	EA31337 EURUSD,M1: ExecuteOrder(): MarketInfo: Symbol: EURUSD; Ask: 1.06850; Bid: 1.06824; Spread: 26 points = 2.6 pips; 
2	08:21:48.391	EA31337 EURUSD,M1: open #7632213 buy 0.02 EURUSD at 1.06850 sl: 1.06424 tp: 1.07471 ok
0	08:21:48.391	EA31337 EURUSD,M1: #7632213 2015.11.20 08:21:34 buy 0.02 EURUSD 1.06850 1.06424 1.07471 1.06824 0.00 0.00 -0.34 | spread: 2.6 31352
0	08:21:48.391	EA31337 EURUSD,M1: ExecuteOrder(): Order Details: Ticket: 7632213; Time: 2015.11.20 08:21:13; Comment: | spread: 2.6; Commision: 0; Symbol: EURUSD; Type: Buy; Expiration: 0; Open Price: 1.06850; Close Price: 1.06824; Take Profit: -0.34; Stop Loss: 1.0642; Swap: 0; Lot size: 0.02; Account Details: Time: 2015.11.20 08:21:13; Account Balance: ý646.54; Account Equity: ý690.66; Used Margin: ý200.00; Free Margin: ý490.66; No of Orders: 21 (BUY/SELL: 9/12); Risk Ratio: 0.8
0	08:22:12.712	EA31337 EURUSD,M1: ExecuteOrder(): MarketInfo: Symbol: EURUSD; Ask: 1.06859; Bid: 1.06832; Spread: 27 points = 2.7 pips; 
2	08:22:12.939	EA31337 EURUSD,M1: open #7632214 sell 0.02 EURUSD at 1.06834 sl: 1.07259 tp: 1.06432 ok
0	08:22:12.939	EA31337 EURUSD,M1: #7632214 2015.11.20 08:21:59 sell 0.02 EURUSD 1.06834 1.07259 1.06432 1.06857 0.00 0.00 -0.30 | spread: 2.6 31361
0	08:22:12.971	EA31337 EURUSD,M1: ExecuteOrder(): Order Details: Ticket: 7632214; Time: 2015.11.20 08:21:13; Comment: | spread: 2.6; Commision: 0; Symbol: EURUSD; Type: Sell; Expiration: 0; Open Price: 1.06834; Close Price: 1.06857; Take Profit: -0.3; Stop Loss: 1.0726; Swap: 0; Lot size: 0.02; Account Details: Time: 2015.11.20 08:21:13; Account Balance: ý646.54; Account Equity: ý690.43; Used Margin: ý216.00; Free Margin: ý474.43; No of Orders: 22 (BUY/SELL: 9/13); Risk Ratio: 0.8
0	08:22:12.971	EA31337 EURUSD,M1: OpenOrderIsAllowed(): Maximum open and pending orders reached the limit (MaxOrders).
2	08:33:36.817	EA31337 EURUSD,M1: modify #7624464 sell 0.02 EURUSD at 1.07448 sl: 1.07874 tp: 1.06333 ok
2	08:33:37.044	EA31337 EURUSD,M1: modify #7624465 sell 0.02 EURUSD at 1.07448 sl: 1.07874 tp: 1.06333 ok
2	08:33:37.206	EA31337 EURUSD,M1: modify #7631812 buy 0.02 EURUSD at 1.07030 sl: 1.06602 tp: 1.07365 ok
2	08:33:37.370	EA31337 EURUSD,M1: modify #7631908 sell 0.02 EURUSD at 1.06943 sl: 1.07369 tp: 1.06333 ok
2	08:33:37.563	EA31337 EURUSD,M1: modify #7631909 sell 0.02 EURUSD at 1.06950 sl: 1.07373 tp: 1.06333 ok
2	08:33:37.758	EA31337 EURUSD,M1: modify #7632054 buy 0.02 EURUSD at 1.06968 sl: 1.06543 tp: 1.07472 ok
2	08:33:37.920	EA31337 EURUSD,M1: modify #7632058 sell 0.02 EURUSD at 1.06943 sl: 1.07366 tp: 1.06333 ok
2	08:33:38.086	EA31337 EURUSD,M1: modify #7632079 sell 0.02 EURUSD at 1.06921 sl: 1.07347 tp: 1.06333 ok
2	08:33:38.281	EA31337 EURUSD,M1: modify #7632213 buy 0.02 EURUSD at 1.06850 sl: 1.06424 tp: 1.07472 ok
2	08:33:38.540	EA31337 EURUSD,M1: modify #7632214 sell 0.02 EURUSD at 1.06834 sl: 1.07259 tp: 1.06333 ok
0	08:36:00.373	EA31337 EURUSD,M1: ExecuteOrder(): MarketInfo: Symbol: EURUSD; Ask: 1.06743; Bid: 1.06717; Spread: 26 points = 2.6 pips; 
2	08:36:01.801	EA31337 EURUSD,M1: open #7632366 sell 0.02 EURUSD at 1.06724 sl: 1.07143 tp: 1.06612 ok
0	08:36:01.833	EA31337 EURUSD,M1: #7632366 2015.11.20 08:35:47 sell 0.02 EURUSD 1.06724 1.07143 1.06612 1.06750 0.00 0.00 -0.34 | spread: 2.6 31349
0	08:36:01.833	EA31337 EURUSD,M1: ExecuteOrder(): Order Details: Ticket: 7632366; Time: 2015.11.20 08:35:12; Comment: | spread: 2.6; Commision: 0; Symbol: EURUSD; Type: Sell; Expiration: 0; Open Price: 1.06724; Close Price: 1.06750; Take Profit: -0.34; Stop Loss: 1.0714; Swap: 0; Lot size: 0.02; Account Details: Time: 2015.11.20 08:35:12; Account Balance: ý635.79; Account Equity: ý696.47; Used Margin: ý216.00; Free Margin: ý480.47; No of Orders: 20 (BUY/SELL: 7/13); Risk Ratio: 0.8
0	08:36:07.370	EA31337 EURUSD,M1: ExecuteOrder(): MarketInfo: Symbol: EURUSD; Ask: 1.06740; Bid: 1.06713; Spread: 27 points = 2.7 pips; 
2	08:36:07.661	EA31337 EURUSD,M1: open #7632367 sell 0.02 EURUSD at 1.06714 sl: 1.07140 tp: 1.06313 ok
0	08:36:07.661	EA31337 EURUSD,M1: #7632367 2015.11.20 08:35:53 sell 0.02 EURUSD 1.06714 1.07140 1.06313 1.06740 0.00 0.00 -0.34 | spread: 2.6 31363
0	08:36:07.661	EA31337 EURUSD,M1: ExecuteOrder(): Order Details: Ticket: 7632367; Time: 2015.11.20 08:35:12; Comment: | spread: 2.6; Commision: 0; Symbol: EURUSD; Type: Sell; Expiration: 0; Open Price: 1.06714; Close Price: 1.06740; Take Profit: -0.34; Stop Loss: 1.0714; Swap: 0; Lot size: 0.02; Account Details: Time: 2015.11.20 08:35:12; Account Balance: ý635.79; Account Equity: ý696.97; Used Margin: ý232.00; Free Margin: ý464.97; No of Orders: 21 (BUY/SELL: 7/14); Risk Ratio: 0.8
0	08:36:07.693	EA31337 EURUSD,M1: ExecuteOrder(): MarketInfo: Symbol: EURUSD; Ask: 1.06740; Bid: 1.06714; Spread: 26 points = 2.6 pips; 
2	08:36:07.888	EA31337 EURUSD,M1: open #7632368 sell 0.02 EURUSD at 1.06714 sl: 1.07140 tp: 1.06314 ok
0	08:36:07.888	EA31337 EURUSD,M1: #7632368 2015.11.20 08:35:54 sell 0.02 EURUSD 1.06714 1.07140 1.06314 1.06740 0.00 0.00 -0.34 | spread: 2.6 31364
0	08:36:07.888	EA31337 EURUSD,M1: ExecuteOrder(): Order Details: Ticket: 7632368; Time: 2015.11.20 08:35:12; Comment: | spread: 2.6; Commision: 0; Symbol: EURUSD; Type: Sell; Expiration: 0; Open Price: 1.06714; Close Price: 1.06740; Take Profit: -0.34; Stop Loss: 1.0714; Swap: 0; Lot size: 0.02; Account Details: Time: 2015.11.20 08:35:12; Account Balance: ý635.79; Account Equity: ý696.63; Used Margin: ý248.00; Free Margin: ý448.63; No of Orders: 22 (BUY/SELL: 7/15); Risk Ratio: 0.8
0	08:36:59.427	EA31337 EURUSD,M1: OpenOrderIsAllowed(): Maximum open and pending orders reached the limit (MaxOrders).
2	08:38:23.709	EA31337 EURUSD,M1: modify #7624464 sell 0.02 EURUSD at 1.07448 sl: 1.07874 tp: 1.06270 ok
2	08:38:24.062	EA31337 EURUSD,M1: modify #7624465 sell 0.02 EURUSD at 1.07448 sl: 1.07874 tp: 1.06270 ok
2	08:38:24.293	EA31337 EURUSD,M1: modify #7631812 buy 0.02 EURUSD at 1.07030 sl: 1.06602 tp: 1.07412 ok
2	08:38:24.455	EA31337 EURUSD,M1: modify #7631908 sell 0.02 EURUSD at 1.06943 sl: 1.07369 tp: 1.06270 ok
2	08:38:24.780	EA31337 EURUSD,M1: modify #7631909 sell 0.02 EURUSD at 1.06950 sl: 1.07373 tp: 1.06270 ok
2	08:38:24.978	EA31337 EURUSD,M1: modify #7632054 buy 0.02 EURUSD at 1.06968 sl: 1.06543 tp: 1.07518 ok
2	08:38:25.169	EA31337 EURUSD,M1: modify #7632058 sell 0.02 EURUSD at 1.06943 sl: 1.07366 tp: 1.06270 ok
2	08:38:25.429	EA31337 EURUSD,M1: modify #7632079 sell 0.02 EURUSD at 1.06921 sl: 1.07347 tp: 1.06270 ok
2	08:38:25.684	EA31337 EURUSD,M1: modify #7632213 buy 0.02 EURUSD at 1.06850 sl: 1.06424 tp: 1.07518 ok
2	08:38:25.976	EA31337 EURUSD,M1: modify #7632214 sell 0.02 EURUSD at 1.06834 sl: 1.07259 tp: 1.06269 ok
2	08:38:26.337	EA31337 EURUSD,M1: modify #7632366 sell 0.02 EURUSD at 1.06724 sl: 1.07143 tp: 1.06610 ok
2	08:38:26.690	EA31337 EURUSD,M1: modify #7632367 sell 0.02 EURUSD at 1.06714 sl: 1.07140 tp: 1.06269 ok
2	08:38:26.949	EA31337 EURUSD,M1: modify #7632368 sell 0.02 EURUSD at 1.06714 sl: 1.07140 tp: 1.06269 ok
2	08:48:38.576	EA31337 EURUSD,M1: modify #7631812 buy 0.02 EURUSD at 1.07030 sl: 1.06602 tp: 1.07417 ok
2	08:48:38.771	EA31337 EURUSD,M1: modify #7632054 buy 0.02 EURUSD at 1.06968 sl: 1.06543 tp: 1.07524 ok
2	08:48:39.683	EA31337 EURUSD,M1: modify #7632213 buy 0.02 EURUSD at 1.06850 sl: 1.06424 tp: 1.07524 ok
2	08:48:39.910	EA31337 EURUSD,M1: modify #7632366 sell 0.02 EURUSD at 1.06724 sl: 1.07143 tp: 1.06581 ok
2	08:56:22.655	EA31337 EURUSD,M1: modify #7631812 buy 0.02 EURUSD at 1.07030 sl: 1.06602 tp: 1.07435 ok
0	09:03:10.636	EA31337 EURUSD,M1: == New hour: 9
0	10:01:42.791	EA31337 EURUSD,M1: == New hour: 10
0	11:01:11.921	EA31337 EURUSD,M1: == New hour: 11
0	12:00:29.161	EA31337 EURUSD,M1: == New hour: 12
0	13:01:38.585	EA31337 EURUSD,M1: == New hour: 13
0	14:03:13.302	EA31337 EURUSD,M1: == New hour: 14
0	15:01:09.122	EA31337 EURUSD,M1: == New hour: 15
2	15:45:35.668	EA31337 EURUSD,M1: modify #7632366 sell 0.02 EURUSD at 1.06724 sl: 1.07143 tp: 1.06576 ok
0	16:03:02.249	EA31337 EURUSD,M1: == New hour: 16
2	16:07:56.790	EA31337 EURUSD,M1: modify #7624464 sell 0.02 EURUSD at 1.07448 sl: 1.07874 tp: 1.06158 ok
2	16:07:57.082	EA31337 EURUSD,M1: modify #7624465 sell 0.02 EURUSD at 1.07448 sl: 1.07874 tp: 1.06159 ok
2	16:07:57.277	EA31337 EURUSD,M1: modify #7631908 sell 0.02 EURUSD at 1.06943 sl: 1.07369 tp: 1.06158 ok
2	16:07:57.540	EA31337 EURUSD,M1: modify #7631909 sell 0.02 EURUSD at 1.06950 sl: 1.07373 tp: 1.06158 ok
2	16:07:57.727	EA31337 EURUSD,M1: modify #7632058 sell 0.02 EURUSD at 1.06943 sl: 1.07366 tp: 1.06160 ok
2	16:07:57.890	EA31337 EURUSD,M1: modify #7632079 sell 0.02 EURUSD at 1.06921 sl: 1.07347 tp: 1.06158 ok
2	16:07:58.150	EA31337 EURUSD,M1: modify #7632214 sell 0.02 EURUSD at 1.06834 sl: 1.07259 tp: 1.06158 ok
2	16:07:58.478	EA31337 EURUSD,M1: modify #7632367 sell 0.02 EURUSD at 1.06714 sl: 1.07140 tp: 1.06158 ok
2	16:07:58.608	EA31337 EURUSD,M1: modify #7632368 sell 0.02 EURUSD at 1.06714 sl: 1.07140 tp: 1.06158 ok
2	16:13:44.918	EA31337 EURUSD,M1: modify #7624464 sell 0.02 EURUSD at 1.07448 sl: 1.07874 tp: 1.06149 ok
2	16:13:45.149	EA31337 EURUSD,M1: modify #7624465 sell 0.02 EURUSD at 1.07448 sl: 1.07874 tp: 1.06149 ok
2	16:13:45.993	EA31337 EURUSD,M1: modify #7631908 sell 0.02 EURUSD at 1.06943 sl: 1.07369 tp: 1.06149 ok
2	16:13:46.387	EA31337 EURUSD,M1: modify #7631909 sell 0.02 EURUSD at 1.06950 sl: 1.07373 tp: 1.06149 ok
2	16:13:46.614	EA31337 EURUSD,M1: modify #7632058 sell 0.02 EURUSD at 1.06943 sl: 1.07366 tp: 1.06148 ok
2	16:13:46.841	EA31337 EURUSD,M1: modify #7632079 sell 0.02 EURUSD at 1.06921 sl: 1.07347 tp: 1.06149 ok
2	16:13:47.230	EA31337 EURUSD,M1: modify #7632214 sell 0.02 EURUSD at 1.06834 sl: 1.07259 tp: 1.06149 ok
2	16:13:47.392	EA31337 EURUSD,M1: modify #7632367 sell 0.02 EURUSD at 1.06714 sl: 1.07140 tp: 1.06148 ok
2	16:13:47.615	EA31337 EURUSD,M1: modify #7632368 sell 0.02 EURUSD at 1.06714 sl: 1.07140 tp: 1.06148 ok
2	16:21:30.376	EA31337 EURUSD,M1: modify #7624464 sell 0.02 EURUSD at 1.07448 sl: 1.07874 tp: 1.06112 ok
2	16:21:30.639	EA31337 EURUSD,M1: modify #7624465 sell 0.02 EURUSD at 1.07448 sl: 1.07874 tp: 1.06113 ok
2	16:21:30.900	EA31337 EURUSD,M1: modify #7631908 sell 0.02 EURUSD at 1.06943 sl: 1.07369 tp: 1.06113 ok
2	16:21:31.197	EA31337 EURUSD,M1: modify #7631909 sell 0.02 EURUSD at 1.06950 sl: 1.07373 tp: 1.06114 ok
2	16:21:31.389	EA31337 EURUSD,M1: modify #7632058 sell 0.02 EURUSD at 1.06943 sl: 1.07366 tp: 1.06114 ok
2	16:21:31.616	EA31337 EURUSD,M1: modify #7632079 sell 0.02 EURUSD at 1.06921 sl: 1.07347 tp: 1.06114 ok
2	16:21:31.810	EA31337 EURUSD,M1: modify #7632214 sell 0.02 EURUSD at 1.06834 sl: 1.07259 tp: 1.06114 ok
2	16:21:31.973	EA31337 EURUSD,M1: modify #7632367 sell 0.02 EURUSD at 1.06714 sl: 1.07140 tp: 1.06113 ok
2	16:21:32.268	EA31337 EURUSD,M1: modify #7632368 sell 0.02 EURUSD at 1.06714 sl: 1.07140 tp: 1.06113 ok
2	16:27:44.724	EA31337 EURUSD,M1: modify #7624464 sell 0.02 EURUSD at 1.07448 sl: 1.07874 tp: 1.06093 ok
2	16:27:44.916	EA31337 EURUSD,M1: modify #7624465 sell 0.02 EURUSD at 1.07448 sl: 1.07874 tp: 1.06093 ok
2	16:27:45.138	EA31337 EURUSD,M1: modify #7631908 sell 0.02 EURUSD at 1.06943 sl: 1.07369 tp: 1.06093 ok
2	16:27:45.332	EA31337 EURUSD,M1: modify #7631909 sell 0.02 EURUSD at 1.06950 sl: 1.07373 tp: 1.06093 ok
2	16:27:45.661	EA31337 EURUSD,M1: modify #7632058 sell 0.02 EURUSD at 1.06943 sl: 1.07366 tp: 1.06093 ok
2	16:27:45.855	EA31337 EURUSD,M1: modify #7632079 sell 0.02 EURUSD at 1.06921 sl: 1.07347 tp: 1.06093 ok
2	16:27:46.025	EA31337 EURUSD,M1: modify #7632214 sell 0.02 EURUSD at 1.06834 sl: 1.07259 tp: 1.06093 ok
2	16:27:46.248	EA31337 EURUSD,M1: modify #7632367 sell 0.02 EURUSD at 1.06714 sl: 1.07140 tp: 1.06093 ok
2	16:27:46.509	EA31337 EURUSD,M1: modify #7632368 sell 0.02 EURUSD at 1.06714 sl: 1.07140 tp: 1.06093 ok
2	16:34:22.682	EA31337 EURUSD,M1: modify #7624464 sell 0.02 EURUSD at 1.07448 sl: 1.07874 tp: 1.06070 ok
2	16:34:22.942	EA31337 EURUSD,M1: modify #7624465 sell 0.02 EURUSD at 1.07448 sl: 1.07874 tp: 1.06069 ok
2	16:34:23.238	EA31337 EURUSD,M1: modify #7631908 sell 0.02 EURUSD at 1.06943 sl: 1.07369 tp: 1.06070 ok
2	16:34:23.433	EA31337 EURUSD,M1: modify #7631909 sell 0.02 EURUSD at 1.06950 sl: 1.07373 tp: 1.06070 ok
2	16:34:23.595	EA31337 EURUSD,M1: modify #7632058 sell 0.02 EURUSD at 1.06943 sl: 1.07366 tp: 1.06071 ok
2	16:34:23.956	EA31337 EURUSD,M1: modify #7632079 sell 0.02 EURUSD at 1.06921 sl: 1.07347 tp: 1.06071 ok
2	16:34:24.151	EA31337 EURUSD,M1: modify #7632214 sell 0.02 EURUSD at 1.06834 sl: 1.07259 tp: 1.06072 ok
2	16:34:24.313	EA31337 EURUSD,M1: modify #7632367 sell 0.02 EURUSD at 1.06714 sl: 1.07140 tp: 1.06071 ok
2	16:34:24.573	EA31337 EURUSD,M1: modify #7632368 sell 0.02 EURUSD at 1.06714 sl: 1.07140 tp: 1.06071 ok
0	17:00:31.377	EA31337 EURUSD,M1: == New hour: 17
0	17:00:37.426	EA31337 EURUSD,M1: ExecuteOrder(): MarketInfo: Symbol: EURUSD; Ask: 1.06596; Bid: 1.06569; Spread: 27 points = 2.7 pips; 
0	17:00:46.588	EA31337 EURUSD,M1: ExecuteOrder(): OrderSend(): error = invalid price
0	17:00:46.588	EA31337 EURUSD,M1: Error: OrderSend(EURUSD, 0, 0.020000, 1.065960, 50.000000, 1.061690, 1.066510, | spread: 2.7, 31349, 0, 0)
0	17:00:46.588	EA31337 EURUSD,M1: ExecuteOrder(): Account Details: Time: 2015.11.20 17:00:16; Account Balance: ý615.29; Account Equity: ý714.53; Used Margin: ý232.00; Free Margin: ý482.53; No of Orders: 17 (BUY/SELL: 3/14); Risk Ratio: 0.8
0	17:00:46.588	EA31337 EURUSD,M1: ExecuteOrder(): MarketInfo: Symbol: EURUSD; Ask: 1.06596; Bid: 1.06569; Spread: 26 points = 2.7 pips; 
0	17:00:46.588	EA31337 EURUSD,M1: #7632368 2015.11.20 08:35:54 sell 0.02 EURUSD 1.06714 1.07140 1.06071 1.06594 0.00 0.00 1.57 | spread: 2.6 31364
0	17:00:46.630	EA31337 EURUSD,M1: ExecuteOrder(): MarketInfo: Symbol: EURUSD; Ask: 1.06594; Bid: 1.06568; Spread: 26 points = 2.6 pips; 
2	17:00:50.895	EA31337 EURUSD,M1: open #7636013 sell 0.02 EURUSD at 1.06568 sl: 1.06994 tp: 1.06384 ok
0	17:00:50.895	EA31337 EURUSD,M1: #7636013 2015.11.20 17:00:34 sell 0.02 EURUSD 1.06568 1.06994 1.06384 1.06595 0.00 0.00 -0.36 | spread: 2.7 31350
0	17:00:50.895	EA31337 EURUSD,M1: ExecuteOrder(): Order Details: Ticket: 7636013; Time: 2015.11.20 17:00:16; Comment: | spread: 2.7; Commision: 0; Symbol: EURUSD; Type: Sell; Expiration: 0; Open Price: 1.06568; Close Price: 1.06595; Take Profit: -0.36; Stop Loss: 1.0699; Swap: 0; Lot size: 0.02; Account Details: Time: 2015.11.20 17:00:16; Account Balance: ý615.29; Account Equity: ý714.04; Used Margin: ý248.00; Free Margin: ý466.04; No of Orders: 18 (BUY/SELL: 3/15); Risk Ratio: 0.8
0	17:01:12.094	EA31337 EURUSD,M1: ExecuteOrder(): MarketInfo: Symbol: EURUSD; Ask: 1.06585; Bid: 1.06558; Spread: 27 points = 2.7 pips; 
2	17:01:12.406	EA31337 EURUSD,M1: open #7636015 buy 0.02 EURUSD at 1.06585 sl: 1.06158 tp: 1.06985 ok
0	17:01:12.406	EA31337 EURUSD,M1: #7636015 2015.11.20 17:00:57 buy 0.02 EURUSD 1.06585 1.06158 1.06985 1.06558 0.00 0.00 -0.36 | spread: 2.7 31409
0	17:01:12.406	EA31337 EURUSD,M1: ExecuteOrder(): Order Details: Ticket: 7636015; Time: 2015.11.20 17:00:16; Comment: | spread: 2.7; Commision: 0; Symbol: EURUSD; Type: Buy; Expiration: 0; Open Price: 1.06585; Close Price: 1.06558; Take Profit: -0.36; Stop Loss: 1.0616; Swap: 0; Lot size: 0.02; Account Details: Time: 2015.11.20 17:00:16; Account Balance: ý615.29; Account Equity: ý715.36; Used Margin: ý248.00; Free Margin: ý467.36; No of Orders: 19 (BUY/SELL: 4/15); Risk Ratio: 0.8
0	17:01:12.569	EA31337 EURUSD,M1: ExecuteOrder(): MarketInfo: Symbol: EURUSD; Ask: 1.06585; Bid: 1.06558; Spread: 27 points = 2.7 pips; 
2	17:01:13.255	EA31337 EURUSD,M1: open #7636016 buy 0.02 EURUSD at 1.06585 sl: 1.06158 tp: 1.06985 ok
0	17:01:13.255	EA31337 EURUSD,M1: #7636016 2015.11.20 17:00:58 buy 0.02 EURUSD 1.06585 1.06158 1.06985 1.06558 0.00 0.00 -0.36 | spread: 2.7 31410
0	17:01:13.255	EA31337 EURUSD,M1: ExecuteOrder(): Order Details: Ticket: 7636016; Time: 2015.11.20 17:00:16; Comment: | spread: 2.7; Commision: 0; Symbol: EURUSD; Type: Buy; Expiration: 0; Open Price: 1.06585; Close Price: 1.06558; Take Profit: -0.36; Stop Loss: 1.0616; Swap: 0; Lot size: 0.02; Account Details: Time: 2015.11.20 17:00:16; Account Balance: ý615.29; Account Equity: ý715.00; Used Margin: ý248.00; Free Margin: ý467.00; No of Orders: 20 (BUY/SELL: 5/15); Risk Ratio: 0.8
0	17:01:13.287	EA31337 EURUSD,M1: OpenOrderIsAllowed(): Maximum open and pending orders reached the limit (MaxOrders).
2	17:01:43.536	EA31337 EURUSD,M1: modify #7636013 sell 0.02 EURUSD at 1.06568 sl: 1.06994 tp: 1.06382 ok
0	17:01:43.536	EA31337 EURUSD,M1: TaskProcessList(): Processed 1 jobs (0 run, 1 failed (0 removed)).
0	17:05:12.872	EA31337 EURUSD,M1: TaskProcessList(): Processed 1 jobs (0 run, 1 failed (0 removed)).
0	17:06:22.229	EA31337 EURUSD,M1: TaskProcessList(): Processed 1 jobs (0 run, 1 failed (0 removed)).
2	17:08:14.921	EA31337 EURUSD,M1: modify #7636013 sell 0.02 EURUSD at 1.06568 sl: 1.06994 tp: 1.06380 ok
0	17:08:14.921	EA31337 EURUSD,M1: TaskProcessList(): Processed 1 jobs (0 run, 1 failed (0 removed)).
2	17:09:57.183	EA31337 EURUSD,M1: modify #7636015 buy 0.02 EURUSD at 1.06585 sl: 1.06158 tp: 1.06988 ok
2	17:09:57.901	EA31337 EURUSD,M1: modify #7636016 buy 0.02 EURUSD at 1.06585 sl: 1.06158 tp: 1.06988 ok
0	17:09:57.901	EA31337 EURUSD,M1: TaskProcessList(): Processed 1 jobs (0 run, 1 failed (0 removed)).
2	17:10:52.721	EA31337 EURUSD,M1: modify #7636015 buy 0.02 EURUSD at 1.06585 sl: 1.06158 tp: 1.06997 ok
2	17:10:52.884	EA31337 EURUSD,M1: modify #7636016 buy 0.02 EURUSD at 1.06585 sl: 1.06158 tp: 1.06996 ok
0	17:10:52.884	EA31337 EURUSD,M1: TaskProcessList(): Processed 1 jobs (0 run, 1 failed (1 removed)).
2	17:37:32.928	EA31337 EURUSD,M1: modify #7587229 sell 0.02 EURUSD at 1.07257 sl: 1.07683 tp: 1.05764 ok
2	17:37:33.090	EA31337 EURUSD,M1: modify #7624464 sell 0.02 EURUSD at 1.07448 sl: 1.07874 tp: 1.06031 ok
2	17:37:33.317	EA31337 EURUSD,M1: modify #7624465 sell 0.02 EURUSD at 1.07448 sl: 1.07874 tp: 1.06031 ok
2	17:37:33.483	EA31337 EURUSD,M1: modify #7631908 sell 0.02 EURUSD at 1.06943 sl: 1.07369 tp: 1.06033 ok
2	17:37:33.974	EA31337 EURUSD,M1: modify #7631909 sell 0.02 EURUSD at 1.06950 sl: 1.07373 tp: 1.06033 ok
2	17:37:34.169	EA31337 EURUSD,M1: modify #7632058 sell 0.02 EURUSD at 1.06943 sl: 1.07366 tp: 1.06033 ok
2	17:37:34.494	EA31337 EURUSD,M1: modify #7632079 sell 0.02 EURUSD at 1.06921 sl: 1.07347 tp: 1.06033 ok
2	17:37:34.819	EA31337 EURUSD,M1: modify #7632214 sell 0.02 EURUSD at 1.06834 sl: 1.07259 tp: 1.06033 ok
2	17:37:35.014	EA31337 EURUSD,M1: modify #7632367 sell 0.02 EURUSD at 1.06714 sl: 1.07140 tp: 1.06033 ok
2	17:37:35.246	EA31337 EURUSD,M1: modify #7632368 sell 0.02 EURUSD at 1.06714 sl: 1.07140 tp: 1.06033 ok
0	17:38:24.449	EA31337 EURUSD,M1: ExecuteOrder(): MarketInfo: Symbol: EURUSD; Ask: 1.06477; Bid: 1.06453; Spread: 24 points = 2.4 pips; 
2	17:38:27.412	EA31337 EURUSD,M1: open #7636181 sell 0.02 EURUSD at 1.06453 sl: 1.06877 tp: 1.06387 ok
0	17:38:27.412	EA31337 EURUSD,M1: #7636181 2015.11.20 17:38:11 sell 0.02 EURUSD 1.06453 1.06877 1.06387 1.06481 0.00 0.00 -0.37 | spread: 2.6 31350
0	17:38:27.412	EA31337 EURUSD,M1: ExecuteOrder(): Order Details: Ticket: 7636181; Time: 2015.11.20 17:37:50; Comment: | spread: 2.6; Commision: 0; Symbol: EURUSD; Type: Sell; Expiration: 0; Open Price: 1.06453; Close Price: 1.06481; Take Profit: -0.37; Stop Loss: 1.0688; Swap: 0; Lot size: 0.02; Account Details: Time: 2015.11.20 17:37:50; Account Balance: ý609.63; Account Equity: ý728.59; Used Margin: ý264.00; Free Margin: ý464.59; No of Orders: 20 (BUY/SELL: 4/16); Risk Ratio: 0.8
0	17:38:46.941	EA31337 EURUSD,M1: OpenOrderIsAllowed(): Maximum open and pending orders reached the limit (MaxOrders).
2	17:40:48.625	EA31337 EURUSD,M1: modify #7636181 sell 0.02 EURUSD at 1.06453 sl: 1.06877 tp: 1.06386 ok
2	17:42:38.902	EA31337 EURUSD,M1: modify #7636013 sell 0.02 EURUSD at 1.06568 sl: 1.06994 tp: 1.06379 ok
2	17:42:39.165	EA31337 EURUSD,M1: modify #7636181 sell 0.02 EURUSD at 1.06453 sl: 1.06877 tp: 1.06379 ok
2	17:44:38.476	EA31337 EURUSD,M1: modify #7631908 sell 0.02 EURUSD at 1.06943 sl: 1.07369 tp: 1.06032 ok
2	17:44:38.772	EA31337 EURUSD,M1: modify #7631909 sell 0.02 EURUSD at 1.06950 sl: 1.07373 tp: 1.06032 ok
2	17:44:38.966	EA31337 EURUSD,M1: modify #7632058 sell 0.02 EURUSD at 1.06943 sl: 1.07366 tp: 1.06032 ok
2	17:44:39.226	EA31337 EURUSD,M1: modify #7632079 sell 0.02 EURUSD at 1.06921 sl: 1.07347 tp: 1.06032 ok
2	17:44:39.457	EA31337 EURUSD,M1: modify #7632214 sell 0.02 EURUSD at 1.06834 sl: 1.07259 tp: 1.06032 ok
2	17:44:39.685	EA31337 EURUSD,M1: modify #7632367 sell 0.02 EURUSD at 1.06714 sl: 1.07140 tp: 1.06032 ok
2	17:44:40.399	EA31337 EURUSD,M1: modify #7632368 sell 0.02 EURUSD at 1.06714 sl: 1.07140 tp: 1.06032 ok
2	17:44:40.690	EA31337 EURUSD,M1: modify #7636013 sell 0.02 EURUSD at 1.06568 sl: 1.06994 tp: 1.06378 ok
2	17:44:41.473	EA31337 EURUSD,M1: modify #7636181 sell 0.02 EURUSD at 1.06453 sl: 1.06877 tp: 1.06378 ok
2	17:46:49.618	EA31337 EURUSD,M1: modify #7636013 sell 0.02 EURUSD at 1.06568 sl: 1.06994 tp: 1.06377 ok
2	17:46:49.746	EA31337 EURUSD,M1: modify #7636181 sell 0.02 EURUSD at 1.06453 sl: 1.06877 tp: 1.06377 ok
2	17:49:33.168	EA31337 EURUSD,M1: modify #7636013 sell 0.02 EURUSD at 1.06568 sl: 1.06994 tp: 1.06368 ok
2	17:49:33.362	EA31337 EURUSD,M1: modify #7636181 sell 0.02 EURUSD at 1.06453 sl: 1.06877 tp: 1.06368 ok
2	17:50:34.181	EA31337 EURUSD,M1: modify #7636013 sell 0.02 EURUSD at 1.06568 sl: 1.06994 tp: 1.06366 ok
2	17:50:34.409	EA31337 EURUSD,M1: modify #7636181 sell 0.02 EURUSD at 1.06453 sl: 1.06877 tp: 1.06366 ok
2	18:02:16.519	EA31337 EURUSD,M1: modify #7636013 sell 0.02 EURUSD at 1.06568 sl: 1.06994 tp: 1.06365 ok
2	18:02:16.908	EA31337 EURUSD,M1: modify #7636181 sell 0.02 EURUSD at 1.06453 sl: 1.06877 tp: 1.06365 ok
0	18:02:47.038	EA31337 EURUSD,M1: == New hour: 18
2	18:26:48.960	EA31337 EURUSD,M1: modify #7624464 sell 0.02 EURUSD at 1.07448 sl: 1.07874 tp: 1.06024 ok
2	18:26:50.023	EA31337 EURUSD,M1: modify #7624465 sell 0.02 EURUSD at 1.07448 sl: 1.07874 tp: 1.06025 ok
2	18:26:50.251	EA31337 EURUSD,M1: modify #7631908 sell 0.02 EURUSD at 1.06943 sl: 1.07369 tp: 1.06026 ok
2	18:26:50.482	EA31337 EURUSD,M1: modify #7631909 sell 0.02 EURUSD at 1.06950 sl: 1.07373 tp: 1.06026 ok
2	18:26:50.645	EA31337 EURUSD,M1: modify #7632058 sell 0.02 EURUSD at 1.06943 sl: 1.07366 tp: 1.06026 ok
2	18:26:50.909	EA31337 EURUSD,M1: modify #7632079 sell 0.02 EURUSD at 1.06921 sl: 1.07347 tp: 1.06026 ok
2	18:26:51.298	EA31337 EURUSD,M1: modify #7632214 sell 0.02 EURUSD at 1.06834 sl: 1.07259 tp: 1.06026 ok
2	18:26:51.461	EA31337 EURUSD,M1: modify #7632367 sell 0.02 EURUSD at 1.06714 sl: 1.07140 tp: 1.06026 ok
2	18:26:51.756	EA31337 EURUSD,M1: modify #7632368 sell 0.02 EURUSD at 1.06714 sl: 1.07140 tp: 1.06026 ok
0	19:02:41.495	EA31337 EURUSD,M1: == New hour: 19
0	20:01:56.336	EA31337 EURUSD,M1: == New hour: 20
0	21:04:16.169	EA31337 EURUSD,M1: == New hour: 21
2	21:50:55.702	EA31337 EURUSD,M1: modify #7624464 sell 0.02 EURUSD at 1.07448 sl: 1.07874 tp: 1.05996 ok
2	21:50:55.994	EA31337 EURUSD,M1: modify #7624465 sell 0.02 EURUSD at 1.07448 sl: 1.07874 tp: 1.05996 ok
2	21:50:56.160	EA31337 EURUSD,M1: modify #7631908 sell 0.02 EURUSD at 1.06943 sl: 1.07369 tp: 1.05996 ok
2	21:50:57.479	EA31337 EURUSD,M1: modify #7631909 sell 0.02 EURUSD at 1.06950 sl: 1.07373 tp: 1.05996 ok
2	21:50:57.707	EA31337 EURUSD,M1: modify #7632058 sell 0.02 EURUSD at 1.06943 sl: 1.07366 tp: 1.05996 ok
2	21:50:57.872	EA31337 EURUSD,M1: modify #7632079 sell 0.02 EURUSD at 1.06921 sl: 1.07347 tp: 1.05996 ok
2	21:50:58.099	EA31337 EURUSD,M1: modify #7632214 sell 0.02 EURUSD at 1.06834 sl: 1.07259 tp: 1.05996 ok
2	21:50:58.358	EA31337 EURUSD,M1: modify #7632367 sell 0.02 EURUSD at 1.06714 sl: 1.07140 tp: 1.05996 ok
2	21:50:58.553	EA31337 EURUSD,M1: modify #7632368 sell 0.02 EURUSD at 1.06714 sl: 1.07140 tp: 1.05996 ok
