0	00:00:17.266	EA31337 EURUSD,M1: == New hour: 0
0	00:00:17.364	EA31337 EURUSD,M1: == New day (day of month: 18; day of year: 352) ==
0	00:00:17.364	EA31337 EURUSD,M1: Daily max: Tick: 6; Spread: 59; Max orders: 10; Loss: 0; Profit: 0; Equity: 205.08; Balance: 154.57; 
0	00:00:17.364	EA31337 EURUSD,M1: Daily SAR stats: Period: 0, Buy: 212 / Sell: 179; Period: 1, Buy: 121 / Sell: 123; Period: 2, Buy: 166 / Sell: 225; Period: 3, Buy: 103 / Sell: 288; Period: 4, Buy: 0 / Sell: 0; Period: 5, Buy: 0 / Sell: 0; Period: 6, Buy: 0 / Sell: 0; Period: 7, Buy: 0 / Sell: 0; Period: 8, Buy: 0 / Sell: 0; 
0	00:00:17.396	EA31337 EURUSD,M1: Daily strategy stats: 
0	01:00:16.159	EA31337 EURUSD,M1: == New hour: 1
0	02:02:08.442	EA31337 EURUSD,M1: == New hour: 2
0	03:01:30.206	EA31337 EURUSD,M1: == New hour: 3
0	04:05:52.807	EA31337 EURUSD,M1: == New hour: 4
0	05:01:13.322	EA31337 EURUSD,M1: == New hour: 5
0	05:01:20.760	EA31337 EURUSD,M1: OpenOrderIsAllowed(): Maximum open and pending orders reached the limit (MaxOrders).
0	06:01:56.959	EA31337 EURUSD,M1: == New hour: 6
0	07:05:29.500	EA31337 EURUSD,M1: == New hour: 7
0	07:20:40.504	EA31337 EURUSD,M1: OpenOrderIsAllowed(): Maximum open and pending orders reached the limit (MaxOrders).
0	08:01:41.234	EA31337 EURUSD,M1: == New hour: 8
0	09:03:20.826	EA31337 EURUSD,M1: == New hour: 9
0	10:02:25.978	EA31337 EURUSD,M1: == New hour: 10
0	11:02:00.799	EA31337 EURUSD,M1: == New hour: 11
0	12:05:53.117	EA31337 EURUSD,M1: == New hour: 12
0	13:01:17.426	EA31337 EURUSD,M1: == New hour: 13
0	13:45:36.725	EA31337 EURUSD,M1: OpenOrderIsAllowed(): Maximum open and pending orders reached the limit (MaxOrders).
0	14:04:49.388	EA31337 EURUSD,M1: == New hour: 14
0	15:04:40.653	EA31337 EURUSD,M1: == New hour: 15
0	16:05:14.165	EA31337 EURUSD,M1: == New hour: 16
0	17:02:17.790	EA31337 EURUSD,M1: == New hour: 17
0	18:01:19.246	EA31337 EURUSD,M1: == New hour: 18
0	19:01:30.013	EA31337 EURUSD,M1: == New hour: 19
0	20:01:35.591	EA31337 EURUSD,M1: == New hour: 20
0	21:04:31.352	EA31337 EURUSD,M1: == New hour: 21
