0	00:05:19.808	EA31337 EURUSD,M1: == New hour: 0
0	00:05:19.906	EA31337 EURUSD,M1: == New day (day of month: 30; day of year: 364) ==
0	00:05:19.906	EA31337 EURUSD,M1: Daily max: Tick: 6.2; Spread: 89; Max orders: 6; Loss: 0; Profit: 0; Equity: 116.45; Balance: 97.15; 
0	00:05:19.906	EA31337 EURUSD,M1: Daily SAR stats: Period: 0, Buy: 185 / Sell: 116; Period: 1, Buy: 82 / Sell: 98; Period: 2, Buy: 148 / Sell: 153; Period: 3, Buy: 135 / Sell: 166; Period: 4, Buy: 0 / Sell: 0; Period: 5, Buy: 0 / Sell: 0; Period: 6, Buy: 0 / Sell: 0; Period: 7, Buy: 0 / Sell: 0; Period: 8, Buy: 0 / Sell: 0; 
0	00:05:19.971	EA31337 EURUSD,M1: Daily strategy stats: 
0	01:01:43.817	EA31337 EURUSD,M1: == New hour: 1
0	02:01:55.098	EA31337 EURUSD,M1: == New hour: 2
0	03:03:48.082	EA31337 EURUSD,M1: == New hour: 3
0	04:06:02.996	EA31337 EURUSD,M1: == New hour: 4
0	05:03:45.941	EA31337 EURUSD,M1: == New hour: 5
0	06:00:11.378	EA31337 EURUSD,M1: == New hour: 6
0	07:02:34.211	EA31337 EURUSD,M1: == New hour: 7
0	08:00:28.288	EA31337 EURUSD,M1: == New hour: 8
0	09:00:24.573	EA31337 EURUSD,M1: == New hour: 9
0	10:00:18.471	EA31337 EURUSD,M1: == New hour: 10
0	11:01:23.572	EA31337 EURUSD,M1: == New hour: 11
0	12:03:00.360	EA31337 EURUSD,M1: == New hour: 12
0	13:02:32.402	EA31337 EURUSD,M1: == New hour: 13
0	14:05:24.170	EA31337 EURUSD,M1: == New hour: 14
0	15:03:33.543	EA31337 EURUSD,M1: == New hour: 15
0	16:00:17.178	EA31337 EURUSD,M1: == New hour: 16
0	16:49:54.180	EA31337 EURUSD,M1: OpenOrderIsAllowed(): Maximum open and pending orders reached the limit (MaxOrders).
0	17:01:16.272	EA31337 EURUSD,M1: == New hour: 17
2	17:11:21.262	EA31337 EURUSD,M1: modify #7926738 sell 0.01 EURUSD at 1.09205 sl: 1.09632 tp: 1.08624 ok
2	17:11:22.082	EA31337 EURUSD,M1: modify #7927720 sell 0.01 EURUSD at 1.09084 sl: 1.09512 tp: 1.08624 ok
0	18:01:55.695	EA31337 EURUSD,M1: == New hour: 18
0	19:03:04.162	EA31337 EURUSD,M1: == New hour: 19
0	19:12:37.070	EA31337 EURUSD,M1: OpenOrderIsAllowed(): Maximum open and pending orders reached the limit (MaxOrders).
0	20:07:23.337	EA31337 EURUSD,M1: == New hour: 20
0	21:02:42.047	EA31337 EURUSD,M1: == New hour: 21
0	22:00:13.280	EA31337 EURUSD,M1: == New hour: 22
0	22:18:29.849	EA31337 EURUSD,M1: OpenOrderIsAllowed(): Maximum open and pending orders reached the limit (MaxOrders).
0	22:18:29.849	EA31337 EURUSD,M1: OpenOrderIsAllowed(): Maximum open and pending orders reached the limit (MaxOrders).
0	22:18:29.849	EA31337 EURUSD,M1: OpenOrderIsAllowed(): Maximum open and pending orders reached the limit (MaxOrders).
0	22:18:29.849	EA31337 EURUSD,M1: OpenOrderIsAllowed(): Maximum open and pending orders reached the limit (MaxOrders).
0	22:18:29.849	EA31337 EURUSD,M1: OpenOrderIsAllowed(): Maximum open and pending orders reached the limit (MaxOrders).
0	22:18:29.959	EA31337 EURUSD,M1: OpenOrderIsAllowed(): Maximum open and pending orders reached the limit (MaxOrders).
0	22:18:29.959	EA31337 EURUSD,M1: OpenOrderIsAllowed(): Maximum open and pending orders reached the limit (MaxOrders).
0	22:19:25.215	EA31337 EURUSD,M1: OpenOrderIsAllowed(): Maximum open and pending orders reached the limit (MaxOrders).
0	22:19:25.215	EA31337 EURUSD,M1: OpenOrderIsAllowed(): Maximum open and pending orders reached the limit (MaxOrders).
0	22:19:25.215	EA31337 EURUSD,M1: OpenOrderIsAllowed(): Maximum open and pending orders reached the limit (MaxOrders).
0	22:19:25.215	EA31337 EURUSD,M1: OpenOrderIsAllowed(): Maximum open and pending orders reached the limit (MaxOrders).
0	22:19:25.215	EA31337 EURUSD,M1: OpenOrderIsAllowed(): Maximum open and pending orders reached the limit (MaxOrders).
0	22:19:25.215	EA31337 EURUSD,M1: OpenOrderIsAllowed(): Maximum open and pending orders reached the limit (MaxOrders).
0	23:26:27.620	EA31337 EURUSD,M1: == New hour: 23
