0	00:00:36.224	EA31337 EURUSD,M1: == New hour: 0
0	00:00:36.257	EA31337 EURUSD,M1: == New day (day of month: 13; day of year: 225) ==
0	00:00:36.257	EA31337 EURUSD,M1: Daily max: Tick: 6.2; Spread: 45; Max orders: 27; Loss: 0; Profit: 0; Equity: 437.86; Balance: 233.76; 
0	00:00:36.289	EA31337 EURUSD,M1: Daily SAR stats: Period: 0, Buy: 304 / Sell: 241; Period: 1, Buy: 161 / Sell: 167; Period: 2, Buy: 302 / Sell: 238; Period: 3, Buy: 340 / Sell: 201; Period: 4, Buy: 0 / Sell: 0; Period: 5, Buy: 0 / Sell: 0; Period: 6, Buy: 0 / Sell: 0; Period: 7, Buy: 0 / Sell: 0; Period: 8, Buy: 0 / Sell: 0; 
0	00:00:36.289	EA31337 EURUSD,M1: Daily strategy stats: 
0	00:23:53.027	EA31337 EURUSD,M1: OpenOrderIsAllowed(): Maximum open and pending orders reached the limit (MaxOrders).
2	00:25:39.028	EA31337 EURUSD,M1: modify #6722388 sell 0.01 EURUSD at 1.11852 sl: 1.12278 tp: 1.11112 ok
2	00:25:39.223	EA31337 EURUSD,M1: modify #6723529 sell 0.01 EURUSD at 1.12010 sl: 1.12436 tp: 1.11112 ok
2	00:25:39.450	EA31337 EURUSD,M1: modify #6723530 sell 0.01 EURUSD at 1.12010 sl: 1.12436 tp: 1.11112 ok
2	00:25:39.616	EA31337 EURUSD,M1: modify #6723917 sell 0.01 EURUSD at 1.11802 sl: 1.12229 tp: 1.11112 ok
2	00:25:39.811	EA31337 EURUSD,M1: modify #6723918 sell 0.01 EURUSD at 1.11802 sl: 1.12229 tp: 1.11112 ok
2	00:26:42.544	EA31337 EURUSD,M1: modify #6722388 sell 0.01 EURUSD at 1.11852 sl: 1.12278 tp: 1.11100 ok
2	00:26:42.706	EA31337 EURUSD,M1: modify #6723529 sell 0.01 EURUSD at 1.12010 sl: 1.12436 tp: 1.11100 ok
2	00:26:42.905	EA31337 EURUSD,M1: modify #6723530 sell 0.01 EURUSD at 1.12010 sl: 1.12436 tp: 1.11100 ok
2	00:26:43.165	EA31337 EURUSD,M1: modify #6723917 sell 0.01 EURUSD at 1.11802 sl: 1.12229 tp: 1.11100 ok
2	00:26:43.981	EA31337 EURUSD,M1: modify #6723918 sell 0.01 EURUSD at 1.11802 sl: 1.12229 tp: 1.11100 ok
0	01:02:11.145	EA31337 EURUSD,M1: == New hour: 1
2	01:21:07.336	EA31337 EURUSD,M1: modify #6724739 buy 0.01 EURUSD at 1.11728 sl: 1.11302 tp: 1.11876 ok
2	01:28:22.916	EA31337 EURUSD,M1: modify #6724739 buy 0.01 EURUSD at 1.11728 sl: 1.11302 tp: 1.12162 ok
2	01:30:42.870	EA31337 EURUSD,M1: modify #6724400 sell 0.01 EURUSD at 1.11600 sl: 1.12028 tp: 1.11439 ok
2	01:30:43.064	EA31337 EURUSD,M1: modify #6724739 buy 0.01 EURUSD at 1.11728 sl: 1.11302 tp: 1.12277 ok
2	01:33:57.908	EA31337 EURUSD,M1: modify #6724400 sell 0.01 EURUSD at 1.11600 sl: 1.12028 tp: 1.11396 ok
2	01:54:19.696	EA31337 EURUSD,M1: modify #6722388 sell 0.01 EURUSD at 1.11852 sl: 1.12278 tp: 1.11056 ok
2	01:54:19.827	EA31337 EURUSD,M1: modify #6723529 sell 0.01 EURUSD at 1.12010 sl: 1.12436 tp: 1.11055 ok
2	01:54:19.988	EA31337 EURUSD,M1: modify #6723530 sell 0.01 EURUSD at 1.12010 sl: 1.12436 tp: 1.11055 ok
2	01:54:20.187	EA31337 EURUSD,M1: modify #6723917 sell 0.01 EURUSD at 1.11802 sl: 1.12229 tp: 1.11055 ok
2	01:54:20.349	EA31337 EURUSD,M1: modify #6723918 sell 0.01 EURUSD at 1.11802 sl: 1.12229 tp: 1.11060 ok
2	01:57:18.910	EA31337 EURUSD,M1: modify #6722388 sell 0.01 EURUSD at 1.11852 sl: 1.12278 tp: 1.11041 ok
2	01:57:19.077	EA31337 EURUSD,M1: modify #6723529 sell 0.01 EURUSD at 1.12010 sl: 1.12436 tp: 1.11041 ok
2	01:57:19.303	EA31337 EURUSD,M1: modify #6723530 sell 0.01 EURUSD at 1.12010 sl: 1.12436 tp: 1.11041 ok
2	01:57:19.729	EA31337 EURUSD,M1: modify #6723905 sell 0.01 EURUSD at 1.11771 sl: 1.12197 tp: 1.10978 ok
2	01:57:19.956	EA31337 EURUSD,M1: modify #6723917 sell 0.01 EURUSD at 1.11802 sl: 1.12229 tp: 1.11041 ok
2	01:57:20.118	EA31337 EURUSD,M1: modify #6723918 sell 0.01 EURUSD at 1.11802 sl: 1.12229 tp: 1.11041 ok
2	01:57:20.999	EA31337 EURUSD,M1: modify #6724400 sell 0.01 EURUSD at 1.11600 sl: 1.12028 tp: 1.11388 ok
2	01:58:28.475	EA31337 EURUSD,M1: modify #6722388 sell 0.01 EURUSD at 1.11852 sl: 1.12278 tp: 1.11007 ok
2	01:58:28.735	EA31337 EURUSD,M1: modify #6723529 sell 0.01 EURUSD at 1.12010 sl: 1.12436 tp: 1.11007 ok
2	01:58:28.936	EA31337 EURUSD,M1: modify #6723530 sell 0.01 EURUSD at 1.12010 sl: 1.12436 tp: 1.11007 ok
2	01:58:29.912	EA31337 EURUSD,M1: modify #6723905 sell 0.01 EURUSD at 1.11771 sl: 1.12197 tp: 1.10932 ok
2	01:58:30.269	EA31337 EURUSD,M1: modify #6723917 sell 0.01 EURUSD at 1.11802 sl: 1.12229 tp: 1.11007 ok
2	01:58:30.500	EA31337 EURUSD,M1: modify #6723918 sell 0.01 EURUSD at 1.11802 sl: 1.12229 tp: 1.11007 ok
2	02:00:36.215	EA31337 EURUSD,M1: modify #6722388 sell 0.01 EURUSD at 1.11852 sl: 1.12278 tp: 1.10979 ok
2	02:00:36.641	EA31337 EURUSD,M1: modify #6723529 sell 0.01 EURUSD at 1.12010 sl: 1.12436 tp: 1.10979 ok
2	02:00:36.803	EA31337 EURUSD,M1: modify #6723530 sell 0.01 EURUSD at 1.12010 sl: 1.12436 tp: 1.10979 ok
2	02:00:36.999	EA31337 EURUSD,M1: modify #6723905 sell 0.01 EURUSD at 1.11771 sl: 1.12197 tp: 1.10828 ok
2	02:00:37.230	EA31337 EURUSD,M1: modify #6723917 sell 0.01 EURUSD at 1.11802 sl: 1.12229 tp: 1.10979 ok
2	02:00:37.424	EA31337 EURUSD,M1: modify #6723918 sell 0.01 EURUSD at 1.11802 sl: 1.12229 tp: 1.10979 ok
0	02:01:15.564	EA31337 EURUSD,M1: == New hour: 2
0	02:01:30.859	EA31337 EURUSD,M1: ExecuteOrder(): MarketInfo: Symbol: EURUSD; Ask: 1.11411; Bid: 1.11384; Spread: 27 points = 2.7 pips; 
0	02:01:39.463	EA31337 EURUSD,M1: ExecuteOrder(): OrderSend(): error = invalid price
0	02:01:39.463	EA31337 EURUSD,M1: Error: OrderSend(EURUSD, 1, 0.010000, 1.113840, 50.000000, 1.118110, 1.113020, | spread: 2.6, 31349, 0, 0)
0	02:01:39.463	EA31337 EURUSD,M1: ExecuteOrder(): Account Details: Time: 2015.08.13 02:01:05; Account Balance: ý225.76; Account Equity: ý375.68; Used Margin: ý136.00; Free Margin: ý239.68; No of Orders: 23 (BUY/SELL: 17/6); Risk Ratio: 0.9
0	02:01:39.463	EA31337 EURUSD,M1: ExecuteOrder(): MarketInfo: Symbol: EURUSD; Ask: 1.11411; Bid: 1.11384; Spread: 28 points = 2.7 pips; 
0	02:01:39.463	EA31337 EURUSD,M1: #6724739 2015.08.12 20:02:24 buy 0.01 EURUSD 1.11728 1.11302 1.12277 1.11385 0.00 0.00 -2.20 | spread: 2.6 31405
0	02:01:39.561	EA31337 EURUSD,M1: ExecuteOrder(): MarketInfo: Symbol: EURUSD; Ask: 1.11413; Bid: 1.11385; Spread: 28 points = 2.8 pips; 
2	02:01:40.577	EA31337 EURUSD,M1: open #6729651 buy 0.01 EURUSD at 1.11413 sl: 1.10985 tp: 1.11764 ok
0	02:01:40.577	EA31337 EURUSD,M1: #6729651 2015.08.13 02:01:30 buy 0.01 EURUSD 1.11413 1.10985 1.11764 1.11385 0.00 0.00 -0.18 | spread: 2.6 31350
0	02:01:40.577	EA31337 EURUSD,M1: ExecuteOrder(): Order Details: Ticket: 6729651; Time: 2015.08.13 02:01:05; Comment: | spread: 2.6; Commision: 0; Symbol: EURUSD; Type: Buy; Expiration: 0; Open Price: 1.11413; Close Price: 1.11385; Take Profit: -0.18; Stop Loss: 1.1099; Swap: 0; Lot size: 0.01; Account Details: Time: 2015.08.13 02:01:05; Account Balance: ý225.76; Account Equity: ý375.50; Used Margin: ý144.00; Free Margin: ý231.50; No of Orders: 24 (BUY/SELL: 18/6); Risk Ratio: 0.9
0	02:01:41.651	EA31337 EURUSD,M1: ExecuteOrder(): MarketInfo: Symbol: EURUSD; Ask: 1.11413; Bid: 1.11385; Spread: 28 points = 2.8 pips; 
2	02:01:42.365	EA31337 EURUSD,M1: open #6729652 sell 0.01 EURUSD at 1.11385 sl: 1.11813 tp: 1.10985 ok
0	02:01:42.365	EA31337 EURUSD,M1: #6729652 2015.08.13 02:01:32 sell 0.01 EURUSD 1.11385 1.11813 1.10985 1.11413 0.00 0.00 -0.18 | spread: 2.6 31362
0	02:01:42.365	EA31337 EURUSD,M1: ExecuteOrder(): Order Details: Ticket: 6729652; Time: 2015.08.13 02:01:05; Comment: | spread: 2.6; Commision: 0; Symbol: EURUSD; Type: Sell; Expiration: 0; Open Price: 1.11385; Close Price: 1.11413; Take Profit: -0.18; Stop Loss: 1.1181; Swap: 0; Lot size: 0.01; Account Details: Time: 2015.08.13 02:01:05; Account Balance: ý225.76; Account Equity: ý375.32; Used Margin: ý144.00; Free Margin: ý231.32; No of Orders: 25 (BUY/SELL: 18/7); Risk Ratio: 0.9
0	02:01:45.430	EA31337 EURUSD,M1: OpenOrderIsAllowed(): Maximum open and pending orders reached the limit (MaxOrders).
0	02:03:00.392	EA31337 EURUSD,M1: TaskProcessList(): Processed 1 jobs (0 run, 1 failed (0 removed)).
0	02:06:29.171	EA31337 EURUSD,M1: TaskProcessList(): Processed 1 jobs (0 run, 1 failed (0 removed)).
0	02:09:40.149	EA31337 EURUSD,M1: TaskProcessList(): Processed 1 jobs (0 run, 1 failed (0 removed)).
0	02:11:09.282	EA31337 EURUSD,M1: TaskProcessList(): Processed 1 jobs (0 run, 1 failed (0 removed)).
2	02:13:29.564	EA31337 EURUSD,M1: modify #6729651 buy 0.01 EURUSD at 1.11413 sl: 1.10985 tp: 1.11766 ok
0	02:13:29.564	EA31337 EURUSD,M1: TaskProcessList(): Processed 1 jobs (0 run, 1 failed (0 removed)).
0	02:14:52.456	EA31337 EURUSD,M1: TaskProcessList(): Processed 1 jobs (0 run, 1 failed (1 removed)).
2	02:39:07.120	EA31337 EURUSD,M1: modify #6729651 buy 0.01 EURUSD at 1.11413 sl: 1.10985 tp: 1.11767 ok
2	02:40:24.250	EA31337 EURUSD,M1: modify #6729651 buy 0.01 EURUSD at 1.11413 sl: 1.10985 tp: 1.11769 ok
2	02:44:12.298	EA31337 EURUSD,M1: modify #6722388 sell 0.01 EURUSD at 1.11852 sl: 1.12278 tp: 1.10966 ok
2	02:44:12.625	EA31337 EURUSD,M1: modify #6723529 sell 0.01 EURUSD at 1.12010 sl: 1.12436 tp: 1.10966 ok
2	02:44:12.788	EA31337 EURUSD,M1: modify #6723530 sell 0.01 EURUSD at 1.12010 sl: 1.12436 tp: 1.10966 ok
2	02:44:13.146	EA31337 EURUSD,M1: modify #6723917 sell 0.01 EURUSD at 1.11802 sl: 1.12229 tp: 1.10966 ok
2	02:44:13.377	EA31337 EURUSD,M1: modify #6723918 sell 0.01 EURUSD at 1.11802 sl: 1.12229 tp: 1.10966 ok
2	02:44:13.540	EA31337 EURUSD,M1: modify #6729651 buy 0.01 EURUSD at 1.11413 sl: 1.10985 tp: 1.11770 ok
2	02:44:13.767	EA31337 EURUSD,M1: modify #6729652 sell 0.01 EURUSD at 1.11385 sl: 1.11813 tp: 1.10967 ok
2	02:47:29.995	EA31337 EURUSD,M1: modify #6729651 buy 0.01 EURUSD at 1.11413 sl: 1.10985 tp: 1.11771 ok
2	02:48:51.881	EA31337 EURUSD,M1: modify #6729651 buy 0.01 EURUSD at 1.11413 sl: 1.10985 tp: 1.11776 ok
2	02:52:01.643	EA31337 EURUSD,M1: modify #6722388 sell 0.01 EURUSD at 1.11852 sl: 1.12278 tp: 1.10957 ok
2	02:52:02.326	EA31337 EURUSD,M1: modify #6723529 sell 0.01 EURUSD at 1.12010 sl: 1.12436 tp: 1.10957 ok
2	02:52:02.488	EA31337 EURUSD,M1: modify #6723530 sell 0.01 EURUSD at 1.12010 sl: 1.12436 tp: 1.10957 ok
2	02:52:02.683	EA31337 EURUSD,M1: modify #6723905 sell 0.01 EURUSD at 1.11771 sl: 1.12197 tp: 1.10793 ok
2	02:52:03.430	EA31337 EURUSD,M1: modify #6723917 sell 0.01 EURUSD at 1.11802 sl: 1.12229 tp: 1.10957 ok
2	02:52:03.722	EA31337 EURUSD,M1: modify #6723918 sell 0.01 EURUSD at 1.11802 sl: 1.12229 tp: 1.10957 ok
2	02:52:04.079	EA31337 EURUSD,M1: modify #6729651 buy 0.01 EURUSD at 1.11413 sl: 1.10985 tp: 1.11781 ok
2	02:52:04.302	EA31337 EURUSD,M1: modify #6729652 sell 0.01 EURUSD at 1.11385 sl: 1.11813 tp: 1.10957 ok
2	02:53:14.009	EA31337 EURUSD,M1: modify #6722388 sell 0.01 EURUSD at 1.11852 sl: 1.12278 tp: 1.10951 ok
2	02:53:14.172	EA31337 EURUSD,M1: modify #6723529 sell 0.01 EURUSD at 1.12010 sl: 1.12436 tp: 1.10953 ok
2	02:53:14.463	EA31337 EURUSD,M1: modify #6723530 sell 0.01 EURUSD at 1.12010 sl: 1.12436 tp: 1.10951 ok
2	02:53:14.691	EA31337 EURUSD,M1: modify #6723917 sell 0.01 EURUSD at 1.11802 sl: 1.12229 tp: 1.10951 ok
2	02:53:14.857	EA31337 EURUSD,M1: modify #6723918 sell 0.01 EURUSD at 1.11802 sl: 1.12229 tp: 1.10951 ok
2	02:53:15.019	EA31337 EURUSD,M1: modify #6729652 sell 0.01 EURUSD at 1.11385 sl: 1.11813 tp: 1.10951 ok
2	02:54:46.700	EA31337 EURUSD,M1: modify #6722388 sell 0.01 EURUSD at 1.11852 sl: 1.12278 tp: 1.10928 ok
2	02:54:47.220	EA31337 EURUSD,M1: modify #6723529 sell 0.01 EURUSD at 1.12010 sl: 1.12436 tp: 1.10928 ok
2	02:54:47.382	EA31337 EURUSD,M1: modify #6723530 sell 0.01 EURUSD at 1.12010 sl: 1.12436 tp: 1.10928 ok
2	02:54:47.610	EA31337 EURUSD,M1: modify #6723905 sell 0.01 EURUSD at 1.11771 sl: 1.12197 tp: 1.10785 ok
2	02:54:48.166	EA31337 EURUSD,M1: modify #6723917 sell 0.01 EURUSD at 1.11802 sl: 1.12229 tp: 1.10928 ok
2	02:54:48.297	EA31337 EURUSD,M1: modify #6723918 sell 0.01 EURUSD at 1.11802 sl: 1.12229 tp: 1.10928 ok
2	02:54:48.688	EA31337 EURUSD,M1: modify #6729652 sell 0.01 EURUSD at 1.11385 sl: 1.11813 tp: 1.10928 ok
2	02:56:00.188	EA31337 EURUSD,M1: modify #6723905 sell 0.01 EURUSD at 1.11771 sl: 1.12197 tp: 1.10735 ok
2	02:56:00.837	EA31337 EURUSD,M1: modify #6729651 buy 0.01 EURUSD at 1.11413 sl: 1.10985 tp: 1.11782 ok
2	02:56:47.297	EA31337 EURUSD,M1: modify #6729651 buy 0.01 EURUSD at 1.11413 sl: 1.10985 tp: 1.11787 ok
0	03:00:30.145	EA31337 EURUSD,M1: == New hour: 3
0	03:00:49.070	EA31337 EURUSD,M1: ExecuteOrder(): MarketInfo: Symbol: EURUSD; Ask: 1.11342; Bid: 1.11315; Spread: 27 points = 2.7 pips; 
2	03:00:50.595	EA31337 EURUSD,M1: open #6729819 sell 0.01 EURUSD at 1.11315 sl: 1.11742 tp: 1.11268 ok
0	03:00:50.595	EA31337 EURUSD,M1: #6729819 2015.08.13 03:00:39 sell 0.01 EURUSD 1.11315 1.11742 1.11268 1.11342 0.00 0.00 -0.17 | spread: 2.8 31349
0	03:00:50.595	EA31337 EURUSD,M1: ExecuteOrder(): Order Details: Ticket: 6729819; Time: 2015.08.13 03:00:20; Comment: | spread: 2.8; Commision: 0; Symbol: EURUSD; Type: Sell; Expiration: 0; Open Price: 1.11315; Close Price: 1.11342; Take Profit: -0.17; Stop Loss: 1.1174; Swap: 0; Lot size: 0.01; Account Details: Time: 2015.08.13 03:00:20; Account Balance: ý225.76; Account Equity: ý370.16; Used Margin: ý144.00; Free Margin: ý226.16; No of Orders: 26 (BUY/SELL: 18/8); Risk Ratio: 1.0
0	03:00:55.768	EA31337 EURUSD,M1: OpenOrderIsAllowed(): Maximum open and pending orders reached the limit (MaxOrders).
2	03:01:29.868	EA31337 EURUSD,M1: modify #6722388 sell 0.01 EURUSD at 1.11852 sl: 1.12278 tp: 1.10919 ok
2	03:01:30.586	EA31337 EURUSD,M1: modify #6723529 sell 0.01 EURUSD at 1.12010 sl: 1.12436 tp: 1.10919 ok
2	03:01:31.300	EA31337 EURUSD,M1: modify #6723530 sell 0.01 EURUSD at 1.12010 sl: 1.12436 tp: 1.10919 ok
2	03:01:31.523	EA31337 EURUSD,M1: modify #6723905 sell 0.01 EURUSD at 1.11771 sl: 1.12197 tp: 1.10722 ok
2	03:01:31.722	EA31337 EURUSD,M1: modify #6723917 sell 0.01 EURUSD at 1.11802 sl: 1.12229 tp: 1.10919 ok
2	03:01:32.404	EA31337 EURUSD,M1: modify #6723918 sell 0.01 EURUSD at 1.11802 sl: 1.12229 tp: 1.10919 ok
2	03:01:32.793	EA31337 EURUSD,M1: modify #6729651 buy 0.01 EURUSD at 1.11413 sl: 1.10985 tp: 1.11788 ok
2	03:01:33.021	EA31337 EURUSD,M1: modify #6729652 sell 0.01 EURUSD at 1.11385 sl: 1.11813 tp: 1.10919 ok
2	03:30:34.473	EA31337 EURUSD,M1: modify #6723905 sell 0.01 EURUSD at 1.11771 sl: 1.12197 tp: 1.10712 ok
2	03:52:01.988	EA31337 EURUSD,M1: modify #6729819 sell 0.01 EURUSD at 1.11315 sl: 1.11742 tp: 1.11266 ok
2	03:52:56.475	EA31337 EURUSD,M1: modify #6729819 sell 0.01 EURUSD at 1.11315 sl: 1.11742 tp: 1.11264 ok
2	03:54:05.091	EA31337 EURUSD,M1: modify #6729819 sell 0.01 EURUSD at 1.11315 sl: 1.11742 tp: 1.11261 ok
2	03:56:03.078	EA31337 EURUSD,M1: modify #6729819 sell 0.01 EURUSD at 1.11315 sl: 1.11742 tp: 1.11258 ok
0	04:00:13.371	EA31337 EURUSD,M1: == New hour: 4
0	05:03:53.330	EA31337 EURUSD,M1: == New hour: 5
0	05:55:31.586	EA31337 EURUSD,M1: OpenOrderIsAllowed(): Maximum open and pending orders reached the limit (MaxOrders).
0	06:01:59.881	EA31337 EURUSD,M1: == New hour: 6
2	06:26:32.483	EA31337 EURUSD,M1: modify #6722388 sell 0.01 EURUSD at 1.11852 sl: 1.12278 tp: 1.10917 ok
2	06:26:33.140	EA31337 EURUSD,M1: modify #6723529 sell 0.01 EURUSD at 1.12010 sl: 1.12436 tp: 1.10917 ok
2	06:26:33.304	EA31337 EURUSD,M1: modify #6723530 sell 0.01 EURUSD at 1.12010 sl: 1.12436 tp: 1.10917 ok
2	06:26:33.497	EA31337 EURUSD,M1: modify #6723917 sell 0.01 EURUSD at 1.11802 sl: 1.12229 tp: 1.10917 ok
2	06:26:33.692	EA31337 EURUSD,M1: modify #6723918 sell 0.01 EURUSD at 1.11802 sl: 1.12229 tp: 1.10917 ok
2	06:26:33.955	EA31337 EURUSD,M1: modify #6729652 sell 0.01 EURUSD at 1.11385 sl: 1.11813 tp: 1.10917 ok
0	06:27:43.749	EA31337 EURUSD,M1: OpenOrderIsAllowed(): Bands M30: Maximum open and pending orders per type reached the limit (MaxOrdersPerType).
0	06:27:44.305	EA31337 EURUSD,M1: ExecuteOrder(): MarketInfo: Symbol: EURUSD; Ask: 1.11301; Bid: 1.11275; Spread: 26 points = 2.6 pips; 
2	06:27:47.449	EA31337 EURUSD,M1: open #6730375 buy 0.01 EURUSD at 1.11301 sl: 1.10875 tp: 1.11701 ok
0	06:27:47.449	EA31337 EURUSD,M1: #6730375 2015.08.13 06:27:36 buy 0.01 EURUSD 1.11301 1.10875 1.11701 1.11275 0.00 0.00 -0.17 | spread: 2.8 31381
0	06:27:47.449	EA31337 EURUSD,M1: ExecuteOrder(): Order Details: Ticket: 6730375; Time: 2015.08.13 06:26:38; Comment: | spread: 2.8; Commision: 0; Symbol: EURUSD; Type: Buy; Expiration: 0; Open Price: 1.11301; Close Price: 1.11275; Take Profit: -0.17; Stop Loss: 1.1087; Swap: 0; Lot size: 0.01; Account Details: Time: 2015.08.13 06:26:38; Account Balance: ý223.04; Account Equity: ý367.57; Used Margin: ý144.00; Free Margin: ý223.57; No of Orders: 26 (BUY/SELL: 18/8); Risk Ratio: 1.0
0	06:28:46.554	EA31337 EURUSD,M1: OpenOrderIsAllowed(): Maximum open and pending orders reached the limit (MaxOrders).
2	06:29:41.784	EA31337 EURUSD,M1: modify #6722388 sell 0.01 EURUSD at 1.11852 sl: 1.12278 tp: 1.10915 ok
2	06:29:42.466	EA31337 EURUSD,M1: modify #6723529 sell 0.01 EURUSD at 1.12010 sl: 1.12436 tp: 1.10915 ok
2	06:29:42.633	EA31337 EURUSD,M1: modify #6723530 sell 0.01 EURUSD at 1.12010 sl: 1.12436 tp: 1.10915 ok
2	06:29:42.795	EA31337 EURUSD,M1: modify #6723917 sell 0.01 EURUSD at 1.11802 sl: 1.12229 tp: 1.10915 ok
2	06:29:43.023	EA31337 EURUSD,M1: modify #6723918 sell 0.01 EURUSD at 1.11802 sl: 1.12229 tp: 1.10915 ok
2	06:29:43.249	EA31337 EURUSD,M1: modify #6729652 sell 0.01 EURUSD at 1.11385 sl: 1.11813 tp: 1.10915 ok
2	06:29:44.162	EA31337 EURUSD,M1: modify #6730375 buy 0.01 EURUSD at 1.11301 sl: 1.10875 tp: 1.11740 ok
2	06:33:23.405	EA31337 EURUSD,M1: modify #6722388 sell 0.01 EURUSD at 1.11852 sl: 1.12278 tp: 1.10814 ok
2	06:33:23.604	EA31337 EURUSD,M1: modify #6723529 sell 0.01 EURUSD at 1.12010 sl: 1.12436 tp: 1.10814 ok
2	06:33:23.831	EA31337 EURUSD,M1: modify #6723530 sell 0.01 EURUSD at 1.12010 sl: 1.12436 tp: 1.10817 ok
2	06:33:24.124	EA31337 EURUSD,M1: modify #6723917 sell 0.01 EURUSD at 1.11802 sl: 1.12229 tp: 1.10815 ok
2	06:33:24.351	EA31337 EURUSD,M1: modify #6723918 sell 0.01 EURUSD at 1.11802 sl: 1.12229 tp: 1.10816 ok
2	06:33:24.712	EA31337 EURUSD,M1: modify #6729652 sell 0.01 EURUSD at 1.11385 sl: 1.11813 tp: 1.10816 ok
0	06:33:51.158	EA31337 EURUSD,M1: ExecuteOrder(): MarketInfo: Symbol: EURUSD; Ask: 1.11235; Bid: 1.11208; Spread: 27 points = 2.7 pips; 
2	06:33:51.974	EA31337 EURUSD,M1: open #6730449 buy 0.01 EURUSD at 1.11235 sl: 1.10808 tp: 1.11489 ok
0	06:33:51.974	EA31337 EURUSD,M1: #6730449 2015.08.13 06:33:41 buy 0.01 EURUSD 1.11235 1.10808 1.11489 1.11208 0.00 0.00 -0.17 | spread: 2.8 31350
0	06:33:51.974	EA31337 EURUSD,M1: ExecuteOrder(): Order Details: Ticket: 6730449; Time: 2015.08.13 06:33:22; Comment: | spread: 2.8; Commision: 0; Symbol: EURUSD; Type: Buy; Expiration: 0; Open Price: 1.11235; Close Price: 1.11208; Take Profit: -0.17; Stop Loss: 1.1081; Swap: 0; Lot size: 0.01; Account Details: Time: 2015.08.13 06:33:22; Account Balance: ý217.99; Account Equity: ý363.76; Used Margin: ý136.00; Free Margin: ý227.76; No of Orders: 24 (BUY/SELL: 17/7); Risk Ratio: 1.0
0	06:33:51.976	EA31337 EURUSD,M1: ExecuteOrder(): MarketInfo: Symbol: EURUSD; Ask: 1.11235; Bid: 1.11208; Spread: 27 points = 2.7 pips; 
2	06:33:55.884	EA31337 EURUSD,M1: open #6730450 sell 0.01 EURUSD at 1.11210 sl: 1.11635 tp: 1.11183 ok
0	06:33:55.884	EA31337 EURUSD,M1: #6730450 2015.08.13 06:33:45 sell 0.01 EURUSD 1.11210 1.11635 1.11183 1.11236 0.00 0.00 -0.17 | spread: 2.8 31351
0	06:33:55.884	EA31337 EURUSD,M1: ExecuteOrder(): Order Details: Ticket: 6730450; Time: 2015.08.13 06:33:22; Comment: | spread: 2.8; Commision: 0; Symbol: EURUSD; Type: Sell; Expiration: 0; Open Price: 1.11210; Close Price: 1.11236; Take Profit: -0.17; Stop Loss: 1.1164; Swap: 0; Lot size: 0.01; Account Details: Time: 2015.08.13 06:33:22; Account Balance: ý217.99; Account Equity: ý363.66; Used Margin: ý136.00; Free Margin: ý227.66; No of Orders: 25 (BUY/SELL: 17/8); Risk Ratio: 1.0
0	06:34:08.781	EA31337 EURUSD,M1: OpenOrderIsAllowed(): Bands M15: Maximum open and pending orders per type reached the limit (MaxOrdersPerType).
0	06:34:08.814	EA31337 EURUSD,M1: OpenOrderIsAllowed(): Bands M30: Maximum open and pending orders per type reached the limit (MaxOrdersPerType).
0	06:34:50.212	EA31337 EURUSD,M1: OpenOrderIsAllowed(): MA M5: Maximum open and pending orders per type reached the limit (MaxOrdersPerType).
0	06:34:50.212	EA31337 EURUSD,M1: OpenOrderIsAllowed(): MACD M1: Maximum open and pending orders per type reached the limit (MaxOrdersPerType).
0	06:34:50.476	EA31337 EURUSD,M1: ExecuteOrder(): MarketInfo: Symbol: EURUSD; Ask: 1.11232; Bid: 1.11205; Spread: 27 points = 2.7 pips; 
2	06:34:50.813	EA31337 EURUSD,M1: open #6730457 sell 0.01 EURUSD at 1.11205 sl: 1.11632 tp: 1.10805 ok
0	06:34:50.813	EA31337 EURUSD,M1: #6730457 2015.08.13 06:34:40 sell 0.01 EURUSD 1.11205 1.11632 1.10805 1.11232 0.00 0.00 -0.17 | spread: 2.8 31410
0	06:34:50.813	EA31337 EURUSD,M1: ExecuteOrder(): Order Details: Ticket: 6730457; Time: 2015.08.13 06:33:22; Comment: | spread: 2.8; Commision: 0; Symbol: EURUSD; Type: Sell; Expiration: 0; Open Price: 1.11205; Close Price: 1.11232; Take Profit: -0.17; Stop Loss: 1.1163; Swap: 0; Lot size: 0.01; Account Details: Time: 2015.08.13 06:33:22; Account Balance: ý217.99; Account Equity: ý363.22; Used Margin: ý136.00; Free Margin: ý227.22; No of Orders: 26 (BUY/SELL: 17/9); Risk Ratio: 1.0
0	06:34:50.841	EA31337 EURUSD,M1: OpenOrderIsAllowed(): Maximum open and pending orders reached the limit (MaxOrders).
2	06:36:42.054	EA31337 EURUSD,M1: modify #6722388 sell 0.01 EURUSD at 1.11852 sl: 1.12278 tp: 1.10809 ok
2	06:36:42.869	EA31337 EURUSD,M1: modify #6723529 sell 0.01 EURUSD at 1.12010 sl: 1.12436 tp: 1.10809 ok
2	06:36:43.166	EA31337 EURUSD,M1: modify #6723530 sell 0.01 EURUSD at 1.12010 sl: 1.12436 tp: 1.10808 ok
2	06:36:43.393	EA31337 EURUSD,M1: modify #6723917 sell 0.01 EURUSD at 1.11802 sl: 1.12229 tp: 1.10809 ok
2	06:36:43.685	EA31337 EURUSD,M1: modify #6723918 sell 0.01 EURUSD at 1.11802 sl: 1.12229 tp: 1.10809 ok
2	06:36:43.945	EA31337 EURUSD,M1: modify #6729652 sell 0.01 EURUSD at 1.11385 sl: 1.11813 tp: 1.10811 ok
2	06:39:51.275	EA31337 EURUSD,M1: modify #6730449 buy 0.01 EURUSD at 1.11235 sl: 1.10808 tp: 1.11502 ok
2	06:42:19.791	EA31337 EURUSD,M1: modify #6722388 sell 0.01 EURUSD at 1.11852 sl: 1.12278 tp: 1.10769 ok
2	06:42:20.018	EA31337 EURUSD,M1: modify #6723529 sell 0.01 EURUSD at 1.12010 sl: 1.12436 tp: 1.10769 ok
2	06:42:20.250	EA31337 EURUSD,M1: modify #6723530 sell 0.01 EURUSD at 1.12010 sl: 1.12436 tp: 1.10769 ok
2	06:42:20.477	EA31337 EURUSD,M1: modify #6723917 sell 0.01 EURUSD at 1.11802 sl: 1.12229 tp: 1.10769 ok
2	06:42:20.671	EA31337 EURUSD,M1: modify #6723918 sell 0.01 EURUSD at 1.11802 sl: 1.12229 tp: 1.10769 ok
2	06:42:20.898	EA31337 EURUSD,M1: modify #6729652 sell 0.01 EURUSD at 1.11385 sl: 1.11813 tp: 1.10769 ok
2	06:42:21.158	EA31337 EURUSD,M1: modify #6730449 buy 0.01 EURUSD at 1.11235 sl: 1.10808 tp: 1.11503 ok
2	06:42:21.353	EA31337 EURUSD,M1: modify #6730457 sell 0.01 EURUSD at 1.11205 sl: 1.11632 tp: 1.10769 ok
2	06:46:28.616	EA31337 EURUSD,M1: modify #6730449 buy 0.01 EURUSD at 1.11235 sl: 1.10808 tp: 1.11517 ok
2	06:47:38.191	EA31337 EURUSD,M1: modify #6730449 buy 0.01 EURUSD at 1.11235 sl: 1.10808 tp: 1.11523 ok
2	06:47:38.455	EA31337 EURUSD,M1: modify #6730450 sell 0.01 EURUSD at 1.11210 sl: 1.11635 tp: 1.11148 ok
2	06:51:45.716	EA31337 EURUSD,M1: modify #6730449 buy 0.01 EURUSD at 1.11235 sl: 1.10808 tp: 1.11526 ok
0	07:02:08.979	EA31337 EURUSD,M1: == New hour: 7
2	07:06:14.472	EA31337 EURUSD,M1: modify #6730450 sell 0.01 EURUSD at 1.11210 sl: 1.11635 tp: 1.11138 ok
2	07:09:10.639	EA31337 EURUSD,M1: modify #6730450 sell 0.01 EURUSD at 1.11210 sl: 1.11635 tp: 1.11134 ok
2	07:21:03.863	EA31337 EURUSD,M1: modify #6730450 sell 0.01 EURUSD at 1.11210 sl: 1.11635 tp: 1.11115 ok
2	07:32:17.997	EA31337 EURUSD,M1: modify #6730450 sell 0.01 EURUSD at 1.11210 sl: 1.11635 tp: 1.11100 ok
2	07:35:36.997	EA31337 EURUSD,M1: modify #6730450 sell 0.01 EURUSD at 1.11210 sl: 1.11635 tp: 1.11099 ok
2	07:38:04.739	EA31337 EURUSD,M1: modify #6722388 sell 0.01 EURUSD at 1.11852 sl: 1.12278 tp: 1.10750 ok
2	07:38:04.938	EA31337 EURUSD,M1: modify #6723529 sell 0.01 EURUSD at 1.12010 sl: 1.12436 tp: 1.10750 ok
2	07:38:05.132	EA31337 EURUSD,M1: modify #6723530 sell 0.01 EURUSD at 1.12010 sl: 1.12436 tp: 1.10750 ok
2	07:38:05.295	EA31337 EURUSD,M1: modify #6723917 sell 0.01 EURUSD at 1.11802 sl: 1.12229 tp: 1.10750 ok
2	07:38:05.556	EA31337 EURUSD,M1: modify #6723918 sell 0.01 EURUSD at 1.11802 sl: 1.12229 tp: 1.10750 ok
2	07:38:05.750	EA31337 EURUSD,M1: modify #6729652 sell 0.01 EURUSD at 1.11385 sl: 1.11813 tp: 1.10750 ok
2	07:38:05.981	EA31337 EURUSD,M1: modify #6730450 sell 0.01 EURUSD at 1.11210 sl: 1.11635 tp: 1.11098 ok
2	07:38:06.176	EA31337 EURUSD,M1: modify #6730457 sell 0.01 EURUSD at 1.11205 sl: 1.11632 tp: 1.10750 ok
2	07:41:17.702	EA31337 EURUSD,M1: modify #6722388 sell 0.01 EURUSD at 1.11852 sl: 1.12278 tp: 1.10669 ok
2	07:41:17.896	EA31337 EURUSD,M1: modify #6723529 sell 0.01 EURUSD at 1.12010 sl: 1.12436 tp: 1.10669 ok
2	07:41:18.124	EA31337 EURUSD,M1: modify #6723530 sell 0.01 EURUSD at 1.12010 sl: 1.12436 tp: 1.10669 ok
2	07:41:18.253	EA31337 EURUSD,M1: modify #6723905 sell 0.01 EURUSD at 1.11771 sl: 1.12197 tp: 1.10615 ok
2	07:41:19.231	EA31337 EURUSD,M1: modify #6723917 sell 0.01 EURUSD at 1.11802 sl: 1.12229 tp: 1.10669 ok
2	07:41:19.397	EA31337 EURUSD,M1: modify #6723918 sell 0.01 EURUSD at 1.11802 sl: 1.12229 tp: 1.10669 ok
2	07:41:19.592	EA31337 EURUSD,M1: modify #6729652 sell 0.01 EURUSD at 1.11385 sl: 1.11813 tp: 1.10669 ok
2	07:41:19.787	EA31337 EURUSD,M1: modify #6730457 sell 0.01 EURUSD at 1.11205 sl: 1.11632 tp: 1.10669 ok
2	07:48:04.939	EA31337 EURUSD,M1: modify #6722388 sell 0.01 EURUSD at 1.11852 sl: 1.12278 tp: 1.10667 ok
2	07:48:05.203	EA31337 EURUSD,M1: modify #6723529 sell 0.01 EURUSD at 1.12010 sl: 1.12436 tp: 1.10667 ok
2	07:48:05.398	EA31337 EURUSD,M1: modify #6723530 sell 0.01 EURUSD at 1.12010 sl: 1.12436 tp: 1.10666 ok
2	07:48:05.592	EA31337 EURUSD,M1: modify #6723905 sell 0.01 EURUSD at 1.11771 sl: 1.12197 tp: 1.10600 ok
2	07:48:05.791	EA31337 EURUSD,M1: modify #6723917 sell 0.01 EURUSD at 1.11802 sl: 1.12229 tp: 1.10666 ok
2	07:48:06.051	EA31337 EURUSD,M1: modify #6723918 sell 0.01 EURUSD at 1.11802 sl: 1.12229 tp: 1.10666 ok
2	07:48:06.246	EA31337 EURUSD,M1: modify #6729652 sell 0.01 EURUSD at 1.11385 sl: 1.11813 tp: 1.10666 ok
2	07:48:06.473	EA31337 EURUSD,M1: modify #6730457 sell 0.01 EURUSD at 1.11205 sl: 1.11632 tp: 1.10666 ok
0	08:03:24.971	EA31337 EURUSD,M1: == New hour: 8
0	09:02:38.299	EA31337 EURUSD,M1: == New hour: 9
0	10:03:07.017	EA31337 EURUSD,M1: == New hour: 10
0	11:02:39.009	EA31337 EURUSD,M1: == New hour: 11
2	11:31:06.738	EA31337 EURUSD,M1: modify #6722388 sell 0.01 EURUSD at 1.11852 sl: 1.12278 tp: 1.10630 ok
2	11:31:06.904	EA31337 EURUSD,M1: modify #6723529 sell 0.01 EURUSD at 1.12010 sl: 1.12436 tp: 1.10630 ok
2	11:31:07.099	EA31337 EURUSD,M1: modify #6723530 sell 0.01 EURUSD at 1.12010 sl: 1.12436 tp: 1.10630 ok
2	11:31:07.261	EA31337 EURUSD,M1: modify #6723917 sell 0.01 EURUSD at 1.11802 sl: 1.12229 tp: 1.10630 ok
2	11:31:07.553	EA31337 EURUSD,M1: modify #6723918 sell 0.01 EURUSD at 1.11802 sl: 1.12229 tp: 1.10630 ok
2	11:31:07.751	EA31337 EURUSD,M1: modify #6729652 sell 0.01 EURUSD at 1.11385 sl: 1.11813 tp: 1.10630 ok
2	11:31:08.596	EA31337 EURUSD,M1: modify #6730457 sell 0.01 EURUSD at 1.11205 sl: 1.11632 tp: 1.10630 ok
0	12:01:33.417	EA31337 EURUSD,M1: == New hour: 12
2	12:39:33.302	EA31337 EURUSD,M1: modify #6722388 sell 0.01 EURUSD at 1.11852 sl: 1.12278 tp: 1.10514 ok
2	12:39:33.503	EA31337 EURUSD,M1: modify #6723529 sell 0.01 EURUSD at 1.12010 sl: 1.12436 tp: 1.10515 ok
2	12:39:33.760	EA31337 EURUSD,M1: modify #6723530 sell 0.01 EURUSD at 1.12010 sl: 1.12436 tp: 1.10515 ok
2	12:39:33.925	EA31337 EURUSD,M1: modify #6723905 sell 0.01 EURUSD at 1.11771 sl: 1.12197 tp: 1.10565 ok
2	12:39:34.182	EA31337 EURUSD,M1: modify #6723917 sell 0.01 EURUSD at 1.11802 sl: 1.12229 tp: 1.10514 ok
2	12:39:34.348	EA31337 EURUSD,M1: modify #6723918 sell 0.01 EURUSD at 1.11802 sl: 1.12229 tp: 1.10515 ok
2	12:39:34.640	EA31337 EURUSD,M1: modify #6729652 sell 0.01 EURUSD at 1.11385 sl: 1.11813 tp: 1.10515 ok
2	12:39:34.871	EA31337 EURUSD,M1: modify #6730457 sell 0.01 EURUSD at 1.11205 sl: 1.11632 tp: 1.10515 ok
2	12:44:21.498	EA31337 EURUSD,M1: modify #6722388 sell 0.01 EURUSD at 1.11852 sl: 1.12278 tp: 1.10442 ok
2	12:44:21.660	EA31337 EURUSD,M1: modify #6723529 sell 0.01 EURUSD at 1.12010 sl: 1.12436 tp: 1.10443 ok
2	12:44:21.794	EA31337 EURUSD,M1: modify #6723530 sell 0.01 EURUSD at 1.12010 sl: 1.12436 tp: 1.10443 ok
2	12:44:22.054	EA31337 EURUSD,M1: modify #6723905 sell 0.01 EURUSD at 1.11771 sl: 1.12197 tp: 1.10431 ok
2	12:44:22.216	EA31337 EURUSD,M1: modify #6723917 sell 0.01 EURUSD at 1.11802 sl: 1.12229 tp: 1.10443 ok
2	12:44:22.378	EA31337 EURUSD,M1: modify #6723918 sell 0.01 EURUSD at 1.11802 sl: 1.12229 tp: 1.10443 ok
2	12:44:22.605	EA31337 EURUSD,M1: modify #6729652 sell 0.01 EURUSD at 1.11385 sl: 1.11813 tp: 1.10443 ok
2	12:44:22.868	EA31337 EURUSD,M1: modify #6730457 sell 0.01 EURUSD at 1.11205 sl: 1.11632 tp: 1.10443 ok
0	12:45:54.512	EA31337 EURUSD,M1: ExecuteOrder(): MarketInfo: Symbol: EURUSD; Ask: 1.10844; Bid: 1.10818; Spread: 26 points = 2.6 pips; 
0	12:46:00.130	EA31337 EURUSD,M1: ExecuteOrder(): OrderSend(): error = invalid price
0	12:46:00.130	EA31337 EURUSD,M1: Error: OrderSend(EURUSD, 0, 0.010000, 1.108440, 50.000000, 1.104180, 1.112810, | spread: 2.6, 31350, 0, 0)
0	12:46:00.130	EA31337 EURUSD,M1: ExecuteOrder(): Account Details: Time: 2015.08.13 12:44:58; Account Balance: ý210.48; Account Equity: ý343.64; Used Margin: ý112.00; Free Margin: ý231.64; No of Orders: 22 (BUY/SELL: 14/8); Risk Ratio: 0.9
0	12:46:00.130	EA31337 EURUSD,M1: ExecuteOrder(): MarketInfo: Symbol: EURUSD; Ask: 1.10844; Bid: 1.10818; Spread: 25 points = 2.6 pips; 
0	12:46:00.130	EA31337 EURUSD,M1: #6730457 2015.08.13 06:34:40 sell 0.01 EURUSD 1.11205 1.11632 1.10443 1.10848 0.00 0.00 2.29 | spread: 2.8 31410
0	12:46:05.087	EA31337 EURUSD,M1: OpenOrderIsAllowed(): Bands M15: Maximum open and pending orders per type reached the limit (MaxOrdersPerType).
0	12:46:05.119	EA31337 EURUSD,M1: OpenOrderIsAllowed(): Bands M30: Maximum open and pending orders per type reached the limit (MaxOrdersPerType).
0	12:47:55.715	EA31337 EURUSD,M1: OpenOrderIsAllowed(): MACD M1: Maximum open and pending orders per type reached the limit (MaxOrdersPerType).
0	12:47:55.715	EA31337 EURUSD,M1: OpenOrderIsAllowed(): MACD M5: Maximum open and pending orders per type reached the limit (MaxOrdersPerType).
0	12:47:55.784	EA31337 EURUSD,M1: OpenOrderIsAllowed(): MACD M15: Maximum open and pending orders per type reached the limit (MaxOrdersPerType).
0	12:49:17.385	EA31337 EURUSD,M1: ExecuteOrder(): MarketInfo: Symbol: EURUSD; Ask: 1.10924; Bid: 1.10900; Spread: 24 points = 2.4 pips; 
2	12:49:18.107	EA31337 EURUSD,M1: open #6733025 buy 0.01 EURUSD at 1.10923 sl: 1.10500 tp: 1.11324 ok
0	12:49:18.107	EA31337 EURUSD,M1: #6733025 2015.08.13 12:49:06 buy 0.01 EURUSD 1.10923 1.10500 1.11324 1.10899 0.00 0.00 -0.16 | spread: 2.6 31430
0	12:49:18.107	EA31337 EURUSD,M1: ExecuteOrder(): Order Details: Ticket: 6733025; Time: 2015.08.13 12:44:58; Comment: | spread: 2.6; Commision: 0; Symbol: EURUSD; Type: Buy; Expiration: 0; Open Price: 1.10923; Close Price: 1.10899; Take Profit: -0.16; Stop Loss: 1.105; Swap: 0; Lot size: 0.01; Account Details: Time: 2015.08.13 12:44:58; Account Balance: ý210.48; Account Equity: ý346.36; Used Margin: ý120.00; Free Margin: ý226.36; No of Orders: 23 (BUY/SELL: 15/8); Risk Ratio: 0.9
0	12:49:46.739	EA31337 EURUSD,M1: ExecuteOrder(): MarketInfo: Symbol: EURUSD; Ask: 1.10938; Bid: 1.10916; Spread: 22 points = 2.2 pips; 
2	12:49:46.999	EA31337 EURUSD,M1: open #6733032 sell 0.01 EURUSD at 1.10916 sl: 1.11338 tp: 1.10516 ok
0	12:49:46.999	EA31337 EURUSD,M1: #6733032 2015.08.13 12:49:36 sell 0.01 EURUSD 1.10916 1.11338 1.10516 1.10941 0.00 0.00 -0.16 | spread: 2.6 31439
0	12:49:46.999	EA31337 EURUSD,M1: ExecuteOrder(): Order Details: Ticket: 6733032; Time: 2015.08.13 12:44:58; Comment: | spread: 2.6; Commision: 0; Symbol: EURUSD; Type: Sell; Expiration: 0; Open Price: 1.10916; Close Price: 1.10941; Take Profit: -0.16; Stop Loss: 1.1134; Swap: 0; Lot size: 0.01; Account Details: Time: 2015.08.13 12:44:58; Account Balance: ý210.48; Account Equity: ý346.87; Used Margin: ý120.00; Free Margin: ý226.87; No of Orders: 24 (BUY/SELL: 15/9); Risk Ratio: 0.9
0	12:49:46.999	EA31337 EURUSD,M1: OpenOrderIsAllowed(): Maximum open and pending orders reached the limit (MaxOrders).
2	12:50:54.324	EA31337 EURUSD,M1: modify #6733032 sell 0.01 EURUSD at 1.10916 sl: 1.11338 tp: 1.10485 ok
0	12:50:54.324	EA31337 EURUSD,M1: TaskProcessList(): Processed 1 jobs (0 run, 1 failed (0 removed)).
2	12:52:49.463	EA31337 EURUSD,M1: modify #6733025 buy 0.01 EURUSD at 1.10923 sl: 1.10500 tp: 1.11344 ok
0	12:52:49.463	EA31337 EURUSD,M1: TaskProcessList(): Processed 1 jobs (0 run, 1 failed (0 removed)).
2	12:56:01.879	EA31337 EURUSD,M1: modify #6733025 buy 0.01 EURUSD at 1.10923 sl: 1.10500 tp: 1.11367 ok
0	12:56:01.879	EA31337 EURUSD,M1: TaskProcessList(): Processed 1 jobs (0 run, 1 failed (0 removed)).
2	13:01:01.042	EA31337 EURUSD,M1: modify #6733025 buy 0.01 EURUSD at 1.10923 sl: 1.10500 tp: 1.11404 ok
0	13:01:07.204	EA31337 EURUSD,M1: TaskProcessList(): Processed 1 jobs (0 run, 1 failed (0 removed)).
0	13:01:33.213	EA31337 EURUSD,M1: == New hour: 13
2	13:05:03.994	EA31337 EURUSD,M1: modify #6733025 buy 0.01 EURUSD at 1.10923 sl: 1.10500 tp: 1.11450 ok
0	13:05:03.994	EA31337 EURUSD,M1: TaskProcessList(): Processed 1 jobs (0 run, 1 failed (0 removed)).
0	13:10:48.813	EA31337 EURUSD,M1: TaskProcessList(): Processed 1 jobs (0 run, 1 failed (1 removed)).
2	13:17:34.489	EA31337 EURUSD,M1: modify #6733025 buy 0.01 EURUSD at 1.10923 sl: 1.10500 tp: 1.11467 ok
2	13:22:45.797	EA31337 EURUSD,M1: modify #6733025 buy 0.01 EURUSD at 1.10923 sl: 1.10500 tp: 1.11470 ok
0	13:34:43.458	EA31337 EURUSD,M1: OpenOrderIsAllowed(): Maximum open and pending orders reached the limit (MaxOrders).
2	13:40:51.020	EA31337 EURUSD,M1: modify #6733025 buy 0.01 EURUSD at 1.10923 sl: 1.10500 tp: 1.11521 ok
2	13:50:27.569	EA31337 EURUSD,M1: modify #6733025 buy 0.01 EURUSD at 1.10923 sl: 1.10500 tp: 1.11595 ok
2	14:00:41.474	EA31337 EURUSD,M1: modify #6733025 buy 0.01 EURUSD at 1.10923 sl: 1.10500 tp: 1.11608 ok
0	14:00:58.891	EA31337 EURUSD,M1: == New hour: 14
2	14:06:05.662	EA31337 EURUSD,M1: modify #6733025 buy 0.01 EURUSD at 1.10923 sl: 1.10500 tp: 1.11614 ok
2	14:22:49.675	EA31337 EURUSD,M1: modify #6733025 buy 0.01 EURUSD at 1.10923 sl: 1.10500 tp: 1.11624 ok
2	15:03:12.997	EA31337 EURUSD,M1: modify #6733025 buy 0.01 EURUSD at 1.10923 sl: 1.10500 tp: 1.11698 ok
0	15:04:21.007	EA31337 EURUSD,M1: == New hour: 15
2	15:07:36.735	EA31337 EURUSD,M1: modify #6733025 buy 0.01 EURUSD at 1.10923 sl: 1.10500 tp: 1.11746 ok
2	15:14:00.127	EA31337 EURUSD,M1: modify #6733025 buy 0.01 EURUSD at 1.10923 sl: 1.10500 tp: 1.11812 ok
2	15:24:38.597	EA31337 EURUSD,M1: modify #6733025 buy 0.01 EURUSD at 1.10923 sl: 1.10500 tp: 1.11816 ok
2	15:30:31.102	EA31337 EURUSD,M1: modify #6733025 buy 0.01 EURUSD at 1.10923 sl: 1.10500 tp: 1.11836 ok
2	15:32:51.646	EA31337 EURUSD,M1: modify #6733025 buy 0.01 EURUSD at 1.10923 sl: 1.10500 tp: 1.11860 ok
2	15:35:33.337	EA31337 EURUSD,M1: modify #6733025 buy 0.01 EURUSD at 1.10923 sl: 1.10500 tp: 1.11879 ok
2	15:47:53.540	EA31337 EURUSD,M1: modify #6733025 buy 0.01 EURUSD at 1.10923 sl: 1.10500 tp: 1.11897 ok
0	16:00:41.451	EA31337 EURUSD,M1: == New hour: 16
0	16:00:44.845	EA31337 EURUSD,M1: ExecuteOrder(): MarketInfo: Symbol: EURUSD; Ask: 1.11436; Bid: 1.11410; Spread: 26 points = 2.6 pips; 
0	16:00:50.056	EA31337 EURUSD,M1: ExecuteOrder(): OrderSend(): error = invalid price
0	16:00:50.056	EA31337 EURUSD,M1: Error: OrderSend(EURUSD, 1, 0.010000, 1.114100, 50.000000, 1.118360, 1.113300, | spread: 2.6, 31349, 0, 0)
0	16:00:50.056	EA31337 EURUSD,M1: ExecuteOrder(): Account Details: Time: 2015.08.13 16:00:30; Account Balance: ý207.77; Account Equity: ý366.95; Used Margin: ý120.00; Free Margin: ý246.95; No of Orders: 23 (BUY/SELL: 15/8); Risk Ratio: 1.0
0	16:00:50.056	EA31337 EURUSD,M1: ExecuteOrder(): MarketInfo: Symbol: EURUSD; Ask: 1.11436; Bid: 1.11410; Spread: 27 points = 2.6 pips; 
0	16:00:50.056	EA31337 EURUSD,M1: #6733025 2015.08.13 12:49:06 buy 0.01 EURUSD 1.10923 1.10500 1.11897 1.11417 0.00 0.00 3.17 | spread: 2.6 31430
0	16:00:50.056	EA31337 EURUSD,M1: ExecuteOrder(): MarketInfo: Symbol: EURUSD; Ask: 1.11444; Bid: 1.11417; Spread: 27 points = 2.7 pips; 
2	16:00:51.958	EA31337 EURUSD,M1: open #6734648 buy 0.01 EURUSD at 1.11444 sl: 1.11017 tp: 1.11561 ok
0	16:00:51.958	EA31337 EURUSD,M1: #6734648 2015.08.13 16:00:40 buy 0.01 EURUSD 1.11444 1.11017 1.11561 1.11417 0.00 0.00 -0.17 | spread: 2.6 31350
0	16:00:51.958	EA31337 EURUSD,M1: ExecuteOrder(): Order Details: Ticket: 6734648; Time: 2015.08.13 16:00:30; Comment: | spread: 2.6; Commision: 0; Symbol: EURUSD; Type: Buy; Expiration: 0; Open Price: 1.11444; Close Price: 1.11417; Take Profit: -0.17; Stop Loss: 1.1102; Swap: 0; Lot size: 0.01; Account Details: Time: 2015.08.13 16:00:30; Account Balance: ý207.77; Account Equity: ý366.78; Used Margin: ý128.00; Free Margin: ý238.78; No of Orders: 24 (BUY/SELL: 16/8); Risk Ratio: 1.0
0	16:00:52.875	EA31337 EURUSD,M1: OpenOrderIsAllowed(): Maximum open and pending orders reached the limit (MaxOrders).
0	16:02:13.415	EA31337 EURUSD,M1: TaskProcessList(): Processed 1 jobs (0 run, 1 failed (0 removed)).
0	16:04:18.533	EA31337 EURUSD,M1: TaskProcessList(): Processed 1 jobs (0 run, 1 failed (0 removed)).
2	16:07:41.173	EA31337 EURUSD,M1: modify #6734648 buy 0.01 EURUSD at 1.11444 sl: 1.11017 tp: 1.11563 ok
0	16:07:41.173	EA31337 EURUSD,M1: TaskProcessList(): Processed 1 jobs (0 run, 1 failed (0 removed)).
0	16:09:19.107	EA31337 EURUSD,M1: TaskProcessList(): Processed 1 jobs (0 run, 1 failed (0 removed)).
0	16:10:15.224	EA31337 EURUSD,M1: TaskProcessList(): Processed 1 jobs (0 run, 1 failed (0 removed)).
2	16:10:22.857	EA31337 EURUSD,M1: modify #6734648 buy 0.01 EURUSD at 1.11444 sl: 1.11017 tp: 1.11567 ok
0	16:10:22.857	EA31337 EURUSD,M1: TaskProcessList(): Processed 1 jobs (0 run, 1 failed (1 removed)).
2	16:15:36.658	EA31337 EURUSD,M1: modify #6734648 buy 0.01 EURUSD at 1.11444 sl: 1.11017 tp: 1.11569 ok
2	16:18:01.683	EA31337 EURUSD,M1: modify #6734648 buy 0.01 EURUSD at 1.11444 sl: 1.11017 tp: 1.11573 ok
2	16:21:15.941	EA31337 EURUSD,M1: modify #6734648 buy 0.01 EURUSD at 1.11444 sl: 1.11017 tp: 1.11574 ok
2	16:26:24.858	EA31337 EURUSD,M1: modify #6734648 buy 0.01 EURUSD at 1.11444 sl: 1.11017 tp: 1.11576 ok
0	17:01:44.791	EA31337 EURUSD,M1: == New hour: 17
0	18:00:19.593	EA31337 EURUSD,M1: == New hour: 18
0	19:02:09.162	EA31337 EURUSD,M1: == New hour: 19
2	19:38:07.100	EA31337 EURUSD,M1: modify #6733025 buy 0.01 EURUSD at 1.10923 sl: 1.10500 tp: 1.11906 ok
2	19:49:36.162	EA31337 EURUSD,M1: modify #6733025 buy 0.01 EURUSD at 1.10923 sl: 1.10500 tp: 1.11907 ok
2	19:54:32.314	EA31337 EURUSD,M1: modify #6733025 buy 0.01 EURUSD at 1.10923 sl: 1.10500 tp: 1.11913 ok
2	19:59:01.673	EA31337 EURUSD,M1: modify #6733025 buy 0.01 EURUSD at 1.10923 sl: 1.10500 tp: 1.11916 ok
2	20:01:28.038	EA31337 EURUSD,M1: modify #6733025 buy 0.01 EURUSD at 1.10923 sl: 1.10500 tp: 1.11945 ok
0	20:03:26.937	EA31337 EURUSD,M1: == New hour: 20
2	20:04:42.493	EA31337 EURUSD,M1: modify #6733025 buy 0.01 EURUSD at 1.10923 sl: 1.10500 tp: 1.11948 ok
2	20:14:17.261	EA31337 EURUSD,M1: modify #6733025 buy 0.01 EURUSD at 1.10923 sl: 1.10500 tp: 1.12059 ok
0	20:15:01.518	EA31337 EURUSD,M1: OpenOrderIsAllowed(): Bands M15: Maximum open and pending orders per type reached the limit (MaxOrdersPerType).
0	20:15:01.551	EA31337 EURUSD,M1: OpenOrderIsAllowed(): Bands M30: Maximum open and pending orders per type reached the limit (MaxOrdersPerType).
0	20:15:43.377	EA31337 EURUSD,M1: OpenOrderIsAllowed(): MACD M1: Maximum open and pending orders per type reached the limit (MaxOrdersPerType).
0	20:15:43.406	EA31337 EURUSD,M1: ExecuteOrder(): MarketInfo: Symbol: EURUSD; Ask: 1.11635; Bid: 1.11607; Spread: 28 points = 2.8 pips; 
2	20:15:43.832	EA31337 EURUSD,M1: open #6735479 buy 0.01 EURUSD at 1.11635 sl: 1.11207 tp: 1.12035 ok
0	20:15:43.832	EA31337 EURUSD,M1: #6735479 2015.08.13 20:15:31 buy 0.01 EURUSD 1.11635 1.11207 1.12035 1.11607 0.00 0.00 -0.18 | spread: 2.6 31410
0	20:15:43.832	EA31337 EURUSD,M1: ExecuteOrder(): Order Details: Ticket: 6735479; Time: 2015.08.13 20:14:17; Comment: | spread: 2.6; Commision: 0; Symbol: EURUSD; Type: Buy; Expiration: 0; Open Price: 1.11635; Close Price: 1.11607; Take Profit: -0.18; Stop Loss: 1.1121; Swap: 0; Lot size: 0.01; Account Details: Time: 2015.08.13 20:14:17; Account Balance: ý205.88; Account Equity: ý375.80; Used Margin: ý128.00; Free Margin: ý247.80; No of Orders: 23 (BUY/SELL: 16/7); Risk Ratio: 0.9
0	20:15:43.966	EA31337 EURUSD,M1: OpenOrderIsAllowed(): Maximum open and pending orders reached the limit (MaxOrders).
2	20:15:52.372	EA31337 EURUSD,M1: modify #6735479 buy 0.01 EURUSD at 1.11635 sl: 1.11207 tp: 1.12037 ok
0	21:02:02.124	EA31337 EURUSD,M1: == New hour: 21
0	22:04:51.442	EA31337 EURUSD,M1: == New hour: 22
0	22:05:42.809	EA31337 EURUSD,M1: ExecuteOrder(): MarketInfo: Symbol: EURUSD; Ask: 1.11548; Bid: 1.11519; Spread: 29 points = 2.9 pips; 
2	22:05:47.476	EA31337 EURUSD,M1: open #6739382 sell 0.01 EURUSD at 1.11519 sl: 1.11948 tp: 1.11424 ok
0	22:05:47.476	EA31337 EURUSD,M1: #6739382 2015.08.13 22:05:35 sell 0.01 EURUSD 1.11519 1.11948 1.11424 1.11547 0.00 0.00 -0.18 | spread: 2.9 31350
0	22:05:47.540	EA31337 EURUSD,M1: ExecuteOrder(): Order Details: Ticket: 6739382; Time: 2015.08.13 22:05:07; Comment: | spread: 2.9; Commision: 0; Symbol: EURUSD; Type: Sell; Expiration: 0; Open Price: 1.11519; Close Price: 1.11547; Take Profit: -0.18; Stop Loss: 1.1195; Swap: 0; Lot size: 0.01; Account Details: Time: 2015.08.13 22:05:07; Account Balance: ý205.79; Account Equity: ý370.54; Used Margin: ý128.00; Free Margin: ý242.54; No of Orders: 24 (BUY/SELL: 16/8); Risk Ratio: 1.0
0	22:05:47.540	EA31337 EURUSD,M1: OpenOrderIsAllowed(): Maximum open and pending orders reached the limit (MaxOrders).
2	22:33:28.510	EA31337 EURUSD,M1: modify #6739382 sell 0.01 EURUSD at 1.11519 sl: 1.11948 tp: 1.11423 ok
0	23:03:06.616	EA31337 EURUSD,M1: == New hour: 23
