0	21:00:44.058	EA31337 EURUSD,M1: == New hour: 21
0	21:00:44.089	EA31337 EURUSD,M1: == New day (day of month: 27; day of year: 270) ==
0	21:00:44.089	EA31337 EURUSD,M1: Daily max: Tick: 5.1; Spread: 37; Max orders: 80; Loss: 0; Profit: 0; Equity: 1993.99; Balance: 1065.15; 
0	21:00:44.089	EA31337 EURUSD,M1: == New week ==
0	21:00:44.089	EA31337 EURUSD,M1: Weekly max: Tick: 17.1; Spread: 140; Max orders: 80; Loss: 0; Profit: 0; Equity: 2140.09; Balance: 1267.43; 
0	21:00:44.089	EA31337 EURUSD,M1: Weekly SAR stats: Period: 0, Buy: 13692 / Sell: 14761; Period: 1, Buy: 12915 / Sell: 13413; Period: 2, Buy: 13122 / Sell: 14766; Period: 3, Buy: 14628 / Sell: 12292; Period: 4, Buy: 0 / Sell: 0; Period: 5, Buy: 0 / Sell: 0; Period: 6, Buy: 0 / Sell: 0; Period: 7, Buy: 0 / Sell: 0; Period: 8, Buy: 0 / Sell: 0; 
0	21:00:44.089	EA31337 EURUSD,M1: Weekly strategy stats: 
0	21:00:44.089	EA31337 EURUSD,M1: Daily SAR stats: Period: 0, Buy: 2223 / Sell: 2506; Period: 1, Buy: 2361 / Sell: 2081; Period: 2, Buy: 3226 / Sell: 1473; Period: 3, Buy: 3289 / Sell: 1397; Period: 4, Buy: 0 / Sell: 0; Period: 5, Buy: 0 / Sell: 0; Period: 6, Buy: 0 / Sell: 0; Period: 7, Buy: 0 / Sell: 0; Period: 8, Buy: 0 / Sell: 0; 
0	21:00:44.089	EA31337 EURUSD,M1: Daily strategy stats: 
0	21:00:45.011	EA31337 EURUSD,M1: OpenOrderIsAllowed(): Alligator M5: Maximum open and pending orders per type reached the limit (MaxOrdersPerType).
0	21:00:45.808	EA31337 EURUSD,M1: OpenOrderIsAllowed(): Bands M1: Maximum open and pending orders per type reached the limit (MaxOrdersPerType).
0	21:00:45.824	EA31337 EURUSD,M1: OpenOrderIsAllowed(): Bands M5: Maximum open and pending orders per type reached the limit (MaxOrdersPerType).
0	21:00:48.293	EA31337 EURUSD,M1: OpenOrderIsAllowed(): MA M1: Maximum open and pending orders per type reached the limit (MaxOrdersPerType).
0	21:00:48.730	EA31337 EURUSD,M1: OpenOrderIsAllowed(): MACD M1: Maximum open and pending orders per type reached the limit (MaxOrdersPerType).
0	21:00:48.777	EA31337 EURUSD,M1: OpenOrderIsAllowed(): MACD M5: Maximum open and pending orders per type reached the limit (MaxOrdersPerType).
0	21:00:48.808	EA31337 EURUSD,M1: OpenOrderIsAllowed(): MACD M15: Maximum open and pending orders per type reached the limit (MaxOrdersPerType).
0	21:00:49.730	EA31337 EURUSD,M1: OpenOrderIsAllowed(): RSI M1: Maximum open and pending orders per type reached the limit (MaxOrdersPerType).
0	21:00:50.168	EA31337 EURUSD,M1: OpenOrderIsAllowed(): SAR M1: Maximum open and pending orders per type reached the limit (MaxOrdersPerType).
0	21:00:50.199	EA31337 EURUSD,M1: OpenOrderIsAllowed(): SAR M5: Maximum open and pending orders per type reached the limit (MaxOrdersPerType).
0	21:00:50.199	EA31337 EURUSD,M1: OpenOrderIsAllowed(): SAR M15: Maximum open and pending orders per type reached the limit (MaxOrdersPerType).
0	21:00:50.214	EA31337 EURUSD,M1: OpenOrderIsAllowed(): SAR M30: Maximum open and pending orders per type reached the limit (MaxOrdersPerType).
2	21:00:51.136	EA31337 EURUSD,M1: modify #7168282 sell 0.01 EURUSD at 1.12088 sl: 1.12515 tp: 1.11410 ok
2	21:00:51.324	EA31337 EURUSD,M1: modify #7168283 buy 0.01 EURUSD at 1.12113 sl: 1.11688 tp: 1.12250 ok
2	21:00:51.636	EA31337 EURUSD,M1: modify #7168284 buy 0.01 EURUSD at 1.12115 sl: 1.11688 tp: 1.12308 ok
2	21:00:51.918	EA31337 EURUSD,M1: modify #7168336 buy 0.01 EURUSD at 1.12054 sl: 1.11628 tp: 1.12269 ok
2	21:00:52.168	EA31337 EURUSD,M1: modify #7168389 sell 0.01 EURUSD at 1.11980 sl: 1.12403 tp: 1.11410 ok
0	21:00:52.214	EA31337 EURUSD,M1: ActionExecute(): Account Details: Time: 2015.09.27 21:00:41; Account Balance: ý1060.80; Account Equity: ý1748.29; Used Margin: ý504.00; Free Margin: ý1244.29; No of Orders: 75 (BUY/SELL: 12/63); Risk Ratio: 1.0Stats: Alligator M1: 1%, Alligator M5: 2%, Alligator M15: 1%, Alligator M30: 1%, Bands M1: 2%, Bands M5: 2%, Bands M15: 2%, Bands M30: 2%, DeMarker M1: 2%, DeMarker M5: 2%, DeMarker M15: 2%, DeMarker M30: 2%, Envelopes M1: 2%, Envelopes M5: 2%, Envelopes M15: 2%, Envelopes M30: 2%, Fractals M1: 2%, Fractals M5: 2%, Fractals M15: 2%, Fractals M30: 2%, MA M1: 2%, MA M5: 2%, MA M15: 2%, MA M30: 2%, MACD M1: 2%, MACD M5: 2%, MACD M15: 2%, MACD M30: 2%, RSI M1: 2%, RSI M5: 2%, RSI M15: 2%, RSI M30: 2%, SAR M1: 2%, SAR M5: 2%, SAR M15: 2%, SAR M30: 2%, WPR M1: 2%, WPR M5: 2%, WPR M15: 2%, WPR M30: 2%, 
Open Orders: 75 +12/-63 [0.75 lots] (other: 0)
0	21:00:52.230	EA31337 EURUSD,M1: UpdateStats(): Market sudden drop of -10.8 pips detected!
0	21:06:31.855	EA31337 EURUSD,M1: OpenOrderIsAllowed(): Alligator M5: Maximum open and pending orders per type reached the limit (MaxOrdersPerType).
0	21:06:32.121	EA31337 EURUSD,M1: OpenOrderIsAllowed(): MACD M1: Maximum open and pending orders per type reached the limit (MaxOrdersPerType).
0	21:06:32.121	EA31337 EURUSD,M1: OpenOrderIsAllowed(): MACD M5: Maximum open and pending orders per type reached the limit (MaxOrdersPerType).
0	21:06:32.121	EA31337 EURUSD,M1: OpenOrderIsAllowed(): MACD M15: Maximum open and pending orders per type reached the limit (MaxOrdersPerType).
0	21:06:32.277	EA31337 EURUSD,M1: OpenOrderIsAllowed(): SAR M15: Maximum open and pending orders per type reached the limit (MaxOrdersPerType).
0	21:06:32.277	EA31337 EURUSD,M1: OpenOrderIsAllowed(): SAR M30: Maximum open and pending orders per type reached the limit (MaxOrdersPerType).
0	21:08:59.871	EA31337 EURUSD,M1: ExecuteOrder(): MarketInfo: Symbol: EURUSD; Ask: 1.11947; Bid: 1.11912; Spread: 35 points = 3.5 pips; 
2	21:09:00.262	EA31337 EURUSD,M1: open #7172820 sell 0.01 EURUSD at 1.11910 sl: 1.12347 tp: 1.11810 ok
0	21:09:00.262	EA31337 EURUSD,M1: #7172820 2015.09.27 21:08:58 sell 0.01 EURUSD 1.11910 1.12347 1.11810 1.11958 0.00 0.00 -0.31 | spread: 2.7 31349
0	21:09:00.293	EA31337 EURUSD,M1: ExecuteOrder(): Order Details: Ticket: 7172820; Time: 2015.09.27 21:08:57; Comment: | spread: 2.7; Commision: 0; Symbol: EURUSD; Type: Sell; Expiration: 0; Open Price: 1.11910; Close Price: 1.11958; Take Profit: -0.31; Stop Loss: 1.1235; Swap: 0; Lot size: 0.01; Account Details: Time: 2015.09.27 21:08:57; Account Balance: ý1060.80; Account Equity: ý1743.87; Used Margin: ý512.00; Free Margin: ý1231.87; No of Orders: 76 (BUY/SELL: 12/64); Risk Ratio: 1.0
0	21:09:00.293	EA31337 EURUSD,M1: OpenOrderIsAllowed(): Alligator M5: Maximum open and pending orders per type reached the limit (MaxOrdersPerType).
0	21:09:00.324	EA31337 EURUSD,M1: OpenOrderIsAllowed(): Fractals M1: Maximum open and pending orders per type reached the limit (MaxOrdersPerType).
0	21:09:00.465	EA31337 EURUSD,M1: OpenOrderIsAllowed(): MACD M1: Maximum open and pending orders per type reached the limit (MaxOrdersPerType).
0	21:09:00.465	EA31337 EURUSD,M1: OpenOrderIsAllowed(): MACD M5: Maximum open and pending orders per type reached the limit (MaxOrdersPerType).
0	21:09:00.465	EA31337 EURUSD,M1: OpenOrderIsAllowed(): MACD M15: Maximum open and pending orders per type reached the limit (MaxOrdersPerType).
0	21:09:00.590	EA31337 EURUSD,M1: OpenOrderIsAllowed(): SAR M15: Maximum open and pending orders per type reached the limit (MaxOrdersPerType).
0	21:09:00.590	EA31337 EURUSD,M1: OpenOrderIsAllowed(): SAR M30: Maximum open and pending orders per type reached the limit (MaxOrdersPerType).
2	21:09:00.840	EA31337 EURUSD,M1: modify #7172820 sell 0.01 EURUSD at 1.11910 sl: 1.12347 tp: 1.11800 ok
0	21:09:51.840	EA31337 EURUSD,M1: OpenOrderIsAllowed(): Alligator M1: Maximum open and pending orders per type reached the limit (MaxOrdersPerType).
0	21:09:51.840	EA31337 EURUSD,M1: OpenOrderIsAllowed(): Alligator M5: Maximum open and pending orders per type reached the limit (MaxOrdersPerType).
0	21:09:51.840	EA31337 EURUSD,M1: OpenOrderIsAllowed(): MACD M1: Maximum open and pending orders per type reached the limit (MaxOrdersPerType).
0	21:09:51.840	EA31337 EURUSD,M1: OpenOrderIsAllowed(): MACD M5: Maximum open and pending orders per type reached the limit (MaxOrdersPerType).
0	21:09:51.840	EA31337 EURUSD,M1: OpenOrderIsAllowed(): MACD M15: Maximum open and pending orders per type reached the limit (MaxOrdersPerType).
0	21:09:51.840	EA31337 EURUSD,M1: OpenOrderIsAllowed(): SAR M15: Maximum open and pending orders per type reached the limit (MaxOrdersPerType).
0	21:09:51.840	EA31337 EURUSD,M1: OpenOrderIsAllowed(): SAR M30: Maximum open and pending orders per type reached the limit (MaxOrdersPerType).
0	21:11:07.668	EA31337 EURUSD,M1: OpenOrderIsAllowed(): Alligator M1: Maximum open and pending orders per type reached the limit (MaxOrdersPerType).
0	21:11:07.668	EA31337 EURUSD,M1: OpenOrderIsAllowed(): Alligator M5: Maximum open and pending orders per type reached the limit (MaxOrdersPerType).
0	21:11:07.809	EA31337 EURUSD,M1: OpenOrderIsAllowed(): Fractals M1: Maximum open and pending orders per type reached the limit (MaxOrdersPerType).
0	21:11:08.309	EA31337 EURUSD,M1: OpenOrderIsAllowed(): MACD M1: Maximum open and pending orders per type reached the limit (MaxOrdersPerType).
0	21:11:08.309	EA31337 EURUSD,M1: OpenOrderIsAllowed(): MACD M5: Maximum open and pending orders per type reached the limit (MaxOrdersPerType).
0	21:11:08.309	EA31337 EURUSD,M1: OpenOrderIsAllowed(): MACD M15: Maximum open and pending orders per type reached the limit (MaxOrdersPerType).
0	21:11:09.027	EA31337 EURUSD,M1: OpenOrderIsAllowed(): SAR M5: Maximum open and pending orders per type reached the limit (MaxOrdersPerType).
0	21:11:09.027	EA31337 EURUSD,M1: OpenOrderIsAllowed(): SAR M15: Maximum open and pending orders per type reached the limit (MaxOrdersPerType).
0	21:11:09.027	EA31337 EURUSD,M1: OpenOrderIsAllowed(): SAR M30: Maximum open and pending orders per type reached the limit (MaxOrdersPerType).
2	21:11:09.387	EA31337 EURUSD,M1: modify #7172820 sell 0.01 EURUSD at 1.11910 sl: 1.12347 tp: 1.11721 ok
0	21:13:13.168	EA31337 EURUSD,M1: OpenOrderIsAllowed(): Alligator M1: Maximum open and pending orders per type reached the limit (MaxOrdersPerType).
0	21:13:13.168	EA31337 EURUSD,M1: OpenOrderIsAllowed(): Alligator M5: Maximum open and pending orders per type reached the limit (MaxOrdersPerType).
0	21:13:13.527	EA31337 EURUSD,M1: OpenOrderIsAllowed(): MACD M1: Maximum open and pending orders per type reached the limit (MaxOrdersPerType).
0	21:13:13.527	EA31337 EURUSD,M1: OpenOrderIsAllowed(): MACD M5: Maximum open and pending orders per type reached the limit (MaxOrdersPerType).
0	21:13:13.527	EA31337 EURUSD,M1: OpenOrderIsAllowed(): MACD M15: Maximum open and pending orders per type reached the limit (MaxOrdersPerType).
0	21:13:13.637	EA31337 EURUSD,M1: OpenOrderIsAllowed(): SAR M5: Maximum open and pending orders per type reached the limit (MaxOrdersPerType).
0	21:13:13.637	EA31337 EURUSD,M1: OpenOrderIsAllowed(): SAR M15: Maximum open and pending orders per type reached the limit (MaxOrdersPerType).
0	21:13:13.637	EA31337 EURUSD,M1: OpenOrderIsAllowed(): SAR M30: Maximum open and pending orders per type reached the limit (MaxOrdersPerType).
0	21:16:09.090	EA31337 EURUSD,M1: OpenOrderIsAllowed(): Alligator M1: Maximum open and pending orders per type reached the limit (MaxOrdersPerType).
0	21:16:09.215	EA31337 EURUSD,M1: OpenOrderIsAllowed(): MACD M1: Maximum open and pending orders per type reached the limit (MaxOrdersPerType).
0	21:16:09.215	EA31337 EURUSD,M1: OpenOrderIsAllowed(): MACD M5: Maximum open and pending orders per type reached the limit (MaxOrdersPerType).
0	21:16:09.215	EA31337 EURUSD,M1: OpenOrderIsAllowed(): MACD M15: Maximum open and pending orders per type reached the limit (MaxOrdersPerType).
0	21:16:09.293	EA31337 EURUSD,M1: OpenOrderIsAllowed(): SAR M5: Maximum open and pending orders per type reached the limit (MaxOrdersPerType).
0	21:16:09.293	EA31337 EURUSD,M1: OpenOrderIsAllowed(): SAR M15: Maximum open and pending orders per type reached the limit (MaxOrdersPerType).
0	21:16:09.293	EA31337 EURUSD,M1: OpenOrderIsAllowed(): SAR M30: Maximum open and pending orders per type reached the limit (MaxOrdersPerType).
0	21:17:31.668	EA31337 EURUSD,M1: OpenOrderIsAllowed(): Alligator M1: Maximum open and pending orders per type reached the limit (MaxOrdersPerType).
0	21:17:31.668	EA31337 EURUSD,M1: OpenOrderIsAllowed(): MACD M1: Maximum open and pending orders per type reached the limit (MaxOrdersPerType).
0	21:17:31.668	EA31337 EURUSD,M1: OpenOrderIsAllowed(): MACD M5: Maximum open and pending orders per type reached the limit (MaxOrdersPerType).
0	21:17:31.668	EA31337 EURUSD,M1: OpenOrderIsAllowed(): MACD M15: Maximum open and pending orders per type reached the limit (MaxOrdersPerType).
0	21:17:31.668	EA31337 EURUSD,M1: OpenOrderIsAllowed(): SAR M5: Maximum open and pending orders per type reached the limit (MaxOrdersPerType).
0	21:17:31.668	EA31337 EURUSD,M1: OpenOrderIsAllowed(): SAR M15: Maximum open and pending orders per type reached the limit (MaxOrdersPerType).
0	21:17:31.668	EA31337 EURUSD,M1: OpenOrderIsAllowed(): SAR M30: Maximum open and pending orders per type reached the limit (MaxOrdersPerType).
0	21:30:04.059	EA31337 EURUSD,M1: OpenOrderIsAllowed(): Alligator M1: Maximum open and pending orders per type reached the limit (MaxOrdersPerType).
0	21:30:04.418	EA31337 EURUSD,M1: OpenOrderIsAllowed(): MA M5: Maximum open and pending orders per type reached the limit (MaxOrdersPerType).
0	21:30:04.434	EA31337 EURUSD,M1: OpenOrderIsAllowed(): MACD M1: Maximum open and pending orders per type reached the limit (MaxOrdersPerType).
0	21:30:04.434	EA31337 EURUSD,M1: OpenOrderIsAllowed(): MACD M5: Maximum open and pending orders per type reached the limit (MaxOrdersPerType).
0	21:30:04.434	EA31337 EURUSD,M1: OpenOrderIsAllowed(): MACD M15: Maximum open and pending orders per type reached the limit (MaxOrdersPerType).
0	21:30:04.544	EA31337 EURUSD,M1: OpenOrderIsAllowed(): SAR M5: Maximum open and pending orders per type reached the limit (MaxOrdersPerType).
0	21:30:04.544	EA31337 EURUSD,M1: OpenOrderIsAllowed(): SAR M15: Maximum open and pending orders per type reached the limit (MaxOrdersPerType).
0	21:30:04.544	EA31337 EURUSD,M1: OpenOrderIsAllowed(): SAR M30: Maximum open and pending orders per type reached the limit (MaxOrdersPerType).
0	21:31:32.903	EA31337 EURUSD,M1: OpenOrderIsAllowed(): Alligator M1: Maximum open and pending orders per type reached the limit (MaxOrdersPerType).
0	21:31:32.903	EA31337 EURUSD,M1: OpenOrderIsAllowed(): Bands M1: Maximum open and pending orders per type reached the limit (MaxOrdersPerType).
0	21:31:32.903	EA31337 EURUSD,M1: OpenOrderIsAllowed(): Bands M5: Maximum open and pending orders per type reached the limit (MaxOrdersPerType).
0	21:31:32.903	EA31337 EURUSD,M1: OpenOrderIsAllowed(): Fractals M1: Maximum open and pending orders per type reached the limit (MaxOrdersPerType).
0	21:31:32.903	EA31337 EURUSD,M1: OpenOrderIsAllowed(): MA M5: Maximum open and pending orders per type reached the limit (MaxOrdersPerType).
0	21:31:32.903	EA31337 EURUSD,M1: OpenOrderIsAllowed(): MACD M1: Maximum open and pending orders per type reached the limit (MaxOrdersPerType).
0	21:31:32.903	EA31337 EURUSD,M1: OpenOrderIsAllowed(): MACD M5: Maximum open and pending orders per type reached the limit (MaxOrdersPerType).
0	21:31:32.903	EA31337 EURUSD,M1: OpenOrderIsAllowed(): MACD M15: Maximum open and pending orders per type reached the limit (MaxOrdersPerType).
0	21:31:32.903	EA31337 EURUSD,M1: OpenOrderIsAllowed(): SAR M5: Maximum open and pending orders per type reached the limit (MaxOrdersPerType).
0	21:31:32.903	EA31337 EURUSD,M1: OpenOrderIsAllowed(): SAR M15: Maximum open and pending orders per type reached the limit (MaxOrdersPerType).
0	21:31:32.903	EA31337 EURUSD,M1: OpenOrderIsAllowed(): SAR M30: Maximum open and pending orders per type reached the limit (MaxOrdersPerType).
2	21:31:33.309	EA31337 EURUSD,M1: modify #7168282 sell 0.01 EURUSD at 1.12088 sl: 1.12515 tp: 1.11408 ok
0	21:32:25.653	EA31337 EURUSD,M1: OpenOrderIsAllowed(): Alligator M1: Maximum open and pending orders per type reached the limit (MaxOrdersPerType).
0	21:32:25.653	EA31337 EURUSD,M1: OpenOrderIsAllowed(): Bands M1: Maximum open and pending orders per type reached the limit (MaxOrdersPerType).
0	21:32:25.653	EA31337 EURUSD,M1: OpenOrderIsAllowed(): Bands M5: Maximum open and pending orders per type reached the limit (MaxOrdersPerType).
0	21:32:25.653	EA31337 EURUSD,M1: OpenOrderIsAllowed(): MA M5: Maximum open and pending orders per type reached the limit (MaxOrdersPerType).
0	21:32:25.653	EA31337 EURUSD,M1: OpenOrderIsAllowed(): MACD M1: Maximum open and pending orders per type reached the limit (MaxOrdersPerType).
0	21:32:25.653	EA31337 EURUSD,M1: OpenOrderIsAllowed(): MACD M5: Maximum open and pending orders per type reached the limit (MaxOrdersPerType).
0	21:32:25.653	EA31337 EURUSD,M1: OpenOrderIsAllowed(): MACD M15: Maximum open and pending orders per type reached the limit (MaxOrdersPerType).
0	21:32:25.653	EA31337 EURUSD,M1: OpenOrderIsAllowed(): SAR M1: Maximum open and pending orders per type reached the limit (MaxOrdersPerType).
0	21:32:25.653	EA31337 EURUSD,M1: OpenOrderIsAllowed(): SAR M5: Maximum open and pending orders per type reached the limit (MaxOrdersPerType).
0	21:32:25.653	EA31337 EURUSD,M1: OpenOrderIsAllowed(): SAR M15: Maximum open and pending orders per type reached the limit (MaxOrdersPerType).
0	21:32:25.653	EA31337 EURUSD,M1: OpenOrderIsAllowed(): SAR M30: Maximum open and pending orders per type reached the limit (MaxOrdersPerType).
0	21:33:22.653	EA31337 EURUSD,M1: OpenOrderIsAllowed(): Alligator M1: Maximum open and pending orders per type reached the limit (MaxOrdersPerType).
0	21:33:22.653	EA31337 EURUSD,M1: OpenOrderIsAllowed(): Bands M1: Maximum open and pending orders per type reached the limit (MaxOrdersPerType).
0	21:33:22.653	EA31337 EURUSD,M1: OpenOrderIsAllowed(): Bands M5: Maximum open and pending orders per type reached the limit (MaxOrdersPerType).
0	21:33:22.653	EA31337 EURUSD,M1: OpenOrderIsAllowed(): MA M5: Maximum open and pending orders per type reached the limit (MaxOrdersPerType).
0	21:33:22.653	EA31337 EURUSD,M1: OpenOrderIsAllowed(): MACD M1: Maximum open and pending orders per type reached the limit (MaxOrdersPerType).
0	21:33:22.653	EA31337 EURUSD,M1: OpenOrderIsAllowed(): MACD M5: Maximum open and pending orders per type reached the limit (MaxOrdersPerType).
0	21:33:22.653	EA31337 EURUSD,M1: OpenOrderIsAllowed(): MACD M15: Maximum open and pending orders per type reached the limit (MaxOrdersPerType).
0	21:33:22.653	EA31337 EURUSD,M1: OpenOrderIsAllowed(): SAR M1: Maximum open and pending orders per type reached the limit (MaxOrdersPerType).
0	21:33:22.653	EA31337 EURUSD,M1: OpenOrderIsAllowed(): SAR M5: Maximum open and pending orders per type reached the limit (MaxOrdersPerType).
0	21:33:22.653	EA31337 EURUSD,M1: OpenOrderIsAllowed(): SAR M15: Maximum open and pending orders per type reached the limit (MaxOrdersPerType).
0	21:33:22.653	EA31337 EURUSD,M1: OpenOrderIsAllowed(): SAR M30: Maximum open and pending orders per type reached the limit (MaxOrdersPerType).
0	21:41:10.028	EA31337 EURUSD,M1: OpenOrderIsAllowed(): Alligator M1: Maximum open and pending orders per type reached the limit (MaxOrdersPerType).
0	21:41:10.278	EA31337 EURUSD,M1: OpenOrderIsAllowed(): MA M5: Maximum open and pending orders per type reached the limit (MaxOrdersPerType).
0	21:41:10.294	EA31337 EURUSD,M1: OpenOrderIsAllowed(): MACD M1: Maximum open and pending orders per type reached the limit (MaxOrdersPerType).
0	21:41:10.294	EA31337 EURUSD,M1: OpenOrderIsAllowed(): MACD M5: Maximum open and pending orders per type reached the limit (MaxOrdersPerType).
0	21:41:10.294	EA31337 EURUSD,M1: OpenOrderIsAllowed(): MACD M15: Maximum open and pending orders per type reached the limit (MaxOrdersPerType).
0	21:41:10.466	EA31337 EURUSD,M1: OpenOrderIsAllowed(): SAR M1: Maximum open and pending orders per type reached the limit (MaxOrdersPerType).
0	21:41:10.466	EA31337 EURUSD,M1: OpenOrderIsAllowed(): SAR M5: Maximum open and pending orders per type reached the limit (MaxOrdersPerType).
0	21:41:10.466	EA31337 EURUSD,M1: OpenOrderIsAllowed(): SAR M15: Maximum open and pending orders per type reached the limit (MaxOrdersPerType).
0	21:41:10.466	EA31337 EURUSD,M1: OpenOrderIsAllowed(): SAR M30: Maximum open and pending orders per type reached the limit (MaxOrdersPerType).
0	21:42:12.841	EA31337 EURUSD,M1: OpenOrderIsAllowed(): Alligator M1: Maximum open and pending orders per type reached the limit (MaxOrdersPerType).
0	21:42:12.841	EA31337 EURUSD,M1: OpenOrderIsAllowed(): MA M5: Maximum open and pending orders per type reached the limit (MaxOrdersPerType).
0	21:42:12.841	EA31337 EURUSD,M1: OpenOrderIsAllowed(): MACD M1: Maximum open and pending orders per type reached the limit (MaxOrdersPerType).
0	21:42:12.841	EA31337 EURUSD,M1: OpenOrderIsAllowed(): MACD M5: Maximum open and pending orders per type reached the limit (MaxOrdersPerType).
0	21:42:12.841	EA31337 EURUSD,M1: OpenOrderIsAllowed(): MACD M15: Maximum open and pending orders per type reached the limit (MaxOrdersPerType).
0	21:42:12.841	EA31337 EURUSD,M1: OpenOrderIsAllowed(): SAR M1: Maximum open and pending orders per type reached the limit (MaxOrdersPerType).
0	21:42:12.841	EA31337 EURUSD,M1: OpenOrderIsAllowed(): SAR M5: Maximum open and pending orders per type reached the limit (MaxOrdersPerType).
0	21:42:12.841	EA31337 EURUSD,M1: OpenOrderIsAllowed(): SAR M15: Maximum open and pending orders per type reached the limit (MaxOrdersPerType).
0	21:42:12.841	EA31337 EURUSD,M1: OpenOrderIsAllowed(): SAR M30: Maximum open and pending orders per type reached the limit (MaxOrdersPerType).
0	21:43:34.216	EA31337 EURUSD,M1: OpenOrderIsAllowed(): Alligator M1: Maximum open and pending orders per type reached the limit (MaxOrdersPerType).
0	21:43:34.216	EA31337 EURUSD,M1: OpenOrderIsAllowed(): MA M5: Maximum open and pending orders per type reached the limit (MaxOrdersPerType).
0	21:43:34.216	EA31337 EURUSD,M1: OpenOrderIsAllowed(): MACD M1: Maximum open and pending orders per type reached the limit (MaxOrdersPerType).
0	21:43:34.216	EA31337 EURUSD,M1: OpenOrderIsAllowed(): MACD M5: Maximum open and pending orders per type reached the limit (MaxOrdersPerType).
0	21:43:34.216	EA31337 EURUSD,M1: OpenOrderIsAllowed(): MACD M15: Maximum open and pending orders per type reached the limit (MaxOrdersPerType).
0	21:43:34.216	EA31337 EURUSD,M1: OpenOrderIsAllowed(): SAR M1: Maximum open and pending orders per type reached the limit (MaxOrdersPerType).
0	21:43:34.216	EA31337 EURUSD,M1: OpenOrderIsAllowed(): SAR M5: Maximum open and pending orders per type reached the limit (MaxOrdersPerType).
0	21:43:34.216	EA31337 EURUSD,M1: OpenOrderIsAllowed(): SAR M15: Maximum open and pending orders per type reached the limit (MaxOrdersPerType).
0	21:43:34.216	EA31337 EURUSD,M1: OpenOrderIsAllowed(): SAR M30: Maximum open and pending orders per type reached the limit (MaxOrdersPerType).
0	21:50:47.966	EA31337 EURUSD,M1: OpenOrderIsAllowed(): Alligator M1: Maximum open and pending orders per type reached the limit (MaxOrdersPerType).
0	21:50:48.107	EA31337 EURUSD,M1: OpenOrderIsAllowed(): MACD M1: Maximum open and pending orders per type reached the limit (MaxOrdersPerType).
0	21:50:48.107	EA31337 EURUSD,M1: OpenOrderIsAllowed(): MACD M5: Maximum open and pending orders per type reached the limit (MaxOrdersPerType).
0	21:50:48.107	EA31337 EURUSD,M1: OpenOrderIsAllowed(): MACD M15: Maximum open and pending orders per type reached the limit (MaxOrdersPerType).
0	21:50:48.372	EA31337 EURUSD,M1: OpenOrderIsAllowed(): SAR M1: Maximum open and pending orders per type reached the limit (MaxOrdersPerType).
0	21:50:48.372	EA31337 EURUSD,M1: OpenOrderIsAllowed(): SAR M5: Maximum open and pending orders per type reached the limit (MaxOrdersPerType).
0	21:50:48.372	EA31337 EURUSD,M1: OpenOrderIsAllowed(): SAR M15: Maximum open and pending orders per type reached the limit (MaxOrdersPerType).
0	21:50:48.372	EA31337 EURUSD,M1: OpenOrderIsAllowed(): SAR M30: Maximum open and pending orders per type reached the limit (MaxOrdersPerType).
0	21:50:48.388	EA31337 EURUSD,M1: OpenOrderIsAllowed(): WPR M1: Maximum open and pending orders per type reached the limit (MaxOrdersPerType).
0	21:51:40.919	EA31337 EURUSD,M1: OpenOrderIsAllowed(): Alligator M1: Maximum open and pending orders per type reached the limit (MaxOrdersPerType).
0	21:51:40.919	EA31337 EURUSD,M1: OpenOrderIsAllowed(): Fractals M1: Maximum open and pending orders per type reached the limit (MaxOrdersPerType).
0	21:51:40.919	EA31337 EURUSD,M1: OpenOrderIsAllowed(): MACD M1: Maximum open and pending orders per type reached the limit (MaxOrdersPerType).
0	21:51:40.919	EA31337 EURUSD,M1: OpenOrderIsAllowed(): MACD M5: Maximum open and pending orders per type reached the limit (MaxOrdersPerType).
0	21:51:40.919	EA31337 EURUSD,M1: OpenOrderIsAllowed(): MACD M15: Maximum open and pending orders per type reached the limit (MaxOrdersPerType).
0	21:51:40.919	EA31337 EURUSD,M1: OpenOrderIsAllowed(): SAR M1: Maximum open and pending orders per type reached the limit (MaxOrdersPerType).
0	21:51:40.919	EA31337 EURUSD,M1: OpenOrderIsAllowed(): SAR M5: Maximum open and pending orders per type reached the limit (MaxOrdersPerType).
0	21:51:40.919	EA31337 EURUSD,M1: OpenOrderIsAllowed(): SAR M15: Maximum open and pending orders per type reached the limit (MaxOrdersPerType).
0	21:51:40.919	EA31337 EURUSD,M1: OpenOrderIsAllowed(): SAR M30: Maximum open and pending orders per type reached the limit (MaxOrdersPerType).
0	21:51:40.919	EA31337 EURUSD,M1: OpenOrderIsAllowed(): WPR M1: Maximum open and pending orders per type reached the limit (MaxOrdersPerType).
0	21:52:07.013	EA31337 EURUSD,M1: OpenOrderIsAllowed(): Alligator M1: Maximum open and pending orders per type reached the limit (MaxOrdersPerType).
0	21:52:07.013	EA31337 EURUSD,M1: OpenOrderIsAllowed(): MACD M1: Maximum open and pending orders per type reached the limit (MaxOrdersPerType).
0	21:52:07.013	EA31337 EURUSD,M1: OpenOrderIsAllowed(): MACD M5: Maximum open and pending orders per type reached the limit (MaxOrdersPerType).
0	21:52:07.013	EA31337 EURUSD,M1: OpenOrderIsAllowed(): MACD M15: Maximum open and pending orders per type reached the limit (MaxOrdersPerType).
0	21:52:07.029	EA31337 EURUSD,M1: OpenOrderIsAllowed(): SAR M1: Maximum open and pending orders per type reached the limit (MaxOrdersPerType).
0	21:52:07.029	EA31337 EURUSD,M1: OpenOrderIsAllowed(): SAR M5: Maximum open and pending orders per type reached the limit (MaxOrdersPerType).
0	21:52:07.029	EA31337 EURUSD,M1: OpenOrderIsAllowed(): SAR M15: Maximum open and pending orders per type reached the limit (MaxOrdersPerType).
0	21:52:07.029	EA31337 EURUSD,M1: OpenOrderIsAllowed(): SAR M30: Maximum open and pending orders per type reached the limit (MaxOrdersPerType).
0	21:52:07.029	EA31337 EURUSD,M1: OpenOrderIsAllowed(): WPR M1: Maximum open and pending orders per type reached the limit (MaxOrdersPerType).
0	21:53:10.185	EA31337 EURUSD,M1: OpenOrderIsAllowed(): Alligator M1: Maximum open and pending orders per type reached the limit (MaxOrdersPerType).
0	21:53:10.185	EA31337 EURUSD,M1: OpenOrderIsAllowed(): MACD M1: Maximum open and pending orders per type reached the limit (MaxOrdersPerType).
0	21:53:10.185	EA31337 EURUSD,M1: OpenOrderIsAllowed(): MACD M5: Maximum open and pending orders per type reached the limit (MaxOrdersPerType).
0	21:53:10.185	EA31337 EURUSD,M1: OpenOrderIsAllowed(): MACD M15: Maximum open and pending orders per type reached the limit (MaxOrdersPerType).
0	21:53:10.185	EA31337 EURUSD,M1: OpenOrderIsAllowed(): SAR M5: Maximum open and pending orders per type reached the limit (MaxOrdersPerType).
0	21:53:10.185	EA31337 EURUSD,M1: OpenOrderIsAllowed(): SAR M15: Maximum open and pending orders per type reached the limit (MaxOrdersPerType).
0	21:53:10.185	EA31337 EURUSD,M1: OpenOrderIsAllowed(): SAR M30: Maximum open and pending orders per type reached the limit (MaxOrdersPerType).
0	21:54:08.982	EA31337 EURUSD,M1: OpenOrderIsAllowed(): Alligator M1: Maximum open and pending orders per type reached the limit (MaxOrdersPerType).
0	21:54:08.982	EA31337 EURUSD,M1: OpenOrderIsAllowed(): MACD M1: Maximum open and pending orders per type reached the limit (MaxOrdersPerType).
0	21:54:08.982	EA31337 EURUSD,M1: OpenOrderIsAllowed(): MACD M5: Maximum open and pending orders per type reached the limit (MaxOrdersPerType).
0	21:54:08.982	EA31337 EURUSD,M1: OpenOrderIsAllowed(): MACD M15: Maximum open and pending orders per type reached the limit (MaxOrdersPerType).
0	21:54:08.982	EA31337 EURUSD,M1: OpenOrderIsAllowed(): SAR M5: Maximum open and pending orders per type reached the limit (MaxOrdersPerType).
0	21:54:08.982	EA31337 EURUSD,M1: OpenOrderIsAllowed(): SAR M15: Maximum open and pending orders per type reached the limit (MaxOrdersPerType).
0	21:54:08.982	EA31337 EURUSD,M1: OpenOrderIsAllowed(): SAR M30: Maximum open and pending orders per type reached the limit (MaxOrdersPerType).
0	21:54:08.982	EA31337 EURUSD,M1: OpenOrderIsAllowed(): WPR M1: Maximum open and pending orders per type reached the limit (MaxOrdersPerType).
0	21:55:55.951	EA31337 EURUSD,M1: OpenOrderIsAllowed(): Alligator M1: Maximum open and pending orders per type reached the limit (MaxOrdersPerType).
0	21:55:55.951	EA31337 EURUSD,M1: OpenOrderIsAllowed(): Alligator M5: Maximum open and pending orders per type reached the limit (MaxOrdersPerType).
0	21:55:55.951	EA31337 EURUSD,M1: OpenOrderIsAllowed(): MACD M1: Maximum open and pending orders per type reached the limit (MaxOrdersPerType).
0	21:55:55.951	EA31337 EURUSD,M1: OpenOrderIsAllowed(): MACD M5: Maximum open and pending orders per type reached the limit (MaxOrdersPerType).
0	21:55:55.951	EA31337 EURUSD,M1: OpenOrderIsAllowed(): MACD M15: Maximum open and pending orders per type reached the limit (MaxOrdersPerType).
0	21:55:55.951	EA31337 EURUSD,M1: OpenOrderIsAllowed(): SAR M5: Maximum open and pending orders per type reached the limit (MaxOrdersPerType).
0	21:55:55.951	EA31337 EURUSD,M1: OpenOrderIsAllowed(): SAR M15: Maximum open and pending orders per type reached the limit (MaxOrdersPerType).
0	21:55:55.951	EA31337 EURUSD,M1: OpenOrderIsAllowed(): SAR M30: Maximum open and pending orders per type reached the limit (MaxOrdersPerType).
0	21:56:17.013	EA31337 EURUSD,M1: OpenOrderIsAllowed(): Alligator M1: Maximum open and pending orders per type reached the limit (MaxOrdersPerType).
0	21:56:17.013	EA31337 EURUSD,M1: OpenOrderIsAllowed(): Alligator M5: Maximum open and pending orders per type reached the limit (MaxOrdersPerType).
0	21:56:17.013	EA31337 EURUSD,M1: OpenOrderIsAllowed(): MACD M1: Maximum open and pending orders per type reached the limit (MaxOrdersPerType).
0	21:56:17.013	EA31337 EURUSD,M1: OpenOrderIsAllowed(): MACD M5: Maximum open and pending orders per type reached the limit (MaxOrdersPerType).
0	21:56:17.013	EA31337 EURUSD,M1: OpenOrderIsAllowed(): MACD M15: Maximum open and pending orders per type reached the limit (MaxOrdersPerType).
0	21:56:17.013	EA31337 EURUSD,M1: OpenOrderIsAllowed(): SAR M5: Maximum open and pending orders per type reached the limit (MaxOrdersPerType).
0	21:56:17.013	EA31337 EURUSD,M1: OpenOrderIsAllowed(): SAR M15: Maximum open and pending orders per type reached the limit (MaxOrdersPerType).
0	21:56:17.013	EA31337 EURUSD,M1: OpenOrderIsAllowed(): SAR M30: Maximum open and pending orders per type reached the limit (MaxOrdersPerType).
0	21:57:04.919	EA31337 EURUSD,M1: OpenOrderIsAllowed(): Alligator M1: Maximum open and pending orders per type reached the limit (MaxOrdersPerType).
0	21:57:04.919	EA31337 EURUSD,M1: OpenOrderIsAllowed(): Alligator M5: Maximum open and pending orders per type reached the limit (MaxOrdersPerType).
0	21:57:04.919	EA31337 EURUSD,M1: OpenOrderIsAllowed(): MACD M1: Maximum open and pending orders per type reached the limit (MaxOrdersPerType).
0	21:57:04.919	EA31337 EURUSD,M1: OpenOrderIsAllowed(): MACD M5: Maximum open and pending orders per type reached the limit (MaxOrdersPerType).
0	21:57:04.919	EA31337 EURUSD,M1: OpenOrderIsAllowed(): MACD M15: Maximum open and pending orders per type reached the limit (MaxOrdersPerType).
0	21:57:04.919	EA31337 EURUSD,M1: OpenOrderIsAllowed(): SAR M5: Maximum open and pending orders per type reached the limit (MaxOrdersPerType).
0	21:57:04.919	EA31337 EURUSD,M1: OpenOrderIsAllowed(): SAR M15: Maximum open and pending orders per type reached the limit (MaxOrdersPerType).
0	21:57:04.919	EA31337 EURUSD,M1: OpenOrderIsAllowed(): SAR M30: Maximum open and pending orders per type reached the limit (MaxOrdersPerType).
0	21:58:04.935	EA31337 EURUSD,M1: OpenOrderIsAllowed(): Alligator M1: Maximum open and pending orders per type reached the limit (MaxOrdersPerType).
0	21:58:04.935	EA31337 EURUSD,M1: OpenOrderIsAllowed(): Alligator M5: Maximum open and pending orders per type reached the limit (MaxOrdersPerType).
0	21:58:04.935	EA31337 EURUSD,M1: OpenOrderIsAllowed(): Bands M1: Maximum open and pending orders per type reached the limit (MaxOrdersPerType).
0	21:58:04.935	EA31337 EURUSD,M1: OpenOrderIsAllowed(): MACD M1: Maximum open and pending orders per type reached the limit (MaxOrdersPerType).
0	21:58:04.935	EA31337 EURUSD,M1: OpenOrderIsAllowed(): MACD M5: Maximum open and pending orders per type reached the limit (MaxOrdersPerType).
0	21:58:04.935	EA31337 EURUSD,M1: OpenOrderIsAllowed(): MACD M15: Maximum open and pending orders per type reached the limit (MaxOrdersPerType).
0	21:58:04.935	EA31337 EURUSD,M1: OpenOrderIsAllowed(): SAR M5: Maximum open and pending orders per type reached the limit (MaxOrdersPerType).
0	21:58:04.935	EA31337 EURUSD,M1: OpenOrderIsAllowed(): SAR M15: Maximum open and pending orders per type reached the limit (MaxOrdersPerType).
0	21:58:04.935	EA31337 EURUSD,M1: OpenOrderIsAllowed(): SAR M30: Maximum open and pending orders per type reached the limit (MaxOrdersPerType).
0	21:59:03.966	EA31337 EURUSD,M1: OpenOrderIsAllowed(): Alligator M5: Maximum open and pending orders per type reached the limit (MaxOrdersPerType).
0	21:59:03.966	EA31337 EURUSD,M1: OpenOrderIsAllowed(): Bands M1: Maximum open and pending orders per type reached the limit (MaxOrdersPerType).
0	21:59:03.966	EA31337 EURUSD,M1: OpenOrderIsAllowed(): MACD M1: Maximum open and pending orders per type reached the limit (MaxOrdersPerType).
0	21:59:03.982	EA31337 EURUSD,M1: OpenOrderIsAllowed(): MACD M5: Maximum open and pending orders per type reached the limit (MaxOrdersPerType).
0	21:59:03.982	EA31337 EURUSD,M1: OpenOrderIsAllowed(): MACD M15: Maximum open and pending orders per type reached the limit (MaxOrdersPerType).
0	21:59:03.982	EA31337 EURUSD,M1: OpenOrderIsAllowed(): SAR M5: Maximum open and pending orders per type reached the limit (MaxOrdersPerType).
0	21:59:03.982	EA31337 EURUSD,M1: OpenOrderIsAllowed(): SAR M15: Maximum open and pending orders per type reached the limit (MaxOrdersPerType).
0	21:59:03.982	EA31337 EURUSD,M1: OpenOrderIsAllowed(): SAR M30: Maximum open and pending orders per type reached the limit (MaxOrdersPerType).
0	22:00:07.232	EA31337 EURUSD,M1: == New hour: 22
0	22:00:07.232	EA31337 EURUSD,M1: OpenOrderIsAllowed(): Alligator M5: Maximum open and pending orders per type reached the limit (MaxOrdersPerType).
0	22:00:07.232	EA31337 EURUSD,M1: OpenOrderIsAllowed(): MACD M1: Maximum open and pending orders per type reached the limit (MaxOrdersPerType).
0	22:00:07.232	EA31337 EURUSD,M1: OpenOrderIsAllowed(): MACD M5: Maximum open and pending orders per type reached the limit (MaxOrdersPerType).
0	22:00:07.232	EA31337 EURUSD,M1: OpenOrderIsAllowed(): MACD M15: Maximum open and pending orders per type reached the limit (MaxOrdersPerType).
0	22:00:07.232	EA31337 EURUSD,M1: OpenOrderIsAllowed(): SAR M5: Maximum open and pending orders per type reached the limit (MaxOrdersPerType).
0	22:00:07.232	EA31337 EURUSD,M1: OpenOrderIsAllowed(): SAR M15: Maximum open and pending orders per type reached the limit (MaxOrdersPerType).
0	22:00:07.232	EA31337 EURUSD,M1: OpenOrderIsAllowed(): SAR M30: Maximum open and pending orders per type reached the limit (MaxOrdersPerType).
0	22:00:07.232	EA31337 EURUSD,M1: OpenOrderIsAllowed(): WPR M1: Maximum open and pending orders per type reached the limit (MaxOrdersPerType).
0	22:01:03.482	EA31337 EURUSD,M1: OpenOrderIsAllowed(): Alligator M1: Maximum open and pending orders per type reached the limit (MaxOrdersPerType).
0	22:01:03.482	EA31337 EURUSD,M1: OpenOrderIsAllowed(): Alligator M5: Maximum open and pending orders per type reached the limit (MaxOrdersPerType).
0	22:01:03.794	EA31337 EURUSD,M1: OpenOrderIsAllowed(): MACD M1: Maximum open and pending orders per type reached the limit (MaxOrdersPerType).
0	22:01:03.794	EA31337 EURUSD,M1: OpenOrderIsAllowed(): MACD M5: Maximum open and pending orders per type reached the limit (MaxOrdersPerType).
0	22:01:03.810	EA31337 EURUSD,M1: OpenOrderIsAllowed(): MACD M15: Maximum open and pending orders per type reached the limit (MaxOrdersPerType).
0	22:01:04.013	EA31337 EURUSD,M1: OpenOrderIsAllowed(): SAR M5: Maximum open and pending orders per type reached the limit (MaxOrdersPerType).
0	22:01:04.013	EA31337 EURUSD,M1: OpenOrderIsAllowed(): SAR M15: Maximum open and pending orders per type reached the limit (MaxOrdersPerType).
0	22:01:04.013	EA31337 EURUSD,M1: OpenOrderIsAllowed(): SAR M30: Maximum open and pending orders per type reached the limit (MaxOrdersPerType).
0	22:01:04.091	EA31337 EURUSD,M1: OpenOrderIsAllowed(): WPR M1: Maximum open and pending orders per type reached the limit (MaxOrdersPerType).
0	22:02:19.248	EA31337 EURUSD,M1: OpenOrderIsAllowed(): Alligator M1: Maximum open and pending orders per type reached the limit (MaxOrdersPerType).
0	22:02:19.248	EA31337 EURUSD,M1: OpenOrderIsAllowed(): Alligator M5: Maximum open and pending orders per type reached the limit (MaxOrdersPerType).
0	22:02:19.576	EA31337 EURUSD,M1: OpenOrderIsAllowed(): Fractals M1: Maximum open and pending orders per type reached the limit (MaxOrdersPerType).
0	22:02:19.763	EA31337 EURUSD,M1: OpenOrderIsAllowed(): MACD M1: Maximum open and pending orders per type reached the limit (MaxOrdersPerType).
0	22:02:19.779	EA31337 EURUSD,M1: OpenOrderIsAllowed(): MACD M5: Maximum open and pending orders per type reached the limit (MaxOrdersPerType).
0	22:02:19.779	EA31337 EURUSD,M1: OpenOrderIsAllowed(): MACD M15: Maximum open and pending orders per type reached the limit (MaxOrdersPerType).
0	22:02:19.982	EA31337 EURUSD,M1: OpenOrderIsAllowed(): SAR M5: Maximum open and pending orders per type reached the limit (MaxOrdersPerType).
0	22:02:19.982	EA31337 EURUSD,M1: OpenOrderIsAllowed(): SAR M15: Maximum open and pending orders per type reached the limit (MaxOrdersPerType).
0	22:02:19.982	EA31337 EURUSD,M1: OpenOrderIsAllowed(): SAR M30: Maximum open and pending orders per type reached the limit (MaxOrdersPerType).
0	22:05:27.201	EA31337 EURUSD,M1: OpenOrderIsAllowed(): Alligator M5: Maximum open and pending orders per type reached the limit (MaxOrdersPerType).
0	22:05:27.513	EA31337 EURUSD,M1: OpenOrderIsAllowed(): DeMarker M1: Maximum open and pending orders per type reached the limit (MaxOrdersPerType).
0	22:05:27.841	EA31337 EURUSD,M1: OpenOrderIsAllowed(): MACD M1: Maximum open and pending orders per type reached the limit (MaxOrdersPerType).
0	22:05:27.857	EA31337 EURUSD,M1: OpenOrderIsAllowed(): MACD M5: Maximum open and pending orders per type reached the limit (MaxOrdersPerType).
0	22:05:27.857	EA31337 EURUSD,M1: OpenOrderIsAllowed(): MACD M15: Maximum open and pending orders per type reached the limit (MaxOrdersPerType).
0	22:05:28.045	EA31337 EURUSD,M1: OpenOrderIsAllowed(): SAR M5: Maximum open and pending orders per type reached the limit (MaxOrdersPerType).
0	22:05:28.045	EA31337 EURUSD,M1: OpenOrderIsAllowed(): SAR M15: Maximum open and pending orders per type reached the limit (MaxOrdersPerType).
0	22:05:28.045	EA31337 EURUSD,M1: OpenOrderIsAllowed(): SAR M30: Maximum open and pending orders per type reached the limit (MaxOrdersPerType).
0	22:06:22.092	EA31337 EURUSD,M1: OpenOrderIsAllowed(): Alligator M1: Maximum open and pending orders per type reached the limit (MaxOrdersPerType).
0	22:06:22.092	EA31337 EURUSD,M1: OpenOrderIsAllowed(): Alligator M5: Maximum open and pending orders per type reached the limit (MaxOrdersPerType).
0	22:06:22.607	EA31337 EURUSD,M1: OpenOrderIsAllowed(): MACD M1: Maximum open and pending orders per type reached the limit (MaxOrdersPerType).
0	22:06:22.623	EA31337 EURUSD,M1: OpenOrderIsAllowed(): MACD M5: Maximum open and pending orders per type reached the limit (MaxOrdersPerType).
0	22:06:22.623	EA31337 EURUSD,M1: OpenOrderIsAllowed(): MACD M15: Maximum open and pending orders per type reached the limit (MaxOrdersPerType).
0	22:06:22.935	EA31337 EURUSD,M1: OpenOrderIsAllowed(): SAR M5: Maximum open and pending orders per type reached the limit (MaxOrdersPerType).
0	22:06:22.951	EA31337 EURUSD,M1: OpenOrderIsAllowed(): SAR M15: Maximum open and pending orders per type reached the limit (MaxOrdersPerType).
0	22:06:22.951	EA31337 EURUSD,M1: OpenOrderIsAllowed(): SAR M30: Maximum open and pending orders per type reached the limit (MaxOrdersPerType).
0	22:09:34.951	EA31337 EURUSD,M1: OpenOrderIsAllowed(): Alligator M1: Maximum open and pending orders per type reached the limit (MaxOrdersPerType).
0	22:09:34.951	EA31337 EURUSD,M1: OpenOrderIsAllowed(): Alligator M5: Maximum open and pending orders per type reached the limit (MaxOrdersPerType).
0	22:09:35.592	EA31337 EURUSD,M1: OpenOrderIsAllowed(): MA M1: Maximum open and pending orders per type reached the limit (MaxOrdersPerType).
0	22:09:35.592	EA31337 EURUSD,M1: OpenOrderIsAllowed(): MA M15: Maximum open and pending orders per type reached the limit (MaxOrdersPerType).
0	22:09:35.592	EA31337 EURUSD,M1: OpenOrderIsAllowed(): MACD M1: Maximum open and pending orders per type reached the limit (MaxOrdersPerType).
0	22:09:35.592	EA31337 EURUSD,M1: OpenOrderIsAllowed(): MACD M5: Maximum open and pending orders per type reached the limit (MaxOrdersPerType).
0	22:09:35.592	EA31337 EURUSD,M1: OpenOrderIsAllowed(): MACD M15: Maximum open and pending orders per type reached the limit (MaxOrdersPerType).
0	22:09:35.904	EA31337 EURUSD,M1: OpenOrderIsAllowed(): SAR M5: Maximum open and pending orders per type reached the limit (MaxOrdersPerType).
0	22:09:35.904	EA31337 EURUSD,M1: OpenOrderIsAllowed(): SAR M15: Maximum open and pending orders per type reached the limit (MaxOrdersPerType).
0	22:09:35.904	EA31337 EURUSD,M1: OpenOrderIsAllowed(): SAR M30: Maximum open and pending orders per type reached the limit (MaxOrdersPerType).
0	22:13:27.670	EA31337 EURUSD,M1: OpenOrderIsAllowed(): Alligator M1: Maximum open and pending orders per type reached the limit (MaxOrdersPerType).
0	22:13:27.670	EA31337 EURUSD,M1: OpenOrderIsAllowed(): Alligator M5: Maximum open and pending orders per type reached the limit (MaxOrdersPerType).
0	22:13:27.982	EA31337 EURUSD,M1: OpenOrderIsAllowed(): Fractals M5: Maximum open and pending orders per type reached the limit (MaxOrdersPerType).
0	22:13:28.264	EA31337 EURUSD,M1: OpenOrderIsAllowed(): MA M1: Maximum open and pending orders per type reached the limit (MaxOrdersPerType).
0	22:13:28.264	EA31337 EURUSD,M1: OpenOrderIsAllowed(): MA M15: Maximum open and pending orders per type reached the limit (MaxOrdersPerType).
0	22:13:28.279	EA31337 EURUSD,M1: OpenOrderIsAllowed(): MACD M1: Maximum open and pending orders per type reached the limit (MaxOrdersPerType).
0	22:13:28.279	EA31337 EURUSD,M1: OpenOrderIsAllowed(): MACD M5: Maximum open and pending orders per type reached the limit (MaxOrdersPerType).
0	22:13:28.279	EA31337 EURUSD,M1: OpenOrderIsAllowed(): MACD M15: Maximum open and pending orders per type reached the limit (MaxOrdersPerType).
0	22:13:28.560	EA31337 EURUSD,M1: OpenOrderIsAllowed(): SAR M1: Maximum open and pending orders per type reached the limit (MaxOrdersPerType).
0	22:13:28.560	EA31337 EURUSD,M1: OpenOrderIsAllowed(): SAR M5: Maximum open and pending orders per type reached the limit (MaxOrdersPerType).
0	22:13:28.560	EA31337 EURUSD,M1: OpenOrderIsAllowed(): SAR M15: Maximum open and pending orders per type reached the limit (MaxOrdersPerType).
0	22:13:28.560	EA31337 EURUSD,M1: OpenOrderIsAllowed(): SAR M30: Maximum open and pending orders per type reached the limit (MaxOrdersPerType).
0	22:22:12.858	EA31337 EURUSD,M1: OpenOrderIsAllowed(): Alligator M1: Maximum open and pending orders per type reached the limit (MaxOrdersPerType).
0	22:22:12.858	EA31337 EURUSD,M1: OpenOrderIsAllowed(): Alligator M5: Maximum open and pending orders per type reached the limit (MaxOrdersPerType).
0	22:22:13.451	EA31337 EURUSD,M1: OpenOrderIsAllowed(): MACD M1: Maximum open and pending orders per type reached the limit (MaxOrdersPerType).
0	22:22:13.451	EA31337 EURUSD,M1: OpenOrderIsAllowed(): MACD M5: Maximum open and pending orders per type reached the limit (MaxOrdersPerType).
0	22:22:13.451	EA31337 EURUSD,M1: OpenOrderIsAllowed(): MACD M15: Maximum open and pending orders per type reached the limit (MaxOrdersPerType).
0	22:22:13.654	EA31337 EURUSD,M1: OpenOrderIsAllowed(): SAR M1: Maximum open and pending orders per type reached the limit (MaxOrdersPerType).
0	22:22:13.654	EA31337 EURUSD,M1: OpenOrderIsAllowed(): SAR M5: Maximum open and pending orders per type reached the limit (MaxOrdersPerType).
0	22:22:13.654	EA31337 EURUSD,M1: OpenOrderIsAllowed(): SAR M15: Maximum open and pending orders per type reached the limit (MaxOrdersPerType).
0	22:22:13.654	EA31337 EURUSD,M1: OpenOrderIsAllowed(): SAR M30: Maximum open and pending orders per type reached the limit (MaxOrdersPerType).
0	22:42:33.530	EA31337 EURUSD,M1: OpenOrderIsAllowed(): Alligator M1: Maximum open and pending orders per type reached the limit (MaxOrdersPerType).
0	22:42:33.530	EA31337 EURUSD,M1: OpenOrderIsAllowed(): Alligator M5: Maximum open and pending orders per type reached the limit (MaxOrdersPerType).
0	22:42:33.530	EA31337 EURUSD,M1: ExecuteOrder(): MarketInfo: Symbol: EURUSD; Ask: 1.11927; Bid: 1.11897; Spread: 30 points = 3 pips; 
2	22:42:34.108	EA31337 EURUSD,M1: open #7173402 buy 0.01 EURUSD at 1.11924 sl: 1.11497 tp: 1.12178 ok
0	22:42:34.108	EA31337 EURUSD,M1: #7173402 2015.09.27 22:42:31 buy 0.01 EURUSD 1.11924 1.11497 1.12178 1.11898 0.00 0.00 -0.17 | spread: 3.0 31352
0	22:42:34.108	EA31337 EURUSD,M1: ExecuteOrder(): Order Details: Ticket: 7173402; Time: 2015.09.27 22:42:31; Comment: | spread: 3.0; Commision: 0; Symbol: EURUSD; Type: Buy; Expiration: 0; Open Price: 1.11924; Close Price: 1.11898; Take Profit: -0.17; Stop Loss: 1.115; Swap: 0; Lot size: 0.01; Account Details: Time: 2015.09.27 22:42:31; Account Balance: ý1060.80; Account Equity: ý1755.14; Used Margin: ý512.00; Free Margin: ý1243.14; No of Orders: 77 (BUY/SELL: 13/64); Risk Ratio: 1.0
0	22:42:34.311	EA31337 EURUSD,M1: OpenOrderIsAllowed(): Fractals M1: Maximum open and pending orders per type reached the limit (MaxOrdersPerType).
0	22:42:34.311	EA31337 EURUSD,M1: OpenOrderIsAllowed(): Fractals M15: Maximum open and pending orders per type reached the limit (MaxOrdersPerType).
0	22:42:34.499	EA31337 EURUSD,M1: OpenOrderIsAllowed(): MA M1: Maximum open and pending orders per type reached the limit (MaxOrdersPerType).
0	22:42:34.515	EA31337 EURUSD,M1: OpenOrderIsAllowed(): MACD M1: Maximum open and pending orders per type reached the limit (MaxOrdersPerType).
0	22:42:34.515	EA31337 EURUSD,M1: OpenOrderIsAllowed(): MACD M5: Maximum open and pending orders per type reached the limit (MaxOrdersPerType).
0	22:42:34.515	EA31337 EURUSD,M1: OpenOrderIsAllowed(): MACD M15: Maximum open and pending orders per type reached the limit (MaxOrdersPerType).
0	22:42:34.749	EA31337 EURUSD,M1: OpenOrderIsAllowed(): SAR M5: Maximum open and pending orders per type reached the limit (MaxOrdersPerType).
0	22:42:34.749	EA31337 EURUSD,M1: OpenOrderIsAllowed(): SAR M15: Maximum open and pending orders per type reached the limit (MaxOrdersPerType).
0	22:42:34.749	EA31337 EURUSD,M1: OpenOrderIsAllowed(): SAR M30: Maximum open and pending orders per type reached the limit (MaxOrdersPerType).
0	23:00:23.296	EA31337 EURUSD,M1: == New hour: 23
0	23:00:23.327	EA31337 EURUSD,M1: OpenOrderIsAllowed(): Alligator M1: Maximum open and pending orders per type reached the limit (MaxOrdersPerType).
0	23:00:23.327	EA31337 EURUSD,M1: OpenOrderIsAllowed(): Alligator M5: Maximum open and pending orders per type reached the limit (MaxOrdersPerType).
0	23:00:23.812	EA31337 EURUSD,M1: OpenOrderIsAllowed(): Fractals M1: Maximum open and pending orders per type reached the limit (MaxOrdersPerType).
0	23:00:23.812	EA31337 EURUSD,M1: OpenOrderIsAllowed(): Fractals M30: Maximum open and pending orders per type reached the limit (MaxOrdersPerType).
0	23:00:24.031	EA31337 EURUSD,M1: OpenOrderIsAllowed(): MA M1: Maximum open and pending orders per type reached the limit (MaxOrdersPerType).
0	23:00:24.046	EA31337 EURUSD,M1: OpenOrderIsAllowed(): MACD M1: Maximum open and pending orders per type reached the limit (MaxOrdersPerType).
0	23:00:24.046	EA31337 EURUSD,M1: OpenOrderIsAllowed(): MACD M5: Maximum open and pending orders per type reached the limit (MaxOrdersPerType).
0	23:00:24.046	EA31337 EURUSD,M1: OpenOrderIsAllowed(): MACD M15: Maximum open and pending orders per type reached the limit (MaxOrdersPerType).
0	23:00:24.296	EA31337 EURUSD,M1: OpenOrderIsAllowed(): SAR M15: Maximum open and pending orders per type reached the limit (MaxOrdersPerType).
0	23:00:24.296	EA31337 EURUSD,M1: OpenOrderIsAllowed(): SAR M30: Maximum open and pending orders per type reached the limit (MaxOrdersPerType).
0	23:00:24.374	EA31337 EURUSD,M1: OpenOrderIsAllowed(): Fractals M5: Maximum open and pending orders per type reached the limit (MaxOrdersPerType).
0	23:02:30.687	EA31337 EURUSD,M1: OpenOrderIsAllowed(): Alligator M1: Maximum open and pending orders per type reached the limit (MaxOrdersPerType).
0	23:02:30.687	EA31337 EURUSD,M1: OpenOrderIsAllowed(): Alligator M5: Maximum open and pending orders per type reached the limit (MaxOrdersPerType).
0	23:02:30.734	EA31337 EURUSD,M1: OpenOrderIsAllowed(): Bands M1: Maximum open and pending orders per type reached the limit (MaxOrdersPerType).
0	23:02:30.906	EA31337 EURUSD,M1: OpenOrderIsAllowed(): Fractals M30: Maximum open and pending orders per type reached the limit (MaxOrdersPerType).
0	23:02:31.249	EA31337 EURUSD,M1: OpenOrderIsAllowed(): MA M1: Maximum open and pending orders per type reached the limit (MaxOrdersPerType).
0	23:02:31.249	EA31337 EURUSD,M1: OpenOrderIsAllowed(): MACD M1: Maximum open and pending orders per type reached the limit (MaxOrdersPerType).
0	23:02:31.249	EA31337 EURUSD,M1: OpenOrderIsAllowed(): MACD M5: Maximum open and pending orders per type reached the limit (MaxOrdersPerType).
0	23:02:31.249	EA31337 EURUSD,M1: OpenOrderIsAllowed(): MACD M15: Maximum open and pending orders per type reached the limit (MaxOrdersPerType).
0	23:02:31.749	EA31337 EURUSD,M1: OpenOrderIsAllowed(): SAR M1: Maximum open and pending orders per type reached the limit (MaxOrdersPerType).
0	23:02:31.765	EA31337 EURUSD,M1: OpenOrderIsAllowed(): SAR M15: Maximum open and pending orders per type reached the limit (MaxOrdersPerType).
0	23:02:31.765	EA31337 EURUSD,M1: OpenOrderIsAllowed(): SAR M30: Maximum open and pending orders per type reached the limit (MaxOrdersPerType).
0	23:02:31.828	EA31337 EURUSD,M1: OpenOrderIsAllowed(): Fractals M5: Maximum open and pending orders per type reached the limit (MaxOrdersPerType).
0	23:03:02.656	EA31337 EURUSD,M1: OpenOrderIsAllowed(): Alligator M1: Maximum open and pending orders per type reached the limit (MaxOrdersPerType).
0	23:03:02.656	EA31337 EURUSD,M1: OpenOrderIsAllowed(): Alligator M5: Maximum open and pending orders per type reached the limit (MaxOrdersPerType).
0	23:03:02.656	EA31337 EURUSD,M1: OpenOrderIsAllowed(): Bands M1: Maximum open and pending orders per type reached the limit (MaxOrdersPerType).
0	23:03:02.656	EA31337 EURUSD,M1: OpenOrderIsAllowed(): Fractals M30: Maximum open and pending orders per type reached the limit (MaxOrdersPerType).
0	23:03:02.656	EA31337 EURUSD,M1: OpenOrderIsAllowed(): MA M1: Maximum open and pending orders per type reached the limit (MaxOrdersPerType).
0	23:03:02.656	EA31337 EURUSD,M1: OpenOrderIsAllowed(): MACD M1: Maximum open and pending orders per type reached the limit (MaxOrdersPerType).
0	23:03:02.656	EA31337 EURUSD,M1: OpenOrderIsAllowed(): MACD M5: Maximum open and pending orders per type reached the limit (MaxOrdersPerType).
0	23:03:02.656	EA31337 EURUSD,M1: OpenOrderIsAllowed(): MACD M15: Maximum open and pending orders per type reached the limit (MaxOrdersPerType).
0	23:03:02.656	EA31337 EURUSD,M1: OpenOrderIsAllowed(): SAR M1: Maximum open and pending orders per type reached the limit (MaxOrdersPerType).
0	23:03:02.656	EA31337 EURUSD,M1: OpenOrderIsAllowed(): SAR M15: Maximum open and pending orders per type reached the limit (MaxOrdersPerType).
0	23:03:02.656	EA31337 EURUSD,M1: OpenOrderIsAllowed(): SAR M30: Maximum open and pending orders per type reached the limit (MaxOrdersPerType).
0	23:03:02.656	EA31337 EURUSD,M1: OpenOrderIsAllowed(): Fractals M5: Maximum open and pending orders per type reached the limit (MaxOrdersPerType).
0	23:05:11.234	EA31337 EURUSD,M1: OpenOrderIsAllowed(): Alligator M1: Maximum open and pending orders per type reached the limit (MaxOrdersPerType).
0	23:05:11.234	EA31337 EURUSD,M1: OpenOrderIsAllowed(): Alligator M5: Maximum open and pending orders per type reached the limit (MaxOrdersPerType).
0	23:05:11.328	EA31337 EURUSD,M1: OpenOrderIsAllowed(): Fractals M30: Maximum open and pending orders per type reached the limit (MaxOrdersPerType).
0	23:05:11.578	EA31337 EURUSD,M1: OpenOrderIsAllowed(): MACD M1: Maximum open and pending orders per type reached the limit (MaxOrdersPerType).
0	23:05:11.578	EA31337 EURUSD,M1: OpenOrderIsAllowed(): MACD M5: Maximum open and pending orders per type reached the limit (MaxOrdersPerType).
0	23:05:11.578	EA31337 EURUSD,M1: OpenOrderIsAllowed(): MACD M15: Maximum open and pending orders per type reached the limit (MaxOrdersPerType).
0	23:05:11.875	EA31337 EURUSD,M1: OpenOrderIsAllowed(): SAR M1: Maximum open and pending orders per type reached the limit (MaxOrdersPerType).
0	23:05:11.875	EA31337 EURUSD,M1: OpenOrderIsAllowed(): SAR M15: Maximum open and pending orders per type reached the limit (MaxOrdersPerType).
0	23:05:11.875	EA31337 EURUSD,M1: OpenOrderIsAllowed(): SAR M30: Maximum open and pending orders per type reached the limit (MaxOrdersPerType).
0	23:05:11.906	EA31337 EURUSD,M1: OpenOrderIsAllowed(): Fractals M5: Maximum open and pending orders per type reached the limit (MaxOrdersPerType).
0	23:06:28.390	EA31337 EURUSD,M1: OpenOrderIsAllowed(): Alligator M5: Maximum open and pending orders per type reached the limit (MaxOrdersPerType).
0	23:06:28.390	EA31337 EURUSD,M1: OpenOrderIsAllowed(): Fractals M30: Maximum open and pending orders per type reached the limit (MaxOrdersPerType).
0	23:06:28.390	EA31337 EURUSD,M1: OpenOrderIsAllowed(): MACD M1: Maximum open and pending orders per type reached the limit (MaxOrdersPerType).
0	23:06:28.390	EA31337 EURUSD,M1: OpenOrderIsAllowed(): MACD M5: Maximum open and pending orders per type reached the limit (MaxOrdersPerType).
0	23:06:28.390	EA31337 EURUSD,M1: OpenOrderIsAllowed(): MACD M15: Maximum open and pending orders per type reached the limit (MaxOrdersPerType).
0	23:06:28.390	EA31337 EURUSD,M1: OpenOrderIsAllowed(): SAR M15: Maximum open and pending orders per type reached the limit (MaxOrdersPerType).
0	23:06:28.390	EA31337 EURUSD,M1: OpenOrderIsAllowed(): SAR M30: Maximum open and pending orders per type reached the limit (MaxOrdersPerType).
0	23:06:28.390	EA31337 EURUSD,M1: OpenOrderIsAllowed(): Fractals M5: Maximum open and pending orders per type reached the limit (MaxOrdersPerType).
0	23:07:55.937	EA31337 EURUSD,M1: OpenOrderIsAllowed(): Alligator M1: Maximum open and pending orders per type reached the limit (MaxOrdersPerType).
0	23:07:55.937	EA31337 EURUSD,M1: OpenOrderIsAllowed(): Alligator M5: Maximum open and pending orders per type reached the limit (MaxOrdersPerType).
0	23:07:56.234	EA31337 EURUSD,M1: OpenOrderIsAllowed(): Fractals M1: Maximum open and pending orders per type reached the limit (MaxOrdersPerType).
0	23:07:56.234	EA31337 EURUSD,M1: OpenOrderIsAllowed(): Fractals M30: Maximum open and pending orders per type reached the limit (MaxOrdersPerType).
0	23:07:56.578	EA31337 EURUSD,M1: OpenOrderIsAllowed(): MACD M1: Maximum open and pending orders per type reached the limit (MaxOrdersPerType).
0	23:07:56.578	EA31337 EURUSD,M1: OpenOrderIsAllowed(): MACD M5: Maximum open and pending orders per type reached the limit (MaxOrdersPerType).
0	23:07:56.578	EA31337 EURUSD,M1: OpenOrderIsAllowed(): MACD M15: Maximum open and pending orders per type reached the limit (MaxOrdersPerType).
0	23:07:57.031	EA31337 EURUSD,M1: OpenOrderIsAllowed(): SAR M15: Maximum open and pending orders per type reached the limit (MaxOrdersPerType).
0	23:07:57.109	EA31337 EURUSD,M1: OpenOrderIsAllowed(): SAR M30: Maximum open and pending orders per type reached the limit (MaxOrdersPerType).
0	23:07:57.234	EA31337 EURUSD,M1: OpenOrderIsAllowed(): Fractals M5: Maximum open and pending orders per type reached the limit (MaxOrdersPerType).
0	23:13:20.015	EA31337 EURUSD,M1: OpenOrderIsAllowed(): Alligator M1: Maximum open and pending orders per type reached the limit (MaxOrdersPerType).
0	23:13:20.015	EA31337 EURUSD,M1: OpenOrderIsAllowed(): Alligator M5: Maximum open and pending orders per type reached the limit (MaxOrdersPerType).
0	23:13:20.640	EA31337 EURUSD,M1: OpenOrderIsAllowed(): Fractals M30: Maximum open and pending orders per type reached the limit (MaxOrdersPerType).
0	23:13:20.890	EA31337 EURUSD,M1: OpenOrderIsAllowed(): MACD M1: Maximum open and pending orders per type reached the limit (MaxOrdersPerType).
0	23:13:20.890	EA31337 EURUSD,M1: OpenOrderIsAllowed(): MACD M5: Maximum open and pending orders per type reached the limit (MaxOrdersPerType).
0	23:13:20.890	EA31337 EURUSD,M1: OpenOrderIsAllowed(): MACD M15: Maximum open and pending orders per type reached the limit (MaxOrdersPerType).
0	23:13:21.109	EA31337 EURUSD,M1: OpenOrderIsAllowed(): SAR M15: Maximum open and pending orders per type reached the limit (MaxOrdersPerType).
0	23:13:21.109	EA31337 EURUSD,M1: OpenOrderIsAllowed(): SAR M30: Maximum open and pending orders per type reached the limit (MaxOrdersPerType).
0	23:13:21.140	EA31337 EURUSD,M1: OpenOrderIsAllowed(): WPR M1: Maximum open and pending orders per type reached the limit (MaxOrdersPerType).
0	23:13:21.156	EA31337 EURUSD,M1: OpenOrderIsAllowed(): Fractals M5: Maximum open and pending orders per type reached the limit (MaxOrdersPerType).
0	23:20:56.609	EA31337 EURUSD,M1: OpenOrderIsAllowed(): Alligator M5: Maximum open and pending orders per type reached the limit (MaxOrdersPerType).
0	23:20:56.797	EA31337 EURUSD,M1: OpenOrderIsAllowed(): Fractals M15: Maximum open and pending orders per type reached the limit (MaxOrdersPerType).
0	23:20:56.797	EA31337 EURUSD,M1: OpenOrderIsAllowed(): Fractals M30: Maximum open and pending orders per type reached the limit (MaxOrdersPerType).
0	23:20:56.953	EA31337 EURUSD,M1: OpenOrderIsAllowed(): MACD M1: Maximum open and pending orders per type reached the limit (MaxOrdersPerType).
0	23:20:56.953	EA31337 EURUSD,M1: OpenOrderIsAllowed(): MACD M5: Maximum open and pending orders per type reached the limit (MaxOrdersPerType).
0	23:20:56.953	EA31337 EURUSD,M1: OpenOrderIsAllowed(): MACD M15: Maximum open and pending orders per type reached the limit (MaxOrdersPerType).
0	23:20:57.188	EA31337 EURUSD,M1: OpenOrderIsAllowed(): SAR M15: Maximum open and pending orders per type reached the limit (MaxOrdersPerType).
0	23:20:57.188	EA31337 EURUSD,M1: OpenOrderIsAllowed(): SAR M30: Maximum open and pending orders per type reached the limit (MaxOrdersPerType).
0	23:20:57.219	EA31337 EURUSD,M1: OpenOrderIsAllowed(): WPR M1: Maximum open and pending orders per type reached the limit (MaxOrdersPerType).
0	23:20:57.250	EA31337 EURUSD,M1: OpenOrderIsAllowed(): Fractals M5: Maximum open and pending orders per type reached the limit (MaxOrdersPerType).
0	23:24:02.922	EA31337 EURUSD,M1: OpenOrderIsAllowed(): Alligator M5: Maximum open and pending orders per type reached the limit (MaxOrdersPerType).
0	23:24:03.031	EA31337 EURUSD,M1: OpenOrderIsAllowed(): DeMarker M1: Maximum open and pending orders per type reached the limit (MaxOrdersPerType).
0	23:24:03.047	EA31337 EURUSD,M1: OpenOrderIsAllowed(): Fractals M30: Maximum open and pending orders per type reached the limit (MaxOrdersPerType).
0	23:24:03.375	EA31337 EURUSD,M1: OpenOrderIsAllowed(): MACD M1: Maximum open and pending orders per type reached the limit (MaxOrdersPerType).
0	23:24:03.375	EA31337 EURUSD,M1: OpenOrderIsAllowed(): MACD M5: Maximum open and pending orders per type reached the limit (MaxOrdersPerType).
0	23:24:03.375	EA31337 EURUSD,M1: OpenOrderIsAllowed(): MACD M15: Maximum open and pending orders per type reached the limit (MaxOrdersPerType).
0	23:24:03.516	EA31337 EURUSD,M1: OpenOrderIsAllowed(): SAR M15: Maximum open and pending orders per type reached the limit (MaxOrdersPerType).
0	23:24:03.516	EA31337 EURUSD,M1: OpenOrderIsAllowed(): SAR M30: Maximum open and pending orders per type reached the limit (MaxOrdersPerType).
0	23:24:03.547	EA31337 EURUSD,M1: OpenOrderIsAllowed(): WPR M1: Maximum open and pending orders per type reached the limit (MaxOrdersPerType).
0	23:24:03.547	EA31337 EURUSD,M1: OpenOrderIsAllowed(): Fractals M5: Maximum open and pending orders per type reached the limit (MaxOrdersPerType).
0	23:36:00.985	EA31337 EURUSD,M1: OpenOrderIsAllowed(): Alligator M1: Maximum open and pending orders per type reached the limit (MaxOrdersPerType).
0	23:36:00.985	EA31337 EURUSD,M1: OpenOrderIsAllowed(): Alligator M5: Maximum open and pending orders per type reached the limit (MaxOrdersPerType).
0	23:36:01.063	EA31337 EURUSD,M1: OpenOrderIsAllowed(): DeMarker M1: Maximum open and pending orders per type reached the limit (MaxOrdersPerType).
0	23:36:01.235	EA31337 EURUSD,M1: OpenOrderIsAllowed(): MA M5: Maximum open and pending orders per type reached the limit (MaxOrdersPerType).
0	23:36:01.251	EA31337 EURUSD,M1: OpenOrderIsAllowed(): MACD M1: Maximum open and pending orders per type reached the limit (MaxOrdersPerType).
0	23:36:01.251	EA31337 EURUSD,M1: OpenOrderIsAllowed(): MACD M5: Maximum open and pending orders per type reached the limit (MaxOrdersPerType).
0	23:36:01.251	EA31337 EURUSD,M1: OpenOrderIsAllowed(): MACD M15: Maximum open and pending orders per type reached the limit (MaxOrdersPerType).
0	23:36:01.407	EA31337 EURUSD,M1: OpenOrderIsAllowed(): RSI M1: Maximum open and pending orders per type reached the limit (MaxOrdersPerType).
0	23:36:01.454	EA31337 EURUSD,M1: OpenOrderIsAllowed(): SAR M15: Maximum open and pending orders per type reached the limit (MaxOrdersPerType).
0	23:36:01.454	EA31337 EURUSD,M1: OpenOrderIsAllowed(): SAR M30: Maximum open and pending orders per type reached the limit (MaxOrdersPerType).
0	23:36:01.485	EA31337 EURUSD,M1: OpenOrderIsAllowed(): WPR M1: Maximum open and pending orders per type reached the limit (MaxOrdersPerType).
0	23:36:01.485	EA31337 EURUSD,M1: OpenOrderIsAllowed(): WPR M5: Maximum open and pending orders per type reached the limit (MaxOrdersPerType).
0	23:36:01.500	EA31337 EURUSD,M1: OpenOrderIsAllowed(): Fractals M5: Maximum open and pending orders per type reached the limit (MaxOrdersPerType).
2	23:36:01.797	EA31337 EURUSD,M1: modify #7173402 buy 0.01 EURUSD at 1.11924 sl: 1.11497 tp: 1.12184 ok
0	23:37:26.251	EA31337 EURUSD,M1: OpenOrderIsAllowed(): Alligator M1: Maximum open and pending orders per type reached the limit (MaxOrdersPerType).
0	23:37:26.266	EA31337 EURUSD,M1: OpenOrderIsAllowed(): Alligator M5: Maximum open and pending orders per type reached the limit (MaxOrdersPerType).
0	23:37:26.594	EA31337 EURUSD,M1: OpenOrderIsAllowed(): MA M5: Maximum open and pending orders per type reached the limit (MaxOrdersPerType).
0	23:37:26.594	EA31337 EURUSD,M1: OpenOrderIsAllowed(): MACD M1: Maximum open and pending orders per type reached the limit (MaxOrdersPerType).
0	23:37:26.594	EA31337 EURUSD,M1: OpenOrderIsAllowed(): MACD M5: Maximum open and pending orders per type reached the limit (MaxOrdersPerType).
0	23:37:26.594	EA31337 EURUSD,M1: OpenOrderIsAllowed(): MACD M15: Maximum open and pending orders per type reached the limit (MaxOrdersPerType).
0	23:37:26.797	EA31337 EURUSD,M1: OpenOrderIsAllowed(): SAR M15: Maximum open and pending orders per type reached the limit (MaxOrdersPerType).
0	23:37:26.797	EA31337 EURUSD,M1: OpenOrderIsAllowed(): SAR M30: Maximum open and pending orders per type reached the limit (MaxOrdersPerType).
0	23:37:26.829	EA31337 EURUSD,M1: OpenOrderIsAllowed(): Fractals M5: Maximum open and pending orders per type reached the limit (MaxOrdersPerType).
0	23:41:04.079	EA31337 EURUSD,M1: OpenOrderIsAllowed(): Alligator M1: Maximum open and pending orders per type reached the limit (MaxOrdersPerType).
0	23:41:04.079	EA31337 EURUSD,M1: OpenOrderIsAllowed(): Alligator M5: Maximum open and pending orders per type reached the limit (MaxOrdersPerType).
0	23:41:04.688	EA31337 EURUSD,M1: OpenOrderIsAllowed(): MA M1: Maximum open and pending orders per type reached the limit (MaxOrdersPerType).
0	23:41:04.688	EA31337 EURUSD,M1: OpenOrderIsAllowed(): MA M5: Maximum open and pending orders per type reached the limit (MaxOrdersPerType).
0	23:41:04.688	EA31337 EURUSD,M1: OpenOrderIsAllowed(): MACD M1: Maximum open and pending orders per type reached the limit (MaxOrdersPerType).
0	23:41:04.688	EA31337 EURUSD,M1: OpenOrderIsAllowed(): MACD M5: Maximum open and pending orders per type reached the limit (MaxOrdersPerType).
0	23:41:04.688	EA31337 EURUSD,M1: OpenOrderIsAllowed(): MACD M15: Maximum open and pending orders per type reached the limit (MaxOrdersPerType).
0	23:41:04.891	EA31337 EURUSD,M1: OpenOrderIsAllowed(): SAR M1: Maximum open and pending orders per type reached the limit (MaxOrdersPerType).
0	23:41:04.891	EA31337 EURUSD,M1: OpenOrderIsAllowed(): SAR M15: Maximum open and pending orders per type reached the limit (MaxOrdersPerType).
0	23:41:04.891	EA31337 EURUSD,M1: OpenOrderIsAllowed(): SAR M30: Maximum open and pending orders per type reached the limit (MaxOrdersPerType).
0	23:41:04.969	EA31337 EURUSD,M1: OpenOrderIsAllowed(): Fractals M5: Maximum open and pending orders per type reached the limit (MaxOrdersPerType).
0	23:55:51.860	EA31337 EURUSD,M1: OpenOrderIsAllowed(): Alligator M1: Maximum open and pending orders per type reached the limit (MaxOrdersPerType).
0	23:55:52.329	EA31337 EURUSD,M1: OpenOrderIsAllowed(): MA M5: Maximum open and pending orders per type reached the limit (MaxOrdersPerType).
0	23:55:52.329	EA31337 EURUSD,M1: OpenOrderIsAllowed(): MA M15: Maximum open and pending orders per type reached the limit (MaxOrdersPerType).
0	23:55:52.329	EA31337 EURUSD,M1: OpenOrderIsAllowed(): MACD M1: Maximum open and pending orders per type reached the limit (MaxOrdersPerType).
0	23:55:52.329	EA31337 EURUSD,M1: OpenOrderIsAllowed(): MACD M5: Maximum open and pending orders per type reached the limit (MaxOrdersPerType).
0	23:55:52.329	EA31337 EURUSD,M1: OpenOrderIsAllowed(): MACD M15: Maximum open and pending orders per type reached the limit (MaxOrdersPerType).
0	23:55:52.564	EA31337 EURUSD,M1: OpenOrderIsAllowed(): SAR M15: Maximum open and pending orders per type reached the limit (MaxOrdersPerType).
0	23:55:52.564	EA31337 EURUSD,M1: OpenOrderIsAllowed(): SAR M30: Maximum open and pending orders per type reached the limit (MaxOrdersPerType).
0	23:55:52.595	EA31337 EURUSD,M1: OpenOrderIsAllowed(): WPR M1: Maximum open and pending orders per type reached the limit (MaxOrdersPerType).
0	23:55:52.610	EA31337 EURUSD,M1: OpenOrderIsAllowed(): WPR M5: Maximum open and pending orders per type reached the limit (MaxOrdersPerType).
0	23:55:52.626	EA31337 EURUSD,M1: OpenOrderIsAllowed(): Fractals M5: Maximum open and pending orders per type reached the limit (MaxOrdersPerType).
0	23:56:35.642	EA31337 EURUSD,M1: OpenOrderIsAllowed(): Alligator M1: Maximum open and pending orders per type reached the limit (MaxOrdersPerType).
0	23:56:35.642	EA31337 EURUSD,M1: OpenOrderIsAllowed(): MA M5: Maximum open and pending orders per type reached the limit (MaxOrdersPerType).
0	23:56:35.642	EA31337 EURUSD,M1: OpenOrderIsAllowed(): MA M15: Maximum open and pending orders per type reached the limit (MaxOrdersPerType).
0	23:56:35.642	EA31337 EURUSD,M1: OpenOrderIsAllowed(): MACD M1: Maximum open and pending orders per type reached the limit (MaxOrdersPerType).
0	23:56:35.642	EA31337 EURUSD,M1: OpenOrderIsAllowed(): MACD M5: Maximum open and pending orders per type reached the limit (MaxOrdersPerType).
0	23:56:35.642	EA31337 EURUSD,M1: OpenOrderIsAllowed(): MACD M15: Maximum open and pending orders per type reached the limit (MaxOrdersPerType).
0	23:56:35.642	EA31337 EURUSD,M1: OpenOrderIsAllowed(): SAR M15: Maximum open and pending orders per type reached the limit (MaxOrdersPerType).
0	23:56:35.642	EA31337 EURUSD,M1: OpenOrderIsAllowed(): SAR M30: Maximum open and pending orders per type reached the limit (MaxOrdersPerType).
0	23:56:35.642	EA31337 EURUSD,M1: OpenOrderIsAllowed(): WPR M5: Maximum open and pending orders per type reached the limit (MaxOrdersPerType).
0	23:56:35.642	EA31337 EURUSD,M1: OpenOrderIsAllowed(): Fractals M5: Maximum open and pending orders per type reached the limit (MaxOrdersPerType).
0	23:57:12.798	EA31337 EURUSD,M1: OpenOrderIsAllowed(): Alligator M1: Maximum open and pending orders per type reached the limit (MaxOrdersPerType).
0	23:57:12.814	EA31337 EURUSD,M1: OpenOrderIsAllowed(): MA M5: Maximum open and pending orders per type reached the limit (MaxOrdersPerType).
0	23:57:12.814	EA31337 EURUSD,M1: OpenOrderIsAllowed(): MA M15: Maximum open and pending orders per type reached the limit (MaxOrdersPerType).
0	23:57:12.814	EA31337 EURUSD,M1: OpenOrderIsAllowed(): MACD M1: Maximum open and pending orders per type reached the limit (MaxOrdersPerType).
0	23:57:12.814	EA31337 EURUSD,M1: OpenOrderIsAllowed(): MACD M5: Maximum open and pending orders per type reached the limit (MaxOrdersPerType).
0	23:57:12.814	EA31337 EURUSD,M1: OpenOrderIsAllowed(): MACD M15: Maximum open and pending orders per type reached the limit (MaxOrdersPerType).
0	23:57:12.814	EA31337 EURUSD,M1: OpenOrderIsAllowed(): RSI M1: Maximum open and pending orders per type reached the limit (MaxOrdersPerType).
0	23:57:12.814	EA31337 EURUSD,M1: OpenOrderIsAllowed(): SAR M15: Maximum open and pending orders per type reached the limit (MaxOrdersPerType).
0	23:57:12.814	EA31337 EURUSD,M1: OpenOrderIsAllowed(): SAR M30: Maximum open and pending orders per type reached the limit (MaxOrdersPerType).
0	23:57:12.814	EA31337 EURUSD,M1: OpenOrderIsAllowed(): WPR M1: Maximum open and pending orders per type reached the limit (MaxOrdersPerType).
0	23:57:12.814	EA31337 EURUSD,M1: OpenOrderIsAllowed(): WPR M5: Maximum open and pending orders per type reached the limit (MaxOrdersPerType).
0	23:57:12.814	EA31337 EURUSD,M1: OpenOrderIsAllowed(): Fractals M5: Maximum open and pending orders per type reached the limit (MaxOrdersPerType).
