0	00:00:24.703	EA31337 EURUSD,M1: == New hour: 0
0	00:00:24.898	EA31337 EURUSD,M1: == New day (day of month: 19; day of year: 19) ==
0	00:00:24.898	EA31337 EURUSD,M1: Daily max: Tick: 4.8; Spread: 83; Max orders: 1; Loss: 0; Profit: 0; Equity: 30.27; Balance: 26; 
0	00:00:24.967	EA31337 EURUSD,M1: Daily SAR stats: Period: 0, Buy: 150 / Sell: 109; Period: 1, Buy: 81 / Sell: 83; Period: 2, Buy: 93 / Sell: 166; Period: 3, Buy: 75 / Sell: 184; Period: 4, Buy: 0 / Sell: 0; Period: 5, Buy: 0 / Sell: 0; Period: 6, Buy: 0 / Sell: 0; Period: 7, Buy: 0 / Sell: 0; Period: 8, Buy: 0 / Sell: 0; 
0	00:00:24.967	EA31337 EURUSD,M1: Daily strategy stats: 
0	01:00:54.331	EA31337 EURUSD,M1: == New hour: 1
0	02:05:50.630	EA31337 EURUSD,M1: == New hour: 2
0	03:01:12.267	EA31337 EURUSD,M1: == New hour: 3
0	04:02:56.327	EA31337 EURUSD,M1: == New hour: 4
0	05:03:42.278	EA31337 EURUSD,M1: == New hour: 5
0	05:59:49.056	EA31337 EURUSD,M1: OpenOrderIsAllowed(): Maximum open and pending orders reached the limit (MaxOrders).
0	06:02:40.878	EA31337 EURUSD,M1: == New hour: 6
0	07:04:25.779	EA31337 EURUSD,M1: == New hour: 7
0	08:03:26.530	EA31337 EURUSD,M1: == New hour: 8
0	09:04:19.437	EA31337 EURUSD,M1: == New hour: 9
0	10:00:47.911	EA31337 EURUSD,M1: == New hour: 10
0	11:02:56.813	EA31337 EURUSD,M1: == New hour: 11
0	12:00:34.768	EA31337 EURUSD,M1: == New hour: 12
0	13:07:11.124	EA31337 EURUSD,M1: == New hour: 13
0	14:06:39.670	EA31337 EURUSD,M1: == New hour: 14
0	15:07:06.213	EA31337 EURUSD,M1: == New hour: 15
0	16:02:30.184	EA31337 EURUSD,M1: == New hour: 16
0	17:06:39.169	EA31337 EURUSD,M1: == New hour: 17
0	18:00:32.124	EA31337 EURUSD,M1: == New hour: 18
0	19:00:58.354	EA31337 EURUSD,M1: == New hour: 19
0	20:05:25.262	EA31337 EURUSD,M1: == New hour: 20
0	21:01:27.565	EA31337 EURUSD,M1: == New hour: 21
0	22:00:58.513	EA31337 EURUSD,M1: == New hour: 22
0	22:24:22.898	EA31337 EURUSD,M1: OpenOrderIsAllowed(): Maximum open and pending orders reached the limit (MaxOrders).
0	22:48:52.721	EA31337 EURUSD,M1: OpenOrderIsAllowed(): Maximum open and pending orders reached the limit (MaxOrders).
0	23:11:59.304	EA31337 EURUSD,M1: == New hour: 23
