0	00:06:34.734	EA31337 EURUSD,M1: == New hour: 0
0	00:06:34.832	EA31337 EURUSD,M1: == New day (day of month: 11; day of year: 42) ==
0	00:06:34.832	EA31337 EURUSD,M1: Daily max: Tick: 12.9; Spread: 0; Max orders: 0; Loss: 0; Profit: 0; Equity: 16.07; Balance: 16.07; 
0	00:06:34.864	EA31337 EURUSD,M1: Daily SAR stats: Period: 0, Buy: 161 / Sell: 137; Period: 1, Buy: 96 / Sell: 104; Period: 2, Buy: 139 / Sell: 159; Period: 3, Buy: 148 / Sell: 150; Period: 4, Buy: 0 / Sell: 0; Period: 5, Buy: 0 / Sell: 0; Period: 6, Buy: 0 / Sell: 0; Period: 7, Buy: 0 / Sell: 0; Period: 8, Buy: 0 / Sell: 0; 
0	00:06:34.864	EA31337 EURUSD,M1: Daily strategy stats: 
0	01:04:09.684	EA31337 EURUSD,M1: == New hour: 1
0	02:02:53.445	EA31337 EURUSD,M1: == New hour: 2
0	03:02:20.890	EA31337 EURUSD,M1: == New hour: 3
0	04:02:21.875	EA31337 EURUSD,M1: == New hour: 4
0	05:01:25.118	EA31337 EURUSD,M1: == New hour: 5
0	06:06:34.619	EA31337 EURUSD,M1: == New hour: 6
0	07:01:11.771	EA31337 EURUSD,M1: == New hour: 7
0	08:05:38.706	EA31337 EURUSD,M1: == New hour: 8
0	09:00:44.076	EA31337 EURUSD,M1: == New hour: 9
0	09:19:59.640	EA31337 EURUSD,M1: OpenOrderIsAllowed(): Maximum open and pending orders reached the limit (MaxOrders).
0	10:02:19.141	EA31337 EURUSD,M1: == New hour: 10
0	11:05:48.126	EA31337 EURUSD,M1: == New hour: 11
0	12:02:58.598	EA31337 EURUSD,M1: == New hour: 12
0	13:10:49.438	EA31337 EURUSD,M1: == New hour: 13
0	14:04:53.895	EA31337 EURUSD,M1: == New hour: 14
0	15:04:19.734	EA31337 EURUSD,M1: == New hour: 15
0	16:02:42.397	EA31337 EURUSD,M1: == New hour: 16
0	17:06:47.597	EA31337 EURUSD,M1: == New hour: 17
0	18:01:32.708	EA31337 EURUSD,M1: == New hour: 18
0	19:03:39.245	EA31337 EURUSD,M1: == New hour: 19
0	19:44:14.016	EA31337 EURUSD,M1: UpdateStats(): Market sudden drop of -21.4 pips detected!
0	20:01:11.769	EA31337 EURUSD,M1: == New hour: 20
0	21:04:59.402	EA31337 EURUSD,M1: == New hour: 21
0	22:01:44.424	EA31337 EURUSD,M1: == New hour: 22
0	22:14:17.573	EA31337 EURUSD,M1: OpenOrderIsAllowed(): Maximum open and pending orders reached the limit (MaxOrders).
0	23:09:48.103	EA31337 EURUSD,M1: == New hour: 23
