0	00:00:19.913	EA31337 EURUSD,M1: == New hour: 0
0	00:00:20.131	EA31337 EURUSD,M1: == New day (day of month: 18; day of year: 18) ==
0	00:00:20.131	EA31337 EURUSD,M1: Daily max: Tick: 5.8; Spread: 87; Max orders: 1; Loss: 0; Profit: 0; Equity: 30.45; Balance: 26; 
0	00:00:20.147	EA31337 EURUSD,M1: Daily SAR stats: Period: 0, Buy: 40 / Sell: 34; Period: 1, Buy: 37 / Sell: 22; Period: 2, Buy: 14 / Sell: 60; Period: 3, Buy: 0 / Sell: 74; Period: 4, Buy: 0 / Sell: 0; Period: 5, Buy: 0 / Sell: 0; Period: 6, Buy: 0 / Sell: 0; Period: 7, Buy: 0 / Sell: 0; Period: 8, Buy: 0 / Sell: 0; 
0	00:00:20.147	EA31337 EURUSD,M1: Daily strategy stats: 
0	01:07:26.962	EA31337 EURUSD,M1: == New hour: 1
0	02:00:23.479	EA31337 EURUSD,M1: == New hour: 2
0	03:06:26.809	EA31337 EURUSD,M1: == New hour: 3
0	04:10:54.463	EA31337 EURUSD,M1: == New hour: 4
0	05:01:28.181	EA31337 EURUSD,M1: == New hour: 5
0	06:00:21.784	EA31337 EURUSD,M1: == New hour: 6
0	07:07:44.762	EA31337 EURUSD,M1: == New hour: 7
0	08:04:11.682	EA31337 EURUSD,M1: == New hour: 8
0	09:03:28.789	EA31337 EURUSD,M1: == New hour: 9
0	10:00:25.962	EA31337 EURUSD,M1: == New hour: 10
0	11:02:43.558	EA31337 EURUSD,M1: == New hour: 11
0	12:01:12.982	EA31337 EURUSD,M1: == New hour: 12
0	13:01:57.375	EA31337 EURUSD,M1: == New hour: 13
0	14:03:11.454	EA31337 EURUSD,M1: == New hour: 14
0	15:09:56.392	EA31337 EURUSD,M1: == New hour: 15
0	16:04:39.224	EA31337 EURUSD,M1: == New hour: 16
0	17:00:38.462	EA31337 EURUSD,M1: == New hour: 17
0	18:11:53.886	EA31337 EURUSD,M1: == New hour: 18
0	19:06:12.664	EA31337 EURUSD,M1: == New hour: 19
0	20:01:28.624	EA31337 EURUSD,M1: == New hour: 20
0	21:11:50.558	EA31337 EURUSD,M1: == New hour: 21
0	22:00:48.792	EA31337 EURUSD,M1: == New hour: 22
0	22:00:50.456	EA31337 EURUSD,M1: OpenOrderIsAllowed(): Maximum open and pending orders reached the limit (MaxOrders).
0	22:00:56.415	EA31337 EURUSD,M1: OpenOrderIsAllowed(): Maximum open and pending orders reached the limit (MaxOrders).
0	22:00:56.415	EA31337 EURUSD,M1: OpenOrderIsAllowed(): Maximum open and pending orders reached the limit (MaxOrders).
0	22:00:56.415	EA31337 EURUSD,M1: OpenOrderIsAllowed(): Maximum open and pending orders reached the limit (MaxOrders).
0	22:00:56.415	EA31337 EURUSD,M1: OpenOrderIsAllowed(): Maximum open and pending orders reached the limit (MaxOrders).
0	22:00:56.415	EA31337 EURUSD,M1: OpenOrderIsAllowed(): Maximum open and pending orders reached the limit (MaxOrders).
0	22:00:56.415	EA31337 EURUSD,M1: OpenOrderIsAllowed(): Maximum open and pending orders reached the limit (MaxOrders).
0	22:00:56.415	EA31337 EURUSD,M1: OpenOrderIsAllowed(): Maximum open and pending orders reached the limit (MaxOrders).
0	22:00:56.415	EA31337 EURUSD,M1: OpenOrderIsAllowed(): Maximum open and pending orders reached the limit (MaxOrders).
0	22:00:56.415	EA31337 EURUSD,M1: OpenOrderIsAllowed(): Maximum open and pending orders reached the limit (MaxOrders).
0	22:05:20.628	EA31337 EURUSD,M1: OpenOrderIsAllowed(): Maximum open and pending orders reached the limit (MaxOrders).
0	23:00:30.002	EA31337 EURUSD,M1: == New hour: 23
