0	00:03:02.986	EA31337 EURUSD,M1: == New hour: 0
0	00:03:03.051	EA31337 EURUSD,M1: == New day (day of month: 3; day of year: 34) ==
0	00:03:03.051	EA31337 EURUSD,M1: Daily max: Tick: 4.6; Spread: 34; Max orders: 1; Loss: 0; Profit: 0; Equity: 23.59; Balance: 18; 
0	00:03:03.083	EA31337 EURUSD,M1: Daily SAR stats: Period: 0, Buy: 167 / Sell: 107; Period: 1, Buy: 86 / Sell: 88; Period: 2, Buy: 179 / Sell: 95; Period: 3, Buy: 135 / Sell: 139; Period: 4, Buy: 0 / Sell: 0; Period: 5, Buy: 0 / Sell: 0; Period: 6, Buy: 0 / Sell: 0; Period: 7, Buy: 0 / Sell: 0; Period: 8, Buy: 0 / Sell: 0; 
0	00:03:03.083	EA31337 EURUSD,M1: Daily strategy stats: 
0	01:00:14.140	EA31337 EURUSD,M1: == New hour: 1
0	02:04:15.799	EA31337 EURUSD,M1: == New hour: 2
0	03:03:33.173	EA31337 EURUSD,M1: == New hour: 3
0	04:03:27.357	EA31337 EURUSD,M1: == New hour: 4
0	05:02:31.432	EA31337 EURUSD,M1: == New hour: 5
0	06:01:08.190	EA31337 EURUSD,M1: == New hour: 6
0	07:00:22.687	EA31337 EURUSD,M1: == New hour: 7
0	08:03:50.169	EA31337 EURUSD,M1: == New hour: 8
0	09:00:27.451	EA31337 EURUSD,M1: == New hour: 9
0	10:03:23.576	EA31337 EURUSD,M1: == New hour: 10
0	11:02:36.305	EA31337 EURUSD,M1: == New hour: 11
0	12:03:19.146	EA31337 EURUSD,M1: == New hour: 12
0	13:05:52.223	EA31337 EURUSD,M1: == New hour: 13
2	13:22:56.055	EA31337 EURUSD,M1: modify #8227572 buy 0.01 EURUSD at 1.08558 sl: 1.08128 tp: 1.09902 ok
2	13:30:38.029	EA31337 EURUSD,M1: modify #8227572 buy 0.01 EURUSD at 1.08558 sl: 1.08128 tp: 1.10073 ok
0	14:00:48.823	EA31337 EURUSD,M1: == New hour: 14
2	14:13:18.359	EA31337 EURUSD,M1: modify #8227572 buy 0.01 EURUSD at 1.08558 sl: 1.08128 tp: 1.10100 ok
2	14:19:40.969	EA31337 EURUSD,M1: modify #8227572 buy 0.01 EURUSD at 1.08558 sl: 1.08128 tp: 1.10151 ok
2	14:27:23.745	EA31337 EURUSD,M1: modify #8227572 buy 0.01 EURUSD at 1.08558 sl: 1.08128 tp: 1.10183 ok
2	14:51:09.022	EA31337 EURUSD,M1: modify #8227572 buy 0.01 EURUSD at 1.08558 sl: 1.08128 tp: 1.10248 ok
2	14:55:09.506	EA31337 EURUSD,M1: modify #8227572 buy 0.01 EURUSD at 1.08558 sl: 1.08128 tp: 1.10369 ok
0	15:05:45.246	EA31337 EURUSD,M1: == New hour: 15
0	15:06:46.959	EA31337 EURUSD,M1: ExecuteOrder(): MarketInfo: Symbol: EURUSD; Ask: 1.10208; Bid: 1.10183; Spread: 25 points = 2.5 pips; 
0	15:06:48.807	EA31337 EURUSD,M1: ExecuteOrder(): OrderSend(): error = invalid price
0	15:06:48.807	EA31337 EURUSD,M1: Error: OrderSend(EURUSD, 0, 0.010000, 1.102080, 50.000000, 1.097830, 1.106080, | spread: 2.7, 31363, 0, 0)
0	15:06:48.840	EA31337 EURUSD,M1: ExecuteOrder(): Account Details: Time: 2016.02.03 15:05:35; Account Balance: ý30.39; Account Equity: ý30.39; Used Margin: ý0.00; Free Margin: ý30.39; No of Orders: 0 (BUY/SELL: 0/0); Risk Ratio: 1.0
0	15:06:48.970	EA31337 EURUSD,M1: ExecuteOrder(): MarketInfo: Symbol: EURUSD; Ask: 1.10208; Bid: 1.10183; Spread: 28 points = 2.5 pips; 
0	15:06:48.970	EA31337 EURUSD,M1: #8227572 2016.02.01 08:06:00 buy 0.01 EURUSD 1.08558 1.08128 1.10369 1.09952 0.00 0.00 9.58 | spread: 2.7 31363
0	15:07:08.777	EA31337 EURUSD,M1: ExecuteOrder(): MarketInfo: Symbol: EURUSD; Ask: 1.10240; Bid: 1.10212; Spread: 28 points = 2.8 pips; 
2	15:07:09.625	EA31337 EURUSD,M1: open #8258011 buy 0.01 EURUSD at 1.10242 sl: 1.09812 tp: 1.10640 ok
0	15:07:09.625	EA31337 EURUSD,M1: #8258011 2016.02.03 15:06:59 buy 0.01 EURUSD 1.10242 1.09812 1.10640 1.10216 0.00 0.00 -0.18 | spread: 2.7 31364
0	15:07:09.625	EA31337 EURUSD,M1: ExecuteOrder(): Order Details: Ticket: 8258011; Time: 2016.02.03 15:05:35; Comment: | spread: 2.7; Commision: 0; Symbol: EURUSD; Type: Buy; Expiration: 0; Open Price: 1.10242; Close Price: 1.10216; Take Profit: -0.18; Stop Loss: 1.0981; Swap: 0; Lot size: 0.01; Account Details: Time: 2016.02.03 15:05:35; Account Balance: ý30.39; Account Equity: ý30.21; Used Margin: ý9.00; Free Margin: ý21.21; No of Orders: 1 (BUY/SELL: 1/0); Risk Ratio: 1.0
0	15:09:35.047	EA31337 EURUSD,M1: OpenOrderIsAllowed(): Maximum open and pending orders reached the limit (MaxOrders).
2	15:10:34.751	EA31337 EURUSD,M1: modify #8258011 buy 0.01 EURUSD at 1.10242 sl: 1.09812 tp: 1.10732 ok
0	15:10:34.783	EA31337 EURUSD,M1: TaskProcessList(): Processed 1 jobs (0 run, 1 failed (0 removed)).
2	15:12:53.521	EA31337 EURUSD,M1: modify #8258011 buy 0.01 EURUSD at 1.10242 sl: 1.09812 tp: 1.10786 ok
0	15:12:53.521	EA31337 EURUSD,M1: TaskProcessList(): Processed 1 jobs (0 run, 1 failed (0 removed)).
0	15:21:09.486	EA31337 EURUSD,M1: TaskProcessList(): Processed 1 jobs (0 run, 1 failed (0 removed)).
0	15:25:58.377	EA31337 EURUSD,M1: TaskProcessList(): Processed 1 jobs (0 run, 1 failed (0 removed)).
0	15:27:21.382	EA31337 EURUSD,M1: OpenOrderIsAllowed(): Maximum open and pending orders reached the limit (MaxOrders).
2	15:30:01.786	EA31337 EURUSD,M1: modify #8258011 buy 0.01 EURUSD at 1.10242 sl: 1.09812 tp: 1.10892 ok
0	15:30:09.853	EA31337 EURUSD,M1: TaskProcessList(): Processed 1 jobs (0 run, 1 failed (0 removed)).
2	15:39:17.301	EA31337 EURUSD,M1: modify #8258011 buy 0.01 EURUSD at 1.10242 sl: 1.09812 tp: 1.11003 ok
0	15:39:17.301	EA31337 EURUSD,M1: TaskProcessList(): Processed 1 jobs (0 run, 1 failed (1 removed)).
2	16:04:15.603	EA31337 EURUSD,M1: modify #8258011 buy 0.01 EURUSD at 1.10242 sl: 1.09812 tp: 1.11010 ok
0	16:04:29.768	EA31337 EURUSD,M1: == New hour: 16
2	16:11:52.577	EA31337 EURUSD,M1: modify #8258011 buy 0.01 EURUSD at 1.10242 sl: 1.09812 tp: 1.11131 ok
0	17:08:03.313	EA31337 EURUSD,M1: == New hour: 17
0	18:02:22.324	EA31337 EURUSD,M1: == New hour: 18
0	18:12:23.810	EA31337 EURUSD,M1: ExecuteOrder(): MarketInfo: Symbol: EURUSD; Ask: 1.10990; Bid: 1.10962; Spread: 28 points = 2.8 pips; 
0	18:12:25.954	EA31337 EURUSD,M1: ExecuteOrder(): OrderSend(): error = invalid price
0	18:12:25.954	EA31337 EURUSD,M1: Error: OrderSend(EURUSD, 0, 0.010000, 1.109900, 50.000000, 1.105620, 1.113900, | spread: 2.8, 31364, 0, 0)
0	18:12:26.084	EA31337 EURUSD,M1: ExecuteOrder(): Account Details: Time: 2016.02.03 18:11:53; Account Balance: ý36.48; Account Equity: ý36.48; Used Margin: ý0.00; Free Margin: ý36.48; No of Orders: 0 (BUY/SELL: 0/0); Risk Ratio: 0.8
0	18:12:26.084	EA31337 EURUSD,M1: ExecuteOrder(): MarketInfo: Symbol: EURUSD; Ask: 1.10990; Bid: 1.10962; Spread: 28 points = 2.8 pips; 
0	18:12:26.084	EA31337 EURUSD,M1: #8258011 2016.02.03 15:06:59 buy 0.01 EURUSD 1.10242 1.09812 1.11131 1.10699 0.00 0.00 3.14 | spread: 2.7 31364
0	18:13:21.714	EA31337 EURUSD,M1: ExecuteOrder(): MarketInfo: Symbol: EURUSD; Ask: 1.11005; Bid: 1.10977; Spread: 28 points = 2.8 pips; 
2	18:13:23.658	EA31337 EURUSD,M1: open #8260896 sell 0.01 EURUSD at 1.10948 sl: 1.11405 tp: 1.10577 ok
0	18:13:23.690	EA31337 EURUSD,M1: #8260896 2016.02.03 18:13:12 sell 0.01 EURUSD 1.10948 1.11405 1.10577 1.10974 0.00 0.00 -0.18 | spread: 2.8 31381
0	18:13:23.690	EA31337 EURUSD,M1: ExecuteOrder(): Order Details: Ticket: 8260896; Time: 2016.02.03 18:11:53; Comment: | spread: 2.8; Commision: 0; Symbol: EURUSD; Type: Sell; Expiration: 0; Open Price: 1.10948; Close Price: 1.10974; Take Profit: -0.18; Stop Loss: 1.1141; Swap: 0; Lot size: 0.01; Account Details: Time: 2016.02.03 18:11:53; Account Balance: ý36.48; Account Equity: ý36.30; Used Margin: ý9.00; Free Margin: ý27.30; No of Orders: 1 (BUY/SELL: 0/1); Risk Ratio: 0.8
0	18:14:32.562	EA31337 EURUSD,M1: OpenOrderIsAllowed(): Maximum open and pending orders reached the limit (MaxOrders).
2	18:18:25.871	EA31337 EURUSD,M1: modify #8260896 sell 0.01 EURUSD at 1.10948 sl: 1.11405 tp: 1.10552 ok
0	18:18:25.871	EA31337 EURUSD,M1: TaskProcessList(): Processed 1 jobs (0 run, 1 failed (0 removed)).
0	18:25:05.368	EA31337 EURUSD,M1: TaskProcessList(): Processed 1 jobs (0 run, 1 failed (0 removed)).
0	18:31:09.262	EA31337 EURUSD,M1: TaskProcessList(): Processed 1 jobs (0 run, 1 failed (0 removed)).
0	18:36:14.209	EA31337 EURUSD,M1: TaskProcessList(): Processed 1 jobs (0 run, 1 failed (0 removed)).
0	18:42:04.658	EA31337 EURUSD,M1: TaskProcessList(): Processed 1 jobs (0 run, 1 failed (0 removed)).
0	18:47:12.831	EA31337 EURUSD,M1: TaskProcessList(): Processed 1 jobs (0 run, 1 failed (1 removed)).
0	19:03:25.341	EA31337 EURUSD,M1: == New hour: 19
0	19:04:52.958	EA31337 EURUSD,M1: ExecuteOrder(): MarketInfo: Symbol: EURUSD; Ask: 1.11360; Bid: 1.11332; Spread: 28 points = 2.8 pips; 
0	19:05:14.554	EA31337 EURUSD,M1: ExecuteOrder(): OrderSend(): error = invalid price
0	19:05:14.554	EA31337 EURUSD,M1: Error: OrderSend(EURUSD, 0, 0.010000, 1.113600, 50.000000, 1.109320, 1.114650, | spread: 3.0, 31349, 0, 0)
0	19:05:14.554	EA31337 EURUSD,M1: ExecuteOrder(): Account Details: Time: 2016.02.03 19:03:15; Account Balance: ý33.36; Account Equity: ý33.36; Used Margin: ý0.00; Free Margin: ý33.36; No of Orders: 0 (BUY/SELL: 0/0); Risk Ratio: 1.0
0	19:05:14.554	EA31337 EURUSD,M1: ExecuteOrder(): MarketInfo: Symbol: EURUSD; Ask: 1.11360; Bid: 1.11332; Spread: 28 points = 2.8 pips; 
0	19:05:14.554	EA31337 EURUSD,M1: #8260896 2016.02.03 18:13:12 sell 0.01 EURUSD 1.10948 1.11405 1.10552 1.11258 0.00 0.00 -2.12 | spread: 2.8 31381
0	19:05:47.074	EA31337 EURUSD,M1: ExecuteOrder(): MarketInfo: Symbol: EURUSD; Ask: 1.11428; Bid: 1.11402; Spread: 26 points = 2.6 pips; 
2	19:05:50.540	EA31337 EURUSD,M1: open #8261516 buy 0.01 EURUSD at 1.11414 sl: 1.11002 tp: 1.11504 ok
0	19:05:50.540	EA31337 EURUSD,M1: #8261516 2016.02.03 19:05:40 buy 0.01 EURUSD 1.11414 1.11002 1.11504 1.11387 0.00 0.00 -0.19 | spread: 3.0 31350
0	19:05:50.540	EA31337 EURUSD,M1: ExecuteOrder(): Order Details: Ticket: 8261516; Time: 2016.02.03 19:03:15; Comment: | spread: 3.0; Commision: 0; Symbol: EURUSD; Type: Buy; Expiration: 0; Open Price: 1.11414; Close Price: 1.11387; Take Profit: -0.19; Stop Loss: 1.11; Swap: 0; Lot size: 0.01; Account Details: Time: 2016.02.03 19:03:15; Account Balance: ý33.36; Account Equity: ý33.17; Used Margin: ý9.00; Free Margin: ý24.17; No of Orders: 1 (BUY/SELL: 1/0); Risk Ratio: 1.0
0	19:06:26.825	EA31337 EURUSD,M1: ExecuteOrder(): MarketInfo: Symbol: EURUSD; Ask: 1.11430; Bid: 1.11403; Spread: 27 points = 2.7 pips; 
2	19:06:27.607	EA31337 EURUSD,M1: open #8261525 buy 0.01 EURUSD at 1.11430 sl: 1.11003 tp: 1.11830 ok
0	19:06:27.607	EA31337 EURUSD,M1: #8261525 2016.02.03 19:06:17 buy 0.01 EURUSD 1.11430 1.11003 1.11830 1.11404 0.00 0.00 -0.17 | spread: 3.0 31364
0	19:06:27.607	EA31337 EURUSD,M1: ExecuteOrder(): Order Details: Ticket: 8261525; Time: 2016.02.03 19:03:15; Comment: | spread: 3.0; Commision: 0; Symbol: EURUSD; Type: Buy; Expiration: 0; Open Price: 1.11430; Close Price: 1.11404; Take Profit: -0.17; Stop Loss: 1.11; Swap: 0; Lot size: 0.01; Account Details: Time: 2016.02.03 19:03:15; Account Balance: ý33.36; Account Equity: ý33.13; Used Margin: ý18.00; Free Margin: ý15.13; No of Orders: 2 (BUY/SELL: 2/0); Risk Ratio: 1.0
0	19:06:43.944	EA31337 EURUSD,M1: OpenOrderIsAllowed(): Maximum open and pending orders reached the limit (MaxOrders).
0	19:12:41.076	EA31337 EURUSD,M1: TaskProcessList(): Processed 1 jobs (0 run, 1 failed (0 removed)).
2	19:17:59.046	EA31337 EURUSD,M1: modify #8261516 buy 0.01 EURUSD at 1.11414 sl: 1.11002 tp: 1.11525 ok
0	19:17:59.046	EA31337 EURUSD,M1: TaskProcessList(): Processed 1 jobs (0 run, 1 failed (0 removed)).
2	19:24:19.592	EA31337 EURUSD,M1: modify #8261516 buy 0.01 EURUSD at 1.11414 sl: 1.11002 tp: 1.11534 ok
0	19:24:19.592	EA31337 EURUSD,M1: TaskProcessList(): Processed 1 jobs (0 run, 1 failed (0 removed)).
0	19:31:27.599	EA31337 EURUSD,M1: TaskProcessList(): Processed 1 jobs (0 run, 1 failed (0 removed)).
0	19:31:52.415	EA31337 EURUSD,M1: ExecuteOrder(): MarketInfo: Symbol: EURUSD; Ask: 1.10903; Bid: 1.10874; Spread: 29 points = 2.9 pips; 
0	19:32:13.185	EA31337 EURUSD,M1: ExecuteOrder(): OrderSend(): error = invalid price
0	19:32:13.185	EA31337 EURUSD,M1: Error: OrderSend(EURUSD, 1, 0.010000, 1.108740, 50.000000, 1.113030, 0.000000, | spread: 2.6, 31349, 0, 0)
0	19:32:13.185	EA31337 EURUSD,M1: ExecuteOrder(): Account Details: Time: 2016.02.03 19:31:25; Account Balance: ý27.62; Account Equity: ý27.62; Used Margin: ý0.00; Free Margin: ý27.62; No of Orders: 0 (BUY/SELL: 0/0); Risk Ratio: 1.0
0	19:32:13.185	EA31337 EURUSD,M1: ExecuteOrder(): MarketInfo: Symbol: EURUSD; Ask: 1.10903; Bid: 1.10874; Spread: 28 points = 2.9 pips; 
0	19:32:13.185	EA31337 EURUSD,M1: #8261525 2016.02.03 19:06:17 buy 0.01 EURUSD 1.11430 1.11003 1.11830 1.11081 0.00 0.00 -2.39 | spread: 3.0 31364
0	19:32:13.213	EA31337 EURUSD,M1: ExecuteOrder(): MarketInfo: Symbol: EURUSD; Ask: 1.10885; Bid: 1.10857; Spread: 28 points = 2.8 pips; 
0	19:32:22.788	EA31337 EURUSD,M1: ExecuteOrder(): OrderSend(): error = invalid price
0	19:32:22.788	EA31337 EURUSD,M1: Error: OrderSend(EURUSD, 0, 0.010000, 1.108850, 50.000000, 1.104570, 1.115360, | spread: 2.6, 31350, 0, 0)
0	19:32:22.788	EA31337 EURUSD,M1: ExecuteOrder(): Account Details: Time: 2016.02.03 19:31:25; Account Balance: ý27.62; Account Equity: ý27.62; Used Margin: ý0.00; Free Margin: ý27.62; No of Orders: 0 (BUY/SELL: 0/0); Risk Ratio: 1.0
0	19:32:22.788	EA31337 EURUSD,M1: ExecuteOrder(): MarketInfo: Symbol: EURUSD; Ask: 1.10885; Bid: 1.10857; Spread: 26 points = 2.8 pips; 
0	19:32:22.788	EA31337 EURUSD,M1: #8261525 2016.02.03 19:06:17 buy 0.01 EURUSD 1.11430 1.11003 1.11830 1.11081 0.00 0.00 -2.39 | spread: 3.0 31364
0	19:32:32.576	EA31337 EURUSD,M1: ExecuteOrder(): MarketInfo: Symbol: EURUSD; Ask: 1.10892; Bid: 1.10870; Spread: 22 points = 2.2 pips; 
2	19:32:32.933	EA31337 EURUSD,M1: open #8261809 sell 0.01 EURUSD at 1.10870 sl: 1.11292 tp: 1.10470 ok
0	19:32:32.933	EA31337 EURUSD,M1: #8261809 2016.02.03 19:32:22 sell 0.01 EURUSD 1.10870 1.11292 1.10470 1.10892 0.00 0.00 -0.15 | spread: 2.6 31361
0	19:32:32.933	EA31337 EURUSD,M1: ExecuteOrder(): Order Details: Ticket: 8261809; Time: 2016.02.03 19:31:25; Comment: | spread: 2.6; Commision: 0; Symbol: EURUSD; Type: Sell; Expiration: 0; Open Price: 1.10870; Close Price: 1.10892; Take Profit: -0.15; Stop Loss: 1.1129; Swap: 0; Lot size: 0.01; Account Details: Time: 2016.02.03 19:31:25; Account Balance: ý27.62; Account Equity: ý27.47; Used Margin: ý9.00; Free Margin: ý18.47; No of Orders: 1 (BUY/SELL: 0/1); Risk Ratio: 1.0
0	19:34:14.462	EA31337 EURUSD,M1: ExecuteOrder(): MarketInfo: Symbol: EURUSD; Ask: 1.10987; Bid: 1.10962; Spread: 25 points = 2.5 pips; 
2	19:34:15.212	EA31337 EURUSD,M1: open #8261823 sell 0.01 EURUSD at 1.10963 sl: 1.11387 tp: 1.10562 ok
0	19:34:15.212	EA31337 EURUSD,M1: #8261823 2016.02.03 19:34:05 sell 0.01 EURUSD 1.10963 1.11387 1.10562 1.10990 0.00 0.00 -0.19 | spread: 2.6 31383
0	19:34:15.212	EA31337 EURUSD,M1: ExecuteOrder(): Order Details: Ticket: 8261823; Time: 2016.02.03 19:31:25; Comment: | spread: 2.6; Commision: 0; Symbol: EURUSD; Type: Sell; Expiration: 0; Open Price: 1.10963; Close Price: 1.10990; Take Profit: -0.19; Stop Loss: 1.1139; Swap: 0; Lot size: 0.01; Account Details: Time: 2016.02.03 19:31:25; Account Balance: ý27.62; Account Equity: ý26.61; Used Margin: ý18.00; Free Margin: ý8.61; No of Orders: 2 (BUY/SELL: 0/2); Risk Ratio: 1.0
0	19:34:33.951	EA31337 EURUSD,M1: OpenOrderIsAllowed(): Maximum open and pending orders reached the limit (MaxOrders).
0	19:37:44.951	EA31337 EURUSD,M1: TaskProcessList(): Processed 2 jobs (0 run, 2 failed (0 removed)).
2	19:43:11.033	EA31337 EURUSD,M1: modify #8261823 sell 0.01 EURUSD at 1.10963 sl: 1.11387 tp: 1.10549 ok
0	19:43:11.102	EA31337 EURUSD,M1: TaskProcessList(): Processed 2 jobs (0 run, 2 failed (1 removed)).
2	19:50:12.032	EA31337 EURUSD,M1: modify #8261809 sell 0.01 EURUSD at 1.10870 sl: 1.11292 tp: 1.10445 ok
2	19:50:12.259	EA31337 EURUSD,M1: modify #8261823 sell 0.01 EURUSD at 1.10963 sl: 1.11387 tp: 1.10445 ok
0	19:50:12.259	EA31337 EURUSD,M1: TaskProcessList(): Processed 1 jobs (0 run, 1 failed (0 removed)).
2	19:58:01.306	EA31337 EURUSD,M1: modify #8261809 sell 0.01 EURUSD at 1.10870 sl: 1.11292 tp: 1.10428 ok
2	19:58:01.505	EA31337 EURUSD,M1: modify #8261823 sell 0.01 EURUSD at 1.10963 sl: 1.11387 tp: 1.10428 ok
0	19:58:01.505	EA31337 EURUSD,M1: TaskProcessList(): Processed 1 jobs (0 run, 1 failed (0 removed)).
0	20:03:41.574	EA31337 EURUSD,M1: TaskProcessList(): Processed 1 jobs (0 run, 1 failed (0 removed)).
0	20:03:42.223	EA31337 EURUSD,M1: == New hour: 20
2	20:09:58.891	EA31337 EURUSD,M1: modify #8261809 sell 0.01 EURUSD at 1.10870 sl: 1.11292 tp: 1.10409 ok
2	20:09:59.086	EA31337 EURUSD,M1: modify #8261823 sell 0.01 EURUSD at 1.10963 sl: 1.11387 tp: 1.10409 ok
0	20:10:15.481	EA31337 EURUSD,M1: TaskProcessList(): Processed 1 jobs (0 run, 1 failed (1 removed)).
0	21:02:22.236	EA31337 EURUSD,M1: == New hour: 21
0	22:01:17.070	EA31337 EURUSD,M1: == New hour: 22
0	22:01:20.927	EA31337 EURUSD,M1: OpenOrderIsAllowed(): Maximum open and pending orders reached the limit (MaxOrders).
0	22:01:21.381	EA31337 EURUSD,M1: OpenOrderIsAllowed(): Maximum open and pending orders reached the limit (MaxOrders).
0	22:01:21.381	EA31337 EURUSD,M1: OpenOrderIsAllowed(): Maximum open and pending orders reached the limit (MaxOrders).
0	22:01:21.410	EA31337 EURUSD,M1: OpenOrderIsAllowed(): Maximum open and pending orders reached the limit (MaxOrders).
0	22:08:18.597	EA31337 EURUSD,M1: OpenOrderIsAllowed(): Maximum open and pending orders reached the limit (MaxOrders).
2	22:33:00.866	EA31337 EURUSD,M1: modify #8261809 sell 0.01 EURUSD at 1.10870 sl: 1.11292 tp: 1.10400 ok
2	22:33:01.320	EA31337 EURUSD,M1: modify #8261823 sell 0.01 EURUSD at 1.10963 sl: 1.11387 tp: 1.10400 ok
2	22:37:21.380	EA31337 EURUSD,M1: modify #8261809 sell 0.01 EURUSD at 1.10870 sl: 1.11292 tp: 1.10380 ok
2	22:37:22.354	EA31337 EURUSD,M1: modify #8261823 sell 0.01 EURUSD at 1.10963 sl: 1.11387 tp: 1.10377 ok
0	23:05:30.919	EA31337 EURUSD,M1: == New hour: 23
