0	00:05:40.025	EA31337 EURUSD,M1: == New hour: 0
0	00:05:43.342	EA31337 EURUSD,M1: == New day (day of month: 9; day of year: 40) ==
0	00:05:43.342	EA31337 EURUSD,M1: Daily max: Tick: 4; Spread: 31; Max orders: 1; Loss: 0; Profit: 0; Equity: 22.3; Balance: 22.11; 
0	00:05:43.342	EA31337 EURUSD,M1: Daily SAR stats: Period: 0, Buy: 159 / Sell: 114; Period: 1, Buy: 73 / Sell: 71; Period: 2, Buy: 124 / Sell: 149; Period: 3, Buy: 205 / Sell: 68; Period: 4, Buy: 0 / Sell: 0; Period: 5, Buy: 0 / Sell: 0; Period: 6, Buy: 0 / Sell: 0; Period: 7, Buy: 0 / Sell: 0; Period: 8, Buy: 0 / Sell: 0; 
0	00:05:43.342	EA31337 EURUSD,M1: Daily strategy stats: 
0	01:04:31.183	EA31337 EURUSD,M1: == New hour: 1
0	02:00:25.512	EA31337 EURUSD,M1: == New hour: 2
0	03:03:38.821	EA31337 EURUSD,M1: == New hour: 3
0	04:00:28.763	EA31337 EURUSD,M1: == New hour: 4
0	04:56:06.509	EA31337 EURUSD,M1: OpenOrderIsAllowed(): Maximum open and pending orders reached the limit (MaxOrders).
0	05:03:15.360	EA31337 EURUSD,M1: == New hour: 5
0	06:04:10.800	EA31337 EURUSD,M1: == New hour: 6
0	07:03:20.658	EA31337 EURUSD,M1: == New hour: 7
0	08:01:25.511	EA31337 EURUSD,M1: == New hour: 8
0	09:01:24.667	EA31337 EURUSD,M1: == New hour: 9
0	10:05:24.655	EA31337 EURUSD,M1: == New hour: 10
0	11:06:23.580	EA31337 EURUSD,M1: == New hour: 11
0	12:00:27.115	EA31337 EURUSD,M1: == New hour: 12
0	13:03:19.970	EA31337 EURUSD,M1: == New hour: 13
0	14:09:48.083	EA31337 EURUSD,M1: == New hour: 14
0	15:01:10.615	EA31337 EURUSD,M1: == New hour: 15
0	16:02:27.847	EA31337 EURUSD,M1: == New hour: 16
0	17:08:19.131	EA31337 EURUSD,M1: == New hour: 17
0	18:04:11.370	EA31337 EURUSD,M1: == New hour: 18
0	19:02:14.471	EA31337 EURUSD,M1: == New hour: 19
0	20:02:12.243	EA31337 EURUSD,M1: == New hour: 20
0	21:04:03.011	EA31337 EURUSD,M1: == New hour: 21
0	22:02:40.173	EA31337 EURUSD,M1: == New hour: 22
0	22:09:47.419	EA31337 EURUSD,M1: OpenOrderIsAllowed(): Maximum open and pending orders reached the limit (MaxOrders).
0	22:09:47.419	EA31337 EURUSD,M1: OpenOrderIsAllowed(): Maximum open and pending orders reached the limit (MaxOrders).
0	22:09:47.419	EA31337 EURUSD,M1: OpenOrderIsAllowed(): Maximum open and pending orders reached the limit (MaxOrders).
0	22:09:47.419	EA31337 EURUSD,M1: OpenOrderIsAllowed(): Maximum open and pending orders reached the limit (MaxOrders).
0	22:14:36.454	EA31337 EURUSD,M1: OpenOrderIsAllowed(): Maximum open and pending orders reached the limit (MaxOrders).
0	22:14:36.454	EA31337 EURUSD,M1: OpenOrderIsAllowed(): Maximum open and pending orders reached the limit (MaxOrders).
0	23:03:56.596	EA31337 EURUSD,M1: == New hour: 23
